pgloadind OTUs number 40
pgloadind Processing tree @id "2058"
pgloadind   tree info number nodes 78
pgloadind   tree info number edges 77
pgloadind   tree info ingroup "node516106"
pgloadind   Setting ingroup root node.
pgloadind   Ingested tree number of external nodes 38
pgloadind   property added ot:studyPublicationReference "Yang Y., Yang E., An Z., & Liu X. 2007. Evolution of nematode-trapping cells of predatory fungi of the Orbiliaceae (Ascomycotina): evidence from rDNA and multiprotein sequences. Proceedings of the National Academy of Sciences of the United States of America, vol. 104 no. 20, 8379–8384"
pgloadind   property added ot:studyPublication "http://dx.doi.org/10.1073/pnas.0702770104"
pgloadind   property added ot:curatorName "Romina Gazis"
pgloadind   property added ot:dataDeposit "http://purl.org/phylo/treebase/phylows/study/TB2:S1790"
pgloadind   property added ot:studyId "1064"
pgloadind   property added ot:studyYear "2007"
pgloadind   property added ot:focalClade "293786"
pgloadind   property added ot:focalCladeOTTTaxonName "Orbiliaceae"
pgloadind   property added ot:inGroupClade "node516106"
pgloadind   property added ot:curatedType "MP, ITS"
pgloadind Processing tree @id "2059"
pgloadind   tree info number nodes 79
pgloadind   tree info number edges 78
pgloadind   tree info ingroup "node516185"
pgloadind   Setting ingroup root node.
pgloadind   Ingested tree number of external nodes 38
pgloadind   property added ot:studyPublicationReference "Yang Y., Yang E., An Z., & Liu X. 2007. Evolution of nematode-trapping cells of predatory fungi of the Orbiliaceae (Ascomycotina): evidence from rDNA and multiprotein sequences. Proceedings of the National Academy of Sciences of the United States of America, vol. 104 no. 20, 8379–8384"
pgloadind   property added ot:studyPublication "http://dx.doi.org/10.1073/pnas.0702770104"
pgloadind   property added ot:curatorName "Romina Gazis"
pgloadind   property added ot:dataDeposit "http://purl.org/phylo/treebase/phylows/study/TB2:S1790"
pgloadind   property added ot:studyId "1064"
pgloadind   property added ot:studyYear "2007"
pgloadind   property added ot:focalClade "293786"
pgloadind   property added ot:focalCladeOTTTaxonName "Orbiliaceae"
pgloadind   property added ot:inGroupClade "node516185"
pgloadind   property added ot:tag "Choose me"
pgloadind   property added ot:curatedType "ML, ITS + EF-1 + b-tubulin"
pgloadind Processing tree @id "2060"
pgloadind   tree info number nodes 78
pgloadind   tree info number edges 77
pgloadind   tree info ingroup "node516263"
pgloadind   Setting ingroup root node.
pgloadind   Ingested tree number of external nodes 38
pgloadind   property added ot:studyPublicationReference "Yang Y., Yang E., An Z., & Liu X. 2007. Evolution of nematode-trapping cells of predatory fungi of the Orbiliaceae (Ascomycotina): evidence from rDNA and multiprotein sequences. Proceedings of the National Academy of Sciences of the United States of America, vol. 104 no. 20, 8379–8384"
pgloadind   property added ot:studyPublication "http://dx.doi.org/10.1073/pnas.0702770104"
pgloadind   property added ot:curatorName "Romina Gazis"
pgloadind   property added ot:dataDeposit "http://purl.org/phylo/treebase/phylows/study/TB2:S1790"
pgloadind   property added ot:studyId "1064"
pgloadind   property added ot:studyYear "2007"
pgloadind   property added ot:focalClade "293786"
pgloadind   property added ot:focalCladeOTTTaxonName "Orbiliaceae"
pgloadind   property added ot:inGroupClade "node516263"
pgloadind   property added ot:curatedType "MP, ITS + EF-1 + b-tubulin"
loading a specific tree: 2059
skipping tree: 2058
skipping tree: 2060
pgloadind conducting TNRS on trees
pgloadind   name fixing on tree tree id "2059"
pgloadind     OTT ID missing name "Dactylellina querci" nexsonid "node516239"
pgloadind   TNRS unmatched total number 0
pgloadind     TNRS resolved ottId OTT ID 776525 name "Orbilia querci" searched on "Dactylellina querci" nexsonid "node516239"
pgloadind     OTT ID reused in tree
pgloadind       duplicate name "Dactylellina cionopaga" nexsonid "node516222"
pgloadind       duplicate OTT ID 132803
pgloadind     OTT ID reused in tree
pgloadind       duplicate name "Dactylellina cionopaga" nexsonid "node516224"
pgloadind       duplicate OTT ID 132803
pgloadind     OTT ID reused in tree
pgloadind       duplicate name "Dactylellina cionopaga" nexsonid "node516225"
pgloadind       duplicate OTT ID 132803
pgloadind     OTT ID reused in tree
pgloadind       duplicate name "Gamsylella gephyropaga" nexsonid "node516232"
pgloadind       duplicate OTT ID 327520
pgloadind     OTT ID reused in tree
pgloadind       duplicate name "Monacrosporium drechsleri" nexsonid "node516252"
pgloadind       duplicate OTT ID 535927
pgloadind     OTT ID reused in tree
pgloadind       duplicate name "Dactylellina haptotyla" nexsonid "node516259"
pgloadind       duplicate OTT ID 889021
pgloadind     overlapping tips
pgloadind       overlapping retained name "Dactylellina cionopaga" nexsonid "node516221"
pgloadind       overlapping pruned name "Dactylellina" nexsonid "node516242"
pgloadind     pruning dups and overlapping name "Monacrosporium drechsleri" nexsonid "node516252"
pgloadind     pruning dups and overlapping name "Dactylellina cionopaga" nexsonid "node516222"
pgloadind     pruning dups and overlapping name "Dactylellina haptotyla" nexsonid "node516259"
pgloadind     pruning dups and overlapping name "Dactylellina" nexsonid "node516242"
pgloadind     pruning dups and overlapping name "Dactylellina cionopaga" nexsonid "node516224"
pgloadind     pruning dups and overlapping name "Gamsylella gephyropaga" nexsonid "node516232"
pgloadind     pruning dups and overlapping name "Dactylellina cionopaga" nexsonid "node516225"
pgloadind   postpruning newick tree "((((Arthrobotrys_dactyloides,Arthrobotrys_brochopaga),Drechslerella_stenobrocha),Drechslerella_coelobrocha),((((Arthrobotrys_anomala,(Arthrobotrys_iridis,Arthrobotrys_sinensis)),((Arthrobotrys_musiformis,(Arthrobotrys_pseudoclavata,(Arthrobotrys_oligospora,Arthrobotrys_conoides))),Arthrobotrys_vermicola)),((Monacrosporium_janus,(Arthrobotrys_thaumasia,Arthrobotrys_eudermata)),Arthrobotrys_pyriformis)),((((Gamsylella_robusta,Dactylellina_arcuata),Gamsylella_gephyropaga),Dactylellina_cionopaga),(((Dactylellina_parvicolle,Gamsylella_phymatopaga),(Dactylellina_querci,Dactylellina_haptospora)),((((Arthrobotrys_entomopaga,Dactylella_mammillata),(Dactylellina_ellipsospora,Monacrosporium_drechsleri)),Dactylella_copepodii),(Dactylella_leptospora,Dactylellina_haptotyla))))))"
pgloadind   taxon mapping summary
pgloadind     taxon mapping OTT ID 936535 taxonomy "Arthrobotrys dactyloides->Arthrobotrys->Orbiliaceae->Orbiliales->Orbiliomycetidae->Orbiliomycetes->Pezizomycotina->saccharomyceta->Ascomycota->Dikarya->Fungi->Nucletmycea->Opisthokonta->Eukaryota->cellular organisms->life" nexsonid "node516189"
pgloadind     taxon mapping OTT ID 808913 taxonomy "Arthrobotrys brochopaga->Arthrobotrys->Orbiliaceae->Orbiliales->Orbiliomycetidae->Orbiliomycetes->Pezizomycotina->saccharomyceta->Ascomycota->Dikarya->Fungi->Nucletmycea->Opisthokonta->Eukaryota->cellular organisms->life" nexsonid "node516190"
pgloadind     taxon mapping OTT ID 342907 taxonomy "Drechslerella stenobrocha->Drechslerella->Orbiliaceae->Orbiliales->Orbiliomycetidae->Orbiliomycetes->Pezizomycotina->saccharomyceta->Ascomycota->Dikarya->Fungi->Nucletmycea->Opisthokonta->Eukaryota->cellular organisms->life" nexsonid "node516191"
pgloadind     taxon mapping OTT ID 342910 taxonomy "Drechslerella coelobrocha->Drechslerella->Orbiliaceae->Orbiliales->Orbiliomycetidae->Orbiliomycetes->Pezizomycotina->saccharomyceta->Ascomycota->Dikarya->Fungi->Nucletmycea->Opisthokonta->Eukaryota->cellular organisms->life" nexsonid "node516192"
pgloadind     taxon mapping OTT ID 4085311 taxonomy "Arthrobotrys anomala->Arthrobotrys->Orbiliaceae->Orbiliales->Orbiliomycetidae->Orbiliomycetes->Pezizomycotina->saccharomyceta->Ascomycota->Dikarya->Fungi->Nucletmycea->Opisthokonta->Eukaryota->cellular organisms->life" nexsonid "node516197"
pgloadind     taxon mapping OTT ID 867581 taxonomy "Arthrobotrys iridis->Arthrobotrys->Orbiliaceae->Orbiliales->Orbiliomycetidae->Orbiliomycetes->Pezizomycotina->saccharomyceta->Ascomycota->Dikarya->Fungi->Nucletmycea->Opisthokonta->Eukaryota->cellular organisms->life" nexsonid "node516199"
pgloadind     taxon mapping OTT ID 867585 taxonomy "Arthrobotrys sinensis->Arthrobotrys->Orbiliaceae->Orbiliales->Orbiliomycetidae->Orbiliomycetes->Pezizomycotina->saccharomyceta->Ascomycota->Dikarya->Fungi->Nucletmycea->Opisthokonta->Eukaryota->cellular organisms->life" nexsonid "node516200"
pgloadind     taxon mapping OTT ID 808920 taxonomy "Arthrobotrys musiformis->Arthrobotrys->Orbiliaceae->Orbiliales->Orbiliomycetidae->Orbiliomycetes->Pezizomycotina->saccharomyceta->Ascomycota->Dikarya->Fungi->Nucletmycea->Opisthokonta->Eukaryota->cellular organisms->life" nexsonid "node516203"
pgloadind     taxon mapping OTT ID 867582 taxonomy "Arthrobotrys pseudoclavata->Arthrobotrys->Orbiliaceae->Orbiliales->Orbiliomycetidae->Orbiliomycetes->Pezizomycotina->saccharomyceta->Ascomycota->Dikarya->Fungi->Nucletmycea->Opisthokonta->Eukaryota->cellular organisms->life" nexsonid "node516205"
pgloadind     taxon mapping OTT ID 776710 taxonomy "Arthrobotrys oligospora->Arthrobotrys->Orbiliaceae->Orbiliales->Orbiliomycetidae->Orbiliomycetes->Pezizomycotina->saccharomyceta->Ascomycota->Dikarya->Fungi->Nucletmycea->Opisthokonta->Eukaryota->cellular organisms->life" nexsonid "node516207"
pgloadind     taxon mapping OTT ID 936537 taxonomy "Arthrobotrys conoides->Arthrobotrys->Orbiliaceae->Orbiliales->Orbiliomycetidae->Orbiliomycetes->Pezizomycotina->saccharomyceta->Ascomycota->Dikarya->Fungi->Nucletmycea->Opisthokonta->Eukaryota->cellular organisms->life" nexsonid "node516208"
pgloadind     taxon mapping OTT ID 808915 taxonomy "Arthrobotrys vermicola->Arthrobotrys->Orbiliaceae->Orbiliales->Orbiliomycetidae->Orbiliomycetes->Pezizomycotina->saccharomyceta->Ascomycota->Dikarya->Fungi->Nucletmycea->Opisthokonta->Eukaryota->cellular organisms->life" nexsonid "node516209"
pgloadind     taxon mapping OTT ID 466556 taxonomy "Monacrosporium janus->Arthrobotrys->Orbiliaceae->Orbiliales->Orbiliomycetidae->Orbiliomycetes->Pezizomycotina->saccharomyceta->Ascomycota->Dikarya->Fungi->Nucletmycea->Opisthokonta->Eukaryota->cellular organisms->life" nexsonid "node516212"
pgloadind     taxon mapping OTT ID 427688 taxonomy "Arthrobotrys thaumasia->Arthrobotrys->Orbiliaceae->Orbiliales->Orbiliomycetidae->Orbiliomycetes->Pezizomycotina->saccharomyceta->Ascomycota->Dikarya->Fungi->Nucletmycea->Opisthokonta->Eukaryota->cellular organisms->life" nexsonid "node516214"
pgloadind     taxon mapping OTT ID 327519 taxonomy "Arthrobotrys eudermata->Arthrobotrys->Orbiliaceae->Orbiliales->Orbiliomycetidae->Orbiliomycetes->Pezizomycotina->saccharomyceta->Ascomycota->Dikarya->Fungi->Nucletmycea->Opisthokonta->Eukaryota->cellular organisms->life" nexsonid "node516215"
pgloadind     taxon mapping OTT ID 116700 taxonomy "Arthrobotrys pyriformis->Arthrobotrys->Orbiliaceae->Orbiliales->Orbiliomycetidae->Orbiliomycetes->Pezizomycotina->saccharomyceta->Ascomycota->Dikarya->Fungi->Nucletmycea->Opisthokonta->Eukaryota->cellular organisms->life" nexsonid "node516216"
pgloadind     taxon mapping OTT ID 610338 taxonomy "Gamsylella robusta->Gamsylella->Orbiliaceae->Orbiliales->Orbiliomycetidae->Orbiliomycetes->Pezizomycotina->saccharomyceta->Ascomycota->Dikarya->Fungi->Nucletmycea->Opisthokonta->Eukaryota->cellular organisms->life" nexsonid "node516228"
pgloadind     taxon mapping OTT ID 610341 taxonomy "Dactylellina arcuata->Dactylellina->Orbiliaceae->Orbiliales->Orbiliomycetidae->Orbiliomycetes->Pezizomycotina->saccharomyceta->Ascomycota->Dikarya->Fungi->Nucletmycea->Opisthokonta->Eukaryota->cellular organisms->life" nexsonid "node516229"
pgloadind     taxon mapping OTT ID 327520 taxonomy "Gamsylella gephyropaga->Gamsylella->Orbiliaceae->Orbiliales->Orbiliomycetidae->Orbiliomycetes->Pezizomycotina->saccharomyceta->Ascomycota->Dikarya->Fungi->Nucletmycea->Opisthokonta->Eukaryota->cellular organisms->life" nexsonid "node516231"
pgloadind     taxon mapping OTT ID 132803 taxonomy "Dactylellina cionopaga->Dactylellina->Orbiliaceae->Orbiliales->Orbiliomycetidae->Orbiliomycetes->Pezizomycotina->saccharomyceta->Ascomycota->Dikarya->Fungi->Nucletmycea->Opisthokonta->Eukaryota->cellular organisms->life" nexsonid "node516221"
pgloadind     taxon mapping OTT ID 863508 taxonomy "Dactylellina parvicolle->Dactylellina->Orbiliaceae->Orbiliales->Orbiliomycetidae->Orbiliomycetes->Pezizomycotina->saccharomyceta->Ascomycota->Dikarya->Fungi->Nucletmycea->Opisthokonta->Eukaryota->cellular organisms->life" nexsonid "node516236"
pgloadind     taxon mapping OTT ID 5302838 taxonomy "Gamsylella phymatopaga->Gamsylella->Orbiliaceae->Orbiliales->Orbiliomycetidae->Orbiliomycetes->Pezizomycotina->saccharomyceta->Ascomycota->Dikarya->Fungi->Nucletmycea->Opisthokonta->Eukaryota->cellular organisms->life" nexsonid "node516237"
pgloadind     taxon mapping OTT ID 776525 taxonomy "Orbilia querci->Orbilia->Orbiliaceae->Orbiliales->Orbiliomycetidae->Orbiliomycetes->Pezizomycotina->saccharomyceta->Ascomycota->Dikarya->Fungi->Nucletmycea->Opisthokonta->Eukaryota->cellular organisms->life" nexsonid "node516239"
pgloadind     taxon mapping OTT ID 808922 taxonomy "Dactylellina haptospora->Dactylellina->Orbiliaceae->Orbiliales->Orbiliomycetidae->Orbiliomycetes->Pezizomycotina->saccharomyceta->Ascomycota->Dikarya->Fungi->Nucletmycea->Opisthokonta->Eukaryota->cellular organisms->life" nexsonid "node516240"
pgloadind     taxon mapping OTT ID 610343 taxonomy "Arthrobotrys entomopaga->Arthrobotrys->Orbiliaceae->Orbiliales->Orbiliomycetidae->Orbiliomycetes->Pezizomycotina->saccharomyceta->Ascomycota->Dikarya->Fungi->Nucletmycea->Opisthokonta->Eukaryota->cellular organisms->life" nexsonid "node516247"
pgloadind     taxon mapping OTT ID 1077087 taxonomy "Dactylella mammillata->Dactylella->Orbiliaceae->Orbiliales->Orbiliomycetidae->Orbiliomycetes->Pezizomycotina->saccharomyceta->Ascomycota->Dikarya->Fungi->Nucletmycea->Opisthokonta->Eukaryota->cellular organisms->life" nexsonid "node516248"
pgloadind     taxon mapping OTT ID 342904 taxonomy "Dactylellina ellipsospora->Dactylellina->Orbiliaceae->Orbiliales->Orbiliomycetidae->Orbiliomycetes->Pezizomycotina->saccharomyceta->Ascomycota->Dikarya->Fungi->Nucletmycea->Opisthokonta->Eukaryota->cellular organisms->life" nexsonid "node516253"
pgloadind     taxon mapping OTT ID 535927 taxonomy "Monacrosporium drechsleri->Arthrobotrys->Orbiliaceae->Orbiliales->Orbiliomycetidae->Orbiliomycetes->Pezizomycotina->saccharomyceta->Ascomycota->Dikarya->Fungi->Nucletmycea->Opisthokonta->Eukaryota->cellular organisms->life" nexsonid "node516251"
pgloadind     taxon mapping OTT ID 757922 taxonomy "Dactylella copepodii->Dactylella->Orbiliaceae->Orbiliales->Orbiliomycetidae->Orbiliomycetes->Pezizomycotina->saccharomyceta->Ascomycota->Dikarya->Fungi->Nucletmycea->Opisthokonta->Eukaryota->cellular organisms->life" nexsonid "node516254"
pgloadind     taxon mapping OTT ID 427683 taxonomy "Dactylella leptospora->Dactylella->Orbiliaceae->Orbiliales->Orbiliomycetidae->Orbiliomycetes->Pezizomycotina->saccharomyceta->Ascomycota->Dikarya->Fungi->Nucletmycea->Opisthokonta->Eukaryota->cellular organisms->life" nexsonid "node516256"
pgloadind     taxon mapping OTT ID 889021 taxonomy "Dactylellina haptotyla->Dactylellina->Orbiliaceae->Orbiliales->Orbiliomycetidae->Orbiliomycetes->Pezizomycotina->saccharomyceta->Ascomycota->Dikarya->Fungi->Nucletmycea->Opisthokonta->Eukaryota->cellular organisms->life" nexsonid "node516258"
done fixing name
pgloadind Finished with attempts to fix names
pgloadind   Checking for uniqueness of OTT IDs tree id "2059"
pgloadind   Adding tree to graph tree id "2059"
all trees have all taxa: false
	using bipartition technique
attempting to remap tips to deepest exemplified taxa
	Dactylellina querci was remapped to 'Orbilia' (id=233294)
this is the ROOT
placing root in index
Dealing with metadata property: id
Dealing with metadata property: ot:studyPublicationReference
Adding property 'ot:studyPublicationReference': Yang Y., Yang E., An Z., & Liu X. 2007. Evolution of nematode-trapping cells of predatory fungi of the Orbiliaceae (Ascomycotina): evidence from rDNA and multiprotein sequences. Proceedings of the National Academy of Sciences of the United States of America, vol. 104 no. 20, 8379–8384
Dealing with metadata property: ot:focalCladeOTTTaxonName
Adding property 'ot:focalCladeOTTTaxonName': Orbiliaceae
Dealing with metadata property: ot:studyYear
Adding property 'ot:studyYear': 2007
Dealing with metadata property: ot:inGroupClade
Adding property 'ot:inGroupClade': node516185
Dealing with metadata property: ot:tag
Adding property 'ot:tag': Choose me
Dealing with metadata property: ot:curatorName
Adding property 'ot:curatorName': Romina Gazis
Dealing with metadata property: ot:studyPublication
Adding property 'ot:studyPublication': http://dx.doi.org/10.1073/pnas.0702770104
Dealing with metadata property: ot:focalClade
Adding property 'ot:focalClade': 293786
Dealing with metadata property: ot:curatedType
Adding property 'ot:curatedType': ML, ITS + EF-1 + b-tubulin
Dealing with metadata property: ot:studyId
Adding property 'ot:studyId': 1064
Dealing with metadata property: ot:dataDeposit
Adding property 'ot:dataDeposit': http://purl.org/phylo/treebase/phylows/study/TB2:S1790
Committing nodes: 61
