pgloadind OTUs number 57
pgloadind Processing tree @id "2637"
pgloadind   tree info number nodes 75
pgloadind   tree info number edges 74
pgloadind   Ingested tree number of external nodes 46
pgloadind   property added ot:studyPublicationReference "Minnis A.M., Kennedy A.H., Grenier D.B., Palm M., & Rossman A. 2012. Phylogeny and taxonomic revision of the Plainistromellaceae including its coelomycetous anamorphs: contributions towards a monograph of the genus Kellermania. Persoonia: Molecular Phylogeny and Evolution of Fungi, 29: 11-28."
pgloadind   property added ot:curatorName "Romina Gazis"
pgloadind   property added ot:dataDeposit "http://purl.org/phylo/treebase/phylows/study/TB2:S13234"
pgloadind   property added ot:studyId "1322"
pgloadind   property added ot:studyYear "2012"
pgloadind   property added ot:focalClade "641496"
pgloadind   property added ot:focalCladeOTTTaxonName "Botryosphaeriales"
pgloadind   property added ot:curatedType "BI, ITS + SSU + LSU"
pgloadind Processing tree @id "2638"
pgloadind   tree info number nodes 30
pgloadind   tree info number edges 29
pgloadind   Ingested tree number of external nodes 16
pgloadind   property added ot:studyPublicationReference "Minnis A.M., Kennedy A.H., Grenier D.B., Palm M., & Rossman A. 2012. Phylogeny and taxonomic revision of the Plainistromellaceae including its coelomycetous anamorphs: contributions towards a monograph of the genus Kellermania. Persoonia: Molecular Phylogeny and Evolution of Fungi, 29: 11-28."
pgloadind   property added ot:curatorName "Romina Gazis"
pgloadind   property added ot:dataDeposit "http://purl.org/phylo/treebase/phylows/study/TB2:S13234"
pgloadind   property added ot:studyId "1322"
pgloadind   property added ot:studyYear "2012"
pgloadind   property added ot:focalClade "641496"
pgloadind   property added ot:focalCladeOTTTaxonName "Botryosphaeriales"
pgloadind   property added ot:curatedType "BI, ITS + SSU + LSU + RPB1"
loading a specific tree: 2638
skipping tree: 2637
pgloadind conducting TNRS on trees
pgloadind   name fixing on tree tree id "2638"
pgloadind     OTT ID missing name "Kellermania uniseptata AR3476" nexsonid "node588353"
pgloadind     OTT ID missing name "Kellermania nolinae AR3475" nexsonid "node588367"
pgloadind   TNRS unmatched total number 2
pgloadind     pruning unmapped name "Kellermania uniseptata AR3476" nexsonid "node588353"
pgloadind     pruning unmapped name "Kellermania nolinae AR3475" nexsonid "node588367"
pgloadind   postpruning newick tree "((((((Kellermania_macrospora,Kellermania_confusa),Kellermania_ramaleyae),Kellermania_rostratae),((Kellermania_yuccifoliorum,Kellermania_yuccigena),(Kellermania_anomala,Kellermania_nolinifoliorum))),(((Kellermania_micranthae,Kellermania_dasylirionis),Kellermania_crassispora,Kellermania_dasylirionicola),Kellermania_plurilocularis)),Helicomyces_roseus)"
pgloadind   taxon mapping summary
pgloadind     taxon mapping OTT ID 110265 taxonomy "Kellermania macrospora->Kellermania->Planistromellaceae->Dothideales->Dothideomycetidae->Dothideomycetes->Dothideomyceta->Leotiomyceta->Pezizomycotina->saccharomyceta->Ascomycota->Dikarya->Fungi->Nucletmycea->Opisthokonta->Eukaryota->cellular organisms->life" nexsonid "node588345"
pgloadind     taxon mapping OTT ID 110247 taxonomy "Kellermania confusa->Kellermania->Planistromellaceae->Dothideales->Dothideomycetidae->Dothideomycetes->Dothideomyceta->Leotiomyceta->Pezizomycotina->saccharomyceta->Ascomycota->Dikarya->Fungi->Nucletmycea->Opisthokonta->Eukaryota->cellular organisms->life" nexsonid "node588346"
pgloadind     taxon mapping OTT ID 314560 taxonomy "Kellermania ramaleyae->Kellermania->Planistromellaceae->Dothideales->Dothideomycetidae->Dothideomycetes->Dothideomyceta->Leotiomyceta->Pezizomycotina->saccharomyceta->Ascomycota->Dikarya->Fungi->Nucletmycea->Opisthokonta->Eukaryota->cellular organisms->life" nexsonid "node588347"
pgloadind     taxon mapping OTT ID 566312 taxonomy "Kellermania rostratae->Kellermania->Planistromellaceae->Dothideales->Dothideomycetidae->Dothideomycetes->Dothideomyceta->Leotiomyceta->Pezizomycotina->saccharomyceta->Ascomycota->Dikarya->Fungi->Nucletmycea->Opisthokonta->Eukaryota->cellular organisms->life" nexsonid "node588348"
pgloadind     taxon mapping OTT ID 265122 taxonomy "Kellermania yuccifoliorum->Kellermania->Planistromellaceae->Dothideales->Dothideomycetidae->Dothideomycetes->Dothideomyceta->Leotiomyceta->Pezizomycotina->saccharomyceta->Ascomycota->Dikarya->Fungi->Nucletmycea->Opisthokonta->Eukaryota->cellular organisms->life" nexsonid "node588354"
pgloadind     taxon mapping OTT ID 265124 taxonomy "Kellermania yuccigena->Kellermania->Planistromellaceae->Dothideales->Dothideomycetidae->Dothideomycetes->Dothideomyceta->Leotiomyceta->Pezizomycotina->saccharomyceta->Ascomycota->Dikarya->Fungi->Nucletmycea->Opisthokonta->Eukaryota->cellular organisms->life" nexsonid "node588352"
pgloadind     taxon mapping OTT ID 147737 taxonomy "Kellermania anomala->Kellermania->Planistromellaceae->Dothideales->Dothideomycetidae->Dothideomycetes->Dothideomyceta->Leotiomyceta->Pezizomycotina->saccharomyceta->Ascomycota->Dikarya->Fungi->Nucletmycea->Opisthokonta->Eukaryota->cellular organisms->life" nexsonid "node588356"
pgloadind     taxon mapping OTT ID 265142 taxonomy "Kellermania nolinifoliorum->Kellermania->Planistromellaceae->Dothideales->Dothideomycetidae->Dothideomycetes->Dothideomyceta->Leotiomyceta->Pezizomycotina->saccharomyceta->Ascomycota->Dikarya->Fungi->Nucletmycea->Opisthokonta->Eukaryota->cellular organisms->life" nexsonid "node588357"
pgloadind     taxon mapping OTT ID 393194 taxonomy "Kellermania micranthae->Kellermania->Planistromellaceae->Dothideales->Dothideomycetidae->Dothideomycetes->Dothideomyceta->Leotiomyceta->Pezizomycotina->saccharomyceta->Ascomycota->Dikarya->Fungi->Nucletmycea->Opisthokonta->Eukaryota->cellular organisms->life" nexsonid "node588362"
pgloadind     taxon mapping OTT ID 110260 taxonomy "Kellermania dasylirionis->Kellermania->Planistromellaceae->Dothideales->Dothideomycetidae->Dothideomycetes->Dothideomyceta->Leotiomyceta->Pezizomycotina->saccharomyceta->Ascomycota->Dikarya->Fungi->Nucletmycea->Opisthokonta->Eukaryota->cellular organisms->life" nexsonid "node588363"
pgloadind     taxon mapping OTT ID 747197 taxonomy "Kellermania crassispora->Kellermania->Planistromellaceae->Dothideales->Dothideomycetidae->Dothideomycetes->Dothideomyceta->Leotiomyceta->Pezizomycotina->saccharomyceta->Ascomycota->Dikarya->Fungi->Nucletmycea->Opisthokonta->Eukaryota->cellular organisms->life" nexsonid "node588364"
pgloadind     taxon mapping OTT ID 747201 taxonomy "Kellermania dasylirionicola->Kellermania->Planistromellaceae->Dothideales->Dothideomycetidae->Dothideomycetes->Dothideomyceta->Leotiomyceta->Pezizomycotina->saccharomyceta->Ascomycota->Dikarya->Fungi->Nucletmycea->Opisthokonta->Eukaryota->cellular organisms->life" nexsonid "node588365"
pgloadind     taxon mapping OTT ID 393177 taxonomy "Kellermania plurilocularis->Kellermania->Planistromellaceae->Dothideales->Dothideomycetidae->Dothideomycetes->Dothideomyceta->Leotiomyceta->Pezizomycotina->saccharomyceta->Ascomycota->Dikarya->Fungi->Nucletmycea->Opisthokonta->Eukaryota->cellular organisms->life" nexsonid "node588366"
pgloadind     taxon mapping OTT ID 25859 taxonomy "Helicomyces roseus->Helicomyces->mitosporic Tubeufiaceae->Tubeufiaceae->Pleosporales->Pleosporomycetidae->Dothideomycetes->Dothideomyceta->Leotiomyceta->Pezizomycotina->saccharomyceta->Ascomycota->Dikarya->Fungi->Nucletmycea->Opisthokonta->Eukaryota->cellular organisms->life" nexsonid "node588368"
done fixing name
pgloadind Finished with attempts to fix names
pgloadind   Checking for uniqueness of OTT IDs tree id "2638"
pgloadind   Adding tree to graph tree id "2638"
all trees have all taxa: false
	using bipartition technique
attempting to remap tips to deepest exemplified taxa
	Helicomyces roseus was remapped to 'Pleosporomycetidae' (id=110544)
this is the ROOT
placing root in index
Dealing with metadata property: id
Dealing with metadata property: ot:studyPublicationReference
Adding property 'ot:studyPublicationReference': Minnis A.M., Kennedy A.H., Grenier D.B., Palm M., & Rossman A. 2012. Phylogeny and taxonomic revision of the Plainistromellaceae including its coelomycetous anamorphs: contributions towards a monograph of the genus Kellermania. Persoonia: Molecular Phylogeny and Evolution of Fungi, 29: 11-28.
Dealing with metadata property: ot:focalCladeOTTTaxonName
Adding property 'ot:focalCladeOTTTaxonName': Botryosphaeriales
Dealing with metadata property: ot:studyYear
Adding property 'ot:studyYear': 2012
Dealing with metadata property: ot:curatorName
Adding property 'ot:curatorName': Romina Gazis
Dealing with metadata property: ot:focalClade
Adding property 'ot:focalClade': 641496
Dealing with metadata property: ot:curatedType
Adding property 'ot:curatedType': BI, ITS + SSU + LSU + RPB1
Dealing with metadata property: ot:studyId
Adding property 'ot:studyId': 1322
Dealing with metadata property: ot:dataDeposit
Adding property 'ot:dataDeposit': http://purl.org/phylo/treebase/phylows/study/TB2:S13234
Committing nodes: 26
	adding Node[163807] Planistromellaceae 26514 as compatible with Node[163846]
		adding Relationship[8415907]
		adding to root Relationship[8415908]
	adding Node[161968] Dothideales 406068 as compatible with Node[163846]
		adding Relationship[8415909]
		adding to root Relationship[8415910]
	adding Node[139457] Dothideomycetidae 641537 as compatible with Node[163846]
		adding Relationship[8415911]
		adding to root Relationship[8415912]
		adding Relationship[8415913] from Node[163807] to Node[161968]
		adding Relationship[8415914] from Node[139457] to Node[108984]
		adding Relationship[8415915] from Node[161968] to Node[139457]
