pgloadind OTUs number 92
pgloadind Processing tree @id "3492"
pgloadind   tree info number nodes 182
pgloadind   tree info number edges 181
pgloadind   tree info ingroup "node675891"
pgloadind   Setting ingroup root node.
pgloadind   Ingested tree number of external nodes 90
pgloadind   property added ot:studyPublicationReference "Gernandt, D., Platt J., Stone J., Spatafora J., Holst-jensen A., Hamelin R., & Kohn L. 2001. Phylogenetics of Helotiales and Rhytismatales based on partial small subunit nuclear ribosomal DNA sequences. Mycologia 93 (5): 915-933."
pgloadind   property added ot:studyPublication "http://dx.doi.org/10.2307/3761757"
pgloadind   property added ot:curatorName "Romina Gazis"
pgloadind   property added ot:dataDeposit "http://purl.org/phylo/treebase/phylows/study/TB2:S748"
pgloadind   property added ot:studyId "1736"
pgloadind   property added ot:studyYear "2001"
pgloadind   property added ot:focalClade "51652"
pgloadind   property added ot:focalCladeOTTTaxonName "Helotiales"
pgloadind   property added ot:inGroupClade "node675891"
pgloadind   property added ot:curatedType "MP, SSU"
loading a specific tree: 3492
pgloadind conducting TNRS on trees
pgloadind   name fixing on tree tree id "3492"
pgloadind     OTT ID missing name "Naemacyclus fimbriatus" nexsonid "node675924"
pgloadind     OTT ID missing name "Cyclaneusma minus" nexsonid "node675925"
pgloadind     OTT ID missing name "Sclerotinia homoeocarpa" nexsonid "node675950"
pgloadind     OTT ID missing name "Chalara fusidioides" nexsonid "node675958"
pgloadind     OTT ID missing name "Geomyces pannorum" nexsonid "node675970"
pgloadind     OTT ID missing name "Leuconeurospora pulcherrima" nexsonid "node675971"
pgloadind     OTT ID missing name "Pseudeurotium zonatum" nexsonid "node675972"
pgloadind     OTT ID missing name "Pleuroascus nicholsonii" nexsonid "node675977"
pgloadind     OTT ID missing name "Connersia rilstonii" nexsonid "node675978"
pgloadind     OTT ID missing name "Hypocrea lutea" nexsonid "node676024"
pgloadind     OTT ID missing name "Diaporthe phaseolorum" nexsonid "node676033"
pgloadind     OTT ID missing name "Lophiostoma crenatum" nexsonid "node676042"
pgloadind     OTT ID missing name "Gyromitra montana" nexsonid "node676052"
pgloadind     OTT ID missing name "Zygosaccharomyces rouxii" nexsonid "node676064"
pgloadind   TNRS unmatched total number 8
pgloadind     TNRS resolved ottId OTT ID 935193 name "Hypocrea lutea" searched on "Hypocrea lutea" nexsonid "node676024"
pgloadind     TNRS resolved ottId OTT ID 314769 name "Sclerotinia homoeocarpa" searched on "Sclerotinia homoeocarpa" nexsonid "node675950"
pgloadind     TNRS resolved ottId OTT ID 737678 name "Phomopsis phaseoli" searched on "Diaporthe phaseolorum" nexsonid "node676033"
pgloadind     TNRS resolved ottId OTT ID 659808 name "Lophiostoma crenatum" searched on "Lophiostoma crenatum" nexsonid "node676042"
pgloadind     TNRS resolved ottId OTT ID 6928 name "Gyromitra montana" searched on "Gyromitra montana" nexsonid "node676052"
pgloadind     pruning unmapped name "Geomyces pannorum" nexsonid "node675970"
pgloadind     pruning unmapped name "Naemacyclus fimbriatus" nexsonid "node675924"
pgloadind     pruning unmapped name "Chalara fusidioides" nexsonid "node675958"
pgloadind     pruning unmapped name "Leuconeurospora pulcherrima" nexsonid "node675971"
pgloadind     pruning unmapped name "Zygosaccharomyces rouxii" nexsonid "node676064"
pgloadind     pruning unmapped name "Pseudeurotium zonatum" nexsonid "node675972"
pgloadind     pruning unmapped name "Connersia rilstonii" nexsonid "node675978"
pgloadind     pruning unmapped name "Pleuroascus nicholsonii" nexsonid "node675977"
pgloadind     pruning unmapped name "Cyclaneusma minus" nexsonid "node675925"
pgloadind   postpruning newick tree "(((((((((((((((((Cudonia_confusa,Spathularia_flavida),Colpoma_quercinum),Lirula_macrospora),(Tryblidiopsis_pinastri,((Lophodermium_pinastri,(Meloderma_desmazieri,Rhytisma_salicinum)),Elytroderma_deformans))),Gremmeniella_abietina),(Thelebolus_crustaceus,Ascozonus_woolhopensis)),(((Fabrella_tsugae,(Rhabdocline_parkeri,Meria_laricis)),(Sarcotrochila_longispora,Sarcotrochila_macrospora)),Rutstroemia_bulgarioides)),(Darkera_parca,(((Monilinia_laxa,(Monilinia_oxycocci,Ciborinia_foliicola)),Sclerotinia_sclerotiorum),Sclerotinia_homoeocarpa))),Bulgaria_inquinans,Phacidium_coniferarum),(((Loramyces_juncicola,Phialocephala_fortinii),Phacidium_infestans),(Chloroscypha_chloromela,Chloroscypha_seaveri))),((Cyttaria_darwinii,(Microglossum_viride,Leotia_lubrica)),Hymenoscyphus_fructigenus)),(Blumeria_graminis,(Rutstroemia_firma,(((((Solorina_crocea,Peltigera_neopolydactyla),((Texosporium_sancti-jacobi,Thelomma_mammosum),Cyphelium_inquinans)),(((Cladia_aggregata,Pilophorus_acicularis),Lecanora_dispersa),(Stictis_radiata,(((Elaphomyces_maculatus,(Aspergillus_fumigatus,Aspergillus_ruber)),(Ajellomyces_capsulatus,Coccidioides_immitis)),(Capronia_pilosella,Coniosporium_perforans))))),(((((Claviceps_paspali,Hypocrea_lutea),(Microascus_trigonosporus,Ceratocystis_fimbriata)),(Neurospora_crassa,Chaetomium_elatum)),(Ophiostoma_ulmi,Diaporthe_phaseolorum)),(Xylaria_carpophila,Daldinia_concentrica))),((((Pleospora_rudis,Lophiostoma_crenatum),Rhytidhysteron_rufulum),Lasiodiplodia_theobromae),Dothidea_hippophaes))))),Peziza_vesiculosa),(((Morchella_esculenta,Verpa_conica),Gyromitra_montana),Tuber_rufum)),(Orbilia_auricolor,Orbilia_delicatula)),(((Candida_albicans,(Saccharomyces_cerevisiae,Kluyveromyces_lactis)),Dipodascopsis_uninucleata),Taphrina_deformans)),Neolecta_vitellina)"
pgloadind   taxon mapping summary
pgloadind     taxon mapping OTT ID 332578 taxonomy "Cudonia confusa->Cudonia->Cudoniaceae->Rhytismatales->Leotiomycetes->Sordariomyceta->Leotiomyceta->Pezizomycotina->saccharomyceta->Ascomycota->Dikarya->Fungi->Nucletmycea->Opisthokonta->Eukaryota->cellular organisms->life" nexsonid "node675908"
pgloadind     taxon mapping OTT ID 332571 taxonomy "Spathularia flavida->Spathularia->Cudoniaceae->Rhytismatales->Leotiomycetes->Sordariomyceta->Leotiomyceta->Pezizomycotina->saccharomyceta->Ascomycota->Dikarya->Fungi->Nucletmycea->Opisthokonta->Eukaryota->cellular organisms->life" nexsonid "node675909"
pgloadind     taxon mapping OTT ID 295873 taxonomy "Colpoma quercinum->Colpoma->Rhytismataceae->Rhytismatales->Leotiomycetes->Sordariomyceta->Leotiomyceta->Pezizomycotina->saccharomyceta->Ascomycota->Dikarya->Fungi->Nucletmycea->Opisthokonta->Eukaryota->cellular organisms->life" nexsonid "node675910"
pgloadind     taxon mapping OTT ID 1000473 taxonomy "Lirula macrospora->Lirula->Rhytismataceae->Rhytismatales->Leotiomycetes->Sordariomyceta->Leotiomyceta->Pezizomycotina->saccharomyceta->Ascomycota->Dikarya->Fungi->Nucletmycea->Opisthokonta->Eukaryota->cellular organisms->life" nexsonid "node675911"
pgloadind     taxon mapping OTT ID 739239 taxonomy "Tryblidiopsis pinastri->Tryblidiopsis->Rhytismataceae->Rhytismatales->Leotiomycetes->Sordariomyceta->Leotiomyceta->Pezizomycotina->saccharomyceta->Ascomycota->Dikarya->Fungi->Nucletmycea->Opisthokonta->Eukaryota->cellular organisms->life" nexsonid "node675913"
pgloadind     taxon mapping OTT ID 866316 taxonomy "Lophodermium pinastri->Lophodermium->Rhytismataceae->Rhytismatales->Leotiomycetes->Sordariomyceta->Leotiomyceta->Pezizomycotina->saccharomyceta->Ascomycota->Dikarya->Fungi->Nucletmycea->Opisthokonta->Eukaryota->cellular organisms->life" nexsonid "node675916"
pgloadind     taxon mapping OTT ID 3710634 taxonomy "Meloderma desmazieri->Meloderma->Rhytismataceae->Rhytismatales->Leotiomycetes->Sordariomyceta->Leotiomyceta->Pezizomycotina->saccharomyceta->Ascomycota->Dikarya->Fungi->Nucletmycea->Opisthokonta->Eukaryota->cellular organisms->life" nexsonid "node675918"
pgloadind     taxon mapping OTT ID 68629 taxonomy "Rhytisma salicinum->Rhytisma->Rhytismataceae->Rhytismatales->Leotiomycetes->Sordariomyceta->Leotiomyceta->Pezizomycotina->saccharomyceta->Ascomycota->Dikarya->Fungi->Nucletmycea->Opisthokonta->Eukaryota->cellular organisms->life" nexsonid "node675919"
pgloadind     taxon mapping OTT ID 80788 taxonomy "Elytroderma deformans->Elytroderma->Rhytismataceae->Rhytismatales->Leotiomycetes->Sordariomyceta->Leotiomyceta->Pezizomycotina->saccharomyceta->Ascomycota->Dikarya->Fungi->Nucletmycea->Opisthokonta->Eukaryota->cellular organisms->life" nexsonid "node675920"
pgloadind     taxon mapping OTT ID 677363 taxonomy "Gremmeniella abietina->Gremmeniella->Helotiales->Leotiomycetes->Sordariomyceta->Leotiomyceta->Pezizomycotina->saccharomyceta->Ascomycota->Dikarya->Fungi->Nucletmycea->Opisthokonta->Eukaryota->cellular organisms->life" nexsonid "node675921"
pgloadind     taxon mapping OTT ID 234633 taxonomy "Thelebolus crustaceus->Thelebolus->Thelebolaceae->Thelebolales->Leotiomycetes->Sordariomyceta->Leotiomyceta->Pezizomycotina->saccharomyceta->Ascomycota->Dikarya->Fungi->Nucletmycea->Opisthokonta->Eukaryota->cellular organisms->life" nexsonid "node675927"
pgloadind     taxon mapping OTT ID 588180 taxonomy "Ascozonus woolhopensis->Ascozonus->Thelebolaceae->Thelebolales->Leotiomycetes->Sordariomyceta->Leotiomyceta->Pezizomycotina->saccharomyceta->Ascomycota->Dikarya->Fungi->Nucletmycea->Opisthokonta->Eukaryota->cellular organisms->life" nexsonid "node675928"
pgloadind     taxon mapping OTT ID 295879 taxonomy "Fabrella tsugae->Fabrella->Hemiphacidiaceae->Helotiales->Leotiomycetes->Sordariomyceta->Leotiomyceta->Pezizomycotina->saccharomyceta->Ascomycota->Dikarya->Fungi->Nucletmycea->Opisthokonta->Eukaryota->cellular organisms->life" nexsonid "node675932"
pgloadind     taxon mapping OTT ID 687643 taxonomy "Rhabdocline parkeri->Rhabdocline->Hemiphacidiaceae->Helotiales->Leotiomycetes->Sordariomyceta->Leotiomyceta->Pezizomycotina->saccharomyceta->Ascomycota->Dikarya->Fungi->Nucletmycea->Opisthokonta->Eukaryota->cellular organisms->life" nexsonid "node675934"
pgloadind     taxon mapping OTT ID 164628 taxonomy "Meria laricis->Meria->Hemiphacidiaceae->Helotiales->Leotiomycetes->Sordariomyceta->Leotiomyceta->Pezizomycotina->saccharomyceta->Ascomycota->Dikarya->Fungi->Nucletmycea->Opisthokonta->Eukaryota->cellular organisms->life" nexsonid "node675935"
pgloadind     taxon mapping OTT ID 5309539 taxonomy "Sarcotrochila longispora->Sarcotrochila->Hemiphacidiaceae->Helotiales->Leotiomycetes->Sordariomyceta->Leotiomyceta->Pezizomycotina->saccharomyceta->Ascomycota->Dikarya->Fungi->Nucletmycea->Opisthokonta->Eukaryota->cellular organisms->life" nexsonid "node675937"
pgloadind     taxon mapping OTT ID 94196 taxonomy "Sarcotrochila macrospora->Sarcotrochila->Hemiphacidiaceae->Helotiales->Leotiomycetes->Sordariomyceta->Leotiomyceta->Pezizomycotina->saccharomyceta->Ascomycota->Dikarya->Fungi->Nucletmycea->Opisthokonta->Eukaryota->cellular organisms->life" nexsonid "node675938"
pgloadind     taxon mapping OTT ID 5309783 taxonomy "Rutstroemia bulgarioides->Rutstroemia->Rutstroemiaceae->Helotiales->Leotiomycetes->Sordariomyceta->Leotiomyceta->Pezizomycotina->saccharomyceta->Ascomycota->Dikarya->Fungi->Nucletmycea->Opisthokonta->Eukaryota->cellular organisms->life" nexsonid "node675939"
pgloadind     taxon mapping OTT ID 295869 taxonomy "Darkera parca->Darkera->Helotiales->Leotiomycetes->Sordariomyceta->Leotiomyceta->Pezizomycotina->saccharomyceta->Ascomycota->Dikarya->Fungi->Nucletmycea->Opisthokonta->Eukaryota->cellular organisms->life" nexsonid "node675941"
pgloadind     taxon mapping OTT ID 466066 taxonomy "Monilinia laxa->Monilinia->Sclerotiniaceae->Helotiales->Leotiomycetes->Sordariomyceta->Leotiomyceta->Pezizomycotina->saccharomyceta->Ascomycota->Dikarya->Fungi->Nucletmycea->Opisthokonta->Eukaryota->cellular organisms->life" nexsonid "node675945"
pgloadind     taxon mapping OTT ID 968421 taxonomy "Monilinia oxycocci->Monilinia->Sclerotiniaceae->Helotiales->Leotiomycetes->Sordariomyceta->Leotiomyceta->Pezizomycotina->saccharomyceta->Ascomycota->Dikarya->Fungi->Nucletmycea->Opisthokonta->Eukaryota->cellular organisms->life" nexsonid "node675947"
pgloadind     taxon mapping OTT ID 636587 taxonomy "Ciborinia foliicola->Ciborinia->Sclerotiniaceae->Helotiales->Leotiomycetes->Sordariomyceta->Leotiomyceta->Pezizomycotina->saccharomyceta->Ascomycota->Dikarya->Fungi->Nucletmycea->Opisthokonta->Eukaryota->cellular organisms->life" nexsonid "node675948"
pgloadind     taxon mapping OTT ID 880963 taxonomy "Sclerotinia sclerotiorum->Sclerotinia->Sclerotiniaceae->Helotiales->Leotiomycetes->Sordariomyceta->Leotiomyceta->Pezizomycotina->saccharomyceta->Ascomycota->Dikarya->Fungi->Nucletmycea->Opisthokonta->Eukaryota->cellular organisms->life" nexsonid "node675949"
pgloadind     taxon mapping OTT ID 314769 taxonomy "Sclerotinia homoeocarpa->Sclerotinia->Sclerotiniaceae->Helotiales->Leotiomycetes->Sordariomyceta->Leotiomyceta->Pezizomycotina->saccharomyceta->Ascomycota->Dikarya->Fungi->Nucletmycea->Opisthokonta->Eukaryota->cellular organisms->life" nexsonid "node675950"
pgloadind     taxon mapping OTT ID 902757 taxonomy "Bulgaria inquinans->Bulgaria->Bulgariaceae->Leotiales->Leotiomycetes->Sordariomyceta->Leotiomyceta->Pezizomycotina->saccharomyceta->Ascomycota->Dikarya->Fungi->Nucletmycea->Opisthokonta->Eukaryota->cellular organisms->life" nexsonid "node675951"
pgloadind     taxon mapping OTT ID 94194 taxonomy "Phacidium coniferarum->Phacidium->Phacidiaceae->Helotiales->Leotiomycetes->Sordariomyceta->Leotiomyceta->Pezizomycotina->saccharomyceta->Ascomycota->Dikarya->Fungi->Nucletmycea->Opisthokonta->Eukaryota->cellular organisms->life" nexsonid "node675952"
pgloadind     taxon mapping OTT ID 94190 taxonomy "Loramyces juncicola->Loramyces->Loramycetaceae->Helotiales->Leotiomycetes->Sordariomyceta->Leotiomyceta->Pezizomycotina->saccharomyceta->Ascomycota->Dikarya->Fungi->Nucletmycea->Opisthokonta->Eukaryota->cellular organisms->life" nexsonid "node675961"
pgloadind     taxon mapping OTT ID 85903 taxonomy "Phialocephala fortinii->Phialocephala->Vibrisseaceae->Helotiales->Leotiomycetes->Sordariomyceta->Leotiomyceta->Pezizomycotina->saccharomyceta->Ascomycota->Dikarya->Fungi->Nucletmycea->Opisthokonta->Eukaryota->cellular organisms->life" nexsonid "node675962"
pgloadind     taxon mapping OTT ID 164627 taxonomy "Phacidium infestans->Phacidium->Phacidiaceae->Helotiales->Leotiomycetes->Sordariomyceta->Leotiomyceta->Pezizomycotina->saccharomyceta->Ascomycota->Dikarya->Fungi->Nucletmycea->Opisthokonta->Eukaryota->cellular organisms->life" nexsonid "node675963"
pgloadind     taxon mapping OTT ID 295874 taxonomy "Chloroscypha chloromela->Chloroscypha->Helotiales->Leotiomycetes->Sordariomyceta->Leotiomyceta->Pezizomycotina->saccharomyceta->Ascomycota->Dikarya->Fungi->Nucletmycea->Opisthokonta->Eukaryota->cellular organisms->life" nexsonid "node675956"
pgloadind     taxon mapping OTT ID 615612 taxonomy "Chloroscypha seaveri->Chloroscypha->Helotiales->Leotiomycetes->Sordariomyceta->Leotiomyceta->Pezizomycotina->saccharomyceta->Ascomycota->Dikarya->Fungi->Nucletmycea->Opisthokonta->Eukaryota->cellular organisms->life" nexsonid "node675957"
pgloadind     taxon mapping OTT ID 68614 taxonomy "Cyttaria darwinii->Cyttaria->Cyttariaceae->Cyttariales->Leotiomycetes->Sordariomyceta->Leotiomyceta->Pezizomycotina->saccharomyceta->Ascomycota->Dikarya->Fungi->Nucletmycea->Opisthokonta->Eukaryota->cellular organisms->life" nexsonid "node675979"
pgloadind     taxon mapping OTT ID 902994 taxonomy "Microglossum viride->Microglossum->Leotiaceae->Leotiales->Leotiomycetes->Sordariomyceta->Leotiomyceta->Pezizomycotina->saccharomyceta->Ascomycota->Dikarya->Fungi->Nucletmycea->Opisthokonta->Eukaryota->cellular organisms->life" nexsonid "node675974"
pgloadind     taxon mapping OTT ID 339442 taxonomy "Leotia lubrica->Leotia->Leotiaceae->Leotiales->Leotiomycetes->Sordariomyceta->Leotiomyceta->Pezizomycotina->saccharomyceta->Ascomycota->Dikarya->Fungi->Nucletmycea->Opisthokonta->Eukaryota->cellular organisms->life" nexsonid "node675975"
pgloadind     taxon mapping OTT ID 440702 taxonomy "Hymenoscyphus fructigenus->Hymenoscyphus->Helotiaceae->Helotiales->Leotiomycetes->Sordariomyceta->Leotiomyceta->Pezizomycotina->saccharomyceta->Ascomycota->Dikarya->Fungi->Nucletmycea->Opisthokonta->Eukaryota->cellular organisms->life" nexsonid "node675980"
pgloadind     taxon mapping OTT ID 555363 taxonomy "Blumeria graminis->Blumeria->Erysiphaceae->Erysiphales->Leotiomycetes->Sordariomyceta->Leotiomyceta->Pezizomycotina->saccharomyceta->Ascomycota->Dikarya->Fungi->Nucletmycea->Opisthokonta->Eukaryota->cellular organisms->life" nexsonid "node675982"
pgloadind     taxon mapping OTT ID 102844 taxonomy "Rutstroemia firma->Rutstroemia->Rutstroemiaceae->Helotiales->Leotiomycetes->Sordariomyceta->Leotiomyceta->Pezizomycotina->saccharomyceta->Ascomycota->Dikarya->Fungi->Nucletmycea->Opisthokonta->Eukaryota->cellular organisms->life" nexsonid "node675984"
pgloadind     taxon mapping OTT ID 625376 taxonomy "Solorina crocea->Solorina->Peltigeraceae->Peltigerineae->Peltigerales->Lecanoromycetidae->Lecanoromycetes->Leotiomyceta->Pezizomycotina->saccharomyceta->Ascomycota->Dikarya->Fungi->Nucletmycea->Opisthokonta->Eukaryota->cellular organisms->life" nexsonid "node675990"
pgloadind     taxon mapping OTT ID 437600 taxonomy "Peltigera neopolydactyla->Peltigera->Peltigeraceae->Peltigerineae->Peltigerales->Lecanoromycetidae->Lecanoromycetes->Leotiomyceta->Pezizomycotina->saccharomyceta->Ascomycota->Dikarya->Fungi->Nucletmycea->Opisthokonta->Eukaryota->cellular organisms->life" nexsonid "node675991"
pgloadind     taxon mapping OTT ID 869097 taxonomy "Texosporium sancti-jacobi->Texosporium->Buellioideae->Caliciaceae->Teloschistales->Lecanoromycetidae->Lecanoromycetes->Leotiomyceta->Pezizomycotina->saccharomyceta->Ascomycota->Dikarya->Fungi->Nucletmycea->Opisthokonta->Eukaryota->cellular organisms->life" nexsonid "node675994"
pgloadind     taxon mapping OTT ID 869096 taxonomy "Thelomma mammosum->Thelomma->Buellioideae->Caliciaceae->Teloschistales->Lecanoromycetidae->Lecanoromycetes->Leotiomyceta->Pezizomycotina->saccharomyceta->Ascomycota->Dikarya->Fungi->Nucletmycea->Opisthokonta->Eukaryota->cellular organisms->life" nexsonid "node675995"
pgloadind     taxon mapping OTT ID 344376 taxonomy "Cyphelium inquinans->Cyphelium->Coniocybaceae->Lecanoromycetidae->Lecanoromycetes->Leotiomyceta->Pezizomycotina->saccharomyceta->Ascomycota->Dikarya->Fungi->Nucletmycea->Opisthokonta->Eukaryota->cellular organisms->life" nexsonid "node675996"
pgloadind     taxon mapping OTT ID 890269 taxonomy "Cladia aggregata->Cladia->Cladoniaceae->Lecanorales->Lecanoromycetidae->Lecanoromycetes->Leotiomyceta->Pezizomycotina->saccharomyceta->Ascomycota->Dikarya->Fungi->Nucletmycea->Opisthokonta->Eukaryota->cellular organisms->life" nexsonid "node676000"
pgloadind     taxon mapping OTT ID 841020 taxonomy "Pilophorus acicularis->Pilophorus->Cladoniaceae->Lecanorales->Lecanoromycetidae->Lecanoromycetes->Leotiomyceta->Pezizomycotina->saccharomyceta->Ascomycota->Dikarya->Fungi->Nucletmycea->Opisthokonta->Eukaryota->cellular organisms->life" nexsonid "node676001"
pgloadind     taxon mapping OTT ID 339436 taxonomy "Lecanora dispersa->Lecanora->Lecanoraceae->Lecanorales->Lecanoromycetidae->Lecanoromycetes->Leotiomyceta->Pezizomycotina->saccharomyceta->Ascomycota->Dikarya->Fungi->Nucletmycea->Opisthokonta->Eukaryota->cellular organisms->life" nexsonid "node676002"
pgloadind     taxon mapping OTT ID 655795 taxonomy "Stictis radiata->Stictis->Stictidaceae->Ostropales->Ostropomycetidae->Lecanoromycetes->Leotiomyceta->Pezizomycotina->saccharomyceta->Ascomycota->Dikarya->Fungi->Nucletmycea->Opisthokonta->Eukaryota->cellular organisms->life" nexsonid "node676004"
pgloadind     taxon mapping OTT ID 903006 taxonomy "Elaphomyces maculatus->Elaphomyces->Elaphomycetaceae->Eurotiales->Eurotiomycetidae->Eurotiomycetes->Leotiomyceta->Pezizomycotina->saccharomyceta->Ascomycota->Dikarya->Fungi->Nucletmycea->Opisthokonta->Eukaryota->cellular organisms->life" nexsonid "node676008"
pgloadind     taxon mapping OTT ID 278828 taxonomy "Aspergillus fumigatus->Aspergillus->Trichocomaceae->Eurotiales->Eurotiomycetidae->Eurotiomycetes->Leotiomyceta->Pezizomycotina->saccharomyceta->Ascomycota->Dikarya->Fungi->Nucletmycea->Opisthokonta->Eukaryota->cellular organisms->life" nexsonid "node676010"
pgloadind     taxon mapping OTT ID 118490 taxonomy "Aspergillus ruber->Aspergillus->Trichocomaceae->Eurotiales->Eurotiomycetidae->Eurotiomycetes->Leotiomyceta->Pezizomycotina->saccharomyceta->Ascomycota->Dikarya->Fungi->Nucletmycea->Opisthokonta->Eukaryota->cellular organisms->life" nexsonid "node676011"
pgloadind     taxon mapping OTT ID 124563 taxonomy "Ajellomyces capsulatus->Ajellomyces->Ajellomycetaceae->Onygenales->Eurotiomycetidae->Eurotiomycetes->Leotiomyceta->Pezizomycotina->saccharomyceta->Ascomycota->Dikarya->Fungi->Nucletmycea->Opisthokonta->Eukaryota->cellular organisms->life" nexsonid "node676013"
pgloadind     taxon mapping OTT ID 838981 taxonomy "Coccidioides immitis->Coccidioides->Onygenaceae->Onygenales->Eurotiomycetidae->Eurotiomycetes->Leotiomyceta->Pezizomycotina->saccharomyceta->Ascomycota->Dikarya->Fungi->Nucletmycea->Opisthokonta->Eukaryota->cellular organisms->life" nexsonid "node676014"
pgloadind     taxon mapping OTT ID 666121 taxonomy "Capronia pilosella->Capronia->Herpotrichiellaceae->Chaetothyriales->Chaetothyriomycetidae->Eurotiomycetes->Leotiomyceta->Pezizomycotina->saccharomyceta->Ascomycota->Dikarya->Fungi->Nucletmycea->Opisthokonta->Eukaryota->cellular organisms->life" nexsonid "node676016"
pgloadind     taxon mapping OTT ID 5302593 taxonomy "Coniosporium perforans->Coniosporium->Chaetothyriales->Chaetothyriomycetidae->Eurotiomycetes->Leotiomyceta->Pezizomycotina->saccharomyceta->Ascomycota->Dikarya->Fungi->Nucletmycea->Opisthokonta->Eukaryota->cellular organisms->life" nexsonid "node676017"
pgloadind     taxon mapping OTT ID 664936 taxonomy "Claviceps paspali->Claviceps->Clavicipitaceae->Hypocreales->Hypocreomycetidae->Sordariomycetes->Sordariomyceta->Leotiomyceta->Pezizomycotina->saccharomyceta->Ascomycota->Dikarya->Fungi->Nucletmycea->Opisthokonta->Eukaryota->cellular organisms->life" nexsonid "node676023"
pgloadind     taxon mapping OTT ID 935193 taxonomy "Hypocrea lutea->Hypocreaceae->Hypocreales->Hypocreomycetidae->Sordariomycetes->Sordariomyceta->Leotiomyceta->Pezizomycotina->saccharomyceta->Ascomycota->Dikarya->Fungi->Nucletmycea->Opisthokonta->Eukaryota->cellular organisms->life" nexsonid "node676024"
pgloadind     taxon mapping OTT ID 737682 taxonomy "Microascus trigonosporus->Microascus->Microascaceae->Microascales->Hypocreomycetidae->Sordariomycetes->Sordariomyceta->Leotiomyceta->Pezizomycotina->saccharomyceta->Ascomycota->Dikarya->Fungi->Nucletmycea->Opisthokonta->Eukaryota->cellular organisms->life" nexsonid "node676026"
pgloadind     taxon mapping OTT ID 1097914 taxonomy "Ceratocystis fimbriata->Ceratocystis->Ceratocystidaceae->Microascales->Hypocreomycetidae->Sordariomycetes->Sordariomyceta->Leotiomyceta->Pezizomycotina->saccharomyceta->Ascomycota->Dikarya->Fungi->Nucletmycea->Opisthokonta->Eukaryota->cellular organisms->life" nexsonid "node676027"
pgloadind     taxon mapping OTT ID 572462 taxonomy "Neurospora crassa->Neurospora->Sordariaceae->Sordariales->Sordariomycetidae->Sordariomycetes->Sordariomyceta->Leotiomyceta->Pezizomycotina->saccharomyceta->Ascomycota->Dikarya->Fungi->Nucletmycea->Opisthokonta->Eukaryota->cellular organisms->life" nexsonid "node676029"
pgloadind     taxon mapping OTT ID 1099022 taxonomy "Chaetomium elatum->Chaetomium->Chaetomiaceae->Sordariales->Sordariomycetidae->Sordariomycetes->Sordariomyceta->Leotiomyceta->Pezizomycotina->saccharomyceta->Ascomycota->Dikarya->Fungi->Nucletmycea->Opisthokonta->Eukaryota->cellular organisms->life" nexsonid "node676030"
pgloadind     taxon mapping OTT ID 51645 taxonomy "Ophiostoma ulmi->Ophiostoma->Ophiostomataceae->Ophiostomatales->Sordariomycetidae->Sordariomycetes->Sordariomyceta->Leotiomyceta->Pezizomycotina->saccharomyceta->Ascomycota->Dikarya->Fungi->Nucletmycea->Opisthokonta->Eukaryota->cellular organisms->life" nexsonid "node676032"
pgloadind     taxon mapping OTT ID 737678 taxonomy "Phomopsis phaseoli->Phomopsis->Diaporthaceae->Diaporthales->Sordariomycetidae->Sordariomycetes->Sordariomyceta->Leotiomyceta->Pezizomycotina->saccharomyceta->Ascomycota->Dikarya->Fungi->Nucletmycea->Opisthokonta->Eukaryota->cellular organisms->life" nexsonid "node676033"
pgloadind     taxon mapping OTT ID 148758 taxonomy "Xylaria carpophila->Xylaria->Xylariaceae->Xylariales->Xylariomycetidae->Sordariomycetes->Sordariomyceta->Leotiomyceta->Pezizomycotina->saccharomyceta->Ascomycota->Dikarya->Fungi->Nucletmycea->Opisthokonta->Eukaryota->cellular organisms->life" nexsonid "node676035"
pgloadind     taxon mapping OTT ID 183726 taxonomy "Daldinia concentrica->Daldinia->Xylariaceae->Xylariales->Xylariomycetidae->Sordariomycetes->Sordariomyceta->Leotiomyceta->Pezizomycotina->saccharomyceta->Ascomycota->Dikarya->Fungi->Nucletmycea->Opisthokonta->Eukaryota->cellular organisms->life" nexsonid "node676036"
pgloadind     taxon mapping OTT ID 699899 taxonomy "Pleospora rudis->Pleospora->Pleosporaceae->Pleosporineae->Pleosporales->Pleosporomycetidae->Dothideomycetes->Dothideomyceta->Leotiomyceta->Pezizomycotina->saccharomyceta->Ascomycota->Dikarya->Fungi->Nucletmycea->Opisthokonta->Eukaryota->cellular organisms->life" nexsonid "node676041"
pgloadind     taxon mapping OTT ID 659808 taxonomy "Lophiostoma crenatum->Lophiostoma->Lophiostomataceae->Pleosporales->Pleosporomycetidae->Dothideomycetes->Dothideomyceta->Leotiomyceta->Pezizomycotina->saccharomyceta->Ascomycota->Dikarya->Fungi->Nucletmycea->Opisthokonta->Eukaryota->cellular organisms->life" nexsonid "node676042"
pgloadind     taxon mapping OTT ID 614432 taxonomy "Rhytidhysteron rufulum->Rhytidhysteron->Patellariaceae->Patellariales->Dothideomycetes->Dothideomyceta->Leotiomyceta->Pezizomycotina->saccharomyceta->Ascomycota->Dikarya->Fungi->Nucletmycea->Opisthokonta->Eukaryota->cellular organisms->life" nexsonid "node676043"
pgloadind     taxon mapping OTT ID 33894 taxonomy "Lasiodiplodia theobromae->Lasiodiplodia->Botryosphaeriaceae->Botryosphaeriales->Dothideomycetes->Dothideomyceta->Leotiomyceta->Pezizomycotina->saccharomyceta->Ascomycota->Dikarya->Fungi->Nucletmycea->Opisthokonta->Eukaryota->cellular organisms->life" nexsonid "node676044"
pgloadind     taxon mapping OTT ID 3717635 taxonomy "Dothidea hippophaes->Dothidea->Dothideaceae->Dothideales->Dothideomycetidae->Dothideomycetes->Dothideomyceta->Leotiomyceta->Pezizomycotina->saccharomyceta->Ascomycota->Dikarya->Fungi->Nucletmycea->Opisthokonta->Eukaryota->cellular organisms->life" nexsonid "node676045"
pgloadind     taxon mapping OTT ID 602199 taxonomy "Peziza vesiculosa->Peziza->Pyronemataceae->Pezizales->Pezizomycetidae->Pezizomycetes->Pezizomycotina->saccharomyceta->Ascomycota->Dikarya->Fungi->Nucletmycea->Opisthokonta->Eukaryota->cellular organisms->life" nexsonid "node676046"
pgloadind     taxon mapping OTT ID 952133 taxonomy "Morchella esculenta->Morchella esculenta clade->Morchella->Morchellaceae->Pezizales->Pezizomycetidae->Pezizomycetes->Pezizomycotina->saccharomyceta->Ascomycota->Dikarya->Fungi->Nucletmycea->Opisthokonta->Eukaryota->cellular organisms->life" nexsonid "node676050"
pgloadind     taxon mapping OTT ID 1054387 taxonomy "Verpa conica->Verpa->Morchellaceae->Pezizales->Pezizomycetidae->Pezizomycetes->Pezizomycotina->saccharomyceta->Ascomycota->Dikarya->Fungi->Nucletmycea->Opisthokonta->Eukaryota->cellular organisms->life" nexsonid "node676051"
pgloadind     taxon mapping OTT ID 6928 taxonomy "Gyromitra montana->Gyromitra->Discinaceae->Pezizales->Pezizomycetidae->Pezizomycetes->Pezizomycotina->saccharomyceta->Ascomycota->Dikarya->Fungi->Nucletmycea->Opisthokonta->Eukaryota->cellular organisms->life" nexsonid "node676052"
pgloadind     taxon mapping OTT ID 599978 taxonomy "Tuber rufum->Tuber->Tuberaceae->Pezizales->Pezizomycetidae->Pezizomycetes->Pezizomycotina->saccharomyceta->Ascomycota->Dikarya->Fungi->Nucletmycea->Opisthokonta->Eukaryota->cellular organisms->life" nexsonid "node676053"
pgloadind     taxon mapping OTT ID 309921 taxonomy "Orbilia auricolor->Orbilia->Orbiliaceae->Orbiliales->Orbiliomycetidae->Orbiliomycetes->Pezizomycotina->saccharomyceta->Ascomycota->Dikarya->Fungi->Nucletmycea->Opisthokonta->Eukaryota->cellular organisms->life" nexsonid "node676055"
pgloadind     taxon mapping OTT ID 309918 taxonomy "Orbilia delicatula->Orbilia->Orbiliaceae->Orbiliales->Orbiliomycetidae->Orbiliomycetes->Pezizomycotina->saccharomyceta->Ascomycota->Dikarya->Fungi->Nucletmycea->Opisthokonta->Eukaryota->cellular organisms->life" nexsonid "node676056"
pgloadind     taxon mapping OTT ID 1034966 taxonomy "Candida albicans->Candida->Saccharomycetales->Saccharomycetidae->Saccharomycetes->Saccharomycotina->saccharomyceta->Ascomycota->Dikarya->Fungi->Nucletmycea->Opisthokonta->Eukaryota->cellular organisms->life" nexsonid "node676065"
pgloadind     taxon mapping OTT ID 908549 taxonomy "Saccharomyces cerevisiae->Saccharomyces->Saccharomycetaceae->Saccharomycetales->Saccharomycetidae->Saccharomycetes->Saccharomycotina->saccharomyceta->Ascomycota->Dikarya->Fungi->Nucletmycea->Opisthokonta->Eukaryota->cellular organisms->life" nexsonid "node676062"
pgloadind     taxon mapping OTT ID 538138 taxonomy "Kluyveromyces lactis->Kluyveromyces->Saccharomycetaceae->Saccharomycetales->Saccharomycetidae->Saccharomycetes->Saccharomycotina->saccharomyceta->Ascomycota->Dikarya->Fungi->Nucletmycea->Opisthokonta->Eukaryota->cellular organisms->life" nexsonid "node676063"
pgloadind     taxon mapping OTT ID 668437 taxonomy "Dipodascopsis uninucleata->Dipodascopsis->Lipomycetaceae->Saccharomycetales->Saccharomycetidae->Saccharomycetes->Saccharomycotina->saccharomyceta->Ascomycota->Dikarya->Fungi->Nucletmycea->Opisthokonta->Eukaryota->cellular organisms->life" nexsonid "node676066"
pgloadind     taxon mapping OTT ID 406032 taxonomy "Taphrina deformans->Taphrina->Taphrinaceae->Taphrinales->Taphrinomycetidae->Taphrinomycetes->Taphrinomycotina->Ascomycota->Dikarya->Fungi->Nucletmycea->Opisthokonta->Eukaryota->cellular organisms->life" nexsonid "node676067"
pgloadind     taxon mapping OTT ID 75911 taxonomy "Neolecta vitellina->Neolecta->Neolectaceae->Neolectales->Neolectomycetidae->Neolectomycetes->Taphrinomycotina->Ascomycota->Dikarya->Fungi->Nucletmycea->Opisthokonta->Eukaryota->cellular organisms->life" nexsonid "node676068"
done fixing name
pgloadind Finished with attempts to fix names
pgloadind   Checking for uniqueness of OTT IDs tree id "3492"
pgloadind   Adding tree to graph tree id "3492"
all trees have all taxa: false
	using bipartition technique
attempting to remap tips to deepest exemplified taxa
	Lophodermium pinastri was remapped to 'Lophodermium' (id=62707)
	Microascus trigonosporus was remapped to 'Microascaceae' (id=21413)
	Tuber rufum was remapped to 'Tuberaceae' (id=241563)
	Diaporthe phaseolorum was remapped to 'Diaporthales' (id=6633)
	Claviceps paspali was remapped to 'Clavicipitaceae' (id=23181)
	Solorina crocea was remapped to 'Solorina' (id=211248)
	Xylaria carpophila was remapped to 'Xylaria' (id=51663)
	Coniosporium perforans was remapped to 'Coniosporium' (id=95356)
	Tryblidiopsis pinastri was remapped to 'Tryblidiopsis' (id=63398)
	Dothidea hippophaes was remapped to 'Dothideomycetidae' (id=139457)
	Lasiodiplodia theobromae was remapped to 'Botryosphaeriales' (id=168377)
	Meria laricis was remapped to 'Meria' (id=71221)
	Loramyces juncicola was remapped to 'Loramycetaceae' (id=75081)
	Chaetomium elatum was remapped to 'Chaetomiaceae' (id=2226)
	Leotia lubrica was remapped to 'Leotia' (id=63989)
	Fabrella tsugae was remapped to 'Fabrella' (id=71154)
	Pleospora rudis was remapped to 'Pleosporineae' (id=126709)
	Saccharomyces cerevisiae was remapped to 'Saccharomyces' (id=248088)
	Ajellomyces capsulatus was remapped to 'Ajellomycetaceae' (id=103533)
	Capronia pilosella was remapped to 'Herpotrichiellaceae' (id=94450)
	Thelebolus crustaceus was remapped to 'Thelebolus' (id=61293)
	Lophiostoma crenatum was remapped to 'Lophiostomataceae' (id=112781)
	Phialocephala fortinii was remapped to 'Vibrisseaceae' (id=64366)
	Stictis radiata was remapped to 'Ostropomycetidae' (id=219420)
	Neolecta vitellina was remapped to 'Neolectomycetes' (id=243)
	Darkera parca was remapped to 'Darkera' (id=78225)
	Pilophorus acicularis was remapped to 'Pilophorus' (id=182307)
	Taphrina deformans was remapped to 'Taphrinomycetes' (id=304)
	Ophiostoma ulmi was remapped to 'Ophiostomatales' (id=5427)
	Gremmeniella abietina was remapped to 'Gremmeniella' (id=78382)
	Ciborinia foliicola was remapped to 'Ciborinia' (id=76040)
	Rhabdocline parkeri was remapped to 'Rhabdocline' (id=71181)
	Ascozonus woolhopensis was remapped to 'Ascozonus' (id=61614)
	Texosporium sancti-jacobi was remapped to 'Texosporium' (id=203189)
	Cladia aggregata was remapped to 'Cladia' (id=181241)
	Coccidioides immitis was remapped to 'Onygenaceae' (id=103131)
	Thelomma mammosum was remapped to 'Thelomma' (id=204764)
	Cyttaria darwinii was remapped to 'Cyttariales' (id=81271)
	Lecanora dispersa was remapped to 'Lecanoraceae' (id=183283)
	Rhytisma salicinum was remapped to 'Rhytisma' (id=61896)
	Elaphomyces maculatus was remapped to 'Elaphomycetaceae' (id=95628)
	Morchella esculenta was remapped to 'Morchella' (id=235536)
	Neurospora crassa was remapped to 'Sordariaceae' (id=4491)
	Elytroderma deformans was remapped to 'Elytroderma' (id=62107)
	Ceratocystis fimbriata was remapped to 'Ceratocystidaceae' (id=22198)
	Meloderma desmazieri was remapped to 'Meloderma' (id=63195)
	Hymenoscyphus fructigenus was remapped to 'Helotiaceae' (id=67417)
	Lirula macrospora was remapped to 'Lirula' (id=62658)
	Kluyveromyces lactis was remapped to 'Kluyveromyces' (id=249097)
	Gyromitra montana was remapped to 'Discinaceae' (id=234787)
	Hypocrea lutea was remapped to 'Hypocreaceae' (id=24796)
	Daldinia concentrica was remapped to 'Daldinia' (id=49685)
	Cyphelium inquinans was remapped to 'Coniocybaceae' (id=218976)
	Bulgaria inquinans was remapped to 'Bulgariaceae' (id=63863)
	Peltigera neopolydactyla was remapped to 'Peltigera' (id=210903)
	Blumeria graminis was remapped to 'Erysiphales' (id=81303)
	Verpa conica was remapped to 'Verpa' (id=235903)
	Dipodascopsis uninucleata was remapped to 'Lipomycetaceae' (id=246693)
	Colpoma quercinum was remapped to 'Colpoma' (id=62532)
	Candida albicans was remapped to 'Candida' (id=243386)
	Peziza vesiculosa was remapped to 'Pyronemataceae' (id=237234)
	Microglossum viride was remapped to 'Microglossum' (id=64060)
	Cudonia confusa was remapped to 'Cudonia' (id=63675)
	Rhytidhysteron rufulum was remapped to 'Patellariales' (id=109741)
	Spathularia flavida was remapped to 'Spathularia' (id=63697)
this is the ROOT
placing root in index
Dealing with metadata property: id
Dealing with metadata property: ot:studyPublicationReference
Adding property 'ot:studyPublicationReference': Gernandt, D., Platt J., Stone J., Spatafora J., Holst-jensen A., Hamelin R., & Kohn L. 2001. Phylogenetics of Helotiales and Rhytismatales based on partial small subunit nuclear ribosomal DNA sequences. Mycologia 93 (5): 915-933.
Dealing with metadata property: ot:focalCladeOTTTaxonName
Adding property 'ot:focalCladeOTTTaxonName': Helotiales
Dealing with metadata property: ot:studyYear
Adding property 'ot:studyYear': 2001
Dealing with metadata property: ot:inGroupClade
Adding property 'ot:inGroupClade': node675891
Dealing with metadata property: ot:curatorName
Adding property 'ot:curatorName': Romina Gazis
Dealing with metadata property: ot:studyPublication
Adding property 'ot:studyPublication': http://dx.doi.org/10.2307/3761757
Dealing with metadata property: ot:focalClade
Adding property 'ot:focalClade': 51652
Dealing with metadata property: ot:curatedType
Adding property 'ot:curatedType': MP, SSU
Dealing with metadata property: ot:studyId
Adding property 'ot:studyId': 1736
Dealing with metadata property: ot:dataDeposit
Adding property 'ot:dataDeposit': http://purl.org/phylo/treebase/phylows/study/TB2:S748
Committing nodes: 160
	adding Node[95880] Trichocomaceae 73778 as compatible with Node[96534]
		adding Relationship[8416220]
		adding to root Relationship[8416221]
	adding Node[233229] Orbiliaceae 293786 as compatible with Node[233294]
		adding Relationship[8416222]
		adding to root Relationship[8416223]
	adding Node[233228] Orbiliales 972723 as compatible with Node[233294]
		adding Relationship[8416224]
		adding to root Relationship[8416225]
	adding Node[233227] Orbiliomycetidae 5291462 as compatible with Node[233294]
		adding Relationship[8416226]
		adding to root Relationship[8416227]
	adding Node[233226] Orbiliomycetes 972724 as compatible with Node[233294]
		adding Relationship[8416228]
		adding to root Relationship[8416229]
	adding Node[41665] Xylariales 565288 as compatible with Node[46611]
		adding Relationship[8416230]
		adding to root Relationship[8416231]
	adding Node[41664] Xylariomycetidae 936975 as compatible with Node[46611]
		adding Relationship[8416232]
		adding to root Relationship[8416233]
	adding Node[61283] Thelebolales 947091 as compatible with Node[61284]
		adding Relationship[8416234]
		adding to root Relationship[8416235]
	adding Node[87159] Chaetothyriomycetidae 81982 as compatible with Node[93976]
		adding Relationship[8416236]
		adding to root Relationship[8416237]
	adding Node[104313] Dothideomyceta 5291460 as compatible with Node[108984]
		adding Relationship[8416238]
		adding to root Relationship[8416239]
	adding Node[110544] Pleosporomycetidae 656297 as compatible with Node[110545]
		adding Relationship[8416240]
		adding to root Relationship[8416241]
	adding Node[202518] Caliciaceae 339438 as compatible with Node[202930]
		adding Relationship[8416242]
		adding to root Relationship[8416243]
	adding Node[202517] Teloschistales 1001393 as compatible with Node[202930]
		adding Relationship[8416244]
		adding to root Relationship[8416245]
	adding Node[210864] Peltigerineae 5508 as compatible with Node[210902]
		adding Relationship[8416246]
		adding to root Relationship[8416247]
	adding Node[210767] Peltigerales 294632 as compatible with Node[210902]
		adding Relationship[8416248]
		adding to root Relationship[8416249]
	adding Node[243212] Saccharomycetidae 5292177 as compatible with Node[243213]
		adding Relationship[8416250]
		adding to root Relationship[8416251]
	adding Node[243210] Saccharomycetes 989999 as compatible with Node[243213]
		adding Relationship[8416252]
		adding to root Relationship[8416253]
	adding Node[243209] Saccharomycotina 971714 as compatible with Node[243213]
		adding Relationship[8416254]
		adding to root Relationship[8416255]
		adding Relationship[8416256] from Node[3566177] to Node[3566178]
		adding Relationship[8416257] from Node[87159] to Node[87158]
		adding Relationship[8416258] from Node[210864] to Node[210767]
		adding Relationship[8416259] from Node[233229] to Node[233228]
		adding Relationship[8416260] from Node[233228] to Node[233227]
		adding Relationship[8416261] from Node[95880] to Node[95613]
		adding Relationship[8416262] from Node[233227] to Node[233226]
		adding Relationship[8416263] from Node[233226] to Node[832]
		adding Relationship[8416264] from Node[41665] to Node[41664]
		adding Relationship[8416265] from Node[41664] to Node[836]
		adding Relationship[8416266] from Node[243212] to Node[243210]
		adding Relationship[8416267] from Node[202518] to Node[202517]
		adding Relationship[8416268] from Node[243210] to Node[243209]
