pgloadind OTUs number 79
pgloadind Processing tree @id "571"
pgloadind   tree info number nodes 34
pgloadind   tree info number edges 33
pgloadind   Ingested tree number of external nodes 18
pgloadind   property added ot:studyPublicationReference "Dentinger B., & Mclaughlin D. 2006. Reconstructing the Clavariaceae using nuclear large subunit rDNA sequences and a new genus segregated from Clavaria. Mycologia, 98(5): 746-762."
pgloadind   property added ot:studyPublication "http://dx.doi.org/10.3852/mycologia.98.5.746"
pgloadind   property added ot:curatorName "Romina Gazis"
pgloadind   property added ot:dataDeposit "http://purl.org/phylo/treebase/phylows/study/TB2:S1699"
pgloadind   property added ot:studyId "450"
pgloadind   property added ot:studyYear "2006"
pgloadind   property added ot:focalClade "729017"
pgloadind   property added ot:focalCladeOTTTaxonName "Clavariaceae"
pgloadind   property added ot:curatedType "MP, LSU"
pgloadind Processing tree @id "572"
pgloadind   tree info number nodes 21
pgloadind   tree info number edges 20
pgloadind   Ingested tree number of external nodes 11
pgloadind   property added ot:studyPublicationReference "Dentinger B., & Mclaughlin D. 2006. Reconstructing the Clavariaceae using nuclear large subunit rDNA sequences and a new genus segregated from Clavaria. Mycologia, 98(5): 746-762."
pgloadind   property added ot:studyPublication "http://dx.doi.org/10.3852/mycologia.98.5.746"
pgloadind   property added ot:curatorName "Romina Gazis"
pgloadind   property added ot:dataDeposit "http://purl.org/phylo/treebase/phylows/study/TB2:S1699"
pgloadind   property added ot:studyId "450"
pgloadind   property added ot:studyYear "2006"
pgloadind   property added ot:focalClade "729017"
pgloadind   property added ot:focalCladeOTTTaxonName "Clavariaceae"
pgloadind   property added ot:curatedType "MP, LSU"
pgloadind Processing tree @id "573"
pgloadind   tree info number nodes 37
pgloadind   tree info number edges 36
pgloadind   Ingested tree number of external nodes 19
pgloadind   property added ot:studyPublicationReference "Dentinger B., & Mclaughlin D. 2006. Reconstructing the Clavariaceae using nuclear large subunit rDNA sequences and a new genus segregated from Clavaria. Mycologia, 98(5): 746-762."
pgloadind   property added ot:studyPublication "http://dx.doi.org/10.3852/mycologia.98.5.746"
pgloadind   property added ot:curatorName "Romina Gazis"
pgloadind   property added ot:dataDeposit "http://purl.org/phylo/treebase/phylows/study/TB2:S1699"
pgloadind   property added ot:studyId "450"
pgloadind   property added ot:studyYear "2006"
pgloadind   property added ot:focalClade "729017"
pgloadind   property added ot:focalCladeOTTTaxonName "Clavariaceae"
pgloadind   property added ot:curatedType "MP, LSU"
pgloadind Processing tree @id "574"
pgloadind   tree info number nodes 36
pgloadind   tree info number edges 35
pgloadind   Ingested tree number of external nodes 19
pgloadind   property added ot:studyPublicationReference "Dentinger B., & Mclaughlin D. 2006. Reconstructing the Clavariaceae using nuclear large subunit rDNA sequences and a new genus segregated from Clavaria. Mycologia, 98(5): 746-762."
pgloadind   property added ot:studyPublication "http://dx.doi.org/10.3852/mycologia.98.5.746"
pgloadind   property added ot:curatorName "Romina Gazis"
pgloadind   property added ot:dataDeposit "http://purl.org/phylo/treebase/phylows/study/TB2:S1699"
pgloadind   property added ot:studyId "450"
pgloadind   property added ot:studyYear "2006"
pgloadind   property added ot:focalClade "729017"
pgloadind   property added ot:focalCladeOTTTaxonName "Clavariaceae"
pgloadind   property added ot:curatedType "MP, LSU"
pgloadind Processing tree @id "575"
pgloadind   tree info number nodes 20
pgloadind   tree info number edges 19
pgloadind   Ingested tree number of external nodes 11
pgloadind   property added ot:studyPublicationReference "Dentinger B., & Mclaughlin D. 2006. Reconstructing the Clavariaceae using nuclear large subunit rDNA sequences and a new genus segregated from Clavaria. Mycologia, 98(5): 746-762."
pgloadind   property added ot:studyPublication "http://dx.doi.org/10.3852/mycologia.98.5.746"
pgloadind   property added ot:curatorName "Romina Gazis"
pgloadind   property added ot:dataDeposit "http://purl.org/phylo/treebase/phylows/study/TB2:S1699"
pgloadind   property added ot:studyId "450"
pgloadind   property added ot:studyYear "2006"
pgloadind   property added ot:focalClade "729017"
pgloadind   property added ot:focalCladeOTTTaxonName "Clavariaceae"
pgloadind   property added ot:curatedType "MP, LSU"
loading a specific tree: 574
skipping tree: 571
skipping tree: 572
skipping tree: 573
skipping tree: 575
pgloadind conducting TNRS on trees
pgloadind   name fixing on tree tree id "574"
pgloadind     OTT ID missing name "Physalacria aff. orinocensis" nexsonid "node314720"
pgloadind     OTT ID missing name "Gloiocephala sp. TENN7573" nexsonid "node314735"
pgloadind   TNRS unmatched total number 1
pgloadind     TNRS resolved ottId OTT ID 657786 name "Physalacria aff. orinocensis" searched on "Physalacria aff. orinocensis" nexsonid "node314720"
pgloadind     pruning unmapped name "Gloiocephala sp. TENN7573" nexsonid "node314735"
pgloadind     OTT ID reused in tree
pgloadind       duplicate name "Armillaria" nexsonid "node314737"
pgloadind       duplicate OTT ID 376122
pgloadind     overlapping tips
pgloadind       overlapping retained name "Armillaria tabescens" nexsonid "node314703"
pgloadind       overlapping pruned name "Armillaria" nexsonid "node314706"
pgloadind     overlapping tips
pgloadind       overlapping retained name "Physalacria corticola" nexsonid "node314716"
pgloadind       overlapping pruned name "Physalacria" nexsonid "node314719"
pgloadind     pruning dups and overlapping name "Armillaria" nexsonid "node314737"
pgloadind     pruning dups and overlapping name "Armillaria" nexsonid "node314706"
pgloadind     pruning dups and overlapping name "Physalacria" nexsonid "node314719"
pgloadind   postpruning newick tree "(Armillaria_tabescens,(((((((((Physalacria_corticola,(Physalacria_maipoensis,Physalacria_aff_orinocensis)),(Physalacria_inflata,Gloiocephala_spathularia)),Rhodotus_palmatus),((Hymenopellis_megalospora,Hymenopellis_furfuracea),Oudemansiella_canarii)),Flammulina_velutipes),Strobilurus_trullisatus),Rhizomarasmius_pyrrhocephalus),Cyptotrama_asprata),Gloiocephala_cornelii))"
pgloadind   taxon mapping summary
pgloadind     taxon mapping OTT ID 952149 taxonomy "Armillaria tabescens->Armillaria->Physalacriaceae->Agaricales->Agaricomycetidae->Agaricomycetes->Agaricomycotina->Basidiomycota->Dikarya->Fungi->Nucletmycea->Opisthokonta->Eukaryota->cellular organisms->life" nexsonid "node314703"
pgloadind     taxon mapping OTT ID 590571 taxonomy "Physalacria corticola->Physalacria->Physalacriaceae->Agaricales->Agaricomycetidae->Agaricomycetes->Agaricomycotina->Basidiomycota->Dikarya->Fungi->Nucletmycea->Opisthokonta->Eukaryota->cellular organisms->life" nexsonid "node314716"
pgloadind     taxon mapping OTT ID 801486 taxonomy "Physalacria maipoensis->Physalacria->Physalacriaceae->Agaricales->Agaricomycetidae->Agaricomycetes->Agaricomycotina->Basidiomycota->Dikarya->Fungi->Nucletmycea->Opisthokonta->Eukaryota->cellular organisms->life" nexsonid "node314718"
pgloadind     taxon mapping OTT ID 657786 taxonomy "Physalacria aff. orinocensis->Physalacria->Physalacriaceae->Agaricales->Agaricomycetidae->Agaricomycetes->Agaricomycotina->Basidiomycota->Dikarya->Fungi->Nucletmycea->Opisthokonta->Eukaryota->cellular organisms->life" nexsonid "node314720"
pgloadind     taxon mapping OTT ID 619100 taxonomy "Physalacria inflata->Physalacria->Physalacriaceae->Agaricales->Agaricomycetidae->Agaricomycetes->Agaricomycotina->Basidiomycota->Dikarya->Fungi->Nucletmycea->Opisthokonta->Eukaryota->cellular organisms->life" nexsonid "node314722"
pgloadind     taxon mapping OTT ID 765466 taxonomy "Gloiocephala spathularia->Marasmius->Marasmiaceae->Agaricales->Agaricomycetidae->Agaricomycetes->Agaricomycotina->Basidiomycota->Dikarya->Fungi->Nucletmycea->Opisthokonta->Eukaryota->cellular organisms->life" nexsonid "node314723"
pgloadind     taxon mapping OTT ID 964608 taxonomy "Rhodotus palmatus->Rhodotus->Physalacriaceae->Agaricales->Agaricomycetidae->Agaricomycetes->Agaricomycotina->Basidiomycota->Dikarya->Fungi->Nucletmycea->Opisthokonta->Eukaryota->cellular organisms->life" nexsonid "node314724"
pgloadind     taxon mapping OTT ID 1088223 taxonomy "Hymenopellis megalospora->Hymenopellis->Physalacriaceae->Agaricales->Agaricomycetidae->Agaricomycetes->Agaricomycotina->Basidiomycota->Dikarya->Fungi->Nucletmycea->Opisthokonta->Eukaryota->cellular organisms->life" nexsonid "node314727"
pgloadind     taxon mapping OTT ID 561711 taxonomy "Hymenopellis furfuracea->Hymenopellis->Physalacriaceae->Agaricales->Agaricomycetidae->Agaricomycetes->Agaricomycotina->Basidiomycota->Dikarya->Fungi->Nucletmycea->Opisthokonta->Eukaryota->cellular organisms->life" nexsonid "node314728"
pgloadind     taxon mapping OTT ID 30172 taxonomy "Oudemansiella canarii->Oudemansiella->Physalacriaceae->Agaricales->Agaricomycetidae->Agaricomycetes->Agaricomycotina->Basidiomycota->Dikarya->Fungi->Nucletmycea->Opisthokonta->Eukaryota->cellular organisms->life" nexsonid "node314729"
pgloadind     taxon mapping OTT ID 239671 taxonomy "Flammulina velutipes->Flammulina->Physalacriaceae->Agaricales->Agaricomycetidae->Agaricomycetes->Agaricomycotina->Basidiomycota->Dikarya->Fungi->Nucletmycea->Opisthokonta->Eukaryota->cellular organisms->life" nexsonid "node314730"
pgloadind     taxon mapping OTT ID 964609 taxonomy "Strobilurus trullisatus->Strobilurus->Physalacriaceae->Agaricales->Agaricomycetidae->Agaricomycetes->Agaricomycotina->Basidiomycota->Dikarya->Fungi->Nucletmycea->Opisthokonta->Eukaryota->cellular organisms->life" nexsonid "node314731"
pgloadind     taxon mapping OTT ID 518850 taxonomy "Rhizomarasmius pyrrhocephalus->Rhizomarasmius->Physalacriaceae->Agaricales->Agaricomycetidae->Agaricomycetes->Agaricomycotina->Basidiomycota->Dikarya->Fungi->Nucletmycea->Opisthokonta->Eukaryota->cellular organisms->life" nexsonid "node314732"
pgloadind     taxon mapping OTT ID 1096213 taxonomy "Cyptotrama asprata->Cyptotrama->Physalacriaceae->Agaricales->Agaricomycetidae->Agaricomycetes->Agaricomycotina->Basidiomycota->Dikarya->Fungi->Nucletmycea->Opisthokonta->Eukaryota->cellular organisms->life" nexsonid "node314734"
pgloadind     taxon mapping OTT ID 1071219 taxonomy "Gloiocephala cornelii->Marasmius->Marasmiaceae->Agaricales->Agaricomycetidae->Agaricomycetes->Agaricomycotina->Basidiomycota->Dikarya->Fungi->Nucletmycea->Opisthokonta->Eukaryota->cellular organisms->life" nexsonid "node314736"
done fixing name
pgloadind Finished with attempts to fix names
pgloadind   Checking for uniqueness of OTT IDs tree id "574"
pgloadind   Adding tree to graph tree id "574"
all trees have all taxa: false
	using bipartition technique
attempting to remap tips to deepest exemplified taxa
	Armillaria tabescens was remapped to 'Armillaria' (id=326168)
	Rhizomarasmius pyrrhocephalus was remapped to 'Rhizomarasmius' (id=326157)
	Cyptotrama asprata was remapped to 'Cyptotrama' (id=326006)
	Flammulina velutipes was remapped to 'Flammulina' (id=326537)
	Rhodotus palmatus was remapped to 'Rhodotus' (id=326107)
	Oudemansiella canarii was remapped to 'Oudemansiella' (id=326569)
	Strobilurus trullisatus was remapped to 'Strobilurus' (id=326121)
this is the ROOT
placing root in index
Dealing with metadata property: id
Dealing with metadata property: ot:studyPublicationReference
Adding property 'ot:studyPublicationReference': Dentinger B., & Mclaughlin D. 2006. Reconstructing the Clavariaceae using nuclear large subunit rDNA sequences and a new genus segregated from Clavaria. Mycologia, 98(5): 746-762.
Dealing with metadata property: ot:focalCladeOTTTaxonName
Adding property 'ot:focalCladeOTTTaxonName': Clavariaceae
Dealing with metadata property: ot:studyYear
Adding property 'ot:studyYear': 2006
Dealing with metadata property: ot:curatorName
Adding property 'ot:curatorName': Romina Gazis
Dealing with metadata property: ot:studyPublication
Adding property 'ot:studyPublication': http://dx.doi.org/10.3852/mycologia.98.5.746
Dealing with metadata property: ot:focalClade
Adding property 'ot:focalClade': 729017
Dealing with metadata property: ot:curatedType
Adding property 'ot:curatedType': MP, LSU
Dealing with metadata property: ot:studyId
Adding property 'ot:studyId': 450
Dealing with metadata property: ot:dataDeposit
Adding property 'ot:dataDeposit': http://purl.org/phylo/treebase/phylows/study/TB2:S1699
Committing nodes: 29
