pgloadind OTUs number 50
pgloadind Processing tree @id "6678"
pgloadind   tree info number nodes 59
pgloadind   tree info number edges 58
pgloadind   tree info ingroup "node1164657"
pgloadind   Setting ingroup root node.
pgloadind   Ingested tree number of external nodes 27
pgloadind   property added ot:studyPublicationReference "Otalora, M., Aragon G., Molina M., Martinez I., & Lutzoni F. 2010. Disentangling the Collema-Leptogium complex through a molecular phylogenetic study of the Collemataceae (Peltigerales, lichen-forming Ascomycota). Mycologia 102 (2): 279-290."
pgloadind   property added ot:studyPublication "http://dx.doi.org/10.3852/09-114"
pgloadind   property added ot:curatorName "Romina Gazis"
pgloadind   property added ot:dataDeposit "http://purl.org/phylo/treebase/phylows/study/TB2:S10079"
pgloadind   property added ot:studyId "501"
pgloadind   property added ot:studyYear "2010"
pgloadind   property added ot:focalClade "132429"
pgloadind   property added ot:focalCladeOTTTaxonName "Collemataceae"
pgloadind   property added ot:inGroupClade "node1164657"
pgloadind   property added ot:curatedType "Fig. 1 BI, mtSSU, + LSU (rooted)"
pgloadind Processing tree @id "6679"
pgloadind   tree info number nodes 66
pgloadind   tree info number edges 65
pgloadind   tree info ingroup "node1164717"
pgloadind   Setting ingroup root node.
pgloadind   Ingested tree number of external nodes 37
pgloadind   property added ot:studyPublicationReference "Otalora, M., Aragon G., Molina M., Martinez I., & Lutzoni F. 2010. Disentangling the Collema-Leptogium complex through a molecular phylogenetic study of the Collemataceae (Peltigerales, lichen-forming Ascomycota). Mycologia 102 (2): 279-290."
pgloadind   property added ot:studyPublication "http://dx.doi.org/10.3852/09-114"
pgloadind   property added ot:curatorName "Romina Gazis"
pgloadind   property added ot:dataDeposit "http://purl.org/phylo/treebase/phylows/study/TB2:S10079"
pgloadind   property added ot:studyId "501"
pgloadind   property added ot:studyYear "2010"
pgloadind   property added ot:focalClade "132429"
pgloadind   property added ot:focalCladeOTTTaxonName "Collemataceae"
pgloadind   property added ot:inGroupClade "node1164717"
pgloadind   property added ot:curatedType "Fig. 2 Bayesian consensus"
loading a specific tree: 6678
skipping tree: 6679
pgloadind conducting TNRS on trees
pgloadind   name fixing on tree tree id "6678"
pgloadind   all nodes have ottIds
pgloadind     OTT ID reused in tree
pgloadind       duplicate name "Staurolemma omphalarioides" nexsonid "node1164666"
pgloadind       duplicate OTT ID 948381
pgloadind     pruning dups and overlapping name "Staurolemma omphalarioides" nexsonid "node1164666"
pgloadind   postpruning newick tree "(((((((Staurolemma_weberi,Staurolemma_omphalarioides),Pannaria_rubiginosa),(Fuscopannaria_ignobilis,Protopannaria_pezizoides)),Psoroma_hypnorum),Physma_byrsaeum),Degelia_plumbea),((((((Leptogium_tenuissimum,((Collema_fragrans,Leptogium_lichenoides),Leptogium_magnussonii)),Leptogium_schraderi),((Collema_undulatum,Collema_auriforme),Collema_polycarpon)),(((((Leptogium_furfuraceum,Leptogium_pseudofurfuraceum),Leptogium_cyanescens),((Collema_nigrescens,Collema_furfuraceum),Leptogium_saturninum)),Collema_tenax),Collema_callopismum)),Collema_multipartitum),Placynthium_nigrum))"
pgloadind   taxon mapping summary
pgloadind     taxon mapping OTT ID 948380 taxonomy "Staurolemma weberi->Staurolemma->Pannariaceae->Collematineae->Peltigerales->Lecanoromycetidae->Lecanoromycetes->Leotiomyceta->Pezizomycotina->saccharomyceta->Ascomycota->Dikarya->Fungi->Nucletmycea->Opisthokonta->Eukaryota->cellular organisms->life" nexsonid "node1164667"
pgloadind     taxon mapping OTT ID 948381 taxonomy "Staurolemma omphalarioides->Staurolemma->Pannariaceae->Collematineae->Peltigerales->Lecanoromycetidae->Lecanoromycetes->Leotiomyceta->Pezizomycotina->saccharomyceta->Ascomycota->Dikarya->Fungi->Nucletmycea->Opisthokonta->Eukaryota->cellular organisms->life" nexsonid "node1164665"
pgloadind     taxon mapping OTT ID 10552 taxonomy "Pannaria rubiginosa->Pannaria->Pannariaceae->Collematineae->Peltigerales->Lecanoromycetidae->Lecanoromycetes->Leotiomyceta->Pezizomycotina->saccharomyceta->Ascomycota->Dikarya->Fungi->Nucletmycea->Opisthokonta->Eukaryota->cellular organisms->life" nexsonid "node1164668"
pgloadind     taxon mapping OTT ID 376247 taxonomy "Fuscopannaria ignobilis->Fuscopannaria->Pannariaceae->Collematineae->Peltigerales->Lecanoromycetidae->Lecanoromycetes->Leotiomyceta->Pezizomycotina->saccharomyceta->Ascomycota->Dikarya->Fungi->Nucletmycea->Opisthokonta->Eukaryota->cellular organisms->life" nexsonid "node1164670"
pgloadind     taxon mapping OTT ID 10559 taxonomy "Protopannaria pezizoides->Protopannaria->Pannariaceae->Collematineae->Peltigerales->Lecanoromycetidae->Lecanoromycetes->Leotiomyceta->Pezizomycotina->saccharomyceta->Ascomycota->Dikarya->Fungi->Nucletmycea->Opisthokonta->Eukaryota->cellular organisms->life" nexsonid "node1164671"
pgloadind     taxon mapping OTT ID 10545 taxonomy "Psoroma hypnorum->Psoroma->Pannariaceae->Collematineae->Peltigerales->Lecanoromycetidae->Lecanoromycetes->Leotiomyceta->Pezizomycotina->saccharomyceta->Ascomycota->Dikarya->Fungi->Nucletmycea->Opisthokonta->Eukaryota->cellular organisms->life" nexsonid "node1164672"
pgloadind     taxon mapping OTT ID 948384 taxonomy "Physma byrsaeum->Physma->Pannariaceae->Collematineae->Peltigerales->Lecanoromycetidae->Lecanoromycetes->Leotiomyceta->Pezizomycotina->saccharomyceta->Ascomycota->Dikarya->Fungi->Nucletmycea->Opisthokonta->Eukaryota->cellular organisms->life" nexsonid "node1164673"
pgloadind     taxon mapping OTT ID 583157 taxonomy "Degelia plumbea->Degelia->Pannariaceae->Collematineae->Peltigerales->Lecanoromycetidae->Lecanoromycetes->Leotiomyceta->Pezizomycotina->saccharomyceta->Ascomycota->Dikarya->Fungi->Nucletmycea->Opisthokonta->Eukaryota->cellular organisms->life" nexsonid "node1164674"
pgloadind     taxon mapping OTT ID 948387 taxonomy "Leptogium tenuissimum->Leptogium->Collemataceae->Collematineae->Peltigerales->Lecanoromycetidae->Lecanoromycetes->Leotiomyceta->Pezizomycotina->saccharomyceta->Ascomycota->Dikarya->Fungi->Nucletmycea->Opisthokonta->Eukaryota->cellular organisms->life" nexsonid "node1164681"
pgloadind     taxon mapping OTT ID 694488 taxonomy "Collema fragrans->Collema->Collemataceae->Collematineae->Peltigerales->Lecanoromycetidae->Lecanoromycetes->Leotiomyceta->Pezizomycotina->saccharomyceta->Ascomycota->Dikarya->Fungi->Nucletmycea->Opisthokonta->Eukaryota->cellular organisms->life" nexsonid "node1164684"
pgloadind     taxon mapping OTT ID 572810 taxonomy "Leptogium lichenoides->Leptogium->Collemataceae->Collematineae->Peltigerales->Lecanoromycetidae->Lecanoromycetes->Leotiomyceta->Pezizomycotina->saccharomyceta->Ascomycota->Dikarya->Fungi->Nucletmycea->Opisthokonta->Eukaryota->cellular organisms->life" nexsonid "node1164685"
pgloadind     taxon mapping OTT ID 171646 taxonomy "Leptogium magnussonii->Leptogium->Collemataceae->Collematineae->Peltigerales->Lecanoromycetidae->Lecanoromycetes->Leotiomyceta->Pezizomycotina->saccharomyceta->Ascomycota->Dikarya->Fungi->Nucletmycea->Opisthokonta->Eukaryota->cellular organisms->life" nexsonid "node1164686"
pgloadind     taxon mapping OTT ID 1018031 taxonomy "Leptogium schraderi->Leptogium->Collemataceae->Collematineae->Peltigerales->Lecanoromycetidae->Lecanoromycetes->Leotiomyceta->Pezizomycotina->saccharomyceta->Ascomycota->Dikarya->Fungi->Nucletmycea->Opisthokonta->Eukaryota->cellular organisms->life" nexsonid "node1164687"
pgloadind     taxon mapping OTT ID 1068878 taxonomy "Collema undulatum->Collema->Collemataceae->Collematineae->Peltigerales->Lecanoromycetidae->Lecanoromycetes->Leotiomyceta->Pezizomycotina->saccharomyceta->Ascomycota->Dikarya->Fungi->Nucletmycea->Opisthokonta->Eukaryota->cellular organisms->life" nexsonid "node1164690"
pgloadind     taxon mapping OTT ID 120328 taxonomy "Collema auriforme->Collema->Collemataceae->Collematineae->Peltigerales->Lecanoromycetidae->Lecanoromycetes->Leotiomyceta->Pezizomycotina->saccharomyceta->Ascomycota->Dikarya->Fungi->Nucletmycea->Opisthokonta->Eukaryota->cellular organisms->life" nexsonid "node1164691"
pgloadind     taxon mapping OTT ID 694492 taxonomy "Collema polycarpon->Collema->Collemataceae->Collematineae->Peltigerales->Lecanoromycetidae->Lecanoromycetes->Leotiomyceta->Pezizomycotina->saccharomyceta->Ascomycota->Dikarya->Fungi->Nucletmycea->Opisthokonta->Eukaryota->cellular organisms->life" nexsonid "node1164692"
pgloadind     taxon mapping OTT ID 171645 taxonomy "Leptogium furfuraceum->Leptogium->Collemataceae->Collematineae->Peltigerales->Lecanoromycetidae->Lecanoromycetes->Leotiomyceta->Pezizomycotina->saccharomyceta->Ascomycota->Dikarya->Fungi->Nucletmycea->Opisthokonta->Eukaryota->cellular organisms->life" nexsonid "node1164698"
pgloadind     taxon mapping OTT ID 171647 taxonomy "Leptogium pseudofurfuraceum->Leptogium->Collemataceae->Collematineae->Peltigerales->Lecanoromycetidae->Lecanoromycetes->Leotiomyceta->Pezizomycotina->saccharomyceta->Ascomycota->Dikarya->Fungi->Nucletmycea->Opisthokonta->Eukaryota->cellular organisms->life" nexsonid "node1164699"
pgloadind     taxon mapping OTT ID 494788 taxonomy "Leptogium cyanescens->Leptogium->Collemataceae->Collematineae->Peltigerales->Lecanoromycetidae->Lecanoromycetes->Leotiomyceta->Pezizomycotina->saccharomyceta->Ascomycota->Dikarya->Fungi->Nucletmycea->Opisthokonta->Eukaryota->cellular organisms->life" nexsonid "node1164700"
pgloadind     taxon mapping OTT ID 694489 taxonomy "Collema nigrescens->Collema->Collemataceae->Collematineae->Peltigerales->Lecanoromycetidae->Lecanoromycetes->Leotiomyceta->Pezizomycotina->saccharomyceta->Ascomycota->Dikarya->Fungi->Nucletmycea->Opisthokonta->Eukaryota->cellular organisms->life" nexsonid "node1164703"
pgloadind     taxon mapping OTT ID 572807 taxonomy "Collema furfuraceum->Collema->Collemataceae->Collematineae->Peltigerales->Lecanoromycetidae->Lecanoromycetes->Leotiomyceta->Pezizomycotina->saccharomyceta->Ascomycota->Dikarya->Fungi->Nucletmycea->Opisthokonta->Eukaryota->cellular organisms->life" nexsonid "node1164704"
pgloadind     taxon mapping OTT ID 572809 taxonomy "Leptogium saturninum->Leptogium->Collemataceae->Collematineae->Peltigerales->Lecanoromycetidae->Lecanoromycetes->Leotiomyceta->Pezizomycotina->saccharomyceta->Ascomycota->Dikarya->Fungi->Nucletmycea->Opisthokonta->Eukaryota->cellular organisms->life" nexsonid "node1164705"
pgloadind     taxon mapping OTT ID 694491 taxonomy "Collema tenax->Collema->Collemataceae->Collematineae->Peltigerales->Lecanoromycetidae->Lecanoromycetes->Leotiomyceta->Pezizomycotina->saccharomyceta->Ascomycota->Dikarya->Fungi->Nucletmycea->Opisthokonta->Eukaryota->cellular organisms->life" nexsonid "node1164706"
pgloadind     taxon mapping OTT ID 694484 taxonomy "Collema callopismum->Collema->Collemataceae->Collematineae->Peltigerales->Lecanoromycetidae->Lecanoromycetes->Leotiomyceta->Pezizomycotina->saccharomyceta->Ascomycota->Dikarya->Fungi->Nucletmycea->Opisthokonta->Eukaryota->cellular organisms->life" nexsonid "node1164707"
pgloadind     taxon mapping OTT ID 694490 taxonomy "Collema multipartitum->Collema->Collemataceae->Collematineae->Peltigerales->Lecanoromycetidae->Lecanoromycetes->Leotiomyceta->Pezizomycotina->saccharomyceta->Ascomycota->Dikarya->Fungi->Nucletmycea->Opisthokonta->Eukaryota->cellular organisms->life" nexsonid "node1164708"
pgloadind     taxon mapping OTT ID 422203 taxonomy "Placynthium nigrum->Placynthium->Placynthiaceae->Collematineae->Peltigerales->Lecanoromycetidae->Lecanoromycetes->Leotiomyceta->Pezizomycotina->saccharomyceta->Ascomycota->Dikarya->Fungi->Nucletmycea->Opisthokonta->Eukaryota->cellular organisms->life" nexsonid "node1164709"
done fixing name
pgloadind Finished with attempts to fix names
pgloadind   Checking for uniqueness of OTT IDs tree id "6678"
pgloadind   Adding tree to graph tree id "6678"
all trees have all taxa: false
	using bipartition technique
attempting to remap tips to deepest exemplified taxa
	Pannaria rubiginosa was remapped to 'Pannaria' (id=214439)
	Degelia plumbea was remapped to 'Degelia' (id=214302)
	Protopannaria pezizoides was remapped to 'Protopannaria' (id=214210)
	Physma byrsaeum was remapped to 'Physma' (id=214249)
	Fuscopannaria ignobilis was remapped to 'Fuscopannaria' (id=214126)
	Placynthium nigrum was remapped to 'Placynthiaceae' (id=213947)
	Psoroma hypnorum was remapped to 'Psoroma' (id=214866)
this is the ROOT
placing root in index
Dealing with metadata property: id
Dealing with metadata property: ot:studyPublicationReference
Adding property 'ot:studyPublicationReference': Otalora, M., Aragon G., Molina M., Martinez I., & Lutzoni F. 2010. Disentangling the Collema-Leptogium complex through a molecular phylogenetic study of the Collemataceae (Peltigerales, lichen-forming Ascomycota). Mycologia 102 (2): 279-290.
Dealing with metadata property: ot:focalCladeOTTTaxonName
Adding property 'ot:focalCladeOTTTaxonName': Collemataceae
Dealing with metadata property: ot:studyYear
Adding property 'ot:studyYear': 2010
Dealing with metadata property: ot:inGroupClade
Adding property 'ot:inGroupClade': node1164657
Dealing with metadata property: ot:curatorName
Adding property 'ot:curatorName': Romina Gazis
Dealing with metadata property: ot:studyPublication
Adding property 'ot:studyPublication': http://dx.doi.org/10.3852/09-114
Dealing with metadata property: ot:focalClade
Adding property 'ot:focalClade': 132429
Dealing with metadata property: ot:curatedType
Adding property 'ot:curatedType': Fig. 1 BI, mtSSU, + LSU (rooted)
Dealing with metadata property: ot:studyId
Adding property 'ot:studyId': 501
Dealing with metadata property: ot:dataDeposit
Adding property 'ot:dataDeposit': http://purl.org/phylo/treebase/phylows/study/TB2:S10079
Committing nodes: 51
