pgloadind OTUs number 115
pgloadind Processing tree @id "1194"
pgloadind   tree info number nodes 229
pgloadind   tree info number edges 228
pgloadind   tree info ingroup "node421966"
pgloadind   Setting ingroup root node.
pgloadind   Ingested tree number of external nodes 113
pgloadind   property added ot:studyPublicationReference "Crous P., Slippers B., Wingfield M.J., Rheeder J., Marasas W., Phillips A., Alves A., Burgess T., Barber P., & Groenewald J. 2006. Phylogenetic lineages in the Botryosphaeriaceae. Studies in Mycology, 55(1): 235-253."
pgloadind   property added ot:studyPublication "http://dx.doi.org/10.3114/sim.55.1.235"
pgloadind   property added ot:curatorName "Romina Gazis"
pgloadind   property added ot:dataDeposit "http://purl.org/phylo/treebase/phylows/study/TB2:S1560"
pgloadind   property added ot:studyId "669"
pgloadind   property added ot:studyYear "2006"
pgloadind   property added ot:focalClade "33903"
pgloadind   property added ot:focalCladeOTTTaxonName "Botryosphaeriaceae"
pgloadind   property added ot:tag "NJ"
pgloadind   property added ot:tag "BI"
pgloadind   property added ot:tag "LSU"
pgloadind   property added ot:inGroupClade "node421966"
pgloadind   property added ot:tag "NJ"
pgloadind   property added ot:tag "LSU"
pgloadind   property added ot:curatedType "NJ, LSU"
pgloadind Processing tree @id "1195"
pgloadind   tree info number nodes 173
pgloadind   tree info number edges 172
pgloadind   tree info ingroup "node422194"
pgloadind   Setting ingroup root node.
pgloadind   Ingested tree number of external nodes 113
pgloadind   property added ot:studyPublicationReference "Crous P., Slippers B., Wingfield M.J., Rheeder J., Marasas W., Phillips A., Alves A., Burgess T., Barber P., & Groenewald J. 2006. Phylogenetic lineages in the Botryosphaeriaceae. Studies in Mycology, 55(1): 235-253."
pgloadind   property added ot:studyPublication "http://dx.doi.org/10.3114/sim.55.1.235"
pgloadind   property added ot:curatorName "Romina Gazis"
pgloadind   property added ot:dataDeposit "http://purl.org/phylo/treebase/phylows/study/TB2:S1560"
pgloadind   property added ot:studyId "669"
pgloadind   property added ot:studyYear "2006"
pgloadind   property added ot:focalClade "33903"
pgloadind   property added ot:focalCladeOTTTaxonName "Botryosphaeriaceae"
pgloadind   property added ot:tag "NJ"
pgloadind   property added ot:tag "BI"
pgloadind   property added ot:tag "LSU"
pgloadind   property added ot:inGroupClade "node422194"
pgloadind   property added ot:tag "BI"
pgloadind   property added ot:tag "LSU"
pgloadind   property added ot:tag "Choose me"
pgloadind   property added ot:curatedType "BI, LSU"
pgloadind Processing tree @id "1196"
pgloadind   tree info number nodes 164
pgloadind   tree info number edges 163
pgloadind   tree info ingroup "node422368"
pgloadind   Setting ingroup root node.
pgloadind   Ingested tree number of external nodes 113
pgloadind   property added ot:studyPublicationReference "Crous P., Slippers B., Wingfield M.J., Rheeder J., Marasas W., Phillips A., Alves A., Burgess T., Barber P., & Groenewald J. 2006. Phylogenetic lineages in the Botryosphaeriaceae. Studies in Mycology, 55(1): 235-253."
pgloadind   property added ot:studyPublication "http://dx.doi.org/10.3114/sim.55.1.235"
pgloadind   property added ot:curatorName "Romina Gazis"
pgloadind   property added ot:dataDeposit "http://purl.org/phylo/treebase/phylows/study/TB2:S1560"
pgloadind   property added ot:studyId "669"
pgloadind   property added ot:studyYear "2006"
pgloadind   property added ot:focalClade "33903"
pgloadind   property added ot:focalCladeOTTTaxonName "Botryosphaeriaceae"
pgloadind   property added ot:tag "NJ"
pgloadind   property added ot:tag "BI"
pgloadind   property added ot:tag "LSU"
pgloadind   property added ot:inGroupClade "node422368"
pgloadind   property added ot:curatedType "StrictMissing"
pgloadind Processing tree @id "1197"
pgloadind   tree info number nodes 164
pgloadind   tree info number edges 163
pgloadind   tree info ingroup "node422532"
pgloadind   Setting ingroup root node.
pgloadind   Ingested tree number of external nodes 113
pgloadind   property added ot:studyPublicationReference "Crous P., Slippers B., Wingfield M.J., Rheeder J., Marasas W., Phillips A., Alves A., Burgess T., Barber P., & Groenewald J. 2006. Phylogenetic lineages in the Botryosphaeriaceae. Studies in Mycology, 55(1): 235-253."
pgloadind   property added ot:studyPublication "http://dx.doi.org/10.3114/sim.55.1.235"
pgloadind   property added ot:curatorName "Romina Gazis"
pgloadind   property added ot:dataDeposit "http://purl.org/phylo/treebase/phylows/study/TB2:S1560"
pgloadind   property added ot:studyId "669"
pgloadind   property added ot:studyYear "2006"
pgloadind   property added ot:focalClade "33903"
pgloadind   property added ot:focalCladeOTTTaxonName "Botryosphaeriaceae"
pgloadind   property added ot:tag "NJ"
pgloadind   property added ot:tag "BI"
pgloadind   property added ot:tag "LSU"
pgloadind   property added ot:inGroupClade "node422532"
pgloadind   property added ot:curatedType "StrictNew"
loading a specific tree: 1195
skipping tree: 1194
skipping tree: 1196
skipping tree: 1197
pgloadind conducting TNRS on trees
pgloadind   name fixing on tree tree id "1195"
pgloadind     OTT ID missing name "Diplodia sp. CPC 12442" nexsonid "node422205"
pgloadind     OTT ID missing name "Diplodia sp. CPC 12444" nexsonid "node422206"
pgloadind     OTT ID missing name "Diplodia sp. CPC 12264" nexsonid "node422207"
pgloadind     OTT ID missing name "Botryosphaeria tsugae CBS 418.64" nexsonid "node422233"
pgloadind     OTT ID missing name "Tiarosporella graminis var. karoo CBS 118718" nexsonid "node422244"
pgloadind     OTT ID missing name "Botryosphaeria sumachi CBS 217.25" nexsonid "node422247"
pgloadind     OTT ID missing name "Dichomera eucalypti CBS 118099" nexsonid "node422291"
pgloadind     OTT ID missing name "Dichomera eucalypti CBS 118100" nexsonid "node422292"
pgloadind     OTT ID missing name "Pseudofusicoccum sp. CBS 117451" nexsonid "node422309"
pgloadind     OTT ID missing name "Phyllosticta sp. CPC 12073" nexsonid "node422315"
pgloadind     OTT ID missing name "Guignardia sp. CPC 10978" nexsonid "node422324"
pgloadind     OTT ID missing name "Guignardia sp. CPC 11867" nexsonid "node422325"
pgloadind     OTT ID missing name "Phyllosticta sp. CPC 11336" nexsonid "node422326"
pgloadind     OTT ID missing name "Camarosporium sp. CPC 12441" nexsonid "node422335"
pgloadind     OTT ID missing name "Microdiplodia sp. CPC 12268" nexsonid "node422342"
pgloadind     OTT ID missing name "Phomopsis sp. CPC 12258" nexsonid "node422355"
pgloadind     OTT ID missing name "Diaporthe sp. CBS 134.42" nexsonid "node422359"
pgloadind     OTT ID missing name "Diaporthe eres AF362565" nexsonid "node422360"
pgloadind     OTT ID missing name "Phomopsis sclerotioides AF439628" nexsonid "node422362"
pgloadind     OTT ID missing name "Diaporthe pustulata AF408358" nexsonid "node422363"
pgloadind   TNRS unmatched total number 10
pgloadind     TNRS resolved ottId OTT ID 1015350 name "Phyllosticta sp. CPC 12073" searched on "Phyllosticta sp. CPC 12073" nexsonid "node422315"
pgloadind     TNRS resolved ottId OTT ID 751959 name "Diaporthe sp. CBS 134.42" searched on "Diaporthe sp. CBS 134.42" nexsonid "node422359"
pgloadind     TNRS resolved ottId OTT ID 1015349 name "Phyllosticta sp. CPC 11336" searched on "Phyllosticta sp. CPC 11336" nexsonid "node422326"
pgloadind     TNRS resolved ottId OTT ID 489345 name "Diplodia sp. CPC 12444" searched on "Diplodia sp. CPC 12444" nexsonid "node422206"
pgloadind     TNRS resolved ottId OTT ID 751953 name "Camarosporium sp. CPC 12441" searched on "Camarosporium sp. CPC 12441" nexsonid "node422335"
pgloadind     TNRS resolved ottId OTT ID 751947 name "Diplodia sp. CPC 12442" searched on "Diplodia sp. CPC 12442" nexsonid "node422205"
pgloadind     TNRS resolved ottId OTT ID 751958 name "Guignardia sp. CPC 10978" searched on "Guignardia sp. CPC 10978" nexsonid "node422324"
pgloadind     TNRS resolved ottId OTT ID 25892 name "Guignardia sp. CPC 11867" searched on "Guignardia sp. CPC 11867" nexsonid "node422325"
pgloadind     TNRS resolved ottId OTT ID 751950 name "Diplodia sp. CPC 12264" searched on "Diplodia sp. CPC 12264" nexsonid "node422207"
pgloadind     TNRS resolved ottId OTT ID 489344 name "Microdiplodia sp. CPC 12268" searched on "Microdiplodia sp. CPC 12268" nexsonid "node422342"
pgloadind     Name previously ingested into graphNamedNodes Phomopsis sp. CPC 12258 489343
pgloadind     pruning unmapped name "Dichomera eucalypti CBS 118099" nexsonid "node422291"
pgloadind     pruning unmapped name "Botryosphaeria tsugae CBS 418.64" nexsonid "node422233"
pgloadind     pruning unmapped name "Pseudofusicoccum sp. CBS 117451" nexsonid "node422309"
pgloadind     pruning unmapped name "Diaporthe eres AF362565" nexsonid "node422360"
pgloadind     pruning unmapped name "Diaporthe pustulata AF408358" nexsonid "node422363"
pgloadind     pruning unmapped name "Botryosphaeria sumachi CBS 217.25" nexsonid "node422247"
pgloadind     pruning unmapped name "Dichomera eucalypti CBS 118100" nexsonid "node422292"
pgloadind     pruning unmapped name "Phomopsis sclerotioides AF439628" nexsonid "node422362"
pgloadind     pruning unmapped name "Tiarosporella graminis var. karoo CBS 118718" nexsonid "node422244"
pgloadind     OTT ID reused in tree
pgloadind       duplicate name "Botryosphaeria stevensii" nexsonid "node422210"
pgloadind       duplicate OTT ID 305447
pgloadind     OTT ID reused in tree
pgloadind       duplicate name "Diplodia corticola" nexsonid "node422218"
pgloadind       duplicate OTT ID 488127
pgloadind     OTT ID reused in tree
pgloadind       duplicate name "Diplodia corticola" nexsonid "node422219"
pgloadind       duplicate OTT ID 488127
pgloadind     OTT ID reused in tree
pgloadind       duplicate name "Phaeobotryosphaeria porosa" nexsonid "node422223"
pgloadind       duplicate OTT ID 1074396
pgloadind     OTT ID reused in tree
pgloadind       duplicate name "Diplodia rosulata" nexsonid "node422224"
pgloadind       duplicate OTT ID 312599
pgloadind     OTT ID reused in tree
pgloadind       duplicate name "Botryosphaeria stevensii" nexsonid "node422225"
pgloadind       duplicate OTT ID 305447
pgloadind     OTT ID reused in tree
pgloadind       duplicate name "Botryosphaeria stevensii" nexsonid "node422226"
pgloadind       duplicate OTT ID 305447
pgloadind     OTT ID reused in tree
pgloadind       duplicate name "Botryosphaeria stevensii" nexsonid "node422227"
pgloadind       duplicate OTT ID 305447
pgloadind     OTT ID reused in tree
pgloadind       duplicate name "Phaeobotryosphaeria visci" nexsonid "node422231"
pgloadind       duplicate OTT ID 1055617
pgloadind     OTT ID reused in tree
pgloadind       duplicate name "Phaeobotryosphaeria visci" nexsonid "node422232"
pgloadind       duplicate OTT ID 1055617
pgloadind     OTT ID reused in tree
pgloadind       duplicate name "Lasiodiplodia theobromae" nexsonid "node422235"
pgloadind       duplicate OTT ID 33894
pgloadind     OTT ID reused in tree
pgloadind       duplicate name "Lasiodiplodia theobromae" nexsonid "node422236"
pgloadind       duplicate OTT ID 33894
pgloadind     OTT ID reused in tree
pgloadind       duplicate name "Botryosphaeria dothidea" nexsonid "node422251"
pgloadind       duplicate OTT ID 859795
pgloadind     OTT ID reused in tree
pgloadind       duplicate name "Botryosphaeria dothidea" nexsonid "node422253"
pgloadind       duplicate OTT ID 859795
pgloadind     OTT ID reused in tree
pgloadind       duplicate name "Botryosphaeria dothidea" nexsonid "node422254"
pgloadind       duplicate OTT ID 859795
pgloadind     OTT ID reused in tree
pgloadind       duplicate name "Macrophomina phaseolina" nexsonid "node422257"
pgloadind       duplicate OTT ID 606632
pgloadind     OTT ID reused in tree
pgloadind       duplicate name "Macrophomina phaseolina" nexsonid "node422258"
pgloadind       duplicate OTT ID 606632
pgloadind     OTT ID reused in tree
pgloadind       duplicate name "Macrophomina phaseolina" nexsonid "node422259"
pgloadind       duplicate OTT ID 606632
pgloadind     OTT ID reused in tree
pgloadind       duplicate name "Macrophomina phaseolina" nexsonid "node422260"
pgloadind       duplicate OTT ID 606632
pgloadind     OTT ID reused in tree
pgloadind       duplicate name "Macrophomina phaseolina" nexsonid "node422261"
pgloadind       duplicate OTT ID 606632
pgloadind     OTT ID reused in tree
pgloadind       duplicate name "Macrophomina phaseolina" nexsonid "node422262"
pgloadind       duplicate OTT ID 606632
pgloadind     OTT ID reused in tree
pgloadind       duplicate name "Macrophomina phaseolina" nexsonid "node422263"
pgloadind       duplicate OTT ID 606632
pgloadind     OTT ID reused in tree
pgloadind       duplicate name "Neoscytalidium dimidiatum" nexsonid "node422269"
pgloadind       duplicate OTT ID 1007364
pgloadind     OTT ID reused in tree
pgloadind       duplicate name "Neoscytalidium dimidiatum" nexsonid "node422270"
pgloadind       duplicate OTT ID 1007364
pgloadind     OTT ID reused in tree
pgloadind       duplicate name "Neoscytalidium dimidiatum" nexsonid "node422271"
pgloadind       duplicate OTT ID 1007364
pgloadind     OTT ID reused in tree
pgloadind       duplicate name "Dothiorella sarmentorum" nexsonid "node422277"
pgloadind       duplicate OTT ID 1074392
pgloadind     OTT ID reused in tree
pgloadind       duplicate name "Dothiorella sarmentorum" nexsonid "node422278"
pgloadind       duplicate OTT ID 1074392
pgloadind     OTT ID reused in tree
pgloadind       duplicate name "Spencermartinsia viticola" nexsonid "node422282"
pgloadind       duplicate OTT ID 1019773
pgloadind     OTT ID reused in tree
pgloadind       duplicate name "Spencermartinsia viticola" nexsonid "node422283"
pgloadind       duplicate OTT ID 1019773
pgloadind     OTT ID reused in tree
pgloadind       duplicate name "Neofusicoccum ribis" nexsonid "node422287"
pgloadind       duplicate OTT ID 33907
pgloadind     OTT ID reused in tree
pgloadind       duplicate name "Neofusicoccum parvum" nexsonid "node422289"
pgloadind       duplicate OTT ID 648285
pgloadind     OTT ID reused in tree
pgloadind       duplicate name "Neofusicoccum luteum" nexsonid "node422295"
pgloadind       duplicate OTT ID 958340
pgloadind     OTT ID reused in tree
pgloadind       duplicate name "Neofusicoccum mangiferae" nexsonid "node422298"
pgloadind       duplicate OTT ID 463039
pgloadind     OTT ID reused in tree
pgloadind       duplicate name "Neofusicoccum arbuti" nexsonid "node422301"
pgloadind       duplicate OTT ID 732983
pgloadind     OTT ID reused in tree
pgloadind       duplicate name "Neofusicoccum arbuti" nexsonid "node422302"
pgloadind       duplicate OTT ID 732983
pgloadind     OTT ID reused in tree
pgloadind       duplicate name "Neofusicoccum arbuti" nexsonid "node422303"
pgloadind       duplicate OTT ID 732983
pgloadind     OTT ID reused in tree
pgloadind       duplicate name "Neofusicoccum arbuti" nexsonid "node422304"
pgloadind       duplicate OTT ID 732983
pgloadind     OTT ID reused in tree
pgloadind       duplicate name "Phoma uvicola" nexsonid "node422320"
pgloadind       duplicate OTT ID 396956
pgloadind     OTT ID reused in tree
pgloadind       duplicate name "Pseudofusicoccum stromaticum" nexsonid "node422312"
pgloadind       duplicate OTT ID 819305
pgloadind     OTT ID reused in tree
pgloadind       duplicate name "Camarosporium quaternatum" nexsonid "node422336"
pgloadind       duplicate OTT ID 539389
pgloadind     OTT ID reused in tree
pgloadind       duplicate name "Stenocarpella maydis" nexsonid "node422349"
pgloadind       duplicate OTT ID 1046571
pgloadind     OTT ID reused in tree
pgloadind       duplicate name "Stenocarpella maydis" nexsonid "node422350"
pgloadind       duplicate OTT ID 1046571
pgloadind     pruning dups and overlapping name "Dothiorella sarmentorum" nexsonid "node422277"
pgloadind     pruning dups and overlapping name "Macrophomina phaseolina" nexsonid "node422261"
pgloadind     pruning dups and overlapping name "Macrophomina phaseolina" nexsonid "node422258"
pgloadind     pruning dups and overlapping name "Botryosphaeria dothidea" nexsonid "node422254"
pgloadind     pruning dups and overlapping name "Diplodia corticola" nexsonid "node422218"
pgloadind     pruning dups and overlapping name "Dothiorella sarmentorum" nexsonid "node422278"
pgloadind     pruning dups and overlapping name "Macrophomina phaseolina" nexsonid "node422263"
pgloadind     pruning dups and overlapping name "Pseudofusicoccum stromaticum" nexsonid "node422312"
pgloadind     pruning dups and overlapping name "Lasiodiplodia theobromae" nexsonid "node422236"
pgloadind     pruning dups and overlapping name "Diplodia corticola" nexsonid "node422219"
pgloadind     pruning dups and overlapping name "Camarosporium quaternatum" nexsonid "node422336"
pgloadind     pruning dups and overlapping name "Neofusicoccum mangiferae" nexsonid "node422298"
pgloadind     pruning dups and overlapping name "Lasiodiplodia theobromae" nexsonid "node422235"
pgloadind     pruning dups and overlapping name "Phaeobotryosphaeria visci" nexsonid "node422231"
pgloadind     pruning dups and overlapping name "Diplodia rosulata" nexsonid "node422224"
pgloadind     pruning dups and overlapping name "Spencermartinsia viticola" nexsonid "node422282"
pgloadind     pruning dups and overlapping name "Phoma uvicola" nexsonid "node422320"
pgloadind     pruning dups and overlapping name "Macrophomina phaseolina" nexsonid "node422259"
pgloadind     pruning dups and overlapping name "Neofusicoccum luteum" nexsonid "node422295"
pgloadind     pruning dups and overlapping name "Neofusicoccum ribis" nexsonid "node422287"
pgloadind     pruning dups and overlapping name "Botryosphaeria stevensii" nexsonid "node422210"
pgloadind     pruning dups and overlapping name "Neoscytalidium dimidiatum" nexsonid "node422271"
pgloadind     pruning dups and overlapping name "Neofusicoccum arbuti" nexsonid "node422304"
pgloadind     pruning dups and overlapping name "Botryosphaeria stevensii" nexsonid "node422225"
pgloadind     pruning dups and overlapping name "Botryosphaeria dothidea" nexsonid "node422253"
pgloadind     pruning dups and overlapping name "Neofusicoccum arbuti" nexsonid "node422301"
pgloadind     pruning dups and overlapping name "Phaeobotryosphaeria visci" nexsonid "node422232"
pgloadind     pruning dups and overlapping name "Phaeobotryosphaeria porosa" nexsonid "node422223"
pgloadind     pruning dups and overlapping name "Botryosphaeria stevensii" nexsonid "node422227"
pgloadind     pruning dups and overlapping name "Neoscytalidium dimidiatum" nexsonid "node422269"
pgloadind     pruning dups and overlapping name "Stenocarpella maydis" nexsonid "node422350"
pgloadind     pruning dups and overlapping name "Macrophomina phaseolina" nexsonid "node422262"
pgloadind     pruning dups and overlapping name "Spencermartinsia viticola" nexsonid "node422283"
pgloadind     pruning dups and overlapping name "Stenocarpella maydis" nexsonid "node422349"
pgloadind     pruning dups and overlapping name "Neofusicoccum arbuti" nexsonid "node422303"
pgloadind     pruning dups and overlapping name "Neofusicoccum arbuti" nexsonid "node422302"
pgloadind     pruning dups and overlapping name "Neoscytalidium dimidiatum" nexsonid "node422270"
pgloadind     pruning dups and overlapping name "Botryosphaeria stevensii" nexsonid "node422226"
pgloadind     pruning dups and overlapping name "Botryosphaeria dothidea" nexsonid "node422251"
pgloadind     pruning dups and overlapping name "Neofusicoccum parvum" nexsonid "node422289"
pgloadind     pruning dups and overlapping name "Macrophomina phaseolina" nexsonid "node422257"
pgloadind     pruning dups and overlapping name "Macrophomina phaseolina" nexsonid "node422260"
pgloadind   postpruning newick tree "(((((((((Botryosphaeria_stevensii,(Diplodia_sp_CPC_12442,Diplodia_sp_CPC_12444,Diplodia_sp_CPC_12264)),Lasiodiplodia_theobromae),(Sphaeropsis_conspersa,Diplodia_seriata),(Lasiodiplodia_gonubiensis,Lasiodiplodia_venezuelensis),Lasiodiplodia_rubropurpurea,Phaeobotryosphaeria_porosa,Diplodia_rosulata,Sphaeropsis_sapinea,(Diplodia_cajani,Diplodia_laelio-cattleyae,Physalospora_zeicola),Neodeightonia_subglobosa,Lasiodiplodia_crassispora,(Tiarosporella_madreeya,Tiarosporella_tritici),Diplodia_corticola,Phaeobotryosphaeria_visci),((Botryosphaeria_dothidea,Gibberella_zeae),Macrophomina_phaseolina),(Botryosphaeria_mamane,Neoscytalidium_dimidiatum)),((Dothiorella_iberica,Dothiorella_sarmentorum,Diplodia_juglandis,Spencermartinsia_viticola),((Neofusicoccum_ribis,Neofusicoccum_parvum,Neofusicoccum_mangiferae,Neofusicoccum_luteum),(Neofusicoccum_arbuti,Neofusicoccum_andinum),Dichomera_versiformis))),(((Phyllosticta_sp_CPC_12073,((Guignardia_philoprina,Phoma_uvicola),((Guignardia_sp_CPC_10978,Guignardia_sp_CPC_11867),Phyllosticta_sp_CPC_11336))),Phyllosticta_citricarpa),Pseudofusicoccum_stromaticum)),Botryosphaeria_quercuum,Saccharata_proteae),(((Camarosporium_quaternatum,Camarosporium_sp_CPC_12441),((Karstenula_rhodostoma,(Letendraea_helminthicola,Microdiplodia_sp_CPC_12268)),Byssothecium_circinans)),Phyllosticta_flevolandica)),(Stenocarpella_macrospora,Stenocarpella_maydis,((Diaporthe_denigrata,(Phomopsis_sp_CPC_12258,Taeniolella_alta)),(Allantoporthe_decedens,Diaporthe_sp_CBS_134_42))))"
pgloadind   taxon mapping summary
pgloadind     taxon mapping OTT ID 305447 taxonomy "Botryosphaeria stevensii->Botryosphaeria->Botryosphaeriaceae->Botryosphaeriales->Dothideomycetes->Dothideomyceta->Leotiomyceta->Pezizomycotina->saccharomyceta->Ascomycota->Dikarya->Fungi->Nucletmycea->Opisthokonta->Eukaryota->cellular organisms->life" nexsonid "node422203"
pgloadind     taxon mapping OTT ID 751947 taxonomy "Diplodia sp. CPC 12442->Diplodia->Botryosphaeriaceae->Botryosphaeriales->Dothideomycetes->Dothideomyceta->Leotiomyceta->Pezizomycotina->saccharomyceta->Ascomycota->Dikarya->Fungi->Nucletmycea->Opisthokonta->Eukaryota->cellular organisms->life" nexsonid "node422205"
pgloadind     taxon mapping OTT ID 489345 taxonomy "Diplodia sp. CPC 12444->Diplodia->Botryosphaeriaceae->Botryosphaeriales->Dothideomycetes->Dothideomyceta->Leotiomyceta->Pezizomycotina->saccharomyceta->Ascomycota->Dikarya->Fungi->Nucletmycea->Opisthokonta->Eukaryota->cellular organisms->life" nexsonid "node422206"
pgloadind     taxon mapping OTT ID 751950 taxonomy "Diplodia sp. CPC 12264->Diplodia->Botryosphaeriaceae->Botryosphaeriales->Dothideomycetes->Dothideomyceta->Leotiomyceta->Pezizomycotina->saccharomyceta->Ascomycota->Dikarya->Fungi->Nucletmycea->Opisthokonta->Eukaryota->cellular organisms->life" nexsonid "node422207"
pgloadind     taxon mapping OTT ID 33894 taxonomy "Lasiodiplodia theobromae->Lasiodiplodia->Botryosphaeriaceae->Botryosphaeriales->Dothideomycetes->Dothideomyceta->Leotiomyceta->Pezizomycotina->saccharomyceta->Ascomycota->Dikarya->Fungi->Nucletmycea->Opisthokonta->Eukaryota->cellular organisms->life" nexsonid "node422208"
pgloadind     taxon mapping OTT ID 1065790 taxonomy "Sphaeropsis conspersa->Sphaeropsis->Botryosphaeriaceae->Botryosphaeriales->Dothideomycetes->Dothideomyceta->Leotiomyceta->Pezizomycotina->saccharomyceta->Ascomycota->Dikarya->Fungi->Nucletmycea->Opisthokonta->Eukaryota->cellular organisms->life" nexsonid "node422211"
pgloadind     taxon mapping OTT ID 134178 taxonomy "Diplodia seriata->Diplodia->Botryosphaeriaceae->Botryosphaeriales->Dothideomycetes->Dothideomyceta->Leotiomyceta->Pezizomycotina->saccharomyceta->Ascomycota->Dikarya->Fungi->Nucletmycea->Opisthokonta->Eukaryota->cellular organisms->life" nexsonid "node422212"
pgloadind     taxon mapping OTT ID 349527 taxonomy "Lasiodiplodia gonubiensis->Lasiodiplodia->Botryosphaeriaceae->Botryosphaeriales->Dothideomycetes->Dothideomyceta->Leotiomyceta->Pezizomycotina->saccharomyceta->Ascomycota->Dikarya->Fungi->Nucletmycea->Opisthokonta->Eukaryota->cellular organisms->life" nexsonid "node422214"
pgloadind     taxon mapping OTT ID 349525 taxonomy "Lasiodiplodia venezuelensis->Lasiodiplodia->Botryosphaeriaceae->Botryosphaeriales->Dothideomycetes->Dothideomyceta->Leotiomyceta->Pezizomycotina->saccharomyceta->Ascomycota->Dikarya->Fungi->Nucletmycea->Opisthokonta->Eukaryota->cellular organisms->life" nexsonid "node422215"
pgloadind     taxon mapping OTT ID 349524 taxonomy "Lasiodiplodia rubropurpurea->Lasiodiplodia->Botryosphaeriaceae->Botryosphaeriales->Dothideomycetes->Dothideomyceta->Leotiomyceta->Pezizomycotina->saccharomyceta->Ascomycota->Dikarya->Fungi->Nucletmycea->Opisthokonta->Eukaryota->cellular organisms->life" nexsonid "node422220"
pgloadind     taxon mapping OTT ID 1074396 taxonomy "Phaeobotryosphaeria porosa->Botryosphaeria->Botryosphaeriaceae->Botryosphaeriales->Dothideomycetes->Dothideomyceta->Leotiomyceta->Pezizomycotina->saccharomyceta->Ascomycota->Dikarya->Fungi->Nucletmycea->Opisthokonta->Eukaryota->cellular organisms->life" nexsonid "node422221"
pgloadind     taxon mapping OTT ID 312599 taxonomy "Diplodia rosulata->Diplodia->Botryosphaeriaceae->Botryosphaeriales->Dothideomycetes->Dothideomyceta->Leotiomyceta->Pezizomycotina->saccharomyceta->Ascomycota->Dikarya->Fungi->Nucletmycea->Opisthokonta->Eukaryota->cellular organisms->life" nexsonid "node422222"
pgloadind     taxon mapping OTT ID 804876 taxonomy "Sphaeropsis sapinea->Sphaeropsis->Botryosphaeriaceae->Botryosphaeriales->Dothideomycetes->Dothideomyceta->Leotiomyceta->Pezizomycotina->saccharomyceta->Ascomycota->Dikarya->Fungi->Nucletmycea->Opisthokonta->Eukaryota->cellular organisms->life" nexsonid "node422228"
pgloadind     taxon mapping OTT ID 1065782 taxonomy "Diplodia cajani->Diplodia->Botryosphaeriaceae->Botryosphaeriales->Dothideomycetes->Dothideomyceta->Leotiomyceta->Pezizomycotina->saccharomyceta->Ascomycota->Dikarya->Fungi->Nucletmycea->Opisthokonta->Eukaryota->cellular organisms->life" nexsonid "node422237"
pgloadind     taxon mapping OTT ID 903408 taxonomy "Diplodia laelio-cattleyae->Diplodia->Botryosphaeriaceae->Botryosphaeriales->Dothideomycetes->Dothideomyceta->Leotiomyceta->Pezizomycotina->saccharomyceta->Ascomycota->Dikarya->Fungi->Nucletmycea->Opisthokonta->Eukaryota->cellular organisms->life" nexsonid "node422238"
pgloadind     taxon mapping OTT ID 1055613 taxonomy "Physalospora zeicola->Physalospora->Hyponectriaceae->Xylariales->Xylariomycetidae->Sordariomycetes->Sordariomyceta->Leotiomyceta->Pezizomycotina->saccharomyceta->Ascomycota->Dikarya->Fungi->Nucletmycea->Opisthokonta->Eukaryota->cellular organisms->life" nexsonid "node422239"
pgloadind     taxon mapping OTT ID 539383 taxonomy "Neodeightonia subglobosa->Botryosphaeria->Botryosphaeriaceae->Botryosphaeriales->Dothideomycetes->Dothideomyceta->Leotiomyceta->Pezizomycotina->saccharomyceta->Ascomycota->Dikarya->Fungi->Nucletmycea->Opisthokonta->Eukaryota->cellular organisms->life" nexsonid "node422240"
pgloadind     taxon mapping OTT ID 349526 taxonomy "Lasiodiplodia crassispora->Lasiodiplodia->Botryosphaeriaceae->Botryosphaeriales->Dothideomycetes->Dothideomyceta->Leotiomyceta->Pezizomycotina->saccharomyceta->Ascomycota->Dikarya->Fungi->Nucletmycea->Opisthokonta->Eukaryota->cellular organisms->life" nexsonid "node422241"
pgloadind     taxon mapping OTT ID 1065796 taxonomy "Tiarosporella madreeya->Tiarosporella->Helotiales->Leotiomycetes->Sordariomyceta->Leotiomyceta->Pezizomycotina->saccharomyceta->Ascomycota->Dikarya->Fungi->Nucletmycea->Opisthokonta->Eukaryota->cellular organisms->life" nexsonid "node422246"
pgloadind     taxon mapping OTT ID 903455 taxonomy "Tiarosporella tritici->Tiarosporella->Helotiales->Leotiomycetes->Sordariomyceta->Leotiomyceta->Pezizomycotina->saccharomyceta->Ascomycota->Dikarya->Fungi->Nucletmycea->Opisthokonta->Eukaryota->cellular organisms->life" nexsonid "node422245"
pgloadind     taxon mapping OTT ID 488127 taxonomy "Diplodia corticola->Diplodia->Botryosphaeriaceae->Botryosphaeriales->Dothideomycetes->Dothideomyceta->Leotiomyceta->Pezizomycotina->saccharomyceta->Ascomycota->Dikarya->Fungi->Nucletmycea->Opisthokonta->Eukaryota->cellular organisms->life" nexsonid "node422217"
pgloadind     taxon mapping OTT ID 1055617 taxonomy "Phaeobotryosphaeria visci->Botryosphaeria->Botryosphaeriaceae->Botryosphaeriales->Dothideomycetes->Dothideomyceta->Leotiomyceta->Pezizomycotina->saccharomyceta->Ascomycota->Dikarya->Fungi->Nucletmycea->Opisthokonta->Eukaryota->cellular organisms->life" nexsonid "node422230"
pgloadind     taxon mapping OTT ID 859795 taxonomy "Botryosphaeria dothidea->Botryosphaeria->Botryosphaeriaceae->Botryosphaeriales->Dothideomycetes->Dothideomyceta->Leotiomyceta->Pezizomycotina->saccharomyceta->Ascomycota->Dikarya->Fungi->Nucletmycea->Opisthokonta->Eukaryota->cellular organisms->life" nexsonid "node422250"
pgloadind     taxon mapping OTT ID 264388 taxonomy "Gibberella zeae->Gibberella->Nectriaceae->Hypocreales->Hypocreomycetidae->Sordariomycetes->Sordariomyceta->Leotiomyceta->Pezizomycotina->saccharomyceta->Ascomycota->Dikarya->Fungi->Nucletmycea->Opisthokonta->Eukaryota->cellular organisms->life" nexsonid "node422252"
pgloadind     taxon mapping OTT ID 606632 taxonomy "Macrophomina phaseolina->Macrophomina->Botryosphaeriaceae->Botryosphaeriales->Dothideomycetes->Dothideomyceta->Leotiomyceta->Pezizomycotina->saccharomyceta->Ascomycota->Dikarya->Fungi->Nucletmycea->Opisthokonta->Eukaryota->cellular organisms->life" nexsonid "node422256"
pgloadind     taxon mapping OTT ID 248464 taxonomy "Botryosphaeria mamane->Botryosphaeria->Botryosphaeriaceae->Botryosphaeriales->Dothideomycetes->Dothideomyceta->Leotiomyceta->Pezizomycotina->saccharomyceta->Ascomycota->Dikarya->Fungi->Nucletmycea->Opisthokonta->Eukaryota->cellular organisms->life" nexsonid "node422265"
pgloadind     taxon mapping OTT ID 1007364 taxonomy "Neoscytalidium dimidiatum->Neoscytalidium->Botryosphaeriaceae->Botryosphaeriales->Dothideomycetes->Dothideomyceta->Leotiomyceta->Pezizomycotina->saccharomyceta->Ascomycota->Dikarya->Fungi->Nucletmycea->Opisthokonta->Eukaryota->cellular organisms->life" nexsonid "node422268"
pgloadind     taxon mapping OTT ID 593237 taxonomy "Dothiorella iberica->Dothiorella->Botryosphaeriaceae->Botryosphaeriales->Dothideomycetes->Dothideomyceta->Leotiomyceta->Pezizomycotina->saccharomyceta->Ascomycota->Dikarya->Fungi->Nucletmycea->Opisthokonta->Eukaryota->cellular organisms->life" nexsonid "node422274"
pgloadind     taxon mapping OTT ID 1074392 taxonomy "Dothiorella sarmentorum->Dothiorella->Botryosphaeriaceae->Botryosphaeriales->Dothideomycetes->Dothideomyceta->Leotiomyceta->Pezizomycotina->saccharomyceta->Ascomycota->Dikarya->Fungi->Nucletmycea->Opisthokonta->Eukaryota->cellular organisms->life" nexsonid "node422275"
pgloadind     taxon mapping OTT ID 1065784 taxonomy "Diplodia juglandis->Diplodia->Botryosphaeriaceae->Botryosphaeriales->Dothideomycetes->Dothideomyceta->Leotiomyceta->Pezizomycotina->saccharomyceta->Ascomycota->Dikarya->Fungi->Nucletmycea->Opisthokonta->Eukaryota->cellular organisms->life" nexsonid "node422276"
pgloadind     taxon mapping OTT ID 1019773 taxonomy "Spencermartinsia viticola->Spencermartinsia->Dothidotthiaceae->Pleosporales->Pleosporomycetidae->Dothideomycetes->Dothideomyceta->Leotiomyceta->Pezizomycotina->saccharomyceta->Ascomycota->Dikarya->Fungi->Nucletmycea->Opisthokonta->Eukaryota->cellular organisms->life" nexsonid "node422280"
pgloadind     taxon mapping OTT ID 33907 taxonomy "Neofusicoccum ribis->Neofusicoccum->Botryosphaeriaceae->Botryosphaeriales->Dothideomycetes->Dothideomyceta->Leotiomyceta->Pezizomycotina->saccharomyceta->Ascomycota->Dikarya->Fungi->Nucletmycea->Opisthokonta->Eukaryota->cellular organisms->life" nexsonid "node422286"
pgloadind     taxon mapping OTT ID 648285 taxonomy "Neofusicoccum parvum->Neofusicoccum->Botryosphaeriaceae->Botryosphaeriales->Dothideomycetes->Dothideomyceta->Leotiomyceta->Pezizomycotina->saccharomyceta->Ascomycota->Dikarya->Fungi->Nucletmycea->Opisthokonta->Eukaryota->cellular organisms->life" nexsonid "node422288"
pgloadind     taxon mapping OTT ID 463039 taxonomy "Neofusicoccum mangiferae->Neofusicoccum->Botryosphaeriaceae->Botryosphaeriales->Dothideomycetes->Dothideomyceta->Leotiomyceta->Pezizomycotina->saccharomyceta->Ascomycota->Dikarya->Fungi->Nucletmycea->Opisthokonta->Eukaryota->cellular organisms->life" nexsonid "node422297"
pgloadind     taxon mapping OTT ID 958340 taxonomy "Neofusicoccum luteum->Neofusicoccum->Botryosphaeriaceae->Botryosphaeriales->Dothideomycetes->Dothideomyceta->Leotiomyceta->Pezizomycotina->saccharomyceta->Ascomycota->Dikarya->Fungi->Nucletmycea->Opisthokonta->Eukaryota->cellular organisms->life" nexsonid "node422294"
pgloadind     taxon mapping OTT ID 732983 taxonomy "Neofusicoccum arbuti->Neofusicoccum->Botryosphaeriaceae->Botryosphaeriales->Dothideomycetes->Dothideomyceta->Leotiomyceta->Pezizomycotina->saccharomyceta->Ascomycota->Dikarya->Fungi->Nucletmycea->Opisthokonta->Eukaryota->cellular organisms->life" nexsonid "node422300"
pgloadind     taxon mapping OTT ID 819307 taxonomy "Neofusicoccum andinum->Neofusicoccum->Botryosphaeriaceae->Botryosphaeriales->Dothideomycetes->Dothideomyceta->Leotiomyceta->Pezizomycotina->saccharomyceta->Ascomycota->Dikarya->Fungi->Nucletmycea->Opisthokonta->Eukaryota->cellular organisms->life" nexsonid "node422305"
pgloadind     taxon mapping OTT ID 618504 taxonomy "Dichomera versiformis->Dichomera->Botryosphaeriaceae->Botryosphaeriales->Dothideomycetes->Dothideomyceta->Leotiomyceta->Pezizomycotina->saccharomyceta->Ascomycota->Dikarya->Fungi->Nucletmycea->Opisthokonta->Eukaryota->cellular organisms->life" nexsonid "node422306"
pgloadind     taxon mapping OTT ID 1015350 taxonomy "Phyllosticta sp. CPC 12073->Phyllosticta->Botryosphaeriaceae->Botryosphaeriales->Dothideomycetes->Dothideomyceta->Leotiomyceta->Pezizomycotina->saccharomyceta->Ascomycota->Dikarya->Fungi->Nucletmycea->Opisthokonta->Eukaryota->cellular organisms->life" nexsonid "node422315"
pgloadind     taxon mapping OTT ID 424422 taxonomy "Guignardia philoprina->Phyllosticta->Botryosphaeriaceae->Botryosphaeriales->Dothideomycetes->Dothideomyceta->Leotiomyceta->Pezizomycotina->saccharomyceta->Ascomycota->Dikarya->Fungi->Nucletmycea->Opisthokonta->Eukaryota->cellular organisms->life" nexsonid "node422321"
pgloadind     taxon mapping OTT ID 396956 taxonomy "Phoma uvicola->Phoma->Pleosporales->Pleosporomycetidae->Dothideomycetes->Dothideomyceta->Leotiomyceta->Pezizomycotina->saccharomyceta->Ascomycota->Dikarya->Fungi->Nucletmycea->Opisthokonta->Eukaryota->cellular organisms->life" nexsonid "node422319"
pgloadind     taxon mapping OTT ID 751958 taxonomy "Guignardia sp. CPC 10978->Guignardia->Phyllostictaceae->Botryosphaeriales->Dothideomycetes->Dothideomyceta->Leotiomyceta->Pezizomycotina->saccharomyceta->Ascomycota->Dikarya->Fungi->Nucletmycea->Opisthokonta->Eukaryota->cellular organisms->life" nexsonid "node422324"
pgloadind     taxon mapping OTT ID 25892 taxonomy "Guignardia sp. CPC 11867->Guignardia->Phyllostictaceae->Botryosphaeriales->Dothideomycetes->Dothideomyceta->Leotiomyceta->Pezizomycotina->saccharomyceta->Ascomycota->Dikarya->Fungi->Nucletmycea->Opisthokonta->Eukaryota->cellular organisms->life" nexsonid "node422325"
pgloadind     taxon mapping OTT ID 1015349 taxonomy "Phyllosticta sp. CPC 11336->Phyllosticta->Botryosphaeriaceae->Botryosphaeriales->Dothideomycetes->Dothideomyceta->Leotiomyceta->Pezizomycotina->saccharomyceta->Ascomycota->Dikarya->Fungi->Nucletmycea->Opisthokonta->Eukaryota->cellular organisms->life" nexsonid "node422326"
pgloadind     taxon mapping OTT ID 1011458 taxonomy "Phyllosticta citricarpa->Phyllosticta->Botryosphaeriaceae->Botryosphaeriales->Dothideomycetes->Dothideomyceta->Leotiomyceta->Pezizomycotina->saccharomyceta->Ascomycota->Dikarya->Fungi->Nucletmycea->Opisthokonta->Eukaryota->cellular organisms->life" nexsonid "node422327"
pgloadind     taxon mapping OTT ID 819305 taxonomy "Pseudofusicoccum stromaticum->Pseudofusicoccum->Botryosphaeriaceae->Botryosphaeriales->Dothideomycetes->Dothideomyceta->Leotiomyceta->Pezizomycotina->saccharomyceta->Ascomycota->Dikarya->Fungi->Nucletmycea->Opisthokonta->Eukaryota->cellular organisms->life" nexsonid "node422311"
pgloadind     taxon mapping OTT ID 518725 taxonomy "Botryosphaeria quercuum->Botryosphaeria->Botryosphaeriaceae->Botryosphaeriales->Dothideomycetes->Dothideomyceta->Leotiomyceta->Pezizomycotina->saccharomyceta->Ascomycota->Dikarya->Fungi->Nucletmycea->Opisthokonta->Eukaryota->cellular organisms->life" nexsonid "node422328"
pgloadind     taxon mapping OTT ID 302139 taxonomy "Saccharata proteae->Saccharata->Botryosphaeriaceae->Botryosphaeriales->Dothideomycetes->Dothideomyceta->Leotiomyceta->Pezizomycotina->saccharomyceta->Ascomycota->Dikarya->Fungi->Nucletmycea->Opisthokonta->Eukaryota->cellular organisms->life" nexsonid "node422329"
pgloadind     taxon mapping OTT ID 539389 taxonomy "Camarosporium quaternatum->Camarosporium->Botryosphaeriales->Dothideomycetes->Dothideomyceta->Leotiomyceta->Pezizomycotina->saccharomyceta->Ascomycota->Dikarya->Fungi->Nucletmycea->Opisthokonta->Eukaryota->cellular organisms->life" nexsonid "node422333"
pgloadind     taxon mapping OTT ID 751953 taxonomy "Camarosporium sp. CPC 12441->Camarosporium->Botryosphaeriales->Dothideomycetes->Dothideomyceta->Leotiomyceta->Pezizomycotina->saccharomyceta->Ascomycota->Dikarya->Fungi->Nucletmycea->Opisthokonta->Eukaryota->cellular organisms->life" nexsonid "node422335"
pgloadind     taxon mapping OTT ID 25865 taxonomy "Karstenula rhodostoma->Karstenula->Melanommataceae->Pleosporales->Pleosporomycetidae->Dothideomycetes->Dothideomyceta->Leotiomyceta->Pezizomycotina->saccharomyceta->Ascomycota->Dikarya->Fungi->Nucletmycea->Opisthokonta->Eukaryota->cellular organisms->life" nexsonid "node422339"
pgloadind     taxon mapping OTT ID 295796 taxonomy "Letendraea helminthicola->Letendraea->Pleosporales->Pleosporomycetidae->Dothideomycetes->Dothideomyceta->Leotiomyceta->Pezizomycotina->saccharomyceta->Ascomycota->Dikarya->Fungi->Nucletmycea->Opisthokonta->Eukaryota->cellular organisms->life" nexsonid "node422341"
pgloadind     taxon mapping OTT ID 489344 taxonomy "Microdiplodia sp. CPC 12268->Microdiplodia->Botryosphaeriaceae->Botryosphaeriales->Dothideomycetes->Dothideomyceta->Leotiomyceta->Pezizomycotina->saccharomyceta->Ascomycota->Dikarya->Fungi->Nucletmycea->Opisthokonta->Eukaryota->cellular organisms->life" nexsonid "node422342"
pgloadind     taxon mapping OTT ID 921290 taxonomy "Byssothecium circinans->Byssothecium->Dacampiaceae->Pleosporales->Pleosporomycetidae->Dothideomycetes->Dothideomyceta->Leotiomyceta->Pezizomycotina->saccharomyceta->Ascomycota->Dikarya->Fungi->Nucletmycea->Opisthokonta->Eukaryota->cellular organisms->life" nexsonid "node422343"
pgloadind     taxon mapping OTT ID 1065788 taxonomy "Phyllosticta flevolandica->Phyllosticta->Botryosphaeriaceae->Botryosphaeriales->Dothideomycetes->Dothideomyceta->Leotiomyceta->Pezizomycotina->saccharomyceta->Ascomycota->Dikarya->Fungi->Nucletmycea->Opisthokonta->Eukaryota->cellular organisms->life" nexsonid "node422344"
pgloadind     taxon mapping OTT ID 1065792 taxonomy "Stenocarpella macrospora->Stenocarpella->Diaporthales->Sordariomycetidae->Sordariomycetes->Sordariomyceta->Leotiomyceta->Pezizomycotina->saccharomyceta->Ascomycota->Dikarya->Fungi->Nucletmycea->Opisthokonta->Eukaryota->cellular organisms->life" nexsonid "node422347"
pgloadind     taxon mapping OTT ID 1046571 taxonomy "Stenocarpella maydis->Stenocarpella->Diaporthales->Sordariomycetidae->Sordariomycetes->Sordariomyceta->Leotiomyceta->Pezizomycotina->saccharomyceta->Ascomycota->Dikarya->Fungi->Nucletmycea->Opisthokonta->Eukaryota->cellular organisms->life" nexsonid "node422348"
pgloadind     taxon mapping OTT ID 837943 taxonomy "Diaporthe denigrata->Diaporthe->Diaporthaceae->Diaporthales->Sordariomycetidae->Sordariomycetes->Sordariomyceta->Leotiomyceta->Pezizomycotina->saccharomyceta->Ascomycota->Dikarya->Fungi->Nucletmycea->Opisthokonta->Eukaryota->cellular organisms->life" nexsonid "node422353"
pgloadind     taxon mapping OTT ID 489343 taxonomy "Phomopsis sp. CPC 12258->Phomopsis->Diaporthaceae->Diaporthales->Sordariomycetidae->Sordariomycetes->Sordariomyceta->Leotiomyceta->Pezizomycotina->saccharomyceta->Ascomycota->Dikarya->Fungi->Nucletmycea->Opisthokonta->Eukaryota->cellular organisms->life" nexsonid "node422355"
pgloadind     taxon mapping OTT ID 925959 taxonomy "Taeniolella alta->Taeniolella->Mytilinidiaceae->Pleosporales->Pleosporomycetidae->Dothideomycetes->Dothideomyceta->Leotiomyceta->Pezizomycotina->saccharomyceta->Ascomycota->Dikarya->Fungi->Nucletmycea->Opisthokonta->Eukaryota->cellular organisms->life" nexsonid "node422356"
pgloadind     taxon mapping OTT ID 5316669 taxonomy "Allantoporthe decedens->Diaporthe->Diaporthaceae->Diaporthales->Sordariomycetidae->Sordariomycetes->Sordariomyceta->Leotiomyceta->Pezizomycotina->saccharomyceta->Ascomycota->Dikarya->Fungi->Nucletmycea->Opisthokonta->Eukaryota->cellular organisms->life" nexsonid "node422361"
pgloadind     taxon mapping OTT ID 751959 taxonomy "Diaporthe sp. CBS 134.42->Diaporthe->Diaporthaceae->Diaporthales->Sordariomycetidae->Sordariomycetes->Sordariomyceta->Leotiomyceta->Pezizomycotina->saccharomyceta->Ascomycota->Dikarya->Fungi->Nucletmycea->Opisthokonta->Eukaryota->cellular organisms->life" nexsonid "node422359"
done fixing name
pgloadind Finished with attempts to fix names
pgloadind   Checking for uniqueness of OTT IDs tree id "1195"
pgloadind   Adding tree to graph tree id "1195"
all trees have all taxa: false
	using bipartition technique
attempting to remap tips to deepest exemplified taxa
	Letendraea helminthicola was remapped to 'Letendraea' (id=120699)
	Gibberella zeae was remapped to 'Hypocreomycetidae' (id=20527)
	Dichomera versiformis was remapped to 'Dichomera' (id=173118)
	Physalospora zeicola was remapped to 'Xylariomycetidae' (id=41664)
	Byssothecium circinans was remapped to 'Dacampiaceae' (id=111738)
	Macrophomina phaseolina was remapped to 'Macrophomina' (id=174552)
	Pseudofusicoccum stromaticum was remapped to 'Pseudofusicoccum' (id=175150)
	Taeniolella alta was remapped to 'Mytilinidiaceae' (id=114252)
	Saccharata proteae was remapped to 'Saccharata' (id=168381)
	Phomopsis sp. CPC 12258 was remapped to 'Phomopsis' (id=7996)
	Microdiplodia sp. CPC 12268 was remapped to 'Microdiplodia' (id=174586)
	Spencermartinsia viticola was remapped to 'Dothidotthiaceae' (id=125074)
	Karstenula rhodostoma was remapped to 'Melanommataceae' (id=113566)
	Phoma uvicola was remapped to 'Phoma' (id=121323)
	Neoscytalidium dimidiatum was remapped to 'Neoscytalidium' (id=174987)
this is the ROOT
placing root in index
Dealing with metadata property: id
Dealing with metadata property: ot:studyPublicationReference
Adding property 'ot:studyPublicationReference': Crous P., Slippers B., Wingfield M.J., Rheeder J., Marasas W., Phillips A., Alves A., Burgess T., Barber P., & Groenewald J. 2006. Phylogenetic lineages in the Botryosphaeriaceae. Studies in Mycology, 55(1): 235-253.
Dealing with metadata property: ot:focalCladeOTTTaxonName
Adding property 'ot:focalCladeOTTTaxonName': Botryosphaeriaceae
Dealing with metadata property: ot:studyYear
Adding property 'ot:studyYear': 2006
Dealing with metadata property: ot:inGroupClade
Adding property 'ot:inGroupClade': node422194
Dealing with metadata property: ot:tag
Adding property 'ot:tag': Choose me
Dealing with metadata property: ot:curatorName
Adding property 'ot:curatorName': Romina Gazis
Dealing with metadata property: ot:studyPublication
Adding property 'ot:studyPublication': http://dx.doi.org/10.3114/sim.55.1.235
Dealing with metadata property: ot:focalClade
Adding property 'ot:focalClade': 33903
Dealing with metadata property: ot:curatedType
Adding property 'ot:curatedType': BI, LSU
Dealing with metadata property: ot:studyId
Adding property 'ot:studyId': 669
Dealing with metadata property: ot:dataDeposit
Adding property 'ot:dataDeposit': http://purl.org/phylo/treebase/phylows/study/TB2:S1560
Committing nodes: 102
	adding Node[64182] Helotiales 51652 as compatible with Node[81078]
		adding Relationship[8416094]
		adding to root Relationship[8416095]
	adding Node[61278] Leotiomycetes 346134 as compatible with Node[81078]
		adding Relationship[8416096]
		adding to root Relationship[8416097]
	adding Node[176766] Phyllostictaceae 5298563 as compatible with Node[176767]
		adding Relationship[8416098]
		adding to root Relationship[8416099]
		adding Relationship[8416100] from Node[64182] to Node[61278]
