pgloadind OTUs number 423
pgloadind Processing tree @id "1201"
pgloadind   tree info number nodes 75
pgloadind   tree info number edges 74
pgloadind   tree info ingroup "node422942"
pgloadind   Setting ingroup root node.
pgloadind   Ingested tree number of external nodes 36
pgloadind   property added ot:studyPublicationReference "Birkebak, Joshua Mark, Jordan R. Mayor, Martin Ryberg, and Patrick Brandon Matheny. 2013. A systematic, morphological and ecological overview of the Clavariaceae (Agaricales). Mycologia 105 (4): 896-911."
pgloadind   property added ot:studyPublication "http://dx.doi.org/10.3852/12-070"
pgloadind   property added ot:curatorName "Romina Gazis"
pgloadind   property added ot:dataDeposit "http://purl.org/phylo/treebase/phylows/study/TB2:S12414"
pgloadind   property added ot:studyId "672"
pgloadind   property added ot:studyYear "2013"
pgloadind   property added ot:focalClade "729017"
pgloadind   property added ot:focalCladeOTTTaxonName "Clavariaceae"
pgloadind   property added ot:inGroupClade "node422942"
pgloadind   property added ot:curatedType "ML, LSU"
pgloadind Processing tree @id "1202"
pgloadind   tree info number nodes 167
pgloadind   tree info number edges 166
pgloadind   Ingested tree number of external nodes 84
pgloadind   property added ot:studyPublicationReference "Birkebak, Joshua Mark, Jordan R. Mayor, Martin Ryberg, and Patrick Brandon Matheny. 2013. A systematic, morphological and ecological overview of the Clavariaceae (Agaricales). Mycologia 105 (4): 896-911."
pgloadind   property added ot:studyPublication "http://dx.doi.org/10.3852/12-070"
pgloadind   property added ot:curatorName "Romina Gazis"
pgloadind   property added ot:dataDeposit "http://purl.org/phylo/treebase/phylows/study/TB2:S12414"
pgloadind   property added ot:studyId "672"
pgloadind   property added ot:studyYear "2013"
pgloadind   property added ot:focalClade "729017"
pgloadind   property added ot:focalCladeOTTTaxonName "Clavariaceae"
pgloadind   property added ot:curatedType "NJT"
pgloadind Processing tree @id "1203"
pgloadind   tree info number nodes 651
pgloadind   tree info number edges 650
pgloadind   Ingested tree number of external nodes 326
pgloadind   property added ot:studyPublicationReference "Birkebak, Joshua Mark, Jordan R. Mayor, Martin Ryberg, and Patrick Brandon Matheny. 2013. A systematic, morphological and ecological overview of the Clavariaceae (Agaricales). Mycologia 105 (4): 896-911."
pgloadind   property added ot:studyPublication "http://dx.doi.org/10.3852/12-070"
pgloadind   property added ot:curatorName "Romina Gazis"
pgloadind   property added ot:dataDeposit "http://purl.org/phylo/treebase/phylows/study/TB2:S12414"
pgloadind   property added ot:studyId "672"
pgloadind   property added ot:studyYear "2013"
pgloadind   property added ot:focalClade "729017"
pgloadind   property added ot:focalCladeOTTTaxonName "Clavariaceae"
pgloadind   property added ot:curatedType "NJT"
pgloadind Processing tree @id "5635"
pgloadind   tree info number nodes 167
pgloadind   tree info number edges 166
pgloadind   tree info ingroup "node971627"
pgloadind   Setting ingroup root node.
pgloadind   Ingested tree number of external nodes 80
pgloadind   property added ot:studyPublicationReference "Birkebak, Joshua Mark, Jordan R. Mayor, Martin Ryberg, and Patrick Brandon Matheny. 2013. A systematic, morphological and ecological overview of the Clavariaceae (Agaricales). Mycologia 105 (4): 896-911."
pgloadind   property added ot:studyPublication "http://dx.doi.org/10.3852/12-070"
pgloadind   property added ot:curatorName "Romina Gazis"
pgloadind   property added ot:dataDeposit "http://purl.org/phylo/treebase/phylows/study/TB2:S12414"
pgloadind   property added ot:studyId "672"
pgloadind   property added ot:studyYear "2013"
pgloadind   property added ot:focalClade "729017"
pgloadind   property added ot:focalCladeOTTTaxonName "Clavariaceae"
pgloadind   property added ot:inGroupClade "node971627"
pgloadind   property added ot:tag "LSU"
pgloadind   property added ot:curatedType "ML, LSU (rooted)"
pgloadind Processing tree @id "5636"
pgloadind   tree info number nodes 651
pgloadind   tree info number edges 650
pgloadind   tree info ingroup "node971794"
pgloadind   Setting ingroup root node.
pgloadind   Ingested tree number of external nodes 322
pgloadind   property added ot:studyPublicationReference "Birkebak, Joshua Mark, Jordan R. Mayor, Martin Ryberg, and Patrick Brandon Matheny. 2013. A systematic, morphological and ecological overview of the Clavariaceae (Agaricales). Mycologia 105 (4): 896-911."
pgloadind   property added ot:studyPublication "http://dx.doi.org/10.3852/12-070"
pgloadind   property added ot:curatorName "Romina Gazis"
pgloadind   property added ot:dataDeposit "http://purl.org/phylo/treebase/phylows/study/TB2:S12414"
pgloadind   property added ot:studyId "672"
pgloadind   property added ot:studyYear "2013"
pgloadind   property added ot:focalClade "729017"
pgloadind   property added ot:focalCladeOTTTaxonName "Clavariaceae"
pgloadind   property added ot:inGroupClade "node971794"
pgloadind   property added ot:curatedType "ML, LSU (rooted)"
loading a specific tree: 5636
skipping tree: 1201
skipping tree: 1202
skipping tree: 1203
skipping tree: 5635
pgloadind conducting TNRS on trees
pgloadind   name fixing on tree tree id "5636"
pgloadind     OTT ID missing name "Mucronella bresadolae DQ384591" nexsonid "node971797"
pgloadind     OTT ID missing name "Ictalurus punctatus HQ677718" nexsonid "node972219"
pgloadind   TNRS unmatched total number 2
pgloadind     pruning unmapped name "Ictalurus punctatus HQ677718" nexsonid "node972219"
pgloadind     pruning unmapped name "Mucronella bresadolae DQ384591" nexsonid "node971797"
pgloadind     OTT ID reused in tree
pgloadind       duplicate name "Mucronella calva" nexsonid "node971806"
pgloadind       duplicate OTT ID 140759
pgloadind     OTT ID reused in tree
pgloadind       duplicate name "Mucronella" nexsonid "node971808"
pgloadind       duplicate OTT ID 835623
pgloadind     OTT ID reused in tree
pgloadind       duplicate name "Mucronella" nexsonid "node971809"
pgloadind       duplicate OTT ID 835623
pgloadind     OTT ID reused in tree
pgloadind       duplicate name "Clavaria zollingeri" nexsonid "node971820"
pgloadind       duplicate OTT ID 1050361
pgloadind     OTT ID reused in tree
pgloadind       duplicate name "Basidiomycota" nexsonid "node971823"
pgloadind       duplicate OTT ID 634628
pgloadind     OTT ID reused in tree
pgloadind       duplicate name "Clavaria" nexsonid "node971827"
pgloadind       duplicate OTT ID 1050391
pgloadind     OTT ID reused in tree
pgloadind       duplicate name "Clavaria" nexsonid "node971831"
pgloadind       duplicate OTT ID 1050391
pgloadind     OTT ID reused in tree
pgloadind       duplicate name "Clavaria" nexsonid "node971832"
pgloadind       duplicate OTT ID 1050391
pgloadind     OTT ID reused in tree
pgloadind       duplicate name "Basidiomycota" nexsonid "node971835"
pgloadind       duplicate OTT ID 634628
pgloadind     OTT ID reused in tree
pgloadind       duplicate name "Basidiomycota" nexsonid "node971837"
pgloadind       duplicate OTT ID 634628
pgloadind     OTT ID reused in tree
pgloadind       duplicate name "Basidiomycota" nexsonid "node971839"
pgloadind       duplicate OTT ID 634628
pgloadind     OTT ID reused in tree
pgloadind       duplicate name "Basidiomycota" nexsonid "node971841"
pgloadind       duplicate OTT ID 634628
pgloadind     OTT ID reused in tree
pgloadind       duplicate name "Basidiomycota" nexsonid "node971843"
pgloadind       duplicate OTT ID 634628
pgloadind     OTT ID reused in tree
pgloadind       duplicate name "Basidiomycota" nexsonid "node971845"
pgloadind       duplicate OTT ID 634628
pgloadind     OTT ID reused in tree
pgloadind       duplicate name "Basidiomycota" nexsonid "node971847"
pgloadind       duplicate OTT ID 634628
pgloadind     OTT ID reused in tree
pgloadind       duplicate name "Basidiomycota" nexsonid "node971848"
pgloadind       duplicate OTT ID 634628
pgloadind     OTT ID reused in tree
pgloadind       duplicate name "Basidiomycota" nexsonid "node971851"
pgloadind       duplicate OTT ID 634628
pgloadind     OTT ID reused in tree
pgloadind       duplicate name "Basidiomycota" nexsonid "node971853"
pgloadind       duplicate OTT ID 634628
pgloadind     OTT ID reused in tree
pgloadind       duplicate name "Basidiomycota" nexsonid "node971854"
pgloadind       duplicate OTT ID 634628
pgloadind     OTT ID reused in tree
pgloadind       duplicate name "Camarophyllopsis schulzeri" nexsonid "node971858"
pgloadind       duplicate OTT ID 1098033
pgloadind     OTT ID reused in tree
pgloadind       duplicate name "Basidiomycota" nexsonid "node971860"
pgloadind       duplicate OTT ID 634628
pgloadind     OTT ID reused in tree
pgloadind       duplicate name "Basidiomycota" nexsonid "node971862"
pgloadind       duplicate OTT ID 634628
pgloadind     OTT ID reused in tree
pgloadind       duplicate name "Basidiomycota" nexsonid "node971864"
pgloadind       duplicate OTT ID 634628
pgloadind     OTT ID reused in tree
pgloadind       duplicate name "Basidiomycota" nexsonid "node971866"
pgloadind       duplicate OTT ID 634628
pgloadind     OTT ID reused in tree
pgloadind       duplicate name "Basidiomycota" nexsonid "node971868"
pgloadind       duplicate OTT ID 634628
pgloadind     OTT ID reused in tree
pgloadind       duplicate name "Basidiomycota" nexsonid "node971870"
pgloadind       duplicate OTT ID 634628
pgloadind     OTT ID reused in tree
pgloadind       duplicate name "Basidiomycota" nexsonid "node971871"
pgloadind       duplicate OTT ID 634628
pgloadind     OTT ID reused in tree
pgloadind       duplicate name "Clavaria" nexsonid "node971875"
pgloadind       duplicate OTT ID 1050391
pgloadind     OTT ID reused in tree
pgloadind       duplicate name "Clavaria" nexsonid "node971877"
pgloadind       duplicate OTT ID 1050391
pgloadind     OTT ID reused in tree
pgloadind       duplicate name "Fungi" nexsonid "node971880"
pgloadind       duplicate OTT ID 352914
pgloadind     OTT ID reused in tree
pgloadind       duplicate name "Clavaria" nexsonid "node971885"
pgloadind       duplicate OTT ID 1050391
pgloadind     OTT ID reused in tree
pgloadind       duplicate name "Clavaria" nexsonid "node971888"
pgloadind       duplicate OTT ID 1050391
pgloadind     OTT ID reused in tree
pgloadind       duplicate name "Basidiomycota" nexsonid "node971890"
pgloadind       duplicate OTT ID 634628
pgloadind     OTT ID reused in tree
pgloadind       duplicate name "Basidiomycota" nexsonid "node971892"
pgloadind       duplicate OTT ID 634628
pgloadind     OTT ID reused in tree
pgloadind       duplicate name "Fungi" nexsonid "node971894"
pgloadind       duplicate OTT ID 352914
pgloadind     OTT ID reused in tree
pgloadind       duplicate name "Basidiomycota" nexsonid "node971895"
pgloadind       duplicate OTT ID 634628
pgloadind     OTT ID reused in tree
pgloadind       duplicate name "Basidiomycota" nexsonid "node971900"
pgloadind       duplicate OTT ID 634628
pgloadind     OTT ID reused in tree
pgloadind       duplicate name "Basidiomycota" nexsonid "node971902"
pgloadind       duplicate OTT ID 634628
pgloadind     OTT ID reused in tree
pgloadind       duplicate name "Basidiomycota" nexsonid "node971905"
pgloadind       duplicate OTT ID 634628
pgloadind     OTT ID reused in tree
pgloadind       duplicate name "Basidiomycota" nexsonid "node971906"
pgloadind       duplicate OTT ID 634628
pgloadind     OTT ID reused in tree
pgloadind       duplicate name "Fungi" nexsonid "node971909"
pgloadind       duplicate OTT ID 352914
pgloadind     OTT ID reused in tree
pgloadind       duplicate name "Fungi" nexsonid "node971910"
pgloadind       duplicate OTT ID 352914
pgloadind     OTT ID reused in tree
pgloadind       duplicate name "Fungi" nexsonid "node971912"
pgloadind       duplicate OTT ID 352914
pgloadind     OTT ID reused in tree
pgloadind       duplicate name "Fungi" nexsonid "node971913"
pgloadind       duplicate OTT ID 352914
pgloadind     OTT ID reused in tree
pgloadind       duplicate name "Fungi" nexsonid "node971916"
pgloadind       duplicate OTT ID 352914
pgloadind     OTT ID reused in tree
pgloadind       duplicate name "Basidiomycota" nexsonid "node971917"
pgloadind       duplicate OTT ID 634628
pgloadind     OTT ID reused in tree
pgloadind       duplicate name "Basidiomycota" nexsonid "node971921"
pgloadind       duplicate OTT ID 634628
pgloadind     OTT ID reused in tree
pgloadind       duplicate name "Basidiomycota" nexsonid "node971923"
pgloadind       duplicate OTT ID 634628
pgloadind     OTT ID reused in tree
pgloadind       duplicate name "Basidiomycota" nexsonid "node971925"
pgloadind       duplicate OTT ID 634628
pgloadind     OTT ID reused in tree
pgloadind       duplicate name "Basidiomycota" nexsonid "node971926"
pgloadind       duplicate OTT ID 634628
pgloadind     OTT ID reused in tree
pgloadind       duplicate name "Basidiomycota" nexsonid "node971928"
pgloadind       duplicate OTT ID 634628
pgloadind     OTT ID reused in tree
pgloadind       duplicate name "Fungi" nexsonid "node971931"
pgloadind       duplicate OTT ID 352914
pgloadind     OTT ID reused in tree
pgloadind       duplicate name "Clavaria" nexsonid "node971932"
pgloadind       duplicate OTT ID 1050391
pgloadind     OTT ID reused in tree
pgloadind       duplicate name "Basidiomycota" nexsonid "node971936"
pgloadind       duplicate OTT ID 634628
pgloadind     OTT ID reused in tree
pgloadind       duplicate name "Basidiomycota" nexsonid "node971937"
pgloadind       duplicate OTT ID 634628
pgloadind     OTT ID reused in tree
pgloadind       duplicate name "Basidiomycota" nexsonid "node971939"
pgloadind       duplicate OTT ID 634628
pgloadind     OTT ID reused in tree
pgloadind       duplicate name "Fungi" nexsonid "node971942"
pgloadind       duplicate OTT ID 352914
pgloadind     OTT ID reused in tree
pgloadind       duplicate name "Basidiomycota" nexsonid "node971944"
pgloadind       duplicate OTT ID 634628
pgloadind     OTT ID reused in tree
pgloadind       duplicate name "Basidiomycota" nexsonid "node971946"
pgloadind       duplicate OTT ID 634628
pgloadind     OTT ID reused in tree
pgloadind       duplicate name "Fungi" nexsonid "node971948"
pgloadind       duplicate OTT ID 352914
pgloadind     OTT ID reused in tree
pgloadind       duplicate name "Fungi" nexsonid "node971949"
pgloadind       duplicate OTT ID 352914
pgloadind     OTT ID reused in tree
pgloadind       duplicate name "Fungi" nexsonid "node971952"
pgloadind       duplicate OTT ID 352914
pgloadind     OTT ID reused in tree
pgloadind       duplicate name "Fungi" nexsonid "node971954"
pgloadind       duplicate OTT ID 352914
pgloadind     OTT ID reused in tree
pgloadind       duplicate name "Basidiomycota" nexsonid "node971955"
pgloadind       duplicate OTT ID 634628
pgloadind     OTT ID reused in tree
pgloadind       duplicate name "Basidiomycota" nexsonid "node971957"
pgloadind       duplicate OTT ID 634628
pgloadind     OTT ID reused in tree
pgloadind       duplicate name "Basidiomycota" nexsonid "node971959"
pgloadind       duplicate OTT ID 634628
pgloadind     OTT ID reused in tree
pgloadind       duplicate name "Basidiomycota" nexsonid "node971961"
pgloadind       duplicate OTT ID 634628
pgloadind     OTT ID reused in tree
pgloadind       duplicate name "Basidiomycota" nexsonid "node971962"
pgloadind       duplicate OTT ID 634628
pgloadind     OTT ID reused in tree
pgloadind       duplicate name "Camarophyllopsis hymenocephala" nexsonid "node971972"
pgloadind       duplicate OTT ID 94187
pgloadind     OTT ID reused in tree
pgloadind       duplicate name "Basidiomycota" nexsonid "node971976"
pgloadind       duplicate OTT ID 634628
pgloadind     OTT ID reused in tree
pgloadind       duplicate name "Fungi" nexsonid "node971977"
pgloadind       duplicate OTT ID 352914
pgloadind     OTT ID reused in tree
pgloadind       duplicate name "Basidiomycota" nexsonid "node971980"
pgloadind       duplicate OTT ID 634628
pgloadind     OTT ID reused in tree
pgloadind       duplicate name "Fungi" nexsonid "node971981"
pgloadind       duplicate OTT ID 352914
pgloadind     OTT ID reused in tree
pgloadind       duplicate name "Basidiomycota" nexsonid "node971985"
pgloadind       duplicate OTT ID 634628
pgloadind     OTT ID reused in tree
pgloadind       duplicate name "Basidiomycota" nexsonid "node971986"
pgloadind       duplicate OTT ID 634628
pgloadind     OTT ID reused in tree
pgloadind       duplicate name "Basidiomycota" nexsonid "node971989"
pgloadind       duplicate OTT ID 634628
pgloadind     OTT ID reused in tree
pgloadind       duplicate name "Fungi" nexsonid "node971990"
pgloadind       duplicate OTT ID 352914
pgloadind     OTT ID reused in tree
pgloadind       duplicate name "Fungi" nexsonid "node971992"
pgloadind       duplicate OTT ID 352914
pgloadind     OTT ID reused in tree
pgloadind       duplicate name "Fungi" nexsonid "node971994"
pgloadind       duplicate OTT ID 352914
pgloadind     OTT ID reused in tree
pgloadind       duplicate name "Basidiomycota" nexsonid "node971996"
pgloadind       duplicate OTT ID 634628
pgloadind     OTT ID reused in tree
pgloadind       duplicate name "Basidiomycota" nexsonid "node971997"
pgloadind       duplicate OTT ID 634628
pgloadind     OTT ID reused in tree
pgloadind       duplicate name "Fungi" nexsonid "node971999"
pgloadind       duplicate OTT ID 352914
pgloadind     OTT ID reused in tree
pgloadind       duplicate name "Basidiomycota" nexsonid "node972002"
pgloadind       duplicate OTT ID 634628
pgloadind     OTT ID reused in tree
pgloadind       duplicate name "Basidiomycota" nexsonid "node972004"
pgloadind       duplicate OTT ID 634628
pgloadind     OTT ID reused in tree
pgloadind       duplicate name "Basidiomycota" nexsonid "node972006"
pgloadind       duplicate OTT ID 634628
pgloadind     OTT ID reused in tree
pgloadind       duplicate name "Basidiomycota" nexsonid "node972008"
pgloadind       duplicate OTT ID 634628
pgloadind     OTT ID reused in tree
pgloadind       duplicate name "Basidiomycota" nexsonid "node972009"
pgloadind       duplicate OTT ID 634628
pgloadind     OTT ID reused in tree
pgloadind       duplicate name "Fungi" nexsonid "node972012"
pgloadind       duplicate OTT ID 352914
pgloadind     OTT ID reused in tree
pgloadind       duplicate name "Basidiomycota" nexsonid "node972014"
pgloadind       duplicate OTT ID 634628
pgloadind     OTT ID reused in tree
pgloadind       duplicate name "Fungi" nexsonid "node972015"
pgloadind       duplicate OTT ID 352914
pgloadind     OTT ID reused in tree
pgloadind       duplicate name "Fungi" nexsonid "node972017"
pgloadind       duplicate OTT ID 352914
pgloadind     OTT ID reused in tree
pgloadind       duplicate name "Basidiomycota" nexsonid "node972019"
pgloadind       duplicate OTT ID 634628
pgloadind     OTT ID reused in tree
pgloadind       duplicate name "Basidiomycota" nexsonid "node972020"
pgloadind       duplicate OTT ID 634628
pgloadind     OTT ID reused in tree
pgloadind       duplicate name "Clavicorona taxophila" nexsonid "node972025"
pgloadind       duplicate OTT ID 418007
pgloadind     OTT ID reused in tree
pgloadind       duplicate name "Fungi" nexsonid "node972029"
pgloadind       duplicate OTT ID 352914
pgloadind     OTT ID reused in tree
pgloadind       duplicate name "Basidiomycota" nexsonid "node972030"
pgloadind       duplicate OTT ID 634628
pgloadind     OTT ID reused in tree
pgloadind       duplicate name "Fungi" nexsonid "node972035"
pgloadind       duplicate OTT ID 352914
pgloadind     OTT ID reused in tree
pgloadind       duplicate name "Clavaria" nexsonid "node972042"
pgloadind       duplicate OTT ID 1050391
pgloadind     OTT ID reused in tree
pgloadind       duplicate name "Basidiomycota" nexsonid "node972044"
pgloadind       duplicate OTT ID 634628
pgloadind     OTT ID reused in tree
pgloadind       duplicate name "Basidiomycota" nexsonid "node972046"
pgloadind       duplicate OTT ID 634628
pgloadind     OTT ID reused in tree
pgloadind       duplicate name "Basidiomycota" nexsonid "node972048"
pgloadind       duplicate OTT ID 634628
pgloadind     OTT ID reused in tree
pgloadind       duplicate name "Basidiomycota" nexsonid "node972049"
pgloadind       duplicate OTT ID 634628
pgloadind     OTT ID reused in tree
pgloadind       duplicate name "Basidiomycota" nexsonid "node972053"
pgloadind       duplicate OTT ID 634628
pgloadind     OTT ID reused in tree
pgloadind       duplicate name "Basidiomycota" nexsonid "node972055"
pgloadind       duplicate OTT ID 634628
pgloadind     OTT ID reused in tree
pgloadind       duplicate name "Basidiomycota" nexsonid "node972056"
pgloadind       duplicate OTT ID 634628
pgloadind     OTT ID reused in tree
pgloadind       duplicate name "Fungi" nexsonid "node972058"
pgloadind       duplicate OTT ID 352914
pgloadind     OTT ID reused in tree
pgloadind       duplicate name "Basidiomycota" nexsonid "node972060"
pgloadind       duplicate OTT ID 634628
pgloadind     OTT ID reused in tree
pgloadind       duplicate name "Basidiomycota" nexsonid "node972061"
pgloadind       duplicate OTT ID 634628
pgloadind     OTT ID reused in tree
pgloadind       duplicate name "Clavaria acuta" nexsonid "node972065"
pgloadind       duplicate OTT ID 1050387
pgloadind     OTT ID reused in tree
pgloadind       duplicate name "Fungi" nexsonid "node972067"
pgloadind       duplicate OTT ID 352914
pgloadind     OTT ID reused in tree
pgloadind       duplicate name "Clavaria" nexsonid "node972069"
pgloadind       duplicate OTT ID 1050391
pgloadind     OTT ID reused in tree
pgloadind       duplicate name "Clavaria" nexsonid "node972071"
pgloadind       duplicate OTT ID 1050391
pgloadind     OTT ID reused in tree
pgloadind       duplicate name "Basidiomycota" nexsonid "node972073"
pgloadind       duplicate OTT ID 634628
pgloadind     OTT ID reused in tree
pgloadind       duplicate name "Basidiomycota" nexsonid "node972075"
pgloadind       duplicate OTT ID 634628
pgloadind     OTT ID reused in tree
pgloadind       duplicate name "Basidiomycota" nexsonid "node972076"
pgloadind       duplicate OTT ID 634628
pgloadind     OTT ID reused in tree
pgloadind       duplicate name "Basidiomycota" nexsonid "node972080"
pgloadind       duplicate OTT ID 634628
pgloadind     OTT ID reused in tree
pgloadind       duplicate name "Clavaria acuta" nexsonid "node972082"
pgloadind       duplicate OTT ID 1050387
pgloadind     OTT ID reused in tree
pgloadind       duplicate name "Fungi" nexsonid "node972085"
pgloadind       duplicate OTT ID 352914
pgloadind     OTT ID reused in tree
pgloadind       duplicate name "Clavaria argillacea" nexsonid "node972089"
pgloadind       duplicate OTT ID 508949
pgloadind     OTT ID reused in tree
pgloadind       duplicate name "Fungi" nexsonid "node972094"
pgloadind       duplicate OTT ID 352914
pgloadind     OTT ID reused in tree
pgloadind       duplicate name "Fungi" nexsonid "node972095"
pgloadind       duplicate OTT ID 352914
pgloadind     OTT ID reused in tree
pgloadind       duplicate name "Fungi" nexsonid "node972097"
pgloadind       duplicate OTT ID 352914
pgloadind     OTT ID reused in tree
pgloadind       duplicate name "Fungi" nexsonid "node972098"
pgloadind       duplicate OTT ID 352914
pgloadind     OTT ID reused in tree
pgloadind       duplicate name "Basidiomycota" nexsonid "node972102"
pgloadind       duplicate OTT ID 634628
pgloadind     OTT ID reused in tree
pgloadind       duplicate name "Basidiomycota" nexsonid "node972105"
pgloadind       duplicate OTT ID 634628
pgloadind     OTT ID reused in tree
pgloadind       duplicate name "Basidiomycota" nexsonid "node972107"
pgloadind       duplicate OTT ID 634628
pgloadind     OTT ID reused in tree
pgloadind       duplicate name "Basidiomycota" nexsonid "node972109"
pgloadind       duplicate OTT ID 634628
pgloadind     OTT ID reused in tree
pgloadind       duplicate name "Basidiomycota" nexsonid "node972111"
pgloadind       duplicate OTT ID 634628
pgloadind     OTT ID reused in tree
pgloadind       duplicate name "Basidiomycota" nexsonid "node972113"
pgloadind       duplicate OTT ID 634628
pgloadind     OTT ID reused in tree
pgloadind       duplicate name "Basidiomycota" nexsonid "node972114"
pgloadind       duplicate OTT ID 634628
pgloadind     OTT ID reused in tree
pgloadind       duplicate name "Basidiomycota" nexsonid "node972116"
pgloadind       duplicate OTT ID 634628
pgloadind     OTT ID reused in tree
pgloadind       duplicate name "Basidiomycota" nexsonid "node972119"
pgloadind       duplicate OTT ID 634628
pgloadind     OTT ID reused in tree
pgloadind       duplicate name "Basidiomycota" nexsonid "node972120"
pgloadind       duplicate OTT ID 634628
pgloadind     OTT ID reused in tree
pgloadind       duplicate name "Basidiomycota" nexsonid "node972122"
pgloadind       duplicate OTT ID 634628
pgloadind     OTT ID reused in tree
pgloadind       duplicate name "Basidiomycota" nexsonid "node972124"
pgloadind       duplicate OTT ID 634628
pgloadind     OTT ID reused in tree
pgloadind       duplicate name "Basidiomycota" nexsonid "node972126"
pgloadind       duplicate OTT ID 634628
pgloadind     OTT ID reused in tree
pgloadind       duplicate name "Basidiomycota" nexsonid "node972129"
pgloadind       duplicate OTT ID 634628
pgloadind     OTT ID reused in tree
pgloadind       duplicate name "Basidiomycota" nexsonid "node972131"
pgloadind       duplicate OTT ID 634628
pgloadind     OTT ID reused in tree
pgloadind       duplicate name "Basidiomycota" nexsonid "node972133"
pgloadind       duplicate OTT ID 634628
pgloadind     OTT ID reused in tree
pgloadind       duplicate name "Basidiomycota" nexsonid "node972135"
pgloadind       duplicate OTT ID 634628
pgloadind     OTT ID reused in tree
pgloadind       duplicate name "Basidiomycota" nexsonid "node972137"
pgloadind       duplicate OTT ID 634628
pgloadind     OTT ID reused in tree
pgloadind       duplicate name "Basidiomycota" nexsonid "node972138"
pgloadind       duplicate OTT ID 634628
pgloadind     OTT ID reused in tree
pgloadind       duplicate name "Basidiomycota" nexsonid "node972140"
pgloadind       duplicate OTT ID 634628
pgloadind     OTT ID reused in tree
pgloadind       duplicate name "Basidiomycota" nexsonid "node972143"
pgloadind       duplicate OTT ID 634628
pgloadind     OTT ID reused in tree
pgloadind       duplicate name "Basidiomycota" nexsonid "node972145"
pgloadind       duplicate OTT ID 634628
pgloadind     OTT ID reused in tree
pgloadind       duplicate name "Basidiomycota" nexsonid "node972147"
pgloadind       duplicate OTT ID 634628
pgloadind     OTT ID reused in tree
pgloadind       duplicate name "Basidiomycota" nexsonid "node972149"
pgloadind       duplicate OTT ID 634628
pgloadind     OTT ID reused in tree
pgloadind       duplicate name "Basidiomycota" nexsonid "node972150"
pgloadind       duplicate OTT ID 634628
pgloadind     OTT ID reused in tree
pgloadind       duplicate name "Basidiomycota" nexsonid "node972152"
pgloadind       duplicate OTT ID 634628
pgloadind     OTT ID reused in tree
pgloadind       duplicate name "Basidiomycota" nexsonid "node972154"
pgloadind       duplicate OTT ID 634628
pgloadind     OTT ID reused in tree
pgloadind       duplicate name "Basidiomycota" nexsonid "node972157"
pgloadind       duplicate OTT ID 634628
pgloadind     OTT ID reused in tree
pgloadind       duplicate name "Fungi" nexsonid "node972158"
pgloadind       duplicate OTT ID 352914
pgloadind     OTT ID reused in tree
pgloadind       duplicate name "Basidiomycota" nexsonid "node972160"
pgloadind       duplicate OTT ID 634628
pgloadind     OTT ID reused in tree
pgloadind       duplicate name "Basidiomycota" nexsonid "node972162"
pgloadind       duplicate OTT ID 634628
pgloadind     OTT ID reused in tree
pgloadind       duplicate name "Basidiomycota" nexsonid "node972163"
pgloadind       duplicate OTT ID 634628
pgloadind     OTT ID reused in tree
pgloadind       duplicate name "Fungi" nexsonid "node972165"
pgloadind       duplicate OTT ID 352914
pgloadind     OTT ID reused in tree
pgloadind       duplicate name "Basidiomycota" nexsonid "node972169"
pgloadind       duplicate OTT ID 634628
pgloadind     OTT ID reused in tree
pgloadind       duplicate name "Fungi" nexsonid "node972170"
pgloadind       duplicate OTT ID 352914
pgloadind     OTT ID reused in tree
pgloadind       duplicate name "Fungi" nexsonid "node972173"
pgloadind       duplicate OTT ID 352914
pgloadind     OTT ID reused in tree
pgloadind       duplicate name "Basidiomycota" nexsonid "node972174"
pgloadind       duplicate OTT ID 634628
pgloadind     OTT ID reused in tree
pgloadind       duplicate name "Basidiomycota" nexsonid "node972177"
pgloadind       duplicate OTT ID 634628
pgloadind     OTT ID reused in tree
pgloadind       duplicate name "Basidiomycota" nexsonid "node972179"
pgloadind       duplicate OTT ID 634628
pgloadind     OTT ID reused in tree
pgloadind       duplicate name "Basidiomycota" nexsonid "node972181"
pgloadind       duplicate OTT ID 634628
pgloadind     OTT ID reused in tree
pgloadind       duplicate name "Basidiomycota" nexsonid "node972183"
pgloadind       duplicate OTT ID 634628
pgloadind     OTT ID reused in tree
pgloadind       duplicate name "Fungi" nexsonid "node972184"
pgloadind       duplicate OTT ID 352914
pgloadind     OTT ID reused in tree
pgloadind       duplicate name "Clavaria" nexsonid "node972187"
pgloadind       duplicate OTT ID 1050391
pgloadind     OTT ID reused in tree
pgloadind       duplicate name "Clavulinopsis sulcata" nexsonid "node972190"
pgloadind       duplicate OTT ID 220125
pgloadind     OTT ID reused in tree
pgloadind       duplicate name "Clavaria" nexsonid "node972194"
pgloadind       duplicate OTT ID 1050391
pgloadind     OTT ID reused in tree
pgloadind       duplicate name "Clavaria" nexsonid "node972196"
pgloadind       duplicate OTT ID 1050391
pgloadind     OTT ID reused in tree
pgloadind       duplicate name "Clavaria" nexsonid "node972197"
pgloadind       duplicate OTT ID 1050391
pgloadind     OTT ID reused in tree
pgloadind       duplicate name "Fungi" nexsonid "node972200"
pgloadind       duplicate OTT ID 352914
pgloadind     OTT ID reused in tree
pgloadind       duplicate name "Ramariopsis kunzei" nexsonid "node972204"
pgloadind       duplicate OTT ID 121490
pgloadind     OTT ID reused in tree
pgloadind       duplicate name "Basidiomycota" nexsonid "node972205"
pgloadind       duplicate OTT ID 634628
pgloadind     OTT ID reused in tree
pgloadind       duplicate name "Basidiomycota" nexsonid "node972211"
pgloadind       duplicate OTT ID 634628
pgloadind     OTT ID reused in tree
pgloadind       duplicate name "Ramariopsis crocea" nexsonid "node972216"
pgloadind       duplicate OTT ID 817949
pgloadind     OTT ID reused in tree
pgloadind       duplicate name "Basidiomycota" nexsonid "node972217"
pgloadind       duplicate OTT ID 634628
pgloadind     OTT ID reused in tree
pgloadind       duplicate name "Fungi" nexsonid "node972224"
pgloadind       duplicate OTT ID 352914
pgloadind     OTT ID reused in tree
pgloadind       duplicate name "Ramariopsis kunzei" nexsonid "node972229"
pgloadind       duplicate OTT ID 121490
pgloadind     OTT ID reused in tree
pgloadind       duplicate name "Fungi" nexsonid "node972232"
pgloadind       duplicate OTT ID 352914
pgloadind     OTT ID reused in tree
pgloadind       duplicate name "Fungi" nexsonid "node972233"
pgloadind       duplicate OTT ID 352914
pgloadind     OTT ID reused in tree
pgloadind       duplicate name "Fungi" nexsonid "node972235"
pgloadind       duplicate OTT ID 352914
pgloadind     OTT ID reused in tree
pgloadind       duplicate name "Fungi" nexsonid "node972236"
pgloadind       duplicate OTT ID 352914
pgloadind     OTT ID reused in tree
pgloadind       duplicate name "Basidiomycota" nexsonid "node972239"
pgloadind       duplicate OTT ID 634628
pgloadind     OTT ID reused in tree
pgloadind       duplicate name "Basidiomycota" nexsonid "node972240"
pgloadind       duplicate OTT ID 634628
pgloadind     OTT ID reused in tree
pgloadind       duplicate name "Ramariopsis" nexsonid "node972245"
pgloadind       duplicate OTT ID 69646
pgloadind     OTT ID reused in tree
pgloadind       duplicate name "Fungi" nexsonid "node972246"
pgloadind       duplicate OTT ID 352914
pgloadind     OTT ID reused in tree
pgloadind       duplicate name "Ramariopsis kunzei" nexsonid "node972248"
pgloadind       duplicate OTT ID 121490
pgloadind     OTT ID reused in tree
pgloadind       duplicate name "Ramariopsis kunzei" nexsonid "node972251"
pgloadind       duplicate OTT ID 121490
pgloadind     OTT ID reused in tree
pgloadind       duplicate name "Fungi" nexsonid "node972253"
pgloadind       duplicate OTT ID 352914
pgloadind     OTT ID reused in tree
pgloadind       duplicate name "Fungi" nexsonid "node972255"
pgloadind       duplicate OTT ID 352914
pgloadind     OTT ID reused in tree
pgloadind       duplicate name "Fungi" nexsonid "node972256"
pgloadind       duplicate OTT ID 352914
pgloadind     OTT ID reused in tree
pgloadind       duplicate name "Fungi" nexsonid "node972259"
pgloadind       duplicate OTT ID 352914
pgloadind     OTT ID reused in tree
pgloadind       duplicate name "Fungi" nexsonid "node972261"
pgloadind       duplicate OTT ID 352914
pgloadind     OTT ID reused in tree
pgloadind       duplicate name "Fungi" nexsonid "node972264"
pgloadind       duplicate OTT ID 352914
pgloadind     OTT ID reused in tree
pgloadind       duplicate name "Fungi" nexsonid "node972265"
pgloadind       duplicate OTT ID 352914
pgloadind     OTT ID reused in tree
pgloadind       duplicate name "Fungi" nexsonid "node972267"
pgloadind       duplicate OTT ID 352914
pgloadind     OTT ID reused in tree
pgloadind       duplicate name "Fungi" nexsonid "node972268"
pgloadind       duplicate OTT ID 352914
pgloadind     OTT ID reused in tree
pgloadind       duplicate name "Fungi" nexsonid "node972271"
pgloadind       duplicate OTT ID 352914
pgloadind     OTT ID reused in tree
pgloadind       duplicate name "Fungi" nexsonid "node972273"
pgloadind       duplicate OTT ID 352914
pgloadind     OTT ID reused in tree
pgloadind       duplicate name "Fungi" nexsonid "node972275"
pgloadind       duplicate OTT ID 352914
pgloadind     OTT ID reused in tree
pgloadind       duplicate name "Fungi" nexsonid "node972277"
pgloadind       duplicate OTT ID 352914
pgloadind     OTT ID reused in tree
pgloadind       duplicate name "Fungi" nexsonid "node972278"
pgloadind       duplicate OTT ID 352914
pgloadind     OTT ID reused in tree
pgloadind       duplicate name "Fungi" nexsonid "node972280"
pgloadind       duplicate OTT ID 352914
pgloadind     OTT ID reused in tree
pgloadind       duplicate name "Fungi" nexsonid "node972282"
pgloadind       duplicate OTT ID 352914
pgloadind     OTT ID reused in tree
pgloadind       duplicate name "Fungi" nexsonid "node972284"
pgloadind       duplicate OTT ID 352914
pgloadind     OTT ID reused in tree
pgloadind       duplicate name "Fungi" nexsonid "node972286"
pgloadind       duplicate OTT ID 352914
pgloadind     OTT ID reused in tree
pgloadind       duplicate name "Fungi" nexsonid "node972287"
pgloadind       duplicate OTT ID 352914
pgloadind     OTT ID reused in tree
pgloadind       duplicate name "Basidiomycota" nexsonid "node972294"
pgloadind       duplicate OTT ID 634628
pgloadind     OTT ID reused in tree
pgloadind       duplicate name "Clavulinopsis fusiformis" nexsonid "node972296"
pgloadind       duplicate OTT ID 464139
pgloadind     OTT ID reused in tree
pgloadind       duplicate name "Clavulinopsis helvola" nexsonid "node972300"
pgloadind       duplicate OTT ID 508973
pgloadind     OTT ID reused in tree
pgloadind       duplicate name "Fungi" nexsonid "node972303"
pgloadind       duplicate OTT ID 352914
pgloadind     OTT ID reused in tree
pgloadind       duplicate name "Basidiomycota" nexsonid "node972308"
pgloadind       duplicate OTT ID 634628
pgloadind     OTT ID reused in tree
pgloadind       duplicate name "Basidiomycota" nexsonid "node972316"
pgloadind       duplicate OTT ID 634628
pgloadind     OTT ID reused in tree
pgloadind       duplicate name "Basidiomycota" nexsonid "node972318"
pgloadind       duplicate OTT ID 634628
pgloadind     OTT ID reused in tree
pgloadind       duplicate name "Basidiomycota" nexsonid "node972320"
pgloadind       duplicate OTT ID 634628
pgloadind     OTT ID reused in tree
pgloadind       duplicate name "Basidiomycota" nexsonid "node972321"
pgloadind       duplicate OTT ID 634628
pgloadind     OTT ID reused in tree
pgloadind       duplicate name "Basidiomycota" nexsonid "node972323"
pgloadind       duplicate OTT ID 634628
pgloadind     OTT ID reused in tree
pgloadind       duplicate name "Basidiomycota" nexsonid "node972325"
pgloadind       duplicate OTT ID 634628
pgloadind     OTT ID reused in tree
pgloadind       duplicate name "Basidiomycota" nexsonid "node972328"
pgloadind       duplicate OTT ID 634628
pgloadind     OTT ID reused in tree
pgloadind       duplicate name "Basidiomycota" nexsonid "node972329"
pgloadind       duplicate OTT ID 634628
pgloadind     OTT ID reused in tree
pgloadind       duplicate name "Basidiomycota" nexsonid "node972331"
pgloadind       duplicate OTT ID 634628
pgloadind     OTT ID reused in tree
pgloadind       duplicate name "Basidiomycota" nexsonid "node972333"
pgloadind       duplicate OTT ID 634628
pgloadind     OTT ID reused in tree
pgloadind       duplicate name "Basidiomycota" nexsonid "node972335"
pgloadind       duplicate OTT ID 634628
pgloadind     OTT ID reused in tree
pgloadind       duplicate name "Basidiomycota" nexsonid "node972337"
pgloadind       duplicate OTT ID 634628
pgloadind     OTT ID reused in tree
pgloadind       duplicate name "Basidiomycota" nexsonid "node972339"
pgloadind       duplicate OTT ID 634628
pgloadind     OTT ID reused in tree
pgloadind       duplicate name "Basidiomycota" nexsonid "node972341"
pgloadind       duplicate OTT ID 634628
pgloadind     OTT ID reused in tree
pgloadind       duplicate name "Basidiomycota" nexsonid "node972343"
pgloadind       duplicate OTT ID 634628
pgloadind     OTT ID reused in tree
pgloadind       duplicate name "Basidiomycota" nexsonid "node972345"
pgloadind       duplicate OTT ID 634628
pgloadind     OTT ID reused in tree
pgloadind       duplicate name "Basidiomycota" nexsonid "node972347"
pgloadind       duplicate OTT ID 634628
pgloadind     OTT ID reused in tree
pgloadind       duplicate name "Basidiomycota" nexsonid "node972349"
pgloadind       duplicate OTT ID 634628
pgloadind     OTT ID reused in tree
pgloadind       duplicate name "Basidiomycota" nexsonid "node972351"
pgloadind       duplicate OTT ID 634628
pgloadind     OTT ID reused in tree
pgloadind       duplicate name "Basidiomycota" nexsonid "node972353"
pgloadind       duplicate OTT ID 634628
pgloadind     OTT ID reused in tree
pgloadind       duplicate name "Basidiomycota" nexsonid "node972355"
pgloadind       duplicate OTT ID 634628
pgloadind     OTT ID reused in tree
pgloadind       duplicate name "Basidiomycota" nexsonid "node972358"
pgloadind       duplicate OTT ID 634628
pgloadind     OTT ID reused in tree
pgloadind       duplicate name "Basidiomycota" nexsonid "node972360"
pgloadind       duplicate OTT ID 634628
pgloadind     OTT ID reused in tree
pgloadind       duplicate name "Basidiomycota" nexsonid "node972362"
pgloadind       duplicate OTT ID 634628
pgloadind     OTT ID reused in tree
pgloadind       duplicate name "Basidiomycota" nexsonid "node972364"
pgloadind       duplicate OTT ID 634628
pgloadind     OTT ID reused in tree
pgloadind       duplicate name "Basidiomycota" nexsonid "node972366"
pgloadind       duplicate OTT ID 634628
pgloadind     OTT ID reused in tree
pgloadind       duplicate name "Basidiomycota" nexsonid "node972368"
pgloadind       duplicate OTT ID 634628
pgloadind     OTT ID reused in tree
pgloadind       duplicate name "Basidiomycota" nexsonid "node972370"
pgloadind       duplicate OTT ID 634628
pgloadind     OTT ID reused in tree
pgloadind       duplicate name "Basidiomycota" nexsonid "node972372"
pgloadind       duplicate OTT ID 634628
pgloadind     OTT ID reused in tree
pgloadind       duplicate name "Basidiomycota" nexsonid "node972374"
pgloadind       duplicate OTT ID 634628
pgloadind     OTT ID reused in tree
pgloadind       duplicate name "Basidiomycota" nexsonid "node972376"
pgloadind       duplicate OTT ID 634628
pgloadind     OTT ID reused in tree
pgloadind       duplicate name "Basidiomycota" nexsonid "node972378"
pgloadind       duplicate OTT ID 634628
pgloadind     OTT ID reused in tree
pgloadind       duplicate name "Basidiomycota" nexsonid "node972379"
pgloadind       duplicate OTT ID 634628
pgloadind     OTT ID reused in tree
pgloadind       duplicate name "Basidiomycota" nexsonid "node972381"
pgloadind       duplicate OTT ID 634628
pgloadind     OTT ID reused in tree
pgloadind       duplicate name "Basidiomycota" nexsonid "node972383"
pgloadind       duplicate OTT ID 634628
pgloadind     OTT ID reused in tree
pgloadind       duplicate name "Basidiomycota" nexsonid "node972385"
pgloadind       duplicate OTT ID 634628
pgloadind     OTT ID reused in tree
pgloadind       duplicate name "Basidiomycota" nexsonid "node972387"
pgloadind       duplicate OTT ID 634628
pgloadind     OTT ID reused in tree
pgloadind       duplicate name "Basidiomycota" nexsonid "node972389"
pgloadind       duplicate OTT ID 634628
pgloadind     OTT ID reused in tree
pgloadind       duplicate name "Basidiomycota" nexsonid "node972391"
pgloadind       duplicate OTT ID 634628
pgloadind     OTT ID reused in tree
pgloadind       duplicate name "Basidiomycota" nexsonid "node972394"
pgloadind       duplicate OTT ID 634628
pgloadind     OTT ID reused in tree
pgloadind       duplicate name "Basidiomycota" nexsonid "node972396"
pgloadind       duplicate OTT ID 634628
pgloadind     OTT ID reused in tree
pgloadind       duplicate name "Basidiomycota" nexsonid "node972397"
pgloadind       duplicate OTT ID 634628
pgloadind     OTT ID reused in tree
pgloadind       duplicate name "Basidiomycota" nexsonid "node972399"
pgloadind       duplicate OTT ID 634628
pgloadind     OTT ID reused in tree
pgloadind       duplicate name "Basidiomycota" nexsonid "node972402"
pgloadind       duplicate OTT ID 634628
pgloadind     OTT ID reused in tree
pgloadind       duplicate name "Basidiomycota" nexsonid "node972404"
pgloadind       duplicate OTT ID 634628
pgloadind     OTT ID reused in tree
pgloadind       duplicate name "Basidiomycota" nexsonid "node972406"
pgloadind       duplicate OTT ID 634628
pgloadind     OTT ID reused in tree
pgloadind       duplicate name "Basidiomycota" nexsonid "node972408"
pgloadind       duplicate OTT ID 634628
pgloadind     OTT ID reused in tree
pgloadind       duplicate name "Basidiomycota" nexsonid "node972409"
pgloadind       duplicate OTT ID 634628
pgloadind     OTT ID reused in tree
pgloadind       duplicate name "Basidiomycota" nexsonid "node972411"
pgloadind       duplicate OTT ID 634628
pgloadind     OTT ID reused in tree
pgloadind       duplicate name "Basidiomycota" nexsonid "node972413"
pgloadind       duplicate OTT ID 634628
pgloadind     OTT ID reused in tree
pgloadind       duplicate name "Basidiomycota" nexsonid "node972415"
pgloadind       duplicate OTT ID 634628
pgloadind     OTT ID reused in tree
pgloadind       duplicate name "Basidiomycota" nexsonid "node972417"
pgloadind       duplicate OTT ID 634628
pgloadind     OTT ID reused in tree
pgloadind       duplicate name "Basidiomycota" nexsonid "node972419"
pgloadind       duplicate OTT ID 634628
pgloadind     OTT ID reused in tree
pgloadind       duplicate name "Basidiomycota" nexsonid "node972421"
pgloadind       duplicate OTT ID 634628
pgloadind     OTT ID reused in tree
pgloadind       duplicate name "Basidiomycota" nexsonid "node972423"
pgloadind       duplicate OTT ID 634628
pgloadind     OTT ID reused in tree
pgloadind       duplicate name "Basidiomycota" nexsonid "node972425"
pgloadind       duplicate OTT ID 634628
pgloadind     OTT ID reused in tree
pgloadind       duplicate name "Basidiomycota" nexsonid "node972427"
pgloadind       duplicate OTT ID 634628
pgloadind     OTT ID reused in tree
pgloadind       duplicate name "Basidiomycota" nexsonid "node972429"
pgloadind       duplicate OTT ID 634628
pgloadind     OTT ID reused in tree
pgloadind       duplicate name "Basidiomycota" nexsonid "node972431"
pgloadind       duplicate OTT ID 634628
pgloadind     OTT ID reused in tree
pgloadind       duplicate name "Basidiomycota" nexsonid "node972433"
pgloadind       duplicate OTT ID 634628
pgloadind     OTT ID reused in tree
pgloadind       duplicate name "Basidiomycota" nexsonid "node972435"
pgloadind       duplicate OTT ID 634628
pgloadind     OTT ID reused in tree
pgloadind       duplicate name "Basidiomycota" nexsonid "node972436"
pgloadind       duplicate OTT ID 634628
pgloadind     overlapping tips
pgloadind       overlapping retained name "Mucronella calva" nexsonid "node971804"
pgloadind       overlapping pruned name "Mucronella" nexsonid "node971802"
pgloadind     overlapping tips
pgloadind       overlapping retained name "Mucronella calva" nexsonid "node971804"
pgloadind       overlapping pruned name "Basidiomycota" nexsonid "node971822"
pgloadind     overlapping tips
pgloadind       overlapping retained name "Mucronella calva" nexsonid "node971804"
pgloadind       overlapping pruned name "Fungi" nexsonid "node971879"
pgloadind     overlapping tips
pgloadind       overlapping retained name "Mucronella calva" nexsonid "node971804"
pgloadind       overlapping pruned name "Agaricales" nexsonid "node972091"
pgloadind     overlapping tips
pgloadind       overlapping retained name "Clavaria inaequalis" nexsonid "node971815"
pgloadind       overlapping pruned name "Clavaria" nexsonid "node971825"
pgloadind     overlapping tips
pgloadind       overlapping retained name "Camarophyllopsis schulzeri" nexsonid "node971856"
pgloadind       overlapping pruned name "Camarophyllopsis" nexsonid "node971969"
pgloadind     overlapping tips
pgloadind       overlapping retained name "Ramariopsis kunzei" nexsonid "node972202"
pgloadind       overlapping pruned name "Ramariopsis" nexsonid "node972222"
pgloadind     pruning dups and overlapping name "Fungi" nexsonid "node972275"
pgloadind     pruning dups and overlapping name "Camarophyllopsis hymenocephala" nexsonid "node971972"
pgloadind     pruning dups and overlapping name "Basidiomycota" nexsonid "node972335"
pgloadind     pruning dups and overlapping name "Fungi" nexsonid "node971948"
pgloadind     pruning dups and overlapping name "Fungi" nexsonid "node972246"
pgloadind     pruning dups and overlapping name "Basidiomycota" nexsonid "node972376"
pgloadind     pruning dups and overlapping name "Basidiomycota" nexsonid "node971864"
pgloadind     pruning dups and overlapping name "Basidiomycota" nexsonid "node972427"
pgloadind     pruning dups and overlapping name "Basidiomycota" nexsonid "node972122"
pgloadind     pruning dups and overlapping name "Clavaria" nexsonid "node972071"
pgloadind     pruning dups and overlapping name "Fungi" nexsonid "node972303"
pgloadind     pruning dups and overlapping name "Basidiomycota" nexsonid "node971937"
pgloadind     pruning dups and overlapping name "Clavaria" nexsonid "node971888"
pgloadind     pruning dups and overlapping name "Clavaria" nexsonid "node971875"
pgloadind     pruning dups and overlapping name "Clavaria" nexsonid "node971832"
pgloadind     pruning dups and overlapping name "Clavaria acuta" nexsonid "node972082"
pgloadind     pruning dups and overlapping name "Basidiomycota" nexsonid "node972402"
pgloadind     pruning dups and overlapping name "Basidiomycota" nexsonid "node972389"
pgloadind     pruning dups and overlapping name "Clavaria" nexsonid "node971877"
pgloadind     pruning dups and overlapping name "Basidiomycota" nexsonid "node972355"
pgloadind     pruning dups and overlapping name "Basidiomycota" nexsonid "node971895"
pgloadind     pruning dups and overlapping name "Basidiomycota" nexsonid "node971868"
pgloadind     pruning dups and overlapping name "Fungi" nexsonid "node972278"
pgloadind     pruning dups and overlapping name "Basidiomycota" nexsonid "node972408"
pgloadind     pruning dups and overlapping name "Basidiomycota" nexsonid "node972060"
pgloadind     pruning dups and overlapping name "Fungi" nexsonid "node972085"
pgloadind     pruning dups and overlapping name "Basidiomycota" nexsonid "node971917"
pgloadind     pruning dups and overlapping name "Basidiomycota" nexsonid "node971921"
pgloadind     pruning dups and overlapping name "Basidiomycota" nexsonid "node972358"
pgloadind     pruning dups and overlapping name "Fungi" nexsonid "node971910"
pgloadind     pruning dups and overlapping name "Basidiomycota" nexsonid "node971986"
pgloadind     pruning dups and overlapping name "Basidiomycota" nexsonid "node971961"
pgloadind     pruning dups and overlapping name "Basidiomycota" nexsonid "node972333"
pgloadind     pruning dups and overlapping name "Basidiomycota" nexsonid "node972318"
pgloadind     pruning dups and overlapping name "Basidiomycota" nexsonid "node971845"
pgloadind     pruning dups and overlapping name "Basidiomycota" nexsonid "node971962"
pgloadind     pruning dups and overlapping name "Basidiomycota" nexsonid "node971936"
pgloadind     pruning dups and overlapping name "Clavaria" nexsonid "node971885"
pgloadind     pruning dups and overlapping name "Basidiomycota" nexsonid "node972419"
pgloadind     pruning dups and overlapping name "Basidiomycota" nexsonid "node972126"
pgloadind     pruning dups and overlapping name "Basidiomycota" nexsonid "node972181"
pgloadind     pruning dups and overlapping name "Fungi" nexsonid "node972233"
pgloadind     pruning dups and overlapping name "Basidiomycota" nexsonid "node972149"
pgloadind     pruning dups and overlapping name "Basidiomycota" nexsonid "node972152"
pgloadind     pruning dups and overlapping name "Basidiomycota" nexsonid "node972150"
pgloadind     pruning dups and overlapping name "Basidiomycota" nexsonid "node972411"
pgloadind     pruning dups and overlapping name "Fungi" nexsonid "node971999"
pgloadind     pruning dups and overlapping name "Basidiomycota" nexsonid "node971839"
pgloadind     pruning dups and overlapping name "Basidiomycota" nexsonid "node972399"
pgloadind     pruning dups and overlapping name "Fungi" nexsonid "node972286"
pgloadind     pruning dups and overlapping name "Fungi" nexsonid "node971894"
pgloadind     pruning dups and overlapping name "Fungi" nexsonid "node972284"
pgloadind     pruning dups and overlapping name "Basidiomycota" nexsonid "node972030"
pgloadind     pruning dups and overlapping name "Basidiomycota" nexsonid "node971866"
pgloadind     pruning dups and overlapping name "Fungi" nexsonid "node972280"
pgloadind     pruning dups and overlapping name "Basidiomycota" nexsonid "node972143"
pgloadind     pruning dups and overlapping name "Basidiomycota" nexsonid "node972116"
pgloadind     pruning dups and overlapping name "Fungi" nexsonid "node972165"
pgloadind     pruning dups and overlapping name "Basidiomycota" nexsonid "node972417"
pgloadind     pruning dups and overlapping name "Basidiomycota" nexsonid "node972339"
pgloadind     pruning dups and overlapping name "Basidiomycota" nexsonid "node972014"
pgloadind     pruning dups and overlapping name "Fungi" nexsonid "node972236"
pgloadind     pruning dups and overlapping name "Basidiomycota" nexsonid "node972073"
pgloadind     pruning dups and overlapping name "Basidiomycota" nexsonid "node971989"
pgloadind     pruning dups and overlapping name "Fungi" nexsonid "node971931"
pgloadind     pruning dups and overlapping name "Basidiomycota" nexsonid "node972406"
pgloadind     pruning dups and overlapping name "Basidiomycota" nexsonid "node972394"
pgloadind     pruning dups and overlapping name "Mucronella calva" nexsonid "node971806"
pgloadind     pruning dups and overlapping name "Ramariopsis" nexsonid "node972222"
pgloadind     pruning dups and overlapping name "Basidiomycota" nexsonid "node972391"
pgloadind     pruning dups and overlapping name "Basidiomycota" nexsonid "node971923"
pgloadind     pruning dups and overlapping name "Fungi" nexsonid "node971880"
pgloadind     pruning dups and overlapping name "Clavulinopsis fusiformis" nexsonid "node972296"
pgloadind     pruning dups and overlapping name "Basidiomycota" nexsonid "node972169"
pgloadind     pruning dups and overlapping name "Basidiomycota" nexsonid "node972360"
pgloadind     pruning dups and overlapping name "Basidiomycota" nexsonid "node972378"
pgloadind     pruning dups and overlapping name "Clavaria" nexsonid "node971932"
pgloadind     pruning dups and overlapping name "Basidiomycota" nexsonid "node972154"
pgloadind     pruning dups and overlapping name "Fungi" nexsonid "node972282"
pgloadind     pruning dups and overlapping name "Basidiomycota" nexsonid "node971976"
pgloadind     pruning dups and overlapping name "Fungi" nexsonid "node972094"
pgloadind     pruning dups and overlapping name "Mucronella" nexsonid "node971809"
pgloadind     pruning dups and overlapping name "Basidiomycota" nexsonid "node971892"
pgloadind     pruning dups and overlapping name "Fungi" nexsonid "node971954"
pgloadind     pruning dups and overlapping name "Basidiomycota" nexsonid "node971955"
pgloadind     pruning dups and overlapping name "Basidiomycota" nexsonid "node972053"
pgloadind     pruning dups and overlapping name "Clavaria" nexsonid "node972187"
pgloadind     pruning dups and overlapping name "Ramariopsis" nexsonid "node972245"
pgloadind     pruning dups and overlapping name "Basidiomycota" nexsonid "node972320"
pgloadind     pruning dups and overlapping name "Basidiomycota" nexsonid "node972160"
pgloadind     pruning dups and overlapping name "Basidiomycota" nexsonid "node971862"
pgloadind     pruning dups and overlapping name "Basidiomycota" nexsonid "node972425"
pgloadind     pruning dups and overlapping name "Fungi" nexsonid "node972058"
pgloadind     pruning dups and overlapping name "Basidiomycota" nexsonid "node972385"
pgloadind     pruning dups and overlapping name "Basidiomycota" nexsonid "node972368"
pgloadind     pruning dups and overlapping name "Basidiomycota" nexsonid "node972347"
pgloadind     pruning dups and overlapping name "Basidiomycota" nexsonid "node972240"
pgloadind     pruning dups and overlapping name "Basidiomycota" nexsonid "node972294"
pgloadind     pruning dups and overlapping name "Fungi" nexsonid "node972265"
pgloadind     pruning dups and overlapping name "Fungi" nexsonid "node972255"
pgloadind     pruning dups and overlapping name "Basidiomycota" nexsonid "node972387"
pgloadind     pruning dups and overlapping name "Fungi" nexsonid "node971912"
pgloadind     pruning dups and overlapping name "Basidiomycota" nexsonid "node972105"
pgloadind     pruning dups and overlapping name "Basidiomycota" nexsonid "node972135"
pgloadind     pruning dups and overlapping name "Fungi" nexsonid "node972200"
pgloadind     pruning dups and overlapping name "Basidiomycota" nexsonid "node972157"
pgloadind     pruning dups and overlapping name "Basidiomycota" nexsonid "node972111"
pgloadind     pruning dups and overlapping name "Basidiomycota" nexsonid "node972429"
pgloadind     pruning dups and overlapping name "Basidiomycota" nexsonid "node972366"
pgloadind     pruning dups and overlapping name "Fungi" nexsonid "node972015"
pgloadind     pruning dups and overlapping name "Clavaria" nexsonid "node972069"
pgloadind     pruning dups and overlapping name "Basidiomycota" nexsonid "node972179"
pgloadind     pruning dups and overlapping name "Fungi" nexsonid "node971942"
pgloadind     pruning dups and overlapping name "Fungi" nexsonid "node972273"
pgloadind     pruning dups and overlapping name "Clavaria argillacea" nexsonid "node972089"
pgloadind     pruning dups and overlapping name "Mucronella" nexsonid "node971802"
pgloadind     pruning dups and overlapping name "Basidiomycota" nexsonid "node972323"
pgloadind     pruning dups and overlapping name "Basidiomycota" nexsonid "node972138"
pgloadind     pruning dups and overlapping name "Basidiomycota" nexsonid "node971837"
pgloadind     pruning dups and overlapping name "Clavaria" nexsonid "node972042"
pgloadind     pruning dups and overlapping name "Basidiomycota" nexsonid "node972337"
pgloadind     pruning dups and overlapping name "Basidiomycota" nexsonid "node971822"
pgloadind     pruning dups and overlapping name "Basidiomycota" nexsonid "node972145"
pgloadind     pruning dups and overlapping name "Fungi" nexsonid "node971879"
pgloadind     pruning dups and overlapping name "Basidiomycota" nexsonid "node972061"
pgloadind     pruning dups and overlapping name "Basidiomycota" nexsonid "node972102"
pgloadind     pruning dups and overlapping name "Basidiomycota" nexsonid "node972205"
pgloadind     pruning dups and overlapping name "Fungi" nexsonid "node971990"
pgloadind     pruning dups and overlapping name "Basidiomycota" nexsonid "node972433"
pgloadind     pruning dups and overlapping name "Basidiomycota" nexsonid "node972120"
pgloadind     pruning dups and overlapping name "Basidiomycota" nexsonid "node971851"
pgloadind     pruning dups and overlapping name "Basidiomycota" nexsonid "node972113"
pgloadind     pruning dups and overlapping name "Fungi" nexsonid "node972224"
pgloadind     pruning dups and overlapping name "Fungi" nexsonid "node971916"
pgloadind     pruning dups and overlapping name "Fungi" nexsonid "node972095"
pgloadind     pruning dups and overlapping name "Clavaria" nexsonid "node972194"
pgloadind     pruning dups and overlapping name "Basidiomycota" nexsonid "node972372"
pgloadind     pruning dups and overlapping name "Basidiomycota" nexsonid "node972308"
pgloadind     pruning dups and overlapping name "Basidiomycota" nexsonid "node972163"
pgloadind     pruning dups and overlapping name "Basidiomycota" nexsonid "node972076"
pgloadind     pruning dups and overlapping name "Basidiomycota" nexsonid "node972124"
pgloadind     pruning dups and overlapping name "Fungi" nexsonid "node972173"
pgloadind     pruning dups and overlapping name "Basidiomycota" nexsonid "node972049"
pgloadind     pruning dups and overlapping name "Basidiomycota" nexsonid "node971944"
pgloadind     pruning dups and overlapping name "Basidiomycota" nexsonid "node972109"
pgloadind     pruning dups and overlapping name "Fungi" nexsonid "node972261"
pgloadind     pruning dups and overlapping name "Basidiomycota" nexsonid "node972351"
pgloadind     pruning dups and overlapping name "Fungi" nexsonid "node972017"
pgloadind     pruning dups and overlapping name "Basidiomycota" nexsonid "node971996"
pgloadind     pruning dups and overlapping name "Basidiomycota" nexsonid "node972435"
pgloadind     pruning dups and overlapping name "Fungi" nexsonid "node972067"
pgloadind     pruning dups and overlapping name "Fungi" nexsonid "node972259"
pgloadind     pruning dups and overlapping name "Basidiomycota" nexsonid "node972353"
pgloadind     pruning dups and overlapping name "Basidiomycota" nexsonid "node972107"
pgloadind     pruning dups and overlapping name "Basidiomycota" nexsonid "node972397"
pgloadind     pruning dups and overlapping name "Basidiomycota" nexsonid "node971926"
pgloadind     pruning dups and overlapping name "Basidiomycota" nexsonid "node972147"
pgloadind     pruning dups and overlapping name "Basidiomycota" nexsonid "node972131"
pgloadind     pruning dups and overlapping name "Basidiomycota" nexsonid "node972362"
pgloadind     pruning dups and overlapping name "Basidiomycota" nexsonid "node972044"
pgloadind     pruning dups and overlapping name "Basidiomycota" nexsonid "node971905"
pgloadind     pruning dups and overlapping name "Fungi" nexsonid "node972097"
pgloadind     pruning dups and overlapping name "Basidiomycota" nexsonid "node972431"
pgloadind     pruning dups and overlapping name "Ramariopsis kunzei" nexsonid "node972248"
pgloadind     pruning dups and overlapping name "Basidiomycota" nexsonid "node972002"
pgloadind     pruning dups and overlapping name "Fungi" nexsonid "node972170"
pgloadind     pruning dups and overlapping name "Basidiomycota" nexsonid "node972409"
pgloadind     pruning dups and overlapping name "Clavaria" nexsonid "node972197"
pgloadind     pruning dups and overlapping name "Basidiomycota" nexsonid "node972321"
pgloadind     pruning dups and overlapping name "Basidiomycota" nexsonid "node972174"
pgloadind     pruning dups and overlapping name "Fungi" nexsonid "node972271"
pgloadind     pruning dups and overlapping name "Basidiomycota" nexsonid "node972009"
pgloadind     pruning dups and overlapping name "Fungi" nexsonid "node971992"
pgloadind     pruning dups and overlapping name "Basidiomycota" nexsonid "node971835"
pgloadind     pruning dups and overlapping name "Basidiomycota" nexsonid "node972119"
pgloadind     pruning dups and overlapping name "Basidiomycota" nexsonid "node972421"
pgloadind     pruning dups and overlapping name "Fungi" nexsonid "node971994"
pgloadind     pruning dups and overlapping name "Ramariopsis kunzei" nexsonid "node972251"
pgloadind     pruning dups and overlapping name "Fungi" nexsonid "node972158"
pgloadind     pruning dups and overlapping name "Basidiomycota" nexsonid "node971854"
pgloadind     pruning dups and overlapping name "Basidiomycota" nexsonid "node972396"
pgloadind     pruning dups and overlapping name "Fungi" nexsonid "node972256"
pgloadind     pruning dups and overlapping name "Basidiomycota" nexsonid "node971860"
pgloadind     pruning dups and overlapping name "Fungi" nexsonid "node972012"
pgloadind     pruning dups and overlapping name "Basidiomycota" nexsonid "node972343"
pgloadind     pruning dups and overlapping name "Basidiomycota" nexsonid "node972423"
pgloadind     pruning dups and overlapping name "Basidiomycota" nexsonid "node972008"
pgloadind     pruning dups and overlapping name "Fungi" nexsonid "node971913"
pgloadind     pruning dups and overlapping name "Basidiomycota" nexsonid "node971906"
pgloadind     pruning dups and overlapping name "Clavaria acuta" nexsonid "node972065"
pgloadind     pruning dups and overlapping name "Basidiomycota" nexsonid "node972383"
pgloadind     pruning dups and overlapping name "Clavaria zollingeri" nexsonid "node971820"
pgloadind     pruning dups and overlapping name "Ramariopsis kunzei" nexsonid "node972204"
pgloadind     pruning dups and overlapping name "Basidiomycota" nexsonid "node971957"
pgloadind     pruning dups and overlapping name "Basidiomycota" nexsonid "node972370"
pgloadind     pruning dups and overlapping name "Basidiomycota" nexsonid "node972328"
pgloadind     pruning dups and overlapping name "Basidiomycota" nexsonid "node971823"
pgloadind     pruning dups and overlapping name "Basidiomycota" nexsonid "node972004"
pgloadind     pruning dups and overlapping name "Basidiomycota" nexsonid "node972006"
pgloadind     pruning dups and overlapping name "Basidiomycota" nexsonid "node972239"
pgloadind     pruning dups and overlapping name "Basidiomycota" nexsonid "node972048"
pgloadind     pruning dups and overlapping name "Basidiomycota" nexsonid "node972316"
pgloadind     pruning dups and overlapping name "Fungi" nexsonid "node972098"
pgloadind     pruning dups and overlapping name "Clavulinopsis sulcata" nexsonid "node972190"
pgloadind     pruning dups and overlapping name "Basidiomycota" nexsonid "node972114"
pgloadind     pruning dups and overlapping name "Basidiomycota" nexsonid "node971946"
pgloadind     pruning dups and overlapping name "Basidiomycota" nexsonid "node972020"
pgloadind     pruning dups and overlapping name "Basidiomycota" nexsonid "node972325"
pgloadind     pruning dups and overlapping name "Basidiomycota" nexsonid "node972415"
pgloadind     pruning dups and overlapping name "Clavicorona taxophila" nexsonid "node972025"
pgloadind     pruning dups and overlapping name "Basidiomycota" nexsonid "node971900"
pgloadind     pruning dups and overlapping name "Clavaria" nexsonid "node971831"
pgloadind     pruning dups and overlapping name "Basidiomycota" nexsonid "node972211"
pgloadind     pruning dups and overlapping name "Basidiomycota" nexsonid "node971928"
pgloadind     pruning dups and overlapping name "Camarophyllopsis" nexsonid "node971969"
pgloadind     pruning dups and overlapping name "Basidiomycota" nexsonid "node972379"
pgloadind     pruning dups and overlapping name "Ramariopsis kunzei" nexsonid "node972229"
pgloadind     pruning dups and overlapping name "Basidiomycota" nexsonid "node972436"
pgloadind     pruning dups and overlapping name "Basidiomycota" nexsonid "node971870"
pgloadind     pruning dups and overlapping name "Fungi" nexsonid "node972232"
pgloadind     pruning dups and overlapping name "Basidiomycota" nexsonid "node971925"
pgloadind     pruning dups and overlapping name "Basidiomycota" nexsonid "node971843"
pgloadind     pruning dups and overlapping name "Basidiomycota" nexsonid "node972345"
pgloadind     pruning dups and overlapping name "Basidiomycota" nexsonid "node971997"
pgloadind     pruning dups and overlapping name "Basidiomycota" nexsonid "node972055"
pgloadind     pruning dups and overlapping name "Basidiomycota" nexsonid "node972177"
pgloadind     pruning dups and overlapping name "Basidiomycota" nexsonid "node972133"
pgloadind     pruning dups and overlapping name "Basidiomycota" nexsonid "node972137"
pgloadind     pruning dups and overlapping name "Basidiomycota" nexsonid "node971902"
pgloadind     pruning dups and overlapping name "Basidiomycota" nexsonid "node971841"
pgloadind     pruning dups and overlapping name "Mucronella" nexsonid "node971808"
pgloadind     pruning dups and overlapping name "Basidiomycota" nexsonid "node972364"
pgloadind     pruning dups and overlapping name "Basidiomycota" nexsonid "node972019"
pgloadind     pruning dups and overlapping name "Fungi" nexsonid "node971952"
pgloadind     pruning dups and overlapping name "Fungi" nexsonid "node972267"
pgloadind     pruning dups and overlapping name "Agaricales" nexsonid "node972091"
pgloadind     pruning dups and overlapping name "Basidiomycota" nexsonid "node971980"
pgloadind     pruning dups and overlapping name "Basidiomycota" nexsonid "node972331"
pgloadind     pruning dups and overlapping name "Basidiomycota" nexsonid "node971890"
pgloadind     pruning dups and overlapping name "Basidiomycota" nexsonid "node972404"
pgloadind     pruning dups and overlapping name "Basidiomycota" nexsonid "node972183"
pgloadind     pruning dups and overlapping name "Clavulinopsis helvola" nexsonid "node972300"
pgloadind     pruning dups and overlapping name "Fungi" nexsonid "node972184"
pgloadind     pruning dups and overlapping name "Fungi" nexsonid "node972235"
pgloadind     pruning dups and overlapping name "Fungi" nexsonid "node971909"
pgloadind     pruning dups and overlapping name "Fungi" nexsonid "node972029"
pgloadind     pruning dups and overlapping name "Fungi" nexsonid "node972253"
pgloadind     pruning dups and overlapping name "Ramariopsis crocea" nexsonid "node972216"
pgloadind     pruning dups and overlapping name "Basidiomycota" nexsonid "node972075"
pgloadind     pruning dups and overlapping name "Basidiomycota" nexsonid "node971985"
pgloadind     pruning dups and overlapping name "Basidiomycota" nexsonid "node972349"
pgloadind     pruning dups and overlapping name "Basidiomycota" nexsonid "node972162"
pgloadind     pruning dups and overlapping name "Fungi" nexsonid "node971981"
pgloadind     pruning dups and overlapping name "Clavaria" nexsonid "node972196"
pgloadind     pruning dups and overlapping name "Basidiomycota" nexsonid "node972217"
pgloadind     pruning dups and overlapping name "Basidiomycota" nexsonid "node971847"
pgloadind     pruning dups and overlapping name "Fungi" nexsonid "node972264"
pgloadind     pruning dups and overlapping name "Basidiomycota" nexsonid "node971848"
pgloadind     pruning dups and overlapping name "Fungi" nexsonid "node972287"
pgloadind     pruning dups and overlapping name "Fungi" nexsonid "node971977"
pgloadind     pruning dups and overlapping name "Basidiomycota" nexsonid "node972080"
pgloadind     pruning dups and overlapping name "Basidiomycota" nexsonid "node971959"
pgloadind     pruning dups and overlapping name "Basidiomycota" nexsonid "node972329"
pgloadind     pruning dups and overlapping name "Basidiomycota" nexsonid "node972413"
pgloadind     pruning dups and overlapping name "Basidiomycota" nexsonid "node972056"
pgloadind     pruning dups and overlapping name "Basidiomycota" nexsonid "node971939"
pgloadind     pruning dups and overlapping name "Basidiomycota" nexsonid "node972341"
pgloadind     pruning dups and overlapping name "Clavaria" nexsonid "node971827"
pgloadind     pruning dups and overlapping name "Basidiomycota" nexsonid "node971871"
pgloadind     pruning dups and overlapping name "Clavaria" nexsonid "node971825"
pgloadind     pruning dups and overlapping name "Basidiomycota" nexsonid "node972140"
pgloadind     pruning dups and overlapping name "Camarophyllopsis schulzeri" nexsonid "node971858"
pgloadind     pruning dups and overlapping name "Basidiomycota" nexsonid "node972046"
pgloadind     pruning dups and overlapping name "Fungi" nexsonid "node971949"
pgloadind     pruning dups and overlapping name "Fungi" nexsonid "node972035"
pgloadind     pruning dups and overlapping name "Fungi" nexsonid "node972277"
pgloadind     pruning dups and overlapping name "Basidiomycota" nexsonid "node971853"
pgloadind     pruning dups and overlapping name "Basidiomycota" nexsonid "node972374"
pgloadind     pruning dups and overlapping name "Basidiomycota" nexsonid "node972381"
pgloadind     pruning dups and overlapping name "Basidiomycota" nexsonid "node972129"
pgloadind     pruning dups and overlapping name "Fungi" nexsonid "node972268"
pgloadind   postpruning newick tree "(((Mucronella_fusiformis,Mucronella_pendula),Mucronella_calva),(Hyphodontiella_multiseptata,(((Clavaria_inaequalis,(Clavaria_zollingeri,Clavaria_fumosa)),Camarophyllopsis_schulzeri),(((((Clavaria_pullei,(Camarophyllopsis_atropuncta,Camarophyllopsis_hymenocephala)),((((Clavaria_redoleoalii,((Clavaria_alboglobospora,Clavaria_stegasauroides),Clavaria_fuscata)),Clavaria_acuta),Clavicorona_taxophila),((Clavaria_argillacea,Clavaria_straminea),Clavaria_citrinorubra))),Ramaria_australiana),((((((Ramariopsis_cremicolor,Ramariopsis_crocea),Ramariopsis_tenuiramosa),(Ramariopsis_pseudosubtilis,Ramariopsis_biformis)),((Ramariopsis_aurantio-olivacea,(Clavulinopsis_fusiformis,(Clavulinopsis_laeticolor,Clavulinopsis_helvola))),((Clavulinopsis_corallinorosacea,(Clavulinopsis_amoena,Clavulinopsis_antillarum)),Clavaria_flavipes))),Ramariopsis_kunzei),(Clavulinopsis_sulcata,Clavaria_novozealandica))),(Clavaria_rosea,Clavaria_vermicularis)))))"
pgloadind   taxon mapping summary
pgloadind     taxon mapping OTT ID 121488 taxonomy "Mucronella fusiformis->Mucronella->Clavariaceae->Agaricales->Agaricomycetidae->Agaricomycetes->Agaricomycotina->Basidiomycota->Dikarya->Fungi->Nucletmycea->Opisthokonta->Eukaryota->cellular organisms->life" nexsonid "node971799"
pgloadind     taxon mapping OTT ID 372130 taxonomy "Mucronella pendula->Mucronella->Clavariaceae->Agaricales->Agaricomycetidae->Agaricomycetes->Agaricomycotina->Basidiomycota->Dikarya->Fungi->Nucletmycea->Opisthokonta->Eukaryota->cellular organisms->life" nexsonid "node971800"
pgloadind     taxon mapping OTT ID 140759 taxonomy "Mucronella calva->Mucronella->Clavariaceae->Agaricales->Agaricomycetidae->Agaricomycetes->Agaricomycotina->Basidiomycota->Dikarya->Fungi->Nucletmycea->Opisthokonta->Eukaryota->cellular organisms->life" nexsonid "node971804"
pgloadind     taxon mapping OTT ID 330733 taxonomy "Hyphodontiella multiseptata->Hyphodontiella->Clavariaceae->Agaricales->Agaricomycetidae->Agaricomycetes->Agaricomycotina->Basidiomycota->Dikarya->Fungi->Nucletmycea->Opisthokonta->Eukaryota->cellular organisms->life" nexsonid "node971811"
pgloadind     taxon mapping OTT ID 1018903 taxonomy "Clavaria inaequalis->Clavaria->Clavariaceae->Agaricales->Agaricomycetidae->Agaricomycetes->Agaricomycotina->Basidiomycota->Dikarya->Fungi->Nucletmycea->Opisthokonta->Eukaryota->cellular organisms->life" nexsonid "node971815"
pgloadind     taxon mapping OTT ID 1050361 taxonomy "Clavaria zollingeri->Clavaria->Clavariaceae->Agaricales->Agaricomycetidae->Agaricomycetes->Agaricomycotina->Basidiomycota->Dikarya->Fungi->Nucletmycea->Opisthokonta->Eukaryota->cellular organisms->life" nexsonid "node971818"
pgloadind     taxon mapping OTT ID 449632 taxonomy "Clavaria fumosa->Clavaria->Clavariaceae->Agaricales->Agaricomycetidae->Agaricomycetes->Agaricomycotina->Basidiomycota->Dikarya->Fungi->Nucletmycea->Opisthokonta->Eukaryota->cellular organisms->life" nexsonid "node971829"
pgloadind     taxon mapping OTT ID 1098033 taxonomy "Camarophyllopsis schulzeri->Camarophyllopsis->Agaricales->Agaricomycetidae->Agaricomycetes->Agaricomycotina->Basidiomycota->Dikarya->Fungi->Nucletmycea->Opisthokonta->Eukaryota->cellular organisms->life" nexsonid "node971856"
pgloadind     taxon mapping OTT ID 808696 taxonomy "Clavaria pullei->Clavaria->Clavariaceae->Agaricales->Agaricomycetidae->Agaricomycetes->Agaricomycotina->Basidiomycota->Dikarya->Fungi->Nucletmycea->Opisthokonta->Eukaryota->cellular organisms->life" nexsonid "node971965"
pgloadind     taxon mapping OTT ID 374596 taxonomy "Camarophyllopsis atropuncta->Camarophyllopsis->Agaricales->Agaricomycetidae->Agaricomycetes->Agaricomycotina->Basidiomycota->Dikarya->Fungi->Nucletmycea->Opisthokonta->Eukaryota->cellular organisms->life" nexsonid "node971967"
pgloadind     taxon mapping OTT ID 94187 taxonomy "Camarophyllopsis hymenocephala->Camarophyllopsis->Agaricales->Agaricomycetidae->Agaricomycetes->Agaricomycotina->Basidiomycota->Dikarya->Fungi->Nucletmycea->Opisthokonta->Eukaryota->cellular organisms->life" nexsonid "node971971"
pgloadind     taxon mapping OTT ID 69648 taxonomy "Clavaria redoleoalii->Clavaria->Clavariaceae->Agaricales->Agaricomycetidae->Agaricomycetes->Agaricomycotina->Basidiomycota->Dikarya->Fungi->Nucletmycea->Opisthokonta->Eukaryota->cellular organisms->life" nexsonid "node972032"
pgloadind     taxon mapping OTT ID 169481 taxonomy "Clavaria alboglobospora->Clavaria->Clavariaceae->Agaricales->Agaricomycetidae->Agaricomycetes->Agaricomycotina->Basidiomycota->Dikarya->Fungi->Nucletmycea->Opisthokonta->Eukaryota->cellular organisms->life" nexsonid "node972038"
pgloadind     taxon mapping OTT ID 220137 taxonomy "Clavaria stegasauroides->Clavaria->Clavariaceae->Agaricales->Agaricomycetidae->Agaricomycetes->Agaricomycotina->Basidiomycota->Dikarya->Fungi->Nucletmycea->Opisthokonta->Eukaryota->cellular organisms->life" nexsonid "node972040"
pgloadind     taxon mapping OTT ID 854850 taxonomy "Clavaria fuscata->Clavaria->Clavariaceae->Agaricales->Agaricomycetidae->Agaricomycetes->Agaricomycotina->Basidiomycota->Dikarya->Fungi->Nucletmycea->Opisthokonta->Eukaryota->cellular organisms->life" nexsonid "node972036"
pgloadind     taxon mapping OTT ID 1050387 taxonomy "Clavaria acuta->Clavaria->Clavariaceae->Agaricales->Agaricomycetidae->Agaricomycetes->Agaricomycotina->Basidiomycota->Dikarya->Fungi->Nucletmycea->Opisthokonta->Eukaryota->cellular organisms->life" nexsonid "node972064"
pgloadind     taxon mapping OTT ID 418007 taxonomy "Clavicorona taxophila->Clavicorona->Auriscalpiaceae->Russulales->Agaricomycetes->Agaricomycotina->Basidiomycota->Dikarya->Fungi->Nucletmycea->Opisthokonta->Eukaryota->cellular organisms->life" nexsonid "node972024"
pgloadind     taxon mapping OTT ID 508949 taxonomy "Clavaria argillacea->Clavaria->Clavariaceae->Agaricales->Agaricomycetidae->Agaricomycetes->Agaricomycotina->Basidiomycota->Dikarya->Fungi->Nucletmycea->Opisthokonta->Eukaryota->cellular organisms->life" nexsonid "node972087"
pgloadind     taxon mapping OTT ID 950707 taxonomy "Clavaria straminea->Clavaria->Clavariaceae->Agaricales->Agaricomycetidae->Agaricomycetes->Agaricomycotina->Basidiomycota->Dikarya->Fungi->Nucletmycea->Opisthokonta->Eukaryota->cellular organisms->life" nexsonid "node972084"
pgloadind     taxon mapping OTT ID 681424 taxonomy "Clavaria citrinorubra->Clavaria->Clavariaceae->Agaricales->Agaricomycetidae->Agaricomycetes->Agaricomycotina->Basidiomycota->Dikarya->Fungi->Nucletmycea->Opisthokonta->Eukaryota->cellular organisms->life" nexsonid "node972100"
pgloadind     taxon mapping OTT ID 333768 taxonomy "Ramaria australiana->Ramaria->Gomphaceae->Gomphales->Phallomycetidae->Agaricomycetes->Agaricomycotina->Basidiomycota->Dikarya->Fungi->Nucletmycea->Opisthokonta->Eukaryota->cellular organisms->life" nexsonid "node971934"
pgloadind     taxon mapping OTT ID 743817 taxonomy "Ramariopsis cremicolor->Ramariopsis->Clavariaceae->Agaricales->Agaricomycetidae->Agaricomycetes->Agaricomycotina->Basidiomycota->Dikarya->Fungi->Nucletmycea->Opisthokonta->Eukaryota->cellular organisms->life" nexsonid "node972221"
pgloadind     taxon mapping OTT ID 817949 taxonomy "Ramariopsis crocea->Ramariopsis->Clavariaceae->Agaricales->Agaricomycetidae->Agaricomycetes->Agaricomycotina->Basidiomycota->Dikarya->Fungi->Nucletmycea->Opisthokonta->Eukaryota->cellular organisms->life" nexsonid "node972214"
pgloadind     taxon mapping OTT ID 452355 taxonomy "Ramariopsis tenuiramosa->Ramariopsis->Clavariaceae->Agaricales->Agaricomycetidae->Agaricomycetes->Agaricomycotina->Basidiomycota->Dikarya->Fungi->Nucletmycea->Opisthokonta->Eukaryota->cellular organisms->life" nexsonid "node972210"
pgloadind     taxon mapping OTT ID 743806 taxonomy "Ramariopsis pseudosubtilis->Ramariopsis->Clavariaceae->Agaricales->Agaricomycetidae->Agaricomycetes->Agaricomycotina->Basidiomycota->Dikarya->Fungi->Nucletmycea->Opisthokonta->Eukaryota->cellular organisms->life" nexsonid "node972227"
pgloadind     taxon mapping OTT ID 743815 taxonomy "Ramariopsis biformis->Ramariopsis->Clavariaceae->Agaricales->Agaricomycetidae->Agaricomycetes->Agaricomycotina->Basidiomycota->Dikarya->Fungi->Nucletmycea->Opisthokonta->Eukaryota->cellular organisms->life" nexsonid "node972243"
pgloadind     taxon mapping OTT ID 220118 taxonomy "Ramariopsis aurantio-olivacea->Ramariopsis->Clavariaceae->Agaricales->Agaricomycetidae->Agaricomycetes->Agaricomycotina->Basidiomycota->Dikarya->Fungi->Nucletmycea->Opisthokonta->Eukaryota->cellular organisms->life" nexsonid "node972290"
pgloadind     taxon mapping OTT ID 464139 taxonomy "Clavulinopsis fusiformis->Clavulinopsis->Clavariaceae->Agaricales->Agaricomycetidae->Agaricomycetes->Agaricomycotina->Basidiomycota->Dikarya->Fungi->Nucletmycea->Opisthokonta->Eukaryota->cellular organisms->life" nexsonid "node972292"
pgloadind     taxon mapping OTT ID 1036234 taxonomy "Clavulinopsis laeticolor->Clavulinopsis->Clavariaceae->Agaricales->Agaricomycetidae->Agaricomycetes->Agaricomycotina->Basidiomycota->Dikarya->Fungi->Nucletmycea->Opisthokonta->Eukaryota->cellular organisms->life" nexsonid "node972302"
pgloadind     taxon mapping OTT ID 508973 taxonomy "Clavulinopsis helvola->Clavulinopsis->Clavariaceae->Agaricales->Agaricomycetidae->Agaricomycetes->Agaricomycotina->Basidiomycota->Dikarya->Fungi->Nucletmycea->Opisthokonta->Eukaryota->cellular organisms->life" nexsonid "node972299"
pgloadind     taxon mapping OTT ID 220131 taxonomy "Clavulinopsis corallinorosacea->Clavulinopsis->Clavariaceae->Agaricales->Agaricomycetidae->Agaricomycetes->Agaricomycotina->Basidiomycota->Dikarya->Fungi->Nucletmycea->Opisthokonta->Eukaryota->cellular organisms->life" nexsonid "node972310"
pgloadind     taxon mapping OTT ID 220133 taxonomy "Clavulinopsis amoena->Clavulinopsis->Clavariaceae->Agaricales->Agaricomycetidae->Agaricomycetes->Agaricomycotina->Basidiomycota->Dikarya->Fungi->Nucletmycea->Opisthokonta->Eukaryota->cellular organisms->life" nexsonid "node972312"
pgloadind     taxon mapping OTT ID 5305467 taxonomy "Clavulinopsis antillarum->Clavulinopsis->Clavariaceae->Agaricales->Agaricomycetidae->Agaricomycetes->Agaricomycotina->Basidiomycota->Dikarya->Fungi->Nucletmycea->Opisthokonta->Eukaryota->cellular organisms->life" nexsonid "node972313"
pgloadind     taxon mapping OTT ID 817936 taxonomy "Clavaria flavipes->Clavaria->Clavariaceae->Agaricales->Agaricomycetidae->Agaricomycetes->Agaricomycotina->Basidiomycota->Dikarya->Fungi->Nucletmycea->Opisthokonta->Eukaryota->cellular organisms->life" nexsonid "node972307"
pgloadind     taxon mapping OTT ID 121490 taxonomy "Ramariopsis kunzei->Ramariopsis->Clavariaceae->Agaricales->Agaricomycetidae->Agaricomycetes->Agaricomycotina->Basidiomycota->Dikarya->Fungi->Nucletmycea->Opisthokonta->Eukaryota->cellular organisms->life" nexsonid "node972202"
pgloadind     taxon mapping OTT ID 220125 taxonomy "Clavulinopsis sulcata->Clavulinopsis->Clavariaceae->Agaricales->Agaricomycetidae->Agaricomycetes->Agaricomycotina->Basidiomycota->Dikarya->Fungi->Nucletmycea->Opisthokonta->Eukaryota->cellular organisms->life" nexsonid "node972189"
pgloadind     taxon mapping OTT ID 854863 taxonomy "Clavaria novozealandica->Clavaria->Clavariaceae->Agaricales->Agaricomycetidae->Agaricomycetes->Agaricomycotina->Basidiomycota->Dikarya->Fungi->Nucletmycea->Opisthokonta->Eukaryota->cellular organisms->life" nexsonid "node972192"
pgloadind     taxon mapping OTT ID 854872 taxonomy "Clavaria rosea->Clavaria->Clavariaceae->Agaricales->Agaricomycetidae->Agaricomycetes->Agaricomycotina->Basidiomycota->Dikarya->Fungi->Nucletmycea->Opisthokonta->Eukaryota->cellular organisms->life" nexsonid "node971883"
pgloadind     taxon mapping OTT ID 121484 taxonomy "Clavaria vermicularis->Clavaria->Clavariaceae->Agaricales->Agaricomycetidae->Agaricomycetes->Agaricomycotina->Basidiomycota->Dikarya->Fungi->Nucletmycea->Opisthokonta->Eukaryota->cellular organisms->life" nexsonid "node971887"
done fixing name
pgloadind Finished with attempts to fix names
pgloadind   Checking for uniqueness of OTT IDs tree id "5636"
pgloadind   Adding tree to graph tree id "5636"
all trees have all taxa: false
	using bipartition technique
attempting to remap tips to deepest exemplified taxa
	Hyphodontiella multiseptata was remapped to 'Hyphodontiella' (id=310618)
	Ramaria australiana was remapped to 'Phallomycetidae' (id=350686)
	Clavicorona taxophila was remapped to 'Russulales' (id=258114)
this is the ROOT
placing root in index
Dealing with metadata property: id
Dealing with metadata property: ot:studyPublicationReference
Adding property 'ot:studyPublicationReference': Birkebak, Joshua Mark, Jordan R. Mayor, Martin Ryberg, and Patrick Brandon Matheny. 2013. A systematic, morphological and ecological overview of the Clavariaceae (Agaricales). Mycologia 105 (4): 896-911.
Dealing with metadata property: ot:focalCladeOTTTaxonName
Adding property 'ot:focalCladeOTTTaxonName': Clavariaceae
Dealing with metadata property: ot:studyYear
Adding property 'ot:studyYear': 2013
Dealing with metadata property: ot:inGroupClade
Adding property 'ot:inGroupClade': node971794
Dealing with metadata property: ot:curatorName
Adding property 'ot:curatorName': Romina Gazis
Dealing with metadata property: ot:studyPublication
Adding property 'ot:studyPublication': http://dx.doi.org/10.3852/12-070
Dealing with metadata property: ot:focalClade
Adding property 'ot:focalClade': 729017
Dealing with metadata property: ot:curatedType
Adding property 'ot:curatedType': ML, LSU (rooted)
Dealing with metadata property: ot:studyId
Adding property 'ot:studyId': 672
Dealing with metadata property: ot:dataDeposit
Adding property 'ot:dataDeposit': http://purl.org/phylo/treebase/phylows/study/TB2:S12414
Committing nodes: 77
