pgloadind OTUs number 21
pgloadind Processing tree @id "1328"
pgloadind   tree info number nodes 40
pgloadind   tree info number edges 39
pgloadind   tree info ingroup "node439865"
pgloadind   Setting ingroup root node.
pgloadind   Ingested tree number of external nodes 19
pgloadind   property added ot:studyPublicationReference "Lumbsch H., & Lindemuth R. 2001. Major lineages of Dothideomycetes (Ascomycota) inferred from SSU and LSU rDNA sequences. Mycological Research, 105(8): 901-908."
pgloadind   property added ot:studyPublication "http://dx.doi.org/10.1016/S0953-7562(08)61945-0"
pgloadind   property added ot:curatorName "Romina Gazis"
pgloadind   property added ot:dataDeposit "http://purl.org/phylo/treebase/phylows/study/TB2:S817"
pgloadind   property added ot:studyId "735"
pgloadind   property added ot:studyYear "2001"
pgloadind   property added ot:focalClade "346120"
pgloadind   property added ot:focalCladeOTTTaxonName "Dothideomycetes"
pgloadind   property added ot:inGroupClade "node439865"
pgloadind   property added ot:curatedType "ML, SSU + LSU"
pgloadind Processing tree @id "1329"
pgloadind   tree info number nodes 40
pgloadind   tree info number edges 39
pgloadind   tree info ingroup "node439905"
pgloadind   Setting ingroup root node.
pgloadind   Ingested tree number of external nodes 19
pgloadind   property added ot:studyPublicationReference "Lumbsch H., & Lindemuth R. 2001. Major lineages of Dothideomycetes (Ascomycota) inferred from SSU and LSU rDNA sequences. Mycological Research, 105(8): 901-908."
pgloadind   property added ot:studyPublication "http://dx.doi.org/10.1016/S0953-7562(08)61945-0"
pgloadind   property added ot:curatorName "Romina Gazis"
pgloadind   property added ot:dataDeposit "http://purl.org/phylo/treebase/phylows/study/TB2:S817"
pgloadind   property added ot:studyId "735"
pgloadind   property added ot:studyYear "2001"
pgloadind   property added ot:focalClade "346120"
pgloadind   property added ot:focalCladeOTTTaxonName "Dothideomycetes"
pgloadind   property added ot:inGroupClade "node439905"
pgloadind   property added ot:tag "SSU"
pgloadind   property added ot:curatedType "NJ, SSU + LSU"
loading a specific tree: 1328
skipping tree: 1329
pgloadind conducting TNRS on trees
pgloadind   name fixing on tree tree id "1328"
pgloadind     OTT ID missing name "Kirschsteiniothelia aethiops" nexsonid "node439900"
pgloadind   TNRS unmatched total number 1
pgloadind     pruning unmapped name "Kirschsteiniothelia aethiops" nexsonid "node439900"
pgloadind   postpruning newick tree "((((Aureobasidium_pullulans,Columnosphaeria_fagi),(Delphinella_strobiligena,(Dothiora_ribesia,Stylodothis_puccinioides))),(((Capnodium_citri,Epipolaeum_longisetosum),Piedraia_hortae),Myriangium_duriaei)),((((((Bimuria_novae-zelandiae,Letendraea_helminthicola),Setosphaeria_monoceras),(Byssothecium_circinans,Pleomassaria_siparia)),(Leptosphaeria_heterospora,Westerdykella_cylindrica)),Verruculina_enalia),Phaeotrichum_benjaminii))"
pgloadind   taxon mapping summary
pgloadind     taxon mapping OTT ID 1041477 taxonomy "Aureobasidium pullulans->Aureobasidium->mitosporic Dothioraceae->Dothioraceae->Dothideales->Dothideomycetidae->Dothideomycetes->Dothideomyceta->Leotiomyceta->Pezizomycotina->saccharomyceta->Ascomycota->Dikarya->Fungi->Nucletmycea->Opisthokonta->Eukaryota->cellular organisms->life" nexsonid "node439869"
pgloadind     taxon mapping OTT ID 1027801 taxonomy "Columnosphaeria fagi->Phyllosticta->Botryosphaeriaceae->Botryosphaeriales->Dothideomycetes->Dothideomyceta->Leotiomyceta->Pezizomycotina->saccharomyceta->Ascomycota->Dikarya->Fungi->Nucletmycea->Opisthokonta->Eukaryota->cellular organisms->life" nexsonid "node439870"
pgloadind     taxon mapping OTT ID 295794 taxonomy "Delphinella strobiligena->Delphinella->Dothideales->Dothideomycetidae->Dothideomycetes->Dothideomyceta->Leotiomyceta->Pezizomycotina->saccharomyceta->Ascomycota->Dikarya->Fungi->Nucletmycea->Opisthokonta->Eukaryota->cellular organisms->life" nexsonid "node439872"
pgloadind     taxon mapping OTT ID 5320161 taxonomy "Dothiora ribesia->Dothiora->Dothioraceae->Dothideales->Dothideomycetidae->Dothideomycetes->Dothideomyceta->Leotiomyceta->Pezizomycotina->saccharomyceta->Ascomycota->Dikarya->Fungi->Nucletmycea->Opisthokonta->Eukaryota->cellular organisms->life" nexsonid "node439874"
pgloadind     taxon mapping OTT ID 208368 taxonomy "Stylodothis puccinioides->Stylodothis->Dothideaceae->Dothideales->Dothideomycetidae->Dothideomycetes->Dothideomyceta->Leotiomyceta->Pezizomycotina->saccharomyceta->Ascomycota->Dikarya->Fungi->Nucletmycea->Opisthokonta->Eukaryota->cellular organisms->life" nexsonid "node439875"
pgloadind     taxon mapping OTT ID 736945 taxonomy "Capnodium citri->Capnodium->Capnodiaceae->Capnodiales->Dothideomycetidae->Dothideomycetes->Dothideomyceta->Leotiomyceta->Pezizomycotina->saccharomyceta->Ascomycota->Dikarya->Fungi->Nucletmycea->Opisthokonta->Eukaryota->cellular organisms->life" nexsonid "node439879"
pgloadind     taxon mapping OTT ID 4070510 taxonomy "Epipolaeum longisetosum->Epipolaeum->Pseudoperisporiaceae->Dothideomycetidae->Dothideomycetes->Dothideomyceta->Leotiomyceta->Pezizomycotina->saccharomyceta->Ascomycota->Dikarya->Fungi->Nucletmycea->Opisthokonta->Eukaryota->cellular organisms->life" nexsonid "node439880"
pgloadind     taxon mapping OTT ID 870749 taxonomy "Piedraia hortae->Piedraia->Piedraiaceae->Capnodiales->Dothideomycetidae->Dothideomycetes->Dothideomyceta->Leotiomyceta->Pezizomycotina->saccharomyceta->Ascomycota->Dikarya->Fungi->Nucletmycea->Opisthokonta->Eukaryota->cellular organisms->life" nexsonid "node439881"
pgloadind     taxon mapping OTT ID 870746 taxonomy "Myriangium duriaei->Myriangium->Myriangiaceae->Myriangiales->Dothideomycetidae->Dothideomycetes->Dothideomyceta->Leotiomyceta->Pezizomycotina->saccharomyceta->Ascomycota->Dikarya->Fungi->Nucletmycea->Opisthokonta->Eukaryota->cellular organisms->life" nexsonid "node439882"
pgloadind     taxon mapping OTT ID 84213 taxonomy "Bimuria novae-zelandiae->Bimuria->Montagnulaceae->Massarineae->Pleosporales->Pleosporomycetidae->Dothideomycetes->Dothideomyceta->Leotiomyceta->Pezizomycotina->saccharomyceta->Ascomycota->Dikarya->Fungi->Nucletmycea->Opisthokonta->Eukaryota->cellular organisms->life" nexsonid "node439889"
pgloadind     taxon mapping OTT ID 295796 taxonomy "Letendraea helminthicola->Letendraea->Pleosporales->Pleosporomycetidae->Dothideomycetes->Dothideomyceta->Leotiomyceta->Pezizomycotina->saccharomyceta->Ascomycota->Dikarya->Fungi->Nucletmycea->Opisthokonta->Eukaryota->cellular organisms->life" nexsonid "node439890"
pgloadind     taxon mapping OTT ID 692980 taxonomy "Setosphaeria monoceras->Setosphaeria->Pleosporaceae->Pleosporineae->Pleosporales->Pleosporomycetidae->Dothideomycetes->Dothideomyceta->Leotiomyceta->Pezizomycotina->saccharomyceta->Ascomycota->Dikarya->Fungi->Nucletmycea->Opisthokonta->Eukaryota->cellular organisms->life" nexsonid "node439891"
pgloadind     taxon mapping OTT ID 921290 taxonomy "Byssothecium circinans->Byssothecium->Dacampiaceae->Pleosporales->Pleosporomycetidae->Dothideomycetes->Dothideomyceta->Leotiomyceta->Pezizomycotina->saccharomyceta->Ascomycota->Dikarya->Fungi->Nucletmycea->Opisthokonta->Eukaryota->cellular organisms->life" nexsonid "node439893"
pgloadind     taxon mapping OTT ID 61792 taxonomy "Pleomassaria siparia->Pleomassaria->Pleomassariaceae->Pleosporales->Pleosporomycetidae->Dothideomycetes->Dothideomyceta->Leotiomyceta->Pezizomycotina->saccharomyceta->Ascomycota->Dikarya->Fungi->Nucletmycea->Opisthokonta->Eukaryota->cellular organisms->life" nexsonid "node439894"
pgloadind     taxon mapping OTT ID 5319110 taxonomy "Leptosphaeria heterospora->Leptosphaeria->Leptosphaeriaceae->Pleosporineae->Pleosporales->Pleosporomycetidae->Dothideomycetes->Dothideomyceta->Leotiomyceta->Pezizomycotina->saccharomyceta->Ascomycota->Dikarya->Fungi->Nucletmycea->Opisthokonta->Eukaryota->cellular organisms->life" nexsonid "node439896"
pgloadind     taxon mapping OTT ID 834064 taxonomy "Westerdykella cylindrica->Westerdykella->Sporormiaceae->Pleosporales->Pleosporomycetidae->Dothideomycetes->Dothideomyceta->Leotiomyceta->Pezizomycotina->saccharomyceta->Ascomycota->Dikarya->Fungi->Nucletmycea->Opisthokonta->Eukaryota->cellular organisms->life" nexsonid "node439897"
pgloadind     taxon mapping OTT ID 81512 taxonomy "Verruculina enalia->Verruculina->Hyponectriaceae->Xylariales->Xylariomycetidae->Sordariomycetes->Sordariomyceta->Leotiomyceta->Pezizomycotina->saccharomyceta->Ascomycota->Dikarya->Fungi->Nucletmycea->Opisthokonta->Eukaryota->cellular organisms->life" nexsonid "node439898"
pgloadind     taxon mapping OTT ID 597866 taxonomy "Phaeotrichum benjaminii->Phaeotrichum->Phaeotrichaceae->Pleosporales->Pleosporomycetidae->Dothideomycetes->Dothideomyceta->Leotiomyceta->Pezizomycotina->saccharomyceta->Ascomycota->Dikarya->Fungi->Nucletmycea->Opisthokonta->Eukaryota->cellular organisms->life" nexsonid "node439901"
done fixing name
pgloadind Finished with attempts to fix names
pgloadind   Checking for uniqueness of OTT IDs tree id "1328"
pgloadind   Adding tree to graph tree id "1328"
all trees have all taxa: false
	using bipartition technique
attempting to remap tips to deepest exemplified taxa
	Setosphaeria monoceras was remapped to 'Pleosporaceae' (id=131962)
	Phaeotrichum benjaminii was remapped to 'Phaeotrichaceae' (id=114762)
	Leptosphaeria heterospora was remapped to 'Leptosphaeriaceae' (id=126766)
	Myriangium duriaei was remapped to 'Myriangiales' (id=164129)
	Aureobasidium pullulans was remapped to 'mitosporic Dothioraceae' (id=163438)
	Epipolaeum longisetosum was remapped to 'Pseudoperisporiaceae' (id=166756)
	Verruculina enalia was remapped to 'Sordariomyceta' (id=835)
	Byssothecium circinans was remapped to 'Dacampiaceae' (id=111738)
	Capnodium citri was remapped to 'Capnodiaceae' (id=141800)
	Dothiora ribesia was remapped to 'Dothiora' (id=163056)
	Bimuria novae-zelandiae was remapped to 'Massarineae' (id=125331)
	Pleomassaria siparia was remapped to 'Pleomassariaceae' (id=117475)
	Columnosphaeria fagi was remapped to 'Botryosphaeriales' (id=168377)
	Letendraea helminthicola was remapped to 'Letendraea' (id=120699)
	Stylodothis puccinioides was remapped to 'Dothideaceae' (id=162008)
	Delphinella strobiligena was remapped to 'Delphinella' (id=163925)
	Piedraia hortae was remapped to 'Piedraiaceae' (id=159623)
	Westerdykella cylindrica was remapped to 'Sporormiaceae' (id=114789)
this is the ROOT
placing root in index
Dealing with metadata property: id
Dealing with metadata property: ot:studyPublicationReference
Adding property 'ot:studyPublicationReference': Lumbsch H., & Lindemuth R. 2001. Major lineages of Dothideomycetes (Ascomycota) inferred from SSU and LSU rDNA sequences. Mycological Research, 105(8): 901-908.
Dealing with metadata property: ot:focalCladeOTTTaxonName
Adding property 'ot:focalCladeOTTTaxonName': Dothideomycetes
Dealing with metadata property: ot:studyYear
Adding property 'ot:studyYear': 2001
Dealing with metadata property: ot:inGroupClade
Adding property 'ot:inGroupClade': node439865
Dealing with metadata property: ot:curatorName
Adding property 'ot:curatorName': Romina Gazis
Dealing with metadata property: ot:studyPublication
Adding property 'ot:studyPublication': http://dx.doi.org/10.1016/S0953-7562(08)61945-0
Dealing with metadata property: ot:focalClade
Adding property 'ot:focalClade': 346120
Dealing with metadata property: ot:curatedType
Adding property 'ot:curatedType': ML, SSU + LSU
Dealing with metadata property: ot:studyId
Adding property 'ot:studyId': 735
Dealing with metadata property: ot:dataDeposit
Adding property 'ot:dataDeposit': http://purl.org/phylo/treebase/phylows/study/TB2:S817
Committing nodes: 35
