pgloadind OTUs number 99
pgloadind Processing tree @id "1373"
pgloadind   tree info number nodes 165
pgloadind   tree info number edges 164
pgloadind   tree info ingroup "node445944"
pgloadind   Setting ingroup root node.
pgloadind   Ingested tree number of external nodes 83
pgloadind   property added ot:studyPublicationReference "Fischer, W. M., & Palmer, J. D. 2005. Evidence from small-subunit ribosomal RNA sequences for a fungal origin of Microsporidia. Molecular Phylogenetics and Evolution 36 (3): 606-622."
pgloadind   property added ot:studyPublication "http://dx.doi.org/10.1016/j.ympev.2005.03.031"
pgloadind   property added ot:curatorName "Romina Gazis"
pgloadind   property added ot:dataDeposit "http://purl.org/phylo/treebase/phylows/study/TB2:S1373"
pgloadind   property added ot:studyId "750"
pgloadind   property added ot:studyYear "2005"
pgloadind   property added ot:focalClade "16113"
pgloadind   property added ot:focalCladeOTTTaxonName "Microsporidia"
pgloadind   property added ot:inGroupClade "node445944"
pgloadind   property added ot:curatedType "Fig. 3 ML, SSU"
pgloadind Processing tree @id "1374"
pgloadind   tree info number nodes 165
pgloadind   tree info number edges 164
pgloadind   tree info ingroup "node446109"
pgloadind   Setting ingroup root node.
pgloadind   Ingested tree number of external nodes 83
pgloadind   property added ot:studyPublicationReference "Fischer, W. M., & Palmer, J. D. 2005. Evidence from small-subunit ribosomal RNA sequences for a fungal origin of Microsporidia. Molecular Phylogenetics and Evolution 36 (3): 606-622."
pgloadind   property added ot:studyPublication "http://dx.doi.org/10.1016/j.ympev.2005.03.031"
pgloadind   property added ot:curatorName "Romina Gazis"
pgloadind   property added ot:dataDeposit "http://purl.org/phylo/treebase/phylows/study/TB2:S1373"
pgloadind   property added ot:studyId "750"
pgloadind   property added ot:studyYear "2005"
pgloadind   property added ot:focalClade "16113"
pgloadind   property added ot:focalCladeOTTTaxonName "Microsporidia"
pgloadind   property added ot:inGroupClade "node446109"
pgloadind   property added ot:curatedType "Fig. 4 ML, SSU"
pgloadind Processing tree @id "1375"
pgloadind   tree info number nodes 81
pgloadind   tree info number edges 80
pgloadind   tree info ingroup "node446274"
pgloadind   Setting ingroup root node.
pgloadind   Ingested tree number of external nodes 41
pgloadind   property added ot:studyPublicationReference "Fischer, W. M., & Palmer, J. D. 2005. Evidence from small-subunit ribosomal RNA sequences for a fungal origin of Microsporidia. Molecular Phylogenetics and Evolution 36 (3): 606-622."
pgloadind   property added ot:studyPublication "http://dx.doi.org/10.1016/j.ympev.2005.03.031"
pgloadind   property added ot:curatorName "Romina Gazis"
pgloadind   property added ot:dataDeposit "http://purl.org/phylo/treebase/phylows/study/TB2:S1373"
pgloadind   property added ot:studyId "750"
pgloadind   property added ot:studyYear "2005"
pgloadind   property added ot:focalClade "16113"
pgloadind   property added ot:focalCladeOTTTaxonName "Microsporidia"
pgloadind   property added ot:inGroupClade "node446274"
pgloadind   property added ot:curatedType "Fig. 6 ML, SSU"
pgloadind Processing tree @id "1376"
pgloadind   tree info number nodes 81
pgloadind   tree info number edges 80
pgloadind   tree info ingroup "node446355"
pgloadind   Setting ingroup root node.
pgloadind   Ingested tree number of external nodes 41
pgloadind   property added ot:studyPublicationReference "Fischer, W. M., & Palmer, J. D. 2005. Evidence from small-subunit ribosomal RNA sequences for a fungal origin of Microsporidia. Molecular Phylogenetics and Evolution 36 (3): 606-622."
pgloadind   property added ot:studyPublication "http://dx.doi.org/10.1016/j.ympev.2005.03.031"
pgloadind   property added ot:curatorName "Romina Gazis"
pgloadind   property added ot:dataDeposit "http://purl.org/phylo/treebase/phylows/study/TB2:S1373"
pgloadind   property added ot:studyId "750"
pgloadind   property added ot:studyYear "2005"
pgloadind   property added ot:focalClade "16113"
pgloadind   property added ot:focalCladeOTTTaxonName "Microsporidia"
pgloadind   property added ot:inGroupClade "node446355"
pgloadind   property added ot:curatedType "Fig. 7 ML, SSU"
loading a specific tree: 1376
skipping tree: 1373
skipping tree: 1374
skipping tree: 1375
pgloadind conducting TNRS on trees
pgloadind   name fixing on tree tree id "1376"
pgloadind     OTT ID missing name "Enterocytozoon salmonis" nexsonid "node446434"
pgloadind   TNRS unmatched total number 0
pgloadind     TNRS resolved ottId OTT ID 809509 name "Enterocytozoon salmonis" searched on "Enterocytozoon salmonis" nexsonid "node446434"
pgloadind   postpruning newick tree "((Spironucleus_barkhanus,(Tritrichomonas_foetus,Trichonympha_agilis)),(((Sterkiella_nova,Paramecium_tetraurelia),(Prorocentrum_micans,(Cryptosporidium_muris,(Sarcocystis_muris,Theileria_parva)))),((Labyrinthuloides_minuta,Achlya_bisexualis),((Rebecca_salina,Emiliania_huxleyi),((Glaucocystis_nostochinearum,Guillardia_theta),(Vermamoeba_vermiformis,((Chara_preissii,((Chlorella_vulgaris,Chlamydomonas_reinhardtii),(Coleochaete_orbicularis,(Marchantia_polymorpha,(Ginkgo_biloba,Fragaria_x_ananassa))))),((Rhodella_maculata,Porphyra_purpurea),((Euglypha_rotunda,Chlorarachnion_reptans),((Anemonia_sulcata,Placopecten_magellanicus),((Diaphanoeca_grandis,Acanthocorbis_unguiculata),(Blastocladiella_emersonii,(Gigaspora_margarita,((Schizosaccharomyces_pombe,(Saccharomyces_cerevisiae,(Aureobasidium_pullulans,Aspergillus_fumigatus))),(Cryptococcus_neoformans,(Bulleromyces_albus,(Enterocytozoon_salmonis,Ameson_michaelis)))))))))))))))))"
pgloadind   taxon mapping summary
pgloadind     taxon mapping OTT ID 614625 taxonomy "Spironucleus barkhanus->Spironucleus->Hexamitinae->Hexamitidae->Diplomonadida->Fornicata->Metamonada->Excavata->Eukaryota->cellular organisms->life" nexsonid "node446357"
pgloadind     taxon mapping OTT ID 229455 taxonomy "Tritrichomonas foetus->Tritrichomonas->Tritrichomonadea->Parabasalia->Metamonada->Excavata->Eukaryota->cellular organisms->life" nexsonid "node446359"
pgloadind     taxon mapping OTT ID 832145 taxonomy "Trichonympha agilis->Trichonympha->Trichonymphea->Parabasalia->Metamonada->Excavata->Eukaryota->cellular organisms->life" nexsonid "node446360"
pgloadind     taxon mapping OTT ID 390566 taxonomy "Sterkiella nova->Sterkiella->Hypotrichia->Spirotrichea->Intramacronucleata->Ciliophora->Alveolata->SAR->Eukaryota->cellular organisms->life" nexsonid "node446364"
pgloadind     taxon mapping OTT ID 568130 taxonomy "Paramecium tetraurelia->Paramecium->Peniculia->Oligohymenophorea->Conthreep->Intramacronucleata->Ciliophora->Alveolata->SAR->Eukaryota->cellular organisms->life" nexsonid "node446365"
pgloadind     taxon mapping OTT ID 797786 taxonomy "Prorocentrum micans->Prorocentrum->Prorocentraceae->Prorocentrales->Dinophyceae->Dinoflagellata->Alveolata->SAR->Eukaryota->cellular organisms->life" nexsonid "node446367"
pgloadind     taxon mapping OTT ID 775243 taxonomy "Cryptosporidium muris->Cryptosporidium->Cryptosporida->Conoidasida->Apicomplexa->Alveolata->SAR->Eukaryota->cellular organisms->life" nexsonid "node446369"
pgloadind     taxon mapping OTT ID 252147 taxonomy "Sarcocystis muris->Sarcocystis->Sarcocystidae->Eimeriorina->Eucoccidiorida->Coccidia->Conoidasida->Apicomplexa->Alveolata->SAR->Eukaryota->cellular organisms->life" nexsonid "node446371"
pgloadind     taxon mapping OTT ID 302422 taxonomy "Theileria parva->Theileria->Piroplasmorida->Aconoidasida->Apicomplexa->Alveolata->SAR->Eukaryota->cellular organisms->life" nexsonid "node446372"
pgloadind     taxon mapping OTT ID 164912 taxonomy "Labyrinthuloides minuta->Aplanochytrium->Thraustochytriaceae->Labyrinthulomycetes->Stramenopiles->SAR->Eukaryota->cellular organisms->life" nexsonid "node446375"
pgloadind     taxon mapping OTT ID 555788 taxonomy "Achlya bisexualis->Achlya->Peronosporomycetes->Stramenopiles->SAR->Eukaryota->cellular organisms->life" nexsonid "node446376"
pgloadind     taxon mapping OTT ID 168560 taxonomy "Rebecca salina->Rebecca->Pavlovophyceae->Haptophyta->Eukaryota->cellular organisms->life" nexsonid "node446379"
pgloadind     taxon mapping OTT ID 695761 taxonomy "Emiliania huxleyi->Emiliania->Noelaerhabdaceae->Isochrysidales->Prymnesiophyceae->Haptophyta->Eukaryota->cellular organisms->life" nexsonid "node446380"
pgloadind     taxon mapping OTT ID 716815 taxonomy "Glaucocystis nostochinearum->Glaucocystis->Glaucocystaceae->Glaucocystales->Glaucophyta->Archaeplastida->Eukaryota->cellular organisms->life" nexsonid "node446383"
pgloadind     taxon mapping OTT ID 5247740 taxonomy "Guillardia theta->Guillardia->Cryptomonadales->Cryptophyceae->Eukaryota->cellular organisms->life" nexsonid "node446384"
pgloadind     taxon mapping OTT ID 68580 taxonomy "Vermamoeba vermiformis->Hartmannella->Hartmannellidae->Tubulinida->Euamoebida->Tubulinea->Amoebozoa->Eukaryota->cellular organisms->life" nexsonid "node446386"
pgloadind     taxon mapping OTT ID 804273 taxonomy "Chara preissii->Chara->Characeae->Charales->Charophyceae->Streptophyta->Chloroplastida->Archaeplastida->Eukaryota->cellular organisms->life" nexsonid "node446389"
pgloadind     taxon mapping OTT ID 804978 taxonomy "Chlorella vulgaris->Chlorella->Chlorellaceae->Chlorellales->Trebouxiophyceae->Chlorophyta->Chloroplastida->Archaeplastida->Eukaryota->cellular organisms->life" nexsonid "node446392"
pgloadind     taxon mapping OTT ID 33153 taxonomy "Chlamydomonas reinhardtii->Chlamydomonas->Chlamydomonadaceae->Chlamydomonadales->Chlorophyceae->Chlorophyta->Chloroplastida->Archaeplastida->Eukaryota->cellular organisms->life" nexsonid "node446393"
pgloadind     taxon mapping OTT ID 59852 taxonomy "Coleochaete orbicularis->Coleochaete->Coleochaetaceae->Coleochaetales->Coleochaetophyceae->Streptophyta->Chloroplastida->Archaeplastida->Eukaryota->cellular organisms->life" nexsonid "node446395"
pgloadind     taxon mapping OTT ID 56596 taxonomy "Marchantia polymorpha->Marchantia->Marchantiaceae->Marchantiales->Marchantiidae->Marchantiopsida->Marchantiophyta->Embryophyta->Streptophyta->Chloroplastida->Archaeplastida->Eukaryota->cellular organisms->life" nexsonid "node446397"
pgloadind     taxon mapping OTT ID 994084 taxonomy "Ginkgo biloba->Ginkgo->Ginkgoaceae->Ginkgoales->Ginkgoopsida->Ginkgophyta->Acrogymnospermae->Spermatophyta->Euphyllophyta->Tracheophyta->Embryophyta->Streptophyta->Chloroplastida->Archaeplastida->Eukaryota->cellular organisms->life" nexsonid "node446399"
pgloadind     taxon mapping OTT ID 3904118 taxonomy "Fragaria x ananassa->Fragaria->Fragariinae->Potentilleae->Rosoideae->Rosaceae->Rosales->fabids->rosids->Pentapetalae->Gunneridae->eudicotyledons->Mesangiospermae->Magnoliophyta->Spermatophyta->Euphyllophyta->Tracheophyta->Embryophyta->Streptophyta->Chloroplastida->Archaeplastida->Eukaryota->cellular organisms->life" nexsonid "node446400"
pgloadind     taxon mapping OTT ID 559589 taxonomy "Rhodella maculata->Rhodella->Rhodellaceae->Rhodellales->Rhodellophyceae->Rhodophyceae->Archaeplastida->Eukaryota->cellular organisms->life" nexsonid "node446403"
pgloadind     taxon mapping OTT ID 726206 taxonomy "Porphyra purpurea->Porphyra->Bangiaceae->Bangiales->Bangiophyceae->Rhodophyceae->Archaeplastida->Eukaryota->cellular organisms->life" nexsonid "node446404"
pgloadind     taxon mapping OTT ID 247675 taxonomy "Euglypha rotunda->Euglypha->Euglyphidae->Euglyphida->Silicofilosea->Imbricatea->Cercozoa->Rhizaria->SAR->Eukaryota->cellular organisms->life" nexsonid "node446407"
pgloadind     taxon mapping OTT ID 681862 taxonomy "Chlorarachnion reptans->Chlorarachnion->Chlorarachniophyta->Cercozoa->Rhizaria->SAR->Eukaryota->cellular organisms->life" nexsonid "node446408"
pgloadind     taxon mapping OTT ID 1084471 taxonomy "Anemonia sulcata->Anemonia->Actiniidae->Nynantheae->Actiniaria->Hexacorallia->Anthozoa->Cnidaria->Eumetazoa->Metazoa->Holozoa->Opisthokonta->Eukaryota->cellular organisms->life" nexsonid "node446411"
pgloadind     taxon mapping OTT ID 449041 taxonomy "Placopecten magellanicus->Placopecten->Pectinidae->Pectinoidea->Pectinoida->Pteriomorphia->Bivalvia->Mollusca->Lophotrochozoa->Protostomia->Bilateria->Eumetazoa->Metazoa->Holozoa->Opisthokonta->Eukaryota->cellular organisms->life" nexsonid "node446412"
pgloadind     taxon mapping OTT ID 726085 taxonomy "Diaphanoeca grandis->Diaphanoeca->Stephanoecidae->Acanthoecida->Choanomonada->Holozoa->Opisthokonta->Eukaryota->cellular organisms->life" nexsonid "node446415"
pgloadind     taxon mapping OTT ID 1021177 taxonomy "Acanthocorbis unguiculata->Acanthocorbis->Stephanoecidae->Acanthoecida->Choanomonada->Holozoa->Opisthokonta->Eukaryota->cellular organisms->life" nexsonid "node446416"
pgloadind     taxon mapping OTT ID 263372 taxonomy "Blastocladiella emersonii->Blastocladiella->Blastocladiaceae->Blastocladiales->Blastocladiomycota->Fungi->Nucletmycea->Opisthokonta->Eukaryota->cellular organisms->life" nexsonid "node446418"
pgloadind     taxon mapping OTT ID 837853 taxonomy "Gigaspora margarita->Gigaspora->Gigasporaceae->Diversisporales->Glomeromycetes->Glomeromycota->Fungi->Nucletmycea->Opisthokonta->Eukaryota->cellular organisms->life" nexsonid "node446420"
pgloadind     taxon mapping OTT ID 990004 taxonomy "Schizosaccharomyces pombe->Schizosaccharomyces->Schizosaccharomycetaceae->Schizosaccharomycetales->Schizosaccaromycetes->Taphrinomycotina->Ascomycota->Dikarya->Fungi->Nucletmycea->Opisthokonta->Eukaryota->cellular organisms->life" nexsonid "node446423"
pgloadind     taxon mapping OTT ID 908549 taxonomy "Saccharomyces cerevisiae->Saccharomyces->Saccharomycetaceae->Saccharomycetales->Saccharomycetidae->Saccharomycetes->Saccharomycotina->saccharomyceta->Ascomycota->Dikarya->Fungi->Nucletmycea->Opisthokonta->Eukaryota->cellular organisms->life" nexsonid "node446425"
pgloadind     taxon mapping OTT ID 1041477 taxonomy "Aureobasidium pullulans->Aureobasidium->mitosporic Dothioraceae->Dothioraceae->Dothideales->Dothideomycetidae->Dothideomycetes->Dothideomyceta->Leotiomyceta->Pezizomycotina->saccharomyceta->Ascomycota->Dikarya->Fungi->Nucletmycea->Opisthokonta->Eukaryota->cellular organisms->life" nexsonid "node446427"
pgloadind     taxon mapping OTT ID 278828 taxonomy "Aspergillus fumigatus->Aspergillus->Trichocomaceae->Eurotiales->Eurotiomycetidae->Eurotiomycetes->Leotiomyceta->Pezizomycotina->saccharomyceta->Ascomycota->Dikarya->Fungi->Nucletmycea->Opisthokonta->Eukaryota->cellular organisms->life" nexsonid "node446428"
pgloadind     taxon mapping OTT ID 634633 taxonomy "Cryptococcus neoformans->Cryptococcus->Tremellaceae->Tremellales->Tremellomycetes->Agaricomycotina->Basidiomycota->Dikarya->Fungi->Nucletmycea->Opisthokonta->Eukaryota->cellular organisms->life" nexsonid "node446430"
pgloadind     taxon mapping OTT ID 565603 taxonomy "Bulleromyces albus->Bulleromyces->Tremellaceae->Tremellales->Tremellomycetes->Agaricomycotina->Basidiomycota->Dikarya->Fungi->Nucletmycea->Opisthokonta->Eukaryota->cellular organisms->life" nexsonid "node446432"
pgloadind     taxon mapping OTT ID 809509 taxonomy "Enterocytozoon salmonis->Enterocytozoon->Enterocytozoonidae->Microsporida->Microsporea->Microsporidia->Fungi->Nucletmycea->Opisthokonta->Eukaryota->cellular organisms->life" nexsonid "node446434"
pgloadind     taxon mapping OTT ID 314074 taxonomy "Ameson michaelis->Ameson->Pereziidae->Microsporida->Microsporea->Microsporidia->Fungi->Nucletmycea->Opisthokonta->Eukaryota->cellular organisms->life" nexsonid "node446435"
done fixing name
pgloadind Finished with attempts to fix names
pgloadind   Checking for uniqueness of OTT IDs tree id "1376"
pgloadind   Adding tree to graph tree id "1376"
all trees have all taxa: false
	using bipartition technique
attempting to remap tips to deepest exemplified taxa
	Cryptosporidium muris was remapped to 'Cryptosporida' (id=3209956)
	Schizosaccharomyces pombe was remapped to 'Taphrinomycotina' (id=234)
	Blastocladiella emersonii was remapped to 'Blastocladiomycota' (id=381918)
	Paramecium tetraurelia was remapped to 'Conthreep' (id=3213172)
	Chlorarachnion reptans was remapped to 'Chlorarachniophyta' (id=3217163)
	Sarcocystis muris was remapped to 'Coccidia' (id=3210028)
	Acanthocorbis unguiculata was remapped to 'Acanthocorbis' (id=2599690)
	Chlorella vulgaris was remapped to 'Trebouxiophyceae' (id=3157121)
	Ginkgo biloba was remapped to 'Acrogymnospermae' (id=3118851)
	Marchantia polymorpha was remapped to 'Marchantiophyta' (id=3133163)
	Aureobasidium pullulans was remapped to 'Dothideomyceta' (id=104313)
	Glaucocystis nostochinearum was remapped to 'Glaucophyta' (id=3184936)
	Anemonia sulcata was remapped to 'Cnidaria' (id=2572300)
	Ameson michaelis was remapped to 'Pereziidae' (id=386630)
	Diaphanoeca grandis was remapped to 'Diaphanoeca' (id=2599672)
	Trichonympha agilis was remapped to 'Trichonymphea' (id=3222742)
	Gigaspora margarita was remapped to 'Glomeromycota' (id=376962)
	Rebecca salina was remapped to 'Pavlovophyceae' (id=3220246)
	Sterkiella nova was remapped to 'Spirotrichea' (id=3215284)
	Bulleromyces albus was remapped to 'Bulleromyces' (id=251723)
	Chara preissii was remapped to 'Charophyceae' (id=3156500)
	Tritrichomonas foetus was remapped to 'Tritrichomonadea' (id=3222675)
	Enterocytozoon salmonis was remapped to 'Enterocytozoonidae' (id=386179)
	Coleochaete orbicularis was remapped to 'Coleochaetophyceae' (id=3156439)
	Rhodella maculata was remapped to 'Rhodellophyceae' (id=3176081)
	Vermamoeba vermiformis was remapped to 'Amoebozoa' (id=3184956)
	Prorocentrum micans was remapped to 'Dinoflagellata' (id=3211049)
	Fragaria x ananassa was remapped to 'Magnoliophyta' (id=2603789)
	Guillardia theta was remapped to 'Cryptophyceae' (id=3219929)
	Theileria parva was remapped to 'Aconoidasida' (id=3208983)
	Cryptococcus neoformans was remapped to 'Cryptococcus' (id=252333)
	Spironucleus barkhanus was remapped to 'Fornicata' (id=3222994)
	Chlamydomonas reinhardtii was remapped to 'Chlorophyceae' (id=3159177)
	Aspergillus fumigatus was remapped to 'Eurotiomycetes' (id=87158)
	Labyrinthuloides minuta was remapped to 'Labyrinthulomycetes' (id=3191658)
	Achlya bisexualis was remapped to 'Peronosporomycetes' (id=3190086)
	Euglypha rotunda was remapped to 'Imbricatea' (id=3217370)
	Saccharomyces cerevisiae was remapped to 'Saccharomycotina' (id=243209)
	Placopecten magellanicus was remapped to 'Bilateria' (id=406946)
	Emiliania huxleyi was remapped to 'Prymnesiophyceae' (id=3220343)
	Porphyra purpurea was remapped to 'Bangiophyceae' (id=3176314)
this is the ROOT
placing root in index
Dealing with metadata property: id
Dealing with metadata property: ot:studyPublicationReference
Adding property 'ot:studyPublicationReference': Fischer, W. M., & Palmer, J. D. 2005. Evidence from small-subunit ribosomal RNA sequences for a fungal origin of Microsporidia. Molecular Phylogenetics and Evolution 36 (3): 606-622.
Dealing with metadata property: ot:focalCladeOTTTaxonName
Adding property 'ot:focalCladeOTTTaxonName': Microsporidia
Dealing with metadata property: ot:studyYear
Adding property 'ot:studyYear': 2005
Dealing with metadata property: ot:inGroupClade
Adding property 'ot:inGroupClade': node446355
Dealing with metadata property: ot:curatorName
Adding property 'ot:curatorName': Romina Gazis
Dealing with metadata property: ot:studyPublication
Adding property 'ot:studyPublication': http://dx.doi.org/10.1016/j.ympev.2005.03.031
Dealing with metadata property: ot:focalClade
Adding property 'ot:focalClade': 16113
Dealing with metadata property: ot:curatedType
Adding property 'ot:curatedType': Fig. 7 ML, SSU
Dealing with metadata property: ot:studyId
Adding property 'ot:studyId': 750
Dealing with metadata property: ot:dataDeposit
Adding property 'ot:dataDeposit': http://purl.org/phylo/treebase/phylows/study/TB2:S1373
Committing nodes: 81
	adding Node[227] Nucletmycea 5246132 as compatible with Node[228]
		adding Relationship[8416031]
		adding to root Relationship[8416032]
	adding Node[832] Pezizomycotina 971709 as compatible with Node[834]
		adding Relationship[8416033]
		adding to root Relationship[8416034]
	adding Node[385438] Microsporea 5276741 as compatible with Node[385469]
		adding Relationship[8416035]
		adding to root Relationship[8416036]
	adding Node[385410] Microsporidia 16113 as compatible with Node[385469]
		adding Relationship[8416037]
		adding to root Relationship[8416038]
	adding Node[386975] Metazoa 691846 as compatible with Node[406945]
		adding Relationship[8416039]
		adding to root Relationship[8416040]
	adding Node[2599634] Acanthoecida 5247660 as compatible with Node[2599654]
		adding Relationship[8416041]
		adding to root Relationship[8416042]
	adding Node[2599547] Choanomonada 5246832 as compatible with Node[2599654]
		adding Relationship[8416043]
		adding to root Relationship[8416044]
	adding Node[2603785] Euphyllophyta 1007992 as compatible with Node[2603787]
		adding Relationship[8416045]
		adding to root Relationship[8416046]
	adding Node[2602921] Tracheophyta 10210 as compatible with Node[2603787]
		adding Relationship[8416047]
		adding to root Relationship[8416048]
	adding Node[3213167] Ciliophora 302424 as compatible with Node[3213170]
		adding Relationship[8416049]
		adding to root Relationship[8416050]
	adding Node[3217160] Rhizaria 6929 as compatible with Node[3217161]
		adding Relationship[8416051]
		adding to root Relationship[8416052]
	adding Node[3220793] Excavata 2927065 as compatible with Node[3222422]
		adding Relationship[8416053]
		adding to root Relationship[8416054]
		adding Relationship[8416055] from Node[3220793] to Node[217]
		adding Relationship[8416056] from Node[2602921] to Node[2602917]
		adding Relationship[8416057] from Node[227] to Node[224]
		adding Relationship[8416058] from Node[224] to Node[3566162]
		adding Relationship[8416059] from Node[224] to Node[217]
		adding Relationship[8416060] from Node[2599634] to Node[2599547]
		adding Relationship[8416061] from Node[832] to Node[831]
		adding Relationship[8416062] from Node[3213167] to Node[3208979]
		adding Relationship[8416063] from Node[2603785] to Node[2602921]
		adding Relationship[8416064] from Node[3566161] to Node[224]
		adding Relationship[8416065] from Node[385438] to Node[385410]
