pgloadind OTUs number 121
pgloadind Processing tree @id "1508"
pgloadind   tree info number nodes 240
pgloadind   tree info number edges 239
pgloadind   Ingested tree number of external nodes 121
pgloadind   property added ot:studyPublicationReference "Gaya E., Navarro-rosines P., Llimona X., Hladun N., & Lutzoni F. 2008. Phylogenetic reassessment of the Teloschistaceae (lichen-forming Ascomycota, Lecanoromycetes). Mycological Research, 112(5): 528-547."
pgloadind   property added ot:studyPublication "http://dx.doi.org/10.1016/j.mycres.2007.11.005"
pgloadind   property added ot:curatorName "Romina Gazis"
pgloadind   property added ot:dataDeposit "http://purl.org/phylo/treebase/phylows/study/TB2:S12085"
pgloadind   property added ot:studyId "800"
pgloadind   property added ot:studyYear "2008"
pgloadind   property added ot:focalClade "67083"
pgloadind   property added ot:focalCladeOTTTaxonName "Teloschistaceae"
pgloadind   property added ot:curatedType "MP, ITS"
pgloadind Processing tree @id "1509"
pgloadind Tree tagged as deprecated. Ignoring. @id "1509"
pgloadind Processing tree @id "1510"
pgloadind   tree info number nodes 240
pgloadind   tree info number edges 239
pgloadind   Ingested tree number of external nodes 121
pgloadind   property added ot:studyPublicationReference "Gaya E., Navarro-rosines P., Llimona X., Hladun N., & Lutzoni F. 2008. Phylogenetic reassessment of the Teloschistaceae (lichen-forming Ascomycota, Lecanoromycetes). Mycological Research, 112(5): 528-547."
pgloadind   property added ot:studyPublication "http://dx.doi.org/10.1016/j.mycres.2007.11.005"
pgloadind   property added ot:curatorName "Romina Gazis"
pgloadind   property added ot:dataDeposit "http://purl.org/phylo/treebase/phylows/study/TB2:S12085"
pgloadind   property added ot:studyId "800"
pgloadind   property added ot:studyYear "2008"
pgloadind   property added ot:focalClade "67083"
pgloadind   property added ot:focalCladeOTTTaxonName "Teloschistaceae"
pgloadind   property added ot:curatedType "MP, ITS"
pgloadind Processing tree @id "5672"
pgloadind   tree info number nodes 241
pgloadind   tree info number edges 240
pgloadind   tree info ingroup "node977925"
pgloadind   Setting ingroup root node.
pgloadind   Ingested tree number of external nodes 116
pgloadind   property added ot:studyPublicationReference "Gaya E., Navarro-rosines P., Llimona X., Hladun N., & Lutzoni F. 2008. Phylogenetic reassessment of the Teloschistaceae (lichen-forming Ascomycota, Lecanoromycetes). Mycological Research, 112(5): 528-547."
pgloadind   property added ot:studyPublication "http://dx.doi.org/10.1016/j.mycres.2007.11.005"
pgloadind   property added ot:curatorName "Romina Gazis"
pgloadind   property added ot:dataDeposit "http://purl.org/phylo/treebase/phylows/study/TB2:S12085"
pgloadind   property added ot:studyId "800"
pgloadind   property added ot:studyYear "2008"
pgloadind   property added ot:focalClade "67083"
pgloadind   property added ot:focalCladeOTTTaxonName "Teloschistaceae"
pgloadind   property added ot:inGroupClade "node977925"
pgloadind   property added ot:tag "MP"
pgloadind   property added ot:curatedType "MP, ITS (rooted)"
loading a specific tree: 5672
skipping tree: 1508
skipping tree: 1510
pgloadind conducting TNRS on trees
pgloadind   name fixing on tree tree id "5672"
pgloadind     OTT ID missing name "Caloplaca erythrocarpa" nexsonid "node977972"
pgloadind     OTT ID missing name "Caloplaca velana var. placidia" nexsonid "node978012"
pgloadind     OTT ID missing name "Caloplaca stillicidiorum" nexsonid "node978024"
pgloadind     OTT ID missing name "Caloplaca alpigena" nexsonid "node978027"
pgloadind     OTT ID missing name "Teloschistes contortuplicatus" nexsonid "node978032"
pgloadind     OTT ID missing name "Xanthomendoza fallax" nexsonid "node978051"
pgloadind   TNRS unmatched total number 0
pgloadind     TNRS resolved ottId OTT ID 541425 name "Teloschistes contortuplicatus" searched on "Teloschistes contortuplicatus" nexsonid "node978032"
pgloadind     TNRS resolved ottId OTT ID 194834 name "Caloplaca erythrocarpa" searched on "Caloplaca erythrocarpa" nexsonid "node977972"
pgloadind     TNRS resolved ottId OTT ID 868760 name "Xanthomendoza fallax" searched on "Xanthomendoza fallax" nexsonid "node978051"
pgloadind     TNRS resolved ottId OTT ID 1092284 name "Caloplaca alpigena" searched on "Caloplaca alpigena" nexsonid "node978027"
pgloadind     TNRS resolved ottId OTT ID 1073050 name "Caloplaca stillicidiorum" searched on "Caloplaca stillicidiorum" nexsonid "node978024"
pgloadind     pruning unmapped name "Caloplaca velana var. placidia" nexsonid "node978012"
pgloadind     OTT ID reused in tree
pgloadind       duplicate name "Gyalolechia fulgida" nexsonid "node977945"
pgloadind       duplicate OTT ID 447041
pgloadind     OTT ID reused in tree
pgloadind       duplicate name "Gyalolechia desertorum" nexsonid "node977953"
pgloadind       duplicate OTT ID 111510
pgloadind     OTT ID reused in tree
pgloadind       duplicate name "Caloplaca gloriae" nexsonid "node977962"
pgloadind       duplicate OTT ID 792563
pgloadind     OTT ID reused in tree
pgloadind       duplicate name "Caloplaca gloriae" nexsonid "node977963"
pgloadind       duplicate OTT ID 792563
pgloadind     OTT ID reused in tree
pgloadind       duplicate name "Caloplaca gloriae" nexsonid "node977964"
pgloadind       duplicate OTT ID 792563
pgloadind     OTT ID reused in tree
pgloadind       duplicate name "Caloplaca teicholyta" nexsonid "node977975"
pgloadind       duplicate OTT ID 144020
pgloadind     OTT ID reused in tree
pgloadind       duplicate name "Caloplaca demissa" nexsonid "node977981"
pgloadind       duplicate OTT ID 565709
pgloadind     OTT ID reused in tree
pgloadind       duplicate name "Caloplaca demissa" nexsonid "node977982"
pgloadind       duplicate OTT ID 565709
pgloadind     OTT ID reused in tree
pgloadind       duplicate name "Usnochroma carphinea" nexsonid "node977986"
pgloadind       duplicate OTT ID 4066757
pgloadind     OTT ID reused in tree
pgloadind       duplicate name "Variospora dolomiticola" nexsonid "node978030"
pgloadind       duplicate OTT ID 4066752
pgloadind     OTT ID reused in tree
pgloadind       duplicate name "Caloplaca aegaea" nexsonid "node978000"
pgloadind       duplicate OTT ID 194832
pgloadind     OTT ID reused in tree
pgloadind       duplicate name "Variospora flavescens" nexsonid "node978002"
pgloadind       duplicate OTT ID 3767340
pgloadind     OTT ID reused in tree
pgloadind       duplicate name "Variospora thallincola" nexsonid "node978006"
pgloadind       duplicate OTT ID 4066750
pgloadind     OTT ID reused in tree
pgloadind       duplicate name "Variospora flavescens" nexsonid "node978007"
pgloadind       duplicate OTT ID 3767340
pgloadind     OTT ID reused in tree
pgloadind       duplicate name "Variospora flavescens" nexsonid "node978008"
pgloadind       duplicate OTT ID 3767340
pgloadind     OTT ID reused in tree
pgloadind       duplicate name "Variospora aurantia" nexsonid "node978011"
pgloadind       duplicate OTT ID 3759470
pgloadind     OTT ID reused in tree
pgloadind       duplicate name "Caloplaca cirrochroa" nexsonid "node978037"
pgloadind       duplicate OTT ID 194835
pgloadind     OTT ID reused in tree
pgloadind       duplicate name "Leproplaca proteus" nexsonid "node978038"
pgloadind       duplicate OTT ID 4066762
pgloadind     OTT ID reused in tree
pgloadind       duplicate name "Seirophora lacunosa" nexsonid "node978045"
pgloadind       duplicate OTT ID 498427
pgloadind     OTT ID reused in tree
pgloadind       duplicate name "Seirophora lacunosa" nexsonid "node978046"
pgloadind       duplicate OTT ID 498427
pgloadind     OTT ID reused in tree
pgloadind       duplicate name "Caloplaca marina" nexsonid "node978078"
pgloadind       duplicate OTT ID 3765774
pgloadind     OTT ID reused in tree
pgloadind       duplicate name "Caloplaca maritima" nexsonid "node978083"
pgloadind       duplicate OTT ID 868755
pgloadind     OTT ID reused in tree
pgloadind       duplicate name "Caloplaca maritima" nexsonid "node978084"
pgloadind       duplicate OTT ID 868755
pgloadind     OTT ID reused in tree
pgloadind       duplicate name "Calogaya arnoldii" nexsonid "node978101"
pgloadind       duplicate OTT ID 4066899
pgloadind     OTT ID reused in tree
pgloadind       duplicate name "Caloplaca biatorina" nexsonid "node978104"
pgloadind       duplicate OTT ID 1092289
pgloadind     OTT ID reused in tree
pgloadind       duplicate name "Calogaya arnoldii" nexsonid "node978107"
pgloadind       duplicate OTT ID 4066899
pgloadind     OTT ID reused in tree
pgloadind       duplicate name "Calogaya arnoldii" nexsonid "node978108"
pgloadind       duplicate OTT ID 4066899
pgloadind     OTT ID reused in tree
pgloadind       duplicate name "Calogaya decipiens" nexsonid "node978112"
pgloadind       duplicate OTT ID 3765827
pgloadind     OTT ID reused in tree
pgloadind       duplicate name "Xanthoria resendei" nexsonid "node978120"
pgloadind       duplicate OTT ID 929369
pgloadind     OTT ID reused in tree
pgloadind       duplicate name "Xanthoria elegans" nexsonid "node978124"
pgloadind       duplicate OTT ID 292310
pgloadind     OTT ID reused in tree
pgloadind       duplicate name "Rusavskia sorediata" nexsonid "node978127"
pgloadind       duplicate OTT ID 61789
pgloadind     OTT ID reused in tree
pgloadind       duplicate name "Caloplaca alcarum" nexsonid "node978132"
pgloadind       duplicate OTT ID 963915
pgloadind     OTT ID reused in tree
pgloadind       duplicate name "Polycauliona ignea" nexsonid "node978139"
pgloadind       duplicate OTT ID 4066892
pgloadind     OTT ID reused in tree
pgloadind       duplicate name "Caloplaca irrubescens" nexsonid "node978143"
pgloadind       duplicate OTT ID 718184
pgloadind     OTT ID reused in tree
pgloadind       duplicate name "Teloschistes chrysophthalmus" nexsonid "node978149"
pgloadind       duplicate OTT ID 269170
pgloadind     OTT ID reused in tree
pgloadind       duplicate name "Teloschistes sieberianus" nexsonid "node978154"
pgloadind       duplicate OTT ID 984265
pgloadind     pruning dups and overlapping name "Rusavskia sorediata" nexsonid "node978127"
pgloadind     pruning dups and overlapping name "Caloplaca teicholyta" nexsonid "node977975"
pgloadind     pruning dups and overlapping name "Caloplaca aegaea" nexsonid "node978000"
pgloadind     pruning dups and overlapping name "Variospora thallincola" nexsonid "node978006"
pgloadind     pruning dups and overlapping name "Caloplaca demissa" nexsonid "node977981"
pgloadind     pruning dups and overlapping name "Caloplaca maritima" nexsonid "node978083"
pgloadind     pruning dups and overlapping name "Caloplaca demissa" nexsonid "node977982"
pgloadind     pruning dups and overlapping name "Caloplaca biatorina" nexsonid "node978104"
pgloadind     pruning dups and overlapping name "Caloplaca alcarum" nexsonid "node978132"
pgloadind     pruning dups and overlapping name "Variospora flavescens" nexsonid "node978002"
pgloadind     pruning dups and overlapping name "Caloplaca gloriae" nexsonid "node977963"
pgloadind     pruning dups and overlapping name "Variospora flavescens" nexsonid "node978007"
pgloadind     pruning dups and overlapping name "Gyalolechia desertorum" nexsonid "node977953"
pgloadind     pruning dups and overlapping name "Gyalolechia fulgida" nexsonid "node977945"
pgloadind     pruning dups and overlapping name "Seirophora lacunosa" nexsonid "node978045"
pgloadind     pruning dups and overlapping name "Variospora aurantia" nexsonid "node978011"
pgloadind     pruning dups and overlapping name "Caloplaca gloriae" nexsonid "node977962"
pgloadind     pruning dups and overlapping name "Variospora flavescens" nexsonid "node978008"
pgloadind     pruning dups and overlapping name "Xanthoria resendei" nexsonid "node978120"
pgloadind     pruning dups and overlapping name "Calogaya arnoldii" nexsonid "node978108"
pgloadind     pruning dups and overlapping name "Polycauliona ignea" nexsonid "node978139"
pgloadind     pruning dups and overlapping name "Xanthoria elegans" nexsonid "node978124"
pgloadind     pruning dups and overlapping name "Usnochroma carphinea" nexsonid "node977986"
pgloadind     pruning dups and overlapping name "Calogaya arnoldii" nexsonid "node978107"
pgloadind     pruning dups and overlapping name "Seirophora lacunosa" nexsonid "node978046"
pgloadind     pruning dups and overlapping name "Caloplaca maritima" nexsonid "node978084"
pgloadind     pruning dups and overlapping name "Caloplaca irrubescens" nexsonid "node978143"
pgloadind     pruning dups and overlapping name "Leproplaca proteus" nexsonid "node978038"
pgloadind     pruning dups and overlapping name "Calogaya arnoldii" nexsonid "node978101"
pgloadind     pruning dups and overlapping name "Variospora dolomiticola" nexsonid "node978030"
pgloadind     pruning dups and overlapping name "Caloplaca marina" nexsonid "node978078"
pgloadind     pruning dups and overlapping name "Teloschistes chrysophthalmus" nexsonid "node978149"
pgloadind     pruning dups and overlapping name "Calogaya decipiens" nexsonid "node978112"
pgloadind     pruning dups and overlapping name "Caloplaca gloriae" nexsonid "node977964"
pgloadind     pruning dups and overlapping name "Caloplaca cirrochroa" nexsonid "node978037"
pgloadind     pruning dups and overlapping name "Teloschistes sieberianus" nexsonid "node978154"
pgloadind   postpruning newick tree "((((((((((Letrouitia_domingensis,Letrouitia_parabola),(((((((Gyalolechia_fulgens,Gyalolechia_desertorum),Gyalolechia_fulgida),Gyalolechia_subbracteata),Fulgensia_poeltii),Gyalolechia_canariensis),Fulgensia_bracteata),Gyalolechia_pruinosa)),Gyalolechia_flavovirescens),Gyalolechia_flavorubescens),Caloplaca_gloriae),Caloplaca_crenularia),((Caloplaca_chalybaea,(Caloplaca_aetnensis,(Caloplaca_erythrocarpa,Caloplaca_teicholyta))),Caloplaca_variabilis)),((Usnochroma_carphinea,Usnochroma_scoriophila),Caloplaca_demissa)),((((((((Fulgensia_australis,Caloplaca_paulii),((((Caloplaca_cerina,Caloplaca_stillicidiorum),Caloplaca_chlorina),Caloplaca_cancarixiticola),Caloplaca_alpigena)),Variospora_dolomiticola),Caloplaca_cirrochroa),(Variospora_aurantia,((Variospora_flavescens,Caloplaca_aegaea),Variospora_thallincola))),Teloschistes_contortuplicatus),(Leproplaca_xantholyta,Leproplaca_proteus)),((Teloschistes_villosus,Seirophora_lacunosa),Seirophora_scorigena))),((Xanthomendoza_fallax,((((Caloplaca_ochracea,Xanthocarpia_marmorata),Caloplaca_ferrarii),((((((Caloplaca_holocarpa,(Polycauliona_verruculifera,Xanthoria_candelaria)),Polycauliona_bolacina),((((((Caloplaca_microthallina,Caloplaca_marina),Caloplaca_maritima),Caloplaca_granulosa),((Caloplaca_lithophila,Caloplaca_polycarpa),Caloplaca_coronata)),((((((((Caloplaca_biatorina,Calogaya_arnoldii),Caloplaca_saxicola),Calogaya_decipiens),Caloplaca_schistidii),Calogaya_pusilla),(Xanthoria_calcicola,Xanthoria_parietina)),Xanthoria_resendei),(Rusavskia_sorediata,Xanthoria_elegans))),((Caloplaca_alcarum,Athallia_scopularis),(Caloplaca_inconnexa,Athallia_pyracea)))),Polycauliona_ignea),Caloplaca_scrobiculata),Caloplaca_irrubescens)),Caloplaca_trachyphylla)),((Teloschistes_chrysophthalmus,(Teloschistes_fasciculatus,Teloschistes_sieberianus)),Wetmoreana_texana)))"
pgloadind   taxon mapping summary
pgloadind     taxon mapping OTT ID 447042 taxonomy "Letrouitia domingensis->Letrouitia->Letrouitiaceae->Teloschistales->Lecanoromycetidae->Lecanoromycetes->Leotiomyceta->Pezizomycotina->saccharomyceta->Ascomycota->Dikarya->Fungi->Nucletmycea->Opisthokonta->Eukaryota->cellular organisms->life" nexsonid "node977935"
pgloadind     taxon mapping OTT ID 144014 taxonomy "Letrouitia parabola->Letrouitia->Letrouitiaceae->Teloschistales->Lecanoromycetidae->Lecanoromycetes->Leotiomyceta->Pezizomycotina->saccharomyceta->Ascomycota->Dikarya->Fungi->Nucletmycea->Opisthokonta->Eukaryota->cellular organisms->life" nexsonid "node977936"
pgloadind     taxon mapping OTT ID 4066793 taxonomy "Gyalolechia fulgens->Fulgensia->Caloplacoideae->Teloschistaceae->Teloschistineae->Teloschistales->Lecanoromycetidae->Lecanoromycetes->Leotiomyceta->Pezizomycotina->saccharomyceta->Ascomycota->Dikarya->Fungi->Nucletmycea->Opisthokonta->Eukaryota->cellular organisms->life" nexsonid "node977947"
pgloadind     taxon mapping OTT ID 111510 taxonomy "Gyalolechia desertorum->Fulgensia->Caloplacoideae->Teloschistaceae->Teloschistineae->Teloschistales->Lecanoromycetidae->Lecanoromycetes->Leotiomyceta->Pezizomycotina->saccharomyceta->Ascomycota->Dikarya->Fungi->Nucletmycea->Opisthokonta->Eukaryota->cellular organisms->life" nexsonid "node977948"
pgloadind     taxon mapping OTT ID 447041 taxonomy "Gyalolechia fulgida->Fulgensia->Caloplacoideae->Teloschistaceae->Teloschistineae->Teloschistales->Lecanoromycetidae->Lecanoromycetes->Leotiomyceta->Pezizomycotina->saccharomyceta->Ascomycota->Dikarya->Fungi->Nucletmycea->Opisthokonta->Eukaryota->cellular organisms->life" nexsonid "node977944"
pgloadind     taxon mapping OTT ID 447038 taxonomy "Gyalolechia subbracteata->Fulgensia->Caloplacoideae->Teloschistaceae->Teloschistineae->Teloschistales->Lecanoromycetidae->Lecanoromycetes->Leotiomyceta->Pezizomycotina->saccharomyceta->Ascomycota->Dikarya->Fungi->Nucletmycea->Opisthokonta->Eukaryota->cellular organisms->life" nexsonid "node977949"
pgloadind     taxon mapping OTT ID 144017 taxonomy "Fulgensia poeltii->Fulgensia->Caloplacoideae->Teloschistaceae->Teloschistineae->Teloschistales->Lecanoromycetidae->Lecanoromycetes->Leotiomyceta->Pezizomycotina->saccharomyceta->Ascomycota->Dikarya->Fungi->Nucletmycea->Opisthokonta->Eukaryota->cellular organisms->life" nexsonid "node977950"
pgloadind     taxon mapping OTT ID 4066795 taxonomy "Gyalolechia canariensis->Fulgensia->Caloplacoideae->Teloschistaceae->Teloschistineae->Teloschistales->Lecanoromycetidae->Lecanoromycetes->Leotiomyceta->Pezizomycotina->saccharomyceta->Ascomycota->Dikarya->Fungi->Nucletmycea->Opisthokonta->Eukaryota->cellular organisms->life" nexsonid "node977951"
pgloadind     taxon mapping OTT ID 3779118 taxonomy "Fulgensia bracteata->Fulgensia->Caloplacoideae->Teloschistaceae->Teloschistineae->Teloschistales->Lecanoromycetidae->Lecanoromycetes->Leotiomyceta->Pezizomycotina->saccharomyceta->Ascomycota->Dikarya->Fungi->Nucletmycea->Opisthokonta->Eukaryota->cellular organisms->life" nexsonid "node977954"
pgloadind     taxon mapping OTT ID 3779308 taxonomy "Gyalolechia pruinosa->Fulgensia->Caloplacoideae->Teloschistaceae->Teloschistineae->Teloschistales->Lecanoromycetidae->Lecanoromycetes->Leotiomyceta->Pezizomycotina->saccharomyceta->Ascomycota->Dikarya->Fungi->Nucletmycea->Opisthokonta->Eukaryota->cellular organisms->life" nexsonid "node977955"
pgloadind     taxon mapping OTT ID 3775524 taxonomy "Gyalolechia flavovirescens->Fulgensia->Caloplacoideae->Teloschistaceae->Teloschistineae->Teloschistales->Lecanoromycetidae->Lecanoromycetes->Leotiomyceta->Pezizomycotina->saccharomyceta->Ascomycota->Dikarya->Fungi->Nucletmycea->Opisthokonta->Eukaryota->cellular organisms->life" nexsonid "node977956"
pgloadind     taxon mapping OTT ID 4066794 taxonomy "Gyalolechia flavorubescens->Fulgensia->Caloplacoideae->Teloschistaceae->Teloschistineae->Teloschistales->Lecanoromycetidae->Lecanoromycetes->Leotiomyceta->Pezizomycotina->saccharomyceta->Ascomycota->Dikarya->Fungi->Nucletmycea->Opisthokonta->Eukaryota->cellular organisms->life" nexsonid "node977957"
pgloadind     taxon mapping OTT ID 792563 taxonomy "Caloplaca gloriae->Caloplaca->Caloplacoideae->Teloschistaceae->Teloschistineae->Teloschistales->Lecanoromycetidae->Lecanoromycetes->Leotiomyceta->Pezizomycotina->saccharomyceta->Ascomycota->Dikarya->Fungi->Nucletmycea->Opisthokonta->Eukaryota->cellular organisms->life" nexsonid "node977961"
pgloadind     taxon mapping OTT ID 565708 taxonomy "Caloplaca crenularia->Caloplaca->Caloplacoideae->Teloschistaceae->Teloschistineae->Teloschistales->Lecanoromycetidae->Lecanoromycetes->Leotiomyceta->Pezizomycotina->saccharomyceta->Ascomycota->Dikarya->Fungi->Nucletmycea->Opisthokonta->Eukaryota->cellular organisms->life" nexsonid "node977965"
pgloadind     taxon mapping OTT ID 3775366 taxonomy "Caloplaca chalybaea->Caloplaca->Caloplacoideae->Teloschistaceae->Teloschistineae->Teloschistales->Lecanoromycetidae->Lecanoromycetes->Leotiomyceta->Pezizomycotina->saccharomyceta->Ascomycota->Dikarya->Fungi->Nucletmycea->Opisthokonta->Eukaryota->cellular organisms->life" nexsonid "node977968"
pgloadind     taxon mapping OTT ID 474969 taxonomy "Caloplaca aetnensis->Caloplaca->Caloplacoideae->Teloschistaceae->Teloschistineae->Teloschistales->Lecanoromycetidae->Lecanoromycetes->Leotiomyceta->Pezizomycotina->saccharomyceta->Ascomycota->Dikarya->Fungi->Nucletmycea->Opisthokonta->Eukaryota->cellular organisms->life" nexsonid "node977970"
pgloadind     taxon mapping OTT ID 194834 taxonomy "Caloplaca erythrocarpa->Caloplaca->Caloplacoideae->Teloschistaceae->Teloschistineae->Teloschistales->Lecanoromycetidae->Lecanoromycetes->Leotiomyceta->Pezizomycotina->saccharomyceta->Ascomycota->Dikarya->Fungi->Nucletmycea->Opisthokonta->Eukaryota->cellular organisms->life" nexsonid "node977972"
pgloadind     taxon mapping OTT ID 144020 taxonomy "Caloplaca teicholyta->Caloplaca->Caloplacoideae->Teloschistaceae->Teloschistineae->Teloschistales->Lecanoromycetidae->Lecanoromycetes->Leotiomyceta->Pezizomycotina->saccharomyceta->Ascomycota->Dikarya->Fungi->Nucletmycea->Opisthokonta->Eukaryota->cellular organisms->life" nexsonid "node977974"
pgloadind     taxon mapping OTT ID 3779085 taxonomy "Caloplaca variabilis->Caloplaca->Caloplacoideae->Teloschistaceae->Teloschistineae->Teloschistales->Lecanoromycetidae->Lecanoromycetes->Leotiomyceta->Pezizomycotina->saccharomyceta->Ascomycota->Dikarya->Fungi->Nucletmycea->Opisthokonta->Eukaryota->cellular organisms->life" nexsonid "node977976"
pgloadind     taxon mapping OTT ID 4066757 taxonomy "Usnochroma carphinea->Usnochroma->Caloplacoideae->Teloschistaceae->Teloschistineae->Teloschistales->Lecanoromycetidae->Lecanoromycetes->Leotiomyceta->Pezizomycotina->saccharomyceta->Ascomycota->Dikarya->Fungi->Nucletmycea->Opisthokonta->Eukaryota->cellular organisms->life" nexsonid "node977984"
pgloadind     taxon mapping OTT ID 4066756 taxonomy "Usnochroma scoriophila->Usnochroma->Caloplacoideae->Teloschistaceae->Teloschistineae->Teloschistales->Lecanoromycetidae->Lecanoromycetes->Leotiomyceta->Pezizomycotina->saccharomyceta->Ascomycota->Dikarya->Fungi->Nucletmycea->Opisthokonta->Eukaryota->cellular organisms->life" nexsonid "node977987"
pgloadind     taxon mapping OTT ID 565709 taxonomy "Caloplaca demissa->Caloplaca->Caloplacoideae->Teloschistaceae->Teloschistineae->Teloschistales->Lecanoromycetidae->Lecanoromycetes->Leotiomyceta->Pezizomycotina->saccharomyceta->Ascomycota->Dikarya->Fungi->Nucletmycea->Opisthokonta->Eukaryota->cellular organisms->life" nexsonid "node977980"
pgloadind     taxon mapping OTT ID 5314411 taxonomy "Fulgensia australis->Fulgensia->Caloplacoideae->Teloschistaceae->Teloschistineae->Teloschistales->Lecanoromycetidae->Lecanoromycetes->Leotiomyceta->Pezizomycotina->saccharomyceta->Ascomycota->Dikarya->Fungi->Nucletmycea->Opisthokonta->Eukaryota->cellular organisms->life" nexsonid "node978017"
pgloadind     taxon mapping OTT ID 718182 taxonomy "Caloplaca paulii->Caloplaca->Caloplacoideae->Teloschistaceae->Teloschistineae->Teloschistales->Lecanoromycetidae->Lecanoromycetes->Leotiomyceta->Pezizomycotina->saccharomyceta->Ascomycota->Dikarya->Fungi->Nucletmycea->Opisthokonta->Eukaryota->cellular organisms->life" nexsonid "node978018"
pgloadind     taxon mapping OTT ID 1092288 taxonomy "Caloplaca cerina->Caloplaca->Caloplacoideae->Teloschistaceae->Teloschistineae->Teloschistales->Lecanoromycetidae->Lecanoromycetes->Leotiomyceta->Pezizomycotina->saccharomyceta->Ascomycota->Dikarya->Fungi->Nucletmycea->Opisthokonta->Eukaryota->cellular organisms->life" nexsonid "node978023"
pgloadind     taxon mapping OTT ID 1073050 taxonomy "Caloplaca stillicidiorum->Caloplaca->Caloplacoideae->Teloschistaceae->Teloschistineae->Teloschistales->Lecanoromycetidae->Lecanoromycetes->Leotiomyceta->Pezizomycotina->saccharomyceta->Ascomycota->Dikarya->Fungi->Nucletmycea->Opisthokonta->Eukaryota->cellular organisms->life" nexsonid "node978024"
pgloadind     taxon mapping OTT ID 565707 taxonomy "Caloplaca chlorina->Caloplaca->Caloplacoideae->Teloschistaceae->Teloschistineae->Teloschistales->Lecanoromycetidae->Lecanoromycetes->Leotiomyceta->Pezizomycotina->saccharomyceta->Ascomycota->Dikarya->Fungi->Nucletmycea->Opisthokonta->Eukaryota->cellular organisms->life" nexsonid "node978025"
pgloadind     taxon mapping OTT ID 194837 taxonomy "Caloplaca cancarixiticola->Caloplaca->Caloplacoideae->Teloschistaceae->Teloschistineae->Teloschistales->Lecanoromycetidae->Lecanoromycetes->Leotiomyceta->Pezizomycotina->saccharomyceta->Ascomycota->Dikarya->Fungi->Nucletmycea->Opisthokonta->Eukaryota->cellular organisms->life" nexsonid "node978026"
pgloadind     taxon mapping OTT ID 1092284 taxonomy "Caloplaca alpigena->Caloplaca->Caloplacoideae->Teloschistaceae->Teloschistineae->Teloschistales->Lecanoromycetidae->Lecanoromycetes->Leotiomyceta->Pezizomycotina->saccharomyceta->Ascomycota->Dikarya->Fungi->Nucletmycea->Opisthokonta->Eukaryota->cellular organisms->life" nexsonid "node978027"
pgloadind     taxon mapping OTT ID 4066752 taxonomy "Variospora dolomiticola->Variospora->Caloplacoideae->Teloschistaceae->Teloschistineae->Teloschistales->Lecanoromycetidae->Lecanoromycetes->Leotiomyceta->Pezizomycotina->saccharomyceta->Ascomycota->Dikarya->Fungi->Nucletmycea->Opisthokonta->Eukaryota->cellular organisms->life" nexsonid "node978029"
pgloadind     taxon mapping OTT ID 194835 taxonomy "Caloplaca cirrochroa->Caloplaca->Caloplacoideae->Teloschistaceae->Teloschistineae->Teloschistales->Lecanoromycetidae->Lecanoromycetes->Leotiomyceta->Pezizomycotina->saccharomyceta->Ascomycota->Dikarya->Fungi->Nucletmycea->Opisthokonta->Eukaryota->cellular organisms->life" nexsonid "node978031"
pgloadind     taxon mapping OTT ID 3759470 taxonomy "Variospora aurantia->Variospora->Caloplacoideae->Teloschistaceae->Teloschistineae->Teloschistales->Lecanoromycetidae->Lecanoromycetes->Leotiomyceta->Pezizomycotina->saccharomyceta->Ascomycota->Dikarya->Fungi->Nucletmycea->Opisthokonta->Eukaryota->cellular organisms->life" nexsonid "node978010"
pgloadind     taxon mapping OTT ID 3767340 taxonomy "Variospora flavescens->Variospora->Caloplacoideae->Teloschistaceae->Teloschistineae->Teloschistales->Lecanoromycetidae->Lecanoromycetes->Leotiomyceta->Pezizomycotina->saccharomyceta->Ascomycota->Dikarya->Fungi->Nucletmycea->Opisthokonta->Eukaryota->cellular organisms->life" nexsonid "node978001"
pgloadind     taxon mapping OTT ID 194832 taxonomy "Caloplaca aegaea->Caloplaca->Caloplacoideae->Teloschistaceae->Teloschistineae->Teloschistales->Lecanoromycetidae->Lecanoromycetes->Leotiomyceta->Pezizomycotina->saccharomyceta->Ascomycota->Dikarya->Fungi->Nucletmycea->Opisthokonta->Eukaryota->cellular organisms->life" nexsonid "node977999"
pgloadind     taxon mapping OTT ID 4066750 taxonomy "Variospora thallincola->Variospora->Caloplacoideae->Teloschistaceae->Teloschistineae->Teloschistales->Lecanoromycetidae->Lecanoromycetes->Leotiomyceta->Pezizomycotina->saccharomyceta->Ascomycota->Dikarya->Fungi->Nucletmycea->Opisthokonta->Eukaryota->cellular organisms->life" nexsonid "node978005"
pgloadind     taxon mapping OTT ID 541425 taxonomy "Teloschistes contortuplicatus->Teloschistes->Teloschistoideae->Teloschistaceae->Teloschistineae->Teloschistales->Lecanoromycetidae->Lecanoromycetes->Leotiomyceta->Pezizomycotina->saccharomyceta->Ascomycota->Dikarya->Fungi->Nucletmycea->Opisthokonta->Eukaryota->cellular organisms->life" nexsonid "node978032"
pgloadind     taxon mapping OTT ID 144015 taxonomy "Leproplaca xantholyta->Caloplaca->Caloplacoideae->Teloschistaceae->Teloschistineae->Teloschistales->Lecanoromycetidae->Lecanoromycetes->Leotiomyceta->Pezizomycotina->saccharomyceta->Ascomycota->Dikarya->Fungi->Nucletmycea->Opisthokonta->Eukaryota->cellular organisms->life" nexsonid "node978039"
pgloadind     taxon mapping OTT ID 4066762 taxonomy "Leproplaca proteus->Caloplaca->Caloplacoideae->Teloschistaceae->Teloschistineae->Teloschistales->Lecanoromycetidae->Lecanoromycetes->Leotiomyceta->Pezizomycotina->saccharomyceta->Ascomycota->Dikarya->Fungi->Nucletmycea->Opisthokonta->Eukaryota->cellular organisms->life" nexsonid "node978036"
pgloadind     taxon mapping OTT ID 269162 taxonomy "Teloschistes villosus->Teloschistes->Teloschistoideae->Teloschistaceae->Teloschistineae->Teloschistales->Lecanoromycetidae->Lecanoromycetes->Leotiomyceta->Pezizomycotina->saccharomyceta->Ascomycota->Dikarya->Fungi->Nucletmycea->Opisthokonta->Eukaryota->cellular organisms->life" nexsonid "node978047"
pgloadind     taxon mapping OTT ID 498427 taxonomy "Seirophora lacunosa->Seirophora->Caloplacoideae->Teloschistaceae->Teloschistineae->Teloschistales->Lecanoromycetidae->Lecanoromycetes->Leotiomyceta->Pezizomycotina->saccharomyceta->Ascomycota->Dikarya->Fungi->Nucletmycea->Opisthokonta->Eukaryota->cellular organisms->life" nexsonid "node978043"
pgloadind     taxon mapping OTT ID 3777756 taxonomy "Seirophora scorigena->Seirophora->Caloplacoideae->Teloschistaceae->Teloschistineae->Teloschistales->Lecanoromycetidae->Lecanoromycetes->Leotiomyceta->Pezizomycotina->saccharomyceta->Ascomycota->Dikarya->Fungi->Nucletmycea->Opisthokonta->Eukaryota->cellular organisms->life" nexsonid "node978048"
pgloadind     taxon mapping OTT ID 868760 taxonomy "Xanthomendoza fallax->Xanthomendoza->Xanthorioideae->Teloschistaceae->Teloschistineae->Teloschistales->Lecanoromycetidae->Lecanoromycetes->Leotiomyceta->Pezizomycotina->saccharomyceta->Ascomycota->Dikarya->Fungi->Nucletmycea->Opisthokonta->Eukaryota->cellular organisms->life" nexsonid "node978051"
pgloadind     taxon mapping OTT ID 3774833 taxonomy "Caloplaca ochracea->Caloplaca->Caloplacoideae->Teloschistaceae->Teloschistineae->Teloschistales->Lecanoromycetidae->Lecanoromycetes->Leotiomyceta->Pezizomycotina->saccharomyceta->Ascomycota->Dikarya->Fungi->Nucletmycea->Opisthokonta->Eukaryota->cellular organisms->life" nexsonid "node978056"
pgloadind     taxon mapping OTT ID 4066935 taxonomy "Xanthocarpia marmorata->Caloplaca->Caloplacoideae->Teloschistaceae->Teloschistineae->Teloschistales->Lecanoromycetidae->Lecanoromycetes->Leotiomyceta->Pezizomycotina->saccharomyceta->Ascomycota->Dikarya->Fungi->Nucletmycea->Opisthokonta->Eukaryota->cellular organisms->life" nexsonid "node978057"
pgloadind     taxon mapping OTT ID 194839 taxonomy "Caloplaca ferrarii->Caloplaca->Caloplacoideae->Teloschistaceae->Teloschistineae->Teloschistales->Lecanoromycetidae->Lecanoromycetes->Leotiomyceta->Pezizomycotina->saccharomyceta->Ascomycota->Dikarya->Fungi->Nucletmycea->Opisthokonta->Eukaryota->cellular organisms->life" nexsonid "node978058"
pgloadind     taxon mapping OTT ID 322458 taxonomy "Caloplaca holocarpa->Caloplaca->Caloplacoideae->Teloschistaceae->Teloschistineae->Teloschistales->Lecanoromycetidae->Lecanoromycetes->Leotiomyceta->Pezizomycotina->saccharomyceta->Ascomycota->Dikarya->Fungi->Nucletmycea->Opisthokonta->Eukaryota->cellular organisms->life" nexsonid "node978065"
pgloadind     taxon mapping OTT ID 4066883 taxonomy "Polycauliona verruculifera->Caloplaca->Caloplacoideae->Teloschistaceae->Teloschistineae->Teloschistales->Lecanoromycetidae->Lecanoromycetes->Leotiomyceta->Pezizomycotina->saccharomyceta->Ascomycota->Dikarya->Fungi->Nucletmycea->Opisthokonta->Eukaryota->cellular organisms->life" nexsonid "node978067"
pgloadind     taxon mapping OTT ID 4066893 taxonomy "Xanthoria candelaria->Xanthoria->Xanthorioideae->Teloschistaceae->Teloschistineae->Teloschistales->Lecanoromycetidae->Lecanoromycetes->Leotiomyceta->Pezizomycotina->saccharomyceta->Ascomycota->Dikarya->Fungi->Nucletmycea->Opisthokonta->Eukaryota->cellular organisms->life" nexsonid "node978068"
pgloadind     taxon mapping OTT ID 4066882 taxonomy "Polycauliona bolacina->Caloplaca->Caloplacoideae->Teloschistaceae->Teloschistineae->Teloschistales->Lecanoromycetidae->Lecanoromycetes->Leotiomyceta->Pezizomycotina->saccharomyceta->Ascomycota->Dikarya->Fungi->Nucletmycea->Opisthokonta->Eukaryota->cellular organisms->life" nexsonid "node978069"
pgloadind     taxon mapping OTT ID 4066918 taxonomy "Caloplaca microthallina->Caloplaca->Caloplacoideae->Teloschistaceae->Teloschistineae->Teloschistales->Lecanoromycetidae->Lecanoromycetes->Leotiomyceta->Pezizomycotina->saccharomyceta->Ascomycota->Dikarya->Fungi->Nucletmycea->Opisthokonta->Eukaryota->cellular organisms->life" nexsonid "node978079"
pgloadind     taxon mapping OTT ID 3765774 taxonomy "Caloplaca marina->Caloplaca->Caloplacoideae->Teloschistaceae->Teloschistineae->Teloschistales->Lecanoromycetidae->Lecanoromycetes->Leotiomyceta->Pezizomycotina->saccharomyceta->Ascomycota->Dikarya->Fungi->Nucletmycea->Opisthokonta->Eukaryota->cellular organisms->life" nexsonid "node978077"
pgloadind     taxon mapping OTT ID 868755 taxonomy "Caloplaca maritima->Caloplaca->Caloplacoideae->Teloschistaceae->Teloschistineae->Teloschistales->Lecanoromycetidae->Lecanoromycetes->Leotiomyceta->Pezizomycotina->saccharomyceta->Ascomycota->Dikarya->Fungi->Nucletmycea->Opisthokonta->Eukaryota->cellular organisms->life" nexsonid "node978082"
pgloadind     taxon mapping OTT ID 718186 taxonomy "Caloplaca granulosa->Caloplaca->Caloplacoideae->Teloschistaceae->Teloschistineae->Teloschistales->Lecanoromycetidae->Lecanoromycetes->Leotiomyceta->Pezizomycotina->saccharomyceta->Ascomycota->Dikarya->Fungi->Nucletmycea->Opisthokonta->Eukaryota->cellular organisms->life" nexsonid "node978085"
pgloadind     taxon mapping OTT ID 3778322 taxonomy "Caloplaca lithophila->Caloplaca->Caloplacoideae->Teloschistaceae->Teloschistineae->Teloschistales->Lecanoromycetidae->Lecanoromycetes->Leotiomyceta->Pezizomycotina->saccharomyceta->Ascomycota->Dikarya->Fungi->Nucletmycea->Opisthokonta->Eukaryota->cellular organisms->life" nexsonid "node978088"
pgloadind     taxon mapping OTT ID 718183 taxonomy "Caloplaca polycarpa->Caloplaca->Caloplacoideae->Teloschistaceae->Teloschistineae->Teloschistales->Lecanoromycetidae->Lecanoromycetes->Leotiomyceta->Pezizomycotina->saccharomyceta->Ascomycota->Dikarya->Fungi->Nucletmycea->Opisthokonta->Eukaryota->cellular organisms->life" nexsonid "node978089"
pgloadind     taxon mapping OTT ID 632240 taxonomy "Caloplaca coronata->Caloplaca->Caloplacoideae->Teloschistaceae->Teloschistineae->Teloschistales->Lecanoromycetidae->Lecanoromycetes->Leotiomyceta->Pezizomycotina->saccharomyceta->Ascomycota->Dikarya->Fungi->Nucletmycea->Opisthokonta->Eukaryota->cellular organisms->life" nexsonid "node978090"
pgloadind     taxon mapping OTT ID 1092289 taxonomy "Caloplaca biatorina->Caloplaca->Caloplacoideae->Teloschistaceae->Teloschistineae->Teloschistales->Lecanoromycetidae->Lecanoromycetes->Leotiomyceta->Pezizomycotina->saccharomyceta->Ascomycota->Dikarya->Fungi->Nucletmycea->Opisthokonta->Eukaryota->cellular organisms->life" nexsonid "node978103"
pgloadind     taxon mapping OTT ID 4066899 taxonomy "Calogaya arnoldii->Calogaya->Xanthorioideae->Teloschistaceae->Teloschistineae->Teloschistales->Lecanoromycetidae->Lecanoromycetes->Leotiomyceta->Pezizomycotina->saccharomyceta->Ascomycota->Dikarya->Fungi->Nucletmycea->Opisthokonta->Eukaryota->cellular organisms->life" nexsonid "node978100"
pgloadind     taxon mapping OTT ID 810615 taxonomy "Caloplaca saxicola->Caloplaca->Caloplacoideae->Teloschistaceae->Teloschistineae->Teloschistales->Lecanoromycetidae->Lecanoromycetes->Leotiomyceta->Pezizomycotina->saccharomyceta->Ascomycota->Dikarya->Fungi->Nucletmycea->Opisthokonta->Eukaryota->cellular organisms->life" nexsonid "node978109"
pgloadind     taxon mapping OTT ID 3765827 taxonomy "Calogaya decipiens->Calogaya->Xanthorioideae->Teloschistaceae->Teloschistineae->Teloschistales->Lecanoromycetidae->Lecanoromycetes->Leotiomyceta->Pezizomycotina->saccharomyceta->Ascomycota->Dikarya->Fungi->Nucletmycea->Opisthokonta->Eukaryota->cellular organisms->life" nexsonid "node978111"
pgloadind     taxon mapping OTT ID 5314287 taxonomy "Caloplaca schistidii->Caloplaca->Caloplacoideae->Teloschistaceae->Teloschistineae->Teloschistales->Lecanoromycetidae->Lecanoromycetes->Leotiomyceta->Pezizomycotina->saccharomyceta->Ascomycota->Dikarya->Fungi->Nucletmycea->Opisthokonta->Eukaryota->cellular organisms->life" nexsonid "node978113"
pgloadind     taxon mapping OTT ID 4066898 taxonomy "Calogaya pusilla->Calogaya->Xanthorioideae->Teloschistaceae->Teloschistineae->Teloschistales->Lecanoromycetidae->Lecanoromycetes->Leotiomyceta->Pezizomycotina->saccharomyceta->Ascomycota->Dikarya->Fungi->Nucletmycea->Opisthokonta->Eukaryota->cellular organisms->life" nexsonid "node978114"
pgloadind     taxon mapping OTT ID 602037 taxonomy "Xanthoria calcicola->Xanthoria->Xanthorioideae->Teloschistaceae->Teloschistineae->Teloschistales->Lecanoromycetidae->Lecanoromycetes->Leotiomyceta->Pezizomycotina->saccharomyceta->Ascomycota->Dikarya->Fungi->Nucletmycea->Opisthokonta->Eukaryota->cellular organisms->life" nexsonid "node978116"
pgloadind     taxon mapping OTT ID 1001387 taxonomy "Xanthoria parietina->Xanthoria->Xanthorioideae->Teloschistaceae->Teloschistineae->Teloschistales->Lecanoromycetidae->Lecanoromycetes->Leotiomyceta->Pezizomycotina->saccharomyceta->Ascomycota->Dikarya->Fungi->Nucletmycea->Opisthokonta->Eukaryota->cellular organisms->life" nexsonid "node978117"
pgloadind     taxon mapping OTT ID 929369 taxonomy "Xanthoria resendei->Xanthoria->Xanthorioideae->Teloschistaceae->Teloschistineae->Teloschistales->Lecanoromycetidae->Lecanoromycetes->Leotiomyceta->Pezizomycotina->saccharomyceta->Ascomycota->Dikarya->Fungi->Nucletmycea->Opisthokonta->Eukaryota->cellular organisms->life" nexsonid "node978119"
pgloadind     taxon mapping OTT ID 61789 taxonomy "Rusavskia sorediata->Rusavskia->Xanthorioideae->Teloschistaceae->Teloschistineae->Teloschistales->Lecanoromycetidae->Lecanoromycetes->Leotiomyceta->Pezizomycotina->saccharomyceta->Ascomycota->Dikarya->Fungi->Nucletmycea->Opisthokonta->Eukaryota->cellular organisms->life" nexsonid "node978126"
pgloadind     taxon mapping OTT ID 292310 taxonomy "Xanthoria elegans->Xanthoria->Xanthorioideae->Teloschistaceae->Teloschistineae->Teloschistales->Lecanoromycetidae->Lecanoromycetes->Leotiomyceta->Pezizomycotina->saccharomyceta->Ascomycota->Dikarya->Fungi->Nucletmycea->Opisthokonta->Eukaryota->cellular organisms->life" nexsonid "node978123"
pgloadind     taxon mapping OTT ID 963915 taxonomy "Caloplaca alcarum->Caloplaca->Caloplacoideae->Teloschistaceae->Teloschistineae->Teloschistales->Lecanoromycetidae->Lecanoromycetes->Leotiomyceta->Pezizomycotina->saccharomyceta->Ascomycota->Dikarya->Fungi->Nucletmycea->Opisthokonta->Eukaryota->cellular organisms->life" nexsonid "node978130"
pgloadind     taxon mapping OTT ID 4066910 taxonomy "Athallia scopularis->Athallia->Xanthorioideae->Teloschistaceae->Teloschistineae->Teloschistales->Lecanoromycetidae->Lecanoromycetes->Leotiomyceta->Pezizomycotina->saccharomyceta->Ascomycota->Dikarya->Fungi->Nucletmycea->Opisthokonta->Eukaryota->cellular organisms->life" nexsonid "node978133"
pgloadind     taxon mapping OTT ID 1006156 taxonomy "Caloplaca inconnexa->Caloplaca->Caloplacoideae->Teloschistaceae->Teloschistineae->Teloschistales->Lecanoromycetidae->Lecanoromycetes->Leotiomyceta->Pezizomycotina->saccharomyceta->Ascomycota->Dikarya->Fungi->Nucletmycea->Opisthokonta->Eukaryota->cellular organisms->life" nexsonid "node978135"
pgloadind     taxon mapping OTT ID 4066909 taxonomy "Athallia pyracea->Athallia->Xanthorioideae->Teloschistaceae->Teloschistineae->Teloschistales->Lecanoromycetidae->Lecanoromycetes->Leotiomyceta->Pezizomycotina->saccharomyceta->Ascomycota->Dikarya->Fungi->Nucletmycea->Opisthokonta->Eukaryota->cellular organisms->life" nexsonid "node978136"
pgloadind     taxon mapping OTT ID 4066892 taxonomy "Polycauliona ignea->Caloplaca->Caloplacoideae->Teloschistaceae->Teloschistineae->Teloschistales->Lecanoromycetidae->Lecanoromycetes->Leotiomyceta->Pezizomycotina->saccharomyceta->Ascomycota->Dikarya->Fungi->Nucletmycea->Opisthokonta->Eukaryota->cellular organisms->life" nexsonid "node978138"
pgloadind     taxon mapping OTT ID 718179 taxonomy "Caloplaca scrobiculata->Caloplaca->Caloplacoideae->Teloschistaceae->Teloschistineae->Teloschistales->Lecanoromycetidae->Lecanoromycetes->Leotiomyceta->Pezizomycotina->saccharomyceta->Ascomycota->Dikarya->Fungi->Nucletmycea->Opisthokonta->Eukaryota->cellular organisms->life" nexsonid "node978140"
pgloadind     taxon mapping OTT ID 718184 taxonomy "Caloplaca irrubescens->Caloplaca->Caloplacoideae->Teloschistaceae->Teloschistineae->Teloschistales->Lecanoromycetidae->Lecanoromycetes->Leotiomyceta->Pezizomycotina->saccharomyceta->Ascomycota->Dikarya->Fungi->Nucletmycea->Opisthokonta->Eukaryota->cellular organisms->life" nexsonid "node978142"
pgloadind     taxon mapping OTT ID 897630 taxonomy "Caloplaca trachyphylla->Caloplaca->Caloplacoideae->Teloschistaceae->Teloschistineae->Teloschistales->Lecanoromycetidae->Lecanoromycetes->Leotiomyceta->Pezizomycotina->saccharomyceta->Ascomycota->Dikarya->Fungi->Nucletmycea->Opisthokonta->Eukaryota->cellular organisms->life" nexsonid "node978144"
pgloadind     taxon mapping OTT ID 269170 taxonomy "Teloschistes chrysophthalmus->Teloschistes->Teloschistoideae->Teloschistaceae->Teloschistineae->Teloschistales->Lecanoromycetidae->Lecanoromycetes->Leotiomyceta->Pezizomycotina->saccharomyceta->Ascomycota->Dikarya->Fungi->Nucletmycea->Opisthokonta->Eukaryota->cellular organisms->life" nexsonid "node978148"
pgloadind     taxon mapping OTT ID 144013 taxonomy "Teloschistes fasciculatus->Teloschistes->Teloschistoideae->Teloschistaceae->Teloschistineae->Teloschistales->Lecanoromycetidae->Lecanoromycetes->Leotiomyceta->Pezizomycotina->saccharomyceta->Ascomycota->Dikarya->Fungi->Nucletmycea->Opisthokonta->Eukaryota->cellular organisms->life" nexsonid "node978152"
pgloadind     taxon mapping OTT ID 984265 taxonomy "Teloschistes sieberianus->Teloschistes->Teloschistoideae->Teloschistaceae->Teloschistineae->Teloschistales->Lecanoromycetidae->Lecanoromycetes->Leotiomyceta->Pezizomycotina->saccharomyceta->Ascomycota->Dikarya->Fungi->Nucletmycea->Opisthokonta->Eukaryota->cellular organisms->life" nexsonid "node978153"
pgloadind     taxon mapping OTT ID 4066802 taxonomy "Wetmoreana texana->Wetmoreana->Teloschistoideae->Teloschistaceae->Teloschistineae->Teloschistales->Lecanoromycetidae->Lecanoromycetes->Leotiomyceta->Pezizomycotina->saccharomyceta->Ascomycota->Dikarya->Fungi->Nucletmycea->Opisthokonta->Eukaryota->cellular organisms->life" nexsonid "node978155"
done fixing name
pgloadind Finished with attempts to fix names
pgloadind   Checking for uniqueness of OTT IDs tree id "5672"
pgloadind   Adding tree to graph tree id "5672"
all trees have all taxa: false
	using bipartition technique
attempting to remap tips to deepest exemplified taxa
	Wetmoreana texana was remapped to 'Wetmoreana' (id=209748)
	Xanthomendoza fallax was remapped to 'Xanthomendoza' (id=210456)
	Rusavskia sorediata was remapped to 'Rusavskia' (id=209828)
this is the ROOT
placing root in index
Dealing with metadata property: id
Dealing with metadata property: ot:studyPublicationReference
Adding property 'ot:studyPublicationReference': Gaya E., Navarro-rosines P., Llimona X., Hladun N., & Lutzoni F. 2008. Phylogenetic reassessment of the Teloschistaceae (lichen-forming Ascomycota, Lecanoromycetes). Mycological Research, 112(5): 528-547.
Dealing with metadata property: ot:focalCladeOTTTaxonName
Adding property 'ot:focalCladeOTTTaxonName': Teloschistaceae
Dealing with metadata property: ot:studyYear
Adding property 'ot:studyYear': 2008
Dealing with metadata property: ot:inGroupClade
Adding property 'ot:inGroupClade': node977925
Dealing with metadata property: ot:tag
Adding property 'ot:tag': MP
Dealing with metadata property: ot:curatorName
Adding property 'ot:curatorName': Romina Gazis
Dealing with metadata property: ot:studyPublication
Adding property 'ot:studyPublication': http://dx.doi.org/10.1016/j.mycres.2007.11.005
Dealing with metadata property: ot:focalClade
Adding property 'ot:focalClade': 67083
Dealing with metadata property: ot:curatedType
Adding property 'ot:curatedType': MP, ITS (rooted)
Dealing with metadata property: ot:studyId
Adding property 'ot:studyId': 800
Dealing with metadata property: ot:dataDeposit
Adding property 'ot:dataDeposit': http://purl.org/phylo/treebase/phylows/study/TB2:S12085
Committing nodes: 157
	adding Node[204797] Letrouitiaceae 447044 as compatible with Node[204798]
		adding Relationship[8416234]
		adding to root Relationship[8416235]
