pgloadind OTUs number 14
pgloadind Processing tree @id "4241"
pgloadind   tree info number nodes 27
pgloadind   tree info number edges 26
pgloadind   tree info ingroup "node787778"
pgloadind   Setting ingroup root node.
pgloadind   Ingested tree number of external nodes 8
pgloadind   property added ot:studyPublicationReference "Harshman J., Huddleston C., Bollback J., Parsons T., and Braun M. 2003. True and false gavials: a nuclear gene phylogeny of Crocodylia. Systematic Biology 52 (3): 386-402."
pgloadind   property added ot:studyPublication "http://dx.doi.org/10.1080/10635150390197028"
pgloadind   property added ot:curatorName "Chris Owen"
pgloadind   property added ot:dataDeposit "http://purl.org/phylo/treebase/phylows/study/TB2:S994"
pgloadind   property added ot:studyId "2058"
pgloadind   property added ot:studyYear "2003"
pgloadind   property added ot:focalClade "195674"
pgloadind   property added ot:focalCladeOTTTaxonName "Gavialidae"
pgloadind   property added ot:inGroupClade "node787778"
pgloadind   property added ot:curatedType "Fig. 2"
loading a specific tree: 4241
pgloadind conducting TNRS on trees
pgloadind   name fixing on tree tree id "4241"
pgloadind   all nodes have ottIds
pgloadind   postpruning newick tree "(((Mecistops_cataphractus,Osteolaemus_tetraspis),(Tomistoma_schlegelii,Gavialis_gangeticus)),(((Caiman_yacare,Melanosuchus_niger),Paleosuchus_palpebrosus),Alligator_mississippiensis))"
pgloadind   taxon mapping summary
pgloadind     taxon mapping OTT ID 180825 taxonomy "Mecistops cataphractus->Mecistops->Crocodylidae->Longirostres->Crocodylia->Archosauria->Testudines + Archosauria group->Sauria->Sauropsida->Amniota->Tetrapoda->Dipnotetrapodomorpha->Sarcopterygii->Euteleostomi->Teleostomi->Gnathostomata->Vertebrata->Craniata->Chordata->Deuterostomia->Bilateria->Eumetazoa->Metazoa->Holozoa->Opisthokonta->Eukaryota->cellular organisms->life" nexsonid "node787781"
pgloadind     taxon mapping OTT ID 1035828 taxonomy "Osteolaemus tetraspis->Osteolaemus->Crocodylidae->Longirostres->Crocodylia->Archosauria->Testudines + Archosauria group->Sauria->Sauropsida->Amniota->Tetrapoda->Dipnotetrapodomorpha->Sarcopterygii->Euteleostomi->Teleostomi->Gnathostomata->Vertebrata->Craniata->Chordata->Deuterostomia->Bilateria->Eumetazoa->Metazoa->Holozoa->Opisthokonta->Eukaryota->cellular organisms->life" nexsonid "node787782"
pgloadind     taxon mapping OTT ID 1035823 taxonomy "Tomistoma schlegelii->Tomistoma->Tomistominae->Gavialidae->Longirostres->Crocodylia->Archosauria->Testudines + Archosauria group->Sauria->Sauropsida->Amniota->Tetrapoda->Dipnotetrapodomorpha->Sarcopterygii->Euteleostomi->Teleostomi->Gnathostomata->Vertebrata->Craniata->Chordata->Deuterostomia->Bilateria->Eumetazoa->Metazoa->Holozoa->Opisthokonta->Eukaryota->cellular organisms->life" nexsonid "node787784"
pgloadind     taxon mapping OTT ID 881015 taxonomy "Gavialis gangeticus->Gavialis->Gavialinae->Gavialidae->Longirostres->Crocodylia->Archosauria->Testudines + Archosauria group->Sauria->Sauropsida->Amniota->Tetrapoda->Dipnotetrapodomorpha->Sarcopterygii->Euteleostomi->Teleostomi->Gnathostomata->Vertebrata->Craniata->Chordata->Deuterostomia->Bilateria->Eumetazoa->Metazoa->Holozoa->Opisthokonta->Eukaryota->cellular organisms->life" nexsonid "node787785"
pgloadind     taxon mapping OTT ID 788419 taxonomy "Caiman yacare->Caiman->Caimaninae->Alligatoridae->Crocodylia->Archosauria->Testudines + Archosauria group->Sauria->Sauropsida->Amniota->Tetrapoda->Dipnotetrapodomorpha->Sarcopterygii->Euteleostomi->Teleostomi->Gnathostomata->Vertebrata->Craniata->Chordata->Deuterostomia->Bilateria->Eumetazoa->Metazoa->Holozoa->Opisthokonta->Eukaryota->cellular organisms->life" nexsonid "node787789"
pgloadind     taxon mapping OTT ID 953147 taxonomy "Melanosuchus niger->Melanosuchus->Caimaninae->Alligatoridae->Crocodylia->Archosauria->Testudines + Archosauria group->Sauria->Sauropsida->Amniota->Tetrapoda->Dipnotetrapodomorpha->Sarcopterygii->Euteleostomi->Teleostomi->Gnathostomata->Vertebrata->Craniata->Chordata->Deuterostomia->Bilateria->Eumetazoa->Metazoa->Holozoa->Opisthokonta->Eukaryota->cellular organisms->life" nexsonid "node787790"
pgloadind     taxon mapping OTT ID 828655 taxonomy "Paleosuchus palpebrosus->Paleosuchus->Caimaninae->Alligatoridae->Crocodylia->Archosauria->Testudines + Archosauria group->Sauria->Sauropsida->Amniota->Tetrapoda->Dipnotetrapodomorpha->Sarcopterygii->Euteleostomi->Teleostomi->Gnathostomata->Vertebrata->Craniata->Chordata->Deuterostomia->Bilateria->Eumetazoa->Metazoa->Holozoa->Opisthokonta->Eukaryota->cellular organisms->life" nexsonid "node787791"
pgloadind     taxon mapping OTT ID 335590 taxonomy "Alligator mississippiensis->Alligator->Alligatorinae->Alligatoridae->Crocodylia->Archosauria->Testudines + Archosauria group->Sauria->Sauropsida->Amniota->Tetrapoda->Dipnotetrapodomorpha->Sarcopterygii->Euteleostomi->Teleostomi->Gnathostomata->Vertebrata->Craniata->Chordata->Deuterostomia->Bilateria->Eumetazoa->Metazoa->Holozoa->Opisthokonta->Eukaryota->cellular organisms->life" nexsonid "node787792"
done fixing name
pgloadind Finished with attempts to fix names
pgloadind   Checking for uniqueness of OTT IDs tree id "4241"
pgloadind   Adding tree to graph tree id "4241"
all trees have all taxa: false
	using bipartition technique
attempting to remap tips to deepest exemplified taxa
	Caiman yacare was remapped to 'Caiman' (id=495952)
	Melanosuchus niger was remapped to 'Melanosuchus' (id=496010)
	Tomistoma schlegelii was remapped to 'Tomistominae' (id=496018)
	Gavialis gangeticus was remapped to 'Gavialinae' (id=496026)
	Mecistops cataphractus was remapped to 'Mecistops' (id=496139)
	Osteolaemus tetraspis was remapped to 'Osteolaemus' (id=496146)
	Paleosuchus palpebrosus was remapped to 'Paleosuchus' (id=495998)
	Alligator mississippiensis was remapped to 'Alligatorinae' (id=495934)
this is the ROOT
placing root in index
Dealing with metadata property: id
Dealing with metadata property: ot:studyPublicationReference
Adding property 'ot:studyPublicationReference': Harshman J., Huddleston C., Bollback J., Parsons T., and Braun M. 2003. True and false gavials: a nuclear gene phylogeny of Crocodylia. Systematic Biology 52 (3): 386-402.
Dealing with metadata property: ot:focalCladeOTTTaxonName
Adding property 'ot:focalCladeOTTTaxonName': Gavialidae
Dealing with metadata property: ot:studyYear
Adding property 'ot:studyYear': 2003
Dealing with metadata property: ot:inGroupClade
Adding property 'ot:inGroupClade': node787778
Dealing with metadata property: ot:curatorName
Adding property 'ot:curatorName': Chris Owen
Dealing with metadata property: ot:studyPublication
Adding property 'ot:studyPublication': http://dx.doi.org/10.1080/10635150390197028
Dealing with metadata property: ot:focalClade
Adding property 'ot:focalClade': 195674
Dealing with metadata property: ot:curatedType
Adding property 'ot:curatedType': Fig. 2
Dealing with metadata property: ot:studyId
Adding property 'ot:studyId': 2058
Dealing with metadata property: ot:dataDeposit
Adding property 'ot:dataDeposit': http://purl.org/phylo/treebase/phylows/study/TB2:S994
Committing nodes: 15
