pgloadind OTUs number 80
pgloadind Processing tree @id "6551"
pgloadind   tree info number nodes 156
pgloadind   tree info number edges 155
pgloadind   tree info ingroup "node1136868"
pgloadind   Setting ingroup root node.
pgloadind   Ingested tree number of external nodes 75
pgloadind   property added ot:studyPublicationReference "Rota-Stabelli, O., Lartillot, N., Philippe, H., and Pisani, D. 2013. Serine codon-usage bias in deep phylogenomics: Pancrustacean relationships as a case study. Systematic Biology 62 (1): 121-133."
pgloadind   property added ot:studyPublication "http://dx.doi.org/10.1093/sysbio/sys077"
pgloadind   property added ot:curatorName "Joseph Brown"
pgloadind   property added ot:studyId "2814"
pgloadind   property added ot:studyYear "2013"
pgloadind   property added ot:focalClade "985906"
pgloadind   property added ot:focalCladeOTTTaxonName "Pancrustacea"
pgloadind   property added ot:branchLengthMode "ot:substitutionCount"
pgloadind   property added ot:inGroupClade "node1136868"
pgloadind   property added ot:tag "ingroup added;"
pgloadind   property added ot:curatedType "Fig. S1 aaCAT tree"
loading a specific tree: 6551
pgloadind conducting TNRS on trees
pgloadind   name fixing on tree tree id "6551"
pgloadind     OTT ID missing name "Tomocerus sp." nexsonid "node1136904"
pgloadind     OTT ID missing name "Lynceus sp." nexsonid "node1136918"
pgloadind     OTT ID missing name "Argulus sp." nexsonid "node1136953"
pgloadind     OTT ID missing name "Scutigerella sp." nexsonid "node1136966"
pgloadind     OTT ID missing name "Hanseniella sp." nexsonid "node1136967"
pgloadind     OTT ID missing name "Amblyomma sp." nexsonid "node1136995"
pgloadind     OTT ID missing name "Colossendeis sp." nexsonid "node1137009"
pgloadind   TNRS unmatched total number 0
pgloadind     TNRS resolved ottId OTT ID 1077187 name "Colossendeis" searched on "Colossendeis sp." nexsonid "node1137009"
pgloadind     TNRS resolved ottId OTT ID 950551 name "Lynceus" searched on "Lynceus sp." nexsonid "node1136918"
pgloadind     TNRS resolved ottId OTT ID 352094 name "Hanseniella" searched on "Hanseniella sp." nexsonid "node1136967"
pgloadind     TNRS resolved ottId OTT ID 792398 name "Tomocerus" searched on "Tomocerus sp." nexsonid "node1136904"
pgloadind     TNRS resolved ottId OTT ID 628405 name "Argulus" searched on "Argulus sp." nexsonid "node1136953"
pgloadind     TNRS resolved ottId OTT ID 177532 name "Scutigerella" searched on "Scutigerella sp." nexsonid "node1136966"
pgloadind     TNRS resolved ottId OTT ID 621052 name "Amblyomma" searched on "Amblyomma sp." nexsonid "node1136995"
pgloadind   postpruning newick tree "((((((((((((Cydia_pomonella,Antheraea_paukstadtorum),Prodoxus_quinquepunctellus),((Periplaneta_americana,Acheta_domesticus),Forficula_auricularia)),((Plathemis_lydia,Ischnura_verticalis),(Hexagenia_limbata,Ephemerella_inconstans))),(Nicoletia_phytophila,Ctenolepisma_lineata)),(Pedetontus_saltator,Machiloides_banksi)),(((Tomocerus_sp_,Orchesella_imitari),Podura_aquatica),(Metajapyx_subterraneus,Eumesocampa_frigilis))),Speleonectes_tulumensis),(((((Limnadia_lenticularis,Daphnia_magna),Lynceus_sp_),Triops_longicaudatus),(Streptocephalus_seali,Artemia_salina)),((Acanthocyclops_vernalis,Mesocyclops_edax),Eurytemora_affinis))),((((((Chthamalus_fragilis,Semibalanus_balanoides),Lepas_anserifera),Loxothylacus_texanus),(((Libinia_emarginata,Armadillidium_vulgare),Neogonodactylus_oerstedii),Nebalia_hessleri)),(((Skogsbergia_lerneri,Harbansus_paucichelatus),Cypridopsis_vidua,Derocheilocaris_typicus),(Argulus_sp_,Armillifer_armillatus))),Hutchinsoniella_macracantha)),(((((Polyzonium_germanicum,Abacion_magnum),Narceus_americanus),Polyxenus_fasciculatus),(Scutigerella_sp_,Hanseniella_sp_)),(((Scolopendra_polymorpha,Lithobius_forficatus),Craterostigmus_tasmanianus),Scutigera_coleoptrata),Eurypauropus_spinosus)),(((((((((Stenochrus_portoricensis,Mastigoproctus_giganteus),Phrynus_marginemaculatus),Aphonopelma_chalcodes),(Heterometrus_spinifer,Hadrurus_arizonensis)),Idiogaryops_pumilis),(Leiobunum_verrucosum,Amblyomma_sp_)),((Eremocosta_gigasella,Dinothrombium_pandorae),(Prokoenenia_wheeleri,Cryptocellus_centralis))),(Limulus_polyphemus,Carcinoscorpius_rotundicauda)),((Endeis_laevis,Colossendeis_sp_),(Tanystylum_orbiculare,Achelia_echinata),Ammothea_hilgendorfi)))"
pgloadind   taxon mapping summary
pgloadind     taxon mapping OTT ID 819146 taxonomy "Cydia pomonella->Cydia->Grapholitini->Olethreutinae->Tortricidae->Tortricoidea->Apoditrysia->Ditrysia->Heteroneura->Neolepidoptera->Glossata->Lepidoptera->Amphiesmenoptera->Endopterygota->Neoptera->Pterygota->Dicondylia->Insecta->Hexapoda->Pancrustacea->Mandibulata->Arthropoda->Panarthropoda->Ecdysozoa->Protostomia->Bilateria->Eumetazoa->Metazoa->Holozoa->Opisthokonta->Eukaryota->cellular organisms->life" nexsonid "node1136880"
pgloadind     taxon mapping OTT ID 231734 taxonomy "Antheraea paukstadtorum->Antheraea->Saturniini->Saturniinae->Saturniidae->Saturniiformes->Bombycoidea->Obtectomera->Ditrysia->Heteroneura->Neolepidoptera->Glossata->Lepidoptera->Amphiesmenoptera->Endopterygota->Neoptera->Pterygota->Dicondylia->Insecta->Hexapoda->Pancrustacea->Mandibulata->Arthropoda->Panarthropoda->Ecdysozoa->Protostomia->Bilateria->Eumetazoa->Metazoa->Holozoa->Opisthokonta->Eukaryota->cellular organisms->life" nexsonid "node1136881"
pgloadind     taxon mapping OTT ID 531248 taxonomy "Prodoxus quinquepunctellus->Prodoxus->Prodoxidae->Incurvarioidea->Heteroneura->Neolepidoptera->Glossata->Lepidoptera->Amphiesmenoptera->Endopterygota->Neoptera->Pterygota->Dicondylia->Insecta->Hexapoda->Pancrustacea->Mandibulata->Arthropoda->Panarthropoda->Ecdysozoa->Protostomia->Bilateria->Eumetazoa->Metazoa->Holozoa->Opisthokonta->Eukaryota->cellular organisms->life" nexsonid "node1136882"
pgloadind     taxon mapping OTT ID 48288 taxonomy "Periplaneta americana->Periplaneta->Blattinae->Blattidae->Blattoidea->Blattodea->Dictyoptera->Orthopteroidea->Neoptera->Pterygota->Dicondylia->Insecta->Hexapoda->Pancrustacea->Mandibulata->Arthropoda->Panarthropoda->Ecdysozoa->Protostomia->Bilateria->Eumetazoa->Metazoa->Holozoa->Opisthokonta->Eukaryota->cellular organisms->life" nexsonid "node1136885"
pgloadind     taxon mapping OTT ID 1077640 taxonomy "Acheta domesticus->Acheta->Gryllinae->Gryllidae->Grylloidea->Ensifera->Orthoptera->Orthopteroidea->Neoptera->Pterygota->Dicondylia->Insecta->Hexapoda->Pancrustacea->Mandibulata->Arthropoda->Panarthropoda->Ecdysozoa->Protostomia->Bilateria->Eumetazoa->Metazoa->Holozoa->Opisthokonta->Eukaryota->cellular organisms->life" nexsonid "node1136886"
pgloadind     taxon mapping OTT ID 673084 taxonomy "Forficula auricularia->auricularia species complex->Forficula->Forficulidae->Forficuloidea->Forficulina->Dermaptera->Orthopteroidea->Neoptera->Pterygota->Dicondylia->Insecta->Hexapoda->Pancrustacea->Mandibulata->Arthropoda->Panarthropoda->Ecdysozoa->Protostomia->Bilateria->Eumetazoa->Metazoa->Holozoa->Opisthokonta->Eukaryota->cellular organisms->life" nexsonid "node1136887"
pgloadind     taxon mapping OTT ID 874624 taxonomy "Plathemis lydia->Plathemis->Libellulidae->Cavilabiata->Anisoptera->Anisoptera/Anisozygoptera group->Odonata->Palaeoptera->Pterygota->Dicondylia->Insecta->Hexapoda->Pancrustacea->Mandibulata->Arthropoda->Panarthropoda->Ecdysozoa->Protostomia->Bilateria->Eumetazoa->Metazoa->Holozoa->Opisthokonta->Eukaryota->cellular organisms->life" nexsonid "node1136890"
pgloadind     taxon mapping OTT ID 749174 taxonomy "Ischnura verticalis->Ischnura->Coenagrionidae->Coenagrionoidea->Zygoptera->Odonata->Palaeoptera->Pterygota->Dicondylia->Insecta->Hexapoda->Pancrustacea->Mandibulata->Arthropoda->Panarthropoda->Ecdysozoa->Protostomia->Bilateria->Eumetazoa->Metazoa->Holozoa->Opisthokonta->Eukaryota->cellular organisms->life" nexsonid "node1136891"
pgloadind     taxon mapping OTT ID 37405 taxonomy "Hexagenia limbata->Hexagenia->Ephemeridae->Scapphodonta->Furcatergalia->Ephemeroptera->Palaeoptera->Pterygota->Dicondylia->Insecta->Hexapoda->Pancrustacea->Mandibulata->Arthropoda->Panarthropoda->Ecdysozoa->Protostomia->Bilateria->Eumetazoa->Metazoa->Holozoa->Opisthokonta->Eukaryota->cellular organisms->life" nexsonid "node1136893"
pgloadind     taxon mapping OTT ID 900567 taxonomy "Ephemerella inconstans->Ephemerella->Ephemerellidae->Ephemerelloidea->Pannota->Furcatergalia->Ephemeroptera->Palaeoptera->Pterygota->Dicondylia->Insecta->Hexapoda->Pancrustacea->Mandibulata->Arthropoda->Panarthropoda->Ecdysozoa->Protostomia->Bilateria->Eumetazoa->Metazoa->Holozoa->Opisthokonta->Eukaryota->cellular organisms->life" nexsonid "node1136894"
pgloadind     taxon mapping OTT ID 5012464 taxonomy "Nicoletia phytophila->Nicoletia->Nicoletiidae->Thysanura->Dicondylia->Insecta->Hexapoda->Pancrustacea->Mandibulata->Arthropoda->Panarthropoda->Ecdysozoa->Protostomia->Bilateria->Eumetazoa->Metazoa->Holozoa->Opisthokonta->Eukaryota->cellular organisms->life" nexsonid "node1136896"
pgloadind     taxon mapping OTT ID 445469 taxonomy "Ctenolepisma lineata->Ctenolepisma->Lepismatidae->Thysanura->Dicondylia->Insecta->Hexapoda->Pancrustacea->Mandibulata->Arthropoda->Panarthropoda->Ecdysozoa->Protostomia->Bilateria->Eumetazoa->Metazoa->Holozoa->Opisthokonta->Eukaryota->cellular organisms->life" nexsonid "node1136897"
pgloadind     taxon mapping OTT ID 278334 taxonomy "Pedetontus saltator->Pedetontus->Machilidae->Archaeognatha->Monocondylia->Insecta->Hexapoda->Pancrustacea->Mandibulata->Arthropoda->Panarthropoda->Ecdysozoa->Protostomia->Bilateria->Eumetazoa->Metazoa->Holozoa->Opisthokonta->Eukaryota->cellular organisms->life" nexsonid "node1136899"
pgloadind     taxon mapping OTT ID 235491 taxonomy "Machiloides banksi->Machiloides->Machilidae->Archaeognatha->Monocondylia->Insecta->Hexapoda->Pancrustacea->Mandibulata->Arthropoda->Panarthropoda->Ecdysozoa->Protostomia->Bilateria->Eumetazoa->Metazoa->Holozoa->Opisthokonta->Eukaryota->cellular organisms->life" nexsonid "node1136900"
pgloadind     taxon mapping OTT ID 792398 taxonomy "Tomocerus->Tomoceridae->Tomoceroidea->Entomobryomorpha->Collembola->Ellipura->Hexapoda->Pancrustacea->Mandibulata->Arthropoda->Panarthropoda->Ecdysozoa->Protostomia->Bilateria->Eumetazoa->Metazoa->Holozoa->Opisthokonta->Eukaryota->cellular organisms->life" nexsonid "node1136904"
pgloadind     taxon mapping OTT ID 988497 taxonomy "Orchesella imitari->Orchesella->Orchesellinae->Entomobryidae->Entomobryoidea->Entomobryomorpha->Collembola->Ellipura->Hexapoda->Pancrustacea->Mandibulata->Arthropoda->Panarthropoda->Ecdysozoa->Protostomia->Bilateria->Eumetazoa->Metazoa->Holozoa->Opisthokonta->Eukaryota->cellular organisms->life" nexsonid "node1136905"
pgloadind     taxon mapping OTT ID 845492 taxonomy "Podura aquatica->Podura->Poduridae->Poduroidea->Poduromorpha->Collembola->Ellipura->Hexapoda->Pancrustacea->Mandibulata->Arthropoda->Panarthropoda->Ecdysozoa->Protostomia->Bilateria->Eumetazoa->Metazoa->Holozoa->Opisthokonta->Eukaryota->cellular organisms->life" nexsonid "node1136906"
pgloadind     taxon mapping OTT ID 758817 taxonomy "Metajapyx subterraneus->Metajapyx->Japygidae->Japygoidea->Diplura->Hexapoda->Pancrustacea->Mandibulata->Arthropoda->Panarthropoda->Ecdysozoa->Protostomia->Bilateria->Eumetazoa->Metazoa->Holozoa->Opisthokonta->Eukaryota->cellular organisms->life" nexsonid "node1136908"
pgloadind     taxon mapping OTT ID 758800 taxonomy "Eumesocampa frigilis->Eumesocampa->Campodeidae->Campodeoidea->Diplura->Hexapoda->Pancrustacea->Mandibulata->Arthropoda->Panarthropoda->Ecdysozoa->Protostomia->Bilateria->Eumetazoa->Metazoa->Holozoa->Opisthokonta->Eukaryota->cellular organisms->life" nexsonid "node1136909"
pgloadind     taxon mapping OTT ID 1078995 taxonomy "Speleonectes tulumensis->Speleonectes->Speleonectidae->Nectiopoda->Remipedia->Crustacea->Pancrustacea->Mandibulata->Arthropoda->Panarthropoda->Ecdysozoa->Protostomia->Bilateria->Eumetazoa->Metazoa->Holozoa->Opisthokonta->Eukaryota->cellular organisms->life" nexsonid "node1136910"
pgloadind     taxon mapping OTT ID 401740 taxonomy "Limnadia lenticularis->Limnadia->Limnadiidae->Spinicaudata->Diplostraca->Phyllopoda->Branchiopoda->Crustacea->Pancrustacea->Mandibulata->Arthropoda->Panarthropoda->Ecdysozoa->Protostomia->Bilateria->Eumetazoa->Metazoa->Holozoa->Opisthokonta->Eukaryota->cellular organisms->life" nexsonid "node1136916"
pgloadind     taxon mapping OTT ID 668392 taxonomy "Daphnia magna->Daphnia->Daphniidae->Anomopoda->Cladocera->Diplostraca->Phyllopoda->Branchiopoda->Crustacea->Pancrustacea->Mandibulata->Arthropoda->Panarthropoda->Ecdysozoa->Protostomia->Bilateria->Eumetazoa->Metazoa->Holozoa->Opisthokonta->Eukaryota->cellular organisms->life" nexsonid "node1136917"
pgloadind     taxon mapping OTT ID 950551 taxonomy "Lynceus->Lynceidae->Laevicaudata->Diplostraca->Phyllopoda->Branchiopoda->Crustacea->Pancrustacea->Mandibulata->Arthropoda->Panarthropoda->Ecdysozoa->Protostomia->Bilateria->Eumetazoa->Metazoa->Holozoa->Opisthokonta->Eukaryota->cellular organisms->life" nexsonid "node1136918"
pgloadind     taxon mapping OTT ID 570423 taxonomy "Triops longicaudatus->Triops->Triopsidae->Notostraca->Phyllopoda->Branchiopoda->Crustacea->Pancrustacea->Mandibulata->Arthropoda->Panarthropoda->Ecdysozoa->Protostomia->Bilateria->Eumetazoa->Metazoa->Holozoa->Opisthokonta->Eukaryota->cellular organisms->life" nexsonid "node1136919"
pgloadind     taxon mapping OTT ID 176564 taxonomy "Streptocephalus seali->Streptocephalus->Streptocephalidae->Anostraca->Sarsostraca->Branchiopoda->Crustacea->Pancrustacea->Mandibulata->Arthropoda->Panarthropoda->Ecdysozoa->Protostomia->Bilateria->Eumetazoa->Metazoa->Holozoa->Opisthokonta->Eukaryota->cellular organisms->life" nexsonid "node1136921"
pgloadind     taxon mapping OTT ID 558087 taxonomy "Artemia salina->Artemia->Artemiidae->Anostraca->Sarsostraca->Branchiopoda->Crustacea->Pancrustacea->Mandibulata->Arthropoda->Panarthropoda->Ecdysozoa->Protostomia->Bilateria->Eumetazoa->Metazoa->Holozoa->Opisthokonta->Eukaryota->cellular organisms->life" nexsonid "node1136922"
pgloadind     taxon mapping OTT ID 493478 taxonomy "Acanthocyclops vernalis->Acanthocyclops->Cyclopidae->Cyclopoida->Podoplea->Neocopepoda->Copepoda->Maxillopoda->Crustacea->Pancrustacea->Mandibulata->Arthropoda->Panarthropoda->Ecdysozoa->Protostomia->Bilateria->Eumetazoa->Metazoa->Holozoa->Opisthokonta->Eukaryota->cellular organisms->life" nexsonid "node1136925"
pgloadind     taxon mapping OTT ID 176565 taxonomy "Mesocyclops edax->Mesocyclops->Cyclopidae->Cyclopoida->Podoplea->Neocopepoda->Copepoda->Maxillopoda->Crustacea->Pancrustacea->Mandibulata->Arthropoda->Panarthropoda->Ecdysozoa->Protostomia->Bilateria->Eumetazoa->Metazoa->Holozoa->Opisthokonta->Eukaryota->cellular organisms->life" nexsonid "node1136926"
pgloadind     taxon mapping OTT ID 850982 taxonomy "Eurytemora affinis->Eurytemora->Temoridae->Calanoida->Gymnoplea->Neocopepoda->Copepoda->Maxillopoda->Crustacea->Pancrustacea->Mandibulata->Arthropoda->Panarthropoda->Ecdysozoa->Protostomia->Bilateria->Eumetazoa->Metazoa->Holozoa->Opisthokonta->Eukaryota->cellular organisms->life" nexsonid "node1136927"
pgloadind     taxon mapping OTT ID 6742 taxonomy "Chthamalus fragilis->Chthamalus->Chthamalidae->Chthamaloidea->Sessilia->Thoracica->Cirripedia->Thecostraca->Maxillopoda->Crustacea->Pancrustacea->Mandibulata->Arthropoda->Panarthropoda->Ecdysozoa->Protostomia->Bilateria->Eumetazoa->Metazoa->Holozoa->Opisthokonta->Eukaryota->cellular organisms->life" nexsonid "node1136934"
pgloadind     taxon mapping OTT ID 374192 taxonomy "Semibalanus balanoides->Semibalanus->Balanidae->Balanoidea->Sessilia->Thoracica->Cirripedia->Thecostraca->Maxillopoda->Crustacea->Pancrustacea->Mandibulata->Arthropoda->Panarthropoda->Ecdysozoa->Protostomia->Bilateria->Eumetazoa->Metazoa->Holozoa->Opisthokonta->Eukaryota->cellular organisms->life" nexsonid "node1136935"
pgloadind     taxon mapping OTT ID 493488 taxonomy "Lepas anserifera->Lepas->Lepadidae->Lepadomorpha->Pedunculata->Thoracica->Cirripedia->Thecostraca->Maxillopoda->Crustacea->Pancrustacea->Mandibulata->Arthropoda->Panarthropoda->Ecdysozoa->Protostomia->Bilateria->Eumetazoa->Metazoa->Holozoa->Opisthokonta->Eukaryota->cellular organisms->life" nexsonid "node1136936"
pgloadind     taxon mapping OTT ID 579399 taxonomy "Loxothylacus texanus->Loxothylacus->Sacculinidae->Kentrogonida->Rhizocephala->Cirripedia->Thecostraca->Maxillopoda->Crustacea->Pancrustacea->Mandibulata->Arthropoda->Panarthropoda->Ecdysozoa->Protostomia->Bilateria->Eumetazoa->Metazoa->Holozoa->Opisthokonta->Eukaryota->cellular organisms->life" nexsonid "node1136937"
pgloadind     taxon mapping OTT ID 428458 taxonomy "Libinia emarginata->Libinia->Majidae->Majoidea->Heterotremata->Eubrachyura->Brachyura->Pleocyemata->Decapoda->Eucarida->Eumalacostraca->Malacostraca->Crustacea->Pancrustacea->Mandibulata->Arthropoda->Panarthropoda->Ecdysozoa->Protostomia->Bilateria->Eumetazoa->Metazoa->Holozoa->Opisthokonta->Eukaryota->cellular organisms->life" nexsonid "node1136941"
pgloadind     taxon mapping OTT ID 776700 taxonomy "Armadillidium vulgare->Armadillidium->Armadillidiidae->Crinocheta->Oniscidea->Isopoda->Peracarida->Eumalacostraca->Malacostraca->Crustacea->Pancrustacea->Mandibulata->Arthropoda->Panarthropoda->Ecdysozoa->Protostomia->Bilateria->Eumetazoa->Metazoa->Holozoa->Opisthokonta->Eukaryota->cellular organisms->life" nexsonid "node1136942"
pgloadind     taxon mapping OTT ID 311373 taxonomy "Neogonodactylus oerstedii->Neogonodactylus->Gonodactylidae->Gonodactyloidea->Unipeltata->Stomatopoda->Hoplocarida->Eumalacostraca->Malacostraca->Crustacea->Pancrustacea->Mandibulata->Arthropoda->Panarthropoda->Ecdysozoa->Protostomia->Bilateria->Eumetazoa->Metazoa->Holozoa->Opisthokonta->Eukaryota->cellular organisms->life" nexsonid "node1136943"
pgloadind     taxon mapping OTT ID 835919 taxonomy "Nebalia hessleri->Nebalia->Nebaliidae->Leptostraca->Phyllocarida->Malacostraca->Crustacea->Pancrustacea->Mandibulata->Arthropoda->Panarthropoda->Ecdysozoa->Protostomia->Bilateria->Eumetazoa->Metazoa->Holozoa->Opisthokonta->Eukaryota->cellular organisms->life" nexsonid "node1136944"
pgloadind     taxon mapping OTT ID 1087348 taxonomy "Skogsbergia lerneri->Skogsbergia->Cypridinidae->Cypridinoidea->Myodocopida->Myodocopa->Ostracoda->Crustacea->Pancrustacea->Mandibulata->Arthropoda->Panarthropoda->Ecdysozoa->Protostomia->Bilateria->Eumetazoa->Metazoa->Holozoa->Opisthokonta->Eukaryota->cellular organisms->life" nexsonid "node1136948"
pgloadind     taxon mapping OTT ID 113139 taxonomy "Harbansus paucichelatus->Harbansus->Philomedidae->Sarsielloidea->Myodocopida->Myodocopa->Ostracoda->Crustacea->Pancrustacea->Mandibulata->Arthropoda->Panarthropoda->Ecdysozoa->Protostomia->Bilateria->Eumetazoa->Metazoa->Holozoa->Opisthokonta->Eukaryota->cellular organisms->life" nexsonid "node1136949"
pgloadind     taxon mapping OTT ID 52512 taxonomy "Cypridopsis vidua->Cypridopsis->Cyprididae->Cypridoidea->Cypridocopina->Podocopida->Podocopa->Ostracoda->Crustacea->Pancrustacea->Mandibulata->Arthropoda->Panarthropoda->Ecdysozoa->Protostomia->Bilateria->Eumetazoa->Metazoa->Holozoa->Opisthokonta->Eukaryota->cellular organisms->life" nexsonid "node1136950"
pgloadind     taxon mapping OTT ID 370883 taxonomy "Derocheilocaris typicus->Derocheilocaris->Derocheilocarididae->Mystacocaridida->Mystacocarida->Maxillopoda->Crustacea->Pancrustacea->Mandibulata->Arthropoda->Panarthropoda->Ecdysozoa->Protostomia->Bilateria->Eumetazoa->Metazoa->Holozoa->Opisthokonta->Eukaryota->cellular organisms->life" nexsonid "node1136951"
pgloadind     taxon mapping OTT ID 628405 taxonomy "Argulus->Argulidae->Arguloida->Branchiura->Maxillopoda->Crustacea->Pancrustacea->Mandibulata->Arthropoda->Panarthropoda->Ecdysozoa->Protostomia->Bilateria->Eumetazoa->Metazoa->Holozoa->Opisthokonta->Eukaryota->cellular organisms->life" nexsonid "node1136953"
pgloadind     taxon mapping OTT ID 346937 taxonomy "Armillifer armillatus->Armillifer->Armilliferidae->Porocephalida->Pentastomida->Maxillopoda->Crustacea->Pancrustacea->Mandibulata->Arthropoda->Panarthropoda->Ecdysozoa->Protostomia->Bilateria->Eumetazoa->Metazoa->Holozoa->Opisthokonta->Eukaryota->cellular organisms->life" nexsonid "node1136954"
pgloadind     taxon mapping OTT ID 401741 taxonomy "Hutchinsoniella macracantha->Hutchinsoniella->Hutchinsoniellidae->Brachypoda->Cephalocarida->Crustacea->Pancrustacea->Mandibulata->Arthropoda->Panarthropoda->Ecdysozoa->Protostomia->Bilateria->Eumetazoa->Metazoa->Holozoa->Opisthokonta->Eukaryota->cellular organisms->life" nexsonid "node1136955"
pgloadind     taxon mapping OTT ID 957737 taxonomy "Polyzonium germanicum->Polyzonium->Polyzoniidae->Polyzoniida->Helminthomorpha->Diplopoda->Myriapoda->Mandibulata->Arthropoda->Panarthropoda->Ecdysozoa->Protostomia->Bilateria->Eumetazoa->Metazoa->Holozoa->Opisthokonta->Eukaryota->cellular organisms->life" nexsonid "node1136961"
pgloadind     taxon mapping OTT ID 77630 taxonomy "Abacion magnum->Abacion->Callipodidae->Callipodida->Helminthomorpha->Diplopoda->Myriapoda->Mandibulata->Arthropoda->Panarthropoda->Ecdysozoa->Protostomia->Bilateria->Eumetazoa->Metazoa->Holozoa->Opisthokonta->Eukaryota->cellular organisms->life" nexsonid "node1136962"
pgloadind     taxon mapping OTT ID 570431 taxonomy "Narceus americanus->Narceus->Spirobolidae->Spirobolida->Helminthomorpha->Diplopoda->Myriapoda->Mandibulata->Arthropoda->Panarthropoda->Ecdysozoa->Protostomia->Bilateria->Eumetazoa->Metazoa->Holozoa->Opisthokonta->Eukaryota->cellular organisms->life" nexsonid "node1136963"
pgloadind     taxon mapping OTT ID 792401 taxonomy "Polyxenus fasciculatus->Polyxenus->Polyxenidae->Polyxenida->Penicillata->Diplopoda->Myriapoda->Mandibulata->Arthropoda->Panarthropoda->Ecdysozoa->Protostomia->Bilateria->Eumetazoa->Metazoa->Holozoa->Opisthokonta->Eukaryota->cellular organisms->life" nexsonid "node1136964"
pgloadind     taxon mapping OTT ID 177532 taxonomy "Scutigerella->Scutigerellidae->Symphyla->Myriapoda->Mandibulata->Arthropoda->Panarthropoda->Ecdysozoa->Protostomia->Bilateria->Eumetazoa->Metazoa->Holozoa->Opisthokonta->Eukaryota->cellular organisms->life" nexsonid "node1136966"
pgloadind     taxon mapping OTT ID 352094 taxonomy "Hanseniella->Scutigerellidae->Symphyla->Myriapoda->Mandibulata->Arthropoda->Panarthropoda->Ecdysozoa->Protostomia->Bilateria->Eumetazoa->Metazoa->Holozoa->Opisthokonta->Eukaryota->cellular organisms->life" nexsonid "node1136967"
pgloadind     taxon mapping OTT ID 235487 taxonomy "Scolopendra polymorpha->Scolopendra->Scolopendridae->Scolopendromorpha->Epimorpha->Pleurostigmophora->Chilopoda->Myriapoda->Mandibulata->Arthropoda->Panarthropoda->Ecdysozoa->Protostomia->Bilateria->Eumetazoa->Metazoa->Holozoa->Opisthokonta->Eukaryota->cellular organisms->life" nexsonid "node1136971"
pgloadind     taxon mapping OTT ID 1078166 taxonomy "Lithobius forficatus->Lithobius->Lithobiidae->Lithobiomorpha->Pleurostigmophora->Chilopoda->Myriapoda->Mandibulata->Arthropoda->Panarthropoda->Ecdysozoa->Protostomia->Bilateria->Eumetazoa->Metazoa->Holozoa->Opisthokonta->Eukaryota->cellular organisms->life" nexsonid "node1136972"
pgloadind     taxon mapping OTT ID 991685 taxonomy "Craterostigmus tasmanianus->Craterostigmus->Craterostigmidae->Craterostigmomorpha->Pleurostigmophora->Chilopoda->Myriapoda->Mandibulata->Arthropoda->Panarthropoda->Ecdysozoa->Protostomia->Bilateria->Eumetazoa->Metazoa->Holozoa->Opisthokonta->Eukaryota->cellular organisms->life" nexsonid "node1136973"
pgloadind     taxon mapping OTT ID 431229 taxonomy "Scutigera coleoptrata->Scutigera->Scutigeridae->Scutigeromorpha->Notostigmophora->Chilopoda->Myriapoda->Mandibulata->Arthropoda->Panarthropoda->Ecdysozoa->Protostomia->Bilateria->Eumetazoa->Metazoa->Holozoa->Opisthokonta->Eukaryota->cellular organisms->life" nexsonid "node1136974"
pgloadind     taxon mapping OTT ID 37403 taxonomy "Eurypauropus spinosus->Eurypauropus->Eurypauropodidae->Tetramerocerata->Pauropoda->Myriapoda->Mandibulata->Arthropoda->Panarthropoda->Ecdysozoa->Protostomia->Bilateria->Eumetazoa->Metazoa->Holozoa->Opisthokonta->Eukaryota->cellular organisms->life" nexsonid "node1136975"
pgloadind     taxon mapping OTT ID 751892 taxonomy "Stenochrus portoricensis->Stenochrus->Schizomidae->Schizomida->Arachnida->Chelicerata->Arthropoda->Panarthropoda->Ecdysozoa->Protostomia->Bilateria->Eumetazoa->Metazoa->Holozoa->Opisthokonta->Eukaryota->cellular organisms->life" nexsonid "node1136985"
pgloadind     taxon mapping OTT ID 49680 taxonomy "Mastigoproctus giganteus->Mastigoproctus->Thelyphonidae->Thelyphonida->Uropygi->Arachnida->Chelicerata->Arthropoda->Panarthropoda->Ecdysozoa->Protostomia->Bilateria->Eumetazoa->Metazoa->Holozoa->Opisthokonta->Eukaryota->cellular organisms->life" nexsonid "node1136986"
pgloadind     taxon mapping OTT ID 877995 taxonomy "Phrynus marginemaculatus->Phrynus->Phrynidae->Phrynoidea->Amblypygi->Arachnida->Chelicerata->Arthropoda->Panarthropoda->Ecdysozoa->Protostomia->Bilateria->Eumetazoa->Metazoa->Holozoa->Opisthokonta->Eukaryota->cellular organisms->life" nexsonid "node1136987"
pgloadind     taxon mapping OTT ID 614542 taxonomy "Aphonopelma chalcodes->Aphonopelma->Theraphosidae->Mygalomorphae->Araneae->Arachnida->Chelicerata->Arthropoda->Panarthropoda->Ecdysozoa->Protostomia->Bilateria->Eumetazoa->Metazoa->Holozoa->Opisthokonta->Eukaryota->cellular organisms->life" nexsonid "node1136988"
pgloadind     taxon mapping OTT ID 201870 taxonomy "Heterometrus spinifer->Heterometrus->Scorpioninae->Scorpionidae->Scorpionoidea->Iurida->Scorpiones->Arachnida->Chelicerata->Arthropoda->Panarthropoda->Ecdysozoa->Protostomia->Bilateria->Eumetazoa->Metazoa->Holozoa->Opisthokonta->Eukaryota->cellular organisms->life" nexsonid "node1136990"
pgloadind     taxon mapping OTT ID 1030902 taxonomy "Hadrurus arizonensis->Hadrurus->Hadrurinae->Caraboctonidae->Iuroidea->Iurida->Scorpiones->Arachnida->Chelicerata->Arthropoda->Panarthropoda->Ecdysozoa->Protostomia->Bilateria->Eumetazoa->Metazoa->Holozoa->Opisthokonta->Eukaryota->cellular organisms->life" nexsonid "node1136991"
pgloadind     taxon mapping OTT ID 900555 taxonomy "Idiogaryops pumilis->Idiogaryops->Sternophoridae->Sternophoroidea->Pseudoscorpiones->Arachnida->Chelicerata->Arthropoda->Panarthropoda->Ecdysozoa->Protostomia->Bilateria->Eumetazoa->Metazoa->Holozoa->Opisthokonta->Eukaryota->cellular organisms->life" nexsonid "node1136992"
pgloadind     taxon mapping OTT ID 900552 taxonomy "Leiobunum verrucosum->Leiobunum->Leiobunidae->Phalangioidea->Palpatores->Phalangida->Opiliones->Arachnida->Chelicerata->Arthropoda->Panarthropoda->Ecdysozoa->Protostomia->Bilateria->Eumetazoa->Metazoa->Holozoa->Opisthokonta->Eukaryota->cellular organisms->life" nexsonid "node1136994"
pgloadind     taxon mapping OTT ID 621052 taxonomy "Amblyomma->Amblyomminae->Ixodidae->Ixodoidea->Ixodida->Parasitiformes->Acari->Arachnida->Chelicerata->Arthropoda->Panarthropoda->Ecdysozoa->Protostomia->Bilateria->Eumetazoa->Metazoa->Holozoa->Opisthokonta->Eukaryota->cellular organisms->life" nexsonid "node1136995"
pgloadind     taxon mapping OTT ID 326125 taxonomy "Eremocosta gigasella->Eremocosta->Eremobatidae->Solifugae->Arachnida->Chelicerata->Arthropoda->Panarthropoda->Ecdysozoa->Protostomia->Bilateria->Eumetazoa->Metazoa->Holozoa->Opisthokonta->Eukaryota->cellular organisms->life" nexsonid "node1136998"
pgloadind     taxon mapping OTT ID 792408 taxonomy "Dinothrombium pandorae->Dinothrombium->Trombidiidae->Trombidioidea->Parasitengona->Anystina->Prostigmata->Trombidiformes->Acariformes->Acari->Arachnida->Chelicerata->Arthropoda->Panarthropoda->Ecdysozoa->Protostomia->Bilateria->Eumetazoa->Metazoa->Holozoa->Opisthokonta->Eukaryota->cellular organisms->life" nexsonid "node1136999"
pgloadind     taxon mapping OTT ID 326114 taxonomy "Prokoenenia wheeleri->Prokoenenia->Prokoeneniidae->Eukoenenioidea->Palpigradi->Arachnida->Chelicerata->Arthropoda->Panarthropoda->Ecdysozoa->Protostomia->Bilateria->Eumetazoa->Metazoa->Holozoa->Opisthokonta->Eukaryota->cellular organisms->life" nexsonid "node1137001"
pgloadind     taxon mapping OTT ID 725280 taxonomy "Cryptocellus centralis->Cryptocellus->Ricinoididae->Ricinoidoidea->Ricinulei->Arachnida->Chelicerata->Arthropoda->Panarthropoda->Ecdysozoa->Protostomia->Bilateria->Eumetazoa->Metazoa->Holozoa->Opisthokonta->Eukaryota->cellular organisms->life" nexsonid "node1137002"
pgloadind     taxon mapping OTT ID 511973 taxonomy "Limulus polyphemus->Limulus->Limulidae->Xiphosura->Merostomata->Chelicerata->Arthropoda->Panarthropoda->Ecdysozoa->Protostomia->Bilateria->Eumetazoa->Metazoa->Holozoa->Opisthokonta->Eukaryota->cellular organisms->life" nexsonid "node1137004"
pgloadind     taxon mapping OTT ID 1089003 taxonomy "Carcinoscorpius rotundicauda->Carcinoscorpius->Limulidae->Xiphosura->Merostomata->Chelicerata->Arthropoda->Panarthropoda->Ecdysozoa->Protostomia->Bilateria->Eumetazoa->Metazoa->Holozoa->Opisthokonta->Eukaryota->cellular organisms->life" nexsonid "node1137005"
pgloadind     taxon mapping OTT ID 1037200 taxonomy "Endeis laevis->Endeis->Endeidae->Pantopoda->Pycnogonida->Chelicerata->Arthropoda->Panarthropoda->Ecdysozoa->Protostomia->Bilateria->Eumetazoa->Metazoa->Holozoa->Opisthokonta->Eukaryota->cellular organisms->life" nexsonid "node1137008"
pgloadind     taxon mapping OTT ID 1077187 taxonomy "Colossendeis->Colossendeidae->Pantopoda->Pycnogonida->Chelicerata->Arthropoda->Panarthropoda->Ecdysozoa->Protostomia->Bilateria->Eumetazoa->Metazoa->Holozoa->Opisthokonta->Eukaryota->cellular organisms->life" nexsonid "node1137009"
pgloadind     taxon mapping OTT ID 276582 taxonomy "Tanystylum orbiculare->Tanystylum->Tanystylidae->Pantopoda->Pycnogonida->Chelicerata->Arthropoda->Panarthropoda->Ecdysozoa->Protostomia->Bilateria->Eumetazoa->Metazoa->Holozoa->Opisthokonta->Eukaryota->cellular organisms->life" nexsonid "node1137011"
pgloadind     taxon mapping OTT ID 240351 taxonomy "Achelia echinata->Achelia->Ammotheidae->Pantopoda->Pycnogonida->Chelicerata->Arthropoda->Panarthropoda->Ecdysozoa->Protostomia->Bilateria->Eumetazoa->Metazoa->Holozoa->Opisthokonta->Eukaryota->cellular organisms->life" nexsonid "node1137012"
pgloadind     taxon mapping OTT ID 32478 taxonomy "Ammothea hilgendorfi->Ammothea->Ammotheidae->Pantopoda->Pycnogonida->Chelicerata->Arthropoda->Panarthropoda->Ecdysozoa->Protostomia->Bilateria->Eumetazoa->Metazoa->Holozoa->Opisthokonta->Eukaryota->cellular organisms->life" nexsonid "node1137013"
done fixing name
pgloadind Finished with attempts to fix names
pgloadind   Checking for uniqueness of OTT IDs tree id "6551"
pgloadind   Adding tree to graph tree id "6551"
all trees have all taxa: false
	using bipartition technique
attempting to remap tips to deepest exemplified taxa
	Ammothea hilgendorfi was remapped to 'Ammothea' (id=2568717)
	Nebalia hessleri was remapped to 'Phyllocarida' (id=2308463)
	Leiobunum verrucosum was remapped to 'Opiliones' (id=2418774)
	Machiloides banksi was remapped to 'Machiloides' (id=943640)
	Acanthocyclops vernalis was remapped to 'Acanthocyclops' (id=2387210)
	Periplaneta americana was remapped to 'Dictyoptera' (id=970002)
	Lepas anserifera was remapped to 'Pedunculata' (id=2406888)
	Prodoxus quinquepunctellus was remapped to 'Incurvarioidea' (id=1524794)
	Eurypauropus spinosus was remapped to 'Pauropoda' (id=919872)
	Endeis laevis was remapped to 'Endeidae' (id=2568464)
	Skogsbergia lerneri was remapped to 'Cypridinoidea' (id=2415772)
	Mastigoproctus giganteus was remapped to 'Uropygi' (id=2509074)
	Semibalanus balanoides was remapped to 'Balanoidea' (id=2406315)
	Cypridopsis vidua was remapped to 'Podocopa' (id=2407774)
	Libinia emarginata was remapped to 'Eucarida' (id=2308572)
	Phrynus marginemaculatus was remapped to 'Amblypygi' (id=2566813)
	Derocheilocaris typicus was remapped to 'Mystacocarida' (id=2379502)
	Plathemis lydia was remapped to 'Anisoptera/Anisozygoptera group' (id=957523)
	Limulus polyphemus was remapped to 'Limulus' (id=2570597)
	Speleonectes tulumensis was remapped to 'Remipedia' (id=2308415)
	Nicoletia phytophila was remapped to 'Nicoletiidae' (id=944061)
	Stenochrus portoricensis was remapped to 'Schizomida' (id=2508584)
	Scolopendra polymorpha was remapped to 'Epimorpha' (id=916386)
	Polyxenus fasciculatus was remapped to 'Penicillata' (id=934828)
	Hexagenia limbata was remapped to 'Scapphodonta' (id=948333)
	Scutigera coleoptrata was remapped to 'Notostigmophora' (id=919620)
	Artemia salina was remapped to 'Artemiidae' (id=2416684)
	Harbansus paucichelatus was remapped to 'Sarsielloidea' (id=2415297)
	Streptocephalus seali was remapped to 'Streptocephalidae' (id=2417078)
	Abacion magnum was remapped to 'Callipodida' (id=931020)
	Aphonopelma chalcodes was remapped to 'Araneae' (id=2509279)
	Loxothylacus texanus was remapped to 'Rhizocephala' (id=2405387)
	Achelia echinata was remapped to 'Achelia' (id=2568508)
	Hutchinsoniella macracantha was remapped to 'Cephalocarida' (id=2418745)
	Tomocerus sp. was remapped to 'Tomoceroidea' (id=940737)
	Lithobius forficatus was remapped to 'Lithobiomorpha' (id=914388)
	Pedetontus saltator was remapped to 'Pedetontus' (id=943540)
	Cydia pomonella was remapped to 'Apoditrysia' (id=1239828)
	Heterometrus spinifer was remapped to 'Scorpionoidea' (id=2507551)
	Neogonodactylus oerstedii was remapped to 'Hoplocarida' (id=2339831)
	Craterostigmus tasmanianus was remapped to 'Craterostigmomorpha' (id=919613)
	Cryptocellus centralis was remapped to 'Ricinulei' (id=2499769)
	Ischnura verticalis was remapped to 'Zygoptera' (id=952429)
	Narceus americanus was remapped to 'Spirobolida' (id=926538)
	Eumesocampa frigilis was remapped to 'Campodeoidea' (id=935828)
	Mesocyclops edax was remapped to 'Mesocyclops' (id=2386729)
	Chthamalus fragilis was remapped to 'Chthamaloidea' (id=2406103)
	Idiogaryops pumilis was remapped to 'Pseudoscorpiones' (id=2499848)
	Armillifer armillatus was remapped to 'Pentastomida' (id=2404894)
	Dinothrombium pandorae was remapped to 'Acariformes' (id=2447893)
	Podura aquatica was remapped to 'Poduromorpha' (id=940908)
	Colossendeis sp. was remapped to 'Colossendeidae' (id=2569343)
	Armadillidium vulgare was remapped to 'Peracarida' (id=2341198)
	Ephemerella inconstans was remapped to 'Pannota' (id=947033)
	Lynceus sp. was remapped to 'Laevicaudata' (id=2418436)
	Argulus sp. was remapped to 'Branchiura' (id=2404961)
	Ctenolepisma lineata was remapped to 'Lepismatidae' (id=944353)
	Polyzonium germanicum was remapped to 'Polyzoniida' (id=932031)
	Prokoenenia wheeleri was remapped to 'Palpigradi' (id=2499635)
	Acheta domesticus was remapped to 'Orthoptera' (id=995664)
	Triops longicaudatus was remapped to 'Notostraca' (id=2418678)
	Daphnia magna was remapped to 'Cladocera' (id=2417164)
	Carcinoscorpius rotundicauda was remapped to 'Carcinoscorpius' (id=2570602)
	Hadrurus arizonensis was remapped to 'Iuroidea' (id=2508406)
	Amblyomma sp. was remapped to 'Parasitiformes' (id=2431021)
	Eurytemora affinis was remapped to 'Gymnoplea' (id=2379528)
	Forficula auricularia was remapped to 'Dermaptera' (id=985644)
	Eremocosta gigasella was remapped to 'Solifugae' (id=2564966)
	Metajapyx subterraneus was remapped to 'Japygoidea' (id=935198)
	Antheraea paukstadtorum was remapped to 'Obtectomera' (id=1269728)
	Tanystylum orbiculare was remapped to 'Tanystylidae' (id=2569241)
	Orchesella imitari was remapped to 'Entomobryoidea' (id=938368)
	Limnadia lenticularis was remapped to 'Spinicaudata' (id=2418481)
this is the ROOT
placing root in index
Dealing with metadata property: id
Dealing with metadata property: ot:studyPublicationReference
Adding property 'ot:studyPublicationReference': Rota-Stabelli, O., Lartillot, N., Philippe, H., and Pisani, D. 2013. Serine codon-usage bias in deep phylogenomics: Pancrustacean relationships as a case study. Systematic Biology 62 (1): 121-133.
Dealing with metadata property: ot:focalCladeOTTTaxonName
Adding property 'ot:focalCladeOTTTaxonName': Pancrustacea
Dealing with metadata property: ot:studyYear
Adding property 'ot:studyYear': 2013
Dealing with metadata property: ot:inGroupClade
Adding property 'ot:inGroupClade': node1136868
Dealing with metadata property: ot:tag
Adding property 'ot:tag': ingroup added;
Dealing with metadata property: ot:branchLengthMode
Adding property 'ot:branchLengthMode': ot:substitutionCount
Dealing with metadata property: ot:curatorName
Adding property 'ot:curatorName': Joseph Brown
Dealing with metadata property: ot:studyPublication
Adding property 'ot:studyPublication': http://dx.doi.org/10.1093/sysbio/sys077
Dealing with metadata property: ot:focalClade
Adding property 'ot:focalClade': 985906
Dealing with metadata property: ot:curatedType
Adding property 'ot:curatedType': Fig. S1 aaCAT tree
Dealing with metadata property: ot:studyId
Adding property 'ot:studyId': 2814
Committing nodes: 146
	adding Node[914233] Symphyla 1054098 as compatible with Node[914236]
		adding Relationship[8416163]
		adding to root Relationship[8416164]
	adding Node[936471] Ellipura 801422 as compatible with Node[937622]
		adding Relationship[8416165]
		adding to root Relationship[8416166]
	adding Node[943401] Archaeognatha 388213 as compatible with Node[943479]
		adding Relationship[8416167]
		adding to root Relationship[8416168]
	adding Node[943400] Monocondylia 883320 as compatible with Node[943479]
		adding Relationship[8416169]
		adding to root Relationship[8416170]
	adding Node[945121] Ephemeroptera 565986 as compatible with Node[947032]
		adding Relationship[8416171]
		adding to root Relationship[8416172]
	adding Node[1194638] Neolepidoptera 89151 as compatible with Node[1194639]
		adding Relationship[8416173]
		adding to root Relationship[8416174]
	adding Node[1194637] Glossata 89155 as compatible with Node[1194639]
		adding Relationship[8416175]
		adding to root Relationship[8416176]
	adding Node[1194634] Lepidoptera 965954 as compatible with Node[1194639]
		adding Relationship[8416177]
		adding to root Relationship[8416178]
	adding Node[1179406] Amphiesmenoptera 436623 as compatible with Node[1194639]
		adding Relationship[8416179]
		adding to root Relationship[8416180]
	adding Node[1179404] Endopterygota 1082885 as compatible with Node[1194639]
		adding Relationship[8416181]
		adding to root Relationship[8416182]
	adding Node[2379525] Copepoda 461528 as compatible with Node[2379527]
		adding Relationship[8416183]
		adding to root Relationship[8416184]
	adding Node[2385218] Cyclopoida 462829 as compatible with Node[2386597]
		adding Relationship[8416185]
		adding to root Relationship[8416186]
	adding Node[2385217] Podoplea 231089 as compatible with Node[2386597]
		adding Relationship[8416187]
		adding to root Relationship[8416188]
	adding Node[2405236] Thecostraca 1040184 as compatible with Node[2405386]
		adding Relationship[8416189]
		adding to root Relationship[8416190]
	adding Node[2414882] Myodocopa 198831 as compatible with Node[2414883]
		adding Relationship[8416191]
		adding to root Relationship[8416192]
	adding Node[2416681] Sarsostraca 180188 as compatible with Node[2416682]
		adding Relationship[8416193]
		adding to root Relationship[8416194]
	adding Node[2505455] Scorpiones 511964 as compatible with Node[2506925]
		adding Relationship[8416195]
		adding to root Relationship[8416196]
	adding Node[2568461] Pycnogonida 910210 as compatible with Node[2568463]
		adding Relationship[8416197]
		adding to root Relationship[8416198]
	adding Node[2570586] Xiphosura 5308278 as compatible with Node[2570587]
		adding Relationship[8416199]
		adding to root Relationship[8416200]
	adding Node[2570584] Merostomata 1041483 as compatible with Node[2570587]
		adding Relationship[8416201]
		adding to root Relationship[8416202]
		adding Relationship[8416203] from Node[3566178] to Node[2418770]
		adding Relationship[8416204] from Node[2416680] to Node[3566156]
		adding Relationship[8416205] from Node[2416681] to Node[2416680]
		adding Relationship[8416206] from Node[1179406] to Node[1179404]
		adding Relationship[8416207] from Node[1179404] to Node[963772]
		adding Relationship[8416208] from Node[2379527] to Node[3566156]
		adding Relationship[8416209] from Node[2379527] to Node[2379525]
		adding Relationship[8416210] from Node[943401] to Node[943400]
		adding Relationship[8416211] from Node[943400] to Node[943398]
		adding Relationship[8416212] from Node[1194638] to Node[1194637]
		adding Relationship[8416213] from Node[945121] to Node[945120]
		adding Relationship[8416214] from Node[1194637] to Node[1194634]
		adding Relationship[8416215] from Node[1194634] to Node[1179406]
		adding Relationship[8416216] from Node[2570584] to Node[2418770]
		adding Relationship[8416217] from Node[2568461] to Node[2418770]
		adding Relationship[8416218] from Node[2570586] to Node[2570584]
		adding Relationship[8416219] from Node[2385218] to Node[2385217]
		adding Relationship[8416220] from Node[2385217] to Node[2379527]
