pgloadind OTUs number 44
pgloadind Processing tree @id "1947"
pgloadind   tree info number nodes 86
pgloadind   tree info number edges 85
pgloadind   tree info ingroup "node504062"
pgloadind   Setting ingroup root node.
pgloadind   Ingested tree number of external nodes 40
pgloadind   property added ot:studyPublicationReference "Carvalho, F. A., & Renner, S. S. 2012. A dated phylogeny of the papaya family (Caricaceae) reveals the crop's closest relatives and the family's biogeographic history. Mol. Phyl. Evol. 65: 46-53."
pgloadind   property added ot:studyPublication "http://dx.doi.org/10.1016/j.ympev.2012.05.019"
pgloadind   property added ot:curatorName "bryan drew"
pgloadind   property added ot:dataDeposit "http://purl.org/phylo/treebase/phylows/study/TB2:S13536"
pgloadind   property added ot:studyId "1005"
pgloadind   property added ot:studyYear "2012"
pgloadind   property added ot:focalClade "429480"
pgloadind   property added ot:focalCladeOTTTaxonName "Caricaceae"
pgloadind   property added ot:branchLengthMode "ot:substitutionCount"
pgloadind   property added ot:inGroupClade "node504062"
pgloadind   property added ot:curatedType "ML"
loading a specific tree: 1947
pgloadind conducting TNRS on trees
pgloadind   name fixing on tree tree id "1947"
pgloadind   all nodes have ottIds
pgloadind     OTT ID reused in tree
pgloadind       duplicate name "Jacaratia spinosa" nexsonid "node504068"
pgloadind       duplicate OTT ID 131516
pgloadind     OTT ID reused in tree
pgloadind       duplicate name "Carica papaya" nexsonid "node504140"
pgloadind       duplicate OTT ID 429474
pgloadind     overlapping tips
pgloadind       overlapping retained name "Jacaratia dolichaula" nexsonid "node504079"
pgloadind       overlapping pruned name "Jacaratia" nexsonid "node504073"
pgloadind     pruning dups and overlapping name "Carica papaya" nexsonid "node504140"
pgloadind     pruning dups and overlapping name "Jacaratia" nexsonid "node504073"
pgloadind     pruning dups and overlapping name "Jacaratia spinosa" nexsonid "node504068"
pgloadind   postpruning newick tree "((((Cylicomorpha_parviflora,Cylicomorpha_solmsii),(Moringa_drouhardii,(Moringa_hildebrandtii,(((Moringa_rivae,Moringa_ruspoliana),(Moringa_oleifera,Moringa_peregrina)),Moringa_ovalifolia)))),(((((((Jacaratia_dolichaula,Jacaratia_mexicana),Jacaratia_heptaphylla),Jacaratia_corumbensis),Jacaratia_chocoensis),Jacaratia_digitata),Jacaratia_spinosa),((((Vasconcellea_quercifolia,Vasconcellea_glandulosa),Vasconcellea_chilensis),Vasconcellea_candicans),((((Vasconcellea_horovitziana,Vasconcellea_cauliflora),(((((Vasconcellea_goudotiana,Vasconcellea_sphaerocarpa),(Vasconcellea_longiflora,Vasconcellea_pulchra)),(Vasconcellea_cundinamarcensis,Vasconcellea_sprucei)),Vasconcellea_palandensis),((Vasconcellea_omnilingua,Vasconcellea_microcarpa),Vasconcellea_monoica))),Vasconcellea_crassipetala),((Vasconcellea_weberbaueri,Vasconcellea_parviflora),Vasconcellea_stipulata))))),Carica_papaya)"
pgloadind   taxon mapping summary
pgloadind     taxon mapping OTT ID 136909 taxonomy "Cylicomorpha parviflora->Cylicomorpha->Caricaceae->Brassicales->malvids->rosids->Pentapetalae->Gunneridae->eudicotyledons->Mesangiospermae->Magnoliophyta->Spermatophyta->Euphyllophyta->Tracheophyta->Embryophyta->Streptophyta->Chloroplastida->Archaeplastida->Eukaryota->cellular organisms->life" nexsonid "node504136"
pgloadind     taxon mapping OTT ID 131527 taxonomy "Cylicomorpha solmsii->Cylicomorpha->Caricaceae->Brassicales->malvids->rosids->Pentapetalae->Gunneridae->eudicotyledons->Mesangiospermae->Magnoliophyta->Spermatophyta->Euphyllophyta->Tracheophyta->Embryophyta->Streptophyta->Chloroplastida->Archaeplastida->Eukaryota->cellular organisms->life" nexsonid "node504137"
pgloadind     taxon mapping OTT ID 761701 taxonomy "Moringa drouhardii->Moringa->Moringaceae->Brassicales->malvids->rosids->Pentapetalae->Gunneridae->eudicotyledons->Mesangiospermae->Magnoliophyta->Spermatophyta->Euphyllophyta->Tracheophyta->Embryophyta->Streptophyta->Chloroplastida->Archaeplastida->Eukaryota->cellular organisms->life" nexsonid "node504123"
pgloadind     taxon mapping OTT ID 761707 taxonomy "Moringa hildebrandtii->Moringa->Moringaceae->Brassicales->malvids->rosids->Pentapetalae->Gunneridae->eudicotyledons->Mesangiospermae->Magnoliophyta->Spermatophyta->Euphyllophyta->Tracheophyta->Embryophyta->Streptophyta->Chloroplastida->Archaeplastida->Eukaryota->cellular organisms->life" nexsonid "node504125"
pgloadind     taxon mapping OTT ID 187523 taxonomy "Moringa rivae->Moringa->Moringaceae->Brassicales->malvids->rosids->Pentapetalae->Gunneridae->eudicotyledons->Mesangiospermae->Magnoliophyta->Spermatophyta->Euphyllophyta->Tracheophyta->Embryophyta->Streptophyta->Chloroplastida->Archaeplastida->Eukaryota->cellular organisms->life" nexsonid "node504129"
pgloadind     taxon mapping OTT ID 187521 taxonomy "Moringa ruspoliana->Moringa->Moringaceae->Brassicales->malvids->rosids->Pentapetalae->Gunneridae->eudicotyledons->Mesangiospermae->Magnoliophyta->Spermatophyta->Euphyllophyta->Tracheophyta->Embryophyta->Streptophyta->Chloroplastida->Archaeplastida->Eukaryota->cellular organisms->life" nexsonid "node504130"
pgloadind     taxon mapping OTT ID 883783 taxonomy "Moringa oleifera->Moringa->Moringaceae->Brassicales->malvids->rosids->Pentapetalae->Gunneridae->eudicotyledons->Mesangiospermae->Magnoliophyta->Spermatophyta->Euphyllophyta->Tracheophyta->Embryophyta->Streptophyta->Chloroplastida->Archaeplastida->Eukaryota->cellular organisms->life" nexsonid "node504132"
pgloadind     taxon mapping OTT ID 187516 taxonomy "Moringa peregrina->Moringa->Moringaceae->Brassicales->malvids->rosids->Pentapetalae->Gunneridae->eudicotyledons->Mesangiospermae->Magnoliophyta->Spermatophyta->Euphyllophyta->Tracheophyta->Embryophyta->Streptophyta->Chloroplastida->Archaeplastida->Eukaryota->cellular organisms->life" nexsonid "node504133"
pgloadind     taxon mapping OTT ID 187518 taxonomy "Moringa ovalifolia->Moringa->Moringaceae->Brassicales->malvids->rosids->Pentapetalae->Gunneridae->eudicotyledons->Mesangiospermae->Magnoliophyta->Spermatophyta->Euphyllophyta->Tracheophyta->Embryophyta->Streptophyta->Chloroplastida->Archaeplastida->Eukaryota->cellular organisms->life" nexsonid "node504134"
pgloadind     taxon mapping OTT ID 904642 taxonomy "Jacaratia dolichaula->Jacaratia->Caricaceae->Brassicales->malvids->rosids->Pentapetalae->Gunneridae->eudicotyledons->Mesangiospermae->Magnoliophyta->Spermatophyta->Euphyllophyta->Tracheophyta->Embryophyta->Streptophyta->Chloroplastida->Archaeplastida->Eukaryota->cellular organisms->life" nexsonid "node504079"
pgloadind     taxon mapping OTT ID 295950 taxonomy "Jacaratia mexicana->Jacaratia->Caricaceae->Brassicales->malvids->rosids->Pentapetalae->Gunneridae->eudicotyledons->Mesangiospermae->Magnoliophyta->Spermatophyta->Euphyllophyta->Tracheophyta->Embryophyta->Streptophyta->Chloroplastida->Archaeplastida->Eukaryota->cellular organisms->life" nexsonid "node504078"
pgloadind     taxon mapping OTT ID 131520 taxonomy "Jacaratia heptaphylla->Jacaratia->Caricaceae->Brassicales->malvids->rosids->Pentapetalae->Gunneridae->eudicotyledons->Mesangiospermae->Magnoliophyta->Spermatophyta->Euphyllophyta->Tracheophyta->Embryophyta->Streptophyta->Chloroplastida->Archaeplastida->Eukaryota->cellular organisms->life" nexsonid "node504080"
pgloadind     taxon mapping OTT ID 761695 taxonomy "Jacaratia corumbensis->Jacaratia->Caricaceae->Brassicales->malvids->rosids->Pentapetalae->Gunneridae->eudicotyledons->Mesangiospermae->Magnoliophyta->Spermatophyta->Euphyllophyta->Tracheophyta->Embryophyta->Streptophyta->Chloroplastida->Archaeplastida->Eukaryota->cellular organisms->life" nexsonid "node504075"
pgloadind     taxon mapping OTT ID 131525 taxonomy "Jacaratia chocoensis->Jacaratia->Caricaceae->Brassicales->malvids->rosids->Pentapetalae->Gunneridae->eudicotyledons->Mesangiospermae->Magnoliophyta->Spermatophyta->Euphyllophyta->Tracheophyta->Embryophyta->Streptophyta->Chloroplastida->Archaeplastida->Eukaryota->cellular organisms->life" nexsonid "node504072"
pgloadind     taxon mapping OTT ID 1029002 taxonomy "Jacaratia digitata->Jacaratia->Caricaceae->Brassicales->malvids->rosids->Pentapetalae->Gunneridae->eudicotyledons->Mesangiospermae->Magnoliophyta->Spermatophyta->Euphyllophyta->Tracheophyta->Embryophyta->Streptophyta->Chloroplastida->Archaeplastida->Eukaryota->cellular organisms->life" nexsonid "node504081"
pgloadind     taxon mapping OTT ID 131516 taxonomy "Jacaratia spinosa->Jacaratia->Caricaceae->Brassicales->malvids->rosids->Pentapetalae->Gunneridae->eudicotyledons->Mesangiospermae->Magnoliophyta->Spermatophyta->Euphyllophyta->Tracheophyta->Embryophyta->Streptophyta->Chloroplastida->Archaeplastida->Eukaryota->cellular organisms->life" nexsonid "node504067"
pgloadind     taxon mapping OTT ID 889829 taxonomy "Vasconcellea quercifolia->Vasconcellea->Caricaceae->Brassicales->malvids->rosids->Pentapetalae->Gunneridae->eudicotyledons->Mesangiospermae->Magnoliophyta->Spermatophyta->Euphyllophyta->Tracheophyta->Embryophyta->Streptophyta->Chloroplastida->Archaeplastida->Eukaryota->cellular organisms->life" nexsonid "node504088"
pgloadind     taxon mapping OTT ID 1061460 taxonomy "Vasconcellea glandulosa->Vasconcellea->Caricaceae->Brassicales->malvids->rosids->Pentapetalae->Gunneridae->eudicotyledons->Mesangiospermae->Magnoliophyta->Spermatophyta->Euphyllophyta->Tracheophyta->Embryophyta->Streptophyta->Chloroplastida->Archaeplastida->Eukaryota->cellular organisms->life" nexsonid "node504089"
pgloadind     taxon mapping OTT ID 535107 taxonomy "Vasconcellea chilensis->Vasconcellea->Caricaceae->Brassicales->malvids->rosids->Pentapetalae->Gunneridae->eudicotyledons->Mesangiospermae->Magnoliophyta->Spermatophyta->Euphyllophyta->Tracheophyta->Embryophyta->Streptophyta->Chloroplastida->Archaeplastida->Eukaryota->cellular organisms->life" nexsonid "node504086"
pgloadind     taxon mapping OTT ID 535098 taxonomy "Vasconcellea candicans->Vasconcellea->Caricaceae->Brassicales->malvids->rosids->Pentapetalae->Gunneridae->eudicotyledons->Mesangiospermae->Magnoliophyta->Spermatophyta->Euphyllophyta->Tracheophyta->Embryophyta->Streptophyta->Chloroplastida->Archaeplastida->Eukaryota->cellular organisms->life" nexsonid "node504084"
pgloadind     taxon mapping OTT ID 1061456 taxonomy "Vasconcellea horovitziana->Vasconcellea->Caricaceae->Brassicales->malvids->rosids->Pentapetalae->Gunneridae->eudicotyledons->Mesangiospermae->Magnoliophyta->Spermatophyta->Euphyllophyta->Tracheophyta->Embryophyta->Streptophyta->Chloroplastida->Archaeplastida->Eukaryota->cellular organisms->life" nexsonid "node504120"
pgloadind     taxon mapping OTT ID 535096 taxonomy "Vasconcellea cauliflora->Vasconcellea->Caricaceae->Brassicales->malvids->rosids->Pentapetalae->Gunneridae->eudicotyledons->Mesangiospermae->Magnoliophyta->Spermatophyta->Euphyllophyta->Tracheophyta->Embryophyta->Streptophyta->Chloroplastida->Archaeplastida->Eukaryota->cellular organisms->life" nexsonid "node504119"
pgloadind     taxon mapping OTT ID 1061452 taxonomy "Vasconcellea goudotiana->Vasconcellea->Caricaceae->Brassicales->malvids->rosids->Pentapetalae->Gunneridae->eudicotyledons->Mesangiospermae->Magnoliophyta->Spermatophyta->Euphyllophyta->Tracheophyta->Embryophyta->Streptophyta->Chloroplastida->Archaeplastida->Eukaryota->cellular organisms->life" nexsonid "node504117"
pgloadind     taxon mapping OTT ID 484952 taxonomy "Vasconcellea sphaerocarpa->Vasconcellea->Caricaceae->Brassicales->malvids->rosids->Pentapetalae->Gunneridae->eudicotyledons->Mesangiospermae->Magnoliophyta->Spermatophyta->Euphyllophyta->Tracheophyta->Embryophyta->Streptophyta->Chloroplastida->Archaeplastida->Eukaryota->cellular organisms->life" nexsonid "node504116"
pgloadind     taxon mapping OTT ID 1061448 taxonomy "Vasconcellea longiflora->Vasconcellea->Caricaceae->Brassicales->malvids->rosids->Pentapetalae->Gunneridae->eudicotyledons->Mesangiospermae->Magnoliophyta->Spermatophyta->Euphyllophyta->Tracheophyta->Embryophyta->Streptophyta->Chloroplastida->Archaeplastida->Eukaryota->cellular organisms->life" nexsonid "node504114"
pgloadind     taxon mapping OTT ID 484942 taxonomy "Vasconcellea pulchra->Vasconcellea->Caricaceae->Brassicales->malvids->rosids->Pentapetalae->Gunneridae->eudicotyledons->Mesangiospermae->Magnoliophyta->Spermatophyta->Euphyllophyta->Tracheophyta->Embryophyta->Streptophyta->Chloroplastida->Archaeplastida->Eukaryota->cellular organisms->life" nexsonid "node504113"
pgloadind     taxon mapping OTT ID 352864 taxonomy "Vasconcellea cundinamarcensis->Vasconcellea->Caricaceae->Brassicales->malvids->rosids->Pentapetalae->Gunneridae->eudicotyledons->Mesangiospermae->Magnoliophyta->Spermatophyta->Euphyllophyta->Tracheophyta->Embryophyta->Streptophyta->Chloroplastida->Archaeplastida->Eukaryota->cellular organisms->life" nexsonid "node504109"
pgloadind     taxon mapping OTT ID 484948 taxonomy "Vasconcellea sprucei->Vasconcellea->Caricaceae->Brassicales->malvids->rosids->Pentapetalae->Gunneridae->eudicotyledons->Mesangiospermae->Magnoliophyta->Spermatophyta->Euphyllophyta->Tracheophyta->Embryophyta->Streptophyta->Chloroplastida->Archaeplastida->Eukaryota->cellular organisms->life" nexsonid "node504110"
pgloadind     taxon mapping OTT ID 1061436 taxonomy "Vasconcellea palandensis->Vasconcellea->Caricaceae->Brassicales->malvids->rosids->Pentapetalae->Gunneridae->eudicotyledons->Mesangiospermae->Magnoliophyta->Spermatophyta->Euphyllophyta->Tracheophyta->Embryophyta->Streptophyta->Chloroplastida->Archaeplastida->Eukaryota->cellular organisms->life" nexsonid "node504106"
pgloadind     taxon mapping OTT ID 1061432 taxonomy "Vasconcellea omnilingua->Vasconcellea->Caricaceae->Brassicales->malvids->rosids->Pentapetalae->Gunneridae->eudicotyledons->Mesangiospermae->Magnoliophyta->Spermatophyta->Euphyllophyta->Tracheophyta->Embryophyta->Streptophyta->Chloroplastida->Archaeplastida->Eukaryota->cellular organisms->life" nexsonid "node504103"
pgloadind     taxon mapping OTT ID 136919 taxonomy "Vasconcellea microcarpa->Vasconcellea->Caricaceae->Brassicales->malvids->rosids->Pentapetalae->Gunneridae->eudicotyledons->Mesangiospermae->Magnoliophyta->Spermatophyta->Euphyllophyta->Tracheophyta->Embryophyta->Streptophyta->Chloroplastida->Archaeplastida->Eukaryota->cellular organisms->life" nexsonid "node504104"
pgloadind     taxon mapping OTT ID 1061441 taxonomy "Vasconcellea monoica->Vasconcellea->Caricaceae->Brassicales->malvids->rosids->Pentapetalae->Gunneridae->eudicotyledons->Mesangiospermae->Magnoliophyta->Spermatophyta->Euphyllophyta->Tracheophyta->Embryophyta->Streptophyta->Chloroplastida->Archaeplastida->Eukaryota->cellular organisms->life" nexsonid "node504101"
pgloadind     taxon mapping OTT ID 535105 taxonomy "Vasconcellea crassipetala->Vasconcellea->Caricaceae->Brassicales->malvids->rosids->Pentapetalae->Gunneridae->eudicotyledons->Mesangiospermae->Magnoliophyta->Spermatophyta->Euphyllophyta->Tracheophyta->Embryophyta->Streptophyta->Chloroplastida->Archaeplastida->Eukaryota->cellular organisms->life" nexsonid "node504097"
pgloadind     taxon mapping OTT ID 484934 taxonomy "Vasconcellea weberbaueri->Vasconcellea->Caricaceae->Brassicales->malvids->rosids->Pentapetalae->Gunneridae->eudicotyledons->Mesangiospermae->Magnoliophyta->Spermatophyta->Euphyllophyta->Tracheophyta->Embryophyta->Streptophyta->Chloroplastida->Archaeplastida->Eukaryota->cellular organisms->life" nexsonid "node504095"
pgloadind     taxon mapping OTT ID 725031 taxonomy "Vasconcellea parviflora->Vasconcellea->Caricaceae->Brassicales->malvids->rosids->Pentapetalae->Gunneridae->eudicotyledons->Mesangiospermae->Magnoliophyta->Spermatophyta->Euphyllophyta->Tracheophyta->Embryophyta->Streptophyta->Chloroplastida->Archaeplastida->Eukaryota->cellular organisms->life" nexsonid "node504094"
pgloadind     taxon mapping OTT ID 484938 taxonomy "Vasconcellea stipulata->Vasconcellea->Caricaceae->Brassicales->malvids->rosids->Pentapetalae->Gunneridae->eudicotyledons->Mesangiospermae->Magnoliophyta->Spermatophyta->Euphyllophyta->Tracheophyta->Embryophyta->Streptophyta->Chloroplastida->Archaeplastida->Eukaryota->cellular organisms->life" nexsonid "node504092"
pgloadind     taxon mapping OTT ID 429474 taxonomy "Carica papaya->Carica->Caricaceae->Brassicales->malvids->rosids->Pentapetalae->Gunneridae->eudicotyledons->Mesangiospermae->Magnoliophyta->Spermatophyta->Euphyllophyta->Tracheophyta->Embryophyta->Streptophyta->Chloroplastida->Archaeplastida->Eukaryota->cellular organisms->life" nexsonid "node504139"
done fixing name
pgloadind Finished with attempts to fix names
pgloadind   Checking for uniqueness of OTT IDs tree id "1947"
pgloadind   Adding tree to graph tree id "1947"
all trees have all taxa: false
	using bipartition technique
attempting to remap tips to deepest exemplified taxa
	Carica papaya was remapped to 'Carica' (id=2791760)
this is the ROOT
placing root in index
Dealing with metadata property: id
Dealing with metadata property: ot:studyPublicationReference
Adding property 'ot:studyPublicationReference': Carvalho, F. A., & Renner, S. S. 2012. A dated phylogeny of the papaya family (Caricaceae) reveals the crop's closest relatives and the family's biogeographic history. Mol. Phyl. Evol. 65: 46-53.
Dealing with metadata property: ot:focalCladeOTTTaxonName
Adding property 'ot:focalCladeOTTTaxonName': Caricaceae
Dealing with metadata property: ot:studyYear
Adding property 'ot:studyYear': 2012
Dealing with metadata property: ot:inGroupClade
Adding property 'ot:inGroupClade': node504062
Dealing with metadata property: ot:branchLengthMode
Adding property 'ot:branchLengthMode': ot:substitutionCount
Dealing with metadata property: ot:curatorName
Adding property 'ot:curatorName': bryan drew
Dealing with metadata property: ot:studyPublication
Adding property 'ot:studyPublication': http://dx.doi.org/10.1016/j.ympev.2012.05.019
Dealing with metadata property: ot:focalClade
Adding property 'ot:focalClade': 429480
Dealing with metadata property: ot:curatedType
Adding property 'ot:curatedType': ML
Dealing with metadata property: ot:studyId
Adding property 'ot:studyId': 1005
Dealing with metadata property: ot:dataDeposit
Adding property 'ot:dataDeposit': http://purl.org/phylo/treebase/phylows/study/TB2:S13536
Committing nodes: 73
	adding Node[2792433] Moringaceae 883791 as compatible with Node[2792436]
		adding Relationship[8416016]
		adding to root Relationship[8416017]
