pgloadind OTUs number 28
pgloadind Processing tree @id "2571"
pgloadind   tree info number nodes 55
pgloadind   tree info number edges 54
pgloadind   Ingested tree number of external nodes 28
pgloadind   property added ot:studyPublicationReference "Yokoyama, A., Takahashi, F., Kataoka, H., Hara, Y., & Nozaki, H. (2011). EVOLUTIONARY ANALYSES OF THE NUCLEAR‐ENCODED PHOTOSYNTHETIC GENE psbO FROM TERTIARY PLASTID‐CONTAINING ALGAE IN DINOPHYTA1. Journal of Phycology, 47(2), 407-414."
pgloadind   property added ot:studyPublication "http://dx.doi.org/10.1111/j.1529-8817.2011.00961.x"
pgloadind   property added ot:curatorName "bryan drew"
pgloadind   property added ot:dataDeposit "http://purl.org/phylo/treebase/phylows/study/TB2:S11256"
pgloadind   property added ot:studyId "1277"
pgloadind   property added ot:studyYear "2011"
pgloadind   property added ot:curatedType "PAUP 1"
pgloadind Processing tree @id "5751"
pgloadind   tree info number nodes 55
pgloadind   tree info number edges 54
pgloadind   tree info ingroup "node984986"
pgloadind   Setting ingroup root node.
pgloadind   Ingested tree number of external nodes 25
pgloadind   property added ot:studyPublicationReference "Yokoyama, A., Takahashi, F., Kataoka, H., Hara, Y., & Nozaki, H. (2011). EVOLUTIONARY ANALYSES OF THE NUCLEAR‐ENCODED PHOTOSYNTHETIC GENE psbO FROM TERTIARY PLASTID‐CONTAINING ALGAE IN DINOPHYTA1. Journal of Phycology, 47(2), 407-414."
pgloadind   property added ot:studyPublication "http://dx.doi.org/10.1111/j.1529-8817.2011.00961.x"
pgloadind   property added ot:curatorName "bryan drew"
pgloadind   property added ot:dataDeposit "http://purl.org/phylo/treebase/phylows/study/TB2:S11256"
pgloadind   property added ot:studyId "1277"
pgloadind   property added ot:studyYear "2011"
pgloadind   property added ot:inGroupClade "node984986"
pgloadind   property added ot:curatedType "parsimony"
loading a specific tree: 5751
skipping tree: 2571
pgloadind conducting TNRS on trees
pgloadind   name fixing on tree tree id "5751"
pgloadind   all nodes have ottIds
pgloadind   postpruning newick tree "((Porphyridium_purpureum,(Neorhodella_cyanea,Dixoniella_grisea)),(((Guillardia_theta,(Pyrenomonas_helgolandii,Cryptomonas_ovata)),Chroomonas_caudata),((Aureococcus_anophagefferens,((Heterosigma_akashiwo,(((Phaeodactylum_tricornutum,Kryptoperidinium_foliaceum),Chaetoceros_gracilis),Thalassiosira_pseudonana)),((Vaucheria_litorea,(Vaucheria_frigida,Botrydium_granulatum)),Fucus_distichus))),(((Karlodinium_veneficum,(Karenia_brevis,((Isochrysis_galbana,Emiliania_huxleyi),Prymnesium_parvum))),Pavlova_lutheri),(Heterocapsa_triquetra,Amphidinium_carterae)))))"
pgloadind   taxon mapping summary
pgloadind     taxon mapping OTT ID 432894 taxonomy "Porphyridium purpureum->Porphyridium->Porphyridiophyceae->Rhodophyceae->Archaeplastida->Eukaryota->cellular organisms->life" nexsonid "node984988"
pgloadind     taxon mapping OTT ID 969477 taxonomy "Neorhodella cyanea->Neorhodella->Rhodellaceae->Rhodellales->Rhodellophyceae->Rhodophyceae->Archaeplastida->Eukaryota->cellular organisms->life" nexsonid "node984990"
pgloadind     taxon mapping OTT ID 280881 taxonomy "Dixoniella grisea->Dixoniella->Rhodellophyceae->Rhodophyceae->Archaeplastida->Eukaryota->cellular organisms->life" nexsonid "node984991"
pgloadind     taxon mapping OTT ID 5247740 taxonomy "Guillardia theta->Guillardia->Cryptomonadales->Cryptophyceae->Eukaryota->cellular organisms->life" nexsonid "node984995"
pgloadind     taxon mapping OTT ID 375993 taxonomy "Pyrenomonas helgolandii->Pyrenomonas->Pyrenomonadaceae->Pyrenomonadales->Cryptophyceae->Eukaryota->cellular organisms->life" nexsonid "node984997"
pgloadind     taxon mapping OTT ID 249589 taxonomy "Cryptomonas ovata->Cryptomonas->Cryptomonadales->Cryptophyceae->Eukaryota->cellular organisms->life" nexsonid "node984998"
pgloadind     taxon mapping OTT ID 689432 taxonomy "Chroomonas caudata->Chroomonas->Cryptomonadales->Cryptophyceae->Eukaryota->cellular organisms->life" nexsonid "node984999"
pgloadind     taxon mapping OTT ID 533286 taxonomy "Aureococcus anophagefferens->Aureococcus->Pelagomonadales->Pelagophyceae->Stramenopiles->SAR->Eukaryota->cellular organisms->life" nexsonid "node985002"
pgloadind     taxon mapping OTT ID 725551 taxonomy "Heterosigma akashiwo->Heterosigma->Chattonellaceae->Chattonellales->Raphidophyceae->Stramenopiles->SAR->Eukaryota->cellular organisms->life" nexsonid "node985005"
pgloadind     taxon mapping OTT ID 1095879 taxonomy "Phaeodactylum tricornutum->Phaeodactylum->Phaeodactylaceae->Naviculales->Bacillariophycidae->Bacillariophyceae->Bacillariophytina->Bacillariophyta->Stramenopiles->SAR->Eukaryota->cellular organisms->life" nexsonid "node985009"
pgloadind     taxon mapping OTT ID 815107 taxonomy "Kryptoperidinium foliaceum->Kryptoperidinium->Peridiniales->Peridiniphycidae->Dinophyceae->Dinoflagellata->Alveolata->SAR->Eukaryota->cellular organisms->life" nexsonid "node985010"
pgloadind     taxon mapping OTT ID 746543 taxonomy "Chaetoceros gracilis->Chaetoceros->Mediophyceae->Bacillariophytina->Bacillariophyta->Stramenopiles->SAR->Eukaryota->cellular organisms->life" nexsonid "node985011"
pgloadind     taxon mapping OTT ID 753596 taxonomy "Thalassiosira pseudonana->Thalassiosira->Mediophyceae->Bacillariophytina->Bacillariophyta->Stramenopiles->SAR->Eukaryota->cellular organisms->life" nexsonid "node985012"
pgloadind     taxon mapping OTT ID 988288 taxonomy "Vaucheria litorea->Vaucheria->Vaucheriaceae->Vaucheriales->Xanthophyceae->PX clade->Stramenopiles->SAR->Eukaryota->cellular organisms->life" nexsonid "node985015"
pgloadind     taxon mapping OTT ID 478266 taxonomy "Vaucheria frigida->Vaucheria->Vaucheriaceae->Vaucheriales->Xanthophyceae->PX clade->Stramenopiles->SAR->Eukaryota->cellular organisms->life" nexsonid "node985017"
pgloadind     taxon mapping OTT ID 963863 taxonomy "Botrydium granulatum->Botrydium->Tribonematales->Xanthophyceae->PX clade->Stramenopiles->SAR->Eukaryota->cellular organisms->life" nexsonid "node985018"
pgloadind     taxon mapping OTT ID 1022953 taxonomy "Fucus distichus->Fucus->Fucaceae->Fucales->Phaeophyceae->PX clade->Stramenopiles->SAR->Eukaryota->cellular organisms->life" nexsonid "node985019"
pgloadind     taxon mapping OTT ID 101878 taxonomy "Karlodinium veneficum->Karlodinium->Kareniaceae->Gymnodiniphycidae->Dinophyceae->Dinoflagellata->Alveolata->SAR->Eukaryota->cellular organisms->life" nexsonid "node985023"
pgloadind     taxon mapping OTT ID 93910 taxonomy "Karenia brevis->Karenia->Kareniaceae->Gymnodiniphycidae->Dinophyceae->Dinoflagellata->Alveolata->SAR->Eukaryota->cellular organisms->life" nexsonid "node985025"
pgloadind     taxon mapping OTT ID 955647 taxonomy "Isochrysis galbana->Isochrysis->Isochrysidaceae->Isochrysidales->Prymnesiophyceae->Haptophyta->Eukaryota->cellular organisms->life" nexsonid "node985028"
pgloadind     taxon mapping OTT ID 695761 taxonomy "Emiliania huxleyi->Emiliania->Noelaerhabdaceae->Isochrysidales->Prymnesiophyceae->Haptophyta->Eukaryota->cellular organisms->life" nexsonid "node985029"
pgloadind     taxon mapping OTT ID 937580 taxonomy "Prymnesium parvum->Prymnesium->Prymnesiaceae->Prymnesiales->Prymnesiophyceae->Haptophyta->Eukaryota->cellular organisms->life" nexsonid "node985030"
pgloadind     taxon mapping OTT ID 151008 taxonomy "Pavlova lutheri->Pavlova->Pavlovophyceae->Haptophyta->Eukaryota->cellular organisms->life" nexsonid "node985031"
pgloadind     taxon mapping OTT ID 882515 taxonomy "Heterocapsa triquetra->Heterocapsa->Heterocapsaceae->Peridiniales->Peridiniphycidae->Dinophyceae->Dinoflagellata->Alveolata->SAR->Eukaryota->cellular organisms->life" nexsonid "node985033"
pgloadind     taxon mapping OTT ID 746949 taxonomy "Amphidinium carterae->Amphidinium->Gymnodiniphycidae->Dinophyceae->Dinoflagellata->Alveolata->SAR->Eukaryota->cellular organisms->life" nexsonid "node985034"
done fixing name
pgloadind Finished with attempts to fix names
pgloadind   Checking for uniqueness of OTT IDs tree id "5751"
pgloadind   Adding tree to graph tree id "5751"
all trees have all taxa: false
	using bipartition technique
attempting to remap tips to deepest exemplified taxa
	Kryptoperidinium foliaceum was remapped to 'Kryptoperidinium' (id=3211783)
	Botrydium granulatum was remapped to 'Tribonematales' (id=3206390)
	Heterocapsa triquetra was remapped to 'Heterocapsaceae' (id=3212006)
	Prymnesium parvum was remapped to 'Prymnesiales' (id=3220344)
	Chaetoceros gracilis was remapped to 'Chaetoceros' (id=3201851)
	Karlodinium veneficum was remapped to 'Karlodinium' (id=3211422)
	Fucus distichus was remapped to 'Phaeophyceae' (id=3203914)
	Pyrenomonas helgolandii was remapped to 'Pyrenomonadales' (id=3220231)
	Pavlova lutheri was remapped to 'Pavlovophyceae' (id=3220246)
	Cryptomonas ovata was remapped to 'Cryptomonas' (id=3219936)
	Aureococcus anophagefferens was remapped to 'Pelagophyceae' (id=3203434)
	Amphidinium carterae was remapped to 'Amphidinium' (id=3211180)
	Emiliania huxleyi was remapped to 'Noelaerhabdaceae' (id=3220737)
	Karenia brevis was remapped to 'Karenia' (id=3211450)
	Porphyridium purpureum was remapped to 'Porphyridiophyceae' (id=3176116)
	Dixoniella grisea was remapped to 'Dixoniella' (id=3176082)
	Phaeodactylum tricornutum was remapped to 'Bacillariophyceae' (id=3192826)
	Isochrysis galbana was remapped to 'Isochrysidaceae' (id=3220688)
	Neorhodella cyanea was remapped to 'Rhodellales' (id=3176089)
	Thalassiosira pseudonana was remapped to 'Thalassiosira' (id=3202036)
	Chroomonas caudata was remapped to 'Chroomonas' (id=3220049)
	Guillardia theta was remapped to 'Guillardia' (id=3220133)
	Heterosigma akashiwo was remapped to 'Raphidophyceae' (id=3203618)
this is the ROOT
placing root in index
Dealing with metadata property: id
Dealing with metadata property: ot:studyPublicationReference
Adding property 'ot:studyPublicationReference': Yokoyama, A., Takahashi, F., Kataoka, H., Hara, Y., & Nozaki, H. (2011). EVOLUTIONARY ANALYSES OF THE NUCLEAR‐ENCODED PHOTOSYNTHETIC GENE psbO FROM TERTIARY PLASTID‐CONTAINING ALGAE IN DINOPHYTA1. Journal of Phycology, 47(2), 407-414.
Dealing with metadata property: ot:studyYear
Adding property 'ot:studyYear': 2011
Dealing with metadata property: ot:inGroupClade
Adding property 'ot:inGroupClade': node984986
Dealing with metadata property: ot:curatorName
Adding property 'ot:curatorName': bryan drew
Dealing with metadata property: ot:studyPublication
Adding property 'ot:studyPublication': http://dx.doi.org/10.1111/j.1529-8817.2011.00961.x
Dealing with metadata property: ot:curatedType
Adding property 'ot:curatedType': parsimony
Dealing with metadata property: ot:studyId
Adding property 'ot:studyId': 1277
Dealing with metadata property: ot:dataDeposit
Adding property 'ot:dataDeposit': http://purl.org/phylo/treebase/phylows/study/TB2:S11256
Committing nodes: 49
	adding Node[2599715] Archaeplastida 5268475 as compatible with Node[3168127]
		adding Relationship[8415971]
		adding to root Relationship[8415972]
		adding Relationship[8415973] from Node[2599715] to Node[217]
