pgloadind OTUs number 69
pgloadind Processing tree @id "2849"
pgloadind   tree info number nodes 132
pgloadind   tree info number edges 131
pgloadind   tree info ingroup "node609750"
pgloadind   Setting ingroup root node.
pgloadind   Ingested tree number of external nodes 57
pgloadind   property added ot:studyPublicationReference "Borchsenius, F., Suárez, L. S. S., & Prince, L. M. (2012). Molecular phylogeny and redefined generic limits of Calathea (Marantaceae). Systematic Botany, 37(3), 620-635."
pgloadind   property added ot:studyPublication "http://dx.doi.org/10.1600/036364412X648571"
pgloadind   property added ot:curatorName "Jiabin Deng"
pgloadind   property added ot:dataDeposit "http://purl.org/phylo/treebase/phylows/study/TB2:S12469"
pgloadind   property added ot:studyId "1424"
pgloadind   property added ot:studyYear "2012"
pgloadind   property added ot:focalClade "627012"
pgloadind   property added ot:focalCladeOTTTaxonName "Marantaceae"
pgloadind   property added ot:inGroupClade "node609750"
pgloadind   property added ot:curatedType "Fig. 1"
loading a specific tree: 2849
pgloadind conducting TNRS on trees
pgloadind   name fixing on tree tree id "2849"
pgloadind   all nodes have ottIds
pgloadind   postpruning newick tree "((((((Calathea_altissima,Calathea_varians),Calathea_killipii),Calathea_hagbergii),((((((Calathea_capitata,(Calathea_foliosa,Calathea_standleyi)),Calathea_crotalifera),((Calathea_latifolia,Calathea_lutea),(Calathea_loeseneri,Calathea_pluriplicata))),Calathea_ecuadoriana),((((((Calathea_bella,Calathea_straminea),Calathea_rufibarba),Calathea_pavonii),(Calathea_silvosa,Calathea_variegata)),Calathea_petersenii),Calathea_villosa)),((((Calathea_cyclophora,(Calathea_guzmanioides,Calathea_microcephala),Calathea_mishuyacu),Calathea_undulata),Calathea_lanata),((Calathea_fucata,Calathea_warscewiczii),(Calathea_leonia,Calathea_vinosa))))),Calathea_timothei),((((((Calathea_attenuata,Calathea_curaraya),Calathea_utilis),((Calathea_marantina,(Calathea_micans,Calathea_propinqua)),Sanblasia_dressleri)),((Calathea_gymnocarpa,Calathea_inocephala),Calathea_plurispicata,Calathea_anulque)),((Ischnosiphon_hirsutus,Ischnosiphon_macarenae,Ischnosiphon_obliquus,(Ischnosiphon_puberulus,Ischnosiphon_rotundifolius)),(Ischnosiphon_leucophaeus,Pleiostachya_pruinosa))),(((Monotagma_juruanum,(Monotagma_laxum,Monotagma_papillosum)),((Monotagma_secundum,Monotagma_tuberosum),Monotagma_smaragdinum)),Monotagma_tomentosum)))"
pgloadind   taxon mapping summary
pgloadind     taxon mapping OTT ID 487545 taxonomy "Calathea altissima->Calathea->Marantaceae->Zingiberales->commelinids->Petrosaviidae->Liliopsida->Mesangiospermae->Magnoliophyta->Spermatophyta->Euphyllophyta->Tracheophyta->Embryophyta->Streptophyta->Chloroplastida->Archaeplastida->Eukaryota->cellular organisms->life" nexsonid "node609756"
pgloadind     taxon mapping OTT ID 465850 taxonomy "Calathea varians->Calathea->Marantaceae->Zingiberales->commelinids->Petrosaviidae->Liliopsida->Mesangiospermae->Magnoliophyta->Spermatophyta->Euphyllophyta->Tracheophyta->Embryophyta->Streptophyta->Chloroplastida->Archaeplastida->Eukaryota->cellular organisms->life" nexsonid "node609757"
pgloadind     taxon mapping OTT ID 315768 taxonomy "Calathea killipii->Calathea->Marantaceae->Zingiberales->commelinids->Petrosaviidae->Liliopsida->Mesangiospermae->Magnoliophyta->Spermatophyta->Euphyllophyta->Tracheophyta->Embryophyta->Streptophyta->Chloroplastida->Archaeplastida->Eukaryota->cellular organisms->life" nexsonid "node609758"
pgloadind     taxon mapping OTT ID 315771 taxonomy "Calathea hagbergii->Calathea->Marantaceae->Zingiberales->commelinids->Petrosaviidae->Liliopsida->Mesangiospermae->Magnoliophyta->Spermatophyta->Euphyllophyta->Tracheophyta->Embryophyta->Streptophyta->Chloroplastida->Archaeplastida->Eukaryota->cellular organisms->life" nexsonid "node609759"
pgloadind     taxon mapping OTT ID 487547 taxonomy "Calathea capitata->Calathea->Marantaceae->Zingiberales->commelinids->Petrosaviidae->Liliopsida->Mesangiospermae->Magnoliophyta->Spermatophyta->Euphyllophyta->Tracheophyta->Embryophyta->Streptophyta->Chloroplastida->Archaeplastida->Eukaryota->cellular organisms->life" nexsonid "node609766"
pgloadind     taxon mapping OTT ID 684109 taxonomy "Calathea foliosa->Calathea->Marantaceae->Zingiberales->commelinids->Petrosaviidae->Liliopsida->Mesangiospermae->Magnoliophyta->Spermatophyta->Euphyllophyta->Tracheophyta->Embryophyta->Streptophyta->Chloroplastida->Archaeplastida->Eukaryota->cellular organisms->life" nexsonid "node609768"
pgloadind     taxon mapping OTT ID 890332 taxonomy "Calathea standleyi->Calathea->Marantaceae->Zingiberales->commelinids->Petrosaviidae->Liliopsida->Mesangiospermae->Magnoliophyta->Spermatophyta->Euphyllophyta->Tracheophyta->Embryophyta->Streptophyta->Chloroplastida->Archaeplastida->Eukaryota->cellular organisms->life" nexsonid "node609769"
pgloadind     taxon mapping OTT ID 487539 taxonomy "Calathea crotalifera->Calathea->Marantaceae->Zingiberales->commelinids->Petrosaviidae->Liliopsida->Mesangiospermae->Magnoliophyta->Spermatophyta->Euphyllophyta->Tracheophyta->Embryophyta->Streptophyta->Chloroplastida->Archaeplastida->Eukaryota->cellular organisms->life" nexsonid "node609770"
pgloadind     taxon mapping OTT ID 315782 taxonomy "Calathea latifolia->Calathea->Marantaceae->Zingiberales->commelinids->Petrosaviidae->Liliopsida->Mesangiospermae->Magnoliophyta->Spermatophyta->Euphyllophyta->Tracheophyta->Embryophyta->Streptophyta->Chloroplastida->Archaeplastida->Eukaryota->cellular organisms->life" nexsonid "node609773"
pgloadind     taxon mapping OTT ID 546751 taxonomy "Calathea lutea->Calathea->Marantaceae->Zingiberales->commelinids->Petrosaviidae->Liliopsida->Mesangiospermae->Magnoliophyta->Spermatophyta->Euphyllophyta->Tracheophyta->Embryophyta->Streptophyta->Chloroplastida->Archaeplastida->Eukaryota->cellular organisms->life" nexsonid "node609774"
pgloadind     taxon mapping OTT ID 156266 taxonomy "Calathea loeseneri->Calathea->Marantaceae->Zingiberales->commelinids->Petrosaviidae->Liliopsida->Mesangiospermae->Magnoliophyta->Spermatophyta->Euphyllophyta->Tracheophyta->Embryophyta->Streptophyta->Chloroplastida->Archaeplastida->Eukaryota->cellular organisms->life" nexsonid "node609776"
pgloadind     taxon mapping OTT ID 903314 taxonomy "Calathea pluriplicata->Calathea->Marantaceae->Zingiberales->commelinids->Petrosaviidae->Liliopsida->Mesangiospermae->Magnoliophyta->Spermatophyta->Euphyllophyta->Tracheophyta->Embryophyta->Streptophyta->Chloroplastida->Archaeplastida->Eukaryota->cellular organisms->life" nexsonid "node609777"
pgloadind     taxon mapping OTT ID 903320 taxonomy "Calathea ecuadoriana->Calathea->Marantaceae->Zingiberales->commelinids->Petrosaviidae->Liliopsida->Mesangiospermae->Magnoliophyta->Spermatophyta->Euphyllophyta->Tracheophyta->Embryophyta->Streptophyta->Chloroplastida->Archaeplastida->Eukaryota->cellular organisms->life" nexsonid "node609778"
pgloadind     taxon mapping OTT ID 903308 taxonomy "Calathea bella->Calathea->Marantaceae->Zingiberales->commelinids->Petrosaviidae->Liliopsida->Mesangiospermae->Magnoliophyta->Spermatophyta->Euphyllophyta->Tracheophyta->Embryophyta->Streptophyta->Chloroplastida->Archaeplastida->Eukaryota->cellular organisms->life" nexsonid "node609785"
pgloadind     taxon mapping OTT ID 890330 taxonomy "Calathea straminea->Calathea->Marantaceae->Zingiberales->commelinids->Petrosaviidae->Liliopsida->Mesangiospermae->Magnoliophyta->Spermatophyta->Euphyllophyta->Tracheophyta->Embryophyta->Streptophyta->Chloroplastida->Archaeplastida->Eukaryota->cellular organisms->life" nexsonid "node609786"
pgloadind     taxon mapping OTT ID 911716 taxonomy "Calathea rufibarba->Calathea->Marantaceae->Zingiberales->commelinids->Petrosaviidae->Liliopsida->Mesangiospermae->Magnoliophyta->Spermatophyta->Euphyllophyta->Tracheophyta->Embryophyta->Streptophyta->Chloroplastida->Archaeplastida->Eukaryota->cellular organisms->life" nexsonid "node609787"
pgloadind     taxon mapping OTT ID 890322 taxonomy "Calathea pavonii->Calathea->Marantaceae->Zingiberales->commelinids->Petrosaviidae->Liliopsida->Mesangiospermae->Magnoliophyta->Spermatophyta->Euphyllophyta->Tracheophyta->Embryophyta->Streptophyta->Chloroplastida->Archaeplastida->Eukaryota->cellular organisms->life" nexsonid "node609788"
pgloadind     taxon mapping OTT ID 890326 taxonomy "Calathea silvosa->Calathea->Marantaceae->Zingiberales->commelinids->Petrosaviidae->Liliopsida->Mesangiospermae->Magnoliophyta->Spermatophyta->Euphyllophyta->Tracheophyta->Embryophyta->Streptophyta->Chloroplastida->Archaeplastida->Eukaryota->cellular organisms->life" nexsonid "node609790"
pgloadind     taxon mapping OTT ID 903304 taxonomy "Calathea variegata->Calathea->Marantaceae->Zingiberales->commelinids->Petrosaviidae->Liliopsida->Mesangiospermae->Magnoliophyta->Spermatophyta->Euphyllophyta->Tracheophyta->Embryophyta->Streptophyta->Chloroplastida->Archaeplastida->Eukaryota->cellular organisms->life" nexsonid "node609791"
pgloadind     taxon mapping OTT ID 487533 taxonomy "Calathea petersenii->Calathea->Marantaceae->Zingiberales->commelinids->Petrosaviidae->Liliopsida->Mesangiospermae->Magnoliophyta->Spermatophyta->Euphyllophyta->Tracheophyta->Embryophyta->Streptophyta->Chloroplastida->Archaeplastida->Eukaryota->cellular organisms->life" nexsonid "node609792"
pgloadind     taxon mapping OTT ID 465852 taxonomy "Calathea villosa->Calathea->Marantaceae->Zingiberales->commelinids->Petrosaviidae->Liliopsida->Mesangiospermae->Magnoliophyta->Spermatophyta->Euphyllophyta->Tracheophyta->Embryophyta->Streptophyta->Chloroplastida->Archaeplastida->Eukaryota->cellular organisms->life" nexsonid "node609793"
pgloadind     taxon mapping OTT ID 486509 taxonomy "Calathea cyclophora->Calathea->Marantaceae->Zingiberales->commelinids->Petrosaviidae->Liliopsida->Mesangiospermae->Magnoliophyta->Spermatophyta->Euphyllophyta->Tracheophyta->Embryophyta->Streptophyta->Chloroplastida->Archaeplastida->Eukaryota->cellular organisms->life" nexsonid "node609798"
pgloadind     taxon mapping OTT ID 315777 taxonomy "Calathea guzmanioides->Calathea->Marantaceae->Zingiberales->commelinids->Petrosaviidae->Liliopsida->Mesangiospermae->Magnoliophyta->Spermatophyta->Euphyllophyta->Tracheophyta->Embryophyta->Streptophyta->Chloroplastida->Archaeplastida->Eukaryota->cellular organisms->life" nexsonid "node609800"
pgloadind     taxon mapping OTT ID 890318 taxonomy "Calathea microcephala->Calathea->Marantaceae->Zingiberales->commelinids->Petrosaviidae->Liliopsida->Mesangiospermae->Magnoliophyta->Spermatophyta->Euphyllophyta->Tracheophyta->Embryophyta->Streptophyta->Chloroplastida->Archaeplastida->Eukaryota->cellular organisms->life" nexsonid "node609801"
pgloadind     taxon mapping OTT ID 890324 taxonomy "Calathea mishuyacu->Calathea->Marantaceae->Zingiberales->commelinids->Petrosaviidae->Liliopsida->Mesangiospermae->Magnoliophyta->Spermatophyta->Euphyllophyta->Tracheophyta->Embryophyta->Streptophyta->Chloroplastida->Archaeplastida->Eukaryota->cellular organisms->life" nexsonid "node609802"
pgloadind     taxon mapping OTT ID 890311 taxonomy "Calathea undulata->Calathea->Marantaceae->Zingiberales->commelinids->Petrosaviidae->Liliopsida->Mesangiospermae->Magnoliophyta->Spermatophyta->Euphyllophyta->Tracheophyta->Embryophyta->Streptophyta->Chloroplastida->Archaeplastida->Eukaryota->cellular organisms->life" nexsonid "node609803"
pgloadind     taxon mapping OTT ID 486383 taxonomy "Calathea lanata->Calathea->Marantaceae->Zingiberales->commelinids->Petrosaviidae->Liliopsida->Mesangiospermae->Magnoliophyta->Spermatophyta->Euphyllophyta->Tracheophyta->Embryophyta->Streptophyta->Chloroplastida->Archaeplastida->Eukaryota->cellular organisms->life" nexsonid "node609804"
pgloadind     taxon mapping OTT ID 315775 taxonomy "Calathea fucata->Calathea->Marantaceae->Zingiberales->commelinids->Petrosaviidae->Liliopsida->Mesangiospermae->Magnoliophyta->Spermatophyta->Euphyllophyta->Tracheophyta->Embryophyta->Streptophyta->Chloroplastida->Archaeplastida->Eukaryota->cellular organisms->life" nexsonid "node609807"
pgloadind     taxon mapping OTT ID 911710 taxonomy "Calathea warscewiczii->Calathea->Marantaceae->Zingiberales->commelinids->Petrosaviidae->Liliopsida->Mesangiospermae->Magnoliophyta->Spermatophyta->Euphyllophyta->Tracheophyta->Embryophyta->Streptophyta->Chloroplastida->Archaeplastida->Eukaryota->cellular organisms->life" nexsonid "node609808"
pgloadind     taxon mapping OTT ID 315784 taxonomy "Calathea leonia->Calathea->Marantaceae->Zingiberales->commelinids->Petrosaviidae->Liliopsida->Mesangiospermae->Magnoliophyta->Spermatophyta->Euphyllophyta->Tracheophyta->Embryophyta->Streptophyta->Chloroplastida->Archaeplastida->Eukaryota->cellular organisms->life" nexsonid "node609810"
pgloadind     taxon mapping OTT ID 378227 taxonomy "Calathea vinosa->Calathea->Marantaceae->Zingiberales->commelinids->Petrosaviidae->Liliopsida->Mesangiospermae->Magnoliophyta->Spermatophyta->Euphyllophyta->Tracheophyta->Embryophyta->Streptophyta->Chloroplastida->Archaeplastida->Eukaryota->cellular organisms->life" nexsonid "node609811"
pgloadind     taxon mapping OTT ID 890313 taxonomy "Calathea timothei->Calathea->Marantaceae->Zingiberales->commelinids->Petrosaviidae->Liliopsida->Mesangiospermae->Magnoliophyta->Spermatophyta->Euphyllophyta->Tracheophyta->Embryophyta->Streptophyta->Chloroplastida->Archaeplastida->Eukaryota->cellular organisms->life" nexsonid "node609812"
pgloadind     taxon mapping OTT ID 941155 taxonomy "Calathea attenuata->Calathea->Marantaceae->Zingiberales->commelinids->Petrosaviidae->Liliopsida->Mesangiospermae->Magnoliophyta->Spermatophyta->Euphyllophyta->Tracheophyta->Embryophyta->Streptophyta->Chloroplastida->Archaeplastida->Eukaryota->cellular organisms->life" nexsonid "node609819"
pgloadind     taxon mapping OTT ID 315779 taxonomy "Calathea curaraya->Calathea->Marantaceae->Zingiberales->commelinids->Petrosaviidae->Liliopsida->Mesangiospermae->Magnoliophyta->Spermatophyta->Euphyllophyta->Tracheophyta->Embryophyta->Streptophyta->Chloroplastida->Archaeplastida->Eukaryota->cellular organisms->life" nexsonid "node609820"
pgloadind     taxon mapping OTT ID 903306 taxonomy "Calathea utilis->Calathea->Marantaceae->Zingiberales->commelinids->Petrosaviidae->Liliopsida->Mesangiospermae->Magnoliophyta->Spermatophyta->Euphyllophyta->Tracheophyta->Embryophyta->Streptophyta->Chloroplastida->Archaeplastida->Eukaryota->cellular organisms->life" nexsonid "node609821"
pgloadind     taxon mapping OTT ID 890320 taxonomy "Calathea marantina->Calathea->Marantaceae->Zingiberales->commelinids->Petrosaviidae->Liliopsida->Mesangiospermae->Magnoliophyta->Spermatophyta->Euphyllophyta->Tracheophyta->Embryophyta->Streptophyta->Chloroplastida->Archaeplastida->Eukaryota->cellular organisms->life" nexsonid "node609824"
pgloadind     taxon mapping OTT ID 487531 taxonomy "Calathea micans->Calathea->Marantaceae->Zingiberales->commelinids->Petrosaviidae->Liliopsida->Mesangiospermae->Magnoliophyta->Spermatophyta->Euphyllophyta->Tracheophyta->Embryophyta->Streptophyta->Chloroplastida->Archaeplastida->Eukaryota->cellular organisms->life" nexsonid "node609826"
pgloadind     taxon mapping OTT ID 890328 taxonomy "Calathea propinqua->Calathea->Marantaceae->Zingiberales->commelinids->Petrosaviidae->Liliopsida->Mesangiospermae->Magnoliophyta->Spermatophyta->Euphyllophyta->Tracheophyta->Embryophyta->Streptophyta->Chloroplastida->Archaeplastida->Eukaryota->cellular organisms->life" nexsonid "node609827"
pgloadind     taxon mapping OTT ID 1042601 taxonomy "Sanblasia dressleri->Sanblasia->Marantaceae->Zingiberales->commelinids->Petrosaviidae->Liliopsida->Mesangiospermae->Magnoliophyta->Spermatophyta->Euphyllophyta->Tracheophyta->Embryophyta->Streptophyta->Chloroplastida->Archaeplastida->Eukaryota->cellular organisms->life" nexsonid "node609828"
pgloadind     taxon mapping OTT ID 903318 taxonomy "Calathea gymnocarpa->Calathea->Marantaceae->Zingiberales->commelinids->Petrosaviidae->Liliopsida->Mesangiospermae->Magnoliophyta->Spermatophyta->Euphyllophyta->Tracheophyta->Embryophyta->Streptophyta->Chloroplastida->Archaeplastida->Eukaryota->cellular organisms->life" nexsonid "node609831"
pgloadind     taxon mapping OTT ID 315773 taxonomy "Calathea inocephala->Calathea->Marantaceae->Zingiberales->commelinids->Petrosaviidae->Liliopsida->Mesangiospermae->Magnoliophyta->Spermatophyta->Euphyllophyta->Tracheophyta->Embryophyta->Streptophyta->Chloroplastida->Archaeplastida->Eukaryota->cellular organisms->life" nexsonid "node609832"
pgloadind     taxon mapping OTT ID 835855 taxonomy "Calathea plurispicata->Calathea->Marantaceae->Zingiberales->commelinids->Petrosaviidae->Liliopsida->Mesangiospermae->Magnoliophyta->Spermatophyta->Euphyllophyta->Tracheophyta->Embryophyta->Streptophyta->Chloroplastida->Archaeplastida->Eukaryota->cellular organisms->life" nexsonid "node609833"
pgloadind     taxon mapping OTT ID 941157 taxonomy "Calathea anulque->Calathea->Marantaceae->Zingiberales->commelinids->Petrosaviidae->Liliopsida->Mesangiospermae->Magnoliophyta->Spermatophyta->Euphyllophyta->Tracheophyta->Embryophyta->Streptophyta->Chloroplastida->Archaeplastida->Eukaryota->cellular organisms->life" nexsonid "node609834"
pgloadind     taxon mapping OTT ID 465856 taxonomy "Ischnosiphon hirsutus->Ischnosiphon->Marantaceae->Zingiberales->commelinids->Petrosaviidae->Liliopsida->Mesangiospermae->Magnoliophyta->Spermatophyta->Euphyllophyta->Tracheophyta->Embryophyta->Streptophyta->Chloroplastida->Archaeplastida->Eukaryota->cellular organisms->life" nexsonid "node609837"
pgloadind     taxon mapping OTT ID 465858 taxonomy "Ischnosiphon macarenae->Ischnosiphon->Marantaceae->Zingiberales->commelinids->Petrosaviidae->Liliopsida->Mesangiospermae->Magnoliophyta->Spermatophyta->Euphyllophyta->Tracheophyta->Embryophyta->Streptophyta->Chloroplastida->Archaeplastida->Eukaryota->cellular organisms->life" nexsonid "node609838"
pgloadind     taxon mapping OTT ID 465860 taxonomy "Ischnosiphon obliquus->Ischnosiphon->Marantaceae->Zingiberales->commelinids->Petrosaviidae->Liliopsida->Mesangiospermae->Magnoliophyta->Spermatophyta->Euphyllophyta->Tracheophyta->Embryophyta->Streptophyta->Chloroplastida->Archaeplastida->Eukaryota->cellular organisms->life" nexsonid "node609839"
pgloadind     taxon mapping OTT ID 378210 taxonomy "Ischnosiphon puberulus->Ischnosiphon->Marantaceae->Zingiberales->commelinids->Petrosaviidae->Liliopsida->Mesangiospermae->Magnoliophyta->Spermatophyta->Euphyllophyta->Tracheophyta->Embryophyta->Streptophyta->Chloroplastida->Archaeplastida->Eukaryota->cellular organisms->life" nexsonid "node609841"
pgloadind     taxon mapping OTT ID 378212 taxonomy "Ischnosiphon rotundifolius->Ischnosiphon->Marantaceae->Zingiberales->commelinids->Petrosaviidae->Liliopsida->Mesangiospermae->Magnoliophyta->Spermatophyta->Euphyllophyta->Tracheophyta->Embryophyta->Streptophyta->Chloroplastida->Archaeplastida->Eukaryota->cellular organisms->life" nexsonid "node609842"
pgloadind     taxon mapping OTT ID 337085 taxonomy "Ischnosiphon leucophaeus->Ischnosiphon->Marantaceae->Zingiberales->commelinids->Petrosaviidae->Liliopsida->Mesangiospermae->Magnoliophyta->Spermatophyta->Euphyllophyta->Tracheophyta->Embryophyta->Streptophyta->Chloroplastida->Archaeplastida->Eukaryota->cellular organisms->life" nexsonid "node609844"
pgloadind     taxon mapping OTT ID 386559 taxonomy "Pleiostachya pruinosa->Pleiostachya->Marantaceae->Zingiberales->commelinids->Petrosaviidae->Liliopsida->Mesangiospermae->Magnoliophyta->Spermatophyta->Euphyllophyta->Tracheophyta->Embryophyta->Streptophyta->Chloroplastida->Archaeplastida->Eukaryota->cellular organisms->life" nexsonid "node609845"
pgloadind     taxon mapping OTT ID 465862 taxonomy "Monotagma juruanum->Monotagma->Marantaceae->Zingiberales->commelinids->Petrosaviidae->Liliopsida->Mesangiospermae->Magnoliophyta->Spermatophyta->Euphyllophyta->Tracheophyta->Embryophyta->Streptophyta->Chloroplastida->Archaeplastida->Eukaryota->cellular organisms->life" nexsonid "node609849"
pgloadind     taxon mapping OTT ID 720323 taxonomy "Monotagma laxum->Monotagma->Marantaceae->Zingiberales->commelinids->Petrosaviidae->Liliopsida->Mesangiospermae->Magnoliophyta->Spermatophyta->Euphyllophyta->Tracheophyta->Embryophyta->Streptophyta->Chloroplastida->Archaeplastida->Eukaryota->cellular organisms->life" nexsonid "node609851"
pgloadind     taxon mapping OTT ID 853553 taxonomy "Monotagma papillosum->Monotagma->Marantaceae->Zingiberales->commelinids->Petrosaviidae->Liliopsida->Mesangiospermae->Magnoliophyta->Spermatophyta->Euphyllophyta->Tracheophyta->Embryophyta->Streptophyta->Chloroplastida->Archaeplastida->Eukaryota->cellular organisms->life" nexsonid "node609852"
pgloadind     taxon mapping OTT ID 465864 taxonomy "Monotagma secundum->Monotagma->Marantaceae->Zingiberales->commelinids->Petrosaviidae->Liliopsida->Mesangiospermae->Magnoliophyta->Spermatophyta->Euphyllophyta->Tracheophyta->Embryophyta->Streptophyta->Chloroplastida->Archaeplastida->Eukaryota->cellular organisms->life" nexsonid "node609855"
pgloadind     taxon mapping OTT ID 465847 taxonomy "Monotagma tuberosum->Monotagma->Marantaceae->Zingiberales->commelinids->Petrosaviidae->Liliopsida->Mesangiospermae->Magnoliophyta->Spermatophyta->Euphyllophyta->Tracheophyta->Embryophyta->Streptophyta->Chloroplastida->Archaeplastida->Eukaryota->cellular organisms->life" nexsonid "node609856"
pgloadind     taxon mapping OTT ID 853549 taxonomy "Monotagma smaragdinum->Monotagma->Marantaceae->Zingiberales->commelinids->Petrosaviidae->Liliopsida->Mesangiospermae->Magnoliophyta->Spermatophyta->Euphyllophyta->Tracheophyta->Embryophyta->Streptophyta->Chloroplastida->Archaeplastida->Eukaryota->cellular organisms->life" nexsonid "node609857"
pgloadind     taxon mapping OTT ID 465845 taxonomy "Monotagma tomentosum->Monotagma->Marantaceae->Zingiberales->commelinids->Petrosaviidae->Liliopsida->Mesangiospermae->Magnoliophyta->Spermatophyta->Euphyllophyta->Tracheophyta->Embryophyta->Streptophyta->Chloroplastida->Archaeplastida->Eukaryota->cellular organisms->life" nexsonid "node609858"
done fixing name
pgloadind Finished with attempts to fix names
pgloadind   Checking for uniqueness of OTT IDs tree id "2849"
pgloadind   Adding tree to graph tree id "2849"
all trees have all taxa: false
	using bipartition technique
attempting to remap tips to deepest exemplified taxa
	Sanblasia dressleri was remapped to 'Sanblasia' (id=2954846)
	Pleiostachya pruinosa was remapped to 'Pleiostachya' (id=2954520)
this is the ROOT
placing root in index
Dealing with metadata property: id
Dealing with metadata property: ot:studyPublicationReference
Adding property 'ot:studyPublicationReference': Borchsenius, F., Suárez, L. S. S., & Prince, L. M. (2012). Molecular phylogeny and redefined generic limits of Calathea (Marantaceae). Systematic Botany, 37(3), 620-635.
Dealing with metadata property: ot:focalCladeOTTTaxonName
Adding property 'ot:focalCladeOTTTaxonName': Marantaceae
Dealing with metadata property: ot:studyYear
Adding property 'ot:studyYear': 2012
Dealing with metadata property: ot:inGroupClade
Adding property 'ot:inGroupClade': node609750
Dealing with metadata property: ot:curatorName
Adding property 'ot:curatorName': Jiabin Deng
Dealing with metadata property: ot:studyPublication
Adding property 'ot:studyPublication': http://dx.doi.org/10.1600/036364412X648571
Dealing with metadata property: ot:focalClade
Adding property 'ot:focalClade': 627012
Dealing with metadata property: ot:curatedType
Adding property 'ot:curatedType': Fig. 1
Dealing with metadata property: ot:studyId
Adding property 'ot:studyId': 1424
Dealing with metadata property: ot:dataDeposit
Adding property 'ot:dataDeposit': http://purl.org/phylo/treebase/phylows/study/TB2:S12469
Committing nodes: 109
