pgloadind OTUs number 134
pgloadind Processing tree @id "3744"
pgloadind   tree info number nodes 206
pgloadind   tree info number edges 205
pgloadind   tree info ingroup "node708719"
pgloadind   Setting ingroup root node.
pgloadind   Ingested tree number of external nodes 102
pgloadind   property added ot:studyPublicationReference "Kathriarachchi, H. [et al. 2006], Samuel, R., Hoffmann, P., Mlinarec, J., Wurdack, K. J., Ralimanana, H., Stuessy, T. F.,& Chase, M. W. 2006. Phylogenetics of tribe Phyllantheae (Phyllanthaceae; Euphorbiaceae sensu lato) based on nrITS and plastid matK sequence data. American J. Bot. 93: 637-655."
pgloadind   property added ot:studyPublication "http://dx.doi.org/10.3732/ajb.93.4.637"
pgloadind   property added ot:curatorName "bryan drew"
pgloadind   property added ot:studyId "1844"
pgloadind   property added ot:studyYear "2006"
pgloadind   property added ot:focalClade "62390"
pgloadind   property added ot:focalCladeOTTTaxonName "Phyllanthaceae"
pgloadind   property added ot:branchLengthMode "ot:substitutionCount"
pgloadind   property added ot:inGroupClade "node708719"
pgloadind   property added ot:curatedType "ML best tree"
pgloadind Processing tree @id "3749"
pgloadind   tree info number nodes 208
pgloadind   tree info number edges 207
pgloadind   tree info ingroup "node709110"
pgloadind   Setting ingroup root node.
pgloadind   Ingested tree number of external nodes 102
pgloadind   property added ot:studyPublicationReference "Kathriarachchi, H. [et al. 2006], Samuel, R., Hoffmann, P., Mlinarec, J., Wurdack, K. J., Ralimanana, H., Stuessy, T. F.,& Chase, M. W. 2006. Phylogenetics of tribe Phyllantheae (Phyllanthaceae; Euphorbiaceae sensu lato) based on nrITS and plastid matK sequence data. American J. Bot. 93: 637-655."
pgloadind   property added ot:studyPublication "http://dx.doi.org/10.3732/ajb.93.4.637"
pgloadind   property added ot:curatorName "bryan drew"
pgloadind   property added ot:studyId "1844"
pgloadind   property added ot:studyYear "2006"
pgloadind   property added ot:focalClade "62390"
pgloadind   property added ot:focalCladeOTTTaxonName "Phyllanthaceae"
pgloadind   property added ot:branchLengthMode "ot:substitutionCount"
pgloadind   property added ot:inGroupClade "node709110"
pgloadind   property added ot:curatedType "ML best tree"
pgloadind Processing tree @id "3750"
pgloadind   tree info number nodes 206
pgloadind   tree info number edges 205
pgloadind   tree info ingroup "node709318"
pgloadind   Setting ingroup root node.
pgloadind   Ingested tree number of external nodes 97
pgloadind   property added ot:studyPublicationReference "Kathriarachchi, H. [et al. 2006], Samuel, R., Hoffmann, P., Mlinarec, J., Wurdack, K. J., Ralimanana, H., Stuessy, T. F.,& Chase, M. W. 2006. Phylogenetics of tribe Phyllantheae (Phyllanthaceae; Euphorbiaceae sensu lato) based on nrITS and plastid matK sequence data. American J. Bot. 93: 637-655."
pgloadind   property added ot:studyPublication "http://dx.doi.org/10.3732/ajb.93.4.637"
pgloadind   property added ot:curatorName "bryan drew"
pgloadind   property added ot:studyId "1844"
pgloadind   property added ot:studyYear "2006"
pgloadind   property added ot:focalClade "62390"
pgloadind   property added ot:focalCladeOTTTaxonName "Phyllanthaceae"
pgloadind   property added ot:branchLengthMode "ot:substitutionCount"
pgloadind   property added ot:inGroupClade "node709318"
pgloadind   property added ot:curatedType "ML"
loading a specific tree: 3744
skipping tree: 3749
skipping tree: 3750
pgloadind conducting TNRS on trees
pgloadind   name fixing on tree tree id "3744"
pgloadind     OTT ID missing name "Phyllanthus diandrus 2903" nexsonid "node708721"
pgloadind     OTT ID missing name "Phyllanthus maderaspatensis 14403" nexsonid "node708738"
pgloadind     OTT ID missing name "Phyllanthus welwitschianus 14400" nexsonid "node708742"
pgloadind     OTT ID missing name "Phyllanthus cochinchinensis" nexsonid "node708743"
pgloadind     OTT ID missing name "Phyllanthus myrtifolius HK12" nexsonid "node708745"
pgloadind     OTT ID missing name "Phyllanthus wheeleri HK33" nexsonid "node708747"
pgloadind     OTT ID missing name "Phyllanthus gardnerianus HK4" nexsonid "node708749"
pgloadind     OTT ID missing name "Phyllanthus virgatus 14404" nexsonid "node708751"
pgloadind     OTT ID missing name "Phyllanthus chrysanthus 17693" nexsonid "node708752"
pgloadind     OTT ID missing name "Phyllanthus calycinus 2163" nexsonid "node708756"
pgloadind     OTT ID missing name "Phyllanthus pulcher HK13" nexsonid "node708758"
pgloadind     OTT ID missing name "Phyllanthus cinereus HK66" nexsonid "node708759"
pgloadind     OTT ID missing name "Phyllanthus cf. mantsakariva 11448" nexsonid "node708762"
pgloadind     OTT ID missing name "Phyllanthus pervilleanus 15924" nexsonid "node708764"
pgloadind     OTT ID missing name "Phyllanthus decipiens 14455" nexsonid "node708765"
pgloadind     OTT ID missing name "Phyllanthus cf. fuscoluridus 11578" nexsonid "node708766"
pgloadind     OTT ID missing name "Phyllanthus muellerianus 17707" nexsonid "node708767"
pgloadind     OTT ID missing name "Phyllanthus reticulatus HK34" nexsonid "node708768"
pgloadind     OTT ID missing name "Phyllanthus amarus 15929" nexsonid "node708774"
pgloadind     OTT ID missing name "Phyllanthus amarus 14744" nexsonid "node708775"
pgloadind     OTT ID missing name "Phyllanthus tenellus 15923" nexsonid "node708780"
pgloadind     OTT ID missing name "Phyllanthus nummulariifolius 526" nexsonid "node708781"
pgloadind     OTT ID missing name "Phyllanthus nummulariifolius 11459" nexsonid "node708783"
pgloadind     OTT ID missing name "Phyllanthus nummulariifolius 11576" nexsonid "node708784"
pgloadind     OTT ID missing name "Phyllanthus pentandrus 17702" nexsonid "node708785"
pgloadind     OTT ID missing name "Phyllanthus lokohensis 414" nexsonid "node708790"
pgloadind     OTT ID missing name "Phyllanthus madagascariensis 306" nexsonid "node708791"
pgloadind     OTT ID missing name "Phyllanthus hutchinsonianus 17702" nexsonid "node708792"
pgloadind     OTT ID missing name "Phyllanthus gossweileri 17706" nexsonid "node708793"
pgloadind     OTT ID missing name "Phyllanthus sepialis 17701" nexsonid "node708795"
pgloadind     OTT ID missing name "Phyllanthus rheedii 18142" nexsonid "node708797"
pgloadind     OTT ID missing name "Phyllanthus debilis HK15" nexsonid "node708799"
pgloadind     OTT ID missing name "Phyllanthus mannianus 18267" nexsonid "node708800"
pgloadind     OTT ID missing name "Phyllanthus kanalensis 17692" nexsonid "node708806"
pgloadind     OTT ID missing name "Phyllanthus favieri 17695" nexsonid "node708807"
pgloadind     OTT ID missing name "Phyllanthus loranthoides 15101" nexsonid "node708808"
pgloadind     OTT ID missing name "Phyllanthus unifoliatus 7986" nexsonid "node708809"
pgloadind     OTT ID missing name "Phyllanthus aff. moorei 17705" nexsonid "node708812"
pgloadind     OTT ID missing name "Phyllanthus chamaecerasus 17694" nexsonid "node708813"
pgloadind     OTT ID missing name "Phyllanthus pancherianus 17708" nexsonid "node708814"
pgloadind     OTT ID missing name "Phyllanthus juglandifolius 15095" nexsonid "node708820"
pgloadind     OTT ID missing name "Phyllanthus juglandifolius 14456" nexsonid "node708821"
pgloadind     OTT ID missing name "Phyllanthus chryseus 17061" nexsonid "node708824"
pgloadind     OTT ID missing name "Phyllanthus cf. chamaecristoides 17059" nexsonid "node708827"
pgloadind     OTT ID missing name "Phyllanthus orbicularis 17057" nexsonid "node708828"
pgloadind     OTT ID missing name "Phyllanthus sPhyllanthus 81889" nexsonid "node708829"
pgloadind     OTT ID missing name "Phyllanthus sPhyllanthus 81817" nexsonid "node708830"
pgloadind     OTT ID missing name "Phyllanthus cf. orbicularis 17058" nexsonid "node708831"
pgloadind     OTT ID missing name "Phyllanthus comosus 81777" nexsonid "node708832"
pgloadind     OTT ID missing name "Phyllanthus discolor 15099" nexsonid "node708833"
pgloadind     OTT ID missing name "Phyllanthus microdictyus 17062" nexsonid "node708835"
pgloadind     OTT ID missing name "Phyllanthus epiphyllanthus 81902" nexsonid "node708837"
pgloadind     OTT ID missing name "Phyllanthus angustifolius 14454" nexsonid "node708838"
pgloadind     OTT ID missing name "Phyllanthus pachystylus 17060" nexsonid "node708840"
pgloadind     OTT ID missing name "Phyllanthus salviifolius 15097" nexsonid "node708841"
pgloadind     OTT ID missing name "Phyllanthus sellowianus 14463" nexsonid "node708842"
pgloadind     OTT ID missing name "Phyllanthus acuminatus 17054" nexsonid "node708846"
pgloadind     OTT ID missing name "Phyllanthus graveolens 17716" nexsonid "node708847"
pgloadind     OTT ID missing name "Phyllanthus kaessneri 15106" nexsonid "node708848"
pgloadind     OTT ID missing name "Phyllanthus fluitans HK70" nexsonid "node708851"
pgloadind     OTT ID missing name "Phyllanthus caroliniensis 14402" nexsonid "node708852"
pgloadind     OTT ID missing name "Phyllanthus niruri 1297" nexsonid "node708853"
pgloadind     OTT ID missing name "Phyllanthus klotzschianus 780" nexsonid "node708855"
pgloadind     OTT ID missing name "Phyllanthus claussenii 17698" nexsonid "node708856"
pgloadind     OTT ID missing name "Phyllanthus purpusii 14466" nexsonid "node708857"
pgloadind     OTT ID missing name "Phyllanthus andalangiensis 413" nexsonid "node708861"
pgloadind     OTT ID missing name "Phyllanthus vakinakaratrae 435" nexsonid "node708862"
pgloadind     OTT ID missing name "Phyllanthus betsileanus 548" nexsonid "node708864"
pgloadind     OTT ID missing name "Phyllanthus betsileanus 15105" nexsonid "node708865"
pgloadind     OTT ID missing name "Phyllanthus urinaria HK3" nexsonid "node708868"
pgloadind     OTT ID missing name "Phyllanthus urinaria 15915" nexsonid "node708869"
pgloadind     OTT ID missing name "Phyllanthus polyphyllus 11457" nexsonid "node708872"
pgloadind     OTT ID missing name "Phyllanthus emblica 14459" nexsonid "node708873"
pgloadind     OTT ID missing name "Phyllanthus oxyphyllus 14410" nexsonid "node708874"
pgloadind     OTT ID missing name "Phyllanthus chacoensis 17691" nexsonid "node708878"
pgloadind     OTT ID missing name "Phyllanthus acidus 14405" nexsonid "node708879"
pgloadind     OTT ID missing name "Phyllanthus pinnatus 2189" nexsonid "node708880"
pgloadind     OTT ID missing name "Phyllanthus mirabilis 2957" nexsonid "node708906"
pgloadind   TNRS unmatched total number 67
pgloadind     TNRS resolved ottId OTT ID 772614 name "Phyllanthus cochinchinensis" searched on "Phyllanthus cochinchinensis" nexsonid "node708743"
pgloadind     pruning unmapped name "Phyllanthus gardnerianus HK4" nexsonid "node708749"
pgloadind     pruning unmapped name "Phyllanthus polyphyllus 11457" nexsonid "node708872"
pgloadind     pruning unmapped name "Phyllanthus sellowianus 14463" nexsonid "node708842"
pgloadind     pruning unmapped name "Phyllanthus virgatus 14404" nexsonid "node708751"
pgloadind     pruning unmapped name "Phyllanthus angustifolius 14454" nexsonid "node708838"
pgloadind     pruning unmapped name "Phyllanthus wheeleri HK33" nexsonid "node708747"
pgloadind     pruning unmapped name "Phyllanthus sPhyllanthus 81889" nexsonid "node708829"
pgloadind     pruning unmapped name "Phyllanthus cf. orbicularis 17058" nexsonid "node708831"
pgloadind     pruning unmapped name "Phyllanthus acidus 14405" nexsonid "node708879"
pgloadind     pruning unmapped name "Phyllanthus mannianus 18267" nexsonid "node708800"
pgloadind     pruning unmapped name "Phyllanthus urinaria 15915" nexsonid "node708869"
pgloadind     pruning unmapped name "Phyllanthus pinnatus 2189" nexsonid "node708880"
pgloadind     pruning unmapped name "Phyllanthus amarus 15929" nexsonid "node708774"
pgloadind     pruning unmapped name "Phyllanthus lokohensis 414" nexsonid "node708790"
pgloadind     pruning unmapped name "Phyllanthus chamaecerasus 17694" nexsonid "node708813"
pgloadind     pruning unmapped name "Phyllanthus discolor 15099" nexsonid "node708833"
pgloadind     pruning unmapped name "Phyllanthus epiphyllanthus 81902" nexsonid "node708837"
pgloadind     pruning unmapped name "Phyllanthus tenellus 15923" nexsonid "node708780"
pgloadind     pruning unmapped name "Phyllanthus myrtifolius HK12" nexsonid "node708745"
pgloadind     pruning unmapped name "Phyllanthus sPhyllanthus 81817" nexsonid "node708830"
pgloadind     pruning unmapped name "Phyllanthus graveolens 17716" nexsonid "node708847"
pgloadind     pruning unmapped name "Phyllanthus nummulariifolius 526" nexsonid "node708781"
pgloadind     pruning unmapped name "Phyllanthus betsileanus 15105" nexsonid "node708865"
pgloadind     pruning unmapped name "Phyllanthus cinereus HK66" nexsonid "node708759"
pgloadind     pruning unmapped name "Phyllanthus pentandrus 17702" nexsonid "node708785"
pgloadind     pruning unmapped name "Phyllanthus purpusii 14466" nexsonid "node708857"
pgloadind     pruning unmapped name "Phyllanthus welwitschianus 14400" nexsonid "node708742"
pgloadind     pruning unmapped name "Phyllanthus urinaria HK3" nexsonid "node708868"
pgloadind     pruning unmapped name "Phyllanthus calycinus 2163" nexsonid "node708756"
pgloadind     pruning unmapped name "Phyllanthus pachystylus 17060" nexsonid "node708840"
pgloadind     pruning unmapped name "Phyllanthus andalangiensis 413" nexsonid "node708861"
pgloadind     pruning unmapped name "Phyllanthus niruri 1297" nexsonid "node708853"
pgloadind     pruning unmapped name "Phyllanthus fluitans HK70" nexsonid "node708851"
pgloadind     pruning unmapped name "Phyllanthus mirabilis 2957" nexsonid "node708906"
pgloadind     pruning unmapped name "Phyllanthus cf. fuscoluridus 11578" nexsonid "node708766"
pgloadind     pruning unmapped name "Phyllanthus nummulariifolius 11459" nexsonid "node708783"
pgloadind     pruning unmapped name "Phyllanthus madagascariensis 306" nexsonid "node708791"
pgloadind     pruning unmapped name "Phyllanthus sepialis 17701" nexsonid "node708795"
pgloadind     pruning unmapped name "Phyllanthus salviifolius 15097" nexsonid "node708841"
pgloadind     pruning unmapped name "Phyllanthus microdictyus 17062" nexsonid "node708835"
pgloadind     pruning unmapped name "Phyllanthus debilis HK15" nexsonid "node708799"
pgloadind     pruning unmapped name "Phyllanthus betsileanus 548" nexsonid "node708864"
pgloadind     pruning unmapped name "Phyllanthus chryseus 17061" nexsonid "node708824"
pgloadind     pruning unmapped name "Phyllanthus rheedii 18142" nexsonid "node708797"
pgloadind     pruning unmapped name "Phyllanthus favieri 17695" nexsonid "node708807"
pgloadind     pruning unmapped name "Phyllanthus juglandifolius 14456" nexsonid "node708821"
pgloadind     pruning unmapped name "Phyllanthus claussenii 17698" nexsonid "node708856"
pgloadind     pruning unmapped name "Phyllanthus pervilleanus 15924" nexsonid "node708764"
pgloadind     pruning unmapped name "Phyllanthus diandrus 2903" nexsonid "node708721"
pgloadind     pruning unmapped name "Phyllanthus hutchinsonianus 17702" nexsonid "node708792"
pgloadind     pruning unmapped name "Phyllanthus aff. moorei 17705" nexsonid "node708812"
pgloadind     pruning unmapped name "Phyllanthus pancherianus 17708" nexsonid "node708814"
pgloadind     pruning unmapped name "Phyllanthus juglandifolius 15095" nexsonid "node708820"
pgloadind     pruning unmapped name "Phyllanthus chacoensis 17691" nexsonid "node708878"
pgloadind     pruning unmapped name "Phyllanthus kaessneri 15106" nexsonid "node708848"
pgloadind     pruning unmapped name "Phyllanthus vakinakaratrae 435" nexsonid "node708862"
pgloadind     pruning unmapped name "Phyllanthus comosus 81777" nexsonid "node708832"
pgloadind     pruning unmapped name "Phyllanthus caroliniensis 14402" nexsonid "node708852"
pgloadind     pruning unmapped name "Phyllanthus chrysanthus 17693" nexsonid "node708752"
pgloadind     pruning unmapped name "Phyllanthus loranthoides 15101" nexsonid "node708808"
pgloadind     pruning unmapped name "Phyllanthus decipiens 14455" nexsonid "node708765"
pgloadind     pruning unmapped name "Phyllanthus cf. chamaecristoides 17059" nexsonid "node708827"
pgloadind     pruning unmapped name "Phyllanthus maderaspatensis 14403" nexsonid "node708738"
pgloadind     pruning unmapped name "Phyllanthus klotzschianus 780" nexsonid "node708855"
pgloadind     pruning unmapped name "Phyllanthus amarus 14744" nexsonid "node708775"
pgloadind     pruning unmapped name "Phyllanthus pulcher HK13" nexsonid "node708758"
pgloadind     pruning unmapped name "Phyllanthus emblica 14459" nexsonid "node708873"
pgloadind     pruning unmapped name "Phyllanthus oxyphyllus 14410" nexsonid "node708874"
pgloadind     pruning unmapped name "Phyllanthus nummulariifolius 11576" nexsonid "node708784"
pgloadind     pruning unmapped name "Phyllanthus muellerianus 17707" nexsonid "node708767"
pgloadind     pruning unmapped name "Phyllanthus unifoliatus 7986" nexsonid "node708809"
pgloadind     pruning unmapped name "Phyllanthus acuminatus 17054" nexsonid "node708846"
pgloadind     pruning unmapped name "Phyllanthus cf. mantsakariva 11448" nexsonid "node708762"
pgloadind     pruning unmapped name "Phyllanthus orbicularis 17057" nexsonid "node708828"
pgloadind     pruning unmapped name "Phyllanthus reticulatus HK34" nexsonid "node708768"
pgloadind     pruning unmapped name "Phyllanthus gossweileri 17706" nexsonid "node708793"
pgloadind     pruning unmapped name "Phyllanthus kanalensis 17692" nexsonid "node708806"
pgloadind   postpruning newick tree "(((Savia_bahamensis,(Flueggea_suffruticosa,Flueggea_tinctoria,(Flueggea_leucopyrus,Flueggea_virosa),Richeriella_gracilis)),(Phyllanthus_cochinchinensis,(Reverchonia_arenaria,((Sauropus_elachophyllus,(Sauropus_spatulifolius,(((Breynia_vitis-idaea,Breynia_retusa),(Breynia_disticha,(Breynia_cernua,Breynia_stipitata))),Sauropus_retroversus,Sauropus_androgynus,Sauropus_orbicularis,Sauropus_thorelii))),(Glochidion_cf_nemorale_Kathriarachchi_et_al_36,(Glochidion_puberum,Glochidion_pycnocarpum)))))),(Margaritaria_cyanosperma,(Margaritaria_rhomboidalis,Margaritaria_discoidea)))"
pgloadind   taxon mapping summary
pgloadind     taxon mapping OTT ID 734977 taxonomy "Savia bahamensis->Savia->Wielandieae->Phyllanthaceae->Malpighiales->fabids->rosids->Pentapetalae->Gunneridae->eudicotyledons->Mesangiospermae->Magnoliophyta->Spermatophyta->Euphyllophyta->Tracheophyta->Embryophyta->Streptophyta->Chloroplastida->Archaeplastida->Eukaryota->cellular organisms->life" nexsonid "node708729"
pgloadind     taxon mapping OTT ID 351504 taxonomy "Flueggea suffruticosa->Flueggea->Phyllantheae->Phyllanthaceae->Malpighiales->fabids->rosids->Pentapetalae->Gunneridae->eudicotyledons->Mesangiospermae->Magnoliophyta->Spermatophyta->Euphyllophyta->Tracheophyta->Embryophyta->Streptophyta->Chloroplastida->Archaeplastida->Eukaryota->cellular organisms->life" nexsonid "node708731"
pgloadind     taxon mapping OTT ID 98943 taxonomy "Flueggea tinctoria->Flueggea->Phyllantheae->Phyllanthaceae->Malpighiales->fabids->rosids->Pentapetalae->Gunneridae->eudicotyledons->Mesangiospermae->Magnoliophyta->Spermatophyta->Euphyllophyta->Tracheophyta->Embryophyta->Streptophyta->Chloroplastida->Archaeplastida->Eukaryota->cellular organisms->life" nexsonid "node708732"
pgloadind     taxon mapping OTT ID 98942 taxonomy "Flueggea leucopyrus->Flueggea->Phyllantheae->Phyllanthaceae->Malpighiales->fabids->rosids->Pentapetalae->Gunneridae->eudicotyledons->Mesangiospermae->Magnoliophyta->Spermatophyta->Euphyllophyta->Tracheophyta->Embryophyta->Streptophyta->Chloroplastida->Archaeplastida->Eukaryota->cellular organisms->life" nexsonid "node708734"
pgloadind     taxon mapping OTT ID 351505 taxonomy "Flueggea virosa->Flueggea->Phyllantheae->Phyllanthaceae->Malpighiales->fabids->rosids->Pentapetalae->Gunneridae->eudicotyledons->Mesangiospermae->Magnoliophyta->Spermatophyta->Euphyllophyta->Tracheophyta->Embryophyta->Streptophyta->Chloroplastida->Archaeplastida->Eukaryota->cellular organisms->life" nexsonid "node708735"
pgloadind     taxon mapping OTT ID 924373 taxonomy "Richeriella gracilis->Richeriella->Phyllantheae->Phyllanthaceae->Malpighiales->fabids->rosids->Pentapetalae->Gunneridae->eudicotyledons->Mesangiospermae->Magnoliophyta->Spermatophyta->Euphyllophyta->Tracheophyta->Embryophyta->Streptophyta->Chloroplastida->Archaeplastida->Eukaryota->cellular organisms->life" nexsonid "node708736"
pgloadind     taxon mapping OTT ID 772614 taxonomy "Phyllanthus cochinchinensis->Phyllanthus->Phyllantheae->Phyllanthaceae->Malpighiales->fabids->rosids->Pentapetalae->Gunneridae->eudicotyledons->Mesangiospermae->Magnoliophyta->Spermatophyta->Euphyllophyta->Tracheophyta->Embryophyta->Streptophyta->Chloroplastida->Archaeplastida->Eukaryota->cellular organisms->life" nexsonid "node708743"
pgloadind     taxon mapping OTT ID 425947 taxonomy "Reverchonia arenaria->Reverchonia->Phyllantheae->Phyllanthaceae->Malpighiales->fabids->rosids->Pentapetalae->Gunneridae->eudicotyledons->Mesangiospermae->Magnoliophyta->Spermatophyta->Euphyllophyta->Tracheophyta->Embryophyta->Streptophyta->Chloroplastida->Archaeplastida->Eukaryota->cellular organisms->life" nexsonid "node708772"
pgloadind     taxon mapping OTT ID 987690 taxonomy "Sauropus elachophyllus->Sauropus->Phyllantheae->Phyllanthaceae->Malpighiales->fabids->rosids->Pentapetalae->Gunneridae->eudicotyledons->Mesangiospermae->Magnoliophyta->Spermatophyta->Euphyllophyta->Tracheophyta->Embryophyta->Streptophyta->Chloroplastida->Archaeplastida->Eukaryota->cellular organisms->life" nexsonid "node708883"
pgloadind     taxon mapping OTT ID 577669 taxonomy "Sauropus spatulifolius->Sauropus->Phyllantheae->Phyllanthaceae->Malpighiales->fabids->rosids->Pentapetalae->Gunneridae->eudicotyledons->Mesangiospermae->Magnoliophyta->Spermatophyta->Euphyllophyta->Tracheophyta->Embryophyta->Streptophyta->Chloroplastida->Archaeplastida->Eukaryota->cellular organisms->life" nexsonid "node708885"
pgloadind     taxon mapping OTT ID 98946 taxonomy "Breynia vitis-idaea->Breynia->Phyllantheae->Phyllanthaceae->Malpighiales->fabids->rosids->Pentapetalae->Gunneridae->eudicotyledons->Mesangiospermae->Magnoliophyta->Spermatophyta->Euphyllophyta->Tracheophyta->Embryophyta->Streptophyta->Chloroplastida->Archaeplastida->Eukaryota->cellular organisms->life" nexsonid "node708889"
pgloadind     taxon mapping OTT ID 98944 taxonomy "Breynia retusa->Breynia->Phyllantheae->Phyllanthaceae->Malpighiales->fabids->rosids->Pentapetalae->Gunneridae->eudicotyledons->Mesangiospermae->Magnoliophyta->Spermatophyta->Euphyllophyta->Tracheophyta->Embryophyta->Streptophyta->Chloroplastida->Archaeplastida->Eukaryota->cellular organisms->life" nexsonid "node708890"
pgloadind     taxon mapping OTT ID 1051521 taxonomy "Breynia disticha->Breynia->Phyllantheae->Phyllanthaceae->Malpighiales->fabids->rosids->Pentapetalae->Gunneridae->eudicotyledons->Mesangiospermae->Magnoliophyta->Spermatophyta->Euphyllophyta->Tracheophyta->Embryophyta->Streptophyta->Chloroplastida->Archaeplastida->Eukaryota->cellular organisms->life" nexsonid "node708892"
pgloadind     taxon mapping OTT ID 895360 taxonomy "Breynia cernua->Breynia->Phyllantheae->Phyllanthaceae->Malpighiales->fabids->rosids->Pentapetalae->Gunneridae->eudicotyledons->Mesangiospermae->Magnoliophyta->Spermatophyta->Euphyllophyta->Tracheophyta->Embryophyta->Streptophyta->Chloroplastida->Archaeplastida->Eukaryota->cellular organisms->life" nexsonid "node708894"
pgloadind     taxon mapping OTT ID 825579 taxonomy "Breynia stipitata->Breynia->Phyllantheae->Phyllanthaceae->Malpighiales->fabids->rosids->Pentapetalae->Gunneridae->eudicotyledons->Mesangiospermae->Magnoliophyta->Spermatophyta->Euphyllophyta->Tracheophyta->Embryophyta->Streptophyta->Chloroplastida->Archaeplastida->Eukaryota->cellular organisms->life" nexsonid "node708895"
pgloadind     taxon mapping OTT ID 577670 taxonomy "Sauropus retroversus->Sauropus->Phyllantheae->Phyllanthaceae->Malpighiales->fabids->rosids->Pentapetalae->Gunneridae->eudicotyledons->Mesangiospermae->Magnoliophyta->Spermatophyta->Euphyllophyta->Tracheophyta->Embryophyta->Streptophyta->Chloroplastida->Archaeplastida->Eukaryota->cellular organisms->life" nexsonid "node708896"
pgloadind     taxon mapping OTT ID 855617 taxonomy "Sauropus androgynus->Sauropus->Phyllantheae->Phyllanthaceae->Malpighiales->fabids->rosids->Pentapetalae->Gunneridae->eudicotyledons->Mesangiospermae->Magnoliophyta->Spermatophyta->Euphyllophyta->Tracheophyta->Embryophyta->Streptophyta->Chloroplastida->Archaeplastida->Eukaryota->cellular organisms->life" nexsonid "node708897"
pgloadind     taxon mapping OTT ID 987691 taxonomy "Sauropus orbicularis->Sauropus->Phyllantheae->Phyllanthaceae->Malpighiales->fabids->rosids->Pentapetalae->Gunneridae->eudicotyledons->Mesangiospermae->Magnoliophyta->Spermatophyta->Euphyllophyta->Tracheophyta->Embryophyta->Streptophyta->Chloroplastida->Archaeplastida->Eukaryota->cellular organisms->life" nexsonid "node708898"
pgloadind     taxon mapping OTT ID 352144 taxonomy "Sauropus thorelii->Sauropus->Phyllantheae->Phyllanthaceae->Malpighiales->fabids->rosids->Pentapetalae->Gunneridae->eudicotyledons->Mesangiospermae->Magnoliophyta->Spermatophyta->Euphyllophyta->Tracheophyta->Embryophyta->Streptophyta->Chloroplastida->Archaeplastida->Eukaryota->cellular organisms->life" nexsonid "node708899"
pgloadind     taxon mapping OTT ID 98953 taxonomy "Glochidion cf. nemorale Kathriarachchi et al. 36->Glochidion->Phyllantheae->Phyllanthaceae->Malpighiales->fabids->rosids->Pentapetalae->Gunneridae->eudicotyledons->Mesangiospermae->Magnoliophyta->Spermatophyta->Euphyllophyta->Tracheophyta->Embryophyta->Streptophyta->Chloroplastida->Archaeplastida->Eukaryota->cellular organisms->life" nexsonid "node708902"
pgloadind     taxon mapping OTT ID 351500 taxonomy "Glochidion puberum->Glochidion->Phyllantheae->Phyllanthaceae->Malpighiales->fabids->rosids->Pentapetalae->Gunneridae->eudicotyledons->Mesangiospermae->Magnoliophyta->Spermatophyta->Euphyllophyta->Tracheophyta->Embryophyta->Streptophyta->Chloroplastida->Archaeplastida->Eukaryota->cellular organisms->life" nexsonid "node708904"
pgloadind     taxon mapping OTT ID 98954 taxonomy "Glochidion pycnocarpum->Glochidion->Phyllantheae->Phyllanthaceae->Malpighiales->fabids->rosids->Pentapetalae->Gunneridae->eudicotyledons->Mesangiospermae->Magnoliophyta->Spermatophyta->Euphyllophyta->Tracheophyta->Embryophyta->Streptophyta->Chloroplastida->Archaeplastida->Eukaryota->cellular organisms->life" nexsonid "node708905"
pgloadind     taxon mapping OTT ID 1007232 taxonomy "Margaritaria cyanosperma->Margaritaria->Phyllantheae->Phyllanthaceae->Malpighiales->fabids->rosids->Pentapetalae->Gunneridae->eudicotyledons->Mesangiospermae->Magnoliophyta->Spermatophyta->Euphyllophyta->Tracheophyta->Embryophyta->Streptophyta->Chloroplastida->Archaeplastida->Eukaryota->cellular organisms->life" nexsonid "node708723"
pgloadind     taxon mapping OTT ID 352167 taxonomy "Margaritaria rhomboidalis->Margaritaria->Phyllantheae->Phyllanthaceae->Malpighiales->fabids->rosids->Pentapetalae->Gunneridae->eudicotyledons->Mesangiospermae->Magnoliophyta->Spermatophyta->Euphyllophyta->Tracheophyta->Embryophyta->Streptophyta->Chloroplastida->Archaeplastida->Eukaryota->cellular organisms->life" nexsonid "node708725"
pgloadind     taxon mapping OTT ID 352170 taxonomy "Margaritaria discoidea->Margaritaria->Phyllantheae->Phyllanthaceae->Malpighiales->fabids->rosids->Pentapetalae->Gunneridae->eudicotyledons->Mesangiospermae->Magnoliophyta->Spermatophyta->Euphyllophyta->Tracheophyta->Embryophyta->Streptophyta->Chloroplastida->Archaeplastida->Eukaryota->cellular organisms->life" nexsonid "node708726"
done fixing name
pgloadind Finished with attempts to fix names
pgloadind   Checking for uniqueness of OTT IDs tree id "3744"
pgloadind   Adding tree to graph tree id "3744"
all trees have all taxa: false
	using bipartition technique
attempting to remap tips to deepest exemplified taxa
	Savia bahamensis was remapped to 'Wielandieae' (id=2854551)
	Reverchonia arenaria was remapped to 'Reverchonia' (id=2852281)
	Richeriella gracilis was remapped to 'Richeriella' (id=2854473)
	Phyllanthus cochinchinensis was remapped to 'Phyllanthus' (id=2852289)
this is the ROOT
placing root in index
Dealing with metadata property: id
Dealing with metadata property: ot:studyPublicationReference
Adding property 'ot:studyPublicationReference': Kathriarachchi, H. [et al. 2006], Samuel, R., Hoffmann, P., Mlinarec, J., Wurdack, K. J., Ralimanana, H., Stuessy, T. F.,& Chase, M. W. 2006. Phylogenetics of tribe Phyllantheae (Phyllanthaceae; Euphorbiaceae sensu lato) based on nrITS and plastid matK sequence data. American J. Bot. 93: 637-655.
Dealing with metadata property: ot:focalCladeOTTTaxonName
Adding property 'ot:focalCladeOTTTaxonName': Phyllanthaceae
Dealing with metadata property: ot:studyYear
Adding property 'ot:studyYear': 2006
Dealing with metadata property: ot:inGroupClade
Adding property 'ot:inGroupClade': node708719
Dealing with metadata property: ot:branchLengthMode
Adding property 'ot:branchLengthMode': ot:substitutionCount
Dealing with metadata property: ot:curatorName
Adding property 'ot:curatorName': bryan drew
Dealing with metadata property: ot:studyPublication
Adding property 'ot:studyPublication': http://dx.doi.org/10.3732/ajb.93.4.637
Dealing with metadata property: ot:focalClade
Adding property 'ot:focalClade': 62390
Dealing with metadata property: ot:curatedType
Adding property 'ot:curatedType': ML best tree
Dealing with metadata property: ot:studyId
Adding property 'ot:studyId': 1844
Committing nodes: 44
