pgloadind OTUs number 66
pgloadind Processing tree @id "4437"
pgloadind   tree info number nodes 121
pgloadind   tree info number edges 120
pgloadind   tree info ingroup "node803092"
pgloadind   Setting ingroup root node.
pgloadind   Ingested tree number of external nodes 66
pgloadind   property added ot:studyPublicationReference "Ishikawa N., Yokoyama J., & Tsukaya H. 2009. Molecular evidence of reticulate evolution in the subgenus Plantago (Plantaginaceae). American Journal of Botany, 96(9): 1627-1635."
pgloadind   property added ot:studyPublication "http://dx.doi.org/10.3732/ajb.0800400"
pgloadind   property added ot:curatorName "bryan drew"
pgloadind   property added ot:dataDeposit "http://purl.org/phylo/treebase/phylows/study/TB2:S9999"
pgloadind   property added ot:studyId "2128"
pgloadind   property added ot:studyYear "2009"
pgloadind   property added ot:focalClade "609811"
pgloadind   property added ot:focalCladeOTTTaxonName "Plantago"
pgloadind   property added ot:inGroupClade "node803092"
pgloadind   property added ot:curatedType "Fig. 2"
loading a specific tree: 4437
pgloadind conducting TNRS on trees
pgloadind   name fixing on tree tree id "4437"
pgloadind   all nodes have ottIds
pgloadind     OTT ID reused in tree
pgloadind       duplicate name "Plantago alpina" nexsonid "node803096"
pgloadind       duplicate OTT ID 217265
pgloadind     OTT ID reused in tree
pgloadind       duplicate name "Plantago maritima" nexsonid "node803101"
pgloadind       duplicate OTT ID 236705
pgloadind     OTT ID reused in tree
pgloadind       duplicate name "Plantago maritima" nexsonid "node803102"
pgloadind       duplicate OTT ID 236705
pgloadind     OTT ID reused in tree
pgloadind       duplicate name "Plantago maritima" nexsonid "node803103"
pgloadind       duplicate OTT ID 236705
pgloadind     OTT ID reused in tree
pgloadind       duplicate name "Plantago tenuiflora" nexsonid "node803107"
pgloadind       duplicate OTT ID 185911
pgloadind     OTT ID reused in tree
pgloadind       duplicate name "Plantago major" nexsonid "node803117"
pgloadind       duplicate OTT ID 122965
pgloadind     OTT ID reused in tree
pgloadind       duplicate name "Plantago formosana" nexsonid "node803124"
pgloadind       duplicate OTT ID 943266
pgloadind     OTT ID reused in tree
pgloadind       duplicate name "Plantago rigida" nexsonid "node803130"
pgloadind       duplicate OTT ID 989045
pgloadind     OTT ID reused in tree
pgloadind       duplicate name "Plantago rigida" nexsonid "node803131"
pgloadind       duplicate OTT ID 989045
pgloadind     OTT ID reused in tree
pgloadind       duplicate name "Plantago rigida" nexsonid "node803133"
pgloadind       duplicate OTT ID 989045
pgloadind     OTT ID reused in tree
pgloadind       duplicate name "Plantago rigida" nexsonid "node803134"
pgloadind       duplicate OTT ID 989045
pgloadind     OTT ID reused in tree
pgloadind       duplicate name "Plantago australis" nexsonid "node803144"
pgloadind       duplicate OTT ID 989047
pgloadind     OTT ID reused in tree
pgloadind       duplicate name "Plantago asiatica" nexsonid "node803149"
pgloadind       duplicate OTT ID 217282
pgloadind     OTT ID reused in tree
pgloadind       duplicate name "Plantago asiatica f. yakusimensis" nexsonid "node803150"
pgloadind       duplicate OTT ID 838274
pgloadind     OTT ID reused in tree
pgloadind       duplicate name "Plantago formosana" nexsonid "node803151"
pgloadind       duplicate OTT ID 943266
pgloadind     OTT ID reused in tree
pgloadind       duplicate name "Plantago rugelii" nexsonid "node803153"
pgloadind       duplicate OTT ID 989042
pgloadind     OTT ID reused in tree
pgloadind       duplicate name "Plantago trinitatis" nexsonid "node803156"
pgloadind       duplicate OTT ID 160915
pgloadind     OTT ID reused in tree
pgloadind       duplicate name "Plantago tomentosa" nexsonid "node803157"
pgloadind       duplicate OTT ID 185909
pgloadind     OTT ID reused in tree
pgloadind       duplicate name "Plantago australis" nexsonid "node803158"
pgloadind       duplicate OTT ID 989047
pgloadind     OTT ID reused in tree
pgloadind       duplicate name "Plantago virginica" nexsonid "node803159"
pgloadind       duplicate OTT ID 12535
pgloadind     OTT ID reused in tree
pgloadind       duplicate name "Plantago australis" nexsonid "node803160"
pgloadind       duplicate OTT ID 989047
pgloadind     OTT ID reused in tree
pgloadind       duplicate name "Plantago stauntonii" nexsonid "node803171"
pgloadind       duplicate OTT ID 185900
pgloadind     OTT ID reused in tree
pgloadind       duplicate name "Plantago spathulata" nexsonid "node803174"
pgloadind       duplicate OTT ID 185904
pgloadind     OTT ID reused in tree
pgloadind       duplicate name "Plantago spathulata" nexsonid "node803175"
pgloadind       duplicate OTT ID 185904
pgloadind     OTT ID reused in tree
pgloadind       duplicate name "Plantago raoulii" nexsonid "node803176"
pgloadind       duplicate OTT ID 463394
pgloadind     OTT ID reused in tree
pgloadind       duplicate name "Plantago spathulata" nexsonid "node803179"
pgloadind       duplicate OTT ID 185904
pgloadind     OTT ID reused in tree
pgloadind       duplicate name "Plantago spathulata" nexsonid "node803180"
pgloadind       duplicate OTT ID 185904
pgloadind     OTT ID reused in tree
pgloadind       duplicate name "Plantago raoulii" nexsonid "node803181"
pgloadind       duplicate OTT ID 463394
pgloadind     OTT ID reused in tree
pgloadind       duplicate name "Plantago spathulata" nexsonid "node803183"
pgloadind       duplicate OTT ID 185904
pgloadind     OTT ID reused in tree
pgloadind       duplicate name "Plantago spathulata" nexsonid "node803184"
pgloadind       duplicate OTT ID 185904
pgloadind     OTT ID reused in tree
pgloadind       duplicate name "Plantago raoulii" nexsonid "node803185"
pgloadind       duplicate OTT ID 463394
pgloadind     OTT ID reused in tree
pgloadind       duplicate name "Plantago uniglumis" nexsonid "node803193"
pgloadind       duplicate OTT ID 160919
pgloadind     OTT ID reused in tree
pgloadind       duplicate name "Plantago uniglumis" nexsonid "node803194"
pgloadind       duplicate OTT ID 160919
pgloadind     OTT ID reused in tree
pgloadind       duplicate name "Plantago uniglumis" nexsonid "node803196"
pgloadind       duplicate OTT ID 160919
pgloadind     OTT ID reused in tree
pgloadind       duplicate name "Plantago uniglumis" nexsonid "node803197"
pgloadind       duplicate OTT ID 160919
pgloadind     OTT ID reused in tree
pgloadind       duplicate name "Plantago palmata" nexsonid "node803201"
pgloadind       duplicate OTT ID 811320
pgloadind     OTT ID reused in tree
pgloadind       duplicate name "Plantago maxima" nexsonid "node803205"
pgloadind       duplicate OTT ID 811331
pgloadind     OTT ID reused in tree
pgloadind       duplicate name "Plantago media" nexsonid "node803210"
pgloadind       duplicate OTT ID 989039
pgloadind     OTT ID reused in tree
pgloadind       duplicate name "Plantago media" nexsonid "node803211"
pgloadind       duplicate OTT ID 989039
pgloadind     OTT ID reused in tree
pgloadind       duplicate name "Plantago media" nexsonid "node803212"
pgloadind       duplicate OTT ID 989039
pgloadind     overlapping tips
pgloadind       overlapping retained name "Plantago major var. japonica" nexsonid "node803118"
pgloadind       overlapping pruned name "Plantago major" nexsonid "node803116"
pgloadind     overlapping tips
pgloadind       overlapping retained name "Plantago asiatica" nexsonid "node803121"
pgloadind       overlapping pruned name "Plantago asiatica f. yakusimensis" nexsonid "node803122"
pgloadind     pruning dups and overlapping name "Plantago uniglumis" nexsonid "node803197"
pgloadind     pruning dups and overlapping name "Plantago major" nexsonid "node803116"
pgloadind     pruning dups and overlapping name "Plantago spathulata" nexsonid "node803180"
pgloadind     pruning dups and overlapping name "Plantago spathulata" nexsonid "node803175"
pgloadind     pruning dups and overlapping name "Plantago australis" nexsonid "node803144"
pgloadind     pruning dups and overlapping name "Plantago formosana" nexsonid "node803151"
pgloadind     pruning dups and overlapping name "Plantago palmata" nexsonid "node803201"
pgloadind     pruning dups and overlapping name "Plantago raoulii" nexsonid "node803176"
pgloadind     pruning dups and overlapping name "Plantago australis" nexsonid "node803158"
pgloadind     pruning dups and overlapping name "Plantago virginica" nexsonid "node803159"
pgloadind     pruning dups and overlapping name "Plantago media" nexsonid "node803211"
pgloadind     pruning dups and overlapping name "Plantago media" nexsonid "node803210"
pgloadind     pruning dups and overlapping name "Plantago uniglumis" nexsonid "node803194"
pgloadind     pruning dups and overlapping name "Plantago trinitatis" nexsonid "node803156"
pgloadind     pruning dups and overlapping name "Plantago rigida" nexsonid "node803131"
pgloadind     pruning dups and overlapping name "Plantago raoulii" nexsonid "node803181"
pgloadind     pruning dups and overlapping name "Plantago australis" nexsonid "node803160"
pgloadind     pruning dups and overlapping name "Plantago uniglumis" nexsonid "node803193"
pgloadind     pruning dups and overlapping name "Plantago spathulata" nexsonid "node803184"
pgloadind     pruning dups and overlapping name "Plantago major" nexsonid "node803117"
pgloadind     pruning dups and overlapping name "Plantago alpina" nexsonid "node803096"
pgloadind     pruning dups and overlapping name "Plantago asiatica f. yakusimensis" nexsonid "node803122"
pgloadind     pruning dups and overlapping name "Plantago rigida" nexsonid "node803130"
pgloadind     pruning dups and overlapping name "Plantago rigida" nexsonid "node803134"
pgloadind     pruning dups and overlapping name "Plantago tenuiflora" nexsonid "node803107"
pgloadind     pruning dups and overlapping name "Plantago spathulata" nexsonid "node803183"
pgloadind     pruning dups and overlapping name "Plantago spathulata" nexsonid "node803179"
pgloadind     pruning dups and overlapping name "Plantago maritima" nexsonid "node803102"
pgloadind     pruning dups and overlapping name "Plantago tomentosa" nexsonid "node803157"
pgloadind     pruning dups and overlapping name "Plantago uniglumis" nexsonid "node803196"
pgloadind     pruning dups and overlapping name "Plantago raoulii" nexsonid "node803185"
pgloadind     pruning dups and overlapping name "Plantago rugelii" nexsonid "node803153"
pgloadind     pruning dups and overlapping name "Plantago maritima" nexsonid "node803101"
pgloadind     pruning dups and overlapping name "Plantago maritima" nexsonid "node803103"
pgloadind     pruning dups and overlapping name "Plantago maxima" nexsonid "node803205"
pgloadind     pruning dups and overlapping name "Plantago formosana" nexsonid "node803124"
pgloadind     pruning dups and overlapping name "Plantago spathulata" nexsonid "node803174"
pgloadind     pruning dups and overlapping name "Plantago asiatica" nexsonid "node803149"
pgloadind     pruning dups and overlapping name "Plantago media" nexsonid "node803212"
pgloadind     pruning dups and overlapping name "Plantago rigida" nexsonid "node803133"
pgloadind     pruning dups and overlapping name "Plantago asiatica f. yakusimensis" nexsonid "node803150"
pgloadind     pruning dups and overlapping name "Plantago stauntonii" nexsonid "node803171"
pgloadind   postpruning newick tree "((Plantago_alpina,Plantago_maritima),((((((((Plantago_major_var_japonica,(Plantago_asiatica,Plantago_formosana)),Plantago_rugelii),Plantago_rigida),Plantago_palmata),Plantago_cornuti,(Plantago_virginica,((Plantago_trinitatis,Plantago_tomentosa),Plantago_australis))),(((Plantago_depressa,Plantago_camtschatica),((Plantago_debilis,Plantago_spathulata,Plantago_raoulii),Plantago_stauntonii)),Plantago_uniglumis)),((Plantago_maxima,Plantago_media),Plantago_reniformis)),Plantago_tenuiflora))"
pgloadind   taxon mapping summary
pgloadind     taxon mapping OTT ID 217265 taxonomy "Plantago alpina->Plantago->Plantagineae->Plantaginaceae->Core_Lamiales->Lamiales->lamiids->asterids->Pentapetalae->Gunneridae->eudicotyledons->Mesangiospermae->Magnoliophyta->Spermatophyta->Euphyllophyta->Tracheophyta->Embryophyta->Streptophyta->Chloroplastida->Archaeplastida->Eukaryota->cellular organisms->life" nexsonid "node803094"
pgloadind     taxon mapping OTT ID 236705 taxonomy "Plantago maritima->Plantago->Plantagineae->Plantaginaceae->Core_Lamiales->Lamiales->lamiids->asterids->Pentapetalae->Gunneridae->eudicotyledons->Mesangiospermae->Magnoliophyta->Spermatophyta->Euphyllophyta->Tracheophyta->Embryophyta->Streptophyta->Chloroplastida->Archaeplastida->Eukaryota->cellular organisms->life" nexsonid "node803100"
pgloadind     taxon mapping OTT ID 943262 taxonomy "Plantago major var. japonica->Plantago major->Plantago->Plantagineae->Plantaginaceae->Core_Lamiales->Lamiales->lamiids->asterids->Pentapetalae->Gunneridae->eudicotyledons->Mesangiospermae->Magnoliophyta->Spermatophyta->Euphyllophyta->Tracheophyta->Embryophyta->Streptophyta->Chloroplastida->Archaeplastida->Eukaryota->cellular organisms->life" nexsonid "node803118"
pgloadind     taxon mapping OTT ID 217282 taxonomy "Plantago asiatica->Plantago->Plantagineae->Plantaginaceae->Core_Lamiales->Lamiales->lamiids->asterids->Pentapetalae->Gunneridae->eudicotyledons->Mesangiospermae->Magnoliophyta->Spermatophyta->Euphyllophyta->Tracheophyta->Embryophyta->Streptophyta->Chloroplastida->Archaeplastida->Eukaryota->cellular organisms->life" nexsonid "node803121"
pgloadind     taxon mapping OTT ID 943266 taxonomy "Plantago formosana->Plantago->Plantagineae->Plantaginaceae->Core_Lamiales->Lamiales->lamiids->asterids->Pentapetalae->Gunneridae->eudicotyledons->Mesangiospermae->Magnoliophyta->Spermatophyta->Euphyllophyta->Tracheophyta->Embryophyta->Streptophyta->Chloroplastida->Archaeplastida->Eukaryota->cellular organisms->life" nexsonid "node803123"
pgloadind     taxon mapping OTT ID 989042 taxonomy "Plantago rugelii->Plantago->Plantagineae->Plantaginaceae->Core_Lamiales->Lamiales->lamiids->asterids->Pentapetalae->Gunneridae->eudicotyledons->Mesangiospermae->Magnoliophyta->Spermatophyta->Euphyllophyta->Tracheophyta->Embryophyta->Streptophyta->Chloroplastida->Archaeplastida->Eukaryota->cellular organisms->life" nexsonid "node803125"
pgloadind     taxon mapping OTT ID 989045 taxonomy "Plantago rigida->Plantago->Plantagineae->Plantaginaceae->Core_Lamiales->Lamiales->lamiids->asterids->Pentapetalae->Gunneridae->eudicotyledons->Mesangiospermae->Magnoliophyta->Spermatophyta->Euphyllophyta->Tracheophyta->Embryophyta->Streptophyta->Chloroplastida->Archaeplastida->Eukaryota->cellular organisms->life" nexsonid "node803129"
pgloadind     taxon mapping OTT ID 811320 taxonomy "Plantago palmata->Plantago->Plantagineae->Plantaginaceae->Core_Lamiales->Lamiales->lamiids->asterids->Pentapetalae->Gunneridae->eudicotyledons->Mesangiospermae->Magnoliophyta->Spermatophyta->Euphyllophyta->Tracheophyta->Embryophyta->Streptophyta->Chloroplastida->Archaeplastida->Eukaryota->cellular organisms->life" nexsonid "node803135"
pgloadind     taxon mapping OTT ID 217285 taxonomy "Plantago cornuti->Plantago->Plantagineae->Plantaginaceae->Core_Lamiales->Lamiales->lamiids->asterids->Pentapetalae->Gunneridae->eudicotyledons->Mesangiospermae->Magnoliophyta->Spermatophyta->Euphyllophyta->Tracheophyta->Embryophyta->Streptophyta->Chloroplastida->Archaeplastida->Eukaryota->cellular organisms->life" nexsonid "node803136"
pgloadind     taxon mapping OTT ID 12535 taxonomy "Plantago virginica->Plantago->Plantagineae->Plantaginaceae->Core_Lamiales->Lamiales->lamiids->asterids->Pentapetalae->Gunneridae->eudicotyledons->Mesangiospermae->Magnoliophyta->Spermatophyta->Euphyllophyta->Tracheophyta->Embryophyta->Streptophyta->Chloroplastida->Archaeplastida->Eukaryota->cellular organisms->life" nexsonid "node803145"
pgloadind     taxon mapping OTT ID 160915 taxonomy "Plantago trinitatis->Plantago->Plantagineae->Plantaginaceae->Core_Lamiales->Lamiales->lamiids->asterids->Pentapetalae->Gunneridae->eudicotyledons->Mesangiospermae->Magnoliophyta->Spermatophyta->Euphyllophyta->Tracheophyta->Embryophyta->Streptophyta->Chloroplastida->Archaeplastida->Eukaryota->cellular organisms->life" nexsonid "node803141"
pgloadind     taxon mapping OTT ID 185909 taxonomy "Plantago tomentosa->Plantago->Plantagineae->Plantaginaceae->Core_Lamiales->Lamiales->lamiids->asterids->Pentapetalae->Gunneridae->eudicotyledons->Mesangiospermae->Magnoliophyta->Spermatophyta->Euphyllophyta->Tracheophyta->Embryophyta->Streptophyta->Chloroplastida->Archaeplastida->Eukaryota->cellular organisms->life" nexsonid "node803142"
pgloadind     taxon mapping OTT ID 989047 taxonomy "Plantago australis->Plantago->Plantagineae->Plantaginaceae->Core_Lamiales->Lamiales->lamiids->asterids->Pentapetalae->Gunneridae->eudicotyledons->Mesangiospermae->Magnoliophyta->Spermatophyta->Euphyllophyta->Tracheophyta->Embryophyta->Streptophyta->Chloroplastida->Archaeplastida->Eukaryota->cellular organisms->life" nexsonid "node803143"
pgloadind     taxon mapping OTT ID 1004414 taxonomy "Plantago depressa->Plantago->Plantagineae->Plantaginaceae->Core_Lamiales->Lamiales->lamiids->asterids->Pentapetalae->Gunneridae->eudicotyledons->Mesangiospermae->Magnoliophyta->Spermatophyta->Euphyllophyta->Tracheophyta->Embryophyta->Streptophyta->Chloroplastida->Archaeplastida->Eukaryota->cellular organisms->life" nexsonid "node803187"
pgloadind     taxon mapping OTT ID 648648 taxonomy "Plantago camtschatica->Plantago->Plantagineae->Plantaginaceae->Core_Lamiales->Lamiales->lamiids->asterids->Pentapetalae->Gunneridae->eudicotyledons->Mesangiospermae->Magnoliophyta->Spermatophyta->Euphyllophyta->Tracheophyta->Embryophyta->Streptophyta->Chloroplastida->Archaeplastida->Eukaryota->cellular organisms->life" nexsonid "node803188"
pgloadind     taxon mapping OTT ID 236725 taxonomy "Plantago debilis->Plantago->Plantagineae->Plantaginaceae->Core_Lamiales->Lamiales->lamiids->asterids->Pentapetalae->Gunneridae->eudicotyledons->Mesangiospermae->Magnoliophyta->Spermatophyta->Euphyllophyta->Tracheophyta->Embryophyta->Streptophyta->Chloroplastida->Archaeplastida->Eukaryota->cellular organisms->life" nexsonid "node803167"
pgloadind     taxon mapping OTT ID 185904 taxonomy "Plantago spathulata->Plantago->Plantagineae->Plantaginaceae->Core_Lamiales->Lamiales->lamiids->asterids->Pentapetalae->Gunneridae->eudicotyledons->Mesangiospermae->Magnoliophyta->Spermatophyta->Euphyllophyta->Tracheophyta->Embryophyta->Streptophyta->Chloroplastida->Archaeplastida->Eukaryota->cellular organisms->life" nexsonid "node803168"
pgloadind     taxon mapping OTT ID 463394 taxonomy "Plantago raoulii->Plantago->Plantagineae->Plantaginaceae->Core_Lamiales->Lamiales->lamiids->asterids->Pentapetalae->Gunneridae->eudicotyledons->Mesangiospermae->Magnoliophyta->Spermatophyta->Euphyllophyta->Tracheophyta->Embryophyta->Streptophyta->Chloroplastida->Archaeplastida->Eukaryota->cellular organisms->life" nexsonid "node803169"
pgloadind     taxon mapping OTT ID 185900 taxonomy "Plantago stauntonii->Plantago->Plantagineae->Plantaginaceae->Core_Lamiales->Lamiales->lamiids->asterids->Pentapetalae->Gunneridae->eudicotyledons->Mesangiospermae->Magnoliophyta->Spermatophyta->Euphyllophyta->Tracheophyta->Embryophyta->Streptophyta->Chloroplastida->Archaeplastida->Eukaryota->cellular organisms->life" nexsonid "node803170"
pgloadind     taxon mapping OTT ID 160919 taxonomy "Plantago uniglumis->Plantago->Plantagineae->Plantaginaceae->Core_Lamiales->Lamiales->lamiids->asterids->Pentapetalae->Gunneridae->eudicotyledons->Mesangiospermae->Magnoliophyta->Spermatophyta->Euphyllophyta->Tracheophyta->Embryophyta->Streptophyta->Chloroplastida->Archaeplastida->Eukaryota->cellular organisms->life" nexsonid "node803191"
pgloadind     taxon mapping OTT ID 811331 taxonomy "Plantago maxima->Plantago->Plantagineae->Plantaginaceae->Core_Lamiales->Lamiales->lamiids->asterids->Pentapetalae->Gunneridae->eudicotyledons->Mesangiospermae->Magnoliophyta->Spermatophyta->Euphyllophyta->Tracheophyta->Embryophyta->Streptophyta->Chloroplastida->Archaeplastida->Eukaryota->cellular organisms->life" nexsonid "node803204"
pgloadind     taxon mapping OTT ID 989039 taxonomy "Plantago media->Plantago->Plantagineae->Plantaginaceae->Core_Lamiales->Lamiales->lamiids->asterids->Pentapetalae->Gunneridae->eudicotyledons->Mesangiospermae->Magnoliophyta->Spermatophyta->Euphyllophyta->Tracheophyta->Embryophyta->Streptophyta->Chloroplastida->Archaeplastida->Eukaryota->cellular organisms->life" nexsonid "node803209"
pgloadind     taxon mapping OTT ID 560312 taxonomy "Plantago reniformis->Plantago->Plantagineae->Plantaginaceae->Core_Lamiales->Lamiales->lamiids->asterids->Pentapetalae->Gunneridae->eudicotyledons->Mesangiospermae->Magnoliophyta->Spermatophyta->Euphyllophyta->Tracheophyta->Embryophyta->Streptophyta->Chloroplastida->Archaeplastida->Eukaryota->cellular organisms->life" nexsonid "node803200"
pgloadind     taxon mapping OTT ID 185911 taxonomy "Plantago tenuiflora->Plantago->Plantagineae->Plantaginaceae->Core_Lamiales->Lamiales->lamiids->asterids->Pentapetalae->Gunneridae->eudicotyledons->Mesangiospermae->Magnoliophyta->Spermatophyta->Euphyllophyta->Tracheophyta->Embryophyta->Streptophyta->Chloroplastida->Archaeplastida->Eukaryota->cellular organisms->life" nexsonid "node803106"
done fixing name
pgloadind Finished with attempts to fix names
pgloadind   Checking for uniqueness of OTT IDs tree id "4437"
pgloadind   Adding tree to graph tree id "4437"
all trees have all taxa: false
	using bipartition technique
attempting to remap tips to deepest exemplified taxa
	Plantago major var. japonica was remapped to 'Plantago major' (id=2763158)
this is the ROOT
placing root in index
Dealing with metadata property: id
Dealing with metadata property: ot:studyPublicationReference
Adding property 'ot:studyPublicationReference': Ishikawa N., Yokoyama J., & Tsukaya H. 2009. Molecular evidence of reticulate evolution in the subgenus Plantago (Plantaginaceae). American Journal of Botany, 96(9): 1627-1635.
Dealing with metadata property: ot:focalCladeOTTTaxonName
Adding property 'ot:focalCladeOTTTaxonName': Plantago
Dealing with metadata property: ot:studyYear
Adding property 'ot:studyYear': 2009
Dealing with metadata property: ot:inGroupClade
Adding property 'ot:inGroupClade': node803092
Dealing with metadata property: ot:curatorName
Adding property 'ot:curatorName': bryan drew
Dealing with metadata property: ot:studyPublication
Adding property 'ot:studyPublication': http://dx.doi.org/10.3732/ajb.0800400
Dealing with metadata property: ot:focalClade
Adding property 'ot:focalClade': 609811
Dealing with metadata property: ot:curatedType
Adding property 'ot:curatedType': Fig. 2
Dealing with metadata property: ot:studyId
Adding property 'ot:studyId': 2128
Dealing with metadata property: ot:dataDeposit
Adding property 'ot:dataDeposit': http://purl.org/phylo/treebase/phylows/study/TB2:S9999
Committing nodes: 45
