pgloadind OTUs number 160
pgloadind Processing tree @id "525"
pgloadind   tree info number nodes 265
pgloadind   tree info number edges 264
pgloadind   tree info ingroup "node209068"
pgloadind   Setting ingroup root node.
pgloadind   Ingested tree number of external nodes 151
pgloadind   property added ot:studyPublicationReference "Aliscioni, S. S. , Giussani, L. M., Zuloaga, F. O., & Kellogg, E. A. 2003. A molecular phylogeny of Panicum (Poaceae: Paniceae): Tests of monophyly and phylogenetic placement within the Panicoideae. American J. Bot. 90: 796-821."
pgloadind   property added ot:studyPublication "http://dx.doi.org/10.3732/ajb.90.5.796"
pgloadind   property added ot:curatorName "Jiabin Deng"
pgloadind   property added ot:dataDeposit "http://purl.org/phylo/treebase/phylows/study/TB2:S1530"
pgloadind   property added ot:studyId "410"
pgloadind   property added ot:studyYear "2003"
pgloadind   property added ot:focalClade "709879"
pgloadind   property added ot:focalCladeOTTTaxonName "Panicum"
pgloadind   property added ot:inGroupClade "node209068"
pgloadind   property added ot:curatedType "157 tree 1"
pgloadind Processing tree @id "526"
pgloadind   tree info number nodes 215
pgloadind   tree info number edges 214
pgloadind   tree info ingroup "node209335"
pgloadind   Setting ingroup root node.
pgloadind   Ingested tree number of external nodes 119
pgloadind   property added ot:studyPublicationReference "Aliscioni, S. S. , Giussani, L. M., Zuloaga, F. O., & Kellogg, E. A. 2003. A molecular phylogeny of Panicum (Poaceae: Paniceae): Tests of monophyly and phylogenetic placement within the Panicoideae. American J. Bot. 90: 796-821."
pgloadind   property added ot:studyPublication "http://dx.doi.org/10.3732/ajb.90.5.796"
pgloadind   property added ot:curatorName "Jiabin Deng"
pgloadind   property added ot:dataDeposit "http://purl.org/phylo/treebase/phylows/study/TB2:S1530"
pgloadind   property added ot:studyId "410"
pgloadind   property added ot:studyYear "2003"
pgloadind   property added ot:focalClade "709879"
pgloadind   property added ot:focalCladeOTTTaxonName "Panicum"
pgloadind   property added ot:inGroupClade "node209335"
pgloadind   property added ot:curatedType "123 tree 2"
loading a specific tree: 525
skipping tree: 526
pgloadind conducting TNRS on trees
pgloadind   name fixing on tree tree id "525"
pgloadind   all nodes have ottIds
pgloadind     OTT ID reused in tree
pgloadind       duplicate name "Altoparadisium chapadense" nexsonid "node209128"
pgloadind       duplicate OTT ID 476781
pgloadind     OTT ID reused in tree
pgloadind       duplicate name "Panicum" nexsonid "node209290"
pgloadind       duplicate OTT ID 709879
pgloadind     overlapping tips
pgloadind       overlapping retained name "Panicum validum" nexsonid "node209091"
pgloadind       overlapping pruned name "Panicum" nexsonid "node209108"
pgloadind     pruning dups and overlapping name "Altoparadisium chapadense" nexsonid "node209128"
pgloadind     pruning dups and overlapping name "Panicum" nexsonid "node209290"
pgloadind     pruning dups and overlapping name "Panicum" nexsonid "node209108"
pgloadind   postpruning newick tree "(((Ichnanthus_pallens,((Hopia_obtusa,(Paspalum_conjugatum,Paspalum_conspersum,Paspalum_malacophyllum,Paspalum_paniculatum,Paspalum_remotum,Paspalum_vaginatum,(Paspalum_haumanii,(Paspalum_arundinellum,Paspalum_wettsteinii)),(Paspalum_glaziovii,Thrasya_petrosa))),(Panicum_validum,(Anthaenantiopsis_rojasiana,Panicum_tuerckheimii))),(Streptostachys_asperifolia,(Axonopus_fissifolius,(Axonopus_anceps,Ophiochloa_hydrolithica))),(Echinolaena_inflexa,(Ocellochloa_stolonifera,Panicum_piauiense))),(((Oncorachis_ramosa,(Oplismenopsis_najada,(Mesosetum_chaseae,Tatianyx_arnacites))),(Panicum_stenodes,(Coleataenia_caricoides,Stephostachys_mertensii))),((Arthropogon_villosus,Altoparadisium_chapadense),(Homolepis_glutinosa,Homolepis_isocalycia)),(Phanopyrum_gymnocarpon,(Canastra_lanceolata,((Panicum_petersonii,Coleataenia_prionitis),(Coleataenia_anceps,(Panicum_rigidulum,Coleataenia_tenera))),(Apochloa_euprepes,Panicum_subtiramulosum)))),(Anthaenantia_lanata,((Panicum_hylaeicum,Panicum_pilosum),((Hymenachne_donacifolia,(Hymenachne_grumosa,Hymenachne_pernambucense)),(Plagiantha_tenella,(Otachyrium_versicolor,((Steinchisma_laxum,Steinchisma_decipiens),(Steinchisma_hians,Steinchisma_spathellosum)))))))),(Arundinella_hirta,(Chionachne_koenigii,(Ischaemum_afrum,(Apluda_mutica,Chrysopogon_fulvus,Mnesithea_selloana,Phacelurus_digitatus,(Microstegium_nudum,Miscanthus_japonicus,(Cleistachne_sorghoides,Sorghum_bicolor)),(Coix_aquatica,(Cymbopogon_flexuosus,Heteropogon_contortus,(Capillipedium_parviflorum,(Bothriochloa_bladhii,Dichanthium_aristatum)),(Andropogon_gerardii,Hyparrhenia_hirta,Schizachyrium_scoparium))))),(Elionurus_muticus,Tripsacum_dactyloides,Zea_mays))),((Digitaria_ciliaris,Digitaria_radicosa,Digitaria_setigera),(((Panicum_elephantipes,Panicum_gouinii,Panicum_repens,(Panicum_bergii,Panicum_miliaceum,Panicum_stramineum,(Panicum_fauriei,Panicum_nephelophilum)),((Panicum_cervicatum,Panicum_rudgei),((Panicum_mystasipum,Panicum_olyroides),(Panicum_chloroleucum,Panicum_racemosum,Panicum_tricholaenoides,Panicum_virgatum))),(Panicum_aquaticum,Panicum_dichotomiflorum,Panicum_pedersenii)),((Rupichloa_acuminata,(Moorochloa_eruciformis,Melinis_repens),(Urochloa_plantaginea,((Chaetium_bromoides,Eriochloa_punctata),(Megathyrsus_maximus,Urochloa_mutica)))),(Panicum_antidotale,Zuloagaea_bulbosa,Setaria_lachnea,Setaria_viridis,(Paspalidium_geminatum,Stenotaphrum_secundatum),((Setaria_macrostachya,Setaria_sphacelata),(Setaria_palmifolia,(Setaria_parviflora,Setaria_verticillata))),(Cenchrus_compressus,(Cenchrus_ciliaris,Pennisetum_montanum,Cenchrus_setaceus))))),((Panicum_adenophorum,Panicum_claytonii),(Dichanthelium_cumbucana,(Dichanthelium_clandestinum,Dichanthelium_koolauense,Dichanthelium_sabulorum))),(Acroceras_zizanioides,(Echinochloa_colona,Echinochloa_frumentacea),(Oplismenus_hirtellus,(Lasiacis_sorghoidea,Pseudechinolaena_polystachya)),(Parodiophyllochloa_cordovensis,Parodiophyllochloa_missiona,Parodiophyllochloa_ovulifera,Panicum_penicillatum)),(Panicum_trichanthum,(Panicum_millegrana,Panicum_sellowii),(Panicum_verrucosum,(Sacciolepis_indica,(Panicum_cyanescens,Panicum_wettsteinii,(Panicum_parvifolium,Panicum_schwackeanum))))))))"
pgloadind   taxon mapping summary
pgloadind     taxon mapping OTT ID 269741 taxonomy "Ichnanthus pallens->Ichnanthus->Paspalinae->Paspaleae->Panicoideae->PACMAD clade->Poaceae->Poales->commelinids->Petrosaviidae->Liliopsida->Mesangiospermae->Magnoliophyta->Spermatophyta->Euphyllophyta->Tracheophyta->Embryophyta->Streptophyta->Chloroplastida->Archaeplastida->Eukaryota->cellular organisms->life" nexsonid "node209071"
pgloadind     taxon mapping OTT ID 793263 taxonomy "Hopia obtusa->Hopia->Paspalinae->Paspaleae->Panicoideae->PACMAD clade->Poaceae->Poales->commelinids->Petrosaviidae->Liliopsida->Mesangiospermae->Magnoliophyta->Spermatophyta->Euphyllophyta->Tracheophyta->Embryophyta->Streptophyta->Chloroplastida->Archaeplastida->Eukaryota->cellular organisms->life" nexsonid "node209074"
pgloadind     taxon mapping OTT ID 369450 taxonomy "Paspalum conjugatum->Paspalum->Paspalinae->Paspaleae->Panicoideae->PACMAD clade->Poaceae->Poales->commelinids->Petrosaviidae->Liliopsida->Mesangiospermae->Magnoliophyta->Spermatophyta->Euphyllophyta->Tracheophyta->Embryophyta->Streptophyta->Chloroplastida->Archaeplastida->Eukaryota->cellular organisms->life" nexsonid "node209076"
pgloadind     taxon mapping OTT ID 369443 taxonomy "Paspalum conspersum->Paspalum->Paspalinae->Paspaleae->Panicoideae->PACMAD clade->Poaceae->Poales->commelinids->Petrosaviidae->Liliopsida->Mesangiospermae->Magnoliophyta->Spermatophyta->Euphyllophyta->Tracheophyta->Embryophyta->Streptophyta->Chloroplastida->Archaeplastida->Eukaryota->cellular organisms->life" nexsonid "node209077"
pgloadind     taxon mapping OTT ID 369445 taxonomy "Paspalum malacophyllum->Paspalum->Paspalinae->Paspaleae->Panicoideae->PACMAD clade->Poaceae->Poales->commelinids->Petrosaviidae->Liliopsida->Mesangiospermae->Magnoliophyta->Spermatophyta->Euphyllophyta->Tracheophyta->Embryophyta->Streptophyta->Chloroplastida->Archaeplastida->Eukaryota->cellular organisms->life" nexsonid "node209078"
pgloadind     taxon mapping OTT ID 369444 taxonomy "Paspalum paniculatum->Paspalum->Paspalinae->Paspaleae->Panicoideae->PACMAD clade->Poaceae->Poales->commelinids->Petrosaviidae->Liliopsida->Mesangiospermae->Magnoliophyta->Spermatophyta->Euphyllophyta->Tracheophyta->Embryophyta->Streptophyta->Chloroplastida->Archaeplastida->Eukaryota->cellular organisms->life" nexsonid "node209079"
pgloadind     taxon mapping OTT ID 369441 taxonomy "Paspalum remotum->Paspalum->Paspalinae->Paspaleae->Panicoideae->PACMAD clade->Poaceae->Poales->commelinids->Petrosaviidae->Liliopsida->Mesangiospermae->Magnoliophyta->Spermatophyta->Euphyllophyta->Tracheophyta->Embryophyta->Streptophyta->Chloroplastida->Archaeplastida->Eukaryota->cellular organisms->life" nexsonid "node209080"
pgloadind     taxon mapping OTT ID 369439 taxonomy "Paspalum vaginatum->Paspalum->Paspalinae->Paspaleae->Panicoideae->PACMAD clade->Poaceae->Poales->commelinids->Petrosaviidae->Liliopsida->Mesangiospermae->Magnoliophyta->Spermatophyta->Euphyllophyta->Tracheophyta->Embryophyta->Streptophyta->Chloroplastida->Archaeplastida->Eukaryota->cellular organisms->life" nexsonid "node209081"
pgloadind     taxon mapping OTT ID 369442 taxonomy "Paspalum haumanii->Paspalum->Paspalinae->Paspaleae->Panicoideae->PACMAD clade->Poaceae->Poales->commelinids->Petrosaviidae->Liliopsida->Mesangiospermae->Magnoliophyta->Spermatophyta->Euphyllophyta->Tracheophyta->Embryophyta->Streptophyta->Chloroplastida->Archaeplastida->Eukaryota->cellular organisms->life" nexsonid "node209083"
pgloadind     taxon mapping OTT ID 369451 taxonomy "Paspalum arundinellum->Paspalum->Paspalinae->Paspaleae->Panicoideae->PACMAD clade->Poaceae->Poales->commelinids->Petrosaviidae->Liliopsida->Mesangiospermae->Magnoliophyta->Spermatophyta->Euphyllophyta->Tracheophyta->Embryophyta->Streptophyta->Chloroplastida->Archaeplastida->Eukaryota->cellular organisms->life" nexsonid "node209085"
pgloadind     taxon mapping OTT ID 945267 taxonomy "Paspalum wettsteinii->Paspalum->Paspalinae->Paspaleae->Panicoideae->PACMAD clade->Poaceae->Poales->commelinids->Petrosaviidae->Liliopsida->Mesangiospermae->Magnoliophyta->Spermatophyta->Euphyllophyta->Tracheophyta->Embryophyta->Streptophyta->Chloroplastida->Archaeplastida->Eukaryota->cellular organisms->life" nexsonid "node209086"
pgloadind     taxon mapping OTT ID 3956983 taxonomy "Paspalum glaziovii->Paspalum->Paspalinae->Paspaleae->Panicoideae->PACMAD clade->Poaceae->Poales->commelinids->Petrosaviidae->Liliopsida->Mesangiospermae->Magnoliophyta->Spermatophyta->Euphyllophyta->Tracheophyta->Embryophyta->Streptophyta->Chloroplastida->Archaeplastida->Eukaryota->cellular organisms->life" nexsonid "node209088"
pgloadind     taxon mapping OTT ID 894503 taxonomy "Thrasya petrosa->Thrasya->Paspalinae->Paspaleae->Panicoideae->PACMAD clade->Poaceae->Poales->commelinids->Petrosaviidae->Liliopsida->Mesangiospermae->Magnoliophyta->Spermatophyta->Euphyllophyta->Tracheophyta->Embryophyta->Streptophyta->Chloroplastida->Archaeplastida->Eukaryota->cellular organisms->life" nexsonid "node209089"
pgloadind     taxon mapping OTT ID 143649 taxonomy "Panicum validum->Panicum->Paniceae->Panicoideae->PACMAD clade->Poaceae->Poales->commelinids->Petrosaviidae->Liliopsida->Mesangiospermae->Magnoliophyta->Spermatophyta->Euphyllophyta->Tracheophyta->Embryophyta->Streptophyta->Chloroplastida->Archaeplastida->Eukaryota->cellular organisms->life" nexsonid "node209091"
pgloadind     taxon mapping OTT ID 502812 taxonomy "Anthaenantiopsis rojasiana->Anthaenantiopsis->Paspalinae->Paspaleae->Panicoideae->PACMAD clade->Poaceae->Poales->commelinids->Petrosaviidae->Liliopsida->Mesangiospermae->Magnoliophyta->Spermatophyta->Euphyllophyta->Tracheophyta->Embryophyta->Streptophyta->Chloroplastida->Archaeplastida->Eukaryota->cellular organisms->life" nexsonid "node209093"
pgloadind     taxon mapping OTT ID 143648 taxonomy "Panicum tuerckheimii->Panicum->Paniceae->Panicoideae->PACMAD clade->Poaceae->Poales->commelinids->Petrosaviidae->Liliopsida->Mesangiospermae->Magnoliophyta->Spermatophyta->Euphyllophyta->Tracheophyta->Embryophyta->Streptophyta->Chloroplastida->Archaeplastida->Eukaryota->cellular organisms->life" nexsonid "node209094"
pgloadind     taxon mapping OTT ID 320008 taxonomy "Streptostachys asperifolia->Streptostachys->Paspalinae->Paspaleae->Panicoideae->PACMAD clade->Poaceae->Poales->commelinids->Petrosaviidae->Liliopsida->Mesangiospermae->Magnoliophyta->Spermatophyta->Euphyllophyta->Tracheophyta->Embryophyta->Streptophyta->Chloroplastida->Archaeplastida->Eukaryota->cellular organisms->life" nexsonid "node209096"
pgloadind     taxon mapping OTT ID 974795 taxonomy "Axonopus fissifolius->Axonopus->Paspalinae->Paspaleae->Panicoideae->PACMAD clade->Poaceae->Poales->commelinids->Petrosaviidae->Liliopsida->Mesangiospermae->Magnoliophyta->Spermatophyta->Euphyllophyta->Tracheophyta->Embryophyta->Streptophyta->Chloroplastida->Archaeplastida->Eukaryota->cellular organisms->life" nexsonid "node209098"
pgloadind     taxon mapping OTT ID 974800 taxonomy "Axonopus anceps->Axonopus->Paspalinae->Paspaleae->Panicoideae->PACMAD clade->Poaceae->Poales->commelinids->Petrosaviidae->Liliopsida->Mesangiospermae->Magnoliophyta->Spermatophyta->Euphyllophyta->Tracheophyta->Embryophyta->Streptophyta->Chloroplastida->Archaeplastida->Eukaryota->cellular organisms->life" nexsonid "node209100"
pgloadind     taxon mapping OTT ID 661751 taxonomy "Ophiochloa hydrolithica->Ophiochloa->Paspalinae->Paspaleae->Panicoideae->PACMAD clade->Poaceae->Poales->commelinids->Petrosaviidae->Liliopsida->Mesangiospermae->Magnoliophyta->Spermatophyta->Euphyllophyta->Tracheophyta->Embryophyta->Streptophyta->Chloroplastida->Archaeplastida->Eukaryota->cellular organisms->life" nexsonid "node209101"
pgloadind     taxon mapping OTT ID 506554 taxonomy "Echinolaena inflexa->Echinolaena->Paspalinae->Paspaleae->Panicoideae->PACMAD clade->Poaceae->Poales->commelinids->Petrosaviidae->Liliopsida->Mesangiospermae->Magnoliophyta->Spermatophyta->Euphyllophyta->Tracheophyta->Embryophyta->Streptophyta->Chloroplastida->Archaeplastida->Eukaryota->cellular organisms->life" nexsonid "node209103"
pgloadind     taxon mapping OTT ID 143644 taxonomy "Ocellochloa stolonifera->Ocellochloa->Paspalinae->Paspaleae->Panicoideae->PACMAD clade->Poaceae->Poales->commelinids->Petrosaviidae->Liliopsida->Mesangiospermae->Magnoliophyta->Spermatophyta->Euphyllophyta->Tracheophyta->Embryophyta->Streptophyta->Chloroplastida->Archaeplastida->Eukaryota->cellular organisms->life" nexsonid "node209105"
pgloadind     taxon mapping OTT ID 793253 taxonomy "Panicum piauiense->Panicum->Paniceae->Panicoideae->PACMAD clade->Poaceae->Poales->commelinids->Petrosaviidae->Liliopsida->Mesangiospermae->Magnoliophyta->Spermatophyta->Euphyllophyta->Tracheophyta->Embryophyta->Streptophyta->Chloroplastida->Archaeplastida->Eukaryota->cellular organisms->life" nexsonid "node209107"
pgloadind     taxon mapping OTT ID 320004 taxonomy "Oncorachis ramosa->Oncorachis->Arthropogoninae->Paspaleae->Panicoideae->PACMAD clade->Poaceae->Poales->commelinids->Petrosaviidae->Liliopsida->Mesangiospermae->Magnoliophyta->Spermatophyta->Euphyllophyta->Tracheophyta->Embryophyta->Streptophyta->Chloroplastida->Archaeplastida->Eukaryota->cellular organisms->life" nexsonid "node209112"
pgloadind     taxon mapping OTT ID 768737 taxonomy "Oplismenopsis najada->Oplismenopsis->Arthropogoninae->Paspaleae->Panicoideae->PACMAD clade->Poaceae->Poales->commelinids->Petrosaviidae->Liliopsida->Mesangiospermae->Magnoliophyta->Spermatophyta->Euphyllophyta->Tracheophyta->Embryophyta->Streptophyta->Chloroplastida->Archaeplastida->Eukaryota->cellular organisms->life" nexsonid "node209114"
pgloadind     taxon mapping OTT ID 549365 taxonomy "Mesosetum chaseae->Mesosetum->Arthropogoninae->Paspaleae->Panicoideae->PACMAD clade->Poaceae->Poales->commelinids->Petrosaviidae->Liliopsida->Mesangiospermae->Magnoliophyta->Spermatophyta->Euphyllophyta->Tracheophyta->Embryophyta->Streptophyta->Chloroplastida->Archaeplastida->Eukaryota->cellular organisms->life" nexsonid "node209116"
pgloadind     taxon mapping OTT ID 815696 taxonomy "Tatianyx arnacites->Tatianyx->Arthropogoninae->Paspaleae->Panicoideae->PACMAD clade->Poaceae->Poales->commelinids->Petrosaviidae->Liliopsida->Mesangiospermae->Magnoliophyta->Spermatophyta->Euphyllophyta->Tracheophyta->Embryophyta->Streptophyta->Chloroplastida->Archaeplastida->Eukaryota->cellular organisms->life" nexsonid "node209117"
pgloadind     taxon mapping OTT ID 143643 taxonomy "Panicum stenodes->Panicum->Paniceae->Panicoideae->PACMAD clade->Poaceae->Poales->commelinids->Petrosaviidae->Liliopsida->Mesangiospermae->Magnoliophyta->Spermatophyta->Euphyllophyta->Tracheophyta->Embryophyta->Streptophyta->Chloroplastida->Archaeplastida->Eukaryota->cellular organisms->life" nexsonid "node209119"
pgloadind     taxon mapping OTT ID 768739 taxonomy "Coleataenia caricoides->Coleataenia->Arthropogoninae->Paspaleae->Panicoideae->PACMAD clade->Poaceae->Poales->commelinids->Petrosaviidae->Liliopsida->Mesangiospermae->Magnoliophyta->Spermatophyta->Euphyllophyta->Tracheophyta->Embryophyta->Streptophyta->Chloroplastida->Archaeplastida->Eukaryota->cellular organisms->life" nexsonid "node209121"
pgloadind     taxon mapping OTT ID 194579 taxonomy "Stephostachys mertensii->Stephostachys->Arthropogoninae->Paspaleae->Panicoideae->PACMAD clade->Poaceae->Poales->commelinids->Petrosaviidae->Liliopsida->Mesangiospermae->Magnoliophyta->Spermatophyta->Euphyllophyta->Tracheophyta->Embryophyta->Streptophyta->Chloroplastida->Archaeplastida->Eukaryota->cellular organisms->life" nexsonid "node209122"
pgloadind     taxon mapping OTT ID 974805 taxonomy "Arthropogon villosus->Arthropogon->Arthropogoninae->Paspaleae->Panicoideae->PACMAD clade->Poaceae->Poales->commelinids->Petrosaviidae->Liliopsida->Mesangiospermae->Magnoliophyta->Spermatophyta->Euphyllophyta->Tracheophyta->Embryophyta->Streptophyta->Chloroplastida->Archaeplastida->Eukaryota->cellular organisms->life" nexsonid "node209125"
pgloadind     taxon mapping OTT ID 476781 taxonomy "Altoparadisium chapadense->Altoparadisium->Arthropogoninae->Paspaleae->Panicoideae->PACMAD clade->Poaceae->Poales->commelinids->Petrosaviidae->Liliopsida->Mesangiospermae->Magnoliophyta->Spermatophyta->Euphyllophyta->Tracheophyta->Embryophyta->Streptophyta->Chloroplastida->Archaeplastida->Eukaryota->cellular organisms->life" nexsonid "node209127"
pgloadind     taxon mapping OTT ID 506573 taxonomy "Homolepis glutinosa->Homolepis->Arthropogoninae->Paspaleae->Panicoideae->PACMAD clade->Poaceae->Poales->commelinids->Petrosaviidae->Liliopsida->Mesangiospermae->Magnoliophyta->Spermatophyta->Euphyllophyta->Tracheophyta->Embryophyta->Streptophyta->Chloroplastida->Archaeplastida->Eukaryota->cellular organisms->life" nexsonid "node209130"
pgloadind     taxon mapping OTT ID 506568 taxonomy "Homolepis isocalycia->Homolepis->Arthropogoninae->Paspaleae->Panicoideae->PACMAD clade->Poaceae->Poales->commelinids->Petrosaviidae->Liliopsida->Mesangiospermae->Magnoliophyta->Spermatophyta->Euphyllophyta->Tracheophyta->Embryophyta->Streptophyta->Chloroplastida->Archaeplastida->Eukaryota->cellular organisms->life" nexsonid "node209131"
pgloadind     taxon mapping OTT ID 194575 taxonomy "Phanopyrum gymnocarpon->Phanopyrum->Arthropogoninae->Paspaleae->Panicoideae->PACMAD clade->Poaceae->Poales->commelinids->Petrosaviidae->Liliopsida->Mesangiospermae->Magnoliophyta->Spermatophyta->Euphyllophyta->Tracheophyta->Embryophyta->Streptophyta->Chloroplastida->Archaeplastida->Eukaryota->cellular organisms->life" nexsonid "node209133"
pgloadind     taxon mapping OTT ID 448483 taxonomy "Canastra lanceolata->Canastra->Arthropogoninae->Paspaleae->Panicoideae->PACMAD clade->Poaceae->Poales->commelinids->Petrosaviidae->Liliopsida->Mesangiospermae->Magnoliophyta->Spermatophyta->Euphyllophyta->Tracheophyta->Embryophyta->Streptophyta->Chloroplastida->Archaeplastida->Eukaryota->cellular organisms->life" nexsonid "node209135"
pgloadind     taxon mapping OTT ID 717907 taxonomy "Panicum petersonii->Panicum->Paniceae->Panicoideae->PACMAD clade->Poaceae->Poales->commelinids->Petrosaviidae->Liliopsida->Mesangiospermae->Magnoliophyta->Spermatophyta->Euphyllophyta->Tracheophyta->Embryophyta->Streptophyta->Chloroplastida->Archaeplastida->Eukaryota->cellular organisms->life" nexsonid "node209138"
pgloadind     taxon mapping OTT ID 793254 taxonomy "Coleataenia prionitis->Coleataenia->Arthropogoninae->Paspaleae->Panicoideae->PACMAD clade->Poaceae->Poales->commelinids->Petrosaviidae->Liliopsida->Mesangiospermae->Magnoliophyta->Spermatophyta->Euphyllophyta->Tracheophyta->Embryophyta->Streptophyta->Chloroplastida->Archaeplastida->Eukaryota->cellular organisms->life" nexsonid "node209139"
pgloadind     taxon mapping OTT ID 559087 taxonomy "Coleataenia anceps->Coleataenia->Arthropogoninae->Paspaleae->Panicoideae->PACMAD clade->Poaceae->Poales->commelinids->Petrosaviidae->Liliopsida->Mesangiospermae->Magnoliophyta->Spermatophyta->Euphyllophyta->Tracheophyta->Embryophyta->Streptophyta->Chloroplastida->Archaeplastida->Eukaryota->cellular organisms->life" nexsonid "node209141"
pgloadind     taxon mapping OTT ID 717905 taxonomy "Panicum rigidulum->Panicum->Paniceae->Panicoideae->PACMAD clade->Poaceae->Poales->commelinids->Petrosaviidae->Liliopsida->Mesangiospermae->Magnoliophyta->Spermatophyta->Euphyllophyta->Tracheophyta->Embryophyta->Streptophyta->Chloroplastida->Archaeplastida->Eukaryota->cellular organisms->life" nexsonid "node209143"
pgloadind     taxon mapping OTT ID 143650 taxonomy "Coleataenia tenera->Coleataenia->Arthropogoninae->Paspaleae->Panicoideae->PACMAD clade->Poaceae->Poales->commelinids->Petrosaviidae->Liliopsida->Mesangiospermae->Magnoliophyta->Spermatophyta->Euphyllophyta->Tracheophyta->Embryophyta->Streptophyta->Chloroplastida->Archaeplastida->Eukaryota->cellular organisms->life" nexsonid "node209144"
pgloadind     taxon mapping OTT ID 205006 taxonomy "Apochloa euprepes->Apochloa->Arthropogoninae->Paspaleae->Panicoideae->PACMAD clade->Poaceae->Poales->commelinids->Petrosaviidae->Liliopsida->Mesangiospermae->Magnoliophyta->Spermatophyta->Euphyllophyta->Tracheophyta->Embryophyta->Streptophyta->Chloroplastida->Archaeplastida->Eukaryota->cellular organisms->life" nexsonid "node209146"
pgloadind     taxon mapping OTT ID 143642 taxonomy "Panicum subtiramulosum->Panicum->Paniceae->Panicoideae->PACMAD clade->Poaceae->Poales->commelinids->Petrosaviidae->Liliopsida->Mesangiospermae->Magnoliophyta->Spermatophyta->Euphyllophyta->Tracheophyta->Embryophyta->Streptophyta->Chloroplastida->Archaeplastida->Eukaryota->cellular organisms->life" nexsonid "node209147"
pgloadind     taxon mapping OTT ID 661703 taxonomy "Anthaenantia lanata->Anthaenantia->Otachyriinae->Paspaleae->Panicoideae->PACMAD clade->Poaceae->Poales->commelinids->Petrosaviidae->Liliopsida->Mesangiospermae->Magnoliophyta->Spermatophyta->Euphyllophyta->Tracheophyta->Embryophyta->Streptophyta->Chloroplastida->Archaeplastida->Eukaryota->cellular organisms->life" nexsonid "node209149"
pgloadind     taxon mapping OTT ID 194578 taxonomy "Panicum hylaeicum->Panicum->Paniceae->Panicoideae->PACMAD clade->Poaceae->Poales->commelinids->Petrosaviidae->Liliopsida->Mesangiospermae->Magnoliophyta->Spermatophyta->Euphyllophyta->Tracheophyta->Embryophyta->Streptophyta->Chloroplastida->Archaeplastida->Eukaryota->cellular organisms->life" nexsonid "node209152"
pgloadind     taxon mapping OTT ID 1085634 taxonomy "Panicum pilosum->Panicum->Paniceae->Panicoideae->PACMAD clade->Poaceae->Poales->commelinids->Petrosaviidae->Liliopsida->Mesangiospermae->Magnoliophyta->Spermatophyta->Euphyllophyta->Tracheophyta->Embryophyta->Streptophyta->Chloroplastida->Archaeplastida->Eukaryota->cellular organisms->life" nexsonid "node209153"
pgloadind     taxon mapping OTT ID 506576 taxonomy "Hymenachne donacifolia->Hymenachne->Otachyriinae->Paspaleae->Panicoideae->PACMAD clade->Poaceae->Poales->commelinids->Petrosaviidae->Liliopsida->Mesangiospermae->Magnoliophyta->Spermatophyta->Euphyllophyta->Tracheophyta->Embryophyta->Streptophyta->Chloroplastida->Archaeplastida->Eukaryota->cellular organisms->life" nexsonid "node209156"
pgloadind     taxon mapping OTT ID 1085636 taxonomy "Hymenachne grumosa->Hymenachne->Otachyriinae->Paspaleae->Panicoideae->PACMAD clade->Poaceae->Poales->commelinids->Petrosaviidae->Liliopsida->Mesangiospermae->Magnoliophyta->Spermatophyta->Euphyllophyta->Tracheophyta->Embryophyta->Streptophyta->Chloroplastida->Archaeplastida->Eukaryota->cellular organisms->life" nexsonid "node209158"
pgloadind     taxon mapping OTT ID 717908 taxonomy "Hymenachne pernambucense->Hymenachne->Otachyriinae->Paspaleae->Panicoideae->PACMAD clade->Poaceae->Poales->commelinids->Petrosaviidae->Liliopsida->Mesangiospermae->Magnoliophyta->Spermatophyta->Euphyllophyta->Tracheophyta->Embryophyta->Streptophyta->Chloroplastida->Archaeplastida->Eukaryota->cellular organisms->life" nexsonid "node209159"
pgloadind     taxon mapping OTT ID 945265 taxonomy "Plagiantha tenella->Plagiantha->Otachyriinae->Paspaleae->Panicoideae->PACMAD clade->Poaceae->Poales->commelinids->Petrosaviidae->Liliopsida->Mesangiospermae->Magnoliophyta->Spermatophyta->Euphyllophyta->Tracheophyta->Embryophyta->Streptophyta->Chloroplastida->Archaeplastida->Eukaryota->cellular organisms->life" nexsonid "node209161"
pgloadind     taxon mapping OTT ID 218780 taxonomy "Otachyrium versicolor->Otachyrium->Otachyriinae->Paspaleae->Panicoideae->PACMAD clade->Poaceae->Poales->commelinids->Petrosaviidae->Liliopsida->Mesangiospermae->Magnoliophyta->Spermatophyta->Euphyllophyta->Tracheophyta->Embryophyta->Streptophyta->Chloroplastida->Archaeplastida->Eukaryota->cellular organisms->life" nexsonid "node209163"
pgloadind     taxon mapping OTT ID 218773 taxonomy "Steinchisma laxum->Steinchisma->Otachyriinae->Paspaleae->Panicoideae->PACMAD clade->Poaceae->Poales->commelinids->Petrosaviidae->Liliopsida->Mesangiospermae->Magnoliophyta->Spermatophyta->Euphyllophyta->Tracheophyta->Embryophyta->Streptophyta->Chloroplastida->Archaeplastida->Eukaryota->cellular organisms->life" nexsonid "node209166"
pgloadind     taxon mapping OTT ID 559096 taxonomy "Steinchisma decipiens->Steinchisma->Otachyriinae->Paspaleae->Panicoideae->PACMAD clade->Poaceae->Poales->commelinids->Petrosaviidae->Liliopsida->Mesangiospermae->Magnoliophyta->Spermatophyta->Euphyllophyta->Tracheophyta->Embryophyta->Streptophyta->Chloroplastida->Archaeplastida->Eukaryota->cellular organisms->life" nexsonid "node209167"
pgloadind     taxon mapping OTT ID 320013 taxonomy "Steinchisma hians->Steinchisma->Otachyriinae->Paspaleae->Panicoideae->PACMAD clade->Poaceae->Poales->commelinids->Petrosaviidae->Liliopsida->Mesangiospermae->Magnoliophyta->Spermatophyta->Euphyllophyta->Tracheophyta->Embryophyta->Streptophyta->Chloroplastida->Archaeplastida->Eukaryota->cellular organisms->life" nexsonid "node209169"
pgloadind     taxon mapping OTT ID 666272 taxonomy "Steinchisma spathellosum->Steinchisma->Otachyriinae->Paspaleae->Panicoideae->PACMAD clade->Poaceae->Poales->commelinids->Petrosaviidae->Liliopsida->Mesangiospermae->Magnoliophyta->Spermatophyta->Euphyllophyta->Tracheophyta->Embryophyta->Streptophyta->Chloroplastida->Archaeplastida->Eukaryota->cellular organisms->life" nexsonid "node209170"
pgloadind     taxon mapping OTT ID 761205 taxonomy "Arundinella hirta->Arundinella->Arundinelleae->Panicoideae->PACMAD clade->Poaceae->Poales->commelinids->Petrosaviidae->Liliopsida->Mesangiospermae->Magnoliophyta->Spermatophyta->Euphyllophyta->Tracheophyta->Embryophyta->Streptophyta->Chloroplastida->Archaeplastida->Eukaryota->cellular organisms->life" nexsonid "node209172"
pgloadind     taxon mapping OTT ID 440187 taxonomy "Chionachne koenigii->Chionachne->Andropogoneae->Panicoideae->PACMAD clade->Poaceae->Poales->commelinids->Petrosaviidae->Liliopsida->Mesangiospermae->Magnoliophyta->Spermatophyta->Euphyllophyta->Tracheophyta->Embryophyta->Streptophyta->Chloroplastida->Archaeplastida->Eukaryota->cellular organisms->life" nexsonid "node209174"
pgloadind     taxon mapping OTT ID 592409 taxonomy "Ischaemum afrum->Ischaemum->Andropogoneae->Panicoideae->PACMAD clade->Poaceae->Poales->commelinids->Petrosaviidae->Liliopsida->Mesangiospermae->Magnoliophyta->Spermatophyta->Euphyllophyta->Tracheophyta->Embryophyta->Streptophyta->Chloroplastida->Archaeplastida->Eukaryota->cellular organisms->life" nexsonid "node209176"
pgloadind     taxon mapping OTT ID 440179 taxonomy "Apluda mutica->Apluda->Andropogoneae->Panicoideae->PACMAD clade->Poaceae->Poales->commelinids->Petrosaviidae->Liliopsida->Mesangiospermae->Magnoliophyta->Spermatophyta->Euphyllophyta->Tracheophyta->Embryophyta->Streptophyta->Chloroplastida->Archaeplastida->Eukaryota->cellular organisms->life" nexsonid "node209178"
pgloadind     taxon mapping OTT ID 186957 taxonomy "Chrysopogon fulvus->Chrysopogon->Andropogoneae->Panicoideae->PACMAD clade->Poaceae->Poales->commelinids->Petrosaviidae->Liliopsida->Mesangiospermae->Magnoliophyta->Spermatophyta->Euphyllophyta->Tracheophyta->Embryophyta->Streptophyta->Chloroplastida->Archaeplastida->Eukaryota->cellular organisms->life" nexsonid "node209179"
pgloadind     taxon mapping OTT ID 100204 taxonomy "Mnesithea selloana->Mnesithea->Andropogoneae->Panicoideae->PACMAD clade->Poaceae->Poales->commelinids->Petrosaviidae->Liliopsida->Mesangiospermae->Magnoliophyta->Spermatophyta->Euphyllophyta->Tracheophyta->Embryophyta->Streptophyta->Chloroplastida->Archaeplastida->Eukaryota->cellular organisms->life" nexsonid "node209180"
pgloadind     taxon mapping OTT ID 569700 taxonomy "Phacelurus digitatus->Phacelurus->Andropogoneae->Panicoideae->PACMAD clade->Poaceae->Poales->commelinids->Petrosaviidae->Liliopsida->Mesangiospermae->Magnoliophyta->Spermatophyta->Euphyllophyta->Tracheophyta->Embryophyta->Streptophyta->Chloroplastida->Archaeplastida->Eukaryota->cellular organisms->life" nexsonid "node209181"
pgloadind     taxon mapping OTT ID 592411 taxonomy "Microstegium nudum->Microstegium->Andropogoneae->Panicoideae->PACMAD clade->Poaceae->Poales->commelinids->Petrosaviidae->Liliopsida->Mesangiospermae->Magnoliophyta->Spermatophyta->Euphyllophyta->Tracheophyta->Embryophyta->Streptophyta->Chloroplastida->Archaeplastida->Eukaryota->cellular organisms->life" nexsonid "node209183"
pgloadind     taxon mapping OTT ID 100219 taxonomy "Miscanthus japonicus->Miscanthus->Andropogoneae->Panicoideae->PACMAD clade->Poaceae->Poales->commelinids->Petrosaviidae->Liliopsida->Mesangiospermae->Magnoliophyta->Spermatophyta->Euphyllophyta->Tracheophyta->Embryophyta->Streptophyta->Chloroplastida->Archaeplastida->Eukaryota->cellular organisms->life" nexsonid "node209184"
pgloadind     taxon mapping OTT ID 762968 taxonomy "Cleistachne sorghoides->Cleistachne->Andropogoneae->Panicoideae->PACMAD clade->Poaceae->Poales->commelinids->Petrosaviidae->Liliopsida->Mesangiospermae->Magnoliophyta->Spermatophyta->Euphyllophyta->Tracheophyta->Embryophyta->Streptophyta->Chloroplastida->Archaeplastida->Eukaryota->cellular organisms->life" nexsonid "node209186"
pgloadind     taxon mapping OTT ID 552986 taxonomy "Sorghum bicolor->Sorghum->Andropogoneae->Panicoideae->PACMAD clade->Poaceae->Poales->commelinids->Petrosaviidae->Liliopsida->Mesangiospermae->Magnoliophyta->Spermatophyta->Euphyllophyta->Tracheophyta->Embryophyta->Streptophyta->Chloroplastida->Archaeplastida->Eukaryota->cellular organisms->life" nexsonid "node209187"
pgloadind     taxon mapping OTT ID 186962 taxonomy "Coix aquatica->Coix->Andropogoneae->Panicoideae->PACMAD clade->Poaceae->Poales->commelinids->Petrosaviidae->Liliopsida->Mesangiospermae->Magnoliophyta->Spermatophyta->Euphyllophyta->Tracheophyta->Embryophyta->Streptophyta->Chloroplastida->Archaeplastida->Eukaryota->cellular organisms->life" nexsonid "node209189"
pgloadind     taxon mapping OTT ID 186966 taxonomy "Cymbopogon flexuosus->Cymbopogon->Andropogoneae->Panicoideae->PACMAD clade->Poaceae->Poales->commelinids->Petrosaviidae->Liliopsida->Mesangiospermae->Magnoliophyta->Spermatophyta->Euphyllophyta->Tracheophyta->Embryophyta->Streptophyta->Chloroplastida->Archaeplastida->Eukaryota->cellular organisms->life" nexsonid "node209191"
pgloadind     taxon mapping OTT ID 913248 taxonomy "Heteropogon contortus->Heteropogon->Andropogoneae->Panicoideae->PACMAD clade->Poaceae->Poales->commelinids->Petrosaviidae->Liliopsida->Mesangiospermae->Magnoliophyta->Spermatophyta->Euphyllophyta->Tracheophyta->Embryophyta->Streptophyta->Chloroplastida->Archaeplastida->Eukaryota->cellular organisms->life" nexsonid "node209192"
pgloadind     taxon mapping OTT ID 761214 taxonomy "Capillipedium parviflorum->Capillipedium->Andropogoneae->Panicoideae->PACMAD clade->Poaceae->Poales->commelinids->Petrosaviidae->Liliopsida->Mesangiospermae->Magnoliophyta->Spermatophyta->Euphyllophyta->Tracheophyta->Embryophyta->Streptophyta->Chloroplastida->Archaeplastida->Eukaryota->cellular organisms->life" nexsonid "node209194"
pgloadind     taxon mapping OTT ID 761201 taxonomy "Bothriochloa bladhii->Bothriochloa->Andropogoneae->Panicoideae->PACMAD clade->Poaceae->Poales->commelinids->Petrosaviidae->Liliopsida->Mesangiospermae->Magnoliophyta->Spermatophyta->Euphyllophyta->Tracheophyta->Embryophyta->Streptophyta->Chloroplastida->Archaeplastida->Eukaryota->cellular organisms->life" nexsonid "node209196"
pgloadind     taxon mapping OTT ID 913217 taxonomy "Dichanthium aristatum->Dichanthium->Andropogoneae->Panicoideae->PACMAD clade->Poaceae->Poales->commelinids->Petrosaviidae->Liliopsida->Mesangiospermae->Magnoliophyta->Spermatophyta->Euphyllophyta->Tracheophyta->Embryophyta->Streptophyta->Chloroplastida->Archaeplastida->Eukaryota->cellular organisms->life" nexsonid "node209197"
pgloadind     taxon mapping OTT ID 761207 taxonomy "Andropogon gerardii->Andropogon->Andropogoneae->Panicoideae->PACMAD clade->Poaceae->Poales->commelinids->Petrosaviidae->Liliopsida->Mesangiospermae->Magnoliophyta->Spermatophyta->Euphyllophyta->Tracheophyta->Embryophyta->Streptophyta->Chloroplastida->Archaeplastida->Eukaryota->cellular organisms->life" nexsonid "node209199"
pgloadind     taxon mapping OTT ID 931573 taxonomy "Hyparrhenia hirta->Hyparrhenia->Andropogoneae->Panicoideae->PACMAD clade->Poaceae->Poales->commelinids->Petrosaviidae->Liliopsida->Mesangiospermae->Magnoliophyta->Spermatophyta->Euphyllophyta->Tracheophyta->Embryophyta->Streptophyta->Chloroplastida->Archaeplastida->Eukaryota->cellular organisms->life" nexsonid "node209200"
pgloadind     taxon mapping OTT ID 338458 taxonomy "Schizachyrium scoparium->Schizachyrium->Andropogoneae->Panicoideae->PACMAD clade->Poaceae->Poales->commelinids->Petrosaviidae->Liliopsida->Mesangiospermae->Magnoliophyta->Spermatophyta->Euphyllophyta->Tracheophyta->Embryophyta->Streptophyta->Chloroplastida->Archaeplastida->Eukaryota->cellular organisms->life" nexsonid "node209201"
pgloadind     taxon mapping OTT ID 592410 taxonomy "Elionurus muticus->Elionurus->Andropogoneae->Panicoideae->PACMAD clade->Poaceae->Poales->commelinids->Petrosaviidae->Liliopsida->Mesangiospermae->Magnoliophyta->Spermatophyta->Euphyllophyta->Tracheophyta->Embryophyta->Streptophyta->Chloroplastida->Archaeplastida->Eukaryota->cellular organisms->life" nexsonid "node209203"
pgloadind     taxon mapping OTT ID 31902 taxonomy "Tripsacum dactyloides->Tripsacum->Andropogoneae->Panicoideae->PACMAD clade->Poaceae->Poales->commelinids->Petrosaviidae->Liliopsida->Mesangiospermae->Magnoliophyta->Spermatophyta->Euphyllophyta->Tracheophyta->Embryophyta->Streptophyta->Chloroplastida->Archaeplastida->Eukaryota->cellular organisms->life" nexsonid "node209204"
pgloadind     taxon mapping OTT ID 605194 taxonomy "Zea mays->Zea->Andropogoneae->Panicoideae->PACMAD clade->Poaceae->Poales->commelinids->Petrosaviidae->Liliopsida->Mesangiospermae->Magnoliophyta->Spermatophyta->Euphyllophyta->Tracheophyta->Embryophyta->Streptophyta->Chloroplastida->Archaeplastida->Eukaryota->cellular organisms->life" nexsonid "node209205"
pgloadind     taxon mapping OTT ID 443847 taxonomy "Digitaria ciliaris->Digitaria->Paniceae->Panicoideae->PACMAD clade->Poaceae->Poales->commelinids->Petrosaviidae->Liliopsida->Mesangiospermae->Magnoliophyta->Spermatophyta->Euphyllophyta->Tracheophyta->Embryophyta->Streptophyta->Chloroplastida->Archaeplastida->Eukaryota->cellular organisms->life" nexsonid "node209208"
pgloadind     taxon mapping OTT ID 974791 taxonomy "Digitaria radicosa->Digitaria->Paniceae->Panicoideae->PACMAD clade->Poaceae->Poales->commelinids->Petrosaviidae->Liliopsida->Mesangiospermae->Magnoliophyta->Spermatophyta->Euphyllophyta->Tracheophyta->Embryophyta->Streptophyta->Chloroplastida->Archaeplastida->Eukaryota->cellular organisms->life" nexsonid "node209209"
pgloadind     taxon mapping OTT ID 974789 taxonomy "Digitaria setigera->Digitaria->Paniceae->Panicoideae->PACMAD clade->Poaceae->Poales->commelinids->Petrosaviidae->Liliopsida->Mesangiospermae->Magnoliophyta->Spermatophyta->Euphyllophyta->Tracheophyta->Embryophyta->Streptophyta->Chloroplastida->Archaeplastida->Eukaryota->cellular organisms->life" nexsonid "node209210"
pgloadind     taxon mapping OTT ID 506438 taxonomy "Panicum elephantipes->Panicum->Paniceae->Panicoideae->PACMAD clade->Poaceae->Poales->commelinids->Petrosaviidae->Liliopsida->Mesangiospermae->Magnoliophyta->Spermatophyta->Euphyllophyta->Tracheophyta->Embryophyta->Streptophyta->Chloroplastida->Archaeplastida->Eukaryota->cellular organisms->life" nexsonid "node209214"
pgloadind     taxon mapping OTT ID 68750 taxonomy "Panicum gouinii->Panicum->Paniceae->Panicoideae->PACMAD clade->Poaceae->Poales->commelinids->Petrosaviidae->Liliopsida->Mesangiospermae->Magnoliophyta->Spermatophyta->Euphyllophyta->Tracheophyta->Embryophyta->Streptophyta->Chloroplastida->Archaeplastida->Eukaryota->cellular organisms->life" nexsonid "node209215"
pgloadind     taxon mapping OTT ID 793258 taxonomy "Panicum repens->Panicum->Paniceae->Panicoideae->PACMAD clade->Poaceae->Poales->commelinids->Petrosaviidae->Liliopsida->Mesangiospermae->Magnoliophyta->Spermatophyta->Euphyllophyta->Tracheophyta->Embryophyta->Streptophyta->Chloroplastida->Archaeplastida->Eukaryota->cellular organisms->life" nexsonid "node209216"
pgloadind     taxon mapping OTT ID 559092 taxonomy "Panicum bergii->Panicum->Paniceae->Panicoideae->PACMAD clade->Poaceae->Poales->commelinids->Petrosaviidae->Liliopsida->Mesangiospermae->Magnoliophyta->Spermatophyta->Euphyllophyta->Tracheophyta->Embryophyta->Streptophyta->Chloroplastida->Archaeplastida->Eukaryota->cellular organisms->life" nexsonid "node209218"
pgloadind     taxon mapping OTT ID 1079445 taxonomy "Panicum miliaceum->Panicum->Paniceae->Panicoideae->PACMAD clade->Poaceae->Poales->commelinids->Petrosaviidae->Liliopsida->Mesangiospermae->Magnoliophyta->Spermatophyta->Euphyllophyta->Tracheophyta->Embryophyta->Streptophyta->Chloroplastida->Archaeplastida->Eukaryota->cellular organisms->life" nexsonid "node209219"
pgloadind     taxon mapping OTT ID 143641 taxonomy "Panicum stramineum->Panicum->Paniceae->Panicoideae->PACMAD clade->Poaceae->Poales->commelinids->Petrosaviidae->Liliopsida->Mesangiospermae->Magnoliophyta->Spermatophyta->Euphyllophyta->Tracheophyta->Embryophyta->Streptophyta->Chloroplastida->Archaeplastida->Eukaryota->cellular organisms->life" nexsonid "node209220"
pgloadind     taxon mapping OTT ID 204999 taxonomy "Panicum fauriei->Panicum->Paniceae->Panicoideae->PACMAD clade->Poaceae->Poales->commelinids->Petrosaviidae->Liliopsida->Mesangiospermae->Magnoliophyta->Spermatophyta->Euphyllophyta->Tracheophyta->Embryophyta->Streptophyta->Chloroplastida->Archaeplastida->Eukaryota->cellular organisms->life" nexsonid "node209222"
pgloadind     taxon mapping OTT ID 793262 taxonomy "Panicum nephelophilum->Panicum->Paniceae->Panicoideae->PACMAD clade->Poaceae->Poales->commelinids->Petrosaviidae->Liliopsida->Mesangiospermae->Magnoliophyta->Spermatophyta->Euphyllophyta->Tracheophyta->Embryophyta->Streptophyta->Chloroplastida->Archaeplastida->Eukaryota->cellular organisms->life" nexsonid "node209223"
pgloadind     taxon mapping OTT ID 768738 taxonomy "Panicum cervicatum->Panicum->Paniceae->Panicoideae->PACMAD clade->Poaceae->Poales->commelinids->Petrosaviidae->Liliopsida->Mesangiospermae->Magnoliophyta->Spermatophyta->Euphyllophyta->Tracheophyta->Embryophyta->Streptophyta->Chloroplastida->Archaeplastida->Eukaryota->cellular organisms->life" nexsonid "node209226"
pgloadind     taxon mapping OTT ID 793249 taxonomy "Panicum rudgei->Panicum->Paniceae->Panicoideae->PACMAD clade->Poaceae->Poales->commelinids->Petrosaviidae->Liliopsida->Mesangiospermae->Magnoliophyta->Spermatophyta->Euphyllophyta->Tracheophyta->Embryophyta->Streptophyta->Chloroplastida->Archaeplastida->Eukaryota->cellular organisms->life" nexsonid "node209227"
pgloadind     taxon mapping OTT ID 1094528 taxonomy "Panicum mystasipum->Panicum->Paniceae->Panicoideae->PACMAD clade->Poaceae->Poales->commelinids->Petrosaviidae->Liliopsida->Mesangiospermae->Magnoliophyta->Spermatophyta->Euphyllophyta->Tracheophyta->Embryophyta->Streptophyta->Chloroplastida->Archaeplastida->Eukaryota->cellular organisms->life" nexsonid "node209230"
pgloadind     taxon mapping OTT ID 194587 taxonomy "Panicum olyroides->Panicum->Paniceae->Panicoideae->PACMAD clade->Poaceae->Poales->commelinids->Petrosaviidae->Liliopsida->Mesangiospermae->Magnoliophyta->Spermatophyta->Euphyllophyta->Tracheophyta->Embryophyta->Streptophyta->Chloroplastida->Archaeplastida->Eukaryota->cellular organisms->life" nexsonid "node209231"
pgloadind     taxon mapping OTT ID 213097 taxonomy "Panicum chloroleucum->Panicum->Paniceae->Panicoideae->PACMAD clade->Poaceae->Poales->commelinids->Petrosaviidae->Liliopsida->Mesangiospermae->Magnoliophyta->Spermatophyta->Euphyllophyta->Tracheophyta->Embryophyta->Streptophyta->Chloroplastida->Archaeplastida->Eukaryota->cellular organisms->life" nexsonid "node209233"
pgloadind     taxon mapping OTT ID 717906 taxonomy "Panicum racemosum->Panicum->Paniceae->Panicoideae->PACMAD clade->Poaceae->Poales->commelinids->Petrosaviidae->Liliopsida->Mesangiospermae->Magnoliophyta->Spermatophyta->Euphyllophyta->Tracheophyta->Embryophyta->Streptophyta->Chloroplastida->Archaeplastida->Eukaryota->cellular organisms->life" nexsonid "node209234"
pgloadind     taxon mapping OTT ID 143654 taxonomy "Panicum tricholaenoides->Panicum->Paniceae->Panicoideae->PACMAD clade->Poaceae->Poales->commelinids->Petrosaviidae->Liliopsida->Mesangiospermae->Magnoliophyta->Spermatophyta->Euphyllophyta->Tracheophyta->Embryophyta->Streptophyta->Chloroplastida->Archaeplastida->Eukaryota->cellular organisms->life" nexsonid "node209235"
pgloadind     taxon mapping OTT ID 205619 taxonomy "Panicum virgatum->Panicum->Paniceae->Panicoideae->PACMAD clade->Poaceae->Poales->commelinids->Petrosaviidae->Liliopsida->Mesangiospermae->Magnoliophyta->Spermatophyta->Euphyllophyta->Tracheophyta->Embryophyta->Streptophyta->Chloroplastida->Archaeplastida->Eukaryota->cellular organisms->life" nexsonid "node209236"
pgloadind     taxon mapping OTT ID 204982 taxonomy "Panicum aquaticum->Panicum->Paniceae->Panicoideae->PACMAD clade->Poaceae->Poales->commelinids->Petrosaviidae->Liliopsida->Mesangiospermae->Magnoliophyta->Spermatophyta->Euphyllophyta->Tracheophyta->Embryophyta->Streptophyta->Chloroplastida->Archaeplastida->Eukaryota->cellular organisms->life" nexsonid "node209238"
pgloadind     taxon mapping OTT ID 712349 taxonomy "Panicum dichotomiflorum->Panicum->Paniceae->Panicoideae->PACMAD clade->Poaceae->Poales->commelinids->Petrosaviidae->Liliopsida->Mesangiospermae->Magnoliophyta->Spermatophyta->Euphyllophyta->Tracheophyta->Embryophyta->Streptophyta->Chloroplastida->Archaeplastida->Eukaryota->cellular organisms->life" nexsonid "node209239"
pgloadind     taxon mapping OTT ID 793252 taxonomy "Panicum pedersenii->Panicum->Paniceae->Panicoideae->PACMAD clade->Poaceae->Poales->commelinids->Petrosaviidae->Liliopsida->Mesangiospermae->Magnoliophyta->Spermatophyta->Euphyllophyta->Tracheophyta->Embryophyta->Streptophyta->Chloroplastida->Archaeplastida->Eukaryota->cellular organisms->life" nexsonid "node209240"
pgloadind     taxon mapping OTT ID 894504 taxonomy "Rupichloa acuminata->Rupichloa->Paniceae->Panicoideae->PACMAD clade->Poaceae->Poales->commelinids->Petrosaviidae->Liliopsida->Mesangiospermae->Magnoliophyta->Spermatophyta->Euphyllophyta->Tracheophyta->Embryophyta->Streptophyta->Chloroplastida->Archaeplastida->Eukaryota->cellular organisms->life" nexsonid "node209243"
pgloadind     taxon mapping OTT ID 768744 taxonomy "Moorochloa eruciformis->Moorochloa->Paniceae->Panicoideae->PACMAD clade->Poaceae->Poales->commelinids->Petrosaviidae->Liliopsida->Mesangiospermae->Magnoliophyta->Spermatophyta->Euphyllophyta->Tracheophyta->Embryophyta->Streptophyta->Chloroplastida->Archaeplastida->Eukaryota->cellular organisms->life" nexsonid "node209245"
pgloadind     taxon mapping OTT ID 600986 taxonomy "Melinis repens->Melinis->Paniceae->Panicoideae->PACMAD clade->Poaceae->Poales->commelinids->Petrosaviidae->Liliopsida->Mesangiospermae->Magnoliophyta->Spermatophyta->Euphyllophyta->Tracheophyta->Embryophyta->Streptophyta->Chloroplastida->Archaeplastida->Eukaryota->cellular organisms->life" nexsonid "node209246"
pgloadind     taxon mapping OTT ID 894515 taxonomy "Urochloa plantaginea->Urochloa->Paniceae->Panicoideae->PACMAD clade->Poaceae->Poales->commelinids->Petrosaviidae->Liliopsida->Mesangiospermae->Magnoliophyta->Spermatophyta->Euphyllophyta->Tracheophyta->Embryophyta->Streptophyta->Chloroplastida->Archaeplastida->Eukaryota->cellular organisms->life" nexsonid "node209248"
pgloadind     taxon mapping OTT ID 974793 taxonomy "Chaetium bromoides->Chaetium->Paniceae->Panicoideae->PACMAD clade->Poaceae->Poales->commelinids->Petrosaviidae->Liliopsida->Mesangiospermae->Magnoliophyta->Spermatophyta->Euphyllophyta->Tracheophyta->Embryophyta->Streptophyta->Chloroplastida->Archaeplastida->Eukaryota->cellular organisms->life" nexsonid "node209251"
pgloadind     taxon mapping OTT ID 506565 taxonomy "Eriochloa punctata->Eriochloa->Paniceae->Panicoideae->PACMAD clade->Poaceae->Poales->commelinids->Petrosaviidae->Liliopsida->Mesangiospermae->Magnoliophyta->Spermatophyta->Euphyllophyta->Tracheophyta->Embryophyta->Streptophyta->Chloroplastida->Archaeplastida->Eukaryota->cellular organisms->life" nexsonid "node209252"
pgloadind     taxon mapping OTT ID 861079 taxonomy "Megathyrsus maximus->Megathyrsus->Paniceae->Panicoideae->PACMAD clade->Poaceae->Poales->commelinids->Petrosaviidae->Liliopsida->Mesangiospermae->Magnoliophyta->Spermatophyta->Euphyllophyta->Tracheophyta->Embryophyta->Streptophyta->Chloroplastida->Archaeplastida->Eukaryota->cellular organisms->life" nexsonid "node209254"
pgloadind     taxon mapping OTT ID 894509 taxonomy "Urochloa mutica->Urochloa->Paniceae->Panicoideae->PACMAD clade->Poaceae->Poales->commelinids->Petrosaviidae->Liliopsida->Mesangiospermae->Magnoliophyta->Spermatophyta->Euphyllophyta->Tracheophyta->Embryophyta->Streptophyta->Chloroplastida->Archaeplastida->Eukaryota->cellular organisms->life" nexsonid "node209255"
pgloadind     taxon mapping OTT ID 559083 taxonomy "Panicum antidotale->Panicum->Paniceae->Panicoideae->PACMAD clade->Poaceae->Poales->commelinids->Petrosaviidae->Liliopsida->Mesangiospermae->Magnoliophyta->Spermatophyta->Euphyllophyta->Tracheophyta->Embryophyta->Streptophyta->Chloroplastida->Archaeplastida->Eukaryota->cellular organisms->life" nexsonid "node209257"
pgloadind     taxon mapping OTT ID 205034 taxonomy "Zuloagaea bulbosa->Zuloagaea->Paniceae->Panicoideae->PACMAD clade->Poaceae->Poales->commelinids->Petrosaviidae->Liliopsida->Mesangiospermae->Magnoliophyta->Spermatophyta->Euphyllophyta->Tracheophyta->Embryophyta->Streptophyta->Chloroplastida->Archaeplastida->Eukaryota->cellular organisms->life" nexsonid "node209258"
pgloadind     taxon mapping OTT ID 945261 taxonomy "Setaria lachnea->Setaria->Paniceae->Panicoideae->PACMAD clade->Poaceae->Poales->commelinids->Petrosaviidae->Liliopsida->Mesangiospermae->Magnoliophyta->Spermatophyta->Euphyllophyta->Tracheophyta->Embryophyta->Streptophyta->Chloroplastida->Archaeplastida->Eukaryota->cellular organisms->life" nexsonid "node209259"
pgloadind     taxon mapping OTT ID 552997 taxonomy "Setaria viridis->Setaria->Paniceae->Panicoideae->PACMAD clade->Poaceae->Poales->commelinids->Petrosaviidae->Liliopsida->Mesangiospermae->Magnoliophyta->Spermatophyta->Euphyllophyta->Tracheophyta->Embryophyta->Streptophyta->Chloroplastida->Archaeplastida->Eukaryota->cellular organisms->life" nexsonid "node209260"
pgloadind     taxon mapping OTT ID 369446 taxonomy "Paspalidium geminatum->Paspalidium->Paniceae->Panicoideae->PACMAD clade->Poaceae->Poales->commelinids->Petrosaviidae->Liliopsida->Mesangiospermae->Magnoliophyta->Spermatophyta->Euphyllophyta->Tracheophyta->Embryophyta->Streptophyta->Chloroplastida->Archaeplastida->Eukaryota->cellular organisms->life" nexsonid "node209262"
pgloadind     taxon mapping OTT ID 815627 taxonomy "Stenotaphrum secundatum->Stenotaphrum->Paniceae->Panicoideae->PACMAD clade->Poaceae->Poales->commelinids->Petrosaviidae->Liliopsida->Mesangiospermae->Magnoliophyta->Spermatophyta->Euphyllophyta->Tracheophyta->Embryophyta->Streptophyta->Chloroplastida->Archaeplastida->Eukaryota->cellular organisms->life" nexsonid "node209263"
pgloadind     taxon mapping OTT ID 945254 taxonomy "Setaria macrostachya->Setaria->Paniceae->Panicoideae->PACMAD clade->Poaceae->Poales->commelinids->Petrosaviidae->Liliopsida->Mesangiospermae->Magnoliophyta->Spermatophyta->Euphyllophyta->Tracheophyta->Embryophyta->Streptophyta->Chloroplastida->Archaeplastida->Eukaryota->cellular organisms->life" nexsonid "node209266"
pgloadind     taxon mapping OTT ID 320017 taxonomy "Setaria sphacelata->Setaria->Paniceae->Panicoideae->PACMAD clade->Poaceae->Poales->commelinids->Petrosaviidae->Liliopsida->Mesangiospermae->Magnoliophyta->Spermatophyta->Euphyllophyta->Tracheophyta->Embryophyta->Streptophyta->Chloroplastida->Archaeplastida->Eukaryota->cellular organisms->life" nexsonid "node209267"
pgloadind     taxon mapping OTT ID 945255 taxonomy "Setaria palmifolia->Setaria->Paniceae->Panicoideae->PACMAD clade->Poaceae->Poales->commelinids->Petrosaviidae->Liliopsida->Mesangiospermae->Magnoliophyta->Spermatophyta->Euphyllophyta->Tracheophyta->Embryophyta->Streptophyta->Chloroplastida->Archaeplastida->Eukaryota->cellular organisms->life" nexsonid "node209269"
pgloadind     taxon mapping OTT ID 939508 taxonomy "Setaria parviflora->Setaria->Paniceae->Panicoideae->PACMAD clade->Poaceae->Poales->commelinids->Petrosaviidae->Liliopsida->Mesangiospermae->Magnoliophyta->Spermatophyta->Euphyllophyta->Tracheophyta->Embryophyta->Streptophyta->Chloroplastida->Archaeplastida->Eukaryota->cellular organisms->life" nexsonid "node209271"
pgloadind     taxon mapping OTT ID 388389 taxonomy "Setaria verticillata->Setaria->Paniceae->Panicoideae->PACMAD clade->Poaceae->Poales->commelinids->Petrosaviidae->Liliopsida->Mesangiospermae->Magnoliophyta->Spermatophyta->Euphyllophyta->Tracheophyta->Embryophyta->Streptophyta->Chloroplastida->Archaeplastida->Eukaryota->cellular organisms->life" nexsonid "node209272"
pgloadind     taxon mapping OTT ID 338461 taxonomy "Cenchrus compressus->Cenchrus->Paniceae->Panicoideae->PACMAD clade->Poaceae->Poales->commelinids->Petrosaviidae->Liliopsida->Mesangiospermae->Magnoliophyta->Spermatophyta->Euphyllophyta->Tracheophyta->Embryophyta->Streptophyta->Chloroplastida->Archaeplastida->Eukaryota->cellular organisms->life" nexsonid "node209274"
pgloadind     taxon mapping OTT ID 738444 taxonomy "Cenchrus ciliaris->Cenchrus->Paniceae->Panicoideae->PACMAD clade->Poaceae->Poales->commelinids->Petrosaviidae->Liliopsida->Mesangiospermae->Magnoliophyta->Spermatophyta->Euphyllophyta->Tracheophyta->Embryophyta->Streptophyta->Chloroplastida->Archaeplastida->Eukaryota->cellular organisms->life" nexsonid "node209276"
pgloadind     taxon mapping OTT ID 666275 taxonomy "Pennisetum montanum->Pennisetum->Paniceae->Panicoideae->PACMAD clade->Poaceae->Poales->commelinids->Petrosaviidae->Liliopsida->Mesangiospermae->Magnoliophyta->Spermatophyta->Euphyllophyta->Tracheophyta->Embryophyta->Streptophyta->Chloroplastida->Archaeplastida->Eukaryota->cellular organisms->life" nexsonid "node209277"
pgloadind     taxon mapping OTT ID 527790 taxonomy "Cenchrus setaceus->Cenchrus->Paniceae->Panicoideae->PACMAD clade->Poaceae->Poales->commelinids->Petrosaviidae->Liliopsida->Mesangiospermae->Magnoliophyta->Spermatophyta->Euphyllophyta->Tracheophyta->Embryophyta->Streptophyta->Chloroplastida->Archaeplastida->Eukaryota->cellular organisms->life" nexsonid "node209278"
pgloadind     taxon mapping OTT ID 768736 taxonomy "Panicum adenophorum->Panicum->Paniceae->Panicoideae->PACMAD clade->Poaceae->Poales->commelinids->Petrosaviidae->Liliopsida->Mesangiospermae->Magnoliophyta->Spermatophyta->Euphyllophyta->Tracheophyta->Embryophyta->Streptophyta->Chloroplastida->Archaeplastida->Eukaryota->cellular organisms->life" nexsonid "node209281"
pgloadind     taxon mapping OTT ID 194564 taxonomy "Panicum claytonii->Panicum->Paniceae->Panicoideae->PACMAD clade->Poaceae->Poales->commelinids->Petrosaviidae->Liliopsida->Mesangiospermae->Magnoliophyta->Spermatophyta->Euphyllophyta->Tracheophyta->Embryophyta->Streptophyta->Chloroplastida->Archaeplastida->Eukaryota->cellular organisms->life" nexsonid "node209282"
pgloadind     taxon mapping OTT ID 194569 taxonomy "Dichanthelium cumbucana->Dichanthelium->Paniceae->Panicoideae->PACMAD clade->Poaceae->Poales->commelinids->Petrosaviidae->Liliopsida->Mesangiospermae->Magnoliophyta->Spermatophyta->Euphyllophyta->Tracheophyta->Embryophyta->Streptophyta->Chloroplastida->Archaeplastida->Eukaryota->cellular organisms->life" nexsonid "node209284"
pgloadind     taxon mapping OTT ID 213094 taxonomy "Dichanthelium clandestinum->Dichanthelium->Paniceae->Panicoideae->PACMAD clade->Poaceae->Poales->commelinids->Petrosaviidae->Liliopsida->Mesangiospermae->Magnoliophyta->Spermatophyta->Euphyllophyta->Tracheophyta->Embryophyta->Streptophyta->Chloroplastida->Archaeplastida->Eukaryota->cellular organisms->life" nexsonid "node209286"
pgloadind     taxon mapping OTT ID 218777 taxonomy "Dichanthelium koolauense->Dichanthelium->Paniceae->Panicoideae->PACMAD clade->Poaceae->Poales->commelinids->Petrosaviidae->Liliopsida->Mesangiospermae->Magnoliophyta->Spermatophyta->Euphyllophyta->Tracheophyta->Embryophyta->Streptophyta->Chloroplastida->Archaeplastida->Eukaryota->cellular organisms->life" nexsonid "node209287"
pgloadind     taxon mapping OTT ID 793250 taxonomy "Dichanthelium sabulorum->Dichanthelium->Paniceae->Panicoideae->PACMAD clade->Poaceae->Poales->commelinids->Petrosaviidae->Liliopsida->Mesangiospermae->Magnoliophyta->Spermatophyta->Euphyllophyta->Tracheophyta->Embryophyta->Streptophyta->Chloroplastida->Archaeplastida->Eukaryota->cellular organisms->life" nexsonid "node209289"
pgloadind     taxon mapping OTT ID 476746 taxonomy "Acroceras zizanioides->Acroceras->Paniceae->Panicoideae->PACMAD clade->Poaceae->Poales->commelinids->Petrosaviidae->Liliopsida->Mesangiospermae->Magnoliophyta->Spermatophyta->Euphyllophyta->Tracheophyta->Embryophyta->Streptophyta->Chloroplastida->Archaeplastida->Eukaryota->cellular organisms->life" nexsonid "node209292"
pgloadind     taxon mapping OTT ID 2579 taxonomy "Echinochloa colona->Echinochloa->Paniceae->Panicoideae->PACMAD clade->Poaceae->Poales->commelinids->Petrosaviidae->Liliopsida->Mesangiospermae->Magnoliophyta->Spermatophyta->Euphyllophyta->Tracheophyta->Embryophyta->Streptophyta->Chloroplastida->Archaeplastida->Eukaryota->cellular organisms->life" nexsonid "node209294"
pgloadind     taxon mapping OTT ID 974781 taxonomy "Echinochloa frumentacea->Echinochloa->Paniceae->Panicoideae->PACMAD clade->Poaceae->Poales->commelinids->Petrosaviidae->Liliopsida->Mesangiospermae->Magnoliophyta->Spermatophyta->Euphyllophyta->Tracheophyta->Embryophyta->Streptophyta->Chloroplastida->Archaeplastida->Eukaryota->cellular organisms->life" nexsonid "node209295"
pgloadind     taxon mapping OTT ID 506410 taxonomy "Oplismenus hirtellus->Oplismenus->Paniceae->Panicoideae->PACMAD clade->Poaceae->Poales->commelinids->Petrosaviidae->Liliopsida->Mesangiospermae->Magnoliophyta->Spermatophyta->Euphyllophyta->Tracheophyta->Embryophyta->Streptophyta->Chloroplastida->Archaeplastida->Eukaryota->cellular organisms->life" nexsonid "node209297"
pgloadind     taxon mapping OTT ID 501871 taxonomy "Lasiacis sorghoidea->Lasiacis->Paniceae->Panicoideae->PACMAD clade->Poaceae->Poales->commelinids->Petrosaviidae->Liliopsida->Mesangiospermae->Magnoliophyta->Spermatophyta->Euphyllophyta->Tracheophyta->Embryophyta->Streptophyta->Chloroplastida->Archaeplastida->Eukaryota->cellular organisms->life" nexsonid "node209299"
pgloadind     taxon mapping OTT ID 945262 taxonomy "Pseudechinolaena polystachya->Pseudechinolaena->Paniceae->Panicoideae->PACMAD clade->Poaceae->Poales->commelinids->Petrosaviidae->Liliopsida->Mesangiospermae->Magnoliophyta->Spermatophyta->Euphyllophyta->Tracheophyta->Embryophyta->Streptophyta->Chloroplastida->Archaeplastida->Eukaryota->cellular organisms->life" nexsonid "node209300"
pgloadind     taxon mapping OTT ID 194565 taxonomy "Parodiophyllochloa cordovensis->Parodiophyllochloa->Paniceae->Panicoideae->PACMAD clade->Poaceae->Poales->commelinids->Petrosaviidae->Liliopsida->Mesangiospermae->Magnoliophyta->Spermatophyta->Euphyllophyta->Tracheophyta->Embryophyta->Streptophyta->Chloroplastida->Archaeplastida->Eukaryota->cellular organisms->life" nexsonid "node209302"
pgloadind     taxon mapping OTT ID 194583 taxonomy "Parodiophyllochloa missiona->Parodiophyllochloa->Paniceae->Panicoideae->PACMAD clade->Poaceae->Poales->commelinids->Petrosaviidae->Liliopsida->Mesangiospermae->Magnoliophyta->Spermatophyta->Euphyllophyta->Tracheophyta->Embryophyta->Streptophyta->Chloroplastida->Archaeplastida->Eukaryota->cellular organisms->life" nexsonid "node209303"
pgloadind     taxon mapping OTT ID 793266 taxonomy "Parodiophyllochloa ovulifera->Parodiophyllochloa->Paniceae->Panicoideae->PACMAD clade->Poaceae->Poales->commelinids->Petrosaviidae->Liliopsida->Mesangiospermae->Magnoliophyta->Spermatophyta->Euphyllophyta->Tracheophyta->Embryophyta->Streptophyta->Chloroplastida->Archaeplastida->Eukaryota->cellular organisms->life" nexsonid "node209304"
pgloadind     taxon mapping OTT ID 717910 taxonomy "Panicum penicillatum->Panicum->Paniceae->Panicoideae->PACMAD clade->Poaceae->Poales->commelinids->Petrosaviidae->Liliopsida->Mesangiospermae->Magnoliophyta->Spermatophyta->Euphyllophyta->Tracheophyta->Embryophyta->Streptophyta->Chloroplastida->Archaeplastida->Eukaryota->cellular organisms->life" nexsonid "node209305"
pgloadind     taxon mapping OTT ID 263100 taxonomy "Panicum trichanthum->Panicum->Paniceae->Panicoideae->PACMAD clade->Poaceae->Poales->commelinids->Petrosaviidae->Liliopsida->Mesangiospermae->Magnoliophyta->Spermatophyta->Euphyllophyta->Tracheophyta->Embryophyta->Streptophyta->Chloroplastida->Archaeplastida->Eukaryota->cellular organisms->life" nexsonid "node209307"
pgloadind     taxon mapping OTT ID 793261 taxonomy "Panicum millegrana->Panicum->Paniceae->Panicoideae->PACMAD clade->Poaceae->Poales->commelinids->Petrosaviidae->Liliopsida->Mesangiospermae->Magnoliophyta->Spermatophyta->Euphyllophyta->Tracheophyta->Embryophyta->Streptophyta->Chloroplastida->Archaeplastida->Eukaryota->cellular organisms->life" nexsonid "node209309"
pgloadind     taxon mapping OTT ID 717901 taxonomy "Panicum sellowii->Panicum->Paniceae->Panicoideae->PACMAD clade->Poaceae->Poales->commelinids->Petrosaviidae->Liliopsida->Mesangiospermae->Magnoliophyta->Spermatophyta->Euphyllophyta->Tracheophyta->Embryophyta->Streptophyta->Chloroplastida->Archaeplastida->Eukaryota->cellular organisms->life" nexsonid "node209310"
pgloadind     taxon mapping OTT ID 143639 taxonomy "Panicum verrucosum->Panicum->Paniceae->Panicoideae->PACMAD clade->Poaceae->Poales->commelinids->Petrosaviidae->Liliopsida->Mesangiospermae->Magnoliophyta->Spermatophyta->Euphyllophyta->Tracheophyta->Embryophyta->Streptophyta->Chloroplastida->Archaeplastida->Eukaryota->cellular organisms->life" nexsonid "node209312"
pgloadind     taxon mapping OTT ID 945259 taxonomy "Sacciolepis indica->Sacciolepis->Paniceae->Panicoideae->PACMAD clade->Poaceae->Poales->commelinids->Petrosaviidae->Liliopsida->Mesangiospermae->Magnoliophyta->Spermatophyta->Euphyllophyta->Tracheophyta->Embryophyta->Streptophyta->Chloroplastida->Archaeplastida->Eukaryota->cellular organisms->life" nexsonid "node209314"
pgloadind     taxon mapping OTT ID 194573 taxonomy "Panicum cyanescens->Panicum->Paniceae->Panicoideae->PACMAD clade->Poaceae->Poales->commelinids->Petrosaviidae->Liliopsida->Mesangiospermae->Magnoliophyta->Spermatophyta->Euphyllophyta->Tracheophyta->Embryophyta->Streptophyta->Chloroplastida->Archaeplastida->Eukaryota->cellular organisms->life" nexsonid "node209316"
pgloadind     taxon mapping OTT ID 143640 taxonomy "Panicum wettsteinii->Panicum->Paniceae->Panicoideae->PACMAD clade->Poaceae->Poales->commelinids->Petrosaviidae->Liliopsida->Mesangiospermae->Magnoliophyta->Spermatophyta->Euphyllophyta->Tracheophyta->Embryophyta->Streptophyta->Chloroplastida->Archaeplastida->Eukaryota->cellular organisms->life" nexsonid "node209317"
pgloadind     taxon mapping OTT ID 717913 taxonomy "Panicum parvifolium->Panicum->Paniceae->Panicoideae->PACMAD clade->Poaceae->Poales->commelinids->Petrosaviidae->Liliopsida->Mesangiospermae->Magnoliophyta->Spermatophyta->Euphyllophyta->Tracheophyta->Embryophyta->Streptophyta->Chloroplastida->Archaeplastida->Eukaryota->cellular organisms->life" nexsonid "node209319"
pgloadind     taxon mapping OTT ID 717902 taxonomy "Panicum schwackeanum->Panicum->Paniceae->Panicoideae->PACMAD clade->Poaceae->Poales->commelinids->Petrosaviidae->Liliopsida->Mesangiospermae->Magnoliophyta->Spermatophyta->Euphyllophyta->Tracheophyta->Embryophyta->Streptophyta->Chloroplastida->Archaeplastida->Eukaryota->cellular organisms->life" nexsonid "node209320"
done fixing name
pgloadind Finished with attempts to fix names
pgloadind   Checking for uniqueness of OTT IDs tree id "525"
pgloadind   Adding tree to graph tree id "525"
all trees have all taxa: false
	using bipartition technique
attempting to remap tips to deepest exemplified taxa
	Chrysopogon fulvus was remapped to 'Chrysopogon' (id=3010458)
	Oncorachis ramosa was remapped to 'Oncorachis' (id=3001714)
	Cleistachne sorghoides was remapped to 'Cleistachne' (id=3011987)
	Pennisetum montanum was remapped to 'Pennisetum' (id=3008723)
	Oplismenus hirtellus was remapped to 'Oplismenus' (id=3008372)
	Mnesithea selloana was remapped to 'Mnesithea' (id=3013528)
	Anthaenantiopsis rojasiana was remapped to 'Anthaenantiopsis' (id=3002364)
	Canastra lanceolata was remapped to 'Canastra' (id=3001701)
	Hopia obtusa was remapped to 'Hopia' (id=3002079)
	Otachyrium versicolor was remapped to 'Otachyrium' (id=3001922)
	Dichanthium aristatum was remapped to 'Dichanthium' (id=3013629)
	Arthropogon villosus was remapped to 'Arthropogon' (id=3001738)
	Oplismenopsis najada was remapped to 'Oplismenopsis' (id=3001864)
	Microstegium nudum was remapped to 'Microstegium' (id=3010146)
	Pseudechinolaena polystachya was remapped to 'Pseudechinolaena' (id=3008681)
	Sacciolepis indica was remapped to 'Sacciolepis' (id=3008547)
	Sorghum bicolor was remapped to 'Sorghum' (id=3012040)
	Mesosetum chaseae was remapped to 'Mesosetum' (id=3001776)
	Lasiacis sorghoidea was remapped to 'Lasiacis' (id=3006283)
	Plagiantha tenella was remapped to 'Plagiantha' (id=3002038)
	Arundinella hirta was remapped to 'Arundinelleae' (id=3015105)
	Elionurus muticus was remapped to 'Elionurus' (id=3010347)
	Ocellochloa stolonifera was remapped to 'Ocellochloa' (id=3002043)
	Eriochloa punctata was remapped to 'Eriochloa' (id=3004679)
	Stenotaphrum secundatum was remapped to 'Stenotaphrum' (id=3005589)
	Paspalidium geminatum was remapped to 'Paspalidium' (id=3004196)
	Thrasya petrosa was remapped to 'Thrasya' (id=3002305)
	Phacelurus digitatus was remapped to 'Phacelurus' (id=3012474)
	Streptostachys asperifolia was remapped to 'Streptostachys' (id=3002289)
	Tatianyx arnacites was remapped to 'Tatianyx' (id=3001729)
	Stephostachys mertensii was remapped to 'Stephostachys' (id=3001861)
	Apluda mutica was remapped to 'Apluda' (id=3011643)
	Zea mays was remapped to 'Zea' (id=3012592)
	Andropogon gerardii was remapped to 'Andropogon' (id=3014085)
	Apochloa euprepes was remapped to 'Apochloa' (id=3001878)
	Anthaenantia lanata was remapped to 'Anthaenantia' (id=3002019)
	Bothriochloa bladhii was remapped to 'Bothriochloa' (id=3012929)
	Ischaemum afrum was remapped to 'Ischaemum' (id=3011252)
	Capillipedium parviflorum was remapped to 'Capillipedium' (id=3013144)
	Megathyrsus maximus was remapped to 'Megathyrsus' (id=3007764)
	Melinis repens was remapped to 'Melinis' (id=3006350)
	Altoparadisium chapadense was remapped to 'Altoparadisium' (id=3001746)
	Chionachne koenigii was remapped to 'Chionachne' (id=3012534)
	Heteropogon contortus was remapped to 'Heteropogon' (id=3010611)
	Moorochloa eruciformis was remapped to 'Moorochloa' (id=3007791)
	Tripsacum dactyloides was remapped to 'Tripsacum' (id=3010062)
	Miscanthus japonicus was remapped to 'Miscanthus' (id=3013241)
	Rupichloa acuminata was remapped to 'Rupichloa' (id=3008701)
	Ichnanthus pallens was remapped to 'Ichnanthus' (id=3002113)
	Zuloagaea bulbosa was remapped to 'Zuloagaea' (id=3006474)
	Phanopyrum gymnocarpon was remapped to 'Phanopyrum' (id=3001721)
	Schizachyrium scoparium was remapped to 'Schizachyrium' (id=3010941)
	Echinolaena inflexa was remapped to 'Echinolaena' (id=3002377)
	Cymbopogon flexuosus was remapped to 'Cymbopogon' (id=3011670)
	Ophiochloa hydrolithica was remapped to 'Ophiochloa' (id=3002373)
	Coix aquatica was remapped to 'Coix' (id=3014036)
	Acroceras zizanioides was remapped to 'Acroceras' (id=3004378)
	Hyparrhenia hirta was remapped to 'Hyparrhenia' (id=3013734)
	Chaetium bromoides was remapped to 'Chaetium' (id=3008706)
this is the ROOT
placing root in index
Dealing with metadata property: id
Dealing with metadata property: ot:studyPublicationReference
Adding property 'ot:studyPublicationReference': Aliscioni, S. S. , Giussani, L. M., Zuloaga, F. O., & Kellogg, E. A. 2003. A molecular phylogeny of Panicum (Poaceae: Paniceae): Tests of monophyly and phylogenetic placement within the Panicoideae. American J. Bot. 90: 796-821.
Dealing with metadata property: ot:focalCladeOTTTaxonName
Adding property 'ot:focalCladeOTTTaxonName': Panicum
Dealing with metadata property: ot:studyYear
Adding property 'ot:studyYear': 2003
Dealing with metadata property: ot:inGroupClade
Adding property 'ot:inGroupClade': node209068
Dealing with metadata property: ot:curatorName
Adding property 'ot:curatorName': Jiabin Deng
Dealing with metadata property: ot:studyPublication
Adding property 'ot:studyPublication': http://dx.doi.org/10.3732/ajb.90.5.796
Dealing with metadata property: ot:focalClade
Adding property 'ot:focalClade': 709879
Dealing with metadata property: ot:curatedType
Adding property 'ot:curatedType': 157 tree 1
Dealing with metadata property: ot:studyId
Adding property 'ot:studyId': 410
Dealing with metadata property: ot:dataDeposit
Adding property 'ot:dataDeposit': http://purl.org/phylo/treebase/phylows/study/TB2:S1530
Committing nodes: 247
