pgloadind OTUs number 71
pgloadind Processing tree @id "1280"
pgloadind   tree info number nodes 120
pgloadind   tree info number edges 119
pgloadind   tree info ingroup "node434807"
pgloadind   Setting ingroup root node.
pgloadind   Ingested tree number of external nodes 62
pgloadind   property added ot:studyPublicationReference "Devos, N., Barker, N. P., Nordenstam, B., & Mucina, L. (2010). A multi-locus phylogeny of Euryops (Asteraceae, Senecioneae) augments support for the" Cape to Cairo" hypothesis of floral migrations in Africa. Taxon, 59(1), 57-67."
pgloadind   property added ot:studyPublication "http://www.ingentaconnect.com/content/iapt/tax/2010/00000059/00000001/art00007"
pgloadind   property added ot:curatorName "William Wysocki"
pgloadind   property added ot:dataDeposit "http://purl.org/phylo/treebase/phylows/study/TB2:S9979"
pgloadind   property added ot:studyId "53"
pgloadind   property added ot:studyYear "2009"
pgloadind   property added ot:focalClade "812770"
pgloadind   property added ot:focalCladeOTTTaxonName "Euryops"
pgloadind   property added ot:tag "cpDNA & nrDNA"
pgloadind   property added ot:tag "ingroup added;"
pgloadind   property added ot:inGroupClade "node434807"
pgloadind   property added ot:curatedType "Fig. 3"
pgloadind Processing tree @id "1281"
pgloadind   tree info number nodes 103
pgloadind   tree info number edges 102
pgloadind   tree info ingroup "node434926"
pgloadind   Setting ingroup root node.
pgloadind   Ingested tree number of external nodes 62
pgloadind   property added ot:studyPublicationReference "Devos, N., Barker, N. P., Nordenstam, B., & Mucina, L. (2010). A multi-locus phylogeny of Euryops (Asteraceae, Senecioneae) augments support for the" Cape to Cairo" hypothesis of floral migrations in Africa. Taxon, 59(1), 57-67."
pgloadind   property added ot:studyPublication "http://www.ingentaconnect.com/content/iapt/tax/2010/00000059/00000001/art00007"
pgloadind   property added ot:curatorName "William Wysocki"
pgloadind   property added ot:dataDeposit "http://purl.org/phylo/treebase/phylows/study/TB2:S9979"
pgloadind   property added ot:studyId "53"
pgloadind   property added ot:studyYear "2009"
pgloadind   property added ot:focalClade "812770"
pgloadind   property added ot:focalCladeOTTTaxonName "Euryops"
pgloadind   property added ot:tag "cpDNA & nrDNA"
pgloadind   property added ot:tag "ingroup added;"
pgloadind   property added ot:inGroupClade "node434926"
pgloadind   property added ot:curatedType "Fig. 2"
loading a specific tree: 1280
skipping tree: 1281
pgloadind conducting TNRS on trees
pgloadind   name fixing on tree tree id "1280"
pgloadind   all nodes have ottIds
pgloadind     OTT ID reused in tree
pgloadind       duplicate name "Euryops lateriflorus" nexsonid "node434825"
pgloadind       duplicate OTT ID 813654
pgloadind     OTT ID reused in tree
pgloadind       duplicate name "Euryops lateriflorus" nexsonid "node434826"
pgloadind       duplicate OTT ID 813654
pgloadind     OTT ID reused in tree
pgloadind       duplicate name "Euryops lateriflorus" nexsonid "node434828"
pgloadind       duplicate OTT ID 813654
pgloadind     OTT ID reused in tree
pgloadind       duplicate name "Euryops spathaceus" nexsonid "node434831"
pgloadind       duplicate OTT ID 68573
pgloadind     OTT ID reused in tree
pgloadind       duplicate name "Euryops tenuissimus" nexsonid "node434839"
pgloadind       duplicate OTT ID 289735
pgloadind     OTT ID reused in tree
pgloadind       duplicate name "Euryops evansii" nexsonid "node434843"
pgloadind       duplicate OTT ID 196174
pgloadind     OTT ID reused in tree
pgloadind       duplicate name "Euryops evansii" nexsonid "node434844"
pgloadind       duplicate OTT ID 196174
pgloadind     OTT ID reused in tree
pgloadind       duplicate name "Euryops othonnoides" nexsonid "node434850"
pgloadind       duplicate OTT ID 813652
pgloadind     OTT ID reused in tree
pgloadind       duplicate name "Euryops speciosissimus" nexsonid "node434853"
pgloadind       duplicate OTT ID 431755
pgloadind     OTT ID reused in tree
pgloadind       duplicate name "Euryops abrotanifolius" nexsonid "node434856"
pgloadind       duplicate OTT ID 762414
pgloadind     OTT ID reused in tree
pgloadind       duplicate name "Euryops dregeanus" nexsonid "node434860"
pgloadind       duplicate OTT ID 239020
pgloadind     OTT ID reused in tree
pgloadind       duplicate name "Euryops abrotanifolius" nexsonid "node434862"
pgloadind       duplicate OTT ID 762414
pgloadind     OTT ID reused in tree
pgloadind       duplicate name "Euryops abrotanifolius" nexsonid "node434863"
pgloadind       duplicate OTT ID 762414
pgloadind     OTT ID reused in tree
pgloadind       duplicate name "Euryops abrotanifolius" nexsonid "node434865"
pgloadind       duplicate OTT ID 762414
pgloadind     OTT ID reused in tree
pgloadind       duplicate name "Euryops abrotanifolius" nexsonid "node434866"
pgloadind       duplicate OTT ID 762414
pgloadind     OTT ID reused in tree
pgloadind       duplicate name "Euryops arabicus" nexsonid "node434873"
pgloadind       duplicate OTT ID 762404
pgloadind     OTT ID reused in tree
pgloadind       duplicate name "Euryops arabicus" nexsonid "node434874"
pgloadind       duplicate OTT ID 762404
pgloadind     OTT ID reused in tree
pgloadind       duplicate name "Euryops dacrydioides" nexsonid "node434877"
pgloadind       duplicate OTT ID 239018
pgloadind     OTT ID reused in tree
pgloadind       duplicate name "Euryops euryopoides" nexsonid "node434884"
pgloadind       duplicate OTT ID 239028
pgloadind     OTT ID reused in tree
pgloadind       duplicate name "Euryops virgineus" nexsonid "node434895"
pgloadind       duplicate OTT ID 888569
pgloadind     OTT ID reused in tree
pgloadind       duplicate name "Euryops brachypodus" nexsonid "node434900"
pgloadind       duplicate OTT ID 762402
pgloadind     OTT ID reused in tree
pgloadind       duplicate name "Euryops anthemoides" nexsonid "node434903"
pgloadind       duplicate OTT ID 762406
pgloadind     pruning dups and overlapping name "Euryops abrotanifolius" nexsonid "node434856"
pgloadind     pruning dups and overlapping name "Euryops lateriflorus" nexsonid "node434826"
pgloadind     pruning dups and overlapping name "Euryops tenuissimus" nexsonid "node434839"
pgloadind     pruning dups and overlapping name "Euryops euryopoides" nexsonid "node434884"
pgloadind     pruning dups and overlapping name "Euryops abrotanifolius" nexsonid "node434865"
pgloadind     pruning dups and overlapping name "Euryops anthemoides" nexsonid "node434903"
pgloadind     pruning dups and overlapping name "Euryops othonnoides" nexsonid "node434850"
pgloadind     pruning dups and overlapping name "Euryops abrotanifolius" nexsonid "node434862"
pgloadind     pruning dups and overlapping name "Euryops dacrydioides" nexsonid "node434877"
pgloadind     pruning dups and overlapping name "Euryops dregeanus" nexsonid "node434860"
pgloadind     pruning dups and overlapping name "Euryops speciosissimus" nexsonid "node434853"
pgloadind     pruning dups and overlapping name "Euryops abrotanifolius" nexsonid "node434866"
pgloadind     pruning dups and overlapping name "Euryops abrotanifolius" nexsonid "node434863"
pgloadind     pruning dups and overlapping name "Euryops spathaceus" nexsonid "node434831"
pgloadind     pruning dups and overlapping name "Euryops arabicus" nexsonid "node434873"
pgloadind     pruning dups and overlapping name "Euryops brachypodus" nexsonid "node434900"
pgloadind     pruning dups and overlapping name "Euryops virgineus" nexsonid "node434895"
pgloadind     pruning dups and overlapping name "Euryops evansii" nexsonid "node434843"
pgloadind     pruning dups and overlapping name "Euryops evansii" nexsonid "node434844"
pgloadind     pruning dups and overlapping name "Euryops lateriflorus" nexsonid "node434825"
pgloadind     pruning dups and overlapping name "Euryops arabicus" nexsonid "node434874"
pgloadind     pruning dups and overlapping name "Euryops lateriflorus" nexsonid "node434828"
pgloadind   postpruning newick tree "((((((Euryops_montanus,Euryops_decumbens),Euryops_multifidus),(Euryops_petraeus,((Euryops_annae,(Euryops_empetrifolius,Euryops_lateriflorus)),Euryops_spathaceus)),(Euryops_trilobus,Euryops_evansii),((Euryops_linifolius,Euryops_tenuissimus),Euryops_hebecarpus)),((Euryops_othonnoides,(Euryops_brevilobus,Euryops_pectinatus,Euryops_speciosissimus),Euryops_abrotanifolius),Euryops_subcarnosus,Euryops_dregeanus)),(((Euryops_brownei,Euryops_dacrydioides,Euryops_arabicus),Euryops_pinifolius),Euryops_prostratus),(Euryops_munitus,Euryops_ursinoides,Euryops_euryopoides),(((Euryops_candollei,Euryops_tysonii),(Euryops_algoensis,Euryops_virgineus)),Euryops_acraeus),(Euryops_ericoides,Euryops_ericifolius,Euryops_hypnoides,Euryops_anthemoides,Euryops_brachypodus),Euryops_galpinii),Euryops_annuus)"
pgloadind   taxon mapping summary
pgloadind     taxon mapping OTT ID 813658 taxonomy "Euryops montanus->Euryops->Othonninae->Senecioneae->Asteroideae->Asteraceae->Asterales->campanulids->asterids->Pentapetalae->Gunneridae->eudicotyledons->Mesangiospermae->Magnoliophyta->Spermatophyta->Euphyllophyta->Tracheophyta->Embryophyta->Streptophyta->Chloroplastida->Archaeplastida->Eukaryota->cellular organisms->life" nexsonid "node434813"
pgloadind     taxon mapping OTT ID 196172 taxonomy "Euryops decumbens->Euryops->Othonninae->Senecioneae->Asteroideae->Asteraceae->Asterales->campanulids->asterids->Pentapetalae->Gunneridae->eudicotyledons->Mesangiospermae->Magnoliophyta->Spermatophyta->Euphyllophyta->Tracheophyta->Embryophyta->Streptophyta->Chloroplastida->Archaeplastida->Eukaryota->cellular organisms->life" nexsonid "node434814"
pgloadind     taxon mapping OTT ID 813648 taxonomy "Euryops multifidus->Euryops->Othonninae->Senecioneae->Asteroideae->Asteraceae->Asterales->campanulids->asterids->Pentapetalae->Gunneridae->eudicotyledons->Mesangiospermae->Magnoliophyta->Spermatophyta->Euphyllophyta->Tracheophyta->Embryophyta->Streptophyta->Chloroplastida->Archaeplastida->Eukaryota->cellular organisms->life" nexsonid "node434815"
pgloadind     taxon mapping OTT ID 813650 taxonomy "Euryops petraeus->Euryops->Othonninae->Senecioneae->Asteroideae->Asteraceae->Asterales->campanulids->asterids->Pentapetalae->Gunneridae->eudicotyledons->Mesangiospermae->Magnoliophyta->Spermatophyta->Euphyllophyta->Tracheophyta->Embryophyta->Streptophyta->Chloroplastida->Archaeplastida->Eukaryota->cellular organisms->life" nexsonid "node434817"
pgloadind     taxon mapping OTT ID 762410 taxonomy "Euryops annae->Euryops->Othonninae->Senecioneae->Asteroideae->Asteraceae->Asterales->campanulids->asterids->Pentapetalae->Gunneridae->eudicotyledons->Mesangiospermae->Magnoliophyta->Spermatophyta->Euphyllophyta->Tracheophyta->Embryophyta->Streptophyta->Chloroplastida->Archaeplastida->Eukaryota->cellular organisms->life" nexsonid "node434820"
pgloadind     taxon mapping OTT ID 239022 taxonomy "Euryops empetrifolius->Euryops->Othonninae->Senecioneae->Asteroideae->Asteraceae->Asterales->campanulids->asterids->Pentapetalae->Gunneridae->eudicotyledons->Mesangiospermae->Magnoliophyta->Spermatophyta->Euphyllophyta->Tracheophyta->Embryophyta->Streptophyta->Chloroplastida->Archaeplastida->Eukaryota->cellular organisms->life" nexsonid "node434827"
pgloadind     taxon mapping OTT ID 813654 taxonomy "Euryops lateriflorus->Euryops->Othonninae->Senecioneae->Asteroideae->Asteraceae->Asterales->campanulids->asterids->Pentapetalae->Gunneridae->eudicotyledons->Mesangiospermae->Magnoliophyta->Spermatophyta->Euphyllophyta->Tracheophyta->Embryophyta->Streptophyta->Chloroplastida->Archaeplastida->Eukaryota->cellular organisms->life" nexsonid "node434824"
pgloadind     taxon mapping OTT ID 68573 taxonomy "Euryops spathaceus->Euryops->Othonninae->Senecioneae->Asteroideae->Asteraceae->Asterales->campanulids->asterids->Pentapetalae->Gunneridae->eudicotyledons->Mesangiospermae->Magnoliophyta->Spermatophyta->Euphyllophyta->Tracheophyta->Embryophyta->Streptophyta->Chloroplastida->Archaeplastida->Eukaryota->cellular organisms->life" nexsonid "node434830"
pgloadind     taxon mapping OTT ID 813662 taxonomy "Euryops trilobus->Euryops->Othonninae->Senecioneae->Asteroideae->Asteraceae->Asterales->campanulids->asterids->Pentapetalae->Gunneridae->eudicotyledons->Mesangiospermae->Magnoliophyta->Spermatophyta->Euphyllophyta->Tracheophyta->Embryophyta->Streptophyta->Chloroplastida->Archaeplastida->Eukaryota->cellular organisms->life" nexsonid "node434833"
pgloadind     taxon mapping OTT ID 196174 taxonomy "Euryops evansii->Euryops->Othonninae->Senecioneae->Asteroideae->Asteraceae->Asterales->campanulids->asterids->Pentapetalae->Gunneridae->eudicotyledons->Mesangiospermae->Magnoliophyta->Spermatophyta->Euphyllophyta->Tracheophyta->Embryophyta->Streptophyta->Chloroplastida->Archaeplastida->Eukaryota->cellular organisms->life" nexsonid "node434834"
pgloadind     taxon mapping OTT ID 813660 taxonomy "Euryops linifolius->Euryops->Othonninae->Senecioneae->Asteroideae->Asteraceae->Asterales->campanulids->asterids->Pentapetalae->Gunneridae->eudicotyledons->Mesangiospermae->Magnoliophyta->Spermatophyta->Euphyllophyta->Tracheophyta->Embryophyta->Streptophyta->Chloroplastida->Archaeplastida->Eukaryota->cellular organisms->life" nexsonid "node434840"
pgloadind     taxon mapping OTT ID 289735 taxonomy "Euryops tenuissimus->Euryops->Othonninae->Senecioneae->Asteroideae->Asteraceae->Asterales->campanulids->asterids->Pentapetalae->Gunneridae->eudicotyledons->Mesangiospermae->Magnoliophyta->Spermatophyta->Euphyllophyta->Tracheophyta->Embryophyta->Streptophyta->Chloroplastida->Archaeplastida->Eukaryota->cellular organisms->life" nexsonid "node434838"
pgloadind     taxon mapping OTT ID 239032 taxonomy "Euryops hebecarpus->Euryops->Othonninae->Senecioneae->Asteroideae->Asteraceae->Asterales->campanulids->asterids->Pentapetalae->Gunneridae->eudicotyledons->Mesangiospermae->Magnoliophyta->Spermatophyta->Euphyllophyta->Tracheophyta->Embryophyta->Streptophyta->Chloroplastida->Archaeplastida->Eukaryota->cellular organisms->life" nexsonid "node434841"
pgloadind     taxon mapping OTT ID 813652 taxonomy "Euryops othonnoides->Euryops->Othonninae->Senecioneae->Asteroideae->Asteraceae->Asterales->campanulids->asterids->Pentapetalae->Gunneridae->eudicotyledons->Mesangiospermae->Magnoliophyta->Spermatophyta->Euphyllophyta->Tracheophyta->Embryophyta->Streptophyta->Chloroplastida->Archaeplastida->Eukaryota->cellular organisms->life" nexsonid "node434847"
pgloadind     taxon mapping OTT ID 239014 taxonomy "Euryops brevilobus->Euryops->Othonninae->Senecioneae->Asteroideae->Asteraceae->Asterales->campanulids->asterids->Pentapetalae->Gunneridae->eudicotyledons->Mesangiospermae->Magnoliophyta->Spermatophyta->Euphyllophyta->Tracheophyta->Embryophyta->Streptophyta->Chloroplastida->Archaeplastida->Eukaryota->cellular organisms->life" nexsonid "node434849"
pgloadind     taxon mapping OTT ID 812768 taxonomy "Euryops pectinatus->Euryops->Othonninae->Senecioneae->Asteroideae->Asteraceae->Asterales->campanulids->asterids->Pentapetalae->Gunneridae->eudicotyledons->Mesangiospermae->Magnoliophyta->Spermatophyta->Euphyllophyta->Tracheophyta->Embryophyta->Streptophyta->Chloroplastida->Archaeplastida->Eukaryota->cellular organisms->life" nexsonid "node434851"
pgloadind     taxon mapping OTT ID 431755 taxonomy "Euryops speciosissimus->Euryops->Othonninae->Senecioneae->Asteroideae->Asteraceae->Asterales->campanulids->asterids->Pentapetalae->Gunneridae->eudicotyledons->Mesangiospermae->Magnoliophyta->Spermatophyta->Euphyllophyta->Tracheophyta->Embryophyta->Streptophyta->Chloroplastida->Archaeplastida->Eukaryota->cellular organisms->life" nexsonid "node434852"
pgloadind     taxon mapping OTT ID 762414 taxonomy "Euryops abrotanifolius->Euryops->Othonninae->Senecioneae->Asteroideae->Asteraceae->Asterales->campanulids->asterids->Pentapetalae->Gunneridae->eudicotyledons->Mesangiospermae->Magnoliophyta->Spermatophyta->Euphyllophyta->Tracheophyta->Embryophyta->Streptophyta->Chloroplastida->Archaeplastida->Eukaryota->cellular organisms->life" nexsonid "node434855"
pgloadind     taxon mapping OTT ID 289721 taxonomy "Euryops subcarnosus->Euryops->Othonninae->Senecioneae->Asteroideae->Asteraceae->Asterales->campanulids->asterids->Pentapetalae->Gunneridae->eudicotyledons->Mesangiospermae->Magnoliophyta->Spermatophyta->Euphyllophyta->Tracheophyta->Embryophyta->Streptophyta->Chloroplastida->Archaeplastida->Eukaryota->cellular organisms->life" nexsonid "node434857"
pgloadind     taxon mapping OTT ID 239020 taxonomy "Euryops dregeanus->Euryops->Othonninae->Senecioneae->Asteroideae->Asteraceae->Asterales->campanulids->asterids->Pentapetalae->Gunneridae->eudicotyledons->Mesangiospermae->Magnoliophyta->Spermatophyta->Euphyllophyta->Tracheophyta->Embryophyta->Streptophyta->Chloroplastida->Archaeplastida->Eukaryota->cellular organisms->life" nexsonid "node434859"
pgloadind     taxon mapping OTT ID 706552 taxonomy "Euryops brownei->Euryops->Othonninae->Senecioneae->Asteroideae->Asteraceae->Asterales->campanulids->asterids->Pentapetalae->Gunneridae->eudicotyledons->Mesangiospermae->Magnoliophyta->Spermatophyta->Euphyllophyta->Tracheophyta->Embryophyta->Streptophyta->Chloroplastida->Archaeplastida->Eukaryota->cellular organisms->life" nexsonid "node434870"
pgloadind     taxon mapping OTT ID 239018 taxonomy "Euryops dacrydioides->Euryops->Othonninae->Senecioneae->Asteroideae->Asteraceae->Asterales->campanulids->asterids->Pentapetalae->Gunneridae->eudicotyledons->Mesangiospermae->Magnoliophyta->Spermatophyta->Euphyllophyta->Tracheophyta->Embryophyta->Streptophyta->Chloroplastida->Archaeplastida->Eukaryota->cellular organisms->life" nexsonid "node434876"
pgloadind     taxon mapping OTT ID 762404 taxonomy "Euryops arabicus->Euryops->Othonninae->Senecioneae->Asteroideae->Asteraceae->Asterales->campanulids->asterids->Pentapetalae->Gunneridae->eudicotyledons->Mesangiospermae->Magnoliophyta->Spermatophyta->Euphyllophyta->Tracheophyta->Embryophyta->Streptophyta->Chloroplastida->Archaeplastida->Eukaryota->cellular organisms->life" nexsonid "node434872"
pgloadind     taxon mapping OTT ID 813664 taxonomy "Euryops pinifolius->Euryops->Othonninae->Senecioneae->Asteroideae->Asteraceae->Asterales->campanulids->asterids->Pentapetalae->Gunneridae->eudicotyledons->Mesangiospermae->Magnoliophyta->Spermatophyta->Euphyllophyta->Tracheophyta->Embryophyta->Streptophyta->Chloroplastida->Archaeplastida->Eukaryota->cellular organisms->life" nexsonid "node434878"
pgloadind     taxon mapping OTT ID 196176 taxonomy "Euryops prostratus->Euryops->Othonninae->Senecioneae->Asteroideae->Asteraceae->Asterales->campanulids->asterids->Pentapetalae->Gunneridae->eudicotyledons->Mesangiospermae->Magnoliophyta->Spermatophyta->Euphyllophyta->Tracheophyta->Embryophyta->Streptophyta->Chloroplastida->Archaeplastida->Eukaryota->cellular organisms->life" nexsonid "node434879"
pgloadind     taxon mapping OTT ID 813646 taxonomy "Euryops munitus->Euryops->Othonninae->Senecioneae->Asteroideae->Asteraceae->Asterales->campanulids->asterids->Pentapetalae->Gunneridae->eudicotyledons->Mesangiospermae->Magnoliophyta->Spermatophyta->Euphyllophyta->Tracheophyta->Embryophyta->Streptophyta->Chloroplastida->Archaeplastida->Eukaryota->cellular organisms->life" nexsonid "node434881"
pgloadind     taxon mapping OTT ID 289729 taxonomy "Euryops ursinoides->Euryops->Othonninae->Senecioneae->Asteroideae->Asteraceae->Asterales->campanulids->asterids->Pentapetalae->Gunneridae->eudicotyledons->Mesangiospermae->Magnoliophyta->Spermatophyta->Euphyllophyta->Tracheophyta->Embryophyta->Streptophyta->Chloroplastida->Archaeplastida->Eukaryota->cellular organisms->life" nexsonid "node434885"
pgloadind     taxon mapping OTT ID 239028 taxonomy "Euryops euryopoides->Euryops->Othonninae->Senecioneae->Asteroideae->Asteraceae->Asterales->campanulids->asterids->Pentapetalae->Gunneridae->eudicotyledons->Mesangiospermae->Magnoliophyta->Spermatophyta->Euphyllophyta->Tracheophyta->Embryophyta->Streptophyta->Chloroplastida->Archaeplastida->Eukaryota->cellular organisms->life" nexsonid "node434883"
pgloadind     taxon mapping OTT ID 239016 taxonomy "Euryops candollei->Euryops->Othonninae->Senecioneae->Asteroideae->Asteraceae->Asterales->campanulids->asterids->Pentapetalae->Gunneridae->eudicotyledons->Mesangiospermae->Magnoliophyta->Spermatophyta->Euphyllophyta->Tracheophyta->Embryophyta->Streptophyta->Chloroplastida->Archaeplastida->Eukaryota->cellular organisms->life" nexsonid "node434889"
pgloadind     taxon mapping OTT ID 196182 taxonomy "Euryops tysonii->Euryops->Othonninae->Senecioneae->Asteroideae->Asteraceae->Asterales->campanulids->asterids->Pentapetalae->Gunneridae->eudicotyledons->Mesangiospermae->Magnoliophyta->Spermatophyta->Euphyllophyta->Tracheophyta->Embryophyta->Streptophyta->Chloroplastida->Archaeplastida->Eukaryota->cellular organisms->life" nexsonid "node434890"
pgloadind     taxon mapping OTT ID 762412 taxonomy "Euryops algoensis->Euryops->Othonninae->Senecioneae->Asteroideae->Asteraceae->Asterales->campanulids->asterids->Pentapetalae->Gunneridae->eudicotyledons->Mesangiospermae->Magnoliophyta->Spermatophyta->Euphyllophyta->Tracheophyta->Embryophyta->Streptophyta->Chloroplastida->Archaeplastida->Eukaryota->cellular organisms->life" nexsonid "node434892"
pgloadind     taxon mapping OTT ID 888569 taxonomy "Euryops virgineus->Euryops->Othonninae->Senecioneae->Asteroideae->Asteraceae->Asterales->campanulids->asterids->Pentapetalae->Gunneridae->eudicotyledons->Mesangiospermae->Magnoliophyta->Spermatophyta->Euphyllophyta->Tracheophyta->Embryophyta->Streptophyta->Chloroplastida->Archaeplastida->Eukaryota->cellular organisms->life" nexsonid "node434894"
pgloadind     taxon mapping OTT ID 505606 taxonomy "Euryops acraeus->Euryops->Othonninae->Senecioneae->Asteroideae->Asteraceae->Asterales->campanulids->asterids->Pentapetalae->Gunneridae->eudicotyledons->Mesangiospermae->Magnoliophyta->Spermatophyta->Euphyllophyta->Tracheophyta->Embryophyta->Streptophyta->Chloroplastida->Archaeplastida->Eukaryota->cellular organisms->life" nexsonid "node434896"
pgloadind     taxon mapping OTT ID 239026 taxonomy "Euryops ericoides->Euryops->Othonninae->Senecioneae->Asteroideae->Asteraceae->Asterales->campanulids->asterids->Pentapetalae->Gunneridae->eudicotyledons->Mesangiospermae->Magnoliophyta->Spermatophyta->Euphyllophyta->Tracheophyta->Embryophyta->Streptophyta->Chloroplastida->Archaeplastida->Eukaryota->cellular organisms->life" nexsonid "node434904"
pgloadind     taxon mapping OTT ID 239024 taxonomy "Euryops ericifolius->Euryops->Othonninae->Senecioneae->Asteroideae->Asteraceae->Asterales->campanulids->asterids->Pentapetalae->Gunneridae->eudicotyledons->Mesangiospermae->Magnoliophyta->Spermatophyta->Euphyllophyta->Tracheophyta->Embryophyta->Streptophyta->Chloroplastida->Archaeplastida->Eukaryota->cellular organisms->life" nexsonid "node434905"
pgloadind     taxon mapping OTT ID 813656 taxonomy "Euryops hypnoides->Euryops->Othonninae->Senecioneae->Asteroideae->Asteraceae->Asterales->campanulids->asterids->Pentapetalae->Gunneridae->eudicotyledons->Mesangiospermae->Magnoliophyta->Spermatophyta->Euphyllophyta->Tracheophyta->Embryophyta->Streptophyta->Chloroplastida->Archaeplastida->Eukaryota->cellular organisms->life" nexsonid "node434906"
pgloadind     taxon mapping OTT ID 762406 taxonomy "Euryops anthemoides->Euryops->Othonninae->Senecioneae->Asteroideae->Asteraceae->Asterales->campanulids->asterids->Pentapetalae->Gunneridae->eudicotyledons->Mesangiospermae->Magnoliophyta->Spermatophyta->Euphyllophyta->Tracheophyta->Embryophyta->Streptophyta->Chloroplastida->Archaeplastida->Eukaryota->cellular organisms->life" nexsonid "node434902"
pgloadind     taxon mapping OTT ID 762402 taxonomy "Euryops brachypodus->Euryops->Othonninae->Senecioneae->Asteroideae->Asteraceae->Asterales->campanulids->asterids->Pentapetalae->Gunneridae->eudicotyledons->Mesangiospermae->Magnoliophyta->Spermatophyta->Euphyllophyta->Tracheophyta->Embryophyta->Streptophyta->Chloroplastida->Archaeplastida->Eukaryota->cellular organisms->life" nexsonid "node434899"
pgloadind     taxon mapping OTT ID 239030 taxonomy "Euryops galpinii->Euryops->Othonninae->Senecioneae->Asteroideae->Asteraceae->Asterales->campanulids->asterids->Pentapetalae->Gunneridae->eudicotyledons->Mesangiospermae->Magnoliophyta->Spermatophyta->Euphyllophyta->Tracheophyta->Embryophyta->Streptophyta->Chloroplastida->Archaeplastida->Eukaryota->cellular organisms->life" nexsonid "node434907"
pgloadind     taxon mapping OTT ID 762408 taxonomy "Euryops annuus->Euryops->Othonninae->Senecioneae->Asteroideae->Asteraceae->Asterales->campanulids->asterids->Pentapetalae->Gunneridae->eudicotyledons->Mesangiospermae->Magnoliophyta->Spermatophyta->Euphyllophyta->Tracheophyta->Embryophyta->Streptophyta->Chloroplastida->Archaeplastida->Eukaryota->cellular organisms->life" nexsonid "node434908"
done fixing name
pgloadind Finished with attempts to fix names
pgloadind   Checking for uniqueness of OTT IDs tree id "1280"
pgloadind   Adding tree to graph tree id "1280"
all trees have all taxa: false
	using bipartition technique
attempting to remap tips to deepest exemplified taxa
this is the ROOT
placing root in index
Dealing with metadata property: id
Dealing with metadata property: ot:studyPublicationReference
Adding property 'ot:studyPublicationReference': Devos, N., Barker, N. P., Nordenstam, B., & Mucina, L. (2010). A multi-locus phylogeny of Euryops (Asteraceae, Senecioneae) augments support for the" Cape to Cairo" hypothesis of floral migrations in Africa. Taxon, 59(1), 57-67.
Dealing with metadata property: ot:focalCladeOTTTaxonName
Adding property 'ot:focalCladeOTTTaxonName': Euryops
Dealing with metadata property: ot:studyYear
Adding property 'ot:studyYear': 2009
Dealing with metadata property: ot:inGroupClade
Adding property 'ot:inGroupClade': node434807
Dealing with metadata property: ot:tag
Adding property 'ot:tag': ingroup added;
Dealing with metadata property: ot:curatorName
Adding property 'ot:curatorName': William Wysocki
Dealing with metadata property: ot:studyPublication
Adding property 'ot:studyPublication': http://www.ingentaconnect.com/content/iapt/tax/2010/00000059/00000001/art00007
Dealing with metadata property: ot:focalClade
Adding property 'ot:focalClade': 812770
Dealing with metadata property: ot:curatedType
Adding property 'ot:curatedType': Fig. 3
Dealing with metadata property: ot:studyId
Adding property 'ot:studyId': 53
Dealing with metadata property: ot:dataDeposit
Adding property 'ot:dataDeposit': http://purl.org/phylo/treebase/phylows/study/TB2:S9979
Committing nodes: 65
