pgloadind OTUs number 82
pgloadind Processing tree @id "840"
pgloadind   tree info number nodes 163
pgloadind   tree info number edges 162
pgloadind   tree info ingroup "node345356"
pgloadind   Setting ingroup root node.
pgloadind   Ingested tree number of external nodes 82
pgloadind   property added ot:studyPublicationReference "McPherson, M. A., Fay, M. F., Chase, M. W., & Graham, S. W. 2004. Parallel loss of a slowly evolving intron from two closely related families in Asparagales. Syst. Bot. 29: 296-307."
pgloadind   property added ot:studyPublication "http://dx.doi.org/10.1600/036364404774195494"
pgloadind   property added ot:curatorName "Jiabin Deng"
pgloadind   property added ot:dataDeposit "http://purl.org/phylo/treebase/phylows/study/TB2:S1015"
pgloadind   property added ot:studyId "574"
pgloadind   property added ot:studyYear "2004"
pgloadind   property added ot:focalClade "557124"
pgloadind   property added ot:focalCladeOTTTaxonName "Asparagales"
pgloadind   property added ot:inGroupClade "node345356"
pgloadind   property added ot:curatedType "Additional MP Tree 3 of 4"
pgloadind Processing tree @id "841"
pgloadind   tree info number nodes 163
pgloadind   tree info number edges 162
pgloadind   Ingested tree number of external nodes 82
pgloadind   property added ot:studyPublicationReference "McPherson, M. A., Fay, M. F., Chase, M. W., & Graham, S. W. 2004. Parallel loss of a slowly evolving intron from two closely related families in Asparagales. Syst. Bot. 29: 296-307."
pgloadind   property added ot:studyPublication "http://dx.doi.org/10.1600/036364404774195494"
pgloadind   property added ot:curatorName "Jiabin Deng"
pgloadind   property added ot:dataDeposit "http://purl.org/phylo/treebase/phylows/study/TB2:S1015"
pgloadind   property added ot:studyId "574"
pgloadind   property added ot:studyYear "2004"
pgloadind   property added ot:focalClade "557124"
pgloadind   property added ot:focalCladeOTTTaxonName "Asparagales"
pgloadind   property added ot:curatedType "Additional MP Tree 2 of 4"
pgloadind Processing tree @id "842"
pgloadind   tree info number nodes 163
pgloadind   tree info number edges 162
pgloadind   Ingested tree number of external nodes 82
pgloadind   property added ot:studyPublicationReference "McPherson, M. A., Fay, M. F., Chase, M. W., & Graham, S. W. 2004. Parallel loss of a slowly evolving intron from two closely related families in Asparagales. Syst. Bot. 29: 296-307."
pgloadind   property added ot:studyPublication "http://dx.doi.org/10.1600/036364404774195494"
pgloadind   property added ot:curatorName "Jiabin Deng"
pgloadind   property added ot:dataDeposit "http://purl.org/phylo/treebase/phylows/study/TB2:S1015"
pgloadind   property added ot:studyId "574"
pgloadind   property added ot:studyYear "2004"
pgloadind   property added ot:focalClade "557124"
pgloadind   property added ot:focalCladeOTTTaxonName "Asparagales"
pgloadind   property added ot:curatedType "Additional MP Tree 4 of 4"
pgloadind Processing tree @id "843"
pgloadind   tree info number nodes 163
pgloadind   tree info number edges 162
pgloadind   Ingested tree number of external nodes 82
pgloadind   property added ot:studyPublicationReference "McPherson, M. A., Fay, M. F., Chase, M. W., & Graham, S. W. 2004. Parallel loss of a slowly evolving intron from two closely related families in Asparagales. Syst. Bot. 29: 296-307."
pgloadind   property added ot:studyPublication "http://dx.doi.org/10.1600/036364404774195494"
pgloadind   property added ot:curatorName "Jiabin Deng"
pgloadind   property added ot:dataDeposit "http://purl.org/phylo/treebase/phylows/study/TB2:S1015"
pgloadind   property added ot:studyId "574"
pgloadind   property added ot:studyYear "2004"
pgloadind   property added ot:focalClade "557124"
pgloadind   property added ot:focalCladeOTTTaxonName "Asparagales"
pgloadind   property added ot:curatedType "Fig 3"
loading a specific tree: 840
skipping tree: 841
skipping tree: 842
skipping tree: 843
pgloadind conducting TNRS on trees
pgloadind   name fixing on tree tree id "840"
pgloadind   all nodes have ottIds
pgloadind   postpruning newick tree "(((((((((((((Agapanthus_africanus,Agapanthus_campanulatus),((((Allium_altaicum,Allium_siculum),Milula_spicata),(Tristagma,Tulbaghia)),(Amaryllis_belladonna,(Clivia,(Eustephia_darwinii,Pancratium_canariense))))),((((Agave,(((Anthericum_liliago,(Echeandia,Leucocrinum_montanum)),Herreria_montevidensis),Behnia_reticulata)),Anemarrhena_asphodeloides),(((Albuca_shawii,Ornithogalum),Hyacinthus_orientalis),((Bessera_elegans,Brodiaea),(Milla_magnifica,Muilla_maritima)))),(((Aphyllanthes_monspeliensis,(Asparagus_officinalis,Hemiphylacus_latifolius)),(((Aspidistra_elatior,Convallaria),Plinia_recurvata),Eriospermum_bayeri)),(Lomandra_longifolia,Sowerbaea_juncea)))),((((Aloe_vera,Kniphofia_uvaria),Asphodelus_aestivus),(((((Caesia_contorta,Corynotheca_micrantha),Tricoryne),(Hemerocallis,Simethis_mattiazzii)),(Dianella,Stypandra_glauca)),Pasithea_caerulea)),Xanthorrhoea)),Xeronema_callistemon),(((Geosiris_aphylla,Gladiolus),Iris_missouriensis),Isophysis_tasmanica)),(Doryanthes_excelsa,Ixiolirion_tataricum)),(Cyanastrum,(Zephyra_cyanocrocus,(Walleria_mackenzii,Zephyra_elegans)))),((Alania_endlicheri,Borya_septentrionalis),(((Astelia_alpina,Milligania_stylosa),((Empodium_veratrifolium,Rhodohypoxis_milloides),Lanaria_lanata)),Blandfordia_punicea))),((Apostasia_stylidioides,Epipactis_helleborine),Cypripedium)),(((Anigozanthos_flavidus,Hanguana_malayana),((Helmholtzia,Philydrella_pygmaea),Weldenia_candida)),(Maranta,Musa))),((Calochortus_minimus,Lilium_superbum),Campynema_lineare)),((Talbotia_elegans,Stemona_japonica),(Freycinetia_scandens,Chorigyne_pendula)))"
pgloadind   taxon mapping summary
pgloadind     taxon mapping OTT ID 103445 taxonomy "Agapanthus africanus->Agapanthus->Agapanthoideae->Amaryllidaceae->Asparagales->Petrosaviidae->Liliopsida->Mesangiospermae->Magnoliophyta->Spermatophyta->Euphyllophyta->Tracheophyta->Embryophyta->Streptophyta->Chloroplastida->Archaeplastida->Eukaryota->cellular organisms->life" nexsonid "node345369"
pgloadind     taxon mapping OTT ID 133504 taxonomy "Agapanthus campanulatus->Agapanthus->Agapanthoideae->Amaryllidaceae->Asparagales->Petrosaviidae->Liliopsida->Mesangiospermae->Magnoliophyta->Spermatophyta->Euphyllophyta->Tracheophyta->Embryophyta->Streptophyta->Chloroplastida->Archaeplastida->Eukaryota->cellular organisms->life" nexsonid "node345370"
pgloadind     taxon mapping OTT ID 421054 taxonomy "Allium altaicum->Allium->Allieae->Allioideae->Amaryllidaceae->Asparagales->Petrosaviidae->Liliopsida->Mesangiospermae->Magnoliophyta->Spermatophyta->Euphyllophyta->Tracheophyta->Embryophyta->Streptophyta->Chloroplastida->Archaeplastida->Eukaryota->cellular organisms->life" nexsonid "node345375"
pgloadind     taxon mapping OTT ID 921503 taxonomy "Allium siculum->Allium->Allieae->Allioideae->Amaryllidaceae->Asparagales->Petrosaviidae->Liliopsida->Mesangiospermae->Magnoliophyta->Spermatophyta->Euphyllophyta->Tracheophyta->Embryophyta->Streptophyta->Chloroplastida->Archaeplastida->Eukaryota->cellular organisms->life" nexsonid "node345376"
pgloadind     taxon mapping OTT ID 870951 taxonomy "Milula spicata->Milula->Allieae->Allioideae->Amaryllidaceae->Asparagales->Petrosaviidae->Liliopsida->Mesangiospermae->Magnoliophyta->Spermatophyta->Euphyllophyta->Tracheophyta->Embryophyta->Streptophyta->Chloroplastida->Archaeplastida->Eukaryota->cellular organisms->life" nexsonid "node345377"
pgloadind     taxon mapping OTT ID 285941 taxonomy "Tristagma->Gilliesieae->Allioideae->Amaryllidaceae->Asparagales->Petrosaviidae->Liliopsida->Mesangiospermae->Magnoliophyta->Spermatophyta->Euphyllophyta->Tracheophyta->Embryophyta->Streptophyta->Chloroplastida->Archaeplastida->Eukaryota->cellular organisms->life" nexsonid "node345379"
pgloadind     taxon mapping OTT ID 809753 taxonomy "Tulbaghia->Tulbaghieae->Allioideae->Amaryllidaceae->Asparagales->Petrosaviidae->Liliopsida->Mesangiospermae->Magnoliophyta->Spermatophyta->Euphyllophyta->Tracheophyta->Embryophyta->Streptophyta->Chloroplastida->Archaeplastida->Eukaryota->cellular organisms->life" nexsonid "node345380"
pgloadind     taxon mapping OTT ID 655586 taxonomy "Amaryllis belladonna->Amaryllis->Amaryllidoideae->Amaryllidaceae->Asparagales->Petrosaviidae->Liliopsida->Mesangiospermae->Magnoliophyta->Spermatophyta->Euphyllophyta->Tracheophyta->Embryophyta->Streptophyta->Chloroplastida->Archaeplastida->Eukaryota->cellular organisms->life" nexsonid "node345382"
pgloadind     taxon mapping OTT ID 512515 taxonomy "Clivia->Amaryllidoideae->Amaryllidaceae->Asparagales->Petrosaviidae->Liliopsida->Mesangiospermae->Magnoliophyta->Spermatophyta->Euphyllophyta->Tracheophyta->Embryophyta->Streptophyta->Chloroplastida->Archaeplastida->Eukaryota->cellular organisms->life" nexsonid "node345384"
pgloadind     taxon mapping OTT ID 1090685 taxonomy "Eustephia darwinii->Eustephia->Amaryllidoideae->Amaryllidaceae->Asparagales->Petrosaviidae->Liliopsida->Mesangiospermae->Magnoliophyta->Spermatophyta->Euphyllophyta->Tracheophyta->Embryophyta->Streptophyta->Chloroplastida->Archaeplastida->Eukaryota->cellular organisms->life" nexsonid "node345386"
pgloadind     taxon mapping OTT ID 334876 taxonomy "Pancratium canariense->Pancratium->Amaryllidoideae->Amaryllidaceae->Asparagales->Petrosaviidae->Liliopsida->Mesangiospermae->Magnoliophyta->Spermatophyta->Euphyllophyta->Tracheophyta->Embryophyta->Streptophyta->Chloroplastida->Archaeplastida->Eukaryota->cellular organisms->life" nexsonid "node345387"
pgloadind     taxon mapping OTT ID 973369 taxonomy "Agave->Agavoideae->Asparagaceae->Asparagales->Petrosaviidae->Liliopsida->Mesangiospermae->Magnoliophyta->Spermatophyta->Euphyllophyta->Tracheophyta->Embryophyta->Streptophyta->Chloroplastida->Archaeplastida->Eukaryota->cellular organisms->life" nexsonid "node345392"
pgloadind     taxon mapping OTT ID 655583 taxonomy "Anthericum liliago->Anthericum->Agavoideae->Asparagaceae->Asparagales->Petrosaviidae->Liliopsida->Mesangiospermae->Magnoliophyta->Spermatophyta->Euphyllophyta->Tracheophyta->Embryophyta->Streptophyta->Chloroplastida->Archaeplastida->Eukaryota->cellular organisms->life" nexsonid "node345396"
pgloadind     taxon mapping OTT ID 695850 taxonomy "Echeandia->Agavoideae->Asparagaceae->Asparagales->Petrosaviidae->Liliopsida->Mesangiospermae->Magnoliophyta->Spermatophyta->Euphyllophyta->Tracheophyta->Embryophyta->Streptophyta->Chloroplastida->Archaeplastida->Eukaryota->cellular organisms->life" nexsonid "node345398"
pgloadind     taxon mapping OTT ID 121718 taxonomy "Leucocrinum montanum->Leucocrinum->Agavoideae->Asparagaceae->Asparagales->Petrosaviidae->Liliopsida->Mesangiospermae->Magnoliophyta->Spermatophyta->Euphyllophyta->Tracheophyta->Embryophyta->Streptophyta->Chloroplastida->Archaeplastida->Eukaryota->cellular organisms->life" nexsonid "node345399"
pgloadind     taxon mapping OTT ID 500698 taxonomy "Herreria montevidensis->Herreria->Agavoideae->Asparagaceae->Asparagales->Petrosaviidae->Liliopsida->Mesangiospermae->Magnoliophyta->Spermatophyta->Euphyllophyta->Tracheophyta->Embryophyta->Streptophyta->Chloroplastida->Archaeplastida->Eukaryota->cellular organisms->life" nexsonid "node345400"
pgloadind     taxon mapping OTT ID 655577 taxonomy "Behnia reticulata->Behnia->Agavoideae->Asparagaceae->Asparagales->Petrosaviidae->Liliopsida->Mesangiospermae->Magnoliophyta->Spermatophyta->Euphyllophyta->Tracheophyta->Embryophyta->Streptophyta->Chloroplastida->Archaeplastida->Eukaryota->cellular organisms->life" nexsonid "node345401"
pgloadind     taxon mapping OTT ID 695854 taxonomy "Anemarrhena asphodeloides->Anemarrhena->Agavoideae->Asparagaceae->Asparagales->Petrosaviidae->Liliopsida->Mesangiospermae->Magnoliophyta->Spermatophyta->Euphyllophyta->Tracheophyta->Embryophyta->Streptophyta->Chloroplastida->Archaeplastida->Eukaryota->cellular organisms->life" nexsonid "node345402"
pgloadind     taxon mapping OTT ID 133498 taxonomy "Albuca shawii->Albuca->Ornithogaloideae->Hyacinthaceae->Asparagales->Petrosaviidae->Liliopsida->Mesangiospermae->Magnoliophyta->Spermatophyta->Euphyllophyta->Tracheophyta->Embryophyta->Streptophyta->Chloroplastida->Archaeplastida->Eukaryota->cellular organisms->life" nexsonid "node345406"
pgloadind     taxon mapping OTT ID 29643 taxonomy "Ornithogalum->Ornithogaloideae->Hyacinthaceae->Asparagales->Petrosaviidae->Liliopsida->Mesangiospermae->Magnoliophyta->Spermatophyta->Euphyllophyta->Tracheophyta->Embryophyta->Streptophyta->Chloroplastida->Archaeplastida->Eukaryota->cellular organisms->life" nexsonid "node345407"
pgloadind     taxon mapping OTT ID 712150 taxonomy "Hyacinthus orientalis->Hyacinthus->Hyacintheae->Hyacinthoideae->Hyacinthaceae->Asparagales->Petrosaviidae->Liliopsida->Mesangiospermae->Magnoliophyta->Spermatophyta->Euphyllophyta->Tracheophyta->Embryophyta->Streptophyta->Chloroplastida->Archaeplastida->Eukaryota->cellular organisms->life" nexsonid "node345408"
pgloadind     taxon mapping OTT ID 1077362 taxonomy "Bessera elegans->Bessera->Brodiaeoideae->Asparagaceae->Asparagales->Petrosaviidae->Liliopsida->Mesangiospermae->Magnoliophyta->Spermatophyta->Euphyllophyta->Tracheophyta->Embryophyta->Streptophyta->Chloroplastida->Archaeplastida->Eukaryota->cellular organisms->life" nexsonid "node345411"
pgloadind     taxon mapping OTT ID 1077357 taxonomy "Brodiaea->Brodiaeoideae->Asparagaceae->Asparagales->Petrosaviidae->Liliopsida->Mesangiospermae->Magnoliophyta->Spermatophyta->Euphyllophyta->Tracheophyta->Embryophyta->Streptophyta->Chloroplastida->Archaeplastida->Eukaryota->cellular organisms->life" nexsonid "node345412"
pgloadind     taxon mapping OTT ID 931085 taxonomy "Milla magnifica->Milla->Brodiaeoideae->Asparagaceae->Asparagales->Petrosaviidae->Liliopsida->Mesangiospermae->Magnoliophyta->Spermatophyta->Euphyllophyta->Tracheophyta->Embryophyta->Streptophyta->Chloroplastida->Archaeplastida->Eukaryota->cellular organisms->life" nexsonid "node345414"
pgloadind     taxon mapping OTT ID 29637 taxonomy "Muilla maritima->Muilla->Brodiaeoideae->Asparagaceae->Asparagales->Petrosaviidae->Liliopsida->Mesangiospermae->Magnoliophyta->Spermatophyta->Euphyllophyta->Tracheophyta->Embryophyta->Streptophyta->Chloroplastida->Archaeplastida->Eukaryota->cellular organisms->life" nexsonid "node345415"
pgloadind     taxon mapping OTT ID 121721 taxonomy "Aphyllanthes monspeliensis->Aphyllanthes->Aphyllanthoideae->Asparagaceae->Asparagales->Petrosaviidae->Liliopsida->Mesangiospermae->Magnoliophyta->Spermatophyta->Euphyllophyta->Tracheophyta->Embryophyta->Streptophyta->Chloroplastida->Archaeplastida->Eukaryota->cellular organisms->life" nexsonid "node345419"
pgloadind     taxon mapping OTT ID 748359 taxonomy "Asparagus officinalis->Asparagus->Asparagoideae->Asparagaceae->Asparagales->Petrosaviidae->Liliopsida->Mesangiospermae->Magnoliophyta->Spermatophyta->Euphyllophyta->Tracheophyta->Embryophyta->Streptophyta->Chloroplastida->Archaeplastida->Eukaryota->cellular organisms->life" nexsonid "node345421"
pgloadind     taxon mapping OTT ID 55279 taxonomy "Hemiphylacus latifolius->Hemiphylacus->Asparagoideae->Asparagaceae->Asparagales->Petrosaviidae->Liliopsida->Mesangiospermae->Magnoliophyta->Spermatophyta->Euphyllophyta->Tracheophyta->Embryophyta->Streptophyta->Chloroplastida->Archaeplastida->Eukaryota->cellular organisms->life" nexsonid "node345422"
pgloadind     taxon mapping OTT ID 1023684 taxonomy "Aspidistra elatior->Aspidistra->Nolinoideae->Asparagaceae->Asparagales->Petrosaviidae->Liliopsida->Mesangiospermae->Magnoliophyta->Spermatophyta->Euphyllophyta->Tracheophyta->Embryophyta->Streptophyta->Chloroplastida->Archaeplastida->Eukaryota->cellular organisms->life" nexsonid "node345426"
pgloadind     taxon mapping OTT ID 1089427 taxonomy "Convallaria->Nolinoideae->Asparagaceae->Asparagales->Petrosaviidae->Liliopsida->Mesangiospermae->Magnoliophyta->Spermatophyta->Euphyllophyta->Tracheophyta->Embryophyta->Streptophyta->Chloroplastida->Archaeplastida->Eukaryota->cellular organisms->life" nexsonid "node345427"
pgloadind     taxon mapping OTT ID 3936395 taxonomy "Plinia recurvata->Plinia->Myrtaceae->Myrtales->malvids->rosids->Pentapetalae->Gunneridae->eudicotyledons->Mesangiospermae->Magnoliophyta->Spermatophyta->Euphyllophyta->Tracheophyta->Embryophyta->Streptophyta->Chloroplastida->Archaeplastida->Eukaryota->cellular organisms->life" nexsonid "node345428"
pgloadind     taxon mapping OTT ID 747066 taxonomy "Eriospermum bayeri->Eriospermum->Nolinoideae->Asparagaceae->Asparagales->Petrosaviidae->Liliopsida->Mesangiospermae->Magnoliophyta->Spermatophyta->Euphyllophyta->Tracheophyta->Embryophyta->Streptophyta->Chloroplastida->Archaeplastida->Eukaryota->cellular organisms->life" nexsonid "node345429"
pgloadind     taxon mapping OTT ID 4662 taxonomy "Lomandra longifolia->Lomandra->Lomandroideae->Asparagaceae->Asparagales->Petrosaviidae->Liliopsida->Mesangiospermae->Magnoliophyta->Spermatophyta->Euphyllophyta->Tracheophyta->Embryophyta->Streptophyta->Chloroplastida->Archaeplastida->Eukaryota->cellular organisms->life" nexsonid "node345431"
pgloadind     taxon mapping OTT ID 285937 taxonomy "Sowerbaea juncea->Sowerbaea->Lomandroideae->Asparagaceae->Asparagales->Petrosaviidae->Liliopsida->Mesangiospermae->Magnoliophyta->Spermatophyta->Euphyllophyta->Tracheophyta->Embryophyta->Streptophyta->Chloroplastida->Archaeplastida->Eukaryota->cellular organisms->life" nexsonid "node345432"
pgloadind     taxon mapping OTT ID 62303 taxonomy "Aloe vera->Aloe->Asphodeloideae->Xanthorrhoeaceae->Asparagales->Petrosaviidae->Liliopsida->Mesangiospermae->Magnoliophyta->Spermatophyta->Euphyllophyta->Tracheophyta->Embryophyta->Streptophyta->Chloroplastida->Archaeplastida->Eukaryota->cellular organisms->life" nexsonid "node345437"
pgloadind     taxon mapping OTT ID 576211 taxonomy "Kniphofia uvaria->Kniphofia->Asphodeloideae->Xanthorrhoeaceae->Asparagales->Petrosaviidae->Liliopsida->Mesangiospermae->Magnoliophyta->Spermatophyta->Euphyllophyta->Tracheophyta->Embryophyta->Streptophyta->Chloroplastida->Archaeplastida->Eukaryota->cellular organisms->life" nexsonid "node345438"
pgloadind     taxon mapping OTT ID 330681 taxonomy "Asphodelus aestivus->Asphodelus->Asphodeloideae->Xanthorrhoeaceae->Asparagales->Petrosaviidae->Liliopsida->Mesangiospermae->Magnoliophyta->Spermatophyta->Euphyllophyta->Tracheophyta->Embryophyta->Streptophyta->Chloroplastida->Archaeplastida->Eukaryota->cellular organisms->life" nexsonid "node345439"
pgloadind     taxon mapping OTT ID 612034 taxonomy "Caesia contorta->Caesia->Hemerocallidoideae->Xanthorrhoeaceae->Asparagales->Petrosaviidae->Liliopsida->Mesangiospermae->Magnoliophyta->Spermatophyta->Euphyllophyta->Tracheophyta->Embryophyta->Streptophyta->Chloroplastida->Archaeplastida->Eukaryota->cellular organisms->life" nexsonid "node345445"
pgloadind     taxon mapping OTT ID 800549 taxonomy "Corynotheca micrantha->Corynotheca->Hemerocallidoideae->Xanthorrhoeaceae->Asparagales->Petrosaviidae->Liliopsida->Mesangiospermae->Magnoliophyta->Spermatophyta->Euphyllophyta->Tracheophyta->Embryophyta->Streptophyta->Chloroplastida->Archaeplastida->Eukaryota->cellular organisms->life" nexsonid "node345446"
pgloadind     taxon mapping OTT ID 90949 taxonomy "Tricoryne->Hemerocallidoideae->Xanthorrhoeaceae->Asparagales->Petrosaviidae->Liliopsida->Mesangiospermae->Magnoliophyta->Spermatophyta->Euphyllophyta->Tracheophyta->Embryophyta->Streptophyta->Chloroplastida->Archaeplastida->Eukaryota->cellular organisms->life" nexsonid "node345447"
pgloadind     taxon mapping OTT ID 883105 taxonomy "Hemerocallis->Hemerocallidoideae->Xanthorrhoeaceae->Asparagales->Petrosaviidae->Liliopsida->Mesangiospermae->Magnoliophyta->Spermatophyta->Euphyllophyta->Tracheophyta->Embryophyta->Streptophyta->Chloroplastida->Archaeplastida->Eukaryota->cellular organisms->life" nexsonid "node345449"
pgloadind     taxon mapping OTT ID 787633 taxonomy "Simethis mattiazzii->Simethis->Hemerocallidoideae->Xanthorrhoeaceae->Asparagales->Petrosaviidae->Liliopsida->Mesangiospermae->Magnoliophyta->Spermatophyta->Euphyllophyta->Tracheophyta->Embryophyta->Streptophyta->Chloroplastida->Archaeplastida->Eukaryota->cellular organisms->life" nexsonid "node345450"
pgloadind     taxon mapping OTT ID 3580 taxonomy "Dianella->Hemerocallidoideae->Xanthorrhoeaceae->Asparagales->Petrosaviidae->Liliopsida->Mesangiospermae->Magnoliophyta->Spermatophyta->Euphyllophyta->Tracheophyta->Embryophyta->Streptophyta->Chloroplastida->Archaeplastida->Eukaryota->cellular organisms->life" nexsonid "node345452"
pgloadind     taxon mapping OTT ID 90946 taxonomy "Stypandra glauca->Stypandra->Hemerocallidoideae->Xanthorrhoeaceae->Asparagales->Petrosaviidae->Liliopsida->Mesangiospermae->Magnoliophyta->Spermatophyta->Euphyllophyta->Tracheophyta->Embryophyta->Streptophyta->Chloroplastida->Archaeplastida->Eukaryota->cellular organisms->life" nexsonid "node345453"
pgloadind     taxon mapping OTT ID 612025 taxonomy "Pasithea caerulea->Pasithea->Hemerocallidoideae->Xanthorrhoeaceae->Asparagales->Petrosaviidae->Liliopsida->Mesangiospermae->Magnoliophyta->Spermatophyta->Euphyllophyta->Tracheophyta->Embryophyta->Streptophyta->Chloroplastida->Archaeplastida->Eukaryota->cellular organisms->life" nexsonid "node345454"
pgloadind     taxon mapping OTT ID 497834 taxonomy "Xanthorrhoea->Xanthorrhoeoideae->Xanthorrhoeaceae->Asparagales->Petrosaviidae->Liliopsida->Mesangiospermae->Magnoliophyta->Spermatophyta->Euphyllophyta->Tracheophyta->Embryophyta->Streptophyta->Chloroplastida->Archaeplastida->Eukaryota->cellular organisms->life" nexsonid "node345455"
pgloadind     taxon mapping OTT ID 579768 taxonomy "Xeronema callistemon->Xeronema->Xeronemataceae->Asparagales->Petrosaviidae->Liliopsida->Mesangiospermae->Magnoliophyta->Spermatophyta->Euphyllophyta->Tracheophyta->Embryophyta->Streptophyta->Chloroplastida->Archaeplastida->Eukaryota->cellular organisms->life" nexsonid "node345456"
pgloadind     taxon mapping OTT ID 376257 taxonomy "Geosiris aphylla->Geosiris->Iridaceae->Asparagales->Petrosaviidae->Liliopsida->Mesangiospermae->Magnoliophyta->Spermatophyta->Euphyllophyta->Tracheophyta->Embryophyta->Streptophyta->Chloroplastida->Archaeplastida->Eukaryota->cellular organisms->life" nexsonid "node345460"
pgloadind     taxon mapping OTT ID 524985 taxonomy "Gladiolus->Iridaceae->Asparagales->Petrosaviidae->Liliopsida->Mesangiospermae->Magnoliophyta->Spermatophyta->Euphyllophyta->Tracheophyta->Embryophyta->Streptophyta->Chloroplastida->Archaeplastida->Eukaryota->cellular organisms->life" nexsonid "node345461"
pgloadind     taxon mapping OTT ID 74513 taxonomy "Iris missouriensis->Iris->Iridaceae->Asparagales->Petrosaviidae->Liliopsida->Mesangiospermae->Magnoliophyta->Spermatophyta->Euphyllophyta->Tracheophyta->Embryophyta->Streptophyta->Chloroplastida->Archaeplastida->Eukaryota->cellular organisms->life" nexsonid "node345462"
pgloadind     taxon mapping OTT ID 815818 taxonomy "Isophysis tasmanica->Isophysis->Iridaceae->Asparagales->Petrosaviidae->Liliopsida->Mesangiospermae->Magnoliophyta->Spermatophyta->Euphyllophyta->Tracheophyta->Embryophyta->Streptophyta->Chloroplastida->Archaeplastida->Eukaryota->cellular organisms->life" nexsonid "node345463"
pgloadind     taxon mapping OTT ID 55292 taxonomy "Doryanthes excelsa->Doryanthes->Doryanthaceae->Asparagales->Petrosaviidae->Liliopsida->Mesangiospermae->Magnoliophyta->Spermatophyta->Euphyllophyta->Tracheophyta->Embryophyta->Streptophyta->Chloroplastida->Archaeplastida->Eukaryota->cellular organisms->life" nexsonid "node345465"
pgloadind     taxon mapping OTT ID 175614 taxonomy "Ixiolirion tataricum->Ixiolirion->Ixioliriaceae->Asparagales->Petrosaviidae->Liliopsida->Mesangiospermae->Magnoliophyta->Spermatophyta->Euphyllophyta->Tracheophyta->Embryophyta->Streptophyta->Chloroplastida->Archaeplastida->Eukaryota->cellular organisms->life" nexsonid "node345466"
pgloadind     taxon mapping OTT ID 149959 taxonomy "Cyanastrum->Tecophilaeaceae->Asparagales->Petrosaviidae->Liliopsida->Mesangiospermae->Magnoliophyta->Spermatophyta->Euphyllophyta->Tracheophyta->Embryophyta->Streptophyta->Chloroplastida->Archaeplastida->Eukaryota->cellular organisms->life" nexsonid "node345468"
pgloadind     taxon mapping OTT ID 3511 taxonomy "Zephyra cyanocrocus->Zephyra->Tecophilaeaceae->Asparagales->Petrosaviidae->Liliopsida->Mesangiospermae->Magnoliophyta->Spermatophyta->Euphyllophyta->Tracheophyta->Embryophyta->Streptophyta->Chloroplastida->Archaeplastida->Eukaryota->cellular organisms->life" nexsonid "node345470"
pgloadind     taxon mapping OTT ID 601541 taxonomy "Walleria mackenzii->Walleria->Tecophilaeaceae->Asparagales->Petrosaviidae->Liliopsida->Mesangiospermae->Magnoliophyta->Spermatophyta->Euphyllophyta->Tracheophyta->Embryophyta->Streptophyta->Chloroplastida->Archaeplastida->Eukaryota->cellular organisms->life" nexsonid "node345472"
pgloadind     taxon mapping OTT ID 601525 taxonomy "Zephyra elegans->Zephyra->Tecophilaeaceae->Asparagales->Petrosaviidae->Liliopsida->Mesangiospermae->Magnoliophyta->Spermatophyta->Euphyllophyta->Tracheophyta->Embryophyta->Streptophyta->Chloroplastida->Archaeplastida->Eukaryota->cellular organisms->life" nexsonid "node345473"
pgloadind     taxon mapping OTT ID 1019720 taxonomy "Alania endlicheri->Alania->Boryaceae->Asparagales->Petrosaviidae->Liliopsida->Mesangiospermae->Magnoliophyta->Spermatophyta->Euphyllophyta->Tracheophyta->Embryophyta->Streptophyta->Chloroplastida->Archaeplastida->Eukaryota->cellular organisms->life" nexsonid "node345476"
pgloadind     taxon mapping OTT ID 121707 taxonomy "Borya septentrionalis->Borya->Boryaceae->Asparagales->Petrosaviidae->Liliopsida->Mesangiospermae->Magnoliophyta->Spermatophyta->Euphyllophyta->Tracheophyta->Embryophyta->Streptophyta->Chloroplastida->Archaeplastida->Eukaryota->cellular organisms->life" nexsonid "node345477"
pgloadind     taxon mapping OTT ID 121714 taxonomy "Astelia alpina->Astelia->Asteliaceae->Asparagales->Petrosaviidae->Liliopsida->Mesangiospermae->Magnoliophyta->Spermatophyta->Euphyllophyta->Tracheophyta->Embryophyta->Streptophyta->Chloroplastida->Archaeplastida->Eukaryota->cellular organisms->life" nexsonid "node345481"
pgloadind     taxon mapping OTT ID 576178 taxonomy "Milligania stylosa->Milligania->Asteliaceae->Asparagales->Petrosaviidae->Liliopsida->Mesangiospermae->Magnoliophyta->Spermatophyta->Euphyllophyta->Tracheophyta->Embryophyta->Streptophyta->Chloroplastida->Archaeplastida->Eukaryota->cellular organisms->life" nexsonid "node345482"
pgloadind     taxon mapping OTT ID 393027 taxonomy "Empodium veratrifolium->Empodium->Hypoxidaceae->Asparagales->Petrosaviidae->Liliopsida->Mesangiospermae->Magnoliophyta->Spermatophyta->Euphyllophyta->Tracheophyta->Embryophyta->Streptophyta->Chloroplastida->Archaeplastida->Eukaryota->cellular organisms->life" nexsonid "node345485"
pgloadind     taxon mapping OTT ID 172919 taxonomy "Rhodohypoxis milloides->Rhodohypoxis->Hypoxidaceae->Asparagales->Petrosaviidae->Liliopsida->Mesangiospermae->Magnoliophyta->Spermatophyta->Euphyllophyta->Tracheophyta->Embryophyta->Streptophyta->Chloroplastida->Archaeplastida->Eukaryota->cellular organisms->life" nexsonid "node345486"
pgloadind     taxon mapping OTT ID 388156 taxonomy "Lanaria lanata->Lanaria->Lanariaceae->Asparagales->Petrosaviidae->Liliopsida->Mesangiospermae->Magnoliophyta->Spermatophyta->Euphyllophyta->Tracheophyta->Embryophyta->Streptophyta->Chloroplastida->Archaeplastida->Eukaryota->cellular organisms->life" nexsonid "node345487"
pgloadind     taxon mapping OTT ID 628349 taxonomy "Blandfordia punicea->Blandfordia->Blandfordiaceae->Asparagales->Petrosaviidae->Liliopsida->Mesangiospermae->Magnoliophyta->Spermatophyta->Euphyllophyta->Tracheophyta->Embryophyta->Streptophyta->Chloroplastida->Archaeplastida->Eukaryota->cellular organisms->life" nexsonid "node345488"
pgloadind     taxon mapping OTT ID 330677 taxonomy "Apostasia stylidioides->Apostasia->Apostasiodeae->Orchidaceae->Asparagales->Petrosaviidae->Liliopsida->Mesangiospermae->Magnoliophyta->Spermatophyta->Euphyllophyta->Tracheophyta->Embryophyta->Streptophyta->Chloroplastida->Archaeplastida->Eukaryota->cellular organisms->life" nexsonid "node345491"
pgloadind     taxon mapping OTT ID 647082 taxonomy "Epipactis helleborine->Epipactis->Neottieae->Epidendroideae->Orchidaceae->Asparagales->Petrosaviidae->Liliopsida->Mesangiospermae->Magnoliophyta->Spermatophyta->Euphyllophyta->Tracheophyta->Embryophyta->Streptophyta->Chloroplastida->Archaeplastida->Eukaryota->cellular organisms->life" nexsonid "node345492"
pgloadind     taxon mapping OTT ID 530301 taxonomy "Cypripedium->Cypripedioideae->Orchidaceae->Asparagales->Petrosaviidae->Liliopsida->Mesangiospermae->Magnoliophyta->Spermatophyta->Euphyllophyta->Tracheophyta->Embryophyta->Streptophyta->Chloroplastida->Archaeplastida->Eukaryota->cellular organisms->life" nexsonid "node345493"
pgloadind     taxon mapping OTT ID 761960 taxonomy "Anigozanthos flavidus->Anigozanthos->Haemodoraceae->Commelinales->commelinids->Petrosaviidae->Liliopsida->Mesangiospermae->Magnoliophyta->Spermatophyta->Euphyllophyta->Tracheophyta->Embryophyta->Streptophyta->Chloroplastida->Archaeplastida->Eukaryota->cellular organisms->life" nexsonid "node345497"
pgloadind     taxon mapping OTT ID 436805 taxonomy "Hanguana malayana->Hanguana->Hanguanaceae->Commelinales->commelinids->Petrosaviidae->Liliopsida->Mesangiospermae->Magnoliophyta->Spermatophyta->Euphyllophyta->Tracheophyta->Embryophyta->Streptophyta->Chloroplastida->Archaeplastida->Eukaryota->cellular organisms->life" nexsonid "node345498"
pgloadind     taxon mapping OTT ID 620161 taxonomy "Helmholtzia->Philydraceae->Commelinales->commelinids->Petrosaviidae->Liliopsida->Mesangiospermae->Magnoliophyta->Spermatophyta->Euphyllophyta->Tracheophyta->Embryophyta->Streptophyta->Chloroplastida->Archaeplastida->Eukaryota->cellular organisms->life" nexsonid "node345501"
pgloadind     taxon mapping OTT ID 234098 taxonomy "Philydrella pygmaea->Philydrella->Philydraceae->Commelinales->commelinids->Petrosaviidae->Liliopsida->Mesangiospermae->Magnoliophyta->Spermatophyta->Euphyllophyta->Tracheophyta->Embryophyta->Streptophyta->Chloroplastida->Archaeplastida->Eukaryota->cellular organisms->life" nexsonid "node345502"
pgloadind     taxon mapping OTT ID 1063879 taxonomy "Weldenia candida->Weldenia->Commelinaceae->Commelinales->commelinids->Petrosaviidae->Liliopsida->Mesangiospermae->Magnoliophyta->Spermatophyta->Euphyllophyta->Tracheophyta->Embryophyta->Streptophyta->Chloroplastida->Archaeplastida->Eukaryota->cellular organisms->life" nexsonid "node345503"
pgloadind     taxon mapping OTT ID 350122 taxonomy "Maranta->Marantaceae->Zingiberales->commelinids->Petrosaviidae->Liliopsida->Mesangiospermae->Magnoliophyta->Spermatophyta->Euphyllophyta->Tracheophyta->Embryophyta->Streptophyta->Chloroplastida->Archaeplastida->Eukaryota->cellular organisms->life" nexsonid "node345505"
pgloadind     taxon mapping OTT ID 207473 taxonomy "Musa->Musaceae->Zingiberales->commelinids->Petrosaviidae->Liliopsida->Mesangiospermae->Magnoliophyta->Spermatophyta->Euphyllophyta->Tracheophyta->Embryophyta->Streptophyta->Chloroplastida->Archaeplastida->Eukaryota->cellular organisms->life" nexsonid "node345506"
pgloadind     taxon mapping OTT ID 747056 taxonomy "Calochortus minimus->Calochortus->Liliaceae->Liliales->Petrosaviidae->Liliopsida->Mesangiospermae->Magnoliophyta->Spermatophyta->Euphyllophyta->Tracheophyta->Embryophyta->Streptophyta->Chloroplastida->Archaeplastida->Eukaryota->cellular organisms->life" nexsonid "node345509"
pgloadind     taxon mapping OTT ID 592254 taxonomy "Lilium superbum->Lilium->Liliaceae->Liliales->Petrosaviidae->Liliopsida->Mesangiospermae->Magnoliophyta->Spermatophyta->Euphyllophyta->Tracheophyta->Embryophyta->Streptophyta->Chloroplastida->Archaeplastida->Eukaryota->cellular organisms->life" nexsonid "node345510"
pgloadind     taxon mapping OTT ID 747064 taxonomy "Campynema lineare->Campynema->Campynemataceae->Liliales->Petrosaviidae->Liliopsida->Mesangiospermae->Magnoliophyta->Spermatophyta->Euphyllophyta->Tracheophyta->Embryophyta->Streptophyta->Chloroplastida->Archaeplastida->Eukaryota->cellular organisms->life" nexsonid "node345511"
pgloadind     taxon mapping OTT ID 761989 taxonomy "Talbotia elegans->Talbotia->Velloziaceae->Pandanales->Petrosaviidae->Liliopsida->Mesangiospermae->Magnoliophyta->Spermatophyta->Euphyllophyta->Tracheophyta->Embryophyta->Streptophyta->Chloroplastida->Archaeplastida->Eukaryota->cellular organisms->life" nexsonid "node345514"
pgloadind     taxon mapping OTT ID 727392 taxonomy "Stemona japonica->Stemona->Stemonaceae->Pandanales->Petrosaviidae->Liliopsida->Mesangiospermae->Magnoliophyta->Spermatophyta->Euphyllophyta->Tracheophyta->Embryophyta->Streptophyta->Chloroplastida->Archaeplastida->Eukaryota->cellular organisms->life" nexsonid "node345515"
pgloadind     taxon mapping OTT ID 573301 taxonomy "Freycinetia scandens->Freycinetia->Pandanaceae->Pandanales->Petrosaviidae->Liliopsida->Mesangiospermae->Magnoliophyta->Spermatophyta->Euphyllophyta->Tracheophyta->Embryophyta->Streptophyta->Chloroplastida->Archaeplastida->Eukaryota->cellular organisms->life" nexsonid "node345517"
pgloadind     taxon mapping OTT ID 909600 taxonomy "Chorigyne pendula->Chorigyne->Cyclanthaceae->Pandanales->Petrosaviidae->Liliopsida->Mesangiospermae->Magnoliophyta->Spermatophyta->Euphyllophyta->Tracheophyta->Embryophyta->Streptophyta->Chloroplastida->Archaeplastida->Eukaryota->cellular organisms->life" nexsonid "node345518"
done fixing name
pgloadind Finished with attempts to fix names
pgloadind   Checking for uniqueness of OTT IDs tree id "840"
pgloadind   Adding tree to graph tree id "840"
all trees have all taxa: false
	using bipartition technique
attempting to remap tips to deepest exemplified taxa
	Kniphofia uvaria was remapped to 'Kniphofia' (id=3110216)
	Calochortus minimus was remapped to 'Calochortus' (id=3030470)
	Tristagma was remapped to 'Gilliesieae' (id=3045186)
	Milla magnifica was remapped to 'Milla' (id=3041241)
	Geosiris aphylla was remapped to 'Geosiris' (id=3117717)
	Campynema lineare was remapped to 'Campynemataceae' (id=3032540)
	Simethis mattiazzii was remapped to 'Simethis' (id=3111968)
	Amaryllis belladonna was remapped to 'Amaryllis' (id=3050130)
	Asparagus officinalis was remapped to 'Asparagus' (id=3038490)
	Hyacinthus orientalis was remapped to 'Hyacinthoideae' (id=3043209)
	Aspidistra elatior was remapped to 'Aspidistra' (id=3037775)
	Plinia recurvata was remapped to 'eudicotyledons' (id=2613663)
	Ixiolirion tataricum was remapped to 'Ixioliriaceae' (id=3045106)
	Sowerbaea juncea was remapped to 'Sowerbaea' (id=3037952)
	Behnia reticulata was remapped to 'Behnia' (id=3039964)
	Anemarrhena asphodeloides was remapped to 'Anemarrhena' (id=3040175)
	Leucocrinum montanum was remapped to 'Leucocrinum' (id=3040178)
	Aloe vera was remapped to 'Aloe' (id=3110787)
	Apostasia stylidioides was remapped to 'Apostasiodeae' (id=3051329)
	Musa was remapped to 'Musaceae' (id=2955174)
	Anthericum liliago was remapped to 'Anthericum' (id=3039969)
	Eustephia darwinii was remapped to 'Eustephia' (id=3051149)
	Alania endlicheri was remapped to 'Alania' (id=3108978)
	Milligania stylosa was remapped to 'Milligania' (id=3109147)
	Pancratium canariense was remapped to 'Pancratium' (id=3051214)
	Astelia alpina was remapped to 'Astelia' (id=3109076)
	Cypripedium was remapped to 'Cypripedioideae' (id=3092321)
	Aphyllanthes monspeliensis was remapped to 'Aphyllanthoideae' (id=3038477)
	Pasithea caerulea was remapped to 'Pasithea' (id=3111998)
	Doryanthes excelsa was remapped to 'Doryanthaceae' (id=3045098)
	Isophysis tasmanica was remapped to 'Isophysis' (id=3117356)
	Corynotheca micrantha was remapped to 'Corynotheca' (id=3112047)
	Asphodelus aestivus was remapped to 'Asphodelus' (id=3110042)
	Empodium veratrifolium was remapped to 'Empodium' (id=3109294)
	Caesia contorta was remapped to 'Caesia' (id=3112014)
	Weldenia candida was remapped to 'Commelinaceae' (id=2947691)
	Hanguana malayana was remapped to 'Hanguanaceae' (id=2947646)
	Epipactis helleborine was remapped to 'Epidendroideae' (id=3051392)
	Anigozanthos flavidus was remapped to 'Haemodoraceae' (id=2947128)
	Xeronema callistemon was remapped to 'Xeronemataceae' (id=3051312)
	Iris missouriensis was remapped to 'Iris' (id=3113399)
	Bessera elegans was remapped to 'Bessera' (id=3041276)
	Blandfordia punicea was remapped to 'Blandfordiaceae' (id=3045084)
	Borya septentrionalis was remapped to 'Borya' (id=3108955)
	Walleria mackenzii was remapped to 'Walleria' (id=3109018)
	Xanthorrhoea was remapped to 'Xanthorrhoeoideae' (id=3111810)
	Tulbaghia was remapped to 'Tulbaghieae' (id=3045135)
	Stypandra glauca was remapped to 'Stypandra' (id=3111935)
	Lilium superbum was remapped to 'Lilium' (id=3031818)
	Maranta was remapped to 'Marantaceae' (id=2953386)
	Chorigyne pendula was remapped to 'Cyclanthaceae' (id=2940192)
	Philydrella pygmaea was remapped to 'Philydrella' (id=2947665)
	Talbotia elegans was remapped to 'Velloziaceae' (id=2937761)
	Rhodohypoxis milloides was remapped to 'Rhodohypoxis' (id=3109270)
	Eriospermum bayeri was remapped to 'Eriospermum' (id=3036897)
	Albuca shawii was remapped to 'Albuca' (id=3041898)
	Lanaria lanata was remapped to 'Lanariaceae' (id=3051317)
	Herreria montevidensis was remapped to 'Herreria' (id=3039716)
	Freycinetia scandens was remapped to 'Pandanaceae' (id=2938478)
	Lomandra longifolia was remapped to 'Lomandra' (id=3038346)
	Muilla maritima was remapped to 'Muilla' (id=3041122)
	Hemiphylacus latifolius was remapped to 'Hemiphylacus' (id=3038483)
	Stemona japonica was remapped to 'Stemonaceae' (id=2938401)
	Milula spicata was remapped to 'Milula' (id=3047479)
this is the ROOT
placing root in index
Dealing with metadata property: id
Dealing with metadata property: ot:studyPublicationReference
Adding property 'ot:studyPublicationReference': McPherson, M. A., Fay, M. F., Chase, M. W., & Graham, S. W. 2004. Parallel loss of a slowly evolving intron from two closely related families in Asparagales. Syst. Bot. 29: 296-307.
Dealing with metadata property: ot:focalCladeOTTTaxonName
Adding property 'ot:focalCladeOTTTaxonName': Asparagales
Dealing with metadata property: ot:studyYear
Adding property 'ot:studyYear': 2004
Dealing with metadata property: ot:inGroupClade
Adding property 'ot:inGroupClade': node345356
Dealing with metadata property: ot:curatorName
Adding property 'ot:curatorName': Jiabin Deng
Dealing with metadata property: ot:studyPublication
Adding property 'ot:studyPublication': http://dx.doi.org/10.1600/036364404774195494
Dealing with metadata property: ot:focalClade
Adding property 'ot:focalClade': 557124
Dealing with metadata property: ot:curatedType
Adding property 'ot:curatedType': Additional MP Tree 3 of 4
Dealing with metadata property: ot:studyId
Adding property 'ot:studyId': 574
Dealing with metadata property: ot:dataDeposit
Adding property 'ot:dataDeposit': http://purl.org/phylo/treebase/phylows/study/TB2:S1015
Committing nodes: 163
	adding Node[3047481] Agapanthoideae 276748 as compatible with Node[3047484]
		adding Relationship[8416233]
		adding to root Relationship[8416234]
		adding Relationship[8416235] from Node[3047481] to Node[3045115]
