pgloadind OTUs number 243
pgloadind Processing tree @id "1162"
pgloadind   tree info number nodes 309
pgloadind   tree info number edges 308
pgloadind   tree info ingroup "node417933"
pgloadind   Setting ingroup root node.
pgloadind   Ingested tree number of external nodes 182
pgloadind   property added ot:studyPublicationReference "Stefanovic, S. S. S., & Costea, M. C. M. (2008). Reticulate evolution in the parasitic genus Cuscuta (Convolvulaceae): over and over again This paper is one of a selection of papers published in the Special Issue on Systematics Research. Botany, 86(8), 791-808."
pgloadind   property added ot:studyPublication "http://dx.doi.org/10.1139/B08-033"
pgloadind   property added ot:curatorName "bryan drew"
pgloadind   property added ot:dataDeposit "http://purl.org/phylo/treebase/phylows/study/TB2:S1947"
pgloadind   property added ot:studyId "657"
pgloadind   property added ot:studyYear "2007"
pgloadind   property added ot:inGroupClade "node417933"
pgloadind   property added ot:curatedType "ITS"
pgloadind Processing tree @id "1163"
pgloadind   tree info number nodes 259
pgloadind   tree info number edges 258
pgloadind   tree info ingroup "node418242"
pgloadind   Setting ingroup root node.
pgloadind   Ingested tree number of external nodes 177
pgloadind   property added ot:studyPublicationReference "Stefanovic, S. S. S., & Costea, M. C. M. (2008). Reticulate evolution in the parasitic genus Cuscuta (Convolvulaceae): over and over again This paper is one of a selection of papers published in the Special Issue on Systematics Research. Botany, 86(8), 791-808."
pgloadind   property added ot:studyPublication "http://dx.doi.org/10.1139/B08-033"
pgloadind   property added ot:curatorName "bryan drew"
pgloadind   property added ot:dataDeposit "http://purl.org/phylo/treebase/phylows/study/TB2:S1947"
pgloadind   property added ot:studyId "657"
pgloadind   property added ot:studyYear "2007"
pgloadind   property added ot:inGroupClade "node418242"
pgloadind   property added ot:curatedType "trnLF"
loading a specific tree: 1162
skipping tree: 1163
pgloadind conducting TNRS on trees
pgloadind   name fixing on tree tree id "1162"
pgloadind   all nodes have ottIds
pgloadind     OTT ID reused in tree
pgloadind       duplicate name "Cuscuta odorata" nexsonid "node417942"
pgloadind       duplicate OTT ID 437308
pgloadind     OTT ID reused in tree
pgloadind       duplicate name "Cuscuta foetida" nexsonid "node417943"
pgloadind       duplicate OTT ID 933926
pgloadind     OTT ID reused in tree
pgloadind       duplicate name "Cuscuta odorata" nexsonid "node417947"
pgloadind       duplicate OTT ID 437308
pgloadind     OTT ID reused in tree
pgloadind       duplicate name "Cuscuta indecora var. attenuata" nexsonid "node417975"
pgloadind       duplicate OTT ID 836585
pgloadind     OTT ID reused in tree
pgloadind       duplicate name "Cuscuta indecora" nexsonid "node417977"
pgloadind       duplicate OTT ID 610315
pgloadind     OTT ID reused in tree
pgloadind       duplicate name "Cuscuta umbellata" nexsonid "node417986"
pgloadind       duplicate OTT ID 216756
pgloadind     OTT ID reused in tree
pgloadind       duplicate name "Cuscuta umbellata" nexsonid "node417987"
pgloadind       duplicate OTT ID 216756
pgloadind     OTT ID reused in tree
pgloadind       duplicate name "Cuscuta desmouliniana" nexsonid "node417990"
pgloadind       duplicate OTT ID 33237
pgloadind     OTT ID reused in tree
pgloadind       duplicate name "Cuscuta liliputana" nexsonid "node417993"
pgloadind       duplicate OTT ID 33227
pgloadind     OTT ID reused in tree
pgloadind       duplicate name "Cuscuta liliputana" nexsonid "node417994"
pgloadind       duplicate OTT ID 33227
pgloadind     OTT ID reused in tree
pgloadind       duplicate name "Cuscuta umbellata" nexsonid "node417995"
pgloadind       duplicate OTT ID 216756
pgloadind     OTT ID reused in tree
pgloadind       duplicate name "Cuscuta liliputana" nexsonid "node417996"
pgloadind       duplicate OTT ID 33227
pgloadind     OTT ID reused in tree
pgloadind       duplicate name "Cuscuta hyalina" nexsonid "node417999"
pgloadind       duplicate OTT ID 836583
pgloadind     OTT ID reused in tree
pgloadind       duplicate name "Cuscuta hyalina" nexsonid "node418000"
pgloadind       duplicate OTT ID 836583
pgloadind     OTT ID reused in tree
pgloadind       duplicate name "Cuscuta tuberculata" nexsonid "node418003"
pgloadind       duplicate OTT ID 282799
pgloadind     OTT ID reused in tree
pgloadind       duplicate name "Cuscuta tuberculata" nexsonid "node418004"
pgloadind       duplicate OTT ID 282799
pgloadind     OTT ID reused in tree
pgloadind       duplicate name "Cuscuta tuberculata" nexsonid "node418005"
pgloadind       duplicate OTT ID 282799
pgloadind     OTT ID reused in tree
pgloadind       duplicate name "Cuscuta odontolepis" nexsonid "node418008"
pgloadind       duplicate OTT ID 189127
pgloadind     OTT ID reused in tree
pgloadind       duplicate name "Cuscuta legitima" nexsonid "node418012"
pgloadind       duplicate OTT ID 282801
pgloadind     OTT ID reused in tree
pgloadind       duplicate name "Cuscuta leptantha" nexsonid "node418016"
pgloadind       duplicate OTT ID 261920
pgloadind     OTT ID reused in tree
pgloadind       duplicate name "Cuscuta leptantha" nexsonid "node418017"
pgloadind       duplicate OTT ID 261920
pgloadind     OTT ID reused in tree
pgloadind       duplicate name "Cuscuta polyanthemos" nexsonid "node418020"
pgloadind       duplicate OTT ID 578452
pgloadind     OTT ID reused in tree
pgloadind       duplicate name "Cuscuta gracillima" nexsonid "node418026"
pgloadind       duplicate OTT ID 836567
pgloadind     OTT ID reused in tree
pgloadind       duplicate name "Cuscuta sidarum" nexsonid "node418029"
pgloadind       duplicate OTT ID 806691
pgloadind     OTT ID reused in tree
pgloadind       duplicate name "Cuscuta chapalana" nexsonid "node418043"
pgloadind       duplicate OTT ID 886632
pgloadind     OTT ID reused in tree
pgloadind       duplicate name "Cuscuta corymbosa var. grandiflora" nexsonid "node418050"
pgloadind       duplicate OTT ID 312010
pgloadind     OTT ID reused in tree
pgloadind       duplicate name "Cuscuta denticulata" nexsonid "node418066"
pgloadind       duplicate OTT ID 312002
pgloadind     OTT ID reused in tree
pgloadind       duplicate name "Cuscuta denticulata" nexsonid "node418067"
pgloadind       duplicate OTT ID 312002
pgloadind     OTT ID reused in tree
pgloadind       duplicate name "Cuscuta veatchii" nexsonid "node418071"
pgloadind       duplicate OTT ID 764323
pgloadind     OTT ID reused in tree
pgloadind       duplicate name "Cuscuta veatchii" nexsonid "node418072"
pgloadind       duplicate OTT ID 764323
pgloadind     OTT ID reused in tree
pgloadind       duplicate name "Cuscuta nevadensis" nexsonid "node418075"
pgloadind       duplicate OTT ID 261904
pgloadind     OTT ID reused in tree
pgloadind       duplicate name "Cuscuta gronovii var. latiflora" nexsonid "node418083"
pgloadind       duplicate OTT ID 836572
pgloadind     OTT ID reused in tree
pgloadind       duplicate name "Cuscuta gronovii" nexsonid "node418087"
pgloadind       duplicate OTT ID 77369
pgloadind     OTT ID reused in tree
pgloadind       duplicate name "Cuscuta gronovii" nexsonid "node418091"
pgloadind       duplicate OTT ID 77369
pgloadind     OTT ID reused in tree
pgloadind       duplicate name "Cuscuta micrantha" nexsonid "node418100"
pgloadind       duplicate OTT ID 261909
pgloadind     OTT ID reused in tree
pgloadind       duplicate name "Cuscuta micrantha" nexsonid "node418101"
pgloadind       duplicate OTT ID 261909
pgloadind     OTT ID reused in tree
pgloadind       duplicate name "Cuscuta micrantha" nexsonid "node418102"
pgloadind       duplicate OTT ID 261909
pgloadind     OTT ID reused in tree
pgloadind       duplicate name "Cuscuta suaveolens" nexsonid "node418112"
pgloadind       duplicate OTT ID 806697
pgloadind     OTT ID reused in tree
pgloadind       duplicate name "Cuscuta suaveolens" nexsonid "node418113"
pgloadind       duplicate OTT ID 806697
pgloadind     OTT ID reused in tree
pgloadind       duplicate name "Cuscuta campestris" nexsonid "node418122"
pgloadind       duplicate OTT ID 839684
pgloadind     OTT ID reused in tree
pgloadind       duplicate name "Cuscuta campestris" nexsonid "node418123"
pgloadind       duplicate OTT ID 839684
pgloadind     OTT ID reused in tree
pgloadind       duplicate name "Cuscuta campestris" nexsonid "node418125"
pgloadind       duplicate OTT ID 839684
pgloadind     OTT ID reused in tree
pgloadind       duplicate name "Cuscuta campestris" nexsonid "node418128"
pgloadind       duplicate OTT ID 839684
pgloadind     OTT ID reused in tree
pgloadind       duplicate name "Cuscuta obtusiflora" nexsonid "node418135"
pgloadind       duplicate OTT ID 578435
pgloadind     OTT ID reused in tree
pgloadind       duplicate name "Cuscuta pentagona" nexsonid "node418137"
pgloadind       duplicate OTT ID 501898
pgloadind     OTT ID reused in tree
pgloadind       duplicate name "Cuscuta pentagona" nexsonid "node418141"
pgloadind       duplicate OTT ID 501898
pgloadind     OTT ID reused in tree
pgloadind       duplicate name "Cuscuta pentagona" nexsonid "node418142"
pgloadind       duplicate OTT ID 501898
pgloadind     OTT ID reused in tree
pgloadind       duplicate name "Cuscuta polygonorum" nexsonid "node418143"
pgloadind       duplicate OTT ID 578454
pgloadind     OTT ID reused in tree
pgloadind       duplicate name "Cuscuta californica" nexsonid "node418156"
pgloadind       duplicate OTT ID 886614
pgloadind     OTT ID reused in tree
pgloadind       duplicate name "Cuscuta occidentalis" nexsonid "node418159"
pgloadind       duplicate OTT ID 189125
pgloadind     OTT ID reused in tree
pgloadind       duplicate name "Cuscuta occidentalis" nexsonid "node418160"
pgloadind       duplicate OTT ID 189125
pgloadind     OTT ID reused in tree
pgloadind       duplicate name "Cuscuta californica" nexsonid "node418162"
pgloadind       duplicate OTT ID 886614
pgloadind     OTT ID reused in tree
pgloadind       duplicate name "Cuscuta subinclusa" nexsonid "node418167"
pgloadind       duplicate OTT ID 925945
pgloadind     OTT ID reused in tree
pgloadind       duplicate name "Cuscuta subinclusa" nexsonid "node418168"
pgloadind       duplicate OTT ID 925945
pgloadind     OTT ID reused in tree
pgloadind       duplicate name "Cuscuta salina" nexsonid "node418174"
pgloadind       duplicate OTT ID 5801
pgloadind     OTT ID reused in tree
pgloadind       duplicate name "Cuscuta suksdorfii" nexsonid "node418178"
pgloadind       duplicate OTT ID 806695
pgloadind     OTT ID reused in tree
pgloadind       duplicate name "Cuscuta howelliana" nexsonid "node418181"
pgloadind       duplicate OTT ID 836581
pgloadind     OTT ID reused in tree
pgloadind       duplicate name "Cuscuta macrocephala" nexsonid "node418190"
pgloadind       duplicate OTT ID 261914
pgloadind     OTT ID reused in tree
pgloadind       duplicate name "Cuscuta potosina" nexsonid "node418200"
pgloadind       duplicate OTT ID 5783
pgloadind     OTT ID reused in tree
pgloadind       duplicate name "Cuscuta applanata" nexsonid "node418202"
pgloadind       duplicate OTT ID 159801
pgloadind     OTT ID reused in tree
pgloadind       duplicate name "Cuscuta applanata" nexsonid "node418203"
pgloadind       duplicate OTT ID 159801
pgloadind     OTT ID reused in tree
pgloadind       duplicate name "Cuscuta applanata" nexsonid "node418204"
pgloadind       duplicate OTT ID 159801
pgloadind     OTT ID reused in tree
pgloadind       duplicate name "Cuscuta sandwichiana" nexsonid "node418208"
pgloadind       duplicate OTT ID 368112
pgloadind     OTT ID reused in tree
pgloadind       duplicate name "Cuscuta sandwichiana" nexsonid "node418209"
pgloadind       duplicate OTT ID 368112
pgloadind     OTT ID reused in tree
pgloadind       duplicate name "Cuscuta rugosiceps" nexsonid "node418218"
pgloadind       duplicate OTT ID 5795
pgloadind     OTT ID reused in tree
pgloadind       duplicate name "Cuscuta jalapensis" nexsonid "node418220"
pgloadind       duplicate OTT ID 261922
pgloadind     OTT ID reused in tree
pgloadind       duplicate name "Cuscuta mitriformis" nexsonid "node418223"
pgloadind       duplicate OTT ID 261906
pgloadind     OTT ID reused in tree
pgloadind       duplicate name "Cuscuta tinctoria" nexsonid "node418231"
pgloadind       duplicate OTT ID 806704
pgloadind     OTT ID reused in tree
pgloadind       duplicate name "Cuscuta purpusii" nexsonid "node418235"
pgloadind       duplicate OTT ID 5785
pgloadind     OTT ID reused in tree
pgloadind       duplicate name "Cuscuta victoriana" nexsonid "node418241"
pgloadind       duplicate OTT ID 282807
pgloadind     overlapping tips
pgloadind       overlapping retained name "Cuscuta foetida" nexsonid "node417940"
pgloadind       overlapping pruned name "Cuscuta foetida var. pycnantha" nexsonid "node417951"
pgloadind     overlapping tips
pgloadind       overlapping retained name "Cuscuta indecora var. neuropetala" nexsonid "node417973"
pgloadind       overlapping pruned name "Cuscuta indecora" nexsonid "node417972"
pgloadind     overlapping tips
pgloadind       overlapping retained name "Cuscuta gronovii var. latiflora" nexsonid "node418080"
pgloadind       overlapping pruned name "Cuscuta gronovii" nexsonid "node418086"
pgloadind     overlapping tips
pgloadind       overlapping retained name "Cuscuta australis" nexsonid "node418130"
pgloadind       overlapping pruned name "Cuscuta australis subsp. tinei" nexsonid "node418131"
pgloadind     overlapping tips
pgloadind       overlapping retained name "Cuscuta obtusiflora" nexsonid "node418134"
pgloadind       overlapping pruned name "Cuscuta obtusiflora var. glandulosa" nexsonid "node418136"
pgloadind     overlapping tips
pgloadind       overlapping retained name "Cuscuta potosina" nexsonid "node418197"
pgloadind       overlapping pruned name "Cuscuta potosina var. globifera" nexsonid "node418198"
pgloadind     pruning dups and overlapping name "Cuscuta odorata" nexsonid "node417947"
pgloadind     pruning dups and overlapping name "Cuscuta tuberculata" nexsonid "node418005"
pgloadind     pruning dups and overlapping name "Cuscuta campestris" nexsonid "node418122"
pgloadind     pruning dups and overlapping name "Cuscuta obtusiflora var. glandulosa" nexsonid "node418136"
pgloadind     pruning dups and overlapping name "Cuscuta australis subsp. tinei" nexsonid "node418131"
pgloadind     pruning dups and overlapping name "Cuscuta tuberculata" nexsonid "node418003"
pgloadind     pruning dups and overlapping name "Cuscuta umbellata" nexsonid "node417987"
pgloadind     pruning dups and overlapping name "Cuscuta rugosiceps" nexsonid "node418218"
pgloadind     pruning dups and overlapping name "Cuscuta liliputana" nexsonid "node417994"
pgloadind     pruning dups and overlapping name "Cuscuta veatchii" nexsonid "node418071"
pgloadind     pruning dups and overlapping name "Cuscuta gracillima" nexsonid "node418026"
pgloadind     pruning dups and overlapping name "Cuscuta umbellata" nexsonid "node417995"
pgloadind     pruning dups and overlapping name "Cuscuta corymbosa var. grandiflora" nexsonid "node418050"
pgloadind     pruning dups and overlapping name "Cuscuta suksdorfii" nexsonid "node418178"
pgloadind     pruning dups and overlapping name "Cuscuta applanata" nexsonid "node418204"
pgloadind     pruning dups and overlapping name "Cuscuta salina" nexsonid "node418174"
pgloadind     pruning dups and overlapping name "Cuscuta foetida" nexsonid "node417943"
pgloadind     pruning dups and overlapping name "Cuscuta obtusiflora" nexsonid "node418135"
pgloadind     pruning dups and overlapping name "Cuscuta indecora" nexsonid "node417972"
pgloadind     pruning dups and overlapping name "Cuscuta subinclusa" nexsonid "node418167"
pgloadind     pruning dups and overlapping name "Cuscuta subinclusa" nexsonid "node418168"
pgloadind     pruning dups and overlapping name "Cuscuta denticulata" nexsonid "node418067"
pgloadind     pruning dups and overlapping name "Cuscuta applanata" nexsonid "node418203"
pgloadind     pruning dups and overlapping name "Cuscuta gronovii" nexsonid "node418091"
pgloadind     pruning dups and overlapping name "Cuscuta pentagona" nexsonid "node418141"
pgloadind     pruning dups and overlapping name "Cuscuta suaveolens" nexsonid "node418113"
pgloadind     pruning dups and overlapping name "Cuscuta occidentalis" nexsonid "node418160"
pgloadind     pruning dups and overlapping name "Cuscuta chapalana" nexsonid "node418043"
pgloadind     pruning dups and overlapping name "Cuscuta hyalina" nexsonid "node417999"
pgloadind     pruning dups and overlapping name "Cuscuta purpusii" nexsonid "node418235"
pgloadind     pruning dups and overlapping name "Cuscuta sidarum" nexsonid "node418029"
pgloadind     pruning dups and overlapping name "Cuscuta nevadensis" nexsonid "node418075"
pgloadind     pruning dups and overlapping name "Cuscuta suaveolens" nexsonid "node418112"
pgloadind     pruning dups and overlapping name "Cuscuta campestris" nexsonid "node418128"
pgloadind     pruning dups and overlapping name "Cuscuta pentagona" nexsonid "node418137"
pgloadind     pruning dups and overlapping name "Cuscuta pentagona" nexsonid "node418142"
pgloadind     pruning dups and overlapping name "Cuscuta veatchii" nexsonid "node418072"
pgloadind     pruning dups and overlapping name "Cuscuta macrocephala" nexsonid "node418190"
pgloadind     pruning dups and overlapping name "Cuscuta indecora var. attenuata" nexsonid "node417975"
pgloadind     pruning dups and overlapping name "Cuscuta gronovii var. latiflora" nexsonid "node418083"
pgloadind     pruning dups and overlapping name "Cuscuta micrantha" nexsonid "node418102"
pgloadind     pruning dups and overlapping name "Cuscuta micrantha" nexsonid "node418101"
pgloadind     pruning dups and overlapping name "Cuscuta desmouliniana" nexsonid "node417990"
pgloadind     pruning dups and overlapping name "Cuscuta mitriformis" nexsonid "node418223"
pgloadind     pruning dups and overlapping name "Cuscuta gronovii" nexsonid "node418087"
pgloadind     pruning dups and overlapping name "Cuscuta leptantha" nexsonid "node418016"
pgloadind     pruning dups and overlapping name "Cuscuta liliputana" nexsonid "node417993"
pgloadind     pruning dups and overlapping name "Cuscuta tinctoria" nexsonid "node418231"
pgloadind     pruning dups and overlapping name "Cuscuta jalapensis" nexsonid "node418220"
pgloadind     pruning dups and overlapping name "Cuscuta leptantha" nexsonid "node418017"
pgloadind     pruning dups and overlapping name "Cuscuta applanata" nexsonid "node418202"
pgloadind     pruning dups and overlapping name "Cuscuta legitima" nexsonid "node418012"
pgloadind     pruning dups and overlapping name "Cuscuta liliputana" nexsonid "node417996"
pgloadind     pruning dups and overlapping name "Cuscuta potosina var. globifera" nexsonid "node418198"
pgloadind     pruning dups and overlapping name "Cuscuta odorata" nexsonid "node417942"
pgloadind     pruning dups and overlapping name "Cuscuta sandwichiana" nexsonid "node418208"
pgloadind     pruning dups and overlapping name "Cuscuta micrantha" nexsonid "node418100"
pgloadind     pruning dups and overlapping name "Cuscuta odontolepis" nexsonid "node418008"
pgloadind     pruning dups and overlapping name "Cuscuta tuberculata" nexsonid "node418004"
pgloadind     pruning dups and overlapping name "Cuscuta polyanthemos" nexsonid "node418020"
pgloadind     pruning dups and overlapping name "Cuscuta denticulata" nexsonid "node418066"
pgloadind     pruning dups and overlapping name "Cuscuta umbellata" nexsonid "node417986"
pgloadind     pruning dups and overlapping name "Cuscuta howelliana" nexsonid "node418181"
pgloadind     pruning dups and overlapping name "Cuscuta campestris" nexsonid "node418125"
pgloadind     pruning dups and overlapping name "Cuscuta gronovii" nexsonid "node418086"
pgloadind     pruning dups and overlapping name "Cuscuta victoriana" nexsonid "node418241"
pgloadind     pruning dups and overlapping name "Cuscuta sandwichiana" nexsonid "node418209"
pgloadind     pruning dups and overlapping name "Cuscuta occidentalis" nexsonid "node418159"
pgloadind     pruning dups and overlapping name "Cuscuta polygonorum" nexsonid "node418143"
pgloadind     pruning dups and overlapping name "Cuscuta hyalina" nexsonid "node418000"
pgloadind     pruning dups and overlapping name "Cuscuta indecora" nexsonid "node417977"
pgloadind     pruning dups and overlapping name "Cuscuta potosina" nexsonid "node418200"
pgloadind     pruning dups and overlapping name "Cuscuta campestris" nexsonid "node418123"
pgloadind     pruning dups and overlapping name "Cuscuta foetida var. pycnantha" nexsonid "node417951"
pgloadind     pruning dups and overlapping name "Cuscuta californica" nexsonid "node418156"
pgloadind     pruning dups and overlapping name "Cuscuta californica" nexsonid "node418162"
pgloadind   postpruning newick tree "((((((Cuscuta_kilimanjari,Cuscuta_cristata),(Cuscuta_parodiana,(Cuscuta_globiflora,Cuscuta_grandiflora))),Cuscuta_friesii),(Cuscuta_paitana,(Cuscuta_cockerellii,Cuscuta_chilensis,Cuscuta_cf_chilensis_Teiller_et_al_2489,Cuscuta_purpurata),(Cuscuta_foetida,Cuscuta_odorata))),Cuscuta_microstyla),((((Cuscuta_warneri,(Cuscuta_coryli,(Cuscuta_indecora_var_neuropetala,Cuscuta_indecora_var_attenuata,Cuscuta_indecora_var_longisepala))),(((((Cuscuta_umbellata,Cuscuta_desmouliniana,Cuscuta_liliputana),Cuscuta_hyalina),Cuscuta_tuberculata),(Cuscuta_odontolepis,(Cuscuta_acuta,Cuscuta_legitima))),(Cuscuta_leptantha,Cuscuta_polyanthemos))),((((Cuscuta_sidarum,Cuscuta_aristeguietae),Cuscuta_gracillima),Cuscuta_serruloba),Cuscuta_mcvaughii)),(((((Cuscuta_erosa,Cuscuta_boldinghii),Cuscuta_strobilacea),Cuscuta_chapalana),Cuscuta_costaricensis),(((Cuscuta_prismatica,Cuscuta_corymbosa_var_grandiflora),Cuscuta_corymbosa_var_stylosa),((((((Cuscuta_burrelli,Cuscuta_haughtii),Cuscuta_partita),(((Cuscuta_nevadensis,Cuscuta_veatchii),Cuscuta_denticulata),(((Cuscuta_cephalanthi,Cuscuta_gronovii_var_latiflora,Cuscuta_gronovii_var_calyptrata),((Cuscuta_glomerata,Cuscuta_umbrosa),Cuscuta_compacta,Cuscuta_rostrata,Cuscuta_cuspidata)),Cuscuta_squamata),(((((Cuscuta_corniculata,Cuscuta_parviflora_var_elongata),Cuscuta_incurvata,Cuscuta_racemosa_var_miniata,Cuscuta_platyloba),Cuscuta_micrantha),Cuscuta_suaveolens),(Cuscuta_werdermannii,Cuscuta_bifurcata)),((((Cuscuta_campestris,Cuscuta_pentagona,Cuscuta_polygonorum),Cuscuta_australis,Cuscuta_obtusiflora,Cuscuta_gymnocarpa),(Cuscuta_plattensis,(Cuscuta_runyonii,Cuscuta_glabrior)),Cuscuta_harperi),Cuscuta_stenolepis),(((Cuscuta_occidentalis,Cuscuta_californica),Cuscuta_brachycalyx),(((Cuscuta_pacifica_var_pacifica,Cuscuta_salina),Cuscuta_suksdorfii),Cuscuta_howelliana),Cuscuta_decipiens,Cuscuta_subinclusa))),(((Cuscuta_cozumeliensis,Cuscuta_globulosa),(Cuscuta_macrocephala,Cuscuta_cf_cozumeliensis_Fernandez_Acosta_2131)),Cuscuta_americana)),(((Cuscuta_yucatana,Cuscuta_potosina),Cuscuta_applanata),Cuscuta_sandwichiana)),((((Cuscuta_mitriformis,(Cuscuta_jalapensis,Cuscuta_rugosiceps)),Cuscuta_lindsayi),((((Cuscuta_tinctoria,Cuscuta_aff_floribunda_Prather_Soule_1221),Cuscuta_aurea),Cuscuta_purpusii),Cuscuta_woodsonii)),(Cuscuta_tasmanica,Cuscuta_victoriana)))))))"
pgloadind   taxon mapping summary
pgloadind     taxon mapping OTT ID 358215 taxonomy "Cuscuta kilimanjari->Cuscuta->Cuscuteae->Convolvulaceae->Solanales->lamiids->asterids->Pentapetalae->Gunneridae->eudicotyledons->Mesangiospermae->Magnoliophyta->Spermatophyta->Euphyllophyta->Tracheophyta->Embryophyta->Streptophyta->Chloroplastida->Archaeplastida->Eukaryota->cellular organisms->life" nexsonid "node417955"
pgloadind     taxon mapping OTT ID 933922 taxonomy "Cuscuta cristata->Cuscuta->Cuscuteae->Convolvulaceae->Solanales->lamiids->asterids->Pentapetalae->Gunneridae->eudicotyledons->Mesangiospermae->Magnoliophyta->Spermatophyta->Euphyllophyta->Tracheophyta->Embryophyta->Streptophyta->Chloroplastida->Archaeplastida->Eukaryota->cellular organisms->life" nexsonid "node417956"
pgloadind     taxon mapping OTT ID 358209 taxonomy "Cuscuta parodiana->Cuscuta->Cuscuteae->Convolvulaceae->Solanales->lamiids->asterids->Pentapetalae->Gunneridae->eudicotyledons->Mesangiospermae->Magnoliophyta->Spermatophyta->Euphyllophyta->Tracheophyta->Embryophyta->Streptophyta->Chloroplastida->Archaeplastida->Eukaryota->cellular organisms->life" nexsonid "node417958"
pgloadind     taxon mapping OTT ID 358219 taxonomy "Cuscuta globiflora->Cuscuta->Cuscuteae->Convolvulaceae->Solanales->lamiids->asterids->Pentapetalae->Gunneridae->eudicotyledons->Mesangiospermae->Magnoliophyta->Spermatophyta->Euphyllophyta->Tracheophyta->Embryophyta->Streptophyta->Chloroplastida->Archaeplastida->Eukaryota->cellular organisms->life" nexsonid "node417960"
pgloadind     taxon mapping OTT ID 358217 taxonomy "Cuscuta grandiflora->Cuscuta->Cuscuteae->Convolvulaceae->Solanales->lamiids->asterids->Pentapetalae->Gunneridae->eudicotyledons->Mesangiospermae->Magnoliophyta->Spermatophyta->Euphyllophyta->Tracheophyta->Embryophyta->Streptophyta->Chloroplastida->Archaeplastida->Eukaryota->cellular organisms->life" nexsonid "node417961"
pgloadind     taxon mapping OTT ID 933911 taxonomy "Cuscuta friesii->Cuscuta->Cuscuteae->Convolvulaceae->Solanales->lamiids->asterids->Pentapetalae->Gunneridae->eudicotyledons->Mesangiospermae->Magnoliophyta->Spermatophyta->Euphyllophyta->Tracheophyta->Embryophyta->Streptophyta->Chloroplastida->Archaeplastida->Eukaryota->cellular organisms->life" nexsonid "node417962"
pgloadind     taxon mapping OTT ID 358211 taxonomy "Cuscuta paitana->Cuscuta->Cuscuteae->Convolvulaceae->Solanales->lamiids->asterids->Pentapetalae->Gunneridae->eudicotyledons->Mesangiospermae->Magnoliophyta->Spermatophyta->Euphyllophyta->Tracheophyta->Embryophyta->Streptophyta->Chloroplastida->Archaeplastida->Eukaryota->cellular organisms->life" nexsonid "node417944"
pgloadind     taxon mapping OTT ID 933920 taxonomy "Cuscuta cockerellii->Cuscuta->Cuscuteae->Convolvulaceae->Solanales->lamiids->asterids->Pentapetalae->Gunneridae->eudicotyledons->Mesangiospermae->Magnoliophyta->Spermatophyta->Euphyllophyta->Tracheophyta->Embryophyta->Streptophyta->Chloroplastida->Archaeplastida->Eukaryota->cellular organisms->life" nexsonid "node417946"
pgloadind     taxon mapping OTT ID 933914 taxonomy "Cuscuta chilensis->Cuscuta->Cuscuteae->Convolvulaceae->Solanales->lamiids->asterids->Pentapetalae->Gunneridae->eudicotyledons->Mesangiospermae->Magnoliophyta->Spermatophyta->Euphyllophyta->Tracheophyta->Embryophyta->Streptophyta->Chloroplastida->Archaeplastida->Eukaryota->cellular organisms->life" nexsonid "node417948"
pgloadind     taxon mapping OTT ID 933916 taxonomy "Cuscuta cf. chilensis Teiller et al 2489->Cuscuta->Cuscuteae->Convolvulaceae->Solanales->lamiids->asterids->Pentapetalae->Gunneridae->eudicotyledons->Mesangiospermae->Magnoliophyta->Spermatophyta->Euphyllophyta->Tracheophyta->Embryophyta->Streptophyta->Chloroplastida->Archaeplastida->Eukaryota->cellular organisms->life" nexsonid "node417949"
pgloadind     taxon mapping OTT ID 358207 taxonomy "Cuscuta purpurata->Cuscuta->Cuscuteae->Convolvulaceae->Solanales->lamiids->asterids->Pentapetalae->Gunneridae->eudicotyledons->Mesangiospermae->Magnoliophyta->Spermatophyta->Euphyllophyta->Tracheophyta->Embryophyta->Streptophyta->Chloroplastida->Archaeplastida->Eukaryota->cellular organisms->life" nexsonid "node417950"
pgloadind     taxon mapping OTT ID 933926 taxonomy "Cuscuta foetida->Cuscuta->Cuscuteae->Convolvulaceae->Solanales->lamiids->asterids->Pentapetalae->Gunneridae->eudicotyledons->Mesangiospermae->Magnoliophyta->Spermatophyta->Euphyllophyta->Tracheophyta->Embryophyta->Streptophyta->Chloroplastida->Archaeplastida->Eukaryota->cellular organisms->life" nexsonid "node417940"
pgloadind     taxon mapping OTT ID 437308 taxonomy "Cuscuta odorata->Cuscuta->Cuscuteae->Convolvulaceae->Solanales->lamiids->asterids->Pentapetalae->Gunneridae->eudicotyledons->Mesangiospermae->Magnoliophyta->Spermatophyta->Euphyllophyta->Tracheophyta->Embryophyta->Streptophyta->Chloroplastida->Archaeplastida->Eukaryota->cellular organisms->life" nexsonid "node417941"
pgloadind     taxon mapping OTT ID 358213 taxonomy "Cuscuta microstyla->Cuscuta->Cuscuteae->Convolvulaceae->Solanales->lamiids->asterids->Pentapetalae->Gunneridae->eudicotyledons->Mesangiospermae->Magnoliophyta->Spermatophyta->Euphyllophyta->Tracheophyta->Embryophyta->Streptophyta->Chloroplastida->Archaeplastida->Eukaryota->cellular organisms->life" nexsonid "node417963"
pgloadind     taxon mapping OTT ID 282791 taxonomy "Cuscuta warneri->Cuscuta->Cuscuteae->Convolvulaceae->Solanales->lamiids->asterids->Pentapetalae->Gunneridae->eudicotyledons->Mesangiospermae->Magnoliophyta->Spermatophyta->Euphyllophyta->Tracheophyta->Embryophyta->Streptophyta->Chloroplastida->Archaeplastida->Eukaryota->cellular organisms->life" nexsonid "node417978"
pgloadind     taxon mapping OTT ID 312006 taxonomy "Cuscuta coryli->Cuscuta->Cuscuteae->Convolvulaceae->Solanales->lamiids->asterids->Pentapetalae->Gunneridae->eudicotyledons->Mesangiospermae->Magnoliophyta->Spermatophyta->Euphyllophyta->Tracheophyta->Embryophyta->Streptophyta->Chloroplastida->Archaeplastida->Eukaryota->cellular organisms->life" nexsonid "node417970"
pgloadind     taxon mapping OTT ID 261924 taxonomy "Cuscuta indecora var. neuropetala->Cuscuta indecora->Cuscuta->Cuscuteae->Convolvulaceae->Solanales->lamiids->asterids->Pentapetalae->Gunneridae->eudicotyledons->Mesangiospermae->Magnoliophyta->Spermatophyta->Euphyllophyta->Tracheophyta->Embryophyta->Streptophyta->Chloroplastida->Archaeplastida->Eukaryota->cellular organisms->life" nexsonid "node417973"
pgloadind     taxon mapping OTT ID 836585 taxonomy "Cuscuta indecora var. attenuata->Cuscuta indecora->Cuscuta->Cuscuteae->Convolvulaceae->Solanales->lamiids->asterids->Pentapetalae->Gunneridae->eudicotyledons->Mesangiospermae->Magnoliophyta->Spermatophyta->Euphyllophyta->Tracheophyta->Embryophyta->Streptophyta->Chloroplastida->Archaeplastida->Eukaryota->cellular organisms->life" nexsonid "node417974"
pgloadind     taxon mapping OTT ID 836588 taxonomy "Cuscuta indecora var. longisepala->Cuscuta indecora->Cuscuta->Cuscuteae->Convolvulaceae->Solanales->lamiids->asterids->Pentapetalae->Gunneridae->eudicotyledons->Mesangiospermae->Magnoliophyta->Spermatophyta->Euphyllophyta->Tracheophyta->Embryophyta->Streptophyta->Chloroplastida->Archaeplastida->Eukaryota->cellular organisms->life" nexsonid "node417976"
pgloadind     taxon mapping OTT ID 216756 taxonomy "Cuscuta umbellata->Cuscuta->Cuscuteae->Convolvulaceae->Solanales->lamiids->asterids->Pentapetalae->Gunneridae->eudicotyledons->Mesangiospermae->Magnoliophyta->Spermatophyta->Euphyllophyta->Tracheophyta->Embryophyta->Streptophyta->Chloroplastida->Archaeplastida->Eukaryota->cellular organisms->life" nexsonid "node417985"
pgloadind     taxon mapping OTT ID 33237 taxonomy "Cuscuta desmouliniana->Cuscuta->Cuscuteae->Convolvulaceae->Solanales->lamiids->asterids->Pentapetalae->Gunneridae->eudicotyledons->Mesangiospermae->Magnoliophyta->Spermatophyta->Euphyllophyta->Tracheophyta->Embryophyta->Streptophyta->Chloroplastida->Archaeplastida->Eukaryota->cellular organisms->life" nexsonid "node417989"
pgloadind     taxon mapping OTT ID 33227 taxonomy "Cuscuta liliputana->Cuscuta->Cuscuteae->Convolvulaceae->Solanales->lamiids->asterids->Pentapetalae->Gunneridae->eudicotyledons->Mesangiospermae->Magnoliophyta->Spermatophyta->Euphyllophyta->Tracheophyta->Embryophyta->Streptophyta->Chloroplastida->Archaeplastida->Eukaryota->cellular organisms->life" nexsonid "node417992"
pgloadind     taxon mapping OTT ID 836583 taxonomy "Cuscuta hyalina->Cuscuta->Cuscuteae->Convolvulaceae->Solanales->lamiids->asterids->Pentapetalae->Gunneridae->eudicotyledons->Mesangiospermae->Magnoliophyta->Spermatophyta->Euphyllophyta->Tracheophyta->Embryophyta->Streptophyta->Chloroplastida->Archaeplastida->Eukaryota->cellular organisms->life" nexsonid "node417998"
pgloadind     taxon mapping OTT ID 282799 taxonomy "Cuscuta tuberculata->Cuscuta->Cuscuteae->Convolvulaceae->Solanales->lamiids->asterids->Pentapetalae->Gunneridae->eudicotyledons->Mesangiospermae->Magnoliophyta->Spermatophyta->Euphyllophyta->Tracheophyta->Embryophyta->Streptophyta->Chloroplastida->Archaeplastida->Eukaryota->cellular organisms->life" nexsonid "node418002"
pgloadind     taxon mapping OTT ID 189127 taxonomy "Cuscuta odontolepis->Cuscuta->Cuscuteae->Convolvulaceae->Solanales->lamiids->asterids->Pentapetalae->Gunneridae->eudicotyledons->Mesangiospermae->Magnoliophyta->Spermatophyta->Euphyllophyta->Tracheophyta->Embryophyta->Streptophyta->Chloroplastida->Archaeplastida->Eukaryota->cellular organisms->life" nexsonid "node418007"
pgloadind     taxon mapping OTT ID 159791 taxonomy "Cuscuta acuta->Cuscuta->Cuscuteae->Convolvulaceae->Solanales->lamiids->asterids->Pentapetalae->Gunneridae->eudicotyledons->Mesangiospermae->Magnoliophyta->Spermatophyta->Euphyllophyta->Tracheophyta->Embryophyta->Streptophyta->Chloroplastida->Archaeplastida->Eukaryota->cellular organisms->life" nexsonid "node418010"
pgloadind     taxon mapping OTT ID 282801 taxonomy "Cuscuta legitima->Cuscuta->Cuscuteae->Convolvulaceae->Solanales->lamiids->asterids->Pentapetalae->Gunneridae->eudicotyledons->Mesangiospermae->Magnoliophyta->Spermatophyta->Euphyllophyta->Tracheophyta->Embryophyta->Streptophyta->Chloroplastida->Archaeplastida->Eukaryota->cellular organisms->life" nexsonid "node418011"
pgloadind     taxon mapping OTT ID 261920 taxonomy "Cuscuta leptantha->Cuscuta->Cuscuteae->Convolvulaceae->Solanales->lamiids->asterids->Pentapetalae->Gunneridae->eudicotyledons->Mesangiospermae->Magnoliophyta->Spermatophyta->Euphyllophyta->Tracheophyta->Embryophyta->Streptophyta->Chloroplastida->Archaeplastida->Eukaryota->cellular organisms->life" nexsonid "node418015"
pgloadind     taxon mapping OTT ID 578452 taxonomy "Cuscuta polyanthemos->Cuscuta->Cuscuteae->Convolvulaceae->Solanales->lamiids->asterids->Pentapetalae->Gunneridae->eudicotyledons->Mesangiospermae->Magnoliophyta->Spermatophyta->Euphyllophyta->Tracheophyta->Embryophyta->Streptophyta->Chloroplastida->Archaeplastida->Eukaryota->cellular organisms->life" nexsonid "node418019"
pgloadind     taxon mapping OTT ID 806691 taxonomy "Cuscuta sidarum->Cuscuta->Cuscuteae->Convolvulaceae->Solanales->lamiids->asterids->Pentapetalae->Gunneridae->eudicotyledons->Mesangiospermae->Magnoliophyta->Spermatophyta->Euphyllophyta->Tracheophyta->Embryophyta->Streptophyta->Chloroplastida->Archaeplastida->Eukaryota->cellular organisms->life" nexsonid "node418028"
pgloadind     taxon mapping OTT ID 159799 taxonomy "Cuscuta aristeguietae->Cuscuta->Cuscuteae->Convolvulaceae->Solanales->lamiids->asterids->Pentapetalae->Gunneridae->eudicotyledons->Mesangiospermae->Magnoliophyta->Spermatophyta->Euphyllophyta->Tracheophyta->Embryophyta->Streptophyta->Chloroplastida->Archaeplastida->Eukaryota->cellular organisms->life" nexsonid "node418030"
pgloadind     taxon mapping OTT ID 836567 taxonomy "Cuscuta gracillima->Cuscuta->Cuscuteae->Convolvulaceae->Solanales->lamiids->asterids->Pentapetalae->Gunneridae->eudicotyledons->Mesangiospermae->Magnoliophyta->Spermatophyta->Euphyllophyta->Tracheophyta->Embryophyta->Streptophyta->Chloroplastida->Archaeplastida->Eukaryota->cellular organisms->life" nexsonid "node418025"
pgloadind     taxon mapping OTT ID 806693 taxonomy "Cuscuta serruloba->Cuscuta->Cuscuteae->Convolvulaceae->Solanales->lamiids->asterids->Pentapetalae->Gunneridae->eudicotyledons->Mesangiospermae->Magnoliophyta->Spermatophyta->Euphyllophyta->Tracheophyta->Embryophyta->Streptophyta->Chloroplastida->Archaeplastida->Eukaryota->cellular organisms->life" nexsonid "node418031"
pgloadind     taxon mapping OTT ID 261911 taxonomy "Cuscuta mcvaughii->Cuscuta->Cuscuteae->Convolvulaceae->Solanales->lamiids->asterids->Pentapetalae->Gunneridae->eudicotyledons->Mesangiospermae->Magnoliophyta->Spermatophyta->Euphyllophyta->Tracheophyta->Embryophyta->Streptophyta->Chloroplastida->Archaeplastida->Eukaryota->cellular organisms->life" nexsonid "node418032"
pgloadind     taxon mapping OTT ID 933924 taxonomy "Cuscuta erosa->Cuscuta->Cuscuteae->Convolvulaceae->Solanales->lamiids->asterids->Pentapetalae->Gunneridae->eudicotyledons->Mesangiospermae->Magnoliophyta->Spermatophyta->Euphyllophyta->Tracheophyta->Embryophyta->Streptophyta->Chloroplastida->Archaeplastida->Eukaryota->cellular organisms->life" nexsonid "node418038"
pgloadind     taxon mapping OTT ID 933918 taxonomy "Cuscuta boldinghii->Cuscuta->Cuscuteae->Convolvulaceae->Solanales->lamiids->asterids->Pentapetalae->Gunneridae->eudicotyledons->Mesangiospermae->Magnoliophyta->Spermatophyta->Euphyllophyta->Tracheophyta->Embryophyta->Streptophyta->Chloroplastida->Archaeplastida->Eukaryota->cellular organisms->life" nexsonid "node418039"
pgloadind     taxon mapping OTT ID 806699 taxonomy "Cuscuta strobilacea->Cuscuta->Cuscuteae->Convolvulaceae->Solanales->lamiids->asterids->Pentapetalae->Gunneridae->eudicotyledons->Mesangiospermae->Magnoliophyta->Spermatophyta->Euphyllophyta->Tracheophyta->Embryophyta->Streptophyta->Chloroplastida->Archaeplastida->Eukaryota->cellular organisms->life" nexsonid "node418040"
pgloadind     taxon mapping OTT ID 886632 taxonomy "Cuscuta chapalana->Cuscuta->Cuscuteae->Convolvulaceae->Solanales->lamiids->asterids->Pentapetalae->Gunneridae->eudicotyledons->Mesangiospermae->Magnoliophyta->Spermatophyta->Euphyllophyta->Tracheophyta->Embryophyta->Streptophyta->Chloroplastida->Archaeplastida->Eukaryota->cellular organisms->life" nexsonid "node418042"
pgloadind     taxon mapping OTT ID 311997 taxonomy "Cuscuta costaricensis->Cuscuta->Cuscuteae->Convolvulaceae->Solanales->lamiids->asterids->Pentapetalae->Gunneridae->eudicotyledons->Mesangiospermae->Magnoliophyta->Spermatophyta->Euphyllophyta->Tracheophyta->Embryophyta->Streptophyta->Chloroplastida->Archaeplastida->Eukaryota->cellular organisms->life" nexsonid "node418044"
pgloadind     taxon mapping OTT ID 5787 taxonomy "Cuscuta prismatica->Cuscuta->Cuscuteae->Convolvulaceae->Solanales->lamiids->asterids->Pentapetalae->Gunneridae->eudicotyledons->Mesangiospermae->Magnoliophyta->Spermatophyta->Euphyllophyta->Tracheophyta->Embryophyta->Streptophyta->Chloroplastida->Archaeplastida->Eukaryota->cellular organisms->life" nexsonid "node418048"
pgloadind     taxon mapping OTT ID 312010 taxonomy "Cuscuta corymbosa var. grandiflora->Cuscuta corymbosa->Cuscuta->Cuscuteae->Convolvulaceae->Solanales->lamiids->asterids->Pentapetalae->Gunneridae->eudicotyledons->Mesangiospermae->Magnoliophyta->Spermatophyta->Euphyllophyta->Tracheophyta->Embryophyta->Streptophyta->Chloroplastida->Archaeplastida->Eukaryota->cellular organisms->life" nexsonid "node418049"
pgloadind     taxon mapping OTT ID 311999 taxonomy "Cuscuta corymbosa var. stylosa->Cuscuta corymbosa->Cuscuta->Cuscuteae->Convolvulaceae->Solanales->lamiids->asterids->Pentapetalae->Gunneridae->eudicotyledons->Mesangiospermae->Magnoliophyta->Spermatophyta->Euphyllophyta->Tracheophyta->Embryophyta->Streptophyta->Chloroplastida->Archaeplastida->Eukaryota->cellular organisms->life" nexsonid "node418051"
pgloadind     taxon mapping OTT ID 886623 taxonomy "Cuscuta burrelli->Cuscuta->Cuscuteae->Convolvulaceae->Solanales->lamiids->asterids->Pentapetalae->Gunneridae->eudicotyledons->Mesangiospermae->Magnoliophyta->Spermatophyta->Euphyllophyta->Tracheophyta->Embryophyta->Streptophyta->Chloroplastida->Archaeplastida->Eukaryota->cellular organisms->life" nexsonid "node418058"
pgloadind     taxon mapping OTT ID 836579 taxonomy "Cuscuta haughtii->Cuscuta->Cuscuteae->Convolvulaceae->Solanales->lamiids->asterids->Pentapetalae->Gunneridae->eudicotyledons->Mesangiospermae->Magnoliophyta->Spermatophyta->Euphyllophyta->Tracheophyta->Embryophyta->Streptophyta->Chloroplastida->Archaeplastida->Eukaryota->cellular organisms->life" nexsonid "node418059"
pgloadind     taxon mapping OTT ID 578445 taxonomy "Cuscuta partita->Cuscuta->Cuscuteae->Convolvulaceae->Solanales->lamiids->asterids->Pentapetalae->Gunneridae->eudicotyledons->Mesangiospermae->Magnoliophyta->Spermatophyta->Euphyllophyta->Tracheophyta->Embryophyta->Streptophyta->Chloroplastida->Archaeplastida->Eukaryota->cellular organisms->life" nexsonid "node418060"
pgloadind     taxon mapping OTT ID 261904 taxonomy "Cuscuta nevadensis->Cuscuta->Cuscuteae->Convolvulaceae->Solanales->lamiids->asterids->Pentapetalae->Gunneridae->eudicotyledons->Mesangiospermae->Magnoliophyta->Spermatophyta->Euphyllophyta->Tracheophyta->Embryophyta->Streptophyta->Chloroplastida->Archaeplastida->Eukaryota->cellular organisms->life" nexsonid "node418074"
pgloadind     taxon mapping OTT ID 764323 taxonomy "Cuscuta veatchii->Cuscuta->Cuscuteae->Convolvulaceae->Solanales->lamiids->asterids->Pentapetalae->Gunneridae->eudicotyledons->Mesangiospermae->Magnoliophyta->Spermatophyta->Euphyllophyta->Tracheophyta->Embryophyta->Streptophyta->Chloroplastida->Archaeplastida->Eukaryota->cellular organisms->life" nexsonid "node418070"
pgloadind     taxon mapping OTT ID 312002 taxonomy "Cuscuta denticulata->Cuscuta->Cuscuteae->Convolvulaceae->Solanales->lamiids->asterids->Pentapetalae->Gunneridae->eudicotyledons->Mesangiospermae->Magnoliophyta->Spermatophyta->Euphyllophyta->Tracheophyta->Embryophyta->Streptophyta->Chloroplastida->Archaeplastida->Eukaryota->cellular organisms->life" nexsonid "node418065"
pgloadind     taxon mapping OTT ID 286532 taxonomy "Cuscuta cephalanthi->Cuscuta->Cuscuteae->Convolvulaceae->Solanales->lamiids->asterids->Pentapetalae->Gunneridae->eudicotyledons->Mesangiospermae->Magnoliophyta->Spermatophyta->Euphyllophyta->Tracheophyta->Embryophyta->Streptophyta->Chloroplastida->Archaeplastida->Eukaryota->cellular organisms->life" nexsonid "node418079"
pgloadind     taxon mapping OTT ID 836572 taxonomy "Cuscuta gronovii var. latiflora->Cuscuta gronovii->Cuscuta->Cuscuteae->Convolvulaceae->Solanales->lamiids->asterids->Pentapetalae->Gunneridae->eudicotyledons->Mesangiospermae->Magnoliophyta->Spermatophyta->Euphyllophyta->Tracheophyta->Embryophyta->Streptophyta->Chloroplastida->Archaeplastida->Eukaryota->cellular organisms->life" nexsonid "node418080"
pgloadind     taxon mapping OTT ID 836569 taxonomy "Cuscuta gronovii var. calyptrata->Cuscuta gronovii->Cuscuta->Cuscuteae->Convolvulaceae->Solanales->lamiids->asterids->Pentapetalae->Gunneridae->eudicotyledons->Mesangiospermae->Magnoliophyta->Spermatophyta->Euphyllophyta->Tracheophyta->Embryophyta->Streptophyta->Chloroplastida->Archaeplastida->Eukaryota->cellular organisms->life" nexsonid "node418081"
pgloadind     taxon mapping OTT ID 762139 taxonomy "Cuscuta glomerata->Cuscuta->Cuscuteae->Convolvulaceae->Solanales->lamiids->asterids->Pentapetalae->Gunneridae->eudicotyledons->Mesangiospermae->Magnoliophyta->Spermatophyta->Euphyllophyta->Tracheophyta->Embryophyta->Streptophyta->Chloroplastida->Archaeplastida->Eukaryota->cellular organisms->life" nexsonid "node418088"
pgloadind     taxon mapping OTT ID 282805 taxonomy "Cuscuta umbrosa->Cuscuta->Cuscuteae->Convolvulaceae->Solanales->lamiids->asterids->Pentapetalae->Gunneridae->eudicotyledons->Mesangiospermae->Magnoliophyta->Spermatophyta->Euphyllophyta->Tracheophyta->Embryophyta->Streptophyta->Chloroplastida->Archaeplastida->Eukaryota->cellular organisms->life" nexsonid "node418089"
pgloadind     taxon mapping OTT ID 610319 taxonomy "Cuscuta compacta->Cuscuta->Cuscuteae->Convolvulaceae->Solanales->lamiids->asterids->Pentapetalae->Gunneridae->eudicotyledons->Mesangiospermae->Magnoliophyta->Spermatophyta->Euphyllophyta->Tracheophyta->Embryophyta->Streptophyta->Chloroplastida->Archaeplastida->Eukaryota->cellular organisms->life" nexsonid "node418090"
pgloadind     taxon mapping OTT ID 5789 taxonomy "Cuscuta rostrata->Cuscuta->Cuscuteae->Convolvulaceae->Solanales->lamiids->asterids->Pentapetalae->Gunneridae->eudicotyledons->Mesangiospermae->Magnoliophyta->Spermatophyta->Euphyllophyta->Tracheophyta->Embryophyta->Streptophyta->Chloroplastida->Archaeplastida->Eukaryota->cellular organisms->life" nexsonid "node418092"
pgloadind     taxon mapping OTT ID 762141 taxonomy "Cuscuta cuspidata->Cuscuta->Cuscuteae->Convolvulaceae->Solanales->lamiids->asterids->Pentapetalae->Gunneridae->eudicotyledons->Mesangiospermae->Magnoliophyta->Spermatophyta->Euphyllophyta->Tracheophyta->Embryophyta->Streptophyta->Chloroplastida->Archaeplastida->Eukaryota->cellular organisms->life" nexsonid "node418093"
pgloadind     taxon mapping OTT ID 434944 taxonomy "Cuscuta squamata->Cuscuta->Cuscuteae->Convolvulaceae->Solanales->lamiids->asterids->Pentapetalae->Gunneridae->eudicotyledons->Mesangiospermae->Magnoliophyta->Spermatophyta->Euphyllophyta->Tracheophyta->Embryophyta->Streptophyta->Chloroplastida->Archaeplastida->Eukaryota->cellular organisms->life" nexsonid "node418094"
pgloadind     taxon mapping OTT ID 312008 taxonomy "Cuscuta corniculata->Cuscuta->Cuscuteae->Convolvulaceae->Solanales->lamiids->asterids->Pentapetalae->Gunneridae->eudicotyledons->Mesangiospermae->Magnoliophyta->Spermatophyta->Euphyllophyta->Tracheophyta->Embryophyta->Streptophyta->Chloroplastida->Archaeplastida->Eukaryota->cellular organisms->life" nexsonid "node418105"
pgloadind     taxon mapping OTT ID 578440 taxonomy "Cuscuta parviflora var. elongata->Cuscuta parviflora->Cuscuta->Cuscuteae->Convolvulaceae->Solanales->lamiids->asterids->Pentapetalae->Gunneridae->eudicotyledons->Mesangiospermae->Magnoliophyta->Spermatophyta->Euphyllophyta->Tracheophyta->Embryophyta->Streptophyta->Chloroplastida->Archaeplastida->Eukaryota->cellular organisms->life" nexsonid "node418106"
pgloadind     taxon mapping OTT ID 33239 taxonomy "Cuscuta incurvata->Cuscuta->Cuscuteae->Convolvulaceae->Solanales->lamiids->asterids->Pentapetalae->Gunneridae->eudicotyledons->Mesangiospermae->Magnoliophyta->Spermatophyta->Euphyllophyta->Tracheophyta->Embryophyta->Streptophyta->Chloroplastida->Archaeplastida->Eukaryota->cellular organisms->life" nexsonid "node418107"
pgloadind     taxon mapping OTT ID 33229 taxonomy "Cuscuta racemosa var. miniata->Cuscuta racemosa->Cuscuta->Cuscuteae->Convolvulaceae->Solanales->lamiids->asterids->Pentapetalae->Gunneridae->eudicotyledons->Mesangiospermae->Magnoliophyta->Spermatophyta->Euphyllophyta->Tracheophyta->Embryophyta->Streptophyta->Chloroplastida->Archaeplastida->Eukaryota->cellular organisms->life" nexsonid "node418108"
pgloadind     taxon mapping OTT ID 839687 taxonomy "Cuscuta platyloba->Cuscuta->Cuscuteae->Convolvulaceae->Solanales->lamiids->asterids->Pentapetalae->Gunneridae->eudicotyledons->Mesangiospermae->Magnoliophyta->Spermatophyta->Euphyllophyta->Tracheophyta->Embryophyta->Streptophyta->Chloroplastida->Archaeplastida->Eukaryota->cellular organisms->life" nexsonid "node418109"
pgloadind     taxon mapping OTT ID 261909 taxonomy "Cuscuta micrantha->Cuscuta->Cuscuteae->Convolvulaceae->Solanales->lamiids->asterids->Pentapetalae->Gunneridae->eudicotyledons->Mesangiospermae->Magnoliophyta->Spermatophyta->Euphyllophyta->Tracheophyta->Embryophyta->Streptophyta->Chloroplastida->Archaeplastida->Eukaryota->cellular organisms->life" nexsonid "node418099"
pgloadind     taxon mapping OTT ID 806697 taxonomy "Cuscuta suaveolens->Cuscuta->Cuscuteae->Convolvulaceae->Solanales->lamiids->asterids->Pentapetalae->Gunneridae->eudicotyledons->Mesangiospermae->Magnoliophyta->Spermatophyta->Euphyllophyta->Tracheophyta->Embryophyta->Streptophyta->Chloroplastida->Archaeplastida->Eukaryota->cellular organisms->life" nexsonid "node418111"
pgloadind     taxon mapping OTT ID 282793 taxonomy "Cuscuta werdermannii->Cuscuta->Cuscuteae->Convolvulaceae->Solanales->lamiids->asterids->Pentapetalae->Gunneridae->eudicotyledons->Mesangiospermae->Magnoliophyta->Spermatophyta->Euphyllophyta->Tracheophyta->Embryophyta->Streptophyta->Chloroplastida->Archaeplastida->Eukaryota->cellular organisms->life" nexsonid "node418115"
pgloadind     taxon mapping OTT ID 886621 taxonomy "Cuscuta bifurcata->Cuscuta->Cuscuteae->Convolvulaceae->Solanales->lamiids->asterids->Pentapetalae->Gunneridae->eudicotyledons->Mesangiospermae->Magnoliophyta->Spermatophyta->Euphyllophyta->Tracheophyta->Embryophyta->Streptophyta->Chloroplastida->Archaeplastida->Eukaryota->cellular organisms->life" nexsonid "node418116"
pgloadind     taxon mapping OTT ID 839684 taxonomy "Cuscuta campestris->Cuscuta->Cuscuteae->Convolvulaceae->Solanales->lamiids->asterids->Pentapetalae->Gunneridae->eudicotyledons->Mesangiospermae->Magnoliophyta->Spermatophyta->Euphyllophyta->Tracheophyta->Embryophyta->Streptophyta->Chloroplastida->Archaeplastida->Eukaryota->cellular organisms->life" nexsonid "node418121"
pgloadind     taxon mapping OTT ID 501898 taxonomy "Cuscuta pentagona->Cuscuta->Cuscuteae->Convolvulaceae->Solanales->lamiids->asterids->Pentapetalae->Gunneridae->eudicotyledons->Mesangiospermae->Magnoliophyta->Spermatophyta->Euphyllophyta->Tracheophyta->Embryophyta->Streptophyta->Chloroplastida->Archaeplastida->Eukaryota->cellular organisms->life" nexsonid "node418124"
pgloadind     taxon mapping OTT ID 578454 taxonomy "Cuscuta polygonorum->Cuscuta->Cuscuteae->Convolvulaceae->Solanales->lamiids->asterids->Pentapetalae->Gunneridae->eudicotyledons->Mesangiospermae->Magnoliophyta->Spermatophyta->Euphyllophyta->Tracheophyta->Embryophyta->Streptophyta->Chloroplastida->Archaeplastida->Eukaryota->cellular organisms->life" nexsonid "node418126"
pgloadind     taxon mapping OTT ID 286526 taxonomy "Cuscuta australis->Cuscuta->Cuscuteae->Convolvulaceae->Solanales->lamiids->asterids->Pentapetalae->Gunneridae->eudicotyledons->Mesangiospermae->Magnoliophyta->Spermatophyta->Euphyllophyta->Tracheophyta->Embryophyta->Streptophyta->Chloroplastida->Archaeplastida->Eukaryota->cellular organisms->life" nexsonid "node418130"
pgloadind     taxon mapping OTT ID 578435 taxonomy "Cuscuta obtusiflora->Cuscuta->Cuscuteae->Convolvulaceae->Solanales->lamiids->asterids->Pentapetalae->Gunneridae->eudicotyledons->Mesangiospermae->Magnoliophyta->Spermatophyta->Euphyllophyta->Tracheophyta->Embryophyta->Streptophyta->Chloroplastida->Archaeplastida->Eukaryota->cellular organisms->life" nexsonid "node418134"
pgloadind     taxon mapping OTT ID 836575 taxonomy "Cuscuta gymnocarpa->Cuscuta->Cuscuteae->Convolvulaceae->Solanales->lamiids->asterids->Pentapetalae->Gunneridae->eudicotyledons->Mesangiospermae->Magnoliophyta->Spermatophyta->Euphyllophyta->Tracheophyta->Embryophyta->Streptophyta->Chloroplastida->Archaeplastida->Eukaryota->cellular organisms->life" nexsonid "node418129"
pgloadind     taxon mapping OTT ID 578443 taxonomy "Cuscuta plattensis->Cuscuta->Cuscuteae->Convolvulaceae->Solanales->lamiids->asterids->Pentapetalae->Gunneridae->eudicotyledons->Mesangiospermae->Magnoliophyta->Spermatophyta->Euphyllophyta->Tracheophyta->Embryophyta->Streptophyta->Chloroplastida->Archaeplastida->Eukaryota->cellular organisms->life" nexsonid "node418146"
pgloadind     taxon mapping OTT ID 5793 taxonomy "Cuscuta runyonii->Cuscuta->Cuscuteae->Convolvulaceae->Solanales->lamiids->asterids->Pentapetalae->Gunneridae->eudicotyledons->Mesangiospermae->Magnoliophyta->Spermatophyta->Euphyllophyta->Tracheophyta->Embryophyta->Streptophyta->Chloroplastida->Archaeplastida->Eukaryota->cellular organisms->life" nexsonid "node418148"
pgloadind     taxon mapping OTT ID 312017 taxonomy "Cuscuta glabrior->Cuscuta->Cuscuteae->Convolvulaceae->Solanales->lamiids->asterids->Pentapetalae->Gunneridae->eudicotyledons->Mesangiospermae->Magnoliophyta->Spermatophyta->Euphyllophyta->Tracheophyta->Embryophyta->Streptophyta->Chloroplastida->Archaeplastida->Eukaryota->cellular organisms->life" nexsonid "node418149"
pgloadind     taxon mapping OTT ID 836577 taxonomy "Cuscuta harperi->Cuscuta->Cuscuteae->Convolvulaceae->Solanales->lamiids->asterids->Pentapetalae->Gunneridae->eudicotyledons->Mesangiospermae->Magnoliophyta->Spermatophyta->Euphyllophyta->Tracheophyta->Embryophyta->Streptophyta->Chloroplastida->Archaeplastida->Eukaryota->cellular organisms->life" nexsonid "node418144"
pgloadind     taxon mapping OTT ID 806701 taxonomy "Cuscuta stenolepis->Cuscuta->Cuscuteae->Convolvulaceae->Solanales->lamiids->asterids->Pentapetalae->Gunneridae->eudicotyledons->Mesangiospermae->Magnoliophyta->Spermatophyta->Euphyllophyta->Tracheophyta->Embryophyta->Streptophyta->Chloroplastida->Archaeplastida->Eukaryota->cellular organisms->life" nexsonid "node418150"
pgloadind     taxon mapping OTT ID 189125 taxonomy "Cuscuta occidentalis->Cuscuta->Cuscuteae->Convolvulaceae->Solanales->lamiids->asterids->Pentapetalae->Gunneridae->eudicotyledons->Mesangiospermae->Magnoliophyta->Spermatophyta->Euphyllophyta->Tracheophyta->Embryophyta->Streptophyta->Chloroplastida->Archaeplastida->Eukaryota->cellular organisms->life" nexsonid "node418158"
pgloadind     taxon mapping OTT ID 886614 taxonomy "Cuscuta californica->Cuscuta->Cuscuteae->Convolvulaceae->Solanales->lamiids->asterids->Pentapetalae->Gunneridae->eudicotyledons->Mesangiospermae->Magnoliophyta->Spermatophyta->Euphyllophyta->Tracheophyta->Embryophyta->Streptophyta->Chloroplastida->Archaeplastida->Eukaryota->cellular organisms->life" nexsonid "node418155"
pgloadind     taxon mapping OTT ID 886616 taxonomy "Cuscuta brachycalyx->Cuscuta->Cuscuteae->Convolvulaceae->Solanales->lamiids->asterids->Pentapetalae->Gunneridae->eudicotyledons->Mesangiospermae->Magnoliophyta->Spermatophyta->Euphyllophyta->Tracheophyta->Embryophyta->Streptophyta->Chloroplastida->Archaeplastida->Eukaryota->cellular organisms->life" nexsonid "node418163"
pgloadind     taxon mapping OTT ID 5797 taxonomy "Cuscuta pacifica var. pacifica->Cuscuta pacifica->Cuscuta->Cuscuteae->Convolvulaceae->Solanales->lamiids->asterids->Pentapetalae->Gunneridae->eudicotyledons->Mesangiospermae->Magnoliophyta->Spermatophyta->Euphyllophyta->Tracheophyta->Embryophyta->Streptophyta->Chloroplastida->Archaeplastida->Eukaryota->cellular organisms->life" nexsonid "node418175"
pgloadind     taxon mapping OTT ID 5801 taxonomy "Cuscuta salina->Cuscuta->Cuscuteae->Convolvulaceae->Solanales->lamiids->asterids->Pentapetalae->Gunneridae->eudicotyledons->Mesangiospermae->Magnoliophyta->Spermatophyta->Euphyllophyta->Tracheophyta->Embryophyta->Streptophyta->Chloroplastida->Archaeplastida->Eukaryota->cellular organisms->life" nexsonid "node418173"
pgloadind     taxon mapping OTT ID 806695 taxonomy "Cuscuta suksdorfii->Cuscuta->Cuscuteae->Convolvulaceae->Solanales->lamiids->asterids->Pentapetalae->Gunneridae->eudicotyledons->Mesangiospermae->Magnoliophyta->Spermatophyta->Euphyllophyta->Tracheophyta->Embryophyta->Streptophyta->Chloroplastida->Archaeplastida->Eukaryota->cellular organisms->life" nexsonid "node418177"
pgloadind     taxon mapping OTT ID 836581 taxonomy "Cuscuta howelliana->Cuscuta->Cuscuteae->Convolvulaceae->Solanales->lamiids->asterids->Pentapetalae->Gunneridae->eudicotyledons->Mesangiospermae->Magnoliophyta->Spermatophyta->Euphyllophyta->Tracheophyta->Embryophyta->Streptophyta->Chloroplastida->Archaeplastida->Eukaryota->cellular organisms->life" nexsonid "node418180"
pgloadind     taxon mapping OTT ID 312004 taxonomy "Cuscuta decipiens->Cuscuta->Cuscuteae->Convolvulaceae->Solanales->lamiids->asterids->Pentapetalae->Gunneridae->eudicotyledons->Mesangiospermae->Magnoliophyta->Spermatophyta->Euphyllophyta->Tracheophyta->Embryophyta->Streptophyta->Chloroplastida->Archaeplastida->Eukaryota->cellular organisms->life" nexsonid "node418182"
pgloadind     taxon mapping OTT ID 925945 taxonomy "Cuscuta subinclusa->Cuscuta->Cuscuteae->Convolvulaceae->Solanales->lamiids->asterids->Pentapetalae->Gunneridae->eudicotyledons->Mesangiospermae->Magnoliophyta->Spermatophyta->Euphyllophyta->Tracheophyta->Embryophyta->Streptophyta->Chloroplastida->Archaeplastida->Eukaryota->cellular organisms->life" nexsonid "node418166"
pgloadind     taxon mapping OTT ID 886611 taxonomy "Cuscuta cozumeliensis->Cuscuta->Cuscuteae->Convolvulaceae->Solanales->lamiids->asterids->Pentapetalae->Gunneridae->eudicotyledons->Mesangiospermae->Magnoliophyta->Spermatophyta->Euphyllophyta->Tracheophyta->Embryophyta->Streptophyta->Chloroplastida->Archaeplastida->Eukaryota->cellular organisms->life" nexsonid "node418186"
pgloadind     taxon mapping OTT ID 312015 taxonomy "Cuscuta globulosa->Cuscuta->Cuscuteae->Convolvulaceae->Solanales->lamiids->asterids->Pentapetalae->Gunneridae->eudicotyledons->Mesangiospermae->Magnoliophyta->Spermatophyta->Euphyllophyta->Tracheophyta->Embryophyta->Streptophyta->Chloroplastida->Archaeplastida->Eukaryota->cellular organisms->life" nexsonid "node418187"
pgloadind     taxon mapping OTT ID 261914 taxonomy "Cuscuta macrocephala->Cuscuta->Cuscuteae->Convolvulaceae->Solanales->lamiids->asterids->Pentapetalae->Gunneridae->eudicotyledons->Mesangiospermae->Magnoliophyta->Spermatophyta->Euphyllophyta->Tracheophyta->Embryophyta->Streptophyta->Chloroplastida->Archaeplastida->Eukaryota->cellular organisms->life" nexsonid "node418189"
pgloadind     taxon mapping OTT ID 886613 taxonomy "Cuscuta cf. cozumeliensis Fernandez & Acosta 2131->Cuscuta->Cuscuteae->Convolvulaceae->Solanales->lamiids->asterids->Pentapetalae->Gunneridae->eudicotyledons->Mesangiospermae->Magnoliophyta->Spermatophyta->Euphyllophyta->Tracheophyta->Embryophyta->Streptophyta->Chloroplastida->Archaeplastida->Eukaryota->cellular organisms->life" nexsonid "node418191"
pgloadind     taxon mapping OTT ID 159794 taxonomy "Cuscuta americana->Cuscuta->Cuscuteae->Convolvulaceae->Solanales->lamiids->asterids->Pentapetalae->Gunneridae->eudicotyledons->Mesangiospermae->Magnoliophyta->Spermatophyta->Euphyllophyta->Tracheophyta->Embryophyta->Streptophyta->Chloroplastida->Archaeplastida->Eukaryota->cellular organisms->life" nexsonid "node418192"
pgloadind     taxon mapping OTT ID 282812 taxonomy "Cuscuta yucatana->Cuscuta->Cuscuteae->Convolvulaceae->Solanales->lamiids->asterids->Pentapetalae->Gunneridae->eudicotyledons->Mesangiospermae->Magnoliophyta->Spermatophyta->Euphyllophyta->Tracheophyta->Embryophyta->Streptophyta->Chloroplastida->Archaeplastida->Eukaryota->cellular organisms->life" nexsonid "node418196"
pgloadind     taxon mapping OTT ID 5783 taxonomy "Cuscuta potosina->Cuscuta->Cuscuteae->Convolvulaceae->Solanales->lamiids->asterids->Pentapetalae->Gunneridae->eudicotyledons->Mesangiospermae->Magnoliophyta->Spermatophyta->Euphyllophyta->Tracheophyta->Embryophyta->Streptophyta->Chloroplastida->Archaeplastida->Eukaryota->cellular organisms->life" nexsonid "node418197"
pgloadind     taxon mapping OTT ID 159801 taxonomy "Cuscuta applanata->Cuscuta->Cuscuteae->Convolvulaceae->Solanales->lamiids->asterids->Pentapetalae->Gunneridae->eudicotyledons->Mesangiospermae->Magnoliophyta->Spermatophyta->Euphyllophyta->Tracheophyta->Embryophyta->Streptophyta->Chloroplastida->Archaeplastida->Eukaryota->cellular organisms->life" nexsonid "node418201"
pgloadind     taxon mapping OTT ID 368112 taxonomy "Cuscuta sandwichiana->Cuscuta->Cuscuteae->Convolvulaceae->Solanales->lamiids->asterids->Pentapetalae->Gunneridae->eudicotyledons->Mesangiospermae->Magnoliophyta->Spermatophyta->Euphyllophyta->Tracheophyta->Embryophyta->Streptophyta->Chloroplastida->Archaeplastida->Eukaryota->cellular organisms->life" nexsonid "node418207"
pgloadind     taxon mapping OTT ID 261906 taxonomy "Cuscuta mitriformis->Cuscuta->Cuscuteae->Convolvulaceae->Solanales->lamiids->asterids->Pentapetalae->Gunneridae->eudicotyledons->Mesangiospermae->Magnoliophyta->Spermatophyta->Euphyllophyta->Tracheophyta->Embryophyta->Streptophyta->Chloroplastida->Archaeplastida->Eukaryota->cellular organisms->life" nexsonid "node418222"
pgloadind     taxon mapping OTT ID 261922 taxonomy "Cuscuta jalapensis->Cuscuta->Cuscuteae->Convolvulaceae->Solanales->lamiids->asterids->Pentapetalae->Gunneridae->eudicotyledons->Mesangiospermae->Magnoliophyta->Spermatophyta->Euphyllophyta->Tracheophyta->Embryophyta->Streptophyta->Chloroplastida->Archaeplastida->Eukaryota->cellular organisms->life" nexsonid "node418219"
pgloadind     taxon mapping OTT ID 5795 taxonomy "Cuscuta rugosiceps->Cuscuta->Cuscuteae->Convolvulaceae->Solanales->lamiids->asterids->Pentapetalae->Gunneridae->eudicotyledons->Mesangiospermae->Magnoliophyta->Spermatophyta->Euphyllophyta->Tracheophyta->Embryophyta->Streptophyta->Chloroplastida->Archaeplastida->Eukaryota->cellular organisms->life" nexsonid "node418217"
pgloadind     taxon mapping OTT ID 261918 taxonomy "Cuscuta lindsayi->Cuscuta->Cuscuteae->Convolvulaceae->Solanales->lamiids->asterids->Pentapetalae->Gunneridae->eudicotyledons->Mesangiospermae->Magnoliophyta->Spermatophyta->Euphyllophyta->Tracheophyta->Embryophyta->Streptophyta->Chloroplastida->Archaeplastida->Eukaryota->cellular organisms->life" nexsonid "node418224"
pgloadind     taxon mapping OTT ID 806704 taxonomy "Cuscuta tinctoria->Cuscuta->Cuscuteae->Convolvulaceae->Solanales->lamiids->asterids->Pentapetalae->Gunneridae->eudicotyledons->Mesangiospermae->Magnoliophyta->Spermatophyta->Euphyllophyta->Tracheophyta->Embryophyta->Streptophyta->Chloroplastida->Archaeplastida->Eukaryota->cellular organisms->life" nexsonid "node418229"
pgloadind     taxon mapping OTT ID 159797 taxonomy "Cuscuta aff. floribunda Prather & Soule 1221->Cuscuta->Cuscuteae->Convolvulaceae->Solanales->lamiids->asterids->Pentapetalae->Gunneridae->eudicotyledons->Mesangiospermae->Magnoliophyta->Spermatophyta->Euphyllophyta->Tracheophyta->Embryophyta->Streptophyta->Chloroplastida->Archaeplastida->Eukaryota->cellular organisms->life" nexsonid "node418230"
pgloadind     taxon mapping OTT ID 886625 taxonomy "Cuscuta aurea->Cuscuta->Cuscuteae->Convolvulaceae->Solanales->lamiids->asterids->Pentapetalae->Gunneridae->eudicotyledons->Mesangiospermae->Magnoliophyta->Spermatophyta->Euphyllophyta->Tracheophyta->Embryophyta->Streptophyta->Chloroplastida->Archaeplastida->Eukaryota->cellular organisms->life" nexsonid "node418232"
pgloadind     taxon mapping OTT ID 5785 taxonomy "Cuscuta purpusii->Cuscuta->Cuscuteae->Convolvulaceae->Solanales->lamiids->asterids->Pentapetalae->Gunneridae->eudicotyledons->Mesangiospermae->Magnoliophyta->Spermatophyta->Euphyllophyta->Tracheophyta->Embryophyta->Streptophyta->Chloroplastida->Archaeplastida->Eukaryota->cellular organisms->life" nexsonid "node418234"
pgloadind     taxon mapping OTT ID 282795 taxonomy "Cuscuta woodsonii->Cuscuta->Cuscuteae->Convolvulaceae->Solanales->lamiids->asterids->Pentapetalae->Gunneridae->eudicotyledons->Mesangiospermae->Magnoliophyta->Spermatophyta->Euphyllophyta->Tracheophyta->Embryophyta->Streptophyta->Chloroplastida->Archaeplastida->Eukaryota->cellular organisms->life" nexsonid "node418236"
pgloadind     taxon mapping OTT ID 747314 taxonomy "Cuscuta tasmanica->Cuscuta->Cuscuteae->Convolvulaceae->Solanales->lamiids->asterids->Pentapetalae->Gunneridae->eudicotyledons->Mesangiospermae->Magnoliophyta->Spermatophyta->Euphyllophyta->Tracheophyta->Embryophyta->Streptophyta->Chloroplastida->Archaeplastida->Eukaryota->cellular organisms->life" nexsonid "node418238"
pgloadind     taxon mapping OTT ID 282807 taxonomy "Cuscuta victoriana->Cuscuta->Cuscuteae->Convolvulaceae->Solanales->lamiids->asterids->Pentapetalae->Gunneridae->eudicotyledons->Mesangiospermae->Magnoliophyta->Spermatophyta->Euphyllophyta->Tracheophyta->Embryophyta->Streptophyta->Chloroplastida->Archaeplastida->Eukaryota->cellular organisms->life" nexsonid "node418240"
done fixing name
pgloadind Finished with attempts to fix names
pgloadind   Checking for uniqueness of OTT IDs tree id "1162"
pgloadind   Adding tree to graph tree id "1162"
all trees have all taxa: false
	using bipartition technique
attempting to remap tips to deepest exemplified taxa
	Cuscuta racemosa var. miniata was remapped to 'Cuscuta racemosa' (id=2740302)
	Cuscuta parviflora var. elongata was remapped to 'Cuscuta parviflora' (id=2740511)
	Cuscuta pacifica var. pacifica was remapped to 'Cuscuta pacifica' (id=2740556)
this is the ROOT
placing root in index
Dealing with metadata property: id
Dealing with metadata property: ot:studyPublicationReference
Adding property 'ot:studyPublicationReference': Stefanovic, S. S. S., & Costea, M. C. M. (2008). Reticulate evolution in the parasitic genus Cuscuta (Convolvulaceae): over and over again This paper is one of a selection of papers published in the Special Issue on Systematics Research. Botany, 86(8), 791-808.
Dealing with metadata property: ot:studyYear
Adding property 'ot:studyYear': 2007
Dealing with metadata property: ot:inGroupClade
Adding property 'ot:inGroupClade': node417933
Dealing with metadata property: ot:curatorName
Adding property 'ot:curatorName': bryan drew
Dealing with metadata property: ot:studyPublication
Adding property 'ot:studyPublication': http://dx.doi.org/10.1139/B08-033
Dealing with metadata property: ot:curatedType
Adding property 'ot:curatedType': ITS
Dealing with metadata property: ot:studyId
Adding property 'ot:studyId': 657
Dealing with metadata property: ot:dataDeposit
Adding property 'ot:dataDeposit': http://purl.org/phylo/treebase/phylows/study/TB2:S1947
Committing nodes: 192
