pgloadind OTUs number 132
pgloadind Processing tree @id "1302"
pgloadind   tree info number nodes 239
pgloadind   tree info number edges 238
pgloadind   tree info ingroup "node437706"
pgloadind   Setting ingroup root node.
pgloadind   Ingested tree number of external nodes 127
pgloadind   property added ot:studyPublicationReference "Xiang, X.-G., Li, D.-Z., Jin, W.-T., Zhou, H.-L., Li, J.-W., & Jin, X.-H. 2012. Phylogenetic placement of the enigmatic orchid genera Thaia and Tangtsinia: Evidence from molecular and morphological characters. Taxon 61: 45-54."
pgloadind   property added ot:curatorName "Jiabin Deng"
pgloadind   property added ot:studyId "726"
pgloadind   property added ot:studyYear "2012"
pgloadind   property added ot:focalClade "568878"
pgloadind   property added ot:focalCladeOTTTaxonName "Orchidaceae"
pgloadind   property added ot:inGroupClade "node437706"
pgloadind   property added ot:curatedType "Parsimony"
loading a specific tree: 1302
pgloadind conducting TNRS on trees
pgloadind   name fixing on tree tree id "1302"
pgloadind   all nodes have ottIds
pgloadind     OTT ID not in database (probably dubious)
pgloadind       dubious name "Thaia saprophytica" nexsonid "node437729"
pgloadind       dubious OTT ID 970662
pgloadind     OTT ID not in database (probably dubious)
pgloadind       dubious name "Bulbophyllum lobbii" nexsonid "node437735"
pgloadind       dubious OTT ID 389402
pgloadind     OTT ID not in database (probably dubious)
pgloadind       dubious name "Cadetia taylori" nexsonid "node437737"
pgloadind       dubious OTT ID 609014
pgloadind     OTT ID not in database (probably dubious)
pgloadind       dubious name "Dendrobium fimbriatum" nexsonid "node437738"
pgloadind       dubious OTT ID 351050
pgloadind     OTT ID not in database (probably dubious)
pgloadind       dubious name "Earina autumnalis" nexsonid "node437744"
pgloadind       dubious OTT ID 478895
pgloadind     OTT ID not in database (probably dubious)
pgloadind       dubious name "Calanthe discolor" nexsonid "node437929"
pgloadind       dubious OTT ID 809338
pgloadind     OTT ID not in database (probably dubious)
pgloadind       dubious name "Phaius minor" nexsonid "node437930"
pgloadind       dubious OTT ID 862852
pgloadind     OTT ID not in database (probably dubious)
pgloadind       dubious name "Acanthephippium mantinianum" nexsonid "node437932"
pgloadind       dubious OTT ID 209840
pgloadind     OTT ID not in database (probably dubious)
pgloadind       dubious name "Nephelaphyllum" nexsonid "node437933"
pgloadind       dubious OTT ID 980622
pgloadind     OTT ID not in database (probably dubious)
pgloadind       dubious name "Spathoglottis pacifica" nexsonid "node437934"
pgloadind       dubious OTT ID 292993
pgloadind     pruning dups and overlapping name "Calanthe discolor" nexsonid "node437929"
pgloadind     pruning dups and overlapping name "Dendrobium fimbriatum" nexsonid "node437738"
pgloadind     pruning dups and overlapping name "Acanthephippium mantinianum" nexsonid "node437932"
pgloadind     pruning dups and overlapping name "Phaius minor" nexsonid "node437930"
pgloadind     pruning dups and overlapping name "Nephelaphyllum" nexsonid "node437933"
pgloadind     pruning dups and overlapping name "Bulbophyllum lobbii" nexsonid "node437735"
pgloadind     pruning dups and overlapping name "Cadetia taylori" nexsonid "node437737"
pgloadind     pruning dups and overlapping name "Spathoglottis pacifica" nexsonid "node437934"
pgloadind     pruning dups and overlapping name "Earina autumnalis" nexsonid "node437744"
pgloadind     pruning dups and overlapping name "Thaia saprophytica" nexsonid "node437729"
pgloadind   postpruning newick tree "((Palmorchis_trilobulata,((Cephalanthera_damasonium,Cephalanthera_nanchuanica),(Epipactis_fageticola,(Listera_smallii,Neottia_nidus-avis)))),(Monophyllorchis,Tropidia,(Elleanthus,Sobralia_macrantha),((Nervilia_bicarinata,Xerorchis_amazonica),(((Calypso_bulbosa,Tipularia_discolor),Malaxis_spicata),(Aplectrum_hyemale,(((((Huntleya_heteroclita,((Lycomormium_squalidum,(Houlletia_sanderi,Stanhopea_ecornuta,(Acineta_chrysantha,Kegeliella_kupperi))),(Lycaste_cruenta,(Bifrenaria_harrisoniae,Rudolfiella)))),(((Caucaea_phalaenopsis,Otoglossum_harlingii,Vitekorchis_excavata,(Miltonia_regnellii,(Aspasia_lunata,Brassia_arcuigera,(Brachtia_andina,Mesospinidium_horichii),(Cischweinfia_dasyandra,(Oliveriana_brevilabia,Systeloglossum_acuminatum)))),(Rhynchostele_londesboroughiana,(Gomesa_gomezoides,(Plectrophora_cultrifolia,(Zelenkoa_onusta,(Capanemia_superflua,Solenidium_portillae),((Nohawilliamsia_orthostates,(Leochilus_inconspicuus,(((Comparettia_falcata,Ionopsis_minutiflora),(Hirtzia_benzingii,Pterostemma_antioquiense)),(Polyotidium_huebneri,Rodriguezia_batemanii,Sutrina_garayi,Trizeuxis_falcata,((Macradenia_rubescens,Schunkea_vierlingii,Seegeriella_pinifolia),(Macroclinium,Notylia_ecuadorensis,Warmingia_zamorana)))))),(Notyliopsis_beatricis,Tolumnia_calochila))))),(Oncidium_strictum,Oncidium_harryanum))),(Rossioglossum_ampliatum,(((Phymatidium_falcifolium,(Zygostates_apiculata,(Chytroglossa_marileoniae,(Hintonella_mexicana,Ornithocephalus_dressleri)))),(Hofmeisterella_eumicroscopica,(Trichoceros_antennifer,(Telipogon_pogonostalix,Telipogon_obovatus)))),(Raycadenco_ecuadorensis,(Fernandezia_ionanthera,Pachyphyllum_crystallinum)))),(Lockhartia_micrantha,(Grandiphyllum_auriculum,(Saundersia_paniculata,Lophiaris_lindenii)))),(Psychopsis_sanderae,(Helcia_brevis,Trichopilia_fragrans)))),(Galeandra_devoniana,(Catasetum_expansum,Dressleria))),(Cymbidium_eburneum,Thecostele_alata)),(Polystachya_pubescens,(((Aerangis_stelligera,Rhipidoglossum_rutilum),(Aeranthes_ramosa,Angraecum_sesquipedale)),(Neofinetia_falcata,Phalaenopsis_aphrodite)))),(Arethusa_bulbosa,Arundina_graminifolia,(Bletilla_striata,Thunia_alba,(Glomera,(Coelogyne_cristata,Dendrochilum_cobbianum)))),(Coelia_macrostachya,(((Arpophyllum_giganteum,((Cattleya_dowiana,(Epidendrum_campestre,Meiracyllium_trinasutum)),(Prosthechea_abbreviata,Pseudolaelia_vellozicola))),(Dilomilis_montana,(Masdevallia_uniflora,Pleurothallis_ruscifolia))),(Bletia_catenulata,Chysis_bractescens))),(Phreatia,(Podochilus_cultratus,(Eria_ferruginea,Trichotosia_ferox))))))))"
pgloadind   taxon mapping summary
pgloadind     taxon mapping OTT ID 128530 taxonomy "Palmorchis trilobulata->Palmorchis->Neottieae->Epidendroideae->Orchidaceae->Asparagales->Petrosaviidae->Liliopsida->Mesangiospermae->Magnoliophyta->Spermatophyta->Euphyllophyta->Tracheophyta->Embryophyta->Streptophyta->Chloroplastida->Archaeplastida->Eukaryota->cellular organisms->life" nexsonid "node437708"
pgloadind     taxon mapping OTT ID 915024 taxonomy "Cephalanthera damasonium->Cephalanthera->Neottieae->Epidendroideae->Orchidaceae->Asparagales->Petrosaviidae->Liliopsida->Mesangiospermae->Magnoliophyta->Spermatophyta->Euphyllophyta->Tracheophyta->Embryophyta->Streptophyta->Chloroplastida->Archaeplastida->Eukaryota->cellular organisms->life" nexsonid "node437711"
pgloadind     taxon mapping OTT ID 1000716 taxonomy "Cephalanthera nanchuanica->Cephalanthera->Neottieae->Epidendroideae->Orchidaceae->Asparagales->Petrosaviidae->Liliopsida->Mesangiospermae->Magnoliophyta->Spermatophyta->Euphyllophyta->Tracheophyta->Embryophyta->Streptophyta->Chloroplastida->Archaeplastida->Eukaryota->cellular organisms->life" nexsonid "node437712"
pgloadind     taxon mapping OTT ID 443494 taxonomy "Epipactis fageticola->Epipactis->Neottieae->Epidendroideae->Orchidaceae->Asparagales->Petrosaviidae->Liliopsida->Mesangiospermae->Magnoliophyta->Spermatophyta->Euphyllophyta->Tracheophyta->Embryophyta->Streptophyta->Chloroplastida->Archaeplastida->Eukaryota->cellular organisms->life" nexsonid "node437714"
pgloadind     taxon mapping OTT ID 712365 taxonomy "Listera smallii->Listera->Neottieae->Epidendroideae->Orchidaceae->Asparagales->Petrosaviidae->Liliopsida->Mesangiospermae->Magnoliophyta->Spermatophyta->Euphyllophyta->Tracheophyta->Embryophyta->Streptophyta->Chloroplastida->Archaeplastida->Eukaryota->cellular organisms->life" nexsonid "node437716"
pgloadind     taxon mapping OTT ID 875517 taxonomy "Neottia nidus-avis->Neottia->Neottieae->Epidendroideae->Orchidaceae->Asparagales->Petrosaviidae->Liliopsida->Mesangiospermae->Magnoliophyta->Spermatophyta->Euphyllophyta->Tracheophyta->Embryophyta->Streptophyta->Chloroplastida->Archaeplastida->Eukaryota->cellular organisms->life" nexsonid "node437717"
pgloadind     taxon mapping OTT ID 699927 taxonomy "Monophyllorchis->Triphoreae->Epidendroideae->Orchidaceae->Asparagales->Petrosaviidae->Liliopsida->Mesangiospermae->Magnoliophyta->Spermatophyta->Euphyllophyta->Tracheophyta->Embryophyta->Streptophyta->Chloroplastida->Archaeplastida->Eukaryota->cellular organisms->life" nexsonid "node437719"
pgloadind     taxon mapping OTT ID 699915 taxonomy "Tropidia->Tropidieae->Epidendroideae->Orchidaceae->Asparagales->Petrosaviidae->Liliopsida->Mesangiospermae->Magnoliophyta->Spermatophyta->Euphyllophyta->Tracheophyta->Embryophyta->Streptophyta->Chloroplastida->Archaeplastida->Eukaryota->cellular organisms->life" nexsonid "node437720"
pgloadind     taxon mapping OTT ID 176733 taxonomy "Elleanthus->Sobralieae->Epidendroideae->Orchidaceae->Asparagales->Petrosaviidae->Liliopsida->Mesangiospermae->Magnoliophyta->Spermatophyta->Euphyllophyta->Tracheophyta->Embryophyta->Streptophyta->Chloroplastida->Archaeplastida->Eukaryota->cellular organisms->life" nexsonid "node437722"
pgloadind     taxon mapping OTT ID 280970 taxonomy "Sobralia macrantha->Sobralia->Sobralieae->Epidendroideae->Orchidaceae->Asparagales->Petrosaviidae->Liliopsida->Mesangiospermae->Magnoliophyta->Spermatophyta->Euphyllophyta->Tracheophyta->Embryophyta->Streptophyta->Chloroplastida->Archaeplastida->Eukaryota->cellular organisms->life" nexsonid "node437723"
pgloadind     taxon mapping OTT ID 753614 taxonomy "Nervilia bicarinata->Nervilia->Nervilieae->Epidendroideae->Orchidaceae->Asparagales->Petrosaviidae->Liliopsida->Mesangiospermae->Magnoliophyta->Spermatophyta->Euphyllophyta->Tracheophyta->Embryophyta->Streptophyta->Chloroplastida->Archaeplastida->Eukaryota->cellular organisms->life" nexsonid "node437726"
pgloadind     taxon mapping OTT ID 855543 taxonomy "Xerorchis amazonica->Xerorchis->Nervilieae->Epidendroideae->Orchidaceae->Asparagales->Petrosaviidae->Liliopsida->Mesangiospermae->Magnoliophyta->Spermatophyta->Euphyllophyta->Tracheophyta->Embryophyta->Streptophyta->Chloroplastida->Archaeplastida->Eukaryota->cellular organisms->life" nexsonid "node437727"
pgloadind     taxon mapping OTT ID 915007 taxonomy "Calypso bulbosa->Calypso->Calypsoae->Epidendroideae->Orchidaceae->Asparagales->Petrosaviidae->Liliopsida->Mesangiospermae->Magnoliophyta->Spermatophyta->Euphyllophyta->Tracheophyta->Embryophyta->Streptophyta->Chloroplastida->Archaeplastida->Eukaryota->cellular organisms->life" nexsonid "node437740"
pgloadind     taxon mapping OTT ID 767475 taxonomy "Tipularia discolor->Tipularia->Calypsoae->Epidendroideae->Orchidaceae->Asparagales->Petrosaviidae->Liliopsida->Mesangiospermae->Magnoliophyta->Spermatophyta->Euphyllophyta->Tracheophyta->Embryophyta->Streptophyta->Chloroplastida->Archaeplastida->Eukaryota->cellular organisms->life" nexsonid "node437741"
pgloadind     taxon mapping OTT ID 179403 taxonomy "Malaxis spicata->Malaxis->Malaxideae->Epidendroideae->Orchidaceae->Asparagales->Petrosaviidae->Liliopsida->Mesangiospermae->Magnoliophyta->Spermatophyta->Euphyllophyta->Tracheophyta->Embryophyta->Streptophyta->Chloroplastida->Archaeplastida->Eukaryota->cellular organisms->life" nexsonid "node437733"
pgloadind     taxon mapping OTT ID 300576 taxonomy "Aplectrum hyemale->Aplectrum->Calypsoae->Epidendroideae->Orchidaceae->Asparagales->Petrosaviidae->Liliopsida->Mesangiospermae->Magnoliophyta->Spermatophyta->Euphyllophyta->Tracheophyta->Embryophyta->Streptophyta->Chloroplastida->Archaeplastida->Eukaryota->cellular organisms->life" nexsonid "node437743"
pgloadind     taxon mapping OTT ID 188857 taxonomy "Huntleya heteroclita->Huntleya->Zygopetalinae->Maxillarieae->Epidendroideae->Orchidaceae->Asparagales->Petrosaviidae->Liliopsida->Mesangiospermae->Magnoliophyta->Spermatophyta->Euphyllophyta->Tracheophyta->Embryophyta->Streptophyta->Chloroplastida->Archaeplastida->Eukaryota->cellular organisms->life" nexsonid "node437750"
pgloadind     taxon mapping OTT ID 712354 taxonomy "Lycomormium squalidum->Lycomormium->Coeliopsidinae->Maxillarieae->Epidendroideae->Orchidaceae->Asparagales->Petrosaviidae->Liliopsida->Mesangiospermae->Magnoliophyta->Spermatophyta->Euphyllophyta->Tracheophyta->Embryophyta->Streptophyta->Chloroplastida->Archaeplastida->Eukaryota->cellular organisms->life" nexsonid "node437753"
pgloadind     taxon mapping OTT ID 188854 taxonomy "Houlletia sanderi->Houlletia->Stanhopeinae->Maxillarieae->Epidendroideae->Orchidaceae->Asparagales->Petrosaviidae->Liliopsida->Mesangiospermae->Magnoliophyta->Spermatophyta->Euphyllophyta->Tracheophyta->Embryophyta->Streptophyta->Chloroplastida->Archaeplastida->Eukaryota->cellular organisms->life" nexsonid "node437755"
pgloadind     taxon mapping OTT ID 280968 taxonomy "Stanhopea ecornuta->Stanhopea->Stanhopeinae->Maxillarieae->Epidendroideae->Orchidaceae->Asparagales->Petrosaviidae->Liliopsida->Mesangiospermae->Magnoliophyta->Spermatophyta->Euphyllophyta->Tracheophyta->Embryophyta->Streptophyta->Chloroplastida->Archaeplastida->Eukaryota->cellular organisms->life" nexsonid "node437756"
pgloadind     taxon mapping OTT ID 784146 taxonomy "Acineta chrysantha->Acineta->Stanhopeinae->Maxillarieae->Epidendroideae->Orchidaceae->Asparagales->Petrosaviidae->Liliopsida->Mesangiospermae->Magnoliophyta->Spermatophyta->Euphyllophyta->Tracheophyta->Embryophyta->Streptophyta->Chloroplastida->Archaeplastida->Eukaryota->cellular organisms->life" nexsonid "node437758"
pgloadind     taxon mapping OTT ID 712371 taxonomy "Kegeliella kupperi->Kegeliella->Stanhopeinae->Maxillarieae->Epidendroideae->Orchidaceae->Asparagales->Petrosaviidae->Liliopsida->Mesangiospermae->Magnoliophyta->Spermatophyta->Euphyllophyta->Tracheophyta->Embryophyta->Streptophyta->Chloroplastida->Archaeplastida->Eukaryota->cellular organisms->life" nexsonid "node437759"
pgloadind     taxon mapping OTT ID 712358 taxonomy "Lycaste cruenta->Lycaste->Lycastinae->Maxillarieae->Epidendroideae->Orchidaceae->Asparagales->Petrosaviidae->Liliopsida->Mesangiospermae->Magnoliophyta->Spermatophyta->Euphyllophyta->Tracheophyta->Embryophyta->Streptophyta->Chloroplastida->Archaeplastida->Eukaryota->cellular organisms->life" nexsonid "node437761"
pgloadind     taxon mapping OTT ID 147330 taxonomy "Bifrenaria harrisoniae->Bifrenaria->Bifrenariinae->Maxillarieae->Epidendroideae->Orchidaceae->Asparagales->Petrosaviidae->Liliopsida->Mesangiospermae->Magnoliophyta->Spermatophyta->Euphyllophyta->Tracheophyta->Embryophyta->Streptophyta->Chloroplastida->Archaeplastida->Eukaryota->cellular organisms->life" nexsonid "node437763"
pgloadind     taxon mapping OTT ID 207533 taxonomy "Rudolfiella->Bifrenariinae->Maxillarieae->Epidendroideae->Orchidaceae->Asparagales->Petrosaviidae->Liliopsida->Mesangiospermae->Magnoliophyta->Spermatophyta->Euphyllophyta->Tracheophyta->Embryophyta->Streptophyta->Chloroplastida->Archaeplastida->Eukaryota->cellular organisms->life" nexsonid "node437764"
pgloadind     taxon mapping OTT ID 297906 taxonomy "Caucaea phalaenopsis->Caucaea->Oncidiinae->Maxillarieae->Epidendroideae->Orchidaceae->Asparagales->Petrosaviidae->Liliopsida->Mesangiospermae->Magnoliophyta->Spermatophyta->Euphyllophyta->Tracheophyta->Embryophyta->Streptophyta->Chloroplastida->Archaeplastida->Eukaryota->cellular organisms->life" nexsonid "node437768"
pgloadind     taxon mapping OTT ID 672270 taxonomy "Otoglossum harlingii->Otoglossum->Oncidiinae->Maxillarieae->Epidendroideae->Orchidaceae->Asparagales->Petrosaviidae->Liliopsida->Mesangiospermae->Magnoliophyta->Spermatophyta->Euphyllophyta->Tracheophyta->Embryophyta->Streptophyta->Chloroplastida->Archaeplastida->Eukaryota->cellular organisms->life" nexsonid "node437769"
pgloadind     taxon mapping OTT ID 137606 taxonomy "Vitekorchis excavata->Vitekorchis->Oncidiinae->Maxillarieae->Epidendroideae->Orchidaceae->Asparagales->Petrosaviidae->Liliopsida->Mesangiospermae->Magnoliophyta->Spermatophyta->Euphyllophyta->Tracheophyta->Embryophyta->Streptophyta->Chloroplastida->Archaeplastida->Eukaryota->cellular organisms->life" nexsonid "node437770"
pgloadind     taxon mapping OTT ID 258560 taxonomy "Miltonia regnellii->Miltonia->Oncidiinae->Maxillarieae->Epidendroideae->Orchidaceae->Asparagales->Petrosaviidae->Liliopsida->Mesangiospermae->Magnoliophyta->Spermatophyta->Euphyllophyta->Tracheophyta->Embryophyta->Streptophyta->Chloroplastida->Archaeplastida->Eukaryota->cellular organisms->life" nexsonid "node437772"
pgloadind     taxon mapping OTT ID 844962 taxonomy "Aspasia lunata->Aspasia->Oncidiinae->Maxillarieae->Epidendroideae->Orchidaceae->Asparagales->Petrosaviidae->Liliopsida->Mesangiospermae->Magnoliophyta->Spermatophyta->Euphyllophyta->Tracheophyta->Embryophyta->Streptophyta->Chloroplastida->Archaeplastida->Eukaryota->cellular organisms->life" nexsonid "node437774"
pgloadind     taxon mapping OTT ID 658003 taxonomy "Brassia arcuigera->Brassia->Oncidiinae->Maxillarieae->Epidendroideae->Orchidaceae->Asparagales->Petrosaviidae->Liliopsida->Mesangiospermae->Magnoliophyta->Spermatophyta->Euphyllophyta->Tracheophyta->Embryophyta->Streptophyta->Chloroplastida->Archaeplastida->Eukaryota->cellular organisms->life" nexsonid "node437775"
pgloadind     taxon mapping OTT ID 108857 taxonomy "Brachtia andina->Brachtia->Oncidiinae->Maxillarieae->Epidendroideae->Orchidaceae->Asparagales->Petrosaviidae->Liliopsida->Mesangiospermae->Magnoliophyta->Spermatophyta->Euphyllophyta->Tracheophyta->Embryophyta->Streptophyta->Chloroplastida->Archaeplastida->Eukaryota->cellular organisms->life" nexsonid "node437777"
pgloadind     taxon mapping OTT ID 725061 taxonomy "Mesospinidium horichii->Mesospinidium->Oncidiinae->Maxillarieae->Epidendroideae->Orchidaceae->Asparagales->Petrosaviidae->Liliopsida->Mesangiospermae->Magnoliophyta->Spermatophyta->Euphyllophyta->Tracheophyta->Embryophyta->Streptophyta->Chloroplastida->Archaeplastida->Eukaryota->cellular organisms->life" nexsonid "node437778"
pgloadind     taxon mapping OTT ID 657996 taxonomy "Cischweinfia dasyandra->Cischweinfia->Oncidiinae->Maxillarieae->Epidendroideae->Orchidaceae->Asparagales->Petrosaviidae->Liliopsida->Mesangiospermae->Magnoliophyta->Spermatophyta->Euphyllophyta->Tracheophyta->Embryophyta->Streptophyta->Chloroplastida->Archaeplastida->Eukaryota->cellular organisms->life" nexsonid "node437780"
pgloadind     taxon mapping OTT ID 741025 taxonomy "Oliveriana brevilabia->Oliveriana->Oncidiinae->Maxillarieae->Epidendroideae->Orchidaceae->Asparagales->Petrosaviidae->Liliopsida->Mesangiospermae->Magnoliophyta->Spermatophyta->Euphyllophyta->Tracheophyta->Embryophyta->Streptophyta->Chloroplastida->Archaeplastida->Eukaryota->cellular organisms->life" nexsonid "node437782"
pgloadind     taxon mapping OTT ID 130419 taxonomy "Systeloglossum acuminatum->Systeloglossum->Oncidiinae->Maxillarieae->Epidendroideae->Orchidaceae->Asparagales->Petrosaviidae->Liliopsida->Mesangiospermae->Magnoliophyta->Spermatophyta->Euphyllophyta->Tracheophyta->Embryophyta->Streptophyta->Chloroplastida->Archaeplastida->Eukaryota->cellular organisms->life" nexsonid "node437783"
pgloadind     taxon mapping OTT ID 652205 taxonomy "Rhynchostele londesboroughiana->Rhynchostele->Oncidiinae->Maxillarieae->Epidendroideae->Orchidaceae->Asparagales->Petrosaviidae->Liliopsida->Mesangiospermae->Magnoliophyta->Spermatophyta->Euphyllophyta->Tracheophyta->Embryophyta->Streptophyta->Chloroplastida->Archaeplastida->Eukaryota->cellular organisms->life" nexsonid "node437785"
pgloadind     taxon mapping OTT ID 652196 taxonomy "Gomesa gomezoides->Gomesa->Oncidiinae->Maxillarieae->Epidendroideae->Orchidaceae->Asparagales->Petrosaviidae->Liliopsida->Mesangiospermae->Magnoliophyta->Spermatophyta->Euphyllophyta->Tracheophyta->Embryophyta->Streptophyta->Chloroplastida->Archaeplastida->Eukaryota->cellular organisms->life" nexsonid "node437787"
pgloadind     taxon mapping OTT ID 794806 taxonomy "Plectrophora cultrifolia->Plectrophora->Oncidiinae->Maxillarieae->Epidendroideae->Orchidaceae->Asparagales->Petrosaviidae->Liliopsida->Mesangiospermae->Magnoliophyta->Spermatophyta->Euphyllophyta->Tracheophyta->Embryophyta->Streptophyta->Chloroplastida->Archaeplastida->Eukaryota->cellular organisms->life" nexsonid "node437789"
pgloadind     taxon mapping OTT ID 705098 taxonomy "Zelenkoa onusta->Zelenkoa->Oncidiinae->Maxillarieae->Epidendroideae->Orchidaceae->Asparagales->Petrosaviidae->Liliopsida->Mesangiospermae->Magnoliophyta->Spermatophyta->Euphyllophyta->Tracheophyta->Embryophyta->Streptophyta->Chloroplastida->Archaeplastida->Eukaryota->cellular organisms->life" nexsonid "node437791"
pgloadind     taxon mapping OTT ID 108862 taxonomy "Capanemia superflua->Capanemia->Oncidiinae->Maxillarieae->Epidendroideae->Orchidaceae->Asparagales->Petrosaviidae->Liliopsida->Mesangiospermae->Magnoliophyta->Spermatophyta->Euphyllophyta->Tracheophyta->Embryophyta->Streptophyta->Chloroplastida->Archaeplastida->Eukaryota->cellular organisms->life" nexsonid "node437793"
pgloadind     taxon mapping OTT ID 169434 taxonomy "Solenidium portillae->Solenidium->Oncidiinae->Maxillarieae->Epidendroideae->Orchidaceae->Asparagales->Petrosaviidae->Liliopsida->Mesangiospermae->Magnoliophyta->Spermatophyta->Euphyllophyta->Tracheophyta->Embryophyta->Streptophyta->Chloroplastida->Archaeplastida->Eukaryota->cellular organisms->life" nexsonid "node437794"
pgloadind     taxon mapping OTT ID 963681 taxonomy "Nohawilliamsia orthostates->Nohawilliamsia->Oncidiinae->Maxillarieae->Epidendroideae->Orchidaceae->Asparagales->Petrosaviidae->Liliopsida->Mesangiospermae->Magnoliophyta->Spermatophyta->Euphyllophyta->Tracheophyta->Embryophyta->Streptophyta->Chloroplastida->Archaeplastida->Eukaryota->cellular organisms->life" nexsonid "node437797"
pgloadind     taxon mapping OTT ID 387540 taxonomy "Leochilus inconspicuus->Leochilus->Oncidiinae->Maxillarieae->Epidendroideae->Orchidaceae->Asparagales->Petrosaviidae->Liliopsida->Mesangiospermae->Magnoliophyta->Spermatophyta->Euphyllophyta->Tracheophyta->Embryophyta->Streptophyta->Chloroplastida->Archaeplastida->Eukaryota->cellular organisms->life" nexsonid "node437799"
pgloadind     taxon mapping OTT ID 464026 taxonomy "Comparettia falcata->Comparettia->Oncidiinae->Maxillarieae->Epidendroideae->Orchidaceae->Asparagales->Petrosaviidae->Liliopsida->Mesangiospermae->Magnoliophyta->Spermatophyta->Euphyllophyta->Tracheophyta->Embryophyta->Streptophyta->Chloroplastida->Archaeplastida->Eukaryota->cellular organisms->life" nexsonid "node437803"
pgloadind     taxon mapping OTT ID 262029 taxonomy "Ionopsis minutiflora->Ionopsis->Oncidiinae->Maxillarieae->Epidendroideae->Orchidaceae->Asparagales->Petrosaviidae->Liliopsida->Mesangiospermae->Magnoliophyta->Spermatophyta->Euphyllophyta->Tracheophyta->Embryophyta->Streptophyta->Chloroplastida->Archaeplastida->Eukaryota->cellular organisms->life" nexsonid "node437804"
pgloadind     taxon mapping OTT ID 387532 taxonomy "Hirtzia benzingii->Hirtzia->Oncidiinae->Maxillarieae->Epidendroideae->Orchidaceae->Asparagales->Petrosaviidae->Liliopsida->Mesangiospermae->Magnoliophyta->Spermatophyta->Euphyllophyta->Tracheophyta->Embryophyta->Streptophyta->Chloroplastida->Archaeplastida->Eukaryota->cellular organisms->life" nexsonid "node437806"
pgloadind     taxon mapping OTT ID 794810 taxonomy "Pterostemma antioquiense->Pterostemma->Oncidiinae->Maxillarieae->Epidendroideae->Orchidaceae->Asparagales->Petrosaviidae->Liliopsida->Mesangiospermae->Magnoliophyta->Spermatophyta->Euphyllophyta->Tracheophyta->Embryophyta->Streptophyta->Chloroplastida->Archaeplastida->Eukaryota->cellular organisms->life" nexsonid "node437807"
pgloadind     taxon mapping OTT ID 794799 taxonomy "Polyotidium huebneri->Polyotidium->Oncidiinae->Maxillarieae->Epidendroideae->Orchidaceae->Asparagales->Petrosaviidae->Liliopsida->Mesangiospermae->Magnoliophyta->Spermatophyta->Euphyllophyta->Tracheophyta->Embryophyta->Streptophyta->Chloroplastida->Archaeplastida->Eukaryota->cellular organisms->life" nexsonid "node437809"
pgloadind     taxon mapping OTT ID 794813 taxonomy "Rodriguezia batemanii->Rodriguezia->Oncidiinae->Maxillarieae->Epidendroideae->Orchidaceae->Asparagales->Petrosaviidae->Liliopsida->Mesangiospermae->Magnoliophyta->Spermatophyta->Euphyllophyta->Tracheophyta->Embryophyta->Streptophyta->Chloroplastida->Archaeplastida->Eukaryota->cellular organisms->life" nexsonid "node437810"
pgloadind     taxon mapping OTT ID 169430 taxonomy "Sutrina garayi->Sutrina->Oncidiinae->Maxillarieae->Epidendroideae->Orchidaceae->Asparagales->Petrosaviidae->Liliopsida->Mesangiospermae->Magnoliophyta->Spermatophyta->Euphyllophyta->Tracheophyta->Embryophyta->Streptophyta->Chloroplastida->Archaeplastida->Eukaryota->cellular organisms->life" nexsonid "node437811"
pgloadind     taxon mapping OTT ID 201726 taxonomy "Trizeuxis falcata->Trizeuxis->Oncidiinae->Maxillarieae->Epidendroideae->Orchidaceae->Asparagales->Petrosaviidae->Liliopsida->Mesangiospermae->Magnoliophyta->Spermatophyta->Euphyllophyta->Tracheophyta->Embryophyta->Streptophyta->Chloroplastida->Archaeplastida->Eukaryota->cellular organisms->life" nexsonid "node437812"
pgloadind     taxon mapping OTT ID 387530 taxonomy "Macradenia rubescens->Macradenia->Oncidiinae->Maxillarieae->Epidendroideae->Orchidaceae->Asparagales->Petrosaviidae->Liliopsida->Mesangiospermae->Magnoliophyta->Spermatophyta->Euphyllophyta->Tracheophyta->Embryophyta->Streptophyta->Chloroplastida->Archaeplastida->Eukaryota->cellular organisms->life" nexsonid "node437815"
pgloadind     taxon mapping OTT ID 169422 taxonomy "Schunkea vierlingii->Schunkea->Oncidiinae->Maxillarieae->Epidendroideae->Orchidaceae->Asparagales->Petrosaviidae->Liliopsida->Mesangiospermae->Magnoliophyta->Spermatophyta->Euphyllophyta->Tracheophyta->Embryophyta->Streptophyta->Chloroplastida->Archaeplastida->Eukaryota->cellular organisms->life" nexsonid "node437816"
pgloadind     taxon mapping OTT ID 791753 taxonomy "Seegeriella pinifolia->Seegeriella->Oncidiinae->Maxillarieae->Epidendroideae->Orchidaceae->Asparagales->Petrosaviidae->Liliopsida->Mesangiospermae->Magnoliophyta->Spermatophyta->Euphyllophyta->Tracheophyta->Embryophyta->Streptophyta->Chloroplastida->Archaeplastida->Eukaryota->cellular organisms->life" nexsonid "node437817"
pgloadind     taxon mapping OTT ID 262009 taxonomy "Macroclinium->Oncidiinae->Maxillarieae->Epidendroideae->Orchidaceae->Asparagales->Petrosaviidae->Liliopsida->Mesangiospermae->Magnoliophyta->Spermatophyta->Euphyllophyta->Tracheophyta->Embryophyta->Streptophyta->Chloroplastida->Archaeplastida->Eukaryota->cellular organisms->life" nexsonid "node437819"
pgloadind     taxon mapping OTT ID 963685 taxonomy "Notylia ecuadorensis->Notylia->Oncidiinae->Maxillarieae->Epidendroideae->Orchidaceae->Asparagales->Petrosaviidae->Liliopsida->Mesangiospermae->Magnoliophyta->Spermatophyta->Euphyllophyta->Tracheophyta->Embryophyta->Streptophyta->Chloroplastida->Archaeplastida->Eukaryota->cellular organisms->life" nexsonid "node437820"
pgloadind     taxon mapping OTT ID 743774 taxonomy "Warmingia zamorana->Warmingia->Oncidiinae->Maxillarieae->Epidendroideae->Orchidaceae->Asparagales->Petrosaviidae->Liliopsida->Mesangiospermae->Magnoliophyta->Spermatophyta->Euphyllophyta->Tracheophyta->Embryophyta->Streptophyta->Chloroplastida->Archaeplastida->Eukaryota->cellular organisms->life" nexsonid "node437821"
pgloadind     taxon mapping OTT ID 963696 taxonomy "Notyliopsis beatricis->Notyliopsis->Oncidiinae->Maxillarieae->Epidendroideae->Orchidaceae->Asparagales->Petrosaviidae->Liliopsida->Mesangiospermae->Magnoliophyta->Spermatophyta->Euphyllophyta->Tracheophyta->Embryophyta->Streptophyta->Chloroplastida->Archaeplastida->Eukaryota->cellular organisms->life" nexsonid "node437823"
pgloadind     taxon mapping OTT ID 130423 taxonomy "Tolumnia calochila->Tolumnia->Oncidiinae->Maxillarieae->Epidendroideae->Orchidaceae->Asparagales->Petrosaviidae->Liliopsida->Mesangiospermae->Magnoliophyta->Spermatophyta->Euphyllophyta->Tracheophyta->Embryophyta->Streptophyta->Chloroplastida->Archaeplastida->Eukaryota->cellular organisms->life" nexsonid "node437824"
pgloadind     taxon mapping OTT ID 3977351 taxonomy "Oncidium strictum->Oncidium->Oncidiinae->Maxillarieae->Epidendroideae->Orchidaceae->Asparagales->Petrosaviidae->Liliopsida->Mesangiospermae->Magnoliophyta->Spermatophyta->Euphyllophyta->Tracheophyta->Embryophyta->Streptophyta->Chloroplastida->Archaeplastida->Eukaryota->cellular organisms->life" nexsonid "node437826"
pgloadind     taxon mapping OTT ID 340917 taxonomy "Oncidium harryanum->Oncidium->Oncidiinae->Maxillarieae->Epidendroideae->Orchidaceae->Asparagales->Petrosaviidae->Liliopsida->Mesangiospermae->Magnoliophyta->Spermatophyta->Euphyllophyta->Tracheophyta->Embryophyta->Streptophyta->Chloroplastida->Archaeplastida->Eukaryota->cellular organisms->life" nexsonid "node437827"
pgloadind     taxon mapping OTT ID 258566 taxonomy "Rossioglossum ampliatum->Rossioglossum->Oncidiinae->Maxillarieae->Epidendroideae->Orchidaceae->Asparagales->Petrosaviidae->Liliopsida->Mesangiospermae->Magnoliophyta->Spermatophyta->Euphyllophyta->Tracheophyta->Embryophyta->Streptophyta->Chloroplastida->Archaeplastida->Eukaryota->cellular organisms->life" nexsonid "node437829"
pgloadind     taxon mapping OTT ID 229018 taxonomy "Phymatidium falcifolium->Phymatidium->Oncidiinae->Maxillarieae->Epidendroideae->Orchidaceae->Asparagales->Petrosaviidae->Liliopsida->Mesangiospermae->Magnoliophyta->Spermatophyta->Euphyllophyta->Tracheophyta->Embryophyta->Streptophyta->Chloroplastida->Archaeplastida->Eukaryota->cellular organisms->life" nexsonid "node437833"
pgloadind     taxon mapping OTT ID 743787 taxonomy "Zygostates apiculata->Zygostates->Oncidiinae->Maxillarieae->Epidendroideae->Orchidaceae->Asparagales->Petrosaviidae->Liliopsida->Mesangiospermae->Magnoliophyta->Spermatophyta->Euphyllophyta->Tracheophyta->Embryophyta->Streptophyta->Chloroplastida->Archaeplastida->Eukaryota->cellular organisms->life" nexsonid "node437835"
pgloadind     taxon mapping OTT ID 954814 taxonomy "Chytroglossa marileoniae->Chytroglossa->Oncidiinae->Maxillarieae->Epidendroideae->Orchidaceae->Asparagales->Petrosaviidae->Liliopsida->Mesangiospermae->Magnoliophyta->Spermatophyta->Euphyllophyta->Tracheophyta->Embryophyta->Streptophyta->Chloroplastida->Archaeplastida->Eukaryota->cellular organisms->life" nexsonid "node437837"
pgloadind     taxon mapping OTT ID 229025 taxonomy "Hintonella mexicana->Hintonella->Oncidiinae->Maxillarieae->Epidendroideae->Orchidaceae->Asparagales->Petrosaviidae->Liliopsida->Mesangiospermae->Magnoliophyta->Spermatophyta->Euphyllophyta->Tracheophyta->Embryophyta->Streptophyta->Chloroplastida->Archaeplastida->Eukaryota->cellular organisms->life" nexsonid "node437839"
pgloadind     taxon mapping OTT ID 220115 taxonomy "Ornithocephalus dressleri->Ornithocephalus->Oncidiinae->Maxillarieae->Epidendroideae->Orchidaceae->Asparagales->Petrosaviidae->Liliopsida->Mesangiospermae->Magnoliophyta->Spermatophyta->Euphyllophyta->Tracheophyta->Embryophyta->Streptophyta->Chloroplastida->Archaeplastida->Eukaryota->cellular organisms->life" nexsonid "node437840"
pgloadind     taxon mapping OTT ID 262020 taxonomy "Hofmeisterella eumicroscopica->Hofmeisterella->Oncidiinae->Maxillarieae->Epidendroideae->Orchidaceae->Asparagales->Petrosaviidae->Liliopsida->Mesangiospermae->Magnoliophyta->Spermatophyta->Euphyllophyta->Tracheophyta->Embryophyta->Streptophyta->Chloroplastida->Archaeplastida->Eukaryota->cellular organisms->life" nexsonid "node437842"
pgloadind     taxon mapping OTT ID 705089 taxonomy "Trichoceros antennifer->Trichoceros->Oncidiinae->Maxillarieae->Epidendroideae->Orchidaceae->Asparagales->Petrosaviidae->Liliopsida->Mesangiospermae->Magnoliophyta->Spermatophyta->Euphyllophyta->Tracheophyta->Embryophyta->Streptophyta->Chloroplastida->Archaeplastida->Eukaryota->cellular organisms->life" nexsonid "node437844"
pgloadind     taxon mapping OTT ID 280962 taxonomy "Telipogon pogonostalix->Telipogon->Oncidiinae->Maxillarieae->Epidendroideae->Orchidaceae->Asparagales->Petrosaviidae->Liliopsida->Mesangiospermae->Magnoliophyta->Spermatophyta->Euphyllophyta->Tracheophyta->Embryophyta->Streptophyta->Chloroplastida->Archaeplastida->Eukaryota->cellular organisms->life" nexsonid "node437846"
pgloadind     taxon mapping OTT ID 169442 taxonomy "Telipogon obovatus->Telipogon->Oncidiinae->Maxillarieae->Epidendroideae->Orchidaceae->Asparagales->Petrosaviidae->Liliopsida->Mesangiospermae->Magnoliophyta->Spermatophyta->Euphyllophyta->Tracheophyta->Embryophyta->Streptophyta->Chloroplastida->Archaeplastida->Eukaryota->cellular organisms->life" nexsonid "node437847"
pgloadind     taxon mapping OTT ID 104659 taxonomy "Raycadenco ecuadorensis->Raycadenco->Oncidiinae->Maxillarieae->Epidendroideae->Orchidaceae->Asparagales->Petrosaviidae->Liliopsida->Mesangiospermae->Magnoliophyta->Spermatophyta->Euphyllophyta->Tracheophyta->Embryophyta->Streptophyta->Chloroplastida->Archaeplastida->Eukaryota->cellular organisms->life" nexsonid "node437849"
pgloadind     taxon mapping OTT ID 934121 taxonomy "Fernandezia ionanthera->Fernandezia->Oncidiinae->Maxillarieae->Epidendroideae->Orchidaceae->Asparagales->Petrosaviidae->Liliopsida->Mesangiospermae->Magnoliophyta->Spermatophyta->Euphyllophyta->Tracheophyta->Embryophyta->Streptophyta->Chloroplastida->Archaeplastida->Eukaryota->cellular organisms->life" nexsonid "node437851"
pgloadind     taxon mapping OTT ID 214093 taxonomy "Pachyphyllum crystallinum->Pachyphyllum->Oncidiinae->Maxillarieae->Epidendroideae->Orchidaceae->Asparagales->Petrosaviidae->Liliopsida->Mesangiospermae->Magnoliophyta->Spermatophyta->Euphyllophyta->Tracheophyta->Embryophyta->Streptophyta->Chloroplastida->Archaeplastida->Eukaryota->cellular organisms->life" nexsonid "node437852"
pgloadind     taxon mapping OTT ID 387556 taxonomy "Lockhartia micrantha->Lockhartia->Oncidiinae->Maxillarieae->Epidendroideae->Orchidaceae->Asparagales->Petrosaviidae->Liliopsida->Mesangiospermae->Magnoliophyta->Spermatophyta->Euphyllophyta->Tracheophyta->Embryophyta->Streptophyta->Chloroplastida->Archaeplastida->Eukaryota->cellular organisms->life" nexsonid "node437854"
pgloadind     taxon mapping OTT ID 467432 taxonomy "Grandiphyllum auriculum->Grandiphyllum->Oncidiinae->Maxillarieae->Epidendroideae->Orchidaceae->Asparagales->Petrosaviidae->Liliopsida->Mesangiospermae->Magnoliophyta->Spermatophyta->Euphyllophyta->Tracheophyta->Embryophyta->Streptophyta->Chloroplastida->Archaeplastida->Eukaryota->cellular organisms->life" nexsonid "node437856"
pgloadind     taxon mapping OTT ID 169426 taxonomy "Saundersia paniculata->Saundersia->Oncidiinae->Maxillarieae->Epidendroideae->Orchidaceae->Asparagales->Petrosaviidae->Liliopsida->Mesangiospermae->Magnoliophyta->Spermatophyta->Euphyllophyta->Tracheophyta->Embryophyta->Streptophyta->Chloroplastida->Archaeplastida->Eukaryota->cellular organisms->life" nexsonid "node437858"
pgloadind     taxon mapping OTT ID 743779 taxonomy "Lophiaris lindenii->Lophiaris->Oncidiinae->Maxillarieae->Epidendroideae->Orchidaceae->Asparagales->Petrosaviidae->Liliopsida->Mesangiospermae->Magnoliophyta->Spermatophyta->Euphyllophyta->Tracheophyta->Embryophyta->Streptophyta->Chloroplastida->Archaeplastida->Eukaryota->cellular organisms->life" nexsonid "node437859"
pgloadind     taxon mapping OTT ID 794815 taxonomy "Psychopsis sanderae->Psychopsis->Oncidiinae->Maxillarieae->Epidendroideae->Orchidaceae->Asparagales->Petrosaviidae->Liliopsida->Mesangiospermae->Magnoliophyta->Spermatophyta->Euphyllophyta->Tracheophyta->Embryophyta->Streptophyta->Chloroplastida->Archaeplastida->Eukaryota->cellular organisms->life" nexsonid "node437861"
pgloadind     taxon mapping OTT ID 705093 taxonomy "Helcia brevis->Helcia->Oncidiinae->Maxillarieae->Epidendroideae->Orchidaceae->Asparagales->Petrosaviidae->Liliopsida->Mesangiospermae->Magnoliophyta->Spermatophyta->Euphyllophyta->Tracheophyta->Embryophyta->Streptophyta->Chloroplastida->Archaeplastida->Eukaryota->cellular organisms->life" nexsonid "node437863"
pgloadind     taxon mapping OTT ID 743785 taxonomy "Trichopilia fragrans->Trichopilia->Oncidiinae->Maxillarieae->Epidendroideae->Orchidaceae->Asparagales->Petrosaviidae->Liliopsida->Mesangiospermae->Magnoliophyta->Spermatophyta->Euphyllophyta->Tracheophyta->Embryophyta->Streptophyta->Chloroplastida->Archaeplastida->Eukaryota->cellular organisms->life" nexsonid "node437864"
pgloadind     taxon mapping OTT ID 762988 taxonomy "Galeandra devoniana->Galeandra->Catasetinae->Cymbidieae->Epidendroideae->Orchidaceae->Asparagales->Petrosaviidae->Liliopsida->Mesangiospermae->Magnoliophyta->Spermatophyta->Euphyllophyta->Tracheophyta->Embryophyta->Streptophyta->Chloroplastida->Archaeplastida->Eukaryota->cellular organisms->life" nexsonid "node437866"
pgloadind     taxon mapping OTT ID 915003 taxonomy "Catasetum expansum->Catasetum->Catasetinae->Cymbidieae->Epidendroideae->Orchidaceae->Asparagales->Petrosaviidae->Liliopsida->Mesangiospermae->Magnoliophyta->Spermatophyta->Euphyllophyta->Tracheophyta->Embryophyta->Streptophyta->Chloroplastida->Archaeplastida->Eukaryota->cellular organisms->life" nexsonid "node437868"
pgloadind     taxon mapping OTT ID 180766 taxonomy "Dressleria->Catasetinae->Cymbidieae->Epidendroideae->Orchidaceae->Asparagales->Petrosaviidae->Liliopsida->Mesangiospermae->Magnoliophyta->Spermatophyta->Euphyllophyta->Tracheophyta->Embryophyta->Streptophyta->Chloroplastida->Archaeplastida->Eukaryota->cellular organisms->life" nexsonid "node437869"
pgloadind     taxon mapping OTT ID 1018621 taxonomy "Cymbidium eburneum->Cymbidium->Cymbidiinae->Cymbidieae->Epidendroideae->Orchidaceae->Asparagales->Petrosaviidae->Liliopsida->Mesangiospermae->Magnoliophyta->Spermatophyta->Euphyllophyta->Tracheophyta->Embryophyta->Streptophyta->Chloroplastida->Archaeplastida->Eukaryota->cellular organisms->life" nexsonid "node437871"
pgloadind     taxon mapping OTT ID 850254 taxonomy "Thecostele alata->Thecostele->Eulophiinae->Cymbidieae->Epidendroideae->Orchidaceae->Asparagales->Petrosaviidae->Liliopsida->Mesangiospermae->Magnoliophyta->Spermatophyta->Euphyllophyta->Tracheophyta->Embryophyta->Streptophyta->Chloroplastida->Archaeplastida->Eukaryota->cellular organisms->life" nexsonid "node437872"
pgloadind     taxon mapping OTT ID 702795 taxonomy "Polystachya pubescens->Polystachya->Polystachyinae->Vandeae->Epidendroideae->Orchidaceae->Asparagales->Petrosaviidae->Liliopsida->Mesangiospermae->Magnoliophyta->Spermatophyta->Euphyllophyta->Tracheophyta->Embryophyta->Streptophyta->Chloroplastida->Archaeplastida->Eukaryota->cellular organisms->life" nexsonid "node437874"
pgloadind     taxon mapping OTT ID 3974795 taxonomy "Aerangis stelligera->Aerangis->Aerangidinae->Vandeae->Epidendroideae->Orchidaceae->Asparagales->Petrosaviidae->Liliopsida->Mesangiospermae->Magnoliophyta->Spermatophyta->Euphyllophyta->Tracheophyta->Embryophyta->Streptophyta->Chloroplastida->Archaeplastida->Eukaryota->cellular organisms->life" nexsonid "node437878"
pgloadind     taxon mapping OTT ID 290216 taxonomy "Rhipidoglossum rutilum->Rhipidoglossum->Aerangidinae->Vandeae->Epidendroideae->Orchidaceae->Asparagales->Petrosaviidae->Liliopsida->Mesangiospermae->Magnoliophyta->Spermatophyta->Euphyllophyta->Tracheophyta->Embryophyta->Streptophyta->Chloroplastida->Archaeplastida->Eukaryota->cellular organisms->life" nexsonid "node437879"
pgloadind     taxon mapping OTT ID 784159 taxonomy "Aeranthes ramosa->Aeranthes->Angraecinae->Vandeae->Epidendroideae->Orchidaceae->Asparagales->Petrosaviidae->Liliopsida->Mesangiospermae->Magnoliophyta->Spermatophyta->Euphyllophyta->Tracheophyta->Embryophyta->Streptophyta->Chloroplastida->Archaeplastida->Eukaryota->cellular organisms->life" nexsonid "node437881"
pgloadind     taxon mapping OTT ID 784150 taxonomy "Angraecum sesquipedale->Angraecum->Angraecinae->Vandeae->Epidendroideae->Orchidaceae->Asparagales->Petrosaviidae->Liliopsida->Mesangiospermae->Magnoliophyta->Spermatophyta->Euphyllophyta->Tracheophyta->Embryophyta->Streptophyta->Chloroplastida->Archaeplastida->Eukaryota->cellular organisms->life" nexsonid "node437882"
pgloadind     taxon mapping OTT ID 753604 taxonomy "Neofinetia falcata->Neofinetia->Aeridinae->Vandeae->Epidendroideae->Orchidaceae->Asparagales->Petrosaviidae->Liliopsida->Mesangiospermae->Magnoliophyta->Spermatophyta->Euphyllophyta->Tracheophyta->Embryophyta->Streptophyta->Chloroplastida->Archaeplastida->Eukaryota->cellular organisms->life" nexsonid "node437884"
pgloadind     taxon mapping OTT ID 376677 taxonomy "Phalaenopsis aphrodite->Phalaenopsis->Aeridinae->Vandeae->Epidendroideae->Orchidaceae->Asparagales->Petrosaviidae->Liliopsida->Mesangiospermae->Magnoliophyta->Spermatophyta->Euphyllophyta->Tracheophyta->Embryophyta->Streptophyta->Chloroplastida->Archaeplastida->Eukaryota->cellular organisms->life" nexsonid "node437885"
pgloadind     taxon mapping OTT ID 176762 taxonomy "Arethusa bulbosa->Arethusa->Arethusinae->Arethuseae->Epidendroideae->Orchidaceae->Asparagales->Petrosaviidae->Liliopsida->Mesangiospermae->Magnoliophyta->Spermatophyta->Euphyllophyta->Tracheophyta->Embryophyta->Streptophyta->Chloroplastida->Archaeplastida->Eukaryota->cellular organisms->life" nexsonid "node437887"
pgloadind     taxon mapping OTT ID 389398 taxonomy "Arundina graminifolia->Arundina->Arethusinae->Arethuseae->Epidendroideae->Orchidaceae->Asparagales->Petrosaviidae->Liliopsida->Mesangiospermae->Magnoliophyta->Spermatophyta->Euphyllophyta->Tracheophyta->Embryophyta->Streptophyta->Chloroplastida->Archaeplastida->Eukaryota->cellular organisms->life" nexsonid "node437888"
pgloadind     taxon mapping OTT ID 147334 taxonomy "Bletilla striata->Bletilla->Coelogyninae->Arethuseae->Epidendroideae->Orchidaceae->Asparagales->Petrosaviidae->Liliopsida->Mesangiospermae->Magnoliophyta->Spermatophyta->Euphyllophyta->Tracheophyta->Embryophyta->Streptophyta->Chloroplastida->Archaeplastida->Eukaryota->cellular organisms->life" nexsonid "node437890"
pgloadind     taxon mapping OTT ID 530308 taxonomy "Thunia alba->Thunia->Coelogyninae->Arethuseae->Epidendroideae->Orchidaceae->Asparagales->Petrosaviidae->Liliopsida->Mesangiospermae->Magnoliophyta->Spermatophyta->Euphyllophyta->Tracheophyta->Embryophyta->Streptophyta->Chloroplastida->Archaeplastida->Eukaryota->cellular organisms->life" nexsonid "node437891"
pgloadind     taxon mapping OTT ID 176728 taxonomy "Glomera->Coelogyninae->Arethuseae->Epidendroideae->Orchidaceae->Asparagales->Petrosaviidae->Liliopsida->Mesangiospermae->Magnoliophyta->Spermatophyta->Euphyllophyta->Tracheophyta->Embryophyta->Streptophyta->Chloroplastida->Archaeplastida->Eukaryota->cellular organisms->life" nexsonid "node437893"
pgloadind     taxon mapping OTT ID 356312 taxonomy "Coelogyne cristata->Coelogyne->Coelogyninae->Arethuseae->Epidendroideae->Orchidaceae->Asparagales->Petrosaviidae->Liliopsida->Mesangiospermae->Magnoliophyta->Spermatophyta->Euphyllophyta->Tracheophyta->Embryophyta->Streptophyta->Chloroplastida->Archaeplastida->Eukaryota->cellular organisms->life" nexsonid "node437895"
pgloadind     taxon mapping OTT ID 510032 taxonomy "Dendrochilum cobbianum->Dendrochilum->Coelogyninae->Arethuseae->Epidendroideae->Orchidaceae->Asparagales->Petrosaviidae->Liliopsida->Mesangiospermae->Magnoliophyta->Spermatophyta->Euphyllophyta->Tracheophyta->Embryophyta->Streptophyta->Chloroplastida->Archaeplastida->Eukaryota->cellular organisms->life" nexsonid "node437896"
pgloadind     taxon mapping OTT ID 332216 taxonomy "Coelia macrostachya->Coelia->Coeliinae->Epidendreae->Epidendroideae->Orchidaceae->Asparagales->Petrosaviidae->Liliopsida->Mesangiospermae->Magnoliophyta->Spermatophyta->Euphyllophyta->Tracheophyta->Embryophyta->Streptophyta->Chloroplastida->Archaeplastida->Eukaryota->cellular organisms->life" nexsonid "node437898"
pgloadind     taxon mapping OTT ID 8956 taxonomy "Arpophyllum giganteum->Arpophyllum->Laeliinae->Epidendreae->Epidendroideae->Orchidaceae->Asparagales->Petrosaviidae->Liliopsida->Mesangiospermae->Magnoliophyta->Spermatophyta->Euphyllophyta->Tracheophyta->Embryophyta->Streptophyta->Chloroplastida->Archaeplastida->Eukaryota->cellular organisms->life" nexsonid "node437902"
pgloadind     taxon mapping OTT ID 915005 taxonomy "Cattleya dowiana->Cattleya->Laeliinae->Epidendreae->Epidendroideae->Orchidaceae->Asparagales->Petrosaviidae->Liliopsida->Mesangiospermae->Magnoliophyta->Spermatophyta->Euphyllophyta->Tracheophyta->Embryophyta->Streptophyta->Chloroplastida->Archaeplastida->Eukaryota->cellular organisms->life" nexsonid "node437905"
pgloadind     taxon mapping OTT ID 845234 taxonomy "Epidendrum campestre->Epidendrum->Laeliinae->Epidendreae->Epidendroideae->Orchidaceae->Asparagales->Petrosaviidae->Liliopsida->Mesangiospermae->Magnoliophyta->Spermatophyta->Euphyllophyta->Tracheophyta->Embryophyta->Streptophyta->Chloroplastida->Archaeplastida->Eukaryota->cellular organisms->life" nexsonid "node437907"
pgloadind     taxon mapping OTT ID 8944 taxonomy "Meiracyllium trinasutum->Meiracyllium->Laeliinae->Epidendreae->Epidendroideae->Orchidaceae->Asparagales->Petrosaviidae->Liliopsida->Mesangiospermae->Magnoliophyta->Spermatophyta->Euphyllophyta->Tracheophyta->Embryophyta->Streptophyta->Chloroplastida->Archaeplastida->Eukaryota->cellular organisms->life" nexsonid "node437908"
pgloadind     taxon mapping OTT ID 14337 taxonomy "Prosthechea abbreviata->Prosthechea->Laeliinae->Epidendreae->Epidendroideae->Orchidaceae->Asparagales->Petrosaviidae->Liliopsida->Mesangiospermae->Magnoliophyta->Spermatophyta->Euphyllophyta->Tracheophyta->Embryophyta->Streptophyta->Chloroplastida->Archaeplastida->Eukaryota->cellular organisms->life" nexsonid "node437910"
pgloadind     taxon mapping OTT ID 14334 taxonomy "Pseudolaelia vellozicola->Pseudolaelia->Laeliinae->Epidendreae->Epidendroideae->Orchidaceae->Asparagales->Petrosaviidae->Liliopsida->Mesangiospermae->Magnoliophyta->Spermatophyta->Euphyllophyta->Tracheophyta->Embryophyta->Streptophyta->Chloroplastida->Archaeplastida->Eukaryota->cellular organisms->life" nexsonid "node437911"
pgloadind     taxon mapping OTT ID 862855 taxonomy "Dilomilis montana->Dilomilis->Pleurothallidinae->Epidendreae->Epidendroideae->Orchidaceae->Asparagales->Petrosaviidae->Liliopsida->Mesangiospermae->Magnoliophyta->Spermatophyta->Euphyllophyta->Tracheophyta->Embryophyta->Streptophyta->Chloroplastida->Archaeplastida->Eukaryota->cellular organisms->life" nexsonid "node437913"
pgloadind     taxon mapping OTT ID 556684 taxonomy "Masdevallia uniflora->Masdevallia->Pleurothallidinae->Epidendreae->Epidendroideae->Orchidaceae->Asparagales->Petrosaviidae->Liliopsida->Mesangiospermae->Magnoliophyta->Spermatophyta->Euphyllophyta->Tracheophyta->Embryophyta->Streptophyta->Chloroplastida->Archaeplastida->Eukaryota->cellular organisms->life" nexsonid "node437915"
pgloadind     taxon mapping OTT ID 5605 taxonomy "Pleurothallis ruscifolia->Pleurothallis->Pleurothallidinae->Epidendreae->Epidendroideae->Orchidaceae->Asparagales->Petrosaviidae->Liliopsida->Mesangiospermae->Magnoliophyta->Spermatophyta->Euphyllophyta->Tracheophyta->Embryophyta->Streptophyta->Chloroplastida->Archaeplastida->Eukaryota->cellular organisms->life" nexsonid "node437916"
pgloadind     taxon mapping OTT ID 155560 taxonomy "Bletia catenulata->Bletia->Bletiinae->Epidendreae->Epidendroideae->Orchidaceae->Asparagales->Petrosaviidae->Liliopsida->Mesangiospermae->Magnoliophyta->Spermatophyta->Euphyllophyta->Tracheophyta->Embryophyta->Streptophyta->Chloroplastida->Archaeplastida->Eukaryota->cellular organisms->life" nexsonid "node437918"
pgloadind     taxon mapping OTT ID 939304 taxonomy "Chysis bractescens->Chysis->Chysinae->Calypsoae->Epidendroideae->Orchidaceae->Asparagales->Petrosaviidae->Liliopsida->Mesangiospermae->Magnoliophyta->Spermatophyta->Euphyllophyta->Tracheophyta->Embryophyta->Streptophyta->Chloroplastida->Archaeplastida->Eukaryota->cellular organisms->life" nexsonid "node437919"
pgloadind     taxon mapping OTT ID 699920 taxonomy "Phreatia->Podochileae->Epidendroideae->Orchidaceae->Asparagales->Petrosaviidae->Liliopsida->Mesangiospermae->Magnoliophyta->Spermatophyta->Euphyllophyta->Tracheophyta->Embryophyta->Streptophyta->Chloroplastida->Archaeplastida->Eukaryota->cellular organisms->life" nexsonid "node437921"
pgloadind     taxon mapping OTT ID 702805 taxonomy "Podochilus cultratus->Podochilus->Podochilinae->Podochileae->Epidendroideae->Orchidaceae->Asparagales->Petrosaviidae->Liliopsida->Mesangiospermae->Magnoliophyta->Spermatophyta->Euphyllophyta->Tracheophyta->Embryophyta->Streptophyta->Chloroplastida->Archaeplastida->Eukaryota->cellular organisms->life" nexsonid "node437923"
pgloadind     taxon mapping OTT ID 239544 taxonomy "Eria ferruginea->Eria->Eriinae->Podochileae->Epidendroideae->Orchidaceae->Asparagales->Petrosaviidae->Liliopsida->Mesangiospermae->Magnoliophyta->Spermatophyta->Euphyllophyta->Tracheophyta->Embryophyta->Streptophyta->Chloroplastida->Archaeplastida->Eukaryota->cellular organisms->life" nexsonid "node437925"
pgloadind     taxon mapping OTT ID 855548 taxonomy "Trichotosia ferox->Trichotosia->Eriinae->Podochileae->Epidendroideae->Orchidaceae->Asparagales->Petrosaviidae->Liliopsida->Mesangiospermae->Magnoliophyta->Spermatophyta->Euphyllophyta->Tracheophyta->Embryophyta->Streptophyta->Chloroplastida->Archaeplastida->Eukaryota->cellular organisms->life" nexsonid "node437926"
done fixing name
pgloadind Finished with attempts to fix names
pgloadind   Checking for uniqueness of OTT IDs tree id "1302"
pgloadind   Adding tree to graph tree id "1302"
all trees have all taxa: false
	using bipartition technique
attempting to remap tips to deepest exemplified taxa
	Aspasia lunata was remapped to 'Aspasia' (id=3073324)
	Raycadenco ecuadorensis was remapped to 'Raycadenco' (id=3069599)
	Polyotidium huebneri was remapped to 'Polyotidium' (id=3073491)
	Rhynchostele londesboroughiana was remapped to 'Rhynchostele' (id=3069514)
	Cattleya dowiana was remapped to 'Cattleya' (id=3055352)
	Coelia macrostachya was remapped to 'Coeliinae' (id=3051561)
	Polystachya pubescens was remapped to 'Polystachyinae' (id=3084473)
	Lophiaris lindenii was remapped to 'Lophiaris' (id=3072534)
	Huntleya heteroclita was remapped to 'Zygopetalinae' (id=3067403)
	Fernandezia ionanthera was remapped to 'Fernandezia' (id=3073754)
	Arethusa bulbosa was remapped to 'Arethusa' (id=3067349)
	Otoglossum harlingii was remapped to 'Otoglossum' (id=3072669)
	Kegeliella kupperi was remapped to 'Kegeliella' (id=3068483)
	Brassia arcuigera was remapped to 'Brassia' (id=3069967)
	Macradenia rubescens was remapped to 'Macradenia' (id=3072515)
	Phymatidium falcifolium was remapped to 'Phymatidium' (id=3071161)
	Leochilus inconspicuus was remapped to 'Leochilus' (id=3073353)
	Gomesa gomezoides was remapped to 'Gomesa' (id=3071332)
	Pachyphyllum crystallinum was remapped to 'Pachyphyllum' (id=3072564)
	Listera smallii was remapped to 'Listera' (id=3091207)
	Hirtzia benzingii was remapped to 'Hirtzia' (id=3072512)
	Grandiphyllum auriculum was remapped to 'Grandiphyllum' (id=3073494)
	Tropidia was remapped to 'Tropidieae' (id=3091634)
	Plectrophora cultrifolia was remapped to 'Plectrophora' (id=3071140)
	Zygostates apiculata was remapped to 'Zygostates' (id=3072771)
	Dilomilis montana was remapped to 'Dilomilis' (id=3065815)
	Psychopsis sanderae was remapped to 'Psychopsis' (id=3071121)
	Thunia alba was remapped to 'Thunia' (id=3067135)
	Rossioglossum ampliatum was remapped to 'Rossioglossum' (id=3071085)
	Hofmeisterella eumicroscopica was remapped to 'Hofmeisterella' (id=3071329)
	Chysis bractescens was remapped to 'Chysinae' (id=3085101)
	Meiracyllium trinasutum was remapped to 'Meiracyllium' (id=3051680)
	Malaxis spicata was remapped to 'Malaxideae' (id=3087436)
	Hintonella mexicana was remapped to 'Hintonella' (id=3071158)
	Rhipidoglossum rutilum was remapped to 'Rhipidoglossum' (id=3083348)
	Cischweinfia dasyandra was remapped to 'Cischweinfia' (id=3073292)
	Monophyllorchis was remapped to 'Triphoreae' (id=3091412)
	Ionopsis minutiflora was remapped to 'Ionopsis' (id=3072634)
	Nervilia bicarinata was remapped to 'Nervilia' (id=3090559)
	Sutrina garayi was remapped to 'Sutrina' (id=3071078)
	Warmingia zamorana was remapped to 'Warmingia' (id=3073458)
	Pterostemma antioquiense was remapped to 'Pterostemma' (id=3071953)
	Phalaenopsis aphrodite was remapped to 'Phalaenopsis' (id=3080936)
	Dendrochilum cobbianum was remapped to 'Dendrochilum' (id=3066691)
	Capanemia superflua was remapped to 'Capanemia' (id=3069602)
	Cymbidium eburneum was remapped to 'Cymbidiinae' (id=3085233)
	Miltonia regnellii was remapped to 'Miltonia' (id=3071197)
	Rodriguezia batemanii was remapped to 'Rodriguezia' (id=3073205)
	Lockhartia micrantha was remapped to 'Lockhartia' (id=3073689)
	Tolumnia calochila was remapped to 'Tolumnia' (id=3069839)
	Oliveriana brevilabia was remapped to 'Oliveriana' (id=3073427)
	Zelenkoa onusta was remapped to 'Zelenkoa' (id=3073423)
	Coelogyne cristata was remapped to 'Coelogyne' (id=3066241)
	Nohawilliamsia orthostates was remapped to 'Nohawilliamsia' (id=3071908)
	Notyliopsis beatricis was remapped to 'Notyliopsis' (id=3073808)
	Bletilla striata was remapped to 'Bletilla' (id=3066648)
	Bifrenaria harrisoniae was remapped to 'Bifrenaria' (id=3069046)
	Palmorchis trilobulata was remapped to 'Palmorchis' (id=3090747)
	Angraecum sesquipedale was remapped to 'Angraecum' (id=3082515)
	Calypso bulbosa was remapped to 'Calypso' (id=3085215)
	Ornithocephalus dressleri was remapped to 'Ornithocephalus' (id=3073542)
	Stanhopea ecornuta was remapped to 'Stanhopea' (id=3068586)
	Notylia ecuadorensis was remapped to 'Notylia' (id=3073870)
	Chytroglossa marileoniae was remapped to 'Chytroglossa' (id=3073803)
	Caucaea phalaenopsis was remapped to 'Caucaea' (id=3073634)
	Epidendrum campestre was remapped to 'Epidendrum' (id=3053450)
	Catasetum expansum was remapped to 'Catasetum' (id=3087090)
	Lycaste cruenta was remapped to 'Lycastinae' (id=3075755)
	Tipularia discolor was remapped to 'Tipularia' (id=3085192)
	Systeloglossum acuminatum was remapped to 'Systeloglossum' (id=3069827)
	Solenidium portillae was remapped to 'Solenidium' (id=3073810)
	Schunkea vierlingii was remapped to 'Schunkea' (id=3071072)
	Seegeriella pinifolia was remapped to 'Seegeriella' (id=3073488)
	Trichotosia ferox was remapped to 'Trichotosia' (id=3077629)
	Sobralia macrantha was remapped to 'Sobralia' (id=3078449)
	Comparettia falcata was remapped to 'Comparettia' (id=3069640)
	Galeandra devoniana was remapped to 'Galeandra' (id=3086984)
	Trichoceros antennifer was remapped to 'Trichoceros' (id=3073403)
	Eria ferruginea was remapped to 'Eria' (id=3076817)
	Epipactis fageticola was remapped to 'Epipactis' (id=3090783)
	Aeranthes ramosa was remapped to 'Aeranthes' (id=3083279)
	Saundersia paniculata was remapped to 'Saundersia' (id=3071074)
	Vitekorchis excavata was remapped to 'Vitekorchis' (id=3073436)
	Podochilus cultratus was remapped to 'Podochilinae' (id=3076131)
	Neofinetia falcata was remapped to 'Neofinetia' (id=3081797)
	Masdevallia uniflora was remapped to 'Masdevallia' (id=3057128)
	Acineta chrysantha was remapped to 'Acineta' (id=3068737)
	Prosthechea abbreviata was remapped to 'Prosthechea' (id=3051777)
	Aerangis stelligera was remapped to 'Aerangis' (id=3084176)
	Houlletia sanderi was remapped to 'Houlletia' (id=3068490)
	Thecostele alata was remapped to 'Eulophiinae' (id=3085543)
	Mesospinidium horichii was remapped to 'Mesospinidium' (id=3071182)
	Arpophyllum giganteum was remapped to 'Arpophyllum' (id=3051748)
	Pleurothallis ruscifolia was remapped to 'Pleurothallis' (id=3060699)
	Neottia nidus-avis was remapped to 'Neottia' (id=3091018)
	Aplectrum hyemale was remapped to 'Aplectrum' (id=3085207)
	Trizeuxis falcata was remapped to 'Trizeuxis' (id=3071112)
	Lycomormium squalidum was remapped to 'Coeliopsidinae' (id=3069157)
	Trichopilia fragrans was remapped to 'Trichopilia' (id=3069220)
	Brachtia andina was remapped to 'Brachtia' (id=3073185)
	Helcia brevis was remapped to 'Helcia' (id=3073318)
	Bletia catenulata was remapped to 'Bletiinae' (id=3051394)
	Arundina graminifolia was remapped to 'Arundina' (id=3067351)
	Xerorchis amazonica was remapped to 'Xerorchis' (id=3090741)
	Pseudolaelia vellozicola was remapped to 'Pseudolaelia' (id=3051755)
this is the ROOT
placing root in index
Dealing with metadata property: id
Dealing with metadata property: ot:studyPublicationReference
Adding property 'ot:studyPublicationReference': Xiang, X.-G., Li, D.-Z., Jin, W.-T., Zhou, H.-L., Li, J.-W., & Jin, X.-H. 2012. Phylogenetic placement of the enigmatic orchid genera Thaia and Tangtsinia: Evidence from molecular and morphological characters. Taxon 61: 45-54.
Dealing with metadata property: ot:focalCladeOTTTaxonName
Adding property 'ot:focalCladeOTTTaxonName': Orchidaceae
Dealing with metadata property: ot:studyYear
Adding property 'ot:studyYear': 2012
Dealing with metadata property: ot:inGroupClade
Adding property 'ot:inGroupClade': node437706
Dealing with metadata property: ot:curatorName
Adding property 'ot:curatorName': Jiabin Deng
Dealing with metadata property: ot:focalClade
Adding property 'ot:focalClade': 568878
Dealing with metadata property: ot:curatedType
Adding property 'ot:curatedType': Parsimony
Dealing with metadata property: ot:studyId
Adding property 'ot:studyId': 726
Committing nodes: 212
