pgloadind OTUs number 93
pgloadind Processing tree @id "1816"
pgloadind   tree info number nodes 134
pgloadind   tree info number edges 133
pgloadind   tree info ingroup "node489195"
pgloadind   Setting ingroup root node.
pgloadind   Ingested tree number of external nodes 72
pgloadind   property added ot:studyPublicationReference "Levin R., Wagner W., Hoch P., Hahn W., Rodriguez A., Baum D., Katinas L., Zimmer E., & Sytsma K. 2003. Paraphyly in tribe Onagreae: Insights into phylogenetic relationships of Onagraceae based on nuclear and chloroplast sequence data. Systematic Botany, 29(1): 147-164."
pgloadind   property added ot:studyPublication "http://dx.doi.org/10.1600/036364404772974293"
pgloadind   property added ot:curatorName "bryan drew"
pgloadind   property added ot:dataDeposit "http://purl.org/phylo/treebase/phylows/study/TB2:S1046"
pgloadind   property added ot:studyId "920"
pgloadind   property added ot:studyYear "2003"
pgloadind   property added ot:inGroupClade "node489195"
pgloadind   property added ot:curatedType "Fig. 2"
pgloadind Processing tree @id "1817"
pgloadind   tree info number nodes 128
pgloadind   tree info number edges 127
pgloadind   tree info ingroup "node489329"
pgloadind   Setting ingroup root node.
pgloadind   Ingested tree number of external nodes 72
pgloadind   property added ot:studyPublicationReference "Levin R., Wagner W., Hoch P., Hahn W., Rodriguez A., Baum D., Katinas L., Zimmer E., & Sytsma K. 2003. Paraphyly in tribe Onagreae: Insights into phylogenetic relationships of Onagraceae based on nuclear and chloroplast sequence data. Systematic Botany, 29(1): 147-164."
pgloadind   property added ot:studyPublication "http://dx.doi.org/10.1600/036364404772974293"
pgloadind   property added ot:curatorName "bryan drew"
pgloadind   property added ot:dataDeposit "http://purl.org/phylo/treebase/phylows/study/TB2:S1046"
pgloadind   property added ot:studyId "920"
pgloadind   property added ot:studyYear "2003"
pgloadind   property added ot:inGroupClade "node489329"
pgloadind   property added ot:curatedType "cp only-trnL-F + rps16"
pgloadind Processing tree @id "1818"
pgloadind   tree info number nodes 172
pgloadind   tree info number edges 171
pgloadind   tree info ingroup "node489457"
pgloadind   Setting ingroup root node.
pgloadind   Ingested tree number of external nodes 90
pgloadind   property added ot:studyPublicationReference "Levin R., Wagner W., Hoch P., Hahn W., Rodriguez A., Baum D., Katinas L., Zimmer E., & Sytsma K. 2003. Paraphyly in tribe Onagreae: Insights into phylogenetic relationships of Onagraceae based on nuclear and chloroplast sequence data. Systematic Botany, 29(1): 147-164."
pgloadind   property added ot:studyPublication "http://dx.doi.org/10.1600/036364404772974293"
pgloadind   property added ot:curatorName "bryan drew"
pgloadind   property added ot:dataDeposit "http://purl.org/phylo/treebase/phylows/study/TB2:S1046"
pgloadind   property added ot:studyId "920"
pgloadind   property added ot:studyYear "2003"
pgloadind   property added ot:inGroupClade "node489457"
pgloadind   property added ot:curatedType "Fig. 1"
pgloadind Processing tree @id "1819"
pgloadind   tree info number nodes 146
pgloadind   tree info number edges 145
pgloadind   tree info ingroup "node489629"
pgloadind   Setting ingroup root node.
pgloadind   Ingested tree number of external nodes 90
pgloadind   property added ot:studyPublicationReference "Levin R., Wagner W., Hoch P., Hahn W., Rodriguez A., Baum D., Katinas L., Zimmer E., & Sytsma K. 2003. Paraphyly in tribe Onagreae: Insights into phylogenetic relationships of Onagraceae based on nuclear and chloroplast sequence data. Systematic Botany, 29(1): 147-164."
pgloadind   property added ot:studyPublication "http://dx.doi.org/10.1600/036364404772974293"
pgloadind   property added ot:curatorName "bryan drew"
pgloadind   property added ot:dataDeposit "http://purl.org/phylo/treebase/phylows/study/TB2:S1046"
pgloadind   property added ot:studyId "920"
pgloadind   property added ot:studyYear "2003"
pgloadind   property added ot:inGroupClade "node489629"
pgloadind   property added ot:curatedType "ITS only"
loading a specific tree: 1816
skipping tree: 1817
skipping tree: 1818
skipping tree: 1819
pgloadind conducting TNRS on trees
pgloadind   name fixing on tree tree id "1816"
pgloadind   all nodes have ottIds
pgloadind   postpruning newick tree "(((Epilobium_rigidum,Epilobium_canum),Chamerion_angustifolium),(Xylonagra_arborea,(((((Clarkia_franciscana,Clarkia_mildrediae),Clarkia_pulchella,((Clarkia_affinis,Clarkia_imbricata),Clarkia_xantiana,(Clarkia_rostrata,Clarkia_delicata),Clarkia_heterandra)),(Gayophytum_heterozygum,Chylismiella_pterosperma)),(Taraxia_ovata,(Taraxia_subacaulis,Taraxia_tanacetifolia))),((Camissoniopsis_cheiranthifolia,Tetrapteron_graciliflorum,Neoholmgrenia_andina),((((Eremothera_minor,Eremothera_boothii),Eremothera_nevadensis),Eremothera_refracta),(Camissonia_kernensis,Camissonia_campestris))),((Eulobus_crassifolius,Eulobus_californicus),((Chylismia_claviformis,Chylismia_arenaria),((((((Oenothera_organensis,Oenothera_affinis),(Oenothera_stubbei,Oenothera_maysillesii),Oenothera_macrosceles,((Oenothera_biennis,Oenothera_elata),Oenothera_heterophylla),Oenothera_laciniata,Oenothera_pubescens),((Oenothera_pallida,Oenothera_neomexicana),Oenothera_deltoides,Oenothera_albicaulis)),Oenothera_tubifera),(Oenothera_xylocarpa,Oenothera_primiveris)),((Oenothera_caespitosa,Oenothera_psammophila),Oenothera_flava,(Calylophus_berlandieri,Calylophus_hartwegii),(((Oenothera_rosea,Oenothera_speciosa),Oenothera_canescens),((Oenothera_multicaulis,Oenothera_tetraptera),((Oenothera_havardii,Oenothera_linifolia),(Oenothera_brachycarpa,(Oenothera_fruticosa,(Gaura_mutabilis,((Gaura_parviflora,Stenosiphon_linifolius),Gaura_macrocarpa,Gaura_boquillensis,(((Gaura_hexandra_subsp_hexandra,Gaura_demareei),Gaura_drummondii),Gaura_hexandra_subsp_gracilis),Gaura_villosa))))))))))))))"
pgloadind   taxon mapping summary
pgloadind     taxon mapping OTT ID 857469 taxonomy "Epilobium rigidum->Epilobium->Onagraceae->Myrtales->malvids->rosids->Pentapetalae->Gunneridae->eudicotyledons->Mesangiospermae->Magnoliophyta->Spermatophyta->Euphyllophyta->Tracheophyta->Embryophyta->Streptophyta->Chloroplastida->Archaeplastida->Eukaryota->cellular organisms->life" nexsonid "node489198"
pgloadind     taxon mapping OTT ID 181426 taxonomy "Epilobium canum->Epilobium->Onagraceae->Myrtales->malvids->rosids->Pentapetalae->Gunneridae->eudicotyledons->Mesangiospermae->Magnoliophyta->Spermatophyta->Euphyllophyta->Tracheophyta->Embryophyta->Streptophyta->Chloroplastida->Archaeplastida->Eukaryota->cellular organisms->life" nexsonid "node489199"
pgloadind     taxon mapping OTT ID 139466 taxonomy "Chamerion angustifolium->Chamerion->Onagraceae->Myrtales->malvids->rosids->Pentapetalae->Gunneridae->eudicotyledons->Mesangiospermae->Magnoliophyta->Spermatophyta->Euphyllophyta->Tracheophyta->Embryophyta->Streptophyta->Chloroplastida->Archaeplastida->Eukaryota->cellular organisms->life" nexsonid "node489200"
pgloadind     taxon mapping OTT ID 800553 taxonomy "Xylonagra arborea->Xylonagra->Onagraceae->Myrtales->malvids->rosids->Pentapetalae->Gunneridae->eudicotyledons->Mesangiospermae->Magnoliophyta->Spermatophyta->Euphyllophyta->Tracheophyta->Embryophyta->Streptophyta->Chloroplastida->Archaeplastida->Eukaryota->cellular organisms->life" nexsonid "node489202"
pgloadind     taxon mapping OTT ID 815838 taxonomy "Clarkia franciscana->Clarkia->Onagraceae->Myrtales->malvids->rosids->Pentapetalae->Gunneridae->eudicotyledons->Mesangiospermae->Magnoliophyta->Spermatophyta->Euphyllophyta->Tracheophyta->Embryophyta->Streptophyta->Chloroplastida->Archaeplastida->Eukaryota->cellular organisms->life" nexsonid "node489208"
pgloadind     taxon mapping OTT ID 1051116 taxonomy "Clarkia mildrediae->Clarkia->Onagraceae->Myrtales->malvids->rosids->Pentapetalae->Gunneridae->eudicotyledons->Mesangiospermae->Magnoliophyta->Spermatophyta->Euphyllophyta->Tracheophyta->Embryophyta->Streptophyta->Chloroplastida->Archaeplastida->Eukaryota->cellular organisms->life" nexsonid "node489209"
pgloadind     taxon mapping OTT ID 169781 taxonomy "Clarkia pulchella->Clarkia->Onagraceae->Myrtales->malvids->rosids->Pentapetalae->Gunneridae->eudicotyledons->Mesangiospermae->Magnoliophyta->Spermatophyta->Euphyllophyta->Tracheophyta->Embryophyta->Streptophyta->Chloroplastida->Archaeplastida->Eukaryota->cellular organisms->life" nexsonid "node489210"
pgloadind     taxon mapping OTT ID 169786 taxonomy "Clarkia affinis->Clarkia->Onagraceae->Myrtales->malvids->rosids->Pentapetalae->Gunneridae->eudicotyledons->Mesangiospermae->Magnoliophyta->Spermatophyta->Euphyllophyta->Tracheophyta->Embryophyta->Streptophyta->Chloroplastida->Archaeplastida->Eukaryota->cellular organisms->life" nexsonid "node489213"
pgloadind     taxon mapping OTT ID 169784 taxonomy "Clarkia imbricata->Clarkia->Onagraceae->Myrtales->malvids->rosids->Pentapetalae->Gunneridae->eudicotyledons->Mesangiospermae->Magnoliophyta->Spermatophyta->Euphyllophyta->Tracheophyta->Embryophyta->Streptophyta->Chloroplastida->Archaeplastida->Eukaryota->cellular organisms->life" nexsonid "node489214"
pgloadind     taxon mapping OTT ID 1015474 taxonomy "Clarkia xantiana->Clarkia->Onagraceae->Myrtales->malvids->rosids->Pentapetalae->Gunneridae->eudicotyledons->Mesangiospermae->Magnoliophyta->Spermatophyta->Euphyllophyta->Tracheophyta->Embryophyta->Streptophyta->Chloroplastida->Archaeplastida->Eukaryota->cellular organisms->life" nexsonid "node489215"
pgloadind     taxon mapping OTT ID 592641 taxonomy "Clarkia rostrata->Clarkia->Onagraceae->Myrtales->malvids->rosids->Pentapetalae->Gunneridae->eudicotyledons->Mesangiospermae->Magnoliophyta->Spermatophyta->Euphyllophyta->Tracheophyta->Embryophyta->Streptophyta->Chloroplastida->Archaeplastida->Eukaryota->cellular organisms->life" nexsonid "node489217"
pgloadind     taxon mapping OTT ID 531141 taxonomy "Clarkia delicata->Clarkia->Onagraceae->Myrtales->malvids->rosids->Pentapetalae->Gunneridae->eudicotyledons->Mesangiospermae->Magnoliophyta->Spermatophyta->Euphyllophyta->Tracheophyta->Embryophyta->Streptophyta->Chloroplastida->Archaeplastida->Eukaryota->cellular organisms->life" nexsonid "node489218"
pgloadind     taxon mapping OTT ID 204852 taxonomy "Clarkia heterandra->Clarkia->Onagraceae->Myrtales->malvids->rosids->Pentapetalae->Gunneridae->eudicotyledons->Mesangiospermae->Magnoliophyta->Spermatophyta->Euphyllophyta->Tracheophyta->Embryophyta->Streptophyta->Chloroplastida->Archaeplastida->Eukaryota->cellular organisms->life" nexsonid "node489219"
pgloadind     taxon mapping OTT ID 277111 taxonomy "Gayophytum heterozygum->Gayophytum->Onagraceae->Myrtales->malvids->rosids->Pentapetalae->Gunneridae->eudicotyledons->Mesangiospermae->Magnoliophyta->Spermatophyta->Euphyllophyta->Tracheophyta->Embryophyta->Streptophyta->Chloroplastida->Archaeplastida->Eukaryota->cellular organisms->life" nexsonid "node489221"
pgloadind     taxon mapping OTT ID 5146484 taxonomy "Chylismiella pterosperma->Chylismiella->Onagraceae->Myrtales->malvids->rosids->Pentapetalae->Gunneridae->eudicotyledons->Mesangiospermae->Magnoliophyta->Spermatophyta->Euphyllophyta->Tracheophyta->Embryophyta->Streptophyta->Chloroplastida->Archaeplastida->Eukaryota->cellular organisms->life" nexsonid "node489222"
pgloadind     taxon mapping OTT ID 5146487 taxonomy "Taraxia ovata->Taraxia->Onagraceae->Myrtales->malvids->rosids->Pentapetalae->Gunneridae->eudicotyledons->Mesangiospermae->Magnoliophyta->Spermatophyta->Euphyllophyta->Tracheophyta->Embryophyta->Streptophyta->Chloroplastida->Archaeplastida->Eukaryota->cellular organisms->life" nexsonid "node489224"
pgloadind     taxon mapping OTT ID 5146489 taxonomy "Taraxia subacaulis->Taraxia->Onagraceae->Myrtales->malvids->rosids->Pentapetalae->Gunneridae->eudicotyledons->Mesangiospermae->Magnoliophyta->Spermatophyta->Euphyllophyta->Tracheophyta->Embryophyta->Streptophyta->Chloroplastida->Archaeplastida->Eukaryota->cellular organisms->life" nexsonid "node489226"
pgloadind     taxon mapping OTT ID 5146488 taxonomy "Taraxia tanacetifolia->Taraxia->Onagraceae->Myrtales->malvids->rosids->Pentapetalae->Gunneridae->eudicotyledons->Mesangiospermae->Magnoliophyta->Spermatophyta->Euphyllophyta->Tracheophyta->Embryophyta->Streptophyta->Chloroplastida->Archaeplastida->Eukaryota->cellular organisms->life" nexsonid "node489227"
pgloadind     taxon mapping OTT ID 5146502 taxonomy "Camissoniopsis cheiranthifolia->Camissoniopsis->Onagraceae->Myrtales->malvids->rosids->Pentapetalae->Gunneridae->eudicotyledons->Mesangiospermae->Magnoliophyta->Spermatophyta->Euphyllophyta->Tracheophyta->Embryophyta->Streptophyta->Chloroplastida->Archaeplastida->Eukaryota->cellular organisms->life" nexsonid "node489230"
pgloadind     taxon mapping OTT ID 5146493 taxonomy "Tetrapteron graciliflorum->Tetrapteron->Onagraceae->Myrtales->malvids->rosids->Pentapetalae->Gunneridae->eudicotyledons->Mesangiospermae->Magnoliophyta->Spermatophyta->Euphyllophyta->Tracheophyta->Embryophyta->Streptophyta->Chloroplastida->Archaeplastida->Eukaryota->cellular organisms->life" nexsonid "node489231"
pgloadind     taxon mapping OTT ID 4729220 taxonomy "Neoholmgrenia andina->Neoholmgrenia->Onagraceae->Myrtales->malvids->rosids->Pentapetalae->Gunneridae->eudicotyledons->Mesangiospermae->Magnoliophyta->Spermatophyta->Euphyllophyta->Tracheophyta->Embryophyta->Streptophyta->Chloroplastida->Archaeplastida->Eukaryota->cellular organisms->life" nexsonid "node489232"
pgloadind     taxon mapping OTT ID 5146499 taxonomy "Eremothera minor->Eremothera->Onagraceae->Myrtales->malvids->rosids->Pentapetalae->Gunneridae->eudicotyledons->Mesangiospermae->Magnoliophyta->Spermatophyta->Euphyllophyta->Tracheophyta->Embryophyta->Streptophyta->Chloroplastida->Archaeplastida->Eukaryota->cellular organisms->life" nexsonid "node489237"
pgloadind     taxon mapping OTT ID 5146498 taxonomy "Eremothera boothii->Eremothera->Onagraceae->Myrtales->malvids->rosids->Pentapetalae->Gunneridae->eudicotyledons->Mesangiospermae->Magnoliophyta->Spermatophyta->Euphyllophyta->Tracheophyta->Embryophyta->Streptophyta->Chloroplastida->Archaeplastida->Eukaryota->cellular organisms->life" nexsonid "node489238"
pgloadind     taxon mapping OTT ID 5146497 taxonomy "Eremothera nevadensis->Eremothera->Onagraceae->Myrtales->malvids->rosids->Pentapetalae->Gunneridae->eudicotyledons->Mesangiospermae->Magnoliophyta->Spermatophyta->Euphyllophyta->Tracheophyta->Embryophyta->Streptophyta->Chloroplastida->Archaeplastida->Eukaryota->cellular organisms->life" nexsonid "node489239"
pgloadind     taxon mapping OTT ID 5146500 taxonomy "Eremothera refracta->Eremothera->Onagraceae->Myrtales->malvids->rosids->Pentapetalae->Gunneridae->eudicotyledons->Mesangiospermae->Magnoliophyta->Spermatophyta->Euphyllophyta->Tracheophyta->Embryophyta->Streptophyta->Chloroplastida->Archaeplastida->Eukaryota->cellular organisms->life" nexsonid "node489240"
pgloadind     taxon mapping OTT ID 795034 taxonomy "Camissonia kernensis->Camissonia->Onagraceae->Myrtales->malvids->rosids->Pentapetalae->Gunneridae->eudicotyledons->Mesangiospermae->Magnoliophyta->Spermatophyta->Euphyllophyta->Tracheophyta->Embryophyta->Streptophyta->Chloroplastida->Archaeplastida->Eukaryota->cellular organisms->life" nexsonid "node489242"
pgloadind     taxon mapping OTT ID 795038 taxonomy "Camissonia campestris->Camissonia->Onagraceae->Myrtales->malvids->rosids->Pentapetalae->Gunneridae->eudicotyledons->Mesangiospermae->Magnoliophyta->Spermatophyta->Euphyllophyta->Tracheophyta->Embryophyta->Streptophyta->Chloroplastida->Archaeplastida->Eukaryota->cellular organisms->life" nexsonid "node489243"
pgloadind     taxon mapping OTT ID 795037 taxonomy "Eulobus crassifolius->Eulobus->Onagraceae->Myrtales->malvids->rosids->Pentapetalae->Gunneridae->eudicotyledons->Mesangiospermae->Magnoliophyta->Spermatophyta->Euphyllophyta->Tracheophyta->Embryophyta->Streptophyta->Chloroplastida->Archaeplastida->Eukaryota->cellular organisms->life" nexsonid "node489246"
pgloadind     taxon mapping OTT ID 5146491 taxonomy "Eulobus californicus->Eulobus->Onagraceae->Myrtales->malvids->rosids->Pentapetalae->Gunneridae->eudicotyledons->Mesangiospermae->Magnoliophyta->Spermatophyta->Euphyllophyta->Tracheophyta->Embryophyta->Streptophyta->Chloroplastida->Archaeplastida->Eukaryota->cellular organisms->life" nexsonid "node489247"
pgloadind     taxon mapping OTT ID 5146418 taxonomy "Chylismia claviformis->Chylismia->Onagraceae->Myrtales->malvids->rosids->Pentapetalae->Gunneridae->eudicotyledons->Mesangiospermae->Magnoliophyta->Spermatophyta->Euphyllophyta->Tracheophyta->Embryophyta->Streptophyta->Chloroplastida->Archaeplastida->Eukaryota->cellular organisms->life" nexsonid "node489250"
pgloadind     taxon mapping OTT ID 33882 taxonomy "Chylismia arenaria->Chylismia->Onagraceae->Myrtales->malvids->rosids->Pentapetalae->Gunneridae->eudicotyledons->Mesangiospermae->Magnoliophyta->Spermatophyta->Euphyllophyta->Tracheophyta->Embryophyta->Streptophyta->Chloroplastida->Archaeplastida->Eukaryota->cellular organisms->life" nexsonid "node489251"
pgloadind     taxon mapping OTT ID 438943 taxonomy "Oenothera organensis->Oenothera->Onagraceae->Myrtales->malvids->rosids->Pentapetalae->Gunneridae->eudicotyledons->Mesangiospermae->Magnoliophyta->Spermatophyta->Euphyllophyta->Tracheophyta->Embryophyta->Streptophyta->Chloroplastida->Archaeplastida->Eukaryota->cellular organisms->life" nexsonid "node489258"
pgloadind     taxon mapping OTT ID 1012550 taxonomy "Oenothera affinis->Oenothera->Onagraceae->Myrtales->malvids->rosids->Pentapetalae->Gunneridae->eudicotyledons->Mesangiospermae->Magnoliophyta->Spermatophyta->Euphyllophyta->Tracheophyta->Embryophyta->Streptophyta->Chloroplastida->Archaeplastida->Eukaryota->cellular organisms->life" nexsonid "node489259"
pgloadind     taxon mapping OTT ID 486600 taxonomy "Oenothera stubbei->Oenothera->Onagraceae->Myrtales->malvids->rosids->Pentapetalae->Gunneridae->eudicotyledons->Mesangiospermae->Magnoliophyta->Spermatophyta->Euphyllophyta->Tracheophyta->Embryophyta->Streptophyta->Chloroplastida->Archaeplastida->Eukaryota->cellular organisms->life" nexsonid "node489261"
pgloadind     taxon mapping OTT ID 999386 taxonomy "Oenothera maysillesii->Oenothera->Onagraceae->Myrtales->malvids->rosids->Pentapetalae->Gunneridae->eudicotyledons->Mesangiospermae->Magnoliophyta->Spermatophyta->Euphyllophyta->Tracheophyta->Embryophyta->Streptophyta->Chloroplastida->Archaeplastida->Eukaryota->cellular organisms->life" nexsonid "node489262"
pgloadind     taxon mapping OTT ID 486590 taxonomy "Oenothera macrosceles->Oenothera->Onagraceae->Myrtales->malvids->rosids->Pentapetalae->Gunneridae->eudicotyledons->Mesangiospermae->Magnoliophyta->Spermatophyta->Euphyllophyta->Tracheophyta->Embryophyta->Streptophyta->Chloroplastida->Archaeplastida->Eukaryota->cellular organisms->life" nexsonid "node489263"
pgloadind     taxon mapping OTT ID 438941 taxonomy "Oenothera biennis->Oenothera->Onagraceae->Myrtales->malvids->rosids->Pentapetalae->Gunneridae->eudicotyledons->Mesangiospermae->Magnoliophyta->Spermatophyta->Euphyllophyta->Tracheophyta->Embryophyta->Streptophyta->Chloroplastida->Archaeplastida->Eukaryota->cellular organisms->life" nexsonid "node489266"
pgloadind     taxon mapping OTT ID 536540 taxonomy "Oenothera elata->Oenothera->Onagraceae->Myrtales->malvids->rosids->Pentapetalae->Gunneridae->eudicotyledons->Mesangiospermae->Magnoliophyta->Spermatophyta->Euphyllophyta->Tracheophyta->Embryophyta->Streptophyta->Chloroplastida->Archaeplastida->Eukaryota->cellular organisms->life" nexsonid "node489267"
pgloadind     taxon mapping OTT ID 1012558 taxonomy "Oenothera heterophylla->Oenothera->Onagraceae->Myrtales->malvids->rosids->Pentapetalae->Gunneridae->eudicotyledons->Mesangiospermae->Magnoliophyta->Spermatophyta->Euphyllophyta->Tracheophyta->Embryophyta->Streptophyta->Chloroplastida->Archaeplastida->Eukaryota->cellular organisms->life" nexsonid "node489268"
pgloadind     taxon mapping OTT ID 577645 taxonomy "Oenothera laciniata->Oenothera->Onagraceae->Myrtales->malvids->rosids->Pentapetalae->Gunneridae->eudicotyledons->Mesangiospermae->Magnoliophyta->Spermatophyta->Euphyllophyta->Tracheophyta->Embryophyta->Streptophyta->Chloroplastida->Archaeplastida->Eukaryota->cellular organisms->life" nexsonid "node489269"
pgloadind     taxon mapping OTT ID 486594 taxonomy "Oenothera pubescens->Oenothera->Onagraceae->Myrtales->malvids->rosids->Pentapetalae->Gunneridae->eudicotyledons->Mesangiospermae->Magnoliophyta->Spermatophyta->Euphyllophyta->Tracheophyta->Embryophyta->Streptophyta->Chloroplastida->Archaeplastida->Eukaryota->cellular organisms->life" nexsonid "node489270"
pgloadind     taxon mapping OTT ID 486595 taxonomy "Oenothera pallida->Oenothera->Onagraceae->Myrtales->malvids->rosids->Pentapetalae->Gunneridae->eudicotyledons->Mesangiospermae->Magnoliophyta->Spermatophyta->Euphyllophyta->Tracheophyta->Embryophyta->Streptophyta->Chloroplastida->Archaeplastida->Eukaryota->cellular organisms->life" nexsonid "node489273"
pgloadind     taxon mapping OTT ID 486589 taxonomy "Oenothera neomexicana->Oenothera->Onagraceae->Myrtales->malvids->rosids->Pentapetalae->Gunneridae->eudicotyledons->Mesangiospermae->Magnoliophyta->Spermatophyta->Euphyllophyta->Tracheophyta->Embryophyta->Streptophyta->Chloroplastida->Archaeplastida->Eukaryota->cellular organisms->life" nexsonid "node489274"
pgloadind     taxon mapping OTT ID 577625 taxonomy "Oenothera deltoides->Oenothera->Onagraceae->Myrtales->malvids->rosids->Pentapetalae->Gunneridae->eudicotyledons->Mesangiospermae->Magnoliophyta->Spermatophyta->Euphyllophyta->Tracheophyta->Embryophyta->Streptophyta->Chloroplastida->Archaeplastida->Eukaryota->cellular organisms->life" nexsonid "node489275"
pgloadind     taxon mapping OTT ID 1012549 taxonomy "Oenothera albicaulis->Oenothera->Onagraceae->Myrtales->malvids->rosids->Pentapetalae->Gunneridae->eudicotyledons->Mesangiospermae->Magnoliophyta->Spermatophyta->Euphyllophyta->Tracheophyta->Embryophyta->Streptophyta->Chloroplastida->Archaeplastida->Eukaryota->cellular organisms->life" nexsonid "node489276"
pgloadind     taxon mapping OTT ID 97011 taxonomy "Oenothera tubifera->Oenothera->Onagraceae->Myrtales->malvids->rosids->Pentapetalae->Gunneridae->eudicotyledons->Mesangiospermae->Magnoliophyta->Spermatophyta->Euphyllophyta->Tracheophyta->Embryophyta->Streptophyta->Chloroplastida->Archaeplastida->Eukaryota->cellular organisms->life" nexsonid "node489277"
pgloadind     taxon mapping OTT ID 97013 taxonomy "Oenothera xylocarpa->Oenothera->Onagraceae->Myrtales->malvids->rosids->Pentapetalae->Gunneridae->eudicotyledons->Mesangiospermae->Magnoliophyta->Spermatophyta->Euphyllophyta->Tracheophyta->Embryophyta->Streptophyta->Chloroplastida->Archaeplastida->Eukaryota->cellular organisms->life" nexsonid "node489279"
pgloadind     taxon mapping OTT ID 34231 taxonomy "Oenothera primiveris->Oenothera->Onagraceae->Myrtales->malvids->rosids->Pentapetalae->Gunneridae->eudicotyledons->Mesangiospermae->Magnoliophyta->Spermatophyta->Euphyllophyta->Tracheophyta->Embryophyta->Streptophyta->Chloroplastida->Archaeplastida->Eukaryota->cellular organisms->life" nexsonid "node489280"
pgloadind     taxon mapping OTT ID 1012553 taxonomy "Oenothera caespitosa->Oenothera->Onagraceae->Myrtales->malvids->rosids->Pentapetalae->Gunneridae->eudicotyledons->Mesangiospermae->Magnoliophyta->Spermatophyta->Euphyllophyta->Tracheophyta->Embryophyta->Streptophyta->Chloroplastida->Archaeplastida->Eukaryota->cellular organisms->life" nexsonid "node489283"
pgloadind     taxon mapping OTT ID 486592 taxonomy "Oenothera psammophila->Oenothera->Onagraceae->Myrtales->malvids->rosids->Pentapetalae->Gunneridae->eudicotyledons->Mesangiospermae->Magnoliophyta->Spermatophyta->Euphyllophyta->Tracheophyta->Embryophyta->Streptophyta->Chloroplastida->Archaeplastida->Eukaryota->cellular organisms->life" nexsonid "node489284"
pgloadind     taxon mapping OTT ID 1012554 taxonomy "Oenothera flava->Oenothera->Onagraceae->Myrtales->malvids->rosids->Pentapetalae->Gunneridae->eudicotyledons->Mesangiospermae->Magnoliophyta->Spermatophyta->Euphyllophyta->Tracheophyta->Embryophyta->Streptophyta->Chloroplastida->Archaeplastida->Eukaryota->cellular organisms->life" nexsonid "node489285"
pgloadind     taxon mapping OTT ID 457396 taxonomy "Calylophus berlandieri->Calylophus->Onagraceae->Myrtales->malvids->rosids->Pentapetalae->Gunneridae->eudicotyledons->Mesangiospermae->Magnoliophyta->Spermatophyta->Euphyllophyta->Tracheophyta->Embryophyta->Streptophyta->Chloroplastida->Archaeplastida->Eukaryota->cellular organisms->life" nexsonid "node489287"
pgloadind     taxon mapping OTT ID 749896 taxonomy "Calylophus hartwegii->Calylophus->Onagraceae->Myrtales->malvids->rosids->Pentapetalae->Gunneridae->eudicotyledons->Mesangiospermae->Magnoliophyta->Spermatophyta->Euphyllophyta->Tracheophyta->Embryophyta->Streptophyta->Chloroplastida->Archaeplastida->Eukaryota->cellular organisms->life" nexsonid "node489288"
pgloadind     taxon mapping OTT ID 486599 taxonomy "Oenothera rosea->Oenothera->Onagraceae->Myrtales->malvids->rosids->Pentapetalae->Gunneridae->eudicotyledons->Mesangiospermae->Magnoliophyta->Spermatophyta->Euphyllophyta->Tracheophyta->Embryophyta->Streptophyta->Chloroplastida->Archaeplastida->Eukaryota->cellular organisms->life" nexsonid "node489292"
pgloadind     taxon mapping OTT ID 964811 taxonomy "Oenothera speciosa->Oenothera->Onagraceae->Myrtales->malvids->rosids->Pentapetalae->Gunneridae->eudicotyledons->Mesangiospermae->Magnoliophyta->Spermatophyta->Euphyllophyta->Tracheophyta->Embryophyta->Streptophyta->Chloroplastida->Archaeplastida->Eukaryota->cellular organisms->life" nexsonid "node489293"
pgloadind     taxon mapping OTT ID 1012551 taxonomy "Oenothera canescens->Oenothera->Onagraceae->Myrtales->malvids->rosids->Pentapetalae->Gunneridae->eudicotyledons->Mesangiospermae->Magnoliophyta->Spermatophyta->Euphyllophyta->Tracheophyta->Embryophyta->Streptophyta->Chloroplastida->Archaeplastida->Eukaryota->cellular organisms->life" nexsonid "node489294"
pgloadind     taxon mapping OTT ID 486587 taxonomy "Oenothera multicaulis->Oenothera->Onagraceae->Myrtales->malvids->rosids->Pentapetalae->Gunneridae->eudicotyledons->Mesangiospermae->Magnoliophyta->Spermatophyta->Euphyllophyta->Tracheophyta->Embryophyta->Streptophyta->Chloroplastida->Archaeplastida->Eukaryota->cellular organisms->life" nexsonid "node489297"
pgloadind     taxon mapping OTT ID 97010 taxonomy "Oenothera tetraptera->Oenothera->Onagraceae->Myrtales->malvids->rosids->Pentapetalae->Gunneridae->eudicotyledons->Mesangiospermae->Magnoliophyta->Spermatophyta->Euphyllophyta->Tracheophyta->Embryophyta->Streptophyta->Chloroplastida->Archaeplastida->Eukaryota->cellular organisms->life" nexsonid "node489298"
pgloadind     taxon mapping OTT ID 1012559 taxonomy "Oenothera havardii->Oenothera->Onagraceae->Myrtales->malvids->rosids->Pentapetalae->Gunneridae->eudicotyledons->Mesangiospermae->Magnoliophyta->Spermatophyta->Euphyllophyta->Tracheophyta->Embryophyta->Streptophyta->Chloroplastida->Archaeplastida->Eukaryota->cellular organisms->life" nexsonid "node489301"
pgloadind     taxon mapping OTT ID 577643 taxonomy "Oenothera linifolia->Oenothera->Onagraceae->Myrtales->malvids->rosids->Pentapetalae->Gunneridae->eudicotyledons->Mesangiospermae->Magnoliophyta->Spermatophyta->Euphyllophyta->Tracheophyta->Embryophyta->Streptophyta->Chloroplastida->Archaeplastida->Eukaryota->cellular organisms->life" nexsonid "node489302"
pgloadind     taxon mapping OTT ID 800558 taxonomy "Oenothera brachycarpa->Oenothera->Onagraceae->Myrtales->malvids->rosids->Pentapetalae->Gunneridae->eudicotyledons->Mesangiospermae->Magnoliophyta->Spermatophyta->Euphyllophyta->Tracheophyta->Embryophyta->Streptophyta->Chloroplastida->Archaeplastida->Eukaryota->cellular organisms->life" nexsonid "node489304"
pgloadind     taxon mapping OTT ID 800557 taxonomy "Oenothera fruticosa->Oenothera->Onagraceae->Myrtales->malvids->rosids->Pentapetalae->Gunneridae->eudicotyledons->Mesangiospermae->Magnoliophyta->Spermatophyta->Euphyllophyta->Tracheophyta->Embryophyta->Streptophyta->Chloroplastida->Archaeplastida->Eukaryota->cellular organisms->life" nexsonid "node489306"
pgloadind     taxon mapping OTT ID 277110 taxonomy "Gaura mutabilis->Gaura->Onagraceae->Myrtales->malvids->rosids->Pentapetalae->Gunneridae->eudicotyledons->Mesangiospermae->Magnoliophyta->Spermatophyta->Euphyllophyta->Tracheophyta->Embryophyta->Streptophyta->Chloroplastida->Archaeplastida->Eukaryota->cellular organisms->life" nexsonid "node489308"
pgloadind     taxon mapping OTT ID 777968 taxonomy "Gaura parviflora->Gaura->Onagraceae->Myrtales->malvids->rosids->Pentapetalae->Gunneridae->eudicotyledons->Mesangiospermae->Magnoliophyta->Spermatophyta->Euphyllophyta->Tracheophyta->Embryophyta->Streptophyta->Chloroplastida->Archaeplastida->Eukaryota->cellular organisms->life" nexsonid "node489311"
pgloadind     taxon mapping OTT ID 800555 taxonomy "Stenosiphon linifolius->Stenosiphon->Onagraceae->Myrtales->malvids->rosids->Pentapetalae->Gunneridae->eudicotyledons->Mesangiospermae->Magnoliophyta->Spermatophyta->Euphyllophyta->Tracheophyta->Embryophyta->Streptophyta->Chloroplastida->Archaeplastida->Eukaryota->cellular organisms->life" nexsonid "node489312"
pgloadind     taxon mapping OTT ID 777952 taxonomy "Gaura macrocarpa->Gaura->Onagraceae->Myrtales->malvids->rosids->Pentapetalae->Gunneridae->eudicotyledons->Mesangiospermae->Magnoliophyta->Spermatophyta->Euphyllophyta->Tracheophyta->Embryophyta->Streptophyta->Chloroplastida->Archaeplastida->Eukaryota->cellular organisms->life" nexsonid "node489313"
pgloadind     taxon mapping OTT ID 169779 taxonomy "Gaura boquillensis->Gaura->Onagraceae->Myrtales->malvids->rosids->Pentapetalae->Gunneridae->eudicotyledons->Mesangiospermae->Magnoliophyta->Spermatophyta->Euphyllophyta->Tracheophyta->Embryophyta->Streptophyta->Chloroplastida->Archaeplastida->Eukaryota->cellular organisms->life" nexsonid "node489314"
pgloadind     taxon mapping OTT ID 777923 taxonomy "Gaura hexandra subsp. hexandra->Gaura hexandra->Gaura->Onagraceae->Myrtales->malvids->rosids->Pentapetalae->Gunneridae->eudicotyledons->Mesangiospermae->Magnoliophyta->Spermatophyta->Euphyllophyta->Tracheophyta->Embryophyta->Streptophyta->Chloroplastida->Archaeplastida->Eukaryota->cellular organisms->life" nexsonid "node489318"
pgloadind     taxon mapping OTT ID 1007978 taxonomy "Gaura demareei->Gaura->Onagraceae->Myrtales->malvids->rosids->Pentapetalae->Gunneridae->eudicotyledons->Mesangiospermae->Magnoliophyta->Spermatophyta->Euphyllophyta->Tracheophyta->Embryophyta->Streptophyta->Chloroplastida->Archaeplastida->Eukaryota->cellular organisms->life" nexsonid "node489319"
pgloadind     taxon mapping OTT ID 169777 taxonomy "Gaura drummondii->Gaura->Onagraceae->Myrtales->malvids->rosids->Pentapetalae->Gunneridae->eudicotyledons->Mesangiospermae->Magnoliophyta->Spermatophyta->Euphyllophyta->Tracheophyta->Embryophyta->Streptophyta->Chloroplastida->Archaeplastida->Eukaryota->cellular organisms->life" nexsonid "node489320"
pgloadind     taxon mapping OTT ID 777922 taxonomy "Gaura hexandra subsp. gracilis->Gaura hexandra->Gaura->Onagraceae->Myrtales->malvids->rosids->Pentapetalae->Gunneridae->eudicotyledons->Mesangiospermae->Magnoliophyta->Spermatophyta->Euphyllophyta->Tracheophyta->Embryophyta->Streptophyta->Chloroplastida->Archaeplastida->Eukaryota->cellular organisms->life" nexsonid "node489321"
pgloadind     taxon mapping OTT ID 777996 taxonomy "Gaura villosa->Gaura->Onagraceae->Myrtales->malvids->rosids->Pentapetalae->Gunneridae->eudicotyledons->Mesangiospermae->Magnoliophyta->Spermatophyta->Euphyllophyta->Tracheophyta->Embryophyta->Streptophyta->Chloroplastida->Archaeplastida->Eukaryota->cellular organisms->life" nexsonid "node489322"
done fixing name
pgloadind Finished with attempts to fix names
pgloadind   Checking for uniqueness of OTT IDs tree id "1816"
pgloadind   Adding tree to graph tree id "1816"
all trees have all taxa: false
	using bipartition technique
attempting to remap tips to deepest exemplified taxa
	Neoholmgrenia andina was remapped to 'Neoholmgrenia' (id=2812524)
	Camissoniopsis cheiranthifolia was remapped to 'Camissoniopsis' (id=2812348)
	Chylismiella pterosperma was remapped to 'Chylismiella' (id=2812344)
	Xylonagra arborea was remapped to 'Xylonagra' (id=2812496)
	Chamerion angustifolium was remapped to 'Chamerion' (id=2812161)
	Stenosiphon linifolius was remapped to 'Stenosiphon' (id=2812498)
	Gayophytum heterozygum was remapped to 'Gayophytum' (id=2812505)
	Tetrapteron graciliflorum was remapped to 'Tetrapteron' (id=2812380)
this is the ROOT
placing root in index
Dealing with metadata property: id
Dealing with metadata property: ot:studyPublicationReference
Adding property 'ot:studyPublicationReference': Levin R., Wagner W., Hoch P., Hahn W., Rodriguez A., Baum D., Katinas L., Zimmer E., & Sytsma K. 2003. Paraphyly in tribe Onagreae: Insights into phylogenetic relationships of Onagraceae based on nuclear and chloroplast sequence data. Systematic Botany, 29(1): 147-164.
Dealing with metadata property: ot:studyYear
Adding property 'ot:studyYear': 2003
Dealing with metadata property: ot:inGroupClade
Adding property 'ot:inGroupClade': node489195
Dealing with metadata property: ot:curatorName
Adding property 'ot:curatorName': bryan drew
Dealing with metadata property: ot:studyPublication
Adding property 'ot:studyPublication': http://dx.doi.org/10.1600/036364404772974293
Dealing with metadata property: ot:curatedType
Adding property 'ot:curatedType': Fig. 2
Dealing with metadata property: ot:studyId
Adding property 'ot:studyId': 920
Dealing with metadata property: ot:dataDeposit
Adding property 'ot:dataDeposit': http://purl.org/phylo/treebase/phylows/study/TB2:S1046
Committing nodes: 128
