loading synthottolid: 691846
loading studytreelist: ['1482_5228', '1812_3667', '1980_6254', '1985_4069', '1986_4070', '1990_6648', '2023_6523', '2058_4241', '2063_4251', '2067_4258', '2114_4379', '2136_4477', '2145_5952', '2149_6486', '2150_4541', '2322_6376', '2324_6377', '2326_4904', '2329_4907', '2330_6378', '2335_6536', '2350_4948', '2353_4952', '2358_4960', '2360_4963', '2371_4985', '2373_6539', '2374_6380', '2376_6540', '2387_6382', '2396_6383', '2399_5042', '2401_6387', '2404_6388', '2407_6390', '2419_6023', '2456_5267', '2461_6655', '2516_6440', '2579_5983', '2579_5984', '2583_5989', '2616_6485', '2619_6131', '2647_6169', '2658_6192', '2797_6493', '2799_6500', '2800_6502', '2801_6503', '2802_6506', '2803_6508', '2804_6511', '2809_6521', '2812_6545', '2824_6571', '2867_6658', '2868_6660', '435_5995', '1257_6547', '2061_4246', '2813_6550', '2814_6551', '2815_6555', '2839_6600', '2686_6238', '2407_6390', '2418_6152', '1217_2455', '1482_5228', '1346_2678', '2651_6177']
deleting /home/josephwb/Work/OToL/treemachine/Synthesis/terp.db
copying /home/josephwb/Work/OToL/treemachine/Synthesis/Life.2.6.db to /home/josephwb/Work/OToL/treemachine/Synthesis/terp.db
loading trees
loading nexson 1482_5228 and saving log to metazoa_all_log/1482_5228.log
printing the source 1482_5228 as loaded into /home/josephwb/Work/OToL/treemachine/Synthesis/terp.db into metazoa_all_log/1482_5228.tre
root name:Eumetazoa_641038
mapping compatible nodes for 1482_5228 as loaded into /home/josephwb/Work/OToL/treemachine/Synthesis/terp.db
printing the source information and monophyly 1482_5228 as loaded into /home/josephwb/Work/OToL/treemachine/Synthesis/terp.db into metazoa_all_log/1482_5228.inf_mono
deleting /home/josephwb/Work/OToL/treemachine/Synthesis/terp.db
copying /home/josephwb/Work/OToL/treemachine/Synthesis/Life.2.6.db to /home/josephwb/Work/OToL/treemachine/Synthesis/terp.db
loading trees
loading nexson 1812_3667 and saving log to metazoa_all_log/1812_3667.log
printing the source 1812_3667 as loaded into /home/josephwb/Work/OToL/treemachine/Synthesis/terp.db into metazoa_all_log/1812_3667.tre
root name:Sciuridae_384218
mapping compatible nodes for 1812_3667 as loaded into /home/josephwb/Work/OToL/treemachine/Synthesis/terp.db
printing the source information and monophyly 1812_3667 as loaded into /home/josephwb/Work/OToL/treemachine/Synthesis/terp.db into metazoa_all_log/1812_3667.inf_mono
deleting /home/josephwb/Work/OToL/treemachine/Synthesis/terp.db
copying /home/josephwb/Work/OToL/treemachine/Synthesis/Life.2.6.db to /home/josephwb/Work/OToL/treemachine/Synthesis/terp.db
loading trees
loading nexson 1980_6254 and saving log to metazoa_all_log/1980_6254.log
printing the source 1980_6254 as loaded into /home/josephwb/Work/OToL/treemachine/Synthesis/terp.db into metazoa_all_log/1980_6254.tre
root name:Calcarea_161887
mapping compatible nodes for 1980_6254 as loaded into /home/josephwb/Work/OToL/treemachine/Synthesis/terp.db
printing the source information and monophyly 1980_6254 as loaded into /home/josephwb/Work/OToL/treemachine/Synthesis/terp.db into metazoa_all_log/1980_6254.inf_mono
deleting /home/josephwb/Work/OToL/treemachine/Synthesis/terp.db
copying /home/josephwb/Work/OToL/treemachine/Synthesis/Life.2.6.db to /home/josephwb/Work/OToL/treemachine/Synthesis/terp.db
loading trees
loading nexson 1985_4069 and saving log to metazoa_all_log/1985_4069.log
printing the source 1985_4069 as loaded into /home/josephwb/Work/OToL/treemachine/Synthesis/terp.db into metazoa_all_log/1985_4069.tre
root name:Didelphidae_16069
mapping compatible nodes for 1985_4069 as loaded into /home/josephwb/Work/OToL/treemachine/Synthesis/terp.db
printing the source information and monophyly 1985_4069 as loaded into /home/josephwb/Work/OToL/treemachine/Synthesis/terp.db into metazoa_all_log/1985_4069.inf_mono
deleting /home/josephwb/Work/OToL/treemachine/Synthesis/terp.db
copying /home/josephwb/Work/OToL/treemachine/Synthesis/Life.2.6.db to /home/josephwb/Work/OToL/treemachine/Synthesis/terp.db
loading trees
loading nexson 1986_4070 and saving log to metazoa_all_log/1986_4070.log
printing the source 1986_4070 as loaded into /home/josephwb/Work/OToL/treemachine/Synthesis/terp.db into metazoa_all_log/1986_4070.tre
root name:Hyloidea_535802
mapping compatible nodes for 1986_4070 as loaded into /home/josephwb/Work/OToL/treemachine/Synthesis/terp.db
printing the source information and monophyly 1986_4070 as loaded into /home/josephwb/Work/OToL/treemachine/Synthesis/terp.db into metazoa_all_log/1986_4070.inf_mono
deleting /home/josephwb/Work/OToL/treemachine/Synthesis/terp.db
copying /home/josephwb/Work/OToL/treemachine/Synthesis/Life.2.6.db to /home/josephwb/Work/OToL/treemachine/Synthesis/terp.db
loading trees
loading nexson 1990_6648 and saving log to metazoa_all_log/1990_6648.log
printing the source 1990_6648 as loaded into /home/josephwb/Work/OToL/treemachine/Synthesis/terp.db into metazoa_all_log/1990_6648.tre
root name:Bilateria_117569
mapping compatible nodes for 1990_6648 as loaded into /home/josephwb/Work/OToL/treemachine/Synthesis/terp.db
printing the source information and monophyly 1990_6648 as loaded into /home/josephwb/Work/OToL/treemachine/Synthesis/terp.db into metazoa_all_log/1990_6648.inf_mono
deleting /home/josephwb/Work/OToL/treemachine/Synthesis/terp.db
copying /home/josephwb/Work/OToL/treemachine/Synthesis/Life.2.6.db to /home/josephwb/Work/OToL/treemachine/Synthesis/terp.db
loading trees
loading nexson 2023_6523 and saving log to metazoa_all_log/2023_6523.log
printing the source 2023_6523 as loaded into /home/josephwb/Work/OToL/treemachine/Synthesis/terp.db into metazoa_all_log/2023_6523.tre
root name:Sciurognathi_44559
mapping compatible nodes for 2023_6523 as loaded into /home/josephwb/Work/OToL/treemachine/Synthesis/terp.db
printing the source information and monophyly 2023_6523 as loaded into /home/josephwb/Work/OToL/treemachine/Synthesis/terp.db into metazoa_all_log/2023_6523.inf_mono
deleting /home/josephwb/Work/OToL/treemachine/Synthesis/terp.db
copying /home/josephwb/Work/OToL/treemachine/Synthesis/Life.2.6.db to /home/josephwb/Work/OToL/treemachine/Synthesis/terp.db
loading trees
loading nexson 2058_4241 and saving log to metazoa_all_log/2058_4241.log
printing the source 2058_4241 as loaded into /home/josephwb/Work/OToL/treemachine/Synthesis/terp.db into metazoa_all_log/2058_4241.tre
root name:Crocodylia_195672
mapping compatible nodes for 2058_4241 as loaded into /home/josephwb/Work/OToL/treemachine/Synthesis/terp.db
printing the source information and monophyly 2058_4241 as loaded into /home/josephwb/Work/OToL/treemachine/Synthesis/terp.db into metazoa_all_log/2058_4241.inf_mono
deleting /home/josephwb/Work/OToL/treemachine/Synthesis/terp.db
copying /home/josephwb/Work/OToL/treemachine/Synthesis/Life.2.6.db to /home/josephwb/Work/OToL/treemachine/Synthesis/terp.db
loading trees
loading nexson 2063_4251 and saving log to metazoa_all_log/2063_4251.log
printing the source 2063_4251 as loaded into /home/josephwb/Work/OToL/treemachine/Synthesis/terp.db into metazoa_all_log/2063_4251.tre
root name:Mus_1068778
mapping compatible nodes for 2063_4251 as loaded into /home/josephwb/Work/OToL/treemachine/Synthesis/terp.db
printing the source information and monophyly 2063_4251 as loaded into /home/josephwb/Work/OToL/treemachine/Synthesis/terp.db into metazoa_all_log/2063_4251.inf_mono
deleting /home/josephwb/Work/OToL/treemachine/Synthesis/terp.db
copying /home/josephwb/Work/OToL/treemachine/Synthesis/Life.2.6.db to /home/josephwb/Work/OToL/treemachine/Synthesis/terp.db
loading trees
loading nexson 2067_4258 and saving log to metazoa_all_log/2067_4258.log
printing the source 2067_4258 as loaded into /home/josephwb/Work/OToL/treemachine/Synthesis/terp.db into metazoa_all_log/2067_4258.tre
root name:Boreoeutheria_5334778
mapping compatible nodes for 2067_4258 as loaded into /home/josephwb/Work/OToL/treemachine/Synthesis/terp.db
printing the source information and monophyly 2067_4258 as loaded into /home/josephwb/Work/OToL/treemachine/Synthesis/terp.db into metazoa_all_log/2067_4258.inf_mono
deleting /home/josephwb/Work/OToL/treemachine/Synthesis/terp.db
copying /home/josephwb/Work/OToL/treemachine/Synthesis/Life.2.6.db to /home/josephwb/Work/OToL/treemachine/Synthesis/terp.db
loading trees
loading nexson 2114_4379 and saving log to metazoa_all_log/2114_4379.log
printing the source 2114_4379 as loaded into /home/josephwb/Work/OToL/treemachine/Synthesis/terp.db into metazoa_all_log/2114_4379.tre
root name:Acestrorhynchus_702468
mapping compatible nodes for 2114_4379 as loaded into /home/josephwb/Work/OToL/treemachine/Synthesis/terp.db
printing the source information and monophyly 2114_4379 as loaded into /home/josephwb/Work/OToL/treemachine/Synthesis/terp.db into metazoa_all_log/2114_4379.inf_mono
deleting /home/josephwb/Work/OToL/treemachine/Synthesis/terp.db
copying /home/josephwb/Work/OToL/treemachine/Synthesis/Life.2.6.db to /home/josephwb/Work/OToL/treemachine/Synthesis/terp.db
loading trees
loading nexson 2136_4477 and saving log to metazoa_all_log/2136_4477.log
printing the source 2136_4477 as loaded into /home/josephwb/Work/OToL/treemachine/Synthesis/terp.db into metazoa_all_log/2136_4477.tre
root name:Thomomys_342243
mapping compatible nodes for 2136_4477 as loaded into /home/josephwb/Work/OToL/treemachine/Synthesis/terp.db
printing the source information and monophyly 2136_4477 as loaded into /home/josephwb/Work/OToL/treemachine/Synthesis/terp.db into metazoa_all_log/2136_4477.inf_mono
deleting /home/josephwb/Work/OToL/treemachine/Synthesis/terp.db
copying /home/josephwb/Work/OToL/treemachine/Synthesis/Life.2.6.db to /home/josephwb/Work/OToL/treemachine/Synthesis/terp.db
loading trees
loading nexson 2145_5952 and saving log to metazoa_all_log/2145_5952.log
printing the source 2145_5952 as loaded into /home/josephwb/Work/OToL/treemachine/Synthesis/terp.db into metazoa_all_log/2145_5952.tre
root name:Squamata_35888
mapping compatible nodes for 2145_5952 as loaded into /home/josephwb/Work/OToL/treemachine/Synthesis/terp.db
printing the source information and monophyly 2145_5952 as loaded into /home/josephwb/Work/OToL/treemachine/Synthesis/terp.db into metazoa_all_log/2145_5952.inf_mono
deleting /home/josephwb/Work/OToL/treemachine/Synthesis/terp.db
copying /home/josephwb/Work/OToL/treemachine/Synthesis/Life.2.6.db to /home/josephwb/Work/OToL/treemachine/Synthesis/terp.db
loading trees
loading nexson 2149_6486 and saving log to metazoa_all_log/2149_6486.log
printing the source 2149_6486 as loaded into /home/josephwb/Work/OToL/treemachine/Synthesis/terp.db into metazoa_all_log/2149_6486.tre
root name:Sceloporus_608984
mapping compatible nodes for 2149_6486 as loaded into /home/josephwb/Work/OToL/treemachine/Synthesis/terp.db
printing the source information and monophyly 2149_6486 as loaded into /home/josephwb/Work/OToL/treemachine/Synthesis/terp.db into metazoa_all_log/2149_6486.inf_mono
deleting /home/josephwb/Work/OToL/treemachine/Synthesis/terp.db
copying /home/josephwb/Work/OToL/treemachine/Synthesis/Life.2.6.db to /home/josephwb/Work/OToL/treemachine/Synthesis/terp.db
loading trees
loading nexson 2150_4541 and saving log to metazoa_all_log/2150_4541.log
printing the source 2150_4541 as loaded into /home/josephwb/Work/OToL/treemachine/Synthesis/terp.db into metazoa_all_log/2150_4541.tre
root name:Colletinae_621529
mapping compatible nodes for 2150_4541 as loaded into /home/josephwb/Work/OToL/treemachine/Synthesis/terp.db
printing the source information and monophyly 2150_4541 as loaded into /home/josephwb/Work/OToL/treemachine/Synthesis/terp.db into metazoa_all_log/2150_4541.inf_mono
deleting /home/josephwb/Work/OToL/treemachine/Synthesis/terp.db
copying /home/josephwb/Work/OToL/treemachine/Synthesis/Life.2.6.db to /home/josephwb/Work/OToL/treemachine/Synthesis/terp.db
loading trees
loading nexson 2322_6376 and saving log to metazoa_all_log/2322_6376.log
printing the source 2322_6376 as loaded into /home/josephwb/Work/OToL/treemachine/Synthesis/terp.db into metazoa_all_log/2322_6376.tre
root name:Grania_615279
mapping compatible nodes for 2322_6376 as loaded into /home/josephwb/Work/OToL/treemachine/Synthesis/terp.db
printing the source information and monophyly 2322_6376 as loaded into /home/josephwb/Work/OToL/treemachine/Synthesis/terp.db into metazoa_all_log/2322_6376.inf_mono
deleting /home/josephwb/Work/OToL/treemachine/Synthesis/terp.db
copying /home/josephwb/Work/OToL/treemachine/Synthesis/Life.2.6.db to /home/josephwb/Work/OToL/treemachine/Synthesis/terp.db
loading trees
loading nexson 2324_6377 and saving log to metazoa_all_log/2324_6377.log
printing the source 2324_6377 as loaded into /home/josephwb/Work/OToL/treemachine/Synthesis/terp.db into metazoa_all_log/2324_6377.tre
root name:Pteropus_813030
mapping compatible nodes for 2324_6377 as loaded into /home/josephwb/Work/OToL/treemachine/Synthesis/terp.db
printing the source information and monophyly 2324_6377 as loaded into /home/josephwb/Work/OToL/treemachine/Synthesis/terp.db into metazoa_all_log/2324_6377.inf_mono
deleting /home/josephwb/Work/OToL/treemachine/Synthesis/terp.db
copying /home/josephwb/Work/OToL/treemachine/Synthesis/Life.2.6.db to /home/josephwb/Work/OToL/treemachine/Synthesis/terp.db
loading trees
loading nexson 2326_4904 and saving log to metazoa_all_log/2326_4904.log
printing the source 2326_4904 as loaded into /home/josephwb/Work/OToL/treemachine/Synthesis/terp.db into metazoa_all_log/2326_4904.tre
root name:Brachymeles_71367
mapping compatible nodes for 2326_4904 as loaded into /home/josephwb/Work/OToL/treemachine/Synthesis/terp.db
printing the source information and monophyly 2326_4904 as loaded into /home/josephwb/Work/OToL/treemachine/Synthesis/terp.db into metazoa_all_log/2326_4904.inf_mono
deleting /home/josephwb/Work/OToL/treemachine/Synthesis/terp.db
copying /home/josephwb/Work/OToL/treemachine/Synthesis/Life.2.6.db to /home/josephwb/Work/OToL/treemachine/Synthesis/terp.db
loading trees
loading nexson 2329_4907 and saving log to metazoa_all_log/2329_4907.log
printing the source 2329_4907 as loaded into /home/josephwb/Work/OToL/treemachine/Synthesis/terp.db into metazoa_all_log/2329_4907.tre
root name:Lepus_864610
mapping compatible nodes for 2329_4907 as loaded into /home/josephwb/Work/OToL/treemachine/Synthesis/terp.db
printing the source information and monophyly 2329_4907 as loaded into /home/josephwb/Work/OToL/treemachine/Synthesis/terp.db into metazoa_all_log/2329_4907.inf_mono
deleting /home/josephwb/Work/OToL/treemachine/Synthesis/terp.db
copying /home/josephwb/Work/OToL/treemachine/Synthesis/Life.2.6.db to /home/josephwb/Work/OToL/treemachine/Synthesis/terp.db
loading trees
loading nexson 2330_6378 and saving log to metazoa_all_log/2330_6378.log
printing the source 2330_6378 as loaded into /home/josephwb/Work/OToL/treemachine/Synthesis/terp.db into metazoa_all_log/2330_6378.tre
root name:Brachymeles_71367
mapping compatible nodes for 2330_6378 as loaded into /home/josephwb/Work/OToL/treemachine/Synthesis/terp.db
printing the source information and monophyly 2330_6378 as loaded into /home/josephwb/Work/OToL/treemachine/Synthesis/terp.db into metazoa_all_log/2330_6378.inf_mono
deleting /home/josephwb/Work/OToL/treemachine/Synthesis/terp.db
copying /home/josephwb/Work/OToL/treemachine/Synthesis/Life.2.6.db to /home/josephwb/Work/OToL/treemachine/Synthesis/terp.db
loading trees
loading nexson 2335_6536 and saving log to metazoa_all_log/2335_6536.log
printing the source 2335_6536 as loaded into /home/josephwb/Work/OToL/treemachine/Synthesis/terp.db into metazoa_all_log/2335_6536.tre
root name:Oplurus_160831
mapping compatible nodes for 2335_6536 as loaded into /home/josephwb/Work/OToL/treemachine/Synthesis/terp.db
printing the source information and monophyly 2335_6536 as loaded into /home/josephwb/Work/OToL/treemachine/Synthesis/terp.db into metazoa_all_log/2335_6536.inf_mono
deleting /home/josephwb/Work/OToL/treemachine/Synthesis/terp.db
copying /home/josephwb/Work/OToL/treemachine/Synthesis/Life.2.6.db to /home/josephwb/Work/OToL/treemachine/Synthesis/terp.db
loading trees
loading nexson 2350_4948 and saving log to metazoa_all_log/2350_4948.log
printing the source 2350_4948 as loaded into /home/josephwb/Work/OToL/treemachine/Synthesis/terp.db into metazoa_all_log/2350_4948.tre
root name:Galaxiella_516950
mapping compatible nodes for 2350_4948 as loaded into /home/josephwb/Work/OToL/treemachine/Synthesis/terp.db
printing the source information and monophyly 2350_4948 as loaded into /home/josephwb/Work/OToL/treemachine/Synthesis/terp.db into metazoa_all_log/2350_4948.inf_mono
deleting /home/josephwb/Work/OToL/treemachine/Synthesis/terp.db
copying /home/josephwb/Work/OToL/treemachine/Synthesis/Life.2.6.db to /home/josephwb/Work/OToL/treemachine/Synthesis/terp.db
loading trees
loading nexson 2353_4952 and saving log to metazoa_all_log/2353_4952.log
printing the source 2353_4952 as loaded into /home/josephwb/Work/OToL/treemachine/Synthesis/terp.db into metazoa_all_log/2353_4952.tre
root name:Satanoperca_399513
mapping compatible nodes for 2353_4952 as loaded into /home/josephwb/Work/OToL/treemachine/Synthesis/terp.db
printing the source information and monophyly 2353_4952 as loaded into /home/josephwb/Work/OToL/treemachine/Synthesis/terp.db into metazoa_all_log/2353_4952.inf_mono
deleting /home/josephwb/Work/OToL/treemachine/Synthesis/terp.db
copying /home/josephwb/Work/OToL/treemachine/Synthesis/Life.2.6.db to /home/josephwb/Work/OToL/treemachine/Synthesis/terp.db
loading trees
loading nexson 2358_4960 and saving log to metazoa_all_log/2358_4960.log
printing the source 2358_4960 as loaded into /home/josephwb/Work/OToL/treemachine/Synthesis/terp.db into metazoa_all_log/2358_4960.tre
root name:Nylanderia_726789
mapping compatible nodes for 2358_4960 as loaded into /home/josephwb/Work/OToL/treemachine/Synthesis/terp.db
printing the source information and monophyly 2358_4960 as loaded into /home/josephwb/Work/OToL/treemachine/Synthesis/terp.db into metazoa_all_log/2358_4960.inf_mono
deleting /home/josephwb/Work/OToL/treemachine/Synthesis/terp.db
copying /home/josephwb/Work/OToL/treemachine/Synthesis/Life.2.6.db to /home/josephwb/Work/OToL/treemachine/Synthesis/terp.db
loading trees
loading nexson 2360_4963 and saving log to metazoa_all_log/2360_4963.log
printing the source 2360_4963 as loaded into /home/josephwb/Work/OToL/treemachine/Synthesis/terp.db into metazoa_all_log/2360_4963.tre
root name:Dysaphis_733405
mapping compatible nodes for 2360_4963 as loaded into /home/josephwb/Work/OToL/treemachine/Synthesis/terp.db
printing the source information and monophyly 2360_4963 as loaded into /home/josephwb/Work/OToL/treemachine/Synthesis/terp.db into metazoa_all_log/2360_4963.inf_mono
deleting /home/josephwb/Work/OToL/treemachine/Synthesis/terp.db
copying /home/josephwb/Work/OToL/treemachine/Synthesis/Life.2.6.db to /home/josephwb/Work/OToL/treemachine/Synthesis/terp.db
loading trees
loading nexson 2371_4985 and saving log to metazoa_all_log/2371_4985.log
printing the source 2371_4985 as loaded into /home/josephwb/Work/OToL/treemachine/Synthesis/terp.db into metazoa_all_log/2371_4985.tre
root name:Scolopacidae_887699
mapping compatible nodes for 2371_4985 as loaded into /home/josephwb/Work/OToL/treemachine/Synthesis/terp.db
printing the source information and monophyly 2371_4985 as loaded into /home/josephwb/Work/OToL/treemachine/Synthesis/terp.db into metazoa_all_log/2371_4985.inf_mono
deleting /home/josephwb/Work/OToL/treemachine/Synthesis/terp.db
copying /home/josephwb/Work/OToL/treemachine/Synthesis/Life.2.6.db to /home/josephwb/Work/OToL/treemachine/Synthesis/terp.db
loading trees
loading nexson 2373_6539 and saving log to metazoa_all_log/2373_6539.log
printing the source 2373_6539 as loaded into /home/josephwb/Work/OToL/treemachine/Synthesis/terp.db into metazoa_all_log/2373_6539.tre
root name:Mollusca_802117
mapping compatible nodes for 2373_6539 as loaded into /home/josephwb/Work/OToL/treemachine/Synthesis/terp.db
printing the source information and monophyly 2373_6539 as loaded into /home/josephwb/Work/OToL/treemachine/Synthesis/terp.db into metazoa_all_log/2373_6539.inf_mono
deleting /home/josephwb/Work/OToL/treemachine/Synthesis/terp.db
copying /home/josephwb/Work/OToL/treemachine/Synthesis/Life.2.6.db to /home/josephwb/Work/OToL/treemachine/Synthesis/terp.db
loading trees
loading nexson 2374_6380 and saving log to metazoa_all_log/2374_6380.log
printing the source 2374_6380 as loaded into /home/josephwb/Work/OToL/treemachine/Synthesis/terp.db into metazoa_all_log/2374_6380.tre
root name:Batrachuperus_101275
mapping compatible nodes for 2374_6380 as loaded into /home/josephwb/Work/OToL/treemachine/Synthesis/terp.db
printing the source information and monophyly 2374_6380 as loaded into /home/josephwb/Work/OToL/treemachine/Synthesis/terp.db into metazoa_all_log/2374_6380.inf_mono
deleting /home/josephwb/Work/OToL/treemachine/Synthesis/terp.db
copying /home/josephwb/Work/OToL/treemachine/Synthesis/Life.2.6.db to /home/josephwb/Work/OToL/treemachine/Synthesis/terp.db
loading trees
loading nexson 2376_6540 and saving log to metazoa_all_log/2376_6540.log
printing the source 2376_6540 as loaded into /home/josephwb/Work/OToL/treemachine/Synthesis/terp.db into metazoa_all_log/2376_6540.tre
root name:Sistrurus_755881
mapping compatible nodes for 2376_6540 as loaded into /home/josephwb/Work/OToL/treemachine/Synthesis/terp.db
printing the source information and monophyly 2376_6540 as loaded into /home/josephwb/Work/OToL/treemachine/Synthesis/terp.db into metazoa_all_log/2376_6540.inf_mono
deleting /home/josephwb/Work/OToL/treemachine/Synthesis/terp.db
copying /home/josephwb/Work/OToL/treemachine/Synthesis/Life.2.6.db to /home/josephwb/Work/OToL/treemachine/Synthesis/terp.db
loading trees
loading nexson 2387_6382 and saving log to metazoa_all_log/2387_6382.log
printing the source 2387_6382 as loaded into /home/josephwb/Work/OToL/treemachine/Synthesis/terp.db into metazoa_all_log/2387_6382.tre
root name:Bombus_61351
mapping compatible nodes for 2387_6382 as loaded into /home/josephwb/Work/OToL/treemachine/Synthesis/terp.db
printing the source information and monophyly 2387_6382 as loaded into /home/josephwb/Work/OToL/treemachine/Synthesis/terp.db into metazoa_all_log/2387_6382.inf_mono
deleting /home/josephwb/Work/OToL/treemachine/Synthesis/terp.db
copying /home/josephwb/Work/OToL/treemachine/Synthesis/Life.2.6.db to /home/josephwb/Work/OToL/treemachine/Synthesis/terp.db
loading trees
loading nexson 2396_6383 and saving log to metazoa_all_log/2396_6383.log
printing the source 2396_6383 as loaded into /home/josephwb/Work/OToL/treemachine/Synthesis/terp.db into metazoa_all_log/2396_6383.tre
root name:Bilateria_117569
mapping compatible nodes for 2396_6383 as loaded into /home/josephwb/Work/OToL/treemachine/Synthesis/terp.db
printing the source information and monophyly 2396_6383 as loaded into /home/josephwb/Work/OToL/treemachine/Synthesis/terp.db into metazoa_all_log/2396_6383.inf_mono
deleting /home/josephwb/Work/OToL/treemachine/Synthesis/terp.db
copying /home/josephwb/Work/OToL/treemachine/Synthesis/Life.2.6.db to /home/josephwb/Work/OToL/treemachine/Synthesis/terp.db
loading trees
loading nexson 2399_5042 and saving log to metazoa_all_log/2399_5042.log
printing the source 2399_5042 as loaded into /home/josephwb/Work/OToL/treemachine/Synthesis/terp.db into metazoa_all_log/2399_5042.tre
root name:Trimeresurus_130695
mapping compatible nodes for 2399_5042 as loaded into /home/josephwb/Work/OToL/treemachine/Synthesis/terp.db
printing the source information and monophyly 2399_5042 as loaded into /home/josephwb/Work/OToL/treemachine/Synthesis/terp.db into metazoa_all_log/2399_5042.inf_mono
deleting /home/josephwb/Work/OToL/treemachine/Synthesis/terp.db
copying /home/josephwb/Work/OToL/treemachine/Synthesis/Life.2.6.db to /home/josephwb/Work/OToL/treemachine/Synthesis/terp.db
loading trees
loading nexson 2401_6387 and saving log to metazoa_all_log/2401_6387.log
printing the source 2401_6387 as loaded into /home/josephwb/Work/OToL/treemachine/Synthesis/terp.db into metazoa_all_log/2401_6387.tre
root name:Chiroptera_574724
mapping compatible nodes for 2401_6387 as loaded into /home/josephwb/Work/OToL/treemachine/Synthesis/terp.db
printing the source information and monophyly 2401_6387 as loaded into /home/josephwb/Work/OToL/treemachine/Synthesis/terp.db into metazoa_all_log/2401_6387.inf_mono
deleting /home/josephwb/Work/OToL/treemachine/Synthesis/terp.db
copying /home/josephwb/Work/OToL/treemachine/Synthesis/Life.2.6.db to /home/josephwb/Work/OToL/treemachine/Synthesis/terp.db
loading trees
loading nexson 2404_6388 and saving log to metazoa_all_log/2404_6388.log
printing the source 2404_6388 as loaded into /home/josephwb/Work/OToL/treemachine/Synthesis/terp.db into metazoa_all_log/2404_6388.tre
root name:Passeriformes_1041547
mapping compatible nodes for 2404_6388 as loaded into /home/josephwb/Work/OToL/treemachine/Synthesis/terp.db
printing the source information and monophyly 2404_6388 as loaded into /home/josephwb/Work/OToL/treemachine/Synthesis/terp.db into metazoa_all_log/2404_6388.inf_mono
deleting /home/josephwb/Work/OToL/treemachine/Synthesis/terp.db
copying /home/josephwb/Work/OToL/treemachine/Synthesis/Life.2.6.db to /home/josephwb/Work/OToL/treemachine/Synthesis/terp.db
loading trees
loading nexson 2407_6390 and saving log to metazoa_all_log/2407_6390.log
printing the source 2407_6390 as loaded into /home/josephwb/Work/OToL/treemachine/Synthesis/terp.db into metazoa_all_log/2407_6390.tre
root name:Bilateria_117569
mapping compatible nodes for 2407_6390 as loaded into /home/josephwb/Work/OToL/treemachine/Synthesis/terp.db
printing the source information and monophyly 2407_6390 as loaded into /home/josephwb/Work/OToL/treemachine/Synthesis/terp.db into metazoa_all_log/2407_6390.inf_mono
deleting /home/josephwb/Work/OToL/treemachine/Synthesis/terp.db
copying /home/josephwb/Work/OToL/treemachine/Synthesis/Life.2.6.db to /home/josephwb/Work/OToL/treemachine/Synthesis/terp.db
loading trees
loading nexson 2419_6023 and saving log to metazoa_all_log/2419_6023.log
printing the source 2419_6023 as loaded into /home/josephwb/Work/OToL/treemachine/Synthesis/terp.db into metazoa_all_log/2419_6023.tre
root name:Euteleostomi_114654
mapping compatible nodes for 2419_6023 as loaded into /home/josephwb/Work/OToL/treemachine/Synthesis/terp.db
printing the source information and monophyly 2419_6023 as loaded into /home/josephwb/Work/OToL/treemachine/Synthesis/terp.db into metazoa_all_log/2419_6023.inf_mono
deleting /home/josephwb/Work/OToL/treemachine/Synthesis/terp.db
copying /home/josephwb/Work/OToL/treemachine/Synthesis/Life.2.6.db to /home/josephwb/Work/OToL/treemachine/Synthesis/terp.db
loading trees
loading nexson 2456_5267 and saving log to metazoa_all_log/2456_5267.log
printing the source 2456_5267 as loaded into /home/josephwb/Work/OToL/treemachine/Synthesis/terp.db into metazoa_all_log/2456_5267.tre
root name:Carnivora_44565
mapping compatible nodes for 2456_5267 as loaded into /home/josephwb/Work/OToL/treemachine/Synthesis/terp.db
printing the source information and monophyly 2456_5267 as loaded into /home/josephwb/Work/OToL/treemachine/Synthesis/terp.db into metazoa_all_log/2456_5267.inf_mono
deleting /home/josephwb/Work/OToL/treemachine/Synthesis/terp.db
copying /home/josephwb/Work/OToL/treemachine/Synthesis/Life.2.6.db to /home/josephwb/Work/OToL/treemachine/Synthesis/terp.db
loading trees
loading nexson 2461_6655 and saving log to metazoa_all_log/2461_6655.log
printing the source 2461_6655 as loaded into /home/josephwb/Work/OToL/treemachine/Synthesis/terp.db into metazoa_all_log/2461_6655.tre
root name:Hawaiian_Drosophila_688699
mapping compatible nodes for 2461_6655 as loaded into /home/josephwb/Work/OToL/treemachine/Synthesis/terp.db
printing the source information and monophyly 2461_6655 as loaded into /home/josephwb/Work/OToL/treemachine/Synthesis/terp.db into metazoa_all_log/2461_6655.inf_mono
deleting /home/josephwb/Work/OToL/treemachine/Synthesis/terp.db
copying /home/josephwb/Work/OToL/treemachine/Synthesis/Life.2.6.db to /home/josephwb/Work/OToL/treemachine/Synthesis/terp.db
loading trees
loading nexson 2516_6440 and saving log to metazoa_all_log/2516_6440.log
printing the source 2516_6440 as loaded into /home/josephwb/Work/OToL/treemachine/Synthesis/terp.db into metazoa_all_log/2516_6440.tre
root name:Arthropoda_632179
mapping compatible nodes for 2516_6440 as loaded into /home/josephwb/Work/OToL/treemachine/Synthesis/terp.db
printing the source information and monophyly 2516_6440 as loaded into /home/josephwb/Work/OToL/treemachine/Synthesis/terp.db into metazoa_all_log/2516_6440.inf_mono
deleting /home/josephwb/Work/OToL/treemachine/Synthesis/terp.db
copying /home/josephwb/Work/OToL/treemachine/Synthesis/Life.2.6.db to /home/josephwb/Work/OToL/treemachine/Synthesis/terp.db
loading trees
loading nexson 2579_5983 and saving log to metazoa_all_log/2579_5983.log
printing the source 2579_5983 as loaded into /home/josephwb/Work/OToL/treemachine/Synthesis/terp.db into metazoa_all_log/2579_5983.tre
root name:Primates_913935
mapping compatible nodes for 2579_5983 as loaded into /home/josephwb/Work/OToL/treemachine/Synthesis/terp.db
printing the source information and monophyly 2579_5983 as loaded into /home/josephwb/Work/OToL/treemachine/Synthesis/terp.db into metazoa_all_log/2579_5983.inf_mono
deleting /home/josephwb/Work/OToL/treemachine/Synthesis/terp.db
copying /home/josephwb/Work/OToL/treemachine/Synthesis/Life.2.6.db to /home/josephwb/Work/OToL/treemachine/Synthesis/terp.db
loading trees
loading nexson 2579_5984 and saving log to metazoa_all_log/2579_5984.log
printing the source 2579_5984 as loaded into /home/josephwb/Work/OToL/treemachine/Synthesis/terp.db into metazoa_all_log/2579_5984.tre
root name:Aves_81461
mapping compatible nodes for 2579_5984 as loaded into /home/josephwb/Work/OToL/treemachine/Synthesis/terp.db
printing the source information and monophyly 2579_5984 as loaded into /home/josephwb/Work/OToL/treemachine/Synthesis/terp.db into metazoa_all_log/2579_5984.inf_mono
deleting /home/josephwb/Work/OToL/treemachine/Synthesis/terp.db
copying /home/josephwb/Work/OToL/treemachine/Synthesis/Life.2.6.db to /home/josephwb/Work/OToL/treemachine/Synthesis/terp.db
loading trees
loading nexson 2583_5989 and saving log to metazoa_all_log/2583_5989.log
printing the source 2583_5989 as loaded into /home/josephwb/Work/OToL/treemachine/Synthesis/terp.db into metazoa_all_log/2583_5989.tre
root name:Neognathae_241846
mapping compatible nodes for 2583_5989 as loaded into /home/josephwb/Work/OToL/treemachine/Synthesis/terp.db
printing the source information and monophyly 2583_5989 as loaded into /home/josephwb/Work/OToL/treemachine/Synthesis/terp.db into metazoa_all_log/2583_5989.inf_mono
deleting /home/josephwb/Work/OToL/treemachine/Synthesis/terp.db
copying /home/josephwb/Work/OToL/treemachine/Synthesis/Life.2.6.db to /home/josephwb/Work/OToL/treemachine/Synthesis/terp.db
loading trees
loading nexson 2616_6485 and saving log to metazoa_all_log/2616_6485.log
printing the source 2616_6485 as loaded into /home/josephwb/Work/OToL/treemachine/Synthesis/terp.db into metazoa_all_log/2616_6485.tre
root name:cellular_organisms_93302
mapping compatible nodes for 2616_6485 as loaded into /home/josephwb/Work/OToL/treemachine/Synthesis/terp.db
printing the source information and monophyly 2616_6485 as loaded into /home/josephwb/Work/OToL/treemachine/Synthesis/terp.db into metazoa_all_log/2616_6485.inf_mono
deleting /home/josephwb/Work/OToL/treemachine/Synthesis/terp.db
copying /home/josephwb/Work/OToL/treemachine/Synthesis/Life.2.6.db to /home/josephwb/Work/OToL/treemachine/Synthesis/terp.db
loading trees
loading nexson 2619_6131 and saving log to metazoa_all_log/2619_6131.log
printing the source 2619_6131 as loaded into /home/josephwb/Work/OToL/treemachine/Synthesis/terp.db into metazoa_all_log/2619_6131.tre
root name:Elasmobranchii_278117
mapping compatible nodes for 2619_6131 as loaded into /home/josephwb/Work/OToL/treemachine/Synthesis/terp.db
printing the source information and monophyly 2619_6131 as loaded into /home/josephwb/Work/OToL/treemachine/Synthesis/terp.db into metazoa_all_log/2619_6131.inf_mono
deleting /home/josephwb/Work/OToL/treemachine/Synthesis/terp.db
copying /home/josephwb/Work/OToL/treemachine/Synthesis/Life.2.6.db to /home/josephwb/Work/OToL/treemachine/Synthesis/terp.db
loading trees
loading nexson 2647_6169 and saving log to metazoa_all_log/2647_6169.log
printing the source 2647_6169 as loaded into /home/josephwb/Work/OToL/treemachine/Synthesis/terp.db into metazoa_all_log/2647_6169.tre
root name:Eutheria_683263
mapping compatible nodes for 2647_6169 as loaded into /home/josephwb/Work/OToL/treemachine/Synthesis/terp.db
printing the source information and monophyly 2647_6169 as loaded into /home/josephwb/Work/OToL/treemachine/Synthesis/terp.db into metazoa_all_log/2647_6169.inf_mono
deleting /home/josephwb/Work/OToL/treemachine/Synthesis/terp.db
copying /home/josephwb/Work/OToL/treemachine/Synthesis/Life.2.6.db to /home/josephwb/Work/OToL/treemachine/Synthesis/terp.db
loading trees
loading nexson 2658_6192 and saving log to metazoa_all_log/2658_6192.log
printing the source 2658_6192 as loaded into /home/josephwb/Work/OToL/treemachine/Synthesis/terp.db into metazoa_all_log/2658_6192.tre
root name:Trochilidae_810751
mapping compatible nodes for 2658_6192 as loaded into /home/josephwb/Work/OToL/treemachine/Synthesis/terp.db
printing the source information and monophyly 2658_6192 as loaded into /home/josephwb/Work/OToL/treemachine/Synthesis/terp.db into metazoa_all_log/2658_6192.inf_mono
deleting /home/josephwb/Work/OToL/treemachine/Synthesis/terp.db
copying /home/josephwb/Work/OToL/treemachine/Synthesis/Life.2.6.db to /home/josephwb/Work/OToL/treemachine/Synthesis/terp.db
loading trees
loading nexson 2797_6493 and saving log to metazoa_all_log/2797_6493.log
printing the source 2797_6493 as loaded into /home/josephwb/Work/OToL/treemachine/Synthesis/terp.db into metazoa_all_log/2797_6493.tre
root name:Neognathae_241846
mapping compatible nodes for 2797_6493 as loaded into /home/josephwb/Work/OToL/treemachine/Synthesis/terp.db
printing the source information and monophyly 2797_6493 as loaded into /home/josephwb/Work/OToL/treemachine/Synthesis/terp.db into metazoa_all_log/2797_6493.inf_mono
deleting /home/josephwb/Work/OToL/treemachine/Synthesis/terp.db
copying /home/josephwb/Work/OToL/treemachine/Synthesis/Life.2.6.db to /home/josephwb/Work/OToL/treemachine/Synthesis/terp.db
loading trees
loading nexson 2799_6500 and saving log to metazoa_all_log/2799_6500.log
printing the source 2799_6500 as loaded into /home/josephwb/Work/OToL/treemachine/Synthesis/terp.db into metazoa_all_log/2799_6500.tre
root name:Aves_81461
mapping compatible nodes for 2799_6500 as loaded into /home/josephwb/Work/OToL/treemachine/Synthesis/terp.db
printing the source information and monophyly 2799_6500 as loaded into /home/josephwb/Work/OToL/treemachine/Synthesis/terp.db into metazoa_all_log/2799_6500.inf_mono
deleting /home/josephwb/Work/OToL/treemachine/Synthesis/terp.db
copying /home/josephwb/Work/OToL/treemachine/Synthesis/Life.2.6.db to /home/josephwb/Work/OToL/treemachine/Synthesis/terp.db
loading trees
loading nexson 2800_6502 and saving log to metazoa_all_log/2800_6502.log
printing the source 2800_6502 as loaded into /home/josephwb/Work/OToL/treemachine/Synthesis/terp.db into metazoa_all_log/2800_6502.tre
root name:Palaeognathae_81443
mapping compatible nodes for 2800_6502 as loaded into /home/josephwb/Work/OToL/treemachine/Synthesis/terp.db
printing the source information and monophyly 2800_6502 as loaded into /home/josephwb/Work/OToL/treemachine/Synthesis/terp.db into metazoa_all_log/2800_6502.inf_mono
deleting /home/josephwb/Work/OToL/treemachine/Synthesis/terp.db
copying /home/josephwb/Work/OToL/treemachine/Synthesis/Life.2.6.db to /home/josephwb/Work/OToL/treemachine/Synthesis/terp.db
loading trees
loading nexson 2801_6503 and saving log to metazoa_all_log/2801_6503.log
printing the source 2801_6503 as loaded into /home/josephwb/Work/OToL/treemachine/Synthesis/terp.db into metazoa_all_log/2801_6503.tre
root name:Galliformes_837585
mapping compatible nodes for 2801_6503 as loaded into /home/josephwb/Work/OToL/treemachine/Synthesis/terp.db
printing the source information and monophyly 2801_6503 as loaded into /home/josephwb/Work/OToL/treemachine/Synthesis/terp.db into metazoa_all_log/2801_6503.inf_mono
deleting /home/josephwb/Work/OToL/treemachine/Synthesis/terp.db
copying /home/josephwb/Work/OToL/treemachine/Synthesis/Life.2.6.db to /home/josephwb/Work/OToL/treemachine/Synthesis/terp.db
loading trees
loading nexson 2802_6506 and saving log to metazoa_all_log/2802_6506.log
printing the source 2802_6506 as loaded into /home/josephwb/Work/OToL/treemachine/Synthesis/terp.db into metazoa_all_log/2802_6506.tre
root name:Galliformes_837585
mapping compatible nodes for 2802_6506 as loaded into /home/josephwb/Work/OToL/treemachine/Synthesis/terp.db
printing the source information and monophyly 2802_6506 as loaded into /home/josephwb/Work/OToL/treemachine/Synthesis/terp.db into metazoa_all_log/2802_6506.inf_mono
deleting /home/josephwb/Work/OToL/treemachine/Synthesis/terp.db
copying /home/josephwb/Work/OToL/treemachine/Synthesis/Life.2.6.db to /home/josephwb/Work/OToL/treemachine/Synthesis/terp.db
loading trees
loading nexson 2803_6508 and saving log to metazoa_all_log/2803_6508.log
printing the source 2803_6508 as loaded into /home/josephwb/Work/OToL/treemachine/Synthesis/terp.db into metazoa_all_log/2803_6508.tre
root name:Galliformes_837585
mapping compatible nodes for 2803_6508 as loaded into /home/josephwb/Work/OToL/treemachine/Synthesis/terp.db
printing the source information and monophyly 2803_6508 as loaded into /home/josephwb/Work/OToL/treemachine/Synthesis/terp.db into metazoa_all_log/2803_6508.inf_mono
deleting /home/josephwb/Work/OToL/treemachine/Synthesis/terp.db
copying /home/josephwb/Work/OToL/treemachine/Synthesis/Life.2.6.db to /home/josephwb/Work/OToL/treemachine/Synthesis/terp.db
loading trees
loading nexson 2804_6511 and saving log to metazoa_all_log/2804_6511.log
printing the source 2804_6511 as loaded into /home/josephwb/Work/OToL/treemachine/Synthesis/terp.db into metazoa_all_log/2804_6511.tre
root name:Galliformes_837585
mapping compatible nodes for 2804_6511 as loaded into /home/josephwb/Work/OToL/treemachine/Synthesis/terp.db
printing the source information and monophyly 2804_6511 as loaded into /home/josephwb/Work/OToL/treemachine/Synthesis/terp.db into metazoa_all_log/2804_6511.inf_mono
deleting /home/josephwb/Work/OToL/treemachine/Synthesis/terp.db
copying /home/josephwb/Work/OToL/treemachine/Synthesis/Life.2.6.db to /home/josephwb/Work/OToL/treemachine/Synthesis/terp.db
loading trees
loading nexson 2809_6521 and saving log to metazoa_all_log/2809_6521.log
printing the source 2809_6521 as loaded into /home/josephwb/Work/OToL/treemachine/Synthesis/terp.db into metazoa_all_log/2809_6521.tre
root name:Marmota_454483
mapping compatible nodes for 2809_6521 as loaded into /home/josephwb/Work/OToL/treemachine/Synthesis/terp.db
printing the source information and monophyly 2809_6521 as loaded into /home/josephwb/Work/OToL/treemachine/Synthesis/terp.db into metazoa_all_log/2809_6521.inf_mono
deleting /home/josephwb/Work/OToL/treemachine/Synthesis/terp.db
copying /home/josephwb/Work/OToL/treemachine/Synthesis/Life.2.6.db to /home/josephwb/Work/OToL/treemachine/Synthesis/terp.db
loading trees
loading nexson 2812_6545 and saving log to metazoa_all_log/2812_6545.log
printing the source 2812_6545 as loaded into /home/josephwb/Work/OToL/treemachine/Synthesis/terp.db into metazoa_all_log/2812_6545.tre
root name:Eutheria_683263
mapping compatible nodes for 2812_6545 as loaded into /home/josephwb/Work/OToL/treemachine/Synthesis/terp.db
printing the source information and monophyly 2812_6545 as loaded into /home/josephwb/Work/OToL/treemachine/Synthesis/terp.db into metazoa_all_log/2812_6545.inf_mono
deleting /home/josephwb/Work/OToL/treemachine/Synthesis/terp.db
copying /home/josephwb/Work/OToL/treemachine/Synthesis/Life.2.6.db to /home/josephwb/Work/OToL/treemachine/Synthesis/terp.db
loading trees
loading nexson 2824_6571 and saving log to metazoa_all_log/2824_6571.log
printing the source 2824_6571 as loaded into /home/josephwb/Work/OToL/treemachine/Synthesis/terp.db into metazoa_all_log/2824_6571.tre
root name:Dasypodidae_273244
mapping compatible nodes for 2824_6571 as loaded into /home/josephwb/Work/OToL/treemachine/Synthesis/terp.db
printing the source information and monophyly 2824_6571 as loaded into /home/josephwb/Work/OToL/treemachine/Synthesis/terp.db into metazoa_all_log/2824_6571.inf_mono
deleting /home/josephwb/Work/OToL/treemachine/Synthesis/terp.db
copying /home/josephwb/Work/OToL/treemachine/Synthesis/Life.2.6.db to /home/josephwb/Work/OToL/treemachine/Synthesis/terp.db
loading trees
loading nexson 2867_6658 and saving log to metazoa_all_log/2867_6658.log
printing the source 2867_6658 as loaded into /home/josephwb/Work/OToL/treemachine/Synthesis/terp.db into metazoa_all_log/2867_6658.tre
root name:Metazoa_691846
mapping compatible nodes for 2867_6658 as loaded into /home/josephwb/Work/OToL/treemachine/Synthesis/terp.db
printing the source information and monophyly 2867_6658 as loaded into /home/josephwb/Work/OToL/treemachine/Synthesis/terp.db into metazoa_all_log/2867_6658.inf_mono
deleting /home/josephwb/Work/OToL/treemachine/Synthesis/terp.db
copying /home/josephwb/Work/OToL/treemachine/Synthesis/Life.2.6.db to /home/josephwb/Work/OToL/treemachine/Synthesis/terp.db
loading trees
loading nexson 2868_6660 and saving log to metazoa_all_log/2868_6660.log
printing the source 2868_6660 as loaded into /home/josephwb/Work/OToL/treemachine/Synthesis/terp.db into metazoa_all_log/2868_6660.tre
root name:Metazoa_691846
mapping compatible nodes for 2868_6660 as loaded into /home/josephwb/Work/OToL/treemachine/Synthesis/terp.db
printing the source information and monophyly 2868_6660 as loaded into /home/josephwb/Work/OToL/treemachine/Synthesis/terp.db into metazoa_all_log/2868_6660.inf_mono
deleting /home/josephwb/Work/OToL/treemachine/Synthesis/terp.db
copying /home/josephwb/Work/OToL/treemachine/Synthesis/Life.2.6.db to /home/josephwb/Work/OToL/treemachine/Synthesis/terp.db
loading trees
loading nexson 435_5995 and saving log to metazoa_all_log/435_5995.log
printing the source 435_5995 as loaded into /home/josephwb/Work/OToL/treemachine/Synthesis/terp.db into metazoa_all_log/435_5995.tre
root name:Euteleostomi_114654
mapping compatible nodes for 435_5995 as loaded into /home/josephwb/Work/OToL/treemachine/Synthesis/terp.db
printing the source information and monophyly 435_5995 as loaded into /home/josephwb/Work/OToL/treemachine/Synthesis/terp.db into metazoa_all_log/435_5995.inf_mono
deleting /home/josephwb/Work/OToL/treemachine/Synthesis/terp.db
copying /home/josephwb/Work/OToL/treemachine/Synthesis/Life.2.6.db to /home/josephwb/Work/OToL/treemachine/Synthesis/terp.db
loading trees
loading nexson 1257_6547 and saving log to metazoa_all_log/1257_6547.log
printing the source 1257_6547 as loaded into /home/josephwb/Work/OToL/treemachine/Synthesis/terp.db into metazoa_all_log/1257_6547.tre
root name:Panarthropoda_816442
mapping compatible nodes for 1257_6547 as loaded into /home/josephwb/Work/OToL/treemachine/Synthesis/terp.db
printing the source information and monophyly 1257_6547 as loaded into /home/josephwb/Work/OToL/treemachine/Synthesis/terp.db into metazoa_all_log/1257_6547.inf_mono
deleting /home/josephwb/Work/OToL/treemachine/Synthesis/terp.db
copying /home/josephwb/Work/OToL/treemachine/Synthesis/Life.2.6.db to /home/josephwb/Work/OToL/treemachine/Synthesis/terp.db
loading trees
loading nexson 2061_4246 and saving log to metazoa_all_log/2061_4246.log
printing the source 2061_4246 as loaded into /home/josephwb/Work/OToL/treemachine/Synthesis/terp.db into metazoa_all_log/2061_4246.tre
root name:Nematoda_395057
mapping compatible nodes for 2061_4246 as loaded into /home/josephwb/Work/OToL/treemachine/Synthesis/terp.db
printing the source information and monophyly 2061_4246 as loaded into /home/josephwb/Work/OToL/treemachine/Synthesis/terp.db into metazoa_all_log/2061_4246.inf_mono
deleting /home/josephwb/Work/OToL/treemachine/Synthesis/terp.db
copying /home/josephwb/Work/OToL/treemachine/Synthesis/Life.2.6.db to /home/josephwb/Work/OToL/treemachine/Synthesis/terp.db
loading trees
loading nexson 2813_6550 and saving log to metazoa_all_log/2813_6550.log
printing the source 2813_6550 as loaded into /home/josephwb/Work/OToL/treemachine/Synthesis/terp.db into metazoa_all_log/2813_6550.tre
root name:Panarthropoda_816442
mapping compatible nodes for 2813_6550 as loaded into /home/josephwb/Work/OToL/treemachine/Synthesis/terp.db
printing the source information and monophyly 2813_6550 as loaded into /home/josephwb/Work/OToL/treemachine/Synthesis/terp.db into metazoa_all_log/2813_6550.inf_mono
deleting /home/josephwb/Work/OToL/treemachine/Synthesis/terp.db
copying /home/josephwb/Work/OToL/treemachine/Synthesis/Life.2.6.db to /home/josephwb/Work/OToL/treemachine/Synthesis/terp.db
loading trees
loading nexson 2814_6551 and saving log to metazoa_all_log/2814_6551.log
printing the source 2814_6551 as loaded into /home/josephwb/Work/OToL/treemachine/Synthesis/terp.db into metazoa_all_log/2814_6551.tre
root name:Arthropoda_632179
mapping compatible nodes for 2814_6551 as loaded into /home/josephwb/Work/OToL/treemachine/Synthesis/terp.db
printing the source information and monophyly 2814_6551 as loaded into /home/josephwb/Work/OToL/treemachine/Synthesis/terp.db into metazoa_all_log/2814_6551.inf_mono
deleting /home/josephwb/Work/OToL/treemachine/Synthesis/terp.db
copying /home/josephwb/Work/OToL/treemachine/Synthesis/Life.2.6.db to /home/josephwb/Work/OToL/treemachine/Synthesis/terp.db
loading trees
loading nexson 2815_6555 and saving log to metazoa_all_log/2815_6555.log
printing the source 2815_6555 as loaded into /home/josephwb/Work/OToL/treemachine/Synthesis/terp.db into metazoa_all_log/2815_6555.tre
root name:Arthropoda_632179
mapping compatible nodes for 2815_6555 as loaded into /home/josephwb/Work/OToL/treemachine/Synthesis/terp.db
printing the source information and monophyly 2815_6555 as loaded into /home/josephwb/Work/OToL/treemachine/Synthesis/terp.db into metazoa_all_log/2815_6555.inf_mono
deleting /home/josephwb/Work/OToL/treemachine/Synthesis/terp.db
copying /home/josephwb/Work/OToL/treemachine/Synthesis/Life.2.6.db to /home/josephwb/Work/OToL/treemachine/Synthesis/terp.db
loading trees
loading nexson 2839_6600 and saving log to metazoa_all_log/2839_6600.log
printing the source 2839_6600 as loaded into /home/josephwb/Work/OToL/treemachine/Synthesis/terp.db into metazoa_all_log/2839_6600.tre
root name:Carnivora_44565
mapping compatible nodes for 2839_6600 as loaded into /home/josephwb/Work/OToL/treemachine/Synthesis/terp.db
printing the source information and monophyly 2839_6600 as loaded into /home/josephwb/Work/OToL/treemachine/Synthesis/terp.db into metazoa_all_log/2839_6600.inf_mono
deleting /home/josephwb/Work/OToL/treemachine/Synthesis/terp.db
copying /home/josephwb/Work/OToL/treemachine/Synthesis/Life.2.6.db to /home/josephwb/Work/OToL/treemachine/Synthesis/terp.db
loading trees
loading nexson 2686_6238 and saving log to metazoa_all_log/2686_6238.log
printing the source 2686_6238 as loaded into /home/josephwb/Work/OToL/treemachine/Synthesis/terp.db into metazoa_all_log/2686_6238.tre
root name:Arthropoda_632179
mapping compatible nodes for 2686_6238 as loaded into /home/josephwb/Work/OToL/treemachine/Synthesis/terp.db
printing the source information and monophyly 2686_6238 as loaded into /home/josephwb/Work/OToL/treemachine/Synthesis/terp.db into metazoa_all_log/2686_6238.inf_mono
deleting /home/josephwb/Work/OToL/treemachine/Synthesis/terp.db
copying /home/josephwb/Work/OToL/treemachine/Synthesis/Life.2.6.db to /home/josephwb/Work/OToL/treemachine/Synthesis/terp.db
loading trees
loading nexson 2407_6390 and saving log to metazoa_all_log/2407_6390.log
printing the source 2407_6390 as loaded into /home/josephwb/Work/OToL/treemachine/Synthesis/terp.db into metazoa_all_log/2407_6390.tre
root name:Bilateria_117569
mapping compatible nodes for 2407_6390 as loaded into /home/josephwb/Work/OToL/treemachine/Synthesis/terp.db
printing the source information and monophyly 2407_6390 as loaded into /home/josephwb/Work/OToL/treemachine/Synthesis/terp.db into metazoa_all_log/2407_6390.inf_mono
deleting /home/josephwb/Work/OToL/treemachine/Synthesis/terp.db
copying /home/josephwb/Work/OToL/treemachine/Synthesis/Life.2.6.db to /home/josephwb/Work/OToL/treemachine/Synthesis/terp.db
loading trees
loading nexson 2418_6152 and saving log to metazoa_all_log/2418_6152.log
printing the source 2418_6152 as loaded into /home/josephwb/Work/OToL/treemachine/Synthesis/terp.db into metazoa_all_log/2418_6152.tre
root name:Metazoa_691846
mapping compatible nodes for 2418_6152 as loaded into /home/josephwb/Work/OToL/treemachine/Synthesis/terp.db
printing the source information and monophyly 2418_6152 as loaded into /home/josephwb/Work/OToL/treemachine/Synthesis/terp.db into metazoa_all_log/2418_6152.inf_mono
deleting /home/josephwb/Work/OToL/treemachine/Synthesis/terp.db
copying /home/josephwb/Work/OToL/treemachine/Synthesis/Life.2.6.db to /home/josephwb/Work/OToL/treemachine/Synthesis/terp.db
loading trees
loading nexson 1217_2455 and saving log to metazoa_all_log/1217_2455.log
printing the source 1217_2455 as loaded into /home/josephwb/Work/OToL/treemachine/Synthesis/terp.db into metazoa_all_log/1217_2455.tre
root name:Eumetazoa_641038
mapping compatible nodes for 1217_2455 as loaded into /home/josephwb/Work/OToL/treemachine/Synthesis/terp.db
printing the source information and monophyly 1217_2455 as loaded into /home/josephwb/Work/OToL/treemachine/Synthesis/terp.db into metazoa_all_log/1217_2455.inf_mono
deleting /home/josephwb/Work/OToL/treemachine/Synthesis/terp.db
copying /home/josephwb/Work/OToL/treemachine/Synthesis/Life.2.6.db to /home/josephwb/Work/OToL/treemachine/Synthesis/terp.db
loading trees
loading nexson 1482_5228 and saving log to metazoa_all_log/1482_5228.log
printing the source 1482_5228 as loaded into /home/josephwb/Work/OToL/treemachine/Synthesis/terp.db into metazoa_all_log/1482_5228.tre
root name:Eumetazoa_641038
mapping compatible nodes for 1482_5228 as loaded into /home/josephwb/Work/OToL/treemachine/Synthesis/terp.db
printing the source information and monophyly 1482_5228 as loaded into /home/josephwb/Work/OToL/treemachine/Synthesis/terp.db into metazoa_all_log/1482_5228.inf_mono
deleting /home/josephwb/Work/OToL/treemachine/Synthesis/terp.db
copying /home/josephwb/Work/OToL/treemachine/Synthesis/Life.2.6.db to /home/josephwb/Work/OToL/treemachine/Synthesis/terp.db
loading trees
loading nexson 1346_2678 and saving log to metazoa_all_log/1346_2678.log
printing the source 1346_2678 as loaded into /home/josephwb/Work/OToL/treemachine/Synthesis/terp.db into metazoa_all_log/1346_2678.tre
loading synthottolid: 691846
loading studytreelist: ['\n### vetted (JWB) Not currently in synthesis ###\n\n"1482_5228", # Eumetazoa. Evans et al. 2008. BMC Evol. Biol.\n"1812_3667", # Sciuridae. Steppan et al. 2004. MPE\n"1980_6254", # Calcarea. Dohrmann et al. 2006. MPE\n"1985_4069", # Didelphidae. Voss and Jansa. 2008. Bull. Am. Mus. Nat. Hist.\n"1986_4070", # Hyloidea. Hedgeset al. 2008. Zootaxa\n"1990_6648", # Bilateria. Bleidorn et al. 2009. BMC Evol. Biol.\n"2023_6523", # Sciurognathi. Herron et al. 2004. MPE\n"2058_4241", # Crocodylia. Harshman et al. 2003. Syst. Biol.\n"2063_4251", # Mus. Lundrigan et al. 2002. Syst. Biol.\n"2067_4258", # Boreoeutheria. Yoder and Yang. 2004. Mol. Ecol.\n"2114_4379", # Acestrorhynchus. Toledo-Piza. 2007. Zool. J. Linn. Soc.\n"2136_4477", # Thomomys. Belfiore et al. 2008. Syst. Biol.\n"2145_5952", # Squamata. Zaldivar-Riveron et al. 2008. J. Herp.\n"2149_6486", # Sceloporus. Leache. 2149. MPE\n"2150_4541", # Colletinae. Kuhlman et al. 2009. Insect. Syst. Evol.\n"2322_6376", # Grania. Wit et al. 2011. Zool. Scripta\n"2324_6377", # Pteropus. Chan et al. 2011. PLoS Current Tree of Life\n"2326_4904", # Brachymeles. Siler et al. 2011. MPE\n"2329_4907", # Lepus. Melo-Ferreira et al. 2011. Syst. Biol.\n"2330_6378", # Brachymeles. Siler and Brown. 2011. Evolution\n"2335_6536", # Oplurus. Chan et al. 2012. Mol. Ecol.\n"2350_4948", # Galaxiella. Unmack et al. 2012. PLoS ONE\n"2353_4952", # Satanoperca. Willis et al. 2012. MPE\n"2358_4960", # Nylanderia. Gotzek et al. 2012. PLoS ONE\n"2360_4963", # Dysaphis. Basilova J., & Rakauskas. 2012. Org. Divers. Evol.\n"2371_4985", # Scolopacidae. Corl and Ellegren. 2013. MPE\n"2373_6539", # Mollusca. Wilson et al. 2012. MPE\n"2374_6380", # Batrachuperus. Lu et al. 2012. Mol. Ecol.\n"2376_6540", # Sistrurus. Kubatko et al. 2011. Syst. Biol.\n"2387_6382", # Bombus. Hines. 2008. Syst. Biol.\n"2396_6383", # Bilateria. Nesnidal et al. 2010. MBE\n"2399_5042", # Trimeresurus. Creer et al. 2006. Syst. Biol.\n"2401_6387", # Chiroptera. Jones et al. 2002. Biol. Rev.Mur\n"2404_6388", # Passeriformes. Barker et al. 2004. PNAS\n"2407_6390", # Bilateria. Anderson et al. 2004. JME\n"2419_6023", # Neognathae. Thuiller et al. 2011. Nature\n"2456_5267", # Carnivora. Bininda-Emonds et al. 1999. Biol. Rev.\n"2461_6655", # Hawaiian Drosophila. Baker and Desalle. 1997. Syst. Biol.\n"2516_6440", # Arthropoda. Pisani. 2004. Syst. Biol.\n"2579_5983", # Primates. Faircloth et al. 2012. Syst. Biol.\n"2579_5984", # Aves.  Faircloth et al. 2012. Syst. Biol.\n"2583_5989", # Galloanserae. Eo et al. 2009. Zool. Scripta.\n"2616_6485", # Neoaves. Gibb et al. 2013. MPE\n"2619_6131", # Elasmobranchii. Shiina. 2013. Biomed. Res. Int.\n"2647_6169", # Plancentalia. O\'Leary et al. 2013. Science\n"2658_6192", # Trochilidae. McGuire et al. 2007. Syst. Biol.\n"2797_6493", # Neoaves. McCormack et al. 2013. PLoS ONE\n"2799_6500", # Aves. Chojnowski et al. 2008. Gene\n"2800_6502", # Paleognathae. Harshman et al. 2008. PNAS\n"2801_6503", # Galliformes. Cox et al. 2007. Auk\n"2802_6506", # Galliformes. Kimball and Braun. 2008. J. Avian Biol.\n"2803_6508", # Galliformes. Bonilla et al. 2010. MPE\n"2804_6511", # Galliformes. Kimball et al. 2011. Int. J. Evol. Biol.\n"2809_6521", # Marmota. Steppan and Akhverdyan. 1999. Syst. Biol.\n"2812_6545", # Placental mammals. Lartillot and Delsuc. 2012. Evolution\n"2824_6571", # Dasypodidae. Delsuc et al. 2003. MPE\n"2867_6658", # Metazoa. Philippe et al. 2009. Curr. Biol.\n"2868_6660", # Metazoa. Pick et al. 2010. MBE\n"435_5995",  # Neornithes. Brown et al. 2008. BMC Biol.\n\n### Possible for synthesis ###\n\n"1257_6547", # Panarthropoda. Meusemann et al. 2010. MBE\n"2061_4246", # Nematoda. Mullin et al. 2003. Nematology\n"2813_6550", # Panarthropoda. Rota-Stabelli et al. 2011. Proc. Roy. Soc.\n"2814_6551", # Arthropoda. Rota-Stabelli et al. 2013. Syst. Biol.\n"2815_6555", # Pancrustacea. von Reumont et al. 2012. MBE\n"2839_6600", # Carnivora. Agnarsson et al. 2010. MPE\n\n"2686_6238", # Arthropoda. Lee et al. 2013. Curr. Biol.\n"2407_6390", # Bilateria. Anderson et al. 2004. JME\n"2418_6152", # Metazoa. Evans and Cartwright. 2010. MBE *** not working in synthesis for some reason...\n"1217_2455", # Eumetazoa. Delsuc et al. 2008. Genesis\n"1482_5228", # Eumetazoa. Evans et al. 2008. BMC Evol. Biol. *** not working in synthesis for some reason...\n2651_6177']
deleting /home/josephwb/Work/OToL/treemachine/Synthesis/terp.db
copying /home/josephwb/Work/OToL/treemachine/Synthesis/Life.2.6.db to /home/josephwb/Work/OToL/treemachine/Synthesis/terp.db
loading trees
loading nexson 
### vetted (JWB) Not currently in synthesis ###

"1482_5228", # Eumetazoa. Evans et al. 2008. BMC Evol. Biol.
"1812_3667", # Sciuridae. Steppan et al. 2004. MPE
"1980_6254", # Calcarea. Dohrmann et al. 2006. MPE
"1985_4069", # Didelphidae. Voss and Jansa. 2008. Bull. Am. Mus. Nat. Hist.
"1986_4070", # Hyloidea. Hedgeset al. 2008. Zootaxa
"1990_6648", # Bilateria. Bleidorn et al. 2009. BMC Evol. Biol.
"2023_6523", # Sciurognathi. Herron et al. 2004. MPE
"2058_4241", # Crocodylia. Harshman et al. 2003. Syst. Biol.
"2063_4251", # Mus. Lundrigan et al. 2002. Syst. Biol.
"2067_4258", # Boreoeutheria. Yoder and Yang. 2004. Mol. Ecol.
"2114_4379", # Acestrorhynchus. Toledo-Piza. 2007. Zool. J. Linn. Soc.
"2136_4477", # Thomomys. Belfiore et al. 2008. Syst. Biol.
"2145_5952", # Squamata. Zaldivar-Riveron et al. 2008. J. Herp.
"2149_6486", # Sceloporus. Leache. 2149. MPE
"2150_4541", # Colletinae. Kuhlman et al. 2009. Insect. Syst. Evol.
"2322_6376", # Grania. Wit et al. 2011. Zool. Scripta
"2324_6377", # Pteropus. Chan et al. 2011. PLoS Current Tree of Life
"2326_4904", # Brachymeles. Siler et al. 2011. MPE
"2329_4907", # Lepus. Melo-Ferreira et al. 2011. Syst. Biol.
"2330_6378", # Brachymeles. Siler and Brown. 2011. Evolution
"2335_6536", # Oplurus. Chan et al. 2012. Mol. Ecol.
"2350_4948", # Galaxiella. Unmack et al. 2012. PLoS ONE
"2353_4952", # Satanoperca. Willis et al. 2012. MPE
"2358_4960", # Nylanderia. Gotzek et al. 2012. PLoS ONE
"2360_4963", # Dysaphis. Basilova J., & Rakauskas. 2012. Org. Divers. Evol.
"2371_4985", # Scolopacidae. Corl and Ellegren. 2013. MPE
"2373_6539", # Mollusca. Wilson et al. 2012. MPE
"2374_6380", # Batrachuperus. Lu et al. 2012. Mol. Ecol.
"2376_6540", # Sistrurus. Kubatko et al. 2011. Syst. Biol.
"2387_6382", # Bombus. Hines. 2008. Syst. Biol.
"2396_6383", # Bilateria. Nesnidal et al. 2010. MBE
"2399_5042", # Trimeresurus. Creer et al. 2006. Syst. Biol.
"2401_6387", # Chiroptera. Jones et al. 2002. Biol. Rev.Mur
"2404_6388", # Passeriformes. Barker et al. 2004. PNAS
"2407_6390", # Bilateria. Anderson et al. 2004. JME
"2419_6023", # Neognathae. Thuiller et al. 2011. Nature
"2456_5267", # Carnivora. Bininda-Emonds et al. 1999. Biol. Rev.
"2461_6655", # Hawaiian Drosophila. Baker and Desalle. 1997. Syst. Biol.
"2516_6440", # Arthropoda. Pisani. 2004. Syst. Biol.
"2579_5983", # Primates. Faircloth et al. 2012. Syst. Biol.
"2579_5984", # Aves.  Faircloth et al. 2012. Syst. Biol.
"2583_5989", # Galloanserae. Eo et al. 2009. Zool. Scripta.
"2616_6485", # Neoaves. Gibb et al. 2013. MPE
"2619_6131", # Elasmobranchii. Shiina. 2013. Biomed. Res. Int.
"2647_6169", # Plancentalia. O'Leary et al. 2013. Science
"2658_6192", # Trochilidae. McGuire et al. 2007. Syst. Biol.
"2797_6493", # Neoaves. McCormack et al. 2013. PLoS ONE
"2799_6500", # Aves. Chojnowski et al. 2008. Gene
"2800_6502", # Paleognathae. Harshman et al. 2008. PNAS
"2801_6503", # Galliformes. Cox et al. 2007. Auk
"2802_6506", # Galliformes. Kimball and Braun. 2008. J. Avian Biol.
"2803_6508", # Galliformes. Bonilla et al. 2010. MPE
"2804_6511", # Galliformes. Kimball et al. 2011. Int. J. Evol. Biol.
"2809_6521", # Marmota. Steppan and Akhverdyan. 1999. Syst. Biol.
"2812_6545", # Placental mammals. Lartillot and Delsuc. 2012. Evolution
"2824_6571", # Dasypodidae. Delsuc et al. 2003. MPE
"2867_6658", # Metazoa. Philippe et al. 2009. Curr. Biol.
"2868_6660", # Metazoa. Pick et al. 2010. MBE
"435_5995",  # Neornithes. Brown et al. 2008. BMC Biol.

### Possible for synthesis ###

"1257_6547", # Panarthropoda. Meusemann et al. 2010. MBE
"2061_4246", # Nematoda. Mullin et al. 2003. Nematology
"2813_6550", # Panarthropoda. Rota-Stabelli et al. 2011. Proc. Roy. Soc.
"2814_6551", # Arthropoda. Rota-Stabelli et al. 2013. Syst. Biol.
"2815_6555", # Pancrustacea. von Reumont et al. 2012. MBE
"2839_6600", # Carnivora. Agnarsson et al. 2010. MPE

"2686_6238", # Arthropoda. Lee et al. 2013. Curr. Biol.
"2407_6390", # Bilateria. Anderson et al. 2004. JME
"2418_6152", # Metazoa. Evans and Cartwright. 2010. MBE *** not working in synthesis for some reason...
"1217_2455", # Eumetazoa. Delsuc et al. 2008. Genesis
"1482_5228", # Eumetazoa. Evans et al. 2008. BMC Evol. Biol. *** not working in synthesis for some reason...
2651_6177 and saving log to metazoa_all_log/
### vetted (JWB) Not currently in synthesis ###

"1482_5228", # Eumetazoa. Evans et al. 2008. BMC Evol. Biol.
"1812_3667", # Sciuridae. Steppan et al. 2004. MPE
"1980_6254", # Calcarea. Dohrmann et al. 2006. MPE
"1985_4069", # Didelphidae. Voss and Jansa. 2008. Bull. Am. Mus. Nat. Hist.
"1986_4070", # Hyloidea. Hedgeset al. 2008. Zootaxa
"1990_6648", # Bilateria. Bleidorn et al. 2009. BMC Evol. Biol.
"2023_6523", # Sciurognathi. Herron et al. 2004. MPE
"2058_4241", # Crocodylia. Harshman et al. 2003. Syst. Biol.
"2063_4251", # Mus. Lundrigan et al. 2002. Syst. Biol.
"2067_4258", # Boreoeutheria. Yoder and Yang. 2004. Mol. Ecol.
"2114_4379", # Acestrorhynchus. Toledo-Piza. 2007. Zool. J. Linn. Soc.
"2136_4477", # Thomomys. Belfiore et al. 2008. Syst. Biol.
"2145_5952", # Squamata. Zaldivar-Riveron et al. 2008. J. Herp.
"2149_6486", # Sceloporus. Leache. 2149. MPE
"2150_4541", # Colletinae. Kuhlman et al. 2009. Insect. Syst. Evol.
"2322_6376", # Grania. Wit et al. 2011. Zool. Scripta
"2324_6377", # Pteropus. Chan et al. 2011. PLoS Current Tree of Life
"2326_4904", # Brachymeles. Siler et al. 2011. MPE
"2329_4907", # Lepus. Melo-Ferreira et al. 2011. Syst. Biol.
"2330_6378", # Brachymeles. Siler and Brown. 2011. Evolution
"2335_6536", # Oplurus. Chan et al. 2012. Mol. Ecol.
"2350_4948", # Galaxiella. Unmack et al. 2012. PLoS ONE
"2353_4952", # Satanoperca. Willis et al. 2012. MPE
"2358_4960", # Nylanderia. Gotzek et al. 2012. PLoS ONE
"2360_4963", # Dysaphis. Basilova J., & Rakauskas. 2012. Org. Divers. Evol.
"2371_4985", # Scolopacidae. Corl and Ellegren. 2013. MPE
"2373_6539", # Mollusca. Wilson et al. 2012. MPE
"2374_6380", # Batrachuperus. Lu et al. 2012. Mol. Ecol.
"2376_6540", # Sistrurus. Kubatko et al. 2011. Syst. Biol.
"2387_6382", # Bombus. Hines. 2008. Syst. Biol.
"2396_6383", # Bilateria. Nesnidal et al. 2010. MBE
"2399_5042", # Trimeresurus. Creer et al. 2006. Syst. Biol.
"2401_6387", # Chiroptera. Jones et al. 2002. Biol. Rev.Mur
"2404_6388", # Passeriformes. Barker et al. 2004. PNAS
"2407_6390", # Bilateria. Anderson et al. 2004. JME
"2419_6023", # Neognathae. Thuiller et al. 2011. Nature
"2456_5267", # Carnivora. Bininda-Emonds et al. 1999. Biol. Rev.
"2461_6655", # Hawaiian Drosophila. Baker and Desalle. 1997. Syst. Biol.
"2516_6440", # Arthropoda. Pisani. 2004. Syst. Biol.
"2579_5983", # Primates. Faircloth et al. 2012. Syst. Biol.
"2579_5984", # Aves.  Faircloth et al. 2012. Syst. Biol.
"2583_5989", # Galloanserae. Eo et al. 2009. Zool. Scripta.
"2616_6485", # Neoaves. Gibb et al. 2013. MPE
"2619_6131", # Elasmobranchii. Shiina. 2013. Biomed. Res. Int.
"2647_6169", # Plancentalia. O'Leary et al. 2013. Science
"2658_6192", # Trochilidae. McGuire et al. 2007. Syst. Biol.
"2797_6493", # Neoaves. McCormack et al. 2013. PLoS ONE
"2799_6500", # Aves. Chojnowski et al. 2008. Gene
"2800_6502", # Paleognathae. Harshman et al. 2008. PNAS
"2801_6503", # Galliformes. Cox et al. 2007. Auk
"2802_6506", # Galliformes. Kimball and Braun. 2008. J. Avian Biol.
"2803_6508", # Galliformes. Bonilla et al. 2010. MPE
"2804_6511", # Galliformes. Kimball et al. 2011. Int. J. Evol. Biol.
"2809_6521", # Marmota. Steppan and Akhverdyan. 1999. Syst. Biol.
"2812_6545", # Placental mammals. Lartillot and Delsuc. 2012. Evolution
"2824_6571", # Dasypodidae. Delsuc et al. 2003. MPE
"2867_6658", # Metazoa. Philippe et al. 2009. Curr. Biol.
"2868_6660", # Metazoa. Pick et al. 2010. MBE
"435_5995",  # Neornithes. Brown et al. 2008. BMC Biol.

### Possible for synthesis ###

"1257_6547", # Panarthropoda. Meusemann et al. 2010. MBE
"2061_4246", # Nematoda. Mullin et al. 2003. Nematology
"2813_6550", # Panarthropoda. Rota-Stabelli et al. 2011. Proc. Roy. Soc.
"2814_6551", # Arthropoda. Rota-Stabelli et al. 2013. Syst. Biol.
"2815_6555", # Pancrustacea. von Reumont et al. 2012. MBE
"2839_6600", # Carnivora. Agnarsson et al. 2010. MPE

"2686_6238", # Arthropoda. Lee et al. 2013. Curr. Biol.
"2407_6390", # Bilateria. Anderson et al. 2004. JME
"2418_6152", # Metazoa. Evans and Cartwright. 2010. MBE *** not working in synthesis for some reason...
"1217_2455", # Eumetazoa. Delsuc et al. 2008. Genesis
"1482_5228", # Eumetazoa. Evans et al. 2008. BMC Evol. Biol. *** not working in synthesis for some reason...
2651_6177.log
loading synthottolid: 691846
loading studytreelist: ['2651_6177']
deleting /home/josephwb/Work/OToL/treemachine/Synthesis/terp.db
copying /home/josephwb/Work/OToL/treemachine/Synthesis/Life.2.6.db to /home/josephwb/Work/OToL/treemachine/Synthesis/terp.db
loading trees
loading nexson 2651_6177 and saving log to metazoa_all_log/2651_6177.log
printing the source 2651_6177 as loaded into /home/josephwb/Work/OToL/treemachine/Synthesis/terp.db into metazoa_all_log/2651_6177.tre
root name:Actinopterygii_773483
mapping compatible nodes for 2651_6177 as loaded into /home/josephwb/Work/OToL/treemachine/Synthesis/terp.db
printing the source information and monophyly 2651_6177 as loaded into /home/josephwb/Work/OToL/treemachine/Synthesis/terp.db into metazoa_all_log/2651_6177.inf_mono
