pgloadind OTUs number 50
pgloadind Processing tree @id "2661"
pgloadind   tree info number nodes 99
pgloadind   tree info number edges 98
pgloadind   tree info ingroup "node590867"
pgloadind   Setting ingroup root node.
pgloadind   Ingested tree number of external nodes 46
pgloadind   property added ot:studyPublicationReference "Tsang L., Chan T., Ahyong S., & Chu K. 2011. Hermit to king, or hermit to all: Multiple transitions to crab-like forms from hermit crab ancestors. Systematic Biology, ."
pgloadind   property added ot:studyPublication "http://dx.doi.org/10.1093/sysbio/syr063"
pgloadind   property added ot:curatorName "Chris Owen"
pgloadind   property added ot:dataDeposit "http://purl.org/phylo/treebase/phylows/study/TB2:S11410"
pgloadind   property added ot:studyId "1252"
pgloadind   property added ot:studyYear "2011"
pgloadind   property added ot:focalClade "163555"
pgloadind   property added ot:branchLengthMode "ot:substitutionCount"
pgloadind   property added ot:inGroupClade "node590867"
loading a specific tree: 2661
pgloadind conducting TNRS on trees
pgloadind   name fixing on tree tree id "2661"
pgloadind   all nodes have ottIds
pgloadind     overlapping tips
pgloadind       overlapping retained name "Pagurus angustus" nexsonid "node590883"
pgloadind       overlapping pruned name "Pagurus" nexsonid "node590884"
pgloadind     pruning dups and overlapping name "Pagurus" nexsonid "node590884"
pgloadind   postpruning newick tree "(((((((((Lithodes_turritus,(Paralomis_arae,Paralomis_dofleini)),Neolithodes_nipponensis),((Pagurus_bernhardus,Pagurodofleinia_doederleini),Pagurus_angustus)),(Icelopagurus_crosnieri,(Propagurus_obtusifrons,Spiropagurus_profundorum))),Michelopagurus_limatulus),((((Coenobita_violascens,Coenobita_rugosus),(Clibanarius_virescens,(Clibanarius_humilis,Clibanarius_englaucus))),Calcinus_laevimanus),(Dardanus_impressus,Dardanus_setifer))),((Trizocheles_brachyops,Trizocheles_sakaii),(((((Oncopagurus_orientalis,Paragiopagurus_acutus),Paragiopagurus_ventilatus),Paragiopagurus_boletifer),(Strobopagurus_gracilipes,Sympagurus_burkenroadi)),((Lomis_hirta,(Aegla_alacalufi,Aegla_neuquensis)),((Kiwa_hirsuta,Eumunida_funambulus),Uroptychodes_grandirostris))))),((Xylocheles_macrops,Pylocheles_mortensenii),(((Cervimunida_princeps,(Munida_albiapicula,Paramunida_tricarinata)),(Munidopsis_formosa,Shinkaia_crosnieri)),((Neopetrolisthes_maculatus,Petrolisthes_japonicus),Novorostrum_indicum)))),(Albunea_occulatus,Hippa_adactyla))"
pgloadind   taxon mapping summary
pgloadind     taxon mapping OTT ID 995077 taxonomy "Lithodes turritus->Lithodes->Lithodidae->Paguroidea->Anomura->Pleocyemata->Decapoda->Eucarida->Eumalacostraca->Malacostraca->Crustacea->Pancrustacea->Mandibulata->Arthropoda->Panarthropoda->Ecdysozoa->Protostomia->Bilateria->Eumetazoa->Metazoa->Holozoa->Opisthokonta->Eukaryota->cellular organisms->life" nexsonid "node590876"
pgloadind     taxon mapping OTT ID 1050944 taxonomy "Paralomis arae->Paralomis->Lithodidae->Paguroidea->Anomura->Pleocyemata->Decapoda->Eucarida->Eumalacostraca->Malacostraca->Crustacea->Pancrustacea->Mandibulata->Arthropoda->Panarthropoda->Ecdysozoa->Protostomia->Bilateria->Eumetazoa->Metazoa->Holozoa->Opisthokonta->Eukaryota->cellular organisms->life" nexsonid "node590878"
pgloadind     taxon mapping OTT ID 814793 taxonomy "Paralomis dofleini->Paralomis->Lithodidae->Paguroidea->Anomura->Pleocyemata->Decapoda->Eucarida->Eumalacostraca->Malacostraca->Crustacea->Pancrustacea->Mandibulata->Arthropoda->Panarthropoda->Ecdysozoa->Protostomia->Bilateria->Eumetazoa->Metazoa->Holozoa->Opisthokonta->Eukaryota->cellular organisms->life" nexsonid "node590879"
pgloadind     taxon mapping OTT ID 728473 taxonomy "Neolithodes nipponensis->Neolithodes->Lithodidae->Paguroidea->Anomura->Pleocyemata->Decapoda->Eucarida->Eumalacostraca->Malacostraca->Crustacea->Pancrustacea->Mandibulata->Arthropoda->Panarthropoda->Ecdysozoa->Protostomia->Bilateria->Eumetazoa->Metazoa->Holozoa->Opisthokonta->Eukaryota->cellular organisms->life" nexsonid "node590880"
pgloadind     taxon mapping OTT ID 929440 taxonomy "Pagurus bernhardus->Pagurus->Paguridae->Paguroidea->Anomura->Pleocyemata->Decapoda->Eucarida->Eumalacostraca->Malacostraca->Crustacea->Pancrustacea->Mandibulata->Arthropoda->Panarthropoda->Ecdysozoa->Protostomia->Bilateria->Eumetazoa->Metazoa->Holozoa->Opisthokonta->Eukaryota->cellular organisms->life" nexsonid "node590886"
pgloadind     taxon mapping OTT ID 123661 taxonomy "Pagurodofleinia doederleini->Pagurodofleinia->Paguridae->Paguroidea->Anomura->Pleocyemata->Decapoda->Eucarida->Eumalacostraca->Malacostraca->Crustacea->Pancrustacea->Mandibulata->Arthropoda->Panarthropoda->Ecdysozoa->Protostomia->Bilateria->Eumetazoa->Metazoa->Holozoa->Opisthokonta->Eukaryota->cellular organisms->life" nexsonid "node590887"
pgloadind     taxon mapping OTT ID 814791 taxonomy "Pagurus angustus->Pagurus->Paguridae->Paguroidea->Anomura->Pleocyemata->Decapoda->Eucarida->Eumalacostraca->Malacostraca->Crustacea->Pancrustacea->Mandibulata->Arthropoda->Panarthropoda->Ecdysozoa->Protostomia->Bilateria->Eumetazoa->Metazoa->Holozoa->Opisthokonta->Eukaryota->cellular organisms->life" nexsonid "node590883"
pgloadind     taxon mapping OTT ID 474604 taxonomy "Icelopagurus crosnieri->Icelopagurus->Paguridae->Paguroidea->Anomura->Pleocyemata->Decapoda->Eucarida->Eumalacostraca->Malacostraca->Crustacea->Pancrustacea->Mandibulata->Arthropoda->Panarthropoda->Ecdysozoa->Protostomia->Bilateria->Eumetazoa->Metazoa->Holozoa->Opisthokonta->Eukaryota->cellular organisms->life" nexsonid "node590889"
pgloadind     taxon mapping OTT ID 205095 taxonomy "Propagurus obtusifrons->Propagurus->Paguridae->Paguroidea->Anomura->Pleocyemata->Decapoda->Eucarida->Eumalacostraca->Malacostraca->Crustacea->Pancrustacea->Mandibulata->Arthropoda->Panarthropoda->Ecdysozoa->Protostomia->Bilateria->Eumetazoa->Metazoa->Holozoa->Opisthokonta->Eukaryota->cellular organisms->life" nexsonid "node590891"
pgloadind     taxon mapping OTT ID 718952 taxonomy "Spiropagurus profundorum->Spiropagurus->Paguridae->Paguroidea->Anomura->Pleocyemata->Decapoda->Eucarida->Eumalacostraca->Malacostraca->Crustacea->Pancrustacea->Mandibulata->Arthropoda->Panarthropoda->Ecdysozoa->Protostomia->Bilateria->Eumetazoa->Metazoa->Holozoa->Opisthokonta->Eukaryota->cellular organisms->life" nexsonid "node590892"
pgloadind     taxon mapping OTT ID 474601 taxonomy "Michelopagurus limatulus->Michelopagurus->Paguridae->Paguroidea->Anomura->Pleocyemata->Decapoda->Eucarida->Eumalacostraca->Malacostraca->Crustacea->Pancrustacea->Mandibulata->Arthropoda->Panarthropoda->Ecdysozoa->Protostomia->Bilateria->Eumetazoa->Metazoa->Holozoa->Opisthokonta->Eukaryota->cellular organisms->life" nexsonid "node590893"
pgloadind     taxon mapping OTT ID 1026344 taxonomy "Coenobita violascens->Coenobita->Coenobitidae->Paguroidea->Anomura->Pleocyemata->Decapoda->Eucarida->Eumalacostraca->Malacostraca->Crustacea->Pancrustacea->Mandibulata->Arthropoda->Panarthropoda->Ecdysozoa->Protostomia->Bilateria->Eumetazoa->Metazoa->Holozoa->Opisthokonta->Eukaryota->cellular organisms->life" nexsonid "node590898"
pgloadind     taxon mapping OTT ID 1026340 taxonomy "Coenobita rugosus->Coenobita->Coenobitidae->Paguroidea->Anomura->Pleocyemata->Decapoda->Eucarida->Eumalacostraca->Malacostraca->Crustacea->Pancrustacea->Mandibulata->Arthropoda->Panarthropoda->Ecdysozoa->Protostomia->Bilateria->Eumetazoa->Metazoa->Holozoa->Opisthokonta->Eukaryota->cellular organisms->life" nexsonid "node590899"
pgloadind     taxon mapping OTT ID 300230 taxonomy "Clibanarius virescens->Clibanarius->Diogenidae->Paguroidea->Anomura->Pleocyemata->Decapoda->Eucarida->Eumalacostraca->Malacostraca->Crustacea->Pancrustacea->Mandibulata->Arthropoda->Panarthropoda->Ecdysozoa->Protostomia->Bilateria->Eumetazoa->Metazoa->Holozoa->Opisthokonta->Eukaryota->cellular organisms->life" nexsonid "node590901"
pgloadind     taxon mapping OTT ID 300251 taxonomy "Clibanarius humilis->Clibanarius->Diogenidae->Paguroidea->Anomura->Pleocyemata->Decapoda->Eucarida->Eumalacostraca->Malacostraca->Crustacea->Pancrustacea->Mandibulata->Arthropoda->Panarthropoda->Ecdysozoa->Protostomia->Bilateria->Eumetazoa->Metazoa->Holozoa->Opisthokonta->Eukaryota->cellular organisms->life" nexsonid "node590903"
pgloadind     taxon mapping OTT ID 696581 taxonomy "Clibanarius englaucus->Clibanarius->Diogenidae->Paguroidea->Anomura->Pleocyemata->Decapoda->Eucarida->Eumalacostraca->Malacostraca->Crustacea->Pancrustacea->Mandibulata->Arthropoda->Panarthropoda->Ecdysozoa->Protostomia->Bilateria->Eumetazoa->Metazoa->Holozoa->Opisthokonta->Eukaryota->cellular organisms->life" nexsonid "node590904"
pgloadind     taxon mapping OTT ID 624054 taxonomy "Calcinus laevimanus->Calcinus->Diogenidae->Paguroidea->Anomura->Pleocyemata->Decapoda->Eucarida->Eumalacostraca->Malacostraca->Crustacea->Pancrustacea->Mandibulata->Arthropoda->Panarthropoda->Ecdysozoa->Protostomia->Bilateria->Eumetazoa->Metazoa->Holozoa->Opisthokonta->Eukaryota->cellular organisms->life" nexsonid "node590905"
pgloadind     taxon mapping OTT ID 1026346 taxonomy "Dardanus impressus->Dardanus->Diogenidae->Paguroidea->Anomura->Pleocyemata->Decapoda->Eucarida->Eumalacostraca->Malacostraca->Crustacea->Pancrustacea->Mandibulata->Arthropoda->Panarthropoda->Ecdysozoa->Protostomia->Bilateria->Eumetazoa->Metazoa->Holozoa->Opisthokonta->Eukaryota->cellular organisms->life" nexsonid "node590907"
pgloadind     taxon mapping OTT ID 995073 taxonomy "Dardanus setifer->Dardanus->Diogenidae->Paguroidea->Anomura->Pleocyemata->Decapoda->Eucarida->Eumalacostraca->Malacostraca->Crustacea->Pancrustacea->Mandibulata->Arthropoda->Panarthropoda->Ecdysozoa->Protostomia->Bilateria->Eumetazoa->Metazoa->Holozoa->Opisthokonta->Eukaryota->cellular organisms->life" nexsonid "node590908"
pgloadind     taxon mapping OTT ID 1050948 taxonomy "Trizocheles brachyops->Trizocheles->Pylochelidae->Paguroidea->Anomura->Pleocyemata->Decapoda->Eucarida->Eumalacostraca->Malacostraca->Crustacea->Pancrustacea->Mandibulata->Arthropoda->Panarthropoda->Ecdysozoa->Protostomia->Bilateria->Eumetazoa->Metazoa->Holozoa->Opisthokonta->Eukaryota->cellular organisms->life" nexsonid "node590911"
pgloadind     taxon mapping OTT ID 814806 taxonomy "Trizocheles sakaii->Trizocheles->Pylochelidae->Paguroidea->Anomura->Pleocyemata->Decapoda->Eucarida->Eumalacostraca->Malacostraca->Crustacea->Pancrustacea->Mandibulata->Arthropoda->Panarthropoda->Ecdysozoa->Protostomia->Bilateria->Eumetazoa->Metazoa->Holozoa->Opisthokonta->Eukaryota->cellular organisms->life" nexsonid "node590912"
pgloadind     taxon mapping OTT ID 19988 taxonomy "Oncopagurus orientalis->Oncopagurus->Parapaguridae->Paguroidea->Anomura->Pleocyemata->Decapoda->Eucarida->Eumalacostraca->Malacostraca->Crustacea->Pancrustacea->Mandibulata->Arthropoda->Panarthropoda->Ecdysozoa->Protostomia->Bilateria->Eumetazoa->Metazoa->Holozoa->Opisthokonta->Eukaryota->cellular organisms->life" nexsonid "node590918"
pgloadind     taxon mapping OTT ID 19990 taxonomy "Paragiopagurus acutus->Paragiopagurus->Parapaguridae->Paguroidea->Anomura->Pleocyemata->Decapoda->Eucarida->Eumalacostraca->Malacostraca->Crustacea->Pancrustacea->Mandibulata->Arthropoda->Panarthropoda->Ecdysozoa->Protostomia->Bilateria->Eumetazoa->Metazoa->Holozoa->Opisthokonta->Eukaryota->cellular organisms->life" nexsonid "node590919"
pgloadind     taxon mapping OTT ID 660888 taxonomy "Paragiopagurus ventilatus->Paragiopagurus->Parapaguridae->Paguroidea->Anomura->Pleocyemata->Decapoda->Eucarida->Eumalacostraca->Malacostraca->Crustacea->Pancrustacea->Mandibulata->Arthropoda->Panarthropoda->Ecdysozoa->Protostomia->Bilateria->Eumetazoa->Metazoa->Holozoa->Opisthokonta->Eukaryota->cellular organisms->life" nexsonid "node590920"
pgloadind     taxon mapping OTT ID 474607 taxonomy "Paragiopagurus boletifer->Paragiopagurus->Parapaguridae->Paguroidea->Anomura->Pleocyemata->Decapoda->Eucarida->Eumalacostraca->Malacostraca->Crustacea->Pancrustacea->Mandibulata->Arthropoda->Panarthropoda->Ecdysozoa->Protostomia->Bilateria->Eumetazoa->Metazoa->Holozoa->Opisthokonta->Eukaryota->cellular organisms->life" nexsonid "node590921"
pgloadind     taxon mapping OTT ID 718917 taxonomy "Strobopagurus gracilipes->Strobopagurus->Parapaguridae->Paguroidea->Anomura->Pleocyemata->Decapoda->Eucarida->Eumalacostraca->Malacostraca->Crustacea->Pancrustacea->Mandibulata->Arthropoda->Panarthropoda->Ecdysozoa->Protostomia->Bilateria->Eumetazoa->Metazoa->Holozoa->Opisthokonta->Eukaryota->cellular organisms->life" nexsonid "node590923"
pgloadind     taxon mapping OTT ID 1050946 taxonomy "Sympagurus burkenroadi->Sympagurus->Parapaguridae->Paguroidea->Anomura->Pleocyemata->Decapoda->Eucarida->Eumalacostraca->Malacostraca->Crustacea->Pancrustacea->Mandibulata->Arthropoda->Panarthropoda->Ecdysozoa->Protostomia->Bilateria->Eumetazoa->Metazoa->Holozoa->Opisthokonta->Eukaryota->cellular organisms->life" nexsonid "node590924"
pgloadind     taxon mapping OTT ID 965743 taxonomy "Lomis hirta->Lomis->Lomidae->Lomoidea->Anomura->Pleocyemata->Decapoda->Eucarida->Eumalacostraca->Malacostraca->Crustacea->Pancrustacea->Mandibulata->Arthropoda->Panarthropoda->Ecdysozoa->Protostomia->Bilateria->Eumetazoa->Metazoa->Holozoa->Opisthokonta->Eukaryota->cellular organisms->life" nexsonid "node590927"
pgloadind     taxon mapping OTT ID 381323 taxonomy "Aegla alacalufi->Aegla->Aeglidae->Galatheoidea->Anomura->Pleocyemata->Decapoda->Eucarida->Eumalacostraca->Malacostraca->Crustacea->Pancrustacea->Mandibulata->Arthropoda->Panarthropoda->Ecdysozoa->Protostomia->Bilateria->Eumetazoa->Metazoa->Holozoa->Opisthokonta->Eukaryota->cellular organisms->life" nexsonid "node590929"
pgloadind     taxon mapping OTT ID 903696 taxonomy "Aegla neuquensis->Aegla->Aeglidae->Galatheoidea->Anomura->Pleocyemata->Decapoda->Eucarida->Eumalacostraca->Malacostraca->Crustacea->Pancrustacea->Mandibulata->Arthropoda->Panarthropoda->Ecdysozoa->Protostomia->Bilateria->Eumetazoa->Metazoa->Holozoa->Opisthokonta->Eukaryota->cellular organisms->life" nexsonid "node590930"
pgloadind     taxon mapping OTT ID 71606 taxonomy "Kiwa hirsuta->Kiwa->Kiwaidae->Galatheoidea->Anomura->Pleocyemata->Decapoda->Eucarida->Eumalacostraca->Malacostraca->Crustacea->Pancrustacea->Mandibulata->Arthropoda->Panarthropoda->Ecdysozoa->Protostomia->Bilateria->Eumetazoa->Metazoa->Holozoa->Opisthokonta->Eukaryota->cellular organisms->life" nexsonid "node590933"
pgloadind     taxon mapping OTT ID 564112 taxonomy "Eumunida funambulus->Eumunida->Chirostylidae->Galatheoidea->Anomura->Pleocyemata->Decapoda->Eucarida->Eumalacostraca->Malacostraca->Crustacea->Pancrustacea->Mandibulata->Arthropoda->Panarthropoda->Ecdysozoa->Protostomia->Bilateria->Eumetazoa->Metazoa->Holozoa->Opisthokonta->Eukaryota->cellular organisms->life" nexsonid "node590934"
pgloadind     taxon mapping OTT ID 719091 taxonomy "Uroptychodes grandirostris->Uroptychodes->Chirostylidae->Galatheoidea->Anomura->Pleocyemata->Decapoda->Eucarida->Eumalacostraca->Malacostraca->Crustacea->Pancrustacea->Mandibulata->Arthropoda->Panarthropoda->Ecdysozoa->Protostomia->Bilateria->Eumetazoa->Metazoa->Holozoa->Opisthokonta->Eukaryota->cellular organisms->life" nexsonid "node590935"
pgloadind     taxon mapping OTT ID 1069195 taxonomy "Xylocheles macrops->Xylocheles->Pylochelidae->Paguroidea->Anomura->Pleocyemata->Decapoda->Eucarida->Eumalacostraca->Malacostraca->Crustacea->Pancrustacea->Mandibulata->Arthropoda->Panarthropoda->Ecdysozoa->Protostomia->Bilateria->Eumetazoa->Metazoa->Holozoa->Opisthokonta->Eukaryota->cellular organisms->life" nexsonid "node590938"
pgloadind     taxon mapping OTT ID 814795 taxonomy "Pylocheles mortensenii->Pylocheles->Pylochelidae->Paguroidea->Anomura->Pleocyemata->Decapoda->Eucarida->Eumalacostraca->Malacostraca->Crustacea->Pancrustacea->Mandibulata->Arthropoda->Panarthropoda->Ecdysozoa->Protostomia->Bilateria->Eumetazoa->Metazoa->Holozoa->Opisthokonta->Eukaryota->cellular organisms->life" nexsonid "node590939"
pgloadind     taxon mapping OTT ID 995071 taxonomy "Cervimunida princeps->Cervimunida->Munididae->Galatheoidea->Anomura->Pleocyemata->Decapoda->Eucarida->Eumalacostraca->Malacostraca->Crustacea->Pancrustacea->Mandibulata->Arthropoda->Panarthropoda->Ecdysozoa->Protostomia->Bilateria->Eumetazoa->Metazoa->Holozoa->Opisthokonta->Eukaryota->cellular organisms->life" nexsonid "node590943"
pgloadind     taxon mapping OTT ID 449914 taxonomy "Munida albiapicula->Munida->Munididae->Galatheoidea->Anomura->Pleocyemata->Decapoda->Eucarida->Eumalacostraca->Malacostraca->Crustacea->Pancrustacea->Mandibulata->Arthropoda->Panarthropoda->Ecdysozoa->Protostomia->Bilateria->Eumetazoa->Metazoa->Holozoa->Opisthokonta->Eukaryota->cellular organisms->life" nexsonid "node590945"
pgloadind     taxon mapping OTT ID 1008656 taxonomy "Paramunida tricarinata->Paramunida->Munididae->Galatheoidea->Anomura->Pleocyemata->Decapoda->Eucarida->Eumalacostraca->Malacostraca->Crustacea->Pancrustacea->Mandibulata->Arthropoda->Panarthropoda->Ecdysozoa->Protostomia->Bilateria->Eumetazoa->Metazoa->Holozoa->Opisthokonta->Eukaryota->cellular organisms->life" nexsonid "node590946"
pgloadind     taxon mapping OTT ID 995079 taxonomy "Munidopsis formosa->Munidopsis->Galatheidae->Galatheoidea->Anomura->Pleocyemata->Decapoda->Eucarida->Eumalacostraca->Malacostraca->Crustacea->Pancrustacea->Mandibulata->Arthropoda->Panarthropoda->Ecdysozoa->Protostomia->Bilateria->Eumetazoa->Metazoa->Holozoa->Opisthokonta->Eukaryota->cellular organisms->life" nexsonid "node590948"
pgloadind     taxon mapping OTT ID 67571 taxonomy "Shinkaia crosnieri->Shinkaia->Galatheidae->Galatheoidea->Anomura->Pleocyemata->Decapoda->Eucarida->Eumalacostraca->Malacostraca->Crustacea->Pancrustacea->Mandibulata->Arthropoda->Panarthropoda->Ecdysozoa->Protostomia->Bilateria->Eumetazoa->Metazoa->Holozoa->Opisthokonta->Eukaryota->cellular organisms->life" nexsonid "node590949"
pgloadind     taxon mapping OTT ID 660882 taxonomy "Neopetrolisthes maculatus->Neopetrolisthes->Porcellanidae->Galatheoidea->Anomura->Pleocyemata->Decapoda->Eucarida->Eumalacostraca->Malacostraca->Crustacea->Pancrustacea->Mandibulata->Arthropoda->Panarthropoda->Ecdysozoa->Protostomia->Bilateria->Eumetazoa->Metazoa->Holozoa->Opisthokonta->Eukaryota->cellular organisms->life" nexsonid "node590952"
pgloadind     taxon mapping OTT ID 449918 taxonomy "Petrolisthes japonicus->Petrolisthes->Porcellanidae->Galatheoidea->Anomura->Pleocyemata->Decapoda->Eucarida->Eumalacostraca->Malacostraca->Crustacea->Pancrustacea->Mandibulata->Arthropoda->Panarthropoda->Ecdysozoa->Protostomia->Bilateria->Eumetazoa->Metazoa->Holozoa->Opisthokonta->Eukaryota->cellular organisms->life" nexsonid "node590953"
pgloadind     taxon mapping OTT ID 718964 taxonomy "Novorostrum indicum->Novorostrum->Porcellanidae->Galatheoidea->Anomura->Pleocyemata->Decapoda->Eucarida->Eumalacostraca->Malacostraca->Crustacea->Pancrustacea->Mandibulata->Arthropoda->Panarthropoda->Ecdysozoa->Protostomia->Bilateria->Eumetazoa->Metazoa->Holozoa->Opisthokonta->Eukaryota->cellular organisms->life" nexsonid "node590954"
pgloadind     taxon mapping OTT ID 2974687 taxonomy "Albunea occulatus->Albunea->Albuneidae->Hippoidea->Anomura->Pleocyemata->Decapoda->Eucarida->Eumalacostraca->Malacostraca->Crustacea->Pancrustacea->Mandibulata->Arthropoda->Panarthropoda->Ecdysozoa->Protostomia->Bilateria->Eumetazoa->Metazoa->Holozoa->Opisthokonta->Eukaryota->cellular organisms->life" nexsonid "node590956"
pgloadind     taxon mapping OTT ID 995075 taxonomy "Hippa adactyla->Hippa->Hippidae->Hippoidea->Anomura->Pleocyemata->Decapoda->Eucarida->Eumalacostraca->Malacostraca->Crustacea->Pancrustacea->Mandibulata->Arthropoda->Panarthropoda->Ecdysozoa->Protostomia->Bilateria->Eumetazoa->Metazoa->Holozoa->Opisthokonta->Eukaryota->cellular organisms->life" nexsonid "node590957"
done fixing name
pgloadind Finished with attempts to fix names
pgloadind   Checking for uniqueness of OTT IDs tree id "2661"
pgloadind   Adding tree to graph tree id "2661"
all trees have all taxa: false
	using bipartition technique
attempting to remap tips to deepest exemplified taxa
	Hippa adactyla was remapped to 'Hippidae' (id=2224680)
	Propagurus obtusifrons was remapped to 'Propagurus' (id=2220648)
	Oncopagurus orientalis was remapped to 'Oncopagurus' (id=2222130)
	Paramunida tricarinata was remapped to 'Paramunida' (id=2224090)
	Uroptychodes grandirostris was remapped to 'Uroptychodes' (id=2223568)
	Michelopagurus limatulus was remapped to 'Michelopagurus' (id=2220806)
	Calcinus laevimanus was remapped to 'Calcinus' (id=2221834)
	Xylocheles macrops was remapped to 'Xylocheles' (id=2222314)
	Cervimunida princeps was remapped to 'Cervimunida' (id=2223647)
	Spiropagurus profundorum was remapped to 'Spiropagurus' (id=2220845)
	Shinkaia crosnieri was remapped to 'Shinkaia' (id=2224617)
	Strobopagurus gracilipes was remapped to 'Strobopagurus' (id=2222123)
	Albunea occulatus was remapped to 'Albuneidae' (id=2224746)
	Pagurodofleinia doederleini was remapped to 'Pagurodofleinia' (id=2220639)
	Munida albiapicula was remapped to 'Munida' (id=2223720)
	Lithodes turritus was remapped to 'Lithodes' (id=2222364)
	Sympagurus burkenroadi was remapped to 'Sympagurus' (id=2222156)
	Eumunida funambulus was remapped to 'Eumunida' (id=2223300)
	Petrolisthes japonicus was remapped to 'Petrolisthes' (id=2222695)
	Neopetrolisthes maculatus was remapped to 'Neopetrolisthes' (id=2222987)
	Novorostrum indicum was remapped to 'Novorostrum' (id=2222979)
	Icelopagurus crosnieri was remapped to 'Icelopagurus' (id=2220814)
	Munidopsis formosa was remapped to 'Munidopsis' (id=2224159)
	Neolithodes nipponensis was remapped to 'Neolithodes' (id=2222555)
	Kiwa hirsuta was remapped to 'Kiwaidae' (id=2223592)
	Lomis hirta was remapped to 'Lomoidea' (id=2222655)
	Pylocheles mortensenii was remapped to 'Pylocheles' (id=2222279)
this is the ROOT
placing root in index
Dealing with metadata property: id
Dealing with metadata property: ot:studyPublicationReference
Adding property 'ot:studyPublicationReference': Tsang L., Chan T., Ahyong S., & Chu K. 2011. Hermit to king, or hermit to all: Multiple transitions to crab-like forms from hermit crab ancestors. Systematic Biology, .
Dealing with metadata property: ot:studyYear
Adding property 'ot:studyYear': 2011
Dealing with metadata property: ot:inGroupClade
Adding property 'ot:inGroupClade': node590867
Dealing with metadata property: ot:branchLengthMode
Adding property 'ot:branchLengthMode': ot:substitutionCount
Dealing with metadata property: ot:curatorName
Adding property 'ot:curatorName': Chris Owen
Dealing with metadata property: ot:studyPublication
Adding property 'ot:studyPublication': http://dx.doi.org/10.1093/sysbio/syr063
Dealing with metadata property: ot:focalClade
Adding property 'ot:focalClade': 163555
Dealing with metadata property: ot:studyId
Adding property 'ot:studyId': 1252
Dealing with metadata property: ot:dataDeposit
Adding property 'ot:dataDeposit': http://purl.org/phylo/treebase/phylows/study/TB2:S11410
Committing nodes: 89
	adding Node[2222594] Coenobitidae 1016527 as compatible with Node[2222595]
		adding Relationship[8163596]
		adding to root Relationship[8163597]
	adding Node[2223208] Aeglidae 331847 as compatible with Node[2223209]
		adding Relationship[8163598]
		adding to root Relationship[8163599]
