pgloadind OTUs number 140
pgloadind Processing tree @id "2978"
pgloadind   tree info number nodes 250
pgloadind   tree info number edges 249
pgloadind   Ingested tree number of external nodes 126
pgloadind   property added ot:studyPublicationReference "Evans N., Lindner A., Raikova E., Collins A., & Cartwright P. 2008. Phylogenetic placement of the enigmatic parasite, Polypodium hydriforme, within the Phylum Cnidaria. BMC Evolutionary Biology 8(1): 139."
pgloadind   property added ot:studyPublication "http://dx.doi.org/10.1186/1471-2148-8-139"
pgloadind   property added ot:curatorName "Jiabin Deng"
pgloadind   property added ot:dataDeposit "http://purl.org/phylo/treebase/phylows/study/TB2:S2068"
pgloadind   property added ot:studyId "1482"
pgloadind   property added ot:studyYear "2008"
pgloadind   property added ot:focalClade "212023"
pgloadind   property added ot:focalCladeOTTTaxonName "Polypodium"
pgloadind   property added ot:curatedType "Fig. 2a"
pgloadind Processing tree @id "2979"
pgloadind   tree info number nodes 248
pgloadind   tree info number edges 247
pgloadind   Ingested tree number of external nodes 125
pgloadind   property added ot:studyPublicationReference "Evans N., Lindner A., Raikova E., Collins A., & Cartwright P. 2008. Phylogenetic placement of the enigmatic parasite, Polypodium hydriforme, within the Phylum Cnidaria. BMC Evolutionary Biology 8(1): 139."
pgloadind   property added ot:studyPublication "http://dx.doi.org/10.1186/1471-2148-8-139"
pgloadind   property added ot:curatorName "Jiabin Deng"
pgloadind   property added ot:dataDeposit "http://purl.org/phylo/treebase/phylows/study/TB2:S2068"
pgloadind   property added ot:studyId "1482"
pgloadind   property added ot:studyYear "2008"
pgloadind   property added ot:focalClade "212023"
pgloadind   property added ot:focalCladeOTTTaxonName "Polypodium"
pgloadind   property added ot:curatedType "Fig. 3B"
pgloadind Processing tree @id "2980"
pgloadind   tree info number nodes 224
pgloadind   tree info number edges 223
pgloadind   Ingested tree number of external nodes 126
pgloadind   property added ot:studyPublicationReference "Evans N., Lindner A., Raikova E., Collins A., & Cartwright P. 2008. Phylogenetic placement of the enigmatic parasite, Polypodium hydriforme, within the Phylum Cnidaria. BMC Evolutionary Biology 8(1): 139."
pgloadind   property added ot:studyPublication "http://dx.doi.org/10.1186/1471-2148-8-139"
pgloadind   property added ot:curatorName "Jiabin Deng"
pgloadind   property added ot:dataDeposit "http://purl.org/phylo/treebase/phylows/study/TB2:S2068"
pgloadind   property added ot:studyId "1482"
pgloadind   property added ot:studyYear "2008"
pgloadind   property added ot:focalClade "212023"
pgloadind   property added ot:focalCladeOTTTaxonName "Polypodium"
pgloadind   property added ot:curatedType "Fig. 2b"
pgloadind Processing tree @id "2981"
pgloadind   tree info number nodes 262
pgloadind   tree info number edges 261
pgloadind   Ingested tree number of external nodes 132
pgloadind   property added ot:studyPublicationReference "Evans N., Lindner A., Raikova E., Collins A., & Cartwright P. 2008. Phylogenetic placement of the enigmatic parasite, Polypodium hydriforme, within the Phylum Cnidaria. BMC Evolutionary Biology 8(1): 139."
pgloadind   property added ot:studyPublication "http://dx.doi.org/10.1186/1471-2148-8-139"
pgloadind   property added ot:curatorName "Jiabin Deng"
pgloadind   property added ot:dataDeposit "http://purl.org/phylo/treebase/phylows/study/TB2:S2068"
pgloadind   property added ot:studyId "1482"
pgloadind   property added ot:studyYear "2008"
pgloadind   property added ot:focalClade "212023"
pgloadind   property added ot:focalCladeOTTTaxonName "Polypodium"
pgloadind   property added ot:curatedType "Fig. 3A"
pgloadind Processing tree @id "5228"
pgloadind   tree info number nodes 263
pgloadind   tree info number edges 262
pgloadind   tree info ingroup "node906869"
pgloadind   Setting ingroup root node.
pgloadind   Ingested tree number of external nodes 120
pgloadind   property added ot:studyPublicationReference "Evans N., Lindner A., Raikova E., Collins A., & Cartwright P. 2008. Phylogenetic placement of the enigmatic parasite, Polypodium hydriforme, within the Phylum Cnidaria. BMC Evolutionary Biology 8(1): 139."
pgloadind   property added ot:studyPublication "http://dx.doi.org/10.1186/1471-2148-8-139"
pgloadind   property added ot:curatorName "Jiabin Deng"
pgloadind   property added ot:dataDeposit "http://purl.org/phylo/treebase/phylows/study/TB2:S2068"
pgloadind   property added ot:studyId "1482"
pgloadind   property added ot:studyYear "2008"
pgloadind   property added ot:focalClade "212023"
pgloadind   property added ot:focalCladeOTTTaxonName "Polypodium"
pgloadind   property added ot:inGroupClade "node906869"
pgloadind   property added ot:curatedType "ML Fig3A - rooted"
loading a specific tree: 5228
skipping tree: 2978
skipping tree: 2979
skipping tree: 2980
skipping tree: 2981
pgloadind conducting TNRS on trees
pgloadind   name fixing on tree tree id "5228"
pgloadind     OTT ID missing name "Darwin carybdeid sp AF358105" nexsonid "node906970"
pgloadind     OTT ID missing name "Brinckmannia hexactinellidophila 92074" nexsonid "node907034"
pgloadind     OTT ID missing name "Dipurena ophiogaster 92472" nexsonid "node907107"
pgloadind   TNRS unmatched total number 3
pgloadind     pruning unmapped name "Dipurena ophiogaster 92472" nexsonid "node907107"
pgloadind     pruning unmapped name "Brinckmannia hexactinellidophila 92074" nexsonid "node907034"
pgloadind     pruning unmapped name "Darwin carybdeid sp AF358105" nexsonid "node906970"
pgloadind     OTT ID reused in tree
pgloadind       duplicate name "Polypodium hydriforme" nexsonid "node906874"
pgloadind       duplicate OTT ID 212026
pgloadind     pruning dups and overlapping name "Polypodium hydriforme" nexsonid "node906874"
pgloadind   postpruning newick tree "((((((Myxobolus_dogieli,Myxobolus_cerebralis),((Kudoa_unicapsula,Kudoa_trifolia),Parvicapsula_limandae)),Buddenbrockia_plumatellae),Polypodium_hydriforme),(Meara_stichopi,(Caenorhabditis_elegans,((Strongylocentrotus_purpuratus,(Balanoglossus,(Ptychodera_flava,((Saccoglossus_kowalevskii,Harrimania_planktophilus),Cephalodiscus_gracilis)))),(((Styela_plicata,Thalia_democratica),(Petromyzon_marinus,(Oncorhynchus_kisutch,(Okamejei_schmidti,Triakis_semifasciata)))),(((Stylochus_zebra,Diclidophora_denticulata),Stenostomum_leucops),(((((Phascolopsis_gouldii,Urechis_caupo),(Placopecten_magellanicus,Phoronis_ijimai)),Parvicardium_minimum),(Proceraea_cornuta,Amphiporus_sp_AMNH1)),(Chordodes_morgani,(((Limulus_polyphemus,Tenebrio_molitor),Milnesium_tardigradum),(Peripatus_sp_Per2,(Priapulus_caudatus,Pycnophyes_sp_Tjarno))))))))))),((((Antipathes_galapagensis,Montastraea_franksi),((Atolla_vanhoeffeni,Nausithoe_rubra),(Chrysaora_melanaster,(Aurelia_sp_AGC-2005,(Phacellophora_camtschatica,Catostylus_sp_AGC-2001))))),(((Chiropsalmus_sp_AGC-2001,Chironex_fleckeri),(Carybdea_rastonii,Tripedalia)),((Haliclystus_sanjuanensis,Haliclystus_octoradiatus),Craterolophus_convolvulus))),((Olindias_phosphorica,Limnocnida_tanganyicae),((((((Lepidopora_microstylus,(Pseudocrypthelia_pachypoma,Crypthelia_cryptotrema)),Adelopora_crassilabrum),(Podocoryna_carnea,Clava_multicornis)),Clavactinia_gallensis),Hydractinia_symbiolongicarpus),((((Turritopsis_dohrnii,(Corydendrium_sp_PC-2008,(Koellikerina_fasciculata,Garveia_grisea))),(Rhizogeton_nudus,(((Candelabrum_cocksii,Hydra_circumcincta),(Corymorpha_bigelowi,(Zyzzyzus_calderi,(Ectopleura_dumortierii,Ralpharia_gorgoniae)))),Bougainvillia_carolinensis))),(((Proboscidactyla_ornata,Fabienna_sphaerica),(Hydrichthella_epigorgia,Dicoryne_conybearei)),(Eudendrium_racemosum,(((Lizzia_blondina,Rathkea_octopunctata),Garveia_sp_CC-2005),((Pandea_sp_AGC-2005,Hydrichthys_boycei),Leuckartiara_octona))))),(((Cordylophora_caspia,Bimeria_vestita),Pachycordyle_pusilla),(((Apolemia_sp_3_CWD-2005,(((Agalma_elegans,Halistemma_rubrum),Nanomia_bijuga),(Cordagalma_cordiforme,(Physophora_hydrostatica,(Nectopyramis_sp_AGC-2001,Sulculeolaria_quadrivalvis))))),((((((Abietinaria_filicula,Amphisbetia_minima),((Plumularia_setacea,Halopteris_minuta),Aglaophenia_tubiformis)),Halecium_muricatum),Anthohebella_parasitica),(Clytia_noliformis,Octophialucium_indicum)),Melicertum_octocostatum)),((Scrippsia_pacifica,Polyorchis_penicillatus),((((Porpita_sp_AGC-2001,Velella_sp_AGC-2001),(Solanderia_ericopsis,Zanclea_prolifera)),(Cladocoryne_floccosa,Moerisia_sp_AGC-2001)),Pennaria_disticha)))))))))"
pgloadind   taxon mapping summary
pgloadind     taxon mapping OTT ID 610115 taxonomy "Myxobolus dogieli->Myxobolus->Myxobolidae->Platysporina->Bivalvulida->Myxosporea->Myxozoa->Cnidaria->Eumetazoa->Metazoa->Holozoa->Opisthokonta->Eukaryota->cellular organisms->life" nexsonid "node906878"
pgloadind     taxon mapping OTT ID 861072 taxonomy "Myxobolus cerebralis->Myxobolus->Myxobolidae->Platysporina->Bivalvulida->Myxosporea->Myxozoa->Cnidaria->Eumetazoa->Metazoa->Holozoa->Opisthokonta->Eukaryota->cellular organisms->life" nexsonid "node906879"
pgloadind     taxon mapping OTT ID 774645 taxonomy "Kudoa unicapsula->Kudoa->Kudoidae->Multivalvulida->Myxosporea->Myxozoa->Cnidaria->Eumetazoa->Metazoa->Holozoa->Opisthokonta->Eukaryota->cellular organisms->life" nexsonid "node906882"
pgloadind     taxon mapping OTT ID 43892 taxonomy "Kudoa trifolia->Kudoa->Kudoidae->Multivalvulida->Myxosporea->Myxozoa->Cnidaria->Eumetazoa->Metazoa->Holozoa->Opisthokonta->Eukaryota->cellular organisms->life" nexsonid "node906883"
pgloadind     taxon mapping OTT ID 91454 taxonomy "Parvicapsula limandae->Parvicapsula->Parvicapsulidae->Variisporina->Bivalvulida->Myxosporea->Myxozoa->Cnidaria->Eumetazoa->Metazoa->Holozoa->Opisthokonta->Eukaryota->cellular organisms->life" nexsonid "node906884"
pgloadind     taxon mapping OTT ID 918957 taxonomy "Buddenbrockia plumatellae->Buddenbrockia->Saccosporidae->Malacovalvulida->Malacosporea->Myxozoa->Cnidaria->Eumetazoa->Metazoa->Holozoa->Opisthokonta->Eukaryota->cellular organisms->life" nexsonid "node906885"
pgloadind     taxon mapping OTT ID 212026 taxonomy "Polypodium hydriforme->Polypodium->Polypodiidae->Narcomedusae->Trachylina->Hydrozoa->Cnidaria->Eumetazoa->Metazoa->Holozoa->Opisthokonta->Eukaryota->cellular organisms->life" nexsonid "node906873"
pgloadind     taxon mapping OTT ID 696822 taxonomy "Meara stichopi->Meara->Nemertodermatidae->Nemertodermatida->Bilateria->Eumetazoa->Metazoa->Holozoa->Opisthokonta->Eukaryota->cellular organisms->life" nexsonid "node906887"
pgloadind     taxon mapping OTT ID 395048 taxonomy "Caenorhabditis elegans->Caenorhabditis->Peloderinae->Rhabditidae->Rhabditoidea->Rhabditida->Chromadorea->Nematoda->Ecdysozoa->Protostomia->Bilateria->Eumetazoa->Metazoa->Holozoa->Opisthokonta->Eukaryota->cellular organisms->life" nexsonid "node906889"
pgloadind     taxon mapping OTT ID 564702 taxonomy "Strongylocentrotus purpuratus->Strongylocentrotus->Strongylocentrotidae->Echinoida->Echinacea->Euechinoidea->Echinoidea->Echinozoa->Eleutherozoa->Echinodermata->Deuterostomia->Bilateria->Eumetazoa->Metazoa->Holozoa->Opisthokonta->Eukaryota->cellular organisms->life" nexsonid "node906892"
pgloadind     taxon mapping OTT ID 157867 taxonomy "Balanoglossus->Ptychoderidae->Enteropneusta (no Orders recognised)->Enteropneusta->Hemichordata->Deuterostomia->Bilateria->Eumetazoa->Metazoa->Holozoa->Opisthokonta->Eukaryota->cellular organisms->life" nexsonid "node906894"
pgloadind     taxon mapping OTT ID 768590 taxonomy "Ptychodera flava->Ptychodera->Ptychoderidae->Enteropneusta (no Orders recognised)->Enteropneusta->Hemichordata->Deuterostomia->Bilateria->Eumetazoa->Metazoa->Holozoa->Opisthokonta->Eukaryota->cellular organisms->life" nexsonid "node906896"
pgloadind     taxon mapping OTT ID 570370 taxonomy "Saccoglossus kowalevskii->Saccoglossus->Harrimaniidae->Enteropneusta (no Orders recognised)->Enteropneusta->Hemichordata->Deuterostomia->Bilateria->Eumetazoa->Metazoa->Holozoa->Opisthokonta->Eukaryota->cellular organisms->life" nexsonid "node906899"
pgloadind     taxon mapping OTT ID 980514 taxonomy "Harrimania planktophilus->Harrimania->Harrimaniidae->Enteropneusta (no Orders recognised)->Enteropneusta->Hemichordata->Deuterostomia->Bilateria->Eumetazoa->Metazoa->Holozoa->Opisthokonta->Eukaryota->cellular organisms->life" nexsonid "node906900"
pgloadind     taxon mapping OTT ID 197171 taxonomy "Cephalodiscus gracilis->Cephalodiscus->Cephalodiscidae->Cephalodiscida->Pterobranchia->Hemichordata->Deuterostomia->Bilateria->Eumetazoa->Metazoa->Holozoa->Opisthokonta->Eukaryota->cellular organisms->life" nexsonid "node906901"
pgloadind     taxon mapping OTT ID 750985 taxonomy "Styela plicata->Styela->Styelidae->Stolidobranchia->Ascidiacea->Tunicata->Chordata->Deuterostomia->Bilateria->Eumetazoa->Metazoa->Holozoa->Opisthokonta->Eukaryota->cellular organisms->life" nexsonid "node906905"
pgloadind     taxon mapping OTT ID 674935 taxonomy "Thalia democratica->Thalia->Salpidae->Salpida->Thaliacea->Tunicata->Chordata->Deuterostomia->Bilateria->Eumetazoa->Metazoa->Holozoa->Opisthokonta->Eukaryota->cellular organisms->life" nexsonid "node906906"
pgloadind     taxon mapping OTT ID 227494 taxonomy "Petromyzon marinus->Petromyzon->Petromyzontidae->Petromyzontiformes->Hyperoartia->Vertebrata->Craniata->Chordata->Deuterostomia->Bilateria->Eumetazoa->Metazoa->Holozoa->Opisthokonta->Eukaryota->cellular organisms->life" nexsonid "node906908"
pgloadind     taxon mapping OTT ID 739917 taxonomy "Oncorhynchus kisutch->Oncorhynchus->Salmoninae->Salmonidae->Salmonoidei->Salmoniformes->Protacanthopterygii->Euteleostei->Clupeocephala->Elopocephala->Teleostei->Neopterygii->Actinopteri->Actinopterygii->Euteleostomi->Teleostomi->Gnathostomata->Vertebrata->Craniata->Chordata->Deuterostomia->Bilateria->Eumetazoa->Metazoa->Holozoa->Opisthokonta->Eukaryota->cellular organisms->life" nexsonid "node906910"
pgloadind     taxon mapping OTT ID 334046 taxonomy "Okamejei schmidti->Okamejei->Rajidae->Rajiformes->Batoidea->Elasmobranchii->Chondrichthyes->Gnathostomata->Vertebrata->Craniata->Chordata->Deuterostomia->Bilateria->Eumetazoa->Metazoa->Holozoa->Opisthokonta->Eukaryota->cellular organisms->life" nexsonid "node906912"
pgloadind     taxon mapping OTT ID 32029 taxonomy "Triakis semifasciata->Triakis->Triakidae->Carcharhiniformes->Galeoidea->Galeomorphii->Selachii->Elasmobranchii->Chondrichthyes->Gnathostomata->Vertebrata->Craniata->Chordata->Deuterostomia->Bilateria->Eumetazoa->Metazoa->Holozoa->Opisthokonta->Eukaryota->cellular organisms->life" nexsonid "node906913"
pgloadind     taxon mapping OTT ID 888218 taxonomy "Stylochus zebra->Stylochus->Stylochinae->Stylochidae->Stylochoidea->Acotylea->Polycladida->Rhabditophora->Platyhelminthes->Lophotrochozoa->Protostomia->Bilateria->Eumetazoa->Metazoa->Holozoa->Opisthokonta->Eukaryota->cellular organisms->life" nexsonid "node906917"
pgloadind     taxon mapping OTT ID 673863 taxonomy "Diclidophora denticulata->Diclidophora->Diclidophoridae->Polyopisthocotylea->Monogenea->Platyhelminthes->Lophotrochozoa->Protostomia->Bilateria->Eumetazoa->Metazoa->Holozoa->Opisthokonta->Eukaryota->cellular organisms->life" nexsonid "node906918"
pgloadind     taxon mapping OTT ID 965494 taxonomy "Stenostomum leucops->Stenostomum->Stenostomidae->Catenulida->Platyhelminthes->Lophotrochozoa->Protostomia->Bilateria->Eumetazoa->Metazoa->Holozoa->Opisthokonta->Eukaryota->cellular organisms->life" nexsonid "node906919"
pgloadind     taxon mapping OTT ID 802123 taxonomy "Phascolopsis gouldii->Phascolopsis->Sipunculidae->Golfingiida->Sipunculidea->Sipuncula->Polychaeta->Annelida->Lophotrochozoa->Protostomia->Bilateria->Eumetazoa->Metazoa->Holozoa->Opisthokonta->Eukaryota->cellular organisms->life" nexsonid "node906925"
pgloadind     taxon mapping OTT ID 76608 taxonomy "Urechis caupo->Urechis->Urechidae->Xenopneusta->Echiura->Polychaeta->Annelida->Lophotrochozoa->Protostomia->Bilateria->Eumetazoa->Metazoa->Holozoa->Opisthokonta->Eukaryota->cellular organisms->life" nexsonid "node906926"
pgloadind     taxon mapping OTT ID 449041 taxonomy "Placopecten magellanicus->Placopecten->Pectinidae->Pectinoidea->Pectinoida->Pteriomorphia->Bivalvia->Mollusca->Lophotrochozoa->Protostomia->Bilateria->Eumetazoa->Metazoa->Holozoa->Opisthokonta->Eukaryota->cellular organisms->life" nexsonid "node906928"
pgloadind     taxon mapping OTT ID 358224 taxonomy "Phoronis ijimai->Phoronis->Phoronidae->Phoronida (no Orders recognised)->Phoronida (no Class recognised)->Phoroniformea->Brachiopoda->Lophotrochozoa->Protostomia->Bilateria->Eumetazoa->Metazoa->Holozoa->Opisthokonta->Eukaryota->cellular organisms->life" nexsonid "node906929"
pgloadind     taxon mapping OTT ID 298590 taxonomy "Parvicardium minimum->Parvicardium->Cardiidae->Cardioidea->Veneroida->Heteroconchia->Bivalvia->Mollusca->Lophotrochozoa->Protostomia->Bilateria->Eumetazoa->Metazoa->Holozoa->Opisthokonta->Eukaryota->cellular organisms->life" nexsonid "node906930"
pgloadind     taxon mapping OTT ID 516000 taxonomy "Proceraea cornuta->Proceraea->Syllidae->Phyllodocida->Aciculata->Palpata->Polychaeta->Annelida->Lophotrochozoa->Protostomia->Bilateria->Eumetazoa->Metazoa->Holozoa->Opisthokonta->Eukaryota->cellular organisms->life" nexsonid "node906932"
pgloadind     taxon mapping OTT ID 598517 taxonomy "Amphiporus sp. AMNH1->Amphiporus->Amphiporidae->Monostilifera->Hoplonemertea->Enopla->Nemertea->Lophotrochozoa->Protostomia->Bilateria->Eumetazoa->Metazoa->Holozoa->Opisthokonta->Eukaryota->cellular organisms->life" nexsonid "node906933"
pgloadind     taxon mapping OTT ID 998436 taxonomy "Chordodes morgani->Chordodes->Chordodidae->Chordodoidea->Chordodea->Gordioida->Nematomorpha->Ecdysozoa->Protostomia->Bilateria->Eumetazoa->Metazoa->Holozoa->Opisthokonta->Eukaryota->cellular organisms->life" nexsonid "node906935"
pgloadind     taxon mapping OTT ID 511973 taxonomy "Limulus polyphemus->Limulus->Limulidae->Xiphosura->Merostomata->Chelicerata->Arthropoda->Panarthropoda->Ecdysozoa->Protostomia->Bilateria->Eumetazoa->Metazoa->Holozoa->Opisthokonta->Eukaryota->cellular organisms->life" nexsonid "node906939"
pgloadind     taxon mapping OTT ID 1093470 taxonomy "Tenebrio molitor->Tenebrio->Tenebrioninae->Tenebrionidae->Tenebrionoidea->Cucujiformia->Polyphaga->Coleoptera->Endopterygota->Neoptera->Pterygota->Dicondylia->Insecta->Hexapoda->Pancrustacea->Mandibulata->Arthropoda->Panarthropoda->Ecdysozoa->Protostomia->Bilateria->Eumetazoa->Metazoa->Holozoa->Opisthokonta->Eukaryota->cellular organisms->life" nexsonid "node906940"
pgloadind     taxon mapping OTT ID 13567 taxonomy "Milnesium tardigradum->Milnesium->Milnesiidae->Apochela->Eutardigrada->Tardigrada->Panarthropoda->Ecdysozoa->Protostomia->Bilateria->Eumetazoa->Metazoa->Holozoa->Opisthokonta->Eukaryota->cellular organisms->life" nexsonid "node906941"
pgloadind     taxon mapping OTT ID 235494 taxonomy "Peripatus sp. Per2->Peripatus->Peripatidae->Euonychophora->Udeonychophora->Onychophora->Panarthropoda->Ecdysozoa->Protostomia->Bilateria->Eumetazoa->Metazoa->Holozoa->Opisthokonta->Eukaryota->cellular organisms->life" nexsonid "node906943"
pgloadind     taxon mapping OTT ID 1033111 taxonomy "Priapulus caudatus->Priapulus->Priapulidae->Priapulimorphida->Priapulimorpha->Priapulida->Scalidophora->Ecdysozoa->Protostomia->Bilateria->Eumetazoa->Metazoa->Holozoa->Opisthokonta->Eukaryota->cellular organisms->life" nexsonid "node906945"
pgloadind     taxon mapping OTT ID 670452 taxonomy "Pycnophyes sp. Tjarno->Pycnophyes->Pycnophyidae->Homalorhagida->Kinorhyncha->Scalidophora->Ecdysozoa->Protostomia->Bilateria->Eumetazoa->Metazoa->Holozoa->Opisthokonta->Eukaryota->cellular organisms->life" nexsonid "node906946"
pgloadind     taxon mapping OTT ID 80609 taxonomy "Antipathes galapagensis->Antipathes->Antipathidae->Antipatharia->Hexacorallia->Anthozoa->Cnidaria->Eumetazoa->Metazoa->Holozoa->Opisthokonta->Eukaryota->cellular organisms->life" nexsonid "node906951"
pgloadind     taxon mapping OTT ID 955289 taxonomy "Montastraea franksi->Montastraea->Montastraeidae->Faviina->Scleractinia->Hexacorallia->Anthozoa->Cnidaria->Eumetazoa->Metazoa->Holozoa->Opisthokonta->Eukaryota->cellular organisms->life" nexsonid "node906952"
pgloadind     taxon mapping OTT ID 849123 taxonomy "Atolla vanhoeffeni->Atolla->Atollidae->Coronatae->Scyphozoa->Cnidaria->Eumetazoa->Metazoa->Holozoa->Opisthokonta->Eukaryota->cellular organisms->life" nexsonid "node906955"
pgloadind     taxon mapping OTT ID 985077 taxonomy "Nausithoe rubra->Nausithoe->Nausithoidae->Coronatae->Scyphozoa->Cnidaria->Eumetazoa->Metazoa->Holozoa->Opisthokonta->Eukaryota->cellular organisms->life" nexsonid "node906956"
pgloadind     taxon mapping OTT ID 883634 taxonomy "Chrysaora melanaster->Chrysaora->Pelagiidae->Semaeostomeae->Scyphozoa->Cnidaria->Eumetazoa->Metazoa->Holozoa->Opisthokonta->Eukaryota->cellular organisms->life" nexsonid "node906958"
pgloadind     taxon mapping OTT ID 743051 taxonomy "Aurelia sp. AGC-2005->Aurelia->Ulmaridae->Semaeostomeae->Scyphozoa->Cnidaria->Eumetazoa->Metazoa->Holozoa->Opisthokonta->Eukaryota->cellular organisms->life" nexsonid "node906960"
pgloadind     taxon mapping OTT ID 263059 taxonomy "Phacellophora camtschatica->Phacellophora->Ulmaridae->Semaeostomeae->Scyphozoa->Cnidaria->Eumetazoa->Metazoa->Holozoa->Opisthokonta->Eukaryota->cellular organisms->life" nexsonid "node906962"
pgloadind     taxon mapping OTT ID 883628 taxonomy "Catostylus sp. AGC-2001->Catostylus->Catostylidae->Rhizostomeae->Scyphozoa->Cnidaria->Eumetazoa->Metazoa->Holozoa->Opisthokonta->Eukaryota->cellular organisms->life" nexsonid "node906963"
pgloadind     taxon mapping OTT ID 883629 taxonomy "Chiropsalmus sp. AGC-2001->Chiropsalmus->Chiropsalmidae->Chirodropida->Cubozoa->Cnidaria->Eumetazoa->Metazoa->Holozoa->Opisthokonta->Eukaryota->cellular organisms->life" nexsonid "node906967"
pgloadind     taxon mapping OTT ID 146028 taxonomy "Chironex fleckeri->Chironex->Chirodropidae->Chirodropida->Cubozoa->Cnidaria->Eumetazoa->Metazoa->Holozoa->Opisthokonta->Eukaryota->cellular organisms->life" nexsonid "node906968"
pgloadind     taxon mapping OTT ID 231277 taxonomy "Carybdea rastonii->Carybdea->Carybdeidae->Carybdeida->Cubozoa->Cnidaria->Eumetazoa->Metazoa->Holozoa->Opisthokonta->Eukaryota->cellular organisms->life" nexsonid "node906972"
pgloadind     taxon mapping OTT ID 983583 taxonomy "Tripedalia->Tripedaliidae->Carybdeida->Cubozoa->Cnidaria->Eumetazoa->Metazoa->Holozoa->Opisthokonta->Eukaryota->cellular organisms->life" nexsonid "node906973"
pgloadind     taxon mapping OTT ID 309092 taxonomy "Haliclystus sanjuanensis->Haliclystus->Lucernariidae->Stauromedusae->Cnidaria->Eumetazoa->Metazoa->Holozoa->Opisthokonta->Eukaryota->cellular organisms->life" nexsonid "node906976"
pgloadind     taxon mapping OTT ID 668470 taxonomy "Haliclystus octoradiatus->Haliclystus->Lucernariidae->Stauromedusae->Cnidaria->Eumetazoa->Metazoa->Holozoa->Opisthokonta->Eukaryota->cellular organisms->life" nexsonid "node906977"
pgloadind     taxon mapping OTT ID 570658 taxonomy "Craterolophus convolvulus->Craterolophus->Depastridae->Stauromedusae->Cnidaria->Eumetazoa->Metazoa->Holozoa->Opisthokonta->Eukaryota->cellular organisms->life" nexsonid "node906978"
pgloadind     taxon mapping OTT ID 757863 taxonomy "Olindias phosphorica->Olindias->Olindiidae->Limnomedusae->Hydroida->Hydrozoa->Cnidaria->Eumetazoa->Metazoa->Holozoa->Opisthokonta->Eukaryota->cellular organisms->life" nexsonid "node906981"
pgloadind     taxon mapping OTT ID 696569 taxonomy "Limnocnida tanganyicae->Limnocnida->Olindiidae->Limnomedusae->Hydroida->Hydrozoa->Cnidaria->Eumetazoa->Metazoa->Holozoa->Opisthokonta->Eukaryota->cellular organisms->life" nexsonid "node906982"
pgloadind     taxon mapping OTT ID 456806 taxonomy "Lepidopora microstylus->Lepidopora->Stylasteridae->Stylasterina->Hydrozoa->Cnidaria->Eumetazoa->Metazoa->Holozoa->Opisthokonta->Eukaryota->cellular organisms->life" nexsonid "node906989"
pgloadind     taxon mapping OTT ID 456799 taxonomy "Pseudocrypthelia pachypoma->Pseudocrypthelia->Stylasteridae->Stylasterina->Hydrozoa->Cnidaria->Eumetazoa->Metazoa->Holozoa->Opisthokonta->Eukaryota->cellular organisms->life" nexsonid "node906991"
pgloadind     taxon mapping OTT ID 231171 taxonomy "Crypthelia cryptotrema->Crypthelia->Stylasteridae->Stylasterina->Hydrozoa->Cnidaria->Eumetazoa->Metazoa->Holozoa->Opisthokonta->Eukaryota->cellular organisms->life" nexsonid "node906992"
pgloadind     taxon mapping OTT ID 805153 taxonomy "Adelopora crassilabrum->Adelopora->Stylasteridae->Stylasterina->Hydrozoa->Cnidaria->Eumetazoa->Metazoa->Holozoa->Opisthokonta->Eukaryota->cellular organisms->life" nexsonid "node906993"
pgloadind     taxon mapping OTT ID 612106 taxonomy "Podocoryna carnea->Podocoryna->Hydractiniidae->Anthomedusae->Hydroida->Hydrozoa->Cnidaria->Eumetazoa->Metazoa->Holozoa->Opisthokonta->Eukaryota->cellular organisms->life" nexsonid "node906995"
pgloadind     taxon mapping OTT ID 805175 taxonomy "Clava multicornis->Clava->Hydractiniidae->Anthomedusae->Hydroida->Hydrozoa->Cnidaria->Eumetazoa->Metazoa->Holozoa->Opisthokonta->Eukaryota->cellular organisms->life" nexsonid "node906996"
pgloadind     taxon mapping OTT ID 231166 taxonomy "Clavactinia gallensis->Clavactinia->Hydractiniidae->Anthomedusae->Hydroida->Hydrozoa->Cnidaria->Eumetazoa->Metazoa->Holozoa->Opisthokonta->Eukaryota->cellular organisms->life" nexsonid "node906997"
pgloadind     taxon mapping OTT ID 35793 taxonomy "Hydractinia symbiolongicarpus->Hydractinia->Hydractiniidae->Anthomedusae->Hydroida->Hydrozoa->Cnidaria->Eumetazoa->Metazoa->Holozoa->Opisthokonta->Eukaryota->cellular organisms->life" nexsonid "node906998"
pgloadind     taxon mapping OTT ID 566397 taxonomy "Turritopsis dohrnii->Turritopsis->Oceaniidae->Anthomedusae->Hydroida->Hydrozoa->Cnidaria->Eumetazoa->Metazoa->Holozoa->Opisthokonta->Eukaryota->cellular organisms->life" nexsonid "node907003"
pgloadind     taxon mapping OTT ID 231169 taxonomy "Corydendrium sp. PC-2008->Corydendrium->Oceaniidae->Anthomedusae->Hydroida->Hydrozoa->Cnidaria->Eumetazoa->Metazoa->Holozoa->Opisthokonta->Eukaryota->cellular organisms->life" nexsonid "node907005"
pgloadind     taxon mapping OTT ID 399202 taxonomy "Koellikerina fasciculata->Koellikerina->Bougainvilliidae->Anthomedusae->Hydroida->Hydrozoa->Cnidaria->Eumetazoa->Metazoa->Holozoa->Opisthokonta->Eukaryota->cellular organisms->life" nexsonid "node907007"
pgloadind     taxon mapping OTT ID 975491 taxonomy "Garveia grisea->Garveia->Bougainvilliidae->Anthomedusae->Hydroida->Hydrozoa->Cnidaria->Eumetazoa->Metazoa->Holozoa->Opisthokonta->Eukaryota->cellular organisms->life" nexsonid "node907008"
pgloadind     taxon mapping OTT ID 566409 taxonomy "Rhizogeton nudus->Rhizogeton->Clavidae->Anthomedusae->Hydroida->Hydrozoa->Cnidaria->Eumetazoa->Metazoa->Holozoa->Opisthokonta->Eukaryota->cellular organisms->life" nexsonid "node907010"
pgloadind     taxon mapping OTT ID 183504 taxonomy "Candelabrum cocksii->Candelabrum->Candelabridae->Anthomedusae->Hydroida->Hydrozoa->Cnidaria->Eumetazoa->Metazoa->Holozoa->Opisthokonta->Eukaryota->cellular organisms->life" nexsonid "node907014"
pgloadind     taxon mapping OTT ID 149372 taxonomy "Hydra circumcincta->Hydra->Hydridae->Anthomedusae->Hydroida->Hydrozoa->Cnidaria->Eumetazoa->Metazoa->Holozoa->Opisthokonta->Eukaryota->cellular organisms->life" nexsonid "node907015"
pgloadind     taxon mapping OTT ID 231173 taxonomy "Corymorpha bigelowi->Corymorpha->Corymorphidae->Anthomedusae->Hydroida->Hydrozoa->Cnidaria->Eumetazoa->Metazoa->Holozoa->Opisthokonta->Eukaryota->cellular organisms->life" nexsonid "node907017"
pgloadind     taxon mapping OTT ID 76921 taxonomy "Zyzzyzus calderi->Zyzzyzus->Tubulariidae->Anthomedusae->Hydroida->Hydrozoa->Cnidaria->Eumetazoa->Metazoa->Holozoa->Opisthokonta->Eukaryota->cellular organisms->life" nexsonid "node907019"
pgloadind     taxon mapping OTT ID 281463 taxonomy "Ectopleura dumortierii->Ectopleura->Tubulariidae->Anthomedusae->Hydroida->Hydrozoa->Cnidaria->Eumetazoa->Metazoa->Holozoa->Opisthokonta->Eukaryota->cellular organisms->life" nexsonid "node907021"
pgloadind     taxon mapping OTT ID 456794 taxonomy "Ralpharia gorgoniae->Ralpharia->Tubulariidae->Anthomedusae->Hydroida->Hydrozoa->Cnidaria->Eumetazoa->Metazoa->Holozoa->Opisthokonta->Eukaryota->cellular organisms->life" nexsonid "node907022"
pgloadind     taxon mapping OTT ID 281469 taxonomy "Bougainvillia carolinensis->Bougainvillia->Bougainvilliidae->Anthomedusae->Hydroida->Hydrozoa->Cnidaria->Eumetazoa->Metazoa->Holozoa->Opisthokonta->Eukaryota->cellular organisms->life" nexsonid "node907023"
pgloadind     taxon mapping OTT ID 805156 taxonomy "Proboscidactyla ornata->Proboscidactyla->Proboscidactylidae->Anthomedusae->Hydroida->Hydrozoa->Cnidaria->Eumetazoa->Metazoa->Holozoa->Opisthokonta->Eukaryota->cellular organisms->life" nexsonid "node907027"
pgloadind     taxon mapping OTT ID 168731 taxonomy "Fabienna sphaerica->Fabienna->Proboscidactylidae->Anthomedusae->Hydroida->Hydrozoa->Cnidaria->Eumetazoa->Metazoa->Holozoa->Opisthokonta->Eukaryota->cellular organisms->life" nexsonid "node907028"
pgloadind     taxon mapping OTT ID 231178 taxonomy "Hydrichthella epigorgia->Hydrichthella->Ptilocodiidae->Anthomedusae->Hydroida->Hydrozoa->Cnidaria->Eumetazoa->Metazoa->Holozoa->Opisthokonta->Eukaryota->cellular organisms->life" nexsonid "node907030"
pgloadind     taxon mapping OTT ID 349958 taxonomy "Dicoryne conybearei->Dicoryne->Bougainvilliidae->Anthomedusae->Hydroida->Hydrozoa->Cnidaria->Eumetazoa->Metazoa->Holozoa->Opisthokonta->Eukaryota->cellular organisms->life" nexsonid "node907031"
pgloadind     taxon mapping OTT ID 1009085 taxonomy "Eudendrium racemosum->Eudendrium->Eudendriidae->Anthomedusae->Hydroida->Hydrozoa->Cnidaria->Eumetazoa->Metazoa->Holozoa->Opisthokonta->Eukaryota->cellular organisms->life" nexsonid "node907046"
pgloadind     taxon mapping OTT ID 902447 taxonomy "Lizzia blondina->Lizzia->Bougainvilliidae->Anthomedusae->Hydroida->Hydrozoa->Cnidaria->Eumetazoa->Metazoa->Holozoa->Opisthokonta->Eukaryota->cellular organisms->life" nexsonid "node907038"
pgloadind     taxon mapping OTT ID 349960 taxonomy "Rathkea octopunctata->Rathkea->Rathkeidae->Anthomedusae->Hydroida->Hydrozoa->Cnidaria->Eumetazoa->Metazoa->Holozoa->Opisthokonta->Eukaryota->cellular organisms->life" nexsonid "node907039"
pgloadind     taxon mapping OTT ID 168723 taxonomy "Garveia sp. CC-2005->Garveia->Bougainvilliidae->Anthomedusae->Hydroida->Hydrozoa->Cnidaria->Eumetazoa->Metazoa->Holozoa->Opisthokonta->Eukaryota->cellular organisms->life" nexsonid "node907040"
pgloadind     taxon mapping OTT ID 691671 taxonomy "Pandea sp. AGC-2005->Pandea->Pandeidae->Anthomedusae->Hydroida->Hydrozoa->Cnidaria->Eumetazoa->Metazoa->Holozoa->Opisthokonta->Eukaryota->cellular organisms->life" nexsonid "node907043"
pgloadind     taxon mapping OTT ID 865401 taxonomy "Hydrichthys boycei->Hydrichthys->Hydrichthyidae->Filifera->Anthoathecata->Hydrozoa->Cnidaria->Eumetazoa->Metazoa->Holozoa->Opisthokonta->Eukaryota->cellular organisms->life" nexsonid "node907044"
pgloadind     taxon mapping OTT ID 836779 taxonomy "Leuckartiara octona->Leuckartiara->Pandeidae->Anthomedusae->Hydroida->Hydrozoa->Cnidaria->Eumetazoa->Metazoa->Holozoa->Opisthokonta->Eukaryota->cellular organisms->life" nexsonid "node907045"
pgloadind     taxon mapping OTT ID 705867 taxonomy "Cordylophora caspia->Cordylophora->Oceaniidae->Anthomedusae->Hydroida->Hydrozoa->Cnidaria->Eumetazoa->Metazoa->Holozoa->Opisthokonta->Eukaryota->cellular organisms->life" nexsonid "node907050"
pgloadind     taxon mapping OTT ID 975494 taxonomy "Bimeria vestita->Bimeria->Bougainvilliidae->Anthomedusae->Hydroida->Hydrozoa->Cnidaria->Eumetazoa->Metazoa->Holozoa->Opisthokonta->Eukaryota->cellular organisms->life" nexsonid "node907051"
pgloadind     taxon mapping OTT ID 975496 taxonomy "Pachycordyle pusilla->Pachycordyle->Bougainvilliidae->Anthomedusae->Hydroida->Hydrozoa->Cnidaria->Eumetazoa->Metazoa->Holozoa->Opisthokonta->Eukaryota->cellular organisms->life" nexsonid "node907052"
pgloadind     taxon mapping OTT ID 1062856 taxonomy "Apolemia sp. 3 CWD-2005->Apolemia->Apolemiidae->Physonectae->Siphonophora->Hydrozoa->Cnidaria->Eumetazoa->Metazoa->Holozoa->Opisthokonta->Eukaryota->cellular organisms->life" nexsonid "node907056"
pgloadind     taxon mapping OTT ID 536352 taxonomy "Agalma elegans->Agalma->Agalmatidae->Physonectae->Siphonophora->Hydrozoa->Cnidaria->Eumetazoa->Metazoa->Holozoa->Opisthokonta->Eukaryota->cellular organisms->life" nexsonid "node907060"
pgloadind     taxon mapping OTT ID 486585 taxonomy "Halistemma rubrum->Halistemma->Agalmatidae->Physonectae->Siphonophora->Hydrozoa->Cnidaria->Eumetazoa->Metazoa->Holozoa->Opisthokonta->Eukaryota->cellular organisms->life" nexsonid "node907061"
pgloadind     taxon mapping OTT ID 358889 taxonomy "Nanomia bijuga->Nanomia->Agalmatidae->Physonectae->Siphonophora->Hydrozoa->Cnidaria->Eumetazoa->Metazoa->Holozoa->Opisthokonta->Eukaryota->cellular organisms->life" nexsonid "node907062"
pgloadind     taxon mapping OTT ID 15308 taxonomy "Cordagalma cordiforme->Cordagalma->Agalmatidae->Physonectae->Siphonophora->Hydrozoa->Cnidaria->Eumetazoa->Metazoa->Holozoa->Opisthokonta->Eukaryota->cellular organisms->life" nexsonid "node907064"
pgloadind     taxon mapping OTT ID 408506 taxonomy "Physophora hydrostatica->Physophora->Physophoridae->Physonectae->Siphonophora->Hydrozoa->Cnidaria->Eumetazoa->Metazoa->Holozoa->Opisthokonta->Eukaryota->cellular organisms->life" nexsonid "node907066"
pgloadind     taxon mapping OTT ID 985078 taxonomy "Nectopyramis sp. AGC-2001->Nectopyramis->Prayidae->Calycophorae->Siphonophora->Hydrozoa->Cnidaria->Eumetazoa->Metazoa->Holozoa->Opisthokonta->Eukaryota->cellular organisms->life" nexsonid "node907068"
pgloadind     taxon mapping OTT ID 1062858 taxonomy "Sulculeolaria quadrivalvis->Sulculeolaria->Diphyidae->Calycophorae->Siphonophora->Hydrozoa->Cnidaria->Eumetazoa->Metazoa->Holozoa->Opisthokonta->Eukaryota->cellular organisms->life" nexsonid "node907069"
pgloadind     taxon mapping OTT ID 58252 taxonomy "Abietinaria filicula->Abietinaria->Sertulariidae->Leptomedusae->Hydroida->Hydrozoa->Cnidaria->Eumetazoa->Metazoa->Holozoa->Opisthokonta->Eukaryota->cellular organisms->life" nexsonid "node907076"
pgloadind     taxon mapping OTT ID 58260 taxonomy "Amphisbetia minima->Amphisbetia->Sertulariidae->Leptomedusae->Hydroida->Hydrozoa->Cnidaria->Eumetazoa->Metazoa->Holozoa->Opisthokonta->Eukaryota->cellular organisms->life" nexsonid "node907077"
pgloadind     taxon mapping OTT ID 566402 taxonomy "Plumularia setacea->Plumularia->Plumulariidae->Leptomedusae->Hydroida->Hydrozoa->Cnidaria->Eumetazoa->Metazoa->Holozoa->Opisthokonta->Eukaryota->cellular organisms->life" nexsonid "node907080"
pgloadind     taxon mapping OTT ID 6503 taxonomy "Halopteris minuta->Halopteris->Halopterididae->Leptomedusae->Hydroida->Hydrozoa->Cnidaria->Eumetazoa->Metazoa->Holozoa->Opisthokonta->Eukaryota->cellular organisms->life" nexsonid "node907081"
pgloadind     taxon mapping OTT ID 6501 taxonomy "Aglaophenia tubiformis->Aglaophenia->Aglaopheniidae->Leptomedusae->Hydroida->Hydrozoa->Cnidaria->Eumetazoa->Metazoa->Holozoa->Opisthokonta->Eukaryota->cellular organisms->life" nexsonid "node907082"
pgloadind     taxon mapping OTT ID 735255 taxonomy "Halecium muricatum->Halecium->Haleciidae->Leptomedusae->Hydroida->Hydrozoa->Cnidaria->Eumetazoa->Metazoa->Holozoa->Opisthokonta->Eukaryota->cellular organisms->life" nexsonid "node907083"
pgloadind     taxon mapping OTT ID 109518 taxonomy "Anthohebella parasitica->Anthohebella->Hebellidae->Leptomedusae->Hydroida->Hydrozoa->Cnidaria->Eumetazoa->Metazoa->Holozoa->Opisthokonta->Eukaryota->cellular organisms->life" nexsonid "node907084"
pgloadind     taxon mapping OTT ID 714002 taxonomy "Clytia noliformis->Clytia->Campanulariidae->Leptomedusae->Hydroida->Hydrozoa->Cnidaria->Eumetazoa->Metazoa->Holozoa->Opisthokonta->Eukaryota->cellular organisms->life" nexsonid "node907086"
pgloadind     taxon mapping OTT ID 315307 taxonomy "Octophialucium indicum->Octophialucium->Malagazziidae->Leptomedusae->Hydroida->Hydrozoa->Cnidaria->Eumetazoa->Metazoa->Holozoa->Opisthokonta->Eukaryota->cellular organisms->life" nexsonid "node907087"
pgloadind     taxon mapping OTT ID 696558 taxonomy "Melicertum octocostatum->Melicertum->Melicertidae->Leptomedusae->Hydroida->Hydrozoa->Cnidaria->Eumetazoa->Metazoa->Holozoa->Opisthokonta->Eukaryota->cellular organisms->life" nexsonid "node907088"
pgloadind     taxon mapping OTT ID 627420 taxonomy "Scrippsia pacifica->Scrippsia->Polyorchidae->Anthomedusae->Hydroida->Hydrozoa->Cnidaria->Eumetazoa->Metazoa->Holozoa->Opisthokonta->Eukaryota->cellular organisms->life" nexsonid "node907091"
pgloadind     taxon mapping OTT ID 612083 taxonomy "Polyorchis penicillatus->Polyorchis->Polyorchidae->Anthomedusae->Hydroida->Hydrozoa->Cnidaria->Eumetazoa->Metazoa->Holozoa->Opisthokonta->Eukaryota->cellular organisms->life" nexsonid "node907092"
pgloadind     taxon mapping OTT ID 627425 taxonomy "Porpita sp. AGC-2001->Porpita->Porpitidae->Anthomedusae->Hydroida->Hydrozoa->Cnidaria->Eumetazoa->Metazoa->Holozoa->Opisthokonta->Eukaryota->cellular organisms->life" nexsonid "node907097"
pgloadind     taxon mapping OTT ID 776956 taxonomy "Velella sp. AGC-2001->Velella->Porpitidae->Anthomedusae->Hydroida->Hydrozoa->Cnidaria->Eumetazoa->Metazoa->Holozoa->Opisthokonta->Eukaryota->cellular organisms->life" nexsonid "node907098"
pgloadind     taxon mapping OTT ID 707205 taxonomy "Solanderia ericopsis->Solanderia->Hydractiniidae->Anthomedusae->Hydroida->Hydrozoa->Cnidaria->Eumetazoa->Metazoa->Holozoa->Opisthokonta->Eukaryota->cellular organisms->life" nexsonid "node907100"
pgloadind     taxon mapping OTT ID 427245 taxonomy "Zanclea prolifera->Zanclea->Zancleidae->Anthomedusae->Hydroida->Hydrozoa->Cnidaria->Eumetazoa->Metazoa->Holozoa->Opisthokonta->Eukaryota->cellular organisms->life" nexsonid "node907101"
pgloadind     taxon mapping OTT ID 132725 taxonomy "Cladocoryne floccosa->Cladocoryne->Cladocorynidae->Anthomedusae->Hydroida->Hydrozoa->Cnidaria->Eumetazoa->Metazoa->Holozoa->Opisthokonta->Eukaryota->cellular organisms->life" nexsonid "node907103"
pgloadind     taxon mapping OTT ID 358895 taxonomy "Moerisia sp. AGC-2001->Moerisia->Moerisiidae->Anthomedusae->Hydroida->Hydrozoa->Cnidaria->Eumetazoa->Metazoa->Holozoa->Opisthokonta->Eukaryota->cellular organisms->life" nexsonid "node907104"
pgloadind     taxon mapping OTT ID 707213 taxonomy "Pennaria disticha->Pennaria->Pennariidae->Anthomedusae->Hydroida->Hydrozoa->Cnidaria->Eumetazoa->Metazoa->Holozoa->Opisthokonta->Eukaryota->cellular organisms->life" nexsonid "node907106"
done fixing name
pgloadind Finished with attempts to fix names
pgloadind   Checking for uniqueness of OTT IDs tree id "5228"
pgloadind   Adding tree to graph tree id "5228"
all trees have all taxa: false
	using bipartition technique
attempting to remap tips to deepest exemplified taxa
	Dicoryne conybearei was remapped to 'Dicoryne' (id=2486471)
	Zyzzyzus calderi was remapped to 'Zyzzyzus' (id=2487251)
	Caenorhabditis elegans was remapped to 'Nematoda' (id=778229)
	Pachycordyle pusilla was remapped to 'Pachycordyle' (id=2486527)
	Crypthelia cryptotrema was remapped to 'Crypthelia' (id=2488468)
	Amphiporus sp. AMNH1 was remapped to 'Nemertea' (id=575388)
	Phascolopsis gouldii was remapped to 'Sipuncula' (id=747249)
	Stenostomum leucops was remapped to 'Catenulida' (id=758264)
	Koellikerina fasciculata was remapped to 'Koellikerina' (id=2486484)
	Chiropsalmus sp. AGC-2001 was remapped to 'Chiropsalmidae' (id=2482112)
	Hydra circumcincta was remapped to 'Hydridae' (id=2487786)
	Podocoryna carnea was remapped to 'Podocoryna' (id=2486915)
	Hydrichthys boycei was remapped to 'Anthoathecata' (id=2489549)
	Petromyzon marinus was remapped to 'Hyperoartia' (id=552064)
	Diclidophora denticulata was remapped to 'Monogenea' (id=764962)
	Montastraea franksi was remapped to 'Scleractinia' (id=2498299)
	Cordagalma cordiforme was remapped to 'Cordagalma' (id=2489310)
	Parvicapsula limandae was remapped to 'Variisporina' (id=2479599)
	Antipathes galapagensis was remapped to 'Antipatharia' (id=2497603)
	Bimeria vestita was remapped to 'Bimeria' (id=2486555)
	Ralpharia gorgoniae was remapped to 'Ralpharia' (id=2487361)
	Nanomia bijuga was remapped to 'Nanomia' (id=2489316)
	Plumularia setacea was remapped to 'Plumulariidae' (id=2484193)
	Hydrichthella epigorgia was remapped to 'Ptilocodiidae' (id=2486673)
	Ectopleura dumortierii was remapped to 'Ectopleura' (id=2487284)
	Styela plicata was remapped to 'Ascidiacea' (id=317601)
	Pycnophyes sp. Tjarno was remapped to 'Kinorhyncha' (id=819433)
	Aurelia sp. AGC-2005 was remapped to 'Aurelia' (id=2490968)
	Lepidopora microstylus was remapped to 'Lepidopora' (id=2488544)
	Anthohebella parasitica was remapped to 'Hebellidae' (id=2482213)
	Stylochus zebra was remapped to 'Rhabditophora' (id=749049)
	Rathkea octopunctata was remapped to 'Rathkeidae' (id=2487200)
	Pseudocrypthelia pachypoma was remapped to 'Pseudocrypthelia' (id=2488539)
	Parvicardium minimum was remapped to 'Heteroconchia' (id=686878)
	Phacellophora camtschatica was remapped to 'Phacellophora' (id=2490954)
	Priapulus caudatus was remapped to 'Priapulida' (id=819694)
	Fabienna sphaerica was remapped to 'Fabienna' (id=2486065)
	Peripatus sp. Per2 was remapped to 'Onychophora' (id=2477835)
	Phoronis ijimai was remapped to 'Brachiopoda' (id=717593)
	Amphisbetia minima was remapped to 'Amphisbetia' (id=2482981)
	Halistemma rubrum was remapped to 'Halistemma' (id=2489340)
	Catostylus sp. AGC-2001 was remapped to 'Rhizostomeae' (id=2490576)
	Craterolophus convolvulus was remapped to 'Depastridae' (id=2505659)
	Eudendrium racemosum was remapped to 'Eudendriidae' (id=2487070)
	Porpita sp. AGC-2001 was remapped to 'Porpita' (id=2487427)
	Oncorhynchus kisutch was remapped to 'Teleostomi' (id=324346)
	Rhizogeton nudus was remapped to 'Clavidae' (id=2486050)
	Triakis semifasciata was remapped to 'Selachii' (id=546011)
	Corydendrium sp. PC-2008 was remapped to 'Corydendrium' (id=2488211)
	Buddenbrockia plumatellae was remapped to 'Malacosporea' (id=2479522)
	Clava multicornis was remapped to 'Clava' (id=2487007)
	Polypodium hydriforme was remapped to 'Trachylina' (id=2489962)
	Clytia noliformis was remapped to 'Campanulariidae' (id=2485334)
	Ptychodera flava was remapped to 'Ptychodera' (id=317444)
	Agalma elegans was remapped to 'Agalma' (id=2489355)
	Urechis caupo was remapped to 'Echiura' (id=748313)
	Limnocnida tanganyicae was remapped to 'Limnocnida' (id=2485924)
	Pennaria disticha was remapped to 'Pennariidae' (id=2487687)
	Apolemia sp. 3 CWD-2005 was remapped to 'Apolemiidae' (id=2489422)
	Candelabrum cocksii was remapped to 'Candelabridae' (id=2487720)
	Moerisia sp. AGC-2001 was remapped to 'Moerisiidae' (id=2487224)
	Meara stichopi was remapped to 'Nemertodermatida' (id=2479495)
	Abietinaria filicula was remapped to 'Abietinaria' (id=2483725)
	Octophialucium indicum was remapped to 'Malagazziidae' (id=2482794)
	Tripedalia was remapped to 'Tripedaliidae' (id=2482185)
	Olindias phosphorica was remapped to 'Olindias' (id=2485972)
	Turritopsis dohrnii was remapped to 'Turritopsis' (id=2488226)
	Adelopora crassilabrum was remapped to 'Adelopora' (id=2488882)
	Cephalodiscus gracilis was remapped to 'Pterobranchia' (id=317546)
	Zanclea prolifera was remapped to 'Zancleidae' (id=2487633)
	Halecium muricatum was remapped to 'Haleciidae' (id=2485023)
	Velella sp. AGC-2001 was remapped to 'Velella' (id=2487434)
	Leuckartiara octona was remapped to 'Leuckartiara' (id=2488032)
	Corymorpha bigelowi was remapped to 'Corymorphidae' (id=2486101)
	Thalia democratica was remapped to 'Thaliacea' (id=323853)
	Cladocoryne floccosa was remapped to 'Cladocorynidae' (id=2487705)
	Cordylophora caspia was remapped to 'Cordylophora' (id=2488263)
	Harrimania planktophilus was remapped to 'Harrimania' (id=317491)
	Melicertum octocostatum was remapped to 'Melicertidae' (id=2484564)
	Proboscidactyla ornata was remapped to 'Proboscidactyla' (id=2486070)
	Scrippsia pacifica was remapped to 'Scrippsia' (id=2487783)
	Solanderia ericopsis was remapped to 'Solanderia' (id=2486988)
	Nausithoe rubra was remapped to 'Nausithoidae' (id=2490483)
	Clavactinia gallensis was remapped to 'Clavactinia' (id=2487023)
	Chrysaora melanaster was remapped to 'Pelagiidae' (id=2490900)
	Chironex fleckeri was remapped to 'Chirodropidae' (id=2482102)
	Pandea sp. AGC-2005 was remapped to 'Pandea' (id=2488015)
	Lizzia blondina was remapped to 'Lizzia' (id=2486512)
	Milnesium tardigradum was remapped to 'Tardigrada' (id=819775)
	Atolla vanhoeffeni was remapped to 'Atollidae' (id=2490465)
	Saccoglossus kowalevskii was remapped to 'Saccoglossus' (id=317506)
	Okamejei schmidti was remapped to 'Batoidea' (id=549051)
	Strongylocentrotus purpuratus was remapped to 'Echinodermata' (id=552540)
	Carybdea rastonii was remapped to 'Carybdeidae' (id=2482147)
	Hydractinia symbiolongicarpus was remapped to 'Hydractinia' (id=2486696)
	Limulus polyphemus was remapped to 'Chelicerata' (id=2326027)
	Bougainvillia carolinensis was remapped to 'Bougainvillia' (id=2486382)
	Proceraea cornuta was remapped to 'Palpata' (id=731164)
	Aglaophenia tubiformis was remapped to 'Aglaopheniidae' (id=2484592)
	Polyorchis penicillatus was remapped to 'Polyorchis' (id=2487771)
	Tenebrio molitor was remapped to 'Mandibulata' (id=821724)
	Nectopyramis sp. AGC-2001 was remapped to 'Prayidae' (id=2489115)
	Halopteris minuta was remapped to 'Halopterididae' (id=2484009)
	Placopecten magellanicus was remapped to 'Pteriomorphia' (id=708483)
	Sulculeolaria quadrivalvis was remapped to 'Diphyidae' (id=2488972)
	Chordodes morgani was remapped to 'Nematomorpha' (id=777441)
	Physophora hydrostatica was remapped to 'Physophoridae' (id=2489295)
this is the ROOT
placing root in index
Dealing with metadata property: id
Dealing with metadata property: ot:studyPublicationReference
Adding property 'ot:studyPublicationReference': Evans N., Lindner A., Raikova E., Collins A., & Cartwright P. 2008. Phylogenetic placement of the enigmatic parasite, Polypodium hydriforme, within the Phylum Cnidaria. BMC Evolutionary Biology 8(1): 139.
Dealing with metadata property: ot:focalCladeOTTTaxonName
Adding property 'ot:focalCladeOTTTaxonName': Polypodium
Dealing with metadata property: ot:studyYear
Adding property 'ot:studyYear': 2008
Dealing with metadata property: ot:inGroupClade
Adding property 'ot:inGroupClade': node906869
Dealing with metadata property: ot:curatorName
Adding property 'ot:curatorName': Jiabin Deng
Dealing with metadata property: ot:studyPublication
Adding property 'ot:studyPublication': http://dx.doi.org/10.1186/1471-2148-8-139
Dealing with metadata property: ot:focalClade
Adding property 'ot:focalClade': 212023
Dealing with metadata property: ot:curatedType
Adding property 'ot:curatedType': ML Fig3A - rooted
Dealing with metadata property: ot:studyId
Adding property 'ot:studyId': 1482
Dealing with metadata property: ot:dataDeposit
Adding property 'ot:dataDeposit': http://purl.org/phylo/treebase/phylows/study/TB2:S2068
Committing nodes: 231
	adding Node[2480608] Myxobolidae 412085 as compatible with Node[2480612]
		adding Relationship[8167517]
		adding to root Relationship[8167518]
	adding Node[2480607] Platysporina 677661 as compatible with Node[2480612]
		adding Relationship[8167519]
		adding to root Relationship[8167520]
	adding Node[2481866] Kudoidae 918270 as compatible with Node[2481869]
		adding Relationship[8167521]
		adding to root Relationship[8167522]
	adding Node[2481845] Multivalvulida 918273 as compatible with Node[2481869]
		adding Relationship[8167523]
		adding to root Relationship[8167524]
	adding Node[2505603] Lucernariidae 570657 as compatible with Node[2505604]
		adding Relationship[8167525]
		adding to root Relationship[8167526]
	adding Node[324341] Craniata 947318 as compatible with Node[324342]
		adding Relationship[8167527]
		adding to root Relationship[8167528]
	adding Node[546004] Chondrichthyes 278108 as compatible with Node[546008]
		adding Relationship[8167529]
		adding to root Relationship[8167530]
	adding Node[2485909] Limnomedusae 997622 as compatible with Node[2485920]
		adding Relationship[8167531]
		adding to root Relationship[8167532]
	adding Node[2488355] Stylasterina 590276 as compatible with Node[2488356]
		adding Relationship[8167533]
		adding to root Relationship[8167534]
	adding Node[2491063] Anthozoa 1084488 as compatible with Node[2496817]
		adding Relationship[8167535]
		adding to root Relationship[8167536]
		adding Relationship[8167537] from Node[2481866] to Node[2481845]
		adding Relationship[8167538] from Node[2505603] to Node[2505601]
		adding Relationship[8167539] from Node[2480608] to Node[2480607]
		adding Relationship[8167540] from Node[324341] to Node[317595]
		adding Relationship[8167541] from Node[3468645] to Node[2479556]
		adding Relationship[8167542] from Node[546004] to Node[324344]
		adding Relationship[8167543] from Node[2481845] to Node[2479556]
