pgloadind OTUs number 81
pgloadind Processing tree @id "6216"
pgloadind   tree info number nodes 125
pgloadind   tree info number edges 124
pgloadind   tree info ingroup "node1074092"
pgloadind   Setting ingroup root node.
pgloadind   Ingested tree number of external nodes 81
pgloadind   property added ot:studyPublicationReference "von Rintelen, Kristina, Thomas von Rintelen, and Matthias Glaubrecht. "Molecular phylogeny and diversification of freshwater shrimps (Decapoda, Atyidae, Caridina) from ancient Lake Poso (Sulawesi, Indonesia)—The importance of being colourful." Molecular Phylogenetics and Evolution 45.3 (2007): 1033-1041."
pgloadind   property added ot:studyPublication "http://dx.doi.org/10.1016/j.ympev.2007.07.002"
pgloadind   property added ot:curatorName "Chris Owen"
pgloadind   property added ot:studyId "2671"
pgloadind   property added ot:studyYear "2007"
pgloadind   property added ot:focalClade "76861"
pgloadind   property added ot:focalCladeOTTTaxonName "Caridina"
pgloadind   property added ot:inGroupClade "node1074092"
pgloadind   property added ot:tag "choose me"
pgloadind   property added ot:curatedType "BI 50% maj-rule"
loading a specific tree: 6216
pgloadind conducting TNRS on trees
pgloadind   name fixing on tree tree id "6216"
pgloadind   all nodes have ottIds
pgloadind     OTT ID reused in tree
pgloadind       duplicate name "Caridina ensifera 'blue morph'" nexsonid "node1074107"
pgloadind       duplicate OTT ID 31268
pgloadind     OTT ID reused in tree
pgloadind       duplicate name "Caridina ensifera 'blue morph'" nexsonid "node1074108"
pgloadind       duplicate OTT ID 31268
pgloadind     OTT ID reused in tree
pgloadind       duplicate name "Caridina ensifera 'blue morph'" nexsonid "node1074109"
pgloadind       duplicate OTT ID 31268
pgloadind     OTT ID reused in tree
pgloadind       duplicate name "Caridina ensifera 'blue morph'" nexsonid "node1074110"
pgloadind       duplicate OTT ID 31268
pgloadind     OTT ID reused in tree
pgloadind       duplicate name "Caridina ensifera 'blue morph'" nexsonid "node1074111"
pgloadind       duplicate OTT ID 31268
pgloadind     OTT ID reused in tree
pgloadind       duplicate name "Caridina ensifera 'blue morph'" nexsonid "node1074112"
pgloadind       duplicate OTT ID 31268
pgloadind     OTT ID reused in tree
pgloadind       duplicate name "Caridina ensifera 'blue morph'" nexsonid "node1074113"
pgloadind       duplicate OTT ID 31268
pgloadind     OTT ID reused in tree
pgloadind       duplicate name "Caridina ensifera 'blue morph'" nexsonid "node1074114"
pgloadind       duplicate OTT ID 31268
pgloadind     OTT ID reused in tree
pgloadind       duplicate name "Caridina ensifera 'blue morph'" nexsonid "node1074115"
pgloadind       duplicate OTT ID 31268
pgloadind     OTT ID reused in tree
pgloadind       duplicate name "Caridina ensifera 'blue morph'" nexsonid "node1074116"
pgloadind       duplicate OTT ID 31268
pgloadind     OTT ID reused in tree
pgloadind       duplicate name "Caridina ensifera 'blue morph'" nexsonid "node1074117"
pgloadind       duplicate OTT ID 31268
pgloadind     OTT ID reused in tree
pgloadind       duplicate name "Caridina ensifera 'blue morph'" nexsonid "node1074118"
pgloadind       duplicate OTT ID 31268
pgloadind     OTT ID reused in tree
pgloadind       duplicate name "Caridina ensifera 'blue morph'" nexsonid "node1074119"
pgloadind       duplicate OTT ID 31268
pgloadind     OTT ID reused in tree
pgloadind       duplicate name "Caridina sp. KVR-2007" nexsonid "node1074126"
pgloadind       duplicate OTT ID 251766
pgloadind     OTT ID reused in tree
pgloadind       duplicate name "Caridina sp. KVR-2007" nexsonid "node1074129"
pgloadind       duplicate OTT ID 251766
pgloadind     OTT ID reused in tree
pgloadind       duplicate name "Caridina sp. KVR-2007" nexsonid "node1074130"
pgloadind       duplicate OTT ID 251766
pgloadind     OTT ID reused in tree
pgloadind       duplicate name "Caridina sp. KVR-2007" nexsonid "node1074132"
pgloadind       duplicate OTT ID 251766
pgloadind     OTT ID reused in tree
pgloadind       duplicate name "Caridina sp. KVR-2007" nexsonid "node1074133"
pgloadind       duplicate OTT ID 251766
pgloadind     OTT ID reused in tree
pgloadind       duplicate name "Caridina sp. KVR-2007" nexsonid "node1074134"
pgloadind       duplicate OTT ID 251766
pgloadind     OTT ID reused in tree
pgloadind       duplicate name "Caridina sp. KVR-2007" nexsonid "node1074135"
pgloadind       duplicate OTT ID 251766
pgloadind     OTT ID reused in tree
pgloadind       duplicate name "Caridina sp. KVR-2007" nexsonid "node1074136"
pgloadind       duplicate OTT ID 251766
pgloadind     OTT ID reused in tree
pgloadind       duplicate name "Caridina sp. KVR-2007" nexsonid "node1074137"
pgloadind       duplicate OTT ID 251766
pgloadind     OTT ID reused in tree
pgloadind       duplicate name "Caridina sp. KVR-2007" nexsonid "node1074139"
pgloadind       duplicate OTT ID 251766
pgloadind     OTT ID reused in tree
pgloadind       duplicate name "Caridina sp. KVR-2007" nexsonid "node1074140"
pgloadind       duplicate OTT ID 251766
pgloadind     OTT ID reused in tree
pgloadind       duplicate name "Caridina acutirostris" nexsonid "node1074143"
pgloadind       duplicate OTT ID 656842
pgloadind     OTT ID reused in tree
pgloadind       duplicate name "Caridina acutirostris" nexsonid "node1074144"
pgloadind       duplicate OTT ID 656842
pgloadind     OTT ID reused in tree
pgloadind       duplicate name "Caridina acutirostris" nexsonid "node1074146"
pgloadind       duplicate OTT ID 656842
pgloadind     OTT ID reused in tree
pgloadind       duplicate name "Caridina acutirostris" nexsonid "node1074147"
pgloadind       duplicate OTT ID 656842
pgloadind     OTT ID reused in tree
pgloadind       duplicate name "Caridina acutirostris" nexsonid "node1074148"
pgloadind       duplicate OTT ID 656842
pgloadind     OTT ID reused in tree
pgloadind       duplicate name "Caridina ensifera" nexsonid "node1074154"
pgloadind       duplicate OTT ID 656840
pgloadind     OTT ID reused in tree
pgloadind       duplicate name "Caridina ensifera" nexsonid "node1074155"
pgloadind       duplicate OTT ID 656840
pgloadind     OTT ID reused in tree
pgloadind       duplicate name "Caridina ensifera" nexsonid "node1074156"
pgloadind       duplicate OTT ID 656840
pgloadind     OTT ID reused in tree
pgloadind       duplicate name "Caridina ensifera" nexsonid "node1074157"
pgloadind       duplicate OTT ID 656840
pgloadind     OTT ID reused in tree
pgloadind       duplicate name "Caridina ensifera" nexsonid "node1074158"
pgloadind       duplicate OTT ID 656840
pgloadind     OTT ID reused in tree
pgloadind       duplicate name "Caridina ensifera" nexsonid "node1074160"
pgloadind       duplicate OTT ID 656840
pgloadind     OTT ID reused in tree
pgloadind       duplicate name "Caridina ensifera" nexsonid "node1074161"
pgloadind       duplicate OTT ID 656840
pgloadind     OTT ID reused in tree
pgloadind       duplicate name "Caridina ensifera" nexsonid "node1074163"
pgloadind       duplicate OTT ID 656840
pgloadind     OTT ID reused in tree
pgloadind       duplicate name "Caridina ensifera" nexsonid "node1074164"
pgloadind       duplicate OTT ID 656840
pgloadind     OTT ID reused in tree
pgloadind       duplicate name "Caridina ensifera" nexsonid "node1074165"
pgloadind       duplicate OTT ID 656840
pgloadind     OTT ID reused in tree
pgloadind       duplicate name "Caridina sarasinorum" nexsonid "node1074168"
pgloadind       duplicate OTT ID 604199
pgloadind     OTT ID reused in tree
pgloadind       duplicate name "Caridina sarasinorum" nexsonid "node1074169"
pgloadind       duplicate OTT ID 604199
pgloadind     OTT ID reused in tree
pgloadind       duplicate name "Caridina sarasinorum" nexsonid "node1074170"
pgloadind       duplicate OTT ID 604199
pgloadind     OTT ID reused in tree
pgloadind       duplicate name "Caridina sarasinorum" nexsonid "node1074171"
pgloadind       duplicate OTT ID 604199
pgloadind     OTT ID reused in tree
pgloadind       duplicate name "Caridina sarasinorum" nexsonid "node1074172"
pgloadind       duplicate OTT ID 604199
pgloadind     OTT ID reused in tree
pgloadind       duplicate name "Caridina sarasinorum" nexsonid "node1074173"
pgloadind       duplicate OTT ID 604199
pgloadind     OTT ID reused in tree
pgloadind       duplicate name "Caridina sarasinorum" nexsonid "node1074174"
pgloadind       duplicate OTT ID 604199
pgloadind     OTT ID reused in tree
pgloadind       duplicate name "Caridina sarasinorum" nexsonid "node1074175"
pgloadind       duplicate OTT ID 604199
pgloadind     OTT ID reused in tree
pgloadind       duplicate name "Caridina sarasinorum" nexsonid "node1074176"
pgloadind       duplicate OTT ID 604199
pgloadind     OTT ID reused in tree
pgloadind       duplicate name "Caridina sarasinorum" nexsonid "node1074177"
pgloadind       duplicate OTT ID 604199
pgloadind     OTT ID reused in tree
pgloadind       duplicate name "Caridina longidigita" nexsonid "node1074181"
pgloadind       duplicate OTT ID 94395
pgloadind     OTT ID reused in tree
pgloadind       duplicate name "Caridina longidigita" nexsonid "node1074182"
pgloadind       duplicate OTT ID 94395
pgloadind     OTT ID reused in tree
pgloadind       duplicate name "Caridina longidigita" nexsonid "node1074183"
pgloadind       duplicate OTT ID 94395
pgloadind     OTT ID reused in tree
pgloadind       duplicate name "Caridina longidigita" nexsonid "node1074184"
pgloadind       duplicate OTT ID 94395
pgloadind     OTT ID reused in tree
pgloadind       duplicate name "Caridina longidigita" nexsonid "node1074185"
pgloadind       duplicate OTT ID 94395
pgloadind     OTT ID reused in tree
pgloadind       duplicate name "Caridina longidigita" nexsonid "node1074186"
pgloadind       duplicate OTT ID 94395
pgloadind     OTT ID reused in tree
pgloadind       duplicate name "Caridina longidigita" nexsonid "node1074187"
pgloadind       duplicate OTT ID 94395
pgloadind     OTT ID reused in tree
pgloadind       duplicate name "Caridina longidigita" nexsonid "node1074188"
pgloadind       duplicate OTT ID 94395
pgloadind     OTT ID reused in tree
pgloadind       duplicate name "Caridina longidigita" nexsonid "node1074189"
pgloadind       duplicate OTT ID 94395
pgloadind     OTT ID reused in tree
pgloadind       duplicate name "Caridina longidigita" nexsonid "node1074193"
pgloadind       duplicate OTT ID 94395
pgloadind     OTT ID reused in tree
pgloadind       duplicate name "Caridina longidigita" nexsonid "node1074194"
pgloadind       duplicate OTT ID 94395
pgloadind     OTT ID reused in tree
pgloadind       duplicate name "Caridina sarasinorum" nexsonid "node1074195"
pgloadind       duplicate OTT ID 604199
pgloadind     OTT ID reused in tree
pgloadind       duplicate name "Caridina sp. KVR-2007" nexsonid "node1074197"
pgloadind       duplicate OTT ID 251766
pgloadind     OTT ID reused in tree
pgloadind       duplicate name "Caridina sp. KVR-2007" nexsonid "node1074198"
pgloadind       duplicate OTT ID 251766
pgloadind     OTT ID reused in tree
pgloadind       duplicate name "Caridina sp. KVR-2007" nexsonid "node1074200"
pgloadind       duplicate OTT ID 251766
pgloadind     OTT ID reused in tree
pgloadind       duplicate name "Caridina sp. KVR-2007" nexsonid "node1074201"
pgloadind       duplicate OTT ID 251766
pgloadind     OTT ID reused in tree
pgloadind       duplicate name "Caridina sp. KVR-2007" nexsonid "node1074203"
pgloadind       duplicate OTT ID 251766
pgloadind     OTT ID reused in tree
pgloadind       duplicate name "Caridina sp. KVR-2007" nexsonid "node1074204"
pgloadind       duplicate OTT ID 251766
pgloadind     OTT ID reused in tree
pgloadind       duplicate name "Caridina sp. KVR-2007" nexsonid "node1074207"
pgloadind       duplicate OTT ID 251766
pgloadind     OTT ID reused in tree
pgloadind       duplicate name "Caridina sp. KVR-2007" nexsonid "node1074208"
pgloadind       duplicate OTT ID 251766
pgloadind     OTT ID reused in tree
pgloadind       duplicate name "Caridina sp. KVR-2007" nexsonid "node1074210"
pgloadind       duplicate OTT ID 251766
pgloadind     OTT ID reused in tree
pgloadind       duplicate name "Caridina sp. KVR-2007" nexsonid "node1074211"
pgloadind       duplicate OTT ID 251766
pgloadind     OTT ID reused in tree
pgloadind       duplicate name "Caridina typus" nexsonid "node1074216"
pgloadind       duplicate OTT ID 500710
pgloadind     pruning dups and overlapping name "Caridina sarasinorum" nexsonid "node1074171"
pgloadind     pruning dups and overlapping name "Caridina sp. KVR-2007" nexsonid "node1074139"
pgloadind     pruning dups and overlapping name "Caridina ensifera 'blue morph'" nexsonid "node1074114"
pgloadind     pruning dups and overlapping name "Caridina longidigita" nexsonid "node1074193"
pgloadind     pruning dups and overlapping name "Caridina longidigita" nexsonid "node1074184"
pgloadind     pruning dups and overlapping name "Caridina sp. KVR-2007" nexsonid "node1074200"
pgloadind     pruning dups and overlapping name "Caridina ensifera 'blue morph'" nexsonid "node1074111"
pgloadind     pruning dups and overlapping name "Caridina ensifera 'blue morph'" nexsonid "node1074113"
pgloadind     pruning dups and overlapping name "Caridina ensifera" nexsonid "node1074160"
pgloadind     pruning dups and overlapping name "Caridina sp. KVR-2007" nexsonid "node1074197"
pgloadind     pruning dups and overlapping name "Caridina ensifera" nexsonid "node1074158"
pgloadind     pruning dups and overlapping name "Caridina acutirostris" nexsonid "node1074146"
pgloadind     pruning dups and overlapping name "Caridina ensifera 'blue morph'" nexsonid "node1074110"
pgloadind     pruning dups and overlapping name "Caridina sp. KVR-2007" nexsonid "node1074204"
pgloadind     pruning dups and overlapping name "Caridina longidigita" nexsonid "node1074188"
pgloadind     pruning dups and overlapping name "Caridina ensifera" nexsonid "node1074154"
pgloadind     pruning dups and overlapping name "Caridina sarasinorum" nexsonid "node1074175"
pgloadind     pruning dups and overlapping name "Caridina ensifera 'blue morph'" nexsonid "node1074115"
pgloadind     pruning dups and overlapping name "Caridina ensifera" nexsonid "node1074156"
pgloadind     pruning dups and overlapping name "Caridina sarasinorum" nexsonid "node1074170"
pgloadind     pruning dups and overlapping name "Caridina sarasinorum" nexsonid "node1074173"
pgloadind     pruning dups and overlapping name "Caridina ensifera 'blue morph'" nexsonid "node1074116"
pgloadind     pruning dups and overlapping name "Caridina sp. KVR-2007" nexsonid "node1074198"
pgloadind     pruning dups and overlapping name "Caridina ensifera 'blue morph'" nexsonid "node1074119"
pgloadind     pruning dups and overlapping name "Caridina acutirostris" nexsonid "node1074143"
pgloadind     pruning dups and overlapping name "Caridina sp. KVR-2007" nexsonid "node1074132"
pgloadind     pruning dups and overlapping name "Caridina ensifera 'blue morph'" nexsonid "node1074107"
pgloadind     pruning dups and overlapping name "Caridina ensifera 'blue morph'" nexsonid "node1074118"
pgloadind     pruning dups and overlapping name "Caridina sarasinorum" nexsonid "node1074168"
pgloadind     pruning dups and overlapping name "Caridina longidigita" nexsonid "node1074181"
pgloadind     pruning dups and overlapping name "Caridina sarasinorum" nexsonid "node1074169"
pgloadind     pruning dups and overlapping name "Caridina longidigita" nexsonid "node1074187"
pgloadind     pruning dups and overlapping name "Caridina ensifera" nexsonid "node1074164"
pgloadind     pruning dups and overlapping name "Caridina sarasinorum" nexsonid "node1074176"
pgloadind     pruning dups and overlapping name "Caridina sp. KVR-2007" nexsonid "node1074135"
pgloadind     pruning dups and overlapping name "Caridina sp. KVR-2007" nexsonid "node1074126"
pgloadind     pruning dups and overlapping name "Caridina longidigita" nexsonid "node1074189"
pgloadind     pruning dups and overlapping name "Caridina ensifera" nexsonid "node1074163"
pgloadind     pruning dups and overlapping name "Caridina longidigita" nexsonid "node1074186"
pgloadind     pruning dups and overlapping name "Caridina longidigita" nexsonid "node1074194"
pgloadind     pruning dups and overlapping name "Caridina sp. KVR-2007" nexsonid "node1074130"
pgloadind     pruning dups and overlapping name "Caridina ensifera" nexsonid "node1074165"
pgloadind     pruning dups and overlapping name "Caridina sarasinorum" nexsonid "node1074177"
pgloadind     pruning dups and overlapping name "Caridina ensifera 'blue morph'" nexsonid "node1074112"
pgloadind     pruning dups and overlapping name "Caridina sp. KVR-2007" nexsonid "node1074208"
pgloadind     pruning dups and overlapping name "Caridina sp. KVR-2007" nexsonid "node1074133"
pgloadind     pruning dups and overlapping name "Caridina sp. KVR-2007" nexsonid "node1074136"
pgloadind     pruning dups and overlapping name "Caridina sp. KVR-2007" nexsonid "node1074207"
pgloadind     pruning dups and overlapping name "Caridina longidigita" nexsonid "node1074183"
pgloadind     pruning dups and overlapping name "Caridina longidigita" nexsonid "node1074185"
pgloadind     pruning dups and overlapping name "Caridina ensifera 'blue morph'" nexsonid "node1074108"
pgloadind     pruning dups and overlapping name "Caridina ensifera" nexsonid "node1074161"
pgloadind     pruning dups and overlapping name "Caridina acutirostris" nexsonid "node1074147"
pgloadind     pruning dups and overlapping name "Caridina sp. KVR-2007" nexsonid "node1074211"
pgloadind     pruning dups and overlapping name "Caridina sp. KVR-2007" nexsonid "node1074134"
pgloadind     pruning dups and overlapping name "Caridina sp. KVR-2007" nexsonid "node1074129"
pgloadind     pruning dups and overlapping name "Caridina sarasinorum" nexsonid "node1074195"
pgloadind     pruning dups and overlapping name "Caridina typus" nexsonid "node1074216"
pgloadind     pruning dups and overlapping name "Caridina sp. KVR-2007" nexsonid "node1074201"
pgloadind     pruning dups and overlapping name "Caridina acutirostris" nexsonid "node1074148"
pgloadind     pruning dups and overlapping name "Caridina ensifera" nexsonid "node1074155"
pgloadind     pruning dups and overlapping name "Caridina sp. KVR-2007" nexsonid "node1074210"
pgloadind     pruning dups and overlapping name "Caridina sp. KVR-2007" nexsonid "node1074137"
pgloadind     pruning dups and overlapping name "Caridina ensifera 'blue morph'" nexsonid "node1074109"
pgloadind     pruning dups and overlapping name "Caridina sarasinorum" nexsonid "node1074172"
pgloadind     pruning dups and overlapping name "Caridina sp. KVR-2007" nexsonid "node1074140"
pgloadind     pruning dups and overlapping name "Caridina acutirostris" nexsonid "node1074144"
pgloadind     pruning dups and overlapping name "Caridina ensifera 'blue morph'" nexsonid "node1074117"
pgloadind     pruning dups and overlapping name "Caridina ensifera" nexsonid "node1074157"
pgloadind     pruning dups and overlapping name "Caridina sarasinorum" nexsonid "node1074174"
pgloadind     pruning dups and overlapping name "Caridina longidigita" nexsonid "node1074182"
pgloadind     pruning dups and overlapping name "Caridina sp. KVR-2007" nexsonid "node1074203"
pgloadind   postpruning newick tree "(((Caridina_opaensis,(((((Caridina_sarasinorum,Caridina_sp_KVR-2007),Caridina_ensifera_'blue_morph'),Caridina_acutirostris),Caridina_ensifera),Caridina_longidigita)),Caridina_lanceolata),Caridina_typus)"
pgloadind   taxon mapping summary
pgloadind     taxon mapping OTT ID 604201 taxonomy "Caridina opaensis->Caridina->Atyidae->Atyoidea->Caridea->Pleocyemata->Decapoda->Eucarida->Eumalacostraca->Malacostraca->Crustacea->Pancrustacea->Mandibulata->Arthropoda->Panarthropoda->Ecdysozoa->Protostomia->Bilateria->Eumetazoa->Metazoa->Holozoa->Opisthokonta->Eukaryota->cellular organisms->life" nexsonid "node1074212"
pgloadind     taxon mapping OTT ID 604199 taxonomy "Caridina sarasinorum->Caridina->Atyidae->Atyoidea->Caridea->Pleocyemata->Decapoda->Eucarida->Eumalacostraca->Malacostraca->Crustacea->Pancrustacea->Mandibulata->Arthropoda->Panarthropoda->Ecdysozoa->Protostomia->Bilateria->Eumetazoa->Metazoa->Holozoa->Opisthokonta->Eukaryota->cellular organisms->life" nexsonid "node1074127"
pgloadind     taxon mapping OTT ID 251766 taxonomy "Caridina sp. KVR-2007->Caridina->Atyidae->Atyoidea->Caridea->Pleocyemata->Decapoda->Eucarida->Eumalacostraca->Malacostraca->Crustacea->Pancrustacea->Mandibulata->Arthropoda->Panarthropoda->Ecdysozoa->Protostomia->Bilateria->Eumetazoa->Metazoa->Holozoa->Opisthokonta->Eukaryota->cellular organisms->life" nexsonid "node1074125"
pgloadind     taxon mapping OTT ID 31268 taxonomy "Caridina ensifera 'blue morph'->Caridina->Atyidae->Atyoidea->Caridea->Pleocyemata->Decapoda->Eucarida->Eumalacostraca->Malacostraca->Crustacea->Pancrustacea->Mandibulata->Arthropoda->Panarthropoda->Ecdysozoa->Protostomia->Bilateria->Eumetazoa->Metazoa->Holozoa->Opisthokonta->Eukaryota->cellular organisms->life" nexsonid "node1074106"
pgloadind     taxon mapping OTT ID 656842 taxonomy "Caridina acutirostris->Caridina->Atyidae->Atyoidea->Caridea->Pleocyemata->Decapoda->Eucarida->Eumalacostraca->Malacostraca->Crustacea->Pancrustacea->Mandibulata->Arthropoda->Panarthropoda->Ecdysozoa->Protostomia->Bilateria->Eumetazoa->Metazoa->Holozoa->Opisthokonta->Eukaryota->cellular organisms->life" nexsonid "node1074142"
pgloadind     taxon mapping OTT ID 656840 taxonomy "Caridina ensifera->Caridina->Atyidae->Atyoidea->Caridea->Pleocyemata->Decapoda->Eucarida->Eumalacostraca->Malacostraca->Crustacea->Pancrustacea->Mandibulata->Arthropoda->Panarthropoda->Ecdysozoa->Protostomia->Bilateria->Eumetazoa->Metazoa->Holozoa->Opisthokonta->Eukaryota->cellular organisms->life" nexsonid "node1074153"
pgloadind     taxon mapping OTT ID 94395 taxonomy "Caridina longidigita->Caridina->Atyidae->Atyoidea->Caridea->Pleocyemata->Decapoda->Eucarida->Eumalacostraca->Malacostraca->Crustacea->Pancrustacea->Mandibulata->Arthropoda->Panarthropoda->Ecdysozoa->Protostomia->Bilateria->Eumetazoa->Metazoa->Holozoa->Opisthokonta->Eukaryota->cellular organisms->life" nexsonid "node1074180"
pgloadind     taxon mapping OTT ID 322633 taxonomy "Caridina lanceolata->Caridina->Atyidae->Atyoidea->Caridea->Pleocyemata->Decapoda->Eucarida->Eumalacostraca->Malacostraca->Crustacea->Pancrustacea->Mandibulata->Arthropoda->Panarthropoda->Ecdysozoa->Protostomia->Bilateria->Eumetazoa->Metazoa->Holozoa->Opisthokonta->Eukaryota->cellular organisms->life" nexsonid "node1074213"
pgloadind     taxon mapping OTT ID 500710 taxonomy "Caridina typus->Caridina->Atyidae->Atyoidea->Caridea->Pleocyemata->Decapoda->Eucarida->Eumalacostraca->Malacostraca->Crustacea->Pancrustacea->Mandibulata->Arthropoda->Panarthropoda->Ecdysozoa->Protostomia->Bilateria->Eumetazoa->Metazoa->Holozoa->Opisthokonta->Eukaryota->cellular organisms->life" nexsonid "node1074215"
done fixing name
pgloadind Finished with attempts to fix names
pgloadind   Checking for uniqueness of OTT IDs tree id "6216"
pgloadind   Adding tree to graph tree id "6216"
all trees have all taxa: false
	using bipartition technique
attempting to remap tips to deepest exemplified taxa
this is the ROOT
placing root in index
Dealing with metadata property: id
Dealing with metadata property: ot:studyPublicationReference
Adding property 'ot:studyPublicationReference': von Rintelen, Kristina, Thomas von Rintelen, and Matthias Glaubrecht. "Molecular phylogeny and diversification of freshwater shrimps (Decapoda, Atyidae, Caridina) from ancient Lake Poso (Sulawesi, Indonesia)—The importance of being colourful." Molecular Phylogenetics and Evolution 45.3 (2007): 1033-1041.
Dealing with metadata property: ot:focalCladeOTTTaxonName
Adding property 'ot:focalCladeOTTTaxonName': Caridina
Dealing with metadata property: ot:studyYear
Adding property 'ot:studyYear': 2007
Dealing with metadata property: ot:inGroupClade
Adding property 'ot:inGroupClade': node1074092
Dealing with metadata property: ot:tag
Adding property 'ot:tag': choose me
Dealing with metadata property: ot:curatorName
Adding property 'ot:curatorName': Chris Owen
Dealing with metadata property: ot:studyPublication
Adding property 'ot:studyPublication': http://dx.doi.org/10.1016/j.ympev.2007.07.002
Dealing with metadata property: ot:focalClade
Adding property 'ot:focalClade': 76861
Dealing with metadata property: ot:curatedType
Adding property 'ot:curatedType': BI 50% maj-rule
Dealing with metadata property: ot:studyId
Adding property 'ot:studyId': 2671
Committing nodes: 17
