pgloadind OTUs number 96
pgloadind Processing tree @id "5964"
pgloadind   tree info number nodes 127
pgloadind   tree info number edges 126
pgloadind   Ingested tree number of external nodes 81
pgloadind   property added ot:studyPublicationReference "Katz, LA, LW Parfrey, J Grant, JG Burleigh. 2012. Turning the crown upside down: gene tree parsimony roots the eukaryotic tree of life. Systematic Biology 61 (4): 653-660."
pgloadind   property added ot:studyPublication "http://dx.doi.org/10.1093/sysbio/sys026"
pgloadind   property added ot:curatorName "Jessica Grant"
pgloadind   property added ot:dataDeposit "http://purl.org/phylo/treebase/phylows/study/TB2:S12157"
pgloadind   property added ot:studyId "425"
pgloadind   property added ot:studyYear "2012"
pgloadind   property added ot:focalClade "928996"
pgloadind   property added ot:branchLengthMode "ot:substitutionCount"
pgloadind   property added ot:curatedType "delete me"
pgloadind Processing tree @id "5965"
pgloadind   tree info number nodes 124
pgloadind   tree info number edges 123
pgloadind   Ingested tree number of external nodes 81
pgloadind   property added ot:studyPublicationReference "Katz, LA, LW Parfrey, J Grant, JG Burleigh. 2012. Turning the crown upside down: gene tree parsimony roots the eukaryotic tree of life. Systematic Biology 61 (4): 653-660."
pgloadind   property added ot:studyPublication "http://dx.doi.org/10.1093/sysbio/sys026"
pgloadind   property added ot:curatorName "Jessica Grant"
pgloadind   property added ot:dataDeposit "http://purl.org/phylo/treebase/phylows/study/TB2:S12157"
pgloadind   property added ot:studyId "425"
pgloadind   property added ot:studyYear "2012"
pgloadind   property added ot:focalClade "928996"
pgloadind   property added ot:branchLengthMode "ot:substitutionCount"
pgloadind   property added ot:curatedType "delete me"
pgloadind Processing tree @id "5966"
pgloadind   tree info number nodes 94
pgloadind   tree info number edges 93
pgloadind   Ingested tree number of external nodes 59
pgloadind   property added ot:studyPublicationReference "Katz, LA, LW Parfrey, J Grant, JG Burleigh. 2012. Turning the crown upside down: gene tree parsimony roots the eukaryotic tree of life. Systematic Biology 61 (4): 653-660."
pgloadind   property added ot:studyPublication "http://dx.doi.org/10.1093/sysbio/sys026"
pgloadind   property added ot:curatorName "Jessica Grant"
pgloadind   property added ot:dataDeposit "http://purl.org/phylo/treebase/phylows/study/TB2:S12157"
pgloadind   property added ot:studyId "425"
pgloadind   property added ot:studyYear "2012"
pgloadind   property added ot:focalClade "928996"
pgloadind   property added ot:branchLengthMode "ot:substitutionCount"
pgloadind   property added ot:curatedType "delete me"
pgloadind Processing tree @id "5967"
pgloadind   tree info number nodes 91
pgloadind   tree info number edges 90
pgloadind   Ingested tree number of external nodes 59
pgloadind   property added ot:studyPublicationReference "Katz, LA, LW Parfrey, J Grant, JG Burleigh. 2012. Turning the crown upside down: gene tree parsimony roots the eukaryotic tree of life. Systematic Biology 61 (4): 653-660."
pgloadind   property added ot:studyPublication "http://dx.doi.org/10.1093/sysbio/sys026"
pgloadind   property added ot:curatorName "Jessica Grant"
pgloadind   property added ot:dataDeposit "http://purl.org/phylo/treebase/phylows/study/TB2:S12157"
pgloadind   property added ot:studyId "425"
pgloadind   property added ot:studyYear "2012"
pgloadind   property added ot:focalClade "928996"
pgloadind   property added ot:branchLengthMode "ot:substitutionCount"
pgloadind   property added ot:curatedType "delete me"
pgloadind Processing tree @id "5976"
pgloadind   tree info number nodes 167
pgloadind   tree info number edges 166
pgloadind   tree info ingroup "node1015351"
pgloadind   Setting ingroup root node.
pgloadind   Ingested tree number of external nodes 84
pgloadind   property added ot:studyPublicationReference "Katz, LA, LW Parfrey, J Grant, JG Burleigh. 2012. Turning the crown upside down: gene tree parsimony roots the eukaryotic tree of life. Systematic Biology 61 (4): 653-660."
pgloadind   property added ot:studyPublication "http://dx.doi.org/10.1093/sysbio/sys026"
pgloadind   property added ot:curatorName "Jessica Grant"
pgloadind   property added ot:dataDeposit "http://purl.org/phylo/treebase/phylows/study/TB2:S12157"
pgloadind   property added ot:studyId "425"
pgloadind   property added ot:studyYear "2012"
pgloadind   property added ot:focalClade "928996"
pgloadind   property added ot:branchLengthMode "ot:substitutionCount"
pgloadind   property added ot:inGroupClade "node1015351"
pgloadind   property added ot:curatedType "10 rooted input majority rule consensus tree"
pgloadind Processing tree @id "5977"
pgloadind   tree info number nodes 167
pgloadind   tree info number edges 166
pgloadind   tree info ingroup "node1015518"
pgloadind   Setting ingroup root node.
pgloadind   Ingested tree number of external nodes 84
pgloadind   property added ot:studyPublicationReference "Katz, LA, LW Parfrey, J Grant, JG Burleigh. 2012. Turning the crown upside down: gene tree parsimony roots the eukaryotic tree of life. Systematic Biology 61 (4): 653-660."
pgloadind   property added ot:studyPublication "http://dx.doi.org/10.1093/sysbio/sys026"
pgloadind   property added ot:curatorName "Jessica Grant"
pgloadind   property added ot:dataDeposit "http://purl.org/phylo/treebase/phylows/study/TB2:S12157"
pgloadind   property added ot:studyId "425"
pgloadind   property added ot:studyYear "2012"
pgloadind   property added ot:focalClade "928996"
pgloadind   property added ot:branchLengthMode "ot:substitutionCount"
pgloadind   property added ot:inGroupClade "node1015518"
pgloadind   property added ot:curatedType "10 unrooted input  majority rule consensus tree"
pgloadind Processing tree @id "5978"
pgloadind   tree info number nodes 117
pgloadind   tree info number edges 116
pgloadind   tree info ingroup "node1015685"
pgloadind   Setting ingroup root node.
pgloadind   Ingested tree number of external nodes 59
pgloadind   property added ot:studyPublicationReference "Katz, LA, LW Parfrey, J Grant, JG Burleigh. 2012. Turning the crown upside down: gene tree parsimony roots the eukaryotic tree of life. Systematic Biology 61 (4): 653-660."
pgloadind   property added ot:studyPublication "http://dx.doi.org/10.1093/sysbio/sys026"
pgloadind   property added ot:curatorName "Jessica Grant"
pgloadind   property added ot:dataDeposit "http://purl.org/phylo/treebase/phylows/study/TB2:S12157"
pgloadind   property added ot:studyId "425"
pgloadind   property added ot:studyYear "2012"
pgloadind   property added ot:focalClade "928996"
pgloadind   property added ot:branchLengthMode "ot:substitutionCount"
pgloadind   property added ot:inGroupClade "node1015685"
pgloadind   property added ot:curatedType "15 rooted input majority rule consensus tree"
pgloadind Processing tree @id "5979"
pgloadind   tree info number nodes 117
pgloadind   tree info number edges 116
pgloadind   tree info ingroup "node1015802"
pgloadind   Setting ingroup root node.
pgloadind   Ingested tree number of external nodes 59
pgloadind   property added ot:studyPublicationReference "Katz, LA, LW Parfrey, J Grant, JG Burleigh. 2012. Turning the crown upside down: gene tree parsimony roots the eukaryotic tree of life. Systematic Biology 61 (4): 653-660."
pgloadind   property added ot:studyPublication "http://dx.doi.org/10.1093/sysbio/sys026"
pgloadind   property added ot:curatorName "Jessica Grant"
pgloadind   property added ot:dataDeposit "http://purl.org/phylo/treebase/phylows/study/TB2:S12157"
pgloadind   property added ot:studyId "425"
pgloadind   property added ot:studyYear "2012"
pgloadind   property added ot:focalClade "928996"
pgloadind   property added ot:branchLengthMode "ot:substitutionCount"
pgloadind   property added ot:inGroupClade "node1015802"
pgloadind   property added ot:curatedType "15 unrooted input majority rule consensus tree"
loading a specific tree: 59762822
skipping tree: 5964
skipping tree: 5965
skipping tree: 5966
skipping tree: 5967
skipping tree: 5976
skipping tree: 5977
skipping tree: 5978
skipping tree: 5979

No new trees to add to graph.

