pgloadind OTUs number 34
pgloadind Processing tree @id "6667"
pgloadind   tree info number nodes 67
pgloadind   tree info number edges 66
pgloadind   tree info ingroup "node1162138"
pgloadind   Setting ingroup root node.
pgloadind   Ingested tree number of external nodes 28
pgloadind   property added ot:studyPublicationReference "Tietze, Dieter Thomas, Martin Päckert, Jochen Martens, Henriette Lehmann, Yue-Hua Sun. 2013. Complete phylogeny and historical biogeography of true rosefinches (Aves: Carpodacus) . Zoological Journal of the Linnean Society 169 (1): 215-234."
pgloadind   property added ot:studyPublication "http://dx.doi.org/10.1111/zoj.12057"
pgloadind   property added ot:curatorName "Joseph Brown"
pgloadind   property added ot:studyId "2874"
pgloadind   property added ot:studyYear "2013"
pgloadind   property added ot:focalClade "711863"
pgloadind   property added ot:focalCladeOTTTaxonName "Carpodacus"
pgloadind   property added ot:inGroupClade "node1162138"
pgloadind   property added ot:curatedType "Fig. 1 Bayesian (topology)"
loading a specific tree: 6667
pgloadind conducting TNRS on trees
pgloadind   name fixing on tree tree id "6667"
pgloadind     OTT ID missing name "Carpodacus thura dubius" nexsonid "node1162148"
pgloadind     OTT ID missing name "Carpodacus rubicilla severtzovi" nexsonid "node1162160"
pgloadind     OTT ID missing name "Carpodacus rodopeplus verreauxii" nexsonid "node1162176"
pgloadind     OTT ID missing name "Carpodacus pulcherrimus waltoni" nexsonid "node1162181"
pgloadind     OTT ID missing name "Carpodacus pulcherrimus davidianus" nexsonid "node1162184"
pgloadind   TNRS unmatched total number 5
pgloadind     pruning unmapped name "Carpodacus pulcherrimus waltoni" nexsonid "node1162181"
pgloadind     pruning unmapped name "Carpodacus rodopeplus verreauxii" nexsonid "node1162176"
pgloadind     pruning unmapped name "Carpodacus thura dubius" nexsonid "node1162148"
pgloadind     pruning unmapped name "Carpodacus pulcherrimus davidianus" nexsonid "node1162184"
pgloadind     pruning unmapped name "Carpodacus rubicilla severtzovi" nexsonid "node1162160"
pgloadind     OTT ID reused in tree
pgloadind       duplicate name "Carpodacus synoicus" nexsonid "node1162165"
pgloadind       duplicate OTT ID 873486
pgloadind     pruning dups and overlapping name "Carpodacus synoicus" nexsonid "node1162165"
pgloadind   postpruning newick tree "(((((((((Carpodacus_trifasciatus,Carpodacus_thura),Carpodacus_roseus),(Carpodacus_puniceus,Pinicola_subhimachala)),Uragus_sibiricus),((Carpodacus_rubicilloides,Carpodacus_rubicilla),Kozlowia_roborowskii)),Carpodacus_synoicus),((((((Carpodacus_formosanus,Carpodacus_vinaceus_vinaceus),Carpodacus_rodopeplus),Carpodacus_rodochroa),Carpodacus_edwardsii),(Carpodacus_eos,Carpodacus_pulcherrimus)),(Carpodacus_grandis,Carpodacus_rhodochlamys))),Chaunoproctus_ferreorostris),(Haematospiza_sipahi,Carpodacus_erythrinus))"
pgloadind   taxon mapping summary
pgloadind     taxon mapping OTT ID 815421 taxonomy "Carpodacus trifasciatus->Carpodacus->Carduelinae->Fringillidae->Passeroidea->Passeriformes->Neognathae->Aves->Coelurosauria->Theropoda->Saurischia->Dinosauria->Archosauria->Testudines + Archosauria group->Sauria->Sauropsida->Amniota->Tetrapoda->Dipnotetrapodomorpha->Sarcopterygii->Euteleostomi->Teleostomi->Gnathostomata->Vertebrata->Craniata->Chordata->Deuterostomia->Bilateria->Eumetazoa->Metazoa->Holozoa->Opisthokonta->Eukaryota->cellular organisms->life" nexsonid "node1162150"
pgloadind     taxon mapping OTT ID 157599 taxonomy "Carpodacus thura->Carpodacus->Carduelinae->Fringillidae->Passeroidea->Passeriformes->Neognathae->Aves->Coelurosauria->Theropoda->Saurischia->Dinosauria->Archosauria->Testudines + Archosauria group->Sauria->Sauropsida->Amniota->Tetrapoda->Dipnotetrapodomorpha->Sarcopterygii->Euteleostomi->Teleostomi->Gnathostomata->Vertebrata->Craniata->Chordata->Deuterostomia->Bilateria->Eumetazoa->Metazoa->Holozoa->Opisthokonta->Eukaryota->cellular organisms->life" nexsonid "node1162149"
pgloadind     taxon mapping OTT ID 815419 taxonomy "Carpodacus roseus->Carpodacus->Carduelinae->Fringillidae->Passeroidea->Passeriformes->Neognathae->Aves->Coelurosauria->Theropoda->Saurischia->Dinosauria->Archosauria->Testudines + Archosauria group->Sauria->Sauropsida->Amniota->Tetrapoda->Dipnotetrapodomorpha->Sarcopterygii->Euteleostomi->Teleostomi->Gnathostomata->Vertebrata->Craniata->Chordata->Deuterostomia->Bilateria->Eumetazoa->Metazoa->Holozoa->Opisthokonta->Eukaryota->cellular organisms->life" nexsonid "node1162151"
pgloadind     taxon mapping OTT ID 473007 taxonomy "Carpodacus puniceus->Carpodacus->Carduelinae->Fringillidae->Passeroidea->Passeriformes->Neognathae->Aves->Coelurosauria->Theropoda->Saurischia->Dinosauria->Archosauria->Testudines + Archosauria group->Sauria->Sauropsida->Amniota->Tetrapoda->Dipnotetrapodomorpha->Sarcopterygii->Euteleostomi->Teleostomi->Gnathostomata->Vertebrata->Craniata->Chordata->Deuterostomia->Bilateria->Eumetazoa->Metazoa->Holozoa->Opisthokonta->Eukaryota->cellular organisms->life" nexsonid "node1162153"
pgloadind     taxon mapping OTT ID 1031951 taxonomy "Pinicola subhimachala->Pinicola->Carduelinae->Fringillidae->Passeroidea->Passeriformes->Neognathae->Aves->Coelurosauria->Theropoda->Saurischia->Dinosauria->Archosauria->Testudines + Archosauria group->Sauria->Sauropsida->Amniota->Tetrapoda->Dipnotetrapodomorpha->Sarcopterygii->Euteleostomi->Teleostomi->Gnathostomata->Vertebrata->Craniata->Chordata->Deuterostomia->Bilateria->Eumetazoa->Metazoa->Holozoa->Opisthokonta->Eukaryota->cellular organisms->life" nexsonid "node1162154"
pgloadind     taxon mapping OTT ID 253382 taxonomy "Uragus sibiricus->Uragus->Carduelinae->Fringillidae->Passeroidea->Passeriformes->Neognathae->Aves->Coelurosauria->Theropoda->Saurischia->Dinosauria->Archosauria->Testudines + Archosauria group->Sauria->Sauropsida->Amniota->Tetrapoda->Dipnotetrapodomorpha->Sarcopterygii->Euteleostomi->Teleostomi->Gnathostomata->Vertebrata->Craniata->Chordata->Deuterostomia->Bilateria->Eumetazoa->Metazoa->Holozoa->Opisthokonta->Eukaryota->cellular organisms->life" nexsonid "node1162155"
pgloadind     taxon mapping OTT ID 815422 taxonomy "Carpodacus rubicilloides->Carpodacus->Carduelinae->Fringillidae->Passeroidea->Passeriformes->Neognathae->Aves->Coelurosauria->Theropoda->Saurischia->Dinosauria->Archosauria->Testudines + Archosauria group->Sauria->Sauropsida->Amniota->Tetrapoda->Dipnotetrapodomorpha->Sarcopterygii->Euteleostomi->Teleostomi->Gnathostomata->Vertebrata->Craniata->Chordata->Deuterostomia->Bilateria->Eumetazoa->Metazoa->Holozoa->Opisthokonta->Eukaryota->cellular organisms->life" nexsonid "node1162161"
pgloadind     taxon mapping OTT ID 235455 taxonomy "Carpodacus rubicilla->Carpodacus->Carduelinae->Fringillidae->Passeroidea->Passeriformes->Neognathae->Aves->Coelurosauria->Theropoda->Saurischia->Dinosauria->Archosauria->Testudines + Archosauria group->Sauria->Sauropsida->Amniota->Tetrapoda->Dipnotetrapodomorpha->Sarcopterygii->Euteleostomi->Teleostomi->Gnathostomata->Vertebrata->Craniata->Chordata->Deuterostomia->Bilateria->Eumetazoa->Metazoa->Holozoa->Opisthokonta->Eukaryota->cellular organisms->life" nexsonid "node1162159"
pgloadind     taxon mapping OTT ID 405224 taxonomy "Kozlowia roborowskii->Kozlowia->Carduelinae->Fringillidae->Passeroidea->Passeriformes->Neognathae->Aves->Coelurosauria->Theropoda->Saurischia->Dinosauria->Archosauria->Testudines + Archosauria group->Sauria->Sauropsida->Amniota->Tetrapoda->Dipnotetrapodomorpha->Sarcopterygii->Euteleostomi->Teleostomi->Gnathostomata->Vertebrata->Craniata->Chordata->Deuterostomia->Bilateria->Eumetazoa->Metazoa->Holozoa->Opisthokonta->Eukaryota->cellular organisms->life" nexsonid "node1162162"
pgloadind     taxon mapping OTT ID 873486 taxonomy "Carpodacus synoicus->Carpodacus->Carduelinae->Fringillidae->Passeroidea->Passeriformes->Neognathae->Aves->Coelurosauria->Theropoda->Saurischia->Dinosauria->Archosauria->Testudines + Archosauria group->Sauria->Sauropsida->Amniota->Tetrapoda->Dipnotetrapodomorpha->Sarcopterygii->Euteleostomi->Teleostomi->Gnathostomata->Vertebrata->Craniata->Chordata->Deuterostomia->Bilateria->Eumetazoa->Metazoa->Holozoa->Opisthokonta->Eukaryota->cellular organisms->life" nexsonid "node1162164"
pgloadind     taxon mapping OTT ID 977524 taxonomy "Carpodacus formosanus->Carpodacus->Carduelinae->Fringillidae->Passeroidea->Passeriformes->Neognathae->Aves->Coelurosauria->Theropoda->Saurischia->Dinosauria->Archosauria->Testudines + Archosauria group->Sauria->Sauropsida->Amniota->Tetrapoda->Dipnotetrapodomorpha->Sarcopterygii->Euteleostomi->Teleostomi->Gnathostomata->Vertebrata->Craniata->Chordata->Deuterostomia->Bilateria->Eumetazoa->Metazoa->Holozoa->Opisthokonta->Eukaryota->cellular organisms->life" nexsonid "node1162172"
pgloadind     taxon mapping OTT ID 977522 taxonomy "Carpodacus vinaceus vinaceus->Carpodacus vinaceus->Carpodacus->Carduelinae->Fringillidae->Passeroidea->Passeriformes->Neognathae->Aves->Coelurosauria->Theropoda->Saurischia->Dinosauria->Archosauria->Testudines + Archosauria group->Sauria->Sauropsida->Amniota->Tetrapoda->Dipnotetrapodomorpha->Sarcopterygii->Euteleostomi->Teleostomi->Gnathostomata->Vertebrata->Craniata->Chordata->Deuterostomia->Bilateria->Eumetazoa->Metazoa->Holozoa->Opisthokonta->Eukaryota->cellular organisms->life" nexsonid "node1162173"
pgloadind     taxon mapping OTT ID 277039 taxonomy "Carpodacus rodopeplus->Carpodacus->Carduelinae->Fringillidae->Passeroidea->Passeriformes->Neognathae->Aves->Coelurosauria->Theropoda->Saurischia->Dinosauria->Archosauria->Testudines + Archosauria group->Sauria->Sauropsida->Amniota->Tetrapoda->Dipnotetrapodomorpha->Sarcopterygii->Euteleostomi->Teleostomi->Gnathostomata->Vertebrata->Craniata->Chordata->Deuterostomia->Bilateria->Eumetazoa->Metazoa->Holozoa->Opisthokonta->Eukaryota->cellular organisms->life" nexsonid "node1162174"
pgloadind     taxon mapping OTT ID 747629 taxonomy "Carpodacus rodochroa->Carpodacus->Carduelinae->Fringillidae->Passeroidea->Passeriformes->Neognathae->Aves->Coelurosauria->Theropoda->Saurischia->Dinosauria->Archosauria->Testudines + Archosauria group->Sauria->Sauropsida->Amniota->Tetrapoda->Dipnotetrapodomorpha->Sarcopterygii->Euteleostomi->Teleostomi->Gnathostomata->Vertebrata->Craniata->Chordata->Deuterostomia->Bilateria->Eumetazoa->Metazoa->Holozoa->Opisthokonta->Eukaryota->cellular organisms->life" nexsonid "node1162177"
pgloadind     taxon mapping OTT ID 473006 taxonomy "Carpodacus edwardsii->Carpodacus->Carduelinae->Fringillidae->Passeroidea->Passeriformes->Neognathae->Aves->Coelurosauria->Theropoda->Saurischia->Dinosauria->Archosauria->Testudines + Archosauria group->Sauria->Sauropsida->Amniota->Tetrapoda->Dipnotetrapodomorpha->Sarcopterygii->Euteleostomi->Teleostomi->Gnathostomata->Vertebrata->Craniata->Chordata->Deuterostomia->Bilateria->Eumetazoa->Metazoa->Holozoa->Opisthokonta->Eukaryota->cellular organisms->life" nexsonid "node1162178"
pgloadind     taxon mapping OTT ID 3597373 taxonomy "Carpodacus eos->Carpodacus->Carduelinae->Fringillidae->Passeroidea->Passeriformes->Neognathae->Aves->Coelurosauria->Theropoda->Saurischia->Dinosauria->Archosauria->Testudines + Archosauria group->Sauria->Sauropsida->Amniota->Tetrapoda->Dipnotetrapodomorpha->Sarcopterygii->Euteleostomi->Teleostomi->Gnathostomata->Vertebrata->Craniata->Chordata->Deuterostomia->Bilateria->Eumetazoa->Metazoa->Holozoa->Opisthokonta->Eukaryota->cellular organisms->life" nexsonid "node1162182"
pgloadind     taxon mapping OTT ID 563259 taxonomy "Carpodacus pulcherrimus->Carpodacus->Carduelinae->Fringillidae->Passeroidea->Passeriformes->Neognathae->Aves->Coelurosauria->Theropoda->Saurischia->Dinosauria->Archosauria->Testudines + Archosauria group->Sauria->Sauropsida->Amniota->Tetrapoda->Dipnotetrapodomorpha->Sarcopterygii->Euteleostomi->Teleostomi->Gnathostomata->Vertebrata->Craniata->Chordata->Deuterostomia->Bilateria->Eumetazoa->Metazoa->Holozoa->Opisthokonta->Eukaryota->cellular organisms->life" nexsonid "node1162185"
pgloadind     taxon mapping OTT ID 3597377 taxonomy "Carpodacus grandis->Carpodacus->Carduelinae->Fringillidae->Passeroidea->Passeriformes->Neognathae->Aves->Coelurosauria->Theropoda->Saurischia->Dinosauria->Archosauria->Testudines + Archosauria group->Sauria->Sauropsida->Amniota->Tetrapoda->Dipnotetrapodomorpha->Sarcopterygii->Euteleostomi->Teleostomi->Gnathostomata->Vertebrata->Craniata->Chordata->Deuterostomia->Bilateria->Eumetazoa->Metazoa->Holozoa->Opisthokonta->Eukaryota->cellular organisms->life" nexsonid "node1162187"
pgloadind     taxon mapping OTT ID 405217 taxonomy "Carpodacus rhodochlamys->Carpodacus->Carduelinae->Fringillidae->Passeroidea->Passeriformes->Neognathae->Aves->Coelurosauria->Theropoda->Saurischia->Dinosauria->Archosauria->Testudines + Archosauria group->Sauria->Sauropsida->Amniota->Tetrapoda->Dipnotetrapodomorpha->Sarcopterygii->Euteleostomi->Teleostomi->Gnathostomata->Vertebrata->Craniata->Chordata->Deuterostomia->Bilateria->Eumetazoa->Metazoa->Holozoa->Opisthokonta->Eukaryota->cellular organisms->life" nexsonid "node1162188"
pgloadind     taxon mapping OTT ID 242220 taxonomy "Chaunoproctus ferreorostris->Chaunoproctus->Fringillidae->Passeroidea->Passeriformes->Neognathae->Aves->Coelurosauria->Theropoda->Saurischia->Dinosauria->Archosauria->Testudines + Archosauria group->Sauria->Sauropsida->Amniota->Tetrapoda->Dipnotetrapodomorpha->Sarcopterygii->Euteleostomi->Teleostomi->Gnathostomata->Vertebrata->Craniata->Chordata->Deuterostomia->Bilateria->Eumetazoa->Metazoa->Holozoa->Opisthokonta->Eukaryota->cellular organisms->life" nexsonid "node1162189"
pgloadind     taxon mapping OTT ID 341467 taxonomy "Haematospiza sipahi->Haematospiza->Carduelinae->Fringillidae->Passeroidea->Passeriformes->Neognathae->Aves->Coelurosauria->Theropoda->Saurischia->Dinosauria->Archosauria->Testudines + Archosauria group->Sauria->Sauropsida->Amniota->Tetrapoda->Dipnotetrapodomorpha->Sarcopterygii->Euteleostomi->Teleostomi->Gnathostomata->Vertebrata->Craniata->Chordata->Deuterostomia->Bilateria->Eumetazoa->Metazoa->Holozoa->Opisthokonta->Eukaryota->cellular organisms->life" nexsonid "node1162191"
pgloadind     taxon mapping OTT ID 815418 taxonomy "Carpodacus erythrinus->Carpodacus->Carduelinae->Fringillidae->Passeroidea->Passeriformes->Neognathae->Aves->Coelurosauria->Theropoda->Saurischia->Dinosauria->Archosauria->Testudines + Archosauria group->Sauria->Sauropsida->Amniota->Tetrapoda->Dipnotetrapodomorpha->Sarcopterygii->Euteleostomi->Teleostomi->Gnathostomata->Vertebrata->Craniata->Chordata->Deuterostomia->Bilateria->Eumetazoa->Metazoa->Holozoa->Opisthokonta->Eukaryota->cellular organisms->life" nexsonid "node1162192"
done fixing name
pgloadind Finished with attempts to fix names
pgloadind   Checking for uniqueness of OTT IDs tree id "6667"
pgloadind   Adding tree to graph tree id "6667"
all trees have all taxa: false
	using bipartition technique
attempting to remap tips to deepest exemplified taxa
	Haematospiza sipahi was remapped to 'Haematospiza' (id=485097)
	Pinicola subhimachala was remapped to 'Pinicola' (id=485107)
	Kozlowia roborowskii was remapped to 'Kozlowia' (id=485125)
	Uragus sibiricus was remapped to 'Uragus' (id=485083)
	Carpodacus vinaceus vinaceus was remapped to 'Carpodacus vinaceus' (id=485235)
	Chaunoproctus ferreorostris was remapped to 'Chaunoproctus' (id=483501)
this is the ROOT
placing root in index
Dealing with metadata property: id
Dealing with metadata property: ot:studyPublicationReference
Adding property 'ot:studyPublicationReference': Tietze, Dieter Thomas, Martin Päckert, Jochen Martens, Henriette Lehmann, Yue-Hua Sun. 2013. Complete phylogeny and historical biogeography of true rosefinches (Aves: Carpodacus) . Zoological Journal of the Linnean Society 169 (1): 215-234.
Dealing with metadata property: ot:focalCladeOTTTaxonName
Adding property 'ot:focalCladeOTTTaxonName': Carpodacus
Dealing with metadata property: ot:studyYear
Adding property 'ot:studyYear': 2013
Dealing with metadata property: ot:inGroupClade
Adding property 'ot:inGroupClade': node1162138
Dealing with metadata property: ot:curatorName
Adding property 'ot:curatorName': Joseph Brown
Dealing with metadata property: ot:studyPublication
Adding property 'ot:studyPublication': http://dx.doi.org/10.1111/zoj.12057
Dealing with metadata property: ot:focalClade
Adding property 'ot:focalClade': 711863
Dealing with metadata property: ot:curatedType
Adding property 'ot:curatedType': Fig. 1 Bayesian (topology)
Dealing with metadata property: ot:studyId
Adding property 'ot:studyId': 2874
Committing nodes: 43
