pgloadind OTUs number 15
pgloadind Processing tree @id "2666"
pgloadind   tree info number nodes 29
pgloadind   tree info number edges 28
pgloadind   tree info ingroup "node591081"
pgloadind   Setting ingroup root node.
pgloadind   Ingested tree number of external nodes 14
pgloadind   property added ot:studyPublicationReference "Simon S., Strauss S., Von haeseler A., & Hadrys H. 2009. A phylogenomic approach to resolve the basal pterygote divergence. Molecular Biology and Evolution 26 (12): 2719-2730."
pgloadind   property added ot:studyPublication "http://dx.doi.org/10.1093/molbev/msp191"
pgloadind   property added ot:curatorName "Chris Owen"
pgloadind   property added ot:dataDeposit "http://purl.org/phylo/treebase/phylows/study/TB2:S10115"
pgloadind   property added ot:studyId "1338"
pgloadind   property added ot:studyYear "2009"
pgloadind   property added ot:focalClade "2130100"
pgloadind   property added ot:focalCladeOTTTaxonName "Pterygota"
pgloadind   property added ot:inGroupClade "node591081"
pgloadind   property added ot:curatedType "Fig. 2 ML+Bayesian topology"
loading a specific tree: 2666
pgloadind conducting TNRS on trees
pgloadind   name fixing on tree tree id "2666"
pgloadind   all nodes have ottIds
pgloadind     OTT ID not in database (probably dubious)
pgloadind       dubious name "Tribolium castaneum" nexsonid "node591098"
pgloadind       dubious OTT ID 148904
pgloadind     pruning dups and overlapping name "Tribolium castaneum" nexsonid "node591098"
pgloadind   postpruning newick tree "((((((Apis_mellifera,Nasonia_giraulti),(Anopheles_gambiae,(((Bombyx_mori,Antheraea_mylitta),Danaus_plexippus),(Plutella_xylostella,Plodia_interpunctella)))),(Aphis_gossypii,Maconellicoccus_hirsutus)),Laupala_kohalensis),Baetis_sp_AB-2009),Ischnura_elegans)"
pgloadind   taxon mapping summary
pgloadind     taxon mapping OTT ID 461645 taxonomy "Apis mellifera->Apis->Apini->Apinae->Apidae->Apoidea->Aculeata->Apocrita->Hymenoptera->Endopterygota->Neoptera->Pterygota->Dicondylia->Insecta->Hexapoda->Pancrustacea->Mandibulata->Arthropoda->Panarthropoda->Ecdysozoa->Protostomia->Bilateria->Eumetazoa->Metazoa->Holozoa->Opisthokonta->Eukaryota->cellular organisms->life" nexsonid "node591100"
pgloadind     taxon mapping OTT ID 729592 taxonomy "Nasonia giraulti->Nasonia->Pteromalinae->Pteromalidae->Chalcidoidea->Chaldicoidea group->Apocrita->Hymenoptera->Endopterygota->Neoptera->Pterygota->Dicondylia->Insecta->Hexapoda->Pancrustacea->Mandibulata->Arthropoda->Panarthropoda->Ecdysozoa->Protostomia->Bilateria->Eumetazoa->Metazoa->Holozoa->Opisthokonta->Eukaryota->cellular organisms->life" nexsonid "node591101"
pgloadind     taxon mapping OTT ID 793191 taxonomy "Anopheles gambiae->gambiae species complex->Pyretophorus->Cellia->Anopheles->Anophelinae->Culicidae->Culicoidea->Culicomorpha->Nematocera->Diptera->Endopterygota->Neoptera->Pterygota->Dicondylia->Insecta->Hexapoda->Pancrustacea->Mandibulata->Arthropoda->Panarthropoda->Ecdysozoa->Protostomia->Bilateria->Eumetazoa->Metazoa->Holozoa->Opisthokonta->Eukaryota->cellular organisms->life" nexsonid "node591088"
pgloadind     taxon mapping OTT ID 440274 taxonomy "Bombyx mori->Bombyx->Bombycinae->Bombycidae->Bombyciformes->Bombycoidea->Obtectomera->Ditrysia->Heteroneura->Neolepidoptera->Glossata->Lepidoptera->Amphiesmenoptera->Endopterygota->Neoptera->Pterygota->Dicondylia->Insecta->Hexapoda->Pancrustacea->Mandibulata->Arthropoda->Panarthropoda->Ecdysozoa->Protostomia->Bilateria->Eumetazoa->Metazoa->Holozoa->Opisthokonta->Eukaryota->cellular organisms->life" nexsonid "node591092"
pgloadind     taxon mapping OTT ID 371209 taxonomy "Antheraea mylitta->Antheraea->Saturniini->Saturniinae->Saturniidae->Saturniiformes->Bombycoidea->Obtectomera->Ditrysia->Heteroneura->Neolepidoptera->Glossata->Lepidoptera->Amphiesmenoptera->Endopterygota->Neoptera->Pterygota->Dicondylia->Insecta->Hexapoda->Pancrustacea->Mandibulata->Arthropoda->Panarthropoda->Ecdysozoa->Protostomia->Bilateria->Eumetazoa->Metazoa->Holozoa->Opisthokonta->Eukaryota->cellular organisms->life" nexsonid "node591093"
pgloadind     taxon mapping OTT ID 190091 taxonomy "Danaus plexippus->Danaus subgenus Danaus->Danaus->Danaina->Danaini->Danainae->Nymphalidae->Papilionoidea->Obtectomera->Ditrysia->Heteroneura->Neolepidoptera->Glossata->Lepidoptera->Amphiesmenoptera->Endopterygota->Neoptera->Pterygota->Dicondylia->Insecta->Hexapoda->Pancrustacea->Mandibulata->Arthropoda->Panarthropoda->Ecdysozoa->Protostomia->Bilateria->Eumetazoa->Metazoa->Holozoa->Opisthokonta->Eukaryota->cellular organisms->life" nexsonid "node591094"
pgloadind     taxon mapping OTT ID 664811 taxonomy "Plutella xylostella->Plutella->Plutellidae->Yponomeutoidea->Ditrysia->Heteroneura->Neolepidoptera->Glossata->Lepidoptera->Amphiesmenoptera->Endopterygota->Neoptera->Pterygota->Dicondylia->Insecta->Hexapoda->Pancrustacea->Mandibulata->Arthropoda->Panarthropoda->Ecdysozoa->Protostomia->Bilateria->Eumetazoa->Metazoa->Holozoa->Opisthokonta->Eukaryota->cellular organisms->life" nexsonid "node591096"
pgloadind     taxon mapping OTT ID 710461 taxonomy "Plodia interpunctella->Plodia->Phycitinae->Pyralidae->Pyraloidea->Obtectomera->Ditrysia->Heteroneura->Neolepidoptera->Glossata->Lepidoptera->Amphiesmenoptera->Endopterygota->Neoptera->Pterygota->Dicondylia->Insecta->Hexapoda->Pancrustacea->Mandibulata->Arthropoda->Panarthropoda->Ecdysozoa->Protostomia->Bilateria->Eumetazoa->Metazoa->Holozoa->Opisthokonta->Eukaryota->cellular organisms->life" nexsonid "node591097"
pgloadind     taxon mapping OTT ID 1026471 taxonomy "Aphis gossypii->Aphis subgenus Aphis->Aphis->Aphidini->Aphidinae->Aphididae->Aphidoidea->Aphidomorpha->Aphidiformes->Sternorrhyncha->Hemiptera->Paraneoptera->Neoptera->Pterygota->Dicondylia->Insecta->Hexapoda->Pancrustacea->Mandibulata->Arthropoda->Panarthropoda->Ecdysozoa->Protostomia->Bilateria->Eumetazoa->Metazoa->Holozoa->Opisthokonta->Eukaryota->cellular organisms->life" nexsonid "node591103"
pgloadind     taxon mapping OTT ID 197458 taxonomy "Maconellicoccus hirsutus->Maconellicoccus->Pseudococcidae->Coccoidea->Aphidiformes->Sternorrhyncha->Hemiptera->Paraneoptera->Neoptera->Pterygota->Dicondylia->Insecta->Hexapoda->Pancrustacea->Mandibulata->Arthropoda->Panarthropoda->Ecdysozoa->Protostomia->Bilateria->Eumetazoa->Metazoa->Holozoa->Opisthokonta->Eukaryota->cellular organisms->life" nexsonid "node591104"
pgloadind     taxon mapping OTT ID 55726 taxonomy "Laupala kohalensis->Laupala->Trigonidiinae->Gryllidae->Grylloidea->Ensifera->Orthoptera->Orthopteroidea->Neoptera->Pterygota->Dicondylia->Insecta->Hexapoda->Pancrustacea->Mandibulata->Arthropoda->Panarthropoda->Ecdysozoa->Protostomia->Bilateria->Eumetazoa->Metazoa->Holozoa->Opisthokonta->Eukaryota->cellular organisms->life" nexsonid "node591105"
pgloadind     taxon mapping OTT ID 796327 taxonomy "Baetis sp. AB-2009->Baetis->Baetidae->Pisciforma->Ephemeroptera->Palaeoptera->Pterygota->Dicondylia->Insecta->Hexapoda->Pancrustacea->Mandibulata->Arthropoda->Panarthropoda->Ecdysozoa->Protostomia->Bilateria->Eumetazoa->Metazoa->Holozoa->Opisthokonta->Eukaryota->cellular organisms->life" nexsonid "node591106"
pgloadind     taxon mapping OTT ID 253311 taxonomy "Ischnura elegans->Ischnura->Coenagrionidae->Coenagrionoidea->Zygoptera->Odonata->Palaeoptera->Pterygota->Dicondylia->Insecta->Hexapoda->Pancrustacea->Mandibulata->Arthropoda->Panarthropoda->Ecdysozoa->Protostomia->Bilateria->Eumetazoa->Metazoa->Holozoa->Opisthokonta->Eukaryota->cellular organisms->life" nexsonid "node591107"
done fixing name
pgloadind Finished with attempts to fix names
pgloadind   Checking for uniqueness of OTT IDs tree id "2666"
pgloadind   Adding tree to graph tree id "2666"
all trees have all taxa: false
	using bipartition technique
attempting to remap tips to deepest exemplified taxa
	Plodia interpunctella was remapped to 'Pyraloidea' (id=1227365)
	Baetis sp. AB-2009 was remapped to 'Ephemeroptera' (id=867487)
	Anopheles gambiae was remapped to 'Diptera' (id=1460133)
	Maconellicoccus hirsutus was remapped to 'Coccoidea' (id=974395)
	Ischnura elegans was remapped to 'Odonata' (id=875098)
	Bombyx mori was remapped to 'Bombyciformes' (id=1196388)
	Antheraea mylitta was remapped to 'Saturniiformes' (id=1201915)
	Nasonia giraulti was remapped to 'Chaldicoidea group' (id=1725322)
	Aphis gossypii was remapped to 'Aphidomorpha' (id=992103)
	Laupala kohalensis was remapped to 'Orthopteroidea' (id=893109)
	Danaus plexippus was remapped to 'Papilionoidea' (id=1255782)
	Apis mellifera was remapped to 'Aculeata' (id=1773466)
	Plutella xylostella was remapped to 'Yponomeutoidea' (id=1121283)
this is the ROOT
placing root in index
Dealing with metadata property: id
Dealing with metadata property: ot:studyPublicationReference
Adding property 'ot:studyPublicationReference': Simon S., Strauss S., Von haeseler A., & Hadrys H. 2009. A phylogenomic approach to resolve the basal pterygote divergence. Molecular Biology and Evolution 26 (12): 2719-2730.
Dealing with metadata property: ot:focalCladeOTTTaxonName
Adding property 'ot:focalCladeOTTTaxonName': Pterygota
Dealing with metadata property: ot:studyYear
Adding property 'ot:studyYear': 2009
Dealing with metadata property: ot:inGroupClade
Adding property 'ot:inGroupClade': node591081
Dealing with metadata property: ot:curatorName
Adding property 'ot:curatorName': Chris Owen
Dealing with metadata property: ot:studyPublication
Adding property 'ot:studyPublication': http://dx.doi.org/10.1093/molbev/msp191
Dealing with metadata property: ot:focalClade
Adding property 'ot:focalClade': 2130100
Dealing with metadata property: ot:curatedType
Adding property 'ot:curatedType': Fig. 2 ML+Bayesian topology
Dealing with metadata property: ot:studyId
Adding property 'ot:studyId': 1338
Dealing with metadata property: ot:dataDeposit
Adding property 'ot:dataDeposit': http://purl.org/phylo/treebase/phylows/study/TB2:S10115
Committing nodes: 25
	adding Node[969864] Sternorrhyncha 341413 as compatible with Node[974394]
		adding Relationship[8453076]
		adding to root Relationship[8453077]
	adding Node[969862] Hemiptera 603650 as compatible with Node[974394]
		adding Relationship[8453078]
		adding to root Relationship[8453079]
	adding Node[969859] Paraneoptera 815352 as compatible with Node[974394]
		adding Relationship[8453080]
		adding to root Relationship[8453081]
	adding Node[1121281] Heteroneura 795150 as compatible with Node[1121282]
		adding Relationship[8453082]
		adding to root Relationship[8453083]
	adding Node[1121280] Neolepidoptera 89151 as compatible with Node[1121282]
		adding Relationship[8453084]
		adding to root Relationship[8453085]
	adding Node[1121279] Glossata 89155 as compatible with Node[1121282]
		adding Relationship[8453086]
		adding to root Relationship[8453087]
	adding Node[1121276] Lepidoptera 965954 as compatible with Node[1121282]
		adding Relationship[8453088]
		adding to root Relationship[8453089]
	adding Node[1106013] Amphiesmenoptera 436623 as compatible with Node[1121282]
		adding Relationship[8453090]
		adding to root Relationship[8453091]
	adding Node[1724831] Hymenoptera 753726 as compatible with Node[1725319]
		adding Relationship[8453092]
		adding to root Relationship[8453093]
		adding Relationship[8453094] from Node[1106011] to Node[3573183]
		adding Relationship[8453095] from Node[1121279] to Node[1121276]
		adding Relationship[8453096] from Node[969862] to Node[969859]
		adding Relationship[8453097] from Node[1106013] to Node[1106011]
		adding Relationship[8453098] from Node[3573182] to Node[1106011]
		adding Relationship[8453099] from Node[1121276] to Node[1106013]
		adding Relationship[8453100] from Node[1724831] to Node[1106011]
		adding Relationship[8453101] from Node[1121281] to Node[1121280]
		adding Relationship[8453102] from Node[969864] to Node[969862]
		adding Relationship[8453103] from Node[1121280] to Node[1121279]
