pgloadind OTUs number 22
pgloadind Processing tree @id "4913"
pgloadind   tree info number nodes 43
pgloadind   tree info number edges 42
pgloadind   tree info ingroup "node852593"
pgloadind   Setting ingroup root node.
pgloadind   Ingested tree number of external nodes 21
pgloadind   property added ot:studyPublicationReference "Simoes F.L., Ferrari A., & Grazia J. 2012. Is Elsiella Froeschner, 1981 a valid genus? (Hemiptera: Heteroptera: Pentatomidae: Pentatominae). Zootaxa, ."
pgloadind   property added ot:curatorName "Chris Owen"
pgloadind   property added ot:dataDeposit "http://purl.org/phylo/treebase/phylows/study/TB2:S12443"
pgloadind   property added ot:studyId "2333"
pgloadind   property added ot:studyYear "2012"
pgloadind   property added ot:focalClade "4135679"
pgloadind   property added ot:focalCladeOTTTaxonName "Elsiella"
pgloadind   property added ot:inGroupClade "node852593"
pgloadind   property added ot:curatedType "MPT 2"
pgloadind Processing tree @id "4914"
pgloadind   tree info number nodes 43
pgloadind   tree info number edges 42
pgloadind   tree info ingroup "node852636"
pgloadind   Setting ingroup root node.
pgloadind   Ingested tree number of external nodes 21
pgloadind   property added ot:studyPublicationReference "Simoes F.L., Ferrari A., & Grazia J. 2012. Is Elsiella Froeschner, 1981 a valid genus? (Hemiptera: Heteroptera: Pentatomidae: Pentatominae). Zootaxa, ."
pgloadind   property added ot:curatorName "Chris Owen"
pgloadind   property added ot:dataDeposit "http://purl.org/phylo/treebase/phylows/study/TB2:S12443"
pgloadind   property added ot:studyId "2333"
pgloadind   property added ot:studyYear "2012"
pgloadind   property added ot:focalClade "4135679"
pgloadind   property added ot:focalCladeOTTTaxonName "Elsiella"
pgloadind   property added ot:inGroupClade "node852636"
pgloadind   property added ot:curatedType "MPT 1"
pgloadind Processing tree @id "4915"
pgloadind   tree info number nodes 39
pgloadind   tree info number edges 38
pgloadind   tree info ingroup "node852679"
pgloadind   Setting ingroup root node.
pgloadind   Ingested tree number of external nodes 21
pgloadind   property added ot:studyPublicationReference "Simoes F.L., Ferrari A., & Grazia J. 2012. Is Elsiella Froeschner, 1981 a valid genus? (Hemiptera: Heteroptera: Pentatomidae: Pentatominae). Zootaxa, ."
pgloadind   property added ot:curatorName "Chris Owen"
pgloadind   property added ot:dataDeposit "http://purl.org/phylo/treebase/phylows/study/TB2:S12443"
pgloadind   property added ot:studyId "2333"
pgloadind   property added ot:studyYear "2012"
pgloadind   property added ot:focalClade "4135679"
pgloadind   property added ot:focalCladeOTTTaxonName "Elsiella"
pgloadind   property added ot:inGroupClade "node852679"
pgloadind   property added ot:tag "choose me"
pgloadind   property added ot:curatedType "Consensus"
pgloadind Processing tree @id "4916"
pgloadind   tree info number nodes 43
pgloadind   tree info number edges 42
pgloadind   tree info ingroup "node852718"
pgloadind   Setting ingroup root node.
pgloadind   Ingested tree number of external nodes 21
pgloadind   property added ot:studyPublicationReference "Simoes F.L., Ferrari A., & Grazia J. 2012. Is Elsiella Froeschner, 1981 a valid genus? (Hemiptera: Heteroptera: Pentatomidae: Pentatominae). Zootaxa, ."
pgloadind   property added ot:curatorName "Chris Owen"
pgloadind   property added ot:dataDeposit "http://purl.org/phylo/treebase/phylows/study/TB2:S12443"
pgloadind   property added ot:studyId "2333"
pgloadind   property added ot:studyYear "2012"
pgloadind   property added ot:focalClade "4135679"
pgloadind   property added ot:focalCladeOTTTaxonName "Elsiella"
pgloadind   property added ot:inGroupClade "node852718"
pgloadind   property added ot:curatedType "MPT 7"
pgloadind Processing tree @id "4917"
pgloadind   tree info number nodes 43
pgloadind   tree info number edges 42
pgloadind   tree info ingroup "node852761"
pgloadind   Setting ingroup root node.
pgloadind   Ingested tree number of external nodes 21
pgloadind   property added ot:studyPublicationReference "Simoes F.L., Ferrari A., & Grazia J. 2012. Is Elsiella Froeschner, 1981 a valid genus? (Hemiptera: Heteroptera: Pentatomidae: Pentatominae). Zootaxa, ."
pgloadind   property added ot:curatorName "Chris Owen"
pgloadind   property added ot:dataDeposit "http://purl.org/phylo/treebase/phylows/study/TB2:S12443"
pgloadind   property added ot:studyId "2333"
pgloadind   property added ot:studyYear "2012"
pgloadind   property added ot:focalClade "4135679"
pgloadind   property added ot:focalCladeOTTTaxonName "Elsiella"
pgloadind   property added ot:inGroupClade "node852761"
pgloadind   property added ot:curatedType "MPT 6"
pgloadind Processing tree @id "4918"
pgloadind   tree info number nodes 43
pgloadind   tree info number edges 42
pgloadind   tree info ingroup "node852804"
pgloadind   Setting ingroup root node.
pgloadind   Ingested tree number of external nodes 21
pgloadind   property added ot:studyPublicationReference "Simoes F.L., Ferrari A., & Grazia J. 2012. Is Elsiella Froeschner, 1981 a valid genus? (Hemiptera: Heteroptera: Pentatomidae: Pentatominae). Zootaxa, ."
pgloadind   property added ot:curatorName "Chris Owen"
pgloadind   property added ot:dataDeposit "http://purl.org/phylo/treebase/phylows/study/TB2:S12443"
pgloadind   property added ot:studyId "2333"
pgloadind   property added ot:studyYear "2012"
pgloadind   property added ot:focalClade "4135679"
pgloadind   property added ot:focalCladeOTTTaxonName "Elsiella"
pgloadind   property added ot:inGroupClade "node852804"
pgloadind   property added ot:curatedType "MPT 5"
pgloadind Processing tree @id "4919"
pgloadind   tree info number nodes 43
pgloadind   tree info number edges 42
pgloadind   tree info ingroup "node852847"
pgloadind   Setting ingroup root node.
pgloadind   Ingested tree number of external nodes 21
pgloadind   property added ot:studyPublicationReference "Simoes F.L., Ferrari A., & Grazia J. 2012. Is Elsiella Froeschner, 1981 a valid genus? (Hemiptera: Heteroptera: Pentatomidae: Pentatominae). Zootaxa, ."
pgloadind   property added ot:curatorName "Chris Owen"
pgloadind   property added ot:dataDeposit "http://purl.org/phylo/treebase/phylows/study/TB2:S12443"
pgloadind   property added ot:studyId "2333"
pgloadind   property added ot:studyYear "2012"
pgloadind   property added ot:focalClade "4135679"
pgloadind   property added ot:focalCladeOTTTaxonName "Elsiella"
pgloadind   property added ot:inGroupClade "node852847"
pgloadind   property added ot:curatedType "MPT 4"
pgloadind Processing tree @id "4920"
pgloadind   tree info number nodes 43
pgloadind   tree info number edges 42
pgloadind   tree info ingroup "node852890"
pgloadind   Setting ingroup root node.
pgloadind   Ingested tree number of external nodes 21
pgloadind   property added ot:studyPublicationReference "Simoes F.L., Ferrari A., & Grazia J. 2012. Is Elsiella Froeschner, 1981 a valid genus? (Hemiptera: Heteroptera: Pentatomidae: Pentatominae). Zootaxa, ."
pgloadind   property added ot:curatorName "Chris Owen"
pgloadind   property added ot:dataDeposit "http://purl.org/phylo/treebase/phylows/study/TB2:S12443"
pgloadind   property added ot:studyId "2333"
pgloadind   property added ot:studyYear "2012"
pgloadind   property added ot:focalClade "4135679"
pgloadind   property added ot:focalCladeOTTTaxonName "Elsiella"
pgloadind   property added ot:inGroupClade "node852890"
pgloadind   property added ot:curatedType "MPT 3"
loading a specific tree: 4915
skipping tree: 4913
skipping tree: 4914
skipping tree: 4916
skipping tree: 4917
skipping tree: 4918
skipping tree: 4919
skipping tree: 4920
pgloadind conducting TNRS on trees
pgloadind   name fixing on tree tree id "4915"
pgloadind   all nodes have ottIds
pgloadind     OTT ID not in database (probably dubious)
pgloadind       dubious name "Elsiella" nexsonid "node852680"
pgloadind       dubious OTT ID 4224267
pgloadind     OTT ID not in database (probably dubious)
pgloadind       dubious name "Neotibilis" nexsonid "node852682"
pgloadind       dubious OTT ID 4193788
pgloadind     OTT ID not in database (probably dubious)
pgloadind       dubious name "Similliserdia" nexsonid "node852684"
pgloadind       dubious OTT ID 4225282
pgloadind     OTT ID not in database (probably dubious)
pgloadind       dubious name "Serdia" nexsonid "node852687"
pgloadind       dubious OTT ID 4224176
pgloadind     OTT ID not in database (probably dubious)
pgloadind       dubious name "Serdia" nexsonid "node852688"
pgloadind       dubious OTT ID 4224176
pgloadind     OTT ID not in database (probably dubious)
pgloadind       dubious name "Serdia" nexsonid "node852691"
pgloadind       dubious OTT ID 4224176
pgloadind     OTT ID not in database (probably dubious)
pgloadind       dubious name "Serdia" nexsonid "node852693"
pgloadind       dubious OTT ID 4224176
pgloadind     OTT ID not in database (probably dubious)
pgloadind       dubious name "Serdia" nexsonid "node852695"
pgloadind       dubious OTT ID 4224176
pgloadind     OTT ID not in database (probably dubious)
pgloadind       dubious name "Serdia" nexsonid "node852696"
pgloadind       dubious OTT ID 4224176
pgloadind     OTT ID not in database (probably dubious)
pgloadind       dubious name "Serdia" nexsonid "node852698"
pgloadind       dubious OTT ID 4224176
pgloadind     OTT ID not in database (probably dubious)
pgloadind       dubious name "Serdia" nexsonid "node852700"
pgloadind       dubious OTT ID 4224176
pgloadind     OTT ID not in database (probably dubious)
pgloadind       dubious name "Serdia" nexsonid "node852701"
pgloadind       dubious OTT ID 4224176
pgloadind     OTT ID not in database (probably dubious)
pgloadind       dubious name "Serdia" nexsonid "node852702"
pgloadind       dubious OTT ID 4224176
pgloadind     OTT ID not in database (probably dubious)
pgloadind       dubious name "Serdia" nexsonid "node852704"
pgloadind       dubious OTT ID 4224176
pgloadind     OTT ID not in database (probably dubious)
pgloadind       dubious name "Serdia" nexsonid "node852705"
pgloadind       dubious OTT ID 4224176
pgloadind     OTT ID not in database (probably dubious)
pgloadind       dubious name "Serdia" nexsonid "node852707"
pgloadind       dubious OTT ID 4224176
pgloadind     OTT ID not in database (probably dubious)
pgloadind       dubious name "Serdia" nexsonid "node852708"
pgloadind       dubious OTT ID 4224176
pgloadind     OTT ID not in database (probably dubious)
pgloadind       dubious name "Serdia" nexsonid "node852710"
pgloadind       dubious OTT ID 4224176
pgloadind     OTT ID not in database (probably dubious)
pgloadind       dubious name "Serdia" nexsonid "node852712"
pgloadind       dubious OTT ID 4224176
pgloadind     OTT ID not in database (probably dubious)
pgloadind       dubious name "Serdia" nexsonid "node852714"
pgloadind       dubious OTT ID 4224176
pgloadind     OTT ID not in database (probably dubious)
pgloadind       dubious name "Serdia" nexsonid "node852715"
pgloadind       dubious OTT ID 4224176
pgloadind     pruning dups and overlapping name "Serdia" nexsonid "node852710"
pgloadind     pruning dups and overlapping name "Serdia" nexsonid "node852700"
pgloadind     pruning dups and overlapping name "Serdia" nexsonid "node852714"
pgloadind     pruning dups and overlapping name "Serdia" nexsonid "node852715"
pgloadind     pruning dups and overlapping name "Serdia" nexsonid "node852688"
pgloadind     pruning dups and overlapping name "Serdia" nexsonid "node852701"
pgloadind     pruning dups and overlapping name "Serdia" nexsonid "node852687"
pgloadind     pruning dups and overlapping name "Similliserdia" nexsonid "node852684"
pgloadind     pruning dups and overlapping name "Serdia" nexsonid "node852696"
pgloadind     pruning dups and overlapping name "Serdia" nexsonid "node852712"
pgloadind     pruning dups and overlapping name "Neotibilis" nexsonid "node852682"
pgloadind     pruning dups and overlapping name "Serdia" nexsonid "node852704"
pgloadind     pruning dups and overlapping name "Serdia" nexsonid "node852702"
pgloadind     pruning dups and overlapping name "Serdia" nexsonid "node852705"
pgloadind     pruning dups and overlapping name "Serdia" nexsonid "node852695"
pgloadind     pruning dups and overlapping name "Serdia" nexsonid "node852708"
pgloadind     pruning dups and overlapping name "Serdia" nexsonid "node852707"
pgloadind     pruning dups and overlapping name "Serdia" nexsonid "node852698"
pgloadind     pruning dups and overlapping name "Serdia" nexsonid "node852693"
pgloadind     pruning dups and overlapping name "Serdia" nexsonid "node852691"
pgloadind     pruning dups and overlapping name "Elsiella" nexsonid "node852680"
pgloadind       Error pruning leaf name "Elsiella"
done fixing name
