pgloadind OTUs number 106
pgloadind Processing tree @id "4948"
pgloadind   tree info number nodes 116
pgloadind   tree info number edges 115
pgloadind   tree info ingroup "node856681"
pgloadind   Setting ingroup root node.
pgloadind   Ingested tree number of external nodes 53
pgloadind   property added ot:studyPublicationReference "Unmack P.J., Bagley J.C., Adams M., Hammer M., & Johnson J. 2012. Molecular Phylogeny and Phylogeography of the Australian Freshwater Fish Genus Galaxiella, with an Emphasis on Dwarf Galaxias (G. pusilla). PLOS One, ."
pgloadind   property added ot:studyPublication "http://dx.doi.org/10.1371/journal.pone.0038433"
pgloadind   property added ot:curatorName "Chris Owen"
pgloadind   property added ot:dataDeposit "http://purl.org/phylo/treebase/phylows/study/TB2:S12419"
pgloadind   property added ot:studyId "2350"
pgloadind   property added ot:studyYear "2012"
pgloadind   property added ot:focalClade "2492136"
pgloadind   property added ot:focalCladeOTTTaxonName "Galaxiella"
pgloadind   property added ot:branchLengthMode "ot:substitutionCount"
pgloadind   property added ot:inGroupClade "node856681"
pgloadind   property added ot:tag "choose me"
pgloadind   property added ot:curatedType "PAUP 1"
pgloadind Processing tree @id "4949"
pgloadind   tree info number nodes 130
pgloadind   tree info number edges 129
pgloadind   tree info ingroup "node856797"
pgloadind   Setting ingroup root node.
pgloadind   Ingested tree number of external nodes 61
pgloadind   property added ot:studyPublicationReference "Unmack P.J., Bagley J.C., Adams M., Hammer M., & Johnson J. 2012. Molecular Phylogeny and Phylogeography of the Australian Freshwater Fish Genus Galaxiella, with an Emphasis on Dwarf Galaxias (G. pusilla). PLOS One, ."
pgloadind   property added ot:studyPublication "http://dx.doi.org/10.1371/journal.pone.0038433"
pgloadind   property added ot:curatorName "Chris Owen"
pgloadind   property added ot:dataDeposit "http://purl.org/phylo/treebase/phylows/study/TB2:S12419"
pgloadind   property added ot:studyId "2350"
pgloadind   property added ot:studyYear "2012"
pgloadind   property added ot:focalClade "2492136"
pgloadind   property added ot:focalCladeOTTTaxonName "Galaxiella"
pgloadind   property added ot:branchLengthMode "ot:substitutionCount"
pgloadind   property added ot:inGroupClade "node856797"
pgloadind   property added ot:curatedType "PAUP 1"
loading a specific tree: 4948
skipping tree: 4949
pgloadind conducting TNRS on trees
pgloadind   name fixing on tree tree id "4948"
pgloadind   all nodes have ottIds
pgloadind     OTT ID reused in tree
pgloadind       duplicate name "Galaxiella munda" nexsonid "node856756"
pgloadind       duplicate OTT ID 516946
pgloadind     OTT ID reused in tree
pgloadind       duplicate name "Galaxiella munda" nexsonid "node856757"
pgloadind       duplicate OTT ID 516946
pgloadind     OTT ID reused in tree
pgloadind       duplicate name "Galaxiella munda" nexsonid "node856759"
pgloadind       duplicate OTT ID 516946
pgloadind     OTT ID reused in tree
pgloadind       duplicate name "Galaxiella munda" nexsonid "node856762"
pgloadind       duplicate OTT ID 516946
pgloadind     OTT ID reused in tree
pgloadind       duplicate name "Galaxiella munda" nexsonid "node856761"
pgloadind       duplicate OTT ID 516946
pgloadind     OTT ID reused in tree
pgloadind       duplicate name "Galaxiella munda" nexsonid "node856740"
pgloadind       duplicate OTT ID 516946
pgloadind     OTT ID reused in tree
pgloadind       duplicate name "Galaxiella munda" nexsonid "node856743"
pgloadind       duplicate OTT ID 516946
pgloadind     OTT ID reused in tree
pgloadind       duplicate name "Galaxiella munda" nexsonid "node856745"
pgloadind       duplicate OTT ID 516946
pgloadind     OTT ID reused in tree
pgloadind       duplicate name "Galaxiella munda" nexsonid "node856747"
pgloadind       duplicate OTT ID 516946
pgloadind     OTT ID reused in tree
pgloadind       duplicate name "Galaxiella munda" nexsonid "node856752"
pgloadind       duplicate OTT ID 516946
pgloadind     OTT ID reused in tree
pgloadind       duplicate name "Galaxiella munda" nexsonid "node856750"
pgloadind       duplicate OTT ID 516946
pgloadind     OTT ID reused in tree
pgloadind       duplicate name "Galaxiella munda" nexsonid "node856751"
pgloadind       duplicate OTT ID 516946
pgloadind     OTT ID reused in tree
pgloadind       duplicate name "Galaxiella munda" nexsonid "node856741"
pgloadind       duplicate OTT ID 516946
pgloadind     OTT ID reused in tree
pgloadind       duplicate name "Galaxiella nigrostriata" nexsonid "node856774"
pgloadind       duplicate OTT ID 1043396
pgloadind     OTT ID reused in tree
pgloadind       duplicate name "Galaxiella nigrostriata" nexsonid "node856781"
pgloadind       duplicate OTT ID 1043396
pgloadind     OTT ID reused in tree
pgloadind       duplicate name "Galaxiella nigrostriata" nexsonid "node856778"
pgloadind       duplicate OTT ID 1043396
pgloadind     OTT ID reused in tree
pgloadind       duplicate name "Galaxiella nigrostriata" nexsonid "node856779"
pgloadind       duplicate OTT ID 1043396
pgloadind     OTT ID reused in tree
pgloadind       duplicate name "Galaxiella nigrostriata" nexsonid "node856780"
pgloadind       duplicate OTT ID 1043396
pgloadind     OTT ID reused in tree
pgloadind       duplicate name "Galaxiella nigrostriata" nexsonid "node856782"
pgloadind       duplicate OTT ID 1043396
pgloadind     OTT ID reused in tree
pgloadind       duplicate name "Galaxiella nigrostriata" nexsonid "node856783"
pgloadind       duplicate OTT ID 1043396
pgloadind     OTT ID reused in tree
pgloadind       duplicate name "Galaxiella nigrostriata" nexsonid "node856784"
pgloadind       duplicate OTT ID 1043396
pgloadind     OTT ID reused in tree
pgloadind       duplicate name "Galaxiella nigrostriata" nexsonid "node856767"
pgloadind       duplicate OTT ID 1043396
pgloadind     OTT ID reused in tree
pgloadind       duplicate name "Galaxiella nigrostriata" nexsonid "node856766"
pgloadind       duplicate OTT ID 1043396
pgloadind     OTT ID reused in tree
pgloadind       duplicate name "Galaxiella pusilla" nexsonid "node856714"
pgloadind       duplicate OTT ID 1043402
pgloadind     OTT ID reused in tree
pgloadind       duplicate name "Galaxiella pusilla" nexsonid "node856717"
pgloadind       duplicate OTT ID 1043402
pgloadind     OTT ID reused in tree
pgloadind       duplicate name "Galaxiella pusilla" nexsonid "node856719"
pgloadind       duplicate OTT ID 1043402
pgloadind     OTT ID reused in tree
pgloadind       duplicate name "Galaxiella pusilla" nexsonid "node856721"
pgloadind       duplicate OTT ID 1043402
pgloadind     OTT ID reused in tree
pgloadind       duplicate name "Galaxiella pusilla" nexsonid "node856727"
pgloadind       duplicate OTT ID 1043402
pgloadind     OTT ID reused in tree
pgloadind       duplicate name "Galaxiella pusilla" nexsonid "node856730"
pgloadind       duplicate OTT ID 1043402
pgloadind     OTT ID reused in tree
pgloadind       duplicate name "Galaxiella pusilla" nexsonid "node856732"
pgloadind       duplicate OTT ID 1043402
pgloadind     OTT ID reused in tree
pgloadind       duplicate name "Galaxiella pusilla" nexsonid "node856733"
pgloadind       duplicate OTT ID 1043402
pgloadind     OTT ID reused in tree
pgloadind       duplicate name "Galaxiella pusilla" nexsonid "node856734"
pgloadind       duplicate OTT ID 1043402
pgloadind     OTT ID reused in tree
pgloadind       duplicate name "Galaxiella pusilla" nexsonid "node856725"
pgloadind       duplicate OTT ID 1043402
pgloadind     OTT ID reused in tree
pgloadind       duplicate name "Galaxiella pusilla" nexsonid "node856723"
pgloadind       duplicate OTT ID 1043402
pgloadind     OTT ID reused in tree
pgloadind       duplicate name "Galaxiella pusilla" nexsonid "node856735"
pgloadind       duplicate OTT ID 1043402
pgloadind     OTT ID reused in tree
pgloadind       duplicate name "Galaxiella pusilla" nexsonid "node856736"
pgloadind       duplicate OTT ID 1043402
pgloadind     OTT ID reused in tree
pgloadind       duplicate name "Galaxiella pusilla" nexsonid "node856709"
pgloadind       duplicate OTT ID 1043402
pgloadind     OTT ID reused in tree
pgloadind       duplicate name "Galaxiella pusilla" nexsonid "node856686"
pgloadind       duplicate OTT ID 1043402
pgloadind     OTT ID reused in tree
pgloadind       duplicate name "Galaxiella pusilla" nexsonid "node856687"
pgloadind       duplicate OTT ID 1043402
pgloadind     OTT ID reused in tree
pgloadind       duplicate name "Galaxiella pusilla" nexsonid "node856689"
pgloadind       duplicate OTT ID 1043402
pgloadind     OTT ID reused in tree
pgloadind       duplicate name "Galaxiella pusilla" nexsonid "node856691"
pgloadind       duplicate OTT ID 1043402
pgloadind     OTT ID reused in tree
pgloadind       duplicate name "Galaxiella pusilla" nexsonid "node856694"
pgloadind       duplicate OTT ID 1043402
pgloadind     OTT ID reused in tree
pgloadind       duplicate name "Galaxiella pusilla" nexsonid "node856695"
pgloadind       duplicate OTT ID 1043402
pgloadind     OTT ID reused in tree
pgloadind       duplicate name "Galaxiella pusilla" nexsonid "node856696"
pgloadind       duplicate OTT ID 1043402
pgloadind     OTT ID reused in tree
pgloadind       duplicate name "Galaxiella pusilla" nexsonid "node856701"
pgloadind       duplicate OTT ID 1043402
pgloadind     OTT ID reused in tree
pgloadind       duplicate name "Galaxiella pusilla" nexsonid "node856704"
pgloadind       duplicate OTT ID 1043402
pgloadind     OTT ID reused in tree
pgloadind       duplicate name "Galaxiella pusilla" nexsonid "node856705"
pgloadind       duplicate OTT ID 1043402
pgloadind     OTT ID reused in tree
pgloadind       duplicate name "Galaxiella pusilla" nexsonid "node856706"
pgloadind       duplicate OTT ID 1043402
pgloadind     OTT ID reused in tree
pgloadind       duplicate name "Galaxiella pusilla" nexsonid "node856699"
pgloadind       duplicate OTT ID 1043402
pgloadind     OTT ID reused in tree
pgloadind       duplicate name "Galaxiella pusilla" nexsonid "node856707"
pgloadind       duplicate OTT ID 1043402
pgloadind     pruning dups and overlapping name "Galaxiella pusilla" nexsonid "node856687"
pgloadind     pruning dups and overlapping name "Galaxiella pusilla" nexsonid "node856725"
pgloadind     pruning dups and overlapping name "Galaxiella nigrostriata" nexsonid "node856774"
pgloadind     pruning dups and overlapping name "Galaxiella nigrostriata" nexsonid "node856778"
pgloadind     pruning dups and overlapping name "Galaxiella nigrostriata" nexsonid "node856783"
pgloadind     pruning dups and overlapping name "Galaxiella pusilla" nexsonid "node856695"
pgloadind     pruning dups and overlapping name "Galaxiella pusilla" nexsonid "node856706"
pgloadind     pruning dups and overlapping name "Galaxiella munda" nexsonid "node856759"
pgloadind     pruning dups and overlapping name "Galaxiella munda" nexsonid "node856750"
pgloadind     pruning dups and overlapping name "Galaxiella pusilla" nexsonid "node856736"
pgloadind     pruning dups and overlapping name "Galaxiella pusilla" nexsonid "node856719"
pgloadind     pruning dups and overlapping name "Galaxiella munda" nexsonid "node856752"
pgloadind     pruning dups and overlapping name "Galaxiella pusilla" nexsonid "node856696"
pgloadind     pruning dups and overlapping name "Galaxiella munda" nexsonid "node856756"
pgloadind     pruning dups and overlapping name "Galaxiella pusilla" nexsonid "node856721"
pgloadind     pruning dups and overlapping name "Galaxiella munda" nexsonid "node856740"
pgloadind     pruning dups and overlapping name "Galaxiella pusilla" nexsonid "node856732"
pgloadind     pruning dups and overlapping name "Galaxiella pusilla" nexsonid "node856734"
pgloadind     pruning dups and overlapping name "Galaxiella pusilla" nexsonid "node856694"
pgloadind     pruning dups and overlapping name "Galaxiella pusilla" nexsonid "node856686"
pgloadind     pruning dups and overlapping name "Galaxiella pusilla" nexsonid "node856717"
pgloadind     pruning dups and overlapping name "Galaxiella pusilla" nexsonid "node856699"
pgloadind     pruning dups and overlapping name "Galaxiella pusilla" nexsonid "node856704"
pgloadind     pruning dups and overlapping name "Galaxiella pusilla" nexsonid "node856733"
pgloadind     pruning dups and overlapping name "Galaxiella pusilla" nexsonid "node856691"
pgloadind     pruning dups and overlapping name "Galaxiella nigrostriata" nexsonid "node856766"
pgloadind     pruning dups and overlapping name "Galaxiella munda" nexsonid "node856757"
pgloadind     pruning dups and overlapping name "Galaxiella pusilla" nexsonid "node856714"
pgloadind     pruning dups and overlapping name "Galaxiella nigrostriata" nexsonid "node856767"
pgloadind     pruning dups and overlapping name "Galaxiella pusilla" nexsonid "node856705"
pgloadind     pruning dups and overlapping name "Galaxiella munda" nexsonid "node856751"
pgloadind     pruning dups and overlapping name "Galaxiella munda" nexsonid "node856747"
pgloadind     pruning dups and overlapping name "Galaxiella munda" nexsonid "node856741"
pgloadind     pruning dups and overlapping name "Galaxiella pusilla" nexsonid "node856709"
pgloadind     pruning dups and overlapping name "Galaxiella munda" nexsonid "node856745"
pgloadind     pruning dups and overlapping name "Galaxiella pusilla" nexsonid "node856707"
pgloadind     pruning dups and overlapping name "Galaxiella pusilla" nexsonid "node856701"
pgloadind     pruning dups and overlapping name "Galaxiella pusilla" nexsonid "node856723"
pgloadind     pruning dups and overlapping name "Galaxiella munda" nexsonid "node856761"
pgloadind     pruning dups and overlapping name "Galaxiella pusilla" nexsonid "node856689"
pgloadind     pruning dups and overlapping name "Galaxiella nigrostriata" nexsonid "node856779"
pgloadind     pruning dups and overlapping name "Galaxiella nigrostriata" nexsonid "node856784"
pgloadind     pruning dups and overlapping name "Galaxiella pusilla" nexsonid "node856735"
pgloadind     pruning dups and overlapping name "Galaxiella nigrostriata" nexsonid "node856782"
pgloadind     pruning dups and overlapping name "Galaxiella munda" nexsonid "node856743"
pgloadind     pruning dups and overlapping name "Galaxiella pusilla" nexsonid "node856727"
pgloadind     pruning dups and overlapping name "Galaxiella nigrostriata" nexsonid "node856780"
pgloadind     pruning dups and overlapping name "Galaxiella nigrostriata" nexsonid "node856781"
pgloadind     pruning dups and overlapping name "Galaxiella pusilla" nexsonid "node856730"
pgloadind     pruning dups and overlapping name "Galaxiella munda" nexsonid "node856762"
pgloadind   postpruning newick tree "((Galaxiella_nigrostriata,Galaxiella_munda),Galaxiella_pusilla)"
pgloadind   taxon mapping summary
pgloadind     taxon mapping OTT ID 1043396 taxonomy "Galaxiella nigrostriata->Galaxiella->Galaxiini->Galaxiinae->Galaxiidae->Galaxioidea->Osmeroidei->Osmeriformes->Protacanthopterygii->Euteleostei->Clupeocephala->Elopocephala->Teleostei->Neopterygii->Actinopteri->Actinopterygii->Euteleostomi->Teleostomi->Gnathostomata->Vertebrata->Craniata->Chordata->Deuterostomia->Bilateria->Eumetazoa->Metazoa->Holozoa->Opisthokonta->Eukaryota->cellular organisms->life" nexsonid "node856773"
pgloadind     taxon mapping OTT ID 516946 taxonomy "Galaxiella munda->Galaxiella->Galaxiini->Galaxiinae->Galaxiidae->Galaxioidea->Osmeroidei->Osmeriformes->Protacanthopterygii->Euteleostei->Clupeocephala->Elopocephala->Teleostei->Neopterygii->Actinopteri->Actinopterygii->Euteleostomi->Teleostomi->Gnathostomata->Vertebrata->Craniata->Chordata->Deuterostomia->Bilateria->Eumetazoa->Metazoa->Holozoa->Opisthokonta->Eukaryota->cellular organisms->life" nexsonid "node856763"
pgloadind     taxon mapping OTT ID 1043402 taxonomy "Galaxiella pusilla->Galaxiella->Galaxiini->Galaxiinae->Galaxiidae->Galaxioidea->Osmeroidei->Osmeriformes->Protacanthopterygii->Euteleostei->Clupeocephala->Elopocephala->Teleostei->Neopterygii->Actinopteri->Actinopterygii->Euteleostomi->Teleostomi->Gnathostomata->Vertebrata->Craniata->Chordata->Deuterostomia->Bilateria->Eumetazoa->Metazoa->Holozoa->Opisthokonta->Eukaryota->cellular organisms->life" nexsonid "node856711"
done fixing name
pgloadind Finished with attempts to fix names
pgloadind   Checking for uniqueness of OTT IDs tree id "4948"
pgloadind   Adding tree to graph tree id "4948"
all trees have all taxa: false
	using bipartition technique
attempting to remap tips to deepest exemplified taxa
this is the ROOT
placing root in index
Dealing with metadata property: ot:studyPublicationReference
Adding property 'ot:studyPublicationReference': Unmack P.J., Bagley J.C., Adams M., Hammer M., & Johnson J. 2012. Molecular Phylogeny and Phylogeography of the Australian Freshwater Fish Genus Galaxiella, with an Emphasis on Dwarf Galaxias (G. pusilla). PLOS One, .
Dealing with metadata property: ot:focalCladeOTTTaxonName
Adding property 'ot:focalCladeOTTTaxonName': Galaxiella
Dealing with metadata property: ot:branchLengthMode
Adding property 'ot:branchLengthMode': ot:substitutionCount
Dealing with metadata property: ot:dataDeposit
Adding property 'ot:dataDeposit': http://purl.org/phylo/treebase/phylows/study/TB2:S12419
Dealing with metadata property: ot:studyId
Adding property 'ot:studyId': 2350
Dealing with metadata property: id
Dealing with metadata property: ot:studyYear
Adding property 'ot:studyYear': 2012
Dealing with metadata property: ot:inGroupClade
Adding property 'ot:inGroupClade': node856681
Dealing with metadata property: ot:tag
Adding property 'ot:tag': choose me
Dealing with metadata property: ot:studyPublication
Adding property 'ot:studyPublication': http://dx.doi.org/10.1371/journal.pone.0038433
Dealing with metadata property: ot:curatorName
Adding property 'ot:curatorName': Chris Owen
Dealing with metadata property: ot:focalClade
Adding property 'ot:focalClade': 2492136
Dealing with metadata property: ot:curatedType
Adding property 'ot:curatedType': PAUP 1
Committing nodes: 5
{524641}
524642
524645
524649
[]
