pgloadind OTUs number 176
pgloadind Processing tree @id "5278"
pgloadind   tree info number nodes 133
pgloadind   tree info number edges 132
pgloadind   tree info ingroup "node911353"
pgloadind   Setting ingroup root node.
pgloadind   Ingested tree number of external nodes 117
pgloadind   property added ot:studyPublicationReference "Peters J., Mccracken K., Zhuravlev Y., Lu Y., Wilson R., Johnson K., and Omland K. 2005. Phylogenetics of wigeons and allies (Anatidae: Anas): the importance of sampling multiple loci and multiple individuals. Molecular Phylogenetics and Evolution 35 (1): 209-224."
pgloadind   property added ot:studyPublication "http://dx.doi.org/10.1016/j.ympev.2004.12.017"
pgloadind   property added ot:curatorName "Chris Owen"
pgloadind   property added ot:dataDeposit "http://purl.org/phylo/treebase/phylows/study/TB2:S1309"
pgloadind   property added ot:studyId "2459"
pgloadind   property added ot:studyYear "2005"
pgloadind   property added ot:focalClade "1673304"
pgloadind   property added ot:focalCladeOTTTaxonName "Anas"
pgloadind   property added ot:inGroupClade "node911353"
pgloadind   property added ot:curatedType "Fig. 3 MP network"
pgloadind Processing tree @id "5279"
pgloadind   tree info number nodes 43
pgloadind   tree info number edges 42
pgloadind   tree info ingroup "node911488"
pgloadind   Setting ingroup root node.
pgloadind   Ingested tree number of external nodes 24
pgloadind   property added ot:studyPublicationReference "Peters J., Mccracken K., Zhuravlev Y., Lu Y., Wilson R., Johnson K., and Omland K. 2005. Phylogenetics of wigeons and allies (Anatidae: Anas): the importance of sampling multiple loci and multiple individuals. Molecular Phylogenetics and Evolution 35 (1): 209-224."
pgloadind   property added ot:studyPublication "http://dx.doi.org/10.1016/j.ympev.2004.12.017"
pgloadind   property added ot:curatorName "Chris Owen"
pgloadind   property added ot:dataDeposit "http://purl.org/phylo/treebase/phylows/study/TB2:S1309"
pgloadind   property added ot:studyId "2459"
pgloadind   property added ot:studyYear "2005"
pgloadind   property added ot:focalClade "1673304"
pgloadind   property added ot:focalCladeOTTTaxonName "Anas"
pgloadind   property added ot:inGroupClade "node911488"
pgloadind   property added ot:curatedType "Fig. 4a- MP"
pgloadind Processing tree @id "5280"
pgloadind   tree info number nodes 42
pgloadind   tree info number edges 41
pgloadind   tree info ingroup "node911531"
pgloadind   Setting ingroup root node.
pgloadind   Ingested tree number of external nodes 24
pgloadind   property added ot:studyPublicationReference "Peters J., Mccracken K., Zhuravlev Y., Lu Y., Wilson R., Johnson K., and Omland K. 2005. Phylogenetics of wigeons and allies (Anatidae: Anas): the importance of sampling multiple loci and multiple individuals. Molecular Phylogenetics and Evolution 35 (1): 209-224."
pgloadind   property added ot:studyPublication "http://dx.doi.org/10.1016/j.ympev.2004.12.017"
pgloadind   property added ot:curatorName "Chris Owen"
pgloadind   property added ot:dataDeposit "http://purl.org/phylo/treebase/phylows/study/TB2:S1309"
pgloadind   property added ot:studyId "2459"
pgloadind   property added ot:studyYear "2005"
pgloadind   property added ot:focalClade "1673304"
pgloadind   property added ot:focalCladeOTTTaxonName "Anas"
pgloadind   property added ot:inGroupClade "node911531"
pgloadind   property added ot:curatedType "Fig. 4b"
pgloadind Processing tree @id "5281"
pgloadind Tree tagged as deprecated. Ignoring. @id "5281"
pgloadind Processing tree @id "5282"
pgloadind   tree info number nodes 15
pgloadind   tree info number edges 14
pgloadind   tree info ingroup "node911702"
pgloadind   Setting ingroup root node.
pgloadind   Ingested tree number of external nodes 8
pgloadind   property added ot:studyPublicationReference "Peters J., Mccracken K., Zhuravlev Y., Lu Y., Wilson R., Johnson K., and Omland K. 2005. Phylogenetics of wigeons and allies (Anatidae: Anas): the importance of sampling multiple loci and multiple individuals. Molecular Phylogenetics and Evolution 35 (1): 209-224."
pgloadind   property added ot:studyPublication "http://dx.doi.org/10.1016/j.ympev.2004.12.017"
pgloadind   property added ot:curatorName "Chris Owen"
pgloadind   property added ot:dataDeposit "http://purl.org/phylo/treebase/phylows/study/TB2:S1309"
pgloadind   property added ot:studyId "2459"
pgloadind   property added ot:studyYear "2005"
pgloadind   property added ot:focalClade "1673304"
pgloadind   property added ot:focalCladeOTTTaxonName "Anas"
pgloadind   property added ot:inGroupClade "node911702"
pgloadind   property added ot:curatedType "Fig. 6- MP"
pgloadind Processing tree @id "6437"
pgloadind   tree info number nodes 131
pgloadind   tree info number edges 130
pgloadind   tree info ingroup "node1117269"
pgloadind   Setting ingroup root node.
pgloadind   Ingested tree number of external nodes 85
pgloadind   property added ot:studyPublicationReference "Peters J., Mccracken K., Zhuravlev Y., Lu Y., Wilson R., Johnson K., and Omland K. 2005. Phylogenetics of wigeons and allies (Anatidae: Anas): the importance of sampling multiple loci and multiple individuals. Molecular Phylogenetics and Evolution 35 (1): 209-224."
pgloadind   property added ot:studyPublication "http://dx.doi.org/10.1016/j.ympev.2004.12.017"
pgloadind   property added ot:curatorName "Chris Owen"
pgloadind   property added ot:dataDeposit "http://purl.org/phylo/treebase/phylows/study/TB2:S1309"
pgloadind   property added ot:studyId "2459"
pgloadind   property added ot:studyYear "2005"
pgloadind   property added ot:focalClade "1673304"
pgloadind   property added ot:focalCladeOTTTaxonName "Anas"
pgloadind   property added ot:inGroupClade "node1117269"
pgloadind   property added ot:tag "choose me"
pgloadind   property added ot:curatedType "Fig 5"
loading a specific tree: 6437
skipping tree: 5278
skipping tree: 5279
skipping tree: 5280
skipping tree: 5282
pgloadind conducting TNRS on trees
pgloadind   name fixing on tree tree id "6437"
pgloadind   all nodes have ottIds
pgloadind     OTT ID reused in tree
pgloadind       duplicate name "Anas americana" nexsonid "node1117278"
pgloadind       duplicate OTT ID 656788
pgloadind     OTT ID reused in tree
pgloadind       duplicate name "Anas americana" nexsonid "node1117280"
pgloadind       duplicate OTT ID 656788
pgloadind     OTT ID reused in tree
pgloadind       duplicate name "Anas americana" nexsonid "node1117281"
pgloadind       duplicate OTT ID 656788
pgloadind     OTT ID reused in tree
pgloadind       duplicate name "Anas americana" nexsonid "node1117283"
pgloadind       duplicate OTT ID 656788
pgloadind     OTT ID reused in tree
pgloadind       duplicate name "Anas americana" nexsonid "node1117285"
pgloadind       duplicate OTT ID 656788
pgloadind     OTT ID reused in tree
pgloadind       duplicate name "Anas americana" nexsonid "node1117286"
pgloadind       duplicate OTT ID 656788
pgloadind     OTT ID reused in tree
pgloadind       duplicate name "Anas americana" nexsonid "node1117287"
pgloadind       duplicate OTT ID 656788
pgloadind     OTT ID reused in tree
pgloadind       duplicate name "Anas americana" nexsonid "node1117288"
pgloadind       duplicate OTT ID 656788
pgloadind     OTT ID reused in tree
pgloadind       duplicate name "Anas americana" nexsonid "node1117289"
pgloadind       duplicate OTT ID 656788
pgloadind     OTT ID reused in tree
pgloadind       duplicate name "Anas americana" nexsonid "node1117292"
pgloadind       duplicate OTT ID 656788
pgloadind     OTT ID reused in tree
pgloadind       duplicate name "Anas americana" nexsonid "node1117293"
pgloadind       duplicate OTT ID 656788
pgloadind     OTT ID reused in tree
pgloadind       duplicate name "Anas americana" nexsonid "node1117294"
pgloadind       duplicate OTT ID 656788
pgloadind     OTT ID reused in tree
pgloadind       duplicate name "Anas americana" nexsonid "node1117296"
pgloadind       duplicate OTT ID 656788
pgloadind     OTT ID reused in tree
pgloadind       duplicate name "Anas americana" nexsonid "node1117297"
pgloadind       duplicate OTT ID 656788
pgloadind     OTT ID reused in tree
pgloadind       duplicate name "Anas americana" nexsonid "node1117298"
pgloadind       duplicate OTT ID 656788
pgloadind     OTT ID reused in tree
pgloadind       duplicate name "Anas penelope" nexsonid "node1117299"
pgloadind       duplicate OTT ID 765180
pgloadind     OTT ID reused in tree
pgloadind       duplicate name "Anas sibilatrix" nexsonid "node1117305"
pgloadind       duplicate OTT ID 604188
pgloadind     OTT ID reused in tree
pgloadind       duplicate name "Anas sibilatrix" nexsonid "node1117306"
pgloadind       duplicate OTT ID 604188
pgloadind     OTT ID reused in tree
pgloadind       duplicate name "Anas sibilatrix" nexsonid "node1117307"
pgloadind       duplicate OTT ID 604188
pgloadind     OTT ID reused in tree
pgloadind       duplicate name "Anas sibilatrix" nexsonid "node1117308"
pgloadind       duplicate OTT ID 604188
pgloadind     OTT ID reused in tree
pgloadind       duplicate name "Anas sibilatrix" nexsonid "node1117309"
pgloadind       duplicate OTT ID 604188
pgloadind     OTT ID reused in tree
pgloadind       duplicate name "Anas sibilatrix" nexsonid "node1117310"
pgloadind       duplicate OTT ID 604188
pgloadind     OTT ID reused in tree
pgloadind       duplicate name "Anas sibilatrix" nexsonid "node1117311"
pgloadind       duplicate OTT ID 604188
pgloadind     OTT ID reused in tree
pgloadind       duplicate name "Anas sibilatrix" nexsonid "node1117312"
pgloadind       duplicate OTT ID 604188
pgloadind     OTT ID reused in tree
pgloadind       duplicate name "Anas sibilatrix" nexsonid "node1117315"
pgloadind       duplicate OTT ID 604188
pgloadind     OTT ID reused in tree
pgloadind       duplicate name "Anas sibilatrix" nexsonid "node1117316"
pgloadind       duplicate OTT ID 604188
pgloadind     OTT ID reused in tree
pgloadind       duplicate name "Anas sibilatrix" nexsonid "node1117317"
pgloadind       duplicate OTT ID 604188
pgloadind     OTT ID reused in tree
pgloadind       duplicate name "Anas sibilatrix" nexsonid "node1117318"
pgloadind       duplicate OTT ID 604188
pgloadind     OTT ID reused in tree
pgloadind       duplicate name "Anas sibilatrix" nexsonid "node1117319"
pgloadind       duplicate OTT ID 604188
pgloadind     OTT ID reused in tree
pgloadind       duplicate name "Anas sibilatrix" nexsonid "node1117320"
pgloadind       duplicate OTT ID 604188
pgloadind     OTT ID reused in tree
pgloadind       duplicate name "Anas sibilatrix" nexsonid "node1117321"
pgloadind       duplicate OTT ID 604188
pgloadind     OTT ID reused in tree
pgloadind       duplicate name "Anas penelope" nexsonid "node1117327"
pgloadind       duplicate OTT ID 765180
pgloadind     OTT ID reused in tree
pgloadind       duplicate name "Anas penelope" nexsonid "node1117328"
pgloadind       duplicate OTT ID 765180
pgloadind     OTT ID reused in tree
pgloadind       duplicate name "Anas penelope" nexsonid "node1117329"
pgloadind       duplicate OTT ID 765180
pgloadind     OTT ID reused in tree
pgloadind       duplicate name "Anas penelope" nexsonid "node1117330"
pgloadind       duplicate OTT ID 765180
pgloadind     OTT ID reused in tree
pgloadind       duplicate name "Anas penelope" nexsonid "node1117331"
pgloadind       duplicate OTT ID 765180
pgloadind     OTT ID reused in tree
pgloadind       duplicate name "Anas penelope" nexsonid "node1117332"
pgloadind       duplicate OTT ID 765180
pgloadind     OTT ID reused in tree
pgloadind       duplicate name "Anas penelope" nexsonid "node1117335"
pgloadind       duplicate OTT ID 765180
pgloadind     OTT ID reused in tree
pgloadind       duplicate name "Anas penelope" nexsonid "node1117336"
pgloadind       duplicate OTT ID 765180
pgloadind     OTT ID reused in tree
pgloadind       duplicate name "Anas penelope" nexsonid "node1117338"
pgloadind       duplicate OTT ID 765180
pgloadind     OTT ID reused in tree
pgloadind       duplicate name "Anas penelope" nexsonid "node1117339"
pgloadind       duplicate OTT ID 765180
pgloadind     OTT ID reused in tree
pgloadind       duplicate name "Anas penelope" nexsonid "node1117341"
pgloadind       duplicate OTT ID 765180
pgloadind     OTT ID reused in tree
pgloadind       duplicate name "Anas penelope" nexsonid "node1117342"
pgloadind       duplicate OTT ID 765180
pgloadind     OTT ID reused in tree
pgloadind       duplicate name "Anas penelope" nexsonid "node1117343"
pgloadind       duplicate OTT ID 765180
pgloadind     OTT ID reused in tree
pgloadind       duplicate name "Anas penelope" nexsonid "node1117344"
pgloadind       duplicate OTT ID 765180
pgloadind     OTT ID reused in tree
pgloadind       duplicate name "Anas penelope" nexsonid "node1117345"
pgloadind       duplicate OTT ID 765180
pgloadind     OTT ID reused in tree
pgloadind       duplicate name "Anas penelope" nexsonid "node1117346"
pgloadind       duplicate OTT ID 765180
pgloadind     OTT ID reused in tree
pgloadind       duplicate name "Anas penelope" nexsonid "node1117347"
pgloadind       duplicate OTT ID 765180
pgloadind     OTT ID reused in tree
pgloadind       duplicate name "Anas penelope" nexsonid "node1117348"
pgloadind       duplicate OTT ID 765180
pgloadind     OTT ID reused in tree
pgloadind       duplicate name "Anas strepera" nexsonid "node1117354"
pgloadind       duplicate OTT ID 30856
pgloadind     OTT ID reused in tree
pgloadind       duplicate name "Anas strepera" nexsonid "node1117355"
pgloadind       duplicate OTT ID 30856
pgloadind     OTT ID reused in tree
pgloadind       duplicate name "Anas strepera" nexsonid "node1117357"
pgloadind       duplicate OTT ID 30856
pgloadind     OTT ID reused in tree
pgloadind       duplicate name "Anas strepera" nexsonid "node1117358"
pgloadind       duplicate OTT ID 30856
pgloadind     OTT ID reused in tree
pgloadind       duplicate name "Anas strepera" nexsonid "node1117359"
pgloadind       duplicate OTT ID 30856
pgloadind     OTT ID reused in tree
pgloadind       duplicate name "Anas strepera" nexsonid "node1117360"
pgloadind       duplicate OTT ID 30856
pgloadind     OTT ID reused in tree
pgloadind       duplicate name "Anas strepera" nexsonid "node1117361"
pgloadind       duplicate OTT ID 30856
pgloadind     OTT ID reused in tree
pgloadind       duplicate name "Anas strepera" nexsonid "node1117362"
pgloadind       duplicate OTT ID 30856
pgloadind     OTT ID reused in tree
pgloadind       duplicate name "Anas strepera" nexsonid "node1117363"
pgloadind       duplicate OTT ID 30856
pgloadind     OTT ID reused in tree
pgloadind       duplicate name "Anas strepera" nexsonid "node1117364"
pgloadind       duplicate OTT ID 30856
pgloadind     OTT ID reused in tree
pgloadind       duplicate name "Anas strepera" nexsonid "node1117365"
pgloadind       duplicate OTT ID 30856
pgloadind     OTT ID reused in tree
pgloadind       duplicate name "Anas strepera" nexsonid "node1117366"
pgloadind       duplicate OTT ID 30856
pgloadind     OTT ID reused in tree
pgloadind       duplicate name "Anas strepera" nexsonid "node1117367"
pgloadind       duplicate OTT ID 30856
pgloadind     OTT ID reused in tree
pgloadind       duplicate name "Anas strepera" nexsonid "node1117368"
pgloadind       duplicate OTT ID 30856
pgloadind     OTT ID reused in tree
pgloadind       duplicate name "Anas strepera" nexsonid "node1117373"
pgloadind       duplicate OTT ID 30856
pgloadind     OTT ID reused in tree
pgloadind       duplicate name "Anas strepera" nexsonid "node1117374"
pgloadind       duplicate OTT ID 30856
pgloadind     OTT ID reused in tree
pgloadind       duplicate name "Anas strepera" nexsonid "node1117375"
pgloadind       duplicate OTT ID 30856
pgloadind     OTT ID reused in tree
pgloadind       duplicate name "Anas strepera" nexsonid "node1117376"
pgloadind       duplicate OTT ID 30856
pgloadind     OTT ID reused in tree
pgloadind       duplicate name "Anas strepera" nexsonid "node1117377"
pgloadind       duplicate OTT ID 30856
pgloadind     OTT ID reused in tree
pgloadind       duplicate name "Anas strepera" nexsonid "node1117378"
pgloadind       duplicate OTT ID 30856
pgloadind     OTT ID reused in tree
pgloadind       duplicate name "Anas strepera" nexsonid "node1117379"
pgloadind       duplicate OTT ID 30856
pgloadind     OTT ID reused in tree
pgloadind       duplicate name "Anas strepera" nexsonid "node1117380"
pgloadind       duplicate OTT ID 30856
pgloadind     OTT ID reused in tree
pgloadind       duplicate name "Anas falcata" nexsonid "node1117385"
pgloadind       duplicate OTT ID 82420
pgloadind     OTT ID reused in tree
pgloadind       duplicate name "Anas falcata" nexsonid "node1117386"
pgloadind       duplicate OTT ID 82420
pgloadind     OTT ID reused in tree
pgloadind       duplicate name "Anas falcata" nexsonid "node1117387"
pgloadind       duplicate OTT ID 82420
pgloadind     OTT ID reused in tree
pgloadind       duplicate name "Anas falcata" nexsonid "node1117388"
pgloadind       duplicate OTT ID 82420
pgloadind     OTT ID reused in tree
pgloadind       duplicate name "Anas falcata" nexsonid "node1117389"
pgloadind       duplicate OTT ID 82420
pgloadind     OTT ID reused in tree
pgloadind       duplicate name "Anas falcata" nexsonid "node1117390"
pgloadind       duplicate OTT ID 82420
pgloadind     OTT ID reused in tree
pgloadind       duplicate name "Anas falcata" nexsonid "node1117391"
pgloadind       duplicate OTT ID 82420
pgloadind     OTT ID reused in tree
pgloadind       duplicate name "Anas falcata" nexsonid "node1117392"
pgloadind       duplicate OTT ID 82420
pgloadind     OTT ID reused in tree
pgloadind       duplicate name "Anas falcata" nexsonid "node1117393"
pgloadind       duplicate OTT ID 82420
pgloadind     pruning dups and overlapping name "Anas strepera" nexsonid "node1117360"
pgloadind     pruning dups and overlapping name "Anas strepera" nexsonid "node1117377"
pgloadind     pruning dups and overlapping name "Anas penelope" nexsonid "node1117346"
pgloadind     pruning dups and overlapping name "Anas strepera" nexsonid "node1117357"
pgloadind     pruning dups and overlapping name "Anas americana" nexsonid "node1117287"
pgloadind     pruning dups and overlapping name "Anas sibilatrix" nexsonid "node1117320"
pgloadind     pruning dups and overlapping name "Anas penelope" nexsonid "node1117338"
pgloadind     pruning dups and overlapping name "Anas penelope" nexsonid "node1117347"
pgloadind     pruning dups and overlapping name "Anas americana" nexsonid "node1117292"
pgloadind     pruning dups and overlapping name "Anas sibilatrix" nexsonid "node1117321"
pgloadind     pruning dups and overlapping name "Anas strepera" nexsonid "node1117380"
pgloadind     pruning dups and overlapping name "Anas strepera" nexsonid "node1117375"
pgloadind     pruning dups and overlapping name "Anas penelope" nexsonid "node1117329"
pgloadind     pruning dups and overlapping name "Anas strepera" nexsonid "node1117362"
pgloadind     pruning dups and overlapping name "Anas penelope" nexsonid "node1117341"
pgloadind     pruning dups and overlapping name "Anas penelope" nexsonid "node1117345"
pgloadind     pruning dups and overlapping name "Anas strepera" nexsonid "node1117373"
pgloadind     pruning dups and overlapping name "Anas strepera" nexsonid "node1117354"
pgloadind     pruning dups and overlapping name "Anas strepera" nexsonid "node1117368"
pgloadind     pruning dups and overlapping name "Anas americana" nexsonid "node1117283"
pgloadind     pruning dups and overlapping name "Anas americana" nexsonid "node1117286"
pgloadind     pruning dups and overlapping name "Anas sibilatrix" nexsonid "node1117318"
pgloadind     pruning dups and overlapping name "Anas sibilatrix" nexsonid "node1117316"
pgloadind     pruning dups and overlapping name "Anas strepera" nexsonid "node1117364"
pgloadind     pruning dups and overlapping name "Anas penelope" nexsonid "node1117299"
pgloadind     pruning dups and overlapping name "Anas sibilatrix" nexsonid "node1117305"
pgloadind     pruning dups and overlapping name "Anas americana" nexsonid "node1117294"
pgloadind     pruning dups and overlapping name "Anas penelope" nexsonid "node1117339"
pgloadind     pruning dups and overlapping name "Anas strepera" nexsonid "node1117379"
pgloadind     pruning dups and overlapping name "Anas falcata" nexsonid "node1117389"
pgloadind     pruning dups and overlapping name "Anas penelope" nexsonid "node1117348"
pgloadind     pruning dups and overlapping name "Anas sibilatrix" nexsonid "node1117309"
pgloadind     pruning dups and overlapping name "Anas americana" nexsonid "node1117281"
pgloadind     pruning dups and overlapping name "Anas sibilatrix" nexsonid "node1117311"
pgloadind     pruning dups and overlapping name "Anas americana" nexsonid "node1117280"
pgloadind     pruning dups and overlapping name "Anas penelope" nexsonid "node1117327"
pgloadind     pruning dups and overlapping name "Anas sibilatrix" nexsonid "node1117310"
pgloadind     pruning dups and overlapping name "Anas sibilatrix" nexsonid "node1117307"
pgloadind     pruning dups and overlapping name "Anas penelope" nexsonid "node1117328"
pgloadind     pruning dups and overlapping name "Anas strepera" nexsonid "node1117365"
pgloadind     pruning dups and overlapping name "Anas sibilatrix" nexsonid "node1117308"
pgloadind     pruning dups and overlapping name "Anas sibilatrix" nexsonid "node1117306"
pgloadind     pruning dups and overlapping name "Anas penelope" nexsonid "node1117332"
pgloadind     pruning dups and overlapping name "Anas penelope" nexsonid "node1117342"
pgloadind     pruning dups and overlapping name "Anas sibilatrix" nexsonid "node1117312"
pgloadind     pruning dups and overlapping name "Anas falcata" nexsonid "node1117391"
pgloadind     pruning dups and overlapping name "Anas strepera" nexsonid "node1117374"
pgloadind     pruning dups and overlapping name "Anas americana" nexsonid "node1117298"
pgloadind     pruning dups and overlapping name "Anas strepera" nexsonid "node1117367"
pgloadind     pruning dups and overlapping name "Anas americana" nexsonid "node1117297"
pgloadind     pruning dups and overlapping name "Anas strepera" nexsonid "node1117378"
pgloadind     pruning dups and overlapping name "Anas americana" nexsonid "node1117285"
pgloadind     pruning dups and overlapping name "Anas falcata" nexsonid "node1117392"
pgloadind     pruning dups and overlapping name "Anas falcata" nexsonid "node1117386"
pgloadind     pruning dups and overlapping name "Anas americana" nexsonid "node1117278"
pgloadind     pruning dups and overlapping name "Anas strepera" nexsonid "node1117366"
pgloadind     pruning dups and overlapping name "Anas falcata" nexsonid "node1117387"
pgloadind     pruning dups and overlapping name "Anas penelope" nexsonid "node1117331"
pgloadind     pruning dups and overlapping name "Anas falcata" nexsonid "node1117393"
pgloadind     pruning dups and overlapping name "Anas sibilatrix" nexsonid "node1117319"
pgloadind     pruning dups and overlapping name "Anas strepera" nexsonid "node1117358"
pgloadind     pruning dups and overlapping name "Anas penelope" nexsonid "node1117330"
pgloadind     pruning dups and overlapping name "Anas sibilatrix" nexsonid "node1117317"
pgloadind     pruning dups and overlapping name "Anas penelope" nexsonid "node1117344"
pgloadind     pruning dups and overlapping name "Anas strepera" nexsonid "node1117355"
pgloadind     pruning dups and overlapping name "Anas falcata" nexsonid "node1117390"
pgloadind     pruning dups and overlapping name "Anas americana" nexsonid "node1117296"
pgloadind     pruning dups and overlapping name "Anas falcata" nexsonid "node1117388"
pgloadind     pruning dups and overlapping name "Anas strepera" nexsonid "node1117359"
pgloadind     pruning dups and overlapping name "Anas strepera" nexsonid "node1117363"
pgloadind     pruning dups and overlapping name "Anas americana" nexsonid "node1117289"
pgloadind     pruning dups and overlapping name "Anas penelope" nexsonid "node1117335"
pgloadind     pruning dups and overlapping name "Anas strepera" nexsonid "node1117376"
pgloadind     pruning dups and overlapping name "Anas strepera" nexsonid "node1117361"
pgloadind     pruning dups and overlapping name "Anas falcata" nexsonid "node1117385"
pgloadind     pruning dups and overlapping name "Anas sibilatrix" nexsonid "node1117315"
pgloadind     pruning dups and overlapping name "Anas penelope" nexsonid "node1117343"
pgloadind     pruning dups and overlapping name "Anas penelope" nexsonid "node1117336"
pgloadind     pruning dups and overlapping name "Anas americana" nexsonid "node1117293"
pgloadind     pruning dups and overlapping name "Anas americana" nexsonid "node1117288"
pgloadind   postpruning newick tree "(((Anas_sibilatrix,(Anas_penelope,Anas_americana)),Anas_strepera),Anas_falcata)"
pgloadind   taxon mapping summary
pgloadind     taxon mapping OTT ID 604188 taxonomy "Anas sibilatrix->Anas->Anatidae->Anseriformes->Neognathae->Aves->Coelurosauria->Theropoda->Saurischia->Dinosauria->Archosauria->Testudines + Archosauria group->Sauria->Sauropsida->Amniota->Tetrapoda->Dipnotetrapodomorpha->Sarcopterygii->Euteleostomi->Teleostomi->Gnathostomata->Vertebrata->Craniata->Chordata->Deuterostomia->Bilateria->Eumetazoa->Metazoa->Holozoa->Opisthokonta->Eukaryota->cellular organisms->life" nexsonid "node1117304"
pgloadind     taxon mapping OTT ID 765180 taxonomy "Anas penelope->Anas->Anatidae->Anseriformes->Neognathae->Aves->Coelurosauria->Theropoda->Saurischia->Dinosauria->Archosauria->Testudines + Archosauria group->Sauria->Sauropsida->Amniota->Tetrapoda->Dipnotetrapodomorpha->Sarcopterygii->Euteleostomi->Teleostomi->Gnathostomata->Vertebrata->Craniata->Chordata->Deuterostomia->Bilateria->Eumetazoa->Metazoa->Holozoa->Opisthokonta->Eukaryota->cellular organisms->life" nexsonid "node1117284"
pgloadind     taxon mapping OTT ID 656788 taxonomy "Anas americana->Anas->Anatidae->Anseriformes->Neognathae->Aves->Coelurosauria->Theropoda->Saurischia->Dinosauria->Archosauria->Testudines + Archosauria group->Sauria->Sauropsida->Amniota->Tetrapoda->Dipnotetrapodomorpha->Sarcopterygii->Euteleostomi->Teleostomi->Gnathostomata->Vertebrata->Craniata->Chordata->Deuterostomia->Bilateria->Eumetazoa->Metazoa->Holozoa->Opisthokonta->Eukaryota->cellular organisms->life" nexsonid "node1117277"
pgloadind     taxon mapping OTT ID 30856 taxonomy "Anas strepera->Anas->Anatidae->Anseriformes->Neognathae->Aves->Coelurosauria->Theropoda->Saurischia->Dinosauria->Archosauria->Testudines + Archosauria group->Sauria->Sauropsida->Amniota->Tetrapoda->Dipnotetrapodomorpha->Sarcopterygii->Euteleostomi->Teleostomi->Gnathostomata->Vertebrata->Craniata->Chordata->Deuterostomia->Bilateria->Eumetazoa->Metazoa->Holozoa->Opisthokonta->Eukaryota->cellular organisms->life" nexsonid "node1117333"
pgloadind     taxon mapping OTT ID 82420 taxonomy "Anas falcata->Anas->Anatidae->Anseriformes->Neognathae->Aves->Coelurosauria->Theropoda->Saurischia->Dinosauria->Archosauria->Testudines + Archosauria group->Sauria->Sauropsida->Amniota->Tetrapoda->Dipnotetrapodomorpha->Sarcopterygii->Euteleostomi->Teleostomi->Gnathostomata->Vertebrata->Craniata->Chordata->Deuterostomia->Bilateria->Eumetazoa->Metazoa->Holozoa->Opisthokonta->Eukaryota->cellular organisms->life" nexsonid "node1117384"
done fixing name
pgloadind Finished with attempts to fix names
pgloadind   Checking for uniqueness of OTT IDs tree id "6437"
pgloadind   Adding tree to graph tree id "6437"
all trees have all taxa: false
	using bipartition technique
attempting to remap tips to deepest exemplified taxa
this is the ROOT
placing root in index
Dealing with metadata property: id
Dealing with metadata property: ot:studyPublicationReference
Adding property 'ot:studyPublicationReference': Peters J., Mccracken K., Zhuravlev Y., Lu Y., Wilson R., Johnson K., and Omland K. 2005. Phylogenetics of wigeons and allies (Anatidae: Anas): the importance of sampling multiple loci and multiple individuals. Molecular Phylogenetics and Evolution 35 (1): 209-224.
Dealing with metadata property: ot:focalCladeOTTTaxonName
Adding property 'ot:focalCladeOTTTaxonName': Anas
Dealing with metadata property: ot:studyYear
Adding property 'ot:studyYear': 2005
Dealing with metadata property: ot:inGroupClade
Adding property 'ot:inGroupClade': node1117269
Dealing with metadata property: ot:tag
Adding property 'ot:tag': choose me
Dealing with metadata property: ot:curatorName
Adding property 'ot:curatorName': Chris Owen
Dealing with metadata property: ot:studyPublication
Adding property 'ot:studyPublication': http://dx.doi.org/10.1016/j.ympev.2004.12.017
Dealing with metadata property: ot:focalClade
Adding property 'ot:focalClade': 1673304
Dealing with metadata property: ot:curatedType
Adding property 'ot:curatedType': Fig 5
Dealing with metadata property: ot:studyId
Adding property 'ot:studyId': 2459
Dealing with metadata property: ot:dataDeposit
Adding property 'ot:dataDeposit': http://purl.org/phylo/treebase/phylows/study/TB2:S1309
Committing nodes: 9
