pgloadind OTUs number 245
pgloadind Processing tree @id "5394"
pgloadind   tree info number nodes 429
pgloadind   tree info number edges 428
pgloadind   tree info ingroup "node929642"
pgloadind   Setting ingroup root node.
pgloadind   Ingested tree number of external nodes 214
pgloadind   property added ot:studyPublicationReference "Boussau B., Brown J.M., & Fujita M.K. 2011. Nonadaptive Evolution of Mitochondrial Genome Size. Evolution, ."
pgloadind   property added ot:studyPublication "http://dx.doi.org/10.1111/j.1558-5646.2011.01322.x"
pgloadind   property added ot:curatorName "Chris Owen"
pgloadind   property added ot:dataDeposit "http://purl.org/phylo/treebase/phylows/study/TB2:S11392"
pgloadind   property added ot:studyId "2506"
pgloadind   property added ot:studyYear "2011"
pgloadind   property added ot:focalClade "1214659"
pgloadind   property added ot:branchLengthMode "ot:substitutionCount"
pgloadind   property added ot:inGroupClade "node929642"
pgloadind Processing tree @id "5396"
pgloadind   tree info number nodes 25
pgloadind   tree info number edges 24
pgloadind   tree info ingroup "node930097"
pgloadind   Setting ingroup root node.
pgloadind   Ingested tree number of external nodes 13
pgloadind   property added ot:studyPublicationReference "Boussau B., Brown J.M., & Fujita M.K. 2011. Nonadaptive Evolution of Mitochondrial Genome Size. Evolution, ."
pgloadind   property added ot:studyPublication "http://dx.doi.org/10.1111/j.1558-5646.2011.01322.x"
pgloadind   property added ot:curatorName "Chris Owen"
pgloadind   property added ot:dataDeposit "http://purl.org/phylo/treebase/phylows/study/TB2:S11392"
pgloadind   property added ot:studyId "2506"
pgloadind   property added ot:studyYear "2011"
pgloadind   property added ot:focalClade "1214659"
pgloadind   property added ot:branchLengthMode "ot:substitutionCount"
pgloadind   property added ot:inGroupClade "node930097"
pgloadind Processing tree @id "5398"
pgloadind   tree info number nodes 33
pgloadind   tree info number edges 32
pgloadind   tree info ingroup "node930158"
pgloadind   Setting ingroup root node.
pgloadind   Ingested tree number of external nodes 13
pgloadind   property added ot:studyPublicationReference "Boussau B., Brown J.M., & Fujita M.K. 2011. Nonadaptive Evolution of Mitochondrial Genome Size. Evolution, ."
pgloadind   property added ot:studyPublication "http://dx.doi.org/10.1111/j.1558-5646.2011.01322.x"
pgloadind   property added ot:curatorName "Chris Owen"
pgloadind   property added ot:dataDeposit "http://purl.org/phylo/treebase/phylows/study/TB2:S11392"
pgloadind   property added ot:studyId "2506"
pgloadind   property added ot:studyYear "2011"
pgloadind   property added ot:focalClade "1214659"
pgloadind   property added ot:branchLengthMode "ot:substitutionCount"
pgloadind   property added ot:inGroupClade "node930158"
loading a specific tree: 5398
skipping tree: 5394
skipping tree: 5396
pgloadind conducting TNRS on trees
pgloadind   name fixing on tree tree id "5398"
pgloadind   all nodes have ottIds
pgloadind   postpruning newick tree "(((((Mantidactylus_grandidieri,Mantidactylus_cf_ulcerosus),(Gephyromantis_pseudoasper,Gephyromantis_klemmeri)),Boehmantis_microtympanum),Spinomantis_microtis),(((Mantella_bernhardi,(Mantella_baroni,Mantella_madagascariensis)),Wakea_madinika),(Blommersia_blommersae,(Guibemantis_liber,Guibemantis_tornieri))))"
pgloadind   taxon mapping summary
pgloadind     taxon mapping OTT ID 1054125 taxonomy "Mantidactylus grandidieri->Mantidactylus subgenus Mantidactylus->Mantidactylus->Mantellinae->Mantellidae->Ranoidea->Neobatrachia->Anura->Batrachia->Amphibia->Tetrapoda->Dipnotetrapodomorpha->Sarcopterygii->Euteleostomi->Teleostomi->Gnathostomata->Vertebrata->Craniata->Chordata->Deuterostomia->Bilateria->Eumetazoa->Metazoa->Holozoa->Opisthokonta->Eukaryota->cellular organisms->life" nexsonid "node930163"
pgloadind     taxon mapping OTT ID 1054405 taxonomy "Mantidactylus cf. ulcerosus->Brygoomantis->Mantidactylus->Mantellinae->Mantellidae->Ranoidea->Neobatrachia->Anura->Batrachia->Amphibia->Tetrapoda->Dipnotetrapodomorpha->Sarcopterygii->Euteleostomi->Teleostomi->Gnathostomata->Vertebrata->Craniata->Chordata->Deuterostomia->Bilateria->Eumetazoa->Metazoa->Holozoa->Opisthokonta->Eukaryota->cellular organisms->life" nexsonid "node930164"
pgloadind     taxon mapping OTT ID 324832 taxonomy "Gephyromantis pseudoasper->Phylacomantis->Gephyromantis->Mantellinae->Mantellidae->Ranoidea->Neobatrachia->Anura->Batrachia->Amphibia->Tetrapoda->Dipnotetrapodomorpha->Sarcopterygii->Euteleostomi->Teleostomi->Gnathostomata->Vertebrata->Craniata->Chordata->Deuterostomia->Bilateria->Eumetazoa->Metazoa->Holozoa->Opisthokonta->Eukaryota->cellular organisms->life" nexsonid "node930166"
pgloadind     taxon mapping OTT ID 796178 taxonomy "Gephyromantis klemmeri->Gephyromantis subgenus Gephyromantis->Gephyromantis->Mantellinae->Mantellidae->Ranoidea->Neobatrachia->Anura->Batrachia->Amphibia->Tetrapoda->Dipnotetrapodomorpha->Sarcopterygii->Euteleostomi->Teleostomi->Gnathostomata->Vertebrata->Craniata->Chordata->Deuterostomia->Bilateria->Eumetazoa->Metazoa->Holozoa->Opisthokonta->Eukaryota->cellular organisms->life" nexsonid "node930167"
pgloadind     taxon mapping OTT ID 119486 taxonomy "Boehmantis microtympanum->Boehmantis->Mantellinae->Mantellidae->Ranoidea->Neobatrachia->Anura->Batrachia->Amphibia->Tetrapoda->Dipnotetrapodomorpha->Sarcopterygii->Euteleostomi->Teleostomi->Gnathostomata->Vertebrata->Craniata->Chordata->Deuterostomia->Bilateria->Eumetazoa->Metazoa->Holozoa->Opisthokonta->Eukaryota->cellular organisms->life" nexsonid "node930168"
pgloadind     taxon mapping OTT ID 1078696 taxonomy "Spinomantis microtis->Spinomantis->Mantellinae->Mantellidae->Ranoidea->Neobatrachia->Anura->Batrachia->Amphibia->Tetrapoda->Dipnotetrapodomorpha->Sarcopterygii->Euteleostomi->Teleostomi->Gnathostomata->Vertebrata->Craniata->Chordata->Deuterostomia->Bilateria->Eumetazoa->Metazoa->Holozoa->Opisthokonta->Eukaryota->cellular organisms->life" nexsonid "node930169"
pgloadind     taxon mapping OTT ID 165052 taxonomy "Mantella bernhardi->bernhardi group->Mantella->Mantellinae->Mantellidae->Ranoidea->Neobatrachia->Anura->Batrachia->Amphibia->Tetrapoda->Dipnotetrapodomorpha->Sarcopterygii->Euteleostomi->Teleostomi->Gnathostomata->Vertebrata->Craniata->Chordata->Deuterostomia->Bilateria->Eumetazoa->Metazoa->Holozoa->Opisthokonta->Eukaryota->cellular organisms->life" nexsonid "node930173"
pgloadind     taxon mapping OTT ID 709685 taxonomy "Mantella baroni->cowani group->Mantella->Mantellinae->Mantellidae->Ranoidea->Neobatrachia->Anura->Batrachia->Amphibia->Tetrapoda->Dipnotetrapodomorpha->Sarcopterygii->Euteleostomi->Teleostomi->Gnathostomata->Vertebrata->Craniata->Chordata->Deuterostomia->Bilateria->Eumetazoa->Metazoa->Holozoa->Opisthokonta->Eukaryota->cellular organisms->life" nexsonid "node930175"
pgloadind     taxon mapping OTT ID 84863 taxonomy "Mantella madagascariensis->madagascariensis group->Mantella->Mantellinae->Mantellidae->Ranoidea->Neobatrachia->Anura->Batrachia->Amphibia->Tetrapoda->Dipnotetrapodomorpha->Sarcopterygii->Euteleostomi->Teleostomi->Gnathostomata->Vertebrata->Craniata->Chordata->Deuterostomia->Bilateria->Eumetazoa->Metazoa->Holozoa->Opisthokonta->Eukaryota->cellular organisms->life" nexsonid "node930176"
pgloadind     taxon mapping OTT ID 1056218 taxonomy "Wakea madinika->Wakea->Mantellinae->Mantellidae->Ranoidea->Neobatrachia->Anura->Batrachia->Amphibia->Tetrapoda->Dipnotetrapodomorpha->Sarcopterygii->Euteleostomi->Teleostomi->Gnathostomata->Vertebrata->Craniata->Chordata->Deuterostomia->Bilateria->Eumetazoa->Metazoa->Holozoa->Opisthokonta->Eukaryota->cellular organisms->life" nexsonid "node930177"
pgloadind     taxon mapping OTT ID 921841 taxonomy "Blommersia blommersae->Blommersia->Mantellinae->Mantellidae->Ranoidea->Neobatrachia->Anura->Batrachia->Amphibia->Tetrapoda->Dipnotetrapodomorpha->Sarcopterygii->Euteleostomi->Teleostomi->Gnathostomata->Vertebrata->Craniata->Chordata->Deuterostomia->Bilateria->Eumetazoa->Metazoa->Holozoa->Opisthokonta->Eukaryota->cellular organisms->life" nexsonid "node930179"
pgloadind     taxon mapping OTT ID 921858 taxonomy "Guibemantis liber->Pandanusicola->Guibemantis->Mantellinae->Mantellidae->Ranoidea->Neobatrachia->Anura->Batrachia->Amphibia->Tetrapoda->Dipnotetrapodomorpha->Sarcopterygii->Euteleostomi->Teleostomi->Gnathostomata->Vertebrata->Craniata->Chordata->Deuterostomia->Bilateria->Eumetazoa->Metazoa->Holozoa->Opisthokonta->Eukaryota->cellular organisms->life" nexsonid "node930181"
pgloadind     taxon mapping OTT ID 796173 taxonomy "Guibemantis tornieri->Guibemantis subgenus Guibemantis->Guibemantis->Mantellinae->Mantellidae->Ranoidea->Neobatrachia->Anura->Batrachia->Amphibia->Tetrapoda->Dipnotetrapodomorpha->Sarcopterygii->Euteleostomi->Teleostomi->Gnathostomata->Vertebrata->Craniata->Chordata->Deuterostomia->Bilateria->Eumetazoa->Metazoa->Holozoa->Opisthokonta->Eukaryota->cellular organisms->life" nexsonid "node930182"
done fixing name
pgloadind Finished with attempts to fix names
pgloadind   Checking for uniqueness of OTT IDs tree id "5398"
pgloadind   Adding tree to graph tree id "5398"
all trees have all taxa: false
	using bipartition technique
attempting to remap tips to deepest exemplified taxa
	Blommersia blommersae was remapped to 'Blommersia' (id=415986)
	Mantella madagascariensis was remapped to 'madagascariensis group' (id=415605)
	Spinomantis microtis was remapped to 'Spinomantis' (id=416046)
	Guibemantis tornieri was remapped to 'Guibemantis subgenus Guibemantis' (id=415792)
	Gephyromantis klemmeri was remapped to 'Gephyromantis subgenus Gephyromantis' (id=415738)
	Mantella bernhardi was remapped to 'bernhardi group' (id=415573)
	Mantidactylus cf. ulcerosus was remapped to 'Brygoomantis' (id=415902)
	Mantidactylus grandidieri was remapped to 'Mantidactylus subgenus Mantidactylus' (id=415877)
	Gephyromantis pseudoasper was remapped to 'Phylacomantis' (id=415631)
	Boehmantis microtympanum was remapped to 'Boehmantis' (id=416041)
	Guibemantis liber was remapped to 'Pandanusicola' (id=415807)
	Wakea madinika was remapped to 'Wakea' (id=416104)
	Mantella baroni was remapped to 'cowani group' (id=415619)
this is the ROOT
placing root in index
Dealing with metadata property: id
Dealing with metadata property: ot:studyPublicationReference
Adding property 'ot:studyPublicationReference': Boussau B., Brown J.M., & Fujita M.K. 2011. Nonadaptive Evolution of Mitochondrial Genome Size. Evolution, .
Dealing with metadata property: ot:studyYear
Adding property 'ot:studyYear': 2011
Dealing with metadata property: ot:inGroupClade
Adding property 'ot:inGroupClade': node930158
Dealing with metadata property: ot:branchLengthMode
Adding property 'ot:branchLengthMode': ot:substitutionCount
Dealing with metadata property: ot:curatorName
Adding property 'ot:curatorName': Chris Owen
Dealing with metadata property: ot:studyPublication
Adding property 'ot:studyPublication': http://dx.doi.org/10.1111/j.1558-5646.2011.01322.x
Dealing with metadata property: ot:focalClade
Adding property 'ot:focalClade': 1214659
Dealing with metadata property: ot:studyId
Adding property 'ot:studyId': 2506
Dealing with metadata property: ot:dataDeposit
Adding property 'ot:dataDeposit': http://purl.org/phylo/treebase/phylows/study/TB2:S11392
Committing nodes: 25
