pgloadind OTUs number 19
pgloadind Processing tree @id "5985"
pgloadind   tree info number nodes 36
pgloadind   tree info number edges 35
pgloadind   tree info ingroup "node1016172"
pgloadind   Setting ingroup root node.
pgloadind   Ingested tree number of external nodes 15
pgloadind   property added ot:studyPublicationReference "Smith J.V., Braun E., & Kimball R. 2013. Ratite non-monophyly: independent evidence from 40 novel loci. Systematic Biology 62 (1): 35-49"
pgloadind   property added ot:studyPublication "http://dx.doi.org/10.1093/sysbio/sys067"
pgloadind   property added ot:curatorName "Chris Owen"
pgloadind   property added ot:dataDeposit "http://purl.org/phylo/treebase/phylows/study/TB2:S12891"
pgloadind   property added ot:studyId "2580"
pgloadind   property added ot:studyYear "2013"
pgloadind   property added ot:focalClade "2274156"
pgloadind   property added ot:focalCladeOTTTaxonName "Palaeognathae"
pgloadind   property added ot:branchLengthMode "ot:substitutionCount"
pgloadind   property added ot:inGroupClade "node1016172"
pgloadind   property added ot:curatedType "ML phylogram"
pgloadind Processing tree @id "5986"
pgloadind   tree info number nodes 19
pgloadind   tree info number edges 18
pgloadind   tree info ingroup "node1016208"
pgloadind   Setting ingroup root node.
pgloadind   Ingested tree number of external nodes 6
pgloadind   property added ot:studyPublicationReference "Smith J.V., Braun E., & Kimball R. 2013. Ratite non-monophyly: independent evidence from 40 novel loci. Systematic Biology 62 (1): 35-49"
pgloadind   property added ot:studyPublication "http://dx.doi.org/10.1093/sysbio/sys067"
pgloadind   property added ot:curatorName "Chris Owen"
pgloadind   property added ot:dataDeposit "http://purl.org/phylo/treebase/phylows/study/TB2:S12891"
pgloadind   property added ot:studyId "2580"
pgloadind   property added ot:studyYear "2013"
pgloadind   property added ot:focalClade "2274156"
pgloadind   property added ot:focalCladeOTTTaxonName "Palaeognathae"
pgloadind   property added ot:inGroupClade "node1016208"
pgloadind   property added ot:tag "choose me"
pgloadind   property added ot:curatedType "Bucky species tree"
loading a specific tree: 5986
skipping tree: 5985
pgloadind conducting TNRS on trees
pgloadind   name fixing on tree tree id "5986"
pgloadind   all nodes have ottIds
pgloadind   postpruning newick tree "((((Crypturellus_soui,Tinamus_guttatus),Dromaius_novaehollandiae),(Pterocnemia_pennata,Rhea_americana)),Struthio_camelus)"
pgloadind   taxon mapping summary
pgloadind     taxon mapping OTT ID 960236 taxonomy "Crypturellus soui->Crypturellus->Tinamidae->Tinamiformes->Palaeognathae->Aves->Coelurosauria->Theropoda->Saurischia->Dinosauria->Archosauria->Testudines + Archosauria group->Sauria->Sauropsida->Amniota->Tetrapoda->Dipnotetrapodomorpha->Sarcopterygii->Euteleostomi->Teleostomi->Gnathostomata->Vertebrata->Craniata->Chordata->Deuterostomia->Bilateria->Eumetazoa->Metazoa->Holozoa->Opisthokonta->Eukaryota->cellular organisms->life" nexsonid "node1016212"
pgloadind     taxon mapping OTT ID 306216 taxonomy "Tinamus guttatus->Tinamus->Tinamidae->Tinamiformes->Palaeognathae->Aves->Coelurosauria->Theropoda->Saurischia->Dinosauria->Archosauria->Testudines + Archosauria group->Sauria->Sauropsida->Amniota->Tetrapoda->Dipnotetrapodomorpha->Sarcopterygii->Euteleostomi->Teleostomi->Gnathostomata->Vertebrata->Craniata->Chordata->Deuterostomia->Bilateria->Eumetazoa->Metazoa->Holozoa->Opisthokonta->Eukaryota->cellular organisms->life" nexsonid "node1016213"
pgloadind     taxon mapping OTT ID 829513 taxonomy "Dromaius novaehollandiae->Dromaius->Dromaiidae->Casuariiformes->Palaeognathae->Aves->Coelurosauria->Theropoda->Saurischia->Dinosauria->Archosauria->Testudines + Archosauria group->Sauria->Sauropsida->Amniota->Tetrapoda->Dipnotetrapodomorpha->Sarcopterygii->Euteleostomi->Teleostomi->Gnathostomata->Vertebrata->Craniata->Chordata->Deuterostomia->Bilateria->Eumetazoa->Metazoa->Holozoa->Opisthokonta->Eukaryota->cellular organisms->life" nexsonid "node1016214"
pgloadind     taxon mapping OTT ID 857860 taxonomy "Pterocnemia pennata->Pterocnemia->Rheidae->Rheiformes->Palaeognathae->Aves->Coelurosauria->Theropoda->Saurischia->Dinosauria->Archosauria->Testudines + Archosauria group->Sauria->Sauropsida->Amniota->Tetrapoda->Dipnotetrapodomorpha->Sarcopterygii->Euteleostomi->Teleostomi->Gnathostomata->Vertebrata->Craniata->Chordata->Deuterostomia->Bilateria->Eumetazoa->Metazoa->Holozoa->Opisthokonta->Eukaryota->cellular organisms->life" nexsonid "node1016216"
pgloadind     taxon mapping OTT ID 857864 taxonomy "Rhea americana->Rhea->Rheidae->Rheiformes->Palaeognathae->Aves->Coelurosauria->Theropoda->Saurischia->Dinosauria->Archosauria->Testudines + Archosauria group->Sauria->Sauropsida->Amniota->Tetrapoda->Dipnotetrapodomorpha->Sarcopterygii->Euteleostomi->Teleostomi->Gnathostomata->Vertebrata->Craniata->Chordata->Deuterostomia->Bilateria->Eumetazoa->Metazoa->Holozoa->Opisthokonta->Eukaryota->cellular organisms->life" nexsonid "node1016217"
pgloadind     taxon mapping OTT ID 647692 taxonomy "Struthio camelus->Struthio->Struthionidae->Struthioniformes->Palaeognathae->Aves->Coelurosauria->Theropoda->Saurischia->Dinosauria->Archosauria->Testudines + Archosauria group->Sauria->Sauropsida->Amniota->Tetrapoda->Dipnotetrapodomorpha->Sarcopterygii->Euteleostomi->Teleostomi->Gnathostomata->Vertebrata->Craniata->Chordata->Deuterostomia->Bilateria->Eumetazoa->Metazoa->Holozoa->Opisthokonta->Eukaryota->cellular organisms->life" nexsonid "node1016218"
done fixing name
pgloadind Finished with attempts to fix names
pgloadind   Checking for uniqueness of OTT IDs tree id "5986"
pgloadind   Adding tree to graph tree id "5986"
all trees have all taxa: false
	using bipartition technique
attempting to remap tips to deepest exemplified taxa
	Dromaius novaehollandiae was remapped to 'Casuariiformes' (id=386980)
	Pterocnemia pennata was remapped to 'Pterocnemia' (id=387182)
	Struthio camelus was remapped to 'Struthioniformes' (id=387222)
	Tinamus guttatus was remapped to 'Tinamus' (id=387060)
	Rhea americana was remapped to 'Rhea' (id=387190)
	Crypturellus soui was remapped to 'Crypturellus' (id=387073)
this is the ROOT
placing root in index
Dealing with metadata property: id
Dealing with metadata property: ot:studyPublicationReference
Adding property 'ot:studyPublicationReference': Smith J.V., Braun E., & Kimball R. 2013. Ratite non-monophyly: independent evidence from 40 novel loci. Systematic Biology 62 (1): 35-49
Dealing with metadata property: ot:focalCladeOTTTaxonName
Adding property 'ot:focalCladeOTTTaxonName': Palaeognathae
Dealing with metadata property: ot:studyYear
Adding property 'ot:studyYear': 2013
Dealing with metadata property: ot:inGroupClade
Adding property 'ot:inGroupClade': node1016208
Dealing with metadata property: ot:tag
Adding property 'ot:tag': choose me
Dealing with metadata property: ot:curatorName
Adding property 'ot:curatorName': Chris Owen
Dealing with metadata property: ot:studyPublication
Adding property 'ot:studyPublication': http://dx.doi.org/10.1093/sysbio/sys067
Dealing with metadata property: ot:focalClade
Adding property 'ot:focalClade': 2274156
Dealing with metadata property: ot:curatedType
Adding property 'ot:curatedType': Bucky species tree
Dealing with metadata property: ot:studyId
Adding property 'ot:studyId': 2580
Dealing with metadata property: ot:dataDeposit
Adding property 'ot:dataDeposit': http://purl.org/phylo/treebase/phylows/study/TB2:S12891
Committing nodes: 11
{386979}
386980
	adding Node[386980] Casuariiformes 589166 as compatible with Node[386980]
		adding Relationship[8453043]
387060
	adding Node[387060] Tinamus 402450 as compatible with Node[387060]
		adding Relationship[8453044]
	adding Node[387034] Tinamiformes 292467 as compatible with Node[387060]
		adding Relationship[8453045]
	adding Node[387034] Tinamiformes 292467 as compatible with Node[387036]
		adding Relationship[8453046]
387073
387182
	adding Node[387182] Pterocnemia 745450 as compatible with Node[387182]
		adding Relationship[8453047]
	adding Node[387178] Rheiformes 829553 as compatible with Node[387180]
		adding Relationship[8453048]
387190
	adding Node[387190] Rhea 857863 as compatible with Node[387190]
		adding Relationship[8453049]
387222
[Node[387180], Node[387182], Node[387034], Node[387036], Node[3573181], Node[387178], Node[3573180], Node[387190], Node[386980], Node[387060]]
	Node[387180]
		adding Relationship[8453050] from Node[387180] to Node[3573181]
		adding Relationship[8453051] from Node[387180] to Node[387178]
	Node[387182]
		adding Relationship[8453052] from Node[387182] to Node[387180]
	Node[387034]
	Node[387036]
		adding Relationship[8453053] from Node[387036] to Node[3573180]
		adding Relationship[8453054] from Node[387036] to Node[387034]
	Node[3573181]
	Node[387178]
	Node[3573180]
		adding Relationship[8453055] from Node[3573180] to Node[3573181]
	Node[387190]
		adding Relationship[8453056] from Node[387190] to Node[387180]
	Node[386980]
		adding Relationship[8453057] from Node[386980] to Node[3573180]
	Node[387060]
		adding Relationship[8453058] from Node[387060] to Node[387036]
