pgloadind OTUs number 21
pgloadind Processing tree @id "5999"
pgloadind Tree tagged as deprecated. Ignoring. @id "5999"
pgloadind Processing tree @id "6000"
pgloadind   tree info number nodes 26
pgloadind   tree info number edges 25
pgloadind   tree info ingroup "node1019180"
pgloadind   Setting ingroup root node.
pgloadind   Ingested tree number of external nodes 8
pgloadind   property added ot:studyPublicationReference "Collins A., & Daly M. 2005. A new deepwater species of Stauromedusae, Lucernaria janetae (Cnidaria, Staurozoa, Lucernariidae), and a preliminary investigation of stauromedusan phylogeny based on nuclear and mitochondrial rDNA data. Biological Bulletin"
pgloadind   property added ot:curatorName "Chris Owen"
pgloadind   property added ot:dataDeposit "http://purl.org/phylo/treebase/phylows/study/TB2:S1360"
pgloadind   property added ot:studyId "2588"
pgloadind   property added ot:studyYear "2005"
pgloadind   property added ot:focalClade "2733927"
pgloadind   property added ot:focalCladeOTTTaxonName "Stauromedusae"
pgloadind   property added ot:inGroupClade "node1019180"
pgloadind   property added ot:curatedType "MP strict consensus"
pgloadind Processing tree @id "6484"
pgloadind   tree info number nodes 29
pgloadind   tree info number edges 28
pgloadind   tree info ingroup "node1120826"
pgloadind   Setting ingroup root node.
pgloadind   Ingested tree number of external nodes 8
pgloadind   property added ot:studyPublicationReference "Collins A., & Daly M. 2005. A new deepwater species of Stauromedusae, Lucernaria janetae (Cnidaria, Staurozoa, Lucernariidae), and a preliminary investigation of stauromedusan phylogeny based on nuclear and mitochondrial rDNA data. Biological Bulletin"
pgloadind   property added ot:curatorName "Chris Owen"
pgloadind   property added ot:dataDeposit "http://purl.org/phylo/treebase/phylows/study/TB2:S1360"
pgloadind   property added ot:studyId "2588"
pgloadind   property added ot:studyYear "2005"
pgloadind   property added ot:focalClade "2733927"
pgloadind   property added ot:focalCladeOTTTaxonName "Stauromedusae"
pgloadind   property added ot:inGroupClade "node1120826"
pgloadind   property added ot:tag "choose me"
pgloadind   property added ot:curatedType "ML Tree"
loading a specific tree: 6484
skipping tree: 6000
pgloadind conducting TNRS on trees
pgloadind   name fixing on tree tree id "6484"
pgloadind   all nodes have ottIds
pgloadind     OTT ID not in database (probably dubious)
pgloadind       dubious name "Haliclystus sp." nexsonid "node1120833"
pgloadind       dubious OTT ID 570655
pgloadind     OTT ID not in database (probably dubious)
pgloadind       dubious name "Haliclystus sp." nexsonid "node1120838"
pgloadind       dubious OTT ID 570655
pgloadind     OTT ID reused in tree
pgloadind       duplicate name "Craterolophus convolvulus" nexsonid "node1120839"
pgloadind       duplicate OTT ID 570658
pgloadind     pruning dups and overlapping name "Craterolophus convolvulus" nexsonid "node1120839"
pgloadind     pruning dups and overlapping name "Haliclystus sp." nexsonid "node1120838"
pgloadind     pruning dups and overlapping name "Haliclystus sp." nexsonid "node1120833"
pgloadind   postpruning newick tree "((((Haliclystus_sanjuanensis,Craterolophus_convolvulus),Haliclystus_octoradiatus),Depastromorpha_africana),Lucernaria_janetae)"
pgloadind   taxon mapping summary
pgloadind     taxon mapping OTT ID 309092 taxonomy "Haliclystus sanjuanensis->Haliclystus->Lucernariidae->Stauromedusae->Cnidaria->Eumetazoa->Metazoa->Holozoa->Opisthokonta->Eukaryota->cellular organisms->life" nexsonid "node1120831"
pgloadind     taxon mapping OTT ID 570658 taxonomy "Craterolophus convolvulus->Craterolophus->Depastridae->Stauromedusae->Cnidaria->Eumetazoa->Metazoa->Holozoa->Opisthokonta->Eukaryota->cellular organisms->life" nexsonid "node1120832"
pgloadind     taxon mapping OTT ID 668470 taxonomy "Haliclystus octoradiatus->Haliclystus->Lucernariidae->Stauromedusae->Cnidaria->Eumetazoa->Metazoa->Holozoa->Opisthokonta->Eukaryota->cellular organisms->life" nexsonid "node1120834"
pgloadind     taxon mapping OTT ID 967607 taxonomy "Depastromorpha africana->Depastromorpha->Cleistocarpidae->Stauromedusae->Cnidaria->Eumetazoa->Metazoa->Holozoa->Opisthokonta->Eukaryota->cellular organisms->life" nexsonid "node1120835"
pgloadind     taxon mapping OTT ID 967609 taxonomy "Lucernaria janetae->Lucernaria->Lucernariidae->Stauromedusae->Cnidaria->Eumetazoa->Metazoa->Holozoa->Opisthokonta->Eukaryota->cellular organisms->life" nexsonid "node1120836"
done fixing name
pgloadind Finished with attempts to fix names
pgloadind   Checking for uniqueness of OTT IDs tree id "6484"
pgloadind   Adding tree to graph tree id "6484"
all trees have all taxa: false
	using bipartition technique
attempting to remap tips to deepest exemplified taxa
	Lucernaria janetae was remapped to 'Lucernaria' (id=2505319)
	Depastromorpha africana was remapped to 'Cleistocarpidae' (id=2505344)
	Craterolophus convolvulus was remapped to 'Depastridae' (id=2505347)
this is the ROOT
placing root in index
Dealing with metadata property: id
Dealing with metadata property: ot:studyPublicationReference
Adding property 'ot:studyPublicationReference': Collins A., & Daly M. 2005. A new deepwater species of Stauromedusae, Lucernaria janetae (Cnidaria, Staurozoa, Lucernariidae), and a preliminary investigation of stauromedusan phylogeny based on nuclear and mitochondrial rDNA data. Biological Bulletin
Dealing with metadata property: ot:focalCladeOTTTaxonName
Adding property 'ot:focalCladeOTTTaxonName': Stauromedusae
Dealing with metadata property: ot:studyYear
Adding property 'ot:studyYear': 2005
Dealing with metadata property: ot:inGroupClade
Adding property 'ot:inGroupClade': node1120826
Dealing with metadata property: ot:tag
Adding property 'ot:tag': choose me
Dealing with metadata property: ot:curatorName
Adding property 'ot:curatorName': Chris Owen
Dealing with metadata property: ot:focalClade
Adding property 'ot:focalClade': 2733927
Dealing with metadata property: ot:curatedType
Adding property 'ot:curatedType': ML Tree
Dealing with metadata property: ot:studyId
Adding property 'ot:studyId': 2588
Dealing with metadata property: ot:dataDeposit
Adding property 'ot:dataDeposit': http://purl.org/phylo/treebase/phylows/study/TB2:S1360
Committing nodes: 9
