pgloadind OTUs number 33
pgloadind Processing tree @id "6493"
pgloadind   tree info number nodes 65
pgloadind   tree info number edges 64
pgloadind   tree info ingroup "node1121618"
pgloadind   Setting ingroup root node.
pgloadind   Ingested tree number of external nodes 32
pgloadind   property added ot:studyPublicationReference "John E. McCormack, Michael G. Harvey, Brant C. Faircloth, Nicholas G. Crawford, Travis C. Glenn, Robb T. Brumfield. 2013. A phylogeny of birds based on over 1,500 loci collected by target enrichment and high-throughput sequencing. PLoS ONE 8 (1): e54848."
pgloadind   property added ot:studyPublication "http://dx.doi.org/10.1371/journal.pone.0054848"
pgloadind   property added ot:curatorName "Joseph Brown"
pgloadind   property added ot:studyId "2797"
pgloadind   property added ot:studyYear "2013"
pgloadind   property added ot:tag "ingroup added;"
pgloadind   property added ot:branchLengthMode "ot:substitutionCount"
pgloadind   property added ot:inGroupClade "node1121618"
pgloadind   property added ot:tag "Choose me"
pgloadind   property added ot:curatedType "Bayesian consensus. 32 taxa, 1541 loci."
pgloadind Processing tree @id "6495"
pgloadind   tree info number nodes 59
pgloadind   tree info number edges 58
pgloadind   tree info ingroup "node1121742"
pgloadind   Setting ingroup root node.
pgloadind   Ingested tree number of external nodes 29
pgloadind   property added ot:studyPublicationReference "John E. McCormack, Michael G. Harvey, Brant C. Faircloth, Nicholas G. Crawford, Travis C. Glenn, Robb T. Brumfield. 2013. A phylogeny of birds based on over 1,500 loci collected by target enrichment and high-throughput sequencing. PLoS ONE 8 (1): e54848."
pgloadind   property added ot:studyPublication "http://dx.doi.org/10.1371/journal.pone.0054848"
pgloadind   property added ot:curatorName "Joseph Brown"
pgloadind   property added ot:studyId "2797"
pgloadind   property added ot:studyYear "2013"
pgloadind   property added ot:tag "ingroup added;"
pgloadind   property added ot:branchLengthMode "ot:substitutionCount"
pgloadind   property added ot:inGroupClade "node1121742"
pgloadind   property added ot:curatedType "Bayesian consensus. 29 taxa, 416 loci."
loading a specific tree: 6493
skipping tree: 6495
pgloadind conducting TNRS on trees
pgloadind   name fixing on tree tree id "6493"
pgloadind   all nodes have ottIds
pgloadind   postpruning newick tree "(Psophia_crepitans,(Phegornis_mitchellii,(((Opisthocomus_hoazin,((Nyctibius_grandis,Colibri_coruscans),(Phaethon_rubricauda,Eurypyga_helias))),((Ardeotis_kori,Tauraco_erythrolophus),((Phoenicopterus_chilensis,Podiceps_auritus),(Treron_vernans,Pterocles_exustus)))),((Gavia_immer,((Eudyptula_minor,Oceanites_oceanicus),(Phalacrocorax_carbo,(Scopus_umbretta,Balaeniceps_rex)))),((Urocolius_indicus,(Micrastur_semitorquatus,(Psittacula_alexandri,(Hydrornis_guajana,Vidua_macroura)))),((Gampsonyx_swainsonii,Cathartes_aura),(Tyto_alba,(Trogon_personatus,(Momotus_momota,(Rhinopomastus_cyanomelas,(Zanclostomus_javanicus,Megalaima_virens)))))))))))"
pgloadind   taxon mapping summary
pgloadind     taxon mapping OTT ID 915643 taxonomy "Psophia crepitans->Psophia->Psophiidae->Gruiformes->Neognathae->Aves->Coelurosauria->Theropoda->Saurischia->Dinosauria->Archosauria->Testudines + Archosauria group->Sauria->Sauropsida->Amniota->Tetrapoda->Dipnotetrapodomorpha->Sarcopterygii->Euteleostomi->Teleostomi->Gnathostomata->Vertebrata->Craniata->Chordata->Deuterostomia->Bilateria->Eumetazoa->Metazoa->Holozoa->Opisthokonta->Eukaryota->cellular organisms->life" nexsonid "node1121619"
pgloadind     taxon mapping OTT ID 214792 taxonomy "Phegornis mitchellii->Phegornis->Charadriidae->Charadriiformes->Neognathae->Aves->Coelurosauria->Theropoda->Saurischia->Dinosauria->Archosauria->Testudines + Archosauria group->Sauria->Sauropsida->Amniota->Tetrapoda->Dipnotetrapodomorpha->Sarcopterygii->Euteleostomi->Teleostomi->Gnathostomata->Vertebrata->Craniata->Chordata->Deuterostomia->Bilateria->Eumetazoa->Metazoa->Holozoa->Opisthokonta->Eukaryota->cellular organisms->life" nexsonid "node1121621"
pgloadind     taxon mapping OTT ID 928360 taxonomy "Opisthocomus hoazin->Opisthocomus->Opisthocomidae->Opisthocomiformes->Neognathae->Aves->Coelurosauria->Theropoda->Saurischia->Dinosauria->Archosauria->Testudines + Archosauria group->Sauria->Sauropsida->Amniota->Tetrapoda->Dipnotetrapodomorpha->Sarcopterygii->Euteleostomi->Teleostomi->Gnathostomata->Vertebrata->Craniata->Chordata->Deuterostomia->Bilateria->Eumetazoa->Metazoa->Holozoa->Opisthokonta->Eukaryota->cellular organisms->life" nexsonid "node1121625"
pgloadind     taxon mapping OTT ID 178249 taxonomy "Nyctibius grandis->Nyctibius->Nyctibiidae->Caprimulgiformes->Neognathae->Aves->Coelurosauria->Theropoda->Saurischia->Dinosauria->Archosauria->Testudines + Archosauria group->Sauria->Sauropsida->Amniota->Tetrapoda->Dipnotetrapodomorpha->Sarcopterygii->Euteleostomi->Teleostomi->Gnathostomata->Vertebrata->Craniata->Chordata->Deuterostomia->Bilateria->Eumetazoa->Metazoa->Holozoa->Opisthokonta->Eukaryota->cellular organisms->life" nexsonid "node1121628"
pgloadind     taxon mapping OTT ID 804120 taxonomy "Colibri coruscans->Colibri->Trochilidae->Trochiliformes->Neognathae->Aves->Coelurosauria->Theropoda->Saurischia->Dinosauria->Archosauria->Testudines + Archosauria group->Sauria->Sauropsida->Amniota->Tetrapoda->Dipnotetrapodomorpha->Sarcopterygii->Euteleostomi->Teleostomi->Gnathostomata->Vertebrata->Craniata->Chordata->Deuterostomia->Bilateria->Eumetazoa->Metazoa->Holozoa->Opisthokonta->Eukaryota->cellular organisms->life" nexsonid "node1121629"
pgloadind     taxon mapping OTT ID 509057 taxonomy "Phaethon rubricauda->Phaethon->Phaethontidae->Pelecaniformes->Neognathae->Aves->Coelurosauria->Theropoda->Saurischia->Dinosauria->Archosauria->Testudines + Archosauria group->Sauria->Sauropsida->Amniota->Tetrapoda->Dipnotetrapodomorpha->Sarcopterygii->Euteleostomi->Teleostomi->Gnathostomata->Vertebrata->Craniata->Chordata->Deuterostomia->Bilateria->Eumetazoa->Metazoa->Holozoa->Opisthokonta->Eukaryota->cellular organisms->life" nexsonid "node1121631"
pgloadind     taxon mapping OTT ID 86680 taxonomy "Eurypyga helias->Eurypyga->Eurypygidae->Gruiformes->Neognathae->Aves->Coelurosauria->Theropoda->Saurischia->Dinosauria->Archosauria->Testudines + Archosauria group->Sauria->Sauropsida->Amniota->Tetrapoda->Dipnotetrapodomorpha->Sarcopterygii->Euteleostomi->Teleostomi->Gnathostomata->Vertebrata->Craniata->Chordata->Deuterostomia->Bilateria->Eumetazoa->Metazoa->Holozoa->Opisthokonta->Eukaryota->cellular organisms->life" nexsonid "node1121632"
pgloadind     taxon mapping OTT ID 521837 taxonomy "Ardeotis kori->Ardeotis->Otididae->Gruiformes->Neognathae->Aves->Coelurosauria->Theropoda->Saurischia->Dinosauria->Archosauria->Testudines + Archosauria group->Sauria->Sauropsida->Amniota->Tetrapoda->Dipnotetrapodomorpha->Sarcopterygii->Euteleostomi->Teleostomi->Gnathostomata->Vertebrata->Craniata->Chordata->Deuterostomia->Bilateria->Eumetazoa->Metazoa->Holozoa->Opisthokonta->Eukaryota->cellular organisms->life" nexsonid "node1121635"
pgloadind     taxon mapping OTT ID 487306 taxonomy "Tauraco erythrolophus->Tauraco->Musophagidae->Musophagiformes->Neognathae->Aves->Coelurosauria->Theropoda->Saurischia->Dinosauria->Archosauria->Testudines + Archosauria group->Sauria->Sauropsida->Amniota->Tetrapoda->Dipnotetrapodomorpha->Sarcopterygii->Euteleostomi->Teleostomi->Gnathostomata->Vertebrata->Craniata->Chordata->Deuterostomia->Bilateria->Eumetazoa->Metazoa->Holozoa->Opisthokonta->Eukaryota->cellular organisms->life" nexsonid "node1121636"
pgloadind     taxon mapping OTT ID 960220 taxonomy "Phoenicopterus chilensis->Phoenicopterus->Phoenicopteridae->Phoenicopteriformes->Neognathae->Aves->Coelurosauria->Theropoda->Saurischia->Dinosauria->Archosauria->Testudines + Archosauria group->Sauria->Sauropsida->Amniota->Tetrapoda->Dipnotetrapodomorpha->Sarcopterygii->Euteleostomi->Teleostomi->Gnathostomata->Vertebrata->Craniata->Chordata->Deuterostomia->Bilateria->Eumetazoa->Metazoa->Holozoa->Opisthokonta->Eukaryota->cellular organisms->life" nexsonid "node1121639"
pgloadind     taxon mapping OTT ID 726164 taxonomy "Podiceps auritus->Podiceps->Podicipedidae->Podicipediformes->Neognathae->Aves->Coelurosauria->Theropoda->Saurischia->Dinosauria->Archosauria->Testudines + Archosauria group->Sauria->Sauropsida->Amniota->Tetrapoda->Dipnotetrapodomorpha->Sarcopterygii->Euteleostomi->Teleostomi->Gnathostomata->Vertebrata->Craniata->Chordata->Deuterostomia->Bilateria->Eumetazoa->Metazoa->Holozoa->Opisthokonta->Eukaryota->cellular organisms->life" nexsonid "node1121640"
pgloadind     taxon mapping OTT ID 329083 taxonomy "Treron vernans->Treron->Columbidae->Columbiformes->Neognathae->Aves->Coelurosauria->Theropoda->Saurischia->Dinosauria->Archosauria->Testudines + Archosauria group->Sauria->Sauropsida->Amniota->Tetrapoda->Dipnotetrapodomorpha->Sarcopterygii->Euteleostomi->Teleostomi->Gnathostomata->Vertebrata->Craniata->Chordata->Deuterostomia->Bilateria->Eumetazoa->Metazoa->Holozoa->Opisthokonta->Eukaryota->cellular organisms->life" nexsonid "node1121642"
pgloadind     taxon mapping OTT ID 837657 taxonomy "Pterocles exustus->Pterocles->Pteroclidae->Ciconiiformes->Neognathae->Aves->Coelurosauria->Theropoda->Saurischia->Dinosauria->Archosauria->Testudines + Archosauria group->Sauria->Sauropsida->Amniota->Tetrapoda->Dipnotetrapodomorpha->Sarcopterygii->Euteleostomi->Teleostomi->Gnathostomata->Vertebrata->Craniata->Chordata->Deuterostomia->Bilateria->Eumetazoa->Metazoa->Holozoa->Opisthokonta->Eukaryota->cellular organisms->life" nexsonid "node1121643"
pgloadind     taxon mapping OTT ID 1057518 taxonomy "Gavia immer->Gavia->Gaviidae->Gaviiformes->Neognathae->Aves->Coelurosauria->Theropoda->Saurischia->Dinosauria->Archosauria->Testudines + Archosauria group->Sauria->Sauropsida->Amniota->Tetrapoda->Dipnotetrapodomorpha->Sarcopterygii->Euteleostomi->Teleostomi->Gnathostomata->Vertebrata->Craniata->Chordata->Deuterostomia->Bilateria->Eumetazoa->Metazoa->Holozoa->Opisthokonta->Eukaryota->cellular organisms->life" nexsonid "node1121646"
pgloadind     taxon mapping OTT ID 613299 taxonomy "Eudyptula minor->Eudyptula->Spheniscidae->Sphenisciformes->Neognathae->Aves->Coelurosauria->Theropoda->Saurischia->Dinosauria->Archosauria->Testudines + Archosauria group->Sauria->Sauropsida->Amniota->Tetrapoda->Dipnotetrapodomorpha->Sarcopterygii->Euteleostomi->Teleostomi->Gnathostomata->Vertebrata->Craniata->Chordata->Deuterostomia->Bilateria->Eumetazoa->Metazoa->Holozoa->Opisthokonta->Eukaryota->cellular organisms->life" nexsonid "node1121649"
pgloadind     taxon mapping OTT ID 656591 taxonomy "Oceanites oceanicus->Oceanites->Hydrobatidae->Procellariiformes->Neognathae->Aves->Coelurosauria->Theropoda->Saurischia->Dinosauria->Archosauria->Testudines + Archosauria group->Sauria->Sauropsida->Amniota->Tetrapoda->Dipnotetrapodomorpha->Sarcopterygii->Euteleostomi->Teleostomi->Gnathostomata->Vertebrata->Craniata->Chordata->Deuterostomia->Bilateria->Eumetazoa->Metazoa->Holozoa->Opisthokonta->Eukaryota->cellular organisms->life" nexsonid "node1121650"
pgloadind     taxon mapping OTT ID 969841 taxonomy "Phalacrocorax carbo->Phalacrocorax->Phalacrocoracidae->Pelecaniformes->Neognathae->Aves->Coelurosauria->Theropoda->Saurischia->Dinosauria->Archosauria->Testudines + Archosauria group->Sauria->Sauropsida->Amniota->Tetrapoda->Dipnotetrapodomorpha->Sarcopterygii->Euteleostomi->Teleostomi->Gnathostomata->Vertebrata->Craniata->Chordata->Deuterostomia->Bilateria->Eumetazoa->Metazoa->Holozoa->Opisthokonta->Eukaryota->cellular organisms->life" nexsonid "node1121652"
pgloadind     taxon mapping OTT ID 464704 taxonomy "Scopus umbretta->Scopus->Scopidae->Ciconiiformes->Neognathae->Aves->Coelurosauria->Theropoda->Saurischia->Dinosauria->Archosauria->Testudines + Archosauria group->Sauria->Sauropsida->Amniota->Tetrapoda->Dipnotetrapodomorpha->Sarcopterygii->Euteleostomi->Teleostomi->Gnathostomata->Vertebrata->Craniata->Chordata->Deuterostomia->Bilateria->Eumetazoa->Metazoa->Holozoa->Opisthokonta->Eukaryota->cellular organisms->life" nexsonid "node1121654"
pgloadind     taxon mapping OTT ID 464697 taxonomy "Balaeniceps rex->Balaeniceps->Balaenicipitidae->Ciconiiformes->Neognathae->Aves->Coelurosauria->Theropoda->Saurischia->Dinosauria->Archosauria->Testudines + Archosauria group->Sauria->Sauropsida->Amniota->Tetrapoda->Dipnotetrapodomorpha->Sarcopterygii->Euteleostomi->Teleostomi->Gnathostomata->Vertebrata->Craniata->Chordata->Deuterostomia->Bilateria->Eumetazoa->Metazoa->Holozoa->Opisthokonta->Eukaryota->cellular organisms->life" nexsonid "node1121655"
pgloadind     taxon mapping OTT ID 1094061 taxonomy "Urocolius indicus->Urocolius->Coliidae->Coliiformes->Neognathae->Aves->Coelurosauria->Theropoda->Saurischia->Dinosauria->Archosauria->Testudines + Archosauria group->Sauria->Sauropsida->Amniota->Tetrapoda->Dipnotetrapodomorpha->Sarcopterygii->Euteleostomi->Teleostomi->Gnathostomata->Vertebrata->Craniata->Chordata->Deuterostomia->Bilateria->Eumetazoa->Metazoa->Holozoa->Opisthokonta->Eukaryota->cellular organisms->life" nexsonid "node1121658"
pgloadind     taxon mapping OTT ID 1015189 taxonomy "Micrastur semitorquatus->Micrastur->Falconidae->Falconiformes->Neognathae->Aves->Coelurosauria->Theropoda->Saurischia->Dinosauria->Archosauria->Testudines + Archosauria group->Sauria->Sauropsida->Amniota->Tetrapoda->Dipnotetrapodomorpha->Sarcopterygii->Euteleostomi->Teleostomi->Gnathostomata->Vertebrata->Craniata->Chordata->Deuterostomia->Bilateria->Eumetazoa->Metazoa->Holozoa->Opisthokonta->Eukaryota->cellular organisms->life" nexsonid "node1121660"
pgloadind     taxon mapping OTT ID 753626 taxonomy "Psittacula alexandri->Psittacula->Psittacidae->Psittaciformes->Neognathae->Aves->Coelurosauria->Theropoda->Saurischia->Dinosauria->Archosauria->Testudines + Archosauria group->Sauria->Sauropsida->Amniota->Tetrapoda->Dipnotetrapodomorpha->Sarcopterygii->Euteleostomi->Teleostomi->Gnathostomata->Vertebrata->Craniata->Chordata->Deuterostomia->Bilateria->Eumetazoa->Metazoa->Holozoa->Opisthokonta->Eukaryota->cellular organisms->life" nexsonid "node1121662"
pgloadind     taxon mapping OTT ID 232061 taxonomy "Hydrornis guajana->Hydrornis->Pittidae->Passeriformes->Neognathae->Aves->Coelurosauria->Theropoda->Saurischia->Dinosauria->Archosauria->Testudines + Archosauria group->Sauria->Sauropsida->Amniota->Tetrapoda->Dipnotetrapodomorpha->Sarcopterygii->Euteleostomi->Teleostomi->Gnathostomata->Vertebrata->Craniata->Chordata->Deuterostomia->Bilateria->Eumetazoa->Metazoa->Holozoa->Opisthokonta->Eukaryota->cellular organisms->life" nexsonid "node1121664"
pgloadind     taxon mapping OTT ID 175250 taxonomy "Vidua macroura->Vidua->Viduinae->Estrildidae->Passeroidea->Passeriformes->Neognathae->Aves->Coelurosauria->Theropoda->Saurischia->Dinosauria->Archosauria->Testudines + Archosauria group->Sauria->Sauropsida->Amniota->Tetrapoda->Dipnotetrapodomorpha->Sarcopterygii->Euteleostomi->Teleostomi->Gnathostomata->Vertebrata->Craniata->Chordata->Deuterostomia->Bilateria->Eumetazoa->Metazoa->Holozoa->Opisthokonta->Eukaryota->cellular organisms->life" nexsonid "node1121665"
pgloadind     taxon mapping OTT ID 767826 taxonomy "Gampsonyx swainsonii->Gampsonyx->Accipitrinae->Accipitridae->Falconiformes->Neognathae->Aves->Coelurosauria->Theropoda->Saurischia->Dinosauria->Archosauria->Testudines + Archosauria group->Sauria->Sauropsida->Amniota->Tetrapoda->Dipnotetrapodomorpha->Sarcopterygii->Euteleostomi->Teleostomi->Gnathostomata->Vertebrata->Craniata->Chordata->Deuterostomia->Bilateria->Eumetazoa->Metazoa->Holozoa->Opisthokonta->Eukaryota->cellular organisms->life" nexsonid "node1121668"
pgloadind     taxon mapping OTT ID 9106 taxonomy "Cathartes aura->Cathartes->Cathartidae->Ciconiiformes->Neognathae->Aves->Coelurosauria->Theropoda->Saurischia->Dinosauria->Archosauria->Testudines + Archosauria group->Sauria->Sauropsida->Amniota->Tetrapoda->Dipnotetrapodomorpha->Sarcopterygii->Euteleostomi->Teleostomi->Gnathostomata->Vertebrata->Craniata->Chordata->Deuterostomia->Bilateria->Eumetazoa->Metazoa->Holozoa->Opisthokonta->Eukaryota->cellular organisms->life" nexsonid "node1121669"
pgloadind     taxon mapping OTT ID 1065606 taxonomy "Tyto alba->Tyto->Tytonidae->Strigiformes->Neognathae->Aves->Coelurosauria->Theropoda->Saurischia->Dinosauria->Archosauria->Testudines + Archosauria group->Sauria->Sauropsida->Amniota->Tetrapoda->Dipnotetrapodomorpha->Sarcopterygii->Euteleostomi->Teleostomi->Gnathostomata->Vertebrata->Craniata->Chordata->Deuterostomia->Bilateria->Eumetazoa->Metazoa->Holozoa->Opisthokonta->Eukaryota->cellular organisms->life" nexsonid "node1121671"
pgloadind     taxon mapping OTT ID 284302 taxonomy "Trogon personatus->Trogon->Trogonidae->Trogoniformes->Neognathae->Aves->Coelurosauria->Theropoda->Saurischia->Dinosauria->Archosauria->Testudines + Archosauria group->Sauria->Sauropsida->Amniota->Tetrapoda->Dipnotetrapodomorpha->Sarcopterygii->Euteleostomi->Teleostomi->Gnathostomata->Vertebrata->Craniata->Chordata->Deuterostomia->Bilateria->Eumetazoa->Metazoa->Holozoa->Opisthokonta->Eukaryota->cellular organisms->life" nexsonid "node1121673"
pgloadind     taxon mapping OTT ID 989081 taxonomy "Momotus momota->Momotus->Momotidae->Coraciiformes->Neognathae->Aves->Coelurosauria->Theropoda->Saurischia->Dinosauria->Archosauria->Testudines + Archosauria group->Sauria->Sauropsida->Amniota->Tetrapoda->Dipnotetrapodomorpha->Sarcopterygii->Euteleostomi->Teleostomi->Gnathostomata->Vertebrata->Craniata->Chordata->Deuterostomia->Bilateria->Eumetazoa->Metazoa->Holozoa->Opisthokonta->Eukaryota->cellular organisms->life" nexsonid "node1121675"
pgloadind     taxon mapping OTT ID 49610 taxonomy "Rhinopomastus cyanomelas->Rhinopomastus->Rhinopomastidae->Upupiformes->Neognathae->Aves->Coelurosauria->Theropoda->Saurischia->Dinosauria->Archosauria->Testudines + Archosauria group->Sauria->Sauropsida->Amniota->Tetrapoda->Dipnotetrapodomorpha->Sarcopterygii->Euteleostomi->Teleostomi->Gnathostomata->Vertebrata->Craniata->Chordata->Deuterostomia->Bilateria->Eumetazoa->Metazoa->Holozoa->Opisthokonta->Eukaryota->cellular organisms->life" nexsonid "node1121677"
pgloadind     taxon mapping OTT ID 3604196 taxonomy "Zanclostomus javanicus->Zanclostomus->Cuculidae->Cuculiformes->Neognathae->Aves->Coelurosauria->Theropoda->Saurischia->Dinosauria->Archosauria->Testudines + Archosauria group->Sauria->Sauropsida->Amniota->Tetrapoda->Dipnotetrapodomorpha->Sarcopterygii->Euteleostomi->Teleostomi->Gnathostomata->Vertebrata->Craniata->Chordata->Deuterostomia->Bilateria->Eumetazoa->Metazoa->Holozoa->Opisthokonta->Eukaryota->cellular organisms->life" nexsonid "node1121679"
pgloadind     taxon mapping OTT ID 1019972 taxonomy "Megalaima virens->Megalaima->Megalaimidae->Piciformes->Neognathae->Aves->Coelurosauria->Theropoda->Saurischia->Dinosauria->Archosauria->Testudines + Archosauria group->Sauria->Sauropsida->Amniota->Tetrapoda->Dipnotetrapodomorpha->Sarcopterygii->Euteleostomi->Teleostomi->Gnathostomata->Vertebrata->Craniata->Chordata->Deuterostomia->Bilateria->Eumetazoa->Metazoa->Holozoa->Opisthokonta->Eukaryota->cellular organisms->life" nexsonid "node1121680"
done fixing name
pgloadind Finished with attempts to fix names
pgloadind   Checking for uniqueness of OTT IDs tree id "6493"
pgloadind   Adding tree to graph tree id "6493"
all trees have all taxa: false
	using bipartition technique
attempting to remap tips to deepest exemplified taxa
	Trogon personatus was remapped to 'Trogoniformes' (id=394658)
	Gavia immer was remapped to 'Gaviiformes' (id=387256)
	Eurypyga helias was remapped to 'Eurypygidae' (id=397842)
	Scopus umbretta was remapped to 'Scopidae' (id=392140)
	Colibri coruscans was remapped to 'Trochiliformes' (id=396285)
	Ardeotis kori was remapped to 'Otididae' (id=398354)
	Zanclostomus javanicus was remapped to 'Cuculiformes' (id=387280)
	Tyto alba was remapped to 'Strigiformes' (id=399902)
	Gampsonyx swainsonii was remapped to 'Accipitridae' (id=387864)
	Megalaima virens was remapped to 'Piciformes' (id=392884)
	Phegornis mitchellii was remapped to 'Charadriiformes' (id=389573)
	Tauraco erythrolophus was remapped to 'Musophagiformes' (id=394750)
	Psittacula alexandri was remapped to 'Psittaciformes' (id=398615)
	Phalacrocorax carbo was remapped to 'Phalacrocoracidae' (id=397682)
	Treron vernans was remapped to 'Columbiformes' (id=392154)
	Phoenicopterus chilensis was remapped to 'Phoenicopteriformes' (id=393714)
	Momotus momota was remapped to 'Coraciiformes' (id=397104)
	Eudyptula minor was remapped to 'Sphenisciformes' (id=394462)
	Micrastur semitorquatus was remapped to 'Falconidae' (id=387653)
	Cathartes aura was remapped to 'Cathartidae' (id=391684)
	Oceanites oceanicus was remapped to 'Procellariiformes' (id=393751)
	Rhinopomastus cyanomelas was remapped to 'Upupiformes' (id=395112)
	Psophia crepitans was remapped to 'Psophiidae' (id=398343)
	Opisthocomus hoazin was remapped to 'Opisthocomiformes' (id=397091)
	Nyctibius grandis was remapped to 'Caprimulgiformes' (id=391057)
	Phaethon rubricauda was remapped to 'Phaethontidae' (id=397650)
	Hydrornis guajana was remapped to 'Pittidae' (id=400917)
	Pterocles exustus was remapped to 'Pteroclidae' (id=391591)
	Urocolius indicus was remapped to 'Coliiformes' (id=395146)
	Podiceps auritus was remapped to 'Podicipediformes' (id=394281)
	Balaeniceps rex was remapped to 'Balaenicipitidae' (id=391732)
	Vidua macroura was remapped to 'Passeroidea' (id=403165)
this is the ROOT
placing root in index
Dealing with metadata property: id
Dealing with metadata property: ot:studyPublicationReference
Adding property 'ot:studyPublicationReference': John E. McCormack, Michael G. Harvey, Brant C. Faircloth, Nicholas G. Crawford, Travis C. Glenn, Robb T. Brumfield. 2013. A phylogeny of birds based on over 1,500 loci collected by target enrichment and high-throughput sequencing. PLoS ONE 8 (1): e54848.
Dealing with metadata property: ot:studyYear
Adding property 'ot:studyYear': 2013
Dealing with metadata property: ot:inGroupClade
Adding property 'ot:inGroupClade': node1121618
Dealing with metadata property: ot:tag
Adding property 'ot:tag': Choose me
Dealing with metadata property: ot:branchLengthMode
Adding property 'ot:branchLengthMode': ot:substitutionCount
Dealing with metadata property: ot:curatorName
Adding property 'ot:curatorName': Joseph Brown
Dealing with metadata property: ot:studyPublication
Adding property 'ot:studyPublication': http://dx.doi.org/10.1371/journal.pone.0054848
Dealing with metadata property: ot:curatedType
Adding property 'ot:curatedType': Bayesian consensus. 32 taxa, 1541 loci.
Dealing with metadata property: ot:studyId
Adding property 'ot:studyId': 2797
Committing nodes: 63
{387255}
387256
	adding Node[387256] Gaviiformes 70684 as compatible with Node[387256]
		adding Relationship[8453203]
387280
	adding Node[387280] Cuculiformes 212171 as compatible with Node[387280]
		adding Relationship[8453204]
387653
	adding Node[387653] Falconidae 212186 as compatible with Node[387653]
		adding Relationship[8453205]
	adding Node[387652] Falconiformes 212187 as compatible with Node[387653]
		adding Relationship[8453206]
387864
389573
	adding Node[389573] Charadriiformes 313124 as compatible with Node[389573]
		adding Relationship[8453207]
391057
	adding Node[391057] Caprimulgiformes 313132 as compatible with Node[391057]
		adding Relationship[8453208]
391591
	adding Node[391591] Pteroclidae 244699 as compatible with Node[391591]
		adding Relationship[8453209]
391684
391732
392140
392154
	adding Node[392154] Columbiformes 363030 as compatible with Node[392154]
		adding Relationship[8453210]
392884
	adding Node[392884] Piciformes 472432 as compatible with Node[392884]
		adding Relationship[8453211]
393714
	adding Node[393714] Phoenicopteriformes 472435 as compatible with Node[393714]
		adding Relationship[8453212]
393751
394281
	adding Node[394281] Podicipediformes 452464 as compatible with Node[394281]
		adding Relationship[8453213]
394462
	adding Node[394462] Sphenisciformes 494366 as compatible with Node[394462]
		adding Relationship[8453214]
394658
	adding Node[394658] Trogoniformes 539130 as compatible with Node[394658]
		adding Relationship[8453215]
394750
	adding Node[394750] Musophagiformes 539139 as compatible with Node[394750]
		adding Relationship[8453216]
395112
	adding Node[395112] Upupiformes 815967 as compatible with Node[395112]
		adding Relationship[8453217]
395146
	adding Node[395146] Coliiformes 815970 as compatible with Node[395146]
		adding Relationship[8453218]
396285
397091
	adding Node[397091] Opisthocomiformes 928359 as compatible with Node[397091]
		adding Relationship[8453219]
397104
	adding Node[397104] Coraciiformes 938409 as compatible with Node[397104]
		adding Relationship[8453220]
397650
	adding Node[397650] Phaethontidae 452467 as compatible with Node[397650]
		adding Relationship[8453221]
397682
	adding Node[397682] Phalacrocoracidae 969838 as compatible with Node[397682]
		adding Relationship[8453222]
397842
398343
	adding Node[398343] Psophiidae 915652 as compatible with Node[398343]
		adding Relationship[8453223]
398354
	adding Node[398354] Otididae 966318 as compatible with Node[398354]
		adding Relationship[8453224]
398615
399902
400917
	adding Node[400917] Pittidae 44873 as compatible with Node[400917]
		adding Relationship[8453225]
403165
	adding Node[403165] Passeroidea 176458 as compatible with Node[403165]
		adding Relationship[8453226]
[Node[3573196], Node[3573197], Node[397650], Node[3573199], Node[3573192], Node[394281], Node[3573194], Node[398343], Node[393714], Node[392154], Node[3573190], Node[3573184], Node[394750], Node[3573185], Node[3573186], Node[391591], Node[3573208], Node[394658], Node[387280], Node[403165], Node[395146], Node[398354], Node[3573201], Node[3573200], Node[391057], Node[3573202], Node[397682], Node[389573], Node[400508], Node[397091], Node[387653], Node[400917], Node[387652], Node[3573183], Node[387255], Node[3573181], Node[395112], Node[3573180], Node[392884], Node[387256], Node[397104], Node[394462]]
	Node[3573196]
		adding Relationship[8453227] from Node[3573196] to Node[3573197]
	Node[3573197]
	Node[397650]
		adding Relationship[8453228] from Node[397650] to Node[3573181]
	Node[3573199]
		adding Relationship[8453229] from Node[3573199] to Node[3573200]
	Node[3573192]
	Node[394281]
		adding Relationship[8453230] from Node[394281] to Node[3573185]
		adding Relationship[8453231] from Node[394281] to Node[387255]
	Node[3573194]
	Node[398343]
		adding Relationship[8453232] from Node[398343] to Node[387255]
	Node[393714]
		adding Relationship[8453233] from Node[393714] to Node[3573185]
		adding Relationship[8453234] from Node[393714] to Node[387255]
	Node[392154]
		adding Relationship[8453235] from Node[392154] to Node[3573186]
		adding Relationship[8453236] from Node[392154] to Node[387255]
	Node[3573190]
	Node[3573184]
	Node[394750]
		adding Relationship[8453237] from Node[394750] to Node[3573184]
		adding Relationship[8453238] from Node[394750] to Node[387255]
	Node[3573185]
	Node[3573186]
	Node[391591]
		adding Relationship[8453239] from Node[391591] to Node[3573186]
	Node[3573208]
		adding Relationship[8453240] from Node[3573208] to Node[387255]
	Node[394658]
		adding Relationship[8453241] from Node[394658] to Node[3573202]
		adding Relationship[8453242] from Node[394658] to Node[387255]
	Node[387280]
		adding Relationship[8453243] from Node[387280] to Node[3573199]
		adding Relationship[8453244] from Node[387280] to Node[387255]
	Node[403165]
		adding Relationship[8453245] from Node[403165] to Node[400508]
	Node[395146]
		adding Relationship[8453246] from Node[395146] to Node[3573197]
		adding Relationship[8453247] from Node[395146] to Node[387255]
	Node[398354]
		adding Relationship[8453248] from Node[398354] to Node[3573184]
	Node[3573201]
		adding Relationship[8453249] from Node[3573201] to Node[3573202]
	Node[3573200]
		adding Relationship[8453250] from Node[3573200] to Node[3573201]
	Node[391057]
		adding Relationship[8453251] from Node[391057] to Node[3573180]
		adding Relationship[8453252] from Node[391057] to Node[387255]
	Node[3573202]
	Node[397682]
		adding Relationship[8453253] from Node[397682] to Node[3573192]
	Node[389573]
		adding Relationship[8453254] from Node[389573] to Node[3573208]
		adding Relationship[8453255] from Node[389573] to Node[387255]
	Node[400508]
		adding Relationship[8453256] from Node[400508] to Node[387255]
	Node[397091]
		adding Relationship[8453257] from Node[397091] to Node[3573183]
		adding Relationship[8453258] from Node[397091] to Node[387255]
	Node[387653]
		adding Relationship[8453259] from Node[387653] to Node[3573196]
		adding Relationship[8453260] from Node[387653] to Node[387652]
	Node[400917]
		adding Relationship[8453261] from Node[400917] to Node[400508]
	Node[387652]
		adding Relationship[8453262] from Node[387652] to Node[387255]
	Node[3573183]
	Node[387255]
	Node[3573181]
	Node[395112]
		adding Relationship[8453263] from Node[395112] to Node[3573200]
		adding Relationship[8453264] from Node[395112] to Node[387255]
	Node[3573180]
	Node[392884]
		adding Relationship[8453265] from Node[392884] to Node[3573199]
		adding Relationship[8453266] from Node[392884] to Node[387255]
	Node[387256]
		adding Relationship[8453267] from Node[387256] to Node[3573194]
		adding Relationship[8453268] from Node[387256] to Node[387255]
	Node[397104]
		adding Relationship[8453269] from Node[397104] to Node[3573201]
		adding Relationship[8453270] from Node[397104] to Node[387255]
	Node[394462]
		adding Relationship[8453271] from Node[394462] to Node[3573190]
		adding Relationship[8453272] from Node[394462] to Node[387255]
