pgloadind OTUs number 18
pgloadind Processing tree @id "6501"
pgloadind   tree info number nodes 27
pgloadind   tree info number edges 26
pgloadind   tree info ingroup "node1122103"
pgloadind   Setting ingroup root node.
pgloadind   Ingested tree number of external nodes 10
pgloadind   property added ot:studyPublicationReference "J. Harshman, E. L. Braun, M. J. Braun, C. J. Huddleston, R. C. K. Bowie, J. L. Chojnowski, S. J. Hackett, K.-L. Han, R. T. Kimball, B. D. Marks, K. J. Miglia, W. S. Moore, S. Reddy, F. H. Sheldon, D. W. Steadman, S. J. Steppan, C. C. Witt, T. Yuri. 2008. Phylogenomic evidence for multiple losses of flight in ratite birds. Proceedings of the National Academy of Sciences 105(36):13462-13467."
pgloadind   property added ot:studyPublication "http://dx.doi.org/10.1073/pnas.0803242105"
pgloadind   property added ot:curatorName "Joseph Brown"
pgloadind   property added ot:dataDeposit "http://purl.org/phylo/treebase/phylows/study/TB2:S2134"
pgloadind   property added ot:studyId "2800"
pgloadind   property added ot:studyYear "2008"
pgloadind   property added ot:inGroupClade "node1122103"
pgloadind   property added ot:curatedType "Figure 1: Bayesian + ML topology (20-gene, 24-kb nuclear DNA)"
pgloadind Processing tree @id "6502"
pgloadind   tree info number nodes 35
pgloadind   tree info number edges 34
pgloadind   tree info ingroup "node1122134"
pgloadind   Setting ingroup root node.
pgloadind   Ingested tree number of external nodes 10
pgloadind   property added ot:studyPublicationReference "J. Harshman, E. L. Braun, M. J. Braun, C. J. Huddleston, R. C. K. Bowie, J. L. Chojnowski, S. J. Hackett, K.-L. Han, R. T. Kimball, B. D. Marks, K. J. Miglia, W. S. Moore, S. Reddy, F. H. Sheldon, D. W. Steadman, S. J. Steppan, C. C. Witt, T. Yuri. 2008. Phylogenomic evidence for multiple losses of flight in ratite birds. Proceedings of the National Academy of Sciences 105(36):13462-13467."
pgloadind   property added ot:studyPublication "http://dx.doi.org/10.1073/pnas.0803242105"
pgloadind   property added ot:curatorName "Joseph Brown"
pgloadind   property added ot:dataDeposit "http://purl.org/phylo/treebase/phylows/study/TB2:S2134"
pgloadind   property added ot:studyId "2800"
pgloadind   property added ot:studyYear "2008"
pgloadind   property added ot:inGroupClade "node1122134"
pgloadind   property added ot:curatedType "Figure 2: Bayesian + ML topology (4,668 bp)"
loading a specific tree: 6502
skipping tree: 6501
pgloadind conducting TNRS on trees
pgloadind   name fixing on tree tree id "6502"
pgloadind   all nodes have ottIds
pgloadind   postpruning newick tree "((((Casuarius_casuarius,Dromaius_novaehollandiae),Apteryx_australis),((Rhea_americana,Pterocnemia_pennata),((Crypturellus_soui,Tinamus_guttatus),(Nothoprocta_perdicaria,Eudromia_elegans)))),Struthio_camelus)"
pgloadind   taxon mapping summary
pgloadind     taxon mapping OTT ID 589152 taxonomy "Casuarius casuarius->Casuarius->Casuariidae->Casuariiformes->Palaeognathae->Aves->Coelurosauria->Theropoda->Saurischia->Dinosauria->Archosauria->Testudines + Archosauria group->Sauria->Sauropsida->Amniota->Tetrapoda->Dipnotetrapodomorpha->Sarcopterygii->Euteleostomi->Teleostomi->Gnathostomata->Vertebrata->Craniata->Chordata->Deuterostomia->Bilateria->Eumetazoa->Metazoa->Holozoa->Opisthokonta->Eukaryota->cellular organisms->life" nexsonid "node1122138"
pgloadind     taxon mapping OTT ID 829513 taxonomy "Dromaius novaehollandiae->Dromaius->Dromaiidae->Casuariiformes->Palaeognathae->Aves->Coelurosauria->Theropoda->Saurischia->Dinosauria->Archosauria->Testudines + Archosauria group->Sauria->Sauropsida->Amniota->Tetrapoda->Dipnotetrapodomorpha->Sarcopterygii->Euteleostomi->Teleostomi->Gnathostomata->Vertebrata->Craniata->Chordata->Deuterostomia->Bilateria->Eumetazoa->Metazoa->Holozoa->Opisthokonta->Eukaryota->cellular organisms->life" nexsonid "node1122139"
pgloadind     taxon mapping OTT ID 241834 taxonomy "Apteryx australis->Apteryx->Apterygidae->Apterygiformes->Palaeognathae->Aves->Coelurosauria->Theropoda->Saurischia->Dinosauria->Archosauria->Testudines + Archosauria group->Sauria->Sauropsida->Amniota->Tetrapoda->Dipnotetrapodomorpha->Sarcopterygii->Euteleostomi->Teleostomi->Gnathostomata->Vertebrata->Craniata->Chordata->Deuterostomia->Bilateria->Eumetazoa->Metazoa->Holozoa->Opisthokonta->Eukaryota->cellular organisms->life" nexsonid "node1122140"
pgloadind     taxon mapping OTT ID 857864 taxonomy "Rhea americana->Rhea->Rheidae->Rheiformes->Palaeognathae->Aves->Coelurosauria->Theropoda->Saurischia->Dinosauria->Archosauria->Testudines + Archosauria group->Sauria->Sauropsida->Amniota->Tetrapoda->Dipnotetrapodomorpha->Sarcopterygii->Euteleostomi->Teleostomi->Gnathostomata->Vertebrata->Craniata->Chordata->Deuterostomia->Bilateria->Eumetazoa->Metazoa->Holozoa->Opisthokonta->Eukaryota->cellular organisms->life" nexsonid "node1122143"
pgloadind     taxon mapping OTT ID 857860 taxonomy "Pterocnemia pennata->Pterocnemia->Rheidae->Rheiformes->Palaeognathae->Aves->Coelurosauria->Theropoda->Saurischia->Dinosauria->Archosauria->Testudines + Archosauria group->Sauria->Sauropsida->Amniota->Tetrapoda->Dipnotetrapodomorpha->Sarcopterygii->Euteleostomi->Teleostomi->Gnathostomata->Vertebrata->Craniata->Chordata->Deuterostomia->Bilateria->Eumetazoa->Metazoa->Holozoa->Opisthokonta->Eukaryota->cellular organisms->life" nexsonid "node1122144"
pgloadind     taxon mapping OTT ID 960236 taxonomy "Crypturellus soui->Crypturellus->Tinamidae->Tinamiformes->Palaeognathae->Aves->Coelurosauria->Theropoda->Saurischia->Dinosauria->Archosauria->Testudines + Archosauria group->Sauria->Sauropsida->Amniota->Tetrapoda->Dipnotetrapodomorpha->Sarcopterygii->Euteleostomi->Teleostomi->Gnathostomata->Vertebrata->Craniata->Chordata->Deuterostomia->Bilateria->Eumetazoa->Metazoa->Holozoa->Opisthokonta->Eukaryota->cellular organisms->life" nexsonid "node1122147"
pgloadind     taxon mapping OTT ID 306216 taxonomy "Tinamus guttatus->Tinamus->Tinamidae->Tinamiformes->Palaeognathae->Aves->Coelurosauria->Theropoda->Saurischia->Dinosauria->Archosauria->Testudines + Archosauria group->Sauria->Sauropsida->Amniota->Tetrapoda->Dipnotetrapodomorpha->Sarcopterygii->Euteleostomi->Teleostomi->Gnathostomata->Vertebrata->Craniata->Chordata->Deuterostomia->Bilateria->Eumetazoa->Metazoa->Holozoa->Opisthokonta->Eukaryota->cellular organisms->life" nexsonid "node1122148"
pgloadind     taxon mapping OTT ID 402446 taxonomy "Nothoprocta perdicaria->Nothoprocta->Tinamidae->Tinamiformes->Palaeognathae->Aves->Coelurosauria->Theropoda->Saurischia->Dinosauria->Archosauria->Testudines + Archosauria group->Sauria->Sauropsida->Amniota->Tetrapoda->Dipnotetrapodomorpha->Sarcopterygii->Euteleostomi->Teleostomi->Gnathostomata->Vertebrata->Craniata->Chordata->Deuterostomia->Bilateria->Eumetazoa->Metazoa->Holozoa->Opisthokonta->Eukaryota->cellular organisms->life" nexsonid "node1122150"
pgloadind     taxon mapping OTT ID 292461 taxonomy "Eudromia elegans->Eudromia->Tinamidae->Tinamiformes->Palaeognathae->Aves->Coelurosauria->Theropoda->Saurischia->Dinosauria->Archosauria->Testudines + Archosauria group->Sauria->Sauropsida->Amniota->Tetrapoda->Dipnotetrapodomorpha->Sarcopterygii->Euteleostomi->Teleostomi->Gnathostomata->Vertebrata->Craniata->Chordata->Deuterostomia->Bilateria->Eumetazoa->Metazoa->Holozoa->Opisthokonta->Eukaryota->cellular organisms->life" nexsonid "node1122151"
pgloadind     taxon mapping OTT ID 647692 taxonomy "Struthio camelus->Struthio->Struthionidae->Struthioniformes->Palaeognathae->Aves->Coelurosauria->Theropoda->Saurischia->Dinosauria->Archosauria->Testudines + Archosauria group->Sauria->Sauropsida->Amniota->Tetrapoda->Dipnotetrapodomorpha->Sarcopterygii->Euteleostomi->Teleostomi->Gnathostomata->Vertebrata->Craniata->Chordata->Deuterostomia->Bilateria->Eumetazoa->Metazoa->Holozoa->Opisthokonta->Eukaryota->cellular organisms->life" nexsonid "node1122152"
done fixing name
pgloadind Finished with attempts to fix names
pgloadind   Checking for uniqueness of OTT IDs tree id "6502"
pgloadind   Adding tree to graph tree id "6502"
all trees have all taxa: false
	using bipartition technique
attempting to remap tips to deepest exemplified taxa
	Apteryx australis was remapped to 'Apterygiformes' (id=387201)
	Nothoprocta perdicaria was remapped to 'Nothoprocta' (id=387043)
	Pterocnemia pennata was remapped to 'Pterocnemia' (id=387182)
	Eudromia elegans was remapped to 'Eudromia' (id=387037)
	Dromaius novaehollandiae was remapped to 'Dromaiidae' (id=386981)
	Casuarius casuarius was remapped to 'Casuariidae' (id=387012)
	Tinamus guttatus was remapped to 'Tinamus' (id=387060)
	Rhea americana was remapped to 'Rhea' (id=387190)
	Crypturellus soui was remapped to 'Crypturellus' (id=387073)
	Struthio camelus was remapped to 'Struthioniformes' (id=387222)
this is the ROOT
placing root in index
Dealing with metadata property: id
Dealing with metadata property: ot:studyPublicationReference
Adding property 'ot:studyPublicationReference': J. Harshman, E. L. Braun, M. J. Braun, C. J. Huddleston, R. C. K. Bowie, J. L. Chojnowski, S. J. Hackett, K.-L. Han, R. T. Kimball, B. D. Marks, K. J. Miglia, W. S. Moore, S. Reddy, F. H. Sheldon, D. W. Steadman, S. J. Steppan, C. C. Witt, T. Yuri. 2008. Phylogenomic evidence for multiple losses of flight in ratite birds. Proceedings of the National Academy of Sciences 105(36):13462-13467.
Dealing with metadata property: ot:studyYear
Adding property 'ot:studyYear': 2008
Dealing with metadata property: ot:inGroupClade
Adding property 'ot:inGroupClade': node1122134
Dealing with metadata property: ot:curatorName
Adding property 'ot:curatorName': Joseph Brown
Dealing with metadata property: ot:studyPublication
Adding property 'ot:studyPublication': http://dx.doi.org/10.1073/pnas.0803242105
Dealing with metadata property: ot:curatedType
Adding property 'ot:curatedType': Figure 2: Bayesian + ML topology (4,668 bp)
Dealing with metadata property: ot:studyId
Adding property 'ot:studyId': 2800
Dealing with metadata property: ot:dataDeposit
Adding property 'ot:dataDeposit': http://purl.org/phylo/treebase/phylows/study/TB2:S2134
Committing nodes: 19
{386979}
386981
	adding Node[386981] Dromaiidae 283194 as compatible with Node[386981]
		adding Relationship[8453064]
387012
	adding Node[387012] Casuariidae 589161 as compatible with Node[387012]
		adding Relationship[8453065]
387037
	adding Node[387037] Eudromia 292460 as compatible with Node[387037]
		adding Relationship[8453066]
	adding Node[387034] Tinamiformes 292467 as compatible with Node[387036]
		adding Relationship[8453067]
387043
	adding Node[387043] Nothoprocta 292463 as compatible with Node[387043]
		adding Relationship[8453068]
387060
	adding Node[387060] Tinamus 402450 as compatible with Node[387060]
		adding Relationship[8453069]
387073
387182
	adding Node[387182] Pterocnemia 745450 as compatible with Node[387182]
		adding Relationship[8453070]
	adding Node[387178] Rheiformes 829553 as compatible with Node[387180]
		adding Relationship[8453071]
387190
	adding Node[387190] Rhea 857863 as compatible with Node[387190]
		adding Relationship[8453072]
387201
387222
[Node[387180], Node[387182], Node[387178], Node[387043], Node[386980], Node[386981], Node[387012], Node[387034], Node[387037], Node[3573183], Node[3573182], Node[3573181], Node[387190], Node[387060]]
	Node[387180]
		adding Relationship[8453073] from Node[387180] to Node[3573183]
		adding Relationship[8453074] from Node[387180] to Node[387178]
	Node[387182]
		adding Relationship[8453075] from Node[387182] to Node[387180]
	Node[387178]
	Node[387043]
		adding Relationship[8453076] from Node[387043] to Node[3573182]
	Node[386980]
	Node[386981]
		adding Relationship[8453077] from Node[386981] to Node[386980]
	Node[387012]
		adding Relationship[8453078] from Node[387012] to Node[386980]
	Node[387034]
	Node[387037]
		adding Relationship[8453079] from Node[387037] to Node[3573182]
	Node[3573183]
	Node[3573182]
	Node[3573181]
	Node[387190]
		adding Relationship[8453080] from Node[387190] to Node[387180]
	Node[387060]
		adding Relationship[8453081] from Node[387060] to Node[3573181]
