pgloadind OTUs number 80
pgloadind Processing tree @id "6551"
pgloadind   tree info number nodes 156
pgloadind   tree info number edges 155
pgloadind   tree info ingroup "node1136868"
pgloadind   Setting ingroup root node.
pgloadind   Ingested tree number of external nodes 75
pgloadind   property added ot:studyPublicationReference "Rota-Stabelli, O., Lartillot, N., Philippe, H., and Pisani, D. 2013. Serine codon-usage bias in deep phylogenomics: Pancrustacean relationships as a case study. Systematic Biology 62 (1): 121-133."
pgloadind   property added ot:studyPublication "http://dx.doi.org/10.1093/sysbio/sys077"
pgloadind   property added ot:curatorName "Joseph Brown"
pgloadind   property added ot:studyId "2814"
pgloadind   property added ot:studyYear "2013"
pgloadind   property added ot:focalClade "2725022"
pgloadind   property added ot:focalCladeOTTTaxonName "Pancrustacea"
pgloadind   property added ot:branchLengthMode "ot:substitutionCount"
pgloadind   property added ot:inGroupClade "node1136868"
pgloadind   property added ot:tag "ingroup added;"
pgloadind   property added ot:curatedType "Fig. S1 aaCAT tree"
loading a specific tree: 6551
pgloadind conducting TNRS on trees
pgloadind   name fixing on tree tree id "6551"
pgloadind     OTT ID missing name "Prodoxus quinquepunctella" nexsonid "node1136882"
pgloadind     OTT ID missing name "Libellula lydia" nexsonid "node1136890"
pgloadind     OTT ID missing name "Tomocerus sp." nexsonid "node1136904"
pgloadind     OTT ID missing name "Lynceus sp." nexsonid "node1136918"
pgloadind     OTT ID missing name "Argulus sp." nexsonid "node1136953"
pgloadind     OTT ID missing name "Scutigerella sp." nexsonid "node1136966"
pgloadind     OTT ID missing name "Hanseniella sp." nexsonid "node1136967"
pgloadind     OTT ID missing name "Leiobunum nigripes" nexsonid "node1136994"
pgloadind     OTT ID missing name "Amblyomma sp." nexsonid "node1136995"
pgloadind     OTT ID missing name "Colossendeis sp." nexsonid "node1137009"
pgloadind   TNRS unmatched total number 4
874624 jade.tree.JadeNode@11016d2b
pgloadind     TNRS resolved ottId OTT ID 874624 name "Plathemis lydia" searched on "Libellula lydia"nexsonid "node1136890"
411901 jade.tree.JadeNode@74a62ac5
pgloadind     TNRS resolved ottId OTT ID 411901 name "Colossendeis sp." searched on "Colossendeis sp."nexsonid "node1137009"
900552 jade.tree.JadeNode@49422757
pgloadind     TNRS resolved ottId OTT ID 900552 name "Leiobunum verrucosum" searched on "Leiobunum nigripes"nexsonid "node1136994"
531248 jade.tree.JadeNode@1624e654
pgloadind     TNRS resolved ottId OTT ID 531248 name "Prodoxus quinquepunctellus" searched on "Prodoxus quinquepunctella"nexsonid "node1136882"
pgloadind     pruning unmapped name "Hanseniella sp." nexsonid "node1136967"
pgloadind     pruning unmapped name "Lynceus sp." nexsonid "node1136918"
pgloadind     pruning unmapped name "Tomocerus sp." nexsonid "node1136904"
pgloadind     pruning unmapped name "Argulus sp." nexsonid "node1136953"
pgloadind     pruning unmapped name "Scutigerella sp." nexsonid "node1136966"
pgloadind     pruning unmapped name "Amblyomma sp." nexsonid "node1136995"
pgloadind     OTT ID not in database (probably dubious)
pgloadind       dubious name "Nicoletia meinerti" nexsonid "node1136896"
pgloadind       dubious OTT ID 37390
pgloadind     OTT ID not in database (probably dubious)
pgloadind       dubious name "Colossendeis sp." nexsonid "node1137009"
pgloadind       dubious OTT ID 411901
pgloadind     pruning dups and overlapping name "Nicoletia meinerti" nexsonid "node1136896"
pgloadind     pruning dups and overlapping name "Colossendeis sp." nexsonid "node1137009"
pgloadind   postpruning newick tree "((((((((((((Cydia_pomonella,Antheraea_paukstadtorum),Prodoxus_quinquepunctella),((Periplaneta_americana,Acheta_domesticus),Forficula_auricularia)),((Libellula_lydia,Ischnura_verticalis),(Hexagenia_limbata,Ephemerella_inconstans))),Ctenolepisma_lineata),(Pedetontus_saltator,Machiloides_banksi)),((Podura_aquatica,Orchesella_imitari),(Metajapyx_subterraneus,Eumesocampa_frigilis))),Speleonectes_tulumensis),(((Triops_longicaudatus,(Limnadia_lenticularis,Daphnia_magna)),(Streptocephalus_seali,Artemia_salina)),((Acanthocyclops_vernalis,Mesocyclops_edax),Eurytemora_affinis))),((((((Chthamalus_fragilis,Semibalanus_balanoides),Lepas_anserifera),Loxothylacus_texanus),(((Libinia_emarginata,Armadillidium_vulgare),Neogonodactylus_oerstedii),Nebalia_hessleri)),(((Skogsbergia_lerneri,Harbansus_paucichelatus),Cypridopsis_vidua,Derocheilocaris_typicus),Armillifer_armillatus)),Hutchinsoniella_macracantha)),((((Scolopendra_polymorpha,Lithobius_forficatus),Craterostigmus_tasmanianus),Scutigera_coleoptrata),Eurypauropus_spinosus,(((Polyzonium_germanicum,Abacion_magnum),Narceus_americanus),Polyxenus_fasciculatus))),(((((((((Stenochrus_portoricensis,Mastigoproctus_giganteus),Phrynus_marginemaculatus),Aphonopelma_chalcodes),(Heterometrus_spinifer,Hadrurus_arizonensis)),Idiogaryops_pumilis),Leiobunum_nigripes),((Eremocosta_gigasella,Dinothrombium_pandorae),(Prokoenenia_wheeleri,Cryptocellus_centralis))),(Limulus_polyphemus,Carcinoscorpius_rotundicauda)),((Tanystylum_orbiculare,Achelia_echinata),Ammothea_hilgendorfi,Endeis_laevis)))"
pgloadind   taxon mapping summary
pgloadind     taxon mapping OTT ID 819146 taxonomy "Cydia pomonella->Cydia->Grapholitini->Olethreutinae->Tortricidae->Tortricoidea->Apoditrysia->Ditrysia->Heteroneura->Neolepidoptera->Glossata->Lepidoptera->Amphiesmenoptera->Endopterygota->Neoptera->Pterygota->Dicondylia->Insecta->Hexapoda->Pancrustacea->Mandibulata->Arthropoda->Panarthropoda->Ecdysozoa->Protostomia->Bilateria->Eumetazoa->Metazoa->Holozoa->Opisthokonta->Eukaryota->cellular organisms->life" nexsonid "node1136880"
pgloadind     taxon mapping OTT ID 231734 taxonomy "Antheraea paukstadtorum->Antheraea->Saturniini->Saturniinae->Saturniidae->Saturniiformes->Bombycoidea->Obtectomera->Ditrysia->Heteroneura->Neolepidoptera->Glossata->Lepidoptera->Amphiesmenoptera->Endopterygota->Neoptera->Pterygota->Dicondylia->Insecta->Hexapoda->Pancrustacea->Mandibulata->Arthropoda->Panarthropoda->Ecdysozoa->Protostomia->Bilateria->Eumetazoa->Metazoa->Holozoa->Opisthokonta->Eukaryota->cellular organisms->life" nexsonid "node1136881"
pgloadind     taxon mapping OTT ID 531248 taxonomy "Prodoxus quinquepunctellus->Prodoxus->Prodoxidae->Incurvarioidea->Heteroneura->Neolepidoptera->Glossata->Lepidoptera->Amphiesmenoptera->Endopterygota->Neoptera->Pterygota->Dicondylia->Insecta->Hexapoda->Pancrustacea->Mandibulata->Arthropoda->Panarthropoda->Ecdysozoa->Protostomia->Bilateria->Eumetazoa->Metazoa->Holozoa->Opisthokonta->Eukaryota->cellular organisms->life" nexsonid "node1136882"
pgloadind     taxon mapping OTT ID 48288 taxonomy "Periplaneta americana->Periplaneta->Blattinae->Blattidae->Blattoidea->Blattodea->Dictyoptera->Orthopteroidea->Neoptera->Pterygota->Dicondylia->Insecta->Hexapoda->Pancrustacea->Mandibulata->Arthropoda->Panarthropoda->Ecdysozoa->Protostomia->Bilateria->Eumetazoa->Metazoa->Holozoa->Opisthokonta->Eukaryota->cellular organisms->life" nexsonid "node1136885"
pgloadind     taxon mapping OTT ID 1077640 taxonomy "Acheta domesticus->Acheta->Gryllinae->Gryllidae->Grylloidea->Ensifera->Orthoptera->Orthopteroidea->Neoptera->Pterygota->Dicondylia->Insecta->Hexapoda->Pancrustacea->Mandibulata->Arthropoda->Panarthropoda->Ecdysozoa->Protostomia->Bilateria->Eumetazoa->Metazoa->Holozoa->Opisthokonta->Eukaryota->cellular organisms->life" nexsonid "node1136886"
pgloadind     taxon mapping OTT ID 673084 taxonomy "Forficula auricularia->auricularia species complex->Forficula->Forficulidae->Forficuloidea->Forficulina->Dermaptera->Orthopteroidea->Neoptera->Pterygota->Dicondylia->Insecta->Hexapoda->Pancrustacea->Mandibulata->Arthropoda->Panarthropoda->Ecdysozoa->Protostomia->Bilateria->Eumetazoa->Metazoa->Holozoa->Opisthokonta->Eukaryota->cellular organisms->life" nexsonid "node1136887"
pgloadind     taxon mapping OTT ID 874624 taxonomy "Plathemis lydia->Plathemis->Libellulidae->Cavilabiata->Anisoptera->Anisoptera/Anisozygoptera group->Odonata->Palaeoptera->Pterygota->Dicondylia->Insecta->Hexapoda->Pancrustacea->Mandibulata->Arthropoda->Panarthropoda->Ecdysozoa->Protostomia->Bilateria->Eumetazoa->Metazoa->Holozoa->Opisthokonta->Eukaryota->cellular organisms->life" nexsonid "node1136890"
pgloadind     taxon mapping OTT ID 749174 taxonomy "Ischnura verticalis->Ischnura->Coenagrionidae->Coenagrionoidea->Zygoptera->Odonata->Palaeoptera->Pterygota->Dicondylia->Insecta->Hexapoda->Pancrustacea->Mandibulata->Arthropoda->Panarthropoda->Ecdysozoa->Protostomia->Bilateria->Eumetazoa->Metazoa->Holozoa->Opisthokonta->Eukaryota->cellular organisms->life" nexsonid "node1136891"
pgloadind     taxon mapping OTT ID 37405 taxonomy "Hexagenia limbata->Hexagenia->Ephemeridae->Scapphodonta->Furcatergalia->Ephemeroptera->Palaeoptera->Pterygota->Dicondylia->Insecta->Hexapoda->Pancrustacea->Mandibulata->Arthropoda->Panarthropoda->Ecdysozoa->Protostomia->Bilateria->Eumetazoa->Metazoa->Holozoa->Opisthokonta->Eukaryota->cellular organisms->life" nexsonid "node1136893"
pgloadind     taxon mapping OTT ID 900567 taxonomy "Ephemerella inconstans->Ephemerella->Ephemerellidae->Ephemerelloidea->Pannota->Furcatergalia->Ephemeroptera->Palaeoptera->Pterygota->Dicondylia->Insecta->Hexapoda->Pancrustacea->Mandibulata->Arthropoda->Panarthropoda->Ecdysozoa->Protostomia->Bilateria->Eumetazoa->Metazoa->Holozoa->Opisthokonta->Eukaryota->cellular organisms->life" nexsonid "node1136894"
pgloadind     taxon mapping OTT ID 445469 taxonomy "Ctenolepisma lineata->Ctenolepisma->Lepismatidae->Thysanura->Dicondylia->Insecta->Hexapoda->Pancrustacea->Mandibulata->Arthropoda->Panarthropoda->Ecdysozoa->Protostomia->Bilateria->Eumetazoa->Metazoa->Holozoa->Opisthokonta->Eukaryota->cellular organisms->life" nexsonid "node1136897"
pgloadind     taxon mapping OTT ID 278334 taxonomy "Pedetontus saltator->Pedetontus->Machilidae->Archaeognatha->Monocondylia->Insecta->Hexapoda->Pancrustacea->Mandibulata->Arthropoda->Panarthropoda->Ecdysozoa->Protostomia->Bilateria->Eumetazoa->Metazoa->Holozoa->Opisthokonta->Eukaryota->cellular organisms->life" nexsonid "node1136899"
pgloadind     taxon mapping OTT ID 235491 taxonomy "Machiloides banksi->Machiloides->Machilidae->Archaeognatha->Monocondylia->Insecta->Hexapoda->Pancrustacea->Mandibulata->Arthropoda->Panarthropoda->Ecdysozoa->Protostomia->Bilateria->Eumetazoa->Metazoa->Holozoa->Opisthokonta->Eukaryota->cellular organisms->life" nexsonid "node1136900"
pgloadind     taxon mapping OTT ID 845492 taxonomy "Podura aquatica->Podura->Poduridae->Poduroidea->Poduromorpha->Collembola->Ellipura->Hexapoda->Pancrustacea->Mandibulata->Arthropoda->Panarthropoda->Ecdysozoa->Protostomia->Bilateria->Eumetazoa->Metazoa->Holozoa->Opisthokonta->Eukaryota->cellular organisms->life" nexsonid "node1136906"
pgloadind     taxon mapping OTT ID 988497 taxonomy "Orchesella imitari->Orchesella->Orchesellinae->Entomobryidae->Entomobryoidea->Entomobryomorpha->Collembola->Ellipura->Hexapoda->Pancrustacea->Mandibulata->Arthropoda->Panarthropoda->Ecdysozoa->Protostomia->Bilateria->Eumetazoa->Metazoa->Holozoa->Opisthokonta->Eukaryota->cellular organisms->life" nexsonid "node1136905"
pgloadind     taxon mapping OTT ID 758817 taxonomy "Metajapyx subterraneus->Metajapyx->Japygidae->Japygoidea->Diplura->Hexapoda->Pancrustacea->Mandibulata->Arthropoda->Panarthropoda->Ecdysozoa->Protostomia->Bilateria->Eumetazoa->Metazoa->Holozoa->Opisthokonta->Eukaryota->cellular organisms->life" nexsonid "node1136908"
pgloadind     taxon mapping OTT ID 758800 taxonomy "Eumesocampa frigilis->Eumesocampa->Campodeidae->Campodeoidea->Diplura->Hexapoda->Pancrustacea->Mandibulata->Arthropoda->Panarthropoda->Ecdysozoa->Protostomia->Bilateria->Eumetazoa->Metazoa->Holozoa->Opisthokonta->Eukaryota->cellular organisms->life" nexsonid "node1136909"
pgloadind     taxon mapping OTT ID 1078995 taxonomy "Speleonectes tulumensis->Speleonectes->Speleonectidae->Nectiopoda->Remipedia->Crustacea->Pancrustacea->Mandibulata->Arthropoda->Panarthropoda->Ecdysozoa->Protostomia->Bilateria->Eumetazoa->Metazoa->Holozoa->Opisthokonta->Eukaryota->cellular organisms->life" nexsonid "node1136910"
pgloadind     taxon mapping OTT ID 570423 taxonomy "Triops longicaudatus->Triops->Triopsidae->Notostraca->Phyllopoda->Branchiopoda->Crustacea->Pancrustacea->Mandibulata->Arthropoda->Panarthropoda->Ecdysozoa->Protostomia->Bilateria->Eumetazoa->Metazoa->Holozoa->Opisthokonta->Eukaryota->cellular organisms->life" nexsonid "node1136919"
pgloadind     taxon mapping OTT ID 401740 taxonomy "Limnadia lenticularis->Limnadia->Limnadiidae->Spinicaudata->Diplostraca->Phyllopoda->Branchiopoda->Crustacea->Pancrustacea->Mandibulata->Arthropoda->Panarthropoda->Ecdysozoa->Protostomia->Bilateria->Eumetazoa->Metazoa->Holozoa->Opisthokonta->Eukaryota->cellular organisms->life" nexsonid "node1136916"
pgloadind     taxon mapping OTT ID 668392 taxonomy "Daphnia magna->Daphnia->Daphniidae->Anomopoda->Cladocera->Diplostraca->Phyllopoda->Branchiopoda->Crustacea->Pancrustacea->Mandibulata->Arthropoda->Panarthropoda->Ecdysozoa->Protostomia->Bilateria->Eumetazoa->Metazoa->Holozoa->Opisthokonta->Eukaryota->cellular organisms->life" nexsonid "node1136917"
pgloadind     taxon mapping OTT ID 176564 taxonomy "Streptocephalus seali->Streptocephalus->Streptocephalidae->Anostraca->Sarsostraca->Branchiopoda->Crustacea->Pancrustacea->Mandibulata->Arthropoda->Panarthropoda->Ecdysozoa->Protostomia->Bilateria->Eumetazoa->Metazoa->Holozoa->Opisthokonta->Eukaryota->cellular organisms->life" nexsonid "node1136921"
pgloadind     taxon mapping OTT ID 558087 taxonomy "Artemia salina->Artemia->Artemiidae->Anostraca->Sarsostraca->Branchiopoda->Crustacea->Pancrustacea->Mandibulata->Arthropoda->Panarthropoda->Ecdysozoa->Protostomia->Bilateria->Eumetazoa->Metazoa->Holozoa->Opisthokonta->Eukaryota->cellular organisms->life" nexsonid "node1136922"
pgloadind     taxon mapping OTT ID 493478 taxonomy "Acanthocyclops vernalis->Acanthocyclops->Cyclopidae->Cyclopoida->Podoplea->Neocopepoda->Copepoda->Maxillopoda->Crustacea->Pancrustacea->Mandibulata->Arthropoda->Panarthropoda->Ecdysozoa->Protostomia->Bilateria->Eumetazoa->Metazoa->Holozoa->Opisthokonta->Eukaryota->cellular organisms->life" nexsonid "node1136925"
pgloadind     taxon mapping OTT ID 176565 taxonomy "Mesocyclops edax->Mesocyclops->Cyclopidae->Cyclopoida->Podoplea->Neocopepoda->Copepoda->Maxillopoda->Crustacea->Pancrustacea->Mandibulata->Arthropoda->Panarthropoda->Ecdysozoa->Protostomia->Bilateria->Eumetazoa->Metazoa->Holozoa->Opisthokonta->Eukaryota->cellular organisms->life" nexsonid "node1136926"
pgloadind     taxon mapping OTT ID 850982 taxonomy "Eurytemora affinis->Eurytemora->Temoridae->Calanoida->Gymnoplea->Neocopepoda->Copepoda->Maxillopoda->Crustacea->Pancrustacea->Mandibulata->Arthropoda->Panarthropoda->Ecdysozoa->Protostomia->Bilateria->Eumetazoa->Metazoa->Holozoa->Opisthokonta->Eukaryota->cellular organisms->life" nexsonid "node1136927"
pgloadind     taxon mapping OTT ID 6742 taxonomy "Chthamalus fragilis->Chthamalus->Chthamalidae->Chthamaloidea->Sessilia->Thoracica->Cirripedia->Thecostraca->Maxillopoda->Crustacea->Pancrustacea->Mandibulata->Arthropoda->Panarthropoda->Ecdysozoa->Protostomia->Bilateria->Eumetazoa->Metazoa->Holozoa->Opisthokonta->Eukaryota->cellular organisms->life" nexsonid "node1136934"
pgloadind     taxon mapping OTT ID 374192 taxonomy "Semibalanus balanoides->Semibalanus->Balanidae->Balanoidea->Sessilia->Thoracica->Cirripedia->Thecostraca->Maxillopoda->Crustacea->Pancrustacea->Mandibulata->Arthropoda->Panarthropoda->Ecdysozoa->Protostomia->Bilateria->Eumetazoa->Metazoa->Holozoa->Opisthokonta->Eukaryota->cellular organisms->life" nexsonid "node1136935"
pgloadind     taxon mapping OTT ID 493488 taxonomy "Lepas anserifera->Lepas->Lepadidae->Lepadomorpha->Pedunculata->Thoracica->Cirripedia->Thecostraca->Maxillopoda->Crustacea->Pancrustacea->Mandibulata->Arthropoda->Panarthropoda->Ecdysozoa->Protostomia->Bilateria->Eumetazoa->Metazoa->Holozoa->Opisthokonta->Eukaryota->cellular organisms->life" nexsonid "node1136936"
pgloadind     taxon mapping OTT ID 579399 taxonomy "Loxothylacus texanus->Loxothylacus->Sacculinidae->Kentrogonida->Rhizocephala->Cirripedia->Thecostraca->Maxillopoda->Crustacea->Pancrustacea->Mandibulata->Arthropoda->Panarthropoda->Ecdysozoa->Protostomia->Bilateria->Eumetazoa->Metazoa->Holozoa->Opisthokonta->Eukaryota->cellular organisms->life" nexsonid "node1136937"
pgloadind     taxon mapping OTT ID 428458 taxonomy "Libinia emarginata->Libinia->Majidae->Majoidea->Heterotremata->Eubrachyura->Brachyura->Pleocyemata->Decapoda->Eucarida->Eumalacostraca->Malacostraca->Crustacea->Pancrustacea->Mandibulata->Arthropoda->Panarthropoda->Ecdysozoa->Protostomia->Bilateria->Eumetazoa->Metazoa->Holozoa->Opisthokonta->Eukaryota->cellular organisms->life" nexsonid "node1136941"
pgloadind     taxon mapping OTT ID 776700 taxonomy "Armadillidium vulgare->Armadillidium->Armadillidiidae->Crinocheta->Oniscidea->Isopoda->Peracarida->Eumalacostraca->Malacostraca->Crustacea->Pancrustacea->Mandibulata->Arthropoda->Panarthropoda->Ecdysozoa->Protostomia->Bilateria->Eumetazoa->Metazoa->Holozoa->Opisthokonta->Eukaryota->cellular organisms->life" nexsonid "node1136942"
pgloadind     taxon mapping OTT ID 311373 taxonomy "Neogonodactylus oerstedii->Neogonodactylus->Gonodactylidae->Gonodactyloidea->Unipeltata->Stomatopoda->Hoplocarida->Eumalacostraca->Malacostraca->Crustacea->Pancrustacea->Mandibulata->Arthropoda->Panarthropoda->Ecdysozoa->Protostomia->Bilateria->Eumetazoa->Metazoa->Holozoa->Opisthokonta->Eukaryota->cellular organisms->life" nexsonid "node1136943"
pgloadind     taxon mapping OTT ID 835919 taxonomy "Nebalia hessleri->Nebalia->Nebaliidae->Leptostraca->Phyllocarida->Malacostraca->Crustacea->Pancrustacea->Mandibulata->Arthropoda->Panarthropoda->Ecdysozoa->Protostomia->Bilateria->Eumetazoa->Metazoa->Holozoa->Opisthokonta->Eukaryota->cellular organisms->life" nexsonid "node1136944"
pgloadind     taxon mapping OTT ID 1087348 taxonomy "Skogsbergia lerneri->Skogsbergia->Cypridinidae->Cypridinoidea->Myodocopida->Myodocopa->Ostracoda->Crustacea->Pancrustacea->Mandibulata->Arthropoda->Panarthropoda->Ecdysozoa->Protostomia->Bilateria->Eumetazoa->Metazoa->Holozoa->Opisthokonta->Eukaryota->cellular organisms->life" nexsonid "node1136948"
pgloadind     taxon mapping OTT ID 113139 taxonomy "Harbansus paucichelatus->Harbansus->Philomedidae->Sarsielloidea->Myodocopida->Myodocopa->Ostracoda->Crustacea->Pancrustacea->Mandibulata->Arthropoda->Panarthropoda->Ecdysozoa->Protostomia->Bilateria->Eumetazoa->Metazoa->Holozoa->Opisthokonta->Eukaryota->cellular organisms->life" nexsonid "node1136949"
pgloadind     taxon mapping OTT ID 52512 taxonomy "Cypridopsis vidua->Cypridopsis->Cyprididae->Cypridoidea->Cypridocopina->Podocopida->Podocopa->Ostracoda->Crustacea->Pancrustacea->Mandibulata->Arthropoda->Panarthropoda->Ecdysozoa->Protostomia->Bilateria->Eumetazoa->Metazoa->Holozoa->Opisthokonta->Eukaryota->cellular organisms->life" nexsonid "node1136950"
pgloadind     taxon mapping OTT ID 370883 taxonomy "Derocheilocaris typicus->Derocheilocaris->Derocheilocarididae->Mystacocaridida->Mystacocarida->Maxillopoda->Crustacea->Pancrustacea->Mandibulata->Arthropoda->Panarthropoda->Ecdysozoa->Protostomia->Bilateria->Eumetazoa->Metazoa->Holozoa->Opisthokonta->Eukaryota->cellular organisms->life" nexsonid "node1136951"
pgloadind     taxon mapping OTT ID 346937 taxonomy "Armillifer armillatus->Armillifer->Armilliferidae->Porocephalida->Pentastomida->Maxillopoda->Crustacea->Pancrustacea->Mandibulata->Arthropoda->Panarthropoda->Ecdysozoa->Protostomia->Bilateria->Eumetazoa->Metazoa->Holozoa->Opisthokonta->Eukaryota->cellular organisms->life" nexsonid "node1136954"
pgloadind     taxon mapping OTT ID 401741 taxonomy "Hutchinsoniella macracantha->Hutchinsoniella->Hutchinsoniellidae->Brachypoda->Cephalocarida->Crustacea->Pancrustacea->Mandibulata->Arthropoda->Panarthropoda->Ecdysozoa->Protostomia->Bilateria->Eumetazoa->Metazoa->Holozoa->Opisthokonta->Eukaryota->cellular organisms->life" nexsonid "node1136955"
pgloadind     taxon mapping OTT ID 235487 taxonomy "Scolopendra polymorpha->Scolopendra->Scolopendridae->Scolopendromorpha->Epimorpha->Pleurostigmophora->Chilopoda->Myriapoda->Mandibulata->Arthropoda->Panarthropoda->Ecdysozoa->Protostomia->Bilateria->Eumetazoa->Metazoa->Holozoa->Opisthokonta->Eukaryota->cellular organisms->life" nexsonid "node1136971"
pgloadind     taxon mapping OTT ID 1078166 taxonomy "Lithobius forficatus->Lithobius->Lithobiidae->Lithobiomorpha->Pleurostigmophora->Chilopoda->Myriapoda->Mandibulata->Arthropoda->Panarthropoda->Ecdysozoa->Protostomia->Bilateria->Eumetazoa->Metazoa->Holozoa->Opisthokonta->Eukaryota->cellular organisms->life" nexsonid "node1136972"
pgloadind     taxon mapping OTT ID 991685 taxonomy "Craterostigmus tasmanianus->Craterostigmus->Craterostigmidae->Craterostigmomorpha->Pleurostigmophora->Chilopoda->Myriapoda->Mandibulata->Arthropoda->Panarthropoda->Ecdysozoa->Protostomia->Bilateria->Eumetazoa->Metazoa->Holozoa->Opisthokonta->Eukaryota->cellular organisms->life" nexsonid "node1136973"
pgloadind     taxon mapping OTT ID 431229 taxonomy "Scutigera coleoptrata->Scutigera->Scutigeridae->Scutigeromorpha->Notostigmophora->Chilopoda->Myriapoda->Mandibulata->Arthropoda->Panarthropoda->Ecdysozoa->Protostomia->Bilateria->Eumetazoa->Metazoa->Holozoa->Opisthokonta->Eukaryota->cellular organisms->life" nexsonid "node1136974"
pgloadind     taxon mapping OTT ID 37403 taxonomy "Eurypauropus spinosus->Eurypauropus->Eurypauropodidae->Tetramerocerata->Pauropoda->Myriapoda->Mandibulata->Arthropoda->Panarthropoda->Ecdysozoa->Protostomia->Bilateria->Eumetazoa->Metazoa->Holozoa->Opisthokonta->Eukaryota->cellular organisms->life" nexsonid "node1136975"
pgloadind     taxon mapping OTT ID 957737 taxonomy "Polyzonium germanicum->Polyzonium->Polyzoniidae->Polyzoniida->Helminthomorpha->Diplopoda->Myriapoda->Mandibulata->Arthropoda->Panarthropoda->Ecdysozoa->Protostomia->Bilateria->Eumetazoa->Metazoa->Holozoa->Opisthokonta->Eukaryota->cellular organisms->life" nexsonid "node1136961"
pgloadind     taxon mapping OTT ID 77630 taxonomy "Abacion magnum->Abacion->Callipodidae->Callipodida->Helminthomorpha->Diplopoda->Myriapoda->Mandibulata->Arthropoda->Panarthropoda->Ecdysozoa->Protostomia->Bilateria->Eumetazoa->Metazoa->Holozoa->Opisthokonta->Eukaryota->cellular organisms->life" nexsonid "node1136962"
pgloadind     taxon mapping OTT ID 570431 taxonomy "Narceus americanus->Narceus->Spirobolidae->Spirobolida->Helminthomorpha->Diplopoda->Myriapoda->Mandibulata->Arthropoda->Panarthropoda->Ecdysozoa->Protostomia->Bilateria->Eumetazoa->Metazoa->Holozoa->Opisthokonta->Eukaryota->cellular organisms->life" nexsonid "node1136963"
pgloadind     taxon mapping OTT ID 792401 taxonomy "Polyxenus fasciculatus->Polyxenus->Polyxenidae->Polyxenida->Penicillata->Diplopoda->Myriapoda->Mandibulata->Arthropoda->Panarthropoda->Ecdysozoa->Protostomia->Bilateria->Eumetazoa->Metazoa->Holozoa->Opisthokonta->Eukaryota->cellular organisms->life" nexsonid "node1136964"
pgloadind     taxon mapping OTT ID 751892 taxonomy "Stenochrus portoricensis->Stenochrus->Schizomidae->Schizomida->Arachnida->Chelicerata->Arthropoda->Panarthropoda->Ecdysozoa->Protostomia->Bilateria->Eumetazoa->Metazoa->Holozoa->Opisthokonta->Eukaryota->cellular organisms->life" nexsonid "node1136985"
pgloadind     taxon mapping OTT ID 49680 taxonomy "Mastigoproctus giganteus->Mastigoproctus->Thelyphonidae->Thelyphonida->Uropygi->Arachnida->Chelicerata->Arthropoda->Panarthropoda->Ecdysozoa->Protostomia->Bilateria->Eumetazoa->Metazoa->Holozoa->Opisthokonta->Eukaryota->cellular organisms->life" nexsonid "node1136986"
pgloadind     taxon mapping OTT ID 877995 taxonomy "Phrynus marginemaculatus->Phrynus->Phrynidae->Phrynoidea->Amblypygi->Arachnida->Chelicerata->Arthropoda->Panarthropoda->Ecdysozoa->Protostomia->Bilateria->Eumetazoa->Metazoa->Holozoa->Opisthokonta->Eukaryota->cellular organisms->life" nexsonid "node1136987"
pgloadind     taxon mapping OTT ID 614542 taxonomy "Aphonopelma chalcodes->Aphonopelma->Theraphosidae->Mygalomorphae->Araneae->Arachnida->Chelicerata->Arthropoda->Panarthropoda->Ecdysozoa->Protostomia->Bilateria->Eumetazoa->Metazoa->Holozoa->Opisthokonta->Eukaryota->cellular organisms->life" nexsonid "node1136988"
pgloadind     taxon mapping OTT ID 201870 taxonomy "Heterometrus spinifer->Heterometrus->Scorpioninae->Scorpionidae->Scorpionoidea->Iurida->Scorpiones->Arachnida->Chelicerata->Arthropoda->Panarthropoda->Ecdysozoa->Protostomia->Bilateria->Eumetazoa->Metazoa->Holozoa->Opisthokonta->Eukaryota->cellular organisms->life" nexsonid "node1136990"
pgloadind     taxon mapping OTT ID 1030902 taxonomy "Hadrurus arizonensis->Hadrurus->Hadrurinae->Caraboctonidae->Iuroidea->Iurida->Scorpiones->Arachnida->Chelicerata->Arthropoda->Panarthropoda->Ecdysozoa->Protostomia->Bilateria->Eumetazoa->Metazoa->Holozoa->Opisthokonta->Eukaryota->cellular organisms->life" nexsonid "node1136991"
pgloadind     taxon mapping OTT ID 900555 taxonomy "Idiogaryops pumilis->Idiogaryops->Sternophoridae->Sternophoroidea->Pseudoscorpiones->Arachnida->Chelicerata->Arthropoda->Panarthropoda->Ecdysozoa->Protostomia->Bilateria->Eumetazoa->Metazoa->Holozoa->Opisthokonta->Eukaryota->cellular organisms->life" nexsonid "node1136992"
pgloadind     taxon mapping OTT ID 900552 taxonomy "Leiobunum verrucosum->Leiobunum->Leiobunidae->Phalangioidea->Palpatores->Phalangida->Opiliones->Arachnida->Chelicerata->Arthropoda->Panarthropoda->Ecdysozoa->Protostomia->Bilateria->Eumetazoa->Metazoa->Holozoa->Opisthokonta->Eukaryota->cellular organisms->life" nexsonid "node1136994"
pgloadind     taxon mapping OTT ID 326125 taxonomy "Eremocosta gigasella->Eremocosta->Eremobatidae->Solifugae->Arachnida->Chelicerata->Arthropoda->Panarthropoda->Ecdysozoa->Protostomia->Bilateria->Eumetazoa->Metazoa->Holozoa->Opisthokonta->Eukaryota->cellular organisms->life" nexsonid "node1136998"
pgloadind     taxon mapping OTT ID 792408 taxonomy "Dinothrombium pandorae->Dinothrombium->Trombidiidae->Trombidioidea->Parasitengona->Anystina->Prostigmata->Trombidiformes->Acariformes->Acari->Arachnida->Chelicerata->Arthropoda->Panarthropoda->Ecdysozoa->Protostomia->Bilateria->Eumetazoa->Metazoa->Holozoa->Opisthokonta->Eukaryota->cellular organisms->life" nexsonid "node1136999"
pgloadind     taxon mapping OTT ID 326114 taxonomy "Prokoenenia wheeleri->Prokoenenia->Prokoeneniidae->Eukoenenioidea->Palpigradi->Arachnida->Chelicerata->Arthropoda->Panarthropoda->Ecdysozoa->Protostomia->Bilateria->Eumetazoa->Metazoa->Holozoa->Opisthokonta->Eukaryota->cellular organisms->life" nexsonid "node1137001"
pgloadind     taxon mapping OTT ID 725280 taxonomy "Cryptocellus centralis->Cryptocellus->Ricinoididae->Ricinoidoidea->Ricinulei->Arachnida->Chelicerata->Arthropoda->Panarthropoda->Ecdysozoa->Protostomia->Bilateria->Eumetazoa->Metazoa->Holozoa->Opisthokonta->Eukaryota->cellular organisms->life" nexsonid "node1137002"
pgloadind     taxon mapping OTT ID 511973 taxonomy "Limulus polyphemus->Limulus->Limulidae->Xiphosura->Merostomata->Chelicerata->Arthropoda->Panarthropoda->Ecdysozoa->Protostomia->Bilateria->Eumetazoa->Metazoa->Holozoa->Opisthokonta->Eukaryota->cellular organisms->life" nexsonid "node1137004"
pgloadind     taxon mapping OTT ID 1089003 taxonomy "Carcinoscorpius rotundicauda->Carcinoscorpius->Limulidae->Xiphosura->Merostomata->Chelicerata->Arthropoda->Panarthropoda->Ecdysozoa->Protostomia->Bilateria->Eumetazoa->Metazoa->Holozoa->Opisthokonta->Eukaryota->cellular organisms->life" nexsonid "node1137005"
pgloadind     taxon mapping OTT ID 276582 taxonomy "Tanystylum orbiculare->Tanystylum->Tanystylidae->Pantopoda->Pycnogonida->Chelicerata->Arthropoda->Panarthropoda->Ecdysozoa->Protostomia->Bilateria->Eumetazoa->Metazoa->Holozoa->Opisthokonta->Eukaryota->cellular organisms->life" nexsonid "node1137011"
pgloadind     taxon mapping OTT ID 240351 taxonomy "Achelia echinata->Achelia->Ammotheidae->Pantopoda->Pycnogonida->Chelicerata->Arthropoda->Panarthropoda->Ecdysozoa->Protostomia->Bilateria->Eumetazoa->Metazoa->Holozoa->Opisthokonta->Eukaryota->cellular organisms->life" nexsonid "node1137012"
pgloadind     taxon mapping OTT ID 32478 taxonomy "Ammothea hilgendorfi->Ammothea->Ammotheidae->Pantopoda->Pycnogonida->Chelicerata->Arthropoda->Panarthropoda->Ecdysozoa->Protostomia->Bilateria->Eumetazoa->Metazoa->Holozoa->Opisthokonta->Eukaryota->cellular organisms->life" nexsonid "node1137013"
pgloadind     taxon mapping OTT ID 1037200 taxonomy "Endeis laevis->Endeis->Endeidae->Pantopoda->Pycnogonida->Chelicerata->Arthropoda->Panarthropoda->Ecdysozoa->Protostomia->Bilateria->Eumetazoa->Metazoa->Holozoa->Opisthokonta->Eukaryota->cellular organisms->life" nexsonid "node1137008"
done fixing name
pgloadind Finished with attempts to fix names
pgloadind   Checking for uniqueness of OTT IDs tree id "6551"
pgloadind   Adding tree to graph tree id "6551"
all trees have all taxa: false
	using bipartition technique
attempting to remap tips to deepest exemplified taxa
	Eumesocampa frigilis was remapped to 'Campodeoidea' (id=843037)
	Metajapyx subterraneus was remapped to 'Japygoidea' (id=842407)
	Daphnia magna was remapped to 'Cladocera' (id=2324109)
	Orchesella imitari was remapped to 'Entomobryomorpha' (id=845576)
	Armillifer armillatus was remapped to 'Pentastomida' (id=2311842)
	Artemia salina was remapped to 'Artemiidae' (id=2323629)
	Forficula auricularia was remapped to 'Dermaptera' (id=892829)
	Dinothrombium pandorae was remapped to 'Acari' (id=2337905)
	Ephemerella inconstans was remapped to 'Pannota' (id=854233)
	Endeis laevis was remapped to 'Endeidae' (id=2475374)
	Narceus americanus was remapped to 'Spirobolida' (id=833747)
	Ischnura verticalis was remapped to 'Zygoptera' (id=859629)
	Mesocyclops edax was remapped to 'Mesocyclops' (id=2293677)
	Speleonectes tulumensis was remapped to 'Remipedia' (id=2215373)
	Libellula lydia was remapped to 'Anisoptera/Anisozygoptera group' (id=864721)
	Loxothylacus texanus was remapped to 'Rhizocephala' (id=2312335)
	Abacion magnum was remapped to 'Callipodida' (id=838229)
	Eurypauropus spinosus was remapped to 'Pauropoda' (id=827081)
	Nebalia hessleri was remapped to 'Phyllocarida' (id=2215421)
	Hadrurus arizonensis was remapped to 'Iuroidea' (id=2415342)
	Mastigoproctus giganteus was remapped to 'Uropygi' (id=2416010)
	Prodoxus quinquepunctella was remapped to 'Incurvarioidea' (id=1431916)
	Achelia echinata was remapped to 'Achelia' (id=2475418)
	Chthamalus fragilis was remapped to 'Chthamaloidea' (id=2313051)
	Limnadia lenticularis was remapped to 'Spinicaudata' (id=2325426)
	Polyxenus fasciculatus was remapped to 'Penicillata' (id=842037)
	Ctenolepisma lineata was remapped to 'Thysanura' (id=851265)
	Neogonodactylus oerstedii was remapped to 'Hoplocarida' (id=2246784)
	Eremocosta gigasella was remapped to 'Solifugae' (id=2471876)
	Streptocephalus seali was remapped to 'Streptocephalidae' (id=2324023)
	Cydia pomonella was remapped to 'Apoditrysia' (id=1146975)
	Ammothea hilgendorfi was remapped to 'Ammothea' (id=2475627)
	Triops longicaudatus was remapped to 'Notostraca' (id=2325623)
	Heterometrus spinifer was remapped to 'Scorpionoidea' (id=2414487)
	Skogsbergia lerneri was remapped to 'Cypridinoidea' (id=2322717)
	Podura aquatica was remapped to 'Poduromorpha' (id=848116)
	Lithobius forficatus was remapped to 'Lithobiomorpha' (id=821602)
	Idiogaryops pumilis was remapped to 'Pseudoscorpiones' (id=2406784)
	Eurytemora affinis was remapped to 'Gymnoplea' (id=2286476)
	Tanystylum orbiculare was remapped to 'Tanystylidae' (id=2476151)
	Machiloides banksi was remapped to 'Machiloides' (id=850848)
	Prokoenenia wheeleri was remapped to 'Palpigradi' (id=2406571)
	Armadillidium vulgare was remapped to 'Peracarida' (id=2248146)
	Cypridopsis vidua was remapped to 'Podocopa' (id=2314719)
	Pedetontus saltator was remapped to 'Pedetontus' (id=850748)
	Hutchinsoniella macracantha was remapped to 'Cephalocarida' (id=2325690)
	Cryptocellus centralis was remapped to 'Ricinulei' (id=2406705)
	Carcinoscorpius rotundicauda was remapped to 'Carcinoscorpius' (id=2477512)
	Semibalanus balanoides was remapped to 'Balanoidea' (id=2313260)
	Antheraea paukstadtorum was remapped to 'Obtectomera' (id=1176875)
	Periplaneta americana was remapped to 'Dictyoptera' (id=877195)
	Scolopendra polymorpha was remapped to 'Epimorpha' (id=823600)
	Hexagenia limbata was remapped to 'Scapphodonta' (id=855533)
	Stenochrus portoricensis was remapped to 'Schizomida' (id=2415520)
	Polyzonium germanicum was remapped to 'Polyzoniida' (id=839240)
	Acanthocyclops vernalis was remapped to 'Acanthocyclops' (id=2294158)
	Aphonopelma chalcodes was remapped to 'Araneae' (id=2416215)
	Craterostigmus tasmanianus was remapped to 'Craterostigmomorpha' (id=826822)
	Limulus polyphemus was remapped to 'Limulus' (id=2477507)
	Phrynus marginemaculatus was remapped to 'Amblypygi' (id=2473723)
	Leiobunum nigripes was remapped to 'Opiliones' (id=2325719)
	Lepas anserifera was remapped to 'Pedunculata' (id=2313833)
	Libinia emarginata was remapped to 'Eucarida' (id=2215530)
	Harbansus paucichelatus was remapped to 'Sarsielloidea' (id=2322242)
	Derocheilocaris typicus was remapped to 'Mystacocarida' (id=2286450)
	Acheta domesticus was remapped to 'Orthoptera' (id=902849)
	Scutigera coleoptrata was remapped to 'Notostigmophora' (id=826829)
this is the ROOT
placing root in index
Dealing with metadata property: id
Dealing with metadata property: ot:studyPublicationReference
Adding property 'ot:studyPublicationReference': Rota-Stabelli, O., Lartillot, N., Philippe, H., and Pisani, D. 2013. Serine codon-usage bias in deep phylogenomics: Pancrustacean relationships as a case study. Systematic Biology 62 (1): 121-133.
Dealing with metadata property: ot:focalCladeOTTTaxonName
Adding property 'ot:focalCladeOTTTaxonName': Pancrustacea
Dealing with metadata property: ot:studyYear
Adding property 'ot:studyYear': 2013
Dealing with metadata property: ot:inGroupClade
Adding property 'ot:inGroupClade': node1136868
Dealing with metadata property: ot:tag
Adding property 'ot:tag': ingroup added;
Dealing with metadata property: ot:branchLengthMode
Adding property 'ot:branchLengthMode': ot:substitutionCount
Dealing with metadata property: ot:curatorName
Adding property 'ot:curatorName': Joseph Brown
Dealing with metadata property: ot:studyPublication
Adding property 'ot:studyPublication': http://dx.doi.org/10.1093/sysbio/sys077
Dealing with metadata property: ot:focalClade
Adding property 'ot:focalClade': 2725022
Dealing with metadata property: ot:curatedType
Adding property 'ot:curatedType': Fig. S1 aaCAT tree
Dealing with metadata property: ot:studyId
Adding property 'ot:studyId': 2814
Committing nodes: 130
	adding Node[843680] Ellipura 801422 as compatible with Node[844831]
		adding Relationship[8163654]
		adding to root Relationship[8163655]
	adding Node[850609] Archaeognatha 388213 as compatible with Node[850687]
		adding Relationship[8163656]
		adding to root Relationship[8163657]
	adding Node[850608] Monocondylia 883320 as compatible with Node[850687]
		adding Relationship[8163658]
		adding to root Relationship[8163659]
	adding Node[852329] Ephemeroptera 565986 as compatible with Node[854232]
		adding Relationship[8163660]
		adding to root Relationship[8163661]
	adding Node[1101790] Neolepidoptera 89151 as compatible with Node[1101791]
		adding Relationship[8163662]
		adding to root Relationship[8163663]
	adding Node[1101789] Glossata 89155 as compatible with Node[1101791]
		adding Relationship[8163664]
		adding to root Relationship[8163665]
	adding Node[1101786] Lepidoptera 965954 as compatible with Node[1101791]
		adding Relationship[8163666]
		adding to root Relationship[8163667]
	adding Node[1086558] Amphiesmenoptera 436623 as compatible with Node[1101791]
		adding Relationship[8163668]
		adding to root Relationship[8163669]
	adding Node[1086556] Endopterygota 1082885 as compatible with Node[1101791]
		adding Relationship[8163670]
		adding to root Relationship[8163671]
	adding Node[2286473] Copepoda 461528 as compatible with Node[2286475]
		adding Relationship[8163672]
		adding to root Relationship[8163673]
	adding Node[2292166] Cyclopoida 462829 as compatible with Node[2293545]
		adding Relationship[8163674]
		adding to root Relationship[8163675]
	adding Node[2292165] Podoplea 231089 as compatible with Node[2293545]
		adding Relationship[8163676]
		adding to root Relationship[8163677]
	adding Node[2312184] Thecostraca 1040184 as compatible with Node[2312334]
		adding Relationship[8163678]
		adding to root Relationship[8163679]
	adding Node[2321827] Myodocopa 198831 as compatible with Node[2321828]
		adding Relationship[8163680]
		adding to root Relationship[8163681]
	adding Node[2323626] Sarsostraca 180188 as compatible with Node[2323627]
		adding Relationship[8163682]
		adding to root Relationship[8163683]
	adding Node[2412391] Scorpiones 511964 as compatible with Node[2413861]
		adding Relationship[8163684]
		adding to root Relationship[8163685]
	adding Node[2475371] Pycnogonida 910210 as compatible with Node[2475373]
		adding Relationship[8163686]
		adding to root Relationship[8163687]
	adding Node[2477496] Xiphosura 5308304 as compatible with Node[2477497]
		adding Relationship[8163688]
		adding to root Relationship[8163689]
	adding Node[2477494] Merostomata 1041483 as compatible with Node[2477497]
		adding Relationship[8163690]
		adding to root Relationship[8163691]
		adding Relationship[8163692] from Node[2477496] to Node[2477494]
		adding Relationship[8163693] from Node[2475371] to Node[2325715]
		adding Relationship[8163694] from Node[2477494] to Node[2325715]
		adding Relationship[8163695] from Node[2323625] to Node[3467027]
		adding Relationship[8163696] from Node[2323626] to Node[2323625]
		adding Relationship[8163697] from Node[1101789] to Node[1101786]
		adding Relationship[8163698] from Node[852329] to Node[852328]
		adding Relationship[8163699] from Node[2292165] to Node[2286475]
		adding Relationship[8163700] from Node[2292166] to Node[2292165]
		adding Relationship[8163701] from Node[1101790] to Node[1101789]
		adding Relationship[8163702] from Node[3467046] to Node[2325715]
		adding Relationship[8163703] from Node[1101786] to Node[1086558]
		adding Relationship[8163704] from Node[1086558] to Node[1086556]
		adding Relationship[8163705] from Node[1086556] to Node[870968]
		adding Relationship[8163706] from Node[850608] to Node[850606]
		adding Relationship[8163707] from Node[850609] to Node[850608]
		adding Relationship[8163708] from Node[2286475] to Node[3467027]
		adding Relationship[8163709] from Node[2286475] to Node[2286473]
