pgloadind OTUs number 34
pgloadind Processing tree @id "2094"
pgloadind   tree info number nodes 67
pgloadind   tree info number edges 66
pgloadind   tree info ingroup "node519442"
pgloadind   Setting ingroup root node.
pgloadind   Ingested tree number of external nodes 32
pgloadind   property added ot:studyPublicationReference "Inderbitzin P., Landvik S., Abdel-wahab M.A., & Berbee M. 2001. Aliquandostipitaceae, a new family for two new tropical ascomycetes with unusually wide hyphae and dimorphic ascomata. American Journal of Botany, 88(1): 52-61."
pgloadind   property added ot:studyPublication "http://dx.doi.org/10.2307/2657126"
pgloadind   property added ot:curatorName "Romina Gazis"
pgloadind   property added ot:dataDeposit "http://purl.org/phylo/treebase/phylows/study/TB2:S641"
pgloadind   property added ot:studyId "1075"
pgloadind   property added ot:studyYear "2001"
pgloadind   property added ot:focalClade "710517"
pgloadind   property added ot:focalCladeOTTTaxonName "Aliquandostipitaceae"
pgloadind   property added ot:inGroupClade "node519442"
pgloadind   property added ot:curatedType "ML, SSU + ITS"
loading a specific tree: 2094
pgloadind conducting TNRS on trees
pgloadind   name fixing on tree tree id "2094"
pgloadind     OTT ID missing name "Monodictys castaneae" nexsonid "node519498"
pgloadind     OTT ID missing name "Lophiostoma crenatum" nexsonid "node519499"
pgloadind   TNRS unmatched total number 1
pgloadind     TNRS resolved ottId OTT ID 659808 name "Lophiostoma crenatum" searched on "Lophiostoma crenatum" nexsonid "node519499"
pgloadind     pruning unmapped name "Monodictys castaneae" nexsonid "node519498"
pgloadind   postpruning newick tree "(Bulgaria_inquinans,((((((Aspergillus_fumigatus,Aspergillus_ruber),(Auxarthron_filamentosum,Uncinocarpus_reesii)),(Ceramothyrium_linnaeae,Capronia_mansonii)),Chaetomium_elatum),(((Peltigera_neopolydactyla,Solorina_crocea),Sphaerophorus_globosus),Lecanora_dispersa)),(((Dothidea_insculpta,((((Lasiodiplodia_theobromae,Neofusicoccum_ribis),(Thaxteriella_helicoma,Tubeufia_helicomyces)),(Rhytidhysteron_rufulum,(((((Pleospora_herbarum,Setosphaeria_rostrata),((Leptosphaeria_maculans,Phaeosphaeria_nodorum),Cucurbitaria_elongata)),Pleospora_rudis),Curreya_pityophila),(Lophiostoma_crenatum,Westerdykella_dispersa)))),Coccodinium_bartschii)),Aureobasidium_pullulans),(Aliquandostipite_khaoyaiensis,Aliquandostipite_sunyatsenii))))"
pgloadind   taxon mapping summary
pgloadind     taxon mapping OTT ID 902757 taxonomy "Bulgaria inquinans->Bulgaria->Bulgariaceae->Leotiales->Leotiomycetes->Sordariomyceta->Leotiomyceta->Pezizomycotina->saccharomyceta->Ascomycota->Dikarya->Fungi->Nucletmycea->Opisthokonta->Eukaryota->cellular organisms->life" nexsonid "node519443"
pgloadind     taxon mapping OTT ID 278828 taxonomy "Aspergillus fumigatus->Aspergillus->Trichocomaceae->Eurotiales->Eurotiomycetidae->Eurotiomycetes->Leotiomyceta->Pezizomycotina->saccharomyceta->Ascomycota->Dikarya->Fungi->Nucletmycea->Opisthokonta->Eukaryota->cellular organisms->life" nexsonid "node519450"
pgloadind     taxon mapping OTT ID 118490 taxonomy "Aspergillus ruber->Aspergillus->Trichocomaceae->Eurotiales->Eurotiomycetidae->Eurotiomycetes->Leotiomyceta->Pezizomycotina->saccharomyceta->Ascomycota->Dikarya->Fungi->Nucletmycea->Opisthokonta->Eukaryota->cellular organisms->life" nexsonid "node519451"
pgloadind     taxon mapping OTT ID 958139 taxonomy "Auxarthron filamentosum->Auxarthron->Onygenaceae->Onygenales->Eurotiomycetidae->Eurotiomycetes->Leotiomyceta->Pezizomycotina->saccharomyceta->Ascomycota->Dikarya->Fungi->Nucletmycea->Opisthokonta->Eukaryota->cellular organisms->life" nexsonid "node519453"
pgloadind     taxon mapping OTT ID 958128 taxonomy "Uncinocarpus reesii->Uncinocarpus->Onygenaceae->Onygenales->Eurotiomycetidae->Eurotiomycetes->Leotiomyceta->Pezizomycotina->saccharomyceta->Ascomycota->Dikarya->Fungi->Nucletmycea->Opisthokonta->Eukaryota->cellular organisms->life" nexsonid "node519454"
pgloadind     taxon mapping OTT ID 135193 taxonomy "Ceramothyrium linnaeae->Ceramothyrium->Chaetothyriaceae->Chaetothyriales->Chaetothyriomycetidae->Eurotiomycetes->Leotiomyceta->Pezizomycotina->saccharomyceta->Ascomycota->Dikarya->Fungi->Nucletmycea->Opisthokonta->Eukaryota->cellular organisms->life" nexsonid "node519456"
pgloadind     taxon mapping OTT ID 425085 taxonomy "Capronia mansonii->Capronia->Herpotrichiellaceae->Chaetothyriales->Chaetothyriomycetidae->Eurotiomycetes->Leotiomyceta->Pezizomycotina->saccharomyceta->Ascomycota->Dikarya->Fungi->Nucletmycea->Opisthokonta->Eukaryota->cellular organisms->life" nexsonid "node519457"
pgloadind     taxon mapping OTT ID 1099022 taxonomy "Chaetomium elatum->Chaetomium->Chaetomiaceae->Sordariales->Sordariomycetidae->Sordariomycetes->Sordariomyceta->Leotiomyceta->Pezizomycotina->saccharomyceta->Ascomycota->Dikarya->Fungi->Nucletmycea->Opisthokonta->Eukaryota->cellular organisms->life" nexsonid "node519458"
pgloadind     taxon mapping OTT ID 437600 taxonomy "Peltigera neopolydactyla->Peltigera->Peltigeraceae->Peltigerineae->Peltigerales->Lecanoromycetidae->Lecanoromycetes->Leotiomyceta->Pezizomycotina->saccharomyceta->Ascomycota->Dikarya->Fungi->Nucletmycea->Opisthokonta->Eukaryota->cellular organisms->life" nexsonid "node519462"
pgloadind     taxon mapping OTT ID 625376 taxonomy "Solorina crocea->Solorina->Peltigeraceae->Peltigerineae->Peltigerales->Lecanoromycetidae->Lecanoromycetes->Leotiomyceta->Pezizomycotina->saccharomyceta->Ascomycota->Dikarya->Fungi->Nucletmycea->Opisthokonta->Eukaryota->cellular organisms->life" nexsonid "node519463"
pgloadind     taxon mapping OTT ID 664938 taxonomy "Sphaerophorus globosus->Sphaerophorus->Sphaerophoraceae->Lecanorales->Lecanoromycetidae->Lecanoromycetes->Leotiomyceta->Pezizomycotina->saccharomyceta->Ascomycota->Dikarya->Fungi->Nucletmycea->Opisthokonta->Eukaryota->cellular organisms->life" nexsonid "node519464"
pgloadind     taxon mapping OTT ID 339436 taxonomy "Lecanora dispersa->Lecanora->Lecanoraceae->Lecanorales->Lecanoromycetidae->Lecanoromycetes->Leotiomyceta->Pezizomycotina->saccharomyceta->Ascomycota->Dikarya->Fungi->Nucletmycea->Opisthokonta->Eukaryota->cellular organisms->life" nexsonid "node519465"
pgloadind     taxon mapping OTT ID 666122 taxonomy "Dothidea insculpta->Dothidea->Dothideaceae->Dothideales->Dothideomycetidae->Dothideomycetes->Dothideomyceta->Leotiomyceta->Pezizomycotina->saccharomyceta->Ascomycota->Dikarya->Fungi->Nucletmycea->Opisthokonta->Eukaryota->cellular organisms->life" nexsonid "node519469"
pgloadind     taxon mapping OTT ID 33894 taxonomy "Lasiodiplodia theobromae->Lasiodiplodia->Botryosphaeriaceae->Botryosphaeriales->Dothideomycetes->Dothideomyceta->Leotiomyceta->Pezizomycotina->saccharomyceta->Ascomycota->Dikarya->Fungi->Nucletmycea->Opisthokonta->Eukaryota->cellular organisms->life" nexsonid "node519474"
pgloadind     taxon mapping OTT ID 33907 taxonomy "Neofusicoccum ribis->Neofusicoccum->Botryosphaeriaceae->Botryosphaeriales->Dothideomycetes->Dothideomyceta->Leotiomyceta->Pezizomycotina->saccharomyceta->Ascomycota->Dikarya->Fungi->Nucletmycea->Opisthokonta->Eukaryota->cellular organisms->life" nexsonid "node519475"
pgloadind     taxon mapping OTT ID 106265 taxonomy "Thaxteriella helicoma->Thaxteriella->Tubeufiaceae->Pleosporales->Pleosporomycetidae->Dothideomycetes->Dothideomyceta->Leotiomyceta->Pezizomycotina->saccharomyceta->Ascomycota->Dikarya->Fungi->Nucletmycea->Opisthokonta->Eukaryota->cellular organisms->life" nexsonid "node519477"
pgloadind     taxon mapping OTT ID 1051951 taxonomy "Tubeufia helicomyces->Tubeufia->Tubeufiaceae->Pleosporales->Pleosporomycetidae->Dothideomycetes->Dothideomyceta->Leotiomyceta->Pezizomycotina->saccharomyceta->Ascomycota->Dikarya->Fungi->Nucletmycea->Opisthokonta->Eukaryota->cellular organisms->life" nexsonid "node519478"
pgloadind     taxon mapping OTT ID 614432 taxonomy "Rhytidhysteron rufulum->Rhytidhysteron->Patellariaceae->Patellariales->Dothideomycetes->Dothideomyceta->Leotiomyceta->Pezizomycotina->saccharomyceta->Ascomycota->Dikarya->Fungi->Nucletmycea->Opisthokonta->Eukaryota->cellular organisms->life" nexsonid "node519480"
pgloadind     taxon mapping OTT ID 282723 taxonomy "Pleospora herbarum->Pleospora->Pleosporaceae->Pleosporineae->Pleosporales->Pleosporomycetidae->Dothideomycetes->Dothideomyceta->Leotiomyceta->Pezizomycotina->saccharomyceta->Ascomycota->Dikarya->Fungi->Nucletmycea->Opisthokonta->Eukaryota->cellular organisms->life" nexsonid "node519486"
pgloadind     taxon mapping OTT ID 85504 taxonomy "Setosphaeria rostrata->Setosphaeria->Pleosporaceae->Pleosporineae->Pleosporales->Pleosporomycetidae->Dothideomycetes->Dothideomyceta->Leotiomyceta->Pezizomycotina->saccharomyceta->Ascomycota->Dikarya->Fungi->Nucletmycea->Opisthokonta->Eukaryota->cellular organisms->life" nexsonid "node519487"
pgloadind     taxon mapping OTT ID 581438 taxonomy "Leptosphaeria maculans->Leptosphaeria->Leptosphaeriaceae->Pleosporineae->Pleosporales->Pleosporomycetidae->Dothideomycetes->Dothideomyceta->Leotiomyceta->Pezizomycotina->saccharomyceta->Ascomycota->Dikarya->Fungi->Nucletmycea->Opisthokonta->Eukaryota->cellular organisms->life" nexsonid "node519490"
pgloadind     taxon mapping OTT ID 562295 taxonomy "Phaeosphaeria nodorum->Phaeosphaeria->Phaeosphaeriaceae->Pleosporineae->Pleosporales->Pleosporomycetidae->Dothideomycetes->Dothideomyceta->Leotiomyceta->Pezizomycotina->saccharomyceta->Ascomycota->Dikarya->Fungi->Nucletmycea->Opisthokonta->Eukaryota->cellular organisms->life" nexsonid "node519491"
pgloadind     taxon mapping OTT ID 659810 taxonomy "Cucurbitaria elongata->Cucurbitaria->Cucurbitariaceae->Pleosporales->Pleosporomycetidae->Dothideomycetes->Dothideomyceta->Leotiomyceta->Pezizomycotina->saccharomyceta->Ascomycota->Dikarya->Fungi->Nucletmycea->Opisthokonta->Eukaryota->cellular organisms->life" nexsonid "node519492"
pgloadind     taxon mapping OTT ID 699899 taxonomy "Pleospora rudis->Pleospora->Pleosporaceae->Pleosporineae->Pleosporales->Pleosporomycetidae->Dothideomycetes->Dothideomyceta->Leotiomyceta->Pezizomycotina->saccharomyceta->Ascomycota->Dikarya->Fungi->Nucletmycea->Opisthokonta->Eukaryota->cellular organisms->life" nexsonid "node519493"
pgloadind     taxon mapping OTT ID 659813 taxonomy "Curreya pityophila->Curreya->Cucurbitariaceae->Pleosporales->Pleosporomycetidae->Dothideomycetes->Dothideomyceta->Leotiomyceta->Pezizomycotina->saccharomyceta->Ascomycota->Dikarya->Fungi->Nucletmycea->Opisthokonta->Eukaryota->cellular organisms->life" nexsonid "node519494"
pgloadind     taxon mapping OTT ID 659808 taxonomy "Lophiostoma crenatum->Lophiostoma->Lophiostomataceae->Pleosporales->Pleosporomycetidae->Dothideomycetes->Dothideomyceta->Leotiomyceta->Pezizomycotina->saccharomyceta->Ascomycota->Dikarya->Fungi->Nucletmycea->Opisthokonta->Eukaryota->cellular organisms->life" nexsonid "node519499"
pgloadind     taxon mapping OTT ID 85501 taxonomy "Westerdykella dispersa->Westerdykella->Sporormiaceae->Pleosporales->Pleosporomycetidae->Dothideomycetes->Dothideomyceta->Leotiomyceta->Pezizomycotina->saccharomyceta->Ascomycota->Dikarya->Fungi->Nucletmycea->Opisthokonta->Eukaryota->cellular organisms->life" nexsonid "node519497"
pgloadind     taxon mapping OTT ID 805914 taxonomy "Coccodinium bartschii->Coccodinium->Coccodiniaceae->Chaetothyriales->Chaetothyriomycetidae->Eurotiomycetes->Leotiomyceta->Pezizomycotina->saccharomyceta->Ascomycota->Dikarya->Fungi->Nucletmycea->Opisthokonta->Eukaryota->cellular organisms->life" nexsonid "node519500"
pgloadind     taxon mapping OTT ID 1041477 taxonomy "Aureobasidium pullulans->Aureobasidium->mitosporic Dothioraceae->Dothioraceae->Dothideales->Dothideomycetidae->Dothideomycetes->Dothideomyceta->Leotiomyceta->Pezizomycotina->saccharomyceta->Ascomycota->Dikarya->Fungi->Nucletmycea->Opisthokonta->Eukaryota->cellular organisms->life" nexsonid "node519501"
pgloadind     taxon mapping OTT ID 710515 taxonomy "Aliquandostipite khaoyaiensis->Aliquandostipite->Aliquandostipitaceae->Jahnulales->Pleosporomycetidae->Dothideomycetes->Dothideomyceta->Leotiomyceta->Pezizomycotina->saccharomyceta->Ascomycota->Dikarya->Fungi->Nucletmycea->Opisthokonta->Eukaryota->cellular organisms->life" nexsonid "node519503"
pgloadind     taxon mapping OTT ID 710513 taxonomy "Aliquandostipite sunyatsenii->Aliquandostipite->Aliquandostipitaceae->Jahnulales->Pleosporomycetidae->Dothideomycetes->Dothideomyceta->Leotiomyceta->Pezizomycotina->saccharomyceta->Ascomycota->Dikarya->Fungi->Nucletmycea->Opisthokonta->Eukaryota->cellular organisms->life" nexsonid "node519504"
done fixing name
pgloadind Finished with attempts to fix names
pgloadind   Checking for uniqueness of OTT IDs tree id "2094"
pgloadind   Adding tree to graph tree id "2094"
all trees have all taxa: false
	using bipartition technique
attempting to remap tips to deepest exemplified taxa
	Rhytidhysteron rufulum was remapped to 'Patellariales' (id=109741)
	Sphaerophorus globosus was remapped to 'Sphaerophoraceae' (id=187699)
	Curreya pityophila was remapped to 'Curreya' (id=111653)
	Bulgaria inquinans was remapped to 'Leotiomycetes' (id=61278)
	Lecanora dispersa was remapped to 'Lecanoraceae' (id=183283)
	Coccodinium bartschii was remapped to 'Coccodiniaceae' (id=94342)
	Lophiostoma crenatum was remapped to 'Lophiostomataceae' (id=112781)
	Phaeosphaeria nodorum was remapped to 'Phaeosphaeriaceae' (id=129699)
	Thaxteriella helicoma was remapped to 'Thaxteriella' (id=117113)
	Cucurbitaria elongata was remapped to 'Cucurbitaria' (id=111234)
	Capronia mansonii was remapped to 'Herpotrichiellaceae' (id=94450)
	Ceramothyrium linnaeae was remapped to 'Chaetothyriaceae' (id=93983)
	Solorina crocea was remapped to 'Solorina' (id=211248)
	Aureobasidium pullulans was remapped to 'Dothioraceae' (id=162416)
	Peltigera neopolydactyla was remapped to 'Peltigera' (id=210903)
	Leptosphaeria maculans was remapped to 'Leptosphaeriaceae' (id=126766)
	Lasiodiplodia theobromae was remapped to 'Lasiodiplodia' (id=174409)
	Neofusicoccum ribis was remapped to 'Neofusicoccum' (id=175000)
	Setosphaeria rostrata was remapped to 'Setosphaeria' (id=133696)
	Chaetomium elatum was remapped to 'Sordariomycetes' (id=836)
	Auxarthron filamentosum was remapped to 'Auxarthron' (id=103289)
	Westerdykella dispersa was remapped to 'Sporormiaceae' (id=114789)
	Dothidea insculpta was remapped to 'Dothideaceae' (id=162008)
	Tubeufia helicomyces was remapped to 'Tubeufia' (id=116800)
	Uncinocarpus reesii was remapped to 'Uncinocarpus' (id=103346)
this is the ROOT
placing root in index
Dealing with metadata property: id
Dealing with metadata property: ot:studyPublicationReference
Adding property 'ot:studyPublicationReference': Inderbitzin P., Landvik S., Abdel-wahab M.A., & Berbee M. 2001. Aliquandostipitaceae, a new family for two new tropical ascomycetes with unusually wide hyphae and dimorphic ascomata. American Journal of Botany, 88(1): 52-61.
Dealing with metadata property: ot:focalCladeOTTTaxonName
Adding property 'ot:focalCladeOTTTaxonName': Aliquandostipitaceae
Dealing with metadata property: ot:studyYear
Adding property 'ot:studyYear': 2001
Dealing with metadata property: ot:inGroupClade
Adding property 'ot:inGroupClade': node519442
Dealing with metadata property: ot:curatorName
Adding property 'ot:curatorName': Romina Gazis
Dealing with metadata property: ot:studyPublication
Adding property 'ot:studyPublication': http://dx.doi.org/10.2307/2657126
Dealing with metadata property: ot:focalClade
Adding property 'ot:focalClade': 710517
Dealing with metadata property: ot:curatedType
Adding property 'ot:curatedType': ML, SSU + ITS
Dealing with metadata property: ot:studyId
Adding property 'ot:studyId': 1075
Dealing with metadata property: ot:dataDeposit
Adding property 'ot:dataDeposit': http://purl.org/phylo/treebase/phylows/study/TB2:S641
Committing nodes: 61
	adding Node[95880] Trichocomaceae 73778 as compatible with Node[96534]
		adding Relationship[8416001]
		adding to root Relationship[8416002]
	adding Node[95613] Eurotiales 800595 as compatible with Node[96534]
		adding Relationship[8416003]
		adding to root Relationship[8416004]
	adding Node[138278] Aliquandostipitaceae 710517 as compatible with Node[138285]
		adding Relationship[8416005]
		adding to root Relationship[8416006]
	adding Node[138277] Jahnulales 709563 as compatible with Node[138285]
		adding Relationship[8416007]
		adding to root Relationship[8416008]
	adding Node[102203] Onygenales 958134 as compatible with Node[103131]
		adding Relationship[8416009]
		adding to root Relationship[8416010]
	adding Node[168377] Botryosphaeriales 641496 as compatible with Node[168378]
		adding Relationship[8416011]
		adding to root Relationship[8416012]
	adding Node[177087] Lecanoromycetes 346130 as compatible with Node[177893]
		adding Relationship[8416013]
		adding to root Relationship[8416014]
	adding Node[210864] Peltigerineae 5508 as compatible with Node[210902]
		adding Relationship[8416015]
		adding to root Relationship[8416016]
	adding Node[210767] Peltigerales 294632 as compatible with Node[210902]
		adding Relationship[8416017]
		adding to root Relationship[8416018]
		adding Relationship[8416019] from Node[210864] to Node[210767]
		adding Relationship[8416020] from Node[95613] to Node[95612]
		adding Relationship[8416021] from Node[95880] to Node[95613]
		adding Relationship[8416022] from Node[102203] to Node[95612]
		adding Relationship[8416023] from Node[138278] to Node[138277]
