pgloadind OTUs number 164
pgloadind Processing tree @id "3268"
pgloadind   tree info number nodes 325
pgloadind   tree info number edges 324
pgloadind   tree info ingroup "node656961"
pgloadind   Setting ingroup root node.
pgloadind   Ingested tree number of external nodes 161
pgloadind   property added ot:studyPublicationReference "Leavitt, S. D., T. L. Esslinger, P. K. Divakar, and H. T. Lumbsch. "Miocene divergence, cryptic lineages, and contrasting distribution patterns in common camouflage lichen fungi (Parmeliaceae, Ascomycota)." Biological Journal of the Linnean Society 107 (2012): 920-937."
pgloadind   property added ot:studyPublication "http://dx.doi.org/10.1111/j.1095-8312.2012.01978.x"
pgloadind   property added ot:curatorName "Romina Gazis"
pgloadind   property added ot:dataDeposit "http://purl.org/phylo/treebase/phylows/study/TB2:S12679"
pgloadind   property added ot:studyId "1620"
pgloadind   property added ot:studyYear "2012"
pgloadind   property added ot:focalClade "305904"
pgloadind   property added ot:focalCladeOTTTaxonName "Parmeliaceae"
pgloadind   property added ot:inGroupClade "node656961"
pgloadind   property added ot:curatedType "ML, ITS"
pgloadind Processing tree @id "3269"
pgloadind   tree info number nodes 105
pgloadind   tree info number edges 104
pgloadind   tree info ingroup "node657286"
pgloadind   Setting ingroup root node.
pgloadind   Ingested tree number of external nodes 51
pgloadind   property added ot:studyPublicationReference "Leavitt, S. D., T. L. Esslinger, P. K. Divakar, and H. T. Lumbsch. "Miocene divergence, cryptic lineages, and contrasting distribution patterns in common camouflage lichen fungi (Parmeliaceae, Ascomycota)." Biological Journal of the Linnean Society 107 (2012): 920-937."
pgloadind   property added ot:studyPublication "http://dx.doi.org/10.1111/j.1095-8312.2012.01978.x"
pgloadind   property added ot:curatorName "Romina Gazis"
pgloadind   property added ot:dataDeposit "http://purl.org/phylo/treebase/phylows/study/TB2:S12679"
pgloadind   property added ot:studyId "1620"
pgloadind   property added ot:studyYear "2012"
pgloadind   property added ot:focalClade "305904"
pgloadind   property added ot:focalCladeOTTTaxonName "Parmeliaceae"
pgloadind   property added ot:inGroupClade "node657286"
pgloadind   property added ot:curatedType "ML, ITS + LSU + IGS + MCM7 + RPB1 + RPB2"
loading a specific tree: 3269
skipping tree: 3268
pgloadind conducting TNRS on trees
pgloadind   name fixing on tree tree id "3269"
pgloadind   all nodes have ottIds
pgloadind     OTT ID reused in tree
pgloadind       duplicate name "Melanelixia fuliginosa" nexsonid "node657291"
pgloadind       duplicate OTT ID 20300
pgloadind     OTT ID reused in tree
pgloadind       duplicate name "Melanelixia fuliginosa" nexsonid "node657292"
pgloadind       duplicate OTT ID 20300
pgloadind     OTT ID reused in tree
pgloadind       duplicate name "Melanelia subaurifera" nexsonid "node657297"
pgloadind       duplicate OTT ID 20310
pgloadind     OTT ID reused in tree
pgloadind       duplicate name "Melanelia subaurifera" nexsonid "node657298"
pgloadind       duplicate OTT ID 20310
pgloadind     OTT ID reused in tree
pgloadind       duplicate name "Melanelia subaurifera" nexsonid "node657301"
pgloadind       duplicate OTT ID 20310
pgloadind     OTT ID reused in tree
pgloadind       duplicate name "Melanelia subaurifera" nexsonid "node657304"
pgloadind       duplicate OTT ID 20310
pgloadind     OTT ID reused in tree
pgloadind       duplicate name "Melanelia subaurifera" nexsonid "node657305"
pgloadind       duplicate OTT ID 20310
pgloadind     OTT ID reused in tree
pgloadind       duplicate name "Melanelia subaurifera" nexsonid "node657307"
pgloadind       duplicate OTT ID 20310
pgloadind     OTT ID reused in tree
pgloadind       duplicate name "Melanelia subaurifera" nexsonid "node657308"
pgloadind       duplicate OTT ID 20310
pgloadind     OTT ID reused in tree
pgloadind       duplicate name "Melanelia subaurifera" nexsonid "node657310"
pgloadind       duplicate OTT ID 20310
pgloadind     OTT ID reused in tree
pgloadind       duplicate name "Melanelia subaurifera" nexsonid "node657314"
pgloadind       duplicate OTT ID 20310
pgloadind     OTT ID reused in tree
pgloadind       duplicate name "Melanelia subaurifera" nexsonid "node657315"
pgloadind       duplicate OTT ID 20310
pgloadind     OTT ID reused in tree
pgloadind       duplicate name "Melanelia subaurifera" nexsonid "node657317"
pgloadind       duplicate OTT ID 20310
pgloadind     OTT ID reused in tree
pgloadind       duplicate name "Melanelia subaurifera" nexsonid "node657319"
pgloadind       duplicate OTT ID 20310
pgloadind     OTT ID reused in tree
pgloadind       duplicate name "Melanelia subaurifera" nexsonid "node657320"
pgloadind       duplicate OTT ID 20310
pgloadind     OTT ID reused in tree
pgloadind       duplicate name "Melanelia subaurifera" nexsonid "node657323"
pgloadind       duplicate OTT ID 20310
pgloadind     OTT ID reused in tree
pgloadind       duplicate name "Melanelia subaurifera" nexsonid "node657325"
pgloadind       duplicate OTT ID 20310
pgloadind     OTT ID reused in tree
pgloadind       duplicate name "Melanelia subaurifera" nexsonid "node657326"
pgloadind       duplicate OTT ID 20310
pgloadind     OTT ID reused in tree
pgloadind       duplicate name "Melanelia subaurifera" nexsonid "node657328"
pgloadind       duplicate OTT ID 20310
pgloadind     OTT ID reused in tree
pgloadind       duplicate name "Melanelia subaurifera" nexsonid "node657330"
pgloadind       duplicate OTT ID 20310
pgloadind     OTT ID reused in tree
pgloadind       duplicate name "Melanelia subaurifera" nexsonid "node657331"
pgloadind       duplicate OTT ID 20310
pgloadind     OTT ID reused in tree
pgloadind       duplicate name "Melanelixia fuliginosa" nexsonid "node657335"
pgloadind       duplicate OTT ID 20300
pgloadind     OTT ID reused in tree
pgloadind       duplicate name "Melanelixia fuliginosa" nexsonid "node657337"
pgloadind       duplicate OTT ID 20300
pgloadind     OTT ID reused in tree
pgloadind       duplicate name "Melanelixia fuliginosa" nexsonid "node657339"
pgloadind       duplicate OTT ID 20300
pgloadind     OTT ID reused in tree
pgloadind       duplicate name "Melanelixia fuliginosa" nexsonid "node657340"
pgloadind       duplicate OTT ID 20300
pgloadind     OTT ID reused in tree
pgloadind       duplicate name "Melanelixia fuliginosa" nexsonid "node657342"
pgloadind       duplicate OTT ID 20300
pgloadind     OTT ID reused in tree
pgloadind       duplicate name "Melanelixia fuliginosa" nexsonid "node657345"
pgloadind       duplicate OTT ID 20300
pgloadind     OTT ID reused in tree
pgloadind       duplicate name "Melanelixia fuliginosa" nexsonid "node657346"
pgloadind       duplicate OTT ID 20300
pgloadind     OTT ID reused in tree
pgloadind       duplicate name "Melanelixia fuliginosa" nexsonid "node657349"
pgloadind       duplicate OTT ID 20300
pgloadind     OTT ID reused in tree
pgloadind       duplicate name "Melanelixia fuliginosa" nexsonid "node657350"
pgloadind       duplicate OTT ID 20300
pgloadind     OTT ID reused in tree
pgloadind       duplicate name "Melanelixia fuliginosa" nexsonid "node657352"
pgloadind       duplicate OTT ID 20300
pgloadind     OTT ID reused in tree
pgloadind       duplicate name "Melanelixia fuliginosa" nexsonid "node657354"
pgloadind       duplicate OTT ID 20300
pgloadind     OTT ID reused in tree
pgloadind       duplicate name "Melanelixia fuliginosa" nexsonid "node657356"
pgloadind       duplicate OTT ID 20300
pgloadind     OTT ID reused in tree
pgloadind       duplicate name "Melanelixia fuliginosa" nexsonid "node657358"
pgloadind       duplicate OTT ID 20300
pgloadind     OTT ID reused in tree
pgloadind       duplicate name "Melanelixia fuliginosa" nexsonid "node657359"
pgloadind       duplicate OTT ID 20300
pgloadind     OTT ID reused in tree
pgloadind       duplicate name "Melanelixia" nexsonid "node657363"
pgloadind       duplicate OTT ID 521800
pgloadind     OTT ID reused in tree
pgloadind       duplicate name "Melanelixia" nexsonid "node657365"
pgloadind       duplicate OTT ID 521800
pgloadind     OTT ID reused in tree
pgloadind       duplicate name "Melanelixia" nexsonid "node657368"
pgloadind       duplicate OTT ID 521800
pgloadind     OTT ID reused in tree
pgloadind       duplicate name "Melanelixia" nexsonid "node657369"
pgloadind       duplicate OTT ID 521800
pgloadind     OTT ID reused in tree
pgloadind       duplicate name "Melanelixia" nexsonid "node657371"
pgloadind       duplicate OTT ID 521800
pgloadind     OTT ID reused in tree
pgloadind       duplicate name "Melanelixia" nexsonid "node657373"
pgloadind       duplicate OTT ID 521800
pgloadind     OTT ID reused in tree
pgloadind       duplicate name "Melanelixia" nexsonid "node657375"
pgloadind       duplicate OTT ID 521800
pgloadind     OTT ID reused in tree
pgloadind       duplicate name "Melanelixia" nexsonid "node657377"
pgloadind       duplicate OTT ID 521800
pgloadind     OTT ID reused in tree
pgloadind       duplicate name "Melanelixia" nexsonid "node657380"
pgloadind       duplicate OTT ID 521800
pgloadind     OTT ID reused in tree
pgloadind       duplicate name "Melanelixia" nexsonid "node657381"
pgloadind       duplicate OTT ID 521800
pgloadind     OTT ID reused in tree
pgloadind       duplicate name "Melanelixia" nexsonid "node657383"
pgloadind       duplicate OTT ID 521800
pgloadind     OTT ID reused in tree
pgloadind       duplicate name "Melanelixia" nexsonid "node657385"
pgloadind       duplicate OTT ID 521800
pgloadind     OTT ID reused in tree
pgloadind       duplicate name "Melanelixia" nexsonid "node657386"
pgloadind       duplicate OTT ID 521800
pgloadind     overlapping tips
pgloadind       overlapping retained name "Melanelixia fuliginosa" nexsonid "node657289"
pgloadind       overlapping pruned name "Melanelixia" nexsonid "node657361"
pgloadind     pruning dups and overlapping name "Melanelixia fuliginosa" nexsonid "node657358"
pgloadind     pruning dups and overlapping name "Melanelixia fuliginosa" nexsonid "node657292"
pgloadind     pruning dups and overlapping name "Melanelia subaurifera" nexsonid "node657326"
pgloadind     pruning dups and overlapping name "Melanelixia fuliginosa" nexsonid "node657337"
pgloadind     pruning dups and overlapping name "Melanelia subaurifera" nexsonid "node657298"
pgloadind     pruning dups and overlapping name "Melanelixia" nexsonid "node657361"
pgloadind     pruning dups and overlapping name "Melanelia subaurifera" nexsonid "node657319"
pgloadind     pruning dups and overlapping name "Melanelixia" nexsonid "node657380"
pgloadind     pruning dups and overlapping name "Melanelia subaurifera" nexsonid "node657320"
pgloadind     pruning dups and overlapping name "Melanelixia" nexsonid "node657363"
pgloadind     pruning dups and overlapping name "Melanelia subaurifera" nexsonid "node657328"
pgloadind     pruning dups and overlapping name "Melanelixia" nexsonid "node657386"
pgloadind     pruning dups and overlapping name "Melanelia subaurifera" nexsonid "node657317"
pgloadind     pruning dups and overlapping name "Melanelixia fuliginosa" nexsonid "node657359"
pgloadind     pruning dups and overlapping name "Melanelixia fuliginosa" nexsonid "node657291"
pgloadind     pruning dups and overlapping name "Melanelixia" nexsonid "node657365"
pgloadind     pruning dups and overlapping name "Melanelixia" nexsonid "node657383"
pgloadind     pruning dups and overlapping name "Melanelixia" nexsonid "node657369"
pgloadind     pruning dups and overlapping name "Melanelixia fuliginosa" nexsonid "node657346"
pgloadind     pruning dups and overlapping name "Melanelixia fuliginosa" nexsonid "node657342"
pgloadind     pruning dups and overlapping name "Melanelixia" nexsonid "node657375"
pgloadind     pruning dups and overlapping name "Melanelixia fuliginosa" nexsonid "node657352"
pgloadind     pruning dups and overlapping name "Melanelia subaurifera" nexsonid "node657301"
pgloadind     pruning dups and overlapping name "Melanelixia fuliginosa" nexsonid "node657349"
pgloadind     pruning dups and overlapping name "Melanelixia fuliginosa" nexsonid "node657356"
pgloadind     pruning dups and overlapping name "Melanelixia" nexsonid "node657373"
pgloadind     pruning dups and overlapping name "Melanelixia fuliginosa" nexsonid "node657335"
pgloadind     pruning dups and overlapping name "Melanelixia" nexsonid "node657368"
pgloadind     pruning dups and overlapping name "Melanelia subaurifera" nexsonid "node657297"
pgloadind     pruning dups and overlapping name "Melanelixia fuliginosa" nexsonid "node657340"
pgloadind     pruning dups and overlapping name "Melanelia subaurifera" nexsonid "node657315"
pgloadind     pruning dups and overlapping name "Melanelia subaurifera" nexsonid "node657314"
pgloadind     pruning dups and overlapping name "Melanelia subaurifera" nexsonid "node657304"
pgloadind     pruning dups and overlapping name "Melanelixia" nexsonid "node657381"
pgloadind     pruning dups and overlapping name "Melanelia subaurifera" nexsonid "node657331"
pgloadind     pruning dups and overlapping name "Melanelixia" nexsonid "node657371"
pgloadind     pruning dups and overlapping name "Melanelixia" nexsonid "node657377"
pgloadind     pruning dups and overlapping name "Melanelixia fuliginosa" nexsonid "node657350"
pgloadind     pruning dups and overlapping name "Melanelia subaurifera" nexsonid "node657305"
pgloadind     pruning dups and overlapping name "Melanelia subaurifera" nexsonid "node657330"
pgloadind     pruning dups and overlapping name "Melanelia subaurifera" nexsonid "node657307"
pgloadind     pruning dups and overlapping name "Melanelia subaurifera" nexsonid "node657325"
pgloadind     pruning dups and overlapping name "Melanelixia" nexsonid "node657385"
pgloadind     pruning dups and overlapping name "Melanelia subaurifera" nexsonid "node657323"
pgloadind     pruning dups and overlapping name "Melanelia subaurifera" nexsonid "node657310"
pgloadind     pruning dups and overlapping name "Melanelixia fuliginosa" nexsonid "node657354"
pgloadind     pruning dups and overlapping name "Melanelixia fuliginosa" nexsonid "node657345"
pgloadind     pruning dups and overlapping name "Melanelia subaurifera" nexsonid "node657308"
pgloadind     pruning dups and overlapping name "Melanelixia fuliginosa" nexsonid "node657339"
pgloadind   postpruning newick tree "(Melanelixia_fuliginosa,Melanelia_subaurifera)"
pgloadind   taxon mapping summary
pgloadind     taxon mapping OTT ID 20300 taxonomy "Melanelixia fuliginosa->Melanelixia->Parmeliaceae->Lecanorales->Lecanoromycetidae->Lecanoromycetes->Leotiomyceta->Pezizomycotina->saccharomyceta->Ascomycota->Dikarya->Fungi->Nucletmycea->Opisthokonta->Eukaryota->cellular organisms->life" nexsonid "node657289"
pgloadind     taxon mapping OTT ID 20310 taxonomy "Melanelia subaurifera->Melanelia->Parmeliaceae->Lecanorales->Lecanoromycetidae->Lecanoromycetes->Leotiomyceta->Pezizomycotina->saccharomyceta->Ascomycota->Dikarya->Fungi->Nucletmycea->Opisthokonta->Eukaryota->cellular organisms->life" nexsonid "node657295"
done fixing name
pgloadind Finished with attempts to fix names
pgloadind   Checking for uniqueness of OTT IDs tree id "3269"
pgloadind   Adding tree to graph tree id "3269"
all trees have all taxa: false
	using bipartition technique
attempting to remap tips to deepest exemplified taxa
	Melanelixia fuliginosa was remapped to 'Melanelixia' (id=189602)
	Melanelia subaurifera was remapped to 'Melanelia' (id=192377)
this is the ROOT
placing root in index
Dealing with metadata property: id
Dealing with metadata property: ot:studyPublicationReference
Adding property 'ot:studyPublicationReference': Leavitt, S. D., T. L. Esslinger, P. K. Divakar, and H. T. Lumbsch. "Miocene divergence, cryptic lineages, and contrasting distribution patterns in common camouflage lichen fungi (Parmeliaceae, Ascomycota)." Biological Journal of the Linnean Society 107 (2012): 920-937.
Dealing with metadata property: ot:focalCladeOTTTaxonName
Adding property 'ot:focalCladeOTTTaxonName': Parmeliaceae
Dealing with metadata property: ot:studyYear
Adding property 'ot:studyYear': 2012
Dealing with metadata property: ot:inGroupClade
Adding property 'ot:inGroupClade': node657286
Dealing with metadata property: ot:curatorName
Adding property 'ot:curatorName': Romina Gazis
Dealing with metadata property: ot:studyPublication
Adding property 'ot:studyPublication': http://dx.doi.org/10.1111/j.1095-8312.2012.01978.x
Dealing with metadata property: ot:focalClade
Adding property 'ot:focalClade': 305904
Dealing with metadata property: ot:curatedType
Adding property 'ot:curatedType': ML, ITS + LSU + IGS + MCM7 + RPB1 + RPB2
Dealing with metadata property: ot:studyId
Adding property 'ot:studyId': 1620
Dealing with metadata property: ot:dataDeposit
Adding property 'ot:dataDeposit': http://purl.org/phylo/treebase/phylows/study/TB2:S12679
Committing nodes: 3
