pgloadind OTUs number 96
pgloadind Processing tree @id "3387"
pgloadind   tree info number nodes 132
pgloadind   tree info number edges 131
pgloadind   Ingested tree number of external nodes 67
pgloadind   property added ot:studyPublicationReference "Suh S., & Blackwell M. 1999. Molecular phylogeny of the cleistothecial fungi placed in Cephalothecaceae and Pseudeurotiaceae. Mycologia, 91(5): 836-848."
pgloadind   property added ot:studyPublication "http://dx.doi.org/10.2307/3761537"
pgloadind   property added ot:curatorName "Romina Gazis"
pgloadind   property added ot:dataDeposit "http://purl.org/phylo/treebase/phylows/study/TB2:S553"
pgloadind   property added ot:studyId "1682"
pgloadind   property added ot:studyYear "1999"
pgloadind   property added ot:focalClade "439373"
pgloadind   property added ot:focalCladeOTTTaxonName "Ascomycota"
pgloadind   property added ot:curatedType "NJ, SSU"
pgloadind Processing tree @id "3388"
pgloadind   tree info number nodes 68
pgloadind   tree info number edges 67
pgloadind   tree info ingroup "node670135"
pgloadind   Setting ingroup root node.
pgloadind   Ingested tree number of external nodes 33
pgloadind   property added ot:studyPublicationReference "Suh S., & Blackwell M. 1999. Molecular phylogeny of the cleistothecial fungi placed in Cephalothecaceae and Pseudeurotiaceae. Mycologia, 91(5): 836-848."
pgloadind   property added ot:studyPublication "http://dx.doi.org/10.2307/3761537"
pgloadind   property added ot:curatorName "Romina Gazis"
pgloadind   property added ot:dataDeposit "http://purl.org/phylo/treebase/phylows/study/TB2:S553"
pgloadind   property added ot:studyId "1682"
pgloadind   property added ot:studyYear "1999"
pgloadind   property added ot:focalClade "439373"
pgloadind   property added ot:focalCladeOTTTaxonName "Ascomycota"
pgloadind   property added ot:inGroupClade "node670135"
pgloadind   property added ot:curatedType "MP, SSU"
pgloadind Processing tree @id "3389"
pgloadind   tree info number nodes 91
pgloadind   tree info number edges 90
pgloadind   tree info ingroup "node670202"
pgloadind   Setting ingroup root node.
pgloadind   Ingested tree number of external nodes 46
pgloadind   property added ot:studyPublicationReference "Suh S., & Blackwell M. 1999. Molecular phylogeny of the cleistothecial fungi placed in Cephalothecaceae and Pseudeurotiaceae. Mycologia, 91(5): 836-848."
pgloadind   property added ot:studyPublication "http://dx.doi.org/10.2307/3761537"
pgloadind   property added ot:curatorName "Romina Gazis"
pgloadind   property added ot:dataDeposit "http://purl.org/phylo/treebase/phylows/study/TB2:S553"
pgloadind   property added ot:studyId "1682"
pgloadind   property added ot:studyYear "1999"
pgloadind   property added ot:focalClade "439373"
pgloadind   property added ot:focalCladeOTTTaxonName "Ascomycota"
pgloadind   property added ot:inGroupClade "node670202"
pgloadind   property added ot:curatedType "MP, LSU"
pgloadind Processing tree @id "3390"
pgloadind   tree info number nodes 61
pgloadind   tree info number edges 60
pgloadind   tree info ingroup "node670293"
pgloadind   Setting ingroup root node.
pgloadind   Ingested tree number of external nodes 30
pgloadind   property added ot:studyPublicationReference "Suh S., & Blackwell M. 1999. Molecular phylogeny of the cleistothecial fungi placed in Cephalothecaceae and Pseudeurotiaceae. Mycologia, 91(5): 836-848."
pgloadind   property added ot:studyPublication "http://dx.doi.org/10.2307/3761537"
pgloadind   property added ot:curatorName "Romina Gazis"
pgloadind   property added ot:dataDeposit "http://purl.org/phylo/treebase/phylows/study/TB2:S553"
pgloadind   property added ot:studyId "1682"
pgloadind   property added ot:studyYear "1999"
pgloadind   property added ot:focalClade "439373"
pgloadind   property added ot:focalCladeOTTTaxonName "Ascomycota"
pgloadind   property added ot:inGroupClade "node670293"
pgloadind   property added ot:curatedType "MP, LSU"
pgloadind Processing tree @id "3391"
pgloadind   tree info number nodes 62
pgloadind   tree info number edges 61
pgloadind   tree info ingroup "node670353"
pgloadind   Setting ingroup root node.
pgloadind   Ingested tree number of external nodes 30
pgloadind   property added ot:studyPublicationReference "Suh S., & Blackwell M. 1999. Molecular phylogeny of the cleistothecial fungi placed in Cephalothecaceae and Pseudeurotiaceae. Mycologia, 91(5): 836-848."
pgloadind   property added ot:studyPublication "http://dx.doi.org/10.2307/3761537"
pgloadind   property added ot:curatorName "Romina Gazis"
pgloadind   property added ot:dataDeposit "http://purl.org/phylo/treebase/phylows/study/TB2:S553"
pgloadind   property added ot:studyId "1682"
pgloadind   property added ot:studyYear "1999"
pgloadind   property added ot:focalClade "439373"
pgloadind   property added ot:focalCladeOTTTaxonName "Ascomycota"
pgloadind   property added ot:inGroupClade "node670353"
pgloadind   property added ot:curatedType "ML, LSU"
pgloadind Processing tree @id "3392"
pgloadind   tree info number nodes 63
pgloadind   tree info number edges 62
pgloadind   tree info ingroup "node670417"
pgloadind   Setting ingroup root node.
pgloadind   Ingested tree number of external nodes 30
pgloadind   property added ot:studyPublicationReference "Suh S., & Blackwell M. 1999. Molecular phylogeny of the cleistothecial fungi placed in Cephalothecaceae and Pseudeurotiaceae. Mycologia, 91(5): 836-848."
pgloadind   property added ot:studyPublication "http://dx.doi.org/10.2307/3761537"
pgloadind   property added ot:curatorName "Romina Gazis"
pgloadind   property added ot:dataDeposit "http://purl.org/phylo/treebase/phylows/study/TB2:S553"
pgloadind   property added ot:studyId "1682"
pgloadind   property added ot:studyYear "1999"
pgloadind   property added ot:focalClade "439373"
pgloadind   property added ot:focalCladeOTTTaxonName "Ascomycota"
pgloadind   property added ot:inGroupClade "node670417"
pgloadind   property added ot:curatedType "MP, LSU + SSU"
pgloadind Processing tree @id "5491"
pgloadind   tree info number nodes 133
pgloadind   tree info number edges 132
pgloadind   tree info ingroup "node944949"
pgloadind   Setting ingroup root node.
pgloadind   Ingested tree number of external nodes 64
pgloadind   property added ot:studyPublicationReference "Suh S., & Blackwell M. 1999. Molecular phylogeny of the cleistothecial fungi placed in Cephalothecaceae and Pseudeurotiaceae. Mycologia, 91(5): 836-848."
pgloadind   property added ot:studyPublication "http://dx.doi.org/10.2307/3761537"
pgloadind   property added ot:curatorName "Romina Gazis"
pgloadind   property added ot:dataDeposit "http://purl.org/phylo/treebase/phylows/study/TB2:S553"
pgloadind   property added ot:studyId "1682"
pgloadind   property added ot:studyYear "1999"
pgloadind   property added ot:focalClade "439373"
pgloadind   property added ot:focalCladeOTTTaxonName "Ascomycota"
pgloadind   property added ot:inGroupClade "node944949"
pgloadind   property added ot:curatedType "NJ, SSU (rooted)"
loading a specific tree: 5491
skipping tree: 3387
skipping tree: 3388
skipping tree: 3389
skipping tree: 3390
skipping tree: 3391
skipping tree: 3392
pgloadind conducting TNRS on trees
pgloadind   name fixing on tree tree id "5491"
pgloadind     OTT ID missing name "Diaporthe phaseolorum" nexsonid "node944993"
pgloadind     OTT ID missing name "Blastomyces dermititidis" nexsonid "node945045"
pgloadind     OTT ID missing name "Inermisia aggregata" nexsonid "node945052"
pgloadind     OTT ID missing name "Leuconeurospora pulcherrima" nexsonid "node945066"
pgloadind     OTT ID missing name "Pseudeurotium zonatum CBS329 36" nexsonid "node945068"
pgloadind     OTT ID missing name "Pseudeurotium zonatum ATCC62440" nexsonid "node945069"
pgloadind     OTT ID missing name "Pleuroascus nicholsonii" nexsonid "node945071"
pgloadind     OTT ID missing name "Connersia rilstonii" nexsonid "node945072"
pgloadind   TNRS unmatched total number 6
pgloadind     pruning unmapped name "Leuconeurospora pulcherrima" nexsonid "node945066"
pgloadind     pruning unmapped name "Inermisia aggregata" nexsonid "node945052"
pgloadind     pruning unmapped name "Pseudeurotium zonatum CBS329 36" nexsonid "node945068"
pgloadind     pruning unmapped name "Connersia rilstonii" nexsonid "node945072"
pgloadind     pruning unmapped name "Pleuroascus nicholsonii" nexsonid "node945071"
pgloadind     pruning unmapped name "Blastomyces dermititidis" nexsonid "node945045"
pgloadind     pruning unmapped name "Pseudeurotium zonatum ATCC62440" nexsonid "node945069"
pgloadind     pruning unmapped name "Diaporthe phaseolorum" nexsonid "node944993"
pgloadind   postpruning newick tree "((Taphrina_deformans,Protomyces_inouyei),(((Candida_tropicalis,Candida_albicans),Saccharomyces_cerevisiae),(((((((Haematonectria_haematococca,((Epichloe_typhina,Claviceps_paspali),Elaphocordyceps_capitata)),((Hapsidospora_irregularis,Nigrosabulum_globosum),Bulbithecium_hyalosporum)),(Emericellopsis_terricola,Leucosphaerina_indica)),(Hypomyces_polyporinus,Hypocrea_schweinitzii)),(Ceratocystis_fimbriata,Microascus_trigonosporus)),((((Cryphonectria_parasitica,Leucostoma_persoonii),(Ophiostoma_ulmi,(Cephalotheca_purpurea,(Sporothrix_schenckii,Ceratocystis_stenoceras)))),(((((Cercophora_septentrionalis,((Chaetomium_globosum,Chaetomium_elatum),Chaetomidium_leptoderma)),Thielavia_terrestris),Sordaria_fimicola),(Neurospora_crassa,Podospora_pauciseta)),((Cephalotheca_sulfurea,Cryptendoxyla_hypophloia),Albertiniella_polyporicola))),((((Annulohypoxylon_atroroseum,Daldinia_concentrica),Diatrype_disciformis),Xylaria_curta),Pidoplitchkoviella_terricola))),(((Exophiala_jeanselmei,(Phialophora_verrucosa,Fonsecaea_pedrosoi)),(((Aspergillus_fumigatus,Aspergillus_ruber),Penicillium_chrysogenum),Onygena_equina)),(((Morchella_esculenta,Tuber_rapaeodorum),Peziza_badia),((((Spathularia_flavida,Cudonia_confusa),Sclerotinia_sclerotiorum),Blumeria_graminis),(Aureobasidium_pullulans,Dothidea_insculpta)))))))"
pgloadind   taxon mapping summary
pgloadind     taxon mapping OTT ID 406032 taxonomy "Taphrina deformans->Taphrina->Taphrinaceae->Taphrinales->Taphrinomycetidae->Taphrinomycetes->Taphrinomycotina->Ascomycota->Dikarya->Fungi->Nucletmycea->Opisthokonta->Eukaryota->cellular organisms->life" nexsonid "node944951"
pgloadind     taxon mapping OTT ID 615479 taxonomy "Protomyces inouyei->Protomyces->Protomycetaceae->Taphrinales->Taphrinomycetidae->Taphrinomycetes->Taphrinomycotina->Ascomycota->Dikarya->Fungi->Nucletmycea->Opisthokonta->Eukaryota->cellular organisms->life" nexsonid "node944952"
pgloadind     taxon mapping OTT ID 408236 taxonomy "Candida tropicalis->Candida->Saccharomycetales->Saccharomycetidae->Saccharomycetes->Saccharomycotina->saccharomyceta->Ascomycota->Dikarya->Fungi->Nucletmycea->Opisthokonta->Eukaryota->cellular organisms->life" nexsonid "node944956"
pgloadind     taxon mapping OTT ID 1034966 taxonomy "Candida albicans->Candida->Saccharomycetales->Saccharomycetidae->Saccharomycetes->Saccharomycotina->saccharomyceta->Ascomycota->Dikarya->Fungi->Nucletmycea->Opisthokonta->Eukaryota->cellular organisms->life" nexsonid "node944957"
pgloadind     taxon mapping OTT ID 908549 taxonomy "Saccharomyces cerevisiae->Saccharomyces->Saccharomycetaceae->Saccharomycetales->Saccharomycetidae->Saccharomycetes->Saccharomycotina->saccharomyceta->Ascomycota->Dikarya->Fungi->Nucletmycea->Opisthokonta->Eukaryota->cellular organisms->life" nexsonid "node944958"
pgloadind     taxon mapping OTT ID 743045 taxonomy "Haematonectria haematococca->Haematonectria->Nectriaceae->Hypocreales->Hypocreomycetidae->Sordariomycetes->Sordariomyceta->Leotiomyceta->Pezizomycotina->saccharomyceta->Ascomycota->Dikarya->Fungi->Nucletmycea->Opisthokonta->Eukaryota->cellular organisms->life" nexsonid "node944966"
pgloadind     taxon mapping OTT ID 103011 taxonomy "Epichloe typhina->Epichloe->Clavicipitaceae->Hypocreales->Hypocreomycetidae->Sordariomycetes->Sordariomyceta->Leotiomyceta->Pezizomycotina->saccharomyceta->Ascomycota->Dikarya->Fungi->Nucletmycea->Opisthokonta->Eukaryota->cellular organisms->life" nexsonid "node944969"
pgloadind     taxon mapping OTT ID 664936 taxonomy "Claviceps paspali->Claviceps->Clavicipitaceae->Hypocreales->Hypocreomycetidae->Sordariomycetes->Sordariomyceta->Leotiomyceta->Pezizomycotina->saccharomyceta->Ascomycota->Dikarya->Fungi->Nucletmycea->Opisthokonta->Eukaryota->cellular organisms->life" nexsonid "node944970"
pgloadind     taxon mapping OTT ID 64406 taxonomy "Elaphocordyceps capitata->Elaphocordyceps->Ophiocordycipitaceae->Hypocreales->Hypocreomycetidae->Sordariomycetes->Sordariomyceta->Leotiomyceta->Pezizomycotina->saccharomyceta->Ascomycota->Dikarya->Fungi->Nucletmycea->Opisthokonta->Eukaryota->cellular organisms->life" nexsonid "node944971"
pgloadind     taxon mapping OTT ID 417286 taxonomy "Hapsidospora irregularis->Hapsidospora->Hypocreales->Hypocreomycetidae->Sordariomycetes->Sordariomyceta->Leotiomyceta->Pezizomycotina->saccharomyceta->Ascomycota->Dikarya->Fungi->Nucletmycea->Opisthokonta->Eukaryota->cellular organisms->life" nexsonid "node944974"
pgloadind     taxon mapping OTT ID 803404 taxonomy "Nigrosabulum globosum->Nigrosabulum->Hypocreales->Hypocreomycetidae->Sordariomycetes->Sordariomyceta->Leotiomyceta->Pezizomycotina->saccharomyceta->Ascomycota->Dikarya->Fungi->Nucletmycea->Opisthokonta->Eukaryota->cellular organisms->life" nexsonid "node944975"
pgloadind     taxon mapping OTT ID 229438 taxonomy "Bulbithecium hyalosporum->Bulbithecium->Bionectriaceae->Hypocreales->Hypocreomycetidae->Sordariomycetes->Sordariomyceta->Leotiomyceta->Pezizomycotina->saccharomyceta->Ascomycota->Dikarya->Fungi->Nucletmycea->Opisthokonta->Eukaryota->cellular organisms->life" nexsonid "node944976"
pgloadind     taxon mapping OTT ID 741646 taxonomy "Emericellopsis terricola->Emericellopsis->Hypocreales->Hypocreomycetidae->Sordariomycetes->Sordariomyceta->Leotiomyceta->Pezizomycotina->saccharomyceta->Ascomycota->Dikarya->Fungi->Nucletmycea->Opisthokonta->Eukaryota->cellular organisms->life" nexsonid "node944978"
pgloadind     taxon mapping OTT ID 803406 taxonomy "Leucosphaerina indica->Leucosphaerina->Bionectriaceae->Hypocreales->Hypocreomycetidae->Sordariomycetes->Sordariomyceta->Leotiomyceta->Pezizomycotina->saccharomyceta->Ascomycota->Dikarya->Fungi->Nucletmycea->Opisthokonta->Eukaryota->cellular organisms->life" nexsonid "node944979"
pgloadind     taxon mapping OTT ID 234765 taxonomy "Hypomyces polyporinus->Hypomyces->Hypocreaceae->Hypocreales->Hypocreomycetidae->Sordariomycetes->Sordariomyceta->Leotiomyceta->Pezizomycotina->saccharomyceta->Ascomycota->Dikarya->Fungi->Nucletmycea->Opisthokonta->Eukaryota->cellular organisms->life" nexsonid "node944981"
pgloadind     taxon mapping OTT ID 5317031 taxonomy "Hypocrea schweinitzii->Hypocrea->Hypocreaceae->Hypocreales->Hypocreomycetidae->Sordariomycetes->Sordariomyceta->Leotiomyceta->Pezizomycotina->saccharomyceta->Ascomycota->Dikarya->Fungi->Nucletmycea->Opisthokonta->Eukaryota->cellular organisms->life" nexsonid "node944982"
pgloadind     taxon mapping OTT ID 1097914 taxonomy "Ceratocystis fimbriata->Ceratocystis->Ceratocystidaceae->Microascales->Hypocreomycetidae->Sordariomycetes->Sordariomyceta->Leotiomyceta->Pezizomycotina->saccharomyceta->Ascomycota->Dikarya->Fungi->Nucletmycea->Opisthokonta->Eukaryota->cellular organisms->life" nexsonid "node944984"
pgloadind     taxon mapping OTT ID 737682 taxonomy "Microascus trigonosporus->Microascus->Microascaceae->Microascales->Hypocreomycetidae->Sordariomycetes->Sordariomyceta->Leotiomyceta->Pezizomycotina->saccharomyceta->Ascomycota->Dikarya->Fungi->Nucletmycea->Opisthokonta->Eukaryota->cellular organisms->life" nexsonid "node944985"
pgloadind     taxon mapping OTT ID 103005 taxonomy "Cryphonectria parasitica->Cryphonectria->Cryphonectriaceae->Diaporthales->Sordariomycetidae->Sordariomycetes->Sordariomyceta->Leotiomyceta->Pezizomycotina->saccharomyceta->Ascomycota->Dikarya->Fungi->Nucletmycea->Opisthokonta->Eukaryota->cellular organisms->life" nexsonid "node944990"
pgloadind     taxon mapping OTT ID 829405 taxonomy "Leucostoma persoonii->Leucostoma->Valsaceae->Diaporthales->Sordariomycetidae->Sordariomycetes->Sordariomyceta->Leotiomyceta->Pezizomycotina->saccharomyceta->Ascomycota->Dikarya->Fungi->Nucletmycea->Opisthokonta->Eukaryota->cellular organisms->life" nexsonid "node944992"
pgloadind     taxon mapping OTT ID 51645 taxonomy "Ophiostoma ulmi->Ophiostoma->Ophiostomataceae->Ophiostomatales->Sordariomycetidae->Sordariomycetes->Sordariomyceta->Leotiomyceta->Pezizomycotina->saccharomyceta->Ascomycota->Dikarya->Fungi->Nucletmycea->Opisthokonta->Eukaryota->cellular organisms->life" nexsonid "node944995"
pgloadind     taxon mapping OTT ID 5316482 taxonomy "Cephalotheca purpurea->Cephalotheca->Cephalothecaceae->Sordariales->Sordariomycetidae->Sordariomycetes->Sordariomyceta->Leotiomyceta->Pezizomycotina->saccharomyceta->Ascomycota->Dikarya->Fungi->Nucletmycea->Opisthokonta->Eukaryota->cellular organisms->life" nexsonid "node944997"
pgloadind     taxon mapping OTT ID 170043 taxonomy "Sporothrix schenckii->Sporothrix->Ophiostomataceae->Ophiostomatales->Sordariomycetidae->Sordariomycetes->Sordariomyceta->Leotiomyceta->Pezizomycotina->saccharomyceta->Ascomycota->Dikarya->Fungi->Nucletmycea->Opisthokonta->Eukaryota->cellular organisms->life" nexsonid "node944999"
pgloadind     taxon mapping OTT ID 5316943 taxonomy "Ceratocystis stenoceras->Ceratocystis->Ceratocystidaceae->Microascales->Hypocreomycetidae->Sordariomycetes->Sordariomyceta->Leotiomyceta->Pezizomycotina->saccharomyceta->Ascomycota->Dikarya->Fungi->Nucletmycea->Opisthokonta->Eukaryota->cellular organisms->life" nexsonid "node945000"
pgloadind     taxon mapping OTT ID 234763 taxonomy "Cercophora septentrionalis->Cercophora->Lasiosphaeriaceae->Sordariales->Sordariomycetidae->Sordariomycetes->Sordariomyceta->Leotiomyceta->Pezizomycotina->saccharomyceta->Ascomycota->Dikarya->Fungi->Nucletmycea->Opisthokonta->Eukaryota->cellular organisms->life" nexsonid "node945006"
pgloadind     taxon mapping OTT ID 758745 taxonomy "Chaetomium globosum->Chaetomium->Chaetomiaceae->Sordariales->Sordariomycetidae->Sordariomycetes->Sordariomyceta->Leotiomyceta->Pezizomycotina->saccharomyceta->Ascomycota->Dikarya->Fungi->Nucletmycea->Opisthokonta->Eukaryota->cellular organisms->life" nexsonid "node945009"
pgloadind     taxon mapping OTT ID 1099022 taxonomy "Chaetomium elatum->Chaetomium->Chaetomiaceae->Sordariales->Sordariomycetidae->Sordariomycetes->Sordariomyceta->Leotiomyceta->Pezizomycotina->saccharomyceta->Ascomycota->Dikarya->Fungi->Nucletmycea->Opisthokonta->Eukaryota->cellular organisms->life" nexsonid "node945010"
pgloadind     taxon mapping OTT ID 525271 taxonomy "Chaetomidium leptoderma->Chaetomidium->Chaetomiaceae->Sordariales->Sordariomycetidae->Sordariomycetes->Sordariomyceta->Leotiomyceta->Pezizomycotina->saccharomyceta->Ascomycota->Dikarya->Fungi->Nucletmycea->Opisthokonta->Eukaryota->cellular organisms->life" nexsonid "node945011"
pgloadind     taxon mapping OTT ID 606635 taxonomy "Thielavia terrestris->Thielavia->Chaetomiaceae->Sordariales->Sordariomycetidae->Sordariomycetes->Sordariomyceta->Leotiomyceta->Pezizomycotina->saccharomyceta->Ascomycota->Dikarya->Fungi->Nucletmycea->Opisthokonta->Eukaryota->cellular organisms->life" nexsonid "node945012"
pgloadind     taxon mapping OTT ID 615465 taxonomy "Sordaria fimicola->Sordaria->Sordariaceae->Sordariales->Sordariomycetidae->Sordariomycetes->Sordariomyceta->Leotiomyceta->Pezizomycotina->saccharomyceta->Ascomycota->Dikarya->Fungi->Nucletmycea->Opisthokonta->Eukaryota->cellular organisms->life" nexsonid "node945013"
pgloadind     taxon mapping OTT ID 572462 taxonomy "Neurospora crassa->Neurospora->Sordariaceae->Sordariales->Sordariomycetidae->Sordariomycetes->Sordariomyceta->Leotiomyceta->Pezizomycotina->saccharomyceta->Ascomycota->Dikarya->Fungi->Nucletmycea->Opisthokonta->Eukaryota->cellular organisms->life" nexsonid "node945015"
pgloadind     taxon mapping OTT ID 155361 taxonomy "Podospora pauciseta->Podospora->Lasiosphaeriaceae->Sordariales->Sordariomycetidae->Sordariomycetes->Sordariomyceta->Leotiomyceta->Pezizomycotina->saccharomyceta->Ascomycota->Dikarya->Fungi->Nucletmycea->Opisthokonta->Eukaryota->cellular organisms->life" nexsonid "node945016"
pgloadind     taxon mapping OTT ID 649022 taxonomy "Cephalotheca sulfurea->Cephalotheca->Cephalothecaceae->Sordariales->Sordariomycetidae->Sordariomycetes->Sordariomyceta->Leotiomyceta->Pezizomycotina->saccharomyceta->Ascomycota->Dikarya->Fungi->Nucletmycea->Opisthokonta->Eukaryota->cellular organisms->life" nexsonid "node945019"
pgloadind     taxon mapping OTT ID 499280 taxonomy "Cryptendoxyla hypophloia->Cryptendoxyla->Cephalothecaceae->Sordariales->Sordariomycetidae->Sordariomycetes->Sordariomyceta->Leotiomyceta->Pezizomycotina->saccharomyceta->Ascomycota->Dikarya->Fungi->Nucletmycea->Opisthokonta->Eukaryota->cellular organisms->life" nexsonid "node945020"
pgloadind     taxon mapping OTT ID 229450 taxonomy "Albertiniella polyporicola->Albertiniella->Cephalothecaceae->Sordariales->Sordariomycetidae->Sordariomycetes->Sordariomyceta->Leotiomyceta->Pezizomycotina->saccharomyceta->Ascomycota->Dikarya->Fungi->Nucletmycea->Opisthokonta->Eukaryota->cellular organisms->life" nexsonid "node945021"
pgloadind     taxon mapping OTT ID 234785 taxonomy "Annulohypoxylon atroroseum->Annulohypoxylon->Xylariaceae->Xylariales->Xylariomycetidae->Sordariomycetes->Sordariomyceta->Leotiomyceta->Pezizomycotina->saccharomyceta->Ascomycota->Dikarya->Fungi->Nucletmycea->Opisthokonta->Eukaryota->cellular organisms->life" nexsonid "node945026"
pgloadind     taxon mapping OTT ID 183726 taxonomy "Daldinia concentrica->Daldinia->Xylariaceae->Xylariales->Xylariomycetidae->Sordariomycetes->Sordariomyceta->Leotiomyceta->Pezizomycotina->saccharomyceta->Ascomycota->Dikarya->Fungi->Nucletmycea->Opisthokonta->Eukaryota->cellular organisms->life" nexsonid "node945027"
pgloadind     taxon mapping OTT ID 183727 taxonomy "Diatrype disciformis->Diatrype->Diatrypaceae->Xylariales->Xylariomycetidae->Sordariomycetes->Sordariomyceta->Leotiomyceta->Pezizomycotina->saccharomyceta->Ascomycota->Dikarya->Fungi->Nucletmycea->Opisthokonta->Eukaryota->cellular organisms->life" nexsonid "node945028"
pgloadind     taxon mapping OTT ID 620715 taxonomy "Xylaria curta->Xylaria->Xylariaceae->Xylariales->Xylariomycetidae->Sordariomycetes->Sordariomyceta->Leotiomyceta->Pezizomycotina->saccharomyceta->Ascomycota->Dikarya->Fungi->Nucletmycea->Opisthokonta->Eukaryota->cellular organisms->life" nexsonid "node945029"
pgloadind     taxon mapping OTT ID 568854 taxonomy "Pidoplitchkoviella terricola->Pidoplitchkoviella->Xylariales->Xylariomycetidae->Sordariomycetes->Sordariomyceta->Leotiomyceta->Pezizomycotina->saccharomyceta->Ascomycota->Dikarya->Fungi->Nucletmycea->Opisthokonta->Eukaryota->cellular organisms->life" nexsonid "node945030"
pgloadind     taxon mapping OTT ID 1041470 taxonomy "Exophiala jeanselmei->Exophiala->Herpotrichiellaceae->Chaetothyriales->Chaetothyriomycetidae->Eurotiomycetes->Leotiomyceta->Pezizomycotina->saccharomyceta->Ascomycota->Dikarya->Fungi->Nucletmycea->Opisthokonta->Eukaryota->cellular organisms->life" nexsonid "node945034"
pgloadind     taxon mapping OTT ID 376062 taxonomy "Phialophora verrucosa->Phialophora->Herpotrichiellaceae->Chaetothyriales->Chaetothyriomycetidae->Eurotiomycetes->Leotiomyceta->Pezizomycotina->saccharomyceta->Ascomycota->Dikarya->Fungi->Nucletmycea->Opisthokonta->Eukaryota->cellular organisms->life" nexsonid "node945036"
pgloadind     taxon mapping OTT ID 64522 taxonomy "Fonsecaea pedrosoi->Fonsecaea->Herpotrichiellaceae->Chaetothyriales->Chaetothyriomycetidae->Eurotiomycetes->Leotiomyceta->Pezizomycotina->saccharomyceta->Ascomycota->Dikarya->Fungi->Nucletmycea->Opisthokonta->Eukaryota->cellular organisms->life" nexsonid "node945037"
pgloadind     taxon mapping OTT ID 278828 taxonomy "Aspergillus fumigatus->Aspergillus->Trichocomaceae->Eurotiales->Eurotiomycetidae->Eurotiomycetes->Leotiomyceta->Pezizomycotina->saccharomyceta->Ascomycota->Dikarya->Fungi->Nucletmycea->Opisthokonta->Eukaryota->cellular organisms->life" nexsonid "node945041"
pgloadind     taxon mapping OTT ID 118490 taxonomy "Aspergillus ruber->Aspergillus->Trichocomaceae->Eurotiales->Eurotiomycetidae->Eurotiomycetes->Leotiomyceta->Pezizomycotina->saccharomyceta->Ascomycota->Dikarya->Fungi->Nucletmycea->Opisthokonta->Eukaryota->cellular organisms->life" nexsonid "node945042"
pgloadind     taxon mapping OTT ID 226485 taxonomy "Penicillium chrysogenum->Penicillium chrysogenum complex->Penicillium->Trichocomaceae->Eurotiales->Eurotiomycetidae->Eurotiomycetes->Leotiomyceta->Pezizomycotina->saccharomyceta->Ascomycota->Dikarya->Fungi->Nucletmycea->Opisthokonta->Eukaryota->cellular organisms->life" nexsonid "node945043"
pgloadind     taxon mapping OTT ID 903003 taxonomy "Onygena equina->Onygena->Onygenaceae->Onygenales->Eurotiomycetidae->Eurotiomycetes->Leotiomyceta->Pezizomycotina->saccharomyceta->Ascomycota->Dikarya->Fungi->Nucletmycea->Opisthokonta->Eukaryota->cellular organisms->life" nexsonid "node945046"
pgloadind     taxon mapping OTT ID 952133 taxonomy "Morchella esculenta->Morchella esculenta clade->Morchella->Morchellaceae->Pezizales->Pezizomycetidae->Pezizomycetes->Pezizomycotina->saccharomyceta->Ascomycota->Dikarya->Fungi->Nucletmycea->Opisthokonta->Eukaryota->cellular organisms->life" nexsonid "node945053"
pgloadind     taxon mapping OTT ID 18835 taxonomy "Tuber rapaeodorum->Tuber->Tuberaceae->Pezizales->Pezizomycetidae->Pezizomycetes->Pezizomycotina->saccharomyceta->Ascomycota->Dikarya->Fungi->Nucletmycea->Opisthokonta->Eukaryota->cellular organisms->life" nexsonid "node945051"
pgloadind     taxon mapping OTT ID 1014723 taxonomy "Peziza badia->Peziza->Pyronemataceae->Pezizales->Pezizomycetidae->Pezizomycetes->Pezizomycotina->saccharomyceta->Ascomycota->Dikarya->Fungi->Nucletmycea->Opisthokonta->Eukaryota->cellular organisms->life" nexsonid "node945054"
pgloadind     taxon mapping OTT ID 332571 taxonomy "Spathularia flavida->Spathularia->Cudoniaceae->Rhytismatales->Leotiomycetes->Sordariomyceta->Leotiomyceta->Pezizomycotina->saccharomyceta->Ascomycota->Dikarya->Fungi->Nucletmycea->Opisthokonta->Eukaryota->cellular organisms->life" nexsonid "node945059"
pgloadind     taxon mapping OTT ID 332578 taxonomy "Cudonia confusa->Cudonia->Cudoniaceae->Rhytismatales->Leotiomycetes->Sordariomyceta->Leotiomyceta->Pezizomycotina->saccharomyceta->Ascomycota->Dikarya->Fungi->Nucletmycea->Opisthokonta->Eukaryota->cellular organisms->life" nexsonid "node945060"
pgloadind     taxon mapping OTT ID 880963 taxonomy "Sclerotinia sclerotiorum->Sclerotinia->Sclerotiniaceae->Helotiales->Leotiomycetes->Sordariomyceta->Leotiomyceta->Pezizomycotina->saccharomyceta->Ascomycota->Dikarya->Fungi->Nucletmycea->Opisthokonta->Eukaryota->cellular organisms->life" nexsonid "node945061"
pgloadind     taxon mapping OTT ID 555363 taxonomy "Blumeria graminis->Blumeria->Erysiphaceae->Erysiphales->Leotiomycetes->Sordariomyceta->Leotiomyceta->Pezizomycotina->saccharomyceta->Ascomycota->Dikarya->Fungi->Nucletmycea->Opisthokonta->Eukaryota->cellular organisms->life" nexsonid "node945064"
pgloadind     taxon mapping OTT ID 1041477 taxonomy "Aureobasidium pullulans->Aureobasidium->mitosporic Dothioraceae->Dothioraceae->Dothideales->Dothideomycetidae->Dothideomycetes->Dothideomyceta->Leotiomyceta->Pezizomycotina->saccharomyceta->Ascomycota->Dikarya->Fungi->Nucletmycea->Opisthokonta->Eukaryota->cellular organisms->life" nexsonid "node945074"
pgloadind     taxon mapping OTT ID 666122 taxonomy "Dothidea insculpta->Dothidea->Dothideaceae->Dothideales->Dothideomycetidae->Dothideomycetes->Dothideomyceta->Leotiomyceta->Pezizomycotina->saccharomyceta->Ascomycota->Dikarya->Fungi->Nucletmycea->Opisthokonta->Eukaryota->cellular organisms->life" nexsonid "node945075"
done fixing name
pgloadind Finished with attempts to fix names
pgloadind   Checking for uniqueness of OTT IDs tree id "5491"
pgloadind   Adding tree to graph tree id "5491"
all trees have all taxa: false
	using bipartition technique
attempting to remap tips to deepest exemplified taxa
	Cercophora septentrionalis was remapped to 'Cercophora' (id=3611)
	Emericellopsis terricola was remapped to 'Emericellopsis' (id=38577)
	Cryptendoxyla hypophloia was remapped to 'Cryptendoxyla' (id=2180)
	Daldinia concentrica was remapped to 'Daldinia' (id=49685)
	Saccharomyces cerevisiae was remapped to 'Saccharomycetaceae' (id=247908)
	Hypocrea schweinitzii was remapped to 'Hypocrea' (id=24816)
	Exophiala jeanselmei was remapped to 'Exophiala' (id=94800)
	Leucostoma persoonii was remapped to 'Valsaceae' (id=12701)
	Ophiostoma ulmi was remapped to 'Ophiostoma' (id=5566)
	Annulohypoxylon atroroseum was remapped to 'Annulohypoxylon' (id=53041)
	Elaphocordyceps capitata was remapped to 'Ophiocordycipitaceae' (id=40182)
	Hapsidospora irregularis was remapped to 'Hapsidospora' (id=38623)
	Leucosphaerina indica was remapped to 'Leucosphaerina' (id=37308)
	Microascus trigonosporus was remapped to 'Microascaceae' (id=21413)
	Fonsecaea pedrosoi was remapped to 'Fonsecaea' (id=95010)
	Cryphonectria parasitica was remapped to 'Cryphonectriaceae' (id=16242)
	Penicillium chrysogenum was remapped to 'Penicillium' (id=98535)
	Pidoplitchkoviella terricola was remapped to 'Pidoplitchkoviella' (id=53897)
	Haematonectria haematococca was remapped to 'Nectriaceae' (id=27538)
	Hypomyces polyporinus was remapped to 'Hypomyces' (id=25448)
	Dothidea insculpta was remapped to 'Dothideaceae' (id=162008)
	Tuber rapaeodorum was remapped to 'Tuberaceae' (id=241563)
	Morchella esculenta was remapped to 'Morchellaceae' (id=235525)
	Sporothrix schenckii was remapped to 'Sporothrix' (id=6246)
	Sclerotinia sclerotiorum was remapped to 'Helotiales' (id=64182)
	Epichloe typhina was remapped to 'Epichloe' (id=24089)
	Claviceps paspali was remapped to 'Claviceps' (id=23976)
	Spathularia flavida was remapped to 'Spathularia' (id=63697)
	Xylaria curta was remapped to 'Xylaria' (id=51663)
	Sordaria fimicola was remapped to 'Sordaria' (id=4709)
	Cudonia confusa was remapped to 'Cudonia' (id=63675)
	Podospora pauciseta was remapped to 'Podospora' (id=3957)
	Diatrype disciformis was remapped to 'Diatrypaceae' (id=44577)
	Neurospora crassa was remapped to 'Neurospora' (id=4612)
	Taphrina deformans was remapped to 'Taphrinaceae' (id=426)
	Nigrosabulum globosum was remapped to 'Nigrosabulum' (id=38773)
	Bulbithecium hyalosporum was remapped to 'Bulbithecium' (id=37303)
	Albertiniella polyporicola was remapped to 'Albertiniella' (id=2138)
	Thielavia terrestris was remapped to 'Thielavia' (id=3041)
	Blumeria graminis was remapped to 'Erysiphales' (id=81303)
	Phialophora verrucosa was remapped to 'Phialophora' (id=95055)
	Onygena equina was remapped to 'Onygenales' (id=102203)
	Protomyces inouyei was remapped to 'Protomycetaceae' (id=308)
	Peziza badia was remapped to 'Pyronemataceae' (id=237234)
	Chaetomidium leptoderma was remapped to 'Chaetomidium' (id=2248)
	Aureobasidium pullulans was remapped to 'Dothioraceae' (id=162416)
this is the ROOT
placing root in index
Dealing with metadata property: id
Dealing with metadata property: ot:studyPublicationReference
Adding property 'ot:studyPublicationReference': Suh S., & Blackwell M. 1999. Molecular phylogeny of the cleistothecial fungi placed in Cephalothecaceae and Pseudeurotiaceae. Mycologia, 91(5): 836-848.
Dealing with metadata property: ot:focalCladeOTTTaxonName
Adding property 'ot:focalCladeOTTTaxonName': Ascomycota
Dealing with metadata property: ot:studyYear
Adding property 'ot:studyYear': 1999
Dealing with metadata property: ot:inGroupClade
Adding property 'ot:inGroupClade': node944949
Dealing with metadata property: ot:curatorName
Adding property 'ot:curatorName': Romina Gazis
Dealing with metadata property: ot:studyPublication
Adding property 'ot:studyPublication': http://dx.doi.org/10.2307/3761537
Dealing with metadata property: ot:focalClade
Adding property 'ot:focalClade': 439373
Dealing with metadata property: ot:curatedType
Adding property 'ot:curatedType': NJ, SSU (rooted)
Dealing with metadata property: ot:studyId
Adding property 'ot:studyId': 1682
Dealing with metadata property: ot:dataDeposit
Adding property 'ot:dataDeposit': http://purl.org/phylo/treebase/phylows/study/TB2:S553
Committing nodes: 111
	adding Node[95613] Eurotiales 800595 as compatible with Node[95880]
		adding Relationship[8416110]
		adding to root Relationship[8416111]
	adding Node[243212] Saccharomycetidae 5292177 as compatible with Node[243213]
		adding Relationship[8416112]
		adding to root Relationship[8416113]
	adding Node[243210] Saccharomycetes 989999 as compatible with Node[243213]
		adding Relationship[8416114]
		adding to root Relationship[8416115]
	adding Node[243209] Saccharomycotina 971714 as compatible with Node[243213]
		adding Relationship[8416116]
		adding to root Relationship[8416117]
	adding Node[305] Taphrinomycetidae 5292180 as compatible with Node[306]
		adding Relationship[8416118]
		adding to root Relationship[8416119]
	adding Node[304] Taphrinomycetes 921288 as compatible with Node[306]
		adding Relationship[8416120]
		adding to root Relationship[8416121]
	adding Node[234] Taphrinomycotina 656312 as compatible with Node[306]
		adding Relationship[8416122]
		adding to root Relationship[8416123]
	adding Node[41664] Xylariomycetidae 936975 as compatible with Node[41665]
		adding Relationship[8416124]
		adding to root Relationship[8416125]
	adding Node[61717] Rhytismatales 68613 as compatible with Node[63674]
		adding Relationship[8416126]
		adding to root Relationship[8416127]
	adding Node[93976] Chaetothyriales 537959 as compatible with Node[94450]
		adding Relationship[8416128]
		adding to root Relationship[8416129]
	adding Node[87159] Chaetothyriomycetidae 81982 as compatible with Node[94450]
		adding Relationship[8416130]
		adding to root Relationship[8416131]
	adding Node[139457] Dothideomycetidae 641537 as compatible with Node[161968]
		adding Relationship[8416132]
		adding to root Relationship[8416133]
	adding Node[108984] Dothideomycetes 346120 as compatible with Node[161968]
		adding Relationship[8416134]
		adding to root Relationship[8416135]
	adding Node[104313] Dothideomyceta 5291460 as compatible with Node[161968]
		adding Relationship[8416136]
		adding to root Relationship[8416137]
	adding Node[234208] Pezizomycetidae 5291463 as compatible with Node[234209]
		adding Relationship[8416138]
		adding to root Relationship[8416139]
	adding Node[234207] Pezizomycetes 346133 as compatible with Node[234209]
		adding Relationship[8416140]
		adding to root Relationship[8416141]
		adding Relationship[8416142] from Node[93976] to Node[87159]
		adding Relationship[8416143] from Node[305] to Node[304]
		adding Relationship[8416144] from Node[3566182] to Node[3566183]
		adding Relationship[8416145] from Node[304] to Node[234]
		adding Relationship[8416146] from Node[234] to Node[231]
		adding Relationship[8416147] from Node[831] to Node[231]
		adding Relationship[8416148] from Node[108984] to Node[104313]
		adding Relationship[8416149] from Node[139457] to Node[108984]
		adding Relationship[8416150] from Node[87159] to Node[87158]
		adding Relationship[8416151] from Node[234208] to Node[234207]
		adding Relationship[8416152] from Node[95613] to Node[95612]
		adding Relationship[8416153] from Node[95612] to Node[87158]
		adding Relationship[8416154] from Node[243212] to Node[243210]
		adding Relationship[8416155] from Node[243209] to Node[831]
		adding Relationship[8416156] from Node[243210] to Node[243209]
