15:38:52.728 [main] WARN  o.neo4j.kernel.EmbeddedGraphDatabase - You are using an unsupported Java runtime. Please use Oracle(R) Java(TM) Runtime Environment 7.
pgloadind OTUs number 9
pgloadind Processing tree @id "1"
pgloadind   tree info number nodes 17
pgloadind   tree info number edges 16
pgloadind   tree info ingroup "node2"
pgloadind   Setting ingroup root node.
pgloadind   Ingested tree number of external nodes 8
pgloadind   property added ot:studyPublicationReference "Ribas, Camila C., Cristina Y. Miyaki, Joel Cracraft. 2009. Phylogenetic relationships, diversification and biogeography in Neotropical Brotogeris parakeets. Journal of Biogeography 36 (9): 1712-1729."
pgloadind   property added ot:candidateTreeForSynthesis "tree1"
pgloadind   property added ot:focalCladeOTTTaxonName "Brotogeris"
pgloadind   property added ot:studyPublication "http://dx.doi.org/10.1111/j.1365-2699.2009.02131.x"
pgloadind   property added ot:dataDeposit ""
pgloadind   property added ot:notIntendedForSynthesis "false"
pgloadind   property added ot:curatorName "Joseph W. Brown"
pgloadind   property added ot:studyYear "2009"
pgloadind   property added ot:studyId "ot_164"
pgloadind   property added ot:comment ""
pgloadind   property added ot:focalClade "851006"
pgloadind   property added ot:unrootedTree "false"
pgloadind   property added ot:curatedType "Maximum likelihood "
pgloadind   property added ot:nearestTaxonMRCAOttId "851006"
pgloadind   property added ot:inGroupClade "node2"
pgloadind   property added ot:nearestTaxonMRCAName "Brotogeris"
pgloadind   property added ot:specifiedRoot "node1"
pgloadind   property added ot:outGroupEdge ""
pgloadind   property added ot:branchLengthTimeUnit ""
pgloadind   property added ot:branchLengthDescription ""
loading a specific tree: 1
pgloadind fixing names in trees
pgloadind   name fixing on tree tree id "1"
pgloadind   all nodes have ottIds
pgloadind   postpruning newick tree "((((Brotogeris_versicolurus,Brotogeris_chiriri),Brotogeris_sanctithomae),Brotogeris_tirica),((Brotogeris_jugularis,Brotogeris_pyrrhopterus),(Brotogeris_cyanoptera,Brotogeris_chrysoptera)))"
pgloadind   taxon mapping summary
pgloadind     taxon mapping OTT ID 789650 taxonomy "Brotogeris versicolurus->Brotogeris->Psittacidae->Psittaciformes->Neognathae->Aves->Coelurosauria->Theropoda->Saurischia->Dinosauria->Archosauria->Testudines + Archosauria group->Sauria->Sauropsida->Amniota->Tetrapoda->Dipnotetrapodomorpha->Sarcopterygii->Euteleostomi->Teleostomi->Gnathostomata->Vertebrata->Craniata->Chordata->Deuterostomia->Bilateria->Eumetazoa->Metazoa->Holozoa->Opisthokonta->Eukaryota->cellular organisms->life" nexsonid "node6"
pgloadind     taxon mapping OTT ID 648764 taxonomy "Brotogeris chiriri->Brotogeris->Psittacidae->Psittaciformes->Neognathae->Aves->Coelurosauria->Theropoda->Saurischia->Dinosauria->Archosauria->Testudines + Archosauria group->Sauria->Sauropsida->Amniota->Tetrapoda->Dipnotetrapodomorpha->Sarcopterygii->Euteleostomi->Teleostomi->Gnathostomata->Vertebrata->Craniata->Chordata->Deuterostomia->Bilateria->Eumetazoa->Metazoa->Holozoa->Opisthokonta->Eukaryota->cellular organisms->life" nexsonid "node7"
pgloadind     taxon mapping OTT ID 372340 taxonomy "Brotogeris sanctithomae->Brotogeris->Psittacidae->Psittaciformes->Neognathae->Aves->Coelurosauria->Theropoda->Saurischia->Dinosauria->Archosauria->Testudines + Archosauria group->Sauria->Sauropsida->Amniota->Tetrapoda->Dipnotetrapodomorpha->Sarcopterygii->Euteleostomi->Teleostomi->Gnathostomata->Vertebrata->Craniata->Chordata->Deuterostomia->Bilateria->Eumetazoa->Metazoa->Holozoa->Opisthokonta->Eukaryota->cellular organisms->life" nexsonid "node8"
pgloadind     taxon mapping OTT ID 847706 taxonomy "Brotogeris tirica->Brotogeris->Psittacidae->Psittaciformes->Neognathae->Aves->Coelurosauria->Theropoda->Saurischia->Dinosauria->Archosauria->Testudines + Archosauria group->Sauria->Sauropsida->Amniota->Tetrapoda->Dipnotetrapodomorpha->Sarcopterygii->Euteleostomi->Teleostomi->Gnathostomata->Vertebrata->Craniata->Chordata->Deuterostomia->Bilateria->Eumetazoa->Metazoa->Holozoa->Opisthokonta->Eukaryota->cellular organisms->life" nexsonid "node9"
pgloadind     taxon mapping OTT ID 717634 taxonomy "Brotogeris jugularis->Brotogeris->Psittacidae->Psittaciformes->Neognathae->Aves->Coelurosauria->Theropoda->Saurischia->Dinosauria->Archosauria->Testudines + Archosauria group->Sauria->Sauropsida->Amniota->Tetrapoda->Dipnotetrapodomorpha->Sarcopterygii->Euteleostomi->Teleostomi->Gnathostomata->Vertebrata->Craniata->Chordata->Deuterostomia->Bilateria->Eumetazoa->Metazoa->Holozoa->Opisthokonta->Eukaryota->cellular organisms->life" nexsonid "node12"
pgloadind     taxon mapping OTT ID 851024 taxonomy "Brotogeris pyrrhopterus->Brotogeris->Psittacidae->Psittaciformes->Neognathae->Aves->Coelurosauria->Theropoda->Saurischia->Dinosauria->Archosauria->Testudines + Archosauria group->Sauria->Sauropsida->Amniota->Tetrapoda->Dipnotetrapodomorpha->Sarcopterygii->Euteleostomi->Teleostomi->Gnathostomata->Vertebrata->Craniata->Chordata->Deuterostomia->Bilateria->Eumetazoa->Metazoa->Holozoa->Opisthokonta->Eukaryota->cellular organisms->life" nexsonid "node13"
pgloadind     taxon mapping OTT ID 847705 taxonomy "Brotogeris cyanoptera->Brotogeris->Psittacidae->Psittaciformes->Neognathae->Aves->Coelurosauria->Theropoda->Saurischia->Dinosauria->Archosauria->Testudines + Archosauria group->Sauria->Sauropsida->Amniota->Tetrapoda->Dipnotetrapodomorpha->Sarcopterygii->Euteleostomi->Teleostomi->Gnathostomata->Vertebrata->Craniata->Chordata->Deuterostomia->Bilateria->Eumetazoa->Metazoa->Holozoa->Opisthokonta->Eukaryota->cellular organisms->life" nexsonid "node15"
pgloadind     taxon mapping OTT ID 183230 taxonomy "Brotogeris chrysoptera->Brotogeris->Psittacidae->Psittaciformes->Neognathae->Aves->Coelurosauria->Theropoda->Saurischia->Dinosauria->Archosauria->Testudines + Archosauria group->Sauria->Sauropsida->Amniota->Tetrapoda->Dipnotetrapodomorpha->Sarcopterygii->Euteleostomi->Teleostomi->Gnathostomata->Vertebrata->Craniata->Chordata->Deuterostomia->Bilateria->Eumetazoa->Metazoa->Holozoa->Opisthokonta->Eukaryota->cellular organisms->life" nexsonid "node16"
done fixing name
pgloadind Finished with attempts to fix names
pgloadind   Checking for uniqueness of OTT IDs tree id "1"
pgloadind   Adding tree to graph tree id "1"
all trees have all taxa: false
	using bipartition technique
attempting to remap tips to deepest exemplified taxa
adding relationships to licas for children
adding relationships to licas for children
adding relationships to licas for children
adding relationships to licas for children
adding relationships to licas for children
adding relationships to licas for children
this is the ROOT
placing root in index
Dealing with metadata property: ot:studyPublicationReference
Adding property 'ot:studyPublicationReference': Ribas, Camila C., Cristina Y. Miyaki, Joel Cracraft. 2009. Phylogenetic relationships, diversification and biogeography in Neotropical Brotogeris parakeets. Journal of Biogeography 36 (9): 1712-1729.
Dealing with metadata property: ot:focalCladeOTTTaxonName
Adding property 'ot:focalCladeOTTTaxonName': Brotogeris
Dealing with metadata property: ot:candidateTreeForSynthesis
Adding property 'ot:candidateTreeForSynthesis': tree1
Dealing with metadata property: ot:branchLengthDescription
Adding property 'ot:branchLengthDescription': 
Dealing with metadata property: ot:comment
Adding property 'ot:comment': 
Dealing with metadata property: ot:outGroupEdge
Adding property 'ot:outGroupEdge': 
Dealing with metadata property: ot:nearestTaxonMRCAName
Adding property 'ot:nearestTaxonMRCAName': Brotogeris
Dealing with metadata property: ot:branchLengthTimeUnit
Adding property 'ot:branchLengthTimeUnit': 
Dealing with metadata property: ot:nearestTaxonMRCAOttId
Adding property 'ot:nearestTaxonMRCAOttId': 851006
Dealing with metadata property: ot:dataDeposit
Adding property 'ot:dataDeposit': 
Dealing with metadata property: ot:studyId
Adding property 'ot:studyId': ot_164
Dealing with metadata property: id
Dealing with metadata property: ot:studyYear
Adding property 'ot:studyYear': 2009
Dealing with metadata property: ot:inGroupClade
Adding property 'ot:inGroupClade': node2
Dealing with metadata property: ot:studyPublication
Adding property 'ot:studyPublication': http://dx.doi.org/10.1111/j.1365-2699.2009.02131.x
Dealing with metadata property: ot:curatorName
Adding property 'ot:curatorName': Joseph W. Brown
Dealing with metadata property: ot:specifiedRoot
Adding property 'ot:specifiedRoot': node1
Dealing with metadata property: ot:unrootedTree
Adding property 'ot:unrootedTree': false
Dealing with metadata property: ot:notIntendedForSynthesis
Adding property 'ot:notIntendedForSynthesis': false
Dealing with metadata property: ot:focalClade
Adding property 'ot:focalClade': 851006
Dealing with metadata property: ot:curatedType
Adding property 'ot:curatedType': Maximum likelihood 
adding relationships to licas for children
Committing nodes: 15
15:39:46.487 [main] WARN  o.neo4j.kernel.EmbeddedGraphDatabase - You are using an unsupported Java runtime. Please use Oracle(R) Java(TM) Runtime Environment 7.
