15:50:25.634 [main] WARN  o.neo4j.kernel.EmbeddedGraphDatabase - You are using an unsupported Java runtime. Please use Oracle(R) Java(TM) Runtime Environment 7.
pgloadind OTUs number 8
pgloadind Processing tree @id "1"
pgloadind   tree info number nodes 15
pgloadind   tree info number edges 14
pgloadind   tree info ingroup "node2"
pgloadind   Setting ingroup root node.
pgloadind   Ingested tree number of external nodes 7
pgloadind   property added ot:studyPublicationReference "Harris, R.B., M.D. Carling, I.J. Lovette. 2014. The influence sampling design on species tree inference: a new relationship for the New World chickadees (Aves: Poecile). Evolution 68 (2): 501-513."
pgloadind   property added ot:candidateTreeForSynthesis "tree1"
pgloadind   property added ot:focalCladeOTTTaxonName "Poecile"
pgloadind   property added ot:studyPublication "http://onlinelibrary.wiley.com/doi/10.1111/evo.12280/full"
pgloadind   property added ot:dataDeposit ""
pgloadind   property added ot:notIntendedForSynthesis "false"
pgloadind   property added ot:curatorName "Joseph W. Brown"
pgloadind   property added ot:studyYear "2014"
pgloadind   property added ot:studyId "ot_173"
pgloadind   property added ot:comment ""
pgloadind   property added ot:focalClade "119892"
pgloadind   property added ot:unrootedTree "false"
pgloadind   property added ot:curatedType "Bayesian inference "
pgloadind   property added ot:nearestTaxonMRCAOttId "119892"
pgloadind   property added ot:inGroupClade "node2"
pgloadind   property added ot:nearestTaxonMRCAName "Poecile"
pgloadind   property added ot:specifiedRoot "node1"
pgloadind   property added ot:outGroupEdge ""
pgloadind   property added ot:branchLengthTimeUnit ""
pgloadind   property added ot:branchLengthDescription ""
loading a specific tree: 1
pgloadind fixing names in trees
pgloadind   name fixing on tree tree id "1"
pgloadind   all nodes have ottIds
pgloadind   postpruning newick tree "(((Poecile_sclateri,Poecile_gambeli),(Poecile_atricapilla,Poecile_carolinensis)),((Poecile_rufescens,Poecile_hudsonica),Poecile_cinctus))"
pgloadind   taxon mapping summary
pgloadind     taxon mapping OTT ID 171825 taxonomy "Poecile sclateri->Poecile->Paridae->Passeriformes->Neognathae->Aves->Coelurosauria->Theropoda->Saurischia->Dinosauria->Archosauria->Testudines + Archosauria group->Sauria->Sauropsida->Amniota->Tetrapoda->Dipnotetrapodomorpha->Sarcopterygii->Euteleostomi->Teleostomi->Gnathostomata->Vertebrata->Craniata->Chordata->Deuterostomia->Bilateria->Eumetazoa->Metazoa->Holozoa->Opisthokonta->Eukaryota->cellular organisms->life" nexsonid "node5"
pgloadind     taxon mapping OTT ID 694655 taxonomy "Poecile gambeli->Poecile->Paridae->Passeriformes->Neognathae->Aves->Coelurosauria->Theropoda->Saurischia->Dinosauria->Archosauria->Testudines + Archosauria group->Sauria->Sauropsida->Amniota->Tetrapoda->Dipnotetrapodomorpha->Sarcopterygii->Euteleostomi->Teleostomi->Gnathostomata->Vertebrata->Craniata->Chordata->Deuterostomia->Bilateria->Eumetazoa->Metazoa->Holozoa->Opisthokonta->Eukaryota->cellular organisms->life" nexsonid "node6"
pgloadind     taxon mapping OTT ID 17262 taxonomy "Poecile atricapilla->Poecile->Paridae->Passeriformes->Neognathae->Aves->Coelurosauria->Theropoda->Saurischia->Dinosauria->Archosauria->Testudines + Archosauria group->Sauria->Sauropsida->Amniota->Tetrapoda->Dipnotetrapodomorpha->Sarcopterygii->Euteleostomi->Teleostomi->Gnathostomata->Vertebrata->Craniata->Chordata->Deuterostomia->Bilateria->Eumetazoa->Metazoa->Holozoa->Opisthokonta->Eukaryota->cellular organisms->life" nexsonid "node8"
pgloadind     taxon mapping OTT ID 17255 taxonomy "Poecile carolinensis->Poecile->Paridae->Passeriformes->Neognathae->Aves->Coelurosauria->Theropoda->Saurischia->Dinosauria->Archosauria->Testudines + Archosauria group->Sauria->Sauropsida->Amniota->Tetrapoda->Dipnotetrapodomorpha->Sarcopterygii->Euteleostomi->Teleostomi->Gnathostomata->Vertebrata->Craniata->Chordata->Deuterostomia->Bilateria->Eumetazoa->Metazoa->Holozoa->Opisthokonta->Eukaryota->cellular organisms->life" nexsonid "node9"
pgloadind     taxon mapping OTT ID 119889 taxonomy "Poecile rufescens->Poecile->Paridae->Passeriformes->Neognathae->Aves->Coelurosauria->Theropoda->Saurischia->Dinosauria->Archosauria->Testudines + Archosauria group->Sauria->Sauropsida->Amniota->Tetrapoda->Dipnotetrapodomorpha->Sarcopterygii->Euteleostomi->Teleostomi->Gnathostomata->Vertebrata->Craniata->Chordata->Deuterostomia->Bilateria->Eumetazoa->Metazoa->Holozoa->Opisthokonta->Eukaryota->cellular organisms->life" nexsonid "node12"
pgloadind     taxon mapping OTT ID 171835 taxonomy "Poecile hudsonica->Poecile->Paridae->Passeriformes->Neognathae->Aves->Coelurosauria->Theropoda->Saurischia->Dinosauria->Archosauria->Testudines + Archosauria group->Sauria->Sauropsida->Amniota->Tetrapoda->Dipnotetrapodomorpha->Sarcopterygii->Euteleostomi->Teleostomi->Gnathostomata->Vertebrata->Craniata->Chordata->Deuterostomia->Bilateria->Eumetazoa->Metazoa->Holozoa->Opisthokonta->Eukaryota->cellular organisms->life" nexsonid "node13"
pgloadind     taxon mapping OTT ID 951128 taxonomy "Poecile cinctus->Poecile->Paridae->Passeriformes->Neognathae->Aves->Coelurosauria->Theropoda->Saurischia->Dinosauria->Archosauria->Testudines + Archosauria group->Sauria->Sauropsida->Amniota->Tetrapoda->Dipnotetrapodomorpha->Sarcopterygii->Euteleostomi->Teleostomi->Gnathostomata->Vertebrata->Craniata->Chordata->Deuterostomia->Bilateria->Eumetazoa->Metazoa->Holozoa->Opisthokonta->Eukaryota->cellular organisms->life" nexsonid "node14"
done fixing name
pgloadind Finished with attempts to fix names
pgloadind   Checking for uniqueness of OTT IDs tree id "1"
pgloadind   Adding tree to graph tree id "1"
all trees have all taxa: false
	using bipartition technique
attempting to remap tips to deepest exemplified taxa
adding relationships to licas for children
adding relationships to licas for children
adding relationships to licas for children
adding relationships to licas for children
adding relationships to licas for children
this is the ROOT
placing root in index
Dealing with metadata property: ot:studyPublicationReference
Adding property 'ot:studyPublicationReference': Harris, R.B., M.D. Carling, I.J. Lovette. 2014. The influence sampling design on species tree inference: a new relationship for the New World chickadees (Aves: Poecile). Evolution 68 (2): 501-513.
Dealing with metadata property: ot:focalCladeOTTTaxonName
Adding property 'ot:focalCladeOTTTaxonName': Poecile
Dealing with metadata property: ot:candidateTreeForSynthesis
Adding property 'ot:candidateTreeForSynthesis': tree1
Dealing with metadata property: ot:branchLengthDescription
Adding property 'ot:branchLengthDescription': 
Dealing with metadata property: ot:comment
Adding property 'ot:comment': 
Dealing with metadata property: ot:outGroupEdge
Adding property 'ot:outGroupEdge': 
Dealing with metadata property: ot:nearestTaxonMRCAName
Adding property 'ot:nearestTaxonMRCAName': Poecile
Dealing with metadata property: ot:branchLengthTimeUnit
Adding property 'ot:branchLengthTimeUnit': 
Dealing with metadata property: ot:nearestTaxonMRCAOttId
Adding property 'ot:nearestTaxonMRCAOttId': 119892
Dealing with metadata property: ot:dataDeposit
Adding property 'ot:dataDeposit': 
Dealing with metadata property: ot:studyId
Adding property 'ot:studyId': ot_173
Dealing with metadata property: id
Dealing with metadata property: ot:studyYear
Adding property 'ot:studyYear': 2014
Dealing with metadata property: ot:inGroupClade
Adding property 'ot:inGroupClade': node2
Dealing with metadata property: ot:studyPublication
Adding property 'ot:studyPublication': http://onlinelibrary.wiley.com/doi/10.1111/evo.12280/full
Dealing with metadata property: ot:curatorName
Adding property 'ot:curatorName': Joseph W. Brown
Dealing with metadata property: ot:specifiedRoot
Adding property 'ot:specifiedRoot': node1
Dealing with metadata property: ot:unrootedTree
Adding property 'ot:unrootedTree': false
Dealing with metadata property: ot:notIntendedForSynthesis
Adding property 'ot:notIntendedForSynthesis': false
Dealing with metadata property: ot:focalClade
Adding property 'ot:focalClade': 119892
Dealing with metadata property: ot:curatedType
Adding property 'ot:curatedType': Bayesian inference 
adding relationships to licas for children
Committing nodes: 13
15:51:18.191 [main] WARN  o.neo4j.kernel.EmbeddedGraphDatabase - You are using an unsupported Java runtime. Please use Oracle(R) Java(TM) Runtime Environment 7.
