15:18:50.253 [main] WARN  o.neo4j.kernel.EmbeddedGraphDatabase - You are using an unsupported Java runtime. Please use Oracle(R) Java(TM) Runtime Environment 7.
pgloadind OTUs number 80
pgloadind Processing tree @id "1"
pgloadind   tree info number nodes 142
pgloadind   tree info number edges 141
pgloadind   tree info ingroup "node4"
pgloadind   Setting ingroup root node.
pgloadind   Ingested tree number of external nodes 75
pgloadind   property added ot:studyPublicationReference "Bonaccorso, Elisa, Juan M. Guayasamin, A. Townsend Peterson, Adolfo G. Navarro-Sigüenza. 2011. Molecular phylogeny and systematics of Neotropical toucanets in the genus Aulacorhynchus (Aves, Ramphastidae). Zoologica Scripta 40 (4): 336-349."
pgloadind   property added ot:candidateTreeForSynthesis "tree1"
pgloadind   property added ot:focalCladeOTTTaxonName "Aulacorhynchus"
pgloadind   property added ot:studyPublication "http://dx.doi.org/10.1111/j.1463-6409.2011.00475.x"
pgloadind   property added ot:dataDeposit ""
pgloadind   property added ot:notIntendedForSynthesis "false"
pgloadind   property added ot:curatorName "Joseph W. Brown"
pgloadind   property added ot:studyYear "2011"
pgloadind   property added ot:studyId "ot_155"
pgloadind   property added ot:comment ""
pgloadind   property added ot:focalClade "291853"
pgloadind   property added ot:unrootedTree "false"
pgloadind   property added ot:curatedType "Bayesian inference "
pgloadind   property added ot:nearestTaxonMRCAOttId "489463"
pgloadind   property added ot:inGroupClade "node4"
pgloadind   property added ot:nearestTaxonMRCAName "Ramphastidae"
pgloadind   property added ot:specifiedRoot "node1"
pgloadind   property added ot:outGroupEdge ""
pgloadind   property added ot:branchLengthTimeUnit ""
pgloadind   property added ot:branchLengthDescription ""
loading a specific tree: 1
pgloadind fixing names in trees
pgloadind   name fixing on tree tree id "1"
pgloadind     OTT ID missing name "Aulacorhynchus sulcatus erythrognathus 1" nexsonid "node48"
pgloadind     OTT ID missing name "Aulacorhynchus sulcatus erythrognathus 2" nexsonid "node50"
pgloadind     OTT ID missing name "Aulacorhynchus sulcatus erythrognathus 3" nexsonid "node51"
pgloadind     OTT ID missing name "Aulacorhynchus sulcatus erythrognathus 4" nexsonid "node53"
pgloadind     OTT ID missing name "Aulacorhynchus sulcatus sulcatus x calorhynchus 1" nexsonid "node54"
pgloadind     OTT ID missing name "Aulacorhynchus sulcatus sulcatus x calorhynchus 2" nexsonid "node55"
pgloadind     OTT ID missing name "Aulacorhynchus sulcatus erythrognathus 5" nexsonid "node56"
pgloadind     OTT ID missing name "Aulacorhynchus sulcatus erythrognathus 6" nexsonid "node57"
pgloadind     OTT ID missing name "Aulacorhynchus derbianus osgoodi 1" nexsonid "node89"
pgloadind     OTT ID missing name "Aulacorhynchus derbianus osgoodi 2" nexsonid "node90"
pgloadind     OTT ID missing name "Aulacorhynchus derbianus duidae 1" nexsonid "node92"
pgloadind     OTT ID missing name "Aulacorhynchus derbianus duidae 2" nexsonid "node93"
pgloadind     OTT ID missing name "Aulacorhynchus derbianus duidae 3" nexsonid "node94"
pgloadind     OTT ID missing name "Aulacorhynchus derbianus osgoodi 3" nexsonid "node95"
pgloadind     OTT ID missing name "Aulacorhynchus haematopygus sexnotatus 6" nexsonid "node110"
pgloadind     OTT ID missing name "Aulacorhynchus haematopygus sexnotatus 7" nexsonid "node111"
pgloadind     OTT ID missing name "Aulacorhynchus haematopygus sexnotatus 8" nexsonid "node114"
pgloadind     OTT ID missing name "Aulacorhynchus haematopygus sexnotatus 9" nexsonid "node115"
pgloadind     OTT ID missing name "Aulacorhynchus haematopygus sexnotatus 10" nexsonid "node116"
pgloadind     OTT ID missing name "Aulacorhynchus haematopygus sexnotatus 11" nexsonid "node117"
pgloadind     OTT ID missing name "Aulacorhynchus haematopygus sexnotatus 12" nexsonid "node118"
pgloadind     OTT ID missing name "Aulacorhynchus haematopygus sexnotatus 13" nexsonid "node119"
pgloadind     OTT ID missing name "Aulacorhynchus haematopygus sexnotatus 4" nexsonid "node105"
pgloadind     OTT ID missing name "Aulacorhynchus haematopygus sexnotatus 5" nexsonid "node106"
pgloadind     OTT ID missing name "Aulacorhynchus haematopygus sexnotatus 2" nexsonid "node101"
pgloadind     OTT ID missing name "Aulacorhynchus haematopygus sexnotatus 3" nexsonid "node102"
pgloadind     OTT ID missing name "Aulacorhynchus haematopygus sexnotatus 1" nexsonid "node100"
pgloadind     pruning unmapped name "Aulacorhynchus haematopygus sexnotatus 1" nexsonid "node100"
pgloadind     pruning unmapped name "Aulacorhynchus haematopygus sexnotatus 2" nexsonid "node101"
pgloadind     pruning unmapped name "Aulacorhynchus haematopygus sexnotatus 3" nexsonid "node102"
pgloadind     pruning unmapped name "Aulacorhynchus haematopygus sexnotatus 4" nexsonid "node105"
pgloadind     pruning unmapped name "Aulacorhynchus haematopygus sexnotatus 5" nexsonid "node106"
pgloadind     pruning unmapped name "Aulacorhynchus haematopygus sexnotatus 6" nexsonid "node110"
pgloadind     pruning unmapped name "Aulacorhynchus haematopygus sexnotatus 7" nexsonid "node111"
pgloadind     pruning unmapped name "Aulacorhynchus haematopygus sexnotatus 8" nexsonid "node114"
pgloadind     pruning unmapped name "Aulacorhynchus haematopygus sexnotatus 9" nexsonid "node115"
pgloadind     pruning unmapped name "Aulacorhynchus sulcatus erythrognathus 2" nexsonid "node50"
pgloadind     pruning unmapped name "Aulacorhynchus sulcatus erythrognathus 3" nexsonid "node51"
pgloadind     pruning unmapped name "Aulacorhynchus sulcatus erythrognathus 1" nexsonid "node48"
pgloadind     pruning unmapped name "Aulacorhynchus sulcatus erythrognathus 6" nexsonid "node57"
pgloadind     pruning unmapped name "Aulacorhynchus sulcatus erythrognathus 4" nexsonid "node53"
pgloadind     pruning unmapped name "Aulacorhynchus sulcatus erythrognathus 5" nexsonid "node56"
pgloadind     pruning unmapped name "Aulacorhynchus derbianus osgoodi 1" nexsonid "node89"
pgloadind     pruning unmapped name "Aulacorhynchus haematopygus sexnotatus 10" nexsonid "node116"
pgloadind     pruning unmapped name "Aulacorhynchus derbianus duidae 1" nexsonid "node92"
pgloadind     pruning unmapped name "Aulacorhynchus derbianus duidae 2" nexsonid "node93"
pgloadind     pruning unmapped name "Aulacorhynchus derbianus osgoodi 3" nexsonid "node95"
pgloadind     pruning unmapped name "Aulacorhynchus derbianus osgoodi 2" nexsonid "node90"
pgloadind     pruning unmapped name "Aulacorhynchus derbianus duidae 3" nexsonid "node94"
pgloadind     pruning unmapped name "Aulacorhynchus haematopygus sexnotatus 13" nexsonid "node119"
pgloadind     pruning unmapped name "Aulacorhynchus haematopygus sexnotatus 12" nexsonid "node118"
pgloadind     pruning unmapped name "Aulacorhynchus haematopygus sexnotatus 11" nexsonid "node117"
pgloadind     pruning unmapped name "Aulacorhynchus sulcatus sulcatus x calorhynchus 2" nexsonid "node55"
pgloadind     pruning unmapped name "Aulacorhynchus sulcatus sulcatus x calorhynchus 1" nexsonid "node54"
pgloadind     OTT ID reused in tree
pgloadind       duplicate name "Aulacorhynchus coeruleicinctis" nexsonid "node125"
pgloadind       duplicate OTT ID 818176
pgloadind     OTT ID reused in tree
pgloadind       duplicate name "Aulacorhynchus coeruleicinctis" nexsonid "node126"
pgloadind       duplicate OTT ID 818176
pgloadind     OTT ID reused in tree
pgloadind       duplicate name "Aulacorhynchus coeruleicinctis" nexsonid "node127"
pgloadind       duplicate OTT ID 818176
pgloadind     OTT ID reused in tree
pgloadind       duplicate name "Aulacorhynchus coeruleicinctis" nexsonid "node130"
pgloadind       duplicate OTT ID 818176
pgloadind     OTT ID reused in tree
pgloadind       duplicate name "Aulacorhynchus coeruleicinctis" nexsonid "node131"
pgloadind       duplicate OTT ID 818176
pgloadind     OTT ID reused in tree
pgloadind       duplicate name "Aulacorhynchus coeruleicinctis" nexsonid "node133"
pgloadind       duplicate OTT ID 818176
pgloadind     OTT ID reused in tree
pgloadind       duplicate name "Aulacorhynchus coeruleicinctis" nexsonid "node134"
pgloadind       duplicate OTT ID 818176
pgloadind     OTT ID reused in tree
pgloadind       duplicate name "Aulacorhynchus coeruleicinctis" nexsonid "node135"
pgloadind       duplicate OTT ID 818176
pgloadind     OTT ID reused in tree
pgloadind       duplicate name "Aulacorhynchus sulcatus" nexsonid "node61"
pgloadind       duplicate OTT ID 818159
pgloadind     OTT ID reused in tree
pgloadind       duplicate name "Aulacorhynchus sulcatus" nexsonid "node62"
pgloadind       duplicate OTT ID 818159
pgloadind     OTT ID reused in tree
pgloadind       duplicate name "Aulacorhynchus sulcatus" nexsonid "node63"
pgloadind       duplicate OTT ID 818159
pgloadind     OTT ID reused in tree
pgloadind       duplicate name "Aulacorhynchus calorhynchus" nexsonid "node41"
pgloadind       duplicate OTT ID 3600277
pgloadind     OTT ID reused in tree
pgloadind       duplicate name "Aulacorhynchus calorhynchus" nexsonid "node42"
pgloadind       duplicate OTT ID 3600277
pgloadind     OTT ID reused in tree
pgloadind       duplicate name "Aulacorhynchus calorhynchus" nexsonid "node45"
pgloadind       duplicate OTT ID 3600277
pgloadind     OTT ID reused in tree
pgloadind       duplicate name "Aulacorhynchus calorhynchus" nexsonid "node46"
pgloadind       duplicate OTT ID 3600277
pgloadind     OTT ID reused in tree
pgloadind       duplicate name "Aulacorhynchus calorhynchus" nexsonid "node47"
pgloadind       duplicate OTT ID 3600277
pgloadind     OTT ID reused in tree
pgloadind       duplicate name "Aulacorhynchus derbianus" nexsonid "node67"
pgloadind       duplicate OTT ID 764291
pgloadind     OTT ID reused in tree
pgloadind       duplicate name "Aulacorhynchus derbianus" nexsonid "node68"
pgloadind       duplicate OTT ID 764291
pgloadind     OTT ID reused in tree
pgloadind       duplicate name "Aulacorhynchus derbianus" nexsonid "node71"
pgloadind       duplicate OTT ID 764291
pgloadind     OTT ID reused in tree
pgloadind       duplicate name "Aulacorhynchus derbianus" nexsonid "node72"
pgloadind       duplicate OTT ID 764291
pgloadind     OTT ID reused in tree
pgloadind       duplicate name "Aulacorhynchus derbianus" nexsonid "node73"
pgloadind       duplicate OTT ID 764291
pgloadind     OTT ID reused in tree
pgloadind       duplicate name "Aulacorhynchus derbianus" nexsonid "node74"
pgloadind       duplicate OTT ID 764291
pgloadind     OTT ID reused in tree
pgloadind       duplicate name "Aulacorhynchus derbianus" nexsonid "node75"
pgloadind       duplicate OTT ID 764291
pgloadind     OTT ID reused in tree
pgloadind       duplicate name "Aulacorhynchus derbianus" nexsonid "node78"
pgloadind       duplicate OTT ID 764291
pgloadind     OTT ID reused in tree
pgloadind       duplicate name "Aulacorhynchus derbianus" nexsonid "node79"
pgloadind       duplicate OTT ID 764291
pgloadind     OTT ID reused in tree
pgloadind       duplicate name "Aulacorhynchus derbianus" nexsonid "node80"
pgloadind       duplicate OTT ID 764291
pgloadind     OTT ID reused in tree
pgloadind       duplicate name "Aulacorhynchus whitelianus" nexsonid "node86"
pgloadind       duplicate OTT ID 3600281
pgloadind     OTT ID reused in tree
pgloadind       duplicate name "Aulacorhynchus whitelianus" nexsonid "node87"
pgloadind       duplicate OTT ID 3600281
pgloadind     OTT ID reused in tree
pgloadind       duplicate name "Aulacorhynchus whitelianus" nexsonid "node88"
pgloadind       duplicate OTT ID 3600281
pgloadind     OTT ID reused in tree
pgloadind       duplicate name "Aulacorhynchus albivitta" nexsonid "node18"
pgloadind       duplicate OTT ID 3600280
pgloadind     OTT ID reused in tree
pgloadind       duplicate name "Aulacorhynchus albivitta" nexsonid "node19"
pgloadind       duplicate OTT ID 3600280
pgloadind     OTT ID reused in tree
pgloadind       duplicate name "Aulacorhynchus albivitta" nexsonid "node21"
pgloadind       duplicate OTT ID 3600280
pgloadind     OTT ID reused in tree
pgloadind       duplicate name "Aulacorhynchus albivitta" nexsonid "node22"
pgloadind       duplicate OTT ID 3600280
pgloadind     OTT ID reused in tree
pgloadind       duplicate name "Aulacorhynchus griseigularis" nexsonid "node27"
pgloadind       duplicate OTT ID 3600283
pgloadind     OTT ID reused in tree
pgloadind       duplicate name "Aulacorhynchus griseigularis" nexsonid "node28"
pgloadind       duplicate OTT ID 3600283
pgloadind     OTT ID reused in tree
pgloadind       duplicate name "Aulacorhynchus prasinus" nexsonid "node10"
pgloadind       duplicate OTT ID 291850
pgloadind     pruning dups and overlapping name "Aulacorhynchus prasinus" nexsonid "node10"
pgloadind     pruning dups and overlapping name "Aulacorhynchus whitelianus" nexsonid "node86"
pgloadind     pruning dups and overlapping name "Aulacorhynchus derbianus" nexsonid "node80"
pgloadind     pruning dups and overlapping name "Aulacorhynchus derbianus" nexsonid "node73"
pgloadind     pruning dups and overlapping name "Aulacorhynchus derbianus" nexsonid "node67"
pgloadind     pruning dups and overlapping name "Aulacorhynchus derbianus" nexsonid "node78"
pgloadind     pruning dups and overlapping name "Aulacorhynchus griseigularis" nexsonid "node28"
pgloadind     pruning dups and overlapping name "Aulacorhynchus coeruleicinctis" nexsonid "node127"
pgloadind     pruning dups and overlapping name "Aulacorhynchus coeruleicinctis" nexsonid "node126"
pgloadind     pruning dups and overlapping name "Aulacorhynchus coeruleicinctis" nexsonid "node130"
pgloadind     pruning dups and overlapping name "Aulacorhynchus calorhynchus" nexsonid "node46"
pgloadind     pruning dups and overlapping name "Aulacorhynchus sulcatus" nexsonid "node63"
pgloadind     pruning dups and overlapping name "Aulacorhynchus derbianus" nexsonid "node68"
pgloadind     pruning dups and overlapping name "Aulacorhynchus sulcatus" nexsonid "node62"
pgloadind     pruning dups and overlapping name "Aulacorhynchus coeruleicinctis" nexsonid "node134"
pgloadind     pruning dups and overlapping name "Aulacorhynchus albivitta" nexsonid "node21"
pgloadind     pruning dups and overlapping name "Aulacorhynchus calorhynchus" nexsonid "node42"
pgloadind     pruning dups and overlapping name "Aulacorhynchus coeruleicinctis" nexsonid "node133"
pgloadind     pruning dups and overlapping name "Aulacorhynchus coeruleicinctis" nexsonid "node131"
pgloadind     pruning dups and overlapping name "Aulacorhynchus calorhynchus" nexsonid "node47"
pgloadind     pruning dups and overlapping name "Aulacorhynchus calorhynchus" nexsonid "node41"
pgloadind     pruning dups and overlapping name "Aulacorhynchus albivitta" nexsonid "node19"
pgloadind     pruning dups and overlapping name "Aulacorhynchus derbianus" nexsonid "node71"
pgloadind     pruning dups and overlapping name "Aulacorhynchus derbianus" nexsonid "node72"
pgloadind     pruning dups and overlapping name "Aulacorhynchus whitelianus" nexsonid "node88"
pgloadind     pruning dups and overlapping name "Aulacorhynchus derbianus" nexsonid "node74"
pgloadind     pruning dups and overlapping name "Aulacorhynchus griseigularis" nexsonid "node27"
pgloadind     pruning dups and overlapping name "Aulacorhynchus derbianus" nexsonid "node75"
pgloadind     pruning dups and overlapping name "Aulacorhynchus whitelianus" nexsonid "node87"
pgloadind     pruning dups and overlapping name "Aulacorhynchus albivitta" nexsonid "node18"
pgloadind     pruning dups and overlapping name "Aulacorhynchus derbianus" nexsonid "node79"
pgloadind     pruning dups and overlapping name "Aulacorhynchus calorhynchus" nexsonid "node45"
pgloadind     pruning dups and overlapping name "Aulacorhynchus albivitta" nexsonid "node22"
pgloadind     pruning dups and overlapping name "Aulacorhynchus coeruleicinctis" nexsonid "node125"
pgloadind     pruning dups and overlapping name "Aulacorhynchus sulcatus" nexsonid "node61"
pgloadind     pruning dups and overlapping name "Aulacorhynchus coeruleicinctis" nexsonid "node135"
pgloadind   postpruning newick tree "((((((Aulacorhynchus_calorhynchus,Aulacorhynchus_sulcatus),Aulacorhynchus_derbianus),Aulacorhynchus_whitelianus),Aulacorhynchus_haematopygus),Aulacorhynchus_coeruleicinctis),(((Aulacorhynchus_atrogularis,Aulacorhynchus_griseigularis),Aulacorhynchus_albivitta),(Aulacorhynchus_caeruleogularis,(Aulacorhynchus_wagleri,Aulacorhynchus_prasinus))))"
pgloadind   taxon mapping summary
pgloadind     taxon mapping OTT ID 3600277 taxonomy "Aulacorhynchus calorhynchus->Aulacorhynchus->Ramphastidae->Piciformes->Neognathae->Aves->Coelurosauria->Theropoda->Saurischia->Dinosauria->Archosauria->Testudines + Archosauria group->Sauria->Sauropsida->Amniota->Tetrapoda->Dipnotetrapodomorpha->Sarcopterygii->Euteleostomi->Teleostomi->Gnathostomata->Vertebrata->Craniata->Chordata->Deuterostomia->Bilateria->Eumetazoa->Metazoa->Holozoa->Opisthokonta->Eukaryota->cellular organisms->life" nexsonid "node40"
pgloadind     taxon mapping OTT ID 818159 taxonomy "Aulacorhynchus sulcatus->Aulacorhynchus->Ramphastidae->Piciformes->Neognathae->Aves->Coelurosauria->Theropoda->Saurischia->Dinosauria->Archosauria->Testudines + Archosauria group->Sauria->Sauropsida->Amniota->Tetrapoda->Dipnotetrapodomorpha->Sarcopterygii->Euteleostomi->Teleostomi->Gnathostomata->Vertebrata->Craniata->Chordata->Deuterostomia->Bilateria->Eumetazoa->Metazoa->Holozoa->Opisthokonta->Eukaryota->cellular organisms->life" nexsonid "node60"
pgloadind     taxon mapping OTT ID 764291 taxonomy "Aulacorhynchus derbianus->Aulacorhynchus->Ramphastidae->Piciformes->Neognathae->Aves->Coelurosauria->Theropoda->Saurischia->Dinosauria->Archosauria->Testudines + Archosauria group->Sauria->Sauropsida->Amniota->Tetrapoda->Dipnotetrapodomorpha->Sarcopterygii->Euteleostomi->Teleostomi->Gnathostomata->Vertebrata->Craniata->Chordata->Deuterostomia->Bilateria->Eumetazoa->Metazoa->Holozoa->Opisthokonta->Eukaryota->cellular organisms->life" nexsonid "node66"
pgloadind     taxon mapping OTT ID 3600281 taxonomy "Aulacorhynchus whitelianus->Aulacorhynchus->Ramphastidae->Piciformes->Neognathae->Aves->Coelurosauria->Theropoda->Saurischia->Dinosauria->Archosauria->Testudines + Archosauria group->Sauria->Sauropsida->Amniota->Tetrapoda->Dipnotetrapodomorpha->Sarcopterygii->Euteleostomi->Teleostomi->Gnathostomata->Vertebrata->Craniata->Chordata->Deuterostomia->Bilateria->Eumetazoa->Metazoa->Holozoa->Opisthokonta->Eukaryota->cellular organisms->life" nexsonid "node85"
pgloadind     taxon mapping OTT ID 818175 taxonomy "Aulacorhynchus haematopygus->Aulacorhynchus->Ramphastidae->Piciformes->Neognathae->Aves->Coelurosauria->Theropoda->Saurischia->Dinosauria->Archosauria->Testudines + Archosauria group->Sauria->Sauropsida->Amniota->Tetrapoda->Dipnotetrapodomorpha->Sarcopterygii->Euteleostomi->Teleostomi->Gnathostomata->Vertebrata->Craniata->Chordata->Deuterostomia->Bilateria->Eumetazoa->Metazoa->Holozoa->Opisthokonta->Eukaryota->cellular organisms->life" nexsonid "node103"
pgloadind     taxon mapping OTT ID 818176 taxonomy "Aulacorhynchus coeruleicinctis->Aulacorhynchus->Ramphastidae->Piciformes->Neognathae->Aves->Coelurosauria->Theropoda->Saurischia->Dinosauria->Archosauria->Testudines + Archosauria group->Sauria->Sauropsida->Amniota->Tetrapoda->Dipnotetrapodomorpha->Sarcopterygii->Euteleostomi->Teleostomi->Gnathostomata->Vertebrata->Craniata->Chordata->Deuterostomia->Bilateria->Eumetazoa->Metazoa->Holozoa->Opisthokonta->Eukaryota->cellular organisms->life" nexsonid "node124"
pgloadind     taxon mapping OTT ID 288964 taxonomy "Aulacorhynchus atrogularis->Aulacorhynchus->Ramphastidae->Piciformes->Neognathae->Aves->Coelurosauria->Theropoda->Saurischia->Dinosauria->Archosauria->Testudines + Archosauria group->Sauria->Sauropsida->Amniota->Tetrapoda->Dipnotetrapodomorpha->Sarcopterygii->Euteleostomi->Teleostomi->Gnathostomata->Vertebrata->Craniata->Chordata->Deuterostomia->Bilateria->Eumetazoa->Metazoa->Holozoa->Opisthokonta->Eukaryota->cellular organisms->life" nexsonid "node29"
pgloadind     taxon mapping OTT ID 3600283 taxonomy "Aulacorhynchus griseigularis->Aulacorhynchus->Ramphastidae->Piciformes->Neognathae->Aves->Coelurosauria->Theropoda->Saurischia->Dinosauria->Archosauria->Testudines + Archosauria group->Sauria->Sauropsida->Amniota->Tetrapoda->Dipnotetrapodomorpha->Sarcopterygii->Euteleostomi->Teleostomi->Gnathostomata->Vertebrata->Craniata->Chordata->Deuterostomia->Bilateria->Eumetazoa->Metazoa->Holozoa->Opisthokonta->Eukaryota->cellular organisms->life" nexsonid "node26"
pgloadind     taxon mapping OTT ID 3600280 taxonomy "Aulacorhynchus albivitta->Aulacorhynchus->Ramphastidae->Piciformes->Neognathae->Aves->Coelurosauria->Theropoda->Saurischia->Dinosauria->Archosauria->Testudines + Archosauria group->Sauria->Sauropsida->Amniota->Tetrapoda->Dipnotetrapodomorpha->Sarcopterygii->Euteleostomi->Teleostomi->Gnathostomata->Vertebrata->Craniata->Chordata->Deuterostomia->Bilateria->Eumetazoa->Metazoa->Holozoa->Opisthokonta->Eukaryota->cellular organisms->life" nexsonid "node17"
pgloadind     taxon mapping OTT ID 564506 taxonomy "Aulacorhynchus caeruleogularis->Aulacorhynchus->Ramphastidae->Piciformes->Neognathae->Aves->Coelurosauria->Theropoda->Saurischia->Dinosauria->Archosauria->Testudines + Archosauria group->Sauria->Sauropsida->Amniota->Tetrapoda->Dipnotetrapodomorpha->Sarcopterygii->Euteleostomi->Teleostomi->Gnathostomata->Vertebrata->Craniata->Chordata->Deuterostomia->Bilateria->Eumetazoa->Metazoa->Holozoa->Opisthokonta->Eukaryota->cellular organisms->life" nexsonid "node12"
pgloadind     taxon mapping OTT ID 3600282 taxonomy "Aulacorhynchus wagleri->Aulacorhynchus->Ramphastidae->Piciformes->Neognathae->Aves->Coelurosauria->Theropoda->Saurischia->Dinosauria->Archosauria->Testudines + Archosauria group->Sauria->Sauropsida->Amniota->Tetrapoda->Dipnotetrapodomorpha->Sarcopterygii->Euteleostomi->Teleostomi->Gnathostomata->Vertebrata->Craniata->Chordata->Deuterostomia->Bilateria->Eumetazoa->Metazoa->Holozoa->Opisthokonta->Eukaryota->cellular organisms->life" nexsonid "node11"
pgloadind     taxon mapping OTT ID 291850 taxonomy "Aulacorhynchus prasinus->Aulacorhynchus->Ramphastidae->Piciformes->Neognathae->Aves->Coelurosauria->Theropoda->Saurischia->Dinosauria->Archosauria->Testudines + Archosauria group->Sauria->Sauropsida->Amniota->Tetrapoda->Dipnotetrapodomorpha->Sarcopterygii->Euteleostomi->Teleostomi->Gnathostomata->Vertebrata->Craniata->Chordata->Deuterostomia->Bilateria->Eumetazoa->Metazoa->Holozoa->Opisthokonta->Eukaryota->cellular organisms->life" nexsonid "node9"
done fixing name
pgloadind Finished with attempts to fix names
pgloadind   Checking for uniqueness of OTT IDs tree id "1"
pgloadind   Adding tree to graph tree id "1"
all trees have all taxa: false
	using bipartition technique
attempting to remap tips to deepest exemplified taxa
adding relationships to licas for children
adding relationships to licas for children
adding relationships to licas for children
adding relationships to licas for children
adding relationships to licas for children
adding relationships to licas for children
adding relationships to licas for children
adding relationships to licas for children
adding relationships to licas for children
adding relationships to licas for children
this is the ROOT
placing root in index
Dealing with metadata property: ot:studyPublicationReference
Adding property 'ot:studyPublicationReference': Bonaccorso, Elisa, Juan M. Guayasamin, A. Townsend Peterson, Adolfo G. Navarro-Sigüenza. 2011. Molecular phylogeny and systematics of Neotropical toucanets in the genus Aulacorhynchus (Aves, Ramphastidae). Zoologica Scripta 40 (4): 336-349.
Dealing with metadata property: ot:focalCladeOTTTaxonName
Adding property 'ot:focalCladeOTTTaxonName': Aulacorhynchus
Dealing with metadata property: ot:candidateTreeForSynthesis
Adding property 'ot:candidateTreeForSynthesis': tree1
Dealing with metadata property: ot:branchLengthDescription
Adding property 'ot:branchLengthDescription': 
Dealing with metadata property: ot:comment
Adding property 'ot:comment': 
Dealing with metadata property: ot:outGroupEdge
Adding property 'ot:outGroupEdge': 
Dealing with metadata property: ot:nearestTaxonMRCAName
Adding property 'ot:nearestTaxonMRCAName': Ramphastidae
Dealing with metadata property: ot:branchLengthTimeUnit
Adding property 'ot:branchLengthTimeUnit': 
Dealing with metadata property: ot:nearestTaxonMRCAOttId
Adding property 'ot:nearestTaxonMRCAOttId': 489463
Dealing with metadata property: ot:dataDeposit
Adding property 'ot:dataDeposit': 
Dealing with metadata property: ot:studyId
Adding property 'ot:studyId': ot_155
Dealing with metadata property: id
Dealing with metadata property: ot:studyYear
Adding property 'ot:studyYear': 2011
Dealing with metadata property: ot:inGroupClade
Adding property 'ot:inGroupClade': node4
Dealing with metadata property: ot:studyPublication
Adding property 'ot:studyPublication': http://dx.doi.org/10.1111/j.1463-6409.2011.00475.x
Dealing with metadata property: ot:curatorName
Adding property 'ot:curatorName': Joseph W. Brown
Dealing with metadata property: ot:specifiedRoot
Adding property 'ot:specifiedRoot': node1
Dealing with metadata property: ot:unrootedTree
Adding property 'ot:unrootedTree': false
Dealing with metadata property: ot:notIntendedForSynthesis
Adding property 'ot:notIntendedForSynthesis': false
Dealing with metadata property: ot:focalClade
Adding property 'ot:focalClade': 291853
Dealing with metadata property: ot:curatedType
Adding property 'ot:curatedType': Bayesian inference 
adding relationships to licas for children
Committing nodes: 23
15:19:43.216 [main] WARN  o.neo4j.kernel.EmbeddedGraphDatabase - You are using an unsupported Java runtime. Please use Oracle(R) Java(TM) Runtime Environment 7.
