14:55:12.804 [main] WARN  o.neo4j.kernel.EmbeddedGraphDatabase - You are using an unsupported Java runtime. Please use Oracle(R) Java(TM) Runtime Environment 7.
pgloadind OTUs number 28
pgloadind Processing tree @id "1"
pgloadind   tree info number nodes 55
pgloadind   tree info number edges 54
pgloadind   tree info ingroup "node9"
pgloadind   Setting ingroup root node.
pgloadind   Ingested tree number of external nodes 24
pgloadind   property added ot:studyPublicationReference "Chambers, GK, Moeke, C, Steel, R, Trueman, JWH. 2009. Phylogenetic analysis of the 24 named albatross taxa based on full mitochondrial cytochrome b DNA sequences. Notornis 56 (2): 82-94."
pgloadind   property added ot:candidateTreeForSynthesis "tree1"
pgloadind   property added ot:focalCladeOTTTaxonName "Diomedeidae"
pgloadind   property added ot:studyPublication "http://notornis.osnz.org.nz/phylogenetic-analysis-24-named-albatross-taxa-based-full-mitochondrial-cytochrome-b-dna-sequences"
pgloadind   property added ot:dataDeposit ""
pgloadind   property added ot:notIntendedForSynthesis "false"
pgloadind   property added ot:curatorName "Joseph W. Brown"
pgloadind   property added ot:studyYear "2009"
pgloadind   property added ot:studyId "ot_142"
pgloadind   property added ot:comment "Thalassarche chrysostoma is not mapping. Suggested synonym of Diomedea chrysostoma is not generally accepted (http://avibase.bsc-eoc.org/species.jsp?lang=EN&avibaseid=0E4475F65B2A8060)."
pgloadind   property added ot:focalClade "85277"
pgloadind   property added ot:unrootedTree "false"
pgloadind   property added ot:curatedType "Maximum likelihood "
pgloadind   property added ot:nearestTaxonMRCAOttId "85277"
pgloadind   property added ot:inGroupClade "node9"
pgloadind   property added ot:nearestTaxonMRCAName "Diomedeidae"
pgloadind   property added ot:specifiedRoot "node1"
pgloadind   property added ot:outGroupEdge ""
pgloadind   property added ot:branchLengthTimeUnit ""
pgloadind   property added ot:branchLengthDescription ""
loading a specific tree: 1
pgloadind fixing names in trees
pgloadind   name fixing on tree tree id "1"
pgloadind     OTT ID missing name "Thalassarche chrysostoma" nexsonid "node31"
pgloadind     pruning unmapped name "Thalassarche chrysostoma" nexsonid "node31"
pgloadind   postpruning newick tree "((((Phoebastria_albatrus,Phoebastria_irrorata),(Phoebastria_immutabilis,Phoebastria_nigripes)),((((Diomedea_amsterdamensis,Diomedea_exulans),(Diomedea_antipodensis,Diomedea_gibsoni)),Diomedea_dabbenena),(Diomedea_epomophora,Diomedea_sanfordi))),((Phoebetria_fusca,Phoebetria_palpebrata),(((((Thalassarche_eremita,Thalassarche_salvini),(Thalassarche_cauta,Thalassarche_steadi)),(Thalassarche_bulleri_bulleri,Thalassarche_bulleri_platei)),(Thalassarche_impavida,Thalassarche_melanophrys)),(Thalassarche_carteri,Thalassarche_chlororhynchos))))"
pgloadind   taxon mapping summary
pgloadind     taxon mapping OTT ID 320284 taxonomy "Phoebastria albatrus->Phoebastria->Diomedeidae->Procellariiformes->Neognathae->Aves->Coelurosauria->Theropoda->Saurischia->Dinosauria->Archosauria->Testudines + Archosauria group->Sauria->Sauropsida->Amniota->Tetrapoda->Dipnotetrapodomorpha->Sarcopterygii->Euteleostomi->Teleostomi->Gnathostomata->Vertebrata->Craniata->Chordata->Deuterostomia->Bilateria->Eumetazoa->Metazoa->Holozoa->Opisthokonta->Eukaryota->cellular organisms->life" nexsonid "node38"
pgloadind     taxon mapping OTT ID 320282 taxonomy "Phoebastria irrorata->Phoebastria->Diomedeidae->Procellariiformes->Neognathae->Aves->Coelurosauria->Theropoda->Saurischia->Dinosauria->Archosauria->Testudines + Archosauria group->Sauria->Sauropsida->Amniota->Tetrapoda->Dipnotetrapodomorpha->Sarcopterygii->Euteleostomi->Teleostomi->Gnathostomata->Vertebrata->Craniata->Chordata->Deuterostomia->Bilateria->Eumetazoa->Metazoa->Holozoa->Opisthokonta->Eukaryota->cellular organisms->life" nexsonid "node39"
pgloadind     taxon mapping OTT ID 320286 taxonomy "Phoebastria immutabilis->Phoebastria->Diomedeidae->Procellariiformes->Neognathae->Aves->Coelurosauria->Theropoda->Saurischia->Dinosauria->Archosauria->Testudines + Archosauria group->Sauria->Sauropsida->Amniota->Tetrapoda->Dipnotetrapodomorpha->Sarcopterygii->Euteleostomi->Teleostomi->Gnathostomata->Vertebrata->Craniata->Chordata->Deuterostomia->Bilateria->Eumetazoa->Metazoa->Holozoa->Opisthokonta->Eukaryota->cellular organisms->life" nexsonid "node41"
pgloadind     taxon mapping OTT ID 320288 taxonomy "Phoebastria nigripes->Phoebastria->Diomedeidae->Procellariiformes->Neognathae->Aves->Coelurosauria->Theropoda->Saurischia->Dinosauria->Archosauria->Testudines + Archosauria group->Sauria->Sauropsida->Amniota->Tetrapoda->Dipnotetrapodomorpha->Sarcopterygii->Euteleostomi->Teleostomi->Gnathostomata->Vertebrata->Craniata->Chordata->Deuterostomia->Bilateria->Eumetazoa->Metazoa->Holozoa->Opisthokonta->Eukaryota->cellular organisms->life" nexsonid "node42"
pgloadind     taxon mapping OTT ID 71463 taxonomy "Diomedea amsterdamensis->Diomedea->Diomedeidae->Procellariiformes->Neognathae->Aves->Coelurosauria->Theropoda->Saurischia->Dinosauria->Archosauria->Testudines + Archosauria group->Sauria->Sauropsida->Amniota->Tetrapoda->Dipnotetrapodomorpha->Sarcopterygii->Euteleostomi->Teleostomi->Gnathostomata->Vertebrata->Craniata->Chordata->Deuterostomia->Bilateria->Eumetazoa->Metazoa->Holozoa->Opisthokonta->Eukaryota->cellular organisms->life" nexsonid "node47"
pgloadind     taxon mapping OTT ID 71459 taxonomy "Diomedea exulans->Diomedea->Diomedeidae->Procellariiformes->Neognathae->Aves->Coelurosauria->Theropoda->Saurischia->Dinosauria->Archosauria->Testudines + Archosauria group->Sauria->Sauropsida->Amniota->Tetrapoda->Dipnotetrapodomorpha->Sarcopterygii->Euteleostomi->Teleostomi->Gnathostomata->Vertebrata->Craniata->Chordata->Deuterostomia->Bilateria->Eumetazoa->Metazoa->Holozoa->Opisthokonta->Eukaryota->cellular organisms->life" nexsonid "node48"
pgloadind     taxon mapping OTT ID 82214 taxonomy "Diomedea antipodensis->Diomedea->Diomedeidae->Procellariiformes->Neognathae->Aves->Coelurosauria->Theropoda->Saurischia->Dinosauria->Archosauria->Testudines + Archosauria group->Sauria->Sauropsida->Amniota->Tetrapoda->Dipnotetrapodomorpha->Sarcopterygii->Euteleostomi->Teleostomi->Gnathostomata->Vertebrata->Craniata->Chordata->Deuterostomia->Bilateria->Eumetazoa->Metazoa->Holozoa->Opisthokonta->Eukaryota->cellular organisms->life" nexsonid "node50"
pgloadind     taxon mapping OTT ID 488690 taxonomy "Diomedea gibsoni->Diomedea->Diomedeidae->Procellariiformes->Neognathae->Aves->Coelurosauria->Theropoda->Saurischia->Dinosauria->Archosauria->Testudines + Archosauria group->Sauria->Sauropsida->Amniota->Tetrapoda->Dipnotetrapodomorpha->Sarcopterygii->Euteleostomi->Teleostomi->Gnathostomata->Vertebrata->Craniata->Chordata->Deuterostomia->Bilateria->Eumetazoa->Metazoa->Holozoa->Opisthokonta->Eukaryota->cellular organisms->life" nexsonid "node51"
pgloadind     taxon mapping OTT ID 300867 taxonomy "Diomedea dabbenena->Diomedea->Diomedeidae->Procellariiformes->Neognathae->Aves->Coelurosauria->Theropoda->Saurischia->Dinosauria->Archosauria->Testudines + Archosauria group->Sauria->Sauropsida->Amniota->Tetrapoda->Dipnotetrapodomorpha->Sarcopterygii->Euteleostomi->Teleostomi->Gnathostomata->Vertebrata->Craniata->Chordata->Deuterostomia->Bilateria->Eumetazoa->Metazoa->Holozoa->Opisthokonta->Eukaryota->cellular organisms->life" nexsonid "node52"
pgloadind     taxon mapping OTT ID 904499 taxonomy "Diomedea epomophora->Diomedea->Diomedeidae->Procellariiformes->Neognathae->Aves->Coelurosauria->Theropoda->Saurischia->Dinosauria->Archosauria->Testudines + Archosauria group->Sauria->Sauropsida->Amniota->Tetrapoda->Dipnotetrapodomorpha->Sarcopterygii->Euteleostomi->Teleostomi->Gnathostomata->Vertebrata->Craniata->Chordata->Deuterostomia->Bilateria->Eumetazoa->Metazoa->Holozoa->Opisthokonta->Eukaryota->cellular organisms->life" nexsonid "node54"
pgloadind     taxon mapping OTT ID 3595652 taxonomy "Diomedea sanfordi->Diomedea->Diomedeidae->Procellariiformes->Neognathae->Aves->Coelurosauria->Theropoda->Saurischia->Dinosauria->Archosauria->Testudines + Archosauria group->Sauria->Sauropsida->Amniota->Tetrapoda->Dipnotetrapodomorpha->Sarcopterygii->Euteleostomi->Teleostomi->Gnathostomata->Vertebrata->Craniata->Chordata->Deuterostomia->Bilateria->Eumetazoa->Metazoa->Holozoa->Opisthokonta->Eukaryota->cellular organisms->life" nexsonid "node55"
pgloadind     taxon mapping OTT ID 592673 taxonomy "Phoebetria fusca->Phoebetria->Diomedeidae->Procellariiformes->Neognathae->Aves->Coelurosauria->Theropoda->Saurischia->Dinosauria->Archosauria->Testudines + Archosauria group->Sauria->Sauropsida->Amniota->Tetrapoda->Dipnotetrapodomorpha->Sarcopterygii->Euteleostomi->Teleostomi->Gnathostomata->Vertebrata->Craniata->Chordata->Deuterostomia->Bilateria->Eumetazoa->Metazoa->Holozoa->Opisthokonta->Eukaryota->cellular organisms->life" nexsonid "node12"
pgloadind     taxon mapping OTT ID 592674 taxonomy "Phoebetria palpebrata->Phoebetria->Diomedeidae->Procellariiformes->Neognathae->Aves->Coelurosauria->Theropoda->Saurischia->Dinosauria->Archosauria->Testudines + Archosauria group->Sauria->Sauropsida->Amniota->Tetrapoda->Dipnotetrapodomorpha->Sarcopterygii->Euteleostomi->Teleostomi->Gnathostomata->Vertebrata->Craniata->Chordata->Deuterostomia->Bilateria->Eumetazoa->Metazoa->Holozoa->Opisthokonta->Eukaryota->cellular organisms->life" nexsonid "node13"
pgloadind     taxon mapping OTT ID 134477 taxonomy "Thalassarche eremita->Thalassarche->Diomedeidae->Procellariiformes->Neognathae->Aves->Coelurosauria->Theropoda->Saurischia->Dinosauria->Archosauria->Testudines + Archosauria group->Sauria->Sauropsida->Amniota->Tetrapoda->Dipnotetrapodomorpha->Sarcopterygii->Euteleostomi->Teleostomi->Gnathostomata->Vertebrata->Craniata->Chordata->Deuterostomia->Bilateria->Eumetazoa->Metazoa->Holozoa->Opisthokonta->Eukaryota->cellular organisms->life" nexsonid "node19"
pgloadind     taxon mapping OTT ID 514671 taxonomy "Thalassarche salvini->Thalassarche->Diomedeidae->Procellariiformes->Neognathae->Aves->Coelurosauria->Theropoda->Saurischia->Dinosauria->Archosauria->Testudines + Archosauria group->Sauria->Sauropsida->Amniota->Tetrapoda->Dipnotetrapodomorpha->Sarcopterygii->Euteleostomi->Teleostomi->Gnathostomata->Vertebrata->Craniata->Chordata->Deuterostomia->Bilateria->Eumetazoa->Metazoa->Holozoa->Opisthokonta->Eukaryota->cellular organisms->life" nexsonid "node20"
pgloadind     taxon mapping OTT ID 320278 taxonomy "Thalassarche cauta->Thalassarche->Diomedeidae->Procellariiformes->Neognathae->Aves->Coelurosauria->Theropoda->Saurischia->Dinosauria->Archosauria->Testudines + Archosauria group->Sauria->Sauropsida->Amniota->Tetrapoda->Dipnotetrapodomorpha->Sarcopterygii->Euteleostomi->Teleostomi->Gnathostomata->Vertebrata->Craniata->Chordata->Deuterostomia->Bilateria->Eumetazoa->Metazoa->Holozoa->Opisthokonta->Eukaryota->cellular organisms->life" nexsonid "node22"
pgloadind     taxon mapping OTT ID 250508 taxonomy "Thalassarche steadi->Thalassarche->Diomedeidae->Procellariiformes->Neognathae->Aves->Coelurosauria->Theropoda->Saurischia->Dinosauria->Archosauria->Testudines + Archosauria group->Sauria->Sauropsida->Amniota->Tetrapoda->Dipnotetrapodomorpha->Sarcopterygii->Euteleostomi->Teleostomi->Gnathostomata->Vertebrata->Craniata->Chordata->Deuterostomia->Bilateria->Eumetazoa->Metazoa->Holozoa->Opisthokonta->Eukaryota->cellular organisms->life" nexsonid "node23"
pgloadind     taxon mapping OTT ID 592670 taxonomy "Thalassarche bulleri bulleri->Thalassarche bulleri->Thalassarche->Diomedeidae->Procellariiformes->Neognathae->Aves->Coelurosauria->Theropoda->Saurischia->Dinosauria->Archosauria->Testudines + Archosauria group->Sauria->Sauropsida->Amniota->Tetrapoda->Dipnotetrapodomorpha->Sarcopterygii->Euteleostomi->Teleostomi->Gnathostomata->Vertebrata->Craniata->Chordata->Deuterostomia->Bilateria->Eumetazoa->Metazoa->Holozoa->Opisthokonta->Eukaryota->cellular organisms->life" nexsonid "node25"
pgloadind     taxon mapping OTT ID 1016643 taxonomy "Thalassarche bulleri platei->Thalassarche bulleri->Thalassarche->Diomedeidae->Procellariiformes->Neognathae->Aves->Coelurosauria->Theropoda->Saurischia->Dinosauria->Archosauria->Testudines + Archosauria group->Sauria->Sauropsida->Amniota->Tetrapoda->Dipnotetrapodomorpha->Sarcopterygii->Euteleostomi->Teleostomi->Gnathostomata->Vertebrata->Craniata->Chordata->Deuterostomia->Bilateria->Eumetazoa->Metazoa->Holozoa->Opisthokonta->Eukaryota->cellular organisms->life" nexsonid "node26"
pgloadind     taxon mapping OTT ID 514681 taxonomy "Thalassarche impavida->Thalassarche->Diomedeidae->Procellariiformes->Neognathae->Aves->Coelurosauria->Theropoda->Saurischia->Dinosauria->Archosauria->Testudines + Archosauria group->Sauria->Sauropsida->Amniota->Tetrapoda->Dipnotetrapodomorpha->Sarcopterygii->Euteleostomi->Teleostomi->Gnathostomata->Vertebrata->Craniata->Chordata->Deuterostomia->Bilateria->Eumetazoa->Metazoa->Holozoa->Opisthokonta->Eukaryota->cellular organisms->life" nexsonid "node29"
pgloadind     taxon mapping OTT ID 320271 taxonomy "Thalassarche melanophrys->Thalassarche->Diomedeidae->Procellariiformes->Neognathae->Aves->Coelurosauria->Theropoda->Saurischia->Dinosauria->Archosauria->Testudines + Archosauria group->Sauria->Sauropsida->Amniota->Tetrapoda->Dipnotetrapodomorpha->Sarcopterygii->Euteleostomi->Teleostomi->Gnathostomata->Vertebrata->Craniata->Chordata->Deuterostomia->Bilateria->Eumetazoa->Metazoa->Holozoa->Opisthokonta->Eukaryota->cellular organisms->life" nexsonid "node30"
pgloadind     taxon mapping OTT ID 134478 taxonomy "Thalassarche carteri->Thalassarche->Diomedeidae->Procellariiformes->Neognathae->Aves->Coelurosauria->Theropoda->Saurischia->Dinosauria->Archosauria->Testudines + Archosauria group->Sauria->Sauropsida->Amniota->Tetrapoda->Dipnotetrapodomorpha->Sarcopterygii->Euteleostomi->Teleostomi->Gnathostomata->Vertebrata->Craniata->Chordata->Deuterostomia->Bilateria->Eumetazoa->Metazoa->Holozoa->Opisthokonta->Eukaryota->cellular organisms->life" nexsonid "node33"
pgloadind     taxon mapping OTT ID 663145 taxonomy "Thalassarche chlororhynchos->Thalassarche->Diomedeidae->Procellariiformes->Neognathae->Aves->Coelurosauria->Theropoda->Saurischia->Dinosauria->Archosauria->Testudines + Archosauria group->Sauria->Sauropsida->Amniota->Tetrapoda->Dipnotetrapodomorpha->Sarcopterygii->Euteleostomi->Teleostomi->Gnathostomata->Vertebrata->Craniata->Chordata->Deuterostomia->Bilateria->Eumetazoa->Metazoa->Holozoa->Opisthokonta->Eukaryota->cellular organisms->life" nexsonid "node34"
done fixing name
pgloadind Finished with attempts to fix names
pgloadind   Checking for uniqueness of OTT IDs tree id "1"
pgloadind   Adding tree to graph tree id "1"
all trees have all taxa: false
	using bipartition technique
attempting to remap tips to deepest exemplified taxa
adding relationships to licas for children
adding relationships to licas for children
adding relationships to licas for children
adding relationships to licas for children
adding relationships to licas for children
adding relationships to licas for children
adding relationships to licas for children
adding relationships to licas for children
adding relationships to licas for children
adding relationships to licas for children
adding relationships to licas for children
adding relationships to licas for children
adding relationships to licas for children
adding relationships to licas for children
adding relationships to licas for children
adding relationships to licas for children
adding relationships to licas for children
adding relationships to licas for children
adding relationships to licas for children
adding relationships to licas for children
adding relationships to licas for children
this is the ROOT
placing root in index
Dealing with metadata property: ot:studyPublicationReference
Adding property 'ot:studyPublicationReference': Chambers, GK, Moeke, C, Steel, R, Trueman, JWH. 2009. Phylogenetic analysis of the 24 named albatross taxa based on full mitochondrial cytochrome b DNA sequences. Notornis 56 (2): 82-94.
Dealing with metadata property: ot:focalCladeOTTTaxonName
Adding property 'ot:focalCladeOTTTaxonName': Diomedeidae
Dealing with metadata property: ot:candidateTreeForSynthesis
Adding property 'ot:candidateTreeForSynthesis': tree1
Dealing with metadata property: ot:branchLengthDescription
Adding property 'ot:branchLengthDescription': 
Dealing with metadata property: ot:comment
Adding property 'ot:comment': Thalassarche chrysostoma is not mapping. Suggested synonym of Diomedea chrysostoma is not generally accepted (http://avibase.bsc-eoc.org/species.jsp?lang=EN&avibaseid=0E4475F65B2A8060).
Dealing with metadata property: ot:outGroupEdge
Adding property 'ot:outGroupEdge': 
Dealing with metadata property: ot:nearestTaxonMRCAName
Adding property 'ot:nearestTaxonMRCAName': Diomedeidae
Dealing with metadata property: ot:branchLengthTimeUnit
Adding property 'ot:branchLengthTimeUnit': 
Dealing with metadata property: ot:nearestTaxonMRCAOttId
Adding property 'ot:nearestTaxonMRCAOttId': 85277
Dealing with metadata property: ot:dataDeposit
Adding property 'ot:dataDeposit': 
Dealing with metadata property: ot:studyId
Adding property 'ot:studyId': ot_142
Dealing with metadata property: id
Dealing with metadata property: ot:studyYear
Adding property 'ot:studyYear': 2009
Dealing with metadata property: ot:inGroupClade
Adding property 'ot:inGroupClade': node9
Dealing with metadata property: ot:studyPublication
Adding property 'ot:studyPublication': http://notornis.osnz.org.nz/phylogenetic-analysis-24-named-albatross-taxa-based-full-mitochondrial-cytochrome-b-dna-sequences
Dealing with metadata property: ot:curatorName
Adding property 'ot:curatorName': Joseph W. Brown
Dealing with metadata property: ot:specifiedRoot
Adding property 'ot:specifiedRoot': node1
Dealing with metadata property: ot:unrootedTree
Adding property 'ot:unrootedTree': false
Dealing with metadata property: ot:notIntendedForSynthesis
Adding property 'ot:notIntendedForSynthesis': false
Dealing with metadata property: ot:focalClade
Adding property 'ot:focalClade': 85277
Dealing with metadata property: ot:curatedType
Adding property 'ot:curatedType': Maximum likelihood 
adding relationships to licas for children
Committing nodes: 45
14:56:04.783 [main] WARN  o.neo4j.kernel.EmbeddedGraphDatabase - You are using an unsupported Java runtime. Please use Oracle(R) Java(TM) Runtime Environment 7.
