11:12:26.260 [main] WARN  o.neo4j.kernel.EmbeddedGraphDatabase - You are using an unsupported Java runtime. Please use Oracle(R) Java(TM) Runtime Environment 7.
pgloadind OTUs number 92
pgloadind Processing tree @id "3088"
pgloadind   tree info number nodes 183
pgloadind   tree info number edges 182
pgloadind   tree info ingroup "node633926"
pgloadind   Setting ingroup root node.
pgloadind   Ingested tree number of external nodes 92
pgloadind   property added ot:studyPublicationReference "Chung, K. S., Hipp, A. L., & Roalson, E. H. (2012). Chromosome number evolves independently of genome size in a clade with nonlocalized centromeres (Carex: Cyperaceae). Evolution, 66(9), 2708-2722."
pgloadind   property added ot:focalCladeOTTTaxonName "Carex"
pgloadind   property added ot:curatorName "Jiabin Deng"
pgloadind   property added ot:dataDeposit "http://purl.org/phylo/treebase/phylows/study/TB2:S12042"
pgloadind   property added ot:studyYear "2012"
pgloadind   property added ot:studyId "pg_1539"
pgloadind   property added ot:studyPublication "http://dx.doi.org/10.1111/j.1558-5646.2012.01624.x."
pgloadind   property added ot:focalClade "554313"
pgloadind   property added ot:curatedType "TREE1"
pgloadind   property added ot:inGroupClade "node633926"
pgloadind   property added ot:specifiedRoot ""
pgloadind   property added ot:outGroupEdge ""
pgloadind   property added ot:branchLengthTimeUnit ""
pgloadind   property added ot:branchLengthDescription ""
pgloadind   property added ot:branchLengthMode ""
loading a specific tree: 3088
pgloadind fixing names in trees
pgloadind   name fixing on tree tree id "3088"
pgloadind   all nodes have ottIds
pgloadind   postpruning newick tree "((Carex_gibba,((Carex_nubigena,((Carex_radiata,Carex_rosea),((((((Carex_infirminervia,Carex_leptopoda),Carex_deweyana),(((Carex_interior,Carex_echinata),(Carex_exilis,Carex_seorsa)),Carex_laeviculmis)),(((Carex_illota,Carex_arcta),((((Carex_vulpina,Carex_rochebrunii),(Carex_stipata,Carex_laevivaginata)),Carex_divulsa),Carex_disperma)),(Carex_canescens,((Carex_brunnescens,(Carex_trisperma,(Carex_elongata,(Carex_lachenalii,Carex_glareosa)))),Carex_tenuiflora)))),((((Carex_multicostata,(Carex_ebenea,(Carex_microptera,Carex_haydeniana))),(Carex_integra,(Carex_subfusca,Carex_abrupta))),((((Carex_preslii,Carex_phaeocephala),Carex_davyi),Carex_bohemica),(Carex_foenea,Carex_praticola))),((((Carex_straminea,(Carex_longii,((((Carex_scoparia_var_tessellata,Carex_scoparia_var_scoparia),Carex_albolutescens),Carex_suberecta),Carex_alata))),((Carex_ovalis,Carex_feta),((((Carex_tincta,((Carex_missouriensis,((Carex_tenera,Carex_festucacea),Carex_oronensis)),(Carex_bicknellii,Carex_muskingumensis))),Carex_molesta),((((Carex_projecta,Carex_tribuloides),Carex_cristatella),Carex_bebbii),Carex_cumulata)),(Carex_brevior,(Carex_shinnersii,Carex_molestiformis))))),Carex_athrostachya),(Carex_adusta,((Carex_harfordii,Carex_pachystachya),Carex_macloviana))))),((Carex_crus-corvi,Carex_bromoides),(((((Carex_alopecoidea,(Carex_vulpinoidea,Carex_annectens)),((Carex_conjuncta,Carex_aggregata),(Carex_gravida,Carex_cephaloidea))),Carex_leavenworthii),(Carex_cephalophora,Carex_muehlenbergii)),Carex_diandra))))),((Carex_hoodii,(Carex_disticha,Carex_sartwellii)),Carex_siccata))),(Carex_siderosticta,(Carex_baldensis,((Carex_caryophyllea,Carex_panicea),Carex_humilis))))"
pgloadind   taxon mapping summary
pgloadind     taxon mapping OTT ID 525039 taxonomy "Carex gibba->Carex->Cariceae->Cyperoideae->Cyperaceae->Poales->commelinids->Petrosaviidae->Liliopsida->Mesangiospermae->Magnoliophyta->Spermatophyta->Euphyllophyta->Tracheophyta->Embryophyta->Streptophyta->Chloroplastida->Archaeplastida->Eukaryota->cellular organisms->life" nexsonid "node633928"
pgloadind     taxon mapping OTT ID 972478 taxonomy "Carex nubigena->Carex->Cariceae->Cyperoideae->Cyperaceae->Poales->commelinids->Petrosaviidae->Liliopsida->Mesangiospermae->Magnoliophyta->Spermatophyta->Euphyllophyta->Tracheophyta->Embryophyta->Streptophyta->Chloroplastida->Archaeplastida->Eukaryota->cellular organisms->life" nexsonid "node633931"
pgloadind     taxon mapping OTT ID 958312 taxonomy "Carex radiata->Carex->Cariceae->Cyperoideae->Cyperaceae->Poales->commelinids->Petrosaviidae->Liliopsida->Mesangiospermae->Magnoliophyta->Spermatophyta->Euphyllophyta->Tracheophyta->Embryophyta->Streptophyta->Chloroplastida->Archaeplastida->Eukaryota->cellular organisms->life" nexsonid "node633934"
pgloadind     taxon mapping OTT ID 958323 taxonomy "Carex rosea->Carex->Cariceae->Cyperoideae->Cyperaceae->Poales->commelinids->Petrosaviidae->Liliopsida->Mesangiospermae->Magnoliophyta->Spermatophyta->Euphyllophyta->Tracheophyta->Embryophyta->Streptophyta->Chloroplastida->Archaeplastida->Eukaryota->cellular organisms->life" nexsonid "node633935"
pgloadind     taxon mapping OTT ID 541514 taxonomy "Carex infirminervia->Carex->Cariceae->Cyperoideae->Cyperaceae->Poales->commelinids->Petrosaviidae->Liliopsida->Mesangiospermae->Magnoliophyta->Spermatophyta->Euphyllophyta->Tracheophyta->Embryophyta->Streptophyta->Chloroplastida->Archaeplastida->Eukaryota->cellular organisms->life" nexsonid "node633942"
pgloadind     taxon mapping OTT ID 2082 taxonomy "Carex leptopoda->Carex->Cariceae->Cyperoideae->Cyperaceae->Poales->commelinids->Petrosaviidae->Liliopsida->Mesangiospermae->Magnoliophyta->Spermatophyta->Euphyllophyta->Tracheophyta->Embryophyta->Streptophyta->Chloroplastida->Archaeplastida->Eukaryota->cellular organisms->life" nexsonid "node633943"
pgloadind     taxon mapping OTT ID 1038081 taxonomy "Carex deweyana->Carex->Cariceae->Cyperoideae->Cyperaceae->Poales->commelinids->Petrosaviidae->Liliopsida->Mesangiospermae->Magnoliophyta->Spermatophyta->Euphyllophyta->Tracheophyta->Embryophyta->Streptophyta->Chloroplastida->Archaeplastida->Eukaryota->cellular organisms->life" nexsonid "node633944"
pgloadind     taxon mapping OTT ID 1058558 taxonomy "Carex interior->Carex->Cariceae->Cyperoideae->Cyperaceae->Poales->commelinids->Petrosaviidae->Liliopsida->Mesangiospermae->Magnoliophyta->Spermatophyta->Euphyllophyta->Tracheophyta->Embryophyta->Streptophyta->Chloroplastida->Archaeplastida->Eukaryota->cellular organisms->life" nexsonid "node633948"
pgloadind     taxon mapping OTT ID 397258 taxonomy "Carex echinata->Carex->Cariceae->Cyperoideae->Cyperaceae->Poales->commelinids->Petrosaviidae->Liliopsida->Mesangiospermae->Magnoliophyta->Spermatophyta->Euphyllophyta->Tracheophyta->Embryophyta->Streptophyta->Chloroplastida->Archaeplastida->Eukaryota->cellular organisms->life" nexsonid "node633949"
pgloadind     taxon mapping OTT ID 1047922 taxonomy "Carex exilis->Carex->Cariceae->Cyperoideae->Cyperaceae->Poales->commelinids->Petrosaviidae->Liliopsida->Mesangiospermae->Magnoliophyta->Spermatophyta->Euphyllophyta->Tracheophyta->Embryophyta->Streptophyta->Chloroplastida->Archaeplastida->Eukaryota->cellular organisms->life" nexsonid "node633951"
pgloadind     taxon mapping OTT ID 912918 taxonomy "Carex seorsa->Carex->Cariceae->Cyperoideae->Cyperaceae->Poales->commelinids->Petrosaviidae->Liliopsida->Mesangiospermae->Magnoliophyta->Spermatophyta->Euphyllophyta->Tracheophyta->Embryophyta->Streptophyta->Chloroplastida->Archaeplastida->Eukaryota->cellular organisms->life" nexsonid "node633952"
pgloadind     taxon mapping OTT ID 2078 taxonomy "Carex laeviculmis->Carex->Cariceae->Cyperoideae->Cyperaceae->Poales->commelinids->Petrosaviidae->Liliopsida->Mesangiospermae->Magnoliophyta->Spermatophyta->Euphyllophyta->Tracheophyta->Embryophyta->Streptophyta->Chloroplastida->Archaeplastida->Eukaryota->cellular organisms->life" nexsonid "node633953"
pgloadind     taxon mapping OTT ID 579026 taxonomy "Carex illota->Carex->Cariceae->Cyperoideae->Cyperaceae->Poales->commelinids->Petrosaviidae->Liliopsida->Mesangiospermae->Magnoliophyta->Spermatophyta->Euphyllophyta->Tracheophyta->Embryophyta->Streptophyta->Chloroplastida->Archaeplastida->Eukaryota->cellular organisms->life" nexsonid "node633957"
pgloadind     taxon mapping OTT ID 948523 taxonomy "Carex arcta->Carex->Cariceae->Cyperoideae->Cyperaceae->Poales->commelinids->Petrosaviidae->Liliopsida->Mesangiospermae->Magnoliophyta->Spermatophyta->Euphyllophyta->Tracheophyta->Embryophyta->Streptophyta->Chloroplastida->Archaeplastida->Eukaryota->cellular organisms->life" nexsonid "node633958"
pgloadind     taxon mapping OTT ID 717374 taxonomy "Carex vulpina->Carex->Cariceae->Cyperoideae->Cyperaceae->Poales->commelinids->Petrosaviidae->Liliopsida->Mesangiospermae->Magnoliophyta->Spermatophyta->Euphyllophyta->Tracheophyta->Embryophyta->Streptophyta->Chloroplastida->Archaeplastida->Eukaryota->cellular organisms->life" nexsonid "node633963"
pgloadind     taxon mapping OTT ID 912925 taxonomy "Carex rochebrunii->Carex->Cariceae->Cyperoideae->Cyperaceae->Poales->commelinids->Petrosaviidae->Liliopsida->Mesangiospermae->Magnoliophyta->Spermatophyta->Euphyllophyta->Tracheophyta->Embryophyta->Streptophyta->Chloroplastida->Archaeplastida->Eukaryota->cellular organisms->life" nexsonid "node633964"
pgloadind     taxon mapping OTT ID 193874 taxonomy "Carex stipata->Carex->Cariceae->Cyperoideae->Cyperaceae->Poales->commelinids->Petrosaviidae->Liliopsida->Mesangiospermae->Magnoliophyta->Spermatophyta->Euphyllophyta->Tracheophyta->Embryophyta->Streptophyta->Chloroplastida->Archaeplastida->Eukaryota->cellular organisms->life" nexsonid "node633966"
pgloadind     taxon mapping OTT ID 382032 taxonomy "Carex laevivaginata->Carex->Cariceae->Cyperoideae->Cyperaceae->Poales->commelinids->Petrosaviidae->Liliopsida->Mesangiospermae->Magnoliophyta->Spermatophyta->Euphyllophyta->Tracheophyta->Embryophyta->Streptophyta->Chloroplastida->Archaeplastida->Eukaryota->cellular organisms->life" nexsonid "node633967"
pgloadind     taxon mapping OTT ID 345702 taxonomy "Carex divulsa->Carex->Cariceae->Cyperoideae->Cyperaceae->Poales->commelinids->Petrosaviidae->Liliopsida->Mesangiospermae->Magnoliophyta->Spermatophyta->Euphyllophyta->Tracheophyta->Embryophyta->Streptophyta->Chloroplastida->Archaeplastida->Eukaryota->cellular organisms->life" nexsonid "node633968"
pgloadind     taxon mapping OTT ID 13994 taxonomy "Carex disperma->Carex->Cariceae->Cyperoideae->Cyperaceae->Poales->commelinids->Petrosaviidae->Liliopsida->Mesangiospermae->Magnoliophyta->Spermatophyta->Euphyllophyta->Tracheophyta->Embryophyta->Streptophyta->Chloroplastida->Archaeplastida->Eukaryota->cellular organisms->life" nexsonid "node633969"
pgloadind     taxon mapping OTT ID 4163 taxonomy "Carex canescens->Carex->Cariceae->Cyperoideae->Cyperaceae->Poales->commelinids->Petrosaviidae->Liliopsida->Mesangiospermae->Magnoliophyta->Spermatophyta->Euphyllophyta->Tracheophyta->Embryophyta->Streptophyta->Chloroplastida->Archaeplastida->Eukaryota->cellular organisms->life" nexsonid "node633971"
pgloadind     taxon mapping OTT ID 870262 taxonomy "Carex brunnescens->Carex->Cariceae->Cyperoideae->Cyperaceae->Poales->commelinids->Petrosaviidae->Liliopsida->Mesangiospermae->Magnoliophyta->Spermatophyta->Euphyllophyta->Tracheophyta->Embryophyta->Streptophyta->Chloroplastida->Archaeplastida->Eukaryota->cellular organisms->life" nexsonid "node633974"
pgloadind     taxon mapping OTT ID 432495 taxonomy "Carex trisperma->Carex->Cariceae->Cyperoideae->Cyperaceae->Poales->commelinids->Petrosaviidae->Liliopsida->Mesangiospermae->Magnoliophyta->Spermatophyta->Euphyllophyta->Tracheophyta->Embryophyta->Streptophyta->Chloroplastida->Archaeplastida->Eukaryota->cellular organisms->life" nexsonid "node633976"
pgloadind     taxon mapping OTT ID 345713 taxonomy "Carex elongata->Carex->Cariceae->Cyperoideae->Cyperaceae->Poales->commelinids->Petrosaviidae->Liliopsida->Mesangiospermae->Magnoliophyta->Spermatophyta->Euphyllophyta->Tracheophyta->Embryophyta->Streptophyta->Chloroplastida->Archaeplastida->Eukaryota->cellular organisms->life" nexsonid "node633978"
pgloadind     taxon mapping OTT ID 345688 taxonomy "Carex lachenalii->Carex->Cariceae->Cyperoideae->Cyperaceae->Poales->commelinids->Petrosaviidae->Liliopsida->Mesangiospermae->Magnoliophyta->Spermatophyta->Euphyllophyta->Tracheophyta->Embryophyta->Streptophyta->Chloroplastida->Archaeplastida->Eukaryota->cellular organisms->life" nexsonid "node633980"
pgloadind     taxon mapping OTT ID 544905 taxonomy "Carex glareosa->Carex->Cariceae->Cyperoideae->Cyperaceae->Poales->commelinids->Petrosaviidae->Liliopsida->Mesangiospermae->Magnoliophyta->Spermatophyta->Euphyllophyta->Tracheophyta->Embryophyta->Streptophyta->Chloroplastida->Archaeplastida->Eukaryota->cellular organisms->life" nexsonid "node633981"
pgloadind     taxon mapping OTT ID 58705 taxonomy "Carex tenuiflora->Carex->Cariceae->Cyperoideae->Cyperaceae->Poales->commelinids->Petrosaviidae->Liliopsida->Mesangiospermae->Magnoliophyta->Spermatophyta->Euphyllophyta->Tracheophyta->Embryophyta->Streptophyta->Chloroplastida->Archaeplastida->Eukaryota->cellular organisms->life" nexsonid "node633982"
pgloadind     taxon mapping OTT ID 84555 taxonomy "Carex multicostata->Carex->Cariceae->Cyperoideae->Cyperaceae->Poales->commelinids->Petrosaviidae->Liliopsida->Mesangiospermae->Magnoliophyta->Spermatophyta->Euphyllophyta->Tracheophyta->Embryophyta->Streptophyta->Chloroplastida->Archaeplastida->Eukaryota->cellular organisms->life" nexsonid "node633987"
pgloadind     taxon mapping OTT ID 710859 taxonomy "Carex ebenea->Carex->Cariceae->Cyperoideae->Cyperaceae->Poales->commelinids->Petrosaviidae->Liliopsida->Mesangiospermae->Magnoliophyta->Spermatophyta->Euphyllophyta->Tracheophyta->Embryophyta->Streptophyta->Chloroplastida->Archaeplastida->Eukaryota->cellular organisms->life" nexsonid "node633989"
pgloadind     taxon mapping OTT ID 658978 taxonomy "Carex microptera->Carex->Cariceae->Cyperoideae->Cyperaceae->Poales->commelinids->Petrosaviidae->Liliopsida->Mesangiospermae->Magnoliophyta->Spermatophyta->Euphyllophyta->Tracheophyta->Embryophyta->Streptophyta->Chloroplastida->Archaeplastida->Eukaryota->cellular organisms->life" nexsonid "node633991"
pgloadind     taxon mapping OTT ID 136820 taxonomy "Carex haydeniana->Carex->Cariceae->Cyperoideae->Cyperaceae->Poales->commelinids->Petrosaviidae->Liliopsida->Mesangiospermae->Magnoliophyta->Spermatophyta->Euphyllophyta->Tracheophyta->Embryophyta->Streptophyta->Chloroplastida->Archaeplastida->Eukaryota->cellular organisms->life" nexsonid "node633992"
pgloadind     taxon mapping OTT ID 136826 taxonomy "Carex integra->Carex->Cariceae->Cyperoideae->Cyperaceae->Poales->commelinids->Petrosaviidae->Liliopsida->Mesangiospermae->Magnoliophyta->Spermatophyta->Euphyllophyta->Tracheophyta->Embryophyta->Streptophyta->Chloroplastida->Archaeplastida->Eukaryota->cellular organisms->life" nexsonid "node633994"
pgloadind     taxon mapping OTT ID 553964 taxonomy "Carex subfusca->Carex->Cariceae->Cyperoideae->Cyperaceae->Poales->commelinids->Petrosaviidae->Liliopsida->Mesangiospermae->Magnoliophyta->Spermatophyta->Euphyllophyta->Tracheophyta->Embryophyta->Streptophyta->Chloroplastida->Archaeplastida->Eukaryota->cellular organisms->life" nexsonid "node633996"
pgloadind     taxon mapping OTT ID 457545 taxonomy "Carex abrupta->Carex->Cariceae->Cyperoideae->Cyperaceae->Poales->commelinids->Petrosaviidae->Liliopsida->Mesangiospermae->Magnoliophyta->Spermatophyta->Euphyllophyta->Tracheophyta->Embryophyta->Streptophyta->Chloroplastida->Archaeplastida->Eukaryota->cellular organisms->life" nexsonid "node633997"
pgloadind     taxon mapping OTT ID 606211 taxonomy "Carex preslii->Carex->Cariceae->Cyperoideae->Cyperaceae->Poales->commelinids->Petrosaviidae->Liliopsida->Mesangiospermae->Magnoliophyta->Spermatophyta->Euphyllophyta->Tracheophyta->Embryophyta->Streptophyta->Chloroplastida->Archaeplastida->Eukaryota->cellular organisms->life" nexsonid "node634002"
pgloadind     taxon mapping OTT ID 606214 taxonomy "Carex phaeocephala->Carex->Cariceae->Cyperoideae->Cyperaceae->Poales->commelinids->Petrosaviidae->Liliopsida->Mesangiospermae->Magnoliophyta->Spermatophyta->Euphyllophyta->Tracheophyta->Embryophyta->Streptophyta->Chloroplastida->Archaeplastida->Eukaryota->cellular organisms->life" nexsonid "node634003"
pgloadind     taxon mapping OTT ID 710872 taxonomy "Carex davyi->Carex->Cariceae->Cyperoideae->Cyperaceae->Poales->commelinids->Petrosaviidae->Liliopsida->Mesangiospermae->Magnoliophyta->Spermatophyta->Euphyllophyta->Tracheophyta->Embryophyta->Streptophyta->Chloroplastida->Archaeplastida->Eukaryota->cellular organisms->life" nexsonid "node634004"
pgloadind     taxon mapping OTT ID 4173 taxonomy "Carex bohemica->Carex->Cariceae->Cyperoideae->Cyperaceae->Poales->commelinids->Petrosaviidae->Liliopsida->Mesangiospermae->Magnoliophyta->Spermatophyta->Euphyllophyta->Tracheophyta->Embryophyta->Streptophyta->Chloroplastida->Archaeplastida->Eukaryota->cellular organisms->life" nexsonid "node634005"
pgloadind     taxon mapping OTT ID 136813 taxonomy "Carex foenea->Carex->Cariceae->Cyperoideae->Cyperaceae->Poales->commelinids->Petrosaviidae->Liliopsida->Mesangiospermae->Magnoliophyta->Spermatophyta->Euphyllophyta->Tracheophyta->Embryophyta->Streptophyta->Chloroplastida->Archaeplastida->Eukaryota->cellular organisms->life" nexsonid "node634007"
pgloadind     taxon mapping OTT ID 606224 taxonomy "Carex praticola->Carex->Cariceae->Cyperoideae->Cyperaceae->Poales->commelinids->Petrosaviidae->Liliopsida->Mesangiospermae->Magnoliophyta->Spermatophyta->Euphyllophyta->Tracheophyta->Embryophyta->Streptophyta->Chloroplastida->Archaeplastida->Eukaryota->cellular organisms->life" nexsonid "node634008"
pgloadind     taxon mapping OTT ID 553957 taxonomy "Carex straminea->Carex->Cariceae->Cyperoideae->Cyperaceae->Poales->commelinids->Petrosaviidae->Liliopsida->Mesangiospermae->Magnoliophyta->Spermatophyta->Euphyllophyta->Tracheophyta->Embryophyta->Streptophyta->Chloroplastida->Archaeplastida->Eukaryota->cellular organisms->life" nexsonid "node634013"
pgloadind     taxon mapping OTT ID 656159 taxonomy "Carex longii->Carex->Cariceae->Cyperoideae->Cyperaceae->Poales->commelinids->Petrosaviidae->Liliopsida->Mesangiospermae->Magnoliophyta->Spermatophyta->Euphyllophyta->Tracheophyta->Embryophyta->Streptophyta->Chloroplastida->Archaeplastida->Eukaryota->cellular organisms->life" nexsonid "node634015"
pgloadind     taxon mapping OTT ID 32983 taxonomy "Carex scoparia var. tessellata->Carex scoparia->Carex->Cariceae->Cyperoideae->Cyperaceae->Poales->commelinids->Petrosaviidae->Liliopsida->Mesangiospermae->Magnoliophyta->Spermatophyta->Euphyllophyta->Tracheophyta->Embryophyta->Streptophyta->Chloroplastida->Archaeplastida->Eukaryota->cellular organisms->life" nexsonid "node634020"
pgloadind     taxon mapping OTT ID 199852 taxonomy "Carex scoparia var. scoparia->Carex scoparia->Carex->Cariceae->Cyperoideae->Cyperaceae->Poales->commelinids->Petrosaviidae->Liliopsida->Mesangiospermae->Magnoliophyta->Spermatophyta->Euphyllophyta->Tracheophyta->Embryophyta->Streptophyta->Chloroplastida->Archaeplastida->Eukaryota->cellular organisms->life" nexsonid "node634021"
pgloadind     taxon mapping OTT ID 457543 taxonomy "Carex albolutescens->Carex->Cariceae->Cyperoideae->Cyperaceae->Poales->commelinids->Petrosaviidae->Liliopsida->Mesangiospermae->Magnoliophyta->Spermatophyta->Euphyllophyta->Tracheophyta->Embryophyta->Streptophyta->Chloroplastida->Archaeplastida->Eukaryota->cellular organisms->life" nexsonid "node634022"
pgloadind     taxon mapping OTT ID 45992 taxonomy "Carex suberecta->Carex->Cariceae->Cyperoideae->Cyperaceae->Poales->commelinids->Petrosaviidae->Liliopsida->Mesangiospermae->Magnoliophyta->Spermatophyta->Euphyllophyta->Tracheophyta->Embryophyta->Streptophyta->Chloroplastida->Archaeplastida->Eukaryota->cellular organisms->life" nexsonid "node634023"
pgloadind     taxon mapping OTT ID 555117 taxonomy "Carex alata->Carex->Cariceae->Cyperoideae->Cyperaceae->Poales->commelinids->Petrosaviidae->Liliopsida->Mesangiospermae->Magnoliophyta->Spermatophyta->Euphyllophyta->Tracheophyta->Embryophyta->Streptophyta->Chloroplastida->Archaeplastida->Eukaryota->cellular organisms->life" nexsonid "node634024"
pgloadind     taxon mapping OTT ID 454179 taxonomy "Carex ovalis->Carex->Cariceae->Cyperoideae->Cyperaceae->Poales->commelinids->Petrosaviidae->Liliopsida->Mesangiospermae->Magnoliophyta->Spermatophyta->Euphyllophyta->Tracheophyta->Embryophyta->Streptophyta->Chloroplastida->Archaeplastida->Eukaryota->cellular organisms->life" nexsonid "node634027"
pgloadind     taxon mapping OTT ID 136811 taxonomy "Carex feta->Carex->Cariceae->Cyperoideae->Cyperaceae->Poales->commelinids->Petrosaviidae->Liliopsida->Mesangiospermae->Magnoliophyta->Spermatophyta->Euphyllophyta->Tracheophyta->Embryophyta->Streptophyta->Chloroplastida->Archaeplastida->Eukaryota->cellular organisms->life" nexsonid "node634028"
pgloadind     taxon mapping OTT ID 490970 taxonomy "Carex tincta->Carex->Cariceae->Cyperoideae->Cyperaceae->Poales->commelinids->Petrosaviidae->Liliopsida->Mesangiospermae->Magnoliophyta->Spermatophyta->Euphyllophyta->Tracheophyta->Embryophyta->Streptophyta->Chloroplastida->Archaeplastida->Eukaryota->cellular organisms->life" nexsonid "node634033"
pgloadind     taxon mapping OTT ID 658976 taxonomy "Carex missouriensis->Carex->Cariceae->Cyperoideae->Cyperaceae->Poales->commelinids->Petrosaviidae->Liliopsida->Mesangiospermae->Magnoliophyta->Spermatophyta->Euphyllophyta->Tracheophyta->Embryophyta->Streptophyta->Chloroplastida->Archaeplastida->Eukaryota->cellular organisms->life" nexsonid "node634036"
pgloadind     taxon mapping OTT ID 710866 taxonomy "Carex tenera->Carex->Cariceae->Cyperoideae->Cyperaceae->Poales->commelinids->Petrosaviidae->Liliopsida->Mesangiospermae->Magnoliophyta->Spermatophyta->Euphyllophyta->Tracheophyta->Embryophyta->Streptophyta->Chloroplastida->Archaeplastida->Eukaryota->cellular organisms->life" nexsonid "node634039"
pgloadind     taxon mapping OTT ID 962031 taxonomy "Carex festucacea->Carex->Cariceae->Cyperoideae->Cyperaceae->Poales->commelinids->Petrosaviidae->Liliopsida->Mesangiospermae->Magnoliophyta->Spermatophyta->Euphyllophyta->Tracheophyta->Embryophyta->Streptophyta->Chloroplastida->Archaeplastida->Eukaryota->cellular organisms->life" nexsonid "node634040"
pgloadind     taxon mapping OTT ID 84559 taxonomy "Carex oronensis->Carex->Cariceae->Cyperoideae->Cyperaceae->Poales->commelinids->Petrosaviidae->Liliopsida->Mesangiospermae->Magnoliophyta->Spermatophyta->Euphyllophyta->Tracheophyta->Embryophyta->Streptophyta->Chloroplastida->Archaeplastida->Eukaryota->cellular organisms->life" nexsonid "node634041"
pgloadind     taxon mapping OTT ID 4167 taxonomy "Carex bicknellii->Carex->Cariceae->Cyperoideae->Cyperaceae->Poales->commelinids->Petrosaviidae->Liliopsida->Mesangiospermae->Magnoliophyta->Spermatophyta->Euphyllophyta->Tracheophyta->Embryophyta->Streptophyta->Chloroplastida->Archaeplastida->Eukaryota->cellular organisms->life" nexsonid "node634043"
pgloadind     taxon mapping OTT ID 717357 taxonomy "Carex muskingumensis->Carex->Cariceae->Cyperoideae->Cyperaceae->Poales->commelinids->Petrosaviidae->Liliopsida->Mesangiospermae->Magnoliophyta->Spermatophyta->Euphyllophyta->Tracheophyta->Embryophyta->Streptophyta->Chloroplastida->Archaeplastida->Eukaryota->cellular organisms->life" nexsonid "node634044"
pgloadind     taxon mapping OTT ID 658974 taxonomy "Carex molesta->Carex->Cariceae->Cyperoideae->Cyperaceae->Poales->commelinids->Petrosaviidae->Liliopsida->Mesangiospermae->Magnoliophyta->Spermatophyta->Euphyllophyta->Tracheophyta->Embryophyta->Streptophyta->Chloroplastida->Archaeplastida->Eukaryota->cellular organisms->life" nexsonid "node634045"
pgloadind     taxon mapping OTT ID 958307 taxonomy "Carex projecta->Carex->Cariceae->Cyperoideae->Cyperaceae->Poales->commelinids->Petrosaviidae->Liliopsida->Mesangiospermae->Magnoliophyta->Spermatophyta->Euphyllophyta->Tracheophyta->Embryophyta->Streptophyta->Chloroplastida->Archaeplastida->Eukaryota->cellular organisms->life" nexsonid "node634050"
pgloadind     taxon mapping OTT ID 58712 taxonomy "Carex tribuloides->Carex->Cariceae->Cyperoideae->Cyperaceae->Poales->commelinids->Petrosaviidae->Liliopsida->Mesangiospermae->Magnoliophyta->Spermatophyta->Euphyllophyta->Tracheophyta->Embryophyta->Streptophyta->Chloroplastida->Archaeplastida->Eukaryota->cellular organisms->life" nexsonid "node634051"
pgloadind     taxon mapping OTT ID 710870 taxonomy "Carex cristatella->Carex->Cariceae->Cyperoideae->Cyperaceae->Poales->commelinids->Petrosaviidae->Liliopsida->Mesangiospermae->Magnoliophyta->Spermatophyta->Euphyllophyta->Tracheophyta->Embryophyta->Streptophyta->Chloroplastida->Archaeplastida->Eukaryota->cellular organisms->life" nexsonid "node634052"
pgloadind     taxon mapping OTT ID 15674 taxonomy "Carex bebbii->Carex->Cariceae->Cyperoideae->Cyperaceae->Poales->commelinids->Petrosaviidae->Liliopsida->Mesangiospermae->Magnoliophyta->Spermatophyta->Euphyllophyta->Tracheophyta->Embryophyta->Streptophyta->Chloroplastida->Archaeplastida->Eukaryota->cellular organisms->life" nexsonid "node634053"
pgloadind     taxon mapping OTT ID 710868 taxonomy "Carex cumulata->Carex->Cariceae->Cyperoideae->Cyperaceae->Poales->commelinids->Petrosaviidae->Liliopsida->Mesangiospermae->Magnoliophyta->Spermatophyta->Euphyllophyta->Tracheophyta->Embryophyta->Streptophyta->Chloroplastida->Archaeplastida->Eukaryota->cellular organisms->life" nexsonid "node634054"
pgloadind     taxon mapping OTT ID 15680 taxonomy "Carex brevior->Carex->Cariceae->Cyperoideae->Cyperaceae->Poales->commelinids->Petrosaviidae->Liliopsida->Mesangiospermae->Magnoliophyta->Spermatophyta->Euphyllophyta->Tracheophyta->Embryophyta->Streptophyta->Chloroplastida->Archaeplastida->Eukaryota->cellular organisms->life" nexsonid "node634056"
pgloadind     taxon mapping OTT ID 32985 taxonomy "Carex shinnersii->Carex->Cariceae->Cyperoideae->Cyperaceae->Poales->commelinids->Petrosaviidae->Liliopsida->Mesangiospermae->Magnoliophyta->Spermatophyta->Euphyllophyta->Tracheophyta->Embryophyta->Streptophyta->Chloroplastida->Archaeplastida->Eukaryota->cellular organisms->life" nexsonid "node634058"
pgloadind     taxon mapping OTT ID 658971 taxonomy "Carex molestiformis->Carex->Cariceae->Cyperoideae->Cyperaceae->Poales->commelinids->Petrosaviidae->Liliopsida->Mesangiospermae->Magnoliophyta->Spermatophyta->Euphyllophyta->Tracheophyta->Embryophyta->Streptophyta->Chloroplastida->Archaeplastida->Eukaryota->cellular organisms->life" nexsonid "node634059"
pgloadind     taxon mapping OTT ID 717361 taxonomy "Carex athrostachya->Carex->Cariceae->Cyperoideae->Cyperaceae->Poales->commelinids->Petrosaviidae->Liliopsida->Mesangiospermae->Magnoliophyta->Spermatophyta->Euphyllophyta->Tracheophyta->Embryophyta->Streptophyta->Chloroplastida->Archaeplastida->Eukaryota->cellular organisms->life" nexsonid "node634060"
pgloadind     taxon mapping OTT ID 457547 taxonomy "Carex adusta->Carex->Cariceae->Cyperoideae->Cyperaceae->Poales->commelinids->Petrosaviidae->Liliopsida->Mesangiospermae->Magnoliophyta->Spermatophyta->Euphyllophyta->Tracheophyta->Embryophyta->Streptophyta->Chloroplastida->Archaeplastida->Eukaryota->cellular organisms->life" nexsonid "node634062"
pgloadind     taxon mapping OTT ID 136818 taxonomy "Carex harfordii->Carex->Cariceae->Cyperoideae->Cyperaceae->Poales->commelinids->Petrosaviidae->Liliopsida->Mesangiospermae->Magnoliophyta->Spermatophyta->Euphyllophyta->Tracheophyta->Embryophyta->Streptophyta->Chloroplastida->Archaeplastida->Eukaryota->cellular organisms->life" nexsonid "node634065"
pgloadind     taxon mapping OTT ID 84548 taxonomy "Carex pachystachya->Carex->Cariceae->Cyperoideae->Cyperaceae->Poales->commelinids->Petrosaviidae->Liliopsida->Mesangiospermae->Magnoliophyta->Spermatophyta->Euphyllophyta->Tracheophyta->Embryophyta->Streptophyta->Chloroplastida->Archaeplastida->Eukaryota->cellular organisms->life" nexsonid "node634066"
pgloadind     taxon mapping OTT ID 345707 taxonomy "Carex macloviana->Carex->Cariceae->Cyperoideae->Cyperaceae->Poales->commelinids->Petrosaviidae->Liliopsida->Mesangiospermae->Magnoliophyta->Spermatophyta->Euphyllophyta->Tracheophyta->Embryophyta->Streptophyta->Chloroplastida->Archaeplastida->Eukaryota->cellular organisms->life" nexsonid "node634067"
pgloadind     taxon mapping OTT ID 850365 taxonomy "Carex crus-corvi->Carex->Cariceae->Cyperoideae->Cyperaceae->Poales->commelinids->Petrosaviidae->Liliopsida->Mesangiospermae->Magnoliophyta->Spermatophyta->Euphyllophyta->Tracheophyta->Embryophyta->Streptophyta->Chloroplastida->Archaeplastida->Eukaryota->cellular organisms->life" nexsonid "node634070"
pgloadind     taxon mapping OTT ID 193876 taxonomy "Carex bromoides->Carex->Cariceae->Cyperoideae->Cyperaceae->Poales->commelinids->Petrosaviidae->Liliopsida->Mesangiospermae->Magnoliophyta->Spermatophyta->Euphyllophyta->Tracheophyta->Embryophyta->Streptophyta->Chloroplastida->Archaeplastida->Eukaryota->cellular organisms->life" nexsonid "node634071"
pgloadind     taxon mapping OTT ID 948496 taxonomy "Carex alopecoidea->Carex->Cariceae->Cyperoideae->Cyperaceae->Poales->commelinids->Petrosaviidae->Liliopsida->Mesangiospermae->Magnoliophyta->Spermatophyta->Euphyllophyta->Tracheophyta->Embryophyta->Streptophyta->Chloroplastida->Archaeplastida->Eukaryota->cellular organisms->life" nexsonid "node634077"
pgloadind     taxon mapping OTT ID 404059 taxonomy "Carex vulpinoidea->Carex->Cariceae->Cyperoideae->Cyperaceae->Poales->commelinids->Petrosaviidae->Liliopsida->Mesangiospermae->Magnoliophyta->Spermatophyta->Euphyllophyta->Tracheophyta->Embryophyta->Streptophyta->Chloroplastida->Archaeplastida->Eukaryota->cellular organisms->life" nexsonid "node634079"
pgloadind     taxon mapping OTT ID 948494 taxonomy "Carex annectens->Carex->Cariceae->Cyperoideae->Cyperaceae->Poales->commelinids->Petrosaviidae->Liliopsida->Mesangiospermae->Magnoliophyta->Spermatophyta->Euphyllophyta->Tracheophyta->Embryophyta->Streptophyta->Chloroplastida->Archaeplastida->Eukaryota->cellular organisms->life" nexsonid "node634080"
pgloadind     taxon mapping OTT ID 574852 taxonomy "Carex conjuncta->Carex->Cariceae->Cyperoideae->Cyperaceae->Poales->commelinids->Petrosaviidae->Liliopsida->Mesangiospermae->Magnoliophyta->Spermatophyta->Euphyllophyta->Tracheophyta->Embryophyta->Streptophyta->Chloroplastida->Archaeplastida->Eukaryota->cellular organisms->life" nexsonid "node634083"
pgloadind     taxon mapping OTT ID 948498 taxonomy "Carex aggregata->Carex->Cariceae->Cyperoideae->Cyperaceae->Poales->commelinids->Petrosaviidae->Liliopsida->Mesangiospermae->Magnoliophyta->Spermatophyta->Euphyllophyta->Tracheophyta->Embryophyta->Streptophyta->Chloroplastida->Archaeplastida->Eukaryota->cellular organisms->life" nexsonid "node634084"
pgloadind     taxon mapping OTT ID 823030 taxonomy "Carex gravida->Carex->Cariceae->Cyperoideae->Cyperaceae->Poales->commelinids->Petrosaviidae->Liliopsida->Mesangiospermae->Magnoliophyta->Spermatophyta->Euphyllophyta->Tracheophyta->Embryophyta->Streptophyta->Chloroplastida->Archaeplastida->Eukaryota->cellular organisms->life" nexsonid "node634086"
pgloadind     taxon mapping OTT ID 1018254 taxonomy "Carex cephaloidea->Carex->Cariceae->Cyperoideae->Cyperaceae->Poales->commelinids->Petrosaviidae->Liliopsida->Mesangiospermae->Magnoliophyta->Spermatophyta->Euphyllophyta->Tracheophyta->Embryophyta->Streptophyta->Chloroplastida->Archaeplastida->Eukaryota->cellular organisms->life" nexsonid "node634087"
pgloadind     taxon mapping OTT ID 304586 taxonomy "Carex leavenworthii->Carex->Cariceae->Cyperoideae->Cyperaceae->Poales->commelinids->Petrosaviidae->Liliopsida->Mesangiospermae->Magnoliophyta->Spermatophyta->Euphyllophyta->Tracheophyta->Embryophyta->Streptophyta->Chloroplastida->Archaeplastida->Eukaryota->cellular organisms->life" nexsonid "node634088"
pgloadind     taxon mapping OTT ID 329196 taxonomy "Carex cephalophora->Carex->Cariceae->Cyperoideae->Cyperaceae->Poales->commelinids->Petrosaviidae->Liliopsida->Mesangiospermae->Magnoliophyta->Spermatophyta->Euphyllophyta->Tracheophyta->Embryophyta->Streptophyta->Chloroplastida->Archaeplastida->Eukaryota->cellular organisms->life" nexsonid "node634090"
pgloadind     taxon mapping OTT ID 382027 taxonomy "Carex muehlenbergii->Carex->Cariceae->Cyperoideae->Cyperaceae->Poales->commelinids->Petrosaviidae->Liliopsida->Mesangiospermae->Magnoliophyta->Spermatophyta->Euphyllophyta->Tracheophyta->Embryophyta->Streptophyta->Chloroplastida->Archaeplastida->Eukaryota->cellular organisms->life" nexsonid "node634091"
pgloadind     taxon mapping OTT ID 354465 taxonomy "Carex diandra->Carex->Cariceae->Cyperoideae->Cyperaceae->Poales->commelinids->Petrosaviidae->Liliopsida->Mesangiospermae->Magnoliophyta->Spermatophyta->Euphyllophyta->Tracheophyta->Embryophyta->Streptophyta->Chloroplastida->Archaeplastida->Eukaryota->cellular organisms->life" nexsonid "node634092"
pgloadind     taxon mapping OTT ID 193861 taxonomy "Carex hoodii->Carex->Cariceae->Cyperoideae->Cyperaceae->Poales->commelinids->Petrosaviidae->Liliopsida->Mesangiospermae->Magnoliophyta->Spermatophyta->Euphyllophyta->Tracheophyta->Embryophyta->Streptophyta->Chloroplastida->Archaeplastida->Eukaryota->cellular organisms->life" nexsonid "node634095"
pgloadind     taxon mapping OTT ID 870271 taxonomy "Carex disticha->Carex->Cariceae->Cyperoideae->Cyperaceae->Poales->commelinids->Petrosaviidae->Liliopsida->Mesangiospermae->Magnoliophyta->Spermatophyta->Euphyllophyta->Tracheophyta->Embryophyta->Streptophyta->Chloroplastida->Archaeplastida->Eukaryota->cellular organisms->life" nexsonid "node634097"
pgloadind     taxon mapping OTT ID 32993 taxonomy "Carex sartwellii->Carex->Cariceae->Cyperoideae->Cyperaceae->Poales->commelinids->Petrosaviidae->Liliopsida->Mesangiospermae->Magnoliophyta->Spermatophyta->Euphyllophyta->Tracheophyta->Embryophyta->Streptophyta->Chloroplastida->Archaeplastida->Eukaryota->cellular organisms->life" nexsonid "node634098"
pgloadind     taxon mapping OTT ID 193859 taxonomy "Carex siccata->Carex->Cariceae->Cyperoideae->Cyperaceae->Poales->commelinids->Petrosaviidae->Liliopsida->Mesangiospermae->Magnoliophyta->Spermatophyta->Euphyllophyta->Tracheophyta->Embryophyta->Streptophyta->Chloroplastida->Archaeplastida->Eukaryota->cellular organisms->life" nexsonid "node634099"
pgloadind     taxon mapping OTT ID 274858 taxonomy "Carex siderosticta->Carex->Cariceae->Cyperoideae->Cyperaceae->Poales->commelinids->Petrosaviidae->Liliopsida->Mesangiospermae->Magnoliophyta->Spermatophyta->Euphyllophyta->Tracheophyta->Embryophyta->Streptophyta->Chloroplastida->Archaeplastida->Eukaryota->cellular organisms->life" nexsonid "node634101"
pgloadind     taxon mapping OTT ID 646158 taxonomy "Carex baldensis->Carex->Cariceae->Cyperoideae->Cyperaceae->Poales->commelinids->Petrosaviidae->Liliopsida->Mesangiospermae->Magnoliophyta->Spermatophyta->Euphyllophyta->Tracheophyta->Embryophyta->Streptophyta->Chloroplastida->Archaeplastida->Eukaryota->cellular organisms->life" nexsonid "node634103"
pgloadind     taxon mapping OTT ID 758240 taxonomy "Carex caryophyllea->Carex->Cariceae->Cyperoideae->Cyperaceae->Poales->commelinids->Petrosaviidae->Liliopsida->Mesangiospermae->Magnoliophyta->Spermatophyta->Euphyllophyta->Tracheophyta->Embryophyta->Streptophyta->Chloroplastida->Archaeplastida->Eukaryota->cellular organisms->life" nexsonid "node634106"
pgloadind     taxon mapping OTT ID 273160 taxonomy "Carex panicea->Carex->Cariceae->Cyperoideae->Cyperaceae->Poales->commelinids->Petrosaviidae->Liliopsida->Mesangiospermae->Magnoliophyta->Spermatophyta->Euphyllophyta->Tracheophyta->Embryophyta->Streptophyta->Chloroplastida->Archaeplastida->Eukaryota->cellular organisms->life" nexsonid "node634107"
pgloadind     taxon mapping OTT ID 304578 taxonomy "Carex humilis->Carex->Cariceae->Cyperoideae->Cyperaceae->Poales->commelinids->Petrosaviidae->Liliopsida->Mesangiospermae->Magnoliophyta->Spermatophyta->Euphyllophyta->Tracheophyta->Embryophyta->Streptophyta->Chloroplastida->Archaeplastida->Eukaryota->cellular organisms->life" nexsonid "node634108"
done fixing name
pgloadind Finished with attempts to fix names
pgloadind   Checking for uniqueness of OTT IDs tree id "3088"
pgloadind   Adding tree to graph tree id "3088"
all trees have all taxa: false
	using bipartition technique
attempting to remap tips to deepest exemplified taxa
adding relationships to licas for children
adding relationships to licas for children
adding relationships to licas for children
adding relationships to licas for children
adding relationships to licas for children
adding relationships to licas for children
adding relationships to licas for children
adding relationships to licas for children
adding relationships to licas for children
adding relationships to licas for children
adding relationships to licas for children
adding relationships to licas for children
adding relationships to licas for children
adding relationships to licas for children
adding relationships to licas for children
adding relationships to licas for children
adding relationships to licas for children
adding relationships to licas for children
adding relationships to licas for children
adding relationships to licas for children
adding relationships to licas for children
adding relationships to licas for children
adding relationships to licas for children
adding relationships to licas for children
adding relationships to licas for children
adding relationships to licas for children
adding relationships to licas for children
adding relationships to licas for children
adding relationships to licas for children
adding relationships to licas for children
adding relationships to licas for children
adding relationships to licas for children
adding relationships to licas for children
adding relationships to licas for children
adding relationships to licas for children
adding relationships to licas for children
adding relationships to licas for children
adding relationships to licas for children
adding relationships to licas for children
adding relationships to licas for children
adding relationships to licas for children
adding relationships to licas for children
adding relationships to licas for children
adding relationships to licas for children
adding relationships to licas for children
adding relationships to licas for children
adding relationships to licas for children
adding relationships to licas for children
adding relationships to licas for children
adding relationships to licas for children
adding relationships to licas for children
adding relationships to licas for children
adding relationships to licas for children
adding relationships to licas for children
adding relationships to licas for children
adding relationships to licas for children
adding relationships to licas for children
adding relationships to licas for children
adding relationships to licas for children
adding relationships to licas for children
adding relationships to licas for children
adding relationships to licas for children
adding relationships to licas for children
adding relationships to licas for children
adding relationships to licas for children
adding relationships to licas for children
adding relationships to licas for children
adding relationships to licas for children
adding relationships to licas for children
adding relationships to licas for children
adding relationships to licas for children
adding relationships to licas for children
adding relationships to licas for children
adding relationships to licas for children
adding relationships to licas for children
adding relationships to licas for children
adding relationships to licas for children
adding relationships to licas for children
adding relationships to licas for children
adding relationships to licas for children
adding relationships to licas for children
adding relationships to licas for children
adding relationships to licas for children
adding relationships to licas for children
adding relationships to licas for children
adding relationships to licas for children
adding relationships to licas for children
adding relationships to licas for children
adding relationships to licas for children
adding relationships to licas for children
this is the ROOT
placing root in index
Dealing with metadata property: ot:studyPublicationReference
Adding property 'ot:studyPublicationReference': Chung, K. S., Hipp, A. L., & Roalson, E. H. (2012). Chromosome number evolves independently of genome size in a clade with nonlocalized centromeres (Carex: Cyperaceae). Evolution, 66(9), 2708-2722.
Dealing with metadata property: ot:focalCladeOTTTaxonName
Adding property 'ot:focalCladeOTTTaxonName': Carex
Dealing with metadata property: ot:branchLengthMode
Adding property 'ot:branchLengthMode': 
Dealing with metadata property: ot:branchLengthDescription
Adding property 'ot:branchLengthDescription': 
Dealing with metadata property: ot:outGroupEdge
Adding property 'ot:outGroupEdge': 
Dealing with metadata property: ot:branchLengthTimeUnit
Adding property 'ot:branchLengthTimeUnit': 
Dealing with metadata property: ot:dataDeposit
Adding property 'ot:dataDeposit': http://purl.org/phylo/treebase/phylows/study/TB2:S12042
Dealing with metadata property: ot:studyId
Adding property 'ot:studyId': pg_1539
Dealing with metadata property: id
Dealing with metadata property: ot:studyYear
Adding property 'ot:studyYear': 2012
Dealing with metadata property: ot:inGroupClade
Adding property 'ot:inGroupClade': node633926
Dealing with metadata property: ot:curatorName
Adding property 'ot:curatorName': Jiabin Deng
Dealing with metadata property: ot:studyPublication
Adding property 'ot:studyPublication': http://dx.doi.org/10.1111/j.1558-5646.2012.01624.x.
Dealing with metadata property: ot:specifiedRoot
Adding property 'ot:specifiedRoot': 
Dealing with metadata property: ot:focalClade
Adding property 'ot:focalClade': 554313
Dealing with metadata property: ot:curatedType
Adding property 'ot:curatedType': TREE1
adding relationships to licas for children
Committing nodes: 183
11:13:18.095 [main] WARN  o.neo4j.kernel.EmbeddedGraphDatabase - You are using an unsupported Java runtime. Please use Oracle(R) Java(TM) Runtime Environment 7.
