12:26:29.139 [main] WARN  o.neo4j.kernel.EmbeddedGraphDatabase - You are using an unsupported Java runtime. Please use Oracle(R) Java(TM) Runtime Environment 7.
pgloadind OTUs number 115
pgloadind Processing tree @id "2114"
pgloadind   tree info number nodes 142
pgloadind   tree info number edges 141
pgloadind   tree info ingroup "node524579"
pgloadind   Setting ingroup root node.
pgloadind   Ingested tree number of external nodes 77
pgloadind   property added ot:studyPublicationReference "Stefanovic, S. [et al. 2009], Pfeil, B. E., Palmer, J. D., & Doyle, J. J. 2009. Relationships Among Phaseoloid Legumes Based on Sequences from Eight Chloroplast Regions. Syst. Bot. 34: 115-128."
pgloadind   property added ot:candidateTreeForSynthesis "tree2114"
pgloadind   property added ot:candidateTreeForSynthesis "tree2115"
pgloadind   property added ot:focalCladeOTTTaxonName "Fabaceae"
pgloadind   property added ot:curatorName "bryan drew"
pgloadind   property added ot:curatorName "Stephen Smith"
pgloadind   property added ot:dataDeposit "http://purl.org/phylo/treebase/phylows/study/TB2:S2146"
pgloadind   property added ot:notIntendedForSynthesis "false"
pgloadind   property added ot:studyYear "2009"
pgloadind   property added ot:studyId "pg_1087"
pgloadind   property added ot:studyPublication "http://dx.doi.org/10.1600/036364409787602221"
pgloadind   property added ot:comment ""
pgloadind   property added ot:focalClade "560323"
pgloadind   property added ot:unrootedTree "false"
pgloadind   property added ot:curatedType "MP Strict consensus tree"
pgloadind   property added ot:inGroupClade "node524579"
pgloadind   property added ot:specifiedRoot "node524577"
pgloadind   property added ot:outGroupEdge ""
pgloadind   property added ot:branchLengthTimeUnit ""
pgloadind   property added ot:branchLengthDescription ""
pgloadind Processing tree @id "2115"
pgloadind   tree info number nodes 70
pgloadind   tree info number edges 69
pgloadind   tree info ingroup "node524727"
pgloadind   Setting ingroup root node.
pgloadind   Ingested tree number of external nodes 32
pgloadind   property added ot:studyPublicationReference "Stefanovic, S. [et al. 2009], Pfeil, B. E., Palmer, J. D., & Doyle, J. J. 2009. Relationships Among Phaseoloid Legumes Based on Sequences from Eight Chloroplast Regions. Syst. Bot. 34: 115-128."
pgloadind   property added ot:candidateTreeForSynthesis "tree2114"
pgloadind   property added ot:candidateTreeForSynthesis "tree2115"
pgloadind   property added ot:focalCladeOTTTaxonName "Fabaceae"
pgloadind   property added ot:curatorName "bryan drew"
pgloadind   property added ot:curatorName "Stephen Smith"
pgloadind   property added ot:dataDeposit "http://purl.org/phylo/treebase/phylows/study/TB2:S2146"
pgloadind   property added ot:notIntendedForSynthesis "false"
pgloadind   property added ot:studyYear "2009"
pgloadind   property added ot:studyId "pg_1087"
pgloadind   property added ot:studyPublication "http://dx.doi.org/10.1600/036364409787602221"
pgloadind   property added ot:comment ""
pgloadind   property added ot:focalClade "560323"
pgloadind   property added ot:unrootedTree "false"
pgloadind   property added ot:curatedType "MP Strict consensus tree"
pgloadind   property added ot:inGroupClade "node524727"
pgloadind   property added ot:specifiedRoot "node524719"
pgloadind   property added ot:outGroupEdge ""
pgloadind   property added ot:branchLengthTimeUnit ""
pgloadind   property added ot:branchLengthDescription ""
pgloadind   property added ot:branchLengthMode ""
loading a specific tree: 2115
skipping tree: 2114
pgloadind fixing names in trees
pgloadind   name fixing on tree tree id "2115"
pgloadind   all nodes have ottIds
pgloadind   postpruning newick tree "(((((((((((((((Cullen_australasicum,Bituminaria_bituminosa),Glycine_max),(Amphicarpaea_bracteata,Teramnus_uncinatus)),Pueraria_montana_var_lobata),(Pachyrhizus_erosus,Neonotonia_wightii)),(Pseudovigna_argentea,Pueraria_phaseoloides)),Dumasia_villosa),Cologania_lemmonii),(((Vigna_unguiculata,Macroptilium_atropurpureum),Lablab_purpureus),Macrotyloma_uniflorum)),(Erythrina,Psophocarpus_tetragonolobus)),(Bolusafra_bituminosa,Cajanus_cajan)),(Kennedia_nigricans,Hardenbergia_violacea)),(((((Lespedeza_bicolor,Lespedeza_cuneata),Kummerowia_stipulacea,Lespedeza_frutescens),Campylotropis_macrocarpa),(Desmodium_barbatum,Desmodium_pauciflorum)),Mucuna_sp_Doyle_et_al_s_n_)),Shuteria_involucrata_var_vestita),Apios_americana)"
pgloadind   taxon mapping summary
pgloadind     taxon mapping OTT ID 458774 taxonomy "Cullen australasicum->Cullen->Psoraleeae->Papilionoideae->Fabaceae->Fabales->fabids->rosids->Pentapetalae->Gunneridae->eudicotyledons->Mesangiospermae->Magnoliophyta->Spermatophyta->Euphyllophyta->Tracheophyta->Embryophyta->Streptophyta->Chloroplastida->Archaeplastida->Eukaryota->cellular organisms->life" nexsonid "node524742"
pgloadind     taxon mapping OTT ID 807795 taxonomy "Bituminaria bituminosa->Bituminaria->Psoraleeae->Papilionoideae->Fabaceae->Fabales->fabids->rosids->Pentapetalae->Gunneridae->eudicotyledons->Mesangiospermae->Magnoliophyta->Spermatophyta->Euphyllophyta->Tracheophyta->Embryophyta->Streptophyta->Chloroplastida->Archaeplastida->Eukaryota->cellular organisms->life" nexsonid "node524743"
pgloadind     taxon mapping OTT ID 681762 taxonomy "Glycine max->Soja->Glycine->Phaseoleae->Papilionoideae->Fabaceae->Fabales->fabids->rosids->Pentapetalae->Gunneridae->eudicotyledons->Mesangiospermae->Magnoliophyta->Spermatophyta->Euphyllophyta->Tracheophyta->Embryophyta->Streptophyta->Chloroplastida->Archaeplastida->Eukaryota->cellular organisms->life" nexsonid "node524744"
pgloadind     taxon mapping OTT ID 1063924 taxonomy "Amphicarpaea bracteata->Amphicarpaea->Phaseoleae->Papilionoideae->Fabaceae->Fabales->fabids->rosids->Pentapetalae->Gunneridae->eudicotyledons->Mesangiospermae->Magnoliophyta->Spermatophyta->Euphyllophyta->Tracheophyta->Embryophyta->Streptophyta->Chloroplastida->Archaeplastida->Eukaryota->cellular organisms->life" nexsonid "node524746"
pgloadind     taxon mapping OTT ID 886365 taxonomy "Teramnus uncinatus->Teramnus->Phaseoleae->Papilionoideae->Fabaceae->Fabales->fabids->rosids->Pentapetalae->Gunneridae->eudicotyledons->Mesangiospermae->Magnoliophyta->Spermatophyta->Euphyllophyta->Tracheophyta->Embryophyta->Streptophyta->Chloroplastida->Archaeplastida->Eukaryota->cellular organisms->life" nexsonid "node524747"
pgloadind     taxon mapping OTT ID 935487 taxonomy "Pueraria montana var. lobata->Pueraria montana->Pueraria->Phaseoleae->Papilionoideae->Fabaceae->Fabales->fabids->rosids->Pentapetalae->Gunneridae->eudicotyledons->Mesangiospermae->Magnoliophyta->Spermatophyta->Euphyllophyta->Tracheophyta->Embryophyta->Streptophyta->Chloroplastida->Archaeplastida->Eukaryota->cellular organisms->life" nexsonid "node524748"
pgloadind     taxon mapping OTT ID 240404 taxonomy "Pachyrhizus erosus->Pachyrhizus->Phaseoleae->Papilionoideae->Fabaceae->Fabales->fabids->rosids->Pentapetalae->Gunneridae->eudicotyledons->Mesangiospermae->Magnoliophyta->Spermatophyta->Euphyllophyta->Tracheophyta->Embryophyta->Streptophyta->Chloroplastida->Archaeplastida->Eukaryota->cellular organisms->life" nexsonid "node524750"
pgloadind     taxon mapping OTT ID 195815 taxonomy "Neonotonia wightii->Neonotonia->Phaseoleae->Papilionoideae->Fabaceae->Fabales->fabids->rosids->Pentapetalae->Gunneridae->eudicotyledons->Mesangiospermae->Magnoliophyta->Spermatophyta->Euphyllophyta->Tracheophyta->Embryophyta->Streptophyta->Chloroplastida->Archaeplastida->Eukaryota->cellular organisms->life" nexsonid "node524751"
pgloadind     taxon mapping OTT ID 240401 taxonomy "Pseudovigna argentea->Pseudovigna->Phaseoleae->Papilionoideae->Fabaceae->Fabales->fabids->rosids->Pentapetalae->Gunneridae->eudicotyledons->Mesangiospermae->Magnoliophyta->Spermatophyta->Euphyllophyta->Tracheophyta->Embryophyta->Streptophyta->Chloroplastida->Archaeplastida->Eukaryota->cellular organisms->life" nexsonid "node524753"
pgloadind     taxon mapping OTT ID 886380 taxonomy "Pueraria phaseoloides->Pueraria->Phaseoleae->Papilionoideae->Fabaceae->Fabales->fabids->rosids->Pentapetalae->Gunneridae->eudicotyledons->Mesangiospermae->Magnoliophyta->Spermatophyta->Euphyllophyta->Tracheophyta->Embryophyta->Streptophyta->Chloroplastida->Archaeplastida->Eukaryota->cellular organisms->life" nexsonid "node524754"
pgloadind     taxon mapping OTT ID 952046 taxonomy "Dumasia villosa->Dumasia->Phaseoleae->Papilionoideae->Fabaceae->Fabales->fabids->rosids->Pentapetalae->Gunneridae->eudicotyledons->Mesangiospermae->Magnoliophyta->Spermatophyta->Euphyllophyta->Tracheophyta->Embryophyta->Streptophyta->Chloroplastida->Archaeplastida->Eukaryota->cellular organisms->life" nexsonid "node524755"
pgloadind     taxon mapping OTT ID 763833 taxonomy "Cologania lemmonii->Cologania->Phaseoleae->Papilionoideae->Fabaceae->Fabales->fabids->rosids->Pentapetalae->Gunneridae->eudicotyledons->Mesangiospermae->Magnoliophyta->Spermatophyta->Euphyllophyta->Tracheophyta->Embryophyta->Streptophyta->Chloroplastida->Archaeplastida->Eukaryota->cellular organisms->life" nexsonid "node524756"
pgloadind     taxon mapping OTT ID 1065941 taxonomy "Vigna unguiculata->Vigna->Phaseoleae->Papilionoideae->Fabaceae->Fabales->fabids->rosids->Pentapetalae->Gunneridae->eudicotyledons->Mesangiospermae->Magnoliophyta->Spermatophyta->Euphyllophyta->Tracheophyta->Embryophyta->Streptophyta->Chloroplastida->Archaeplastida->Eukaryota->cellular organisms->life" nexsonid "node524760"
pgloadind     taxon mapping OTT ID 350836 taxonomy "Macroptilium atropurpureum->Macroptilium->Phaseoleae->Papilionoideae->Fabaceae->Fabales->fabids->rosids->Pentapetalae->Gunneridae->eudicotyledons->Mesangiospermae->Magnoliophyta->Spermatophyta->Euphyllophyta->Tracheophyta->Embryophyta->Streptophyta->Chloroplastida->Archaeplastida->Eukaryota->cellular organisms->life" nexsonid "node524761"
pgloadind     taxon mapping OTT ID 928430 taxonomy "Lablab purpureus->Lablab->Phaseoleae->Papilionoideae->Fabaceae->Fabales->fabids->rosids->Pentapetalae->Gunneridae->eudicotyledons->Mesangiospermae->Magnoliophyta->Spermatophyta->Euphyllophyta->Tracheophyta->Embryophyta->Streptophyta->Chloroplastida->Archaeplastida->Eukaryota->cellular organisms->life" nexsonid "node524762"
pgloadind     taxon mapping OTT ID 953972 taxonomy "Macrotyloma uniflorum->Macrotyloma->Phaseoleae->Papilionoideae->Fabaceae->Fabales->fabids->rosids->Pentapetalae->Gunneridae->eudicotyledons->Mesangiospermae->Magnoliophyta->Spermatophyta->Euphyllophyta->Tracheophyta->Embryophyta->Streptophyta->Chloroplastida->Archaeplastida->Eukaryota->cellular organisms->life" nexsonid "node524763"
pgloadind     taxon mapping OTT ID 681720 taxonomy "Erythrina->Phaseoleae->Papilionoideae->Fabaceae->Fabales->fabids->rosids->Pentapetalae->Gunneridae->eudicotyledons->Mesangiospermae->Magnoliophyta->Spermatophyta->Euphyllophyta->Tracheophyta->Embryophyta->Streptophyta->Chloroplastida->Archaeplastida->Eukaryota->cellular organisms->life" nexsonid "node524765"
pgloadind     taxon mapping OTT ID 116244 taxonomy "Psophocarpus tetragonolobus->Psophocarpus->Phaseoleae->Papilionoideae->Fabaceae->Fabales->fabids->rosids->Pentapetalae->Gunneridae->eudicotyledons->Mesangiospermae->Magnoliophyta->Spermatophyta->Euphyllophyta->Tracheophyta->Embryophyta->Streptophyta->Chloroplastida->Archaeplastida->Eukaryota->cellular organisms->life" nexsonid "node524766"
pgloadind     taxon mapping OTT ID 3929300 taxonomy "Bolusafra bituminosa->Bolusafra->Phaseoleae->Papilionoideae->Fabaceae->Fabales->fabids->rosids->Pentapetalae->Gunneridae->eudicotyledons->Mesangiospermae->Magnoliophyta->Spermatophyta->Euphyllophyta->Tracheophyta->Embryophyta->Streptophyta->Chloroplastida->Archaeplastida->Eukaryota->cellular organisms->life" nexsonid "node524768"
pgloadind     taxon mapping OTT ID 612448 taxonomy "Cajanus cajan->Cajanus->Phaseoleae->Papilionoideae->Fabaceae->Fabales->fabids->rosids->Pentapetalae->Gunneridae->eudicotyledons->Mesangiospermae->Magnoliophyta->Spermatophyta->Euphyllophyta->Tracheophyta->Embryophyta->Streptophyta->Chloroplastida->Archaeplastida->Eukaryota->cellular organisms->life" nexsonid "node524769"
pgloadind     taxon mapping OTT ID 855957 taxonomy "Kennedia nigricans->Kennedia->Phaseoleae->Papilionoideae->Fabaceae->Fabales->fabids->rosids->Pentapetalae->Gunneridae->eudicotyledons->Mesangiospermae->Magnoliophyta->Spermatophyta->Euphyllophyta->Tracheophyta->Embryophyta->Streptophyta->Chloroplastida->Archaeplastida->Eukaryota->cellular organisms->life" nexsonid "node524771"
pgloadind     taxon mapping OTT ID 131682 taxonomy "Hardenbergia violacea->Hardenbergia->Phaseoleae->Papilionoideae->Fabaceae->Fabales->fabids->rosids->Pentapetalae->Gunneridae->eudicotyledons->Mesangiospermae->Magnoliophyta->Spermatophyta->Euphyllophyta->Tracheophyta->Embryophyta->Streptophyta->Chloroplastida->Archaeplastida->Eukaryota->cellular organisms->life" nexsonid "node524772"
pgloadind     taxon mapping OTT ID 144305 taxonomy "Lespedeza bicolor->Lespedeza->Desmodieae->Papilionoideae->Fabaceae->Fabales->fabids->rosids->Pentapetalae->Gunneridae->eudicotyledons->Mesangiospermae->Magnoliophyta->Spermatophyta->Euphyllophyta->Tracheophyta->Embryophyta->Streptophyta->Chloroplastida->Archaeplastida->Eukaryota->cellular organisms->life" nexsonid "node524778"
pgloadind     taxon mapping OTT ID 653603 taxonomy "Lespedeza cuneata->Lespedeza->Desmodieae->Papilionoideae->Fabaceae->Fabales->fabids->rosids->Pentapetalae->Gunneridae->eudicotyledons->Mesangiospermae->Magnoliophyta->Spermatophyta->Euphyllophyta->Tracheophyta->Embryophyta->Streptophyta->Chloroplastida->Archaeplastida->Eukaryota->cellular organisms->life" nexsonid "node524779"
pgloadind     taxon mapping OTT ID 653610 taxonomy "Kummerowia stipulacea->Kummerowia->Desmodieae->Papilionoideae->Fabaceae->Fabales->fabids->rosids->Pentapetalae->Gunneridae->eudicotyledons->Mesangiospermae->Magnoliophyta->Spermatophyta->Euphyllophyta->Tracheophyta->Embryophyta->Streptophyta->Chloroplastida->Archaeplastida->Eukaryota->cellular organisms->life" nexsonid "node524780"
pgloadind     taxon mapping OTT ID 855932 taxonomy "Lespedeza frutescens->Lespedeza->Desmodieae->Papilionoideae->Fabaceae->Fabales->fabids->rosids->Pentapetalae->Gunneridae->eudicotyledons->Mesangiospermae->Magnoliophyta->Spermatophyta->Euphyllophyta->Tracheophyta->Embryophyta->Streptophyta->Chloroplastida->Archaeplastida->Eukaryota->cellular organisms->life" nexsonid "node524781"
pgloadind     taxon mapping OTT ID 394356 taxonomy "Campylotropis macrocarpa->Campylotropis->Desmodieae->Papilionoideae->Fabaceae->Fabales->fabids->rosids->Pentapetalae->Gunneridae->eudicotyledons->Mesangiospermae->Magnoliophyta->Spermatophyta->Euphyllophyta->Tracheophyta->Embryophyta->Streptophyta->Chloroplastida->Archaeplastida->Eukaryota->cellular organisms->life" nexsonid "node524782"
pgloadind     taxon mapping OTT ID 666933 taxonomy "Desmodium barbatum->Desmodium->Desmodieae->Papilionoideae->Fabaceae->Fabales->fabids->rosids->Pentapetalae->Gunneridae->eudicotyledons->Mesangiospermae->Magnoliophyta->Spermatophyta->Euphyllophyta->Tracheophyta->Embryophyta->Streptophyta->Chloroplastida->Archaeplastida->Eukaryota->cellular organisms->life" nexsonid "node524784"
pgloadind     taxon mapping OTT ID 666954 taxonomy "Hylodesmum pauciflorum->Hylodesmum->Desmodieae->Papilionoideae->Fabaceae->Fabales->fabids->rosids->Pentapetalae->Gunneridae->eudicotyledons->Mesangiospermae->Magnoliophyta->Spermatophyta->Euphyllophyta->Tracheophyta->Embryophyta->Streptophyta->Chloroplastida->Archaeplastida->Eukaryota->cellular organisms->life" nexsonid "node524785"
pgloadind     taxon mapping OTT ID 144320 taxonomy "Mucuna sp. Doyle et al. s.n.->Mucuna->Phaseoleae->Papilionoideae->Fabaceae->Fabales->fabids->rosids->Pentapetalae->Gunneridae->eudicotyledons->Mesangiospermae->Magnoliophyta->Spermatophyta->Euphyllophyta->Tracheophyta->Embryophyta->Streptophyta->Chloroplastida->Archaeplastida->Eukaryota->cellular organisms->life" nexsonid "node524786"
pgloadind     taxon mapping OTT ID 898146 taxonomy "Shuteria involucrata var. vestita->Shuteria involucrata->Shuteria->Phaseoleae->Papilionoideae->Fabaceae->Fabales->fabids->rosids->Pentapetalae->Gunneridae->eudicotyledons->Mesangiospermae->Magnoliophyta->Spermatophyta->Euphyllophyta->Tracheophyta->Embryophyta->Streptophyta->Chloroplastida->Archaeplastida->Eukaryota->cellular organisms->life" nexsonid "node524787"
pgloadind     taxon mapping OTT ID 488051 taxonomy "Apios americana->Apios->Phaseoleae->Papilionoideae->Fabaceae->Fabales->fabids->rosids->Pentapetalae->Gunneridae->eudicotyledons->Mesangiospermae->Magnoliophyta->Spermatophyta->Euphyllophyta->Tracheophyta->Embryophyta->Streptophyta->Chloroplastida->Archaeplastida->Eukaryota->cellular organisms->life" nexsonid "node524788"
done fixing name
pgloadind Finished with attempts to fix names
pgloadind   Checking for uniqueness of OTT IDs tree id "2115"
pgloadind   Adding tree to graph tree id "2115"
all trees have all taxa: false
	using bipartition technique
attempting to remap tips to deepest exemplified taxa
	Pseudovigna argentea was remapped to 'Pseudovigna' (id=3466997)
	Campylotropis macrocarpa was remapped to 'Campylotropis' (id=3479846)
	Cologania lemmonii was remapped to 'Cologania' (id=3463810)
	Macrotyloma uniflorum was remapped to 'Macrotyloma' (id=3464752)
	Bituminaria bituminosa was remapped to 'Bituminaria' (id=3448004)
	Vigna unguiculata was remapped to 'Vigna' (id=3467972)
	Lablab purpureus was remapped to 'Lablab' (id=3466349)
	Apios americana was remapped to 'Apios' (id=3467946)
	Neonotonia wightii was remapped to 'Neonotonia' (id=3464066)
	Kummerowia stipulacea was remapped to 'Kummerowia' (id=3481351)
	Mucuna sp. Doyle et al. s.n. was remapped to 'Mucuna' (id=3464345)
	Bolusafra bituminosa was remapped to 'Bolusafra' (id=3466931)
	Pueraria montana var. lobata was remapped to 'Pueraria montana' (id=3464631)
	Dumasia villosa was remapped to 'Dumasia' (id=3467039)
	Pachyrhizus erosus was remapped to 'Pachyrhizus' (id=3466691)
	Cajanus cajan was remapped to 'Cajanus' (id=3466377)
	Amphicarpaea bracteata was remapped to 'Amphicarpaea' (id=3467057)
	Cullen australasicum was remapped to 'Cullen' (id=3447933)
	Glycine max was remapped to 'Glycine' (id=3465285)
	Desmodium pauciflorum was remapped to 'Hylodesmum' (id=3480086)
	Shuteria involucrata var. vestita was remapped to 'Shuteria' (id=3465207)
	Hardenbergia violacea was remapped to 'Hardenbergia' (id=3466986)
	Teramnus uncinatus was remapped to 'Teramnus' (id=3464296)
	Macroptilium atropurpureum was remapped to 'Macroptilium' (id=3463900)
	Psophocarpus tetragonolobus was remapped to 'Psophocarpus' (id=3467157)
	Kennedia nigricans was remapped to 'Kennedia' (id=3463861)
	Desmodium barbatum was remapped to 'Desmodium' (id=3480255)
adding relationships to licas for children
adding relationships to licas for children
adding relationships to licas for children
adding relationships to licas for children
adding relationships to licas for children
adding relationships to licas for children
adding relationships to licas for children
adding relationships to licas for children
adding relationships to licas for children
adding relationships to licas for children
adding relationships to licas for children
adding relationships to licas for children
adding relationships to licas for children
adding relationships to licas for children
adding relationships to licas for children
adding relationships to licas for children
adding relationships to licas for children
adding relationships to licas for children
adding relationships to licas for children
adding relationships to licas for children
adding relationships to licas for children
adding relationships to licas for children
adding relationships to licas for children
adding relationships to licas for children
adding relationships to licas for children
adding relationships to licas for children
adding relationships to licas for children
adding relationships to licas for children
adding relationships to licas for children
this is the ROOT
placing root in index
Dealing with metadata property: ot:studyPublicationReference
Adding property 'ot:studyPublicationReference': Stefanovic, S. [et al. 2009], Pfeil, B. E., Palmer, J. D., & Doyle, J. J. 2009. Relationships Among Phaseoloid Legumes Based on Sequences from Eight Chloroplast Regions. Syst. Bot. 34: 115-128.
Dealing with metadata property: ot:focalCladeOTTTaxonName
Adding property 'ot:focalCladeOTTTaxonName': Fabaceae
Dealing with metadata property: ot:candidateTreeForSynthesis
Adding property 'ot:candidateTreeForSynthesis': tree2115
Dealing with metadata property: ot:branchLengthMode
Adding property 'ot:branchLengthMode': 
Dealing with metadata property: ot:branchLengthDescription
Adding property 'ot:branchLengthDescription': 
Dealing with metadata property: ot:comment
Adding property 'ot:comment': 
Dealing with metadata property: ot:outGroupEdge
Adding property 'ot:outGroupEdge': 
Dealing with metadata property: ot:branchLengthTimeUnit
Adding property 'ot:branchLengthTimeUnit': 
Dealing with metadata property: ot:dataDeposit
Adding property 'ot:dataDeposit': http://purl.org/phylo/treebase/phylows/study/TB2:S2146
Dealing with metadata property: ot:studyId
Adding property 'ot:studyId': pg_1087
Dealing with metadata property: id
Dealing with metadata property: ot:studyYear
Adding property 'ot:studyYear': 2009
Dealing with metadata property: ot:inGroupClade
Adding property 'ot:inGroupClade': node524727
Dealing with metadata property: ot:curatorName
Adding property 'ot:curatorName': Stephen Smith
Dealing with metadata property: ot:studyPublication
Adding property 'ot:studyPublication': http://dx.doi.org/10.1600/036364409787602221
Dealing with metadata property: ot:specifiedRoot
Adding property 'ot:specifiedRoot': node524719
Dealing with metadata property: ot:unrootedTree
Adding property 'ot:unrootedTree': false
Dealing with metadata property: ot:notIntendedForSynthesis
Adding property 'ot:notIntendedForSynthesis': false
Dealing with metadata property: ot:focalClade
Adding property 'ot:focalClade': 560323
Dealing with metadata property: ot:curatedType
Adding property 'ot:curatedType': MP Strict consensus tree
adding relationships to licas for children
Committing nodes: 62
12:27:22.642 [main] WARN  o.neo4j.kernel.EmbeddedGraphDatabase - You are using an unsupported Java runtime. Please use Oracle(R) Java(TM) Runtime Environment 7.
