19:49:11.301 [main] WARN  o.neo4j.kernel.EmbeddedGraphDatabase - You are using an unsupported Java runtime. Please use Oracle(R) Java(TM) Runtime Environment 7.
pgloadind OTUs number 24
pgloadind Processing tree @id "5113"
pgloadind   tree info number nodes 35
pgloadind   tree info number edges 34
pgloadind   tree info ingroup "node887910"
pgloadind   Setting ingroup root node.
pgloadind   Ingested tree number of external nodes 18
pgloadind   property added ot:studyPublicationReference "Nadler, S., and D. Hudspeth. 1998. Ribosomal DNA and phylogeny of the Ascaridoidea (Nemata: Secernentea): implications for morphological evolution and classification. Molecular Phylogenetics and Evolution 10 (2): 221-236."
pgloadind   property added ot:candidateTreeForSynthesis "tree5117"
pgloadind   property added ot:focalCladeOTTTaxonName "Ascaridoidea"
pgloadind   property added ot:curatorName "Chris Owen"
pgloadind   property added ot:curatorName "Joseph W. Brown"
pgloadind   property added ot:dataDeposit "http://purl.org/phylo/treebase/phylows/study/TB2:S407"
pgloadind   property added ot:notIntendedForSynthesis "false"
pgloadind   property added ot:studyYear "1998"
pgloadind   property added ot:studyId "pg_2422"
pgloadind   property added ot:studyPublication "http://dx.doi.org/10.1006/mpev.1998.0514"
pgloadind   property added ot:comment ""
pgloadind   property added ot:focalClade "210097"
pgloadind   property added ot:unrootedTree "true"
pgloadind   property added ot:curatedType "Fig. 1-MP"
pgloadind   property added ot:inGroupClade "node887910"
pgloadind   property added ot:specifiedRoot ""
pgloadind   property added ot:outGroupEdge ""
pgloadind   property added ot:branchLengthTimeUnit ""
pgloadind   property added ot:branchLengthDescription ""
pgloadind Processing tree @id "5114"
pgloadind   tree info number nodes 29
pgloadind   tree info number edges 28
pgloadind   tree info ingroup "node887944"
pgloadind   Setting ingroup root node.
pgloadind   Ingested tree number of external nodes 18
pgloadind   property added ot:studyPublicationReference "Nadler, S., and D. Hudspeth. 1998. Ribosomal DNA and phylogeny of the Ascaridoidea (Nemata: Secernentea): implications for morphological evolution and classification. Molecular Phylogenetics and Evolution 10 (2): 221-236."
pgloadind   property added ot:candidateTreeForSynthesis "tree5117"
pgloadind   property added ot:focalCladeOTTTaxonName "Ascaridoidea"
pgloadind   property added ot:curatorName "Chris Owen"
pgloadind   property added ot:curatorName "Joseph W. Brown"
pgloadind   property added ot:dataDeposit "http://purl.org/phylo/treebase/phylows/study/TB2:S407"
pgloadind   property added ot:notIntendedForSynthesis "false"
pgloadind   property added ot:studyYear "1998"
pgloadind   property added ot:studyId "pg_2422"
pgloadind   property added ot:studyPublication "http://dx.doi.org/10.1006/mpev.1998.0514"
pgloadind   property added ot:comment ""
pgloadind   property added ot:focalClade "210097"
pgloadind   property added ot:unrootedTree "true"
pgloadind   property added ot:curatedType "Fig. 2-MP 50% Maj Rule"
pgloadind   property added ot:inGroupClade "node887944"
pgloadind   property added ot:specifiedRoot ""
pgloadind   property added ot:outGroupEdge ""
pgloadind   property added ot:branchLengthTimeUnit ""
pgloadind   property added ot:branchLengthDescription ""
pgloadind   property added ot:branchLengthMode ""
pgloadind Processing tree @id "5115"
pgloadind   tree info number nodes 38
pgloadind   tree info number edges 37
pgloadind   tree info ingroup "node887974"
pgloadind   Setting ingroup root node.
pgloadind   Ingested tree number of external nodes 18
pgloadind   property added ot:studyPublicationReference "Nadler, S., and D. Hudspeth. 1998. Ribosomal DNA and phylogeny of the Ascaridoidea (Nemata: Secernentea): implications for morphological evolution and classification. Molecular Phylogenetics and Evolution 10 (2): 221-236."
pgloadind   property added ot:candidateTreeForSynthesis "tree5117"
pgloadind   property added ot:focalCladeOTTTaxonName "Ascaridoidea"
pgloadind   property added ot:curatorName "Chris Owen"
pgloadind   property added ot:curatorName "Joseph W. Brown"
pgloadind   property added ot:dataDeposit "http://purl.org/phylo/treebase/phylows/study/TB2:S407"
pgloadind   property added ot:notIntendedForSynthesis "false"
pgloadind   property added ot:studyYear "1998"
pgloadind   property added ot:studyId "pg_2422"
pgloadind   property added ot:studyPublication "http://dx.doi.org/10.1006/mpev.1998.0514"
pgloadind   property added ot:comment ""
pgloadind   property added ot:focalClade "210097"
pgloadind   property added ot:unrootedTree "true"
pgloadind   property added ot:curatedType "Fig. 3-ML strict consen"
pgloadind   property added ot:nearestTaxonMRCAOttId "210097"
pgloadind   property added ot:inGroupClade "node887974"
pgloadind   property added ot:nearestTaxonMRCAName "Ascaridoidea"
pgloadind   property added ot:specifiedRoot ""
pgloadind   property added ot:outGroupEdge ""
pgloadind   property added ot:branchLengthTimeUnit ""
pgloadind   property added ot:branchLengthDescription ""
pgloadind Processing tree @id "5116"
pgloadind   tree info number nodes 38
pgloadind   tree info number edges 37
pgloadind   tree info ingroup "node888010"
pgloadind   Setting ingroup root node.
pgloadind   Ingested tree number of external nodes 20
pgloadind   property added ot:studyPublicationReference "Nadler, S., and D. Hudspeth. 1998. Ribosomal DNA and phylogeny of the Ascaridoidea (Nemata: Secernentea): implications for morphological evolution and classification. Molecular Phylogenetics and Evolution 10 (2): 221-236."
pgloadind   property added ot:candidateTreeForSynthesis "tree5117"
pgloadind   property added ot:focalCladeOTTTaxonName "Ascaridoidea"
pgloadind   property added ot:curatorName "Chris Owen"
pgloadind   property added ot:curatorName "Joseph W. Brown"
pgloadind   property added ot:dataDeposit "http://purl.org/phylo/treebase/phylows/study/TB2:S407"
pgloadind   property added ot:notIntendedForSynthesis "false"
pgloadind   property added ot:studyYear "1998"
pgloadind   property added ot:studyId "pg_2422"
pgloadind   property added ot:studyPublication "http://dx.doi.org/10.1006/mpev.1998.0514"
pgloadind   property added ot:comment ""
pgloadind   property added ot:focalClade "210097"
pgloadind   property added ot:unrootedTree "true"
pgloadind   property added ot:curatedType "Fig. 4-MP strict consen"
pgloadind   property added ot:inGroupClade "node888010"
pgloadind   property added ot:specifiedRoot ""
pgloadind   property added ot:outGroupEdge ""
pgloadind   property added ot:branchLengthTimeUnit ""
pgloadind   property added ot:branchLengthDescription ""
pgloadind   property added ot:branchLengthMode ""
pgloadind Processing tree @id "5117"
pgloadind   tree info number nodes 41
pgloadind   tree info number edges 40
pgloadind   tree info ingroup "node888048"
pgloadind   Setting ingroup root node.
pgloadind   Ingested tree number of external nodes 20
pgloadind   property added ot:studyPublicationReference "Nadler, S., and D. Hudspeth. 1998. Ribosomal DNA and phylogeny of the Ascaridoidea (Nemata: Secernentea): implications for morphological evolution and classification. Molecular Phylogenetics and Evolution 10 (2): 221-236."
pgloadind   property added ot:candidateTreeForSynthesis "tree5117"
pgloadind   property added ot:focalCladeOTTTaxonName "Ascaridoidea"
pgloadind   property added ot:curatorName "Chris Owen"
pgloadind   property added ot:curatorName "Joseph W. Brown"
pgloadind   property added ot:dataDeposit "http://purl.org/phylo/treebase/phylows/study/TB2:S407"
pgloadind   property added ot:notIntendedForSynthesis "false"
pgloadind   property added ot:studyYear "1998"
pgloadind   property added ot:studyId "pg_2422"
pgloadind   property added ot:studyPublication "http://dx.doi.org/10.1006/mpev.1998.0514"
pgloadind   property added ot:comment ""
pgloadind   property added ot:focalClade "210097"
pgloadind   property added ot:unrootedTree "false"
pgloadind   property added ot:curatedType "Maximum likelihood "
pgloadind   property added ot:nearestTaxonMRCAOttId "210097"
pgloadind   property added ot:inGroupClade "node888048"
pgloadind   property added ot:nearestTaxonMRCAName "Ascaridoidea"
pgloadind   property added ot:specifiedRoot "node888046"
pgloadind   property added ot:outGroupEdge ""
pgloadind   property added ot:branchLengthTimeUnit ""
pgloadind   property added ot:branchLengthDescription ""
loading a specific tree: 5117
skipping tree: 5113
skipping tree: 5114
skipping tree: 5115
skipping tree: 5116
pgloadind fixing names in trees
pgloadind   name fixing on tree tree id "5117"
pgloadind   all nodes have ottIds
pgloadind     OTT ID reused in tree
pgloadind       duplicate name "Contracaecum multipapillatum" nexsonid "node888079"
pgloadind       duplicate OTT ID 343274
pgloadind     OTT ID reused in tree
pgloadind       duplicate name "Anisakis" nexsonid "node888086"
pgloadind       duplicate OTT ID 870365
pgloadind     pruning dups and overlapping name "Anisakis" nexsonid "node888086"
pgloadind     pruning dups and overlapping name "Contracaecum multipapillatum" nexsonid "node888079"
pgloadind   postpruning newick tree "(Heterocheilus_tunicatus,((((((Ascaris_lumbricoides,Ascaris_suum),Parascaris_equorum),Toxascaris_leonina),Baylisascaris_procyonis),Baylisascaris_transfuga),(((Goezia_pelagia,(Hysterothylacium_pelagicum,Iheringascaris_inquies)),(Hysterothylacium_fortalezae,Hysterothylacium_reliquens)),(Porrocaecum_depressum,(Toxocara_canis,((Terranova_caballeroi,(Pseudoterranova_decipiens,Anisakis)),Contracaecum_multipapillatum))))))"
pgloadind   taxon mapping summary
pgloadind     taxon mapping OTT ID 820397 taxonomy "Heterocheilus tunicatus->Heterocheilus->Heterocheilidae->Ascaridoidea->Ascaridida->Chromadorea->Nematoda->Ecdysozoa->Protostomia->Bilateria->Eumetazoa->Metazoa->Holozoa->Opisthokonta->Eukaryota->cellular organisms->life" nexsonid "node888049"
pgloadind     taxon mapping OTT ID 345760 taxonomy "Ascaris lumbricoides->Ascaris->Ascarididae->Ascaridoidea->Ascaridida->Chromadorea->Nematoda->Ecdysozoa->Protostomia->Bilateria->Eumetazoa->Metazoa->Holozoa->Opisthokonta->Eukaryota->cellular organisms->life" nexsonid "node888056"
pgloadind     taxon mapping OTT ID 345758 taxonomy "Ascaris suum->Ascaris->Ascarididae->Ascaridoidea->Ascaridida->Chromadorea->Nematoda->Ecdysozoa->Protostomia->Bilateria->Eumetazoa->Metazoa->Holozoa->Opisthokonta->Eukaryota->cellular organisms->life" nexsonid "node888057"
pgloadind     taxon mapping OTT ID 345765 taxonomy "Parascaris equorum->Parascaris->Ascarididae->Ascaridoidea->Ascaridida->Chromadorea->Nematoda->Ecdysozoa->Protostomia->Bilateria->Eumetazoa->Metazoa->Holozoa->Opisthokonta->Eukaryota->cellular organisms->life" nexsonid "node888058"
pgloadind     taxon mapping OTT ID 396917 taxonomy "Toxascaris leonina->Toxascaris->Ascarididae->Ascaridoidea->Ascaridida->Chromadorea->Nematoda->Ecdysozoa->Protostomia->Bilateria->Eumetazoa->Metazoa->Holozoa->Opisthokonta->Eukaryota->cellular organisms->life" nexsonid "node888059"
pgloadind     taxon mapping OTT ID 345755 taxonomy "Baylisascaris procyonis->Baylisascaris->Ascarididae->Ascaridoidea->Ascaridida->Chromadorea->Nematoda->Ecdysozoa->Protostomia->Bilateria->Eumetazoa->Metazoa->Holozoa->Opisthokonta->Eukaryota->cellular organisms->life" nexsonid "node888060"
pgloadind     taxon mapping OTT ID 870354 taxonomy "Baylisascaris transfuga->Baylisascaris->Ascarididae->Ascaridoidea->Ascaridida->Chromadorea->Nematoda->Ecdysozoa->Protostomia->Bilateria->Eumetazoa->Metazoa->Holozoa->Opisthokonta->Eukaryota->cellular organisms->life" nexsonid "node888061"
pgloadind     taxon mapping OTT ID 973149 taxonomy "Goezia pelagia->Goezia->Raphidascarididae->Ascaridoidea->Ascaridida->Chromadorea->Nematoda->Ecdysozoa->Protostomia->Bilateria->Eumetazoa->Metazoa->Holozoa->Opisthokonta->Eukaryota->cellular organisms->life" nexsonid "node888065"
pgloadind     taxon mapping OTT ID 973147 taxonomy "Hysterothylacium pelagicum->Hysterothylacium->Raphidascarididae->Ascaridoidea->Ascaridida->Chromadorea->Nematoda->Ecdysozoa->Protostomia->Bilateria->Eumetazoa->Metazoa->Holozoa->Opisthokonta->Eukaryota->cellular organisms->life" nexsonid "node888067"
pgloadind     taxon mapping OTT ID 396921 taxonomy "Iheringascaris inquies->Iheringascaris->Raphidascarididae->Ascaridoidea->Ascaridida->Chromadorea->Nematoda->Ecdysozoa->Protostomia->Bilateria->Eumetazoa->Metazoa->Holozoa->Opisthokonta->Eukaryota->cellular organisms->life" nexsonid "node888068"
pgloadind     taxon mapping OTT ID 973146 taxonomy "Hysterothylacium fortalezae->Hysterothylacium->Raphidascarididae->Ascaridoidea->Ascaridida->Chromadorea->Nematoda->Ecdysozoa->Protostomia->Bilateria->Eumetazoa->Metazoa->Holozoa->Opisthokonta->Eukaryota->cellular organisms->life" nexsonid "node888070"
pgloadind     taxon mapping OTT ID 973135 taxonomy "Hysterothylacium reliquens->Hysterothylacium->Raphidascarididae->Ascaridoidea->Ascaridida->Chromadorea->Nematoda->Ecdysozoa->Protostomia->Bilateria->Eumetazoa->Metazoa->Holozoa->Opisthokonta->Eukaryota->cellular organisms->life" nexsonid "node888071"
pgloadind     taxon mapping OTT ID 396919 taxonomy "Porrocaecum depressum->Porrocaecum->Ascarididae->Ascaridoidea->Ascaridida->Chromadorea->Nematoda->Ecdysozoa->Protostomia->Bilateria->Eumetazoa->Metazoa->Holozoa->Opisthokonta->Eukaryota->cellular organisms->life" nexsonid "node888073"
pgloadind     taxon mapping OTT ID 870349 taxonomy "Toxocara canis->Toxocara->Toxocaridae->Ascaridoidea->Ascaridida->Chromadorea->Nematoda->Ecdysozoa->Protostomia->Bilateria->Eumetazoa->Metazoa->Holozoa->Opisthokonta->Eukaryota->cellular organisms->life" nexsonid "node888075"
pgloadind     taxon mapping OTT ID 295361 taxonomy "Terranova caballeroi->Terranova->Anisakidae->Ascaridoidea->Ascaridida->Chromadorea->Nematoda->Ecdysozoa->Protostomia->Bilateria->Eumetazoa->Metazoa->Holozoa->Opisthokonta->Eukaryota->cellular organisms->life" nexsonid "node888081"
pgloadind     taxon mapping OTT ID 295356 taxonomy "Pseudoterranova decipiens->Pseudoterranova->Anisakidae->Ascaridoidea->Ascaridida->Chromadorea->Nematoda->Ecdysozoa->Protostomia->Bilateria->Eumetazoa->Metazoa->Holozoa->Opisthokonta->Eukaryota->cellular organisms->life" nexsonid "node888083"
pgloadind     taxon mapping OTT ID 870365 taxonomy "Anisakis->Anisakidae->Ascaridoidea->Ascaridida->Chromadorea->Nematoda->Ecdysozoa->Protostomia->Bilateria->Eumetazoa->Metazoa->Holozoa->Opisthokonta->Eukaryota->cellular organisms->life" nexsonid "node888085"
pgloadind     taxon mapping OTT ID 343274 taxonomy "Contracaecum multipapillatum->Contracaecum->Anisakidae->Ascaridoidea->Ascaridida->Chromadorea->Nematoda->Ecdysozoa->Protostomia->Bilateria->Eumetazoa->Metazoa->Holozoa->Opisthokonta->Eukaryota->cellular organisms->life" nexsonid "node888078"
done fixing name
pgloadind Finished with attempts to fix names
pgloadind   Checking for uniqueness of OTT IDs tree id "5117"
pgloadind   Adding tree to graph tree id "5117"
all trees have all taxa: false
	using bipartition technique
attempting to remap tips to deepest exemplified taxa
	Porrocaecum depressum was remapped to 'Porrocaecum' (id=2575163)
	Heterocheilus tunicatus was remapped to 'Heterocheilidae' (id=2575464)
	Terranova caballeroi was remapped to 'Terranova' (id=2575772)
	Parascaris equorum was remapped to 'Parascaris' (id=2575156)
	Toxocara canis was remapped to 'Toxocaridae' (id=2574898)
	Iheringascaris inquies was remapped to 'Iheringascaris' (id=2574864)
	Toxascaris leonina was remapped to 'Toxascaris' (id=2575085)
	Pseudoterranova decipiens was remapped to 'Pseudoterranova' (id=2575924)
	Contracaecum multipapillatum was remapped to 'Contracaecum' (id=2575521)
	Goezia pelagia was remapped to 'Goezia' (id=2574817)
adding relationships to licas for children
adding relationships to licas for children
adding relationships to licas for children
adding relationships to licas for children
adding relationships to licas for children
adding relationships to licas for children
adding relationships to licas for children
adding relationships to licas for children
adding relationships to licas for children
adding relationships to licas for children
adding relationships to licas for children
adding relationships to licas for children
adding relationships to licas for children
adding relationships to licas for children
adding relationships to licas for children
adding relationships to licas for children
this is the ROOT
placing root in index
Dealing with metadata property: ot:studyPublicationReference
Adding property 'ot:studyPublicationReference': Nadler, S., and D. Hudspeth. 1998. Ribosomal DNA and phylogeny of the Ascaridoidea (Nemata: Secernentea): implications for morphological evolution and classification. Molecular Phylogenetics and Evolution 10 (2): 221-236.
Dealing with metadata property: ot:focalCladeOTTTaxonName
Adding property 'ot:focalCladeOTTTaxonName': Ascaridoidea
Dealing with metadata property: ot:candidateTreeForSynthesis
Adding property 'ot:candidateTreeForSynthesis': tree5117
Dealing with metadata property: ot:branchLengthDescription
Adding property 'ot:branchLengthDescription': 
Dealing with metadata property: ot:comment
Adding property 'ot:comment': 
Dealing with metadata property: ot:outGroupEdge
Adding property 'ot:outGroupEdge': 
Dealing with metadata property: ot:nearestTaxonMRCAName
Adding property 'ot:nearestTaxonMRCAName': Ascaridoidea
Dealing with metadata property: ot:branchLengthTimeUnit
Adding property 'ot:branchLengthTimeUnit': 
Dealing with metadata property: ot:nearestTaxonMRCAOttId
Adding property 'ot:nearestTaxonMRCAOttId': 210097
Dealing with metadata property: ot:dataDeposit
Adding property 'ot:dataDeposit': http://purl.org/phylo/treebase/phylows/study/TB2:S407
Dealing with metadata property: ot:studyId
Adding property 'ot:studyId': pg_2422
Dealing with metadata property: id
Dealing with metadata property: ot:studyYear
Adding property 'ot:studyYear': 1998
Dealing with metadata property: ot:inGroupClade
Adding property 'ot:inGroupClade': node888048
Dealing with metadata property: ot:curatorName
Adding property 'ot:curatorName': Joseph W. Brown
Dealing with metadata property: ot:studyPublication
Adding property 'ot:studyPublication': http://dx.doi.org/10.1006/mpev.1998.0514
Dealing with metadata property: ot:specifiedRoot
Adding property 'ot:specifiedRoot': node888046
Dealing with metadata property: ot:unrootedTree
Adding property 'ot:unrootedTree': false
Dealing with metadata property: ot:notIntendedForSynthesis
Adding property 'ot:notIntendedForSynthesis': false
Dealing with metadata property: ot:focalClade
Adding property 'ot:focalClade': 210097
Dealing with metadata property: ot:curatedType
Adding property 'ot:curatedType': Maximum likelihood 
adding relationships to licas for children
Committing nodes: 35
19:50:18.542 [main] WARN  o.neo4j.kernel.EmbeddedGraphDatabase - You are using an unsupported Java runtime. Please use Oracle(R) Java(TM) Runtime Environment 7.
