19:02:25.827 [main] WARN  o.neo4j.kernel.EmbeddedGraphDatabase - You are using an unsupported Java runtime. Please use Oracle(R) Java(TM) Runtime Environment 7.
pgloadind OTUs number 27
pgloadind Processing tree @id "6228"
pgloadind   tree info number nodes 53
pgloadind   tree info number edges 52
pgloadind   tree info ingroup "node1076368"
pgloadind   Setting ingroup root node.
pgloadind   Ingested tree number of external nodes 21
pgloadind   property added ot:studyPublicationReference "Bracken‐Grissom, H. D., Felder, D. L., Vollmer, N. L., Martin, J. W., & Crandall, K. A. (2012). Phylogenetics links monster larva to deep‐sea shrimp. Ecology and Evolution 2 (10): 2367-2373."
pgloadind   property added ot:candidateTreeForSynthesis "tree6228"
pgloadind   property added ot:focalCladeOTTTaxonName "Dendrobranchiata"
pgloadind   property added ot:curatorName "Chris Owen"
pgloadind   property added ot:studyYear "2012"
pgloadind   property added ot:studyId "pg_2683"
pgloadind   property added ot:studyPublication "http://dx.doi.org/10.1002/ece3.347"
pgloadind   property added ot:focalClade "212710"
pgloadind   property added ot:unrootedTree "false"
pgloadind   property added ot:curatedType "BI 50% maj-rule"
pgloadind   property added ot:inGroupClade "node1076368"
pgloadind   property added ot:specifiedRoot "node1076367"
pgloadind   property added ot:outGroupEdge ""
pgloadind   property added ot:branchLengthTimeUnit ""
pgloadind   property added ot:branchLengthDescription ""
pgloadind   property added ot:tag "choose me"
pgloadind   property added ot:tag "ingroup added"
pgloadind   property added ot:branchLengthMode "ot:substitutionCount"
loading a specific tree: 6228
pgloadind fixing names in trees
pgloadind   name fixing on tree tree id "6228"
pgloadind   all nodes have ottIds
pgloadind   postpruning newick tree "(((((((((Plesiopenaeus_armatus,Cerataspis_monstrosa),Hemipenaeus_carpenteri),(Aristeomorpha_foliacea,Aristaeopsis_edwardsiana)),Benthesicymus_bartletti),Gennadas_valens),Bentheogennema_intermedia),(((Hymenopenaeus_debilis,Pleoticus_robustus),Mesopenaeus_tropicalis),Solenocera_necopina)),((((Litopenaeus_vannamei,Litopenaeus_setiferus),Farfantepenaeus_duorarum),Funchalia_villosa),(Sicyonia_laevigata,Sicyonia_ingentis))),((Sergia_sp_HDB-2008,Sergia_hansjacobi),Deosergestes_corniculum))"
pgloadind   taxon mapping summary
pgloadind     taxon mapping OTT ID 879518 taxonomy "Plesiopenaeus armatus->Plesiopenaeus->Aristeidae->Penaeoidea->Dendrobranchiata->Decapoda->Eucarida->Eumalacostraca->Malacostraca->Crustacea->Pancrustacea->Mandibulata->Arthropoda->Panarthropoda->Ecdysozoa->Protostomia->Bilateria->Eumetazoa->Metazoa->Holozoa->Opisthokonta->Eukaryota->cellular organisms->life" nexsonid "node1076377"
pgloadind     taxon mapping OTT ID 435131 taxonomy "Cerataspis monstrosa->Cerataspis->Penaeoidea->Dendrobranchiata->Decapoda->Eucarida->Eumalacostraca->Malacostraca->Crustacea->Pancrustacea->Mandibulata->Arthropoda->Panarthropoda->Ecdysozoa->Protostomia->Bilateria->Eumetazoa->Metazoa->Holozoa->Opisthokonta->Eukaryota->cellular organisms->life" nexsonid "node1076378"
pgloadind     taxon mapping OTT ID 660257 taxonomy "Hemipenaeus carpenteri->Hemipenaeus->Aristeidae->Penaeoidea->Dendrobranchiata->Decapoda->Eucarida->Eumalacostraca->Malacostraca->Crustacea->Pancrustacea->Mandibulata->Arthropoda->Panarthropoda->Ecdysozoa->Protostomia->Bilateria->Eumetazoa->Metazoa->Holozoa->Opisthokonta->Eukaryota->cellular organisms->life" nexsonid "node1076379"
pgloadind     taxon mapping OTT ID 733125 taxonomy "Aristeomorpha foliacea->Aristeomorpha->Aristeidae->Penaeoidea->Dendrobranchiata->Decapoda->Eucarida->Eumalacostraca->Malacostraca->Crustacea->Pancrustacea->Mandibulata->Arthropoda->Panarthropoda->Ecdysozoa->Protostomia->Bilateria->Eumetazoa->Metazoa->Holozoa->Opisthokonta->Eukaryota->cellular organisms->life" nexsonid "node1076381"
pgloadind     taxon mapping OTT ID 588786 taxonomy "Aristaeopsis edwardsiana->Aristaeopsis->Aristeidae->Penaeoidea->Dendrobranchiata->Decapoda->Eucarida->Eumalacostraca->Malacostraca->Crustacea->Pancrustacea->Mandibulata->Arthropoda->Panarthropoda->Ecdysozoa->Protostomia->Bilateria->Eumetazoa->Metazoa->Holozoa->Opisthokonta->Eukaryota->cellular organisms->life" nexsonid "node1076382"
pgloadind     taxon mapping OTT ID 250983 taxonomy "Benthesicymus bartletti->Benthesicymus->Benthesicymidae->Penaeoidea->Dendrobranchiata->Decapoda->Eucarida->Eumalacostraca->Malacostraca->Crustacea->Pancrustacea->Mandibulata->Arthropoda->Panarthropoda->Ecdysozoa->Protostomia->Bilateria->Eumetazoa->Metazoa->Holozoa->Opisthokonta->Eukaryota->cellular organisms->life" nexsonid "node1076383"
pgloadind     taxon mapping OTT ID 250985 taxonomy "Gennadas valens->Gennadas->Benthesicymidae->Penaeoidea->Dendrobranchiata->Decapoda->Eucarida->Eumalacostraca->Malacostraca->Crustacea->Pancrustacea->Mandibulata->Arthropoda->Panarthropoda->Ecdysozoa->Protostomia->Bilateria->Eumetazoa->Metazoa->Holozoa->Opisthokonta->Eukaryota->cellular organisms->life" nexsonid "node1076384"
pgloadind     taxon mapping OTT ID 588781 taxonomy "Bentheogennema intermedia->Bentheogennema->Benthesicymidae->Penaeoidea->Dendrobranchiata->Decapoda->Eucarida->Eumalacostraca->Malacostraca->Crustacea->Pancrustacea->Mandibulata->Arthropoda->Panarthropoda->Ecdysozoa->Protostomia->Bilateria->Eumetazoa->Metazoa->Holozoa->Opisthokonta->Eukaryota->cellular organisms->life" nexsonid "node1076385"
pgloadind     taxon mapping OTT ID 845909 taxonomy "Hymenopenaeus debilis->Hymenopenaeus->Solenoceridae->Penaeoidea->Dendrobranchiata->Decapoda->Eucarida->Eumalacostraca->Malacostraca->Crustacea->Pancrustacea->Mandibulata->Arthropoda->Panarthropoda->Ecdysozoa->Protostomia->Bilateria->Eumetazoa->Metazoa->Holozoa->Opisthokonta->Eukaryota->cellular organisms->life" nexsonid "node1076389"
pgloadind     taxon mapping OTT ID 400805 taxonomy "Pleoticus robustus->Pleoticus->Solenoceridae->Penaeoidea->Dendrobranchiata->Decapoda->Eucarida->Eumalacostraca->Malacostraca->Crustacea->Pancrustacea->Mandibulata->Arthropoda->Panarthropoda->Ecdysozoa->Protostomia->Bilateria->Eumetazoa->Metazoa->Holozoa->Opisthokonta->Eukaryota->cellular organisms->life" nexsonid "node1076390"
pgloadind     taxon mapping OTT ID 775125 taxonomy "Mesopenaeus tropicalis->Mesopenaeus->Solenoceridae->Penaeoidea->Dendrobranchiata->Decapoda->Eucarida->Eumalacostraca->Malacostraca->Crustacea->Pancrustacea->Mandibulata->Arthropoda->Panarthropoda->Ecdysozoa->Protostomia->Bilateria->Eumetazoa->Metazoa->Holozoa->Opisthokonta->Eukaryota->cellular organisms->life" nexsonid "node1076391"
pgloadind     taxon mapping OTT ID 400798 taxonomy "Solenocera necopina->Solenocera->Solenoceridae->Penaeoidea->Dendrobranchiata->Decapoda->Eucarida->Eumalacostraca->Malacostraca->Crustacea->Pancrustacea->Mandibulata->Arthropoda->Panarthropoda->Ecdysozoa->Protostomia->Bilateria->Eumetazoa->Metazoa->Holozoa->Opisthokonta->Eukaryota->cellular organisms->life" nexsonid "node1076392"
pgloadind     taxon mapping OTT ID 169168 taxonomy "Litopenaeus vannamei->Litopenaeus->Penaeidae->Penaeoidea->Dendrobranchiata->Decapoda->Eucarida->Eumalacostraca->Malacostraca->Crustacea->Pancrustacea->Mandibulata->Arthropoda->Panarthropoda->Ecdysozoa->Protostomia->Bilateria->Eumetazoa->Metazoa->Holozoa->Opisthokonta->Eukaryota->cellular organisms->life" nexsonid "node1076397"
pgloadind     taxon mapping OTT ID 163881 taxonomy "Litopenaeus setiferus->Litopenaeus->Penaeidae->Penaeoidea->Dendrobranchiata->Decapoda->Eucarida->Eumalacostraca->Malacostraca->Crustacea->Pancrustacea->Mandibulata->Arthropoda->Panarthropoda->Ecdysozoa->Protostomia->Bilateria->Eumetazoa->Metazoa->Holozoa->Opisthokonta->Eukaryota->cellular organisms->life" nexsonid "node1076398"
pgloadind     taxon mapping OTT ID 163894 taxonomy "Farfantepenaeus duorarum->Farfantepenaeus->Penaeidae->Penaeoidea->Dendrobranchiata->Decapoda->Eucarida->Eumalacostraca->Malacostraca->Crustacea->Pancrustacea->Mandibulata->Arthropoda->Panarthropoda->Ecdysozoa->Protostomia->Bilateria->Eumetazoa->Metazoa->Holozoa->Opisthokonta->Eukaryota->cellular organisms->life" nexsonid "node1076399"
pgloadind     taxon mapping OTT ID 845903 taxonomy "Funchalia villosa->Funchalia->Penaeidae->Penaeoidea->Dendrobranchiata->Decapoda->Eucarida->Eumalacostraca->Malacostraca->Crustacea->Pancrustacea->Mandibulata->Arthropoda->Panarthropoda->Ecdysozoa->Protostomia->Bilateria->Eumetazoa->Metazoa->Holozoa->Opisthokonta->Eukaryota->cellular organisms->life" nexsonid "node1076400"
pgloadind     taxon mapping OTT ID 435152 taxonomy "Sicyonia laevigata->Sicyonia->Sicyoniidae->Penaeoidea->Dendrobranchiata->Decapoda->Eucarida->Eumalacostraca->Malacostraca->Crustacea->Pancrustacea->Mandibulata->Arthropoda->Panarthropoda->Ecdysozoa->Protostomia->Bilateria->Eumetazoa->Metazoa->Holozoa->Opisthokonta->Eukaryota->cellular organisms->life" nexsonid "node1076402"
pgloadind     taxon mapping OTT ID 163879 taxonomy "Sicyonia ingentis->Sicyonia->Sicyoniidae->Penaeoidea->Dendrobranchiata->Decapoda->Eucarida->Eumalacostraca->Malacostraca->Crustacea->Pancrustacea->Mandibulata->Arthropoda->Panarthropoda->Ecdysozoa->Protostomia->Bilateria->Eumetazoa->Metazoa->Holozoa->Opisthokonta->Eukaryota->cellular organisms->life" nexsonid "node1076403"
pgloadind     taxon mapping OTT ID 235193 taxonomy "Sergia sp. HDB-2008->Sergia->Sergestidae->Sergestoidea->Dendrobranchiata->Decapoda->Eucarida->Eumalacostraca->Malacostraca->Crustacea->Pancrustacea->Mandibulata->Arthropoda->Panarthropoda->Ecdysozoa->Protostomia->Bilateria->Eumetazoa->Metazoa->Holozoa->Opisthokonta->Eukaryota->cellular organisms->life" nexsonid "node1076406"
pgloadind     taxon mapping OTT ID 400801 taxonomy "Sergia hansjacobi->Sergia->Sergestidae->Sergestoidea->Dendrobranchiata->Decapoda->Eucarida->Eumalacostraca->Malacostraca->Crustacea->Pancrustacea->Mandibulata->Arthropoda->Panarthropoda->Ecdysozoa->Protostomia->Bilateria->Eumetazoa->Metazoa->Holozoa->Opisthokonta->Eukaryota->cellular organisms->life" nexsonid "node1076407"
pgloadind     taxon mapping OTT ID 435095 taxonomy "Deosergestes corniculum->Deosergestes->Sergestidae->Sergestoidea->Dendrobranchiata->Decapoda->Eucarida->Eumalacostraca->Malacostraca->Crustacea->Pancrustacea->Mandibulata->Arthropoda->Panarthropoda->Ecdysozoa->Protostomia->Bilateria->Eumetazoa->Metazoa->Holozoa->Opisthokonta->Eukaryota->cellular organisms->life" nexsonid "node1076408"
done fixing name
pgloadind Finished with attempts to fix names
pgloadind   Checking for uniqueness of OTT IDs tree id "6228"
pgloadind   Adding tree to graph tree id "6228"
all trees have all taxa: false
	using bipartition technique
attempting to remap tips to deepest exemplified taxa
	Farfantepenaeus duorarum was remapped to 'Farfantepenaeus' (id=1099426)
	Cerataspis monstrosa was remapped to 'Cerataspis' (id=1100153)
	Gennadas valens was remapped to 'Gennadas' (id=1099191)
	Deosergestes corniculum was remapped to 'Deosergestes' (id=1098809)
	Pleoticus robustus was remapped to 'Pleoticus' (id=1100116)
	Aristeomorpha foliacea was remapped to 'Aristeomorpha' (id=1099135)
	Benthesicymus bartletti was remapped to 'Benthesicymus' (id=1099223)
	Aristaeopsis edwardsiana was remapped to 'Aristaeopsis' (id=1099100)
	Funchalia villosa was remapped to 'Funchalia' (id=1099627)
	Hymenopenaeus debilis was remapped to 'Hymenopenaeus' (id=1099986)
	Hemipenaeus carpenteri was remapped to 'Hemipenaeus' (id=1099164)
	Plesiopenaeus armatus was remapped to 'Plesiopenaeus' (id=1099150)
	Mesopenaeus tropicalis was remapped to 'Mesopenaeus' (id=1099978)
	Solenocera necopina was remapped to 'Solenocera' (id=1100035)
	Bentheogennema intermedia was remapped to 'Bentheogennema' (id=1099250)
adding relationships to licas for children
adding relationships to licas for children
adding relationships to licas for children
adding relationships to licas for children
adding relationships to licas for children
adding relationships to licas for children
adding relationships to licas for children
adding relationships to licas for children
adding relationships to licas for children
adding relationships to licas for children
adding relationships to licas for children
adding relationships to licas for children
adding relationships to licas for children
adding relationships to licas for children
adding relationships to licas for children
adding relationships to licas for children
adding relationships to licas for children
adding relationships to licas for children
adding relationships to licas for children
this is the ROOT
placing root in index
Dealing with metadata property: ot:studyPublicationReference
Adding property 'ot:studyPublicationReference': Bracken‐Grissom, H. D., Felder, D. L., Vollmer, N. L., Martin, J. W., & Crandall, K. A. (2012). Phylogenetics links monster larva to deep‐sea shrimp. Ecology and Evolution 2 (10): 2367-2373.
Dealing with metadata property: ot:focalCladeOTTTaxonName
Adding property 'ot:focalCladeOTTTaxonName': Dendrobranchiata
Dealing with metadata property: ot:candidateTreeForSynthesis
Adding property 'ot:candidateTreeForSynthesis': tree6228
Dealing with metadata property: ot:branchLengthMode
Adding property 'ot:branchLengthMode': ot:substitutionCount
Dealing with metadata property: ot:branchLengthDescription
Adding property 'ot:branchLengthDescription': 
Dealing with metadata property: ot:outGroupEdge
Adding property 'ot:outGroupEdge': 
Dealing with metadata property: ot:branchLengthTimeUnit
Adding property 'ot:branchLengthTimeUnit': 
Dealing with metadata property: ot:studyId
Adding property 'ot:studyId': pg_2683
Dealing with metadata property: id
Dealing with metadata property: ot:studyYear
Adding property 'ot:studyYear': 2012
Dealing with metadata property: ot:inGroupClade
Adding property 'ot:inGroupClade': node1076368
Dealing with metadata property: ot:tag
Adding property 'ot:tag': ingroup added
Dealing with metadata property: ot:curatorName
Adding property 'ot:curatorName': Chris Owen
Dealing with metadata property: ot:studyPublication
Adding property 'ot:studyPublication': http://dx.doi.org/10.1002/ece3.347
Dealing with metadata property: ot:unrootedTree
Adding property 'ot:unrootedTree': false
Dealing with metadata property: ot:specifiedRoot
Adding property 'ot:specifiedRoot': node1076367
Dealing with metadata property: ot:focalClade
Adding property 'ot:focalClade': 212710
Dealing with metadata property: ot:curatedType
Adding property 'ot:curatedType': BI 50% maj-rule
adding relationships to licas for children
Committing nodes: 41
19:03:22.362 [main] WARN  o.neo4j.kernel.EmbeddedGraphDatabase - You are using an unsupported Java runtime. Please use Oracle(R) Java(TM) Runtime Environment 7.
	adding Node[1098672] Sergestoidea 944605 as compatible with Node[1098673]
		adding Relationship[8922775]
		adding to root Relationship[8922776]
	adding Node[1099002] Sicyoniidae 163886 as compatible with Node[1099004]
		adding Relationship[8922777]
		adding to root Relationship[8922778]
		adding Relationship[8922779] from Node[1098672] to Node[1098671]
