14:47:24.373 [main] WARN  o.neo4j.kernel.EmbeddedGraphDatabase - You are using an unsupported Java runtime. Please use Oracle(R) Java(TM) Runtime Environment 7.
pgloadind OTUs number 55
pgloadind Processing tree @id "6670"
pgloadind   tree info number nodes 108
pgloadind   tree info number edges 107
pgloadind   tree info ingroup "node1162318"
pgloadind   Setting ingroup root node.
pgloadind   Ingested tree number of external nodes 48
pgloadind   property added ot:studyPublicationReference "Bertelli, Sara, Ana Luz Porzecanski. 2004. Tinamou (Tinamidae) systematics: a preliminary combined analysis of morphology and molecules. 2004. Ornithologia Neotropical 15: 293-299"
pgloadind   property added ot:candidateTreeForSynthesis "tree6670"
pgloadind   property added ot:focalCladeOTTTaxonName "Tinamidae"
pgloadind   property added ot:curatorName "Joseph Brown"
pgloadind   property added ot:curatorName "Joseph W. Brown"
pgloadind   property added ot:curatorName "Jonathan A Rees"
pgloadind   property added ot:dataDeposit ""
pgloadind   property added ot:notIntendedForSynthesis "false"
pgloadind   property added ot:studyYear "2004"
pgloadind   property added ot:studyId "pg_2876"
pgloadind   property added ot:studyPublication "https://sora.unm.edu/sites/default/files/journals/on/v015s/p0293-p0300.pdf"
pgloadind   property added ot:comment ""
pgloadind   property added ot:focalClade "292469"
pgloadind   property added ot:unrootedTree "false"
pgloadind   property added ot:curatedType "Maximum parsimony "
pgloadind   property added ot:inGroupClade "node1162318"
pgloadind   property added ot:specifiedRoot "node1162316"
pgloadind   property added ot:outGroupEdge ""
pgloadind   property added ot:branchLengthTimeUnit ""
pgloadind   property added ot:branchLengthDescription ""
loading a specific tree: 6670
pgloadind fixing names in trees
pgloadind   name fixing on tree tree id "6670"
pgloadind     OTT ID missing name "Nothura sp." nexsonid "node1162393"
pgloadind     OTT ID missing name "Rhynchotus rufescens pallescens" nexsonid "node1162401"
pgloadind     OTT ID missing name "Eudromia elegans albida" nexsonid "node1162410"
pgloadind     pruning unmapped name "Eudromia elegans albida" nexsonid "node1162410"
pgloadind     pruning unmapped name "Rhynchotus rufescens pallescens" nexsonid "node1162401"
pgloadind     pruning unmapped name "Nothura sp." nexsonid "node1162393"
pgloadind   postpruning newick tree "((((((((((((((Crypturellus_brevirostris,Crypturellus_bartletti),Crypturellus_casiquiare),Crypturellus_variegatus,Crypturellus_noctivagus),Crypturellus_erythropus),Crypturellus_duidae),Crypturellus_atrocapillus),Crypturellus_soui),(((Crypturellus_transfasciatus,Crypturellus_cinnamomeus),Crypturellus_undulatus),Crypturellus_strigulosus)),Crypturellus_boucardi),((Crypturellus_berlepschi,Crypturellus_cinereus),Crypturellus_ptaritepui)),((Crypturellus_tataupa,Crypturellus_parvirostris),Crypturellus_obsoletus)),Crypturellus_kerriae),((Tinamus_guttatus,Tinamus_major),((Tinamus_solitarius,Tinamus_tao),Tinamus_osgoodi))),(((((((Nothoprocta_pentlandii,Nothoprocta_taczanowskii),(Nothoprocta_curvirostris,Nothoprocta_perdicaria)),(Nothoprocta_kalinowskii,Nothoprocta_ornata)),Nothoprocta_cinerascens),((((Nothura_darwinii,(Nothura_maculosa,Nothura_chacoensis)),Nothura_minor),Nothura_boraquira),Taoniscus_nanus)),(Rhynchotus_maculicollis,Rhynchotus_rufescens)),((Tinamotis_ingoufi,Tinamotis_pentlandii),(Eudromia_formosa,Eudromia_elegans))))"
pgloadind   taxon mapping summary
pgloadind     taxon mapping OTT ID 647584 taxonomy "Crypturellus brevirostris->Crypturellus->Tinamidae->Tinamiformes->Palaeognathae->Aves->Coelurosauria->Theropoda->Saurischia->Dinosauria->Archosauria->Testudines + Archosauria group->Sauria->Sauropsida->Amniota->Tetrapoda->Dipnotetrapodomorpha->Sarcopterygii->Euteleostomi->Teleostomi->Gnathostomata->Vertebrata->Craniata->Chordata->Deuterostomia->Bilateria->Eumetazoa->Metazoa->Holozoa->Opisthokonta->Eukaryota->cellular organisms->life" nexsonid "node1162332"
pgloadind     taxon mapping OTT ID 3600798 taxonomy "Crypturellus bartletti->Crypturellus->Tinamidae->Tinamiformes->Palaeognathae->Aves->Coelurosauria->Theropoda->Saurischia->Dinosauria->Archosauria->Testudines + Archosauria group->Sauria->Sauropsida->Amniota->Tetrapoda->Dipnotetrapodomorpha->Sarcopterygii->Euteleostomi->Teleostomi->Gnathostomata->Vertebrata->Craniata->Chordata->Deuterostomia->Bilateria->Eumetazoa->Metazoa->Holozoa->Opisthokonta->Eukaryota->cellular organisms->life" nexsonid "node1162333"
pgloadind     taxon mapping OTT ID 3600788 taxonomy "Crypturellus casiquiare->Crypturellus->Tinamidae->Tinamiformes->Palaeognathae->Aves->Coelurosauria->Theropoda->Saurischia->Dinosauria->Archosauria->Testudines + Archosauria group->Sauria->Sauropsida->Amniota->Tetrapoda->Dipnotetrapodomorpha->Sarcopterygii->Euteleostomi->Teleostomi->Gnathostomata->Vertebrata->Craniata->Chordata->Deuterostomia->Bilateria->Eumetazoa->Metazoa->Holozoa->Opisthokonta->Eukaryota->cellular organisms->life" nexsonid "node1162334"
pgloadind     taxon mapping OTT ID 983483 taxonomy "Crypturellus variegatus->Crypturellus->Tinamidae->Tinamiformes->Palaeognathae->Aves->Coelurosauria->Theropoda->Saurischia->Dinosauria->Archosauria->Testudines + Archosauria group->Sauria->Sauropsida->Amniota->Tetrapoda->Dipnotetrapodomorpha->Sarcopterygii->Euteleostomi->Teleostomi->Gnathostomata->Vertebrata->Craniata->Chordata->Deuterostomia->Bilateria->Eumetazoa->Metazoa->Holozoa->Opisthokonta->Eukaryota->cellular organisms->life" nexsonid "node1162335"
pgloadind     taxon mapping OTT ID 3600789 taxonomy "Crypturellus noctivagus->Crypturellus->Tinamidae->Tinamiformes->Palaeognathae->Aves->Coelurosauria->Theropoda->Saurischia->Dinosauria->Archosauria->Testudines + Archosauria group->Sauria->Sauropsida->Amniota->Tetrapoda->Dipnotetrapodomorpha->Sarcopterygii->Euteleostomi->Teleostomi->Gnathostomata->Vertebrata->Craniata->Chordata->Deuterostomia->Bilateria->Eumetazoa->Metazoa->Holozoa->Opisthokonta->Eukaryota->cellular organisms->life" nexsonid "node1162336"
pgloadind     taxon mapping OTT ID 589927 taxonomy "Crypturellus erythropus->Crypturellus->Tinamidae->Tinamiformes->Palaeognathae->Aves->Coelurosauria->Theropoda->Saurischia->Dinosauria->Archosauria->Testudines + Archosauria group->Sauria->Sauropsida->Amniota->Tetrapoda->Dipnotetrapodomorpha->Sarcopterygii->Euteleostomi->Teleostomi->Gnathostomata->Vertebrata->Craniata->Chordata->Deuterostomia->Bilateria->Eumetazoa->Metazoa->Holozoa->Opisthokonta->Eukaryota->cellular organisms->life" nexsonid "node1162337"
pgloadind     taxon mapping OTT ID 3600790 taxonomy "Crypturellus duidae->Crypturellus->Tinamidae->Tinamiformes->Palaeognathae->Aves->Coelurosauria->Theropoda->Saurischia->Dinosauria->Archosauria->Testudines + Archosauria group->Sauria->Sauropsida->Amniota->Tetrapoda->Dipnotetrapodomorpha->Sarcopterygii->Euteleostomi->Teleostomi->Gnathostomata->Vertebrata->Craniata->Chordata->Deuterostomia->Bilateria->Eumetazoa->Metazoa->Holozoa->Opisthokonta->Eukaryota->cellular organisms->life" nexsonid "node1162338"
pgloadind     taxon mapping OTT ID 3600795 taxonomy "Crypturellus atrocapillus->Crypturellus->Tinamidae->Tinamiformes->Palaeognathae->Aves->Coelurosauria->Theropoda->Saurischia->Dinosauria->Archosauria->Testudines + Archosauria group->Sauria->Sauropsida->Amniota->Tetrapoda->Dipnotetrapodomorpha->Sarcopterygii->Euteleostomi->Teleostomi->Gnathostomata->Vertebrata->Craniata->Chordata->Deuterostomia->Bilateria->Eumetazoa->Metazoa->Holozoa->Opisthokonta->Eukaryota->cellular organisms->life" nexsonid "node1162339"
pgloadind     taxon mapping OTT ID 960236 taxonomy "Crypturellus soui->Crypturellus->Tinamidae->Tinamiformes->Palaeognathae->Aves->Coelurosauria->Theropoda->Saurischia->Dinosauria->Archosauria->Testudines + Archosauria group->Sauria->Sauropsida->Amniota->Tetrapoda->Dipnotetrapodomorpha->Sarcopterygii->Euteleostomi->Teleostomi->Gnathostomata->Vertebrata->Craniata->Chordata->Deuterostomia->Bilateria->Eumetazoa->Metazoa->Holozoa->Opisthokonta->Eukaryota->cellular organisms->life" nexsonid "node1162340"
pgloadind     taxon mapping OTT ID 3600794 taxonomy "Crypturellus transfasciatus->Crypturellus->Tinamidae->Tinamiformes->Palaeognathae->Aves->Coelurosauria->Theropoda->Saurischia->Dinosauria->Archosauria->Testudines + Archosauria group->Sauria->Sauropsida->Amniota->Tetrapoda->Dipnotetrapodomorpha->Sarcopterygii->Euteleostomi->Teleostomi->Gnathostomata->Vertebrata->Craniata->Chordata->Deuterostomia->Bilateria->Eumetazoa->Metazoa->Holozoa->Opisthokonta->Eukaryota->cellular organisms->life" nexsonid "node1162344"
pgloadind     taxon mapping OTT ID 3600791 taxonomy "Crypturellus cinnamomeus->Crypturellus->Tinamidae->Tinamiformes->Palaeognathae->Aves->Coelurosauria->Theropoda->Saurischia->Dinosauria->Archosauria->Testudines + Archosauria group->Sauria->Sauropsida->Amniota->Tetrapoda->Dipnotetrapodomorpha->Sarcopterygii->Euteleostomi->Teleostomi->Gnathostomata->Vertebrata->Craniata->Chordata->Deuterostomia->Bilateria->Eumetazoa->Metazoa->Holozoa->Opisthokonta->Eukaryota->cellular organisms->life" nexsonid "node1162345"
pgloadind     taxon mapping OTT ID 870607 taxonomy "Crypturellus undulatus->Crypturellus->Tinamidae->Tinamiformes->Palaeognathae->Aves->Coelurosauria->Theropoda->Saurischia->Dinosauria->Archosauria->Testudines + Archosauria group->Sauria->Sauropsida->Amniota->Tetrapoda->Dipnotetrapodomorpha->Sarcopterygii->Euteleostomi->Teleostomi->Gnathostomata->Vertebrata->Craniata->Chordata->Deuterostomia->Bilateria->Eumetazoa->Metazoa->Holozoa->Opisthokonta->Eukaryota->cellular organisms->life" nexsonid "node1162346"
pgloadind     taxon mapping OTT ID 167137 taxonomy "Crypturellus strigulosus->Crypturellus->Tinamidae->Tinamiformes->Palaeognathae->Aves->Coelurosauria->Theropoda->Saurischia->Dinosauria->Archosauria->Testudines + Archosauria group->Sauria->Sauropsida->Amniota->Tetrapoda->Dipnotetrapodomorpha->Sarcopterygii->Euteleostomi->Teleostomi->Gnathostomata->Vertebrata->Craniata->Chordata->Deuterostomia->Bilateria->Eumetazoa->Metazoa->Holozoa->Opisthokonta->Eukaryota->cellular organisms->life" nexsonid "node1162347"
pgloadind     taxon mapping OTT ID 3600799 taxonomy "Crypturellus boucardi->Crypturellus->Tinamidae->Tinamiformes->Palaeognathae->Aves->Coelurosauria->Theropoda->Saurischia->Dinosauria->Archosauria->Testudines + Archosauria group->Sauria->Sauropsida->Amniota->Tetrapoda->Dipnotetrapodomorpha->Sarcopterygii->Euteleostomi->Teleostomi->Gnathostomata->Vertebrata->Craniata->Chordata->Deuterostomia->Bilateria->Eumetazoa->Metazoa->Holozoa->Opisthokonta->Eukaryota->cellular organisms->life" nexsonid "node1162348"
pgloadind     taxon mapping OTT ID 3600796 taxonomy "Crypturellus berlepschi->Crypturellus->Tinamidae->Tinamiformes->Palaeognathae->Aves->Coelurosauria->Theropoda->Saurischia->Dinosauria->Archosauria->Testudines + Archosauria group->Sauria->Sauropsida->Amniota->Tetrapoda->Dipnotetrapodomorpha->Sarcopterygii->Euteleostomi->Teleostomi->Gnathostomata->Vertebrata->Craniata->Chordata->Deuterostomia->Bilateria->Eumetazoa->Metazoa->Holozoa->Opisthokonta->Eukaryota->cellular organisms->life" nexsonid "node1162351"
pgloadind     taxon mapping OTT ID 647586 taxonomy "Crypturellus cinereus->Crypturellus->Tinamidae->Tinamiformes->Palaeognathae->Aves->Coelurosauria->Theropoda->Saurischia->Dinosauria->Archosauria->Testudines + Archosauria group->Sauria->Sauropsida->Amniota->Tetrapoda->Dipnotetrapodomorpha->Sarcopterygii->Euteleostomi->Teleostomi->Gnathostomata->Vertebrata->Craniata->Chordata->Deuterostomia->Bilateria->Eumetazoa->Metazoa->Holozoa->Opisthokonta->Eukaryota->cellular organisms->life" nexsonid "node1162352"
pgloadind     taxon mapping OTT ID 3600793 taxonomy "Crypturellus ptaritepui->Crypturellus->Tinamidae->Tinamiformes->Palaeognathae->Aves->Coelurosauria->Theropoda->Saurischia->Dinosauria->Archosauria->Testudines + Archosauria group->Sauria->Sauropsida->Amniota->Tetrapoda->Dipnotetrapodomorpha->Sarcopterygii->Euteleostomi->Teleostomi->Gnathostomata->Vertebrata->Craniata->Chordata->Deuterostomia->Bilateria->Eumetazoa->Metazoa->Holozoa->Opisthokonta->Eukaryota->cellular organisms->life" nexsonid "node1162353"
pgloadind     taxon mapping OTT ID 758347 taxonomy "Crypturellus tataupa->Crypturellus->Tinamidae->Tinamiformes->Palaeognathae->Aves->Coelurosauria->Theropoda->Saurischia->Dinosauria->Archosauria->Testudines + Archosauria group->Sauria->Sauropsida->Amniota->Tetrapoda->Dipnotetrapodomorpha->Sarcopterygii->Euteleostomi->Teleostomi->Gnathostomata->Vertebrata->Craniata->Chordata->Deuterostomia->Bilateria->Eumetazoa->Metazoa->Holozoa->Opisthokonta->Eukaryota->cellular organisms->life" nexsonid "node1162356"
pgloadind     taxon mapping OTT ID 379420 taxonomy "Crypturellus parvirostris->Crypturellus->Tinamidae->Tinamiformes->Palaeognathae->Aves->Coelurosauria->Theropoda->Saurischia->Dinosauria->Archosauria->Testudines + Archosauria group->Sauria->Sauropsida->Amniota->Tetrapoda->Dipnotetrapodomorpha->Sarcopterygii->Euteleostomi->Teleostomi->Gnathostomata->Vertebrata->Craniata->Chordata->Deuterostomia->Bilateria->Eumetazoa->Metazoa->Holozoa->Opisthokonta->Eukaryota->cellular organisms->life" nexsonid "node1162357"
pgloadind     taxon mapping OTT ID 983480 taxonomy "Crypturellus obsoletus->Crypturellus->Tinamidae->Tinamiformes->Palaeognathae->Aves->Coelurosauria->Theropoda->Saurischia->Dinosauria->Archosauria->Testudines + Archosauria group->Sauria->Sauropsida->Amniota->Tetrapoda->Dipnotetrapodomorpha->Sarcopterygii->Euteleostomi->Teleostomi->Gnathostomata->Vertebrata->Craniata->Chordata->Deuterostomia->Bilateria->Eumetazoa->Metazoa->Holozoa->Opisthokonta->Eukaryota->cellular organisms->life" nexsonid "node1162358"
pgloadind     taxon mapping OTT ID 3600797 taxonomy "Crypturellus kerriae->Crypturellus->Tinamidae->Tinamiformes->Palaeognathae->Aves->Coelurosauria->Theropoda->Saurischia->Dinosauria->Archosauria->Testudines + Archosauria group->Sauria->Sauropsida->Amniota->Tetrapoda->Dipnotetrapodomorpha->Sarcopterygii->Euteleostomi->Teleostomi->Gnathostomata->Vertebrata->Craniata->Chordata->Deuterostomia->Bilateria->Eumetazoa->Metazoa->Holozoa->Opisthokonta->Eukaryota->cellular organisms->life" nexsonid "node1162359"
pgloadind     taxon mapping OTT ID 306216 taxonomy "Tinamus guttatus->Tinamus->Tinamidae->Tinamiformes->Palaeognathae->Aves->Coelurosauria->Theropoda->Saurischia->Dinosauria->Archosauria->Testudines + Archosauria group->Sauria->Sauropsida->Amniota->Tetrapoda->Dipnotetrapodomorpha->Sarcopterygii->Euteleostomi->Teleostomi->Gnathostomata->Vertebrata->Craniata->Chordata->Deuterostomia->Bilateria->Eumetazoa->Metazoa->Holozoa->Opisthokonta->Eukaryota->cellular organisms->life" nexsonid "node1162362"
pgloadind     taxon mapping OTT ID 402466 taxonomy "Tinamus major->Tinamus->Tinamidae->Tinamiformes->Palaeognathae->Aves->Coelurosauria->Theropoda->Saurischia->Dinosauria->Archosauria->Testudines + Archosauria group->Sauria->Sauropsida->Amniota->Tetrapoda->Dipnotetrapodomorpha->Sarcopterygii->Euteleostomi->Teleostomi->Gnathostomata->Vertebrata->Craniata->Chordata->Deuterostomia->Bilateria->Eumetazoa->Metazoa->Holozoa->Opisthokonta->Eukaryota->cellular organisms->life" nexsonid "node1162363"
pgloadind     taxon mapping OTT ID 3600785 taxonomy "Tinamus solitarius->Tinamus->Tinamidae->Tinamiformes->Palaeognathae->Aves->Coelurosauria->Theropoda->Saurischia->Dinosauria->Archosauria->Testudines + Archosauria group->Sauria->Sauropsida->Amniota->Tetrapoda->Dipnotetrapodomorpha->Sarcopterygii->Euteleostomi->Teleostomi->Gnathostomata->Vertebrata->Craniata->Chordata->Deuterostomia->Bilateria->Eumetazoa->Metazoa->Holozoa->Opisthokonta->Eukaryota->cellular organisms->life" nexsonid "node1162366"
pgloadind     taxon mapping OTT ID 466704 taxonomy "Tinamus tao->Tinamus->Tinamidae->Tinamiformes->Palaeognathae->Aves->Coelurosauria->Theropoda->Saurischia->Dinosauria->Archosauria->Testudines + Archosauria group->Sauria->Sauropsida->Amniota->Tetrapoda->Dipnotetrapodomorpha->Sarcopterygii->Euteleostomi->Teleostomi->Gnathostomata->Vertebrata->Craniata->Chordata->Deuterostomia->Bilateria->Eumetazoa->Metazoa->Holozoa->Opisthokonta->Eukaryota->cellular organisms->life" nexsonid "node1162367"
pgloadind     taxon mapping OTT ID 3600786 taxonomy "Tinamus osgoodi->Tinamus->Tinamidae->Tinamiformes->Palaeognathae->Aves->Coelurosauria->Theropoda->Saurischia->Dinosauria->Archosauria->Testudines + Archosauria group->Sauria->Sauropsida->Amniota->Tetrapoda->Dipnotetrapodomorpha->Sarcopterygii->Euteleostomi->Teleostomi->Gnathostomata->Vertebrata->Craniata->Chordata->Deuterostomia->Bilateria->Eumetazoa->Metazoa->Holozoa->Opisthokonta->Eukaryota->cellular organisms->life" nexsonid "node1162368"
pgloadind     taxon mapping OTT ID 3600805 taxonomy "Nothoprocta pentlandii->Nothoprocta->Tinamidae->Tinamiformes->Palaeognathae->Aves->Coelurosauria->Theropoda->Saurischia->Dinosauria->Archosauria->Testudines + Archosauria group->Sauria->Sauropsida->Amniota->Tetrapoda->Dipnotetrapodomorpha->Sarcopterygii->Euteleostomi->Teleostomi->Gnathostomata->Vertebrata->Craniata->Chordata->Deuterostomia->Bilateria->Eumetazoa->Metazoa->Holozoa->Opisthokonta->Eukaryota->cellular organisms->life" nexsonid "node1162376"
pgloadind     taxon mapping OTT ID 3600803 taxonomy "Nothoprocta taczanowskii->Nothoprocta->Tinamidae->Tinamiformes->Palaeognathae->Aves->Coelurosauria->Theropoda->Saurischia->Dinosauria->Archosauria->Testudines + Archosauria group->Sauria->Sauropsida->Amniota->Tetrapoda->Dipnotetrapodomorpha->Sarcopterygii->Euteleostomi->Teleostomi->Gnathostomata->Vertebrata->Craniata->Chordata->Deuterostomia->Bilateria->Eumetazoa->Metazoa->Holozoa->Opisthokonta->Eukaryota->cellular organisms->life" nexsonid "node1162377"
pgloadind     taxon mapping OTT ID 3600806 taxonomy "Nothoprocta curvirostris->Nothoprocta->Tinamidae->Tinamiformes->Palaeognathae->Aves->Coelurosauria->Theropoda->Saurischia->Dinosauria->Archosauria->Testudines + Archosauria group->Sauria->Sauropsida->Amniota->Tetrapoda->Dipnotetrapodomorpha->Sarcopterygii->Euteleostomi->Teleostomi->Gnathostomata->Vertebrata->Craniata->Chordata->Deuterostomia->Bilateria->Eumetazoa->Metazoa->Holozoa->Opisthokonta->Eukaryota->cellular organisms->life" nexsonid "node1162379"
pgloadind     taxon mapping OTT ID 402446 taxonomy "Nothoprocta perdicaria->Nothoprocta->Tinamidae->Tinamiformes->Palaeognathae->Aves->Coelurosauria->Theropoda->Saurischia->Dinosauria->Archosauria->Testudines + Archosauria group->Sauria->Sauropsida->Amniota->Tetrapoda->Dipnotetrapodomorpha->Sarcopterygii->Euteleostomi->Teleostomi->Gnathostomata->Vertebrata->Craniata->Chordata->Deuterostomia->Bilateria->Eumetazoa->Metazoa->Holozoa->Opisthokonta->Eukaryota->cellular organisms->life" nexsonid "node1162380"
pgloadind     taxon mapping OTT ID 3600804 taxonomy "Nothoprocta kalinowskii->Nothoprocta->Tinamidae->Tinamiformes->Palaeognathae->Aves->Coelurosauria->Theropoda->Saurischia->Dinosauria->Archosauria->Testudines + Archosauria group->Sauria->Sauropsida->Amniota->Tetrapoda->Dipnotetrapodomorpha->Sarcopterygii->Euteleostomi->Teleostomi->Gnathostomata->Vertebrata->Craniata->Chordata->Deuterostomia->Bilateria->Eumetazoa->Metazoa->Holozoa->Opisthokonta->Eukaryota->cellular organisms->life" nexsonid "node1162382"
pgloadind     taxon mapping OTT ID 332613 taxonomy "Nothoprocta ornata->Nothoprocta->Tinamidae->Tinamiformes->Palaeognathae->Aves->Coelurosauria->Theropoda->Saurischia->Dinosauria->Archosauria->Testudines + Archosauria group->Sauria->Sauropsida->Amniota->Tetrapoda->Dipnotetrapodomorpha->Sarcopterygii->Euteleostomi->Teleostomi->Gnathostomata->Vertebrata->Craniata->Chordata->Deuterostomia->Bilateria->Eumetazoa->Metazoa->Holozoa->Opisthokonta->Eukaryota->cellular organisms->life" nexsonid "node1162383"
pgloadind     taxon mapping OTT ID 292464 taxonomy "Nothoprocta cinerascens->Nothoprocta->Tinamidae->Tinamiformes->Palaeognathae->Aves->Coelurosauria->Theropoda->Saurischia->Dinosauria->Archosauria->Testudines + Archosauria group->Sauria->Sauropsida->Amniota->Tetrapoda->Dipnotetrapodomorpha->Sarcopterygii->Euteleostomi->Teleostomi->Gnathostomata->Vertebrata->Craniata->Chordata->Deuterostomia->Bilateria->Eumetazoa->Metazoa->Holozoa->Opisthokonta->Eukaryota->cellular organisms->life" nexsonid "node1162384"
pgloadind     taxon mapping OTT ID 892275 taxonomy "Nothura darwinii->Nothura->Tinamidae->Tinamiformes->Palaeognathae->Aves->Coelurosauria->Theropoda->Saurischia->Dinosauria->Archosauria->Testudines + Archosauria group->Sauria->Sauropsida->Amniota->Tetrapoda->Dipnotetrapodomorpha->Sarcopterygii->Euteleostomi->Teleostomi->Gnathostomata->Vertebrata->Craniata->Chordata->Deuterostomia->Bilateria->Eumetazoa->Metazoa->Holozoa->Opisthokonta->Eukaryota->cellular organisms->life" nexsonid "node1162394"
pgloadind     taxon mapping OTT ID 892276 taxonomy "Nothura maculosa->Nothura->Tinamidae->Tinamiformes->Palaeognathae->Aves->Coelurosauria->Theropoda->Saurischia->Dinosauria->Archosauria->Testudines + Archosauria group->Sauria->Sauropsida->Amniota->Tetrapoda->Dipnotetrapodomorpha->Sarcopterygii->Euteleostomi->Teleostomi->Gnathostomata->Vertebrata->Craniata->Chordata->Deuterostomia->Bilateria->Eumetazoa->Metazoa->Holozoa->Opisthokonta->Eukaryota->cellular organisms->life" nexsonid "node1162391"
pgloadind     taxon mapping OTT ID 3600802 taxonomy "Nothura chacoensis->Nothura->Tinamidae->Tinamiformes->Palaeognathae->Aves->Coelurosauria->Theropoda->Saurischia->Dinosauria->Archosauria->Testudines + Archosauria group->Sauria->Sauropsida->Amniota->Tetrapoda->Dipnotetrapodomorpha->Sarcopterygii->Euteleostomi->Teleostomi->Gnathostomata->Vertebrata->Craniata->Chordata->Deuterostomia->Bilateria->Eumetazoa->Metazoa->Holozoa->Opisthokonta->Eukaryota->cellular organisms->life" nexsonid "node1162392"
pgloadind     taxon mapping OTT ID 3600800 taxonomy "Nothura minor->Nothura->Tinamidae->Tinamiformes->Palaeognathae->Aves->Coelurosauria->Theropoda->Saurischia->Dinosauria->Archosauria->Testudines + Archosauria group->Sauria->Sauropsida->Amniota->Tetrapoda->Dipnotetrapodomorpha->Sarcopterygii->Euteleostomi->Teleostomi->Gnathostomata->Vertebrata->Craniata->Chordata->Deuterostomia->Bilateria->Eumetazoa->Metazoa->Holozoa->Opisthokonta->Eukaryota->cellular organisms->life" nexsonid "node1162395"
pgloadind     taxon mapping OTT ID 3600801 taxonomy "Nothura boraquira->Nothura->Tinamidae->Tinamiformes->Palaeognathae->Aves->Coelurosauria->Theropoda->Saurischia->Dinosauria->Archosauria->Testudines + Archosauria group->Sauria->Sauropsida->Amniota->Tetrapoda->Dipnotetrapodomorpha->Sarcopterygii->Euteleostomi->Teleostomi->Gnathostomata->Vertebrata->Craniata->Chordata->Deuterostomia->Bilateria->Eumetazoa->Metazoa->Holozoa->Opisthokonta->Eukaryota->cellular organisms->life" nexsonid "node1162396"
pgloadind     taxon mapping OTT ID 3600811 taxonomy "Taoniscus nanus->Taoniscus->Tinamidae->Tinamiformes->Palaeognathae->Aves->Coelurosauria->Theropoda->Saurischia->Dinosauria->Archosauria->Testudines + Archosauria group->Sauria->Sauropsida->Amniota->Tetrapoda->Dipnotetrapodomorpha->Sarcopterygii->Euteleostomi->Teleostomi->Gnathostomata->Vertebrata->Craniata->Chordata->Deuterostomia->Bilateria->Eumetazoa->Metazoa->Holozoa->Opisthokonta->Eukaryota->cellular organisms->life" nexsonid "node1162397"
pgloadind     taxon mapping OTT ID 3600787 taxonomy "Rhynchotus maculicollis->Rhynchotus->Tinamidae->Tinamiformes->Palaeognathae->Aves->Coelurosauria->Theropoda->Saurischia->Dinosauria->Archosauria->Testudines + Archosauria group->Sauria->Sauropsida->Amniota->Tetrapoda->Dipnotetrapodomorpha->Sarcopterygii->Euteleostomi->Teleostomi->Gnathostomata->Vertebrata->Craniata->Chordata->Deuterostomia->Bilateria->Eumetazoa->Metazoa->Holozoa->Opisthokonta->Eukaryota->cellular organisms->life" nexsonid "node1162402"
pgloadind     taxon mapping OTT ID 224379 taxonomy "Rhynchotus rufescens->Rhynchotus->Tinamidae->Tinamiformes->Palaeognathae->Aves->Coelurosauria->Theropoda->Saurischia->Dinosauria->Archosauria->Testudines + Archosauria group->Sauria->Sauropsida->Amniota->Tetrapoda->Dipnotetrapodomorpha->Sarcopterygii->Euteleostomi->Teleostomi->Gnathostomata->Vertebrata->Craniata->Chordata->Deuterostomia->Bilateria->Eumetazoa->Metazoa->Holozoa->Opisthokonta->Eukaryota->cellular organisms->life" nexsonid "node1162400"
pgloadind     taxon mapping OTT ID 599077 taxonomy "Tinamotis ingoufi->Tinamotis->Tinamidae->Tinamiformes->Palaeognathae->Aves->Coelurosauria->Theropoda->Saurischia->Dinosauria->Archosauria->Testudines + Archosauria group->Sauria->Sauropsida->Amniota->Tetrapoda->Dipnotetrapodomorpha->Sarcopterygii->Euteleostomi->Teleostomi->Gnathostomata->Vertebrata->Craniata->Chordata->Deuterostomia->Bilateria->Eumetazoa->Metazoa->Holozoa->Opisthokonta->Eukaryota->cellular organisms->life" nexsonid "node1162405"
pgloadind     taxon mapping OTT ID 599078 taxonomy "Tinamotis pentlandii->Tinamotis->Tinamidae->Tinamiformes->Palaeognathae->Aves->Coelurosauria->Theropoda->Saurischia->Dinosauria->Archosauria->Testudines + Archosauria group->Sauria->Sauropsida->Amniota->Tetrapoda->Dipnotetrapodomorpha->Sarcopterygii->Euteleostomi->Teleostomi->Gnathostomata->Vertebrata->Craniata->Chordata->Deuterostomia->Bilateria->Eumetazoa->Metazoa->Holozoa->Opisthokonta->Eukaryota->cellular organisms->life" nexsonid "node1162406"
pgloadind     taxon mapping OTT ID 784522 taxonomy "Eudromia formosa->Eudromia->Tinamidae->Tinamiformes->Palaeognathae->Aves->Coelurosauria->Theropoda->Saurischia->Dinosauria->Archosauria->Testudines + Archosauria group->Sauria->Sauropsida->Amniota->Tetrapoda->Dipnotetrapodomorpha->Sarcopterygii->Euteleostomi->Teleostomi->Gnathostomata->Vertebrata->Craniata->Chordata->Deuterostomia->Bilateria->Eumetazoa->Metazoa->Holozoa->Opisthokonta->Eukaryota->cellular organisms->life" nexsonid "node1162411"
pgloadind     taxon mapping OTT ID 292461 taxonomy "Eudromia elegans->Eudromia->Tinamidae->Tinamiformes->Palaeognathae->Aves->Coelurosauria->Theropoda->Saurischia->Dinosauria->Archosauria->Testudines + Archosauria group->Sauria->Sauropsida->Amniota->Tetrapoda->Dipnotetrapodomorpha->Sarcopterygii->Euteleostomi->Teleostomi->Gnathostomata->Vertebrata->Craniata->Chordata->Deuterostomia->Bilateria->Eumetazoa->Metazoa->Holozoa->Opisthokonta->Eukaryota->cellular organisms->life" nexsonid "node1162409"
done fixing name
pgloadind Finished with attempts to fix names
pgloadind   Checking for uniqueness of OTT IDs tree id "6670"
pgloadind   Adding tree to graph tree id "6670"
all trees have all taxa: false
	using bipartition technique
attempting to remap tips to deepest exemplified taxa
	Taoniscus nanus was remapped to 'Taoniscus' (id=3019607)
adding relationships to licas for children
adding relationships to licas for children
adding relationships to licas for children
adding relationships to licas for children
adding relationships to licas for children
adding relationships to licas for children
adding relationships to licas for children
adding relationships to licas for children
adding relationships to licas for children
adding relationships to licas for children
adding relationships to licas for children
adding relationships to licas for children
adding relationships to licas for children
adding relationships to licas for children
adding relationships to licas for children
adding relationships to licas for children
adding relationships to licas for children
adding relationships to licas for children
adding relationships to licas for children
adding relationships to licas for children
adding relationships to licas for children
adding relationships to licas for children
adding relationships to licas for children
adding relationships to licas for children
adding relationships to licas for children
adding relationships to licas for children
adding relationships to licas for children
adding relationships to licas for children
adding relationships to licas for children
adding relationships to licas for children
adding relationships to licas for children
adding relationships to licas for children
adding relationships to licas for children
adding relationships to licas for children
adding relationships to licas for children
adding relationships to licas for children
adding relationships to licas for children
adding relationships to licas for children
adding relationships to licas for children
adding relationships to licas for children
adding relationships to licas for children
adding relationships to licas for children
this is the ROOT
placing root in index
Dealing with metadata property: ot:studyPublicationReference
Adding property 'ot:studyPublicationReference': Bertelli, Sara, Ana Luz Porzecanski. 2004. Tinamou (Tinamidae) systematics: a preliminary combined analysis of morphology and molecules. 2004. Ornithologia Neotropical 15: 293-299
Dealing with metadata property: ot:focalCladeOTTTaxonName
Adding property 'ot:focalCladeOTTTaxonName': Tinamidae
Dealing with metadata property: ot:candidateTreeForSynthesis
Adding property 'ot:candidateTreeForSynthesis': tree6670
Dealing with metadata property: ot:branchLengthDescription
Adding property 'ot:branchLengthDescription': 
Dealing with metadata property: ot:comment
Adding property 'ot:comment': 
Dealing with metadata property: ot:outGroupEdge
Adding property 'ot:outGroupEdge': 
Dealing with metadata property: ot:branchLengthTimeUnit
Adding property 'ot:branchLengthTimeUnit': 
Dealing with metadata property: ot:dataDeposit
Adding property 'ot:dataDeposit': 
Dealing with metadata property: ot:studyId
Adding property 'ot:studyId': pg_2876
Dealing with metadata property: id
Dealing with metadata property: ot:studyYear
Adding property 'ot:studyYear': 2004
Dealing with metadata property: ot:inGroupClade
Adding property 'ot:inGroupClade': node1162318
Dealing with metadata property: ot:curatorName
Adding property 'ot:curatorName': Jonathan A Rees
Dealing with metadata property: ot:studyPublication
Adding property 'ot:studyPublication': https://sora.unm.edu/sites/default/files/journals/on/v015s/p0293-p0300.pdf
Dealing with metadata property: ot:specifiedRoot
Adding property 'ot:specifiedRoot': node1162316
Dealing with metadata property: ot:unrootedTree
Adding property 'ot:unrootedTree': false
Dealing with metadata property: ot:notIntendedForSynthesis
Adding property 'ot:notIntendedForSynthesis': false
Dealing with metadata property: ot:focalClade
Adding property 'ot:focalClade': 292469
Dealing with metadata property: ot:curatedType
Adding property 'ot:curatedType': Maximum parsimony 
adding relationships to licas for children
Committing nodes: 88
14:48:26.683 [main] WARN  o.neo4j.kernel.EmbeddedGraphDatabase - You are using an unsupported Java runtime. Please use Oracle(R) Java(TM) Runtime Environment 7.
