16:30:18.314 [main] WARN  o.neo4j.kernel.EmbeddedGraphDatabase - You are using an unsupported Java runtime. Please use Oracle(R) Java(TM) Runtime Environment 7.
pgloadind OTUs number 18
pgloadind Processing tree @id "6239"
pgloadind   tree info number nodes 35
pgloadind   tree info number edges 34
pgloadind   tree info ingroup "node1077729"
pgloadind   Setting ingroup root node.
pgloadind   Ingested tree number of external nodes 18
pgloadind   property added ot:studyPublicationReference "Fulton, T. L., C. Strobeck. 2010. Multiple markers and multiple individuals refine true seal phylogeny and bring molecules and morphology back in line. Proceedings of the Royal Society B: Biological Sciences 277 (1684): 1065-1070."
pgloadind   property added ot:candidateTreeForSynthesis "tree6239"
pgloadind   property added ot:focalCladeOTTTaxonName "Phocidae"
pgloadind   property added ot:curatorName "Joseph Brown"
pgloadind   property added ot:studyYear "2010"
pgloadind   property added ot:studyId "pg_2687"
pgloadind   property added ot:studyPublication "http://dx.doi.org/10.1098/rspb.2009.1783"
pgloadind   property added ot:focalClade "749626"
pgloadind   property added ot:unrootedTree "false"
pgloadind   property added ot:curatedType "ML nuc+mtDNA (Figure 1)"
pgloadind   property added ot:inGroupClade "node1077729"
pgloadind   property added ot:specifiedRoot "node1077729"
pgloadind   property added ot:outGroupEdge ""
pgloadind   property added ot:branchLengthTimeUnit ""
pgloadind   property added ot:branchLengthDescription ""
pgloadind   property added ot:branchLengthMode ""
loading a specific tree: 6239
pgloadind fixing names in trees
pgloadind   name fixing on tree tree id "6239"
pgloadind   all nodes have ottIds
pgloadind   postpruning newick tree "(((((((Pusa_caspica,(Pusa_hispida,Pusa_sibirica)),(Phoca_largha,Phoca_vitulina)),Halichoerus_grypus),(Phoca_fasciata,Pagophilus_groenlandica)),Cystophora_cristata),Erignathus_barbatus),((Monachus_monachus,Monachus_schauinslandi),((Mirounga_leonina,Mirounga_angustirostris),((Ommatophoca_rossii,Lobodon_carcinophaga),(Hydrurga_leptonyx,Leptonychotes_weddellii)))))"
pgloadind   taxon mapping summary
pgloadind     taxon mapping OTT ID 22064 taxonomy "Pusa caspica->Pusa->Phocidae->Caniformia->Carnivora->Laurasiatheria->Boreoeutheria->Eutheria->Theria->Mammalia->Amniota->Tetrapoda->Dipnotetrapodomorpha->Sarcopterygii->Euteleostomi->Teleostomi->Gnathostomata->Vertebrata->Craniata->Chordata->Deuterostomia->Bilateria->Eumetazoa->Metazoa->Holozoa->Opisthokonta->Eukaryota->cellular organisms->life" nexsonid "node1077736"
pgloadind     taxon mapping OTT ID 175251 taxonomy "Pusa hispida->Pusa->Phocidae->Caniformia->Carnivora->Laurasiatheria->Boreoeutheria->Eutheria->Theria->Mammalia->Amniota->Tetrapoda->Dipnotetrapodomorpha->Sarcopterygii->Euteleostomi->Teleostomi->Gnathostomata->Vertebrata->Craniata->Chordata->Deuterostomia->Bilateria->Eumetazoa->Metazoa->Holozoa->Opisthokonta->Eukaryota->cellular organisms->life" nexsonid "node1077738"
pgloadind     taxon mapping OTT ID 1040678 taxonomy "Pusa sibirica->Pusa->Phocidae->Caniformia->Carnivora->Laurasiatheria->Boreoeutheria->Eutheria->Theria->Mammalia->Amniota->Tetrapoda->Dipnotetrapodomorpha->Sarcopterygii->Euteleostomi->Teleostomi->Gnathostomata->Vertebrata->Craniata->Chordata->Deuterostomia->Bilateria->Eumetazoa->Metazoa->Holozoa->Opisthokonta->Eukaryota->cellular organisms->life" nexsonid "node1077739"
pgloadind     taxon mapping OTT ID 89833 taxonomy "Phoca largha->Phoca->Phocidae->Caniformia->Carnivora->Laurasiatheria->Boreoeutheria->Eutheria->Theria->Mammalia->Amniota->Tetrapoda->Dipnotetrapodomorpha->Sarcopterygii->Euteleostomi->Teleostomi->Gnathostomata->Vertebrata->Craniata->Chordata->Deuterostomia->Bilateria->Eumetazoa->Metazoa->Holozoa->Opisthokonta->Eukaryota->cellular organisms->life" nexsonid "node1077741"
pgloadind     taxon mapping OTT ID 698422 taxonomy "Phoca vitulina->Phoca->Phocidae->Caniformia->Carnivora->Laurasiatheria->Boreoeutheria->Eutheria->Theria->Mammalia->Amniota->Tetrapoda->Dipnotetrapodomorpha->Sarcopterygii->Euteleostomi->Teleostomi->Gnathostomata->Vertebrata->Craniata->Chordata->Deuterostomia->Bilateria->Eumetazoa->Metazoa->Holozoa->Opisthokonta->Eukaryota->cellular organisms->life" nexsonid "node1077742"
pgloadind     taxon mapping OTT ID 1040694 taxonomy "Halichoerus grypus->Halichoerus->Phocidae->Caniformia->Carnivora->Laurasiatheria->Boreoeutheria->Eutheria->Theria->Mammalia->Amniota->Tetrapoda->Dipnotetrapodomorpha->Sarcopterygii->Euteleostomi->Teleostomi->Gnathostomata->Vertebrata->Craniata->Chordata->Deuterostomia->Bilateria->Eumetazoa->Metazoa->Holozoa->Opisthokonta->Eukaryota->cellular organisms->life" nexsonid "node1077743"
pgloadind     taxon mapping OTT ID 664065 taxonomy "Phoca fasciata->Phoca->Phocidae->Caniformia->Carnivora->Laurasiatheria->Boreoeutheria->Eutheria->Theria->Mammalia->Amniota->Tetrapoda->Dipnotetrapodomorpha->Sarcopterygii->Euteleostomi->Teleostomi->Gnathostomata->Vertebrata->Craniata->Chordata->Deuterostomia->Bilateria->Eumetazoa->Metazoa->Holozoa->Opisthokonta->Eukaryota->cellular organisms->life" nexsonid "node1077745"
pgloadind     taxon mapping OTT ID 3612969 taxonomy "Pagophilus groenlandica->Pagophilus->Phocidae->Caniformia->Carnivora->Laurasiatheria->Boreoeutheria->Eutheria->Theria->Mammalia->Amniota->Tetrapoda->Dipnotetrapodomorpha->Sarcopterygii->Euteleostomi->Teleostomi->Gnathostomata->Vertebrata->Craniata->Chordata->Deuterostomia->Bilateria->Eumetazoa->Metazoa->Holozoa->Opisthokonta->Eukaryota->cellular organisms->life" nexsonid "node1077746"
pgloadind     taxon mapping OTT ID 132779 taxonomy "Cystophora cristata->Cystophora->Phocidae->Caniformia->Carnivora->Laurasiatheria->Boreoeutheria->Eutheria->Theria->Mammalia->Amniota->Tetrapoda->Dipnotetrapodomorpha->Sarcopterygii->Euteleostomi->Teleostomi->Gnathostomata->Vertebrata->Craniata->Chordata->Deuterostomia->Bilateria->Eumetazoa->Metazoa->Holozoa->Opisthokonta->Eukaryota->cellular organisms->life" nexsonid "node1077747"
pgloadind     taxon mapping OTT ID 931413 taxonomy "Erignathus barbatus->Erignathus->Phocidae->Caniformia->Carnivora->Laurasiatheria->Boreoeutheria->Eutheria->Theria->Mammalia->Amniota->Tetrapoda->Dipnotetrapodomorpha->Sarcopterygii->Euteleostomi->Teleostomi->Gnathostomata->Vertebrata->Craniata->Chordata->Deuterostomia->Bilateria->Eumetazoa->Metazoa->Holozoa->Opisthokonta->Eukaryota->cellular organisms->life" nexsonid "node1077748"
pgloadind     taxon mapping OTT ID 759722 taxonomy "Monachus monachus->Monachus->Phocidae->Caniformia->Carnivora->Laurasiatheria->Boreoeutheria->Eutheria->Theria->Mammalia->Amniota->Tetrapoda->Dipnotetrapodomorpha->Sarcopterygii->Euteleostomi->Teleostomi->Gnathostomata->Vertebrata->Craniata->Chordata->Deuterostomia->Bilateria->Eumetazoa->Metazoa->Holozoa->Opisthokonta->Eukaryota->cellular organisms->life" nexsonid "node1077751"
pgloadind     taxon mapping OTT ID 180367 taxonomy "Monachus schauinslandi->Monachus->Phocidae->Caniformia->Carnivora->Laurasiatheria->Boreoeutheria->Eutheria->Theria->Mammalia->Amniota->Tetrapoda->Dipnotetrapodomorpha->Sarcopterygii->Euteleostomi->Teleostomi->Gnathostomata->Vertebrata->Craniata->Chordata->Deuterostomia->Bilateria->Eumetazoa->Metazoa->Holozoa->Opisthokonta->Eukaryota->cellular organisms->life" nexsonid "node1077752"
pgloadind     taxon mapping OTT ID 175270 taxonomy "Mirounga leonina->Mirounga->Phocidae->Caniformia->Carnivora->Laurasiatheria->Boreoeutheria->Eutheria->Theria->Mammalia->Amniota->Tetrapoda->Dipnotetrapodomorpha->Sarcopterygii->Euteleostomi->Teleostomi->Gnathostomata->Vertebrata->Craniata->Chordata->Deuterostomia->Bilateria->Eumetazoa->Metazoa->Holozoa->Opisthokonta->Eukaryota->cellular organisms->life" nexsonid "node1077755"
pgloadind     taxon mapping OTT ID 175268 taxonomy "Mirounga angustirostris->Mirounga->Phocidae->Caniformia->Carnivora->Laurasiatheria->Boreoeutheria->Eutheria->Theria->Mammalia->Amniota->Tetrapoda->Dipnotetrapodomorpha->Sarcopterygii->Euteleostomi->Teleostomi->Gnathostomata->Vertebrata->Craniata->Chordata->Deuterostomia->Bilateria->Eumetazoa->Metazoa->Holozoa->Opisthokonta->Eukaryota->cellular organisms->life" nexsonid "node1077756"
pgloadind     taxon mapping OTT ID 539106 taxonomy "Ommatophoca rossii->Ommatophoca->Phocidae->Caniformia->Carnivora->Laurasiatheria->Boreoeutheria->Eutheria->Theria->Mammalia->Amniota->Tetrapoda->Dipnotetrapodomorpha->Sarcopterygii->Euteleostomi->Teleostomi->Gnathostomata->Vertebrata->Craniata->Chordata->Deuterostomia->Bilateria->Eumetazoa->Metazoa->Holozoa->Opisthokonta->Eukaryota->cellular organisms->life" nexsonid "node1077759"
pgloadind     taxon mapping OTT ID 492021 taxonomy "Lobodon carcinophaga->Lobodon->Phocidae->Caniformia->Carnivora->Laurasiatheria->Boreoeutheria->Eutheria->Theria->Mammalia->Amniota->Tetrapoda->Dipnotetrapodomorpha->Sarcopterygii->Euteleostomi->Teleostomi->Gnathostomata->Vertebrata->Craniata->Chordata->Deuterostomia->Bilateria->Eumetazoa->Metazoa->Holozoa->Opisthokonta->Eukaryota->cellular organisms->life" nexsonid "node1077760"
pgloadind     taxon mapping OTT ID 180388 taxonomy "Hydrurga leptonyx->Hydrurga->Phocidae->Caniformia->Carnivora->Laurasiatheria->Boreoeutheria->Eutheria->Theria->Mammalia->Amniota->Tetrapoda->Dipnotetrapodomorpha->Sarcopterygii->Euteleostomi->Teleostomi->Gnathostomata->Vertebrata->Craniata->Chordata->Deuterostomia->Bilateria->Eumetazoa->Metazoa->Holozoa->Opisthokonta->Eukaryota->cellular organisms->life" nexsonid "node1077762"
pgloadind     taxon mapping OTT ID 175259 taxonomy "Leptonychotes weddellii->Leptonychotes->Phocidae->Caniformia->Carnivora->Laurasiatheria->Boreoeutheria->Eutheria->Theria->Mammalia->Amniota->Tetrapoda->Dipnotetrapodomorpha->Sarcopterygii->Euteleostomi->Teleostomi->Gnathostomata->Vertebrata->Craniata->Chordata->Deuterostomia->Bilateria->Eumetazoa->Metazoa->Holozoa->Opisthokonta->Eukaryota->cellular organisms->life" nexsonid "node1077763"
done fixing name
pgloadind Finished with attempts to fix names
pgloadind   Checking for uniqueness of OTT IDs tree id "6239"
pgloadind   Adding tree to graph tree id "6239"
all trees have all taxa: false
	using bipartition technique
attempting to remap tips to deepest exemplified taxa
	Erignathus barbatus was remapped to 'Erignathus' (id=3072033)
	Lobodon carcinophaga was remapped to 'Lobodon' (id=3072053)
	Halichoerus grypus was remapped to 'Halichoerus' (id=3072061)
	Ommatophoca rossii was remapped to 'Ommatophoca' (id=3072029)
	Pagophilus groenlandica was remapped to 'Pagophilus' (id=3072072)
	Hydrurga leptonyx was remapped to 'Hydrurga' (id=3071969)
	Cystophora cristata was remapped to 'Cystophora' (id=3071960)
	Leptonychotes weddellii was remapped to 'Leptonychotes' (id=3071983)
adding relationships to licas for children
adding relationships to licas for children
adding relationships to licas for children
adding relationships to licas for children
adding relationships to licas for children
adding relationships to licas for children
adding relationships to licas for children
adding relationships to licas for children
adding relationships to licas for children
adding relationships to licas for children
adding relationships to licas for children
adding relationships to licas for children
adding relationships to licas for children
adding relationships to licas for children
adding relationships to licas for children
adding relationships to licas for children
this is the ROOT
placing root in index
Dealing with metadata property: ot:studyPublicationReference
Adding property 'ot:studyPublicationReference': Fulton, T. L., C. Strobeck. 2010. Multiple markers and multiple individuals refine true seal phylogeny and bring molecules and morphology back in line. Proceedings of the Royal Society B: Biological Sciences 277 (1684): 1065-1070.
Dealing with metadata property: ot:focalCladeOTTTaxonName
Adding property 'ot:focalCladeOTTTaxonName': Phocidae
Dealing with metadata property: ot:candidateTreeForSynthesis
Adding property 'ot:candidateTreeForSynthesis': tree6239
Dealing with metadata property: ot:branchLengthMode
Adding property 'ot:branchLengthMode': 
Dealing with metadata property: ot:branchLengthDescription
Adding property 'ot:branchLengthDescription': 
Dealing with metadata property: ot:outGroupEdge
Adding property 'ot:outGroupEdge': 
Dealing with metadata property: ot:branchLengthTimeUnit
Adding property 'ot:branchLengthTimeUnit': 
Dealing with metadata property: ot:studyId
Adding property 'ot:studyId': pg_2687
Dealing with metadata property: id
Dealing with metadata property: ot:studyYear
Adding property 'ot:studyYear': 2010
Dealing with metadata property: ot:inGroupClade
Adding property 'ot:inGroupClade': node1077729
Dealing with metadata property: ot:curatorName
Adding property 'ot:curatorName': Joseph Brown
Dealing with metadata property: ot:studyPublication
Adding property 'ot:studyPublication': http://dx.doi.org/10.1098/rspb.2009.1783
Dealing with metadata property: ot:unrootedTree
Adding property 'ot:unrootedTree': false
Dealing with metadata property: ot:specifiedRoot
Adding property 'ot:specifiedRoot': node1077729
Dealing with metadata property: ot:focalClade
Adding property 'ot:focalClade': 749626
Dealing with metadata property: ot:curatedType
Adding property 'ot:curatedType': ML nuc+mtDNA (Figure 1)
adding relationships to licas for children
Committing nodes: 35
16:31:12.201 [main] WARN  o.neo4j.kernel.EmbeddedGraphDatabase - You are using an unsupported Java runtime. Please use Oracle(R) Java(TM) Runtime Environment 7.
