16:45:39.219 [main] WARN  o.neo4j.kernel.EmbeddedGraphDatabase - You are using an unsupported Java runtime. Please use Oracle(R) Java(TM) Runtime Environment 7.
pgloadind OTUs number 19
pgloadind Processing tree @id "6589"
pgloadind   tree info number nodes 37
pgloadind   tree info number edges 36
pgloadind   tree info ingroup "node1145815"
pgloadind   Setting ingroup root node.
pgloadind   Ingested tree number of external nodes 19
pgloadind   property added ot:studyPublicationReference "Nilsson, Maria A., Ulfur Arnason, Peter B.S. Spencer, Axel Janke. 2004. Marsupial relationships and a timeline for marsupial radiation in South Gondwana. Gene 340 (2): 189-196."
pgloadind   property added ot:candidateTreeForSynthesis "tree6589"
pgloadind   property added ot:focalCladeOTTTaxonName "Metatheria"
pgloadind   property added ot:curatorName "Joseph Brown"
pgloadind   property added ot:studyYear "2004"
pgloadind   property added ot:studyId "pg_2834"
pgloadind   property added ot:studyPublication "http://dx.doi.org/10.1016/j.gene.2004.07.040"
pgloadind   property added ot:focalClade "16033"
pgloadind   property added ot:unrootedTree "false"
pgloadind   property added ot:curatedType "Fig. 3 ML topology"
pgloadind   property added ot:inGroupClade "node1145815"
pgloadind   property added ot:specifiedRoot "node1145815"
pgloadind   property added ot:outGroupEdge ""
pgloadind   property added ot:branchLengthTimeUnit ""
pgloadind   property added ot:branchLengthDescription ""
pgloadind   property added ot:branchLengthMode ""
loading a specific tree: 6589
pgloadind fixing names in trees
pgloadind   name fixing on tree tree id "6589"
pgloadind     OTT ID missing name "Macrotis" nexsonid "node1145832"
pgloadind     pruning unmapped name "Macrotis" nexsonid "node1145832"
pgloadind   postpruning newick tree "(((Didelphis,Metachirus),(Monodelphis,Thylamys)),(((Dromiciops,((Notoryctes,(Sminthopsis,Phascogale)),(Isoodon,Perameles))),((((Potorous,Macropus),Vombatus),(Trichosurus,Pseudocheirus)),Tarsipes)),(Rhyncholestes,Caenolestes)))"
pgloadind   taxon mapping summary
pgloadind     taxon mapping OTT ID 762047 taxonomy "Didelphis->Didelphinae->Didelphidae->Didelphimorphia->Metatheria->Theria->Mammalia->Amniota->Tetrapoda->Dipnotetrapodomorpha->Sarcopterygii->Euteleostomi->Teleostomi->Gnathostomata->Vertebrata->Craniata->Chordata->Deuterostomia->Bilateria->Eumetazoa->Metazoa->Holozoa->Opisthokonta->Eukaryota->cellular organisms->life" nexsonid "node1145818"
pgloadind     taxon mapping OTT ID 84832 taxonomy "Metachirus->Didelphinae->Didelphidae->Didelphimorphia->Metatheria->Theria->Mammalia->Amniota->Tetrapoda->Dipnotetrapodomorpha->Sarcopterygii->Euteleostomi->Teleostomi->Gnathostomata->Vertebrata->Craniata->Chordata->Deuterostomia->Bilateria->Eumetazoa->Metazoa->Holozoa->Opisthokonta->Eukaryota->cellular organisms->life" nexsonid "node1145819"
pgloadind     taxon mapping OTT ID 122359 taxonomy "Monodelphis->Didelphinae->Didelphidae->Didelphimorphia->Metatheria->Theria->Mammalia->Amniota->Tetrapoda->Dipnotetrapodomorpha->Sarcopterygii->Euteleostomi->Teleostomi->Gnathostomata->Vertebrata->Craniata->Chordata->Deuterostomia->Bilateria->Eumetazoa->Metazoa->Holozoa->Opisthokonta->Eukaryota->cellular organisms->life" nexsonid "node1145821"
pgloadind     taxon mapping OTT ID 621892 taxonomy "Thylamys->Didelphinae->Didelphidae->Didelphimorphia->Metatheria->Theria->Mammalia->Amniota->Tetrapoda->Dipnotetrapodomorpha->Sarcopterygii->Euteleostomi->Teleostomi->Gnathostomata->Vertebrata->Craniata->Chordata->Deuterostomia->Bilateria->Eumetazoa->Metazoa->Holozoa->Opisthokonta->Eukaryota->cellular organisms->life" nexsonid "node1145822"
pgloadind     taxon mapping OTT ID 515019 taxonomy "Dromiciops->Microbiotheriidae->Microbiotheria->Metatheria->Theria->Mammalia->Amniota->Tetrapoda->Dipnotetrapodomorpha->Sarcopterygii->Euteleostomi->Teleostomi->Gnathostomata->Vertebrata->Craniata->Chordata->Deuterostomia->Bilateria->Eumetazoa->Metazoa->Holozoa->Opisthokonta->Eukaryota->cellular organisms->life" nexsonid "node1145826"
pgloadind     taxon mapping OTT ID 141240 taxonomy "Notoryctes->Notoryctidae->Notoryctemorphia->Metatheria->Theria->Mammalia->Amniota->Tetrapoda->Dipnotetrapodomorpha->Sarcopterygii->Euteleostomi->Teleostomi->Gnathostomata->Vertebrata->Craniata->Chordata->Deuterostomia->Bilateria->Eumetazoa->Metazoa->Holozoa->Opisthokonta->Eukaryota->cellular organisms->life" nexsonid "node1145834"
pgloadind     taxon mapping OTT ID 948480 taxonomy "Sminthopsis->Dasyuridae->Dasyuromorphia->Metatheria->Theria->Mammalia->Amniota->Tetrapoda->Dipnotetrapodomorpha->Sarcopterygii->Euteleostomi->Teleostomi->Gnathostomata->Vertebrata->Craniata->Chordata->Deuterostomia->Bilateria->Eumetazoa->Metazoa->Holozoa->Opisthokonta->Eukaryota->cellular organisms->life" nexsonid "node1145836"
pgloadind     taxon mapping OTT ID 648423 taxonomy "Phascogale->Dasyuridae->Dasyuromorphia->Metatheria->Theria->Mammalia->Amniota->Tetrapoda->Dipnotetrapodomorpha->Sarcopterygii->Euteleostomi->Teleostomi->Gnathostomata->Vertebrata->Craniata->Chordata->Deuterostomia->Bilateria->Eumetazoa->Metazoa->Holozoa->Opisthokonta->Eukaryota->cellular organisms->life" nexsonid "node1145837"
pgloadind     taxon mapping OTT ID 141238 taxonomy "Isoodon->Peramelidae->Peramelemorphia->Metatheria->Theria->Mammalia->Amniota->Tetrapoda->Dipnotetrapodomorpha->Sarcopterygii->Euteleostomi->Teleostomi->Gnathostomata->Vertebrata->Craniata->Chordata->Deuterostomia->Bilateria->Eumetazoa->Metazoa->Holozoa->Opisthokonta->Eukaryota->cellular organisms->life" nexsonid "node1145830"
pgloadind     taxon mapping OTT ID 683256 taxonomy "Perameles->Peramelidae->Peramelemorphia->Metatheria->Theria->Mammalia->Amniota->Tetrapoda->Dipnotetrapodomorpha->Sarcopterygii->Euteleostomi->Teleostomi->Gnathostomata->Vertebrata->Craniata->Chordata->Deuterostomia->Bilateria->Eumetazoa->Metazoa->Holozoa->Opisthokonta->Eukaryota->cellular organisms->life" nexsonid "node1145831"
pgloadind     taxon mapping OTT ID 948464 taxonomy "Potorous->Potoroidae->Diprotodontia->Metatheria->Theria->Mammalia->Amniota->Tetrapoda->Dipnotetrapodomorpha->Sarcopterygii->Euteleostomi->Teleostomi->Gnathostomata->Vertebrata->Craniata->Chordata->Deuterostomia->Bilateria->Eumetazoa->Metazoa->Holozoa->Opisthokonta->Eukaryota->cellular organisms->life" nexsonid "node1145842"
pgloadind     taxon mapping OTT ID 42495 taxonomy "Macropus->Macropodidae->Diprotodontia->Metatheria->Theria->Mammalia->Amniota->Tetrapoda->Dipnotetrapodomorpha->Sarcopterygii->Euteleostomi->Teleostomi->Gnathostomata->Vertebrata->Craniata->Chordata->Deuterostomia->Bilateria->Eumetazoa->Metazoa->Holozoa->Opisthokonta->Eukaryota->cellular organisms->life" nexsonid "node1145843"
pgloadind     taxon mapping OTT ID 835327 taxonomy "Vombatus->Vombatidae->Diprotodontia->Metatheria->Theria->Mammalia->Amniota->Tetrapoda->Dipnotetrapodomorpha->Sarcopterygii->Euteleostomi->Teleostomi->Gnathostomata->Vertebrata->Craniata->Chordata->Deuterostomia->Bilateria->Eumetazoa->Metazoa->Holozoa->Opisthokonta->Eukaryota->cellular organisms->life" nexsonid "node1145844"
pgloadind     taxon mapping OTT ID 323243 taxonomy "Trichosurus->Phalangeridae->Phalangeroidea->Diprotodontia->Metatheria->Theria->Mammalia->Amniota->Tetrapoda->Dipnotetrapodomorpha->Sarcopterygii->Euteleostomi->Teleostomi->Gnathostomata->Vertebrata->Craniata->Chordata->Deuterostomia->Bilateria->Eumetazoa->Metazoa->Holozoa->Opisthokonta->Eukaryota->cellular organisms->life" nexsonid "node1145846"
pgloadind     taxon mapping OTT ID 836775 taxonomy "Pseudocheirus->Pseudocheiridae->Petauroidea->Diprotodontia->Metatheria->Theria->Mammalia->Amniota->Tetrapoda->Dipnotetrapodomorpha->Sarcopterygii->Euteleostomi->Teleostomi->Gnathostomata->Vertebrata->Craniata->Chordata->Deuterostomia->Bilateria->Eumetazoa->Metazoa->Holozoa->Opisthokonta->Eukaryota->cellular organisms->life" nexsonid "node1145847"
pgloadind     taxon mapping OTT ID 901938 taxonomy "Tarsipes->Tarsipedidae->Petauroidea->Diprotodontia->Metatheria->Theria->Mammalia->Amniota->Tetrapoda->Dipnotetrapodomorpha->Sarcopterygii->Euteleostomi->Teleostomi->Gnathostomata->Vertebrata->Craniata->Chordata->Deuterostomia->Bilateria->Eumetazoa->Metazoa->Holozoa->Opisthokonta->Eukaryota->cellular organisms->life" nexsonid "node1145848"
pgloadind     taxon mapping OTT ID 44553 taxonomy "Rhyncholestes->Caenolestidae->Paucituberculata->Metatheria->Theria->Mammalia->Amniota->Tetrapoda->Dipnotetrapodomorpha->Sarcopterygii->Euteleostomi->Teleostomi->Gnathostomata->Vertebrata->Craniata->Chordata->Deuterostomia->Bilateria->Eumetazoa->Metazoa->Holozoa->Opisthokonta->Eukaryota->cellular organisms->life" nexsonid "node1145850"
pgloadind     taxon mapping OTT ID 141241 taxonomy "Caenolestes->Caenolestidae->Paucituberculata->Metatheria->Theria->Mammalia->Amniota->Tetrapoda->Dipnotetrapodomorpha->Sarcopterygii->Euteleostomi->Teleostomi->Gnathostomata->Vertebrata->Craniata->Chordata->Deuterostomia->Bilateria->Eumetazoa->Metazoa->Holozoa->Opisthokonta->Eukaryota->cellular organisms->life" nexsonid "node1145851"
done fixing name
pgloadind Finished with attempts to fix names
pgloadind   Checking for uniqueness of OTT IDs tree id "6589"
pgloadind   Adding tree to graph tree id "6589"
all trees have all taxa: false
	using bipartition technique
attempting to remap tips to deepest exemplified taxa
	Trichosurus was remapped to 'Phalangeroidea' (id=3051136)
	Tarsipes was remapped to 'Tarsipedidae' (id=3051370)
	Notoryctes was remapped to 'Notoryctemorphia' (id=3049948)
	Vombatus was remapped to 'Vombatidae' (id=3051094)
	Dromiciops was remapped to 'Microbiotheria' (id=3049941)
	Macropus was remapped to 'Macropodidae' (id=3050822)
	Pseudocheirus was remapped to 'Pseudocheiridae' (id=3051297)
	Potorous was remapped to 'Potoroidae' (id=3050749)
adding relationships to licas for children
adding relationships to licas for children
adding relationships to licas for children
adding relationships to licas for children
adding relationships to licas for children
adding relationships to licas for children
adding relationships to licas for children
adding relationships to licas for children
adding relationships to licas for children
adding relationships to licas for children
adding relationships to licas for children
adding relationships to licas for children
adding relationships to licas for children
adding relationships to licas for children
adding relationships to licas for children
adding relationships to licas for children
this is the ROOT
placing root in index
Dealing with metadata property: ot:studyPublicationReference
Adding property 'ot:studyPublicationReference': Nilsson, Maria A., Ulfur Arnason, Peter B.S. Spencer, Axel Janke. 2004. Marsupial relationships and a timeline for marsupial radiation in South Gondwana. Gene 340 (2): 189-196.
Dealing with metadata property: ot:focalCladeOTTTaxonName
Adding property 'ot:focalCladeOTTTaxonName': Metatheria
Dealing with metadata property: ot:candidateTreeForSynthesis
Adding property 'ot:candidateTreeForSynthesis': tree6589
Dealing with metadata property: ot:branchLengthMode
Adding property 'ot:branchLengthMode': 
Dealing with metadata property: ot:branchLengthDescription
Adding property 'ot:branchLengthDescription': 
Dealing with metadata property: ot:outGroupEdge
Adding property 'ot:outGroupEdge': 
Dealing with metadata property: ot:branchLengthTimeUnit
Adding property 'ot:branchLengthTimeUnit': 
Dealing with metadata property: ot:studyId
Adding property 'ot:studyId': pg_2834
Dealing with metadata property: id
Dealing with metadata property: ot:studyYear
Adding property 'ot:studyYear': 2004
Dealing with metadata property: ot:inGroupClade
Adding property 'ot:inGroupClade': node1145815
Dealing with metadata property: ot:curatorName
Adding property 'ot:curatorName': Joseph Brown
Dealing with metadata property: ot:studyPublication
Adding property 'ot:studyPublication': http://dx.doi.org/10.1016/j.gene.2004.07.040
Dealing with metadata property: ot:unrootedTree
Adding property 'ot:unrootedTree': false
Dealing with metadata property: ot:specifiedRoot
Adding property 'ot:specifiedRoot': node1145815
Dealing with metadata property: ot:focalClade
Adding property 'ot:focalClade': 16033
Dealing with metadata property: ot:curatedType
Adding property 'ot:curatedType': Fig. 3 ML topology
adding relationships to licas for children
Committing nodes: 35
16:46:32.914 [main] WARN  o.neo4j.kernel.EmbeddedGraphDatabase - You are using an unsupported Java runtime. Please use Oracle(R) Java(TM) Runtime Environment 7.
	adding Node[3049959] Paucituberculata 277698 as compatible with Node[3049960]
		adding Relationship[8922760]
		adding to root Relationship[8922761]
	adding Node[3049989] Peramelemorphia 852221 as compatible with Node[3049990]
		adding Relationship[8922762]
		adding to root Relationship[8922763]
	adding Node[3050104] Dasyuromorphia 277678 as compatible with Node[3050130]
		adding Relationship[8922764]
		adding to root Relationship[8922765]
	adding Node[3050444] Didelphidae 16069 as compatible with Node[3050447]
		adding Relationship[8922766]
		adding to root Relationship[8922767]
	adding Node[3050443] Didelphimorphia 277697 as compatible with Node[3050447]
		adding Relationship[8922768]
		adding to root Relationship[8922769]
		adding Relationship[8922770] from Node[3838856] to Node[3838857]
		adding Relationship[8922771] from Node[3049989] to Node[3049938]
		adding Relationship[8922772] from Node[3050443] to Node[3049938]
		adding Relationship[8922773] from Node[3050444] to Node[3050443]
		adding Relationship[8922774] from Node[3838864] to Node[3049938]
		adding Relationship[8922775] from Node[3050104] to Node[3049938]
		adding Relationship[8922776] from Node[3049959] to Node[3049938]
