20:47:42.532 [main] WARN  o.neo4j.kernel.EmbeddedGraphDatabase - You are using an unsupported Java runtime. Please use Oracle(R) Java(TM) Runtime Environment 7.
pgloadind OTUs number 25
pgloadind Processing tree @id "443"
pgloadind Tree tagged as deprecated. Ignoring. @id "443"
pgloadind Processing tree @id "444"
pgloadind Tree tagged as deprecated. Ignoring. @id "444"
pgloadind Processing tree @id "445"
pgloadind   tree info number nodes 41
pgloadind   tree info number edges 40
pgloadind   Ingested tree number of external nodes 24
pgloadind   property added ot:studyPublicationReference "Miller A.N., & Huhndorf S. 2004. Using phylogenetic species recognition to delimit species boundaries within Lasiosphaeria. Mycologia, 96(5): 1104-1125."
pgloadind   property added ot:focalCladeOTTTaxonName "Lasiosphaeria"
pgloadind   property added ot:curatorName "Romina Gazis"
pgloadind   property added ot:dataDeposit "http://purl.org/phylo/treebase/phylows/study/TB2:S1223"
pgloadind   property added ot:studyYear "2004"
pgloadind   property added ot:studyId "pg_380"
pgloadind   property added ot:studyPublication "http://dx.doi.org/10.2307/3762093"
pgloadind   property added ot:focalClade "597717"
pgloadind   property added ot:curatedType "MP, b-tubulin"
pgloadind   property added ot:specifiedRoot ""
pgloadind   property added ot:outGroupEdge ""
pgloadind   property added ot:branchLengthTimeUnit ""
pgloadind   property added ot:branchLengthDescription ""
pgloadind   property added ot:branchLengthMode ""
pgloadind Processing tree @id "446"
pgloadind Tree tagged as deprecated. Ignoring. @id "446"
pgloadind Processing tree @id "447"
pgloadind   tree info number nodes 40
pgloadind   tree info number edges 39
pgloadind   Ingested tree number of external nodes 22
pgloadind   property added ot:studyPublicationReference "Miller A.N., & Huhndorf S. 2004. Using phylogenetic species recognition to delimit species boundaries within Lasiosphaeria. Mycologia, 96(5): 1104-1125."
pgloadind   property added ot:focalCladeOTTTaxonName "Lasiosphaeria"
pgloadind   property added ot:curatorName "Romina Gazis"
pgloadind   property added ot:dataDeposit "http://purl.org/phylo/treebase/phylows/study/TB2:S1223"
pgloadind   property added ot:studyYear "2004"
pgloadind   property added ot:studyId "pg_380"
pgloadind   property added ot:studyPublication "http://dx.doi.org/10.2307/3762093"
pgloadind   property added ot:focalClade "597717"
pgloadind   property added ot:curatedType "MP, LSU+b-tubulin+RPB2"
pgloadind   property added ot:specifiedRoot ""
pgloadind   property added ot:outGroupEdge ""
pgloadind   property added ot:branchLengthTimeUnit ""
pgloadind   property added ot:branchLengthDescription ""
pgloadind   property added ot:branchLengthMode ""
pgloadind Processing tree @id "5556"
pgloadind   tree info number nodes 43
pgloadind   tree info number edges 42
pgloadind   tree info ingroup "node954799"
pgloadind   Setting ingroup root node.
pgloadind   Ingested tree number of external nodes 22
pgloadind   property added ot:studyPublicationReference "Miller A.N., & Huhndorf S. 2004. Using phylogenetic species recognition to delimit species boundaries within Lasiosphaeria. Mycologia, 96(5): 1104-1125."
pgloadind   property added ot:focalCladeOTTTaxonName "Lasiosphaeria"
pgloadind   property added ot:curatorName "Romina Gazis"
pgloadind   property added ot:dataDeposit "http://purl.org/phylo/treebase/phylows/study/TB2:S1223"
pgloadind   property added ot:studyYear "2004"
pgloadind   property added ot:studyId "pg_380"
pgloadind   property added ot:studyPublication "http://dx.doi.org/10.2307/3762093"
pgloadind   property added ot:focalClade "597717"
pgloadind   property added ot:curatedType "MP, LSU (rooted)"
pgloadind   property added ot:inGroupClade "node954799"
pgloadind   property added ot:specifiedRoot ""
pgloadind   property added ot:outGroupEdge ""
pgloadind   property added ot:branchLengthTimeUnit ""
pgloadind   property added ot:branchLengthDescription ""
pgloadind   property added ot:branchLengthMode ""
pgloadind Processing tree @id "5557"
pgloadind   tree info number nodes 40
pgloadind   tree info number edges 39
pgloadind   tree info ingroup "node954846"
pgloadind   Setting ingroup root node.
pgloadind   Ingested tree number of external nodes 22
pgloadind   property added ot:studyPublicationReference "Miller A.N., & Huhndorf S. 2004. Using phylogenetic species recognition to delimit species boundaries within Lasiosphaeria. Mycologia, 96(5): 1104-1125."
pgloadind   property added ot:focalCladeOTTTaxonName "Lasiosphaeria"
pgloadind   property added ot:curatorName "Romina Gazis"
pgloadind   property added ot:dataDeposit "http://purl.org/phylo/treebase/phylows/study/TB2:S1223"
pgloadind   property added ot:studyYear "2004"
pgloadind   property added ot:studyId "pg_380"
pgloadind   property added ot:studyPublication "http://dx.doi.org/10.2307/3762093"
pgloadind   property added ot:focalClade "597717"
pgloadind   property added ot:curatedType "MP, LSU (rooted)"
pgloadind   property added ot:inGroupClade "node954846"
pgloadind   property added ot:specifiedRoot ""
pgloadind   property added ot:outGroupEdge ""
pgloadind   property added ot:branchLengthTimeUnit ""
pgloadind   property added ot:branchLengthDescription ""
pgloadind   property added ot:branchLengthMode ""
pgloadind Processing tree @id "5558"
pgloadind   tree info number nodes 41
pgloadind   tree info number edges 40
pgloadind   tree info ingroup "node954886"
pgloadind   Setting ingroup root node.
pgloadind   Ingested tree number of external nodes 21
pgloadind   property added ot:studyPublicationReference "Miller A.N., & Huhndorf S. 2004. Using phylogenetic species recognition to delimit species boundaries within Lasiosphaeria. Mycologia, 96(5): 1104-1125."
pgloadind   property added ot:focalCladeOTTTaxonName "Lasiosphaeria"
pgloadind   property added ot:curatorName "Romina Gazis"
pgloadind   property added ot:dataDeposit "http://purl.org/phylo/treebase/phylows/study/TB2:S1223"
pgloadind   property added ot:studyYear "2004"
pgloadind   property added ot:studyId "pg_380"
pgloadind   property added ot:studyPublication "http://dx.doi.org/10.2307/3762093"
pgloadind   property added ot:focalClade "597717"
pgloadind   property added ot:curatedType "MP, b-tubulin (rooted)"
pgloadind   property added ot:inGroupClade "node954886"
pgloadind   property added ot:specifiedRoot ""
pgloadind   property added ot:outGroupEdge ""
pgloadind   property added ot:branchLengthTimeUnit ""
pgloadind   property added ot:branchLengthDescription ""
pgloadind   property added ot:branchLengthMode ""
pgloadind Processing tree @id "5559"
pgloadind   tree info number nodes 39
pgloadind   tree info number edges 38
pgloadind   tree info ingroup "node954925"
pgloadind   Setting ingroup root node.
pgloadind   Ingested tree number of external nodes 20
pgloadind   property added ot:studyPublicationReference "Miller A.N., & Huhndorf S. 2004. Using phylogenetic species recognition to delimit species boundaries within Lasiosphaeria. Mycologia, 96(5): 1104-1125."
pgloadind   property added ot:focalCladeOTTTaxonName "Lasiosphaeria"
pgloadind   property added ot:curatorName "Romina Gazis"
pgloadind   property added ot:dataDeposit "http://purl.org/phylo/treebase/phylows/study/TB2:S1223"
pgloadind   property added ot:studyYear "2004"
pgloadind   property added ot:studyId "pg_380"
pgloadind   property added ot:studyPublication "http://dx.doi.org/10.2307/3762093"
pgloadind   property added ot:focalClade "597717"
pgloadind   property added ot:curatedType "MP, RPB2 (rooted)"
pgloadind   property added ot:inGroupClade "node954925"
pgloadind   property added ot:specifiedRoot ""
pgloadind   property added ot:outGroupEdge ""
pgloadind   property added ot:branchLengthTimeUnit ""
pgloadind   property added ot:branchLengthDescription ""
pgloadind   property added ot:branchLengthMode ""
pgloadind Processing tree @id "5560"
pgloadind   tree info number nodes 40
pgloadind   tree info number edges 39
pgloadind   tree info ingroup "node954964"
pgloadind   Setting ingroup root node.
pgloadind   Ingested tree number of external nodes 20
pgloadind   property added ot:studyPublicationReference "Miller A.N., & Huhndorf S. 2004. Using phylogenetic species recognition to delimit species boundaries within Lasiosphaeria. Mycologia, 96(5): 1104-1125."
pgloadind   property added ot:focalCladeOTTTaxonName "Lasiosphaeria"
pgloadind   property added ot:curatorName "Romina Gazis"
pgloadind   property added ot:dataDeposit "http://purl.org/phylo/treebase/phylows/study/TB2:S1223"
pgloadind   property added ot:studyYear "2004"
pgloadind   property added ot:studyId "pg_380"
pgloadind   property added ot:studyPublication "http://dx.doi.org/10.2307/3762093"
pgloadind   property added ot:focalClade "597717"
pgloadind   property added ot:curatedType "MP, LSU + RPB2 + b-tubulin (rooted)"
pgloadind   property added ot:inGroupClade "node954964"
pgloadind   property added ot:specifiedRoot ""
pgloadind   property added ot:outGroupEdge ""
pgloadind   property added ot:branchLengthTimeUnit ""
pgloadind   property added ot:branchLengthDescription ""
pgloadind   property added ot:branchLengthMode ""
loading a specific tree: 5560
skipping tree: 445
skipping tree: 447
skipping tree: 5556
skipping tree: 5557
skipping tree: 5558
skipping tree: 5559
pgloadind fixing names in trees
pgloadind   name fixing on tree tree id "5560"
pgloadind   all nodes have ottIds
pgloadind     OTT ID reused in tree
pgloadind       duplicate name "Lasiosphaeria rugulosa" nexsonid "node954967"
pgloadind       duplicate OTT ID 254788
pgloadind     OTT ID reused in tree
pgloadind       duplicate name "Lasiosphaeria glabrata" nexsonid "node954971"
pgloadind       duplicate OTT ID 254790
pgloadind     OTT ID reused in tree
pgloadind       duplicate name "Lasiosphaeria sorbina" nexsonid "node954975"
pgloadind       duplicate OTT ID 254779
pgloadind     OTT ID reused in tree
pgloadind       duplicate name "Lasiosphaeria lanuginosa" nexsonid "node954979"
pgloadind       duplicate OTT ID 254787
pgloadind     OTT ID reused in tree
pgloadind       duplicate name "Lasiosphaeria lanuginosa" nexsonid "node954981"
pgloadind       duplicate OTT ID 254787
pgloadind     OTT ID reused in tree
pgloadind       duplicate name "Lasiosphaeria lanuginosa" nexsonid "node954984"
pgloadind       duplicate OTT ID 254787
pgloadind     OTT ID reused in tree
pgloadind       duplicate name "Lasiosphaeria lanuginosa" nexsonid "node954985"
pgloadind       duplicate OTT ID 254787
pgloadind     OTT ID reused in tree
pgloadind       duplicate name "Lasiosphaeria ovina" nexsonid "node954990"
pgloadind       duplicate OTT ID 597716
pgloadind     OTT ID reused in tree
pgloadind       duplicate name "Lasiosphaeria ovina" nexsonid "node954991"
pgloadind       duplicate OTT ID 597716
pgloadind     OTT ID reused in tree
pgloadind       duplicate name "Lasiosphaeria ovina" nexsonid "node954992"
pgloadind       duplicate OTT ID 597716
pgloadind     OTT ID reused in tree
pgloadind       duplicate name "Lasiosphaeria ovina" nexsonid "node954993"
pgloadind       duplicate OTT ID 597716
pgloadind     OTT ID reused in tree
pgloadind       duplicate name "Lasiosphaeria ovina" nexsonid "node954994"
pgloadind       duplicate OTT ID 597716
pgloadind     OTT ID reused in tree
pgloadind       duplicate name "Lasiosphaeria ovina" nexsonid "node954996"
pgloadind       duplicate OTT ID 597716
pgloadind     OTT ID reused in tree
pgloadind       duplicate name "Lasiosphaeria ovina" nexsonid "node954998"
pgloadind       duplicate OTT ID 597716
pgloadind     OTT ID reused in tree
pgloadind       duplicate name "Lasiosphaeria ovina" nexsonid "node954999"
pgloadind       duplicate OTT ID 597716
pgloadind     pruning dups and overlapping name "Lasiosphaeria ovina" nexsonid "node954993"
pgloadind     pruning dups and overlapping name "Lasiosphaeria ovina" nexsonid "node954994"
pgloadind     pruning dups and overlapping name "Lasiosphaeria ovina" nexsonid "node954999"
pgloadind     pruning dups and overlapping name "Lasiosphaeria ovina" nexsonid "node954996"
pgloadind     pruning dups and overlapping name "Lasiosphaeria lanuginosa" nexsonid "node954985"
pgloadind     pruning dups and overlapping name "Lasiosphaeria rugulosa" nexsonid "node954967"
pgloadind     pruning dups and overlapping name "Lasiosphaeria ovina" nexsonid "node954991"
pgloadind     pruning dups and overlapping name "Lasiosphaeria ovina" nexsonid "node954992"
pgloadind     pruning dups and overlapping name "Lasiosphaeria ovina" nexsonid "node954998"
pgloadind     pruning dups and overlapping name "Lasiosphaeria lanuginosa" nexsonid "node954984"
pgloadind     pruning dups and overlapping name "Lasiosphaeria lanuginosa" nexsonid "node954979"
pgloadind     pruning dups and overlapping name "Lasiosphaeria lanuginosa" nexsonid "node954981"
pgloadind     pruning dups and overlapping name "Lasiosphaeria ovina" nexsonid "node954990"
pgloadind     pruning dups and overlapping name "Lasiosphaeria glabrata" nexsonid "node954971"
pgloadind     pruning dups and overlapping name "Lasiosphaeria sorbina" nexsonid "node954975"
pgloadind   postpruning newick tree "((((Lasiosphaeria_lanuginosa,Lasiosphaeria_ovina),Lasiosphaeria_sorbina),Lasiosphaeria_glabrata),Lasiosphaeria_rugulosa)"
pgloadind   taxon mapping summary
pgloadind     taxon mapping OTT ID 254787 taxonomy "Lasiosphaeria lanuginosa->Lasiosphaeria->Lasiosphaeriaceae->Sordariales->Sordariomycetidae->Sordariomycetes->Sordariomyceta->Leotiomyceta->Pezizomycotina->saccharomyceta->Ascomycota->Dikarya->Fungi->Nucletmycea->Opisthokonta->Eukaryota->cellular organisms->life" nexsonid "node954977"
pgloadind     taxon mapping OTT ID 597716 taxonomy "Lasiosphaeria ovina->Lasiosphaeria->Lasiosphaeriaceae->Sordariales->Sordariomycetidae->Sordariomycetes->Sordariomyceta->Leotiomyceta->Pezizomycotina->saccharomyceta->Ascomycota->Dikarya->Fungi->Nucletmycea->Opisthokonta->Eukaryota->cellular organisms->life" nexsonid "node954988"
pgloadind     taxon mapping OTT ID 254779 taxonomy "Lasiosphaeria sorbina->Lasiosphaeria->Lasiosphaeriaceae->Sordariales->Sordariomycetidae->Sordariomycetes->Sordariomyceta->Leotiomyceta->Pezizomycotina->saccharomyceta->Ascomycota->Dikarya->Fungi->Nucletmycea->Opisthokonta->Eukaryota->cellular organisms->life" nexsonid "node954974"
pgloadind     taxon mapping OTT ID 254790 taxonomy "Lasiosphaeria glabrata->Lasiosphaeria->Lasiosphaeriaceae->Sordariales->Sordariomycetidae->Sordariomycetes->Sordariomyceta->Leotiomyceta->Pezizomycotina->saccharomyceta->Ascomycota->Dikarya->Fungi->Nucletmycea->Opisthokonta->Eukaryota->cellular organisms->life" nexsonid "node954970"
pgloadind     taxon mapping OTT ID 254788 taxonomy "Lasiosphaeria rugulosa->Lasiosphaeria->Lasiosphaeriaceae->Sordariales->Sordariomycetidae->Sordariomycetes->Sordariomyceta->Leotiomyceta->Pezizomycotina->saccharomyceta->Ascomycota->Dikarya->Fungi->Nucletmycea->Opisthokonta->Eukaryota->cellular organisms->life" nexsonid "node954966"
done fixing name
pgloadind Finished with attempts to fix names
pgloadind   Checking for uniqueness of OTT IDs tree id "5560"
pgloadind   Adding tree to graph tree id "5560"
all trees have all taxa: false
	using bipartition technique
attempting to remap tips to deepest exemplified taxa
adding relationships to licas for children
adding relationships to licas for children
adding relationships to licas for children
this is the ROOT
placing root in index
Dealing with metadata property: ot:studyPublicationReference
Adding property 'ot:studyPublicationReference': Miller A.N., & Huhndorf S. 2004. Using phylogenetic species recognition to delimit species boundaries within Lasiosphaeria. Mycologia, 96(5): 1104-1125.
Dealing with metadata property: ot:focalCladeOTTTaxonName
Adding property 'ot:focalCladeOTTTaxonName': Lasiosphaeria
Dealing with metadata property: ot:branchLengthMode
Adding property 'ot:branchLengthMode': 
Dealing with metadata property: ot:branchLengthDescription
Adding property 'ot:branchLengthDescription': 
Dealing with metadata property: ot:outGroupEdge
Adding property 'ot:outGroupEdge': 
Dealing with metadata property: ot:branchLengthTimeUnit
Adding property 'ot:branchLengthTimeUnit': 
Dealing with metadata property: ot:dataDeposit
Adding property 'ot:dataDeposit': http://purl.org/phylo/treebase/phylows/study/TB2:S1223
Dealing with metadata property: ot:studyId
Adding property 'ot:studyId': pg_380
Dealing with metadata property: id
Dealing with metadata property: ot:studyYear
Adding property 'ot:studyYear': 2004
Dealing with metadata property: ot:inGroupClade
Adding property 'ot:inGroupClade': node954964
Dealing with metadata property: ot:curatorName
Adding property 'ot:curatorName': Romina Gazis
Dealing with metadata property: ot:studyPublication
Adding property 'ot:studyPublication': http://dx.doi.org/10.2307/3762093
Dealing with metadata property: ot:specifiedRoot
Adding property 'ot:specifiedRoot': 
Dealing with metadata property: ot:focalClade
Adding property 'ot:focalClade': 597717
Dealing with metadata property: ot:curatedType
Adding property 'ot:curatedType': MP, LSU + RPB2 + b-tubulin (rooted)
adding relationships to licas for children
Committing nodes: 9
20:48:32.419 [main] WARN  o.neo4j.kernel.EmbeddedGraphDatabase - You are using an unsupported Java runtime. Please use Oracle(R) Java(TM) Runtime Environment 7.
