20:20:28.956 [main] WARN  o.neo4j.kernel.EmbeddedGraphDatabase - You are using an unsupported Java runtime. Please use Oracle(R) Java(TM) Runtime Environment 7.
pgloadind OTUs number 31
pgloadind Processing tree @id "350"
pgloadind   tree info number nodes 37
pgloadind   tree info number edges 36
pgloadind   Ingested tree number of external nodes 27
pgloadind   property added ot:studyPublicationReference "Couch B., & Kohn L. 2002. A multilocus gene genealogy concordant with host preference indicates segregation of a new species, Magnaporthe oryzae, from M. grisea. Mycologia, 94(4): 683-693."
pgloadind   property added ot:focalCladeOTTTaxonName "Magnaporthe"
pgloadind   property added ot:curatorName "Romina Gazis"
pgloadind   property added ot:dataDeposit "http://purl.org/phylo/treebase/phylows/study/TB2:S833"
pgloadind   property added ot:studyYear "2002"
pgloadind   property added ot:studyId "pg_335"
pgloadind   property added ot:studyPublication "http://dx.doi.org/10.2307/3761719"
pgloadind   property added ot:focalClade "348529"
pgloadind   property added ot:curatedType "PAUP 8"
pgloadind Processing tree @id "351"
pgloadind   tree info number nodes 36
pgloadind   tree info number edges 35
pgloadind   Ingested tree number of external nodes 27
pgloadind   property added ot:studyPublicationReference "Couch B., & Kohn L. 2002. A multilocus gene genealogy concordant with host preference indicates segregation of a new species, Magnaporthe oryzae, from M. grisea. Mycologia, 94(4): 683-693."
pgloadind   property added ot:focalCladeOTTTaxonName "Magnaporthe"
pgloadind   property added ot:curatorName "Romina Gazis"
pgloadind   property added ot:dataDeposit "http://purl.org/phylo/treebase/phylows/study/TB2:S833"
pgloadind   property added ot:studyYear "2002"
pgloadind   property added ot:studyId "pg_335"
pgloadind   property added ot:studyPublication "http://dx.doi.org/10.2307/3761719"
pgloadind   property added ot:focalClade "348529"
pgloadind   property added ot:curatedType "PAUP 7"
pgloadind Processing tree @id "352"
pgloadind   tree info number nodes 36
pgloadind   tree info number edges 35
pgloadind   Ingested tree number of external nodes 27
pgloadind   property added ot:studyPublicationReference "Couch B., & Kohn L. 2002. A multilocus gene genealogy concordant with host preference indicates segregation of a new species, Magnaporthe oryzae, from M. grisea. Mycologia, 94(4): 683-693."
pgloadind   property added ot:focalCladeOTTTaxonName "Magnaporthe"
pgloadind   property added ot:curatorName "Romina Gazis"
pgloadind   property added ot:dataDeposit "http://purl.org/phylo/treebase/phylows/study/TB2:S833"
pgloadind   property added ot:studyYear "2002"
pgloadind   property added ot:studyId "pg_335"
pgloadind   property added ot:studyPublication "http://dx.doi.org/10.2307/3761719"
pgloadind   property added ot:focalClade "348529"
pgloadind   property added ot:curatedType "PAUP 6"
pgloadind Processing tree @id "353"
pgloadind   tree info number nodes 37
pgloadind   tree info number edges 36
pgloadind   Ingested tree number of external nodes 27
pgloadind   property added ot:studyPublicationReference "Couch B., & Kohn L. 2002. A multilocus gene genealogy concordant with host preference indicates segregation of a new species, Magnaporthe oryzae, from M. grisea. Mycologia, 94(4): 683-693."
pgloadind   property added ot:focalCladeOTTTaxonName "Magnaporthe"
pgloadind   property added ot:curatorName "Romina Gazis"
pgloadind   property added ot:dataDeposit "http://purl.org/phylo/treebase/phylows/study/TB2:S833"
pgloadind   property added ot:studyYear "2002"
pgloadind   property added ot:studyId "pg_335"
pgloadind   property added ot:studyPublication "http://dx.doi.org/10.2307/3761719"
pgloadind   property added ot:focalClade "348529"
pgloadind   property added ot:curatedType "PAUP 5"
pgloadind Processing tree @id "354"
pgloadind Tree tagged as deprecated. Ignoring. @id "354"
pgloadind Processing tree @id "355"
pgloadind   tree info number nodes 32
pgloadind   tree info number edges 31
pgloadind   Ingested tree number of external nodes 27
pgloadind   property added ot:studyPublicationReference "Couch B., & Kohn L. 2002. A multilocus gene genealogy concordant with host preference indicates segregation of a new species, Magnaporthe oryzae, from M. grisea. Mycologia, 94(4): 683-693."
pgloadind   property added ot:focalCladeOTTTaxonName "Magnaporthe"
pgloadind   property added ot:curatorName "Romina Gazis"
pgloadind   property added ot:dataDeposit "http://purl.org/phylo/treebase/phylows/study/TB2:S833"
pgloadind   property added ot:studyYear "2002"
pgloadind   property added ot:studyId "pg_335"
pgloadind   property added ot:studyPublication "http://dx.doi.org/10.2307/3761719"
pgloadind   property added ot:focalClade "348529"
pgloadind   property added ot:curatedType "MP, calmodulin"
pgloadind Processing tree @id "356"
pgloadind   tree info number nodes 31
pgloadind   tree info number edges 30
pgloadind   Ingested tree number of external nodes 27
pgloadind   property added ot:studyPublicationReference "Couch B., & Kohn L. 2002. A multilocus gene genealogy concordant with host preference indicates segregation of a new species, Magnaporthe oryzae, from M. grisea. Mycologia, 94(4): 683-693."
pgloadind   property added ot:focalCladeOTTTaxonName "Magnaporthe"
pgloadind   property added ot:curatorName "Romina Gazis"
pgloadind   property added ot:dataDeposit "http://purl.org/phylo/treebase/phylows/study/TB2:S833"
pgloadind   property added ot:studyYear "2002"
pgloadind   property added ot:studyId "pg_335"
pgloadind   property added ot:studyPublication "http://dx.doi.org/10.2307/3761719"
pgloadind   property added ot:focalClade "348529"
pgloadind   property added ot:curatedType "MP, actin"
pgloadind Processing tree @id "357"
pgloadind   tree info number nodes 33
pgloadind   tree info number edges 32
pgloadind   Ingested tree number of external nodes 27
pgloadind   property added ot:studyPublicationReference "Couch B., & Kohn L. 2002. A multilocus gene genealogy concordant with host preference indicates segregation of a new species, Magnaporthe oryzae, from M. grisea. Mycologia, 94(4): 683-693."
pgloadind   property added ot:focalCladeOTTTaxonName "Magnaporthe"
pgloadind   property added ot:curatorName "Romina Gazis"
pgloadind   property added ot:dataDeposit "http://purl.org/phylo/treebase/phylows/study/TB2:S833"
pgloadind   property added ot:studyYear "2002"
pgloadind   property added ot:studyId "pg_335"
pgloadind   property added ot:studyPublication "http://dx.doi.org/10.2307/3761719"
pgloadind   property added ot:focalClade "348529"
pgloadind   property added ot:curatedType "MP, b-tubulin"
pgloadind Processing tree @id "358"
pgloadind   tree info number nodes 41
pgloadind   tree info number edges 40
pgloadind   tree info ingroup "node197057"
pgloadind   Setting ingroup root node.
pgloadind   Ingested tree number of external nodes 27
pgloadind   property added ot:studyPublicationReference "Couch B., & Kohn L. 2002. A multilocus gene genealogy concordant with host preference indicates segregation of a new species, Magnaporthe oryzae, from M. grisea. Mycologia, 94(4): 683-693."
pgloadind   property added ot:focalCladeOTTTaxonName "Magnaporthe"
pgloadind   property added ot:curatorName "Romina Gazis"
pgloadind   property added ot:dataDeposit "http://purl.org/phylo/treebase/phylows/study/TB2:S833"
pgloadind   property added ot:studyYear "2002"
pgloadind   property added ot:studyId "pg_335"
pgloadind   property added ot:studyPublication "http://dx.doi.org/10.2307/3761719"
pgloadind   property added ot:focalClade "348529"
pgloadind   property added ot:curatedType "MP, b-tubulin"
pgloadind   property added ot:inGroupClade "node197057"
pgloadind Processing tree @id "359"
pgloadind   tree info number nodes 38
pgloadind   tree info number edges 37
pgloadind   tree info ingroup "node197098"
pgloadind   Setting ingroup root node.
pgloadind   Ingested tree number of external nodes 27
pgloadind   property added ot:studyPublicationReference "Couch B., & Kohn L. 2002. A multilocus gene genealogy concordant with host preference indicates segregation of a new species, Magnaporthe oryzae, from M. grisea. Mycologia, 94(4): 683-693."
pgloadind   property added ot:focalCladeOTTTaxonName "Magnaporthe"
pgloadind   property added ot:curatorName "Romina Gazis"
pgloadind   property added ot:dataDeposit "http://purl.org/phylo/treebase/phylows/study/TB2:S833"
pgloadind   property added ot:studyYear "2002"
pgloadind   property added ot:studyId "pg_335"
pgloadind   property added ot:studyPublication "http://dx.doi.org/10.2307/3761719"
pgloadind   property added ot:focalClade "348529"
pgloadind   property added ot:curatedType "MP, calmodulin"
pgloadind   property added ot:inGroupClade "node197098"
pgloadind Processing tree @id "360"
pgloadind   tree info number nodes 41
pgloadind   tree info number edges 40
pgloadind   tree info ingroup "node197130"
pgloadind   Setting ingroup root node.
pgloadind   Ingested tree number of external nodes 30
pgloadind   property added ot:studyPublicationReference "Couch B., & Kohn L. 2002. A multilocus gene genealogy concordant with host preference indicates segregation of a new species, Magnaporthe oryzae, from M. grisea. Mycologia, 94(4): 683-693."
pgloadind   property added ot:focalCladeOTTTaxonName "Magnaporthe"
pgloadind   property added ot:curatorName "Romina Gazis"
pgloadind   property added ot:dataDeposit "http://purl.org/phylo/treebase/phylows/study/TB2:S833"
pgloadind   property added ot:studyYear "2002"
pgloadind   property added ot:studyId "pg_335"
pgloadind   property added ot:studyPublication "http://dx.doi.org/10.2307/3761719"
pgloadind   property added ot:focalClade "348529"
pgloadind   property added ot:curatedType "MP, ACT + CAL + b-tubulin"
pgloadind   property added ot:inGroupClade "node197130"
pgloadind   property added ot:tag "B-tub"
pgloadind   property added ot:tag "ACT"
pgloadind   property added ot:tag "Choose me"
loading a specific tree: 360
skipping tree: 350
skipping tree: 351
skipping tree: 352
skipping tree: 353
skipping tree: 355
skipping tree: 356
skipping tree: 357
skipping tree: 358
skipping tree: 359
pgloadind fixing names in trees
pgloadind   name fixing on tree tree id "360"
pgloadind   all nodes have ottIds
pgloadind     OTT ID reused in tree
pgloadind       duplicate name "Magnaporthiopsis rhizophila" nexsonid "node197135"
pgloadind       duplicate OTT ID 229542
pgloadind     OTT ID reused in tree
pgloadind       duplicate name "Magnaporthe oryzae" nexsonid "node197141"
pgloadind       duplicate OTT ID 625710
pgloadind     OTT ID reused in tree
pgloadind       duplicate name "Magnaporthe oryzae" nexsonid "node197142"
pgloadind       duplicate OTT ID 625710
pgloadind     OTT ID reused in tree
pgloadind       duplicate name "Magnaporthe oryzae" nexsonid "node197143"
pgloadind       duplicate OTT ID 625710
pgloadind     OTT ID reused in tree
pgloadind       duplicate name "Magnaporthe oryzae" nexsonid "node197144"
pgloadind       duplicate OTT ID 625710
pgloadind     OTT ID reused in tree
pgloadind       duplicate name "Magnaporthe oryzae" nexsonid "node197145"
pgloadind       duplicate OTT ID 625710
pgloadind     OTT ID reused in tree
pgloadind       duplicate name "Magnaporthe oryzae" nexsonid "node197146"
pgloadind       duplicate OTT ID 625710
pgloadind     OTT ID reused in tree
pgloadind       duplicate name "Magnaporthe oryzae" nexsonid "node197147"
pgloadind       duplicate OTT ID 625710
pgloadind     OTT ID reused in tree
pgloadind       duplicate name "Magnaporthe oryzae" nexsonid "node197148"
pgloadind       duplicate OTT ID 625710
pgloadind     OTT ID reused in tree
pgloadind       duplicate name "Magnaporthe oryzae" nexsonid "node197149"
pgloadind       duplicate OTT ID 625710
pgloadind     OTT ID reused in tree
pgloadind       duplicate name "Magnaporthe oryzae" nexsonid "node197150"
pgloadind       duplicate OTT ID 625710
pgloadind     OTT ID reused in tree
pgloadind       duplicate name "Magnaporthe oryzae" nexsonid "node197151"
pgloadind       duplicate OTT ID 625710
pgloadind     OTT ID reused in tree
pgloadind       duplicate name "Magnaporthe oryzae" nexsonid "node197152"
pgloadind       duplicate OTT ID 625710
pgloadind     OTT ID reused in tree
pgloadind       duplicate name "Magnaporthe oryzae" nexsonid "node197153"
pgloadind       duplicate OTT ID 625710
pgloadind     OTT ID reused in tree
pgloadind       duplicate name "Magnaporthe oryzae" nexsonid "node197154"
pgloadind       duplicate OTT ID 625710
pgloadind     OTT ID reused in tree
pgloadind       duplicate name "Magnaporthe oryzae" nexsonid "node197155"
pgloadind       duplicate OTT ID 625710
pgloadind     OTT ID reused in tree
pgloadind       duplicate name "Magnaporthe oryzae" nexsonid "node197156"
pgloadind       duplicate OTT ID 625710
pgloadind     OTT ID reused in tree
pgloadind       duplicate name "Magnaporthe oryzae" nexsonid "node197158"
pgloadind       duplicate OTT ID 625710
pgloadind     OTT ID reused in tree
pgloadind       duplicate name "Magnaporthe oryzae" nexsonid "node197159"
pgloadind       duplicate OTT ID 625710
pgloadind     OTT ID reused in tree
pgloadind       duplicate name "Magnaporthe oryzae" nexsonid "node197160"
pgloadind       duplicate OTT ID 625710
pgloadind     OTT ID reused in tree
pgloadind       duplicate name "Magnaporthe oryzae" nexsonid "node197161"
pgloadind       duplicate OTT ID 625710
pgloadind     OTT ID reused in tree
pgloadind       duplicate name "Magnaporthe oryzae" nexsonid "node197162"
pgloadind       duplicate OTT ID 625710
pgloadind     OTT ID reused in tree
pgloadind       duplicate name "Magnaporthe oryzae" nexsonid "node197163"
pgloadind       duplicate OTT ID 625710
pgloadind     OTT ID reused in tree
pgloadind       duplicate name "Magnaporthe grisea" nexsonid "node197166"
pgloadind       duplicate OTT ID 258235
pgloadind     OTT ID reused in tree
pgloadind       duplicate name "Magnaporthe grisea" nexsonid "node197167"
pgloadind       duplicate OTT ID 258235
pgloadind     OTT ID reused in tree
pgloadind       duplicate name "Magnaporthe grisea" nexsonid "node197168"
pgloadind       duplicate OTT ID 258235
pgloadind     pruning dups and overlapping name "Magnaporthe grisea" nexsonid "node197167"
pgloadind     pruning dups and overlapping name "Magnaporthe oryzae" nexsonid "node197153"
pgloadind     pruning dups and overlapping name "Magnaporthe oryzae" nexsonid "node197159"
pgloadind     pruning dups and overlapping name "Magnaporthe oryzae" nexsonid "node197154"
pgloadind     pruning dups and overlapping name "Magnaporthe oryzae" nexsonid "node197147"
pgloadind     pruning dups and overlapping name "Magnaporthe oryzae" nexsonid "node197162"
pgloadind     pruning dups and overlapping name "Magnaporthe oryzae" nexsonid "node197151"
pgloadind     pruning dups and overlapping name "Magnaporthe oryzae" nexsonid "node197146"
pgloadind     pruning dups and overlapping name "Magnaporthe oryzae" nexsonid "node197155"
pgloadind     pruning dups and overlapping name "Magnaporthe oryzae" nexsonid "node197143"
pgloadind     pruning dups and overlapping name "Magnaporthe oryzae" nexsonid "node197145"
pgloadind     pruning dups and overlapping name "Magnaporthe oryzae" nexsonid "node197141"
pgloadind     pruning dups and overlapping name "Magnaporthe oryzae" nexsonid "node197149"
pgloadind     pruning dups and overlapping name "Magnaporthiopsis rhizophila" nexsonid "node197135"
pgloadind     pruning dups and overlapping name "Magnaporthe oryzae" nexsonid "node197152"
pgloadind     pruning dups and overlapping name "Magnaporthe oryzae" nexsonid "node197148"
pgloadind     pruning dups and overlapping name "Magnaporthe oryzae" nexsonid "node197156"
pgloadind     pruning dups and overlapping name "Magnaporthe oryzae" nexsonid "node197158"
pgloadind     pruning dups and overlapping name "Magnaporthe grisea" nexsonid "node197166"
pgloadind     pruning dups and overlapping name "Magnaporthe oryzae" nexsonid "node197160"
pgloadind     pruning dups and overlapping name "Magnaporthe oryzae" nexsonid "node197161"
pgloadind     pruning dups and overlapping name "Magnaporthe grisea" nexsonid "node197168"
pgloadind     pruning dups and overlapping name "Magnaporthe oryzae" nexsonid "node197150"
pgloadind     pruning dups and overlapping name "Magnaporthe oryzae" nexsonid "node197163"
pgloadind     pruning dups and overlapping name "Magnaporthe oryzae" nexsonid "node197144"
pgloadind     pruning dups and overlapping name "Magnaporthe oryzae" nexsonid "node197142"
pgloadind   postpruning newick tree "((Magnaporthiopsis_rhizophila,Magnaporthiopsis_poae),(Magnaporthe_grisea,Magnaporthe_oryzae))"
pgloadind   taxon mapping summary
pgloadind     taxon mapping OTT ID 229542 taxonomy "Magnaporthiopsis rhizophila->Magnaporthiopsis->Magnaporthaceae->Magnaporthales->Sordariomycetidae->Sordariomycetes->Sordariomyceta->Leotiomyceta->Pezizomycotina->saccharomyceta->Ascomycota->Dikarya->Fungi->Nucletmycea->Opisthokonta->Eukaryota->cellular organisms->life" nexsonid "node197132"
pgloadind     taxon mapping OTT ID 348531 taxonomy "Magnaporthiopsis poae->Magnaporthiopsis->Magnaporthaceae->Magnaporthales->Sordariomycetidae->Sordariomycetes->Sordariomyceta->Leotiomyceta->Pezizomycotina->saccharomyceta->Ascomycota->Dikarya->Fungi->Nucletmycea->Opisthokonta->Eukaryota->cellular organisms->life" nexsonid "node197134"
pgloadind     taxon mapping OTT ID 258235 taxonomy "Magnaporthe grisea->Magnaporthe->Magnaporthaceae->Magnaporthales->Sordariomycetidae->Sordariomycetes->Sordariomyceta->Leotiomyceta->Pezizomycotina->saccharomyceta->Ascomycota->Dikarya->Fungi->Nucletmycea->Opisthokonta->Eukaryota->cellular organisms->life" nexsonid "node197165"
pgloadind     taxon mapping OTT ID 625710 taxonomy "Magnaporthe oryzae->Magnaporthe->Magnaporthaceae->Magnaporthales->Sordariomycetidae->Sordariomycetes->Sordariomyceta->Leotiomyceta->Pezizomycotina->saccharomyceta->Ascomycota->Dikarya->Fungi->Nucletmycea->Opisthokonta->Eukaryota->cellular organisms->life" nexsonid "node197140"
done fixing name
pgloadind Finished with attempts to fix names
pgloadind   Checking for uniqueness of OTT IDs tree id "360"
pgloadind   Adding tree to graph tree id "360"
all trees have all taxa: false
	using bipartition technique
attempting to remap tips to deepest exemplified taxa
adding relationships to licas for children
adding relationships to licas for children
this is the ROOT
placing root in index
Dealing with metadata property: id
Dealing with metadata property: ot:studyPublicationReference
Adding property 'ot:studyPublicationReference': Couch B., & Kohn L. 2002. A multilocus gene genealogy concordant with host preference indicates segregation of a new species, Magnaporthe oryzae, from M. grisea. Mycologia, 94(4): 683-693.
Dealing with metadata property: ot:focalCladeOTTTaxonName
Adding property 'ot:focalCladeOTTTaxonName': Magnaporthe
Dealing with metadata property: ot:studyYear
Adding property 'ot:studyYear': 2002
Dealing with metadata property: ot:inGroupClade
Adding property 'ot:inGroupClade': node197130
Dealing with metadata property: ot:tag
Adding property 'ot:tag': Choose me
Dealing with metadata property: ot:studyPublication
Adding property 'ot:studyPublication': http://dx.doi.org/10.2307/3761719
Dealing with metadata property: ot:curatorName
Adding property 'ot:curatorName': Romina Gazis
Dealing with metadata property: ot:focalClade
Adding property 'ot:focalClade': 348529
Dealing with metadata property: ot:curatedType
Adding property 'ot:curatedType': MP, ACT + CAL + b-tubulin
Dealing with metadata property: ot:studyId
Adding property 'ot:studyId': pg_335
Dealing with metadata property: ot:dataDeposit
Adding property 'ot:dataDeposit': http://purl.org/phylo/treebase/phylows/study/TB2:S833
adding relationships to licas for children
Committing nodes: 7
20:21:37.160 [main] WARN  o.neo4j.kernel.EmbeddedGraphDatabase - You are using an unsupported Java runtime. Please use Oracle(R) Java(TM) Runtime Environment 7.
