21:15:10.764 [main] WARN  o.neo4j.kernel.EmbeddedGraphDatabase - You are using an unsupported Java runtime. Please use Oracle(R) Java(TM) Runtime Environment 7.
pgloadind OTUs number 91
pgloadind Processing tree @id "604"
pgloadind   tree info number nodes 79
pgloadind   tree info number edges 78
pgloadind   tree info ingroup "node316648"
pgloadind   Setting ingroup root node.
pgloadind   Ingested tree number of external nodes 49
pgloadind   property added ot:studyPublicationReference "Moon, Christina D., Jean-Jacques Guillaumin, Catherine Ravel, Chunjie Li, Kelly D. Craven, and Christopher L. Schardl. "New Neotyphodium endophyte species from the grass tribes Stipeae and Meliceae." Mycologia 99, no. 6 (2007): 895-905"
pgloadind   property added ot:focalCladeOTTTaxonName "Neotyphodium"
pgloadind   property added ot:curatorName "Romina Gazis"
pgloadind   property added ot:dataDeposit "http://purl.org/phylo/treebase/phylows/study/TB2:S1831"
pgloadind   property added ot:studyYear "2007"
pgloadind   property added ot:studyId "pg_463"
pgloadind   property added ot:studyPublication "http://dx.doi.org/10.3852/mycologia.97.4.804"
pgloadind   property added ot:focalClade "741639"
pgloadind   property added ot:curatedType "ML, b-tubulin"
pgloadind   property added ot:inGroupClade "node316648"
pgloadind   property added ot:specifiedRoot ""
pgloadind   property added ot:outGroupEdge ""
pgloadind   property added ot:branchLengthTimeUnit ""
pgloadind   property added ot:branchLengthDescription ""
pgloadind   property added ot:branchLengthMode ""
pgloadind Processing tree @id "605"
pgloadind   tree info number nodes 117
pgloadind   tree info number edges 116
pgloadind   Ingested tree number of external nodes 73
pgloadind   property added ot:studyPublicationReference "Moon, Christina D., Jean-Jacques Guillaumin, Catherine Ravel, Chunjie Li, Kelly D. Craven, and Christopher L. Schardl. "New Neotyphodium endophyte species from the grass tribes Stipeae and Meliceae." Mycologia 99, no. 6 (2007): 895-905"
pgloadind   property added ot:focalCladeOTTTaxonName "Neotyphodium"
pgloadind   property added ot:curatorName "Romina Gazis"
pgloadind   property added ot:dataDeposit "http://purl.org/phylo/treebase/phylows/study/TB2:S1831"
pgloadind   property added ot:studyYear "2007"
pgloadind   property added ot:studyId "pg_463"
pgloadind   property added ot:studyPublication "http://dx.doi.org/10.3852/mycologia.97.4.804"
pgloadind   property added ot:focalClade "741639"
pgloadind   property added ot:curatedType "ML, actG"
pgloadind   property added ot:specifiedRoot ""
pgloadind   property added ot:outGroupEdge ""
pgloadind   property added ot:branchLengthTimeUnit ""
pgloadind   property added ot:branchLengthDescription ""
pgloadind   property added ot:branchLengthMode ""
loading a specific tree: 604
skipping tree: 605
pgloadind fixing names in trees
pgloadind   name fixing on tree tree id "604"
pgloadind     OTT ID missing name "Epichloe clarkii 200742" nexsonid "node316708"
pgloadind     pruning unmapped name "Epichloe clarkii 200742" nexsonid "node316708"
pgloadind     OTT ID reused in tree
pgloadind       duplicate name "Epichloe brachyelytri" nexsonid "node316653"
pgloadind       duplicate OTT ID 905108
pgloadind     OTT ID reused in tree
pgloadind       duplicate name "Neotyphodium guerinii" nexsonid "node316658"
pgloadind       duplicate OTT ID 221702
pgloadind     OTT ID reused in tree
pgloadind       duplicate name "Neotyphodium gansuense" nexsonid "node316661"
pgloadind       duplicate OTT ID 221696
pgloadind     OTT ID reused in tree
pgloadind       duplicate name "Neotyphodium gansuense" nexsonid "node316662"
pgloadind       duplicate OTT ID 221696
pgloadind     OTT ID reused in tree
pgloadind       duplicate name "Neotyphodium gansuense" nexsonid "node316663"
pgloadind       duplicate OTT ID 221696
pgloadind     OTT ID reused in tree
pgloadind       duplicate name "Neotyphodium gansuense" nexsonid "node316664"
pgloadind       duplicate OTT ID 221696
pgloadind     OTT ID reused in tree
pgloadind       duplicate name "Neotyphodium gansuense" nexsonid "node316665"
pgloadind       duplicate OTT ID 221696
pgloadind     OTT ID reused in tree
pgloadind       duplicate name "Neotyphodium gansuense" nexsonid "node316667"
pgloadind       duplicate OTT ID 221696
pgloadind     OTT ID reused in tree
pgloadind       duplicate name "Neotyphodium gansuense" nexsonid "node316668"
pgloadind       duplicate OTT ID 221696
pgloadind     OTT ID reused in tree
pgloadind       duplicate name "Epichloe amarillans" nexsonid "node316671"
pgloadind       duplicate OTT ID 369201
pgloadind     OTT ID reused in tree
pgloadind       duplicate name "Epichloe glyceriae" nexsonid "node316674"
pgloadind       duplicate OTT ID 89725
pgloadind     OTT ID reused in tree
pgloadind       duplicate name "Epichloe baconii" nexsonid "node316676"
pgloadind       duplicate OTT ID 128044
pgloadind     OTT ID reused in tree
pgloadind       duplicate name "Epichloe bromicola" nexsonid "node316681"
pgloadind       duplicate OTT ID 905106
pgloadind     OTT ID reused in tree
pgloadind       duplicate name "Neotyphodium funkii" nexsonid "node316685"
pgloadind       duplicate OTT ID 221699
pgloadind     OTT ID reused in tree
pgloadind       duplicate name "Neotyphodium funkii" nexsonid "node316686"
pgloadind       duplicate OTT ID 221699
pgloadind     OTT ID reused in tree
pgloadind       duplicate name "Neotyphodium funkii" nexsonid "node316687"
pgloadind       duplicate OTT ID 221699
pgloadind     OTT ID reused in tree
pgloadind       duplicate name "Epichloe elymi" nexsonid "node316690"
pgloadind       duplicate OTT ID 745528
pgloadind     OTT ID reused in tree
pgloadind       duplicate name "Neotyphodium funkii" nexsonid "node316694"
pgloadind       duplicate OTT ID 221699
pgloadind     OTT ID reused in tree
pgloadind       duplicate name "Neotyphodium funkii" nexsonid "node316695"
pgloadind       duplicate OTT ID 221699
pgloadind     OTT ID reused in tree
pgloadind       duplicate name "Neotyphodium funkii" nexsonid "node316696"
pgloadind       duplicate OTT ID 221699
pgloadind     OTT ID reused in tree
pgloadind       duplicate name "Neotyphodium funkii" nexsonid "node316697"
pgloadind       duplicate OTT ID 221699
pgloadind     OTT ID reused in tree
pgloadind       duplicate name "Epichloe festucae" nexsonid "node316698"
pgloadind       duplicate OTT ID 137209
pgloadind     OTT ID reused in tree
pgloadind       duplicate name "Neotyphodium melicicola" nexsonid "node316700"
pgloadind       duplicate OTT ID 228152
pgloadind     OTT ID reused in tree
pgloadind       duplicate name "Neotyphodium guerinii" nexsonid "node316713"
pgloadind       duplicate OTT ID 221702
pgloadind     OTT ID reused in tree
pgloadind       duplicate name "Neotyphodium guerinii" nexsonid "node316714"
pgloadind       duplicate OTT ID 221702
pgloadind     OTT ID reused in tree
pgloadind       duplicate name "Epichloe typhina" nexsonid "node316709"
pgloadind       duplicate OTT ID 103011
pgloadind     OTT ID reused in tree
pgloadind       duplicate name "Epichloe typhina" nexsonid "node316716"
pgloadind       duplicate OTT ID 103011
pgloadind     OTT ID reused in tree
pgloadind       duplicate name "Epichloe typhina" nexsonid "node316717"
pgloadind       duplicate OTT ID 103011
pgloadind     OTT ID reused in tree
pgloadind       duplicate name "Epichloe typhina" nexsonid "node316719"
pgloadind       duplicate OTT ID 103011
pgloadind     OTT ID reused in tree
pgloadind       duplicate name "Epichloe typhina" nexsonid "node316720"
pgloadind       duplicate OTT ID 103011
pgloadind     OTT ID reused in tree
pgloadind       duplicate name "Epichloe typhina" nexsonid "node316721"
pgloadind       duplicate OTT ID 103011
pgloadind     OTT ID reused in tree
pgloadind       duplicate name "Neotyphodium melicicola" nexsonid "node316725"
pgloadind       duplicate OTT ID 228152
pgloadind     OTT ID reused in tree
pgloadind       duplicate name "Neotyphodium melicicola" nexsonid "node316726"
pgloadind       duplicate OTT ID 228152
pgloadind     pruning dups and overlapping name "Neotyphodium melicicola" nexsonid "node316726"
pgloadind     pruning dups and overlapping name "Epichloe typhina" nexsonid "node316721"
pgloadind     pruning dups and overlapping name "Epichloe elymi" nexsonid "node316690"
pgloadind     pruning dups and overlapping name "Neotyphodium guerinii" nexsonid "node316714"
pgloadind     pruning dups and overlapping name "Epichloe baconii" nexsonid "node316676"
pgloadind     pruning dups and overlapping name "Neotyphodium gansuense" nexsonid "node316667"
pgloadind     pruning dups and overlapping name "Neotyphodium funkii" nexsonid "node316687"
pgloadind     pruning dups and overlapping name "Neotyphodium funkii" nexsonid "node316697"
pgloadind     pruning dups and overlapping name "Neotyphodium melicicola" nexsonid "node316700"
pgloadind     pruning dups and overlapping name "Epichloe typhina" nexsonid "node316716"
pgloadind     pruning dups and overlapping name "Epichloe typhina" nexsonid "node316709"
pgloadind     pruning dups and overlapping name "Epichloe brachyelytri" nexsonid "node316653"
pgloadind     pruning dups and overlapping name "Neotyphodium gansuense" nexsonid "node316665"
pgloadind     pruning dups and overlapping name "Neotyphodium gansuense" nexsonid "node316662"
pgloadind     pruning dups and overlapping name "Neotyphodium gansuense" nexsonid "node316664"
pgloadind     pruning dups and overlapping name "Neotyphodium guerinii" nexsonid "node316658"
pgloadind     pruning dups and overlapping name "Neotyphodium funkii" nexsonid "node316695"
pgloadind     pruning dups and overlapping name "Epichloe festucae" nexsonid "node316698"
pgloadind     pruning dups and overlapping name "Neotyphodium guerinii" nexsonid "node316713"
pgloadind     pruning dups and overlapping name "Epichloe typhina" nexsonid "node316719"
pgloadind     pruning dups and overlapping name "Epichloe glyceriae" nexsonid "node316674"
pgloadind     pruning dups and overlapping name "Neotyphodium gansuense" nexsonid "node316668"
pgloadind     pruning dups and overlapping name "Epichloe bromicola" nexsonid "node316681"
pgloadind     pruning dups and overlapping name "Epichloe typhina" nexsonid "node316717"
pgloadind     pruning dups and overlapping name "Neotyphodium funkii" nexsonid "node316685"
pgloadind     pruning dups and overlapping name "Neotyphodium funkii" nexsonid "node316696"
pgloadind     pruning dups and overlapping name "Neotyphodium funkii" nexsonid "node316686"
pgloadind     pruning dups and overlapping name "Epichloe amarillans" nexsonid "node316671"
pgloadind     pruning dups and overlapping name "Neotyphodium funkii" nexsonid "node316694"
pgloadind     pruning dups and overlapping name "Neotyphodium gansuense" nexsonid "node316663"
pgloadind     pruning dups and overlapping name "Neotyphodium melicicola" nexsonid "node316725"
pgloadind     pruning dups and overlapping name "Epichloe typhina" nexsonid "node316720"
pgloadind     pruning dups and overlapping name "Neotyphodium gansuense" nexsonid "node316661"
pgloadind   postpruning newick tree "(((Epichloe_brachyelytri,(Neotyphodium_guerinii,Neotyphodium_gansuense)),Epichloe_baconii,((Neotyphodium_chisosum,Epichloe_bromicola),(Neotyphodium_funkii,Epichloe_elymi)),(Neotyphodium_melicicola,Epichloe_festucae),Epichloe_glyceriae,Epichloe_amarillans),(Neotyphodium_aotearoae,(Epichloe_sylvatica,Epichloe_typhina)))"
pgloadind   taxon mapping summary
pgloadind     taxon mapping OTT ID 905108 taxonomy "Epichloe brachyelytri->Epichloe->Clavicipitaceae->Hypocreales->Hypocreomycetidae->Sordariomycetes->Sordariomyceta->Leotiomyceta->Pezizomycotina->saccharomyceta->Ascomycota->Dikarya->Fungi->Nucletmycea->Opisthokonta->Eukaryota->cellular organisms->life" nexsonid "node316652"
pgloadind     taxon mapping OTT ID 221702 taxonomy "Neotyphodium guerinii->Neotyphodium->Clavicipitaceae->Hypocreales->Hypocreomycetidae->Sordariomycetes->Sordariomyceta->Leotiomyceta->Pezizomycotina->saccharomyceta->Ascomycota->Dikarya->Fungi->Nucletmycea->Opisthokonta->Eukaryota->cellular organisms->life" nexsonid "node316657"
pgloadind     taxon mapping OTT ID 221696 taxonomy "Neotyphodium gansuense->Neotyphodium->Clavicipitaceae->Hypocreales->Hypocreomycetidae->Sordariomycetes->Sordariomyceta->Leotiomyceta->Pezizomycotina->saccharomyceta->Ascomycota->Dikarya->Fungi->Nucletmycea->Opisthokonta->Eukaryota->cellular organisms->life" nexsonid "node316660"
pgloadind     taxon mapping OTT ID 128044 taxonomy "Epichloe baconii->Epichloe->Clavicipitaceae->Hypocreales->Hypocreomycetidae->Sordariomycetes->Sordariomyceta->Leotiomyceta->Pezizomycotina->saccharomyceta->Ascomycota->Dikarya->Fungi->Nucletmycea->Opisthokonta->Eukaryota->cellular organisms->life" nexsonid "node316675"
pgloadind     taxon mapping OTT ID 852057 taxonomy "Neotyphodium chisosum->Neotyphodium->Clavicipitaceae->Hypocreales->Hypocreomycetidae->Sordariomycetes->Sordariomyceta->Leotiomyceta->Pezizomycotina->saccharomyceta->Ascomycota->Dikarya->Fungi->Nucletmycea->Opisthokonta->Eukaryota->cellular organisms->life" nexsonid "node316682"
pgloadind     taxon mapping OTT ID 905106 taxonomy "Epichloe bromicola->Epichloe->Clavicipitaceae->Hypocreales->Hypocreomycetidae->Sordariomycetes->Sordariomyceta->Leotiomyceta->Pezizomycotina->saccharomyceta->Ascomycota->Dikarya->Fungi->Nucletmycea->Opisthokonta->Eukaryota->cellular organisms->life" nexsonid "node316680"
pgloadind     taxon mapping OTT ID 221699 taxonomy "Neotyphodium funkii->Neotyphodium->Clavicipitaceae->Hypocreales->Hypocreomycetidae->Sordariomycetes->Sordariomyceta->Leotiomyceta->Pezizomycotina->saccharomyceta->Ascomycota->Dikarya->Fungi->Nucletmycea->Opisthokonta->Eukaryota->cellular organisms->life" nexsonid "node316684"
pgloadind     taxon mapping OTT ID 745528 taxonomy "Epichloe elymi->Epichloe->Clavicipitaceae->Hypocreales->Hypocreomycetidae->Sordariomycetes->Sordariomyceta->Leotiomyceta->Pezizomycotina->saccharomyceta->Ascomycota->Dikarya->Fungi->Nucletmycea->Opisthokonta->Eukaryota->cellular organisms->life" nexsonid "node316689"
pgloadind     taxon mapping OTT ID 228152 taxonomy "Neotyphodium melicicola->Neotyphodium->Clavicipitaceae->Hypocreales->Hypocreomycetidae->Sordariomycetes->Sordariomyceta->Leotiomyceta->Pezizomycotina->saccharomyceta->Ascomycota->Dikarya->Fungi->Nucletmycea->Opisthokonta->Eukaryota->cellular organisms->life" nexsonid "node316699"
pgloadind     taxon mapping OTT ID 137209 taxonomy "Epichloe festucae->Epichloe->Clavicipitaceae->Hypocreales->Hypocreomycetidae->Sordariomycetes->Sordariomyceta->Leotiomyceta->Pezizomycotina->saccharomyceta->Ascomycota->Dikarya->Fungi->Nucletmycea->Opisthokonta->Eukaryota->cellular organisms->life" nexsonid "node316693"
pgloadind     taxon mapping OTT ID 89725 taxonomy "Epichloe glyceriae->Epichloe->Clavicipitaceae->Hypocreales->Hypocreomycetidae->Sordariomycetes->Sordariomyceta->Leotiomyceta->Pezizomycotina->saccharomyceta->Ascomycota->Dikarya->Fungi->Nucletmycea->Opisthokonta->Eukaryota->cellular organisms->life" nexsonid "node316673"
pgloadind     taxon mapping OTT ID 369201 taxonomy "Epichloe amarillans->Epichloe->Clavicipitaceae->Hypocreales->Hypocreomycetidae->Sordariomycetes->Sordariomyceta->Leotiomyceta->Pezizomycotina->saccharomyceta->Ascomycota->Dikarya->Fungi->Nucletmycea->Opisthokonta->Eukaryota->cellular organisms->life" nexsonid "node316670"
pgloadind     taxon mapping OTT ID 177218 taxonomy "Neotyphodium aotearoae->Neotyphodium->Clavicipitaceae->Hypocreales->Hypocreomycetidae->Sordariomycetes->Sordariomyceta->Leotiomyceta->Pezizomycotina->saccharomyceta->Ascomycota->Dikarya->Fungi->Nucletmycea->Opisthokonta->Eukaryota->cellular organisms->life" nexsonid "node316723"
pgloadind     taxon mapping OTT ID 380242 taxonomy "Epichloe sylvatica->Epichloe->Clavicipitaceae->Hypocreales->Hypocreomycetidae->Sordariomycetes->Sordariomyceta->Leotiomyceta->Pezizomycotina->saccharomyceta->Ascomycota->Dikarya->Fungi->Nucletmycea->Opisthokonta->Eukaryota->cellular organisms->life" nexsonid "node316718"
pgloadind     taxon mapping OTT ID 103011 taxonomy "Epichloe typhina->Epichloe->Clavicipitaceae->Hypocreales->Hypocreomycetidae->Sordariomycetes->Sordariomyceta->Leotiomyceta->Pezizomycotina->saccharomyceta->Ascomycota->Dikarya->Fungi->Nucletmycea->Opisthokonta->Eukaryota->cellular organisms->life" nexsonid "node316711"
done fixing name
pgloadind Finished with attempts to fix names
pgloadind   Checking for uniqueness of OTT IDs tree id "604"
pgloadind   Adding tree to graph tree id "604"
all trees have all taxa: false
	using bipartition technique
attempting to remap tips to deepest exemplified taxa
adding relationships to licas for children
adding relationships to licas for children
adding relationships to licas for children
adding relationships to licas for children
adding relationships to licas for children
adding relationships to licas for children
adding relationships to licas for children
adding relationships to licas for children
adding relationships to licas for children
this is the ROOT
placing root in index
Dealing with metadata property: ot:studyPublicationReference
Adding property 'ot:studyPublicationReference': Moon, Christina D., Jean-Jacques Guillaumin, Catherine Ravel, Chunjie Li, Kelly D. Craven, and Christopher L. Schardl. "New Neotyphodium endophyte species from the grass tribes Stipeae and Meliceae." Mycologia 99, no. 6 (2007): 895-905
Dealing with metadata property: ot:focalCladeOTTTaxonName
Adding property 'ot:focalCladeOTTTaxonName': Neotyphodium
Dealing with metadata property: ot:branchLengthMode
Adding property 'ot:branchLengthMode': 
Dealing with metadata property: ot:branchLengthDescription
Adding property 'ot:branchLengthDescription': 
Dealing with metadata property: ot:outGroupEdge
Adding property 'ot:outGroupEdge': 
Dealing with metadata property: ot:branchLengthTimeUnit
Adding property 'ot:branchLengthTimeUnit': 
Dealing with metadata property: ot:dataDeposit
Adding property 'ot:dataDeposit': http://purl.org/phylo/treebase/phylows/study/TB2:S1831
Dealing with metadata property: ot:studyId
Adding property 'ot:studyId': pg_463
Dealing with metadata property: id
Dealing with metadata property: ot:studyYear
Adding property 'ot:studyYear': 2007
Dealing with metadata property: ot:inGroupClade
Adding property 'ot:inGroupClade': node316648
Dealing with metadata property: ot:curatorName
Adding property 'ot:curatorName': Romina Gazis
Dealing with metadata property: ot:studyPublication
Adding property 'ot:studyPublication': http://dx.doi.org/10.3852/mycologia.97.4.804
Dealing with metadata property: ot:specifiedRoot
Adding property 'ot:specifiedRoot': 
Dealing with metadata property: ot:focalClade
Adding property 'ot:focalClade': 741639
Dealing with metadata property: ot:curatedType
Adding property 'ot:curatedType': ML, b-tubulin
adding relationships to licas for children
Committing nodes: 25
21:16:02.724 [main] WARN  o.neo4j.kernel.EmbeddedGraphDatabase - You are using an unsupported Java runtime. Please use Oracle(R) Java(TM) Runtime Environment 7.
