21:13:05.392 [main] WARN  o.neo4j.kernel.EmbeddedGraphDatabase - You are using an unsupported Java runtime. Please use Oracle(R) Java(TM) Runtime Environment 7.
pgloadind OTUs number 79
pgloadind Processing tree @id "571"
pgloadind   tree info number nodes 34
pgloadind   tree info number edges 33
pgloadind   Ingested tree number of external nodes 18
pgloadind   property added ot:studyPublicationReference "Dentinger B., & Mclaughlin D. 2006. Reconstructing the Clavariaceae using nuclear large subunit rDNA sequences and a new genus segregated from Clavaria. Mycologia, 98(5): 746-762."
pgloadind   property added ot:focalCladeOTTTaxonName "Clavariaceae"
pgloadind   property added ot:curatorName "Romina Gazis"
pgloadind   property added ot:dataDeposit "http://purl.org/phylo/treebase/phylows/study/TB2:S1699"
pgloadind   property added ot:studyYear "2006"
pgloadind   property added ot:studyId "pg_450"
pgloadind   property added ot:studyPublication "http://dx.doi.org/10.3852/mycologia.98.5.746"
pgloadind   property added ot:tag "need more curation of tree"
pgloadind   property added ot:focalClade "729017"
pgloadind   property added ot:curatedType "MP, LSU"
pgloadind Processing tree @id "572"
pgloadind   tree info number nodes 21
pgloadind   tree info number edges 20
pgloadind   Ingested tree number of external nodes 11
pgloadind   property added ot:studyPublicationReference "Dentinger B., & Mclaughlin D. 2006. Reconstructing the Clavariaceae using nuclear large subunit rDNA sequences and a new genus segregated from Clavaria. Mycologia, 98(5): 746-762."
pgloadind   property added ot:focalCladeOTTTaxonName "Clavariaceae"
pgloadind   property added ot:curatorName "Romina Gazis"
pgloadind   property added ot:dataDeposit "http://purl.org/phylo/treebase/phylows/study/TB2:S1699"
pgloadind   property added ot:studyYear "2006"
pgloadind   property added ot:studyId "pg_450"
pgloadind   property added ot:studyPublication "http://dx.doi.org/10.3852/mycologia.98.5.746"
pgloadind   property added ot:tag "need more curation of tree"
pgloadind   property added ot:focalClade "729017"
pgloadind   property added ot:curatedType "MP, LSU"
pgloadind Processing tree @id "573"
pgloadind   tree info number nodes 37
pgloadind   tree info number edges 36
pgloadind   Ingested tree number of external nodes 19
pgloadind   property added ot:studyPublicationReference "Dentinger B., & Mclaughlin D. 2006. Reconstructing the Clavariaceae using nuclear large subunit rDNA sequences and a new genus segregated from Clavaria. Mycologia, 98(5): 746-762."
pgloadind   property added ot:focalCladeOTTTaxonName "Clavariaceae"
pgloadind   property added ot:curatorName "Romina Gazis"
pgloadind   property added ot:dataDeposit "http://purl.org/phylo/treebase/phylows/study/TB2:S1699"
pgloadind   property added ot:studyYear "2006"
pgloadind   property added ot:studyId "pg_450"
pgloadind   property added ot:studyPublication "http://dx.doi.org/10.3852/mycologia.98.5.746"
pgloadind   property added ot:tag "need more curation of tree"
pgloadind   property added ot:focalClade "729017"
pgloadind   property added ot:curatedType "MP, LSU"
pgloadind Processing tree @id "574"
pgloadind   tree info number nodes 36
pgloadind   tree info number edges 35
pgloadind   tree info ingroup "node314707"
pgloadind   Setting ingroup root node.
pgloadind   Ingested tree number of external nodes 16
pgloadind   property added ot:studyPublicationReference "Dentinger B., & Mclaughlin D. 2006. Reconstructing the Clavariaceae using nuclear large subunit rDNA sequences and a new genus segregated from Clavaria. Mycologia, 98(5): 746-762."
pgloadind   property added ot:focalCladeOTTTaxonName "Clavariaceae"
pgloadind   property added ot:curatorName "Romina Gazis"
pgloadind   property added ot:dataDeposit "http://purl.org/phylo/treebase/phylows/study/TB2:S1699"
pgloadind   property added ot:studyYear "2006"
pgloadind   property added ot:studyId "pg_450"
pgloadind   property added ot:studyPublication "http://dx.doi.org/10.3852/mycologia.98.5.746"
pgloadind   property added ot:tag "need more curation of tree"
pgloadind   property added ot:focalClade "729017"
pgloadind   property added ot:curatedType "MP, LSU"
pgloadind   property added ot:inGroupClade "node314707"
pgloadind Processing tree @id "575"
pgloadind   tree info number nodes 20
pgloadind   tree info number edges 19
pgloadind   Ingested tree number of external nodes 11
pgloadind   property added ot:studyPublicationReference "Dentinger B., & Mclaughlin D. 2006. Reconstructing the Clavariaceae using nuclear large subunit rDNA sequences and a new genus segregated from Clavaria. Mycologia, 98(5): 746-762."
pgloadind   property added ot:focalCladeOTTTaxonName "Clavariaceae"
pgloadind   property added ot:curatorName "Romina Gazis"
pgloadind   property added ot:dataDeposit "http://purl.org/phylo/treebase/phylows/study/TB2:S1699"
pgloadind   property added ot:studyYear "2006"
pgloadind   property added ot:studyId "pg_450"
pgloadind   property added ot:studyPublication "http://dx.doi.org/10.3852/mycologia.98.5.746"
pgloadind   property added ot:tag "need more curation of tree"
pgloadind   property added ot:focalClade "729017"
pgloadind   property added ot:curatedType "MP, LSU"
loading a specific tree: 574
skipping tree: 571
skipping tree: 572
skipping tree: 573
skipping tree: 575
pgloadind fixing names in trees
pgloadind   name fixing on tree tree id "574"
pgloadind     OTT ID missing name "Physalacria aff. orinocensis" nexsonid "node314720"
pgloadind     OTT ID missing name "Gloiocephala sp. TENN7573" nexsonid "node314735"
pgloadind     pruning unmapped name "Physalacria aff. orinocensis" nexsonid "node314720"
pgloadind     pruning unmapped name "Gloiocephala sp. TENN7573" nexsonid "node314735"
pgloadind     overlapping tips
pgloadind       overlapping retained name "Physalacria corticola" nexsonid "node314716"
pgloadind       overlapping pruned name "Physalacria" nexsonid "node314719"
pgloadind     pruning dups and overlapping name "Physalacria" nexsonid "node314719"
pgloadind   postpruning newick tree "(((((((((Physalacria_corticola,Physalacria_maipoensis),(Physalacria_inflata,Gloiocephala_spathularia)),Rhodotus_palmatus),((Hymenopellis_megalospora,Hymenopellis_furfuracea),Oudemansiella_canarii)),Flammulina_velutipes),Strobilurus_trullisatus),Rhizomarasmius_pyrrhocephalus),Cyptotrama_asprata),Gloiocephala_cornelii)"
pgloadind   taxon mapping summary
pgloadind     taxon mapping OTT ID 590571 taxonomy "Physalacria corticola->Physalacria->Physalacriaceae->Agaricales->Agaricomycetidae->Agaricomycetes->Agaricomycotina->Basidiomycota->Dikarya->Fungi->Nucletmycea->Opisthokonta->Eukaryota->cellular organisms->life" nexsonid "node314716"
pgloadind     taxon mapping OTT ID 801486 taxonomy "Physalacria maipoensis->Physalacria->Physalacriaceae->Agaricales->Agaricomycetidae->Agaricomycetes->Agaricomycotina->Basidiomycota->Dikarya->Fungi->Nucletmycea->Opisthokonta->Eukaryota->cellular organisms->life" nexsonid "node314718"
pgloadind     taxon mapping OTT ID 619100 taxonomy "Physalacria inflata->Physalacria->Physalacriaceae->Agaricales->Agaricomycetidae->Agaricomycetes->Agaricomycotina->Basidiomycota->Dikarya->Fungi->Nucletmycea->Opisthokonta->Eukaryota->cellular organisms->life" nexsonid "node314722"
pgloadind     taxon mapping OTT ID 765466 taxonomy "Gloiocephala spathularia->Gloiocephala->Physalacriaceae->Agaricales->Agaricomycetidae->Agaricomycetes->Agaricomycotina->Basidiomycota->Dikarya->Fungi->Nucletmycea->Opisthokonta->Eukaryota->cellular organisms->life" nexsonid "node314723"
pgloadind     taxon mapping OTT ID 964608 taxonomy "Rhodotus palmatus->Rhodotus->Physalacriaceae->Agaricales->Agaricomycetidae->Agaricomycetes->Agaricomycotina->Basidiomycota->Dikarya->Fungi->Nucletmycea->Opisthokonta->Eukaryota->cellular organisms->life" nexsonid "node314724"
pgloadind     taxon mapping OTT ID 1088223 taxonomy "Hymenopellis megalospora->Hymenopellis->Physalacriaceae->Agaricales->Agaricomycetidae->Agaricomycetes->Agaricomycotina->Basidiomycota->Dikarya->Fungi->Nucletmycea->Opisthokonta->Eukaryota->cellular organisms->life" nexsonid "node314727"
pgloadind     taxon mapping OTT ID 561711 taxonomy "Hymenopellis furfuracea->Hymenopellis->Physalacriaceae->Agaricales->Agaricomycetidae->Agaricomycetes->Agaricomycotina->Basidiomycota->Dikarya->Fungi->Nucletmycea->Opisthokonta->Eukaryota->cellular organisms->life" nexsonid "node314728"
pgloadind     taxon mapping OTT ID 30172 taxonomy "Oudemansiella canarii->Oudemansiella->Physalacriaceae->Agaricales->Agaricomycetidae->Agaricomycetes->Agaricomycotina->Basidiomycota->Dikarya->Fungi->Nucletmycea->Opisthokonta->Eukaryota->cellular organisms->life" nexsonid "node314729"
pgloadind     taxon mapping OTT ID 239671 taxonomy "Flammulina velutipes->Flammulina->Physalacriaceae->Agaricales->Agaricomycetidae->Agaricomycetes->Agaricomycotina->Basidiomycota->Dikarya->Fungi->Nucletmycea->Opisthokonta->Eukaryota->cellular organisms->life" nexsonid "node314730"
pgloadind     taxon mapping OTT ID 964609 taxonomy "Strobilurus trullisatus->Strobilurus->Physalacriaceae->Agaricales->Agaricomycetidae->Agaricomycetes->Agaricomycotina->Basidiomycota->Dikarya->Fungi->Nucletmycea->Opisthokonta->Eukaryota->cellular organisms->life" nexsonid "node314731"
pgloadind     taxon mapping OTT ID 518850 taxonomy "Rhizomarasmius pyrrhocephalus->Rhizomarasmius->Physalacriaceae->Agaricales->Agaricomycetidae->Agaricomycetes->Agaricomycotina->Basidiomycota->Dikarya->Fungi->Nucletmycea->Opisthokonta->Eukaryota->cellular organisms->life" nexsonid "node314732"
pgloadind     taxon mapping OTT ID 1096213 taxonomy "Cyptotrama asprata->Cyptotrama->Physalacriaceae->Agaricales->Agaricomycetidae->Agaricomycetes->Agaricomycotina->Basidiomycota->Dikarya->Fungi->Nucletmycea->Opisthokonta->Eukaryota->cellular organisms->life" nexsonid "node314734"
pgloadind     taxon mapping OTT ID 1071219 taxonomy "Gloiocephala cornelii->Gloiocephala->Physalacriaceae->Agaricales->Agaricomycetidae->Agaricomycetes->Agaricomycotina->Basidiomycota->Dikarya->Fungi->Nucletmycea->Opisthokonta->Eukaryota->cellular organisms->life" nexsonid "node314736"
done fixing name
pgloadind Finished with attempts to fix names
pgloadind   Checking for uniqueness of OTT IDs tree id "574"
pgloadind   Adding tree to graph tree id "574"
all trees have all taxa: false
	using bipartition technique
attempting to remap tips to deepest exemplified taxa
	Cyptotrama asprata was remapped to 'Cyptotrama' (id=746535)
	Rhodotus palmatus was remapped to 'Rhodotus' (id=746181)
	Flammulina velutipes was remapped to 'Flammulina' (id=747212)
	Oudemansiella canarii was remapped to 'Oudemansiella' (id=746214)
	Rhizomarasmius pyrrhocephalus was remapped to 'Rhizomarasmius' (id=746674)
	Strobilurus trullisatus was remapped to 'Strobilurus' (id=745919)
adding relationships to licas for children
adding relationships to licas for children
adding relationships to licas for children
adding relationships to licas for children
adding relationships to licas for children
adding relationships to licas for children
adding relationships to licas for children
adding relationships to licas for children
adding relationships to licas for children
adding relationships to licas for children
adding relationships to licas for children
this is the ROOT
placing root in index
Dealing with metadata property: id
Dealing with metadata property: ot:studyPublicationReference
Adding property 'ot:studyPublicationReference': Dentinger B., & Mclaughlin D. 2006. Reconstructing the Clavariaceae using nuclear large subunit rDNA sequences and a new genus segregated from Clavaria. Mycologia, 98(5): 746-762.
Dealing with metadata property: ot:focalCladeOTTTaxonName
Adding property 'ot:focalCladeOTTTaxonName': Clavariaceae
Dealing with metadata property: ot:studyYear
Adding property 'ot:studyYear': 2006
Dealing with metadata property: ot:inGroupClade
Adding property 'ot:inGroupClade': node314707
Dealing with metadata property: ot:tag
Adding property 'ot:tag': need more curation of tree
Dealing with metadata property: ot:studyPublication
Adding property 'ot:studyPublication': http://dx.doi.org/10.3852/mycologia.98.5.746
Dealing with metadata property: ot:curatorName
Adding property 'ot:curatorName': Romina Gazis
Dealing with metadata property: ot:focalClade
Adding property 'ot:focalClade': 729017
Dealing with metadata property: ot:curatedType
Adding property 'ot:curatedType': MP, LSU
Dealing with metadata property: ot:studyId
Adding property 'ot:studyId': pg_450
Dealing with metadata property: ot:dataDeposit
Adding property 'ot:dataDeposit': http://purl.org/phylo/treebase/phylows/study/TB2:S1699
adding relationships to licas for children
Committing nodes: 25
21:13:57.677 [main] WARN  o.neo4j.kernel.EmbeddedGraphDatabase - You are using an unsupported Java runtime. Please use Oracle(R) Java(TM) Runtime Environment 7.
