11:27:26.755 [main] WARN  o.neo4j.kernel.EmbeddedGraphDatabase - You are using an unsupported Java runtime. Please use Oracle(R) Java(TM) Runtime Environment 7.
pgloadind OTUs number 74
pgloadind Processing tree @id "925"
pgloadind   tree info number nodes 140
pgloadind   tree info number edges 139
pgloadind   tree info ingroup "node379408"
pgloadind   Setting ingroup root node.
pgloadind   Ingested tree number of external nodes 66
pgloadind   property added ot:studyPublicationReference "Soreng, R. J., Davis, J. I., & Voionomaa, M. A. 2007. A phylogenetic analysis of Poaceae tribe Poeae sensu lato based on morphological characters and sequence data from three plastid-encoded genes: Evidence for reticulation, and a new classification of the tribe. Kew Bull. 62: 425-454."
pgloadind   property added ot:candidateTreeForSynthesis "tree926"
pgloadind   property added ot:focalCladeOTTTaxonName "Poaceae"
pgloadind   property added ot:curatorName "Jiabin Deng"
pgloadind   property added ot:curatorName "Jonathan A Rees"
pgloadind   property added ot:dataDeposit "http://purl.org/phylo/treebase/phylows/study/TB2:S1689"
pgloadind   property added ot:notIntendedForSynthesis "false"
pgloadind   property added ot:studyYear "2007"
pgloadind   property added ot:studyId "pg_598"
pgloadind   property added ot:studyPublication "http://www.jstor.org/stable/20443368"
pgloadind   property added ot:comment ""
pgloadind   property added ot:focalClade "508090"
pgloadind   property added ot:unrootedTree "true"
pgloadind   property added ot:curatedType "Fig. 3"
pgloadind   property added ot:inGroupClade "node379408"
pgloadind   property added ot:specifiedRoot ""
pgloadind   property added ot:nodeLabelTimeUnit ""
pgloadind   property added ot:outGroupEdge ""
pgloadind   property added ot:branchLengthTimeUnit ""
pgloadind   property added ot:nodeLabelMode ""
pgloadind   property added ot:branchLengthDescription ""
pgloadind   property added ot:branchLengthMode ""
pgloadind Processing tree @id "926"
pgloadind   tree info number nodes 138
pgloadind   tree info number edges 137
pgloadind   tree info ingroup "node379548"
pgloadind   Setting ingroup root node.
pgloadind   Ingested tree number of external nodes 66
pgloadind   property added ot:studyPublicationReference "Soreng, R. J., Davis, J. I., & Voionomaa, M. A. 2007. A phylogenetic analysis of Poaceae tribe Poeae sensu lato based on morphological characters and sequence data from three plastid-encoded genes: Evidence for reticulation, and a new classification of the tribe. Kew Bull. 62: 425-454."
pgloadind   property added ot:candidateTreeForSynthesis "tree926"
pgloadind   property added ot:focalCladeOTTTaxonName "Poaceae"
pgloadind   property added ot:curatorName "Jiabin Deng"
pgloadind   property added ot:curatorName "Jonathan A Rees"
pgloadind   property added ot:dataDeposit "http://purl.org/phylo/treebase/phylows/study/TB2:S1689"
pgloadind   property added ot:notIntendedForSynthesis "false"
pgloadind   property added ot:studyYear "2007"
pgloadind   property added ot:studyId "pg_598"
pgloadind   property added ot:studyPublication "http://www.jstor.org/stable/20443368"
pgloadind   property added ot:comment ""
pgloadind   property added ot:focalClade "508090"
pgloadind   property added ot:unrootedTree "false"
pgloadind   property added ot:curatedType "Fig. 2"
pgloadind   property added ot:inGroupClade "node379548"
pgloadind   property added ot:specifiedRoot "node379533"
pgloadind   property added ot:nodeLabelTimeUnit ""
pgloadind   property added ot:outGroupEdge ""
pgloadind   property added ot:branchLengthTimeUnit ""
pgloadind   property added ot:nodeLabelMode ""
pgloadind   property added ot:branchLengthDescription ""
pgloadind   property added ot:branchLengthMode ""
loading a specific tree: 926
skipping tree: 925
pgloadind fixing names in trees
pgloadind   name fixing on tree tree id "926"
pgloadind     OTT ID missing name "Triplachne nitens" nexsonid "node379563"
pgloadind     OTT ID missing name "Echinopogon caespitosus" nexsonid "node379572"
pgloadind     OTT ID missing name "Aniselytron treutleri" nexsonid "node379615"
pgloadind     OTT ID missing name "Molineriella laevis" nexsonid "node379636"
pgloadind     OTT ID missing name "Sesleria caerulea" nexsonid "node379652"
pgloadind     OTT ID missing name "Sphenopus divaricatus" nexsonid "node379666"
pgloadind     pruning unmapped name "Molineriella laevis" nexsonid "node379636"
pgloadind     pruning unmapped name "Echinopogon caespitosus" nexsonid "node379572"
pgloadind     pruning unmapped name "Sesleria caerulea" nexsonid "node379652"
pgloadind     pruning unmapped name "Sphenopus divaricatus" nexsonid "node379666"
pgloadind     pruning unmapped name "Triplachne nitens" nexsonid "node379563"
pgloadind     pruning unmapped name "Aniselytron treutleri" nexsonid "node379615"
pgloadind   postpruning newick tree "((((((((((Agrostis_tenerrima,Polypogon_monspeliensis),Podagrostis_thurberiana),Gastridium_ventricosum),Calamagrostis_arundinacea,Calamagrostis_canadensis),(Calotheca_brizoides,Briza_subaristata,Gymnachne_koelerioides)),Dichelachne_micrantha),Briza_minor),(Anthoxanthum_odoratum,((Avena_sativa,Helictotrichon_convolutum,Helictotrichon_mortonianum),((((Gaudinia_fragilis,Gaudinia_hispanica),Parafestuca_albida),Rostraria_pubescens),(Graphephorum_wolfii,Trisetum_cernuum_subsp_canescens))))),(Amphibromus_scabrivalvis,Torreyochloa_pallida_var_pauciflora)),(((((Aira_caryophyllea,Aira_cupaniana),Avenella_flexuosa),(Catabrosa_aquatica,(Puccinellia_distans,Sclerochloa_dura))),((((Alopecurus_magellanicus,Alopecurus_textilis),Poa_violacea),(Arctagrostis_latifolia,(Hookerochloa_eriopoda,Hookerochloa_hookeriana),Nicoraepoa_andina),Beckmannia_syzigachne),(Dupontia_fisheri,(Poa_alpina,Poa_billardierei)),Milium_vernale,Phleum_pratense)),(((Deschampsia_cespitosa,(Holcus_annuus,Vahlodea_atropurpurea)),(((((Dielsiochloa_floribunda,Festuca_rubra),Festuca_subverticillata),Vulpia_microstachys),(Leucopoa_kingii,((Lolium_perenne,Lolium_rigidum),Festuca_arundinacea))),Helictochloa_hookeri)),((Cynosurus_cristatus,((Cutandia_memphitica,Desmazeria_sicula),Parapholis_incurva)),(Dactylis_glomerata,Mibora_minima)))))"
pgloadind   taxon mapping summary
pgloadind     taxon mapping OTT ID 91945 taxonomy "Agrostis tenerrima->Agrostis->Agrostidinae->Poeae->Pooideae->BEP clade->Poaceae->Poales->commelinids->Petrosaviidae->Liliopsida->Mesangiospermae->Magnoliophyta->Spermatophyta->Euphyllophyta->Tracheophyta->Embryophyta->Streptophyta->Chloroplastida->Archaeplastida->Eukaryota->cellular organisms->life" nexsonid "node379558"
pgloadind     taxon mapping OTT ID 968278 taxonomy "Polypogon monspeliensis->Polypogon->Agrostidinae->Poeae->Pooideae->BEP clade->Poaceae->Poales->commelinids->Petrosaviidae->Liliopsida->Mesangiospermae->Magnoliophyta->Spermatophyta->Euphyllophyta->Tracheophyta->Embryophyta->Streptophyta->Chloroplastida->Archaeplastida->Eukaryota->cellular organisms->life" nexsonid "node379559"
pgloadind     taxon mapping OTT ID 931498 taxonomy "Podagrostis thurberiana->Podagrostis->Agrostidinae->Poeae->Pooideae->BEP clade->Poaceae->Poales->commelinids->Petrosaviidae->Liliopsida->Mesangiospermae->Magnoliophyta->Spermatophyta->Euphyllophyta->Tracheophyta->Embryophyta->Streptophyta->Chloroplastida->Archaeplastida->Eukaryota->cellular organisms->life" nexsonid "node379560"
pgloadind     taxon mapping OTT ID 51516 taxonomy "Gastridium ventricosum->Gastridium->Agrostidinae->Poeae->Pooideae->BEP clade->Poaceae->Poales->commelinids->Petrosaviidae->Liliopsida->Mesangiospermae->Magnoliophyta->Spermatophyta->Euphyllophyta->Tracheophyta->Embryophyta->Streptophyta->Chloroplastida->Archaeplastida->Eukaryota->cellular organisms->life" nexsonid "node379562"
pgloadind     taxon mapping OTT ID 533165 taxonomy "Calamagrostis arundinacea->Calamagrostis->Agrostidinae->Poeae->Pooideae->BEP clade->Poaceae->Poales->commelinids->Petrosaviidae->Liliopsida->Mesangiospermae->Magnoliophyta->Spermatophyta->Euphyllophyta->Tracheophyta->Embryophyta->Streptophyta->Chloroplastida->Archaeplastida->Eukaryota->cellular organisms->life" nexsonid "node379564"
pgloadind     taxon mapping OTT ID 792769 taxonomy "Calamagrostis canadensis->Calamagrostis->Agrostidinae->Poeae->Pooideae->BEP clade->Poaceae->Poales->commelinids->Petrosaviidae->Liliopsida->Mesangiospermae->Magnoliophyta->Spermatophyta->Euphyllophyta->Tracheophyta->Embryophyta->Streptophyta->Chloroplastida->Archaeplastida->Eukaryota->cellular organisms->life" nexsonid "node379565"
pgloadind     taxon mapping OTT ID 405689 taxonomy "Chascolytrum brizoides->Chascolytrum->Brizinae->Poeae->Pooideae->BEP clade->Poaceae->Poales->commelinids->Petrosaviidae->Liliopsida->Mesangiospermae->Magnoliophyta->Spermatophyta->Euphyllophyta->Tracheophyta->Embryophyta->Streptophyta->Chloroplastida->Archaeplastida->Eukaryota->cellular organisms->life" nexsonid "node379567"
pgloadind     taxon mapping OTT ID 212267 taxonomy "Chascolytrum subaristatum->Chascolytrum->Brizinae->Poeae->Pooideae->BEP clade->Poaceae->Poales->commelinids->Petrosaviidae->Liliopsida->Mesangiospermae->Magnoliophyta->Spermatophyta->Euphyllophyta->Tracheophyta->Embryophyta->Streptophyta->Chloroplastida->Archaeplastida->Eukaryota->cellular organisms->life" nexsonid "node379568"
pgloadind     taxon mapping OTT ID 450382 taxonomy "Chascolytrum koelerioides->Chascolytrum->Brizinae->Poeae->Pooideae->BEP clade->Poaceae->Poales->commelinids->Petrosaviidae->Liliopsida->Mesangiospermae->Magnoliophyta->Spermatophyta->Euphyllophyta->Tracheophyta->Embryophyta->Streptophyta->Chloroplastida->Archaeplastida->Eukaryota->cellular organisms->life" nexsonid "node379569"
pgloadind     taxon mapping OTT ID 1907 taxonomy "Dichelachne micrantha->Dichelachne->Agrostidinae->Poeae->Pooideae->BEP clade->Poaceae->Poales->commelinids->Petrosaviidae->Liliopsida->Mesangiospermae->Magnoliophyta->Spermatophyta->Euphyllophyta->Tracheophyta->Embryophyta->Streptophyta->Chloroplastida->Archaeplastida->Eukaryota->cellular organisms->life" nexsonid "node379571"
pgloadind     taxon mapping OTT ID 58517 taxonomy "Briza minor->Briza->Brizinae->Poeae->Pooideae->BEP clade->Poaceae->Poales->commelinids->Petrosaviidae->Liliopsida->Mesangiospermae->Magnoliophyta->Spermatophyta->Euphyllophyta->Tracheophyta->Embryophyta->Streptophyta->Chloroplastida->Archaeplastida->Eukaryota->cellular organisms->life" nexsonid "node379573"
pgloadind     taxon mapping OTT ID 188813 taxonomy "Anthoxanthum odoratum->Anthoxanthum->Phalaridinae->Poeae->Pooideae->BEP clade->Poaceae->Poales->commelinids->Petrosaviidae->Liliopsida->Mesangiospermae->Magnoliophyta->Spermatophyta->Euphyllophyta->Tracheophyta->Embryophyta->Streptophyta->Chloroplastida->Archaeplastida->Eukaryota->cellular organisms->life" nexsonid "node379575"
pgloadind     taxon mapping OTT ID 790381 taxonomy "Avena sativa->Avena->Aveninae->Poeae->Pooideae->BEP clade->Poaceae->Poales->commelinids->Petrosaviidae->Liliopsida->Mesangiospermae->Magnoliophyta->Spermatophyta->Euphyllophyta->Tracheophyta->Embryophyta->Streptophyta->Chloroplastida->Archaeplastida->Eukaryota->cellular organisms->life" nexsonid "node379578"
pgloadind     taxon mapping OTT ID 474794 taxonomy "Helictotrichon convolutum->Helictotrichon->Aveninae->Poeae->Pooideae->BEP clade->Poaceae->Poales->commelinids->Petrosaviidae->Liliopsida->Mesangiospermae->Magnoliophyta->Spermatophyta->Euphyllophyta->Tracheophyta->Embryophyta->Streptophyta->Chloroplastida->Archaeplastida->Eukaryota->cellular organisms->life" nexsonid "node379579"
pgloadind     taxon mapping OTT ID 456003 taxonomy "Helictotrichon mortonianum->Helictotrichon->Aveninae->Poeae->Pooideae->BEP clade->Poaceae->Poales->commelinids->Petrosaviidae->Liliopsida->Mesangiospermae->Magnoliophyta->Spermatophyta->Euphyllophyta->Tracheophyta->Embryophyta->Streptophyta->Chloroplastida->Archaeplastida->Eukaryota->cellular organisms->life" nexsonid "node379580"
pgloadind     taxon mapping OTT ID 450378 taxonomy "Gaudinia fragilis->Gaudinia->Aveninae->Poeae->Pooideae->BEP clade->Poaceae->Poales->commelinids->Petrosaviidae->Liliopsida->Mesangiospermae->Magnoliophyta->Spermatophyta->Euphyllophyta->Tracheophyta->Embryophyta->Streptophyta->Chloroplastida->Archaeplastida->Eukaryota->cellular organisms->life" nexsonid "node379585"
pgloadind     taxon mapping OTT ID 456013 taxonomy "Gaudinia hispanica->Gaudinia->Aveninae->Poeae->Pooideae->BEP clade->Poaceae->Poales->commelinids->Petrosaviidae->Liliopsida->Mesangiospermae->Magnoliophyta->Spermatophyta->Euphyllophyta->Tracheophyta->Embryophyta->Streptophyta->Chloroplastida->Archaeplastida->Eukaryota->cellular organisms->life" nexsonid "node379586"
pgloadind     taxon mapping OTT ID 335407 taxonomy "Parafestuca albida->Parafestuca->Aveninae->Poeae->Pooideae->BEP clade->Poaceae->Poales->commelinids->Petrosaviidae->Liliopsida->Mesangiospermae->Magnoliophyta->Spermatophyta->Euphyllophyta->Tracheophyta->Embryophyta->Streptophyta->Chloroplastida->Archaeplastida->Eukaryota->cellular organisms->life" nexsonid "node379587"
pgloadind     taxon mapping OTT ID 456009 taxonomy "Rostraria pubescens->Rostraria->Aveninae->Poeae->Pooideae->BEP clade->Poaceae->Poales->commelinids->Petrosaviidae->Liliopsida->Mesangiospermae->Magnoliophyta->Spermatophyta->Euphyllophyta->Tracheophyta->Embryophyta->Streptophyta->Chloroplastida->Archaeplastida->Eukaryota->cellular organisms->life" nexsonid "node379588"
pgloadind     taxon mapping OTT ID 51512 taxonomy "Graphephorum wolfii->Graphephorum->Aveninae->Poeae->Pooideae->BEP clade->Poaceae->Poales->commelinids->Petrosaviidae->Liliopsida->Mesangiospermae->Magnoliophyta->Spermatophyta->Euphyllophyta->Tracheophyta->Embryophyta->Streptophyta->Chloroplastida->Archaeplastida->Eukaryota->cellular organisms->life" nexsonid "node379590"
pgloadind     taxon mapping OTT ID 53972 taxonomy "Trisetum cernuum subsp. canescens->Trisetum cernuum->Trisetum->Aveninae->Poeae->Pooideae->BEP clade->Poaceae->Poales->commelinids->Petrosaviidae->Liliopsida->Mesangiospermae->Magnoliophyta->Spermatophyta->Euphyllophyta->Tracheophyta->Embryophyta->Streptophyta->Chloroplastida->Archaeplastida->Eukaryota->cellular organisms->life" nexsonid "node379591"
pgloadind     taxon mapping OTT ID 456011 taxonomy "Amphibromus scabrivalvis->Amphibromus->Aveninae->Poeae->Pooideae->BEP clade->Poaceae->Poales->commelinids->Petrosaviidae->Liliopsida->Mesangiospermae->Magnoliophyta->Spermatophyta->Euphyllophyta->Tracheophyta->Embryophyta->Streptophyta->Chloroplastida->Archaeplastida->Eukaryota->cellular organisms->life" nexsonid "node379593"
pgloadind     taxon mapping OTT ID 931492 taxonomy "Torreyochloa pallida var. pauciflora->Torreyochloa pallida->Torreyochloa->Torreyochloinae->Poeae->Pooideae->BEP clade->Poaceae->Poales->commelinids->Petrosaviidae->Liliopsida->Mesangiospermae->Magnoliophyta->Spermatophyta->Euphyllophyta->Tracheophyta->Embryophyta->Streptophyta->Chloroplastida->Archaeplastida->Eukaryota->cellular organisms->life" nexsonid "node379594"
pgloadind     taxon mapping OTT ID 249161 taxonomy "Aira caryophyllea->Aira->Airinae->Poeae->Pooideae->BEP clade->Poaceae->Poales->commelinids->Petrosaviidae->Liliopsida->Mesangiospermae->Magnoliophyta->Spermatophyta->Euphyllophyta->Tracheophyta->Embryophyta->Streptophyta->Chloroplastida->Archaeplastida->Eukaryota->cellular organisms->life" nexsonid "node379600"
pgloadind     taxon mapping OTT ID 664383 taxonomy "Aira cupaniana->Aira->Airinae->Poeae->Pooideae->BEP clade->Poaceae->Poales->commelinids->Petrosaviidae->Liliopsida->Mesangiospermae->Magnoliophyta->Spermatophyta->Euphyllophyta->Tracheophyta->Embryophyta->Streptophyta->Chloroplastida->Archaeplastida->Eukaryota->cellular organisms->life" nexsonid "node379601"
pgloadind     taxon mapping OTT ID 762960 taxonomy "Avenella flexuosa->Avenella->Airinae->Poeae->Pooideae->BEP clade->Poaceae->Poales->commelinids->Petrosaviidae->Liliopsida->Mesangiospermae->Magnoliophyta->Spermatophyta->Euphyllophyta->Tracheophyta->Embryophyta->Streptophyta->Chloroplastida->Archaeplastida->Eukaryota->cellular organisms->life" nexsonid "node379602"
pgloadind     taxon mapping OTT ID 405293 taxonomy "Catabrosa aquatica->Catabrosa->Puccinelliinae->Poeae->Pooideae->BEP clade->Poaceae->Poales->commelinids->Petrosaviidae->Liliopsida->Mesangiospermae->Magnoliophyta->Spermatophyta->Euphyllophyta->Tracheophyta->Embryophyta->Streptophyta->Chloroplastida->Archaeplastida->Eukaryota->cellular organisms->life" nexsonid "node379604"
pgloadind     taxon mapping OTT ID 591698 taxonomy "Puccinellia distans->Puccinellia->Puccinelliinae->Poeae->Pooideae->BEP clade->Poaceae->Poales->commelinids->Petrosaviidae->Liliopsida->Mesangiospermae->Magnoliophyta->Spermatophyta->Euphyllophyta->Tracheophyta->Embryophyta->Streptophyta->Chloroplastida->Archaeplastida->Eukaryota->cellular organisms->life" nexsonid "node379606"
pgloadind     taxon mapping OTT ID 335415 taxonomy "Sclerochloa dura->Sclerochloa->Puccinelliinae->Poeae->Pooideae->BEP clade->Poaceae->Poales->commelinids->Petrosaviidae->Liliopsida->Mesangiospermae->Magnoliophyta->Spermatophyta->Euphyllophyta->Tracheophyta->Embryophyta->Streptophyta->Chloroplastida->Archaeplastida->Eukaryota->cellular organisms->life" nexsonid "node379607"
pgloadind     taxon mapping OTT ID 91935 taxonomy "Alopecurus magellanicus->Alopecurus->Alopecurinae->Poeae->Pooideae->BEP clade->Poaceae->Poales->commelinids->Petrosaviidae->Liliopsida->Mesangiospermae->Magnoliophyta->Spermatophyta->Euphyllophyta->Tracheophyta->Embryophyta->Streptophyta->Chloroplastida->Archaeplastida->Eukaryota->cellular organisms->life" nexsonid "node379612"
pgloadind     taxon mapping OTT ID 91933 taxonomy "Alopecurus textilis->Alopecurus->Alopecurinae->Poeae->Pooideae->BEP clade->Poaceae->Poales->commelinids->Petrosaviidae->Liliopsida->Mesangiospermae->Magnoliophyta->Spermatophyta->Euphyllophyta->Tracheophyta->Embryophyta->Streptophyta->Chloroplastida->Archaeplastida->Eukaryota->cellular organisms->life" nexsonid "node379613"
pgloadind     taxon mapping OTT ID 3950506 taxonomy "Poa violacea->Poa->Poinae->Poeae->Pooideae->BEP clade->Poaceae->Poales->commelinids->Petrosaviidae->Liliopsida->Mesangiospermae->Magnoliophyta->Spermatophyta->Euphyllophyta->Tracheophyta->Embryophyta->Streptophyta->Chloroplastida->Archaeplastida->Eukaryota->cellular organisms->life" nexsonid "node379614"
pgloadind     taxon mapping OTT ID 899634 taxonomy "Arctagrostis latifolia->Arctagrostis->Poinae->Poeae->Pooideae->BEP clade->Poaceae->Poales->commelinids->Petrosaviidae->Liliopsida->Mesangiospermae->Magnoliophyta->Spermatophyta->Euphyllophyta->Tracheophyta->Embryophyta->Streptophyta->Chloroplastida->Archaeplastida->Eukaryota->cellular organisms->life" nexsonid "node379617"
pgloadind     taxon mapping OTT ID 290356 taxonomy "Hookerochloa eriopoda->Hookerochloa->Poinae->Poeae->Pooideae->BEP clade->Poaceae->Poales->commelinids->Petrosaviidae->Liliopsida->Mesangiospermae->Magnoliophyta->Spermatophyta->Euphyllophyta->Tracheophyta->Embryophyta->Streptophyta->Chloroplastida->Archaeplastida->Eukaryota->cellular organisms->life" nexsonid "node379619"
pgloadind     taxon mapping OTT ID 290352 taxonomy "Hookerochloa hookeriana->Hookerochloa->Poinae->Poeae->Pooideae->BEP clade->Poaceae->Poales->commelinids->Petrosaviidae->Liliopsida->Mesangiospermae->Magnoliophyta->Spermatophyta->Euphyllophyta->Tracheophyta->Embryophyta->Streptophyta->Chloroplastida->Archaeplastida->Eukaryota->cellular organisms->life" nexsonid "node379620"
pgloadind     taxon mapping OTT ID 556063 taxonomy "Nicoraepoa andina->Nicoraepoa->Poinae->Poeae->Pooideae->BEP clade->Poaceae->Poales->commelinids->Petrosaviidae->Liliopsida->Mesangiospermae->Magnoliophyta->Spermatophyta->Euphyllophyta->Tracheophyta->Embryophyta->Streptophyta->Chloroplastida->Archaeplastida->Eukaryota->cellular organisms->life" nexsonid "node379621"
pgloadind     taxon mapping OTT ID 35191 taxonomy "Beckmannia syzigachne->Beckmannia->Alopecurinae->Poeae->Pooideae->BEP clade->Poaceae->Poales->commelinids->Petrosaviidae->Liliopsida->Mesangiospermae->Magnoliophyta->Spermatophyta->Euphyllophyta->Tracheophyta->Embryophyta->Streptophyta->Chloroplastida->Archaeplastida->Eukaryota->cellular organisms->life" nexsonid "node379622"
pgloadind     taxon mapping OTT ID 953632 taxonomy "Dupontia fisheri->Dupontia->Poinae->Poeae->Pooideae->BEP clade->Poaceae->Poales->commelinids->Petrosaviidae->Liliopsida->Mesangiospermae->Magnoliophyta->Spermatophyta->Euphyllophyta->Tracheophyta->Embryophyta->Streptophyta->Chloroplastida->Archaeplastida->Eukaryota->cellular organisms->life" nexsonid "node379624"
pgloadind     taxon mapping OTT ID 50053 taxonomy "Poa alpina->Poa->Poinae->Poeae->Pooideae->BEP clade->Poaceae->Poales->commelinids->Petrosaviidae->Liliopsida->Mesangiospermae->Magnoliophyta->Spermatophyta->Euphyllophyta->Tracheophyta->Embryophyta->Streptophyta->Chloroplastida->Archaeplastida->Eukaryota->cellular organisms->life" nexsonid "node379626"
pgloadind     taxon mapping OTT ID 307717 taxonomy "Poa billardierei->Poa->Poinae->Poeae->Pooideae->BEP clade->Poaceae->Poales->commelinids->Petrosaviidae->Liliopsida->Mesangiospermae->Magnoliophyta->Spermatophyta->Euphyllophyta->Tracheophyta->Embryophyta->Streptophyta->Chloroplastida->Archaeplastida->Eukaryota->cellular organisms->life" nexsonid "node379627"
pgloadind     taxon mapping OTT ID 35200 taxonomy "Milium vernale->Milium->Miliinae->Poeae->Pooideae->BEP clade->Poaceae->Poales->commelinids->Petrosaviidae->Liliopsida->Mesangiospermae->Magnoliophyta->Spermatophyta->Euphyllophyta->Tracheophyta->Embryophyta->Streptophyta->Chloroplastida->Archaeplastida->Eukaryota->cellular organisms->life" nexsonid "node379628"
pgloadind     taxon mapping OTT ID 578767 taxonomy "Phleum pratense->Phleum->Alopecurinae->Poeae->Pooideae->BEP clade->Poaceae->Poales->commelinids->Petrosaviidae->Liliopsida->Mesangiospermae->Magnoliophyta->Spermatophyta->Euphyllophyta->Tracheophyta->Embryophyta->Streptophyta->Chloroplastida->Archaeplastida->Eukaryota->cellular organisms->life" nexsonid "node379629"
pgloadind     taxon mapping OTT ID 58513 taxonomy "Deschampsia cespitosa->Deschampsia->Airinae->Poeae->Pooideae->BEP clade->Poaceae->Poales->commelinids->Petrosaviidae->Liliopsida->Mesangiospermae->Magnoliophyta->Spermatophyta->Euphyllophyta->Tracheophyta->Embryophyta->Streptophyta->Chloroplastida->Archaeplastida->Eukaryota->cellular organisms->life" nexsonid "node379654"
pgloadind     taxon mapping OTT ID 546356 taxonomy "Holcus annuus->Holcus->Holcinae->Poeae->Pooideae->BEP clade->Poaceae->Poales->commelinids->Petrosaviidae->Liliopsida->Mesangiospermae->Magnoliophyta->Spermatophyta->Euphyllophyta->Tracheophyta->Embryophyta->Streptophyta->Chloroplastida->Archaeplastida->Eukaryota->cellular organisms->life" nexsonid "node379656"
pgloadind     taxon mapping OTT ID 701008 taxonomy "Vahlodea atropurpurea->Vahlodea->Airinae->Poeae->Pooideae->BEP clade->Poaceae->Poales->commelinids->Petrosaviidae->Liliopsida->Mesangiospermae->Magnoliophyta->Spermatophyta->Euphyllophyta->Tracheophyta->Embryophyta->Streptophyta->Chloroplastida->Archaeplastida->Eukaryota->cellular organisms->life" nexsonid "node379657"
pgloadind     taxon mapping OTT ID 450374 taxonomy "Dielsiochloa floribunda->Dielsiochloa->Aveninae->Poeae->Pooideae->BEP clade->Poaceae->Poales->commelinids->Petrosaviidae->Liliopsida->Mesangiospermae->Magnoliophyta->Spermatophyta->Euphyllophyta->Tracheophyta->Embryophyta->Streptophyta->Chloroplastida->Archaeplastida->Eukaryota->cellular organisms->life" nexsonid "node379641"
pgloadind     taxon mapping OTT ID 202297 taxonomy "Festuca rubra->Festuca->Loliinae->Poeae->Pooideae->BEP clade->Poaceae->Poales->commelinids->Petrosaviidae->Liliopsida->Mesangiospermae->Magnoliophyta->Spermatophyta->Euphyllophyta->Tracheophyta->Embryophyta->Streptophyta->Chloroplastida->Archaeplastida->Eukaryota->cellular organisms->life" nexsonid "node379642"
pgloadind     taxon mapping OTT ID 931505 taxonomy "Festuca subverticillata->Festuca->Loliinae->Poeae->Pooideae->BEP clade->Poaceae->Poales->commelinids->Petrosaviidae->Liliopsida->Mesangiospermae->Magnoliophyta->Spermatophyta->Euphyllophyta->Tracheophyta->Embryophyta->Streptophyta->Chloroplastida->Archaeplastida->Eukaryota->cellular organisms->life" nexsonid "node379643"
pgloadind     taxon mapping OTT ID 931503 taxonomy "Vulpia microstachys->Vulpia->Loliinae->Poeae->Pooideae->BEP clade->Poaceae->Poales->commelinids->Petrosaviidae->Liliopsida->Mesangiospermae->Magnoliophyta->Spermatophyta->Euphyllophyta->Tracheophyta->Embryophyta->Streptophyta->Chloroplastida->Archaeplastida->Eukaryota->cellular organisms->life" nexsonid "node379644"
pgloadind     taxon mapping OTT ID 459580 taxonomy "Leucopoa kingii->Leucopoa->Poinae->Poeae->Pooideae->BEP clade->Poaceae->Poales->commelinids->Petrosaviidae->Liliopsida->Mesangiospermae->Magnoliophyta->Spermatophyta->Euphyllophyta->Tracheophyta->Embryophyta->Streptophyta->Chloroplastida->Archaeplastida->Eukaryota->cellular organisms->life" nexsonid "node379646"
pgloadind     taxon mapping OTT ID 135774 taxonomy "Lolium perenne->Lolium->Loliinae->Poeae->Pooideae->BEP clade->Poaceae->Poales->commelinids->Petrosaviidae->Liliopsida->Mesangiospermae->Magnoliophyta->Spermatophyta->Euphyllophyta->Tracheophyta->Embryophyta->Streptophyta->Chloroplastida->Archaeplastida->Eukaryota->cellular organisms->life" nexsonid "node379649"
pgloadind     taxon mapping OTT ID 459976 taxonomy "Lolium rigidum->Lolium->Loliinae->Poeae->Pooideae->BEP clade->Poaceae->Poales->commelinids->Petrosaviidae->Liliopsida->Mesangiospermae->Magnoliophyta->Spermatophyta->Euphyllophyta->Tracheophyta->Embryophyta->Streptophyta->Chloroplastida->Archaeplastida->Eukaryota->cellular organisms->life" nexsonid "node379650"
pgloadind     taxon mapping OTT ID 105576 taxonomy "Festuca arundinacea->Festuca->Loliinae->Poeae->Pooideae->BEP clade->Poaceae->Poales->commelinids->Petrosaviidae->Liliopsida->Mesangiospermae->Magnoliophyta->Spermatophyta->Euphyllophyta->Tracheophyta->Embryophyta->Streptophyta->Chloroplastida->Archaeplastida->Eukaryota->cellular organisms->life" nexsonid "node379651"
pgloadind     taxon mapping OTT ID 340405 taxonomy "Helictochloa hookeri->Helictochloa->Aveninae->Poeae->Pooideae->BEP clade->Poaceae->Poales->commelinids->Petrosaviidae->Liliopsida->Mesangiospermae->Magnoliophyta->Spermatophyta->Euphyllophyta->Tracheophyta->Embryophyta->Streptophyta->Chloroplastida->Archaeplastida->Eukaryota->cellular organisms->life" nexsonid "node379635"
pgloadind     taxon mapping OTT ID 603867 taxonomy "Cynosurus cristatus->Cynosurus->Cynosurinae->Poeae->Pooideae->BEP clade->Poaceae->Poales->commelinids->Petrosaviidae->Liliopsida->Mesangiospermae->Magnoliophyta->Spermatophyta->Euphyllophyta->Tracheophyta->Embryophyta->Streptophyta->Chloroplastida->Archaeplastida->Eukaryota->cellular organisms->life" nexsonid "node379667"
pgloadind     taxon mapping OTT ID 326562 taxonomy "Cutandia memphitica->Cutandia->Ammochloinae->Poeae->Pooideae->BEP clade->Poaceae->Poales->commelinids->Petrosaviidae->Liliopsida->Mesangiospermae->Magnoliophyta->Spermatophyta->Euphyllophyta->Tracheophyta->Embryophyta->Streptophyta->Chloroplastida->Archaeplastida->Eukaryota->cellular organisms->life" nexsonid "node379663"
pgloadind     taxon mapping OTT ID 405679 taxonomy "Desmazeria sicula->Desmazeria->Ammochloinae->Poeae->Pooideae->BEP clade->Poaceae->Poales->commelinids->Petrosaviidae->Liliopsida->Mesangiospermae->Magnoliophyta->Spermatophyta->Euphyllophyta->Tracheophyta->Embryophyta->Streptophyta->Chloroplastida->Archaeplastida->Eukaryota->cellular organisms->life" nexsonid "node379664"
pgloadind     taxon mapping OTT ID 335410 taxonomy "Parapholis incurva->Parapholis->Ammochloinae->Poeae->Pooideae->BEP clade->Poaceae->Poales->commelinids->Petrosaviidae->Liliopsida->Mesangiospermae->Magnoliophyta->Spermatophyta->Euphyllophyta->Tracheophyta->Embryophyta->Streptophyta->Chloroplastida->Archaeplastida->Eukaryota->cellular organisms->life" nexsonid "node379665"
pgloadind     taxon mapping OTT ID 83469 taxonomy "Dactylis glomerata->Dactylis->Dactylidinae->Poeae->Pooideae->BEP clade->Poaceae->Poales->commelinids->Petrosaviidae->Liliopsida->Mesangiospermae->Magnoliophyta->Spermatophyta->Euphyllophyta->Tracheophyta->Embryophyta->Streptophyta->Chloroplastida->Archaeplastida->Eukaryota->cellular organisms->life" nexsonid "node379669"
pgloadind     taxon mapping OTT ID 976530 taxonomy "Mibora minima->Mibora->Miliinae->Poeae->Pooideae->BEP clade->Poaceae->Poales->commelinids->Petrosaviidae->Liliopsida->Mesangiospermae->Magnoliophyta->Spermatophyta->Euphyllophyta->Tracheophyta->Embryophyta->Streptophyta->Chloroplastida->Archaeplastida->Eukaryota->cellular organisms->life" nexsonid "node379670"
done fixing name
pgloadind Finished with attempts to fix names
pgloadind   Checking for uniqueness of OTT IDs tree id "926"
pgloadind   Adding tree to graph tree id "926"
all trees have all taxa: false
	using bipartition technique
attempting to remap tips to deepest exemplified taxa
	Gastridium ventricosum was remapped to 'Gastridium' (id=3736304)
	Cynosurus cristatus was remapped to 'Cynosurinae' (id=3741974)
	Dichelachne micrantha was remapped to 'Dichelachne' (id=3735123)
	Holcus annuus was remapped to 'Holcinae' (id=3744385)
	Agrostis tenerrima was remapped to 'Agrostis' (id=3736578)
	Amphibromus scabrivalvis was remapped to 'Amphibromus' (id=3743582)
	Mibora minima was remapped to 'Mibora' (id=3734225)
	Podagrostis thurberiana was remapped to 'Podagrostis' (id=3737550)
	Parafestuca albida was remapped to 'Parafestuca' (id=3744376)
	Avena sativa was remapped to 'Avena' (id=3743637)
	Deschampsia cespitosa was remapped to 'Deschampsia' (id=3742199)
	Desmazeria sicula was remapped to 'Desmazeria' (id=3734423)
	Dupontia fisheri was remapped to 'Dupontia' (id=3739308)
	Vahlodea atropurpurea was remapped to 'Vahlodea' (id=3742165)
	Beckmannia syzigachne was remapped to 'Beckmannia' (id=3734465)
	Sclerochloa dura was remapped to 'Sclerochloa' (id=3739964)
	Helictochloa hookeri was remapped to 'Helictochloa' (id=3743401)
	Dielsiochloa floribunda was remapped to 'Dielsiochloa' (id=3744378)
	Parapholis incurva was remapped to 'Parapholis' (id=3734336)
	Milium vernale was remapped to 'Milium' (id=3734249)
	Phleum pratense was remapped to 'Phleum' (id=3734692)
	Arctagrostis latifolia was remapped to 'Arctagrostis' (id=3737605)
	Catabrosa aquatica was remapped to 'Catabrosa' (id=3739980)
	Polypogon monspeliensis was remapped to 'Polypogon' (id=3736362)
	Avenella flexuosa was remapped to 'Avenella' (id=3742476)
	Dactylis glomerata was remapped to 'Dactylidinae' (id=3744444)
	Graphephorum wolfii was remapped to 'Graphephorum' (id=3744179)
	Vulpia microstachys was remapped to 'Vulpia' (id=3740022)
	Leucopoa kingii was remapped to 'Leucopoa' (id=3739332)
	Anthoxanthum odoratum was remapped to 'Phalaridinae' (id=3733881)
	Nicoraepoa andina was remapped to 'Nicoraepoa' (id=3737561)
	Trisetum cernuum subsp. canescens was remapped to 'Trisetum' (id=3742909)
	Briza minor was remapped to 'Briza' (id=3735002)
	Rostraria pubescens was remapped to 'Rostraria' (id=3743267)
	Cutandia memphitica was remapped to 'Cutandia' (id=3734378)
	Puccinellia distans was remapped to 'Puccinellia' (id=3739410)
	Torreyochloa pallida var. pauciflora was remapped to 'Torreyochloinae' (id=3744543)
adding relationships to licas for children
adding relationships to licas for children
adding relationships to licas for children
adding relationships to licas for children
adding relationships to licas for children
adding relationships to licas for children
adding relationships to licas for children
adding relationships to licas for children
adding relationships to licas for children
adding relationships to licas for children
adding relationships to licas for children
adding relationships to licas for children
adding relationships to licas for children
adding relationships to licas for children
adding relationships to licas for children
adding relationships to licas for children
adding relationships to licas for children
adding relationships to licas for children
adding relationships to licas for children
adding relationships to licas for children
adding relationships to licas for children
adding relationships to licas for children
adding relationships to licas for children
adding relationships to licas for children
adding relationships to licas for children
adding relationships to licas for children
adding relationships to licas for children
adding relationships to licas for children
adding relationships to licas for children
adding relationships to licas for children
adding relationships to licas for children
adding relationships to licas for children
adding relationships to licas for children
adding relationships to licas for children
adding relationships to licas for children
adding relationships to licas for children
adding relationships to licas for children
adding relationships to licas for children
adding relationships to licas for children
adding relationships to licas for children
adding relationships to licas for children
adding relationships to licas for children
adding relationships to licas for children
adding relationships to licas for children
adding relationships to licas for children
adding relationships to licas for children
adding relationships to licas for children
adding relationships to licas for children
adding relationships to licas for children
adding relationships to licas for children
adding relationships to licas for children
this is the ROOT
placing root in index
Dealing with metadata property: ot:studyPublicationReference
Adding property 'ot:studyPublicationReference': Soreng, R. J., Davis, J. I., & Voionomaa, M. A. 2007. A phylogenetic analysis of Poaceae tribe Poeae sensu lato based on morphological characters and sequence data from three plastid-encoded genes: Evidence for reticulation, and a new classification of the tribe. Kew Bull. 62: 425-454.
Dealing with metadata property: ot:focalCladeOTTTaxonName
Adding property 'ot:focalCladeOTTTaxonName': Poaceae
Dealing with metadata property: ot:candidateTreeForSynthesis
Adding property 'ot:candidateTreeForSynthesis': tree926
Dealing with metadata property: ot:branchLengthMode
Adding property 'ot:branchLengthMode': 
Dealing with metadata property: ot:branchLengthDescription
Adding property 'ot:branchLengthDescription': 
Dealing with metadata property: ot:comment
Adding property 'ot:comment': 
Dealing with metadata property: ot:outGroupEdge
Adding property 'ot:outGroupEdge': 
Dealing with metadata property: ot:nodeLabelMode
Adding property 'ot:nodeLabelMode': 
Dealing with metadata property: ot:branchLengthTimeUnit
Adding property 'ot:branchLengthTimeUnit': 
Dealing with metadata property: ot:dataDeposit
Adding property 'ot:dataDeposit': http://purl.org/phylo/treebase/phylows/study/TB2:S1689
Dealing with metadata property: ot:studyId
Adding property 'ot:studyId': pg_598
Dealing with metadata property: id
Dealing with metadata property: ot:studyYear
Adding property 'ot:studyYear': 2007
Dealing with metadata property: ot:nodeLabelTimeUnit
Adding property 'ot:nodeLabelTimeUnit': 
Dealing with metadata property: ot:inGroupClade
Adding property 'ot:inGroupClade': node379548
Dealing with metadata property: ot:curatorName
Adding property 'ot:curatorName': Jonathan A Rees
Dealing with metadata property: ot:studyPublication
Adding property 'ot:studyPublication': http://www.jstor.org/stable/20443368
Dealing with metadata property: ot:specifiedRoot
Adding property 'ot:specifiedRoot': node379533
Dealing with metadata property: ot:unrootedTree
Adding property 'ot:unrootedTree': false
Dealing with metadata property: ot:notIntendedForSynthesis
Adding property 'ot:notIntendedForSynthesis': false
Dealing with metadata property: ot:focalClade
Adding property 'ot:focalClade': 508090
Dealing with metadata property: ot:curatedType
Adding property 'ot:curatedType': Fig. 2
adding relationships to licas for children
Committing nodes: 112
11:28:19.193 [main] WARN  o.neo4j.kernel.EmbeddedGraphDatabase - You are using an unsupported Java runtime. Please use Oracle(R) Java(TM) Runtime Environment 7.
