11:29:33.722 [main] WARN  o.neo4j.kernel.EmbeddedGraphDatabase - You are using an unsupported Java runtime. Please use Oracle(R) Java(TM) Runtime Environment 7.
pgloadind OTUs number 88
pgloadind Processing tree @id "940"
pgloadind   tree info number nodes 171
pgloadind   tree info number edges 170
pgloadind   tree info ingroup "node381099"
pgloadind   Setting ingroup root node.
pgloadind   Ingested tree number of external nodes 85
pgloadind   property added ot:studyPublicationReference "Whitten, W. M., Blanco, M. A., Williams, N. H., Koehler, S., Carnevali, G., Singer, R. B., Endara, L., & Neubig, K. 2007. Molecular phylogenetics of Maxillaria and related genera (Orchidaceae: Cymbidieae) based on combined molecular data sets. American J. Bot. 94: 1860-1889."
pgloadind   property added ot:candidateTreeForSynthesis "tree940"
pgloadind   property added ot:focalCladeOTTTaxonName "Cymbidieae"
pgloadind   property added ot:curatorName "Jiabin Deng"
pgloadind   property added ot:dataDeposit "http://purl.org/phylo/treebase/phylows/study/TB2:S2377"
pgloadind   property added ot:studyYear "2007"
pgloadind   property added ot:studyId "pg_603"
pgloadind   property added ot:studyPublication "http://dx.doi.org/10.3732/ajb.94.11.1860"
pgloadind   property added ot:focalClade "595052"
pgloadind   property added ot:unrootedTree "false"
pgloadind   property added ot:curatedType "MP"
pgloadind   property added ot:inGroupClade "node381099"
pgloadind   property added ot:specifiedRoot "node381096"
pgloadind   property added ot:outGroupEdge ""
pgloadind   property added ot:branchLengthTimeUnit ""
pgloadind   property added ot:branchLengthDescription ""
pgloadind   property added ot:branchLengthMode ""
loading a specific tree: 940
pgloadind fixing names in trees
pgloadind   name fixing on tree tree id "940"
pgloadind   all nodes have ottIds
pgloadind     OTT ID reused in tree
pgloadind       duplicate name "Maxillaria calantha" nexsonid "node381197"
pgloadind       duplicate OTT ID 490014
pgloadind     OTT ID reused in tree
pgloadind       duplicate name "Trigonidium egertonianum" nexsonid "node381208"
pgloadind       duplicate OTT ID 38219
pgloadind     OTT ID reused in tree
pgloadind       duplicate name "Cyrtidiorchis alata" nexsonid "node381229"
pgloadind       duplicate OTT ID 382441
pgloadind     pruning dups and overlapping name "Maxillaria calantha" nexsonid "node381197"
pgloadind     pruning dups and overlapping name "Cyrtidiorchis alata" nexsonid "node381229"
pgloadind     pruning dups and overlapping name "Trigonidium egertonianum" nexsonid "node381208"
pgloadind   postpruning newick tree "(((Nitidobulbon_proboscideum,Nitidobulbon_nasutum),((((Heterotaxis_violaceopunctata,Heterotaxis_crassifolia),Heterotaxis_equitans),Heterotaxis_santanae),((Ornithidium_sophronitis,Ornithidium_fulgens),((((Maxillaria_aurea,Ornithidium_canarense),Ornithidium_aggregatum),Maxillaria_alticola),Ornithidium_multicaule)))),((((((((((((Maxillaria_parviflora,Camaridium_horichii),Camaridium_ctenostachys),((Maxillaria_imbricata,Maxillaria_albata,(Camaridium_dendrobioides,Camaridium_scalariforme)),Camaridium_bradeorum)),Maxillaria_camaridii),Camaridium_cucullatum),(((((((((Maxillaria_brachybulbon,Maxillaria_lueri),((((((Maxillaria_guadalupensis,Maxillaria_pachyacron),Maxillaria_elegantula,Maxillaria_grayi,Maxillaria_augustae-victoriae),Maxillaria_longissima),(Maxillaria_lepidota,Maxillaria_angustissima)),Maxillaria_silvana),Maxillaria_confusa)),(((Maxillaria_exaltata,Maxillaria_meridensis),Maxillaria_gentryi),Maxillaria_chionantha)),(Camaridium_ochroleucum,Maxillaria_splendens)),Maxillaria_triloris),((Maxillaria_hennisiana,Maxillaria_porrecta),Maxillaria_acostae)),Maxillaria_pulla),Maxillaria_calantha),Maxillaria_dillonii)),((((Trigonidium_turbinatum,Trigonidium_obtusum),Trigonidium_insigne),Trigonidium_egertonianum),Trigonidium_acuminatum)),((Rhetinantha_notylioglossa,Rhetinantha_acuminata),(((Maxillariella_elatior,Maxillaria_cf_variabilis_Whitten_2737),Maxillariella_oreocharis),(Maxillariella_procurrens,(Maxillariella_ponerantha,Maxillariella_arbuscula))))),(((Sauvetrea_laevilabris,Sauvetrea_chicana),Cyrtidiorchis_alata),((Mormolyca_ringens,((Mormolyca_richii,Maxillaria_suarezorum),Chrysocycnis_schlimii)),Mormolyca_peruviana)),(((Christensonella_ferdinandiana,Christensonella_nardoides),Christensonella_pacholskii),(Mapinguari_longipetiolatus,Mapinguari_auyantepuiensis))),(Brasiliorchis_schunkeana,Brasiliorchis_gracilis)),((Cryptocentrum_peruvianum,Cryptocentrum_roseans),(Maxillaria_bicallosa,Inti_chartacifolia))),(Pityphyllum_laricinum,Pityphyllum_saragurense)))"
pgloadind   taxon mapping summary
pgloadind     taxon mapping OTT ID 3993502 taxonomy "Nitidobulbon proboscideum->Nitidobulbon->Maxillariinae->Maxillarieae->Epidendroideae->Orchidaceae->Asparagales->Petrosaviidae->Liliopsida->Mesangiospermae->Magnoliophyta->Spermatophyta->Euphyllophyta->Tracheophyta->Embryophyta->Streptophyta->Chloroplastida->Archaeplastida->Eukaryota->cellular organisms->life" nexsonid "node381102"
pgloadind     taxon mapping OTT ID 3992966 taxonomy "Nitidobulbon nasutum->Nitidobulbon->Maxillariinae->Maxillarieae->Epidendroideae->Orchidaceae->Asparagales->Petrosaviidae->Liliopsida->Mesangiospermae->Magnoliophyta->Spermatophyta->Euphyllophyta->Tracheophyta->Embryophyta->Streptophyta->Chloroplastida->Archaeplastida->Eukaryota->cellular organisms->life" nexsonid "node381103"
pgloadind     taxon mapping OTT ID 258550 taxonomy "Heterotaxis violaceopunctata->Heterotaxis->Maxillariinae->Maxillarieae->Epidendroideae->Orchidaceae->Asparagales->Petrosaviidae->Liliopsida->Mesangiospermae->Magnoliophyta->Spermatophyta->Euphyllophyta->Tracheophyta->Embryophyta->Streptophyta->Chloroplastida->Archaeplastida->Eukaryota->cellular organisms->life" nexsonid "node381108"
pgloadind     taxon mapping OTT ID 130722 taxonomy "Heterotaxis crassifolia->Heterotaxis->Maxillariinae->Maxillarieae->Epidendroideae->Orchidaceae->Asparagales->Petrosaviidae->Liliopsida->Mesangiospermae->Magnoliophyta->Spermatophyta->Euphyllophyta->Tracheophyta->Embryophyta->Streptophyta->Chloroplastida->Archaeplastida->Eukaryota->cellular organisms->life" nexsonid "node381109"
pgloadind     taxon mapping OTT ID 78187 taxonomy "Heterotaxis equitans->Heterotaxis->Maxillariinae->Maxillarieae->Epidendroideae->Orchidaceae->Asparagales->Petrosaviidae->Liliopsida->Mesangiospermae->Magnoliophyta->Spermatophyta->Euphyllophyta->Tracheophyta->Embryophyta->Streptophyta->Chloroplastida->Archaeplastida->Eukaryota->cellular organisms->life" nexsonid "node381110"
pgloadind     taxon mapping OTT ID 950135 taxonomy "Heterotaxis santanae->Heterotaxis->Maxillariinae->Maxillarieae->Epidendroideae->Orchidaceae->Asparagales->Petrosaviidae->Liliopsida->Mesangiospermae->Magnoliophyta->Spermatophyta->Euphyllophyta->Tracheophyta->Embryophyta->Streptophyta->Chloroplastida->Archaeplastida->Eukaryota->cellular organisms->life" nexsonid "node381111"
pgloadind     taxon mapping OTT ID 424522 taxonomy "Ornithidium sophronitis->Ornithidium->Maxillariinae->Maxillarieae->Epidendroideae->Orchidaceae->Asparagales->Petrosaviidae->Liliopsida->Mesangiospermae->Magnoliophyta->Spermatophyta->Euphyllophyta->Tracheophyta->Embryophyta->Streptophyta->Chloroplastida->Archaeplastida->Eukaryota->cellular organisms->life" nexsonid "node381114"
pgloadind     taxon mapping OTT ID 354140 taxonomy "Ornithidium fulgens->Ornithidium->Maxillariinae->Maxillarieae->Epidendroideae->Orchidaceae->Asparagales->Petrosaviidae->Liliopsida->Mesangiospermae->Magnoliophyta->Spermatophyta->Euphyllophyta->Tracheophyta->Embryophyta->Streptophyta->Chloroplastida->Archaeplastida->Eukaryota->cellular organisms->life" nexsonid "node381115"
pgloadind     taxon mapping OTT ID 432950 taxonomy "Maxillaria aurea->Maxillaria->Maxillariinae->Maxillarieae->Epidendroideae->Orchidaceae->Asparagales->Petrosaviidae->Liliopsida->Mesangiospermae->Magnoliophyta->Spermatophyta->Euphyllophyta->Tracheophyta->Embryophyta->Streptophyta->Chloroplastida->Archaeplastida->Eukaryota->cellular organisms->life" nexsonid "node381120"
pgloadind     taxon mapping OTT ID 86751 taxonomy "Ornithidium canarense->Ornithidium->Maxillariinae->Maxillarieae->Epidendroideae->Orchidaceae->Asparagales->Petrosaviidae->Liliopsida->Mesangiospermae->Magnoliophyta->Spermatophyta->Euphyllophyta->Tracheophyta->Embryophyta->Streptophyta->Chloroplastida->Archaeplastida->Eukaryota->cellular organisms->life" nexsonid "node381121"
pgloadind     taxon mapping OTT ID 258284 taxonomy "Ornithidium aggregatum->Ornithidium->Maxillariinae->Maxillarieae->Epidendroideae->Orchidaceae->Asparagales->Petrosaviidae->Liliopsida->Mesangiospermae->Magnoliophyta->Spermatophyta->Euphyllophyta->Tracheophyta->Embryophyta->Streptophyta->Chloroplastida->Archaeplastida->Eukaryota->cellular organisms->life" nexsonid "node381122"
pgloadind     taxon mapping OTT ID 276437 taxonomy "Maxillaria alticola->Maxillaria->Maxillariinae->Maxillarieae->Epidendroideae->Orchidaceae->Asparagales->Petrosaviidae->Liliopsida->Mesangiospermae->Magnoliophyta->Spermatophyta->Euphyllophyta->Tracheophyta->Embryophyta->Streptophyta->Chloroplastida->Archaeplastida->Eukaryota->cellular organisms->life" nexsonid "node381123"
pgloadind     taxon mapping OTT ID 899193 taxonomy "Ornithidium multicaule->Ornithidium->Maxillariinae->Maxillarieae->Epidendroideae->Orchidaceae->Asparagales->Petrosaviidae->Liliopsida->Mesangiospermae->Magnoliophyta->Spermatophyta->Euphyllophyta->Tracheophyta->Embryophyta->Streptophyta->Chloroplastida->Archaeplastida->Eukaryota->cellular organisms->life" nexsonid "node381124"
pgloadind     taxon mapping OTT ID 849314 taxonomy "Maxillaria parviflora->Maxillaria->Maxillariinae->Maxillarieae->Epidendroideae->Orchidaceae->Asparagales->Petrosaviidae->Liliopsida->Mesangiospermae->Magnoliophyta->Spermatophyta->Euphyllophyta->Tracheophyta->Embryophyta->Streptophyta->Chloroplastida->Archaeplastida->Eukaryota->cellular organisms->life" nexsonid "node381137"
pgloadind     taxon mapping OTT ID 202802 taxonomy "Camaridium horichii->Camaridium->Maxillariinae->Maxillarieae->Epidendroideae->Orchidaceae->Asparagales->Petrosaviidae->Liliopsida->Mesangiospermae->Magnoliophyta->Spermatophyta->Euphyllophyta->Tracheophyta->Embryophyta->Streptophyta->Chloroplastida->Archaeplastida->Eukaryota->cellular organisms->life" nexsonid "node381138"
pgloadind     taxon mapping OTT ID 3976669 taxonomy "Camaridium ctenostachys->Camaridium->Maxillariinae->Maxillarieae->Epidendroideae->Orchidaceae->Asparagales->Petrosaviidae->Liliopsida->Mesangiospermae->Magnoliophyta->Spermatophyta->Euphyllophyta->Tracheophyta->Embryophyta->Streptophyta->Chloroplastida->Archaeplastida->Eukaryota->cellular organisms->life" nexsonid "node381139"
pgloadind     taxon mapping OTT ID 202790 taxonomy "Maxillaria imbricata->Maxillaria->Maxillariinae->Maxillarieae->Epidendroideae->Orchidaceae->Asparagales->Petrosaviidae->Liliopsida->Mesangiospermae->Magnoliophyta->Spermatophyta->Euphyllophyta->Tracheophyta->Embryophyta->Streptophyta->Chloroplastida->Archaeplastida->Eukaryota->cellular organisms->life" nexsonid "node381142"
pgloadind     taxon mapping OTT ID 3977120 taxonomy "Maxillaria albata->Maxillaria->Maxillariinae->Maxillarieae->Epidendroideae->Orchidaceae->Asparagales->Petrosaviidae->Liliopsida->Mesangiospermae->Magnoliophyta->Spermatophyta->Euphyllophyta->Tracheophyta->Embryophyta->Streptophyta->Chloroplastida->Archaeplastida->Eukaryota->cellular organisms->life" nexsonid "node381143"
pgloadind     taxon mapping OTT ID 878873 taxonomy "Camaridium dendrobioides->Camaridium->Maxillariinae->Maxillarieae->Epidendroideae->Orchidaceae->Asparagales->Petrosaviidae->Liliopsida->Mesangiospermae->Magnoliophyta->Spermatophyta->Euphyllophyta->Tracheophyta->Embryophyta->Streptophyta->Chloroplastida->Archaeplastida->Eukaryota->cellular organisms->life" nexsonid "node381145"
pgloadind     taxon mapping OTT ID 950133 taxonomy "Camaridium scalariforme->Camaridium->Maxillariinae->Maxillarieae->Epidendroideae->Orchidaceae->Asparagales->Petrosaviidae->Liliopsida->Mesangiospermae->Magnoliophyta->Spermatophyta->Euphyllophyta->Tracheophyta->Embryophyta->Streptophyta->Chloroplastida->Archaeplastida->Eukaryota->cellular organisms->life" nexsonid "node381146"
pgloadind     taxon mapping OTT ID 1009573 taxonomy "Camaridium bradeorum->Camaridium->Maxillariinae->Maxillarieae->Epidendroideae->Orchidaceae->Asparagales->Petrosaviidae->Liliopsida->Mesangiospermae->Magnoliophyta->Spermatophyta->Euphyllophyta->Tracheophyta->Embryophyta->Streptophyta->Chloroplastida->Archaeplastida->Eukaryota->cellular organisms->life" nexsonid "node381147"
pgloadind     taxon mapping OTT ID 715824 taxonomy "Maxillaria camaridii->Maxillaria->Maxillariinae->Maxillarieae->Epidendroideae->Orchidaceae->Asparagales->Petrosaviidae->Liliopsida->Mesangiospermae->Magnoliophyta->Spermatophyta->Euphyllophyta->Tracheophyta->Embryophyta->Streptophyta->Chloroplastida->Archaeplastida->Eukaryota->cellular organisms->life" nexsonid "node381148"
pgloadind     taxon mapping OTT ID 179407 taxonomy "Camaridium cucullatum->Camaridium->Maxillariinae->Maxillarieae->Epidendroideae->Orchidaceae->Asparagales->Petrosaviidae->Liliopsida->Mesangiospermae->Magnoliophyta->Spermatophyta->Euphyllophyta->Tracheophyta->Embryophyta->Streptophyta->Chloroplastida->Archaeplastida->Eukaryota->cellular organisms->life" nexsonid "node381149"
pgloadind     taxon mapping OTT ID 1009571 taxonomy "Maxillaria brachybulbon->Maxillaria->Maxillariinae->Maxillarieae->Epidendroideae->Orchidaceae->Asparagales->Petrosaviidae->Liliopsida->Mesangiospermae->Magnoliophyta->Spermatophyta->Euphyllophyta->Tracheophyta->Embryophyta->Streptophyta->Chloroplastida->Archaeplastida->Eukaryota->cellular organisms->life" nexsonid "node381159"
pgloadind     taxon mapping OTT ID 1080994 taxonomy "Maxillaria lueri->Maxillaria->Maxillariinae->Maxillarieae->Epidendroideae->Orchidaceae->Asparagales->Petrosaviidae->Liliopsida->Mesangiospermae->Magnoliophyta->Spermatophyta->Euphyllophyta->Tracheophyta->Embryophyta->Streptophyta->Chloroplastida->Archaeplastida->Eukaryota->cellular organisms->life" nexsonid "node381160"
pgloadind     taxon mapping OTT ID 776915 taxonomy "Maxillaria guadalupensis->Maxillaria->Maxillariinae->Maxillarieae->Epidendroideae->Orchidaceae->Asparagales->Petrosaviidae->Liliopsida->Mesangiospermae->Magnoliophyta->Spermatophyta->Euphyllophyta->Tracheophyta->Embryophyta->Streptophyta->Chloroplastida->Archaeplastida->Eukaryota->cellular organisms->life" nexsonid "node381167"
pgloadind     taxon mapping OTT ID 52862 taxonomy "Maxillaria pachyacron->Maxillaria->Maxillariinae->Maxillarieae->Epidendroideae->Orchidaceae->Asparagales->Petrosaviidae->Liliopsida->Mesangiospermae->Magnoliophyta->Spermatophyta->Euphyllophyta->Tracheophyta->Embryophyta->Streptophyta->Chloroplastida->Archaeplastida->Eukaryota->cellular organisms->life" nexsonid "node381168"
pgloadind     taxon mapping OTT ID 340431 taxonomy "Maxillaria elegantula->Maxillaria->Maxillariinae->Maxillarieae->Epidendroideae->Orchidaceae->Asparagales->Petrosaviidae->Liliopsida->Mesangiospermae->Magnoliophyta->Spermatophyta->Euphyllophyta->Tracheophyta->Embryophyta->Streptophyta->Chloroplastida->Archaeplastida->Eukaryota->cellular organisms->life" nexsonid "node381169"
pgloadind     taxon mapping OTT ID 776911 taxonomy "Maxillaria grayi->Maxillaria->Maxillariinae->Maxillarieae->Epidendroideae->Orchidaceae->Asparagales->Petrosaviidae->Liliopsida->Mesangiospermae->Magnoliophyta->Spermatophyta->Euphyllophyta->Tracheophyta->Embryophyta->Streptophyta->Chloroplastida->Archaeplastida->Eukaryota->cellular organisms->life" nexsonid "node381170"
pgloadind     taxon mapping OTT ID 432947 taxonomy "Maxillaria augustae-victoriae->Maxillaria->Maxillariinae->Maxillarieae->Epidendroideae->Orchidaceae->Asparagales->Petrosaviidae->Liliopsida->Mesangiospermae->Magnoliophyta->Spermatophyta->Euphyllophyta->Tracheophyta->Embryophyta->Streptophyta->Chloroplastida->Archaeplastida->Eukaryota->cellular organisms->life" nexsonid "node381171"
pgloadind     taxon mapping OTT ID 340435 taxonomy "Maxillaria longissima->Maxillaria->Maxillariinae->Maxillarieae->Epidendroideae->Orchidaceae->Asparagales->Petrosaviidae->Liliopsida->Mesangiospermae->Magnoliophyta->Spermatophyta->Euphyllophyta->Tracheophyta->Embryophyta->Streptophyta->Chloroplastida->Archaeplastida->Eukaryota->cellular organisms->life" nexsonid "node381172"
pgloadind     taxon mapping OTT ID 253854 taxonomy "Maxillaria lepidota->Maxillaria->Maxillariinae->Maxillarieae->Epidendroideae->Orchidaceae->Asparagales->Petrosaviidae->Liliopsida->Mesangiospermae->Magnoliophyta->Spermatophyta->Euphyllophyta->Tracheophyta->Embryophyta->Streptophyta->Chloroplastida->Archaeplastida->Eukaryota->cellular organisms->life" nexsonid "node381174"
pgloadind     taxon mapping OTT ID 432938 taxonomy "Maxillaria angustissima->Maxillaria->Maxillariinae->Maxillarieae->Epidendroideae->Orchidaceae->Asparagales->Petrosaviidae->Liliopsida->Mesangiospermae->Magnoliophyta->Spermatophyta->Euphyllophyta->Tracheophyta->Embryophyta->Streptophyta->Chloroplastida->Archaeplastida->Eukaryota->cellular organisms->life" nexsonid "node381175"
pgloadind     taxon mapping OTT ID 950143 taxonomy "Maxillaria silvana->Maxillaria->Maxillariinae->Maxillarieae->Epidendroideae->Orchidaceae->Asparagales->Petrosaviidae->Liliopsida->Mesangiospermae->Magnoliophyta->Spermatophyta->Euphyllophyta->Tracheophyta->Embryophyta->Streptophyta->Chloroplastida->Archaeplastida->Eukaryota->cellular organisms->life" nexsonid "node381176"
pgloadind     taxon mapping OTT ID 130714 taxonomy "Maxillaria confusa->Maxillaria->Maxillariinae->Maxillarieae->Epidendroideae->Orchidaceae->Asparagales->Petrosaviidae->Liliopsida->Mesangiospermae->Magnoliophyta->Spermatophyta->Euphyllophyta->Tracheophyta->Embryophyta->Streptophyta->Chloroplastida->Archaeplastida->Eukaryota->cellular organisms->life" nexsonid "node381177"
pgloadind     taxon mapping OTT ID 552509 taxonomy "Maxillaria exaltata->Maxillaria->Maxillariinae->Maxillarieae->Epidendroideae->Orchidaceae->Asparagales->Petrosaviidae->Liliopsida->Mesangiospermae->Magnoliophyta->Spermatophyta->Euphyllophyta->Tracheophyta->Embryophyta->Streptophyta->Chloroplastida->Archaeplastida->Eukaryota->cellular organisms->life" nexsonid "node381181"
pgloadind     taxon mapping OTT ID 504344 taxonomy "Maxillaria meridensis->Maxillaria->Maxillariinae->Maxillarieae->Epidendroideae->Orchidaceae->Asparagales->Petrosaviidae->Liliopsida->Mesangiospermae->Magnoliophyta->Spermatophyta->Euphyllophyta->Tracheophyta->Embryophyta->Streptophyta->Chloroplastida->Archaeplastida->Eukaryota->cellular organisms->life" nexsonid "node381182"
pgloadind     taxon mapping OTT ID 354125 taxonomy "Maxillaria gentryi->Maxillaria->Maxillariinae->Maxillarieae->Epidendroideae->Orchidaceae->Asparagales->Petrosaviidae->Liliopsida->Mesangiospermae->Magnoliophyta->Spermatophyta->Euphyllophyta->Tracheophyta->Embryophyta->Streptophyta->Chloroplastida->Archaeplastida->Eukaryota->cellular organisms->life" nexsonid "node381183"
pgloadind     taxon mapping OTT ID 652567 taxonomy "Maxillaria chionantha->Maxillaria->Maxillariinae->Maxillarieae->Epidendroideae->Orchidaceae->Asparagales->Petrosaviidae->Liliopsida->Mesangiospermae->Magnoliophyta->Spermatophyta->Euphyllophyta->Tracheophyta->Embryophyta->Streptophyta->Chloroplastida->Archaeplastida->Eukaryota->cellular organisms->life" nexsonid "node381184"
pgloadind     taxon mapping OTT ID 52836 taxonomy "Camaridium ochroleucum->Camaridium->Maxillariinae->Maxillarieae->Epidendroideae->Orchidaceae->Asparagales->Petrosaviidae->Liliopsida->Mesangiospermae->Magnoliophyta->Spermatophyta->Euphyllophyta->Tracheophyta->Embryophyta->Streptophyta->Chloroplastida->Archaeplastida->Eukaryota->cellular organisms->life" nexsonid "node381186"
pgloadind     taxon mapping OTT ID 424524 taxonomy "Maxillaria splendens->Maxillaria->Maxillariinae->Maxillarieae->Epidendroideae->Orchidaceae->Asparagales->Petrosaviidae->Liliopsida->Mesangiospermae->Magnoliophyta->Spermatophyta->Euphyllophyta->Tracheophyta->Embryophyta->Streptophyta->Chloroplastida->Archaeplastida->Eukaryota->cellular organisms->life" nexsonid "node381187"
pgloadind     taxon mapping OTT ID 3759 taxonomy "Maxillaria triloris->Maxillaria->Maxillariinae->Maxillarieae->Epidendroideae->Orchidaceae->Asparagales->Petrosaviidae->Liliopsida->Mesangiospermae->Magnoliophyta->Spermatophyta->Euphyllophyta->Tracheophyta->Embryophyta->Streptophyta->Chloroplastida->Archaeplastida->Eukaryota->cellular organisms->life" nexsonid "node381188"
pgloadind     taxon mapping OTT ID 776909 taxonomy "Maxillaria hennisiana->Maxillaria->Maxillariinae->Maxillarieae->Epidendroideae->Orchidaceae->Asparagales->Petrosaviidae->Liliopsida->Mesangiospermae->Magnoliophyta->Spermatophyta->Euphyllophyta->Tracheophyta->Embryophyta->Streptophyta->Chloroplastida->Archaeplastida->Eukaryota->cellular organisms->life" nexsonid "node381191"
pgloadind     taxon mapping OTT ID 702634 taxonomy "Maxillaria porrecta->Maxillaria->Maxillariinae->Maxillarieae->Epidendroideae->Orchidaceae->Asparagales->Petrosaviidae->Liliopsida->Mesangiospermae->Magnoliophyta->Spermatophyta->Euphyllophyta->Tracheophyta->Embryophyta->Streptophyta->Chloroplastida->Archaeplastida->Eukaryota->cellular organisms->life" nexsonid "node381192"
pgloadind     taxon mapping OTT ID 382443 taxonomy "Maxillaria acostae->Maxillaria->Maxillariinae->Maxillarieae->Epidendroideae->Orchidaceae->Asparagales->Petrosaviidae->Liliopsida->Mesangiospermae->Magnoliophyta->Spermatophyta->Euphyllophyta->Tracheophyta->Embryophyta->Streptophyta->Chloroplastida->Archaeplastida->Eukaryota->cellular organisms->life" nexsonid "node381193"
pgloadind     taxon mapping OTT ID 1001228 taxonomy "Maxillaria pulla->Maxillaria->Maxillariinae->Maxillarieae->Epidendroideae->Orchidaceae->Asparagales->Petrosaviidae->Liliopsida->Mesangiospermae->Magnoliophyta->Spermatophyta->Euphyllophyta->Tracheophyta->Embryophyta->Streptophyta->Chloroplastida->Archaeplastida->Eukaryota->cellular organisms->life" nexsonid "node381194"
pgloadind     taxon mapping OTT ID 490014 taxonomy "Maxillaria calantha->Maxillaria->Maxillariinae->Maxillarieae->Epidendroideae->Orchidaceae->Asparagales->Petrosaviidae->Liliopsida->Mesangiospermae->Magnoliophyta->Spermatophyta->Euphyllophyta->Tracheophyta->Embryophyta->Streptophyta->Chloroplastida->Archaeplastida->Eukaryota->cellular organisms->life" nexsonid "node381196"
pgloadind     taxon mapping OTT ID 878861 taxonomy "Maxillaria dillonii->Maxillaria->Maxillariinae->Maxillarieae->Epidendroideae->Orchidaceae->Asparagales->Petrosaviidae->Liliopsida->Mesangiospermae->Magnoliophyta->Spermatophyta->Euphyllophyta->Tracheophyta->Embryophyta->Streptophyta->Chloroplastida->Archaeplastida->Eukaryota->cellular organisms->life" nexsonid "node381198"
pgloadind     taxon mapping OTT ID 420457 taxonomy "Trigonidium turbinatum->Trigonidium->Maxillariinae->Maxillarieae->Epidendroideae->Orchidaceae->Asparagales->Petrosaviidae->Liliopsida->Mesangiospermae->Magnoliophyta->Spermatophyta->Euphyllophyta->Tracheophyta->Embryophyta->Streptophyta->Chloroplastida->Archaeplastida->Eukaryota->cellular organisms->life" nexsonid "node381203"
pgloadind     taxon mapping OTT ID 420453 taxonomy "Trigonidium obtusum->Trigonidium->Maxillariinae->Maxillarieae->Epidendroideae->Orchidaceae->Asparagales->Petrosaviidae->Liliopsida->Mesangiospermae->Magnoliophyta->Spermatophyta->Euphyllophyta->Tracheophyta->Embryophyta->Streptophyta->Chloroplastida->Archaeplastida->Eukaryota->cellular organisms->life" nexsonid "node381204"
pgloadind     taxon mapping OTT ID 420465 taxonomy "Trigonidium insigne->Trigonidium->Maxillariinae->Maxillarieae->Epidendroideae->Orchidaceae->Asparagales->Petrosaviidae->Liliopsida->Mesangiospermae->Magnoliophyta->Spermatophyta->Euphyllophyta->Tracheophyta->Embryophyta->Streptophyta->Chloroplastida->Archaeplastida->Eukaryota->cellular organisms->life" nexsonid "node381205"
pgloadind     taxon mapping OTT ID 38219 taxonomy "Trigonidium egertonianum->Trigonidium->Maxillariinae->Maxillarieae->Epidendroideae->Orchidaceae->Asparagales->Petrosaviidae->Liliopsida->Mesangiospermae->Magnoliophyta->Spermatophyta->Euphyllophyta->Tracheophyta->Embryophyta->Streptophyta->Chloroplastida->Archaeplastida->Eukaryota->cellular organisms->life" nexsonid "node381207"
pgloadind     taxon mapping OTT ID 420461 taxonomy "Trigonidium acuminatum->Trigonidium->Maxillariinae->Maxillarieae->Epidendroideae->Orchidaceae->Asparagales->Petrosaviidae->Liliopsida->Mesangiospermae->Magnoliophyta->Spermatophyta->Euphyllophyta->Tracheophyta->Embryophyta->Streptophyta->Chloroplastida->Archaeplastida->Eukaryota->cellular organisms->life" nexsonid "node381209"
pgloadind     taxon mapping OTT ID 374001 taxonomy "Rhetinantha notylioglossa->Rhetinantha->Maxillariinae->Maxillarieae->Epidendroideae->Orchidaceae->Asparagales->Petrosaviidae->Liliopsida->Mesangiospermae->Magnoliophyta->Spermatophyta->Euphyllophyta->Tracheophyta->Embryophyta->Streptophyta->Chloroplastida->Archaeplastida->Eukaryota->cellular organisms->life" nexsonid "node381212"
pgloadind     taxon mapping OTT ID 382445 taxonomy "Rhetinantha acuminata->Rhetinantha->Maxillariinae->Maxillarieae->Epidendroideae->Orchidaceae->Asparagales->Petrosaviidae->Liliopsida->Mesangiospermae->Magnoliophyta->Spermatophyta->Euphyllophyta->Tracheophyta->Embryophyta->Streptophyta->Chloroplastida->Archaeplastida->Eukaryota->cellular organisms->life" nexsonid "node381213"
pgloadind     taxon mapping OTT ID 304170 taxonomy "Maxillariella elatior->Maxillariella->Maxillariinae->Maxillarieae->Epidendroideae->Orchidaceae->Asparagales->Petrosaviidae->Liliopsida->Mesangiospermae->Magnoliophyta->Spermatophyta->Euphyllophyta->Tracheophyta->Embryophyta->Streptophyta->Chloroplastida->Archaeplastida->Eukaryota->cellular organisms->life" nexsonid "node381217"
pgloadind     taxon mapping OTT ID 32831 taxonomy "Maxillaria cf. variabilis Whitten 2737->Maxillaria->Maxillariinae->Maxillarieae->Epidendroideae->Orchidaceae->Asparagales->Petrosaviidae->Liliopsida->Mesangiospermae->Magnoliophyta->Spermatophyta->Euphyllophyta->Tracheophyta->Embryophyta->Streptophyta->Chloroplastida->Archaeplastida->Eukaryota->cellular organisms->life" nexsonid "node381218"
pgloadind     taxon mapping OTT ID 718273 taxonomy "Maxillariella oreocharis->Maxillariella->Maxillariinae->Maxillarieae->Epidendroideae->Orchidaceae->Asparagales->Petrosaviidae->Liliopsida->Mesangiospermae->Magnoliophyta->Spermatophyta->Euphyllophyta->Tracheophyta->Embryophyta->Streptophyta->Chloroplastida->Archaeplastida->Eukaryota->cellular organisms->life" nexsonid "node381219"
pgloadind     taxon mapping OTT ID 324875 taxonomy "Maxillariella procurrens->Maxillariella->Maxillariinae->Maxillarieae->Epidendroideae->Orchidaceae->Asparagales->Petrosaviidae->Liliopsida->Mesangiospermae->Magnoliophyta->Spermatophyta->Euphyllophyta->Tracheophyta->Embryophyta->Streptophyta->Chloroplastida->Archaeplastida->Eukaryota->cellular organisms->life" nexsonid "node381221"
pgloadind     taxon mapping OTT ID 324897 taxonomy "Maxillariella ponerantha->Maxillariella->Maxillariinae->Maxillarieae->Epidendroideae->Orchidaceae->Asparagales->Petrosaviidae->Liliopsida->Mesangiospermae->Magnoliophyta->Spermatophyta->Euphyllophyta->Tracheophyta->Embryophyta->Streptophyta->Chloroplastida->Archaeplastida->Eukaryota->cellular organisms->life" nexsonid "node381223"
pgloadind     taxon mapping OTT ID 790166 taxonomy "Maxillariella arbuscula->Maxillariella->Maxillariinae->Maxillarieae->Epidendroideae->Orchidaceae->Asparagales->Petrosaviidae->Liliopsida->Mesangiospermae->Magnoliophyta->Spermatophyta->Euphyllophyta->Tracheophyta->Embryophyta->Streptophyta->Chloroplastida->Archaeplastida->Eukaryota->cellular organisms->life" nexsonid "node381224"
pgloadind     taxon mapping OTT ID 828223 taxonomy "Sauvetrea laevilabris->Sauvetrea->Maxillariinae->Maxillarieae->Epidendroideae->Orchidaceae->Asparagales->Petrosaviidae->Liliopsida->Mesangiospermae->Magnoliophyta->Spermatophyta->Euphyllophyta->Tracheophyta->Embryophyta->Streptophyta->Chloroplastida->Archaeplastida->Eukaryota->cellular organisms->life" nexsonid "node381231"
pgloadind     taxon mapping OTT ID 479681 taxonomy "Sauvetrea chicana->Sauvetrea->Maxillariinae->Maxillarieae->Epidendroideae->Orchidaceae->Asparagales->Petrosaviidae->Liliopsida->Mesangiospermae->Magnoliophyta->Spermatophyta->Euphyllophyta->Tracheophyta->Embryophyta->Streptophyta->Chloroplastida->Archaeplastida->Eukaryota->cellular organisms->life" nexsonid "node381232"
pgloadind     taxon mapping OTT ID 382441 taxonomy "Cyrtidiorchis alata->Cyrtidiorchis->Maxillariinae->Maxillarieae->Epidendroideae->Orchidaceae->Asparagales->Petrosaviidae->Liliopsida->Mesangiospermae->Magnoliophyta->Spermatophyta->Euphyllophyta->Tracheophyta->Embryophyta->Streptophyta->Chloroplastida->Archaeplastida->Eukaryota->cellular organisms->life" nexsonid "node381228"
pgloadind     taxon mapping OTT ID 144385 taxonomy "Mormolyca ringens->Mormolyca->Maxillariinae->Maxillarieae->Epidendroideae->Orchidaceae->Asparagales->Petrosaviidae->Liliopsida->Mesangiospermae->Magnoliophyta->Spermatophyta->Euphyllophyta->Tracheophyta->Embryophyta->Streptophyta->Chloroplastida->Archaeplastida->Eukaryota->cellular organisms->life" nexsonid "node381235"
pgloadind     taxon mapping OTT ID 1001216 taxonomy "Mormolyca richii->Mormolyca->Maxillariinae->Maxillarieae->Epidendroideae->Orchidaceae->Asparagales->Petrosaviidae->Liliopsida->Mesangiospermae->Magnoliophyta->Spermatophyta->Euphyllophyta->Tracheophyta->Embryophyta->Streptophyta->Chloroplastida->Archaeplastida->Eukaryota->cellular organisms->life" nexsonid "node381238"
pgloadind     taxon mapping OTT ID 424538 taxonomy "Maxillaria suarezorum->Maxillaria->Maxillariinae->Maxillarieae->Epidendroideae->Orchidaceae->Asparagales->Petrosaviidae->Liliopsida->Mesangiospermae->Magnoliophyta->Spermatophyta->Euphyllophyta->Tracheophyta->Embryophyta->Streptophyta->Chloroplastida->Archaeplastida->Eukaryota->cellular organisms->life" nexsonid "node381239"
pgloadind     taxon mapping OTT ID 907621 taxonomy "Chrysocycnis schlimii->Chrysocycnis->Maxillariinae->Maxillarieae->Epidendroideae->Orchidaceae->Asparagales->Petrosaviidae->Liliopsida->Mesangiospermae->Magnoliophyta->Spermatophyta->Euphyllophyta->Tracheophyta->Embryophyta->Streptophyta->Chloroplastida->Archaeplastida->Eukaryota->cellular organisms->life" nexsonid "node381240"
pgloadind     taxon mapping OTT ID 997569 taxonomy "Mormolyca peruviana->Mormolyca->Maxillariinae->Maxillarieae->Epidendroideae->Orchidaceae->Asparagales->Petrosaviidae->Liliopsida->Mesangiospermae->Magnoliophyta->Spermatophyta->Euphyllophyta->Tracheophyta->Embryophyta->Streptophyta->Chloroplastida->Archaeplastida->Eukaryota->cellular organisms->life" nexsonid "node381241"
pgloadind     taxon mapping OTT ID 277441 taxonomy "Christensonella ferdinandiana->Christensonella->Maxillariinae->Maxillarieae->Epidendroideae->Orchidaceae->Asparagales->Petrosaviidae->Liliopsida->Mesangiospermae->Magnoliophyta->Spermatophyta->Euphyllophyta->Tracheophyta->Embryophyta->Streptophyta->Chloroplastida->Archaeplastida->Eukaryota->cellular organisms->life" nexsonid "node381245"
pgloadind     taxon mapping OTT ID 899203 taxonomy "Christensonella nardoides->Christensonella->Maxillariinae->Maxillarieae->Epidendroideae->Orchidaceae->Asparagales->Petrosaviidae->Liliopsida->Mesangiospermae->Magnoliophyta->Spermatophyta->Euphyllophyta->Tracheophyta->Embryophyta->Streptophyta->Chloroplastida->Archaeplastida->Eukaryota->cellular organisms->life" nexsonid "node381246"
pgloadind     taxon mapping OTT ID 812980 taxonomy "Christensonella pacholskii->Christensonella->Maxillariinae->Maxillarieae->Epidendroideae->Orchidaceae->Asparagales->Petrosaviidae->Liliopsida->Mesangiospermae->Magnoliophyta->Spermatophyta->Euphyllophyta->Tracheophyta->Embryophyta->Streptophyta->Chloroplastida->Archaeplastida->Eukaryota->cellular organisms->life" nexsonid "node381247"
pgloadind     taxon mapping OTT ID 1080992 taxonomy "Mapinguari longipetiolatus->Mapinguari->Maxillariinae->Maxillarieae->Epidendroideae->Orchidaceae->Asparagales->Petrosaviidae->Liliopsida->Mesangiospermae->Magnoliophyta->Spermatophyta->Euphyllophyta->Tracheophyta->Embryophyta->Streptophyta->Chloroplastida->Archaeplastida->Eukaryota->cellular organisms->life" nexsonid "node381249"
pgloadind     taxon mapping OTT ID 790252 taxonomy "Mapinguari auyantepuiensis->Mapinguari->Maxillariinae->Maxillarieae->Epidendroideae->Orchidaceae->Asparagales->Petrosaviidae->Liliopsida->Mesangiospermae->Magnoliophyta->Spermatophyta->Euphyllophyta->Tracheophyta->Embryophyta->Streptophyta->Chloroplastida->Archaeplastida->Eukaryota->cellular organisms->life" nexsonid "node381250"
pgloadind     taxon mapping OTT ID 950126 taxonomy "Brasiliorchis schunkeana->Brasiliorchis->Maxillariinae->Maxillarieae->Epidendroideae->Orchidaceae->Asparagales->Petrosaviidae->Liliopsida->Mesangiospermae->Magnoliophyta->Spermatophyta->Euphyllophyta->Tracheophyta->Embryophyta->Streptophyta->Chloroplastida->Archaeplastida->Eukaryota->cellular organisms->life" nexsonid "node381252"
pgloadind     taxon mapping OTT ID 354127 taxonomy "Brasiliorchis gracilis->Brasiliorchis->Maxillariinae->Maxillarieae->Epidendroideae->Orchidaceae->Asparagales->Petrosaviidae->Liliopsida->Mesangiospermae->Magnoliophyta->Spermatophyta->Euphyllophyta->Tracheophyta->Embryophyta->Streptophyta->Chloroplastida->Archaeplastida->Eukaryota->cellular organisms->life" nexsonid "node381253"
pgloadind     taxon mapping OTT ID 1073281 taxonomy "Cryptocentrum peruvianum->Cryptocentrum->Maxillariinae->Maxillarieae->Epidendroideae->Orchidaceae->Asparagales->Petrosaviidae->Liliopsida->Mesangiospermae->Magnoliophyta->Spermatophyta->Euphyllophyta->Tracheophyta->Embryophyta->Streptophyta->Chloroplastida->Archaeplastida->Eukaryota->cellular organisms->life" nexsonid "node381256"
pgloadind     taxon mapping OTT ID 907615 taxonomy "Cryptocentrum roseans->Cryptocentrum->Maxillariinae->Maxillarieae->Epidendroideae->Orchidaceae->Asparagales->Petrosaviidae->Liliopsida->Mesangiospermae->Magnoliophyta->Spermatophyta->Euphyllophyta->Tracheophyta->Embryophyta->Streptophyta->Chloroplastida->Archaeplastida->Eukaryota->cellular organisms->life" nexsonid "node381257"
pgloadind     taxon mapping OTT ID 1009577 taxonomy "Maxillaria bicallosa->Maxillaria->Maxillariinae->Maxillarieae->Epidendroideae->Orchidaceae->Asparagales->Petrosaviidae->Liliopsida->Mesangiospermae->Magnoliophyta->Spermatophyta->Euphyllophyta->Tracheophyta->Embryophyta->Streptophyta->Chloroplastida->Archaeplastida->Eukaryota->cellular organisms->life" nexsonid "node381259"
pgloadind     taxon mapping OTT ID 652569 taxonomy "Inti chartacifolia->Inti->Maxillariinae->Maxillarieae->Epidendroideae->Orchidaceae->Asparagales->Petrosaviidae->Liliopsida->Mesangiospermae->Magnoliophyta->Spermatophyta->Euphyllophyta->Tracheophyta->Embryophyta->Streptophyta->Chloroplastida->Archaeplastida->Eukaryota->cellular organisms->life" nexsonid "node381260"
pgloadind     taxon mapping OTT ID 997564 taxonomy "Pityphyllum laricinum->Pityphyllum->Maxillariinae->Maxillarieae->Epidendroideae->Orchidaceae->Asparagales->Petrosaviidae->Liliopsida->Mesangiospermae->Magnoliophyta->Spermatophyta->Euphyllophyta->Tracheophyta->Embryophyta->Streptophyta->Chloroplastida->Archaeplastida->Eukaryota->cellular organisms->life" nexsonid "node381262"
pgloadind     taxon mapping OTT ID 534094 taxonomy "Pityphyllum saragurense->Pityphyllum->Maxillariinae->Maxillarieae->Epidendroideae->Orchidaceae->Asparagales->Petrosaviidae->Liliopsida->Mesangiospermae->Magnoliophyta->Spermatophyta->Euphyllophyta->Tracheophyta->Embryophyta->Streptophyta->Chloroplastida->Archaeplastida->Eukaryota->cellular organisms->life" nexsonid "node381263"
done fixing name
pgloadind Finished with attempts to fix names
pgloadind   Checking for uniqueness of OTT IDs tree id "940"
pgloadind   Adding tree to graph tree id "940"
all trees have all taxa: false
	using bipartition technique
attempting to remap tips to deepest exemplified taxa
	Chrysocycnis schlimii was remapped to 'Chrysocycnis' (id=3618954)
	Inti chartacifolia was remapped to 'Inti' (id=3619180)
	Cyrtidiorchis alata was remapped to 'Cyrtidiorchis' (id=3617607)
adding relationships to licas for children
adding relationships to licas for children
adding relationships to licas for children
adding relationships to licas for children
adding relationships to licas for children
adding relationships to licas for children
adding relationships to licas for children
adding relationships to licas for children
adding relationships to licas for children
adding relationships to licas for children
adding relationships to licas for children
adding relationships to licas for children
adding relationships to licas for children
adding relationships to licas for children
adding relationships to licas for children
adding relationships to licas for children
adding relationships to licas for children
adding relationships to licas for children
adding relationships to licas for children
adding relationships to licas for children
adding relationships to licas for children
adding relationships to licas for children
adding relationships to licas for children
adding relationships to licas for children
adding relationships to licas for children
adding relationships to licas for children
adding relationships to licas for children
adding relationships to licas for children
adding relationships to licas for children
adding relationships to licas for children
adding relationships to licas for children
adding relationships to licas for children
adding relationships to licas for children
adding relationships to licas for children
adding relationships to licas for children
adding relationships to licas for children
adding relationships to licas for children
adding relationships to licas for children
adding relationships to licas for children
adding relationships to licas for children
adding relationships to licas for children
adding relationships to licas for children
adding relationships to licas for children
adding relationships to licas for children
adding relationships to licas for children
adding relationships to licas for children
adding relationships to licas for children
adding relationships to licas for children
adding relationships to licas for children
adding relationships to licas for children
adding relationships to licas for children
adding relationships to licas for children
adding relationships to licas for children
adding relationships to licas for children
adding relationships to licas for children
adding relationships to licas for children
adding relationships to licas for children
adding relationships to licas for children
adding relationships to licas for children
adding relationships to licas for children
adding relationships to licas for children
adding relationships to licas for children
adding relationships to licas for children
adding relationships to licas for children
adding relationships to licas for children
adding relationships to licas for children
adding relationships to licas for children
adding relationships to licas for children
adding relationships to licas for children
adding relationships to licas for children
adding relationships to licas for children
adding relationships to licas for children
adding relationships to licas for children
adding relationships to licas for children
adding relationships to licas for children
adding relationships to licas for children
this is the ROOT
placing root in index
Dealing with metadata property: ot:studyPublicationReference
Adding property 'ot:studyPublicationReference': Whitten, W. M., Blanco, M. A., Williams, N. H., Koehler, S., Carnevali, G., Singer, R. B., Endara, L., & Neubig, K. 2007. Molecular phylogenetics of Maxillaria and related genera (Orchidaceae: Cymbidieae) based on combined molecular data sets. American J. Bot. 94: 1860-1889.
Dealing with metadata property: ot:focalCladeOTTTaxonName
Adding property 'ot:focalCladeOTTTaxonName': Cymbidieae
Dealing with metadata property: ot:candidateTreeForSynthesis
Adding property 'ot:candidateTreeForSynthesis': tree940
Dealing with metadata property: ot:branchLengthMode
Adding property 'ot:branchLengthMode': 
Dealing with metadata property: ot:branchLengthDescription
Adding property 'ot:branchLengthDescription': 
Dealing with metadata property: ot:outGroupEdge
Adding property 'ot:outGroupEdge': 
Dealing with metadata property: ot:branchLengthTimeUnit
Adding property 'ot:branchLengthTimeUnit': 
Dealing with metadata property: ot:dataDeposit
Adding property 'ot:dataDeposit': http://purl.org/phylo/treebase/phylows/study/TB2:S2377
Dealing with metadata property: ot:studyId
Adding property 'ot:studyId': pg_603
Dealing with metadata property: id
Dealing with metadata property: ot:studyYear
Adding property 'ot:studyYear': 2007
Dealing with metadata property: ot:inGroupClade
Adding property 'ot:inGroupClade': node381099
Dealing with metadata property: ot:curatorName
Adding property 'ot:curatorName': Jiabin Deng
Dealing with metadata property: ot:studyPublication
Adding property 'ot:studyPublication': http://dx.doi.org/10.3732/ajb.94.11.1860
Dealing with metadata property: ot:specifiedRoot
Adding property 'ot:specifiedRoot': node381096
Dealing with metadata property: ot:unrootedTree
Adding property 'ot:unrootedTree': false
Dealing with metadata property: ot:focalClade
Adding property 'ot:focalClade': 595052
Dealing with metadata property: ot:curatedType
Adding property 'ot:curatedType': MP
adding relationships to licas for children
Committing nodes: 159
11:30:28.661 [main] WARN  o.neo4j.kernel.EmbeddedGraphDatabase - You are using an unsupported Java runtime. Please use Oracle(R) Java(TM) Runtime Environment 7.
