pgloadind OTUs number 13
pgloadind Processing tree @id "5743"
pgloadind   tree info number nodes 25
pgloadind   tree info number edges 24
pgloadind   tree info ingroup "node984355"
pgloadind   Setting ingroup root node.
pgloadind   Ingested tree number of external nodes 12
pgloadind   property added ot:studyPublicationReference "Mort, M. E., Crawford, D. J., & Fairfield, K. N. (2004). Phylogeny and character evolution in California Coreopsis (Asteraceae): insights from morphology and from sequences of the nuclear and plastid genomes. Systematic botany, 29(3), 781-789."
pgloadind   property added ot:studyPublication "http://dx.doi.org/10.1600/0363644041744419"
pgloadind   property added ot:curatorName "William Wysocki"
pgloadind   property added ot:dataDeposit "http://purl.org/phylo/treebase/phylows/study/TB2:S1092"
pgloadind   property added ot:studyId "152"
pgloadind   property added ot:studyYear "2004"
pgloadind   property added ot:focalClade "1001033"
pgloadind   property added ot:focalCladeOTTTaxonName "Coreopsis"
pgloadind   property added ot:inGroupClade "node984355"
pgloadind   property added ot:curatedType "Fig. 1C.1"
loading a specific tree: 5743
pgloadind conducting TNRS on trees
pgloadind   name fixing on tree tree id "5743"
pgloadind   all nodes have ottIds
pgloadind   postpruning newick tree "((Coreopsis_petrophila,Coreopsis_senaria),(((((Coreopsis_californica,Coreopsis_douglasii),Coreopsis_stillmanii),((Coreopsis_bigelovii,Coreopsis_calliopsidea),Coreopsis_hamiltonii)),(Coreopsis_gigantea,Coreopsis_maritima)),(Coreopsis_cyclocarpa,Coreopsis_mutica)))"
pgloadind   taxon mapping summary
pgloadind     taxon mapping OTT ID 789617 taxonomy "Coreopsis petrophila->Coreopsis->Coreopsideae->Heliantheae alliance->Asteroideae->Asteraceae->Asterales->campanulids->asterids->Pentapetalae->Gunneridae->eudicotyledons->Mesangiospermae->Magnoliophyta->Spermatophyta->Euphyllophyta->Tracheophyta->Embryophyta->Streptophyta->Chloroplastida->Archaeplastida->Eukaryota->cellular organisms->life" nexsonid "node984357"
pgloadind     taxon mapping OTT ID 1057389 taxonomy "Coreopsis senaria->Coreopsis->Coreopsideae->Heliantheae alliance->Asteroideae->Asteraceae->Asterales->campanulids->asterids->Pentapetalae->Gunneridae->eudicotyledons->Mesangiospermae->Magnoliophyta->Spermatophyta->Euphyllophyta->Tracheophyta->Embryophyta->Streptophyta->Chloroplastida->Archaeplastida->Eukaryota->cellular organisms->life" nexsonid "node984358"
pgloadind     taxon mapping OTT ID 640326 taxonomy "Coreopsis californica->Coreopsis->Coreopsideae->Heliantheae alliance->Asteroideae->Asteraceae->Asterales->campanulids->asterids->Pentapetalae->Gunneridae->eudicotyledons->Mesangiospermae->Magnoliophyta->Spermatophyta->Euphyllophyta->Tracheophyta->Embryophyta->Streptophyta->Chloroplastida->Archaeplastida->Eukaryota->cellular organisms->life" nexsonid "node984364"
pgloadind     taxon mapping OTT ID 184418 taxonomy "Coreopsis douglasii->Coreopsis->Coreopsideae->Heliantheae alliance->Asteroideae->Asteraceae->Asterales->campanulids->asterids->Pentapetalae->Gunneridae->eudicotyledons->Mesangiospermae->Magnoliophyta->Spermatophyta->Euphyllophyta->Tracheophyta->Embryophyta->Streptophyta->Chloroplastida->Archaeplastida->Eukaryota->cellular organisms->life" nexsonid "node984365"
pgloadind     taxon mapping OTT ID 1057395 taxonomy "Coreopsis stillmanii->Coreopsis->Coreopsideae->Heliantheae alliance->Asteroideae->Asteraceae->Asterales->campanulids->asterids->Pentapetalae->Gunneridae->eudicotyledons->Mesangiospermae->Magnoliophyta->Spermatophyta->Euphyllophyta->Tracheophyta->Embryophyta->Streptophyta->Chloroplastida->Archaeplastida->Eukaryota->cellular organisms->life" nexsonid "node984366"
pgloadind     taxon mapping OTT ID 640322 taxonomy "Coreopsis bigelovii->Coreopsis->Coreopsideae->Heliantheae alliance->Asteroideae->Asteraceae->Asterales->campanulids->asterids->Pentapetalae->Gunneridae->eudicotyledons->Mesangiospermae->Magnoliophyta->Spermatophyta->Euphyllophyta->Tracheophyta->Embryophyta->Streptophyta->Chloroplastida->Archaeplastida->Eukaryota->cellular organisms->life" nexsonid "node984369"
pgloadind     taxon mapping OTT ID 840928 taxonomy "Coreopsis calliopsidea->Coreopsis->Coreopsideae->Heliantheae alliance->Asteroideae->Asteraceae->Asterales->campanulids->asterids->Pentapetalae->Gunneridae->eudicotyledons->Mesangiospermae->Magnoliophyta->Spermatophyta->Euphyllophyta->Tracheophyta->Embryophyta->Streptophyta->Chloroplastida->Archaeplastida->Eukaryota->cellular organisms->life" nexsonid "node984370"
pgloadind     taxon mapping OTT ID 215142 taxonomy "Coreopsis hamiltonii->Coreopsis->Coreopsideae->Heliantheae alliance->Asteroideae->Asteraceae->Asterales->campanulids->asterids->Pentapetalae->Gunneridae->eudicotyledons->Mesangiospermae->Magnoliophyta->Spermatophyta->Euphyllophyta->Tracheophyta->Embryophyta->Streptophyta->Chloroplastida->Archaeplastida->Eukaryota->cellular organisms->life" nexsonid "node984371"
pgloadind     taxon mapping OTT ID 215144 taxonomy "Coreopsis gigantea->Coreopsis->Coreopsideae->Heliantheae alliance->Asteroideae->Asteraceae->Asterales->campanulids->asterids->Pentapetalae->Gunneridae->eudicotyledons->Mesangiospermae->Magnoliophyta->Spermatophyta->Euphyllophyta->Tracheophyta->Embryophyta->Streptophyta->Chloroplastida->Archaeplastida->Eukaryota->cellular organisms->life" nexsonid "node984373"
pgloadind     taxon mapping OTT ID 789609 taxonomy "Coreopsis maritima->Coreopsis->Coreopsideae->Heliantheae alliance->Asteroideae->Asteraceae->Asterales->campanulids->asterids->Pentapetalae->Gunneridae->eudicotyledons->Mesangiospermae->Magnoliophyta->Spermatophyta->Euphyllophyta->Tracheophyta->Embryophyta->Streptophyta->Chloroplastida->Archaeplastida->Eukaryota->cellular organisms->life" nexsonid "node984374"
pgloadind     taxon mapping OTT ID 271107 taxonomy "Coreopsis cyclocarpa->Coreopsis->Coreopsideae->Heliantheae alliance->Asteroideae->Asteraceae->Asterales->campanulids->asterids->Pentapetalae->Gunneridae->eudicotyledons->Mesangiospermae->Magnoliophyta->Spermatophyta->Euphyllophyta->Tracheophyta->Embryophyta->Streptophyta->Chloroplastida->Archaeplastida->Eukaryota->cellular organisms->life" nexsonid "node984376"
pgloadind     taxon mapping OTT ID 789611 taxonomy "Coreopsis mutica->Coreopsis->Coreopsideae->Heliantheae alliance->Asteroideae->Asteraceae->Asterales->campanulids->asterids->Pentapetalae->Gunneridae->eudicotyledons->Mesangiospermae->Magnoliophyta->Spermatophyta->Euphyllophyta->Tracheophyta->Embryophyta->Streptophyta->Chloroplastida->Archaeplastida->Eukaryota->cellular organisms->life" nexsonid "node984377"
done fixing name
pgloadind Finished with attempts to fix names
pgloadind   Checking for uniqueness of OTT IDs tree id "5743"
pgloadind   Adding tree to graph tree id "5743"
all trees have all taxa: false
	using bipartition technique
attempting to remap tips to deepest exemplified taxa
this is the ROOT
placing root in index
Dealing with metadata property: id
Dealing with metadata property: ot:studyPublicationReference
Adding property 'ot:studyPublicationReference': Mort, M. E., Crawford, D. J., & Fairfield, K. N. (2004). Phylogeny and character evolution in California Coreopsis (Asteraceae): insights from morphology and from sequences of the nuclear and plastid genomes. Systematic botany, 29(3), 781-789.
Dealing with metadata property: ot:focalCladeOTTTaxonName
Adding property 'ot:focalCladeOTTTaxonName': Coreopsis
Dealing with metadata property: ot:studyYear
Adding property 'ot:studyYear': 2004
Dealing with metadata property: ot:inGroupClade
Adding property 'ot:inGroupClade': node984355
Dealing with metadata property: ot:curatorName
Adding property 'ot:curatorName': William Wysocki
Dealing with metadata property: ot:studyPublication
Adding property 'ot:studyPublication': http://dx.doi.org/10.1600/0363644041744419
Dealing with metadata property: ot:focalClade
Adding property 'ot:focalClade': 1001033
Dealing with metadata property: ot:curatedType
Adding property 'ot:curatedType': Fig. 1C.1
Dealing with metadata property: ot:studyId
Adding property 'ot:studyId': 152
Dealing with metadata property: ot:dataDeposit
Adding property 'ot:dataDeposit': http://purl.org/phylo/treebase/phylows/study/TB2:S1092
Committing nodes: 23
