pgloadind OTUs number 39
pgloadind Processing tree @id "5862"
pgloadind   tree info number nodes 62
pgloadind   tree info number edges 61
pgloadind   tree info ingroup "node998852"
pgloadind   Setting ingroup root node.
pgloadind   Ingested tree number of external nodes 31
pgloadind   property added ot:studyPublicationReference "Fehlberg, S. D., & Ranker, T. A. (2007). Phylogeny and biogeography of Encelia (Asteraceae) in the sonoran and peninsular deserts based on multiple DNA sequences. Systematic Botany, 32(3), 692-699."
pgloadind   property added ot:studyPublication "http://dx.doi.org/10.1600/036364407782250689"
pgloadind   property added ot:curatorName "William Wysocki"
pgloadind   property added ot:dataDeposit "http://purl.org/phylo/treebase/phylows/study/TB2:S1722"
pgloadind   property added ot:studyId "200"
pgloadind   property added ot:studyYear "2007"
pgloadind   property added ot:focalClade "976278"
pgloadind   property added ot:focalCladeOTTTaxonName "Encelia"
pgloadind   property added ot:inGroupClade "node998852"
pgloadind   property added ot:curatedType "Fig. 1"
pgloadind Processing tree @id "6585"
pgloadind   tree info number nodes 62
pgloadind   tree info number edges 61
pgloadind   tree info ingroup "node1145007"
pgloadind   Setting ingroup root node.
pgloadind   Ingested tree number of external nodes 24
pgloadind   property added ot:studyPublicationReference "Fehlberg, S. D., & Ranker, T. A. (2007). Phylogeny and biogeography of Encelia (Asteraceae) in the sonoran and peninsular deserts based on multiple DNA sequences. Systematic Botany, 32(3), 692-699."
pgloadind   property added ot:studyPublication "http://dx.doi.org/10.1600/036364407782250689"
pgloadind   property added ot:curatorName "William Wysocki"
pgloadind   property added ot:dataDeposit "http://purl.org/phylo/treebase/phylows/study/TB2:S1722"
pgloadind   property added ot:studyId "200"
pgloadind   property added ot:studyYear "2007"
pgloadind   property added ot:focalClade "976278"
pgloadind   property added ot:focalCladeOTTTaxonName "Encelia"
pgloadind   property added ot:inGroupClade "node1145007"
pgloadind   property added ot:curatedType "no internal names"
loading a specific tree: 6585
skipping tree: 5862
pgloadind conducting TNRS on trees
pgloadind   name fixing on tree tree id "6585"
pgloadind   all nodes have ottIds
pgloadind     OTT ID reused in tree
pgloadind       duplicate name "Encelia actoni" nexsonid "node1145011"
pgloadind       duplicate OTT ID 743951
pgloadind     OTT ID reused in tree
pgloadind       duplicate name "Encelia resinifera" nexsonid "node1145015"
pgloadind       duplicate OTT ID 743960
pgloadind     OTT ID reused in tree
pgloadind       duplicate name "Encelia halimifolia" nexsonid "node1145036"
pgloadind       duplicate OTT ID 169646
pgloadind     OTT ID reused in tree
pgloadind       duplicate name "Encelia palmeri" nexsonid "node1145037"
pgloadind       duplicate OTT ID 169650
pgloadind     OTT ID reused in tree
pgloadind       duplicate name "Encelia laciniata" nexsonid "node1145043"
pgloadind       duplicate OTT ID 169648
pgloadind     overlapping tips
pgloadind       overlapping retained name "Encelia frutescens subsp. glandulosa" nexsonid "node1145012"
pgloadind       overlapping pruned name "Encelia frutescens" nexsonid "node1145017"
pgloadind     pruning dups and overlapping name "Encelia frutescens" nexsonid "node1145017"
pgloadind     pruning dups and overlapping name "Encelia laciniata" nexsonid "node1145043"
pgloadind     pruning dups and overlapping name "Encelia palmeri" nexsonid "node1145037"
pgloadind     pruning dups and overlapping name "Encelia resinifera" nexsonid "node1145015"
pgloadind     pruning dups and overlapping name "Encelia halimifolia" nexsonid "node1145036"
pgloadind     pruning dups and overlapping name "Encelia actoni" nexsonid "node1145011"
pgloadind   postpruning newick tree "(((((((Encelia_asperifolia,Encelia_laciniata),(Encelia_halimifolia,Encelia_palmeri)),((Encelia_canescens,Encelia_hispida),Encelia_conspersa),Encelia_densifolia,Encelia_farinosa_var_phenicodonta),(Encelia_ventorum,(Encelia_farinosa_var_farinosa,Encelia_farinosa_var_radians))),Encelia_californica),Encelia_ravenii),(Encelia_actoni,Encelia_frutescens_subsp_glandulosa,Encelia_resinifera,Encelia_virginensis))"
pgloadind   taxon mapping summary
pgloadind     taxon mapping OTT ID 743964 taxonomy "Encelia asperifolia->Encelia->Heliantheae->Heliantheae alliance->Asteroideae->Asteraceae->Asterales->campanulids->asterids->Pentapetalae->Gunneridae->eudicotyledons->Mesangiospermae->Magnoliophyta->Spermatophyta->Euphyllophyta->Tracheophyta->Embryophyta->Streptophyta->Chloroplastida->Archaeplastida->Eukaryota->cellular organisms->life" nexsonid "node1145024"
pgloadind     taxon mapping OTT ID 169648 taxonomy "Encelia laciniata->Encelia->Heliantheae->Heliantheae alliance->Asteroideae->Asteraceae->Asterales->campanulids->asterids->Pentapetalae->Gunneridae->eudicotyledons->Mesangiospermae->Magnoliophyta->Spermatophyta->Euphyllophyta->Tracheophyta->Embryophyta->Streptophyta->Chloroplastida->Archaeplastida->Eukaryota->cellular organisms->life" nexsonid "node1145025"
pgloadind     taxon mapping OTT ID 169646 taxonomy "Encelia halimifolia->Encelia->Heliantheae->Heliantheae alliance->Asteroideae->Asteraceae->Asterales->campanulids->asterids->Pentapetalae->Gunneridae->eudicotyledons->Mesangiospermae->Magnoliophyta->Spermatophyta->Euphyllophyta->Tracheophyta->Embryophyta->Streptophyta->Chloroplastida->Archaeplastida->Eukaryota->cellular organisms->life" nexsonid "node1145027"
pgloadind     taxon mapping OTT ID 169650 taxonomy "Encelia palmeri->Encelia->Heliantheae->Heliantheae alliance->Asteroideae->Asteraceae->Asterales->campanulids->asterids->Pentapetalae->Gunneridae->eudicotyledons->Mesangiospermae->Magnoliophyta->Spermatophyta->Euphyllophyta->Tracheophyta->Embryophyta->Streptophyta->Chloroplastida->Archaeplastida->Eukaryota->cellular organisms->life" nexsonid "node1145028"
pgloadind     taxon mapping OTT ID 111371 taxonomy "Encelia canescens->Encelia->Heliantheae->Heliantheae alliance->Asteroideae->Asteraceae->Asterales->campanulids->asterids->Pentapetalae->Gunneridae->eudicotyledons->Mesangiospermae->Magnoliophyta->Spermatophyta->Euphyllophyta->Tracheophyta->Embryophyta->Streptophyta->Chloroplastida->Archaeplastida->Eukaryota->cellular organisms->life" nexsonid "node1145031"
pgloadind     taxon mapping OTT ID 743962 taxonomy "Encelia hispida->Encelia->Heliantheae->Heliantheae alliance->Asteroideae->Asteraceae->Asterales->campanulids->asterids->Pentapetalae->Gunneridae->eudicotyledons->Mesangiospermae->Magnoliophyta->Spermatophyta->Euphyllophyta->Tracheophyta->Embryophyta->Streptophyta->Chloroplastida->Archaeplastida->Eukaryota->cellular organisms->life" nexsonid "node1145032"
pgloadind     taxon mapping OTT ID 743941 taxonomy "Encelia conspersa->Encelia->Heliantheae->Heliantheae alliance->Asteroideae->Asteraceae->Asterales->campanulids->asterids->Pentapetalae->Gunneridae->eudicotyledons->Mesangiospermae->Magnoliophyta->Spermatophyta->Euphyllophyta->Tracheophyta->Embryophyta->Streptophyta->Chloroplastida->Archaeplastida->Eukaryota->cellular organisms->life" nexsonid "node1145035"
pgloadind     taxon mapping OTT ID 743939 taxonomy "Encelia densifolia->Encelia->Heliantheae->Heliantheae alliance->Asteroideae->Asteraceae->Asterales->campanulids->asterids->Pentapetalae->Gunneridae->eudicotyledons->Mesangiospermae->Magnoliophyta->Spermatophyta->Euphyllophyta->Tracheophyta->Embryophyta->Streptophyta->Chloroplastida->Archaeplastida->Eukaryota->cellular organisms->life" nexsonid "node1145038"
pgloadind     taxon mapping OTT ID 169638 taxonomy "Encelia farinosa var. phenicodonta->Encelia farinosa->Encelia->Heliantheae->Heliantheae alliance->Asteroideae->Asteraceae->Asterales->campanulids->asterids->Pentapetalae->Gunneridae->eudicotyledons->Mesangiospermae->Magnoliophyta->Spermatophyta->Euphyllophyta->Tracheophyta->Embryophyta->Streptophyta->Chloroplastida->Archaeplastida->Eukaryota->cellular organisms->life" nexsonid "node1145039"
pgloadind     taxon mapping OTT ID 380851 taxonomy "Encelia ventorum->Encelia->Heliantheae->Heliantheae alliance->Asteroideae->Asteraceae->Asterales->campanulids->asterids->Pentapetalae->Gunneridae->eudicotyledons->Mesangiospermae->Magnoliophyta->Spermatophyta->Euphyllophyta->Tracheophyta->Embryophyta->Streptophyta->Chloroplastida->Archaeplastida->Eukaryota->cellular organisms->life" nexsonid "node1145041"
pgloadind     taxon mapping OTT ID 169637 taxonomy "Encelia farinosa var. farinosa->Encelia farinosa->Encelia->Heliantheae->Heliantheae alliance->Asteroideae->Asteraceae->Asterales->campanulids->asterids->Pentapetalae->Gunneridae->eudicotyledons->Mesangiospermae->Magnoliophyta->Spermatophyta->Euphyllophyta->Tracheophyta->Embryophyta->Streptophyta->Chloroplastida->Archaeplastida->Eukaryota->cellular organisms->life" nexsonid "node1145045"
pgloadind     taxon mapping OTT ID 169640 taxonomy "Encelia farinosa var. radians->Encelia farinosa->Encelia->Heliantheae->Heliantheae alliance->Asteroideae->Asteraceae->Asterales->campanulids->asterids->Pentapetalae->Gunneridae->eudicotyledons->Mesangiospermae->Magnoliophyta->Spermatophyta->Euphyllophyta->Tracheophyta->Embryophyta->Streptophyta->Chloroplastida->Archaeplastida->Eukaryota->cellular organisms->life" nexsonid "node1145046"
pgloadind     taxon mapping OTT ID 528984 taxonomy "Encelia californica->Encelia->Heliantheae->Heliantheae alliance->Asteroideae->Asteraceae->Asterales->campanulids->asterids->Pentapetalae->Gunneridae->eudicotyledons->Mesangiospermae->Magnoliophyta->Spermatophyta->Euphyllophyta->Tracheophyta->Embryophyta->Streptophyta->Chloroplastida->Archaeplastida->Eukaryota->cellular organisms->life" nexsonid "node1145047"
pgloadind     taxon mapping OTT ID 380843 taxonomy "Encelia ravenii->Encelia->Heliantheae->Heliantheae alliance->Asteroideae->Asteraceae->Asterales->campanulids->asterids->Pentapetalae->Gunneridae->eudicotyledons->Mesangiospermae->Magnoliophyta->Spermatophyta->Euphyllophyta->Tracheophyta->Embryophyta->Streptophyta->Chloroplastida->Archaeplastida->Eukaryota->cellular organisms->life" nexsonid "node1145048"
pgloadind     taxon mapping OTT ID 743951 taxonomy "Encelia actoni->Encelia->Heliantheae->Heliantheae alliance->Asteroideae->Asteraceae->Asterales->campanulids->asterids->Pentapetalae->Gunneridae->eudicotyledons->Mesangiospermae->Magnoliophyta->Spermatophyta->Euphyllophyta->Tracheophyta->Embryophyta->Streptophyta->Chloroplastida->Archaeplastida->Eukaryota->cellular organisms->life" nexsonid "node1145010"
pgloadind     taxon mapping OTT ID 169644 taxonomy "Encelia frutescens subsp. glandulosa->Encelia frutescens->Encelia->Heliantheae->Heliantheae alliance->Asteroideae->Asteraceae->Asterales->campanulids->asterids->Pentapetalae->Gunneridae->eudicotyledons->Mesangiospermae->Magnoliophyta->Spermatophyta->Euphyllophyta->Tracheophyta->Embryophyta->Streptophyta->Chloroplastida->Archaeplastida->Eukaryota->cellular organisms->life" nexsonid "node1145012"
pgloadind     taxon mapping OTT ID 743960 taxonomy "Encelia resinifera->Encelia->Heliantheae->Heliantheae alliance->Asteroideae->Asteraceae->Asterales->campanulids->asterids->Pentapetalae->Gunneridae->eudicotyledons->Mesangiospermae->Magnoliophyta->Spermatophyta->Euphyllophyta->Tracheophyta->Embryophyta->Streptophyta->Chloroplastida->Archaeplastida->Eukaryota->cellular organisms->life" nexsonid "node1145013"
pgloadind     taxon mapping OTT ID 743958 taxonomy "Encelia virginensis->Encelia->Heliantheae->Heliantheae alliance->Asteroideae->Asteraceae->Asterales->campanulids->asterids->Pentapetalae->Gunneridae->eudicotyledons->Mesangiospermae->Magnoliophyta->Spermatophyta->Euphyllophyta->Tracheophyta->Embryophyta->Streptophyta->Chloroplastida->Archaeplastida->Eukaryota->cellular organisms->life" nexsonid "node1145016"
done fixing name
pgloadind Finished with attempts to fix names
pgloadind   Checking for uniqueness of OTT IDs tree id "6585"
pgloadind   Adding tree to graph tree id "6585"
all trees have all taxa: false
	using bipartition technique
attempting to remap tips to deepest exemplified taxa
	Encelia frutescens subsp. glandulosa was remapped to 'Encelia frutescens' (id=2682450)
this is the ROOT
placing root in index
Dealing with metadata property: id
Dealing with metadata property: ot:studyPublicationReference
Adding property 'ot:studyPublicationReference': Fehlberg, S. D., & Ranker, T. A. (2007). Phylogeny and biogeography of Encelia (Asteraceae) in the sonoran and peninsular deserts based on multiple DNA sequences. Systematic Botany, 32(3), 692-699.
Dealing with metadata property: ot:focalCladeOTTTaxonName
Adding property 'ot:focalCladeOTTTaxonName': Encelia
Dealing with metadata property: ot:studyYear
Adding property 'ot:studyYear': 2007
Dealing with metadata property: ot:inGroupClade
Adding property 'ot:inGroupClade': node1145007
Dealing with metadata property: ot:curatorName
Adding property 'ot:curatorName': William Wysocki
Dealing with metadata property: ot:studyPublication
Adding property 'ot:studyPublication': http://dx.doi.org/10.1600/036364407782250689
Dealing with metadata property: ot:focalClade
Adding property 'ot:focalClade': 976278
Dealing with metadata property: ot:curatedType
Adding property 'ot:curatedType': no internal names
Dealing with metadata property: ot:studyId
Adding property 'ot:studyId': 200
Dealing with metadata property: ot:dataDeposit
Adding property 'ot:dataDeposit': http://purl.org/phylo/treebase/phylows/study/TB2:S1722
Committing nodes: 31
