pgloadind OTUs number 48
pgloadind Processing tree @id "6576"
pgloadind   tree info number nodes 86
pgloadind   tree info number edges 85
pgloadind   Ingested tree number of external nodes 48
pgloadind   property added ot:studyPublicationReference "Gottlieb A., Giberti G., & Poggio L. 2003. Molecular analyses of the genus Ilex (Aquifoliaceae) in southern South America, evidence from AFLP and ITS sequence data. American Journal of Botany, null."
pgloadind   property added ot:curatorName "Stephen Smith"
pgloadind   property added ot:dataDeposit "http://purl.org/phylo/treebase/phylows/study/TB2:S1091"
pgloadind   property added ot:studyId "2827"
pgloadind   property added ot:studyYear "2003"
pgloadind   property added ot:focalClade "727571"
pgloadind   property added ot:focalCladeOTTTaxonName "Ilex"
pgloadind   property added ot:curatedType "MajRule"
pgloadind Processing tree @id "6577"
pgloadind   tree info number nodes 86
pgloadind   tree info number edges 85
pgloadind   tree info ingroup "node1143328"
pgloadind   Setting ingroup root node.
pgloadind   Ingested tree number of external nodes 46
pgloadind   property added ot:studyPublicationReference "Gottlieb A., Giberti G., & Poggio L. 2003. Molecular analyses of the genus Ilex (Aquifoliaceae) in southern South America, evidence from AFLP and ITS sequence data. American Journal of Botany, null."
pgloadind   property added ot:curatorName "Stephen Smith"
pgloadind   property added ot:dataDeposit "http://purl.org/phylo/treebase/phylows/study/TB2:S1091"
pgloadind   property added ot:studyId "2827"
pgloadind   property added ot:studyYear "2003"
pgloadind   property added ot:focalClade "727571"
pgloadind   property added ot:focalCladeOTTTaxonName "Ilex"
pgloadind   property added ot:inGroupClade "node1143328"
pgloadind   property added ot:curatedType "Majority rule consensus rooted"
loading a specific tree: 6577
skipping tree: 6576
pgloadind conducting TNRS on trees
pgloadind   name fixing on tree tree id "6577"
pgloadind   all nodes have ottIds
pgloadind     OTT ID reused in tree
pgloadind       duplicate name "Ilex argentina" nexsonid "node1143392"
pgloadind       duplicate OTT ID 302247
pgloadind     OTT ID reused in tree
pgloadind       duplicate name "Ilex theezans" nexsonid "node1143399"
pgloadind       duplicate OTT ID 68451
pgloadind     OTT ID reused in tree
pgloadind       duplicate name "Ilex microdonta" nexsonid "node1143408"
pgloadind       duplicate OTT ID 222016
pgloadind     pruning dups and overlapping name "Ilex theezans" nexsonid "node1143399"
pgloadind     pruning dups and overlapping name "Ilex argentina" nexsonid "node1143392"
pgloadind     pruning dups and overlapping name "Ilex microdonta" nexsonid "node1143408"
pgloadind   postpruning newick tree "((((Ilex_crenata,Ilex_mutchagara),(Ilex_dumosa_var_dumosa,Ilex_dumosa_var_guaranina)),((Ilex_opaca,(Ilex_argentina,Ilex_cassine)),(Ilex_collina,(Ilex_decidua,Ilex_vomitoria)),(Ilex_anomala,(Ilex_rugosa,(((Ilex_integra,(Ilex_beecheyi,Ilex_mertensii,Ilex_percoriacea)),Ilex_x_kiusiana),((Ilex_maximowicziana,(Ilex_cornuta,Ilex_dimorphophylla)),(Ilex_buergeri,Ilex_latifolia,(Ilex_liukiuensis,Ilex_warburgii)))))),(Ilex_amelanchier,Ilex_mucronata),((Ilex_serrata,Ilex_rotunda),Ilex_glabra,((Ilex_canariensis,Ilex_mitis),Ilex_yunnanensis,(Ilex_macropoda,Ilex_micrococca),(Ilex_pedunculosa,((Ilex_brasiliensis,Ilex_theezans),((Ilex_brevicuspis,Ilex_taubertiana),(Ilex_microdonta,Ilex_pseudobuxus)),Ilex_integerrima)))))),Ilex_paraguariensis)"
pgloadind   taxon mapping summary
pgloadind     taxon mapping OTT ID 671004 taxonomy "Ilex crenata->Ilex->Aquifoliaceae->Aquifoliales->campanulids->asterids->Pentapetalae->Gunneridae->eudicotyledons->Mesangiospermae->Magnoliophyta->Spermatophyta->Euphyllophyta->Tracheophyta->Embryophyta->Streptophyta->Chloroplastida->Archaeplastida->Eukaryota->cellular organisms->life" nexsonid "node1143332"
pgloadind     taxon mapping OTT ID 89474 taxonomy "Ilex mutchagara->Ilex->Aquifoliaceae->Aquifoliales->campanulids->asterids->Pentapetalae->Gunneridae->eudicotyledons->Mesangiospermae->Magnoliophyta->Spermatophyta->Euphyllophyta->Tracheophyta->Embryophyta->Streptophyta->Chloroplastida->Archaeplastida->Eukaryota->cellular organisms->life" nexsonid "node1143333"
pgloadind     taxon mapping OTT ID 967819 taxonomy "Ilex dumosa var. dumosa->Ilex dumosa->Ilex->Aquifoliaceae->Aquifoliales->campanulids->asterids->Pentapetalae->Gunneridae->eudicotyledons->Mesangiospermae->Magnoliophyta->Spermatophyta->Euphyllophyta->Tracheophyta->Embryophyta->Streptophyta->Chloroplastida->Archaeplastida->Eukaryota->cellular organisms->life" nexsonid "node1143335"
pgloadind     taxon mapping OTT ID 967823 taxonomy "Ilex dumosa var. guaranina->Ilex dumosa->Ilex->Aquifoliaceae->Aquifoliales->campanulids->asterids->Pentapetalae->Gunneridae->eudicotyledons->Mesangiospermae->Magnoliophyta->Spermatophyta->Euphyllophyta->Tracheophyta->Embryophyta->Streptophyta->Chloroplastida->Archaeplastida->Eukaryota->cellular organisms->life" nexsonid "node1143336"
pgloadind     taxon mapping OTT ID 660052 taxonomy "Ilex opaca->Ilex->Aquifoliaceae->Aquifoliales->campanulids->asterids->Pentapetalae->Gunneridae->eudicotyledons->Mesangiospermae->Magnoliophyta->Spermatophyta->Euphyllophyta->Tracheophyta->Embryophyta->Streptophyta->Chloroplastida->Archaeplastida->Eukaryota->cellular organisms->life" nexsonid "node1143339"
pgloadind     taxon mapping OTT ID 302247 taxonomy "Ilex argentina->Ilex->Aquifoliaceae->Aquifoliales->campanulids->asterids->Pentapetalae->Gunneridae->eudicotyledons->Mesangiospermae->Magnoliophyta->Spermatophyta->Euphyllophyta->Tracheophyta->Embryophyta->Streptophyta->Chloroplastida->Archaeplastida->Eukaryota->cellular organisms->life" nexsonid "node1143341"
pgloadind     taxon mapping OTT ID 468907 taxonomy "Ilex cassine->Ilex->Aquifoliaceae->Aquifoliales->campanulids->asterids->Pentapetalae->Gunneridae->eudicotyledons->Mesangiospermae->Magnoliophyta->Spermatophyta->Euphyllophyta->Tracheophyta->Embryophyta->Streptophyta->Chloroplastida->Archaeplastida->Eukaryota->cellular organisms->life" nexsonid "node1143342"
pgloadind     taxon mapping OTT ID 468913 taxonomy "Ilex collina->Ilex->Aquifoliaceae->Aquifoliales->campanulids->asterids->Pentapetalae->Gunneridae->eudicotyledons->Mesangiospermae->Magnoliophyta->Spermatophyta->Euphyllophyta->Tracheophyta->Embryophyta->Streptophyta->Chloroplastida->Archaeplastida->Eukaryota->cellular organisms->life" nexsonid "node1143344"
pgloadind     taxon mapping OTT ID 676165 taxonomy "Ilex decidua->Ilex->Aquifoliaceae->Aquifoliales->campanulids->asterids->Pentapetalae->Gunneridae->eudicotyledons->Mesangiospermae->Magnoliophyta->Spermatophyta->Euphyllophyta->Tracheophyta->Embryophyta->Streptophyta->Chloroplastida->Archaeplastida->Eukaryota->cellular organisms->life" nexsonid "node1143346"
pgloadind     taxon mapping OTT ID 727576 taxonomy "Ilex vomitoria->Ilex->Aquifoliaceae->Aquifoliales->campanulids->asterids->Pentapetalae->Gunneridae->eudicotyledons->Mesangiospermae->Magnoliophyta->Spermatophyta->Euphyllophyta->Tracheophyta->Embryophyta->Streptophyta->Chloroplastida->Archaeplastida->Eukaryota->cellular organisms->life" nexsonid "node1143347"
pgloadind     taxon mapping OTT ID 432613 taxonomy "Ilex anomala->Ilex->Aquifoliaceae->Aquifoliales->campanulids->asterids->Pentapetalae->Gunneridae->eudicotyledons->Mesangiospermae->Magnoliophyta->Spermatophyta->Euphyllophyta->Tracheophyta->Embryophyta->Streptophyta->Chloroplastida->Archaeplastida->Eukaryota->cellular organisms->life" nexsonid "node1143349"
pgloadind     taxon mapping OTT ID 1015271 taxonomy "Ilex rugosa->Ilex->Aquifoliaceae->Aquifoliales->campanulids->asterids->Pentapetalae->Gunneridae->eudicotyledons->Mesangiospermae->Magnoliophyta->Spermatophyta->Euphyllophyta->Tracheophyta->Embryophyta->Streptophyta->Chloroplastida->Archaeplastida->Eukaryota->cellular organisms->life" nexsonid "node1143351"
pgloadind     taxon mapping OTT ID 751453 taxonomy "Ilex integra->Ilex->Aquifoliaceae->Aquifoliales->campanulids->asterids->Pentapetalae->Gunneridae->eudicotyledons->Mesangiospermae->Magnoliophyta->Spermatophyta->Euphyllophyta->Tracheophyta->Embryophyta->Streptophyta->Chloroplastida->Archaeplastida->Eukaryota->cellular organisms->life" nexsonid "node1143355"
pgloadind     taxon mapping OTT ID 796111 taxonomy "Ilex beecheyi->Ilex->Aquifoliaceae->Aquifoliales->campanulids->asterids->Pentapetalae->Gunneridae->eudicotyledons->Mesangiospermae->Magnoliophyta->Spermatophyta->Euphyllophyta->Tracheophyta->Embryophyta->Streptophyta->Chloroplastida->Archaeplastida->Eukaryota->cellular organisms->life" nexsonid "node1143357"
pgloadind     taxon mapping OTT ID 796109 taxonomy "Ilex mertensii->Ilex->Aquifoliaceae->Aquifoliales->campanulids->asterids->Pentapetalae->Gunneridae->eudicotyledons->Mesangiospermae->Magnoliophyta->Spermatophyta->Euphyllophyta->Tracheophyta->Embryophyta->Streptophyta->Chloroplastida->Archaeplastida->Eukaryota->cellular organisms->life" nexsonid "node1143358"
pgloadind     taxon mapping OTT ID 796107 taxonomy "Ilex percoriacea->Ilex->Aquifoliaceae->Aquifoliales->campanulids->asterids->Pentapetalae->Gunneridae->eudicotyledons->Mesangiospermae->Magnoliophyta->Spermatophyta->Euphyllophyta->Tracheophyta->Embryophyta->Streptophyta->Chloroplastida->Archaeplastida->Eukaryota->cellular organisms->life" nexsonid "node1143359"
pgloadind     taxon mapping OTT ID 5144136 taxonomy "Ilex x kiusiana->Ilex->Aquifoliaceae->Aquifoliales->campanulids->asterids->Pentapetalae->Gunneridae->eudicotyledons->Mesangiospermae->Magnoliophyta->Spermatophyta->Euphyllophyta->Tracheophyta->Embryophyta->Streptophyta->Chloroplastida->Archaeplastida->Eukaryota->cellular organisms->life" nexsonid "node1143360"
pgloadind     taxon mapping OTT ID 89476 taxonomy "Ilex maximowicziana->Ilex->Aquifoliaceae->Aquifoliales->campanulids->asterids->Pentapetalae->Gunneridae->eudicotyledons->Mesangiospermae->Magnoliophyta->Spermatophyta->Euphyllophyta->Tracheophyta->Embryophyta->Streptophyta->Chloroplastida->Archaeplastida->Eukaryota->cellular organisms->life" nexsonid "node1143363"
pgloadind     taxon mapping OTT ID 468915 taxonomy "Ilex cornuta->Ilex->Aquifoliaceae->Aquifoliales->campanulids->asterids->Pentapetalae->Gunneridae->eudicotyledons->Mesangiospermae->Magnoliophyta->Spermatophyta->Euphyllophyta->Tracheophyta->Embryophyta->Streptophyta->Chloroplastida->Archaeplastida->Eukaryota->cellular organisms->life" nexsonid "node1143365"
pgloadind     taxon mapping OTT ID 89483 taxonomy "Ilex dimorphophylla->Ilex->Aquifoliaceae->Aquifoliales->campanulids->asterids->Pentapetalae->Gunneridae->eudicotyledons->Mesangiospermae->Magnoliophyta->Spermatophyta->Euphyllophyta->Tracheophyta->Embryophyta->Streptophyta->Chloroplastida->Archaeplastida->Eukaryota->cellular organisms->life" nexsonid "node1143366"
pgloadind     taxon mapping OTT ID 89480 taxonomy "Ilex buergeri->Ilex->Aquifoliaceae->Aquifoliales->campanulids->asterids->Pentapetalae->Gunneridae->eudicotyledons->Mesangiospermae->Magnoliophyta->Spermatophyta->Euphyllophyta->Tracheophyta->Embryophyta->Streptophyta->Chloroplastida->Archaeplastida->Eukaryota->cellular organisms->life" nexsonid "node1143368"
pgloadind     taxon mapping OTT ID 676217 taxonomy "Ilex latifolia->Ilex->Aquifoliaceae->Aquifoliales->campanulids->asterids->Pentapetalae->Gunneridae->eudicotyledons->Mesangiospermae->Magnoliophyta->Spermatophyta->Euphyllophyta->Tracheophyta->Embryophyta->Streptophyta->Chloroplastida->Archaeplastida->Eukaryota->cellular organisms->life" nexsonid "node1143369"
pgloadind     taxon mapping OTT ID 796105 taxonomy "Ilex liukiuensis->Ilex->Aquifoliaceae->Aquifoliales->campanulids->asterids->Pentapetalae->Gunneridae->eudicotyledons->Mesangiospermae->Magnoliophyta->Spermatophyta->Euphyllophyta->Tracheophyta->Embryophyta->Streptophyta->Chloroplastida->Archaeplastida->Eukaryota->cellular organisms->life" nexsonid "node1143371"
pgloadind     taxon mapping OTT ID 89485 taxonomy "Ilex warburgii->Ilex->Aquifoliaceae->Aquifoliales->campanulids->asterids->Pentapetalae->Gunneridae->eudicotyledons->Mesangiospermae->Magnoliophyta->Spermatophyta->Euphyllophyta->Tracheophyta->Embryophyta->Streptophyta->Chloroplastida->Archaeplastida->Eukaryota->cellular organisms->life" nexsonid "node1143372"
pgloadind     taxon mapping OTT ID 432615 taxonomy "Ilex amelanchier->Ilex->Aquifoliaceae->Aquifoliales->campanulids->asterids->Pentapetalae->Gunneridae->eudicotyledons->Mesangiospermae->Magnoliophyta->Spermatophyta->Euphyllophyta->Tracheophyta->Embryophyta->Streptophyta->Chloroplastida->Archaeplastida->Eukaryota->cellular organisms->life" nexsonid "node1143374"
pgloadind     taxon mapping OTT ID 224625 taxonomy "Ilex mucronata->Ilex->Aquifoliaceae->Aquifoliales->campanulids->asterids->Pentapetalae->Gunneridae->eudicotyledons->Mesangiospermae->Magnoliophyta->Spermatophyta->Euphyllophyta->Tracheophyta->Embryophyta->Streptophyta->Chloroplastida->Archaeplastida->Eukaryota->cellular organisms->life" nexsonid "node1143375"
pgloadind     taxon mapping OTT ID 796121 taxonomy "Ilex serrata->Ilex->Aquifoliaceae->Aquifoliales->campanulids->asterids->Pentapetalae->Gunneridae->eudicotyledons->Mesangiospermae->Magnoliophyta->Spermatophyta->Euphyllophyta->Tracheophyta->Embryophyta->Streptophyta->Chloroplastida->Archaeplastida->Eukaryota->cellular organisms->life" nexsonid "node1143378"
pgloadind     taxon mapping OTT ID 1015268 taxonomy "Ilex rotunda->Ilex->Aquifoliaceae->Aquifoliales->campanulids->asterids->Pentapetalae->Gunneridae->eudicotyledons->Mesangiospermae->Magnoliophyta->Spermatophyta->Euphyllophyta->Tracheophyta->Embryophyta->Streptophyta->Chloroplastida->Archaeplastida->Eukaryota->cellular organisms->life" nexsonid "node1143379"
pgloadind     taxon mapping OTT ID 458761 taxonomy "Ilex glabra->Ilex->Aquifoliaceae->Aquifoliales->campanulids->asterids->Pentapetalae->Gunneridae->eudicotyledons->Mesangiospermae->Magnoliophyta->Spermatophyta->Euphyllophyta->Tracheophyta->Embryophyta->Streptophyta->Chloroplastida->Archaeplastida->Eukaryota->cellular organisms->life" nexsonid "node1143380"
pgloadind     taxon mapping OTT ID 676173 taxonomy "Ilex canariensis->Ilex->Aquifoliaceae->Aquifoliales->campanulids->asterids->Pentapetalae->Gunneridae->eudicotyledons->Mesangiospermae->Magnoliophyta->Spermatophyta->Euphyllophyta->Tracheophyta->Embryophyta->Streptophyta->Chloroplastida->Archaeplastida->Eukaryota->cellular organisms->life" nexsonid "node1143383"
pgloadind     taxon mapping OTT ID 676179 taxonomy "Ilex mitis->Ilex->Aquifoliaceae->Aquifoliales->campanulids->asterids->Pentapetalae->Gunneridae->eudicotyledons->Mesangiospermae->Magnoliophyta->Spermatophyta->Euphyllophyta->Tracheophyta->Embryophyta->Streptophyta->Chloroplastida->Archaeplastida->Eukaryota->cellular organisms->life" nexsonid "node1143384"
pgloadind     taxon mapping OTT ID 1015274 taxonomy "Ilex yunnanensis->Ilex->Aquifoliaceae->Aquifoliales->campanulids->asterids->Pentapetalae->Gunneridae->eudicotyledons->Mesangiospermae->Magnoliophyta->Spermatophyta->Euphyllophyta->Tracheophyta->Embryophyta->Streptophyta->Chloroplastida->Archaeplastida->Eukaryota->cellular organisms->life" nexsonid "node1143385"
pgloadind     taxon mapping OTT ID 796117 taxonomy "Ilex macropoda->Ilex->Aquifoliaceae->Aquifoliales->campanulids->asterids->Pentapetalae->Gunneridae->eudicotyledons->Mesangiospermae->Magnoliophyta->Spermatophyta->Euphyllophyta->Tracheophyta->Embryophyta->Streptophyta->Chloroplastida->Archaeplastida->Eukaryota->cellular organisms->life" nexsonid "node1143387"
pgloadind     taxon mapping OTT ID 676195 taxonomy "Ilex micrococca->Ilex->Aquifoliaceae->Aquifoliales->campanulids->asterids->Pentapetalae->Gunneridae->eudicotyledons->Mesangiospermae->Magnoliophyta->Spermatophyta->Euphyllophyta->Tracheophyta->Embryophyta->Streptophyta->Chloroplastida->Archaeplastida->Eukaryota->cellular organisms->life" nexsonid "node1143388"
pgloadind     taxon mapping OTT ID 751461 taxonomy "Ilex pedunculosa->Ilex->Aquifoliaceae->Aquifoliales->campanulids->asterids->Pentapetalae->Gunneridae->eudicotyledons->Mesangiospermae->Magnoliophyta->Spermatophyta->Euphyllophyta->Tracheophyta->Embryophyta->Streptophyta->Chloroplastida->Archaeplastida->Eukaryota->cellular organisms->life" nexsonid "node1143390"
pgloadind     taxon mapping OTT ID 432622 taxonomy "Ilex brasiliensis->Ilex->Aquifoliaceae->Aquifoliales->campanulids->asterids->Pentapetalae->Gunneridae->eudicotyledons->Mesangiospermae->Magnoliophyta->Spermatophyta->Euphyllophyta->Tracheophyta->Embryophyta->Streptophyta->Chloroplastida->Archaeplastida->Eukaryota->cellular organisms->life" nexsonid "node1143395"
pgloadind     taxon mapping OTT ID 68451 taxonomy "Ilex theezans->Ilex->Aquifoliaceae->Aquifoliales->campanulids->asterids->Pentapetalae->Gunneridae->eudicotyledons->Mesangiospermae->Magnoliophyta->Spermatophyta->Euphyllophyta->Tracheophyta->Embryophyta->Streptophyta->Chloroplastida->Archaeplastida->Eukaryota->cellular organisms->life" nexsonid "node1143396"
pgloadind     taxon mapping OTT ID 432620 taxonomy "Ilex brevicuspis->Ilex->Aquifoliaceae->Aquifoliales->campanulids->asterids->Pentapetalae->Gunneridae->eudicotyledons->Mesangiospermae->Magnoliophyta->Spermatophyta->Euphyllophyta->Tracheophyta->Embryophyta->Streptophyta->Chloroplastida->Archaeplastida->Eukaryota->cellular organisms->life" nexsonid "node1143402"
pgloadind     taxon mapping OTT ID 967825 taxonomy "Ilex taubertiana->Ilex->Aquifoliaceae->Aquifoliales->campanulids->asterids->Pentapetalae->Gunneridae->eudicotyledons->Mesangiospermae->Magnoliophyta->Spermatophyta->Euphyllophyta->Tracheophyta->Embryophyta->Streptophyta->Chloroplastida->Archaeplastida->Eukaryota->cellular organisms->life" nexsonid "node1143403"
pgloadind     taxon mapping OTT ID 222016 taxonomy "Ilex microdonta->Ilex->Aquifoliaceae->Aquifoliales->campanulids->asterids->Pentapetalae->Gunneridae->eudicotyledons->Mesangiospermae->Magnoliophyta->Spermatophyta->Euphyllophyta->Tracheophyta->Embryophyta->Streptophyta->Chloroplastida->Archaeplastida->Eukaryota->cellular organisms->life" nexsonid "node1143406"
pgloadind     taxon mapping OTT ID 1015266 taxonomy "Ilex pseudobuxus->Ilex->Aquifoliaceae->Aquifoliales->campanulids->asterids->Pentapetalae->Gunneridae->eudicotyledons->Mesangiospermae->Magnoliophyta->Spermatophyta->Euphyllophyta->Tracheophyta->Embryophyta->Streptophyta->Chloroplastida->Archaeplastida->Eukaryota->cellular organisms->life" nexsonid "node1143407"
pgloadind     taxon mapping OTT ID 171374 taxonomy "Ilex integerrima->Ilex->Aquifoliaceae->Aquifoliales->campanulids->asterids->Pentapetalae->Gunneridae->eudicotyledons->Mesangiospermae->Magnoliophyta->Spermatophyta->Euphyllophyta->Tracheophyta->Embryophyta->Streptophyta->Chloroplastida->Archaeplastida->Eukaryota->cellular organisms->life" nexsonid "node1143398"
pgloadind     taxon mapping OTT ID 589430 taxonomy "Ilex paraguariensis->Ilex->Aquifoliaceae->Aquifoliales->campanulids->asterids->Pentapetalae->Gunneridae->eudicotyledons->Mesangiospermae->Magnoliophyta->Spermatophyta->Euphyllophyta->Tracheophyta->Embryophyta->Streptophyta->Chloroplastida->Archaeplastida->Eukaryota->cellular organisms->life" nexsonid "node1143409"
done fixing name
pgloadind Finished with attempts to fix names
pgloadind   Checking for uniqueness of OTT IDs tree id "6577"
pgloadind   Adding tree to graph tree id "6577"
all trees have all taxa: false
	using bipartition technique
attempting to remap tips to deepest exemplified taxa
this is the ROOT
placing root in index
Dealing with metadata property: id
Dealing with metadata property: ot:studyPublicationReference
Adding property 'ot:studyPublicationReference': Gottlieb A., Giberti G., & Poggio L. 2003. Molecular analyses of the genus Ilex (Aquifoliaceae) in southern South America, evidence from AFLP and ITS sequence data. American Journal of Botany, null.
Dealing with metadata property: ot:focalCladeOTTTaxonName
Adding property 'ot:focalCladeOTTTaxonName': Ilex
Dealing with metadata property: ot:studyYear
Adding property 'ot:studyYear': 2003
Dealing with metadata property: ot:inGroupClade
Adding property 'ot:inGroupClade': node1143328
Dealing with metadata property: ot:curatorName
Adding property 'ot:curatorName': Stephen Smith
Dealing with metadata property: ot:focalClade
Adding property 'ot:focalClade': 727571
Dealing with metadata property: ot:curatedType
Adding property 'ot:curatedType': Majority rule consensus rooted
Dealing with metadata property: ot:studyId
Adding property 'ot:studyId': 2827
Dealing with metadata property: ot:dataDeposit
Adding property 'ot:dataDeposit': http://purl.org/phylo/treebase/phylows/study/TB2:S1091
Committing nodes: 76
