pgloadind OTUs number 75
pgloadind Processing tree @id "2193"
pgloadind   tree info number nodes 100
pgloadind   tree info number edges 99
pgloadind   tree info ingroup "node536465"
pgloadind   Setting ingroup root node.
pgloadind   Ingested tree number of external nodes 72
pgloadind   property added ot:studyPublicationReference "Gernandt D., Hernandez-leon S., Perez de la rosa J., Salgado-hernandez E., Rosa J. 2009. Phylogenetic relationships of Pinus subsection Ponderosae inferred from rapidly evolving cpDNA regions. Systematic Botany, 34(3): 481-491."
pgloadind   property added ot:studyPublication "http://dx.doi.org/10.1600/036364409789271290"
pgloadind   property added ot:curatorName "bryan drew"
pgloadind   property added ot:dataDeposit "http://purl.org/phylo/treebase/phylows/study/TB2:S2244"
pgloadind   property added ot:studyId "1105"
pgloadind   property added ot:studyYear "2009"
pgloadind   property added ot:focalClade "771683"
pgloadind   property added ot:focalCladeOTTTaxonName "Pinus"
pgloadind   property added ot:inGroupClade "node536465"
pgloadind   property added ot:curatedType "Fig. 2"
loading a specific tree: 2193
pgloadind conducting TNRS on trees
pgloadind   name fixing on tree tree id "2193"
pgloadind     OTT ID missing name "Pinus donnell-smithii SAQ1" nexsonid "node536508"
pgloadind     OTT ID missing name "Pinus donnell-smithii SAQ2" nexsonid "node536509"
pgloadind   TNRS unmatched total number 2
pgloadind     pruning unmapped name "Pinus donnell-smithii SAQ1" nexsonid "node536508"
pgloadind     pruning unmapped name "Pinus donnell-smithii SAQ2" nexsonid "node536509"
pgloadind     OTT ID reused in tree
pgloadind       duplicate name "Pinus arizonica" nexsonid "node536471"
pgloadind       duplicate OTT ID 111011
pgloadind     OTT ID reused in tree
pgloadind       duplicate name "Pinus arizonica" nexsonid "node536474"
pgloadind       duplicate OTT ID 111011
pgloadind     OTT ID reused in tree
pgloadind       duplicate name "Pinus arizonica" nexsonid "node536475"
pgloadind       duplicate OTT ID 111011
pgloadind     OTT ID reused in tree
pgloadind       duplicate name "Pinus arizonica var. cooperi" nexsonid "node536477"
pgloadind       duplicate OTT ID 355632
pgloadind     OTT ID reused in tree
pgloadind       duplicate name "Pinus ponderosa var. scopulorum" nexsonid "node536480"
pgloadind       duplicate OTT ID 736903
pgloadind     OTT ID reused in tree
pgloadind       duplicate name "Pinus arizonica var. cooperi" nexsonid "node536482"
pgloadind       duplicate OTT ID 355632
pgloadind     OTT ID reused in tree
pgloadind       duplicate name "Pinus ponderosa var. scopulorum" nexsonid "node536483"
pgloadind       duplicate OTT ID 736903
pgloadind     OTT ID reused in tree
pgloadind       duplicate name "Pinus durangensis" nexsonid "node536484"
pgloadind       duplicate OTT ID 111015
pgloadind     OTT ID reused in tree
pgloadind       duplicate name "Pinus durangensis" nexsonid "node536485"
pgloadind       duplicate OTT ID 111015
pgloadind     OTT ID reused in tree
pgloadind       duplicate name "Pinus ponderosa var. scopulorum" nexsonid "node536486"
pgloadind       duplicate OTT ID 736903
pgloadind     OTT ID reused in tree
pgloadind       duplicate name "Pinus devoniana" nexsonid "node536489"
pgloadind       duplicate OTT ID 635129
pgloadind     OTT ID reused in tree
pgloadind       duplicate name "Pinus devoniana" nexsonid "node536490"
pgloadind       duplicate OTT ID 635129
pgloadind     OTT ID reused in tree
pgloadind       duplicate name "Pinus engelmannii" nexsonid "node536492"
pgloadind       duplicate OTT ID 736889
pgloadind     OTT ID reused in tree
pgloadind       duplicate name "Pinus douglasiana" nexsonid "node536495"
pgloadind       duplicate OTT ID 212459
pgloadind     OTT ID reused in tree
pgloadind       duplicate name "Pinus douglasiana" nexsonid "node536496"
pgloadind       duplicate OTT ID 212459
pgloadind     OTT ID reused in tree
pgloadind       duplicate name "Pinus maximinoi" nexsonid "node536500"
pgloadind       duplicate OTT ID 217111
pgloadind     OTT ID reused in tree
pgloadind       duplicate name "Pinus engelmannii" nexsonid "node536501"
pgloadind       duplicate OTT ID 736889
pgloadind     OTT ID reused in tree
pgloadind       duplicate name "Pinus maximinoi" nexsonid "node536504"
pgloadind       duplicate OTT ID 217111
pgloadind     OTT ID reused in tree
pgloadind       duplicate name "Pinus hartwegii" nexsonid "node536506"
pgloadind       duplicate OTT ID 212471
pgloadind     OTT ID reused in tree
pgloadind       duplicate name "Pinus hartwegii" nexsonid "node536507"
pgloadind       duplicate OTT ID 212471
pgloadind     OTT ID reused in tree
pgloadind       duplicate name "Pinus nubicola" nexsonid "node536511"
pgloadind       duplicate OTT ID 613815
pgloadind     OTT ID reused in tree
pgloadind       duplicate name "Pinus nubicola" nexsonid "node536512"
pgloadind       duplicate OTT ID 613815
pgloadind     OTT ID reused in tree
pgloadind       duplicate name "Pinus pseudostrobus" nexsonid "node536515"
pgloadind       duplicate OTT ID 901392
pgloadind     OTT ID reused in tree
pgloadind       duplicate name "Pinus pseudostrobus" nexsonid "node536516"
pgloadind       duplicate OTT ID 901392
pgloadind     OTT ID reused in tree
pgloadind       duplicate name "Pinus pseudostrobus" nexsonid "node536517"
pgloadind       duplicate OTT ID 901392
pgloadind     OTT ID reused in tree
pgloadind       duplicate name "Pinus pseudostrobus" nexsonid "node536518"
pgloadind       duplicate OTT ID 901392
pgloadind     OTT ID reused in tree
pgloadind       duplicate name "Pinus pseudostrobus" nexsonid "node536519"
pgloadind       duplicate OTT ID 901392
pgloadind     OTT ID reused in tree
pgloadind       duplicate name "Pinus pseudostrobus" nexsonid "node536520"
pgloadind       duplicate OTT ID 901392
pgloadind     OTT ID reused in tree
pgloadind       duplicate name "Pinus pseudostrobus" nexsonid "node536521"
pgloadind       duplicate OTT ID 901392
pgloadind     OTT ID reused in tree
pgloadind       duplicate name "Pinus hartwegii" nexsonid "node536522"
pgloadind       duplicate OTT ID 212471
pgloadind     OTT ID reused in tree
pgloadind       duplicate name "Pinus hartwegii" nexsonid "node536523"
pgloadind       duplicate OTT ID 212471
pgloadind     OTT ID reused in tree
pgloadind       duplicate name "Pinus montezumae" nexsonid "node536526"
pgloadind       duplicate OTT ID 837875
pgloadind     OTT ID reused in tree
pgloadind       duplicate name "Pinus pseudostrobus" nexsonid "node536527"
pgloadind       duplicate OTT ID 901392
pgloadind     OTT ID reused in tree
pgloadind       duplicate name "Pinus montezumae" nexsonid "node536528"
pgloadind       duplicate OTT ID 837875
pgloadind     OTT ID reused in tree
pgloadind       duplicate name "Pinus ponderosa" nexsonid "node536531"
pgloadind       duplicate OTT ID 736900
pgloadind     OTT ID reused in tree
pgloadind       duplicate name "Pinus ponderosa" nexsonid "node536532"
pgloadind       duplicate OTT ID 736900
pgloadind     OTT ID reused in tree
pgloadind       duplicate name "Pinus washoensis" nexsonid "node536534"
pgloadind       duplicate OTT ID 736894
pgloadind     OTT ID reused in tree
pgloadind       duplicate name "Pinus washoensis" nexsonid "node536535"
pgloadind       duplicate OTT ID 736894
pgloadind     OTT ID reused in tree
pgloadind       duplicate name "Pinus coulteri" nexsonid "node536539"
pgloadind       duplicate OTT ID 1075721
pgloadind     OTT ID reused in tree
pgloadind       duplicate name "Pinus sabiniana" nexsonid "node536541"
pgloadind       duplicate OTT ID 113478
pgloadind     OTT ID reused in tree
pgloadind       duplicate name "Pinus torreyana" nexsonid "node536544"
pgloadind       duplicate OTT ID 635132
pgloadind     OTT ID reused in tree
pgloadind       duplicate name "Pinus jeffreyi" nexsonid "node536546"
pgloadind       duplicate OTT ID 736886
pgloadind     OTT ID reused in tree
pgloadind       duplicate name "Pinus jeffreyi" nexsonid "node536547"
pgloadind       duplicate OTT ID 736886
pgloadind     OTT ID reused in tree
pgloadind       duplicate name "Pinus jeffreyi" nexsonid "node536548"
pgloadind       duplicate OTT ID 736886
pgloadind     OTT ID reused in tree
pgloadind       duplicate name "Pinus jeffreyi" nexsonid "node536549"
pgloadind       duplicate OTT ID 736886
pgloadind     OTT ID reused in tree
pgloadind       duplicate name "Pinus ponderosa" nexsonid "node536550"
pgloadind       duplicate OTT ID 736900
pgloadind     overlapping tips
pgloadind       overlapping retained name "Pinus arizonica var. cooperi" nexsonid "node536476"
pgloadind       overlapping pruned name "Pinus arizonica" nexsonid "node536470"
pgloadind     overlapping tips
pgloadind       overlapping retained name "Pinus ponderosa var. scopulorum" nexsonid "node536479"
pgloadind       overlapping pruned name "Pinus ponderosa" nexsonid "node536530"
pgloadind     pruning dups and overlapping name "Pinus douglasiana" nexsonid "node536496"
pgloadind     pruning dups and overlapping name "Pinus pseudostrobus" nexsonid "node536527"
pgloadind     pruning dups and overlapping name "Pinus ponderosa var. scopulorum" nexsonid "node536483"
pgloadind     pruning dups and overlapping name "Pinus torreyana" nexsonid "node536544"
pgloadind     pruning dups and overlapping name "Pinus ponderosa var. scopulorum" nexsonid "node536480"
pgloadind     pruning dups and overlapping name "Pinus nubicola" nexsonid "node536511"
pgloadind     pruning dups and overlapping name "Pinus arizonica" nexsonid "node536474"
pgloadind     pruning dups and overlapping name "Pinus ponderosa" nexsonid "node536550"
pgloadind     pruning dups and overlapping name "Pinus washoensis" nexsonid "node536534"
pgloadind     pruning dups and overlapping name "Pinus devoniana" nexsonid "node536489"
pgloadind     pruning dups and overlapping name "Pinus pseudostrobus" nexsonid "node536521"
pgloadind     pruning dups and overlapping name "Pinus ponderosa" nexsonid "node536530"
pgloadind     pruning dups and overlapping name "Pinus jeffreyi" nexsonid "node536546"
pgloadind     pruning dups and overlapping name "Pinus ponderosa var. scopulorum" nexsonid "node536486"
pgloadind     pruning dups and overlapping name "Pinus arizonica var. cooperi" nexsonid "node536482"
pgloadind     pruning dups and overlapping name "Pinus arizonica" nexsonid "node536471"
pgloadind     pruning dups and overlapping name "Pinus jeffreyi" nexsonid "node536549"
pgloadind     pruning dups and overlapping name "Pinus pseudostrobus" nexsonid "node536519"
pgloadind     pruning dups and overlapping name "Pinus hartwegii" nexsonid "node536506"
pgloadind     pruning dups and overlapping name "Pinus durangensis" nexsonid "node536485"
pgloadind     pruning dups and overlapping name "Pinus maximinoi" nexsonid "node536504"
pgloadind     pruning dups and overlapping name "Pinus hartwegii" nexsonid "node536522"
pgloadind     pruning dups and overlapping name "Pinus hartwegii" nexsonid "node536523"
pgloadind     pruning dups and overlapping name "Pinus nubicola" nexsonid "node536512"
pgloadind     pruning dups and overlapping name "Pinus jeffreyi" nexsonid "node536548"
pgloadind     pruning dups and overlapping name "Pinus arizonica" nexsonid "node536475"
pgloadind     pruning dups and overlapping name "Pinus montezumae" nexsonid "node536528"
pgloadind     pruning dups and overlapping name "Pinus engelmannii" nexsonid "node536501"
pgloadind     pruning dups and overlapping name "Pinus pseudostrobus" nexsonid "node536515"
pgloadind     pruning dups and overlapping name "Pinus hartwegii" nexsonid "node536507"
pgloadind     pruning dups and overlapping name "Pinus pseudostrobus" nexsonid "node536516"
pgloadind     pruning dups and overlapping name "Pinus montezumae" nexsonid "node536526"
pgloadind     pruning dups and overlapping name "Pinus pseudostrobus" nexsonid "node536518"
pgloadind     pruning dups and overlapping name "Pinus washoensis" nexsonid "node536535"
pgloadind     pruning dups and overlapping name "Pinus arizonica var. cooperi" nexsonid "node536477"
pgloadind     pruning dups and overlapping name "Pinus pseudostrobus" nexsonid "node536517"
pgloadind     pruning dups and overlapping name "Pinus engelmannii" nexsonid "node536492"
pgloadind     pruning dups and overlapping name "Pinus sabiniana" nexsonid "node536541"
pgloadind     pruning dups and overlapping name "Pinus ponderosa" nexsonid "node536531"
pgloadind     pruning dups and overlapping name "Pinus maximinoi" nexsonid "node536500"
pgloadind     pruning dups and overlapping name "Pinus devoniana" nexsonid "node536490"
pgloadind     pruning dups and overlapping name "Pinus arizonica" nexsonid "node536470"
pgloadind     pruning dups and overlapping name "Pinus durangensis" nexsonid "node536484"
pgloadind     pruning dups and overlapping name "Pinus ponderosa" nexsonid "node536532"
pgloadind     pruning dups and overlapping name "Pinus jeffreyi" nexsonid "node536547"
pgloadind     pruning dups and overlapping name "Pinus coulteri" nexsonid "node536539"
pgloadind     pruning dups and overlapping name "Pinus pseudostrobus" nexsonid "node536520"
pgloadind     pruning dups and overlapping name "Pinus douglasiana" nexsonid "node536495"
pgloadind   postpruning newick tree "(((((Pinus_devoniana,Pinus_engelmannii),(Pinus_douglasiana,Pinus_yecorensis,Pinus_maximinoi),(Pinus_arizonica_var_cooperi,Pinus_durangensis,Pinus_ponderosa_var_scopulorum)),((Pinus_hartwegii,Pinus_nubicola,Pinus_pseudostrobus),Pinus_montezumae),Pinus_washoensis),((Pinus_coulteri,Pinus_sabiniana,Pinus_torreyana),Pinus_jeffreyi)),((((Pinus_greggii,Pinus_leiophylla),Pinus_patula),Pinus_oocarpa),Pinus_muricata))"
pgloadind   taxon mapping summary
pgloadind     taxon mapping OTT ID 635129 taxonomy "Pinus devoniana->Pinus subgenus Pinus->Pinus->Pinaceae->Coniferales->Coniferopsida->Coniferophyta->Acrogymnospermae->Spermatophyta->Euphyllophyta->Tracheophyta->Embryophyta->Streptophyta->Chloroplastida->Archaeplastida->Eukaryota->cellular organisms->life" nexsonid "node536488"
pgloadind     taxon mapping OTT ID 736889 taxonomy "Pinus engelmannii->Pinus subgenus Pinus->Pinus->Pinaceae->Coniferales->Coniferopsida->Coniferophyta->Acrogymnospermae->Spermatophyta->Euphyllophyta->Tracheophyta->Embryophyta->Streptophyta->Chloroplastida->Archaeplastida->Eukaryota->cellular organisms->life" nexsonid "node536491"
pgloadind     taxon mapping OTT ID 212459 taxonomy "Pinus douglasiana->Pinus subgenus Pinus->Pinus->Pinaceae->Coniferales->Coniferopsida->Coniferophyta->Acrogymnospermae->Spermatophyta->Euphyllophyta->Tracheophyta->Embryophyta->Streptophyta->Chloroplastida->Archaeplastida->Eukaryota->cellular organisms->life" nexsonid "node536494"
pgloadind     taxon mapping OTT ID 160456 taxonomy "Pinus yecorensis->Strobus->Pinus->Pinaceae->Coniferales->Coniferopsida->Coniferophyta->Acrogymnospermae->Spermatophyta->Euphyllophyta->Tracheophyta->Embryophyta->Streptophyta->Chloroplastida->Archaeplastida->Eukaryota->cellular organisms->life" nexsonid "node536497"
pgloadind     taxon mapping OTT ID 217111 taxonomy "Pinus maximinoi->Pinus subgenus Pinus->Pinus->Pinaceae->Coniferales->Coniferopsida->Coniferophyta->Acrogymnospermae->Spermatophyta->Euphyllophyta->Tracheophyta->Embryophyta->Streptophyta->Chloroplastida->Archaeplastida->Eukaryota->cellular organisms->life" nexsonid "node536499"
pgloadind     taxon mapping OTT ID 355632 taxonomy "Pinus arizonica var. cooperi->Pinus arizonica->Pinus subgenus Pinus->Pinus->Pinaceae->Coniferales->Coniferopsida->Coniferophyta->Acrogymnospermae->Spermatophyta->Euphyllophyta->Tracheophyta->Embryophyta->Streptophyta->Chloroplastida->Archaeplastida->Eukaryota->cellular organisms->life" nexsonid "node536476"
pgloadind     taxon mapping OTT ID 111015 taxonomy "Pinus durangensis->Pinus subgenus Pinus->Pinus->Pinaceae->Coniferales->Coniferopsida->Coniferophyta->Acrogymnospermae->Spermatophyta->Euphyllophyta->Tracheophyta->Embryophyta->Streptophyta->Chloroplastida->Archaeplastida->Eukaryota->cellular organisms->life" nexsonid "node536478"
pgloadind     taxon mapping OTT ID 736903 taxonomy "Pinus ponderosa var. scopulorum->Pinus ponderosa->Pinus subgenus Pinus->Pinus->Pinaceae->Coniferales->Coniferopsida->Coniferophyta->Acrogymnospermae->Spermatophyta->Euphyllophyta->Tracheophyta->Embryophyta->Streptophyta->Chloroplastida->Archaeplastida->Eukaryota->cellular organisms->life" nexsonid "node536479"
pgloadind     taxon mapping OTT ID 212471 taxonomy "Pinus hartwegii->Pinus subgenus Pinus->Pinus->Pinaceae->Coniferales->Coniferopsida->Coniferophyta->Acrogymnospermae->Spermatophyta->Euphyllophyta->Tracheophyta->Embryophyta->Streptophyta->Chloroplastida->Archaeplastida->Eukaryota->cellular organisms->life" nexsonid "node536505"
pgloadind     taxon mapping OTT ID 613815 taxonomy "Pinus nubicola->Pinus subgenus Pinus->Pinus->Pinaceae->Coniferales->Coniferopsida->Coniferophyta->Acrogymnospermae->Spermatophyta->Euphyllophyta->Tracheophyta->Embryophyta->Streptophyta->Chloroplastida->Archaeplastida->Eukaryota->cellular organisms->life" nexsonid "node536510"
pgloadind     taxon mapping OTT ID 901392 taxonomy "Pinus pseudostrobus->Pinus subgenus Pinus->Pinus->Pinaceae->Coniferales->Coniferopsida->Coniferophyta->Acrogymnospermae->Spermatophyta->Euphyllophyta->Tracheophyta->Embryophyta->Streptophyta->Chloroplastida->Archaeplastida->Eukaryota->cellular organisms->life" nexsonid "node536514"
pgloadind     taxon mapping OTT ID 837875 taxonomy "Pinus montezumae->Pinus subgenus Pinus->Pinus->Pinaceae->Coniferales->Coniferopsida->Coniferophyta->Acrogymnospermae->Spermatophyta->Euphyllophyta->Tracheophyta->Embryophyta->Streptophyta->Chloroplastida->Archaeplastida->Eukaryota->cellular organisms->life" nexsonid "node536525"
pgloadind     taxon mapping OTT ID 736894 taxonomy "Pinus washoensis->Pinus subgenus Pinus->Pinus->Pinaceae->Coniferales->Coniferopsida->Coniferophyta->Acrogymnospermae->Spermatophyta->Euphyllophyta->Tracheophyta->Embryophyta->Streptophyta->Chloroplastida->Archaeplastida->Eukaryota->cellular organisms->life" nexsonid "node536533"
pgloadind     taxon mapping OTT ID 1075721 taxonomy "Pinus coulteri->Pinus subgenus Pinus->Pinus->Pinaceae->Coniferales->Coniferopsida->Coniferophyta->Acrogymnospermae->Spermatophyta->Euphyllophyta->Tracheophyta->Embryophyta->Streptophyta->Chloroplastida->Archaeplastida->Eukaryota->cellular organisms->life" nexsonid "node536538"
pgloadind     taxon mapping OTT ID 113478 taxonomy "Pinus sabiniana->Pinus subgenus Pinus->Pinus->Pinaceae->Coniferales->Coniferopsida->Coniferophyta->Acrogymnospermae->Spermatophyta->Euphyllophyta->Tracheophyta->Embryophyta->Streptophyta->Chloroplastida->Archaeplastida->Eukaryota->cellular organisms->life" nexsonid "node536540"
pgloadind     taxon mapping OTT ID 635132 taxonomy "Pinus torreyana->Pinus subgenus Pinus->Pinus->Pinaceae->Coniferales->Coniferopsida->Coniferophyta->Acrogymnospermae->Spermatophyta->Euphyllophyta->Tracheophyta->Embryophyta->Streptophyta->Chloroplastida->Archaeplastida->Eukaryota->cellular organisms->life" nexsonid "node536543"
pgloadind     taxon mapping OTT ID 736886 taxonomy "Pinus jeffreyi->Pinus subgenus Pinus->Pinus->Pinaceae->Coniferales->Coniferopsida->Coniferophyta->Acrogymnospermae->Spermatophyta->Euphyllophyta->Tracheophyta->Embryophyta->Streptophyta->Chloroplastida->Archaeplastida->Eukaryota->cellular organisms->life" nexsonid "node536545"
pgloadind     taxon mapping OTT ID 635125 taxonomy "Pinus greggii->Pinus subgenus Pinus->Pinus->Pinaceae->Coniferales->Coniferopsida->Coniferophyta->Acrogymnospermae->Spermatophyta->Euphyllophyta->Tracheophyta->Embryophyta->Streptophyta->Chloroplastida->Archaeplastida->Eukaryota->cellular organisms->life" nexsonid "node536555"
pgloadind     taxon mapping OTT ID 212477 taxonomy "Pinus leiophylla->Pinus subgenus Pinus->Pinus->Pinaceae->Coniferales->Coniferopsida->Coniferophyta->Acrogymnospermae->Spermatophyta->Euphyllophyta->Tracheophyta->Embryophyta->Streptophyta->Chloroplastida->Archaeplastida->Eukaryota->cellular organisms->life" nexsonid "node536556"
pgloadind     taxon mapping OTT ID 837894 taxonomy "Pinus patula->Pinus subgenus Pinus->Pinus->Pinaceae->Coniferales->Coniferopsida->Coniferophyta->Acrogymnospermae->Spermatophyta->Euphyllophyta->Tracheophyta->Embryophyta->Streptophyta->Chloroplastida->Archaeplastida->Eukaryota->cellular organisms->life" nexsonid "node536557"
pgloadind     taxon mapping OTT ID 636905 taxonomy "Pinus oocarpa->Pinus subgenus Pinus->Pinus->Pinaceae->Coniferales->Coniferopsida->Coniferophyta->Acrogymnospermae->Spermatophyta->Euphyllophyta->Tracheophyta->Embryophyta->Streptophyta->Chloroplastida->Archaeplastida->Eukaryota->cellular organisms->life" nexsonid "node536558"
pgloadind     taxon mapping OTT ID 636909 taxonomy "Pinus muricata->Pinus subgenus Pinus->Pinus->Pinaceae->Coniferales->Coniferopsida->Coniferophyta->Acrogymnospermae->Spermatophyta->Euphyllophyta->Tracheophyta->Embryophyta->Streptophyta->Chloroplastida->Archaeplastida->Eukaryota->cellular organisms->life" nexsonid "node536559"
done fixing name
pgloadind Finished with attempts to fix names
pgloadind   Checking for uniqueness of OTT IDs tree id "2193"
pgloadind   Adding tree to graph tree id "2193"
all trees have all taxa: false
	using bipartition technique
attempting to remap tips to deepest exemplified taxa
	Pinus ponderosa var. scopulorum was remapped to 'Pinus ponderosa' (id=3121754)
	Pinus arizonica var. cooperi was remapped to 'Pinus arizonica' (id=3121566)
	Pinus yecorensis was remapped to 'Strobus' (id=3121866)
this is the ROOT
placing root in index
Dealing with metadata property: id
Dealing with metadata property: ot:studyPublicationReference
Adding property 'ot:studyPublicationReference': Gernandt D., Hernandez-leon S., Perez de la rosa J., Salgado-hernandez E., Rosa J. 2009. Phylogenetic relationships of Pinus subsection Ponderosae inferred from rapidly evolving cpDNA regions. Systematic Botany, 34(3): 481-491.
Dealing with metadata property: ot:focalCladeOTTTaxonName
Adding property 'ot:focalCladeOTTTaxonName': Pinus
Dealing with metadata property: ot:studyYear
Adding property 'ot:studyYear': 2009
Dealing with metadata property: ot:inGroupClade
Adding property 'ot:inGroupClade': node536465
Dealing with metadata property: ot:curatorName
Adding property 'ot:curatorName': bryan drew
Dealing with metadata property: ot:studyPublication
Adding property 'ot:studyPublication': http://dx.doi.org/10.1600/036364409789271290
Dealing with metadata property: ot:focalClade
Adding property 'ot:focalClade': 771683
Dealing with metadata property: ot:curatedType
Adding property 'ot:curatedType': Fig. 2
Dealing with metadata property: ot:studyId
Adding property 'ot:studyId': 1105
Dealing with metadata property: ot:dataDeposit
Adding property 'ot:dataDeposit': http://purl.org/phylo/treebase/phylows/study/TB2:S2244
Committing nodes: 37
