pgloadind OTUs number 16
pgloadind Processing tree @id "2216"
pgloadind   tree info number nodes 30
pgloadind   tree info number edges 29
pgloadind   tree info ingroup "node538510"
pgloadind   Setting ingroup root node.
pgloadind   Ingested tree number of external nodes 13
pgloadind   property added ot:studyPublicationReference "Zhong, B., Deusch, O., Goremykin, V. V., Penny, D., Biggs, P. J., Atherton, R. A., ... & Lockhart, P. J. (2011). Systematic error in seed plant phylogenomics. Genome biology and evolution, 3, 1340."
pgloadind   property added ot:studyPublication "http://dx.doi.org/10.1093/gbe/evr105"
pgloadind   property added ot:curatorName "Jiabin Deng"
pgloadind   property added ot:studyId "1115"
pgloadind   property added ot:studyYear "2011"
pgloadind   property added ot:focalClade "10218"
pgloadind   property added ot:focalCladeOTTTaxonName "Spermatophyta"
pgloadind   property added ot:inGroupClade "node538510"
pgloadind   property added ot:curatedType "PhyML tree"
loading a specific tree: 2216
pgloadind conducting TNRS on trees
pgloadind   name fixing on tree tree id "2216"
pgloadind   all nodes have ottIds
pgloadind   postpruning newick tree "(((((Welwitschia_mirabilis,Gnetum_parvifolium),Ephedra_equisetina),((Pinus_koraiensis,Pinus_thunbergii),Keteleeria_davidiana)),(((Podocarpus_totara,Halocarpus_bidwillii),Agathis_australis),Cryptomeria_japonica)),((Cycas_micronesica,Cycas_taitungensis),Ginkgo_biloba))"
pgloadind   taxon mapping summary
pgloadind     taxon mapping OTT ID 47947 taxonomy "Welwitschia mirabilis->Welwitschia->Welwitschiaceae->Welwitschiales->Gnetopsida->Gnetophyta->Acrogymnospermae->Spermatophyta->Euphyllophyta->Tracheophyta->Embryophyta->Streptophyta->Chloroplastida->Archaeplastida->Eukaryota->cellular organisms->life" nexsonid "node538515"
pgloadind     taxon mapping OTT ID 332581 taxonomy "Gnetum parvifolium->Gnetum->Gnetaceae->Gnetales->Gnetopsida->Gnetophyta->Acrogymnospermae->Spermatophyta->Euphyllophyta->Tracheophyta->Embryophyta->Streptophyta->Chloroplastida->Archaeplastida->Eukaryota->cellular organisms->life" nexsonid "node538516"
pgloadind     taxon mapping OTT ID 878619 taxonomy "Ephedra equisetina->Ephedra->Ephedraceae->Ephedrales->Gnetopsida->Gnetophyta->Acrogymnospermae->Spermatophyta->Euphyllophyta->Tracheophyta->Embryophyta->Streptophyta->Chloroplastida->Archaeplastida->Eukaryota->cellular organisms->life" nexsonid "node538517"
pgloadind     taxon mapping OTT ID 830806 taxonomy "Pinus koraiensis->Strobus->Pinus->Pinaceae->Coniferales->Coniferopsida->Coniferophyta->Acrogymnospermae->Spermatophyta->Euphyllophyta->Tracheophyta->Embryophyta->Streptophyta->Chloroplastida->Archaeplastida->Eukaryota->cellular organisms->life" nexsonid "node538520"
pgloadind     taxon mapping OTT ID 1075728 taxonomy "Pinus thunbergii->Pinus subgenus Pinus->Pinus->Pinaceae->Coniferales->Coniferopsida->Coniferophyta->Acrogymnospermae->Spermatophyta->Euphyllophyta->Tracheophyta->Embryophyta->Streptophyta->Chloroplastida->Archaeplastida->Eukaryota->cellular organisms->life" nexsonid "node538521"
pgloadind     taxon mapping OTT ID 994545 taxonomy "Keteleeria davidiana->Keteleeria->Pinaceae->Coniferales->Coniferopsida->Coniferophyta->Acrogymnospermae->Spermatophyta->Euphyllophyta->Tracheophyta->Embryophyta->Streptophyta->Chloroplastida->Archaeplastida->Eukaryota->cellular organisms->life" nexsonid "node538522"
pgloadind     taxon mapping OTT ID 700838 taxonomy "Podocarpus totara->Podocarpus->Podocarpaceae->Cupressophyta->Coniferales->Coniferopsida->Coniferophyta->Acrogymnospermae->Spermatophyta->Euphyllophyta->Tracheophyta->Embryophyta->Streptophyta->Chloroplastida->Archaeplastida->Eukaryota->cellular organisms->life" nexsonid "node538526"
pgloadind     taxon mapping OTT ID 309851 taxonomy "Halocarpus bidwillii->Halocarpus->Podocarpaceae->Cupressophyta->Coniferales->Coniferopsida->Coniferophyta->Acrogymnospermae->Spermatophyta->Euphyllophyta->Tracheophyta->Embryophyta->Streptophyta->Chloroplastida->Archaeplastida->Eukaryota->cellular organisms->life" nexsonid "node538527"
pgloadind     taxon mapping OTT ID 10217 taxonomy "Agathis australis->Agathis->Araucariaceae->Cupressophyta->Coniferales->Coniferopsida->Coniferophyta->Acrogymnospermae->Spermatophyta->Euphyllophyta->Tracheophyta->Embryophyta->Streptophyta->Chloroplastida->Archaeplastida->Eukaryota->cellular organisms->life" nexsonid "node538528"
pgloadind     taxon mapping OTT ID 620749 taxonomy "Cryptomeria japonica->Cryptomeria->Cupressaceae->Cupressophyta->Coniferales->Coniferopsida->Coniferophyta->Acrogymnospermae->Spermatophyta->Euphyllophyta->Tracheophyta->Embryophyta->Streptophyta->Chloroplastida->Archaeplastida->Eukaryota->cellular organisms->life" nexsonid "node538529"
pgloadind     taxon mapping OTT ID 834468 taxonomy "Cycas micronesica->Cycas->Cycadaceae->Cycadales->Cycadopsida->Cycadophyta->Acrogymnospermae->Spermatophyta->Euphyllophyta->Tracheophyta->Embryophyta->Streptophyta->Chloroplastida->Archaeplastida->Eukaryota->cellular organisms->life" nexsonid "node538532"
pgloadind     taxon mapping OTT ID 408490 taxonomy "Cycas taitungensis->Cycas->Cycadaceae->Cycadales->Cycadopsida->Cycadophyta->Acrogymnospermae->Spermatophyta->Euphyllophyta->Tracheophyta->Embryophyta->Streptophyta->Chloroplastida->Archaeplastida->Eukaryota->cellular organisms->life" nexsonid "node538533"
pgloadind     taxon mapping OTT ID 994084 taxonomy "Ginkgo biloba->Ginkgo->Ginkgoaceae->Ginkgoales->Ginkgoopsida->Ginkgophyta->Acrogymnospermae->Spermatophyta->Euphyllophyta->Tracheophyta->Embryophyta->Streptophyta->Chloroplastida->Archaeplastida->Eukaryota->cellular organisms->life" nexsonid "node538534"
done fixing name
pgloadind Finished with attempts to fix names
pgloadind   Checking for uniqueness of OTT IDs tree id "2216"
pgloadind   Adding tree to graph tree id "2216"
all trees have all taxa: false
	using bipartition technique
attempting to remap tips to deepest exemplified taxa
	Ginkgo biloba was remapped to 'Ginkgophyta' (id=3119784)
	Gnetum parvifolium was remapped to 'Gnetales' (id=3118856)
	Pinus koraiensis was remapped to 'Strobus' (id=3121866)
	Ephedra equisetina was remapped to 'Ephedrales' (id=3118970)
	Keteleeria davidiana was remapped to 'Keteleeria' (id=3122351)
	Podocarpus totara was remapped to 'Podocarpus' (id=3120686)
	Agathis australis was remapped to 'Araucariaceae' (id=3121180)
	Welwitschia mirabilis was remapped to 'Welwitschiales' (id=3118965)
	Pinus thunbergii was remapped to 'Pinus subgenus Pinus' (id=3121532)
	Halocarpus bidwillii was remapped to 'Halocarpus' (id=3120635)
	Cryptomeria japonica was remapped to 'Cupressaceae' (id=3119816)
this is the ROOT
placing root in index
Dealing with metadata property: id
Dealing with metadata property: ot:studyPublicationReference
Adding property 'ot:studyPublicationReference': Zhong, B., Deusch, O., Goremykin, V. V., Penny, D., Biggs, P. J., Atherton, R. A., ... & Lockhart, P. J. (2011). Systematic error in seed plant phylogenomics. Genome biology and evolution, 3, 1340.
Dealing with metadata property: ot:focalCladeOTTTaxonName
Adding property 'ot:focalCladeOTTTaxonName': Spermatophyta
Dealing with metadata property: ot:studyYear
Adding property 'ot:studyYear': 2011
Dealing with metadata property: ot:inGroupClade
Adding property 'ot:inGroupClade': node538510
Dealing with metadata property: ot:curatorName
Adding property 'ot:curatorName': Jiabin Deng
Dealing with metadata property: ot:studyPublication
Adding property 'ot:studyPublication': http://dx.doi.org/10.1093/gbe/evr105
Dealing with metadata property: ot:focalClade
Adding property 'ot:focalClade': 10218
Dealing with metadata property: ot:curatedType
Adding property 'ot:curatedType': PhyML tree
Dealing with metadata property: ot:studyId
Adding property 'ot:studyId': 1115
Committing nodes: 25
	adding Node[3119160] Cycadaceae 99242 as compatible with Node[3119161]
		adding Relationship[8415899]
		adding to root Relationship[8415900]
	adding Node[3119159] Cycadales 614464 as compatible with Node[3119161]
		adding Relationship[8415901]
		adding to root Relationship[8415902]
	adding Node[3119157] Cycadopsida 614462 as compatible with Node[3119161]
		adding Relationship[8415903]
		adding to root Relationship[8415904]
	adding Node[3119155] Cycadophyta 10213 as compatible with Node[3119161]
		adding Relationship[8415905]
		adding to root Relationship[8415906]
	adding Node[3118852] Gnetophyta 10209 as compatible with Node[3118853]
		adding Relationship[8415907]
		adding to root Relationship[8415908]
		adding Relationship[8415909] from Node[3119159] to Node[3119157]
		adding Relationship[8415910] from Node[3119157] to Node[3119155]
		adding Relationship[8415911] from Node[3119160] to Node[3119159]
