pgloadind OTUs number 50
pgloadind Processing tree @id "3032"
pgloadind   tree info number nodes 46
pgloadind   tree info number edges 45
pgloadind   Ingested tree number of external nodes 24
pgloadind   property added ot:studyPublicationReference "Nakazato, T., & Gastony, G. J. (2003). Molecular phylogenetics of Anogramma species and related genera (Pteridaceae: Taenitidoideae).Systematic botany, 28(3), 490-502."
pgloadind   property added ot:studyPublication "http://dx.doi.org/10.1043/02-40.1"
pgloadind   property added ot:curatorName "Jiabin Deng"
pgloadind   property added ot:dataDeposit "http://purl.org/phylo/treebase/phylows/study/TB2:S1969"
pgloadind   property added ot:studyId "1307"
pgloadind   property added ot:studyYear "2003"
pgloadind   property added ot:focalClade "164361"
pgloadind   property added ot:focalCladeOTTTaxonName "Pteridaceae"
pgloadind   property added ot:curatedType "Fig. 5"
pgloadind Processing tree @id "3033"
pgloadind   tree info number nodes 17
pgloadind   tree info number edges 16
pgloadind   tree info ingroup "node628154"
pgloadind   Setting ingroup root node.
pgloadind   Ingested tree number of external nodes 9
pgloadind   property added ot:studyPublicationReference "Nakazato, T., & Gastony, G. J. (2003). Molecular phylogenetics of Anogramma species and related genera (Pteridaceae: Taenitidoideae).Systematic botany, 28(3), 490-502."
pgloadind   property added ot:studyPublication "http://dx.doi.org/10.1043/02-40.1"
pgloadind   property added ot:curatorName "Jiabin Deng"
pgloadind   property added ot:dataDeposit "http://purl.org/phylo/treebase/phylows/study/TB2:S1969"
pgloadind   property added ot:studyId "1307"
pgloadind   property added ot:studyYear "2003"
pgloadind   property added ot:focalClade "164361"
pgloadind   property added ot:focalCladeOTTTaxonName "Pteridaceae"
pgloadind   property added ot:inGroupClade "node628154"
pgloadind   property added ot:curatedType "Fig. 6 Old World"
pgloadind Processing tree @id "3034"
pgloadind   tree info number nodes 7
pgloadind   tree info number edges 6
pgloadind   tree info ingroup "node628171"
pgloadind   Setting ingroup root node.
pgloadind   Ingested tree number of external nodes 4
pgloadind   property added ot:studyPublicationReference "Nakazato, T., & Gastony, G. J. (2003). Molecular phylogenetics of Anogramma species and related genera (Pteridaceae: Taenitidoideae).Systematic botany, 28(3), 490-502."
pgloadind   property added ot:studyPublication "http://dx.doi.org/10.1043/02-40.1"
pgloadind   property added ot:curatorName "Jiabin Deng"
pgloadind   property added ot:dataDeposit "http://purl.org/phylo/treebase/phylows/study/TB2:S1969"
pgloadind   property added ot:studyId "1307"
pgloadind   property added ot:studyYear "2003"
pgloadind   property added ot:focalClade "164361"
pgloadind   property added ot:focalCladeOTTTaxonName "Pteridaceae"
pgloadind   property added ot:inGroupClade "node628171"
pgloadind   property added ot:curatedType "Fig. 6 New World"
pgloadind Processing tree @id "3035"
pgloadind   tree info number nodes 54
pgloadind   tree info number edges 53
pgloadind   tree info ingroup "node628181"
pgloadind   Setting ingroup root node.
pgloadind   Ingested tree number of external nodes 26
pgloadind   property added ot:studyPublicationReference "Nakazato, T., & Gastony, G. J. (2003). Molecular phylogenetics of Anogramma species and related genera (Pteridaceae: Taenitidoideae).Systematic botany, 28(3), 490-502."
pgloadind   property added ot:studyPublication "http://dx.doi.org/10.1043/02-40.1"
pgloadind   property added ot:curatorName "Jiabin Deng"
pgloadind   property added ot:dataDeposit "http://purl.org/phylo/treebase/phylows/study/TB2:S1969"
pgloadind   property added ot:studyId "1307"
pgloadind   property added ot:studyYear "2003"
pgloadind   property added ot:focalClade "164361"
pgloadind   property added ot:focalCladeOTTTaxonName "Pteridaceae"
pgloadind   property added ot:inGroupClade "node628181"
pgloadind   property added ot:curatedType "Fig. 4"
loading a specific tree: 3035
skipping tree: 3032
skipping tree: 3033
skipping tree: 3034
pgloadind conducting TNRS on trees
pgloadind   name fixing on tree tree id "3035"
pgloadind   all nodes have ottIds
pgloadind   postpruning newick tree "(((((Platyzoma_microphyllum,(((Taenitis_blechnoides,(Eriosorus_flexuosus,Jamesonia_canescens)),(Anogramma_lorentzii,Cosentinia_vellea)),Pityrogramma_calomelanos)),((Actiniopteris_radiata,Onychium_japonicum),Pteris_fauriei)),(Ceratopteris_thalictroides,Acrostichum_aureum)),(((((Argyrochosma_delicatula,Pellaea_andromedifolia),(Cheilanthes_allosuroides,Cheilanthes_lanosa)),((Doryopteris_concolor,Hemionitis_levyi),Notholaena_rosei)),Bommeria_ehrenbergiana),(Adiantum_pedatum,(((Ananthacorus_angustifolius,Polytaenium_lineatum),Antrophyum_reticulatum),Haplopteris_flexuosa)))),Coniogramme_japonica)"
pgloadind   taxon mapping summary
pgloadind     taxon mapping OTT ID 562406 taxonomy "Platyzoma microphyllum->Platyzoma->Pteridaceae->Polypodiales->core leptosporangiate ferns->Polypodiopsida->Moniliformopses->Euphyllophyta->Tracheophyta->Embryophyta->Streptophyta->Chloroplastida->Archaeplastida->Eukaryota->cellular organisms->life" nexsonid "node628186"
pgloadind     taxon mapping OTT ID 562410 taxonomy "Taenitis blechnoides->Taenitis->Pteridaceae->Polypodiales->core leptosporangiate ferns->Polypodiopsida->Moniliformopses->Euphyllophyta->Tracheophyta->Embryophyta->Streptophyta->Chloroplastida->Archaeplastida->Eukaryota->cellular organisms->life" nexsonid "node628190"
pgloadind     taxon mapping OTT ID 228157 taxonomy "Eriosorus flexuosus->Eriosorus->Pteridaceae->Polypodiales->core leptosporangiate ferns->Polypodiopsida->Moniliformopses->Euphyllophyta->Tracheophyta->Embryophyta->Streptophyta->Chloroplastida->Archaeplastida->Eukaryota->cellular organisms->life" nexsonid "node628192"
pgloadind     taxon mapping OTT ID 74310 taxonomy "Jamesonia canescens->Jamesonia->Pteridaceae->Polypodiales->core leptosporangiate ferns->Polypodiopsida->Moniliformopses->Euphyllophyta->Tracheophyta->Embryophyta->Streptophyta->Chloroplastida->Archaeplastida->Eukaryota->cellular organisms->life" nexsonid "node628193"
pgloadind     taxon mapping OTT ID 63514 taxonomy "Anogramma lorentzii->Anogramma->Pteridaceae->Polypodiales->core leptosporangiate ferns->Polypodiopsida->Moniliformopses->Euphyllophyta->Tracheophyta->Embryophyta->Streptophyta->Chloroplastida->Archaeplastida->Eukaryota->cellular organisms->life" nexsonid "node628195"
pgloadind     taxon mapping OTT ID 207038 taxonomy "Cosentinia vellea->Cosentinia->Pteridaceae->Polypodiales->core leptosporangiate ferns->Polypodiopsida->Moniliformopses->Euphyllophyta->Tracheophyta->Embryophyta->Streptophyta->Chloroplastida->Archaeplastida->Eukaryota->cellular organisms->life" nexsonid "node628196"
pgloadind     taxon mapping OTT ID 63507 taxonomy "Pityrogramma calomelanos->Pityrogramma->Pteridaceae->Polypodiales->core leptosporangiate ferns->Polypodiopsida->Moniliformopses->Euphyllophyta->Tracheophyta->Embryophyta->Streptophyta->Chloroplastida->Archaeplastida->Eukaryota->cellular organisms->life" nexsonid "node628197"
pgloadind     taxon mapping OTT ID 584500 taxonomy "Actiniopteris radiata->Actiniopteris->Pteridaceae->Polypodiales->core leptosporangiate ferns->Polypodiopsida->Moniliformopses->Euphyllophyta->Tracheophyta->Embryophyta->Streptophyta->Chloroplastida->Archaeplastida->Eukaryota->cellular organisms->life" nexsonid "node628200"
pgloadind     taxon mapping OTT ID 562403 taxonomy "Onychium japonicum->Onychium->Pteridaceae->Polypodiales->core leptosporangiate ferns->Polypodiopsida->Moniliformopses->Euphyllophyta->Tracheophyta->Embryophyta->Streptophyta->Chloroplastida->Archaeplastida->Eukaryota->cellular organisms->life" nexsonid "node628201"
pgloadind     taxon mapping OTT ID 562407 taxonomy "Pteris fauriei->Pteris->Pteridaceae->Polypodiales->core leptosporangiate ferns->Polypodiopsida->Moniliformopses->Euphyllophyta->Tracheophyta->Embryophyta->Streptophyta->Chloroplastida->Archaeplastida->Eukaryota->cellular organisms->life" nexsonid "node628202"
pgloadind     taxon mapping OTT ID 190941 taxonomy "Ceratopteris thalictroides->Ceratopteris->Pteridaceae->Polypodiales->core leptosporangiate ferns->Polypodiopsida->Moniliformopses->Euphyllophyta->Tracheophyta->Embryophyta->Streptophyta->Chloroplastida->Archaeplastida->Eukaryota->cellular organisms->life" nexsonid "node628204"
pgloadind     taxon mapping OTT ID 190945 taxonomy "Acrostichum aureum->Acrostichum->Pteridaceae->Polypodiales->core leptosporangiate ferns->Polypodiopsida->Moniliformopses->Euphyllophyta->Tracheophyta->Embryophyta->Streptophyta->Chloroplastida->Archaeplastida->Eukaryota->cellular organisms->life" nexsonid "node628205"
pgloadind     taxon mapping OTT ID 960125 taxonomy "Argyrochosma delicatula->Argyrochosma->Pteridaceae->Polypodiales->core leptosporangiate ferns->Polypodiopsida->Moniliformopses->Euphyllophyta->Tracheophyta->Embryophyta->Streptophyta->Chloroplastida->Archaeplastida->Eukaryota->cellular organisms->life" nexsonid "node628211"
pgloadind     taxon mapping OTT ID 1075172 taxonomy "Pellaea andromedifolia->Pellaea->Pteridaceae->Polypodiales->core leptosporangiate ferns->Polypodiopsida->Moniliformopses->Euphyllophyta->Tracheophyta->Embryophyta->Streptophyta->Chloroplastida->Archaeplastida->Eukaryota->cellular organisms->life" nexsonid "node628212"
pgloadind     taxon mapping OTT ID 767429 taxonomy "Cheilanthes allosuroides->Cheilanthes->Pteridaceae->Polypodiales->core leptosporangiate ferns->Polypodiopsida->Moniliformopses->Euphyllophyta->Tracheophyta->Embryophyta->Streptophyta->Chloroplastida->Archaeplastida->Eukaryota->cellular organisms->life" nexsonid "node628214"
pgloadind     taxon mapping OTT ID 17698 taxonomy "Cheilanthes lanosa->Cheilanthes->Pteridaceae->Polypodiales->core leptosporangiate ferns->Polypodiopsida->Moniliformopses->Euphyllophyta->Tracheophyta->Embryophyta->Streptophyta->Chloroplastida->Archaeplastida->Eukaryota->cellular organisms->life" nexsonid "node628215"
pgloadind     taxon mapping OTT ID 562397 taxonomy "Doryopteris concolor->Doryopteris->Pteridaceae->Polypodiales->core leptosporangiate ferns->Polypodiopsida->Moniliformopses->Euphyllophyta->Tracheophyta->Embryophyta->Streptophyta->Chloroplastida->Archaeplastida->Eukaryota->cellular organisms->life" nexsonid "node628218"
pgloadind     taxon mapping OTT ID 479009 taxonomy "Hemionitis levyi->Hemionitis->Pteridaceae->Polypodiales->core leptosporangiate ferns->Polypodiopsida->Moniliformopses->Euphyllophyta->Tracheophyta->Embryophyta->Streptophyta->Chloroplastida->Archaeplastida->Eukaryota->cellular organisms->life" nexsonid "node628219"
pgloadind     taxon mapping OTT ID 478991 taxonomy "Notholaena rosei->Notholaena->Pteridaceae->Polypodiales->core leptosporangiate ferns->Polypodiopsida->Moniliformopses->Euphyllophyta->Tracheophyta->Embryophyta->Streptophyta->Chloroplastida->Archaeplastida->Eukaryota->cellular organisms->life" nexsonid "node628220"
pgloadind     taxon mapping OTT ID 448059 taxonomy "Bommeria ehrenbergiana->Bommeria->Pteridaceae->Polypodiales->core leptosporangiate ferns->Polypodiopsida->Moniliformopses->Euphyllophyta->Tracheophyta->Embryophyta->Streptophyta->Chloroplastida->Archaeplastida->Eukaryota->cellular organisms->life" nexsonid "node628221"
pgloadind     taxon mapping OTT ID 190952 taxonomy "Adiantum pedatum->Adiantum->Pteridaceae->Polypodiales->core leptosporangiate ferns->Polypodiopsida->Moniliformopses->Euphyllophyta->Tracheophyta->Embryophyta->Streptophyta->Chloroplastida->Archaeplastida->Eukaryota->cellular organisms->life" nexsonid "node628223"
pgloadind     taxon mapping OTT ID 1048643 taxonomy "Ananthacorus angustifolius->Ananthacorus->Pteridaceae->Polypodiales->core leptosporangiate ferns->Polypodiopsida->Moniliformopses->Euphyllophyta->Tracheophyta->Embryophyta->Streptophyta->Chloroplastida->Archaeplastida->Eukaryota->cellular organisms->life" nexsonid "node628227"
pgloadind     taxon mapping OTT ID 625530 taxonomy "Polytaenium lineatum->Polytaenium->Pteridaceae->Polypodiales->core leptosporangiate ferns->Polypodiopsida->Moniliformopses->Euphyllophyta->Tracheophyta->Embryophyta->Streptophyta->Chloroplastida->Archaeplastida->Eukaryota->cellular organisms->life" nexsonid "node628228"
pgloadind     taxon mapping OTT ID 290275 taxonomy "Antrophyum reticulatum->Antrophyum->Pteridaceae->Polypodiales->core leptosporangiate ferns->Polypodiopsida->Moniliformopses->Euphyllophyta->Tracheophyta->Embryophyta->Streptophyta->Chloroplastida->Archaeplastida->Eukaryota->cellular organisms->life" nexsonid "node628229"
pgloadind     taxon mapping OTT ID 842774 taxonomy "Haplopteris flexuosa->Haplopteris->Pteridaceae->Polypodiales->core leptosporangiate ferns->Polypodiopsida->Moniliformopses->Euphyllophyta->Tracheophyta->Embryophyta->Streptophyta->Chloroplastida->Archaeplastida->Eukaryota->cellular organisms->life" nexsonid "node628230"
pgloadind     taxon mapping OTT ID 190962 taxonomy "Coniogramme japonica->Coniogramme->Pteridaceae->Polypodiales->core leptosporangiate ferns->Polypodiopsida->Moniliformopses->Euphyllophyta->Tracheophyta->Embryophyta->Streptophyta->Chloroplastida->Archaeplastida->Eukaryota->cellular organisms->life" nexsonid "node628231"
done fixing name
pgloadind Finished with attempts to fix names
pgloadind   Checking for uniqueness of OTT IDs tree id "3035"
pgloadind   Adding tree to graph tree id "3035"
all trees have all taxa: false
	using bipartition technique
attempting to remap tips to deepest exemplified taxa
	Acrostichum aureum was remapped to 'Acrostichum' (id=3124002)
	Antrophyum reticulatum was remapped to 'Antrophyum' (id=3124039)
	Platyzoma microphyllum was remapped to 'Platyzoma' (id=3124458)
	Actiniopteris radiata was remapped to 'Actiniopteris' (id=3124543)
	Coniogramme japonica was remapped to 'Coniogramme' (id=3123970)
	Cosentinia vellea was remapped to 'Cosentinia' (id=3124016)
	Onychium japonicum was remapped to 'Onychium' (id=3124449)
	Hemionitis levyi was remapped to 'Hemionitis' (id=3124385)
	Haplopteris flexuosa was remapped to 'Haplopteris' (id=3124467)
	Taenitis blechnoides was remapped to 'Taenitis' (id=3124460)
	Polytaenium lineatum was remapped to 'Polytaenium' (id=3124940)
	Doryopteris concolor was remapped to 'Doryopteris' (id=3123765)
	Jamesonia canescens was remapped to 'Jamesonia' (id=3124552)
	Pityrogramma calomelanos was remapped to 'Pityrogramma' (id=3123817)
	Adiantum pedatum was remapped to 'Adiantum' (id=3123834)
	Notholaena rosei was remapped to 'Notholaena' (id=3124135)
	Ceratopteris thalictroides was remapped to 'Ceratopteris' (id=3123986)
	Pteris fauriei was remapped to 'Pteris' (id=3124585)
	Pellaea andromedifolia was remapped to 'Pellaea' (id=3124946)
	Bommeria ehrenbergiana was remapped to 'Bommeria' (id=3124205)
	Argyrochosma delicatula was remapped to 'Argyrochosma' (id=3124093)
	Anogramma lorentzii was remapped to 'Anogramma' (id=3123802)
	Eriosorus flexuosus was remapped to 'Eriosorus' (id=3124018)
	Ananthacorus angustifolius was remapped to 'Ananthacorus' (id=3124090)
this is the ROOT
placing root in index
Dealing with metadata property: id
Dealing with metadata property: ot:studyPublicationReference
Adding property 'ot:studyPublicationReference': Nakazato, T., & Gastony, G. J. (2003). Molecular phylogenetics of Anogramma species and related genera (Pteridaceae: Taenitidoideae).Systematic botany, 28(3), 490-502.
Dealing with metadata property: ot:focalCladeOTTTaxonName
Adding property 'ot:focalCladeOTTTaxonName': Pteridaceae
Dealing with metadata property: ot:studyYear
Adding property 'ot:studyYear': 2003
Dealing with metadata property: ot:inGroupClade
Adding property 'ot:inGroupClade': node628181
Dealing with metadata property: ot:curatorName
Adding property 'ot:curatorName': Jiabin Deng
Dealing with metadata property: ot:studyPublication
Adding property 'ot:studyPublication': http://dx.doi.org/10.1043/02-40.1
Dealing with metadata property: ot:focalClade
Adding property 'ot:focalClade': 164361
Dealing with metadata property: ot:curatedType
Adding property 'ot:curatedType': Fig. 4
Dealing with metadata property: ot:studyId
Adding property 'ot:studyId': 1307
Dealing with metadata property: ot:dataDeposit
Adding property 'ot:dataDeposit': http://purl.org/phylo/treebase/phylows/study/TB2:S1969
Committing nodes: 51
