pgloadind OTUs number 59
pgloadind Processing tree @id "2759"
pgloadind   tree info number nodes 117
pgloadind   tree info number edges 116
pgloadind   Ingested tree number of external nodes 59
pgloadind   property added ot:studyPublicationReference "De clerck O., Gavio B., Barbara I., Fredericq S., & Coppejans E. 2005. Systematics of Grateloupia filicina (Halymeniaceae, Rhodophyta), based on rbcl sequence analyses and morphological evidence, including the reinstatement of G. minima and the description of G. capensis spec. nov.1. Journal of phycology, 41(2), 391-410."
pgloadind   property added ot:studyPublication "http://dx.doi.org/10.1111/j.1529-8817.2005.04189.x"
pgloadind   property added ot:curatorName "Jiabin Deng"
pgloadind   property added ot:dataDeposit "http://purl.org/phylo/treebase/phylows/study/TB2:S1323"
pgloadind   property added ot:studyId "1381"
pgloadind   property added ot:studyYear "2005"
pgloadind   property added ot:focalClade "880583"
pgloadind   property added ot:focalCladeOTTTaxonName "Halymeniaceae"
pgloadind   property added ot:curatedType "NJ"
pgloadind Processing tree @id "2760"
pgloadind   tree info number nodes 104
pgloadind   tree info number edges 103
pgloadind   Ingested tree number of external nodes 59
pgloadind   property added ot:studyPublicationReference "De clerck O., Gavio B., Barbara I., Fredericq S., & Coppejans E. 2005. Systematics of Grateloupia filicina (Halymeniaceae, Rhodophyta), based on rbcl sequence analyses and morphological evidence, including the reinstatement of G. minima and the description of G. capensis spec. nov.1. Journal of phycology, 41(2), 391-410."
pgloadind   property added ot:studyPublication "http://dx.doi.org/10.1111/j.1529-8817.2005.04189.x"
pgloadind   property added ot:curatorName "Jiabin Deng"
pgloadind   property added ot:dataDeposit "http://purl.org/phylo/treebase/phylows/study/TB2:S1323"
pgloadind   property added ot:studyId "1381"
pgloadind   property added ot:studyYear "2005"
pgloadind   property added ot:focalClade "880583"
pgloadind   property added ot:focalCladeOTTTaxonName "Halymeniaceae"
pgloadind   property added ot:curatedType "MP"
pgloadind Processing tree @id "2761"
pgloadind   tree info number nodes 106
pgloadind   tree info number edges 105
pgloadind   tree info ingroup "node602076"
pgloadind   Setting ingroup root node.
pgloadind   Ingested tree number of external nodes 55
pgloadind   property added ot:studyPublicationReference "De clerck O., Gavio B., Barbara I., Fredericq S., & Coppejans E. 2005. Systematics of Grateloupia filicina (Halymeniaceae, Rhodophyta), based on rbcl sequence analyses and morphological evidence, including the reinstatement of G. minima and the description of G. capensis spec. nov.1. Journal of phycology, 41(2), 391-410."
pgloadind   property added ot:studyPublication "http://dx.doi.org/10.1111/j.1529-8817.2005.04189.x"
pgloadind   property added ot:curatorName "Jiabin Deng"
pgloadind   property added ot:dataDeposit "http://purl.org/phylo/treebase/phylows/study/TB2:S1323"
pgloadind   property added ot:studyId "1381"
pgloadind   property added ot:studyYear "2005"
pgloadind   property added ot:focalClade "880583"
pgloadind   property added ot:focalCladeOTTTaxonName "Halymeniaceae"
pgloadind   property added ot:inGroupClade "node602076"
pgloadind   property added ot:curatedType "ML"
loading a specific tree: 2761
skipping tree: 2759
skipping tree: 2760
pgloadind conducting TNRS on trees
pgloadind   name fixing on tree tree id "2761"
pgloadind   all nodes have ottIds
pgloadind     OTT ID reused in tree
pgloadind       duplicate name "Grateloupia asiatica" nexsonid "node602091"
pgloadind       duplicate OTT ID 790853
pgloadind     OTT ID reused in tree
pgloadind       duplicate name "Grateloupia luxurians" nexsonid "node602103"
pgloadind       duplicate OTT ID 197710
pgloadind     OTT ID reused in tree
pgloadind       duplicate name "Grateloupia luxurians" nexsonid "node602104"
pgloadind       duplicate OTT ID 197710
pgloadind     OTT ID reused in tree
pgloadind       duplicate name "Grateloupia luxurians" nexsonid "node602105"
pgloadind       duplicate OTT ID 197710
pgloadind     OTT ID reused in tree
pgloadind       duplicate name "Grateloupia turuturu" nexsonid "node602110"
pgloadind       duplicate OTT ID 320109
pgloadind     OTT ID reused in tree
pgloadind       duplicate name "Grateloupia turuturu" nexsonid "node602111"
pgloadind       duplicate OTT ID 320109
pgloadind     OTT ID reused in tree
pgloadind       duplicate name "Grateloupia turuturu" nexsonid "node602112"
pgloadind       duplicate OTT ID 320109
pgloadind     OTT ID reused in tree
pgloadind       duplicate name "Grateloupia filicina" nexsonid "node602120"
pgloadind       duplicate OTT ID 381306
pgloadind     OTT ID reused in tree
pgloadind       duplicate name "Grateloupia filicina" nexsonid "node602121"
pgloadind       duplicate OTT ID 381306
pgloadind     OTT ID reused in tree
pgloadind       duplicate name "Grateloupia filicina" nexsonid "node602125"
pgloadind       duplicate OTT ID 381306
pgloadind     OTT ID reused in tree
pgloadind       duplicate name "Grateloupia filicina" nexsonid "node602126"
pgloadind       duplicate OTT ID 381306
pgloadind     OTT ID reused in tree
pgloadind       duplicate name "Grateloupia filicina" nexsonid "node602127"
pgloadind       duplicate OTT ID 381306
pgloadind     OTT ID reused in tree
pgloadind       duplicate name "Grateloupia filicina" nexsonid "node602128"
pgloadind       duplicate OTT ID 381306
pgloadind     OTT ID reused in tree
pgloadind       duplicate name "Grateloupia filicina" nexsonid "node602129"
pgloadind       duplicate OTT ID 381306
pgloadind     OTT ID reused in tree
pgloadind       duplicate name "Grateloupia filicina" nexsonid "node602138"
pgloadind       duplicate OTT ID 381306
pgloadind     OTT ID reused in tree
pgloadind       duplicate name "Grateloupia filicina" nexsonid "node602139"
pgloadind       duplicate OTT ID 381306
pgloadind     OTT ID reused in tree
pgloadind       duplicate name "Grateloupia filicina" nexsonid "node602142"
pgloadind       duplicate OTT ID 381306
pgloadind     OTT ID reused in tree
pgloadind       duplicate name "Grateloupia filicina" nexsonid "node602143"
pgloadind       duplicate OTT ID 381306
pgloadind     OTT ID reused in tree
pgloadind       duplicate name "Grateloupia filicina" nexsonid "node602144"
pgloadind       duplicate OTT ID 381306
pgloadind     OTT ID reused in tree
pgloadind       duplicate name "Grateloupia filicina" nexsonid "node602147"
pgloadind       duplicate OTT ID 381306
pgloadind     OTT ID reused in tree
pgloadind       duplicate name "Grateloupia filicina" nexsonid "node602150"
pgloadind       duplicate OTT ID 381306
pgloadind     OTT ID reused in tree
pgloadind       duplicate name "Grateloupia filicina" nexsonid "node602151"
pgloadind       duplicate OTT ID 381306
pgloadind     OTT ID reused in tree
pgloadind       duplicate name "Grateloupia filicina" nexsonid "node602153"
pgloadind       duplicate OTT ID 381306
pgloadind     OTT ID reused in tree
pgloadind       duplicate name "Grateloupia filicina" nexsonid "node602154"
pgloadind       duplicate OTT ID 381306
pgloadind     OTT ID reused in tree
pgloadind       duplicate name "Grateloupia filicina" nexsonid "node602157"
pgloadind       duplicate OTT ID 381306
pgloadind     OTT ID reused in tree
pgloadind       duplicate name "Grateloupia filicina" nexsonid "node602159"
pgloadind       duplicate OTT ID 381306
pgloadind     OTT ID reused in tree
pgloadind       duplicate name "Grateloupia filicina" nexsonid "node602160"
pgloadind       duplicate OTT ID 381306
pgloadind     OTT ID reused in tree
pgloadind       duplicate name "Grateloupia dichotoma" nexsonid "node602161"
pgloadind       duplicate OTT ID 806869
pgloadind     OTT ID reused in tree
pgloadind       duplicate name "Grateloupia filicina" nexsonid "node602163"
pgloadind       duplicate OTT ID 381306
pgloadind     OTT ID reused in tree
pgloadind       duplicate name "Grateloupia filicina" nexsonid "node602166"
pgloadind       duplicate OTT ID 381306
pgloadind     OTT ID reused in tree
pgloadind       duplicate name "Grateloupia filicina" nexsonid "node602167"
pgloadind       duplicate OTT ID 381306
pgloadind     OTT ID reused in tree
pgloadind       duplicate name "Grateloupia filicina" nexsonid "node602168"
pgloadind       duplicate OTT ID 381306
pgloadind     OTT ID reused in tree
pgloadind       duplicate name "Grateloupia filicina" nexsonid "node602169"
pgloadind       duplicate OTT ID 381306
pgloadind     OTT ID reused in tree
pgloadind       duplicate name "Grateloupia filicina" nexsonid "node602170"
pgloadind       duplicate OTT ID 381306
pgloadind     OTT ID reused in tree
pgloadind       duplicate name "Grateloupia filicina" nexsonid "node602171"
pgloadind       duplicate OTT ID 381306
pgloadind     pruning dups and overlapping name "Grateloupia filicina" nexsonid "node602157"
pgloadind     pruning dups and overlapping name "Grateloupia filicina" nexsonid "node602153"
pgloadind     pruning dups and overlapping name "Grateloupia filicina" nexsonid "node602121"
pgloadind     pruning dups and overlapping name "Grateloupia filicina" nexsonid "node602127"
pgloadind     pruning dups and overlapping name "Grateloupia filicina" nexsonid "node602147"
pgloadind     pruning dups and overlapping name "Grateloupia filicina" nexsonid "node602154"
pgloadind     pruning dups and overlapping name "Grateloupia filicina" nexsonid "node602138"
pgloadind     pruning dups and overlapping name "Grateloupia filicina" nexsonid "node602170"
pgloadind     pruning dups and overlapping name "Grateloupia filicina" nexsonid "node602129"
pgloadind     pruning dups and overlapping name "Grateloupia filicina" nexsonid "node602168"
pgloadind     pruning dups and overlapping name "Grateloupia turuturu" nexsonid "node602111"
pgloadind     pruning dups and overlapping name "Grateloupia filicina" nexsonid "node602159"
pgloadind     pruning dups and overlapping name "Grateloupia filicina" nexsonid "node602139"
pgloadind     pruning dups and overlapping name "Grateloupia filicina" nexsonid "node602142"
pgloadind     pruning dups and overlapping name "Grateloupia filicina" nexsonid "node602167"
pgloadind     pruning dups and overlapping name "Grateloupia filicina" nexsonid "node602169"
pgloadind     pruning dups and overlapping name "Grateloupia dichotoma" nexsonid "node602161"
pgloadind     pruning dups and overlapping name "Grateloupia filicina" nexsonid "node602166"
pgloadind     pruning dups and overlapping name "Grateloupia filicina" nexsonid "node602144"
pgloadind     pruning dups and overlapping name "Grateloupia luxurians" nexsonid "node602104"
pgloadind     pruning dups and overlapping name "Grateloupia filicina" nexsonid "node602143"
pgloadind     pruning dups and overlapping name "Grateloupia asiatica" nexsonid "node602091"
pgloadind     pruning dups and overlapping name "Grateloupia filicina" nexsonid "node602160"
pgloadind     pruning dups and overlapping name "Grateloupia filicina" nexsonid "node602171"
pgloadind     pruning dups and overlapping name "Grateloupia filicina" nexsonid "node602163"
pgloadind     pruning dups and overlapping name "Grateloupia filicina" nexsonid "node602128"
pgloadind     pruning dups and overlapping name "Grateloupia filicina" nexsonid "node602120"
pgloadind     pruning dups and overlapping name "Grateloupia turuturu" nexsonid "node602112"
pgloadind     pruning dups and overlapping name "Grateloupia luxurians" nexsonid "node602105"
pgloadind     pruning dups and overlapping name "Grateloupia luxurians" nexsonid "node602103"
pgloadind     pruning dups and overlapping name "Grateloupia filicina" nexsonid "node602151"
pgloadind     pruning dups and overlapping name "Grateloupia filicina" nexsonid "node602125"
pgloadind     pruning dups and overlapping name "Grateloupia turuturu" nexsonid "node602110"
pgloadind     pruning dups and overlapping name "Grateloupia filicina" nexsonid "node602126"
pgloadind     pruning dups and overlapping name "Grateloupia filicina" nexsonid "node602150"
pgloadind   postpruning newick tree "((Grateloupia_catenata,Grateloupia_ramossissima),((((((((Prionitis_lyallii,Grateloupia_lanceolata),(Grateloupia_livida,Grateloupia_asiatica)),Prionitis_filiformis),Prionitis_schmitziana),Grateloupia_imbricata),((Grateloupia_phuquocensis,((Grateloupia_subpectinata,Grateloupia_luxurians),Grateloupia_turuturu)),(((Grateloupia_longifolia,Grateloupia_belangeri),Grateloupia_filicina),Grateloupia_dichotoma))),(Grateloupia_doryphora,Grateloupia_schizophylla)),Grateloupia_filiformis))"
pgloadind   taxon mapping summary
pgloadind     taxon mapping OTT ID 844332 taxonomy "Grateloupia catenata->Grateloupia->Halymeniaceae->Halymeniales->Florideophyceae->Rhodophyceae->Archaeplastida->Eukaryota->cellular organisms->life" nexsonid "node602173"
pgloadind     taxon mapping OTT ID 283099 taxonomy "Grateloupia ramossissima->Grateloupia->Halymeniaceae->Halymeniales->Florideophyceae->Rhodophyceae->Archaeplastida->Eukaryota->cellular organisms->life" nexsonid "node602174"
pgloadind     taxon mapping OTT ID 510369 taxonomy "Prionitis lyallii->Prionitis->Rhodymeniophycidae->Florideophycidae->Rhodophyceae->Archaeplastida->Eukaryota->cellular organisms->life" nexsonid "node602086"
pgloadind     taxon mapping OTT ID 790861 taxonomy "Grateloupia lanceolata->Grateloupia->Halymeniaceae->Halymeniales->Florideophyceae->Rhodophyceae->Archaeplastida->Eukaryota->cellular organisms->life" nexsonid "node602087"
pgloadind     taxon mapping OTT ID 320108 taxonomy "Grateloupia livida->Grateloupia->Halymeniaceae->Halymeniales->Florideophyceae->Rhodophyceae->Archaeplastida->Eukaryota->cellular organisms->life" nexsonid "node602092"
pgloadind     taxon mapping OTT ID 790853 taxonomy "Grateloupia asiatica->Grateloupia->Halymeniaceae->Halymeniales->Florideophyceae->Rhodophyceae->Archaeplastida->Eukaryota->cellular organisms->life" nexsonid "node602090"
pgloadind     taxon mapping OTT ID 145598 taxonomy "Prionitis filiformis->Prionitis->Rhodymeniophycidae->Florideophycidae->Rhodophyceae->Archaeplastida->Eukaryota->cellular organisms->life" nexsonid "node602093"
pgloadind     taxon mapping OTT ID 1071991 taxonomy "Prionitis schmitziana->Prionitis->Rhodymeniophycidae->Florideophycidae->Rhodophyceae->Archaeplastida->Eukaryota->cellular organisms->life" nexsonid "node602094"
pgloadind     taxon mapping OTT ID 320102 taxonomy "Grateloupia imbricata->Grateloupia->Halymeniaceae->Halymeniales->Florideophyceae->Rhodophyceae->Archaeplastida->Eukaryota->cellular organisms->life" nexsonid "node602095"
pgloadind     taxon mapping OTT ID 441800 taxonomy "Grateloupia phuquocensis->Grateloupia->Halymeniaceae->Halymeniales->Florideophyceae->Rhodophyceae->Archaeplastida->Eukaryota->cellular organisms->life" nexsonid "node602098"
pgloadind     taxon mapping OTT ID 915677 taxonomy "Grateloupia subpectinata->Grateloupia->Halymeniaceae->Halymeniales->Florideophyceae->Rhodophyceae->Archaeplastida->Eukaryota->cellular organisms->life" nexsonid "node602106"
pgloadind     taxon mapping OTT ID 197710 taxonomy "Grateloupia luxurians->Grateloupia->Halymeniaceae->Halymeniales->Florideophyceae->Rhodophyceae->Archaeplastida->Eukaryota->cellular organisms->life" nexsonid "node602102"
pgloadind     taxon mapping OTT ID 320109 taxonomy "Grateloupia turuturu->Grateloupia->Halymeniaceae->Halymeniales->Florideophyceae->Rhodophyceae->Archaeplastida->Eukaryota->cellular organisms->life" nexsonid "node602109"
pgloadind     taxon mapping OTT ID 1052404 taxonomy "Grateloupia longifolia->Grateloupia->Halymeniaceae->Halymeniales->Florideophyceae->Rhodophyceae->Archaeplastida->Eukaryota->cellular organisms->life" nexsonid "node602116"
pgloadind     taxon mapping OTT ID 441813 taxonomy "Grateloupia belangeri->Grateloupia->Halymeniaceae->Halymeniales->Florideophyceae->Rhodophyceae->Archaeplastida->Eukaryota->cellular organisms->life" nexsonid "node602117"
pgloadind     taxon mapping OTT ID 381306 taxonomy "Grateloupia filicina->Grateloupia->Halymeniaceae->Halymeniales->Florideophyceae->Rhodophyceae->Archaeplastida->Eukaryota->cellular organisms->life" nexsonid "node602119"
pgloadind     taxon mapping OTT ID 806869 taxonomy "Grateloupia dichotoma->Grateloupia->Halymeniaceae->Halymeniales->Florideophyceae->Rhodophyceae->Archaeplastida->Eukaryota->cellular organisms->life" nexsonid "node602122"
pgloadind     taxon mapping OTT ID 469452 taxonomy "Grateloupia doryphora->Grateloupia->Halymeniaceae->Halymeniales->Florideophyceae->Rhodophyceae->Archaeplastida->Eukaryota->cellular organisms->life" nexsonid "node602131"
pgloadind     taxon mapping OTT ID 283096 taxonomy "Grateloupia schizophylla->Grateloupia->Halymeniaceae->Halymeniales->Florideophyceae->Rhodophyceae->Archaeplastida->Eukaryota->cellular organisms->life" nexsonid "node602132"
pgloadind     taxon mapping OTT ID 283098 taxonomy "Grateloupia filiformis->Grateloupia->Halymeniaceae->Halymeniales->Florideophyceae->Rhodophyceae->Archaeplastida->Eukaryota->cellular organisms->life" nexsonid "node602155"
done fixing name
pgloadind Finished with attempts to fix names
pgloadind   Checking for uniqueness of OTT IDs tree id "2761"
pgloadind   Adding tree to graph tree id "2761"
all trees have all taxa: false
	using bipartition technique
attempting to remap tips to deepest exemplified taxa
this is the ROOT
placing root in index
Dealing with metadata property: id
Dealing with metadata property: ot:studyPublicationReference
Adding property 'ot:studyPublicationReference': De clerck O., Gavio B., Barbara I., Fredericq S., & Coppejans E. 2005. Systematics of Grateloupia filicina (Halymeniaceae, Rhodophyta), based on rbcl sequence analyses and morphological evidence, including the reinstatement of G. minima and the description of G. capensis spec. nov.1. Journal of phycology, 41(2), 391-410.
Dealing with metadata property: ot:focalCladeOTTTaxonName
Adding property 'ot:focalCladeOTTTaxonName': Halymeniaceae
Dealing with metadata property: ot:studyYear
Adding property 'ot:studyYear': 2005
Dealing with metadata property: ot:inGroupClade
Adding property 'ot:inGroupClade': node602076
Dealing with metadata property: ot:curatorName
Adding property 'ot:curatorName': Jiabin Deng
Dealing with metadata property: ot:studyPublication
Adding property 'ot:studyPublication': http://dx.doi.org/10.1111/j.1529-8817.2005.04189.x
Dealing with metadata property: ot:focalClade
Adding property 'ot:focalClade': 880583
Dealing with metadata property: ot:curatedType
Adding property 'ot:curatedType': ML
Dealing with metadata property: ot:studyId
Adding property 'ot:studyId': 1381
Dealing with metadata property: ot:dataDeposit
Adding property 'ot:dataDeposit': http://purl.org/phylo/treebase/phylows/study/TB2:S1323
Committing nodes: 39
