pgloadind OTUs number 44
pgloadind Processing tree @id "5859"
pgloadind   tree info number nodes 41
pgloadind   tree info number edges 40
pgloadind   tree info ingroup "node998671"
pgloadind   Setting ingroup root node.
pgloadind   Ingested tree number of external nodes 19
pgloadind   property added ot:studyPublicationReference "Tate, J. A., Acosta, M. C., McDill, J., Moscone, E. A., Simpson, B. B., & Cocucci, A. A. (2009). Phylogeny and character evolution in Nierembergia (Solanaceae): Molecular, morphological, and cytogenetic evidence. Systematic Botany, 34(1), 198-206."
pgloadind   property added ot:studyPublication "http://dx.doi.org/10.1600/036364409787602249"
pgloadind   property added ot:curatorName "William Wysocki"
pgloadind   property added ot:dataDeposit "http://purl.org/phylo/treebase/phylows/study/TB2:S1780"
pgloadind   property added ot:studyId "139"
pgloadind   property added ot:studyYear "2007"
pgloadind   property added ot:focalClade "1080361"
pgloadind   property added ot:focalCladeOTTTaxonName "Nierembergia"
pgloadind   property added ot:tag "cpDNA & nrDNA"
pgloadind   property added ot:tag "ingroup added for Fig. 1"
pgloadind   property added ot:inGroupClade "node998671"
pgloadind   property added ot:curatedType "Char Mapping Tree"
pgloadind Processing tree @id "5860"
pgloadind   tree info number nodes 64
pgloadind   tree info number edges 63
pgloadind   tree info ingroup "node998717"
pgloadind   Setting ingroup root node.
pgloadind   Ingested tree number of external nodes 30
pgloadind   property added ot:studyPublicationReference "Tate, J. A., Acosta, M. C., McDill, J., Moscone, E. A., Simpson, B. B., & Cocucci, A. A. (2009). Phylogeny and character evolution in Nierembergia (Solanaceae): Molecular, morphological, and cytogenetic evidence. Systematic Botany, 34(1), 198-206."
pgloadind   property added ot:studyPublication "http://dx.doi.org/10.1600/036364409787602249"
pgloadind   property added ot:curatorName "William Wysocki"
pgloadind   property added ot:dataDeposit "http://purl.org/phylo/treebase/phylows/study/TB2:S1780"
pgloadind   property added ot:studyId "139"
pgloadind   property added ot:studyYear "2007"
pgloadind   property added ot:focalClade "1080361"
pgloadind   property added ot:focalCladeOTTTaxonName "Nierembergia"
pgloadind   property added ot:tag "cpDNA & nrDNA"
pgloadind   property added ot:tag "ingroup added for Fig. 1"
pgloadind   property added ot:inGroupClade "node998717"
pgloadind   property added ot:curatedType "Fig. 1"
loading a specific tree: 5860
skipping tree: 5859
pgloadind conducting TNRS on trees
pgloadind   name fixing on tree tree id "5860"
pgloadind   all nodes have ottIds
pgloadind     OTT ID reused in tree
pgloadind       duplicate name "Nierembergia spathulata" nexsonid "node998740"
pgloadind       duplicate OTT ID 662666
pgloadind     OTT ID reused in tree
pgloadind       duplicate name "Nierembergia browallioides" nexsonid "node998749"
pgloadind       duplicate OTT ID 474439
pgloadind     OTT ID reused in tree
pgloadind       duplicate name "Nierembergia pulchella var. macrocalyx" nexsonid "node998751"
pgloadind       duplicate OTT ID 898770
pgloadind     OTT ID reused in tree
pgloadind       duplicate name "Nierembergia browallioides" nexsonid "node998753"
pgloadind       duplicate OTT ID 474439
pgloadind     OTT ID reused in tree
pgloadind       duplicate name "Nierembergia ericoides" nexsonid "node998762"
pgloadind       duplicate OTT ID 474444
pgloadind     OTT ID reused in tree
pgloadind       duplicate name "Nierembergia scoparia" nexsonid "node998764"
pgloadind       duplicate OTT ID 898780
pgloadind     OTT ID reused in tree
pgloadind       duplicate name "Nierembergia linariifolia var. linariifolia" nexsonid "node998768"
pgloadind       duplicate OTT ID 474430
pgloadind     OTT ID reused in tree
pgloadind       duplicate name "Nierembergia linariifolia" nexsonid "node998770"
pgloadind       duplicate OTT ID 474441
pgloadind     overlapping tips
pgloadind       overlapping retained name "Nierembergia linariifolia var. glabriscula" nexsonid "node998766"
pgloadind       overlapping pruned name "Nierembergia linariifolia" nexsonid "node998769"
pgloadind     pruning dups and overlapping name "Nierembergia linariifolia var. linariifolia" nexsonid "node998768"
pgloadind     pruning dups and overlapping name "Nierembergia spathulata" nexsonid "node998740"
pgloadind     pruning dups and overlapping name "Nierembergia linariifolia" nexsonid "node998769"
pgloadind     pruning dups and overlapping name "Nierembergia pulchella var. macrocalyx" nexsonid "node998751"
pgloadind     pruning dups and overlapping name "Nierembergia browallioides" nexsonid "node998749"
pgloadind     pruning dups and overlapping name "Nierembergia ericoides" nexsonid "node998762"
pgloadind     pruning dups and overlapping name "Nierembergia browallioides" nexsonid "node998753"
pgloadind     pruning dups and overlapping name "Nierembergia linariifolia" nexsonid "node998770"
pgloadind     pruning dups and overlapping name "Nierembergia scoparia" nexsonid "node998764"
pgloadind   postpruning newick tree "((((Nierembergia_angustifolia,(Nierembergia_aristata,Nierembergia_veitchii)),(((Nierembergia_graveolens,Nierembergia_pinifolia),(Nierembergia_hatschbachii,Nierembergia_micrantha)),(Nierembergia_rigida,(Nierembergia_repens,(Nierembergia_rivularis,Nierembergia_spathulata))))),Nierembergia_calycina),(((Nierembergia_boliviana,Nierembergia_pulchella_var_macrocalyx,Nierembergia_browallioides),(Nierembergia_pulchella_var_pulchella,Nierembergia_tucumanensis)),((Nierembergia_linariifolia_var_glabriscula,Nierembergia_linariifolia_var_linariifolia),(Nierembergia_ericoides,Nierembergia_scoparia))))"
pgloadind   taxon mapping summary
pgloadind     taxon mapping OTT ID 474435 taxonomy "Nierembergia angustifolia->Nierembergia->Petunioideae->Solanaceae->Solanales->lamiids->asterids->Pentapetalae->Gunneridae->eudicotyledons->Mesangiospermae->Magnoliophyta->Spermatophyta->Euphyllophyta->Tracheophyta->Embryophyta->Streptophyta->Chloroplastida->Archaeplastida->Eukaryota->cellular organisms->life" nexsonid "node998721"
pgloadind     taxon mapping OTT ID 474433 taxonomy "Nierembergia aristata->Nierembergia->Petunioideae->Solanaceae->Solanales->lamiids->asterids->Pentapetalae->Gunneridae->eudicotyledons->Mesangiospermae->Magnoliophyta->Spermatophyta->Euphyllophyta->Tracheophyta->Embryophyta->Streptophyta->Chloroplastida->Archaeplastida->Eukaryota->cellular organisms->life" nexsonid "node998723"
pgloadind     taxon mapping OTT ID 898764 taxonomy "Nierembergia veitchii->Nierembergia->Petunioideae->Solanaceae->Solanales->lamiids->asterids->Pentapetalae->Gunneridae->eudicotyledons->Mesangiospermae->Magnoliophyta->Spermatophyta->Euphyllophyta->Tracheophyta->Embryophyta->Streptophyta->Chloroplastida->Archaeplastida->Eukaryota->cellular organisms->life" nexsonid "node998724"
pgloadind     taxon mapping OTT ID 662668 taxonomy "Nierembergia graveolens->Nierembergia->Petunioideae->Solanaceae->Solanales->lamiids->asterids->Pentapetalae->Gunneridae->eudicotyledons->Mesangiospermae->Magnoliophyta->Spermatophyta->Euphyllophyta->Tracheophyta->Embryophyta->Streptophyta->Chloroplastida->Archaeplastida->Eukaryota->cellular organisms->life" nexsonid "node998728"
pgloadind     taxon mapping OTT ID 898766 taxonomy "Nierembergia pinifolia->Nierembergia->Petunioideae->Solanaceae->Solanales->lamiids->asterids->Pentapetalae->Gunneridae->eudicotyledons->Mesangiospermae->Magnoliophyta->Spermatophyta->Euphyllophyta->Tracheophyta->Embryophyta->Streptophyta->Chloroplastida->Archaeplastida->Eukaryota->cellular organisms->life" nexsonid "node998729"
pgloadind     taxon mapping OTT ID 934781 taxonomy "Nierembergia hatschbachii->Nierembergia->Petunioideae->Solanaceae->Solanales->lamiids->asterids->Pentapetalae->Gunneridae->eudicotyledons->Mesangiospermae->Magnoliophyta->Spermatophyta->Euphyllophyta->Tracheophyta->Embryophyta->Streptophyta->Chloroplastida->Archaeplastida->Eukaryota->cellular organisms->life" nexsonid "node998731"
pgloadind     taxon mapping OTT ID 999074 taxonomy "Nierembergia micrantha->Nierembergia->Petunioideae->Solanaceae->Solanales->lamiids->asterids->Pentapetalae->Gunneridae->eudicotyledons->Mesangiospermae->Magnoliophyta->Spermatophyta->Euphyllophyta->Tracheophyta->Embryophyta->Streptophyta->Chloroplastida->Archaeplastida->Eukaryota->cellular organisms->life" nexsonid "node998732"
pgloadind     taxon mapping OTT ID 898776 taxonomy "Nierembergia rigida->Nierembergia->Petunioideae->Solanaceae->Solanales->lamiids->asterids->Pentapetalae->Gunneridae->eudicotyledons->Mesangiospermae->Magnoliophyta->Spermatophyta->Euphyllophyta->Tracheophyta->Embryophyta->Streptophyta->Chloroplastida->Archaeplastida->Eukaryota->cellular organisms->life" nexsonid "node998741"
pgloadind     taxon mapping OTT ID 898773 taxonomy "Nierembergia repens->Nierembergia->Petunioideae->Solanaceae->Solanales->lamiids->asterids->Pentapetalae->Gunneridae->eudicotyledons->Mesangiospermae->Magnoliophyta->Spermatophyta->Euphyllophyta->Tracheophyta->Embryophyta->Streptophyta->Chloroplastida->Archaeplastida->Eukaryota->cellular organisms->life" nexsonid "node998736"
pgloadind     taxon mapping OTT ID 898778 taxonomy "Nierembergia rivularis->Nierembergia->Petunioideae->Solanaceae->Solanales->lamiids->asterids->Pentapetalae->Gunneridae->eudicotyledons->Mesangiospermae->Magnoliophyta->Spermatophyta->Euphyllophyta->Tracheophyta->Embryophyta->Streptophyta->Chloroplastida->Archaeplastida->Eukaryota->cellular organisms->life" nexsonid "node998738"
pgloadind     taxon mapping OTT ID 662666 taxonomy "Nierembergia spathulata->Nierembergia->Petunioideae->Solanaceae->Solanales->lamiids->asterids->Pentapetalae->Gunneridae->eudicotyledons->Mesangiospermae->Magnoliophyta->Spermatophyta->Euphyllophyta->Tracheophyta->Embryophyta->Streptophyta->Chloroplastida->Archaeplastida->Eukaryota->cellular organisms->life" nexsonid "node998739"
pgloadind     taxon mapping OTT ID 474437 taxonomy "Nierembergia calycina->Nierembergia->Petunioideae->Solanaceae->Solanales->lamiids->asterids->Pentapetalae->Gunneridae->eudicotyledons->Mesangiospermae->Magnoliophyta->Spermatophyta->Euphyllophyta->Tracheophyta->Embryophyta->Streptophyta->Chloroplastida->Archaeplastida->Eukaryota->cellular organisms->life" nexsonid "node998742"
pgloadind     taxon mapping OTT ID 292484 taxonomy "Nierembergia boliviana->Nierembergia->Petunioideae->Solanaceae->Solanales->lamiids->asterids->Pentapetalae->Gunneridae->eudicotyledons->Mesangiospermae->Magnoliophyta->Spermatophyta->Euphyllophyta->Tracheophyta->Embryophyta->Streptophyta->Chloroplastida->Archaeplastida->Eukaryota->cellular organisms->life" nexsonid "node998746"
pgloadind     taxon mapping OTT ID 898770 taxonomy "Nierembergia pulchella var. macrocalyx->Nierembergia pulchella->Nierembergia->Petunioideae->Solanaceae->Solanales->lamiids->asterids->Pentapetalae->Gunneridae->eudicotyledons->Mesangiospermae->Magnoliophyta->Spermatophyta->Euphyllophyta->Tracheophyta->Embryophyta->Streptophyta->Chloroplastida->Archaeplastida->Eukaryota->cellular organisms->life" nexsonid "node998750"
pgloadind     taxon mapping OTT ID 474439 taxonomy "Nierembergia browallioides->Nierembergia->Petunioideae->Solanaceae->Solanales->lamiids->asterids->Pentapetalae->Gunneridae->eudicotyledons->Mesangiospermae->Magnoliophyta->Spermatophyta->Euphyllophyta->Tracheophyta->Embryophyta->Streptophyta->Chloroplastida->Archaeplastida->Eukaryota->cellular organisms->life" nexsonid "node998748"
pgloadind     taxon mapping OTT ID 898772 taxonomy "Nierembergia pulchella var. pulchella->Nierembergia pulchella->Nierembergia->Petunioideae->Solanaceae->Solanales->lamiids->asterids->Pentapetalae->Gunneridae->eudicotyledons->Mesangiospermae->Magnoliophyta->Spermatophyta->Euphyllophyta->Tracheophyta->Embryophyta->Streptophyta->Chloroplastida->Archaeplastida->Eukaryota->cellular organisms->life" nexsonid "node998755"
pgloadind     taxon mapping OTT ID 898762 taxonomy "Nierembergia tucumanensis->Nierembergia->Petunioideae->Solanaceae->Solanales->lamiids->asterids->Pentapetalae->Gunneridae->eudicotyledons->Mesangiospermae->Magnoliophyta->Spermatophyta->Euphyllophyta->Tracheophyta->Embryophyta->Streptophyta->Chloroplastida->Archaeplastida->Eukaryota->cellular organisms->life" nexsonid "node998756"
pgloadind     taxon mapping OTT ID 474448 taxonomy "Nierembergia linariifolia var. glabriscula->Nierembergia linariifolia->Nierembergia->Petunioideae->Solanaceae->Solanales->lamiids->asterids->Pentapetalae->Gunneridae->eudicotyledons->Mesangiospermae->Magnoliophyta->Spermatophyta->Euphyllophyta->Tracheophyta->Embryophyta->Streptophyta->Chloroplastida->Archaeplastida->Eukaryota->cellular organisms->life" nexsonid "node998766"
pgloadind     taxon mapping OTT ID 474430 taxonomy "Nierembergia linariifolia var. linariifolia->Nierembergia linariifolia->Nierembergia->Petunioideae->Solanaceae->Solanales->lamiids->asterids->Pentapetalae->Gunneridae->eudicotyledons->Mesangiospermae->Magnoliophyta->Spermatophyta->Euphyllophyta->Tracheophyta->Embryophyta->Streptophyta->Chloroplastida->Archaeplastida->Eukaryota->cellular organisms->life" nexsonid "node998767"
pgloadind     taxon mapping OTT ID 474444 taxonomy "Nierembergia ericoides->Nierembergia->Petunioideae->Solanaceae->Solanales->lamiids->asterids->Pentapetalae->Gunneridae->eudicotyledons->Mesangiospermae->Magnoliophyta->Spermatophyta->Euphyllophyta->Tracheophyta->Embryophyta->Streptophyta->Chloroplastida->Archaeplastida->Eukaryota->cellular organisms->life" nexsonid "node998760"
pgloadind     taxon mapping OTT ID 898780 taxonomy "Nierembergia scoparia->Nierembergia->Petunioideae->Solanaceae->Solanales->lamiids->asterids->Pentapetalae->Gunneridae->eudicotyledons->Mesangiospermae->Magnoliophyta->Spermatophyta->Euphyllophyta->Tracheophyta->Embryophyta->Streptophyta->Chloroplastida->Archaeplastida->Eukaryota->cellular organisms->life" nexsonid "node998763"
done fixing name
pgloadind Finished with attempts to fix names
pgloadind   Checking for uniqueness of OTT IDs tree id "5860"
pgloadind   Adding tree to graph tree id "5860"
all trees have all taxa: false
	using bipartition technique
attempting to remap tips to deepest exemplified taxa
this is the ROOT
placing root in index
Dealing with metadata property: id
Dealing with metadata property: ot:studyPublicationReference
Adding property 'ot:studyPublicationReference': Tate, J. A., Acosta, M. C., McDill, J., Moscone, E. A., Simpson, B. B., & Cocucci, A. A. (2009). Phylogeny and character evolution in Nierembergia (Solanaceae): Molecular, morphological, and cytogenetic evidence. Systematic Botany, 34(1), 198-206.
Dealing with metadata property: ot:focalCladeOTTTaxonName
Adding property 'ot:focalCladeOTTTaxonName': Nierembergia
Dealing with metadata property: ot:studyYear
Adding property 'ot:studyYear': 2007
Dealing with metadata property: ot:inGroupClade
Adding property 'ot:inGroupClade': node998717
Dealing with metadata property: ot:tag
Adding property 'ot:tag': ingroup added for Fig. 1
Dealing with metadata property: ot:curatorName
Adding property 'ot:curatorName': William Wysocki
Dealing with metadata property: ot:studyPublication
Adding property 'ot:studyPublication': http://dx.doi.org/10.1600/036364409787602249
Dealing with metadata property: ot:focalClade
Adding property 'ot:focalClade': 1080361
Dealing with metadata property: ot:curatedType
Adding property 'ot:curatedType': Fig. 1
Dealing with metadata property: ot:studyId
Adding property 'ot:studyId': 139
Dealing with metadata property: ot:dataDeposit
Adding property 'ot:dataDeposit': http://purl.org/phylo/treebase/phylows/study/TB2:S1780
Committing nodes: 40
