pgloadind OTUs number 33
pgloadind Processing tree @id "2872"
pgloadind   tree info number nodes 65
pgloadind   tree info number edges 64
pgloadind   Ingested tree number of external nodes 33
pgloadind   property added ot:studyPublicationReference "Almeida V., Costa A., Oliveira A., Esteves V., Arruda R., & Forzza R. 2009. Morphological phylogenetics of Quesnelia (Bromeliaceae, Bromelioideae). Systematic Botany, 34(4): 660-672."
pgloadind   property added ot:studyPublication "http://dx.doi.org/10.1600/036364409790139619"
pgloadind   property added ot:curatorName "Jiabin Deng"
pgloadind   property added ot:dataDeposit "http://purl.org/phylo/treebase/phylows/study/TB2:S10146"
pgloadind   property added ot:studyId "1433"
pgloadind   property added ot:studyYear "2009"
pgloadind   property added ot:focalClade "627035"
pgloadind   property added ot:focalCladeOTTTaxonName "Bromeliaceae"
pgloadind   property added ot:curatedType "Fig. 2"
pgloadind Processing tree @id "2873"
pgloadind   tree info number nodes 64
pgloadind   tree info number edges 63
pgloadind   tree info ingroup "node617231"
pgloadind   Setting ingroup root node.
pgloadind   Ingested tree number of external nodes 32
pgloadind   property added ot:studyPublicationReference "Almeida V., Costa A., Oliveira A., Esteves V., Arruda R., & Forzza R. 2009. Morphological phylogenetics of Quesnelia (Bromeliaceae, Bromelioideae). Systematic Botany, 34(4): 660-672."
pgloadind   property added ot:studyPublication "http://dx.doi.org/10.1600/036364409790139619"
pgloadind   property added ot:curatorName "Jiabin Deng"
pgloadind   property added ot:dataDeposit "http://purl.org/phylo/treebase/phylows/study/TB2:S10146"
pgloadind   property added ot:studyId "1433"
pgloadind   property added ot:studyYear "2009"
pgloadind   property added ot:focalClade "627035"
pgloadind   property added ot:focalCladeOTTTaxonName "Bromeliaceae"
pgloadind   property added ot:inGroupClade "node617231"
pgloadind   property added ot:curatedType "Fig. 3"
pgloadind Processing tree @id "2874"
pgloadind   tree info number nodes 65
pgloadind   tree info number edges 64
pgloadind   tree info ingroup "node617293"
pgloadind   Setting ingroup root node.
pgloadind   Ingested tree number of external nodes 33
pgloadind   property added ot:studyPublicationReference "Almeida V., Costa A., Oliveira A., Esteves V., Arruda R., & Forzza R. 2009. Morphological phylogenetics of Quesnelia (Bromeliaceae, Bromelioideae). Systematic Botany, 34(4): 660-672."
pgloadind   property added ot:studyPublication "http://dx.doi.org/10.1600/036364409790139619"
pgloadind   property added ot:curatorName "Jiabin Deng"
pgloadind   property added ot:dataDeposit "http://purl.org/phylo/treebase/phylows/study/TB2:S10146"
pgloadind   property added ot:studyId "1433"
pgloadind   property added ot:studyYear "2009"
pgloadind   property added ot:focalClade "627035"
pgloadind   property added ot:focalCladeOTTTaxonName "Bromeliaceae"
pgloadind   property added ot:inGroupClade "node617293"
pgloadind   property added ot:curatedType "Fig. 1"
loading a specific tree: 2874
skipping tree: 2872
skipping tree: 2873
pgloadind conducting TNRS on trees
pgloadind   name fixing on tree tree id "2874"
pgloadind   all nodes have ottIds
pgloadind     OTT ID reused in tree
pgloadind       duplicate name "Quesnelia edmundoi" nexsonid "node617352"
pgloadind       duplicate OTT ID 442405
pgloadind     pruning dups and overlapping name "Quesnelia edmundoi" nexsonid "node617352"
pgloadind   postpruning newick tree "(Fernseea_itatiaiae,(((Encholirium_subsecundum,(Quesnelia_dubia,(Portea_alatisepala,((Aechmea_capixabae,((Aechmea_caesia,(Quesnelia_alvimii,Aechmea_nudicaulis)),((Quesnelia_marmorata,(Quesnelia_blanda,(((Quesnelia_kautskyi,((Billbergia_pyramidalis,Billbergia_porteana),(Billbergia_amoena,Billbergia_iridifolia))),((Quesnelia_liboniana,Quesnelia_augusto-coburgii),Billbergia_zebrina)),(Quesnelia_lateralis,Quesnelia_indecora)))),(Quesnelia_seideliana,Quesnelia_humilis)))),(Quesnelia_imbricata,((Aechmea_ornata,Aechmea_maasii),(Aechmea_ramosa,Aechmea_saxicola))))))),(Hohenbergia_blanchetii,Quesnelia_edmundoi)),(Aechmea_van-houtteana,(Quesnelia_arvensis,Quesnelia_quesneliana))))"
pgloadind   taxon mapping summary
pgloadind     taxon mapping OTT ID 138968 taxonomy "Fernseea itatiaiae->Fernseea->Bromeliaceae->Poales->commelinids->Petrosaviidae->Liliopsida->Mesangiospermae->Magnoliophyta->Spermatophyta->Euphyllophyta->Tracheophyta->Embryophyta->Streptophyta->Chloroplastida->Archaeplastida->Eukaryota->cellular organisms->life" nexsonid "node617294"
pgloadind     taxon mapping OTT ID 3961784 taxonomy "Encholirium subsecundum->Encholirium->Bromeliaceae->Poales->commelinids->Petrosaviidae->Liliopsida->Mesangiospermae->Magnoliophyta->Spermatophyta->Euphyllophyta->Tracheophyta->Embryophyta->Streptophyta->Chloroplastida->Archaeplastida->Eukaryota->cellular organisms->life" nexsonid "node617298"
pgloadind     taxon mapping OTT ID 3963007 taxonomy "Quesnelia dubia->Quesnelia->Bromeliaceae->Poales->commelinids->Petrosaviidae->Liliopsida->Mesangiospermae->Magnoliophyta->Spermatophyta->Euphyllophyta->Tracheophyta->Embryophyta->Streptophyta->Chloroplastida->Archaeplastida->Eukaryota->cellular organisms->life" nexsonid "node617300"
pgloadind     taxon mapping OTT ID 86347 taxonomy "Portea alatisepala->Portea->Bromeliaceae->Poales->commelinids->Petrosaviidae->Liliopsida->Mesangiospermae->Magnoliophyta->Spermatophyta->Euphyllophyta->Tracheophyta->Embryophyta->Streptophyta->Chloroplastida->Archaeplastida->Eukaryota->cellular organisms->life" nexsonid "node617302"
pgloadind     taxon mapping OTT ID 1006177 taxonomy "Aechmea capixabae->Aechmea->Bromeliaceae->Poales->commelinids->Petrosaviidae->Liliopsida->Mesangiospermae->Magnoliophyta->Spermatophyta->Euphyllophyta->Tracheophyta->Embryophyta->Streptophyta->Chloroplastida->Archaeplastida->Eukaryota->cellular organisms->life" nexsonid "node617305"
pgloadind     taxon mapping OTT ID 60560 taxonomy "Aechmea caesia->Aechmea->Bromeliaceae->Poales->commelinids->Petrosaviidae->Liliopsida->Mesangiospermae->Magnoliophyta->Spermatophyta->Euphyllophyta->Tracheophyta->Embryophyta->Streptophyta->Chloroplastida->Archaeplastida->Eukaryota->cellular organisms->life" nexsonid "node617308"
pgloadind     taxon mapping OTT ID 3963006 taxonomy "Quesnelia alvimii->Quesnelia->Bromeliaceae->Poales->commelinids->Petrosaviidae->Liliopsida->Mesangiospermae->Magnoliophyta->Spermatophyta->Euphyllophyta->Tracheophyta->Embryophyta->Streptophyta->Chloroplastida->Archaeplastida->Eukaryota->cellular organisms->life" nexsonid "node617310"
pgloadind     taxon mapping OTT ID 335176 taxonomy "Aechmea nudicaulis->Aechmea->Bromeliaceae->Poales->commelinids->Petrosaviidae->Liliopsida->Mesangiospermae->Magnoliophyta->Spermatophyta->Euphyllophyta->Tracheophyta->Embryophyta->Streptophyta->Chloroplastida->Archaeplastida->Eukaryota->cellular organisms->life" nexsonid "node617311"
pgloadind     taxon mapping OTT ID 149179 taxonomy "Quesnelia marmorata->Quesnelia->Bromeliaceae->Poales->commelinids->Petrosaviidae->Liliopsida->Mesangiospermae->Magnoliophyta->Spermatophyta->Euphyllophyta->Tracheophyta->Embryophyta->Streptophyta->Chloroplastida->Archaeplastida->Eukaryota->cellular organisms->life" nexsonid "node617314"
pgloadind     taxon mapping OTT ID 3963008 taxonomy "Quesnelia blanda->Quesnelia->Bromeliaceae->Poales->commelinids->Petrosaviidae->Liliopsida->Mesangiospermae->Magnoliophyta->Spermatophyta->Euphyllophyta->Tracheophyta->Embryophyta->Streptophyta->Chloroplastida->Archaeplastida->Eukaryota->cellular organisms->life" nexsonid "node617316"
pgloadind     taxon mapping OTT ID 951393 taxonomy "Quesnelia kautskyi->Quesnelia->Bromeliaceae->Poales->commelinids->Petrosaviidae->Liliopsida->Mesangiospermae->Magnoliophyta->Spermatophyta->Euphyllophyta->Tracheophyta->Embryophyta->Streptophyta->Chloroplastida->Archaeplastida->Eukaryota->cellular organisms->life" nexsonid "node617320"
pgloadind     taxon mapping OTT ID 865283 taxonomy "Billbergia pyramidalis->Billbergia->Bromeliaceae->Poales->commelinids->Petrosaviidae->Liliopsida->Mesangiospermae->Magnoliophyta->Spermatophyta->Euphyllophyta->Tracheophyta->Embryophyta->Streptophyta->Chloroplastida->Archaeplastida->Eukaryota->cellular organisms->life" nexsonid "node617323"
pgloadind     taxon mapping OTT ID 3964212 taxonomy "Billbergia porteana->Billbergia->Bromeliaceae->Poales->commelinids->Petrosaviidae->Liliopsida->Mesangiospermae->Magnoliophyta->Spermatophyta->Euphyllophyta->Tracheophyta->Embryophyta->Streptophyta->Chloroplastida->Archaeplastida->Eukaryota->cellular organisms->life" nexsonid "node617324"
pgloadind     taxon mapping OTT ID 3964183 taxonomy "Billbergia amoena->Billbergia->Bromeliaceae->Poales->commelinids->Petrosaviidae->Liliopsida->Mesangiospermae->Magnoliophyta->Spermatophyta->Euphyllophyta->Tracheophyta->Embryophyta->Streptophyta->Chloroplastida->Archaeplastida->Eukaryota->cellular organisms->life" nexsonid "node617326"
pgloadind     taxon mapping OTT ID 3964226 taxonomy "Billbergia iridifolia->Billbergia->Bromeliaceae->Poales->commelinids->Petrosaviidae->Liliopsida->Mesangiospermae->Magnoliophyta->Spermatophyta->Euphyllophyta->Tracheophyta->Embryophyta->Streptophyta->Chloroplastida->Archaeplastida->Eukaryota->cellular organisms->life" nexsonid "node617327"
pgloadind     taxon mapping OTT ID 260367 taxonomy "Quesnelia liboniana->Quesnelia->Bromeliaceae->Poales->commelinids->Petrosaviidae->Liliopsida->Mesangiospermae->Magnoliophyta->Spermatophyta->Euphyllophyta->Tracheophyta->Embryophyta->Streptophyta->Chloroplastida->Archaeplastida->Eukaryota->cellular organisms->life" nexsonid "node617330"
pgloadind     taxon mapping OTT ID 3963016 taxonomy "Quesnelia augusto-coburgii->Quesnelia->Bromeliaceae->Poales->commelinids->Petrosaviidae->Liliopsida->Mesangiospermae->Magnoliophyta->Spermatophyta->Euphyllophyta->Tracheophyta->Embryophyta->Streptophyta->Chloroplastida->Archaeplastida->Eukaryota->cellular organisms->life" nexsonid "node617331"
pgloadind     taxon mapping OTT ID 660584 taxonomy "Billbergia zebrina->Billbergia->Bromeliaceae->Poales->commelinids->Petrosaviidae->Liliopsida->Mesangiospermae->Magnoliophyta->Spermatophyta->Euphyllophyta->Tracheophyta->Embryophyta->Streptophyta->Chloroplastida->Archaeplastida->Eukaryota->cellular organisms->life" nexsonid "node617332"
pgloadind     taxon mapping OTT ID 1018851 taxonomy "Quesnelia lateralis->Quesnelia->Bromeliaceae->Poales->commelinids->Petrosaviidae->Liliopsida->Mesangiospermae->Magnoliophyta->Spermatophyta->Euphyllophyta->Tracheophyta->Embryophyta->Streptophyta->Chloroplastida->Archaeplastida->Eukaryota->cellular organisms->life" nexsonid "node617334"
pgloadind     taxon mapping OTT ID 3963012 taxonomy "Quesnelia indecora->Quesnelia->Bromeliaceae->Poales->commelinids->Petrosaviidae->Liliopsida->Mesangiospermae->Magnoliophyta->Spermatophyta->Euphyllophyta->Tracheophyta->Embryophyta->Streptophyta->Chloroplastida->Archaeplastida->Eukaryota->cellular organisms->life" nexsonid "node617335"
pgloadind     taxon mapping OTT ID 3963013 taxonomy "Quesnelia seideliana->Quesnelia->Bromeliaceae->Poales->commelinids->Petrosaviidae->Liliopsida->Mesangiospermae->Magnoliophyta->Spermatophyta->Euphyllophyta->Tracheophyta->Embryophyta->Streptophyta->Chloroplastida->Archaeplastida->Eukaryota->cellular organisms->life" nexsonid "node617337"
pgloadind     taxon mapping OTT ID 3963015 taxonomy "Quesnelia humilis->Quesnelia->Bromeliaceae->Poales->commelinids->Petrosaviidae->Liliopsida->Mesangiospermae->Magnoliophyta->Spermatophyta->Euphyllophyta->Tracheophyta->Embryophyta->Streptophyta->Chloroplastida->Archaeplastida->Eukaryota->cellular organisms->life" nexsonid "node617338"
pgloadind     taxon mapping OTT ID 3963005 taxonomy "Quesnelia imbricata->Quesnelia->Bromeliaceae->Poales->commelinids->Petrosaviidae->Liliopsida->Mesangiospermae->Magnoliophyta->Spermatophyta->Euphyllophyta->Tracheophyta->Embryophyta->Streptophyta->Chloroplastida->Archaeplastida->Eukaryota->cellular organisms->life" nexsonid "node617340"
pgloadind     taxon mapping OTT ID 3964166 taxonomy "Aechmea ornata->Aechmea->Bromeliaceae->Poales->commelinids->Petrosaviidae->Liliopsida->Mesangiospermae->Magnoliophyta->Spermatophyta->Euphyllophyta->Tracheophyta->Embryophyta->Streptophyta->Chloroplastida->Archaeplastida->Eukaryota->cellular organisms->life" nexsonid "node617343"
pgloadind     taxon mapping OTT ID 3964082 taxonomy "Aechmea maasii->Aechmea->Bromeliaceae->Poales->commelinids->Petrosaviidae->Liliopsida->Mesangiospermae->Magnoliophyta->Spermatophyta->Euphyllophyta->Tracheophyta->Embryophyta->Streptophyta->Chloroplastida->Archaeplastida->Eukaryota->cellular organisms->life" nexsonid "node617344"
pgloadind     taxon mapping OTT ID 189063 taxonomy "Aechmea ramosa->Aechmea->Bromeliaceae->Poales->commelinids->Petrosaviidae->Liliopsida->Mesangiospermae->Magnoliophyta->Spermatophyta->Euphyllophyta->Tracheophyta->Embryophyta->Streptophyta->Chloroplastida->Archaeplastida->Eukaryota->cellular organisms->life" nexsonid "node617346"
pgloadind     taxon mapping OTT ID 3964065 taxonomy "Aechmea saxicola->Aechmea->Bromeliaceae->Poales->commelinids->Petrosaviidae->Liliopsida->Mesangiospermae->Magnoliophyta->Spermatophyta->Euphyllophyta->Tracheophyta->Embryophyta->Streptophyta->Chloroplastida->Archaeplastida->Eukaryota->cellular organisms->life" nexsonid "node617347"
pgloadind     taxon mapping OTT ID 3961657 taxonomy "Hohenbergia blanchetii->Hohenbergia->Bromeliaceae->Poales->commelinids->Petrosaviidae->Liliopsida->Mesangiospermae->Magnoliophyta->Spermatophyta->Euphyllophyta->Tracheophyta->Embryophyta->Streptophyta->Chloroplastida->Archaeplastida->Eukaryota->cellular organisms->life" nexsonid "node617349"
pgloadind     taxon mapping OTT ID 442405 taxonomy "Quesnelia edmundoi->Quesnelia->Bromeliaceae->Poales->commelinids->Petrosaviidae->Liliopsida->Mesangiospermae->Magnoliophyta->Spermatophyta->Euphyllophyta->Tracheophyta->Embryophyta->Streptophyta->Chloroplastida->Archaeplastida->Eukaryota->cellular organisms->life" nexsonid "node617350"
pgloadind     taxon mapping OTT ID 3964045 taxonomy "Aechmea van-houtteana->Aechmea->Bromeliaceae->Poales->commelinids->Petrosaviidae->Liliopsida->Mesangiospermae->Magnoliophyta->Spermatophyta->Euphyllophyta->Tracheophyta->Embryophyta->Streptophyta->Chloroplastida->Archaeplastida->Eukaryota->cellular organisms->life" nexsonid "node617354"
pgloadind     taxon mapping OTT ID 977666 taxonomy "Quesnelia arvensis->Quesnelia->Bromeliaceae->Poales->commelinids->Petrosaviidae->Liliopsida->Mesangiospermae->Magnoliophyta->Spermatophyta->Euphyllophyta->Tracheophyta->Embryophyta->Streptophyta->Chloroplastida->Archaeplastida->Eukaryota->cellular organisms->life" nexsonid "node617356"
pgloadind     taxon mapping OTT ID 57551 taxonomy "Quesnelia quesneliana->Quesnelia->Bromeliaceae->Poales->commelinids->Petrosaviidae->Liliopsida->Mesangiospermae->Magnoliophyta->Spermatophyta->Euphyllophyta->Tracheophyta->Embryophyta->Streptophyta->Chloroplastida->Archaeplastida->Eukaryota->cellular organisms->life" nexsonid "node617357"
done fixing name
pgloadind Finished with attempts to fix names
pgloadind   Checking for uniqueness of OTT IDs tree id "2874"
pgloadind   Adding tree to graph tree id "2874"
all trees have all taxa: false
	using bipartition technique
attempting to remap tips to deepest exemplified taxa
	Encholirium subsecundum was remapped to 'Encholirium' (id=3021241)
	Fernseea itatiaiae was remapped to 'Fernseea' (id=3020090)
	Hohenbergia blanchetii was remapped to 'Hohenbergia' (id=3023446)
	Portea alatisepala was remapped to 'Portea' (id=3022353)
this is the ROOT
placing root in index
Dealing with metadata property: id
Dealing with metadata property: ot:studyPublicationReference
Adding property 'ot:studyPublicationReference': Almeida V., Costa A., Oliveira A., Esteves V., Arruda R., & Forzza R. 2009. Morphological phylogenetics of Quesnelia (Bromeliaceae, Bromelioideae). Systematic Botany, 34(4): 660-672.
Dealing with metadata property: ot:focalCladeOTTTaxonName
Adding property 'ot:focalCladeOTTTaxonName': Bromeliaceae
Dealing with metadata property: ot:studyYear
Adding property 'ot:studyYear': 2009
Dealing with metadata property: ot:inGroupClade
Adding property 'ot:inGroupClade': node617293
Dealing with metadata property: ot:curatorName
Adding property 'ot:curatorName': Jiabin Deng
Dealing with metadata property: ot:studyPublication
Adding property 'ot:studyPublication': http://dx.doi.org/10.1600/036364409790139619
Dealing with metadata property: ot:focalClade
Adding property 'ot:focalClade': 627035
Dealing with metadata property: ot:curatedType
Adding property 'ot:curatedType': Fig. 1
Dealing with metadata property: ot:studyId
Adding property 'ot:studyId': 1433
Dealing with metadata property: ot:dataDeposit
Adding property 'ot:dataDeposit': http://purl.org/phylo/treebase/phylows/study/TB2:S10146
Committing nodes: 63
