pgloadind OTUs number 119
pgloadind Processing tree @id "4175"
pgloadind   tree info number nodes 60
pgloadind   tree info number edges 59
pgloadind   tree info ingroup "node776824"
pgloadind   Setting ingroup root node.
pgloadind   Ingested tree number of external nodes 16
pgloadind   property added ot:studyPublicationReference "McDade, L. A., Daniel, T. F., Kiel, C. A., & Borg, A. J. (2012). Phylogenetic placement, delimitation, and relationships among genera of the enigmatic Nelsonioideae (Lamiales: Acanthaceae). Taxon, 61(3), 637-651."
pgloadind   property added ot:curatorName "bryan drew"
pgloadind   property added ot:dataDeposit "http://purl.org/phylo/treebase/phylows/study/TB2:S12503"
pgloadind   property added ot:studyId "2027"
pgloadind   property added ot:studyYear "2012"
pgloadind   property added ot:focalClade "504642"
pgloadind   property added ot:focalCladeOTTTaxonName "Acanthaceae"
pgloadind   property added ot:inGroupClade "node776824"
pgloadind   property added ot:curatedType "Fig. 3B"
pgloadind Processing tree @id "4176"
pgloadind   tree info number nodes 99
pgloadind   tree info number edges 98
pgloadind   tree info ingroup "node776884"
pgloadind   Setting ingroup root node.
pgloadind   Ingested tree number of external nodes 47
pgloadind   property added ot:studyPublicationReference "McDade, L. A., Daniel, T. F., Kiel, C. A., & Borg, A. J. (2012). Phylogenetic placement, delimitation, and relationships among genera of the enigmatic Nelsonioideae (Lamiales: Acanthaceae). Taxon, 61(3), 637-651."
pgloadind   property added ot:curatorName "bryan drew"
pgloadind   property added ot:dataDeposit "http://purl.org/phylo/treebase/phylows/study/TB2:S12503"
pgloadind   property added ot:studyId "2027"
pgloadind   property added ot:studyYear "2012"
pgloadind   property added ot:focalClade "504642"
pgloadind   property added ot:focalCladeOTTTaxonName "Acanthaceae"
pgloadind   property added ot:inGroupClade "node776884"
pgloadind   property added ot:curatedType "Fig. 3A"
pgloadind Processing tree @id "4177"
pgloadind   tree info number nodes 128
pgloadind   tree info number edges 127
pgloadind   tree info ingroup "node776987"
pgloadind   Setting ingroup root node.
pgloadind   Ingested tree number of external nodes 13
pgloadind   property added ot:studyPublicationReference "McDade, L. A., Daniel, T. F., Kiel, C. A., & Borg, A. J. (2012). Phylogenetic placement, delimitation, and relationships among genera of the enigmatic Nelsonioideae (Lamiales: Acanthaceae). Taxon, 61(3), 637-651."
pgloadind   property added ot:curatorName "bryan drew"
pgloadind   property added ot:dataDeposit "http://purl.org/phylo/treebase/phylows/study/TB2:S12503"
pgloadind   property added ot:studyId "2027"
pgloadind   property added ot:studyYear "2012"
pgloadind   property added ot:focalClade "504642"
pgloadind   property added ot:focalCladeOTTTaxonName "Acanthaceae"
pgloadind   property added ot:inGroupClade "node776987"
pgloadind   property added ot:curatedType "Fig. 2"
loading a specific tree: 4176
skipping tree: 4175
skipping tree: 4177
pgloadind conducting TNRS on trees
pgloadind   name fixing on tree tree id "4176"
pgloadind   all nodes have ottIds
pgloadind     OTT ID reused in tree
pgloadind       duplicate name "Nelsonia campestris" nexsonid "node776965"
pgloadind       duplicate OTT ID 659739
pgloadind     OTT ID reused in tree
pgloadind       duplicate name "Nelsonia campestris" nexsonid "node776966"
pgloadind       duplicate OTT ID 659739
pgloadind     OTT ID reused in tree
pgloadind       duplicate name "Nelsonia smithii" nexsonid "node776970"
pgloadind       duplicate OTT ID 912854
pgloadind     OTT ID reused in tree
pgloadind       duplicate name "Nelsonia smithii" nexsonid "node776974"
pgloadind       duplicate OTT ID 912854
pgloadind     OTT ID reused in tree
pgloadind       duplicate name "Nelsonia smithii" nexsonid "node776975"
pgloadind       duplicate OTT ID 912854
pgloadind     overlapping tips
pgloadind       overlapping retained name "Staurogyne argentea" nexsonid "node776896"
pgloadind       overlapping pruned name "Staurogyne" nexsonid "node776930"
pgloadind     pruning dups and overlapping name "Nelsonia smithii" nexsonid "node776975"
pgloadind     pruning dups and overlapping name "Staurogyne" nexsonid "node776930"
pgloadind     pruning dups and overlapping name "Nelsonia smithii" nexsonid "node776974"
pgloadind     pruning dups and overlapping name "Nelsonia smithii" nexsonid "node776970"
pgloadind     pruning dups and overlapping name "Nelsonia campestris" nexsonid "node776965"
pgloadind     pruning dups and overlapping name "Nelsonia campestris" nexsonid "node776966"
pgloadind   postpruning newick tree "((((((((((((Staurogyne_argentea,Staurogyne_helferi),(Staurogyne_elongata,Staurogyne_expansa)),(Staurogyne_setigera,(Staurogyne_spathulata,Staurogyne_zeylanica))),(((Staurogyne_jaherii,(Staurogyne_axillaris,Staurogyne_sandakanica)),Staurogyne_concinnula),Staurogyne_rosulata)),(Staurogyne_dispar,Staurogyne_lasiobotrys)),(Ophiorrhiziphyllon_macrobotryum,Staurogyne_citrina)),(Staurogyne_bicolor,(Staurogyne_letestuana,Staurogyne_pseudocapitata))),Staurogyne_capitata),((((Staurogyne_miqueliana,Staurogyne_lepidagathoides),(Staurogyne_linearifolia,Staurogyne_diantheroides)),Staurogyne_flava),Gynocraterium_guianense)),(Saintpauliopsis_lebrunii,(Anisosepalum_alboviolaceum,Anisosepalum_lewallei))),(((Elytraria_imbricata,Elytraria_mexicana),((Elytraria_caroliniensis,Elytraria_macrophylla),Elytraria_planifolia)),((Elytraria_ivorensis,Elytraria_marginata),(Elytraria_acaulis,Elytraria_nodosa)))),(Nelsonia_campestris,(Nelsonia_smithii,Nelsonia_sp_Lewalle_4734)))"
pgloadind   taxon mapping summary
pgloadind     taxon mapping OTT ID 338157 taxonomy "Staurogyne argentea->Staurogyne->Nelsonioideae->Acanthaceae->higher_core_Lamiales->Core_Lamiales->Lamiales->lamiids->asterids->Pentapetalae->Gunneridae->eudicotyledons->Mesangiospermae->Magnoliophyta->Spermatophyta->Euphyllophyta->Tracheophyta->Embryophyta->Streptophyta->Chloroplastida->Archaeplastida->Eukaryota->cellular organisms->life" nexsonid "node776896"
pgloadind     taxon mapping OTT ID 963668 taxonomy "Staurogyne helferi->Staurogyne->Nelsonioideae->Acanthaceae->higher_core_Lamiales->Core_Lamiales->Lamiales->lamiids->asterids->Pentapetalae->Gunneridae->eudicotyledons->Mesangiospermae->Magnoliophyta->Spermatophyta->Euphyllophyta->Tracheophyta->Embryophyta->Streptophyta->Chloroplastida->Archaeplastida->Eukaryota->cellular organisms->life" nexsonid "node776897"
pgloadind     taxon mapping OTT ID 45549 taxonomy "Staurogyne elongata->Staurogyne->Nelsonioideae->Acanthaceae->higher_core_Lamiales->Core_Lamiales->Lamiales->lamiids->asterids->Pentapetalae->Gunneridae->eudicotyledons->Mesangiospermae->Magnoliophyta->Spermatophyta->Euphyllophyta->Tracheophyta->Embryophyta->Streptophyta->Chloroplastida->Archaeplastida->Eukaryota->cellular organisms->life" nexsonid "node776899"
pgloadind     taxon mapping OTT ID 963664 taxonomy "Staurogyne expansa->Staurogyne->Nelsonioideae->Acanthaceae->higher_core_Lamiales->Core_Lamiales->Lamiales->lamiids->asterids->Pentapetalae->Gunneridae->eudicotyledons->Mesangiospermae->Magnoliophyta->Spermatophyta->Euphyllophyta->Tracheophyta->Embryophyta->Streptophyta->Chloroplastida->Archaeplastida->Eukaryota->cellular organisms->life" nexsonid "node776900"
pgloadind     taxon mapping OTT ID 438701 taxonomy "Staurogyne setigera->Staurogyne->Nelsonioideae->Acanthaceae->higher_core_Lamiales->Core_Lamiales->Lamiales->lamiids->asterids->Pentapetalae->Gunneridae->eudicotyledons->Mesangiospermae->Magnoliophyta->Spermatophyta->Euphyllophyta->Tracheophyta->Embryophyta->Streptophyta->Chloroplastida->Archaeplastida->Eukaryota->cellular organisms->life" nexsonid "node776902"
pgloadind     taxon mapping OTT ID 438643 taxonomy "Staurogyne spathulata->Staurogyne->Nelsonioideae->Acanthaceae->higher_core_Lamiales->Core_Lamiales->Lamiales->lamiids->asterids->Pentapetalae->Gunneridae->eudicotyledons->Mesangiospermae->Magnoliophyta->Spermatophyta->Euphyllophyta->Tracheophyta->Embryophyta->Streptophyta->Chloroplastida->Archaeplastida->Eukaryota->cellular organisms->life" nexsonid "node776904"
pgloadind     taxon mapping OTT ID 239056 taxonomy "Staurogyne zeylanica->Staurogyne->Nelsonioideae->Acanthaceae->higher_core_Lamiales->Core_Lamiales->Lamiales->lamiids->asterids->Pentapetalae->Gunneridae->eudicotyledons->Mesangiospermae->Magnoliophyta->Spermatophyta->Euphyllophyta->Tracheophyta->Embryophyta->Streptophyta->Chloroplastida->Archaeplastida->Eukaryota->cellular organisms->life" nexsonid "node776905"
pgloadind     taxon mapping OTT ID 963666 taxonomy "Staurogyne jaherii->Staurogyne->Nelsonioideae->Acanthaceae->higher_core_Lamiales->Core_Lamiales->Lamiales->lamiids->asterids->Pentapetalae->Gunneridae->eudicotyledons->Mesangiospermae->Magnoliophyta->Spermatophyta->Euphyllophyta->Tracheophyta->Embryophyta->Streptophyta->Chloroplastida->Archaeplastida->Eukaryota->cellular organisms->life" nexsonid "node776909"
pgloadind     taxon mapping OTT ID 928240 taxonomy "Staurogyne axillaris->Staurogyne->Nelsonioideae->Acanthaceae->higher_core_Lamiales->Core_Lamiales->Lamiales->lamiids->asterids->Pentapetalae->Gunneridae->eudicotyledons->Mesangiospermae->Magnoliophyta->Spermatophyta->Euphyllophyta->Tracheophyta->Embryophyta->Streptophyta->Chloroplastida->Archaeplastida->Eukaryota->cellular organisms->life" nexsonid "node776911"
pgloadind     taxon mapping OTT ID 438685 taxonomy "Staurogyne sandakanica->Staurogyne->Nelsonioideae->Acanthaceae->higher_core_Lamiales->Core_Lamiales->Lamiales->lamiids->asterids->Pentapetalae->Gunneridae->eudicotyledons->Mesangiospermae->Magnoliophyta->Spermatophyta->Euphyllophyta->Tracheophyta->Embryophyta->Streptophyta->Chloroplastida->Archaeplastida->Eukaryota->cellular organisms->life" nexsonid "node776912"
pgloadind     taxon mapping OTT ID 890729 taxonomy "Staurogyne concinnula->Staurogyne->Nelsonioideae->Acanthaceae->higher_core_Lamiales->Core_Lamiales->Lamiales->lamiids->asterids->Pentapetalae->Gunneridae->eudicotyledons->Mesangiospermae->Magnoliophyta->Spermatophyta->Euphyllophyta->Tracheophyta->Embryophyta->Streptophyta->Chloroplastida->Archaeplastida->Eukaryota->cellular organisms->life" nexsonid "node776913"
pgloadind     taxon mapping OTT ID 287843 taxonomy "Staurogyne rosulata->Staurogyne->Nelsonioideae->Acanthaceae->higher_core_Lamiales->Core_Lamiales->Lamiales->lamiids->asterids->Pentapetalae->Gunneridae->eudicotyledons->Mesangiospermae->Magnoliophyta->Spermatophyta->Euphyllophyta->Tracheophyta->Embryophyta->Streptophyta->Chloroplastida->Archaeplastida->Eukaryota->cellular organisms->life" nexsonid "node776914"
pgloadind     taxon mapping OTT ID 338153 taxonomy "Staurogyne dispar->Staurogyne->Nelsonioideae->Acanthaceae->higher_core_Lamiales->Core_Lamiales->Lamiales->lamiids->asterids->Pentapetalae->Gunneridae->eudicotyledons->Mesangiospermae->Magnoliophyta->Spermatophyta->Euphyllophyta->Tracheophyta->Embryophyta->Streptophyta->Chloroplastida->Archaeplastida->Eukaryota->cellular organisms->life" nexsonid "node776916"
pgloadind     taxon mapping OTT ID 89685 taxonomy "Staurogyne lasiobotrys->Staurogyne->Nelsonioideae->Acanthaceae->higher_core_Lamiales->Core_Lamiales->Lamiales->lamiids->asterids->Pentapetalae->Gunneridae->eudicotyledons->Mesangiospermae->Magnoliophyta->Spermatophyta->Euphyllophyta->Tracheophyta->Embryophyta->Streptophyta->Chloroplastida->Archaeplastida->Eukaryota->cellular organisms->life" nexsonid "node776917"
pgloadind     taxon mapping OTT ID 890731 taxonomy "Ophiorrhiziphyllon macrobotryum->Ophiorrhiziphyllon->Nelsonioideae->Acanthaceae->higher_core_Lamiales->Core_Lamiales->Lamiales->lamiids->asterids->Pentapetalae->Gunneridae->eudicotyledons->Mesangiospermae->Magnoliophyta->Spermatophyta->Euphyllophyta->Tracheophyta->Embryophyta->Streptophyta->Chloroplastida->Archaeplastida->Eukaryota->cellular organisms->life" nexsonid "node776919"
pgloadind     taxon mapping OTT ID 928238 taxonomy "Staurogyne citrina->Staurogyne->Nelsonioideae->Acanthaceae->higher_core_Lamiales->Core_Lamiales->Lamiales->lamiids->asterids->Pentapetalae->Gunneridae->eudicotyledons->Mesangiospermae->Magnoliophyta->Spermatophyta->Euphyllophyta->Tracheophyta->Embryophyta->Streptophyta->Chloroplastida->Archaeplastida->Eukaryota->cellular organisms->life" nexsonid "node776920"
pgloadind     taxon mapping OTT ID 928242 taxonomy "Staurogyne bicolor->Staurogyne->Nelsonioideae->Acanthaceae->higher_core_Lamiales->Core_Lamiales->Lamiales->lamiids->asterids->Pentapetalae->Gunneridae->eudicotyledons->Mesangiospermae->Magnoliophyta->Spermatophyta->Euphyllophyta->Tracheophyta->Embryophyta->Streptophyta->Chloroplastida->Archaeplastida->Eukaryota->cellular organisms->life" nexsonid "node776922"
pgloadind     taxon mapping OTT ID 349443 taxonomy "Staurogyne letestuana->Staurogyne->Nelsonioideae->Acanthaceae->higher_core_Lamiales->Core_Lamiales->Lamiales->lamiids->asterids->Pentapetalae->Gunneridae->eudicotyledons->Mesangiospermae->Magnoliophyta->Spermatophyta->Euphyllophyta->Tracheophyta->Embryophyta->Streptophyta->Chloroplastida->Archaeplastida->Eukaryota->cellular organisms->life" nexsonid "node776924"
pgloadind     taxon mapping OTT ID 287845 taxonomy "Staurogyne pseudocapitata->Staurogyne->Nelsonioideae->Acanthaceae->higher_core_Lamiales->Core_Lamiales->Lamiales->lamiids->asterids->Pentapetalae->Gunneridae->eudicotyledons->Mesangiospermae->Magnoliophyta->Spermatophyta->Euphyllophyta->Tracheophyta->Embryophyta->Streptophyta->Chloroplastida->Archaeplastida->Eukaryota->cellular organisms->life" nexsonid "node776925"
pgloadind     taxon mapping OTT ID 928236 taxonomy "Staurogyne capitata->Staurogyne->Nelsonioideae->Acanthaceae->higher_core_Lamiales->Core_Lamiales->Lamiales->lamiids->asterids->Pentapetalae->Gunneridae->eudicotyledons->Mesangiospermae->Magnoliophyta->Spermatophyta->Euphyllophyta->Tracheophyta->Embryophyta->Streptophyta->Chloroplastida->Archaeplastida->Eukaryota->cellular organisms->life" nexsonid "node776926"
pgloadind     taxon mapping OTT ID 676999 taxonomy "Staurogyne miqueliana->Staurogyne->Nelsonioideae->Acanthaceae->higher_core_Lamiales->Core_Lamiales->Lamiales->lamiids->asterids->Pentapetalae->Gunneridae->eudicotyledons->Mesangiospermae->Magnoliophyta->Spermatophyta->Euphyllophyta->Tracheophyta->Embryophyta->Streptophyta->Chloroplastida->Archaeplastida->Eukaryota->cellular organisms->life" nexsonid "node776934"
pgloadind     taxon mapping OTT ID 963658 taxonomy "Staurogyne lepidagathoides->Staurogyne->Nelsonioideae->Acanthaceae->higher_core_Lamiales->Core_Lamiales->Lamiales->lamiids->asterids->Pentapetalae->Gunneridae->eudicotyledons->Mesangiospermae->Magnoliophyta->Spermatophyta->Euphyllophyta->Tracheophyta->Embryophyta->Streptophyta->Chloroplastida->Archaeplastida->Eukaryota->cellular organisms->life" nexsonid "node776935"
pgloadind     taxon mapping OTT ID 287798 taxonomy "Staurogyne linearifolia->Staurogyne->Nelsonioideae->Acanthaceae->higher_core_Lamiales->Core_Lamiales->Lamiales->lamiids->asterids->Pentapetalae->Gunneridae->eudicotyledons->Mesangiospermae->Magnoliophyta->Spermatophyta->Euphyllophyta->Tracheophyta->Embryophyta->Streptophyta->Chloroplastida->Archaeplastida->Eukaryota->cellular organisms->life" nexsonid "node776937"
pgloadind     taxon mapping OTT ID 338151 taxonomy "Staurogyne diantheroides->Staurogyne->Nelsonioideae->Acanthaceae->higher_core_Lamiales->Core_Lamiales->Lamiales->lamiids->asterids->Pentapetalae->Gunneridae->eudicotyledons->Mesangiospermae->Magnoliophyta->Spermatophyta->Euphyllophyta->Tracheophyta->Embryophyta->Streptophyta->Chloroplastida->Archaeplastida->Eukaryota->cellular organisms->life" nexsonid "node776938"
pgloadind     taxon mapping OTT ID 963662 taxonomy "Staurogyne flava->Staurogyne->Nelsonioideae->Acanthaceae->higher_core_Lamiales->Core_Lamiales->Lamiales->lamiids->asterids->Pentapetalae->Gunneridae->eudicotyledons->Mesangiospermae->Magnoliophyta->Spermatophyta->Euphyllophyta->Tracheophyta->Embryophyta->Streptophyta->Chloroplastida->Archaeplastida->Eukaryota->cellular organisms->life" nexsonid "node776931"
pgloadind     taxon mapping OTT ID 135684 taxonomy "Gynocraterium guianense->Gynocraterium->Nelsonioideae->Acanthaceae->higher_core_Lamiales->Core_Lamiales->Lamiales->lamiids->asterids->Pentapetalae->Gunneridae->eudicotyledons->Mesangiospermae->Magnoliophyta->Spermatophyta->Euphyllophyta->Tracheophyta->Embryophyta->Streptophyta->Chloroplastida->Archaeplastida->Eukaryota->cellular organisms->life" nexsonid "node776939"
pgloadind     taxon mapping OTT ID 338155 taxonomy "Saintpauliopsis lebrunii->Saintpauliopsis->Nelsonioideae->Acanthaceae->higher_core_Lamiales->Core_Lamiales->Lamiales->lamiids->asterids->Pentapetalae->Gunneridae->eudicotyledons->Mesangiospermae->Magnoliophyta->Spermatophyta->Euphyllophyta->Tracheophyta->Embryophyta->Streptophyta->Chloroplastida->Archaeplastida->Eukaryota->cellular organisms->life" nexsonid "node776941"
pgloadind     taxon mapping OTT ID 874124 taxonomy "Anisosepalum alboviolaceum->Anisosepalum->Nelsonioideae->Acanthaceae->higher_core_Lamiales->Core_Lamiales->Lamiales->lamiids->asterids->Pentapetalae->Gunneridae->eudicotyledons->Mesangiospermae->Magnoliophyta->Spermatophyta->Euphyllophyta->Tracheophyta->Embryophyta->Streptophyta->Chloroplastida->Archaeplastida->Eukaryota->cellular organisms->life" nexsonid "node776943"
pgloadind     taxon mapping OTT ID 135692 taxonomy "Anisosepalum lewallei->Anisosepalum->Nelsonioideae->Acanthaceae->higher_core_Lamiales->Core_Lamiales->Lamiales->lamiids->asterids->Pentapetalae->Gunneridae->eudicotyledons->Mesangiospermae->Magnoliophyta->Spermatophyta->Euphyllophyta->Tracheophyta->Embryophyta->Streptophyta->Chloroplastida->Archaeplastida->Eukaryota->cellular organisms->life" nexsonid "node776944"
pgloadind     taxon mapping OTT ID 965060 taxonomy "Elytraria imbricata->Elytraria->Nelsonioideae->Acanthaceae->higher_core_Lamiales->Core_Lamiales->Lamiales->lamiids->asterids->Pentapetalae->Gunneridae->eudicotyledons->Mesangiospermae->Magnoliophyta->Spermatophyta->Euphyllophyta->Tracheophyta->Embryophyta->Streptophyta->Chloroplastida->Archaeplastida->Eukaryota->cellular organisms->life" nexsonid "node776948"
pgloadind     taxon mapping OTT ID 539253 taxonomy "Elytraria mexicana->Elytraria->Nelsonioideae->Acanthaceae->higher_core_Lamiales->Core_Lamiales->Lamiales->lamiids->asterids->Pentapetalae->Gunneridae->eudicotyledons->Mesangiospermae->Magnoliophyta->Spermatophyta->Euphyllophyta->Tracheophyta->Embryophyta->Streptophyta->Chloroplastida->Archaeplastida->Eukaryota->cellular organisms->life" nexsonid "node776949"
pgloadind     taxon mapping OTT ID 91317 taxonomy "Elytraria caroliniensis->Elytraria->Nelsonioideae->Acanthaceae->higher_core_Lamiales->Core_Lamiales->Lamiales->lamiids->asterids->Pentapetalae->Gunneridae->eudicotyledons->Mesangiospermae->Magnoliophyta->Spermatophyta->Euphyllophyta->Tracheophyta->Embryophyta->Streptophyta->Chloroplastida->Archaeplastida->Eukaryota->cellular organisms->life" nexsonid "node776952"
pgloadind     taxon mapping OTT ID 539226 taxonomy "Elytraria macrophylla->Elytraria->Nelsonioideae->Acanthaceae->higher_core_Lamiales->Core_Lamiales->Lamiales->lamiids->asterids->Pentapetalae->Gunneridae->eudicotyledons->Mesangiospermae->Magnoliophyta->Spermatophyta->Euphyllophyta->Tracheophyta->Embryophyta->Streptophyta->Chloroplastida->Archaeplastida->Eukaryota->cellular organisms->life" nexsonid "node776953"
pgloadind     taxon mapping OTT ID 539242 taxonomy "Elytraria planifolia->Elytraria->Nelsonioideae->Acanthaceae->higher_core_Lamiales->Core_Lamiales->Lamiales->lamiids->asterids->Pentapetalae->Gunneridae->eudicotyledons->Mesangiospermae->Magnoliophyta->Spermatophyta->Euphyllophyta->Tracheophyta->Embryophyta->Streptophyta->Chloroplastida->Archaeplastida->Eukaryota->cellular organisms->life" nexsonid "node776954"
pgloadind     taxon mapping OTT ID 912856 taxonomy "Elytraria ivorensis->Elytraria->Nelsonioideae->Acanthaceae->higher_core_Lamiales->Core_Lamiales->Lamiales->lamiids->asterids->Pentapetalae->Gunneridae->eudicotyledons->Mesangiospermae->Magnoliophyta->Spermatophyta->Euphyllophyta->Tracheophyta->Embryophyta->Streptophyta->Chloroplastida->Archaeplastida->Eukaryota->cellular organisms->life" nexsonid "node776957"
pgloadind     taxon mapping OTT ID 539223 taxonomy "Elytraria marginata->Elytraria->Nelsonioideae->Acanthaceae->higher_core_Lamiales->Core_Lamiales->Lamiales->lamiids->asterids->Pentapetalae->Gunneridae->eudicotyledons->Mesangiospermae->Magnoliophyta->Spermatophyta->Euphyllophyta->Tracheophyta->Embryophyta->Streptophyta->Chloroplastida->Archaeplastida->Eukaryota->cellular organisms->life" nexsonid "node776958"
pgloadind     taxon mapping OTT ID 665512 taxonomy "Elytraria acaulis->Elytraria->Nelsonioideae->Acanthaceae->higher_core_Lamiales->Core_Lamiales->Lamiales->lamiids->asterids->Pentapetalae->Gunneridae->eudicotyledons->Mesangiospermae->Magnoliophyta->Spermatophyta->Euphyllophyta->Tracheophyta->Embryophyta->Streptophyta->Chloroplastida->Archaeplastida->Eukaryota->cellular organisms->life" nexsonid "node776960"
pgloadind     taxon mapping OTT ID 539248 taxonomy "Elytraria nodosa->Elytraria->Nelsonioideae->Acanthaceae->higher_core_Lamiales->Core_Lamiales->Lamiales->lamiids->asterids->Pentapetalae->Gunneridae->eudicotyledons->Mesangiospermae->Magnoliophyta->Spermatophyta->Euphyllophyta->Tracheophyta->Embryophyta->Streptophyta->Chloroplastida->Archaeplastida->Eukaryota->cellular organisms->life" nexsonid "node776961"
pgloadind     taxon mapping OTT ID 659739 taxonomy "Nelsonia campestris->Nelsonia->Nelsonioideae->Acanthaceae->higher_core_Lamiales->Core_Lamiales->Lamiales->lamiids->asterids->Pentapetalae->Gunneridae->eudicotyledons->Mesangiospermae->Magnoliophyta->Spermatophyta->Euphyllophyta->Tracheophyta->Embryophyta->Streptophyta->Chloroplastida->Archaeplastida->Eukaryota->cellular organisms->life" nexsonid "node776963"
pgloadind     taxon mapping OTT ID 912854 taxonomy "Nelsonia smithii->Nelsonia->Nelsonioideae->Acanthaceae->higher_core_Lamiales->Core_Lamiales->Lamiales->lamiids->asterids->Pentapetalae->Gunneridae->eudicotyledons->Mesangiospermae->Magnoliophyta->Spermatophyta->Euphyllophyta->Tracheophyta->Embryophyta->Streptophyta->Chloroplastida->Archaeplastida->Eukaryota->cellular organisms->life" nexsonid "node776968"
pgloadind     taxon mapping OTT ID 1079423 taxonomy "Nelsonia sp. Lewalle 4734->Nelsonia->Nelsonioideae->Acanthaceae->higher_core_Lamiales->Core_Lamiales->Lamiales->lamiids->asterids->Pentapetalae->Gunneridae->eudicotyledons->Mesangiospermae->Magnoliophyta->Spermatophyta->Euphyllophyta->Tracheophyta->Embryophyta->Streptophyta->Chloroplastida->Archaeplastida->Eukaryota->cellular organisms->life" nexsonid "node776972"
done fixing name
pgloadind Finished with attempts to fix names
pgloadind   Checking for uniqueness of OTT IDs tree id "4176"
pgloadind   Adding tree to graph tree id "4176"
all trees have all taxa: false
	using bipartition technique
attempting to remap tips to deepest exemplified taxa
	Ophiorrhiziphyllon macrobotryum was remapped to 'Ophiorrhiziphyllon' (id=2742546)
	Saintpauliopsis lebrunii was remapped to 'Saintpauliopsis' (id=2742548)
	Gynocraterium guianense was remapped to 'Gynocraterium' (id=2742529)
this is the ROOT
placing root in index
Dealing with metadata property: id
Dealing with metadata property: ot:studyPublicationReference
Adding property 'ot:studyPublicationReference': McDade, L. A., Daniel, T. F., Kiel, C. A., & Borg, A. J. (2012). Phylogenetic placement, delimitation, and relationships among genera of the enigmatic Nelsonioideae (Lamiales: Acanthaceae). Taxon, 61(3), 637-651.
Dealing with metadata property: ot:focalCladeOTTTaxonName
Adding property 'ot:focalCladeOTTTaxonName': Acanthaceae
Dealing with metadata property: ot:studyYear
Adding property 'ot:studyYear': 2012
Dealing with metadata property: ot:inGroupClade
Adding property 'ot:inGroupClade': node776884
Dealing with metadata property: ot:curatorName
Adding property 'ot:curatorName': bryan drew
Dealing with metadata property: ot:focalClade
Adding property 'ot:focalClade': 504642
Dealing with metadata property: ot:curatedType
Adding property 'ot:curatedType': Fig. 3A
Dealing with metadata property: ot:studyId
Adding property 'ot:studyId': 2027
Dealing with metadata property: ot:dataDeposit
Adding property 'ot:dataDeposit': http://purl.org/phylo/treebase/phylows/study/TB2:S12503
Committing nodes: 81
