pgloadind OTUs number 73
pgloadind Processing tree @id "271"
pgloadind   tree info number nodes 60
pgloadind   tree info number edges 59
pgloadind   tree info ingroup "node190470"
pgloadind   Setting ingroup root node.
pgloadind   Ingested tree number of external nodes 25
pgloadind   property added ot:studyPublicationReference "Bailey C., Price R., & Doyle J. 2001. Systematics of the halimolobine Brassicaceae: evidence from three loci and morphology. Systematic Botany, 27(2): 318-332."
pgloadind   property added ot:studyPublication "http://dx.doi.org/10.1043/0363-6445-27.2.318"
pgloadind   property added ot:curatorName "bryan drew"
pgloadind   property added ot:dataDeposit "http://purl.org/phylo/treebase/phylows/study/TB2:S780"
pgloadind   property added ot:studyId "318"
pgloadind   property added ot:studyYear "2001"
pgloadind   property added ot:focalClade "309271"
pgloadind   property added ot:focalCladeOTTTaxonName "Brassicaceae"
pgloadind   property added ot:inGroupClade "node190470"
pgloadind   property added ot:curatedType "MP"
pgloadind Processing tree @id "272"
pgloadind   tree info number nodes 98
pgloadind   tree info number edges 97
pgloadind   Ingested tree number of external nodes 57
pgloadind   property added ot:studyPublicationReference "Bailey C., Price R., & Doyle J. 2001. Systematics of the halimolobine Brassicaceae: evidence from three loci and morphology. Systematic Botany, 27(2): 318-332."
pgloadind   property added ot:studyPublication "http://dx.doi.org/10.1043/0363-6445-27.2.318"
pgloadind   property added ot:curatorName "bryan drew"
pgloadind   property added ot:dataDeposit "http://purl.org/phylo/treebase/phylows/study/TB2:S780"
pgloadind   property added ot:studyId "318"
pgloadind   property added ot:studyYear "2001"
pgloadind   property added ot:focalClade "309271"
pgloadind   property added ot:focalCladeOTTTaxonName "Brassicaceae"
pgloadind   property added ot:curatedType "MP"
loading a specific tree: 271
skipping tree: 272
pgloadind conducting TNRS on trees
pgloadind   name fixing on tree tree id "271"
pgloadind   all nodes have ottIds
pgloadind   postpruning newick tree "(((((Pennellia_tricornuta,Pennellia_micrantha),Pennellia_longifolia),((Halimolobos_diffusus,(Halimolobos_jaegeri,Halimolobos_pubens)),(Halimolobos_lasiolobus,Halimolobos_henricksonii)),(Sphaerocardamum_compressum,((Sphaerocardamum_divaricatum,Sphaerocardamum_macropetalum,Sphaerocardamum_stellatum),(Sphaerocardamum_fruticulosum,(Sphaerocardamum_macrum,Sphaerocardamum_ramosum),Sphaerocardamum_nesliiforme)))),(((Halimolobos_adpressus,Exhalimolobos_weddellii),Exhalimolobos_berlandieri,Halimolobos_minutiflorus,(Exhalimolobos_palmeri,Exhalimolobos_parryi)),Exhalimolobos_hispidulus)),(Mancoa_bracteata,Mancoa_foliosa))"
pgloadind   taxon mapping summary
pgloadind     taxon mapping OTT ID 294081 taxonomy "Pennellia tricornuta->Pennellia->Halimolobeae->Brassicaceae->Brassicales->malvids->rosids->Pentapetalae->Gunneridae->eudicotyledons->Mesangiospermae->Magnoliophyta->Spermatophyta->Euphyllophyta->Tracheophyta->Embryophyta->Streptophyta->Chloroplastida->Archaeplastida->Eukaryota->cellular organisms->life" nexsonid "node190475"
pgloadind     taxon mapping OTT ID 544496 taxonomy "Pennellia micrantha->Pennellia->Halimolobeae->Brassicaceae->Brassicales->malvids->rosids->Pentapetalae->Gunneridae->eudicotyledons->Mesangiospermae->Magnoliophyta->Spermatophyta->Euphyllophyta->Tracheophyta->Embryophyta->Streptophyta->Chloroplastida->Archaeplastida->Eukaryota->cellular organisms->life" nexsonid "node190476"
pgloadind     taxon mapping OTT ID 544498 taxonomy "Pennellia longifolia->Pennellia->Halimolobeae->Brassicaceae->Brassicales->malvids->rosids->Pentapetalae->Gunneridae->eudicotyledons->Mesangiospermae->Magnoliophyta->Spermatophyta->Euphyllophyta->Tracheophyta->Embryophyta->Streptophyta->Chloroplastida->Archaeplastida->Eukaryota->cellular organisms->life" nexsonid "node190477"
pgloadind     taxon mapping OTT ID 1090954 taxonomy "Halimolobos diffusus->Halimolobos->Halimolobeae->Brassicaceae->Brassicales->malvids->rosids->Pentapetalae->Gunneridae->eudicotyledons->Mesangiospermae->Magnoliophyta->Spermatophyta->Euphyllophyta->Tracheophyta->Embryophyta->Streptophyta->Chloroplastida->Archaeplastida->Eukaryota->cellular organisms->life" nexsonid "node190480"
pgloadind     taxon mapping OTT ID 560653 taxonomy "Halimolobos jaegeri->Halimolobos->Halimolobeae->Brassicaceae->Brassicales->malvids->rosids->Pentapetalae->Gunneridae->eudicotyledons->Mesangiospermae->Magnoliophyta->Spermatophyta->Euphyllophyta->Tracheophyta->Embryophyta->Streptophyta->Chloroplastida->Archaeplastida->Eukaryota->cellular organisms->life" nexsonid "node190482"
pgloadind     taxon mapping OTT ID 544502 taxonomy "Halimolobos pubens->Halimolobos->Halimolobeae->Brassicaceae->Brassicales->malvids->rosids->Pentapetalae->Gunneridae->eudicotyledons->Mesangiospermae->Magnoliophyta->Spermatophyta->Euphyllophyta->Tracheophyta->Embryophyta->Streptophyta->Chloroplastida->Archaeplastida->Eukaryota->cellular organisms->life" nexsonid "node190483"
pgloadind     taxon mapping OTT ID 23510 taxonomy "Halimolobos lasiolobus->Halimolobos->Halimolobeae->Brassicaceae->Brassicales->malvids->rosids->Pentapetalae->Gunneridae->eudicotyledons->Mesangiospermae->Magnoliophyta->Spermatophyta->Euphyllophyta->Tracheophyta->Embryophyta->Streptophyta->Chloroplastida->Archaeplastida->Eukaryota->cellular organisms->life" nexsonid "node190485"
pgloadind     taxon mapping OTT ID 544506 taxonomy "Halimolobos henricksonii->Halimolobos->Halimolobeae->Brassicaceae->Brassicales->malvids->rosids->Pentapetalae->Gunneridae->eudicotyledons->Mesangiospermae->Magnoliophyta->Spermatophyta->Euphyllophyta->Tracheophyta->Embryophyta->Streptophyta->Chloroplastida->Archaeplastida->Eukaryota->cellular organisms->life" nexsonid "node190486"
pgloadind     taxon mapping OTT ID 544494 taxonomy "Sphaerocardamum compressum->Sphaerocardamum->Halimolobeae->Brassicaceae->Brassicales->malvids->rosids->Pentapetalae->Gunneridae->eudicotyledons->Mesangiospermae->Magnoliophyta->Spermatophyta->Euphyllophyta->Tracheophyta->Embryophyta->Streptophyta->Chloroplastida->Archaeplastida->Eukaryota->cellular organisms->life" nexsonid "node190488"
pgloadind     taxon mapping OTT ID 544492 taxonomy "Sphaerocardamum divaricatum->Sphaerocardamum->Halimolobeae->Brassicaceae->Brassicales->malvids->rosids->Pentapetalae->Gunneridae->eudicotyledons->Mesangiospermae->Magnoliophyta->Spermatophyta->Euphyllophyta->Tracheophyta->Embryophyta->Streptophyta->Chloroplastida->Archaeplastida->Eukaryota->cellular organisms->life" nexsonid "node190491"
pgloadind     taxon mapping OTT ID 39764 taxonomy "Sphaerocardamum macropetalum->Sphaerocardamum->Halimolobeae->Brassicaceae->Brassicales->malvids->rosids->Pentapetalae->Gunneridae->eudicotyledons->Mesangiospermae->Magnoliophyta->Spermatophyta->Euphyllophyta->Tracheophyta->Embryophyta->Streptophyta->Chloroplastida->Archaeplastida->Eukaryota->cellular organisms->life" nexsonid "node190492"
pgloadind     taxon mapping OTT ID 39756 taxonomy "Sphaerocardamum stellatum->Sphaerocardamum->Halimolobeae->Brassicaceae->Brassicales->malvids->rosids->Pentapetalae->Gunneridae->eudicotyledons->Mesangiospermae->Magnoliophyta->Spermatophyta->Euphyllophyta->Tracheophyta->Embryophyta->Streptophyta->Chloroplastida->Archaeplastida->Eukaryota->cellular organisms->life" nexsonid "node190493"
pgloadind     taxon mapping OTT ID 544490 taxonomy "Sphaerocardamum fruticulosum->Sphaerocardamum->Halimolobeae->Brassicaceae->Brassicales->malvids->rosids->Pentapetalae->Gunneridae->eudicotyledons->Mesangiospermae->Magnoliophyta->Spermatophyta->Euphyllophyta->Tracheophyta->Embryophyta->Streptophyta->Chloroplastida->Archaeplastida->Eukaryota->cellular organisms->life" nexsonid "node190495"
pgloadind     taxon mapping OTT ID 39760 taxonomy "Sphaerocardamum macrum->Sphaerocardamum->Halimolobeae->Brassicaceae->Brassicales->malvids->rosids->Pentapetalae->Gunneridae->eudicotyledons->Mesangiospermae->Magnoliophyta->Spermatophyta->Euphyllophyta->Tracheophyta->Embryophyta->Streptophyta->Chloroplastida->Archaeplastida->Eukaryota->cellular organisms->life" nexsonid "node190497"
pgloadind     taxon mapping OTT ID 544488 taxonomy "Sphaerocardamum ramosum->Sphaerocardamum->Halimolobeae->Brassicaceae->Brassicales->malvids->rosids->Pentapetalae->Gunneridae->eudicotyledons->Mesangiospermae->Magnoliophyta->Spermatophyta->Euphyllophyta->Tracheophyta->Embryophyta->Streptophyta->Chloroplastida->Archaeplastida->Eukaryota->cellular organisms->life" nexsonid "node190498"
pgloadind     taxon mapping OTT ID 39758 taxonomy "Sphaerocardamum nesliiforme->Sphaerocardamum->Halimolobeae->Brassicaceae->Brassicales->malvids->rosids->Pentapetalae->Gunneridae->eudicotyledons->Mesangiospermae->Magnoliophyta->Spermatophyta->Euphyllophyta->Tracheophyta->Embryophyta->Streptophyta->Chloroplastida->Archaeplastida->Eukaryota->cellular organisms->life" nexsonid "node190499"
pgloadind     taxon mapping OTT ID 294079 taxonomy "Halimolobos adpressus->Halimolobos->Halimolobeae->Brassicaceae->Brassicales->malvids->rosids->Pentapetalae->Gunneridae->eudicotyledons->Mesangiospermae->Magnoliophyta->Spermatophyta->Euphyllophyta->Tracheophyta->Embryophyta->Streptophyta->Chloroplastida->Archaeplastida->Eukaryota->cellular organisms->life" nexsonid "node190503"
pgloadind     taxon mapping OTT ID 23514 taxonomy "Exhalimolobos weddellii->Exhalimolobos->Halimolobeae->Brassicaceae->Brassicales->malvids->rosids->Pentapetalae->Gunneridae->eudicotyledons->Mesangiospermae->Magnoliophyta->Spermatophyta->Euphyllophyta->Tracheophyta->Embryophyta->Streptophyta->Chloroplastida->Archaeplastida->Eukaryota->cellular organisms->life" nexsonid "node190504"
pgloadind     taxon mapping OTT ID 52246 taxonomy "Exhalimolobos berlandieri->Exhalimolobos->Halimolobeae->Brassicaceae->Brassicales->malvids->rosids->Pentapetalae->Gunneridae->eudicotyledons->Mesangiospermae->Magnoliophyta->Spermatophyta->Euphyllophyta->Tracheophyta->Embryophyta->Streptophyta->Chloroplastida->Archaeplastida->Eukaryota->cellular organisms->life" nexsonid "node190505"
pgloadind     taxon mapping OTT ID 23512 taxonomy "Halimolobos minutiflorus->Halimolobos->Halimolobeae->Brassicaceae->Brassicales->malvids->rosids->Pentapetalae->Gunneridae->eudicotyledons->Mesangiospermae->Magnoliophyta->Spermatophyta->Euphyllophyta->Tracheophyta->Embryophyta->Streptophyta->Chloroplastida->Archaeplastida->Eukaryota->cellular organisms->life" nexsonid "node190506"
pgloadind     taxon mapping OTT ID 1090974 taxonomy "Exhalimolobos palmeri->Exhalimolobos->Halimolobeae->Brassicaceae->Brassicales->malvids->rosids->Pentapetalae->Gunneridae->eudicotyledons->Mesangiospermae->Magnoliophyta->Spermatophyta->Euphyllophyta->Tracheophyta->Embryophyta->Streptophyta->Chloroplastida->Archaeplastida->Eukaryota->cellular organisms->life" nexsonid "node190508"
pgloadind     taxon mapping OTT ID 23519 taxonomy "Exhalimolobos parryi->Exhalimolobos->Halimolobeae->Brassicaceae->Brassicales->malvids->rosids->Pentapetalae->Gunneridae->eudicotyledons->Mesangiospermae->Magnoliophyta->Spermatophyta->Euphyllophyta->Tracheophyta->Embryophyta->Streptophyta->Chloroplastida->Archaeplastida->Eukaryota->cellular organisms->life" nexsonid "node190509"
pgloadind     taxon mapping OTT ID 52252 taxonomy "Exhalimolobos hispidulus->Exhalimolobos->Halimolobeae->Brassicaceae->Brassicales->malvids->rosids->Pentapetalae->Gunneridae->eudicotyledons->Mesangiospermae->Magnoliophyta->Spermatophyta->Euphyllophyta->Tracheophyta->Embryophyta->Streptophyta->Chloroplastida->Archaeplastida->Eukaryota->cellular organisms->life" nexsonid "node190510"
pgloadind     taxon mapping OTT ID 23536 taxonomy "Mancoa bracteata->Mancoa->Halimolobeae->Brassicaceae->Brassicales->malvids->rosids->Pentapetalae->Gunneridae->eudicotyledons->Mesangiospermae->Magnoliophyta->Spermatophyta->Euphyllophyta->Tracheophyta->Embryophyta->Streptophyta->Chloroplastida->Archaeplastida->Eukaryota->cellular organisms->life" nexsonid "node190512"
pgloadind     taxon mapping OTT ID 23538 taxonomy "Mancoa foliosa->Mancoa->Halimolobeae->Brassicaceae->Brassicales->malvids->rosids->Pentapetalae->Gunneridae->eudicotyledons->Mesangiospermae->Magnoliophyta->Spermatophyta->Euphyllophyta->Tracheophyta->Embryophyta->Streptophyta->Chloroplastida->Archaeplastida->Eukaryota->cellular organisms->life" nexsonid "node190513"
done fixing name
pgloadind Finished with attempts to fix names
pgloadind   Checking for uniqueness of OTT IDs tree id "271"
pgloadind   Adding tree to graph tree id "271"
all trees have all taxa: false
	using bipartition technique
attempting to remap tips to deepest exemplified taxa
this is the ROOT
placing root in index
Dealing with metadata property: id
Dealing with metadata property: ot:studyPublicationReference
Adding property 'ot:studyPublicationReference': Bailey C., Price R., & Doyle J. 2001. Systematics of the halimolobine Brassicaceae: evidence from three loci and morphology. Systematic Botany, 27(2): 318-332.
Dealing with metadata property: ot:focalCladeOTTTaxonName
Adding property 'ot:focalCladeOTTTaxonName': Brassicaceae
Dealing with metadata property: ot:studyYear
Adding property 'ot:studyYear': 2001
Dealing with metadata property: ot:inGroupClade
Adding property 'ot:inGroupClade': node190470
Dealing with metadata property: ot:curatorName
Adding property 'ot:curatorName': bryan drew
Dealing with metadata property: ot:studyPublication
Adding property 'ot:studyPublication': http://dx.doi.org/10.1043/0363-6445-27.2.318
Dealing with metadata property: ot:focalClade
Adding property 'ot:focalClade': 309271
Dealing with metadata property: ot:curatedType
Adding property 'ot:curatedType': MP
Dealing with metadata property: ot:studyId
Adding property 'ot:studyId': 318
Dealing with metadata property: ot:dataDeposit
Adding property 'ot:dataDeposit': http://purl.org/phylo/treebase/phylows/study/TB2:S780
Committing nodes: 44
