pgloadind OTUs number 31
pgloadind Processing tree @id "956"
pgloadind   tree info number nodes 54
pgloadind   tree info number edges 53
pgloadind   tree info ingroup "node384403"
pgloadind   Setting ingroup root node.
pgloadind   Ingested tree number of external nodes 29
pgloadind   property added ot:studyPublicationReference "Wojciechowski M., Sanderson M., Baldwin B.G., & Donoghue M. 1993. Monophyly of aneuploid Astragalus (Fabaceae): Evidence from nuclear ribosomal DNA internal transcribed spacer sequences. American Journal of Botany, 80: 711-722."
pgloadind   property added ot:studyPublication "http://dx.doi.org/10.2307/2445441"
pgloadind   property added ot:curatorName "bryan drew"
pgloadind   property added ot:dataDeposit "http://purl.org/phylo/treebase/phylows/study/TB2:S236"
pgloadind   property added ot:studyId "607"
pgloadind   property added ot:studyYear "1993"
pgloadind   property added ot:focalClade "314141"
pgloadind   property added ot:focalCladeOTTTaxonName "Astragalus"
pgloadind   property added ot:inGroupClade "node384403"
pgloadind   property added ot:curatedType "MP; Fig 3a"
pgloadind Processing tree @id "957"
pgloadind   tree info number nodes 50
pgloadind   tree info number edges 49
pgloadind   tree info ingroup "node384457"
pgloadind   Setting ingroup root node.
pgloadind   Ingested tree number of external nodes 29
pgloadind   property added ot:studyPublicationReference "Wojciechowski M., Sanderson M., Baldwin B.G., & Donoghue M. 1993. Monophyly of aneuploid Astragalus (Fabaceae): Evidence from nuclear ribosomal DNA internal transcribed spacer sequences. American Journal of Botany, 80: 711-722."
pgloadind   property added ot:studyPublication "http://dx.doi.org/10.2307/2445441"
pgloadind   property added ot:curatorName "bryan drew"
pgloadind   property added ot:dataDeposit "http://purl.org/phylo/treebase/phylows/study/TB2:S236"
pgloadind   property added ot:studyId "607"
pgloadind   property added ot:studyYear "1993"
pgloadind   property added ot:focalClade "314141"
pgloadind   property added ot:focalCladeOTTTaxonName "Astragalus"
pgloadind   property added ot:inGroupClade "node384457"
pgloadind   property added ot:curatedType "MP; Fig 2"
pgloadind Processing tree @id "958"
pgloadind   tree info number nodes 55
pgloadind   tree info number edges 54
pgloadind   tree info ingroup "node384507"
pgloadind   Setting ingroup root node.
pgloadind   Ingested tree number of external nodes 29
pgloadind   property added ot:studyPublicationReference "Wojciechowski M., Sanderson M., Baldwin B.G., & Donoghue M. 1993. Monophyly of aneuploid Astragalus (Fabaceae): Evidence from nuclear ribosomal DNA internal transcribed spacer sequences. American Journal of Botany, 80: 711-722."
pgloadind   property added ot:studyPublication "http://dx.doi.org/10.2307/2445441"
pgloadind   property added ot:curatorName "bryan drew"
pgloadind   property added ot:dataDeposit "http://purl.org/phylo/treebase/phylows/study/TB2:S236"
pgloadind   property added ot:studyId "607"
pgloadind   property added ot:studyYear "1993"
pgloadind   property added ot:focalClade "314141"
pgloadind   property added ot:focalCladeOTTTaxonName "Astragalus"
pgloadind   property added ot:inGroupClade "node384507"
pgloadind   property added ot:curatedType "MP; Fig 3b"
loading a specific tree: 957
skipping tree: 956
skipping tree: 958
pgloadind conducting TNRS on trees
pgloadind   name fixing on tree tree id "957"
pgloadind   all nodes have ottIds
pgloadind   postpruning newick tree "((Astragalus_alpinus,(((((Astragalus_asterias,Astragalus_tribuloides),Astragalus_pulchellus),Astragalus_chaborasicus),Astragalus_cicer),Astragalus_agrestis,Astragalus_adsurgens,(Astragalus_nuttallianus,(Astragalus_bisulcatus,Astragalus_scopulorum),(Astragalus_oocalycis,Astragalus_cremnophylax),(Astragalus_humillimus,((Astragalus_lentiginosus,Astragalus_purshii),Astragalus_utahensis),Astragalus_aretioides),Astragalus_brandegei,Astragalus_monumentalis,Astragalus_hallii,Astragalus_thurberi)),(Astragalus_hamosus,Astragalus_canadensis),(Astragalus_corrugatus,Astragalus_lobophorus)),((Oxytropis_campestris,Oxytropis_lambertii),Oxytropis_deflexa))"
pgloadind   taxon mapping summary
pgloadind     taxon mapping OTT ID 314135 taxonomy "Astragalus alpinus->Astragalus->Galegeae->Papilionoideae->Fabaceae->Fabales->fabids->rosids->Pentapetalae->Gunneridae->eudicotyledons->Mesangiospermae->Magnoliophyta->Spermatophyta->Euphyllophyta->Tracheophyta->Embryophyta->Streptophyta->Chloroplastida->Archaeplastida->Eukaryota->cellular organisms->life" nexsonid "node384459"
pgloadind     taxon mapping OTT ID 314147 taxonomy "Astragalus asterias->Astragalus->Galegeae->Papilionoideae->Fabaceae->Fabales->fabids->rosids->Pentapetalae->Gunneridae->eudicotyledons->Mesangiospermae->Magnoliophyta->Spermatophyta->Euphyllophyta->Tracheophyta->Embryophyta->Streptophyta->Chloroplastida->Archaeplastida->Eukaryota->cellular organisms->life" nexsonid "node384465"
pgloadind     taxon mapping OTT ID 363900 taxonomy "Astragalus tribuloides->Astragalus->Galegeae->Papilionoideae->Fabaceae->Fabales->fabids->rosids->Pentapetalae->Gunneridae->eudicotyledons->Mesangiospermae->Magnoliophyta->Spermatophyta->Euphyllophyta->Tracheophyta->Embryophyta->Streptophyta->Chloroplastida->Archaeplastida->Eukaryota->cellular organisms->life" nexsonid "node384466"
pgloadind     taxon mapping OTT ID 363906 taxonomy "Astragalus pulchellus->Astragalus->Galegeae->Papilionoideae->Fabaceae->Fabales->fabids->rosids->Pentapetalae->Gunneridae->eudicotyledons->Mesangiospermae->Magnoliophyta->Spermatophyta->Euphyllophyta->Tracheophyta->Embryophyta->Streptophyta->Chloroplastida->Archaeplastida->Eukaryota->cellular organisms->life" nexsonid "node384467"
pgloadind     taxon mapping OTT ID 314152 taxonomy "Astragalus chaborasicus->Astragalus->Galegeae->Papilionoideae->Fabaceae->Fabales->fabids->rosids->Pentapetalae->Gunneridae->eudicotyledons->Mesangiospermae->Magnoliophyta->Spermatophyta->Euphyllophyta->Tracheophyta->Embryophyta->Streptophyta->Chloroplastida->Archaeplastida->Eukaryota->cellular organisms->life" nexsonid "node384468"
pgloadind     taxon mapping OTT ID 838609 taxonomy "Astragalus cicer->Astragalus->Galegeae->Papilionoideae->Fabaceae->Fabales->fabids->rosids->Pentapetalae->Gunneridae->eudicotyledons->Mesangiospermae->Magnoliophyta->Spermatophyta->Euphyllophyta->Tracheophyta->Embryophyta->Streptophyta->Chloroplastida->Archaeplastida->Eukaryota->cellular organisms->life" nexsonid "node384469"
pgloadind     taxon mapping OTT ID 314137 taxonomy "Astragalus agrestis->Astragalus->Galegeae->Papilionoideae->Fabaceae->Fabales->fabids->rosids->Pentapetalae->Gunneridae->eudicotyledons->Mesangiospermae->Magnoliophyta->Spermatophyta->Euphyllophyta->Tracheophyta->Embryophyta->Streptophyta->Chloroplastida->Archaeplastida->Eukaryota->cellular organisms->life" nexsonid "node384470"
pgloadind     taxon mapping OTT ID 314139 taxonomy "Astragalus adsurgens->Astragalus->Galegeae->Papilionoideae->Fabaceae->Fabales->fabids->rosids->Pentapetalae->Gunneridae->eudicotyledons->Mesangiospermae->Magnoliophyta->Spermatophyta->Euphyllophyta->Tracheophyta->Embryophyta->Streptophyta->Chloroplastida->Archaeplastida->Eukaryota->cellular organisms->life" nexsonid "node384471"
pgloadind     taxon mapping OTT ID 626786 taxonomy "Astragalus nuttallianus->Astragalus->Galegeae->Papilionoideae->Fabaceae->Fabales->fabids->rosids->Pentapetalae->Gunneridae->eudicotyledons->Mesangiospermae->Magnoliophyta->Spermatophyta->Euphyllophyta->Tracheophyta->Embryophyta->Streptophyta->Chloroplastida->Archaeplastida->Eukaryota->cellular organisms->life" nexsonid "node384473"
pgloadind     taxon mapping OTT ID 314145 taxonomy "Astragalus bisulcatus->Astragalus->Galegeae->Papilionoideae->Fabaceae->Fabales->fabids->rosids->Pentapetalae->Gunneridae->eudicotyledons->Mesangiospermae->Magnoliophyta->Spermatophyta->Euphyllophyta->Tracheophyta->Embryophyta->Streptophyta->Chloroplastida->Archaeplastida->Eukaryota->cellular organisms->life" nexsonid "node384475"
pgloadind     taxon mapping OTT ID 363908 taxonomy "Astragalus scopulorum->Astragalus->Galegeae->Papilionoideae->Fabaceae->Fabales->fabids->rosids->Pentapetalae->Gunneridae->eudicotyledons->Mesangiospermae->Magnoliophyta->Spermatophyta->Euphyllophyta->Tracheophyta->Embryophyta->Streptophyta->Chloroplastida->Archaeplastida->Eukaryota->cellular organisms->life" nexsonid "node384476"
pgloadind     taxon mapping OTT ID 363907 taxonomy "Astragalus oocalycis->Astragalus->Galegeae->Papilionoideae->Fabaceae->Fabales->fabids->rosids->Pentapetalae->Gunneridae->eudicotyledons->Mesangiospermae->Magnoliophyta->Spermatophyta->Euphyllophyta->Tracheophyta->Embryophyta->Streptophyta->Chloroplastida->Archaeplastida->Eukaryota->cellular organisms->life" nexsonid "node384478"
pgloadind     taxon mapping OTT ID 838613 taxonomy "Astragalus cremnophylax->Astragalus->Galegeae->Papilionoideae->Fabaceae->Fabales->fabids->rosids->Pentapetalae->Gunneridae->eudicotyledons->Mesangiospermae->Magnoliophyta->Spermatophyta->Euphyllophyta->Tracheophyta->Embryophyta->Streptophyta->Chloroplastida->Archaeplastida->Eukaryota->cellular organisms->life" nexsonid "node384479"
pgloadind     taxon mapping OTT ID 626805 taxonomy "Astragalus humillimus->Astragalus->Galegeae->Papilionoideae->Fabaceae->Fabales->fabids->rosids->Pentapetalae->Gunneridae->eudicotyledons->Mesangiospermae->Magnoliophyta->Spermatophyta->Euphyllophyta->Tracheophyta->Embryophyta->Streptophyta->Chloroplastida->Archaeplastida->Eukaryota->cellular organisms->life" nexsonid "node384481"
pgloadind     taxon mapping OTT ID 838605 taxonomy "Astragalus lentiginosus->Astragalus->Galegeae->Papilionoideae->Fabaceae->Fabales->fabids->rosids->Pentapetalae->Gunneridae->eudicotyledons->Mesangiospermae->Magnoliophyta->Spermatophyta->Euphyllophyta->Tracheophyta->Embryophyta->Streptophyta->Chloroplastida->Archaeplastida->Eukaryota->cellular organisms->life" nexsonid "node384484"
pgloadind     taxon mapping OTT ID 363910 taxonomy "Astragalus purshii->Astragalus->Galegeae->Papilionoideae->Fabaceae->Fabales->fabids->rosids->Pentapetalae->Gunneridae->eudicotyledons->Mesangiospermae->Magnoliophyta->Spermatophyta->Euphyllophyta->Tracheophyta->Embryophyta->Streptophyta->Chloroplastida->Archaeplastida->Eukaryota->cellular organisms->life" nexsonid "node384485"
pgloadind     taxon mapping OTT ID 363904 taxonomy "Astragalus utahensis->Astragalus->Galegeae->Papilionoideae->Fabaceae->Fabales->fabids->rosids->Pentapetalae->Gunneridae->eudicotyledons->Mesangiospermae->Magnoliophyta->Spermatophyta->Euphyllophyta->Tracheophyta->Embryophyta->Streptophyta->Chloroplastida->Archaeplastida->Eukaryota->cellular organisms->life" nexsonid "node384486"
pgloadind     taxon mapping OTT ID 314149 taxonomy "Astragalus aretioides->Astragalus->Galegeae->Papilionoideae->Fabaceae->Fabales->fabids->rosids->Pentapetalae->Gunneridae->eudicotyledons->Mesangiospermae->Magnoliophyta->Spermatophyta->Euphyllophyta->Tracheophyta->Embryophyta->Streptophyta->Chloroplastida->Archaeplastida->Eukaryota->cellular organisms->life" nexsonid "node384487"
pgloadind     taxon mapping OTT ID 314143 taxonomy "Astragalus brandegei->Astragalus->Galegeae->Papilionoideae->Fabaceae->Fabales->fabids->rosids->Pentapetalae->Gunneridae->eudicotyledons->Mesangiospermae->Magnoliophyta->Spermatophyta->Euphyllophyta->Tracheophyta->Embryophyta->Streptophyta->Chloroplastida->Archaeplastida->Eukaryota->cellular organisms->life" nexsonid "node384488"
pgloadind     taxon mapping OTT ID 626784 taxonomy "Astragalus monumentalis->Astragalus->Galegeae->Papilionoideae->Fabaceae->Fabales->fabids->rosids->Pentapetalae->Gunneridae->eudicotyledons->Mesangiospermae->Magnoliophyta->Spermatophyta->Euphyllophyta->Tracheophyta->Embryophyta->Streptophyta->Chloroplastida->Archaeplastida->Eukaryota->cellular organisms->life" nexsonid "node384489"
pgloadind     taxon mapping OTT ID 838615 taxonomy "Astragalus hallii->Astragalus->Galegeae->Papilionoideae->Fabaceae->Fabales->fabids->rosids->Pentapetalae->Gunneridae->eudicotyledons->Mesangiospermae->Magnoliophyta->Spermatophyta->Euphyllophyta->Tracheophyta->Embryophyta->Streptophyta->Chloroplastida->Archaeplastida->Eukaryota->cellular organisms->life" nexsonid "node384490"
pgloadind     taxon mapping OTT ID 363902 taxonomy "Astragalus thurberi->Astragalus->Galegeae->Papilionoideae->Fabaceae->Fabales->fabids->rosids->Pentapetalae->Gunneridae->eudicotyledons->Mesangiospermae->Magnoliophyta->Spermatophyta->Euphyllophyta->Tracheophyta->Embryophyta->Streptophyta->Chloroplastida->Archaeplastida->Eukaryota->cellular organisms->life" nexsonid "node384491"
pgloadind     taxon mapping OTT ID 626803 taxonomy "Astragalus hamosus->Astragalus->Galegeae->Papilionoideae->Fabaceae->Fabales->fabids->rosids->Pentapetalae->Gunneridae->eudicotyledons->Mesangiospermae->Magnoliophyta->Spermatophyta->Euphyllophyta->Tracheophyta->Embryophyta->Streptophyta->Chloroplastida->Archaeplastida->Eukaryota->cellular organisms->life" nexsonid "node384493"
pgloadind     taxon mapping OTT ID 314154 taxonomy "Astragalus canadensis->Astragalus->Galegeae->Papilionoideae->Fabaceae->Fabales->fabids->rosids->Pentapetalae->Gunneridae->eudicotyledons->Mesangiospermae->Magnoliophyta->Spermatophyta->Euphyllophyta->Tracheophyta->Embryophyta->Streptophyta->Chloroplastida->Archaeplastida->Eukaryota->cellular organisms->life" nexsonid "node384494"
pgloadind     taxon mapping OTT ID 838611 taxonomy "Astragalus corrugatus->Astragalus->Galegeae->Papilionoideae->Fabaceae->Fabales->fabids->rosids->Pentapetalae->Gunneridae->eudicotyledons->Mesangiospermae->Magnoliophyta->Spermatophyta->Euphyllophyta->Tracheophyta->Embryophyta->Streptophyta->Chloroplastida->Archaeplastida->Eukaryota->cellular organisms->life" nexsonid "node384496"
pgloadind     taxon mapping OTT ID 838607 taxonomy "Astragalus lobophorus->Astragalus->Galegeae->Papilionoideae->Fabaceae->Fabales->fabids->rosids->Pentapetalae->Gunneridae->eudicotyledons->Mesangiospermae->Magnoliophyta->Spermatophyta->Euphyllophyta->Tracheophyta->Embryophyta->Streptophyta->Chloroplastida->Archaeplastida->Eukaryota->cellular organisms->life" nexsonid "node384497"
pgloadind     taxon mapping OTT ID 396756 taxonomy "Oxytropis campestris->Oxytropis->Galegeae->Papilionoideae->Fabaceae->Fabales->fabids->rosids->Pentapetalae->Gunneridae->eudicotyledons->Mesangiospermae->Magnoliophyta->Spermatophyta->Euphyllophyta->Tracheophyta->Embryophyta->Streptophyta->Chloroplastida->Archaeplastida->Eukaryota->cellular organisms->life" nexsonid "node384500"
pgloadind     taxon mapping OTT ID 396753 taxonomy "Oxytropis lambertii->Oxytropis->Galegeae->Papilionoideae->Fabaceae->Fabales->fabids->rosids->Pentapetalae->Gunneridae->eudicotyledons->Mesangiospermae->Magnoliophyta->Spermatophyta->Euphyllophyta->Tracheophyta->Embryophyta->Streptophyta->Chloroplastida->Archaeplastida->Eukaryota->cellular organisms->life" nexsonid "node384501"
pgloadind     taxon mapping OTT ID 190559 taxonomy "Oxytropis deflexa->Oxytropis->Galegeae->Papilionoideae->Fabaceae->Fabales->fabids->rosids->Pentapetalae->Gunneridae->eudicotyledons->Mesangiospermae->Magnoliophyta->Spermatophyta->Euphyllophyta->Tracheophyta->Embryophyta->Streptophyta->Chloroplastida->Archaeplastida->Eukaryota->cellular organisms->life" nexsonid "node384502"
done fixing name
pgloadind Finished with attempts to fix names
pgloadind   Checking for uniqueness of OTT IDs tree id "957"
pgloadind   Adding tree to graph tree id "957"
all trees have all taxa: false
	using bipartition technique
attempting to remap tips to deepest exemplified taxa
this is the ROOT
placing root in index
Dealing with metadata property: id
Dealing with metadata property: ot:studyPublicationReference
Adding property 'ot:studyPublicationReference': Wojciechowski M., Sanderson M., Baldwin B.G., & Donoghue M. 1993. Monophyly of aneuploid Astragalus (Fabaceae): Evidence from nuclear ribosomal DNA internal transcribed spacer sequences. American Journal of Botany, 80: 711-722.
Dealing with metadata property: ot:focalCladeOTTTaxonName
Adding property 'ot:focalCladeOTTTaxonName': Astragalus
Dealing with metadata property: ot:studyYear
Adding property 'ot:studyYear': 1993
Dealing with metadata property: ot:inGroupClade
Adding property 'ot:inGroupClade': node384457
Dealing with metadata property: ot:curatorName
Adding property 'ot:curatorName': bryan drew
Dealing with metadata property: ot:studyPublication
Adding property 'ot:studyPublication': http://dx.doi.org/10.2307/2445441
Dealing with metadata property: ot:focalClade
Adding property 'ot:focalClade': 314141
Dealing with metadata property: ot:curatedType
Adding property 'ot:curatedType': MP; Fig 2
Dealing with metadata property: ot:studyId
Adding property 'ot:studyId': 607
Dealing with metadata property: ot:dataDeposit
Adding property 'ot:dataDeposit': http://purl.org/phylo/treebase/phylows/study/TB2:S236
Committing nodes: 46
