pgloadind OTUs number 100
pgloadind Processing tree @id "1039"
pgloadind   tree info number nodes 88
pgloadind   tree info number edges 87
pgloadind   Ingested tree number of external nodes 52
pgloadind   property added ot:studyPublicationReference "Bradford J., & Barnes R. 2001. Phylogenetics and classification of Cunoniaceae (Oxalidales) using chloroplast DNA sequences and morphology. Systematic Botany, 26(2): 354-385."
pgloadind   property added ot:studyPublication "http://dx.doi.org/10.1043/0363-6445-26.2.354"
pgloadind   property added ot:curatorName "bryan drew"
pgloadind   property added ot:dataDeposit "http://purl.org/phylo/treebase/phylows/study/TB2:S759"
pgloadind   property added ot:studyId "632"
pgloadind   property added ot:studyYear "2001"
pgloadind   property added ot:focalClade "782239"
pgloadind   property added ot:focalCladeOTTTaxonName "Cunoniaceae"
pgloadind   property added ot:curatedType "trnL-F"
pgloadind Processing tree @id "1040"
pgloadind   tree info number nodes 56
pgloadind   tree info number edges 55
pgloadind   Ingested tree number of external nodes 37
pgloadind   property added ot:studyPublicationReference "Bradford J., & Barnes R. 2001. Phylogenetics and classification of Cunoniaceae (Oxalidales) using chloroplast DNA sequences and morphology. Systematic Botany, 26(2): 354-385."
pgloadind   property added ot:studyPublication "http://dx.doi.org/10.1043/0363-6445-26.2.354"
pgloadind   property added ot:curatorName "bryan drew"
pgloadind   property added ot:dataDeposit "http://purl.org/phylo/treebase/phylows/study/TB2:S759"
pgloadind   property added ot:studyId "632"
pgloadind   property added ot:studyYear "2001"
pgloadind   property added ot:focalClade "782239"
pgloadind   property added ot:focalCladeOTTTaxonName "Cunoniaceae"
pgloadind   property added ot:curatedType "rbcL"
pgloadind Processing tree @id "1041"
pgloadind   tree info number nodes 77
pgloadind   tree info number edges 76
pgloadind   Ingested tree number of external nodes 39
pgloadind   property added ot:studyPublicationReference "Bradford J., & Barnes R. 2001. Phylogenetics and classification of Cunoniaceae (Oxalidales) using chloroplast DNA sequences and morphology. Systematic Botany, 26(2): 354-385."
pgloadind   property added ot:studyPublication "http://dx.doi.org/10.1043/0363-6445-26.2.354"
pgloadind   property added ot:curatorName "bryan drew"
pgloadind   property added ot:dataDeposit "http://purl.org/phylo/treebase/phylows/study/TB2:S759"
pgloadind   property added ot:studyId "632"
pgloadind   property added ot:studyYear "2001"
pgloadind   property added ot:focalClade "782239"
pgloadind   property added ot:focalCladeOTTTaxonName "Cunoniaceae"
pgloadind   property added ot:curatedType "cf. Figs. 4 & 5"
pgloadind Processing tree @id "1042"
pgloadind   tree info number nodes 54
pgloadind   tree info number edges 53
pgloadind   tree info ingroup "node393156"
pgloadind   Setting ingroup root node.
pgloadind   Ingested tree number of external nodes 24
pgloadind   property added ot:studyPublicationReference "Bradford J., & Barnes R. 2001. Phylogenetics and classification of Cunoniaceae (Oxalidales) using chloroplast DNA sequences and morphology. Systematic Botany, 26(2): 354-385."
pgloadind   property added ot:studyPublication "http://dx.doi.org/10.1043/0363-6445-26.2.354"
pgloadind   property added ot:curatorName "bryan drew"
pgloadind   property added ot:dataDeposit "http://purl.org/phylo/treebase/phylows/study/TB2:S759"
pgloadind   property added ot:studyId "632"
pgloadind   property added ot:studyYear "2001"
pgloadind   property added ot:focalClade "782239"
pgloadind   property added ot:focalCladeOTTTaxonName "Cunoniaceae"
pgloadind   property added ot:inGroupClade "node393156"
pgloadind   property added ot:curatedType "trnL-F rbcL strict"
loading a specific tree: 1042
skipping tree: 1039
skipping tree: 1040
skipping tree: 1041
pgloadind conducting TNRS on trees
pgloadind   name fixing on tree tree id "1042"
pgloadind   all nodes have ottIds
pgloadind   postpruning newick tree "(((((((((Weinmannia_raiateensis,Weinmannia_madagascariensis),(Cunonia_atrorubens,Pancheria_engleriana)),Weinmannia_bangii),Vesselowskya_rubifolia),(Callicoma_serratifolia,Codia_discolor),Pullea_glabra),(Acrophyllum_australe,Eucryphia_cordifolia)),(((Caldcluvia_paniculosa,Spiraeopsis_celebica),Caldcluvia_paniculata),Gillbeea_adenopetala),(Karrabina_benthamiana,Pseudoweinmannia_lachnocarpa)),((Anodopetalum_biglandulosum,Platylophus_trifoliatus),Ceratopetalum_gummiferum),Bauera_rubioides,Davidsonia_jerseyana),(Acsmithia_elliptica,Spiraeanthemum_samoense))"
pgloadind   taxon mapping summary
pgloadind     taxon mapping OTT ID 22689 taxonomy "Weinmannia raiateensis->Weinmannia->Cunoniaceae->Oxalidales->fabids->rosids->Pentapetalae->Gunneridae->eudicotyledons->Mesangiospermae->Magnoliophyta->Spermatophyta->Euphyllophyta->Tracheophyta->Embryophyta->Streptophyta->Chloroplastida->Archaeplastida->Eukaryota->cellular organisms->life" nexsonid "node393165"
pgloadind     taxon mapping OTT ID 22692 taxonomy "Weinmannia madagascariensis->Weinmannia->Cunoniaceae->Oxalidales->fabids->rosids->Pentapetalae->Gunneridae->eudicotyledons->Mesangiospermae->Magnoliophyta->Spermatophyta->Euphyllophyta->Tracheophyta->Embryophyta->Streptophyta->Chloroplastida->Archaeplastida->Eukaryota->cellular organisms->life" nexsonid "node393166"
pgloadind     taxon mapping OTT ID 74196 taxonomy "Cunonia atrorubens->Cunonia->Cunoniaceae->Oxalidales->fabids->rosids->Pentapetalae->Gunneridae->eudicotyledons->Mesangiospermae->Magnoliophyta->Spermatophyta->Euphyllophyta->Tracheophyta->Embryophyta->Streptophyta->Chloroplastida->Archaeplastida->Eukaryota->cellular organisms->life" nexsonid "node393168"
pgloadind     taxon mapping OTT ID 74199 taxonomy "Pancheria engleriana->Pancheria->Cunoniaceae->Oxalidales->fabids->rosids->Pentapetalae->Gunneridae->eudicotyledons->Mesangiospermae->Magnoliophyta->Spermatophyta->Euphyllophyta->Tracheophyta->Embryophyta->Streptophyta->Chloroplastida->Archaeplastida->Eukaryota->cellular organisms->life" nexsonid "node393169"
pgloadind     taxon mapping OTT ID 22693 taxonomy "Weinmannia bangii->Weinmannia->Cunoniaceae->Oxalidales->fabids->rosids->Pentapetalae->Gunneridae->eudicotyledons->Mesangiospermae->Magnoliophyta->Spermatophyta->Euphyllophyta->Tracheophyta->Embryophyta->Streptophyta->Chloroplastida->Archaeplastida->Eukaryota->cellular organisms->life" nexsonid "node393170"
pgloadind     taxon mapping OTT ID 22690 taxonomy "Vesselowskya rubifolia->Vesselowskya->Cunoniaceae->Oxalidales->fabids->rosids->Pentapetalae->Gunneridae->eudicotyledons->Mesangiospermae->Magnoliophyta->Spermatophyta->Euphyllophyta->Tracheophyta->Embryophyta->Streptophyta->Chloroplastida->Archaeplastida->Eukaryota->cellular organisms->life" nexsonid "node393171"
pgloadind     taxon mapping OTT ID 74189 taxonomy "Callicoma serratifolia->Callicoma->Cunoniaceae->Oxalidales->fabids->rosids->Pentapetalae->Gunneridae->eudicotyledons->Mesangiospermae->Magnoliophyta->Spermatophyta->Euphyllophyta->Tracheophyta->Embryophyta->Streptophyta->Chloroplastida->Archaeplastida->Eukaryota->cellular organisms->life" nexsonid "node393173"
pgloadind     taxon mapping OTT ID 74185 taxonomy "Codia discolor->Codia->Cunoniaceae->Oxalidales->fabids->rosids->Pentapetalae->Gunneridae->eudicotyledons->Mesangiospermae->Magnoliophyta->Spermatophyta->Euphyllophyta->Tracheophyta->Embryophyta->Streptophyta->Chloroplastida->Archaeplastida->Eukaryota->cellular organisms->life" nexsonid "node393174"
pgloadind     taxon mapping OTT ID 595522 taxonomy "Pullea glabra->Pullea->Cunoniaceae->Oxalidales->fabids->rosids->Pentapetalae->Gunneridae->eudicotyledons->Mesangiospermae->Magnoliophyta->Spermatophyta->Euphyllophyta->Tracheophyta->Embryophyta->Streptophyta->Chloroplastida->Archaeplastida->Eukaryota->cellular organisms->life" nexsonid "node393175"
pgloadind     taxon mapping OTT ID 591667 taxonomy "Acrophyllum australe->Acrophyllum->Cunoniaceae->Oxalidales->fabids->rosids->Pentapetalae->Gunneridae->eudicotyledons->Mesangiospermae->Magnoliophyta->Spermatophyta->Euphyllophyta->Tracheophyta->Embryophyta->Streptophyta->Chloroplastida->Archaeplastida->Eukaryota->cellular organisms->life" nexsonid "node393177"
pgloadind     taxon mapping OTT ID 650184 taxonomy "Eucryphia cordifolia->Eucryphia->Cunoniaceae->Oxalidales->fabids->rosids->Pentapetalae->Gunneridae->eudicotyledons->Mesangiospermae->Magnoliophyta->Spermatophyta->Euphyllophyta->Tracheophyta->Embryophyta->Streptophyta->Chloroplastida->Archaeplastida->Eukaryota->cellular organisms->life" nexsonid "node393178"
pgloadind     taxon mapping OTT ID 126250 taxonomy "Caldcluvia paniculosa->Caldcluvia->Cunoniaceae->Oxalidales->fabids->rosids->Pentapetalae->Gunneridae->eudicotyledons->Mesangiospermae->Magnoliophyta->Spermatophyta->Euphyllophyta->Tracheophyta->Embryophyta->Streptophyta->Chloroplastida->Archaeplastida->Eukaryota->cellular organisms->life" nexsonid "node393182"
pgloadind     taxon mapping OTT ID 595515 taxonomy "Spiraeopsis celebica->Spiraeopsis->Cunoniaceae->Oxalidales->fabids->rosids->Pentapetalae->Gunneridae->eudicotyledons->Mesangiospermae->Magnoliophyta->Spermatophyta->Euphyllophyta->Tracheophyta->Embryophyta->Streptophyta->Chloroplastida->Archaeplastida->Eukaryota->cellular organisms->life" nexsonid "node393183"
pgloadind     taxon mapping OTT ID 647881 taxonomy "Caldcluvia paniculata->Caldcluvia->Cunoniaceae->Oxalidales->fabids->rosids->Pentapetalae->Gunneridae->eudicotyledons->Mesangiospermae->Magnoliophyta->Spermatophyta->Euphyllophyta->Tracheophyta->Embryophyta->Streptophyta->Chloroplastida->Archaeplastida->Eukaryota->cellular organisms->life" nexsonid "node393184"
pgloadind     taxon mapping OTT ID 74190 taxonomy "Gillbeea adenopetala->Gillbeea->Cunoniaceae->Oxalidales->fabids->rosids->Pentapetalae->Gunneridae->eudicotyledons->Mesangiospermae->Magnoliophyta->Spermatophyta->Euphyllophyta->Tracheophyta->Embryophyta->Streptophyta->Chloroplastida->Archaeplastida->Eukaryota->cellular organisms->life" nexsonid "node393185"
pgloadind     taxon mapping OTT ID 74192 taxonomy "Karrabina benthamiana->Karrabina->Cunoniaceae->Oxalidales->fabids->rosids->Pentapetalae->Gunneridae->eudicotyledons->Mesangiospermae->Magnoliophyta->Spermatophyta->Euphyllophyta->Tracheophyta->Embryophyta->Streptophyta->Chloroplastida->Archaeplastida->Eukaryota->cellular organisms->life" nexsonid "node393187"
pgloadind     taxon mapping OTT ID 595525 taxonomy "Pseudoweinmannia lachnocarpa->Pseudoweinmannia->Cunoniaceae->Oxalidales->fabids->rosids->Pentapetalae->Gunneridae->eudicotyledons->Mesangiospermae->Magnoliophyta->Spermatophyta->Euphyllophyta->Tracheophyta->Embryophyta->Streptophyta->Chloroplastida->Archaeplastida->Eukaryota->cellular organisms->life" nexsonid "node393188"
pgloadind     taxon mapping OTT ID 591661 taxonomy "Anodopetalum biglandulosum->Anodopetalum->Cunoniaceae->Oxalidales->fabids->rosids->Pentapetalae->Gunneridae->eudicotyledons->Mesangiospermae->Magnoliophyta->Spermatophyta->Euphyllophyta->Tracheophyta->Embryophyta->Streptophyta->Chloroplastida->Archaeplastida->Eukaryota->cellular organisms->life" nexsonid "node393191"
pgloadind     taxon mapping OTT ID 595527 taxonomy "Platylophus trifoliatus->Platylophus->Cunoniaceae->Oxalidales->fabids->rosids->Pentapetalae->Gunneridae->eudicotyledons->Mesangiospermae->Magnoliophyta->Spermatophyta->Euphyllophyta->Tracheophyta->Embryophyta->Streptophyta->Chloroplastida->Archaeplastida->Eukaryota->cellular organisms->life" nexsonid "node393192"
pgloadind     taxon mapping OTT ID 782248 taxonomy "Ceratopetalum gummiferum->Ceratopetalum->Cunoniaceae->Oxalidales->fabids->rosids->Pentapetalae->Gunneridae->eudicotyledons->Mesangiospermae->Magnoliophyta->Spermatophyta->Euphyllophyta->Tracheophyta->Embryophyta->Streptophyta->Chloroplastida->Archaeplastida->Eukaryota->cellular organisms->life" nexsonid "node393193"
pgloadind     taxon mapping OTT ID 17468 taxonomy "Bauera rubioides->Bauera->Cunoniaceae->Oxalidales->fabids->rosids->Pentapetalae->Gunneridae->eudicotyledons->Mesangiospermae->Magnoliophyta->Spermatophyta->Euphyllophyta->Tracheophyta->Embryophyta->Streptophyta->Chloroplastida->Archaeplastida->Eukaryota->cellular organisms->life" nexsonid "node393194"
pgloadind     taxon mapping OTT ID 678874 taxonomy "Davidsonia jerseyana->Davidsonia->Cunoniaceae->Oxalidales->fabids->rosids->Pentapetalae->Gunneridae->eudicotyledons->Mesangiospermae->Magnoliophyta->Spermatophyta->Euphyllophyta->Tracheophyta->Embryophyta->Streptophyta->Chloroplastida->Archaeplastida->Eukaryota->cellular organisms->life" nexsonid "node393195"
pgloadind     taxon mapping OTT ID 647875 taxonomy "Acsmithia elliptica->Acsmithia->Cunoniaceae->Oxalidales->fabids->rosids->Pentapetalae->Gunneridae->eudicotyledons->Mesangiospermae->Magnoliophyta->Spermatophyta->Euphyllophyta->Tracheophyta->Embryophyta->Streptophyta->Chloroplastida->Archaeplastida->Eukaryota->cellular organisms->life" nexsonid "node393197"
pgloadind     taxon mapping OTT ID 595518 taxonomy "Spiraeanthemum samoense->Spiraeanthemum->Cunoniaceae->Oxalidales->fabids->rosids->Pentapetalae->Gunneridae->eudicotyledons->Mesangiospermae->Magnoliophyta->Spermatophyta->Euphyllophyta->Tracheophyta->Embryophyta->Streptophyta->Chloroplastida->Archaeplastida->Eukaryota->cellular organisms->life" nexsonid "node393198"
done fixing name
pgloadind Finished with attempts to fix names
pgloadind   Checking for uniqueness of OTT IDs tree id "1042"
pgloadind   Adding tree to graph tree id "1042"
all trees have all taxa: false
	using bipartition technique
attempting to remap tips to deepest exemplified taxa
	Eucryphia cordifolia was remapped to 'Eucryphia' (id=2880550)
	Pseudoweinmannia lachnocarpa was remapped to 'Pseudoweinmannia' (id=2880463)
	Karrabina benthamiana was remapped to 'Karrabina' (id=2880378)
	Davidsonia jerseyana was remapped to 'Davidsonia' (id=2880394)
	Spiraeanthemum samoense was remapped to 'Spiraeanthemum' (id=2880448)
	Platylophus trifoliatus was remapped to 'Platylophus' (id=2880465)
	Ceratopetalum gummiferum was remapped to 'Ceratopetalum' (id=2880477)
	Acsmithia elliptica was remapped to 'Acsmithia' (id=2880442)
	Vesselowskya rubifolia was remapped to 'Vesselowskya' (id=2880391)
	Codia discolor was remapped to 'Codia' (id=2880408)
	Bauera rubioides was remapped to 'Bauera' (id=2880384)
	Gillbeea adenopetala was remapped to 'Gillbeea' (id=2880422)
	Pancheria engleriana was remapped to 'Pancheria' (id=2880424)
	Acrophyllum australe was remapped to 'Acrophyllum' (id=2880433)
	Spiraeopsis celebica was remapped to 'Spiraeopsis' (id=2880446)
	Callicoma serratifolia was remapped to 'Callicoma' (id=2880475)
	Anodopetalum biglandulosum was remapped to 'Anodopetalum' (id=2880444)
	Cunonia atrorubens was remapped to 'Cunonia' (id=2880401)
	Pullea glabra was remapped to 'Pullea' (id=2880460)
this is the ROOT
placing root in index
Dealing with metadata property: id
Dealing with metadata property: ot:studyPublicationReference
Adding property 'ot:studyPublicationReference': Bradford J., & Barnes R. 2001. Phylogenetics and classification of Cunoniaceae (Oxalidales) using chloroplast DNA sequences and morphology. Systematic Botany, 26(2): 354-385.
Dealing with metadata property: ot:focalCladeOTTTaxonName
Adding property 'ot:focalCladeOTTTaxonName': Cunoniaceae
Dealing with metadata property: ot:studyYear
Adding property 'ot:studyYear': 2001
Dealing with metadata property: ot:inGroupClade
Adding property 'ot:inGroupClade': node393156
Dealing with metadata property: ot:curatorName
Adding property 'ot:curatorName': bryan drew
Dealing with metadata property: ot:studyPublication
Adding property 'ot:studyPublication': http://dx.doi.org/10.1043/0363-6445-26.2.354
Dealing with metadata property: ot:focalClade
Adding property 'ot:focalClade': 782239
Dealing with metadata property: ot:curatedType
Adding property 'ot:curatedType': trnL-F rbcL strict
Dealing with metadata property: ot:studyId
Adding property 'ot:studyId': 632
Dealing with metadata property: ot:dataDeposit
Adding property 'ot:dataDeposit': http://purl.org/phylo/treebase/phylows/study/TB2:S759
Committing nodes: 43
