pgloadind OTUs number 206
pgloadind Processing tree @id "3766"
pgloadind   tree info number nodes 411
pgloadind   tree info number edges 410
pgloadind   tree info ingroup "node713212"
pgloadind   Setting ingroup root node.
pgloadind   Ingested tree number of external nodes 200
pgloadind   property added ot:studyPublicationReference "Nagalingum, N. S., Marshall, C. R., Quental, T. B., Rai, H. S., Little, D. P., & Mathews, S. (2011). Recent synchronous radiation of a living fossil. Science, 334(6057), 796-799."
pgloadind   property added ot:studyPublication "http://dx.doi.org/10.1126/science.1209926"
pgloadind   property added ot:curatorName "bryan drew"
pgloadind   property added ot:dataDeposit "http://purl.org/phylo/treebase/phylows/study/TB2:S11891"
pgloadind   property added ot:studyId "1867"
pgloadind   property added ot:studyYear "2011"
pgloadind   property added ot:focalClade "2282796"
pgloadind   property added ot:tag "ingroup added;"
pgloadind   property added ot:inGroupClade "node713212"
loading a specific tree: 3766
pgloadind conducting TNRS on trees
pgloadind   name fixing on tree tree id "3766"
pgloadind     OTT ID missing name "Cycas miquelii" nexsonid "node713261"
pgloadind   TNRS unmatched total number 1
pgloadind     pruning unmapped name "Cycas miquelii" nexsonid "node713261"
pgloadind     OTT ID reused in tree
pgloadind       duplicate name "Cycas pectinata" nexsonid "node713216"
pgloadind       duplicate OTT ID 834476
pgloadind     OTT ID reused in tree
pgloadind       duplicate name "Zamia furfuracea" nexsonid "node713532"
pgloadind       duplicate OTT ID 285361
pgloadind     pruning dups and overlapping name "Cycas pectinata" nexsonid "node713216"
pgloadind     pruning dups and overlapping name "Zamia furfuracea" nexsonid "node713532"
pgloadind   postpruning newick tree "((Cycas_chamaoensis,(((Cycas_siamensis,Cycas_clivicola),Cycas_lindstromii),((((((Cycas_condaoensis,Cycas_elongata),Cycas_tansachana),Cycas_nongnoochiae),Cycas_pectinata),Cycas_panzhihuaensis),((Cycas_hongheensis,(((((Cycas_micronesica,Cycas_zeylanica),(((Cycas_edentata,Cycas_bougainvilleana),(Cycas_chamberlainii,Cycas_riuminiana)),((((Cycas_schumanniana,Cycas_calcicola),(((((Cycas_yorkiana,Cycas_media_subsp_ensata),Cycas_basaltica),Cycas_ophiolitica),((Cycas_couttsiana,Cycas_cairnsiana),(Cycas_semota,Cycas_platyphylla))),Cycas_media_subsp_media)),(Cycas_apoa,Cycas_armstrongii)),(Cycas_xipholepis,Cycas_maconochiei)))),((Cycas_rumphii,Cycas_thouarsii),(((Cycas_circinalis,Cycas_beddomei),Cycas_sphaerica),Cycas_seemannii))),Cycas_litoralis),Cycas_macrocarpa)),(((Cycas_szechuanensis,(Cycas_taitungensis,Cycas_revoluta)),(((((Cycas_micholitzii,Cycas_segmentifida),((((Cycas_dolichophylla,Cycas_sexseminifera),(Cycas_aculeata,Cycas_chevalieri)),((Cycas_tanqingii,Cycas_brachycantha),((Cycas_collina,Cycas_simplicipinna),Cycas_tropophylla))),((Cycas_debaoensis,Cycas_multipinnata),(Cycas_diannanensis,Cycas_guizhouensis)))),Cycas_hainanensis),Cycas_fugax),Cycas_ferruginea)),Cycas_petraea))))),(((((((((Macrozamia_plurinervia,(Macrozamia_lomandroides,Macrozamia_macdonnellii)),Macrozamia_stenomera),Macrozamia_flexuosa),Macrozamia_spiralis),Macrozamia_elegans),(((((Macrozamia_montana,Macrozamia_reducta),((Macrozamia_glaucophylla,Macrozamia_crassifolia),(((Macrozamia_pauli-guilielmi,Macrozamia_dyeri),(Macrozamia_diplomera,Macrozamia_polymorpha)),Macrozamia_platyrhachis))),(Macrozamia_riedlei,((Macrozamia_serpentina,Macrozamia_johnsonii),(Macrozamia_miquelii,Macrozamia_mountperriensis)))),(Macrozamia_douglasii,Macrozamia_moorei)),Macrozamia_lucida)),Macrozamia_fraseri),((((((((((((Zamia_katzeriana,((Zamia_lawsoniana,Zamia_furfuracea),(Zamia_loddigesii,Zamia_spartea))),(Zamia_picta,Zamia_variegata)),Zamia_paucijuga),Zamia_standleyi),(Zamia_lacandona,Zamia_purpurea)),((((((Zamia_muricata,Zamia_lecointei),Zamia_neurophyllidia),((((Chigua_bernalii,Zamia_manicata),Zamia_poeppigiana),Zamia_ipetiensis),Zamia_skinneri)),Zamia_elegantissima),((Zamia_obliqua,Zamia_dressleri),Zamia_chigua)),((Zamia_pseudomonticola,Zamia_fairchildiana),Zamia_acuminata))),((Zamia_pygmaea,(Zamia_integrifolia,((Zamia_kickxii,(Zamia_amblyphyllidia,Zamia_pumila)),Zamia_portoricensis))),Zamia_angustifolia)),Zamia_hymenophyllidia),Microcycas_calocoma),(Stangeria_eriopus,((((Ceratozamia_miqueliana,Ceratozamia_whitelockiana),Ceratozamia_mirandae),((((((Ceratozamia_mexicana,Ceratozamia_latifolia),Ceratozamia_sabatoi),Ceratozamia_huastecorum),Ceratozamia_fuscoviridis),(Ceratozamia_zaragozae,Ceratozamia_microstrobila)),(Ceratozamia_morettii,Ceratozamia_decumbens))),Ceratozamia_mixeorum))),Bowenia_serrulata),((((Dioon_merolae,Dioon_purpusii),Dioon_tomasellii),Dioon_edule),Dioon_spinulosum))),(((((((((((((((((Encephalartos_ferox,Encephalartos_gratus),Encephalartos_laurentianus),((((Encephalartos_bubalinus,Encephalartos_msinganus),(((Encephalartos_macrostrobilus,Encephalartos_septentrionalis),Encephalartos_barteri),Encephalartos_schaijesii)),Encephalartos_schmitzii),((Encephalartos_tegulaneus,Encephalartos_hildebrandtii),(Encephalartos_kisambo,Encephalartos_sclavoi)))),(Encephalartos_ituriensis,Encephalartos_whitelockii)),((Encephalartos_nubimontanus,Encephalartos_eugene-maraisii),Encephalartos_dolomiticus)),(((Encephalartos_munchii,Encephalartos_manikensis),Encephalartos_concinnus),Encephalartos_pterogonus)),Encephalartos_paucidentatus),Encephalartos_turneri),((((Encephalartos_cupidus,Encephalartos_middleburgensis),Encephalartos_lebomboensis),((((Encephalartos_trispinosus,Encephalartos_horridus),Encephalartos_arenarius),Encephalartos_lehmannii),Encephalartos_aemulans)),((Encephalartos_cerinus,Encephalartos_princeps),Encephalartos_senticosus))),Encephalartos_transvenosus),(((Encephalartos_ngoyanus,Encephalartos_caffer),Encephalartos_longifolius),Encephalartos_woodii)),((Encephalartos_altensteinii,Encephalartos_natalensis),(Encephalartos_aplanatus,Encephalartos_villosus))),Encephalartos_inopinus),(Encephalartos_cycadifolius,Encephalartos_dyerianus)),Encephalartos_lanatus),((Encephalartos_friderici-guilielmi,Encephalartos_ghellinckii),(Encephalartos_humilis,Encephalartos_laevifolius))),(Lepidozamia_peroffskyana,Lepidozamia_hopei))))"
pgloadind   taxon mapping summary
pgloadind     taxon mapping OTT ID 142249 taxonomy "Cycas chamaoensis->Cycas->Cycadaceae->Cycadales->Cycadopsida->Cycadophyta->Acrogymnospermae->Spermatophyta->Euphyllophyta->Tracheophyta->Embryophyta->Streptophytina->Streptophyta->Chloroplastida->Archaeplastida->Eukaryota->cellular organisms->life" nexsonid "node713214"
pgloadind     taxon mapping OTT ID 519240 taxonomy "Cycas siamensis->Cycas->Cycadaceae->Cycadales->Cycadopsida->Cycadophyta->Acrogymnospermae->Spermatophyta->Euphyllophyta->Tracheophyta->Embryophyta->Streptophytina->Streptophyta->Chloroplastida->Archaeplastida->Eukaryota->cellular organisms->life" nexsonid "node713221"
pgloadind     taxon mapping OTT ID 937139 taxonomy "Cycas clivicola->Cycas->Cycadaceae->Cycadales->Cycadopsida->Cycadophyta->Acrogymnospermae->Spermatophyta->Euphyllophyta->Tracheophyta->Embryophyta->Streptophytina->Streptophyta->Chloroplastida->Archaeplastida->Eukaryota->cellular organisms->life" nexsonid "node713220"
pgloadind     taxon mapping OTT ID 388636 taxonomy "Cycas lindstromii->Cycas->Cycadaceae->Cycadales->Cycadopsida->Cycadophyta->Acrogymnospermae->Spermatophyta->Euphyllophyta->Tracheophyta->Embryophyta->Streptophytina->Streptophyta->Chloroplastida->Archaeplastida->Eukaryota->cellular organisms->life" nexsonid "node713222"
pgloadind     taxon mapping OTT ID 388652 taxonomy "Cycas condaoensis->Cycas->Cycadaceae->Cycadales->Cycadopsida->Cycadophyta->Acrogymnospermae->Spermatophyta->Euphyllophyta->Tracheophyta->Embryophyta->Streptophytina->Streptophyta->Chloroplastida->Archaeplastida->Eukaryota->cellular organisms->life" nexsonid "node713233"
pgloadind     taxon mapping OTT ID 813294 taxonomy "Cycas elongata->Cycas->Cycadaceae->Cycadales->Cycadopsida->Cycadophyta->Acrogymnospermae->Spermatophyta->Euphyllophyta->Tracheophyta->Embryophyta->Streptophytina->Streptophyta->Chloroplastida->Archaeplastida->Eukaryota->cellular organisms->life" nexsonid "node713232"
pgloadind     taxon mapping OTT ID 134479 taxonomy "Cycas tansachana->Cycas->Cycadaceae->Cycadales->Cycadopsida->Cycadophyta->Acrogymnospermae->Spermatophyta->Euphyllophyta->Tracheophyta->Embryophyta->Streptophytina->Streptophyta->Chloroplastida->Archaeplastida->Eukaryota->cellular organisms->life" nexsonid "node713230"
pgloadind     taxon mapping OTT ID 96714 taxonomy "Cycas nongnoochiae->Cycas->Cycadaceae->Cycadales->Cycadopsida->Cycadophyta->Acrogymnospermae->Spermatophyta->Euphyllophyta->Tracheophyta->Embryophyta->Streptophytina->Streptophyta->Chloroplastida->Archaeplastida->Eukaryota->cellular organisms->life" nexsonid "node713234"
pgloadind     taxon mapping OTT ID 834476 taxonomy "Cycas pectinata->Cycas->Cycadaceae->Cycadales->Cycadopsida->Cycadophyta->Acrogymnospermae->Spermatophyta->Euphyllophyta->Tracheophyta->Embryophyta->Streptophytina->Streptophyta->Chloroplastida->Archaeplastida->Eukaryota->cellular organisms->life" nexsonid "node713227"
pgloadind     taxon mapping OTT ID 39086 taxonomy "Cycas panzhihuaensis->Cycas->Cycadaceae->Cycadales->Cycadopsida->Cycadophyta->Acrogymnospermae->Spermatophyta->Euphyllophyta->Tracheophyta->Embryophyta->Streptophytina->Streptophyta->Chloroplastida->Archaeplastida->Eukaryota->cellular organisms->life" nexsonid "node713225"
pgloadind     taxon mapping OTT ID 894059 taxonomy "Cycas hongheensis->Cycas->Cycadaceae->Cycadales->Cycadopsida->Cycadophyta->Acrogymnospermae->Spermatophyta->Euphyllophyta->Tracheophyta->Embryophyta->Streptophytina->Streptophyta->Chloroplastida->Archaeplastida->Eukaryota->cellular organisms->life" nexsonid "node713282"
pgloadind     taxon mapping OTT ID 834468 taxonomy "Cycas micronesica->Cycas->Cycadaceae->Cycadales->Cycadopsida->Cycadophyta->Acrogymnospermae->Spermatophyta->Euphyllophyta->Tracheophyta->Embryophyta->Streptophytina->Streptophyta->Chloroplastida->Archaeplastida->Eukaryota->cellular organisms->life" nexsonid "node713290"
pgloadind     taxon mapping OTT ID 134515 taxonomy "Cycas zeylanica->Cycas->Cycadaceae->Cycadales->Cycadopsida->Cycadophyta->Acrogymnospermae->Spermatophyta->Euphyllophyta->Tracheophyta->Embryophyta->Streptophytina->Streptophyta->Chloroplastida->Archaeplastida->Eukaryota->cellular organisms->life" nexsonid "node713291"
pgloadind     taxon mapping OTT ID 753443 taxonomy "Cycas edentata->Cycas->Cycadaceae->Cycadales->Cycadopsida->Cycadophyta->Acrogymnospermae->Spermatophyta->Euphyllophyta->Tracheophyta->Embryophyta->Streptophytina->Streptophyta->Chloroplastida->Archaeplastida->Eukaryota->cellular organisms->life" nexsonid "node713298"
pgloadind     taxon mapping OTT ID 173286 taxonomy "Cycas bougainvilleana->Cycas->Cycadaceae->Cycadales->Cycadopsida->Cycadophyta->Acrogymnospermae->Spermatophyta->Euphyllophyta->Tracheophyta->Embryophyta->Streptophytina->Streptophyta->Chloroplastida->Archaeplastida->Eukaryota->cellular organisms->life" nexsonid "node713299"
pgloadind     taxon mapping OTT ID 813318 taxonomy "Cycas chamberlainii->Cycas->Cycadaceae->Cycadales->Cycadopsida->Cycadophyta->Acrogymnospermae->Spermatophyta->Euphyllophyta->Tracheophyta->Embryophyta->Streptophytina->Streptophyta->Chloroplastida->Archaeplastida->Eukaryota->cellular organisms->life" nexsonid "node713295"
pgloadind     taxon mapping OTT ID 964874 taxonomy "Cycas riuminiana->Cycas->Cycadaceae->Cycadales->Cycadopsida->Cycadophyta->Acrogymnospermae->Spermatophyta->Euphyllophyta->Tracheophyta->Embryophyta->Streptophytina->Streptophyta->Chloroplastida->Archaeplastida->Eukaryota->cellular organisms->life" nexsonid "node713296"
pgloadind     taxon mapping OTT ID 835687 taxonomy "Cycas schumanniana->Cycas->Cycadaceae->Cycadales->Cycadopsida->Cycadophyta->Acrogymnospermae->Spermatophyta->Euphyllophyta->Tracheophyta->Embryophyta->Streptophytina->Streptophyta->Chloroplastida->Archaeplastida->Eukaryota->cellular organisms->life" nexsonid "node713305"
pgloadind     taxon mapping OTT ID 813316 taxonomy "Cycas calcicola->Cycas->Cycadaceae->Cycadales->Cycadopsida->Cycadophyta->Acrogymnospermae->Spermatophyta->Euphyllophyta->Tracheophyta->Embryophyta->Streptophytina->Streptophyta->Chloroplastida->Archaeplastida->Eukaryota->cellular organisms->life" nexsonid "node713304"
pgloadind     taxon mapping OTT ID 245505 taxonomy "Cycas yorkiana->Cycas->Cycadaceae->Cycadales->Cycadopsida->Cycadophyta->Acrogymnospermae->Spermatophyta->Euphyllophyta->Tracheophyta->Embryophyta->Streptophytina->Streptophyta->Chloroplastida->Archaeplastida->Eukaryota->cellular organisms->life" nexsonid "node713319"
pgloadind     taxon mapping OTT ID 964901 taxonomy "Cycas media subsp. ensata->Cycas media->Cycas->Cycadaceae->Cycadales->Cycadopsida->Cycadophyta->Acrogymnospermae->Spermatophyta->Euphyllophyta->Tracheophyta->Embryophyta->Streptophytina->Streptophyta->Chloroplastida->Archaeplastida->Eukaryota->cellular organisms->life" nexsonid "node713320"
pgloadind     taxon mapping OTT ID 944770 taxonomy "Cycas basaltica->Cycas->Cycadaceae->Cycadales->Cycadopsida->Cycadophyta->Acrogymnospermae->Spermatophyta->Euphyllophyta->Tracheophyta->Embryophyta->Streptophytina->Streptophyta->Chloroplastida->Archaeplastida->Eukaryota->cellular organisms->life" nexsonid "node713321"
pgloadind     taxon mapping OTT ID 379127 taxonomy "Cycas ophiolitica->Cycas->Cycadaceae->Cycadales->Cycadopsida->Cycadophyta->Acrogymnospermae->Spermatophyta->Euphyllophyta->Tracheophyta->Embryophyta->Streptophytina->Streptophyta->Chloroplastida->Archaeplastida->Eukaryota->cellular organisms->life" nexsonid "node713316"
pgloadind     taxon mapping OTT ID 11394 taxonomy "Cycas couttsiana->Cycas->Cycadaceae->Cycadales->Cycadopsida->Cycadophyta->Acrogymnospermae->Spermatophyta->Euphyllophyta->Tracheophyta->Embryophyta->Streptophytina->Streptophyta->Chloroplastida->Archaeplastida->Eukaryota->cellular organisms->life" nexsonid "node713310"
pgloadind     taxon mapping OTT ID 813322 taxonomy "Cycas cairnsiana->Cycas->Cycadaceae->Cycadales->Cycadopsida->Cycadophyta->Acrogymnospermae->Spermatophyta->Euphyllophyta->Tracheophyta->Embryophyta->Streptophytina->Streptophyta->Chloroplastida->Archaeplastida->Eukaryota->cellular organisms->life" nexsonid "node713311"
pgloadind     taxon mapping OTT ID 245541 taxonomy "Cycas semota->Cycas->Cycadaceae->Cycadales->Cycadopsida->Cycadophyta->Acrogymnospermae->Spermatophyta->Euphyllophyta->Tracheophyta->Embryophyta->Streptophytina->Streptophyta->Chloroplastida->Archaeplastida->Eukaryota->cellular organisms->life" nexsonid "node713313"
pgloadind     taxon mapping OTT ID 379125 taxonomy "Cycas platyphylla->Cycas->Cycadaceae->Cycadales->Cycadopsida->Cycadophyta->Acrogymnospermae->Spermatophyta->Euphyllophyta->Tracheophyta->Embryophyta->Streptophytina->Streptophyta->Chloroplastida->Archaeplastida->Eukaryota->cellular organisms->life" nexsonid "node713314"
pgloadind     taxon mapping OTT ID 894049 taxonomy "Cycas media subsp. media->Cycas media->Cycas->Cycadaceae->Cycadales->Cycadopsida->Cycadophyta->Acrogymnospermae->Spermatophyta->Euphyllophyta->Tracheophyta->Embryophyta->Streptophytina->Streptophyta->Chloroplastida->Archaeplastida->Eukaryota->cellular organisms->life" nexsonid "node713322"
pgloadind     taxon mapping OTT ID 944774 taxonomy "Cycas apoa->Cycas->Cycadaceae->Cycadales->Cycadopsida->Cycadophyta->Acrogymnospermae->Spermatophyta->Euphyllophyta->Tracheophyta->Embryophyta->Streptophytina->Streptophyta->Chloroplastida->Archaeplastida->Eukaryota->cellular organisms->life" nexsonid "node713324"
pgloadind     taxon mapping OTT ID 944772 taxonomy "Cycas armstrongii->Cycas->Cycadaceae->Cycadales->Cycadopsida->Cycadophyta->Acrogymnospermae->Spermatophyta->Euphyllophyta->Tracheophyta->Embryophyta->Streptophytina->Streptophyta->Chloroplastida->Archaeplastida->Eukaryota->cellular organisms->life" nexsonid "node713325"
pgloadind     taxon mapping OTT ID 245490 taxonomy "Cycas xipholepis->Cycas->Cycadaceae->Cycadales->Cycadopsida->Cycadophyta->Acrogymnospermae->Spermatophyta->Euphyllophyta->Tracheophyta->Embryophyta->Streptophytina->Streptophyta->Chloroplastida->Archaeplastida->Eukaryota->cellular organisms->life" nexsonid "node713328"
pgloadind     taxon mapping OTT ID 894063 taxonomy "Cycas maconochiei->Cycas->Cycadaceae->Cycadales->Cycadopsida->Cycadophyta->Acrogymnospermae->Spermatophyta->Euphyllophyta->Tracheophyta->Embryophyta->Streptophytina->Streptophyta->Chloroplastida->Archaeplastida->Eukaryota->cellular organisms->life" nexsonid "node713327"
pgloadind     taxon mapping OTT ID 582842 taxonomy "Cycas rumphii->Cycas->Cycadaceae->Cycadales->Cycadopsida->Cycadophyta->Acrogymnospermae->Spermatophyta->Euphyllophyta->Tracheophyta->Embryophyta->Streptophytina->Streptophyta->Chloroplastida->Archaeplastida->Eukaryota->cellular organisms->life" nexsonid "node713331"
pgloadind     taxon mapping OTT ID 834472 taxonomy "Cycas thouarsii->Cycas->Cycadaceae->Cycadales->Cycadopsida->Cycadophyta->Acrogymnospermae->Spermatophyta->Euphyllophyta->Tracheophyta->Embryophyta->Streptophytina->Streptophyta->Chloroplastida->Archaeplastida->Eukaryota->cellular organisms->life" nexsonid "node713332"
pgloadind     taxon mapping OTT ID 99243 taxonomy "Cycas circinalis->Cycas->Cycadaceae->Cycadales->Cycadopsida->Cycadophyta->Acrogymnospermae->Spermatophyta->Euphyllophyta->Tracheophyta->Embryophyta->Streptophytina->Streptophyta->Chloroplastida->Archaeplastida->Eukaryota->cellular organisms->life" nexsonid "node713338"
pgloadind     taxon mapping OTT ID 944776 taxonomy "Cycas beddomei->Cycas->Cycadaceae->Cycadales->Cycadopsida->Cycadophyta->Acrogymnospermae->Spermatophyta->Euphyllophyta->Tracheophyta->Embryophyta->Streptophytina->Streptophyta->Chloroplastida->Archaeplastida->Eukaryota->cellular organisms->life" nexsonid "node713337"
pgloadind     taxon mapping OTT ID 245544 taxonomy "Cycas sphaerica->Cycas->Cycadaceae->Cycadales->Cycadopsida->Cycadophyta->Acrogymnospermae->Spermatophyta->Euphyllophyta->Tracheophyta->Embryophyta->Streptophytina->Streptophyta->Chloroplastida->Archaeplastida->Eukaryota->cellular organisms->life" nexsonid "node713335"
pgloadind     taxon mapping OTT ID 834470 taxonomy "Cycas seemannii->Cycas->Cycadaceae->Cycadales->Cycadopsida->Cycadophyta->Acrogymnospermae->Spermatophyta->Euphyllophyta->Tracheophyta->Embryophyta->Streptophytina->Streptophyta->Chloroplastida->Archaeplastida->Eukaryota->cellular organisms->life" nexsonid "node713339"
pgloadind     taxon mapping OTT ID 894065 taxonomy "Cycas litoralis->Cycas->Cycadaceae->Cycadales->Cycadopsida->Cycadophyta->Acrogymnospermae->Spermatophyta->Euphyllophyta->Tracheophyta->Embryophyta->Streptophytina->Streptophyta->Chloroplastida->Archaeplastida->Eukaryota->cellular organisms->life" nexsonid "node713286"
pgloadind     taxon mapping OTT ID 420128 taxonomy "Cycas macrocarpa->Cycas->Cycadaceae->Cycadales->Cycadopsida->Cycadophyta->Acrogymnospermae->Spermatophyta->Euphyllophyta->Tracheophyta->Embryophyta->Streptophytina->Streptophyta->Chloroplastida->Archaeplastida->Eukaryota->cellular organisms->life" nexsonid "node713284"
pgloadind     taxon mapping OTT ID 245565 taxonomy "Cycas szechuanensis->Cycas->Cycadaceae->Cycadales->Cycadopsida->Cycadophyta->Acrogymnospermae->Spermatophyta->Euphyllophyta->Tracheophyta->Embryophyta->Streptophytina->Streptophyta->Chloroplastida->Archaeplastida->Eukaryota->cellular organisms->life" nexsonid "node713239"
pgloadind     taxon mapping OTT ID 408490 taxonomy "Cycas taitungensis->Cycas->Cycadaceae->Cycadales->Cycadopsida->Cycadophyta->Acrogymnospermae->Spermatophyta->Euphyllophyta->Tracheophyta->Embryophyta->Streptophytina->Streptophyta->Chloroplastida->Archaeplastida->Eukaryota->cellular organisms->life" nexsonid "node713241"
pgloadind     taxon mapping OTT ID 99246 taxonomy "Cycas revoluta->Cycas->Cycadaceae->Cycadales->Cycadopsida->Cycadophyta->Acrogymnospermae->Spermatophyta->Euphyllophyta->Tracheophyta->Embryophyta->Streptophytina->Streptophyta->Chloroplastida->Archaeplastida->Eukaryota->cellular organisms->life" nexsonid "node713242"
pgloadind     taxon mapping OTT ID 1025352 taxonomy "Cycas micholitzii->Cycas->Cycadaceae->Cycadales->Cycadopsida->Cycadophyta->Acrogymnospermae->Spermatophyta->Euphyllophyta->Tracheophyta->Embryophyta->Streptophytina->Streptophyta->Chloroplastida->Archaeplastida->Eukaryota->cellular organisms->life" nexsonid "node713277"
pgloadind     taxon mapping OTT ID 797545 taxonomy "Cycas segmentifida->Cycas->Cycadaceae->Cycadales->Cycadopsida->Cycadophyta->Acrogymnospermae->Spermatophyta->Euphyllophyta->Tracheophyta->Embryophyta->Streptophytina->Streptophyta->Chloroplastida->Archaeplastida->Eukaryota->cellular organisms->life" nexsonid "node713278"
pgloadind     taxon mapping OTT ID 813329 taxonomy "Cycas dolichophylla->Cycas->Cycadaceae->Cycadales->Cycadopsida->Cycadophyta->Acrogymnospermae->Spermatophyta->Euphyllophyta->Tracheophyta->Embryophyta->Streptophytina->Streptophyta->Chloroplastida->Archaeplastida->Eukaryota->cellular organisms->life" nexsonid "node713263"
pgloadind     taxon mapping OTT ID 797543 taxonomy "Cycas sexseminifera->Cycas->Cycadaceae->Cycadales->Cycadopsida->Cycadophyta->Acrogymnospermae->Spermatophyta->Euphyllophyta->Tracheophyta->Embryophyta->Streptophytina->Streptophyta->Chloroplastida->Archaeplastida->Eukaryota->cellular organisms->life" nexsonid "node713262"
pgloadind     taxon mapping OTT ID 818450 taxonomy "Cycas aculeata->Cycas->Cycadaceae->Cycadales->Cycadopsida->Cycadophyta->Acrogymnospermae->Spermatophyta->Euphyllophyta->Tracheophyta->Embryophyta->Streptophytina->Streptophyta->Chloroplastida->Archaeplastida->Eukaryota->cellular organisms->life" nexsonid "node713265"
pgloadind     taxon mapping OTT ID 774089 taxonomy "Cycas chevalieri->Cycas->Cycadaceae->Cycadales->Cycadopsida->Cycadophyta->Acrogymnospermae->Spermatophyta->Euphyllophyta->Tracheophyta->Embryophyta->Streptophytina->Streptophyta->Chloroplastida->Archaeplastida->Eukaryota->cellular organisms->life" nexsonid "node713266"
pgloadind     taxon mapping OTT ID 541655 taxonomy "Cycas tanqingii->Cycas->Cycadaceae->Cycadales->Cycadopsida->Cycadophyta->Acrogymnospermae->Spermatophyta->Euphyllophyta->Tracheophyta->Embryophyta->Streptophytina->Streptophyta->Chloroplastida->Archaeplastida->Eukaryota->cellular organisms->life" nexsonid "node713269"
pgloadind     taxon mapping OTT ID 813320 taxonomy "Cycas brachycantha->Cycas->Cycadaceae->Cycadales->Cycadopsida->Cycadophyta->Acrogymnospermae->Spermatophyta->Euphyllophyta->Tracheophyta->Embryophyta->Streptophytina->Streptophyta->Chloroplastida->Archaeplastida->Eukaryota->cellular organisms->life" nexsonid "node713270"
pgloadind     taxon mapping OTT ID 774101 taxonomy "Cycas collina->Cycas->Cycadaceae->Cycadales->Cycadopsida->Cycadophyta->Acrogymnospermae->Spermatophyta->Euphyllophyta->Tracheophyta->Embryophyta->Streptophytina->Streptophyta->Chloroplastida->Archaeplastida->Eukaryota->cellular organisms->life" nexsonid "node713273"
pgloadind     taxon mapping OTT ID 196082 taxonomy "Cycas simplicipinna->Cycas->Cycadaceae->Cycadales->Cycadopsida->Cycadophyta->Acrogymnospermae->Spermatophyta->Euphyllophyta->Tracheophyta->Embryophyta->Streptophytina->Streptophyta->Chloroplastida->Archaeplastida->Eukaryota->cellular organisms->life" nexsonid "node713274"
pgloadind     taxon mapping OTT ID 245484 taxonomy "Cycas tropophylla->Cycas->Cycadaceae->Cycadales->Cycadopsida->Cycadophyta->Acrogymnospermae->Spermatophyta->Euphyllophyta->Tracheophyta->Embryophyta->Streptophytina->Streptophyta->Chloroplastida->Archaeplastida->Eukaryota->cellular organisms->life" nexsonid "node713275"
pgloadind     taxon mapping OTT ID 201526 taxonomy "Cycas debaoensis->Cycas->Cycadaceae->Cycadales->Cycadopsida->Cycadophyta->Acrogymnospermae->Spermatophyta->Euphyllophyta->Tracheophyta->Embryophyta->Streptophytina->Streptophyta->Chloroplastida->Archaeplastida->Eukaryota->cellular organisms->life" nexsonid "node713252"
pgloadind     taxon mapping OTT ID 519226 taxonomy "Cycas multipinnata->Cycas->Cycadaceae->Cycadales->Cycadopsida->Cycadophyta->Acrogymnospermae->Spermatophyta->Euphyllophyta->Tracheophyta->Embryophyta->Streptophytina->Streptophyta->Chloroplastida->Archaeplastida->Eukaryota->cellular organisms->life" nexsonid "node713253"
pgloadind     taxon mapping OTT ID 813327 taxonomy "Cycas diannanensis->Cycas->Cycadaceae->Cycadales->Cycadopsida->Cycadophyta->Acrogymnospermae->Spermatophyta->Euphyllophyta->Tracheophyta->Embryophyta->Streptophytina->Streptophyta->Chloroplastida->Archaeplastida->Eukaryota->cellular organisms->life" nexsonid "node713255"
pgloadind     taxon mapping OTT ID 541657 taxonomy "Cycas guizhouensis->Cycas->Cycadaceae->Cycadales->Cycadopsida->Cycadophyta->Acrogymnospermae->Spermatophyta->Euphyllophyta->Tracheophyta->Embryophyta->Streptophytina->Streptophyta->Chloroplastida->Archaeplastida->Eukaryota->cellular organisms->life" nexsonid "node713256"
pgloadind     taxon mapping OTT ID 233667 taxonomy "Cycas hainanensis->Cycas->Cycadaceae->Cycadales->Cycadopsida->Cycadophyta->Acrogymnospermae->Spermatophyta->Euphyllophyta->Tracheophyta->Embryophyta->Streptophytina->Streptophyta->Chloroplastida->Archaeplastida->Eukaryota->cellular organisms->life" nexsonid "node713279"
pgloadind     taxon mapping OTT ID 894061 taxonomy "Cycas fugax->Cycas->Cycadaceae->Cycadales->Cycadopsida->Cycadophyta->Acrogymnospermae->Spermatophyta->Euphyllophyta->Tracheophyta->Embryophyta->Streptophytina->Streptophyta->Chloroplastida->Archaeplastida->Eukaryota->cellular organisms->life" nexsonid "node713246"
pgloadind     taxon mapping OTT ID 813296 taxonomy "Cycas ferruginea->Cycas->Cycadaceae->Cycadales->Cycadopsida->Cycadophyta->Acrogymnospermae->Spermatophyta->Euphyllophyta->Tracheophyta->Embryophyta->Streptophytina->Streptophyta->Chloroplastida->Archaeplastida->Eukaryota->cellular organisms->life" nexsonid "node713244"
pgloadind     taxon mapping OTT ID 964876 taxonomy "Cycas petraea->Cycas->Cycadaceae->Cycadales->Cycadopsida->Cycadophyta->Acrogymnospermae->Spermatophyta->Euphyllophyta->Tracheophyta->Embryophyta->Streptophytina->Streptophyta->Chloroplastida->Archaeplastida->Eukaryota->cellular organisms->life" nexsonid "node713280"
pgloadind     taxon mapping OTT ID 904753 taxonomy "Macrozamia plurinervia->Macrozamia->Zamiaceae->Cycadales->Cycadopsida->Cycadophyta->Acrogymnospermae->Spermatophyta->Euphyllophyta->Tracheophyta->Embryophyta->Streptophytina->Streptophyta->Chloroplastida->Archaeplastida->Eukaryota->cellular organisms->life" nexsonid "node713497"
pgloadind     taxon mapping OTT ID 991964 taxonomy "Macrozamia lomandroides->Macrozamia->Zamiaceae->Cycadales->Cycadopsida->Cycadophyta->Acrogymnospermae->Spermatophyta->Euphyllophyta->Tracheophyta->Embryophyta->Streptophytina->Streptophyta->Chloroplastida->Archaeplastida->Eukaryota->cellular organisms->life" nexsonid "node713495"
pgloadind     taxon mapping OTT ID 707198 taxonomy "Macrozamia macdonnellii->Macrozamia->Zamiaceae->Cycadales->Cycadopsida->Cycadophyta->Acrogymnospermae->Spermatophyta->Euphyllophyta->Tracheophyta->Embryophyta->Streptophytina->Streptophyta->Chloroplastida->Archaeplastida->Eukaryota->cellular organisms->life" nexsonid "node713496"
pgloadind     taxon mapping OTT ID 904751 taxonomy "Macrozamia stenomera->Macrozamia->Zamiaceae->Cycadales->Cycadopsida->Cycadophyta->Acrogymnospermae->Spermatophyta->Euphyllophyta->Tracheophyta->Embryophyta->Streptophytina->Streptophyta->Chloroplastida->Archaeplastida->Eukaryota->cellular organisms->life" nexsonid "node713492"
pgloadind     taxon mapping OTT ID 992010 taxonomy "Macrozamia flexuosa->Macrozamia->Zamiaceae->Cycadales->Cycadopsida->Cycadophyta->Acrogymnospermae->Spermatophyta->Euphyllophyta->Tracheophyta->Embryophyta->Streptophytina->Streptophyta->Chloroplastida->Archaeplastida->Eukaryota->cellular organisms->life" nexsonid "node713490"
pgloadind     taxon mapping OTT ID 534326 taxonomy "Macrozamia spiralis->Macrozamia->Zamiaceae->Cycadales->Cycadopsida->Cycadophyta->Acrogymnospermae->Spermatophyta->Euphyllophyta->Tracheophyta->Embryophyta->Streptophytina->Streptophyta->Chloroplastida->Archaeplastida->Eukaryota->cellular organisms->life" nexsonid "node713488"
pgloadind     taxon mapping OTT ID 865421 taxonomy "Macrozamia elegans->Macrozamia->Zamiaceae->Cycadales->Cycadopsida->Cycadophyta->Acrogymnospermae->Spermatophyta->Euphyllophyta->Tracheophyta->Embryophyta->Streptophytina->Streptophyta->Chloroplastida->Archaeplastida->Eukaryota->cellular organisms->life" nexsonid "node713498"
pgloadind     taxon mapping OTT ID 991939 taxonomy "Macrozamia montana->Macrozamia->Zamiaceae->Cycadales->Cycadopsida->Cycadophyta->Acrogymnospermae->Spermatophyta->Euphyllophyta->Tracheophyta->Embryophyta->Streptophytina->Streptophyta->Chloroplastida->Archaeplastida->Eukaryota->cellular organisms->life" nexsonid "node713472"
pgloadind     taxon mapping OTT ID 534286 taxonomy "Macrozamia reducta->Macrozamia->Zamiaceae->Cycadales->Cycadopsida->Cycadophyta->Acrogymnospermae->Spermatophyta->Euphyllophyta->Tracheophyta->Embryophyta->Streptophytina->Streptophyta->Chloroplastida->Archaeplastida->Eukaryota->cellular organisms->life" nexsonid "node713473"
pgloadind     taxon mapping OTT ID 955328 taxonomy "Macrozamia glaucophylla->Macrozamia->Zamiaceae->Cycadales->Cycadopsida->Cycadophyta->Acrogymnospermae->Spermatophyta->Euphyllophyta->Tracheophyta->Embryophyta->Streptophytina->Streptophyta->Chloroplastida->Archaeplastida->Eukaryota->cellular organisms->life" nexsonid "node713461"
pgloadind     taxon mapping OTT ID 245610 taxonomy "Macrozamia crassifolia->Macrozamia->Zamiaceae->Cycadales->Cycadopsida->Cycadophyta->Acrogymnospermae->Spermatophyta->Euphyllophyta->Tracheophyta->Embryophyta->Streptophytina->Streptophyta->Chloroplastida->Archaeplastida->Eukaryota->cellular organisms->life" nexsonid "node713460"
pgloadind     taxon mapping OTT ID 865413 taxonomy "Macrozamia pauli-guilielmi->Macrozamia->Zamiaceae->Cycadales->Cycadopsida->Cycadophyta->Acrogymnospermae->Spermatophyta->Euphyllophyta->Tracheophyta->Embryophyta->Streptophytina->Streptophyta->Chloroplastida->Archaeplastida->Eukaryota->cellular organisms->life" nexsonid "node713465"
pgloadind     taxon mapping OTT ID 519220 taxonomy "Macrozamia dyeri->Macrozamia->Zamiaceae->Cycadales->Cycadopsida->Cycadophyta->Acrogymnospermae->Spermatophyta->Euphyllophyta->Tracheophyta->Embryophyta->Streptophytina->Streptophyta->Chloroplastida->Archaeplastida->Eukaryota->cellular organisms->life" nexsonid "node713466"
pgloadind     taxon mapping OTT ID 245633 taxonomy "Macrozamia diplomera->Macrozamia->Zamiaceae->Cycadales->Cycadopsida->Cycadophyta->Acrogymnospermae->Spermatophyta->Euphyllophyta->Tracheophyta->Embryophyta->Streptophytina->Streptophyta->Chloroplastida->Archaeplastida->Eukaryota->cellular organisms->life" nexsonid "node713469"
pgloadind     taxon mapping OTT ID 955330 taxonomy "Macrozamia polymorpha->Macrozamia->Zamiaceae->Cycadales->Cycadopsida->Cycadophyta->Acrogymnospermae->Spermatophyta->Euphyllophyta->Tracheophyta->Embryophyta->Streptophytina->Streptophyta->Chloroplastida->Archaeplastida->Eukaryota->cellular organisms->life" nexsonid "node713468"
pgloadind     taxon mapping OTT ID 534276 taxonomy "Macrozamia platyrhachis->Macrozamia->Zamiaceae->Cycadales->Cycadopsida->Cycadophyta->Acrogymnospermae->Spermatophyta->Euphyllophyta->Tracheophyta->Embryophyta->Streptophytina->Streptophyta->Chloroplastida->Archaeplastida->Eukaryota->cellular organisms->life" nexsonid "node713470"
pgloadind     taxon mapping OTT ID 534265 taxonomy "Macrozamia riedlei->Macrozamia->Zamiaceae->Cycadales->Cycadopsida->Cycadophyta->Acrogymnospermae->Spermatophyta->Euphyllophyta->Tracheophyta->Embryophyta->Streptophytina->Streptophyta->Chloroplastida->Archaeplastida->Eukaryota->cellular organisms->life" nexsonid "node713475"
pgloadind     taxon mapping OTT ID 1013431 taxonomy "Macrozamia serpentina->Macrozamia->Zamiaceae->Cycadales->Cycadopsida->Cycadophyta->Acrogymnospermae->Spermatophyta->Euphyllophyta->Tracheophyta->Embryophyta->Streptophytina->Streptophyta->Chloroplastida->Archaeplastida->Eukaryota->cellular organisms->life" nexsonid "node713478"
pgloadind     taxon mapping OTT ID 176191 taxonomy "Macrozamia johnsonii->Macrozamia->Zamiaceae->Cycadales->Cycadopsida->Cycadophyta->Acrogymnospermae->Spermatophyta->Euphyllophyta->Tracheophyta->Embryophyta->Streptophytina->Streptophyta->Chloroplastida->Archaeplastida->Eukaryota->cellular organisms->life" nexsonid "node713479"
pgloadind     taxon mapping OTT ID 707200 taxonomy "Macrozamia miquelii->Macrozamia->Zamiaceae->Cycadales->Cycadopsida->Cycadophyta->Acrogymnospermae->Spermatophyta->Euphyllophyta->Tracheophyta->Embryophyta->Streptophytina->Streptophyta->Chloroplastida->Archaeplastida->Eukaryota->cellular organisms->life" nexsonid "node713481"
pgloadind     taxon mapping OTT ID 1013421 taxonomy "Macrozamia mountperriensis->Macrozamia->Zamiaceae->Cycadales->Cycadopsida->Cycadophyta->Acrogymnospermae->Spermatophyta->Euphyllophyta->Tracheophyta->Embryophyta->Streptophytina->Streptophyta->Chloroplastida->Archaeplastida->Eukaryota->cellular organisms->life" nexsonid "node713482"
pgloadind     taxon mapping OTT ID 904773 taxonomy "Macrozamia douglasii->Macrozamia->Zamiaceae->Cycadales->Cycadopsida->Cycadophyta->Acrogymnospermae->Spermatophyta->Euphyllophyta->Tracheophyta->Embryophyta->Streptophytina->Streptophyta->Chloroplastida->Archaeplastida->Eukaryota->cellular organisms->life" nexsonid "node713485"
pgloadind     taxon mapping OTT ID 337931 taxonomy "Macrozamia moorei->Macrozamia->Zamiaceae->Cycadales->Cycadopsida->Cycadophyta->Acrogymnospermae->Spermatophyta->Euphyllophyta->Tracheophyta->Embryophyta->Streptophytina->Streptophyta->Chloroplastida->Archaeplastida->Eukaryota->cellular organisms->life" nexsonid "node713484"
pgloadind     taxon mapping OTT ID 137132 taxonomy "Macrozamia lucida->Macrozamia->Zamiaceae->Cycadales->Cycadopsida->Cycadophyta->Acrogymnospermae->Spermatophyta->Euphyllophyta->Tracheophyta->Embryophyta->Streptophytina->Streptophyta->Chloroplastida->Archaeplastida->Eukaryota->cellular organisms->life" nexsonid "node713454"
pgloadind     taxon mapping OTT ID 865419 taxonomy "Macrozamia fraseri->Macrozamia->Zamiaceae->Cycadales->Cycadopsida->Cycadophyta->Acrogymnospermae->Spermatophyta->Euphyllophyta->Tracheophyta->Embryophyta->Streptophytina->Streptophyta->Chloroplastida->Archaeplastida->Eukaryota->cellular organisms->life" nexsonid "node713499"
pgloadind     taxon mapping OTT ID 520223 taxonomy "Zamia katzeriana->Zamia->Zamiaceae->Cycadales->Cycadopsida->Cycadophyta->Acrogymnospermae->Spermatophyta->Euphyllophyta->Tracheophyta->Embryophyta->Streptophytina->Streptophyta->Chloroplastida->Archaeplastida->Eukaryota->cellular organisms->life" nexsonid "node713530"
pgloadind     taxon mapping OTT ID 992149 taxonomy "Zamia lawsoniana->Zamia->Zamiaceae->Cycadales->Cycadopsida->Cycadophyta->Acrogymnospermae->Spermatophyta->Euphyllophyta->Tracheophyta->Embryophyta->Streptophytina->Streptophyta->Chloroplastida->Archaeplastida->Eukaryota->cellular organisms->life" nexsonid "node713539"
pgloadind     taxon mapping OTT ID 285361 taxonomy "Zamia furfuracea->Zamia->Zamiaceae->Cycadales->Cycadopsida->Cycadophyta->Acrogymnospermae->Spermatophyta->Euphyllophyta->Tracheophyta->Embryophyta->Streptophytina->Streptophyta->Chloroplastida->Archaeplastida->Eukaryota->cellular organisms->life" nexsonid "node713538"
pgloadind     taxon mapping OTT ID 417802 taxonomy "Zamia loddigesii->Zamia->Zamiaceae->Cycadales->Cycadopsida->Cycadophyta->Acrogymnospermae->Spermatophyta->Euphyllophyta->Tracheophyta->Embryophyta->Streptophytina->Streptophyta->Chloroplastida->Archaeplastida->Eukaryota->cellular organisms->life" nexsonid "node713536"
pgloadind     taxon mapping OTT ID 599519 taxonomy "Zamia spartea->Zamia->Zamiaceae->Cycadales->Cycadopsida->Cycadophyta->Acrogymnospermae->Spermatophyta->Euphyllophyta->Tracheophyta->Embryophyta->Streptophytina->Streptophyta->Chloroplastida->Archaeplastida->Eukaryota->cellular organisms->life" nexsonid "node713535"
pgloadind     taxon mapping OTT ID 520219 taxonomy "Zamia picta->Zamia->Zamiaceae->Cycadales->Cycadopsida->Cycadophyta->Acrogymnospermae->Spermatophyta->Euphyllophyta->Tracheophyta->Embryophyta->Streptophytina->Streptophyta->Chloroplastida->Archaeplastida->Eukaryota->cellular organisms->life" nexsonid "node713528"
pgloadind     taxon mapping OTT ID 599513 taxonomy "Zamia variegata->Zamia->Zamiaceae->Cycadales->Cycadopsida->Cycadophyta->Acrogymnospermae->Spermatophyta->Euphyllophyta->Tracheophyta->Embryophyta->Streptophytina->Streptophyta->Chloroplastida->Archaeplastida->Eukaryota->cellular organisms->life" nexsonid "node713527"
pgloadind     taxon mapping OTT ID 994856 taxonomy "Zamia paucijuga->Zamia->Zamiaceae->Cycadales->Cycadopsida->Cycadophyta->Acrogymnospermae->Spermatophyta->Euphyllophyta->Tracheophyta->Embryophyta->Streptophytina->Streptophyta->Chloroplastida->Archaeplastida->Eukaryota->cellular organisms->life" nexsonid "node713524"
pgloadind     taxon mapping OTT ID 599521 taxonomy "Zamia standleyi->Zamia->Zamiaceae->Cycadales->Cycadopsida->Cycadophyta->Acrogymnospermae->Spermatophyta->Euphyllophyta->Tracheophyta->Embryophyta->Streptophytina->Streptophyta->Chloroplastida->Archaeplastida->Eukaryota->cellular organisms->life" nexsonid "node713522"
pgloadind     taxon mapping OTT ID 520225 taxonomy "Zamia lacandona->Zamia->Zamiaceae->Cycadales->Cycadopsida->Cycadophyta->Acrogymnospermae->Spermatophyta->Euphyllophyta->Tracheophyta->Embryophyta->Streptophytina->Streptophyta->Chloroplastida->Archaeplastida->Eukaryota->cellular organisms->life" nexsonid "node713541"
pgloadind     taxon mapping OTT ID 599527 taxonomy "Zamia purpurea->Zamia->Zamiaceae->Cycadales->Cycadopsida->Cycadophyta->Acrogymnospermae->Spermatophyta->Euphyllophyta->Tracheophyta->Embryophyta->Streptophytina->Streptophyta->Chloroplastida->Archaeplastida->Eukaryota->cellular organisms->life" nexsonid "node713542"
pgloadind     taxon mapping OTT ID 994849 taxonomy "Zamia muricata->Zamia->Zamiaceae->Cycadales->Cycadopsida->Cycadophyta->Acrogymnospermae->Spermatophyta->Euphyllophyta->Tracheophyta->Embryophyta->Streptophytina->Streptophyta->Chloroplastida->Archaeplastida->Eukaryota->cellular organisms->life" nexsonid "node713549"
pgloadind     taxon mapping OTT ID 417804 taxonomy "Zamia lecointei->Zamia->Zamiaceae->Cycadales->Cycadopsida->Cycadophyta->Acrogymnospermae->Spermatophyta->Euphyllophyta->Tracheophyta->Embryophyta->Streptophytina->Streptophyta->Chloroplastida->Archaeplastida->Eukaryota->cellular organisms->life" nexsonid "node713550"
pgloadind     taxon mapping OTT ID 994852 taxonomy "Zamia neurophyllidia->Zamia->Zamiaceae->Cycadales->Cycadopsida->Cycadophyta->Acrogymnospermae->Spermatophyta->Euphyllophyta->Tracheophyta->Embryophyta->Streptophytina->Streptophyta->Chloroplastida->Archaeplastida->Eukaryota->cellular organisms->life" nexsonid "node713551"
pgloadind     taxon mapping OTT ID 48809 taxonomy "Zamia restrepoi->Zamia->Zamiaceae->Cycadales->Cycadopsida->Cycadophyta->Acrogymnospermae->Spermatophyta->Euphyllophyta->Tracheophyta->Embryophyta->Streptophytina->Streptophyta->Chloroplastida->Archaeplastida->Eukaryota->cellular organisms->life" nexsonid "node713559"
pgloadind     taxon mapping OTT ID 467968 taxonomy "Zamia manicata->Zamia->Zamiaceae->Cycadales->Cycadopsida->Cycadophyta->Acrogymnospermae->Spermatophyta->Euphyllophyta->Tracheophyta->Embryophyta->Streptophytina->Streptophyta->Chloroplastida->Archaeplastida->Eukaryota->cellular organisms->life" nexsonid "node713558"
pgloadind     taxon mapping OTT ID 994858 taxonomy "Zamia poeppigiana->Zamia->Zamiaceae->Cycadales->Cycadopsida->Cycadophyta->Acrogymnospermae->Spermatophyta->Euphyllophyta->Tracheophyta->Embryophyta->Streptophytina->Streptophyta->Chloroplastida->Archaeplastida->Eukaryota->cellular organisms->life" nexsonid "node713560"
pgloadind     taxon mapping OTT ID 417787 taxonomy "Zamia ipetiensis->Zamia->Zamiaceae->Cycadales->Cycadopsida->Cycadophyta->Acrogymnospermae->Spermatophyta->Euphyllophyta->Tracheophyta->Embryophyta->Streptophytina->Streptophyta->Chloroplastida->Archaeplastida->Eukaryota->cellular organisms->life" nexsonid "node713555"
pgloadind     taxon mapping OTT ID 599523 taxonomy "Zamia skinneri->Zamia->Zamiaceae->Cycadales->Cycadopsida->Cycadophyta->Acrogymnospermae->Spermatophyta->Euphyllophyta->Tracheophyta->Embryophyta->Streptophytina->Streptophyta->Chloroplastida->Archaeplastida->Eukaryota->cellular organisms->life" nexsonid "node713553"
pgloadind     taxon mapping OTT ID 11405 taxonomy "Zamia elegantissima->Zamia->Zamiaceae->Cycadales->Cycadopsida->Cycadophyta->Acrogymnospermae->Spermatophyta->Euphyllophyta->Tracheophyta->Embryophyta->Streptophytina->Streptophyta->Chloroplastida->Archaeplastida->Eukaryota->cellular organisms->life" nexsonid "node713561"
pgloadind     taxon mapping OTT ID 994854 taxonomy "Zamia obliqua->Zamia->Zamiaceae->Cycadales->Cycadopsida->Cycadophyta->Acrogymnospermae->Spermatophyta->Euphyllophyta->Tracheophyta->Embryophyta->Streptophytina->Streptophyta->Chloroplastida->Archaeplastida->Eukaryota->cellular organisms->life" nexsonid "node713566"
pgloadind     taxon mapping OTT ID 417795 taxonomy "Zamia dressleri->Zamia->Zamiaceae->Cycadales->Cycadopsida->Cycadophyta->Acrogymnospermae->Spermatophyta->Euphyllophyta->Tracheophyta->Embryophyta->Streptophytina->Streptophyta->Chloroplastida->Archaeplastida->Eukaryota->cellular organisms->life" nexsonid "node713565"
pgloadind     taxon mapping OTT ID 636228 taxonomy "Zamia chigua->Zamia->Zamiaceae->Cycadales->Cycadopsida->Cycadophyta->Acrogymnospermae->Spermatophyta->Euphyllophyta->Tracheophyta->Embryophyta->Streptophytina->Streptophyta->Chloroplastida->Archaeplastida->Eukaryota->cellular organisms->life" nexsonid "node713563"
pgloadind     taxon mapping OTT ID 994844 taxonomy "Zamia pseudomonticola->Zamia->Zamiaceae->Cycadales->Cycadopsida->Cycadophyta->Acrogymnospermae->Spermatophyta->Euphyllophyta->Tracheophyta->Embryophyta->Streptophytina->Streptophyta->Chloroplastida->Archaeplastida->Eukaryota->cellular organisms->life" nexsonid "node713569"
pgloadind     taxon mapping OTT ID 1025343 taxonomy "Zamia fairchildiana->Zamia->Zamiaceae->Cycadales->Cycadopsida->Cycadophyta->Acrogymnospermae->Spermatophyta->Euphyllophyta->Tracheophyta->Embryophyta->Streptophytina->Streptophyta->Chloroplastida->Archaeplastida->Eukaryota->cellular organisms->life" nexsonid "node713570"
pgloadind     taxon mapping OTT ID 417800 taxonomy "Zamia acuminata->Zamia->Zamiaceae->Cycadales->Cycadopsida->Cycadophyta->Acrogymnospermae->Spermatophyta->Euphyllophyta->Tracheophyta->Embryophyta->Streptophytina->Streptophyta->Chloroplastida->Archaeplastida->Eukaryota->cellular organisms->life" nexsonid "node713571"
pgloadind     taxon mapping OTT ID 616600 taxonomy "Zamia pygmaea->Zamia->Zamiaceae->Cycadales->Cycadopsida->Cycadophyta->Acrogymnospermae->Spermatophyta->Euphyllophyta->Tracheophyta->Embryophyta->Streptophytina->Streptophyta->Chloroplastida->Archaeplastida->Eukaryota->cellular organisms->life" nexsonid "node713509"
pgloadind     taxon mapping OTT ID 596130 taxonomy "Zamia integrifolia->Zamia->Zamiaceae->Cycadales->Cycadopsida->Cycadophyta->Acrogymnospermae->Spermatophyta->Euphyllophyta->Tracheophyta->Embryophyta->Streptophytina->Streptophyta->Chloroplastida->Archaeplastida->Eukaryota->cellular organisms->life" nexsonid "node713511"
pgloadind     taxon mapping OTT ID 992175 taxonomy "Zamia kickxii->Zamia->Zamiaceae->Cycadales->Cycadopsida->Cycadophyta->Acrogymnospermae->Spermatophyta->Euphyllophyta->Tracheophyta->Embryophyta->Streptophytina->Streptophyta->Chloroplastida->Archaeplastida->Eukaryota->cellular organisms->life" nexsonid "node713515"
pgloadind     taxon mapping OTT ID 306565 taxonomy "Zamia amblyphyllidia->Zamia->Zamiaceae->Cycadales->Cycadopsida->Cycadophyta->Acrogymnospermae->Spermatophyta->Euphyllophyta->Tracheophyta->Embryophyta->Streptophytina->Streptophyta->Chloroplastida->Archaeplastida->Eukaryota->cellular organisms->life" nexsonid "node713518"
pgloadind     taxon mapping OTT ID 616613 taxonomy "Zamia pumila->Zamia->Zamiaceae->Cycadales->Cycadopsida->Cycadophyta->Acrogymnospermae->Spermatophyta->Euphyllophyta->Tracheophyta->Embryophyta->Streptophytina->Streptophyta->Chloroplastida->Archaeplastida->Eukaryota->cellular organisms->life" nexsonid "node713517"
pgloadind     taxon mapping OTT ID 994864 taxonomy "Zamia portoricensis->Zamia->Zamiaceae->Cycadales->Cycadopsida->Cycadophyta->Acrogymnospermae->Spermatophyta->Euphyllophyta->Tracheophyta->Embryophyta->Streptophytina->Streptophyta->Chloroplastida->Archaeplastida->Eukaryota->cellular organisms->life" nexsonid "node713513"
pgloadind     taxon mapping OTT ID 1025341 taxonomy "Zamia angustifolia->Zamia->Zamiaceae->Cycadales->Cycadopsida->Cycadophyta->Acrogymnospermae->Spermatophyta->Euphyllophyta->Tracheophyta->Embryophyta->Streptophytina->Streptophyta->Chloroplastida->Archaeplastida->Eukaryota->cellular organisms->life" nexsonid "node713507"
pgloadind     taxon mapping OTT ID 904749 taxonomy "Zamia hymenophyllidia->Zamia->Zamiaceae->Cycadales->Cycadopsida->Cycadophyta->Acrogymnospermae->Spermatophyta->Euphyllophyta->Tracheophyta->Embryophyta->Streptophytina->Streptophyta->Chloroplastida->Archaeplastida->Eukaryota->cellular organisms->life" nexsonid "node713572"
pgloadind     taxon mapping OTT ID 48793 taxonomy "Microcycas calocoma->Microcycas->Zamiaceae->Cycadales->Cycadopsida->Cycadophyta->Acrogymnospermae->Spermatophyta->Euphyllophyta->Tracheophyta->Embryophyta->Streptophytina->Streptophyta->Chloroplastida->Archaeplastida->Eukaryota->cellular organisms->life" nexsonid "node713573"
pgloadind     taxon mapping OTT ID 86001 taxonomy "Stangeria eriopus->Stangeria->Stangeriaceae->Cycadales->Cycadopsida->Cycadophyta->Acrogymnospermae->Spermatophyta->Euphyllophyta->Tracheophyta->Embryophyta->Streptophytina->Streptophyta->Chloroplastida->Archaeplastida->Eukaryota->cellular organisms->life" nexsonid "node713575"
pgloadind     taxon mapping OTT ID 48796 taxonomy "Ceratozamia miqueliana->Ceratozamia->Zamiaceae->Cycadales->Cycadopsida->Cycadophyta->Acrogymnospermae->Spermatophyta->Euphyllophyta->Tracheophyta->Embryophyta->Streptophytina->Streptophyta->Chloroplastida->Archaeplastida->Eukaryota->cellular organisms->life" nexsonid "node713583"
pgloadind     taxon mapping OTT ID 179182 taxonomy "Ceratozamia whitelockiana->Ceratozamia->Zamiaceae->Cycadales->Cycadopsida->Cycadophyta->Acrogymnospermae->Spermatophyta->Euphyllophyta->Tracheophyta->Embryophyta->Streptophytina->Streptophyta->Chloroplastida->Archaeplastida->Eukaryota->cellular organisms->life" nexsonid "node713582"
pgloadind     taxon mapping OTT ID 179200 taxonomy "Ceratozamia mirandae->Ceratozamia->Zamiaceae->Cycadales->Cycadopsida->Cycadophyta->Acrogymnospermae->Spermatophyta->Euphyllophyta->Tracheophyta->Embryophyta->Streptophytina->Streptophyta->Chloroplastida->Archaeplastida->Eukaryota->cellular organisms->life" nexsonid "node713580"
pgloadind     taxon mapping OTT ID 379030 taxonomy "Ceratozamia mexicana->Ceratozamia->Zamiaceae->Cycadales->Cycadopsida->Cycadophyta->Acrogymnospermae->Spermatophyta->Euphyllophyta->Tracheophyta->Embryophyta->Streptophytina->Streptophyta->Chloroplastida->Archaeplastida->Eukaryota->cellular organisms->life" nexsonid "node713596"
pgloadind     taxon mapping OTT ID 11398 taxonomy "Ceratozamia latifolia->Ceratozamia->Zamiaceae->Cycadales->Cycadopsida->Cycadophyta->Acrogymnospermae->Spermatophyta->Euphyllophyta->Tracheophyta->Embryophyta->Streptophytina->Streptophyta->Chloroplastida->Archaeplastida->Eukaryota->cellular organisms->life" nexsonid "node713595"
pgloadind     taxon mapping OTT ID 179180 taxonomy "Ceratozamia sabatoi->Ceratozamia->Zamiaceae->Cycadales->Cycadopsida->Cycadophyta->Acrogymnospermae->Spermatophyta->Euphyllophyta->Tracheophyta->Embryophyta->Streptophytina->Streptophyta->Chloroplastida->Archaeplastida->Eukaryota->cellular organisms->life" nexsonid "node713597"
pgloadind     taxon mapping OTT ID 11401 taxonomy "Ceratozamia huastecorum->Ceratozamia->Zamiaceae->Cycadales->Cycadopsida->Cycadophyta->Acrogymnospermae->Spermatophyta->Euphyllophyta->Tracheophyta->Embryophyta->Streptophytina->Streptophyta->Chloroplastida->Archaeplastida->Eukaryota->cellular organisms->life" nexsonid "node713592"
pgloadind     taxon mapping OTT ID 944767 taxonomy "Ceratozamia fuscoviridis->Ceratozamia->Zamiaceae->Cycadales->Cycadopsida->Cycadophyta->Acrogymnospermae->Spermatophyta->Euphyllophyta->Tracheophyta->Embryophyta->Streptophytina->Streptophyta->Chloroplastida->Archaeplastida->Eukaryota->cellular organisms->life" nexsonid "node713590"
pgloadind     taxon mapping OTT ID 855339 taxonomy "Ceratozamia zaragozae->Ceratozamia->Zamiaceae->Cycadales->Cycadopsida->Cycadophyta->Acrogymnospermae->Spermatophyta->Euphyllophyta->Tracheophyta->Embryophyta->Streptophytina->Streptophyta->Chloroplastida->Archaeplastida->Eukaryota->cellular organisms->life" nexsonid "node713599"
pgloadind     taxon mapping OTT ID 179197 taxonomy "Ceratozamia microstrobila->Ceratozamia->Zamiaceae->Cycadales->Cycadopsida->Cycadophyta->Acrogymnospermae->Spermatophyta->Euphyllophyta->Tracheophyta->Embryophyta->Streptophytina->Streptophyta->Chloroplastida->Archaeplastida->Eukaryota->cellular organisms->life" nexsonid "node713600"
pgloadind     taxon mapping OTT ID 179205 taxonomy "Ceratozamia morettii->Ceratozamia->Zamiaceae->Cycadales->Cycadopsida->Cycadophyta->Acrogymnospermae->Spermatophyta->Euphyllophyta->Tracheophyta->Embryophyta->Streptophytina->Streptophyta->Chloroplastida->Archaeplastida->Eukaryota->cellular organisms->life" nexsonid "node713587"
pgloadind     taxon mapping OTT ID 1007011 taxonomy "Ceratozamia decumbens->Ceratozamia->Zamiaceae->Cycadales->Cycadopsida->Cycadophyta->Acrogymnospermae->Spermatophyta->Euphyllophyta->Tracheophyta->Embryophyta->Streptophytina->Streptophyta->Chloroplastida->Archaeplastida->Eukaryota->cellular organisms->life" nexsonid "node713586"
pgloadind     taxon mapping OTT ID 179203 taxonomy "Ceratozamia mixeorum->Ceratozamia->Zamiaceae->Cycadales->Cycadopsida->Cycadophyta->Acrogymnospermae->Spermatophyta->Euphyllophyta->Tracheophyta->Embryophyta->Streptophytina->Streptophyta->Chloroplastida->Archaeplastida->Eukaryota->cellular organisms->life" nexsonid "node713577"
pgloadind     taxon mapping OTT ID 725939 taxonomy "Bowenia serrulata->Bowenia->Cycadaceae->Cycadales->Cycadopsida->Cycadophyta->Acrogymnospermae->Spermatophyta->Euphyllophyta->Tracheophyta->Embryophyta->Streptophytina->Streptophyta->Chloroplastida->Archaeplastida->Eukaryota->cellular organisms->life" nexsonid "node713601"
pgloadind     taxon mapping OTT ID 958471 taxonomy "Dioon merolae->Dioon->Zamiaceae->Cycadales->Cycadopsida->Cycadophyta->Acrogymnospermae->Spermatophyta->Euphyllophyta->Tracheophyta->Embryophyta->Streptophytina->Streptophyta->Chloroplastida->Archaeplastida->Eukaryota->cellular organisms->life" nexsonid "node713609"
pgloadind     taxon mapping OTT ID 834480 taxonomy "Dioon purpusii->Dioon->Zamiaceae->Cycadales->Cycadopsida->Cycadophyta->Acrogymnospermae->Spermatophyta->Euphyllophyta->Tracheophyta->Embryophyta->Streptophytina->Streptophyta->Chloroplastida->Archaeplastida->Eukaryota->cellular organisms->life" nexsonid "node713608"
pgloadind     taxon mapping OTT ID 1025350 taxonomy "Dioon tomasellii->Dioon->Zamiaceae->Cycadales->Cycadopsida->Cycadophyta->Acrogymnospermae->Spermatophyta->Euphyllophyta->Tracheophyta->Embryophyta->Streptophytina->Streptophyta->Chloroplastida->Archaeplastida->Eukaryota->cellular organisms->life" nexsonid "node713610"
pgloadind     taxon mapping OTT ID 582848 taxonomy "Dioon edule->Dioon->Zamiaceae->Cycadales->Cycadopsida->Cycadophyta->Acrogymnospermae->Spermatophyta->Euphyllophyta->Tracheophyta->Embryophyta->Streptophytina->Streptophyta->Chloroplastida->Archaeplastida->Eukaryota->cellular organisms->life" nexsonid "node713605"
pgloadind     taxon mapping OTT ID 48807 taxonomy "Dioon spinulosum->Dioon->Zamiaceae->Cycadales->Cycadopsida->Cycadophyta->Acrogymnospermae->Spermatophyta->Euphyllophyta->Tracheophyta->Embryophyta->Streptophytina->Streptophyta->Chloroplastida->Archaeplastida->Eukaryota->cellular organisms->life" nexsonid "node713603"
pgloadind     taxon mapping OTT ID 596176 taxonomy "Encephalartos ferox->Encephalartos->Zamiaceae->Cycadales->Cycadopsida->Cycadophyta->Acrogymnospermae->Spermatophyta->Euphyllophyta->Tracheophyta->Embryophyta->Streptophytina->Streptophyta->Chloroplastida->Archaeplastida->Eukaryota->cellular organisms->life" nexsonid "node713389"
pgloadind     taxon mapping OTT ID 606533 taxonomy "Encephalartos gratus->Encephalartos->Zamiaceae->Cycadales->Cycadopsida->Cycadophyta->Acrogymnospermae->Spermatophyta->Euphyllophyta->Tracheophyta->Embryophyta->Streptophytina->Streptophyta->Chloroplastida->Archaeplastida->Eukaryota->cellular organisms->life" nexsonid "node713390"
pgloadind     taxon mapping OTT ID 606547 taxonomy "Encephalartos laurentianus->Encephalartos->Zamiaceae->Cycadales->Cycadopsida->Cycadophyta->Acrogymnospermae->Spermatophyta->Euphyllophyta->Tracheophyta->Embryophyta->Streptophytina->Streptophyta->Chloroplastida->Archaeplastida->Eukaryota->cellular organisms->life" nexsonid "node713387"
pgloadind     taxon mapping OTT ID 259831 taxonomy "Encephalartos bubalinus->Encephalartos->Zamiaceae->Cycadales->Cycadopsida->Cycadophyta->Acrogymnospermae->Spermatophyta->Euphyllophyta->Tracheophyta->Embryophyta->Streptophytina->Streptophyta->Chloroplastida->Archaeplastida->Eukaryota->cellular organisms->life" nexsonid "node713396"
pgloadind     taxon mapping OTT ID 84946 taxonomy "Encephalartos msinganus->Encephalartos->Zamiaceae->Cycadales->Cycadopsida->Cycadophyta->Acrogymnospermae->Spermatophyta->Euphyllophyta->Tracheophyta->Embryophyta->Streptophytina->Streptophyta->Chloroplastida->Archaeplastida->Eukaryota->cellular organisms->life" nexsonid "node713397"
pgloadind     taxon mapping OTT ID 83827 taxonomy "Encephalartos macrostrobilus->Encephalartos->Zamiaceae->Cycadales->Cycadopsida->Cycadophyta->Acrogymnospermae->Spermatophyta->Euphyllophyta->Tracheophyta->Embryophyta->Streptophytina->Streptophyta->Chloroplastida->Archaeplastida->Eukaryota->cellular organisms->life" nexsonid "node713403"
pgloadind     taxon mapping OTT ID 659224 taxonomy "Encephalartos septentrionalis->Encephalartos->Zamiaceae->Cycadales->Cycadopsida->Cycadophyta->Acrogymnospermae->Spermatophyta->Euphyllophyta->Tracheophyta->Embryophyta->Streptophytina->Streptophyta->Chloroplastida->Archaeplastida->Eukaryota->cellular organisms->life" nexsonid "node713402"
pgloadind     taxon mapping OTT ID 773926 taxonomy "Encephalartos barteri->Encephalartos->Zamiaceae->Cycadales->Cycadopsida->Cycadophyta->Acrogymnospermae->Spermatophyta->Euphyllophyta->Tracheophyta->Embryophyta->Streptophytina->Streptophyta->Chloroplastida->Archaeplastida->Eukaryota->cellular organisms->life" nexsonid "node713400"
pgloadind     taxon mapping OTT ID 83825 taxonomy "Encephalartos schaijesii->Encephalartos->Zamiaceae->Cycadales->Cycadopsida->Cycadophyta->Acrogymnospermae->Spermatophyta->Euphyllophyta->Tracheophyta->Embryophyta->Streptophytina->Streptophyta->Chloroplastida->Archaeplastida->Eukaryota->cellular organisms->life" nexsonid "node713404"
pgloadind     taxon mapping OTT ID 379120 taxonomy "Encephalartos schmitzii->Encephalartos->Zamiaceae->Cycadales->Cycadopsida->Cycadophyta->Acrogymnospermae->Spermatophyta->Euphyllophyta->Tracheophyta->Embryophyta->Streptophytina->Streptophyta->Chloroplastida->Archaeplastida->Eukaryota->cellular organisms->life" nexsonid "node713393"
pgloadind     taxon mapping OTT ID 659222 taxonomy "Encephalartos tegulaneus->Encephalartos->Zamiaceae->Cycadales->Cycadopsida->Cycadophyta->Acrogymnospermae->Spermatophyta->Euphyllophyta->Tracheophyta->Embryophyta->Streptophytina->Streptophyta->Chloroplastida->Archaeplastida->Eukaryota->cellular organisms->life" nexsonid "node713408"
pgloadind     taxon mapping OTT ID 606531 taxonomy "Encephalartos hildebrandtii->Encephalartos->Zamiaceae->Cycadales->Cycadopsida->Cycadophyta->Acrogymnospermae->Spermatophyta->Euphyllophyta->Tracheophyta->Embryophyta->Streptophytina->Streptophyta->Chloroplastida->Archaeplastida->Eukaryota->cellular organisms->life" nexsonid "node713407"
pgloadind     taxon mapping OTT ID 606541 taxonomy "Encephalartos kisambo->Encephalartos->Zamiaceae->Cycadales->Cycadopsida->Cycadophyta->Acrogymnospermae->Spermatophyta->Euphyllophyta->Tracheophyta->Embryophyta->Streptophytina->Streptophyta->Chloroplastida->Archaeplastida->Eukaryota->cellular organisms->life" nexsonid "node713410"
pgloadind     taxon mapping OTT ID 659220 taxonomy "Encephalartos sclavoi->Encephalartos->Zamiaceae->Cycadales->Cycadopsida->Cycadophyta->Acrogymnospermae->Spermatophyta->Euphyllophyta->Tracheophyta->Embryophyta->Streptophytina->Streptophyta->Chloroplastida->Archaeplastida->Eukaryota->cellular organisms->life" nexsonid "node713411"
pgloadind     taxon mapping OTT ID 245507 taxonomy "Encephalartos ituriensis->Encephalartos->Zamiaceae->Cycadales->Cycadopsida->Cycadophyta->Acrogymnospermae->Spermatophyta->Euphyllophyta->Tracheophyta->Embryophyta->Streptophytina->Streptophyta->Chloroplastida->Archaeplastida->Eukaryota->cellular organisms->life" nexsonid "node713413"
pgloadind     taxon mapping OTT ID 137127 taxonomy "Encephalartos whitelockii->Encephalartos->Zamiaceae->Cycadales->Cycadopsida->Cycadophyta->Acrogymnospermae->Spermatophyta->Euphyllophyta->Tracheophyta->Embryophyta->Streptophytina->Streptophyta->Chloroplastida->Archaeplastida->Eukaryota->cellular organisms->life" nexsonid "node713414"
pgloadind     taxon mapping OTT ID 84967 taxonomy "Encephalartos nubimontanus->Encephalartos->Zamiaceae->Cycadales->Cycadopsida->Cycadophyta->Acrogymnospermae->Spermatophyta->Euphyllophyta->Tracheophyta->Embryophyta->Streptophytina->Streptophyta->Chloroplastida->Archaeplastida->Eukaryota->cellular organisms->life" nexsonid "node713418"
pgloadind     taxon mapping OTT ID 606537 taxonomy "Encephalartos eugene-maraisii->Encephalartos->Zamiaceae->Cycadales->Cycadopsida->Cycadophyta->Acrogymnospermae->Spermatophyta->Euphyllophyta->Tracheophyta->Embryophyta->Streptophytina->Streptophyta->Chloroplastida->Archaeplastida->Eukaryota->cellular organisms->life" nexsonid "node713419"
pgloadind     taxon mapping OTT ID 259819 taxonomy "Encephalartos dolomiticus->Encephalartos->Zamiaceae->Cycadales->Cycadopsida->Cycadophyta->Acrogymnospermae->Spermatophyta->Euphyllophyta->Tracheophyta->Embryophyta->Streptophytina->Streptophyta->Chloroplastida->Archaeplastida->Eukaryota->cellular organisms->life" nexsonid "node713416"
pgloadind     taxon mapping OTT ID 84948 taxonomy "Encephalartos munchii->Encephalartos->Zamiaceae->Cycadales->Cycadopsida->Cycadophyta->Acrogymnospermae->Spermatophyta->Euphyllophyta->Tracheophyta->Embryophyta->Streptophytina->Streptophyta->Chloroplastida->Archaeplastida->Eukaryota->cellular organisms->life" nexsonid "node713426"
pgloadind     taxon mapping OTT ID 84959 taxonomy "Encephalartos manikensis->Encephalartos->Zamiaceae->Cycadales->Cycadopsida->Cycadophyta->Acrogymnospermae->Spermatophyta->Euphyllophyta->Tracheophyta->Embryophyta->Streptophytina->Streptophyta->Chloroplastida->Archaeplastida->Eukaryota->cellular organisms->life" nexsonid "node713425"
pgloadind     taxon mapping OTT ID 259825 taxonomy "Encephalartos concinnus->Encephalartos->Zamiaceae->Cycadales->Cycadopsida->Cycadophyta->Acrogymnospermae->Spermatophyta->Euphyllophyta->Tracheophyta->Embryophyta->Streptophytina->Streptophyta->Chloroplastida->Archaeplastida->Eukaryota->cellular organisms->life" nexsonid "node713423"
pgloadind     taxon mapping OTT ID 659214 taxonomy "Encephalartos pterogonus->Encephalartos->Zamiaceae->Cycadales->Cycadopsida->Cycadophyta->Acrogymnospermae->Spermatophyta->Euphyllophyta->Tracheophyta->Embryophyta->Streptophytina->Streptophyta->Chloroplastida->Archaeplastida->Eukaryota->cellular organisms->life" nexsonid "node713421"
pgloadind     taxon mapping OTT ID 84969 taxonomy "Encephalartos paucidentatus->Encephalartos->Zamiaceae->Cycadales->Cycadopsida->Cycadophyta->Acrogymnospermae->Spermatophyta->Euphyllophyta->Tracheophyta->Embryophyta->Streptophytina->Streptophyta->Chloroplastida->Archaeplastida->Eukaryota->cellular organisms->life" nexsonid "node713427"
pgloadind     taxon mapping OTT ID 659212 taxonomy "Encephalartos turneri->Encephalartos->Zamiaceae->Cycadales->Cycadopsida->Cycadophyta->Acrogymnospermae->Spermatophyta->Euphyllophyta->Tracheophyta->Embryophyta->Streptophytina->Streptophyta->Chloroplastida->Archaeplastida->Eukaryota->cellular organisms->life" nexsonid "node713380"
pgloadind     taxon mapping OTT ID 259823 taxonomy "Encephalartos cupidus->Encephalartos->Zamiaceae->Cycadales->Cycadopsida->Cycadophyta->Acrogymnospermae->Spermatophyta->Euphyllophyta->Tracheophyta->Embryophyta->Streptophytina->Streptophyta->Chloroplastida->Archaeplastida->Eukaryota->cellular organisms->life" nexsonid "node713364"
pgloadind     taxon mapping OTT ID 4001701 taxonomy "Encephalartos middleburgensis->Encephalartos->Zamiaceae->Cycadales->Cycadopsida->Cycadophyta->Acrogymnospermae->Spermatophyta->Euphyllophyta->Tracheophyta->Embryophyta->Streptophytina->Streptophyta->Chloroplastida->Archaeplastida->Eukaryota->cellular organisms->life" nexsonid "node713363"
pgloadind     taxon mapping OTT ID 582852 taxonomy "Encephalartos lebomboensis->Encephalartos->Zamiaceae->Cycadales->Cycadopsida->Cycadophyta->Acrogymnospermae->Spermatophyta->Euphyllophyta->Tracheophyta->Embryophyta->Streptophytina->Streptophyta->Chloroplastida->Archaeplastida->Eukaryota->cellular organisms->life" nexsonid "node713361"
pgloadind     taxon mapping OTT ID 659226 taxonomy "Encephalartos trispinosus->Encephalartos->Zamiaceae->Cycadales->Cycadopsida->Cycadophyta->Acrogymnospermae->Spermatophyta->Euphyllophyta->Tracheophyta->Embryophyta->Streptophytina->Streptophyta->Chloroplastida->Archaeplastida->Eukaryota->cellular organisms->life" nexsonid "node713371"
pgloadind     taxon mapping OTT ID 519218 taxonomy "Encephalartos horridus->Encephalartos->Zamiaceae->Cycadales->Cycadopsida->Cycadophyta->Acrogymnospermae->Spermatophyta->Euphyllophyta->Tracheophyta->Embryophyta->Streptophytina->Streptophyta->Chloroplastida->Archaeplastida->Eukaryota->cellular organisms->life" nexsonid "node713370"
pgloadind     taxon mapping OTT ID 596159 taxonomy "Encephalartos arenarius->Encephalartos->Zamiaceae->Cycadales->Cycadopsida->Cycadophyta->Acrogymnospermae->Spermatophyta->Euphyllophyta->Tracheophyta->Embryophyta->Streptophytina->Streptophyta->Chloroplastida->Archaeplastida->Eukaryota->cellular organisms->life" nexsonid "node713372"
pgloadind     taxon mapping OTT ID 84954 taxonomy "Encephalartos lehmannii->Encephalartos->Zamiaceae->Cycadales->Cycadopsida->Cycadophyta->Acrogymnospermae->Spermatophyta->Euphyllophyta->Tracheophyta->Embryophyta->Streptophytina->Streptophyta->Chloroplastida->Archaeplastida->Eukaryota->cellular organisms->life" nexsonid "node713367"
pgloadind     taxon mapping OTT ID 259835 taxonomy "Encephalartos aemulans->Encephalartos->Zamiaceae->Cycadales->Cycadopsida->Cycadophyta->Acrogymnospermae->Spermatophyta->Euphyllophyta->Tracheophyta->Embryophyta->Streptophytina->Streptophyta->Chloroplastida->Archaeplastida->Eukaryota->cellular organisms->life" nexsonid "node713373"
pgloadind     taxon mapping OTT ID 259829 taxonomy "Encephalartos cerinus->Encephalartos->Zamiaceae->Cycadales->Cycadopsida->Cycadophyta->Acrogymnospermae->Spermatophyta->Euphyllophyta->Tracheophyta->Embryophyta->Streptophytina->Streptophyta->Chloroplastida->Archaeplastida->Eukaryota->cellular organisms->life" nexsonid "node713376"
pgloadind     taxon mapping OTT ID 659216 taxonomy "Encephalartos princeps->Encephalartos->Zamiaceae->Cycadales->Cycadopsida->Cycadophyta->Acrogymnospermae->Spermatophyta->Euphyllophyta->Tracheophyta->Embryophyta->Streptophytina->Streptophyta->Chloroplastida->Archaeplastida->Eukaryota->cellular organisms->life" nexsonid "node713377"
pgloadind     taxon mapping OTT ID 659218 taxonomy "Encephalartos senticosus->Encephalartos->Zamiaceae->Cycadales->Cycadopsida->Cycadophyta->Acrogymnospermae->Spermatophyta->Euphyllophyta->Tracheophyta->Embryophyta->Streptophytina->Streptophyta->Chloroplastida->Archaeplastida->Eukaryota->cellular organisms->life" nexsonid "node713378"
pgloadind     taxon mapping OTT ID 659228 taxonomy "Encephalartos transvenosus->Encephalartos->Zamiaceae->Cycadales->Cycadopsida->Cycadophyta->Acrogymnospermae->Spermatophyta->Euphyllophyta->Tracheophyta->Embryophyta->Streptophytina->Streptophyta->Chloroplastida->Archaeplastida->Eukaryota->cellular organisms->life" nexsonid "node713356"
pgloadind     taxon mapping OTT ID 84952 taxonomy "Encephalartos ngoyanus->Encephalartos->Zamiaceae->Cycadales->Cycadopsida->Cycadophyta->Acrogymnospermae->Spermatophyta->Euphyllophyta->Tracheophyta->Embryophyta->Streptophytina->Streptophyta->Chloroplastida->Archaeplastida->Eukaryota->cellular organisms->life" nexsonid "node713432"
pgloadind     taxon mapping OTT ID 983643 taxonomy "Encephalartos caffer->Encephalartos->Zamiaceae->Cycadales->Cycadopsida->Cycadophyta->Acrogymnospermae->Spermatophyta->Euphyllophyta->Tracheophyta->Embryophyta->Streptophytina->Streptophyta->Chloroplastida->Archaeplastida->Eukaryota->cellular organisms->life" nexsonid "node713433"
pgloadind     taxon mapping OTT ID 84957 taxonomy "Encephalartos longifolius->Encephalartos->Zamiaceae->Cycadales->Cycadopsida->Cycadophyta->Acrogymnospermae->Spermatophyta->Euphyllophyta->Tracheophyta->Embryophyta->Streptophytina->Streptophyta->Chloroplastida->Archaeplastida->Eukaryota->cellular organisms->life" nexsonid "node713430"
pgloadind     taxon mapping OTT ID 137129 taxonomy "Encephalartos woodii->Encephalartos->Zamiaceae->Cycadales->Cycadopsida->Cycadophyta->Acrogymnospermae->Spermatophyta->Euphyllophyta->Tracheophyta->Embryophyta->Streptophytina->Streptophyta->Chloroplastida->Archaeplastida->Eukaryota->cellular organisms->life" nexsonid "node713434"
pgloadind     taxon mapping OTT ID 616643 taxonomy "Encephalartos altensteinii->Encephalartos->Zamiaceae->Cycadales->Cycadopsida->Cycadophyta->Acrogymnospermae->Spermatophyta->Euphyllophyta->Tracheophyta->Embryophyta->Streptophytina->Streptophyta->Chloroplastida->Archaeplastida->Eukaryota->cellular organisms->life" nexsonid "node713440"
pgloadind     taxon mapping OTT ID 84950 taxonomy "Encephalartos natalensis->Encephalartos->Zamiaceae->Cycadales->Cycadopsida->Cycadophyta->Acrogymnospermae->Spermatophyta->Euphyllophyta->Tracheophyta->Embryophyta->Streptophytina->Streptophyta->Chloroplastida->Archaeplastida->Eukaryota->cellular organisms->life" nexsonid "node713441"
pgloadind     taxon mapping OTT ID 259833 taxonomy "Encephalartos aplanatus->Encephalartos->Zamiaceae->Cycadales->Cycadopsida->Cycadophyta->Acrogymnospermae->Spermatophyta->Euphyllophyta->Tracheophyta->Embryophyta->Streptophytina->Streptophyta->Chloroplastida->Archaeplastida->Eukaryota->cellular organisms->life" nexsonid "node713438"
pgloadind     taxon mapping OTT ID 107382 taxonomy "Encephalartos villosus->Encephalartos->Zamiaceae->Cycadales->Cycadopsida->Cycadophyta->Acrogymnospermae->Spermatophyta->Euphyllophyta->Tracheophyta->Embryophyta->Streptophytina->Streptophyta->Chloroplastida->Archaeplastida->Eukaryota->cellular organisms->life" nexsonid "node713437"
pgloadind     taxon mapping OTT ID 606543 taxonomy "Encephalartos inopinus->Encephalartos->Zamiaceae->Cycadales->Cycadopsida->Cycadophyta->Acrogymnospermae->Spermatophyta->Euphyllophyta->Tracheophyta->Embryophyta->Streptophytina->Streptophyta->Chloroplastida->Archaeplastida->Eukaryota->cellular organisms->life" nexsonid "node713442"
pgloadind     taxon mapping OTT ID 259821 taxonomy "Encephalartos cycadifolius->Encephalartos->Zamiaceae->Cycadales->Cycadopsida->Cycadophyta->Acrogymnospermae->Spermatophyta->Euphyllophyta->Tracheophyta->Embryophyta->Streptophytina->Streptophyta->Chloroplastida->Archaeplastida->Eukaryota->cellular organisms->life" nexsonid "node713351"
pgloadind     taxon mapping OTT ID 259817 taxonomy "Encephalartos dyerianus->Encephalartos->Zamiaceae->Cycadales->Cycadopsida->Cycadophyta->Acrogymnospermae->Spermatophyta->Euphyllophyta->Tracheophyta->Embryophyta->Streptophytina->Streptophyta->Chloroplastida->Archaeplastida->Eukaryota->cellular organisms->life" nexsonid "node713350"
pgloadind     taxon mapping OTT ID 606539 taxonomy "Encephalartos lanatus->Encephalartos->Zamiaceae->Cycadales->Cycadopsida->Cycadophyta->Acrogymnospermae->Spermatophyta->Euphyllophyta->Tracheophyta->Embryophyta->Streptophytina->Streptophyta->Chloroplastida->Archaeplastida->Eukaryota->cellular organisms->life" nexsonid "node713347"
pgloadind     taxon mapping OTT ID 379122 taxonomy "Encephalartos friderici-guilielmi->Encephalartos->Zamiaceae->Cycadales->Cycadopsida->Cycadophyta->Acrogymnospermae->Spermatophyta->Euphyllophyta->Tracheophyta->Embryophyta->Streptophytina->Streptophyta->Chloroplastida->Archaeplastida->Eukaryota->cellular organisms->life" nexsonid "node713445"
pgloadind     taxon mapping OTT ID 606535 taxonomy "Encephalartos ghellinckii->Encephalartos->Zamiaceae->Cycadales->Cycadopsida->Cycadophyta->Acrogymnospermae->Spermatophyta->Euphyllophyta->Tracheophyta->Embryophyta->Streptophytina->Streptophyta->Chloroplastida->Archaeplastida->Eukaryota->cellular organisms->life" nexsonid "node713446"
pgloadind     taxon mapping OTT ID 606545 taxonomy "Encephalartos humilis->Encephalartos->Zamiaceae->Cycadales->Cycadopsida->Cycadophyta->Acrogymnospermae->Spermatophyta->Euphyllophyta->Tracheophyta->Embryophyta->Streptophytina->Streptophyta->Chloroplastida->Archaeplastida->Eukaryota->cellular organisms->life" nexsonid "node713449"
pgloadind     taxon mapping OTT ID 582854 taxonomy "Encephalartos laevifolius->Encephalartos->Zamiaceae->Cycadales->Cycadopsida->Cycadophyta->Acrogymnospermae->Spermatophyta->Euphyllophyta->Tracheophyta->Embryophyta->Streptophytina->Streptophyta->Chloroplastida->Archaeplastida->Eukaryota->cellular organisms->life" nexsonid "node713448"
pgloadind     taxon mapping OTT ID 337929 taxonomy "Lepidozamia peroffskyana->Lepidozamia->Zamiaceae->Cycadales->Cycadopsida->Cycadophyta->Acrogymnospermae->Spermatophyta->Euphyllophyta->Tracheophyta->Embryophyta->Streptophytina->Streptophyta->Chloroplastida->Archaeplastida->Eukaryota->cellular organisms->life" nexsonid "node713344"
pgloadind     taxon mapping OTT ID 137125 taxonomy "Lepidozamia hopei->Lepidozamia->Zamiaceae->Cycadales->Cycadopsida->Cycadophyta->Acrogymnospermae->Spermatophyta->Euphyllophyta->Tracheophyta->Embryophyta->Streptophytina->Streptophyta->Chloroplastida->Archaeplastida->Eukaryota->cellular organisms->life" nexsonid "node713343"
done fixing name
pgloadind Finished with attempts to fix names
pgloadind   Checking for uniqueness of OTT IDs tree id "3766"
pgloadind   Adding tree to graph tree id "3766"
all trees have all taxa: false
	using bipartition technique
attempting to remap tips to deepest exemplified taxa
	Stangeria eriopus was remapped to 'Stangeriaceae' (id=3019894)
	Microcycas calocoma was remapped to 'Microcycas' (id=3019904)
	Bowenia serrulata was remapped to 'Bowenia' (id=3019891)
this is the ROOT
placing root in index
Dealing with metadata property: id
Dealing with metadata property: ot:studyPublicationReference
Adding property 'ot:studyPublicationReference': Nagalingum, N. S., Marshall, C. R., Quental, T. B., Rai, H. S., Little, D. P., & Mathews, S. (2011). Recent synchronous radiation of a living fossil. Science, 334(6057), 796-799.
Dealing with metadata property: ot:studyYear
Adding property 'ot:studyYear': 2011
Dealing with metadata property: ot:inGroupClade
Adding property 'ot:inGroupClade': node713212
Dealing with metadata property: ot:tag
Adding property 'ot:tag': ingroup added;
Dealing with metadata property: ot:curatorName
Adding property 'ot:curatorName': bryan drew
Dealing with metadata property: ot:studyPublication
Adding property 'ot:studyPublication': http://dx.doi.org/10.1126/science.1209926
Dealing with metadata property: ot:focalClade
Adding property 'ot:focalClade': 2282796
Dealing with metadata property: ot:studyId
Adding property 'ot:studyId': 1867
Dealing with metadata property: ot:dataDeposit
Adding property 'ot:dataDeposit': http://purl.org/phylo/treebase/phylows/study/TB2:S11891
Committing nodes: 393
