pgloadind OTUs number 190
pgloadind Processing tree @id "3902"
pgloadind   tree info number nodes 373
pgloadind   tree info number edges 372
pgloadind   tree info ingroup "node733337"
pgloadind   Setting ingroup root node.
pgloadind   Ingested tree number of external nodes 187
pgloadind   property added ot:studyPublicationReference "German, D. A. [et al. 2009], Friesen, N., Neuffer, B., Al-Shehbaz, I. A., & Hurka, H. 2009. Contribution to ITS phylogeny of the Brassicaceae, with special reference to some Asian taxa. Plant Syst. Evol. 283: 33-56."
pgloadind   property added ot:curatorName "bryan drew"
pgloadind   property added ot:studyId "1916"
pgloadind   property added ot:studyYear "2012"
pgloadind   property added ot:focalClade "996508"
pgloadind   property added ot:focalCladeOTTTaxonName "Brassicaceae"
pgloadind   property added ot:branchLengthMode "ot:substitutionCount"
pgloadind   property added ot:inGroupClade "node733337"
pgloadind   property added ot:curatedType "ml best tree"
loading a specific tree: 3902
pgloadind conducting TNRS on trees
pgloadind   name fixing on tree tree id "3902"
pgloadind   all nodes have ottIds
pgloadind     OTT ID reused in tree
pgloadind       duplicate name "Bunias cochlearioides" nexsonid "node733343"
pgloadind       duplicate OTT ID 88885
pgloadind     OTT ID not in database (probably dubious)
pgloadind       dubious name "Fourraea alpina" nexsonid "node733368"
pgloadind       dubious OTT ID 798537
pgloadind     OTT ID not in database (probably dubious)
pgloadind       dubious name "Pseudosempervivum aucheri" nexsonid "node733396"
pgloadind       dubious OTT ID 3933333
pgloadind     OTT ID not in database (probably dubious)
pgloadind       dubious name "Andrzeiowskia cardamine" nexsonid "node733430"
pgloadind       dubious OTT ID 3933360
pgloadind     OTT ID reused in tree
pgloadind       duplicate name "Calymmatium draboides" nexsonid "node733486"
pgloadind       duplicate OTT ID 88883
pgloadind     OTT ID not in database (probably dubious)
pgloadind       dubious name "Draba hystrix" nexsonid "node733559"
pgloadind       dubious OTT ID 381997
pgloadind     OTT ID reused in tree
pgloadind       duplicate name "Pachyneurum grandiflorum" nexsonid "node733568"
pgloadind       duplicate OTT ID 221300
pgloadind     OTT ID reused in tree
pgloadind       duplicate name "Sterigmostemum violaceum" nexsonid "node733629"
pgloadind       duplicate OTT ID 598293
pgloadind     OTT ID reused in tree
pgloadind       duplicate name "Bunias orientalis" nexsonid "node733669"
pgloadind       duplicate OTT ID 19452
pgloadind     OTT ID reused in tree
pgloadind       duplicate name "Bunias orientalis" nexsonid "node733670"
pgloadind       duplicate OTT ID 19452
pgloadind     OTT ID not in database (probably dubious)
pgloadind       dubious name "Asperuginoides axillaris" nexsonid "node733700"
pgloadind       dubious OTT ID 431360
pgloadind     pruning dups and overlapping name "Pachyneurum grandiflorum" nexsonid "node733568"
pgloadind     pruning dups and overlapping name "Calymmatium draboides" nexsonid "node733486"
pgloadind     pruning dups and overlapping name "Asperuginoides axillaris" nexsonid "node733700"
pgloadind     pruning dups and overlapping name "Sterigmostemum violaceum" nexsonid "node733629"
pgloadind     pruning dups and overlapping name "Pseudosempervivum aucheri" nexsonid "node733396"
pgloadind     pruning dups and overlapping name "Fourraea alpina" nexsonid "node733368"
pgloadind     pruning dups and overlapping name "Bunias orientalis" nexsonid "node733670"
pgloadind     pruning dups and overlapping name "Bunias cochlearioides" nexsonid "node733343"
pgloadind     pruning dups and overlapping name "Andrzeiowskia cardamine" nexsonid "node733430"
pgloadind     pruning dups and overlapping name "Bunias orientalis" nexsonid "node733669"
pgloadind     pruning dups and overlapping name "Draba hystrix" nexsonid "node733559"
pgloadind   postpruning newick tree "(((((Calepina_irregularis,(Goldbachia_pendula,Spirorhynchus_sabulosus)),Bunias_cochlearioides),(((Eutrema_edwardsii,(Eutrema_botschantzevii,Eutrema_altaicum)),(Thlaspi_alliaceum,(Alliaria_petiolata,Didymophysa_fedtschenkoana))),((Eutrema_parvulum,Orychophragmus_violaceus),((((Eruca_vesicaria,(Brassica_juncea,Crambe_arborea)),Zilla_spinosa),(Werdermannia_anethifolia,(Caulanthus_inflatus,Streptanthus_glandulosus_subsp_albidus))),((Sisymbrium_altissimum,(Sisymbrium_brassiciforme,Schoenocrambe_linifolia)),(Tauscheria_lasiocarpa,(Isatis_tinctoria,Boreava_orientalis))))))),(((Thlaspi_perfoliatum,Noccaea_caerulescens),Thlaspi_szowitsianum),(Zuvanda_crenulata,Conringia_perfoliata)),Teesdalia_nudicaulis),((((Cithareloma_lehmannii,Malcolmia_littorea),Iberis_amara),((Megacarpaea_megalocarpa,Pugionium_pterocarpum),((Ionopsidium_prolongoi,Cochlearia_danica),(Heliophila_arenaria,Heliophila_coronopifolia)))),((Aphragmus_involucratus,Aphragmus_eschscholtzianus),((((((Erysimum_cheiranthoides,(Erysimum_siliculosum,Erysimum_mongolicum)),((Turritis_glabra,((Mancoa_bracteata,(Sphaerocardamum_nesliiforme,Halimolobos_diffusus)),((Pachycladon_wallii,Irenepharsus_magicus),((Alyssum_klimesii,((Crucihimalaya_mollissima,(Crucihimalaya_wallichii,Arabis_tibetica)),Transberingia_bursifolia,Crucihimalaya_rupicola)),(Physaria_didymocarpa,(Synthlipsis_greggii,Lyrocarpa_coulteri)))),(Sandbergia_perplexa,((Boechera_stricta,Boechera_pinetorum),Borodinia_macrophylla)))),((Arabidopsis_thaliana,(((Olimarabidopsis_pumila,Olimarabidopsis_cabulica),Calymmatium_draboides),Chrysochamela_velutina)),((Catolobus_pendulus,Capsella_rubella),(Camelina_microcarpa,Pseudoarabidopsis_toxophylla))))),(((Smelowskia_jacutica,Smelowskia_flavissima),Smelowskia_tibetica),((Yinshania_henryi,(Hornungia_petraea,(Descurainia_pinnata,Ianhedgea_minutiflora))),(Stubendorffia_gracilis,((Lepidium_ruderale,Lepidium_paniculatum),Lepidium_draba))))),(Rorippa_sylvestris,(Nasturtium_microphyllum,Cardamine_bellidifolia))),(((((Berteroa_incana,(Galitzkya_spathulata,Galitzkya_potaninii)),Aurinia_saxatilis),((Alyssum_cypricum,Alyssum_obovatum),(Clypeola_aspera,Alyssum_linifolium))),(Fibigia_suffruticosa,(Fibigia_clypeata,Fibigia_spathulata),(Degenia_velebitica,Hormathophylla_purpurea))),(Alyssum_montanum,(Alyssum_dasycarpum,Alyssum_lenense)))),(((Aubrieta_deltoidea,((Botschantzevia_karatavica,((Arabis_alaschanica,Arabis_kamelinii),Arabis_kokanica)),((((Arabis_blepharophylla,Pachyneurum_grandiflorum),Dendroarabis_fruticulosa),Arabis_alpina),((Erophila_verna,Draba_nuda),((Draba_oreades,Draba_doerfleri),Draba_sibirica))))),((Macropodium_nivale,((Arabis_axillaris,(Stevenia_sergievskajae,Stevenia_alyssoides)),((Berteroella_maximowiczii,(Ptilotrichum_tenuifolium,Ptilotrichum_dahuricum)),(Stevenia_incarnata,Stevenia_cheiranthoides)))),Pseudoturritis_turrita)),(((Hesperis_laciniata,Hesperis_sibirica),((Iskandera_alaica,((Microstigma_brachycarpum,Microstigma_deflexum),((Matthiola_lunata,Matthiola_incana),(Sterigmostemum_ramosissimum,(Anchonium_elichrysifolium,(((Sterigmostemum_fuhaiense,Sterigmostemum_schmakovii),Sterigmostemum_caspicum),(Sterigmostemum_matthioloides,Sterigmostemum_violaceum))))))),((((Dontostemon_tibeticus,(Diptychocarpus_strictus,((Chorispora_macropoda,Chorispora_bungeana),(((Parrya_stenocarpa,Parrya_pulvinata),((Parrya_asperrima,Parrya_lancifolia),(Pseudoclausia_olgae,Pseudoclausia_turkestanica))),Litwinowia_tenuissima)))),(Dontostemon_dentatus,(Dontostemon_pinnatifidus,Dontostemon_crassifolius))),((Clausia_aprica,Clausia_kasakhorum),Clausia_trichosepala)),((Sisymbriopsis_yechengnica,(((Leptaleum_filifolium,(((Dilophia_salsa,Euclidium_syriacum),(((Neotorularia_torulosa,Streptoloma_desertorum),(Solms-laubachia_flabellata,Rhammatophyllum_kamelinii)),(Atelanthera_perpusilla,Braya_humilis))),(Malcolmia_africana,Neotorularia_brevipes))),Dichasianthus_subtilissimus),(Leiospora_exscapa,Leiospora_pamirica))),Bunias_orientalis)))),(Biscutella_laevigata,Megadenia_pygmaea)))))))"
pgloadind   taxon mapping summary
pgloadind     taxon mapping OTT ID 502914 taxonomy "Calepina irregularis->Calepina->Calepineae->Brassicaceae->Brassicales->malvids->rosids->Pentapetalae->Gunneridae->eudicotyledons->Mesangiospermae->Magnoliophyta->Spermatophyta->Euphyllophyta->Tracheophyta->Embryophyta->Streptophytina->Streptophyta->Chloroplastida->Archaeplastida->Eukaryota->cellular organisms->life" nexsonid "node733345"
pgloadind     taxon mapping OTT ID 1094384 taxonomy "Goldbachia pendula->Goldbachia->Calepineae->Brassicaceae->Brassicales->malvids->rosids->Pentapetalae->Gunneridae->eudicotyledons->Mesangiospermae->Magnoliophyta->Spermatophyta->Euphyllophyta->Tracheophyta->Embryophyta->Streptophytina->Streptophyta->Chloroplastida->Archaeplastida->Eukaryota->cellular organisms->life" nexsonid "node733347"
pgloadind     taxon mapping OTT ID 826337 taxonomy "Spirorhynchus sabulosus->Spirorhynchus->Calepineae->Brassicaceae->Brassicales->malvids->rosids->Pentapetalae->Gunneridae->eudicotyledons->Mesangiospermae->Magnoliophyta->Spermatophyta->Euphyllophyta->Tracheophyta->Embryophyta->Streptophytina->Streptophyta->Chloroplastida->Archaeplastida->Eukaryota->cellular organisms->life" nexsonid "node733348"
pgloadind     taxon mapping OTT ID 88885 taxonomy "Bunias cochlearioides->Bunias->Buniadeae->Brassicaceae->Brassicales->malvids->rosids->Pentapetalae->Gunneridae->eudicotyledons->Mesangiospermae->Magnoliophyta->Spermatophyta->Euphyllophyta->Tracheophyta->Embryophyta->Streptophytina->Streptophyta->Chloroplastida->Archaeplastida->Eukaryota->cellular organisms->life" nexsonid "node733342"
pgloadind     taxon mapping OTT ID 990194 taxonomy "Eutrema edwardsii->Eutrema->Eutremeae->Brassicaceae->Brassicales->malvids->rosids->Pentapetalae->Gunneridae->eudicotyledons->Mesangiospermae->Magnoliophyta->Spermatophyta->Euphyllophyta->Tracheophyta->Embryophyta->Streptophytina->Streptophyta->Chloroplastida->Archaeplastida->Eukaryota->cellular organisms->life" nexsonid "node733352"
pgloadind     taxon mapping OTT ID 1094388 taxonomy "Eutrema botschantzevii->Eutrema->Eutremeae->Brassicaceae->Brassicales->malvids->rosids->Pentapetalae->Gunneridae->eudicotyledons->Mesangiospermae->Magnoliophyta->Spermatophyta->Euphyllophyta->Tracheophyta->Embryophyta->Streptophytina->Streptophyta->Chloroplastida->Archaeplastida->Eukaryota->cellular organisms->life" nexsonid "node733354"
pgloadind     taxon mapping OTT ID 807816 taxonomy "Eutrema altaicum->Eutrema->Eutremeae->Brassicaceae->Brassicales->malvids->rosids->Pentapetalae->Gunneridae->eudicotyledons->Mesangiospermae->Magnoliophyta->Spermatophyta->Euphyllophyta->Tracheophyta->Embryophyta->Streptophytina->Streptophyta->Chloroplastida->Archaeplastida->Eukaryota->cellular organisms->life" nexsonid "node733355"
pgloadind     taxon mapping OTT ID 756334 taxonomy "Thlaspi alliaceum->Thlaspi->Thlaspideae->Brassicaceae->Brassicales->malvids->rosids->Pentapetalae->Gunneridae->eudicotyledons->Mesangiospermae->Magnoliophyta->Spermatophyta->Euphyllophyta->Tracheophyta->Embryophyta->Streptophytina->Streptophyta->Chloroplastida->Archaeplastida->Eukaryota->cellular organisms->life" nexsonid "node733357"
pgloadind     taxon mapping OTT ID 440662 taxonomy "Alliaria petiolata->Alliaria->Thlaspideae->Brassicaceae->Brassicales->malvids->rosids->Pentapetalae->Gunneridae->eudicotyledons->Mesangiospermae->Magnoliophyta->Spermatophyta->Euphyllophyta->Tracheophyta->Embryophyta->Streptophytina->Streptophyta->Chloroplastida->Archaeplastida->Eukaryota->cellular organisms->life" nexsonid "node733359"
pgloadind     taxon mapping OTT ID 790323 taxonomy "Didymophysa fedtschenkoana->Didymophysa->Thlaspideae->Brassicaceae->Brassicales->malvids->rosids->Pentapetalae->Gunneridae->eudicotyledons->Mesangiospermae->Magnoliophyta->Spermatophyta->Euphyllophyta->Tracheophyta->Embryophyta->Streptophytina->Streptophyta->Chloroplastida->Archaeplastida->Eukaryota->cellular organisms->life" nexsonid "node733360"
pgloadind     taxon mapping OTT ID 991614 taxonomy "Eutrema parvulum->Eutrema->Eutremeae->Brassicaceae->Brassicales->malvids->rosids->Pentapetalae->Gunneridae->eudicotyledons->Mesangiospermae->Magnoliophyta->Spermatophyta->Euphyllophyta->Tracheophyta->Embryophyta->Streptophytina->Streptophyta->Chloroplastida->Archaeplastida->Eukaryota->cellular organisms->life" nexsonid "node733363"
pgloadind     taxon mapping OTT ID 11023 taxonomy "Orychophragmus violaceus->Orychophragmus->Brassiceae->Brassicaceae->Brassicales->malvids->rosids->Pentapetalae->Gunneridae->eudicotyledons->Mesangiospermae->Magnoliophyta->Spermatophyta->Euphyllophyta->Tracheophyta->Embryophyta->Streptophytina->Streptophyta->Chloroplastida->Archaeplastida->Eukaryota->cellular organisms->life" nexsonid "node733364"
pgloadind     taxon mapping OTT ID 1098252 taxonomy "Eruca vesicaria->Eruca->Brassiceae->Brassicaceae->Brassicales->malvids->rosids->Pentapetalae->Gunneridae->eudicotyledons->Mesangiospermae->Magnoliophyta->Spermatophyta->Euphyllophyta->Tracheophyta->Embryophyta->Streptophytina->Streptophyta->Chloroplastida->Archaeplastida->Eukaryota->cellular organisms->life" nexsonid "node733376"
pgloadind     taxon mapping OTT ID 309279 taxonomy "Brassica juncea->Brassica->Brassiceae->Brassicaceae->Brassicales->malvids->rosids->Pentapetalae->Gunneridae->eudicotyledons->Mesangiospermae->Magnoliophyta->Spermatophyta->Euphyllophyta->Tracheophyta->Embryophyta->Streptophytina->Streptophyta->Chloroplastida->Archaeplastida->Eukaryota->cellular organisms->life" nexsonid "node733378"
pgloadind     taxon mapping OTT ID 999952 taxonomy "Crambe arborea->Crambe->Brassiceae->Brassicaceae->Brassicales->malvids->rosids->Pentapetalae->Gunneridae->eudicotyledons->Mesangiospermae->Magnoliophyta->Spermatophyta->Euphyllophyta->Tracheophyta->Embryophyta->Streptophytina->Streptophyta->Chloroplastida->Archaeplastida->Eukaryota->cellular organisms->life" nexsonid "node733379"
pgloadind     taxon mapping OTT ID 779709 taxonomy "Zilla spinosa->Zilla->Brassiceae->Brassicaceae->Brassicales->malvids->rosids->Pentapetalae->Gunneridae->eudicotyledons->Mesangiospermae->Magnoliophyta->Spermatophyta->Euphyllophyta->Tracheophyta->Embryophyta->Streptophytina->Streptophyta->Chloroplastida->Archaeplastida->Eukaryota->cellular organisms->life" nexsonid "node733380"
pgloadind     taxon mapping OTT ID 928310 taxonomy "Werdermannia anethifolia->Werdermannia->Schizopetaleae->Brassicaceae->Brassicales->malvids->rosids->Pentapetalae->Gunneridae->eudicotyledons->Mesangiospermae->Magnoliophyta->Spermatophyta->Euphyllophyta->Tracheophyta->Embryophyta->Streptophytina->Streptophyta->Chloroplastida->Archaeplastida->Eukaryota->cellular organisms->life" nexsonid "node733370"
pgloadind     taxon mapping OTT ID 215378 taxonomy "Caulanthus inflatus->Caulanthus->Schizopetaleae->Brassicaceae->Brassicales->malvids->rosids->Pentapetalae->Gunneridae->eudicotyledons->Mesangiospermae->Magnoliophyta->Spermatophyta->Euphyllophyta->Tracheophyta->Embryophyta->Streptophytina->Streptophyta->Chloroplastida->Archaeplastida->Eukaryota->cellular organisms->life" nexsonid "node733372"
pgloadind     taxon mapping OTT ID 619568 taxonomy "Streptanthus glandulosus subsp. albidus->Streptanthus glandulosus->Streptanthus->Thelypodieae->Brassicaceae->Brassicales->malvids->rosids->Pentapetalae->Gunneridae->eudicotyledons->Mesangiospermae->Magnoliophyta->Spermatophyta->Euphyllophyta->Tracheophyta->Embryophyta->Streptophytina->Streptophyta->Chloroplastida->Archaeplastida->Eukaryota->cellular organisms->life" nexsonid "node733373"
pgloadind     taxon mapping OTT ID 605248 taxonomy "Sisymbrium altissimum->Sisymbrium->Sisymbrieae->Brassicaceae->Brassicales->malvids->rosids->Pentapetalae->Gunneridae->eudicotyledons->Mesangiospermae->Magnoliophyta->Spermatophyta->Euphyllophyta->Tracheophyta->Embryophyta->Streptophytina->Streptophyta->Chloroplastida->Archaeplastida->Eukaryota->cellular organisms->life" nexsonid "node733383"
pgloadind     taxon mapping OTT ID 558907 taxonomy "Sisymbrium brassiciforme->Sisymbrium->Sisymbrieae->Brassicaceae->Brassicales->malvids->rosids->Pentapetalae->Gunneridae->eudicotyledons->Mesangiospermae->Magnoliophyta->Spermatophyta->Euphyllophyta->Tracheophyta->Embryophyta->Streptophytina->Streptophyta->Chloroplastida->Archaeplastida->Eukaryota->cellular organisms->life" nexsonid "node733385"
pgloadind     taxon mapping OTT ID 1073978 taxonomy "Schoenocrambe linifolia->Schoenocrambe->Sisymbrieae->Brassicaceae->Brassicales->malvids->rosids->Pentapetalae->Gunneridae->eudicotyledons->Mesangiospermae->Magnoliophyta->Spermatophyta->Euphyllophyta->Tracheophyta->Embryophyta->Streptophytina->Streptophyta->Chloroplastida->Archaeplastida->Eukaryota->cellular organisms->life" nexsonid "node733386"
pgloadind     taxon mapping OTT ID 540605 taxonomy "Isatis gymnocarpa->Isatis->Isatideae->Brassicaceae->Brassicales->malvids->rosids->Pentapetalae->Gunneridae->eudicotyledons->Mesangiospermae->Magnoliophyta->Spermatophyta->Euphyllophyta->Tracheophyta->Embryophyta->Streptophytina->Streptophyta->Chloroplastida->Archaeplastida->Eukaryota->cellular organisms->life" nexsonid "node733388"
pgloadind     taxon mapping OTT ID 631500 taxonomy "Isatis tinctoria->Isatis->Isatideae->Brassicaceae->Brassicales->malvids->rosids->Pentapetalae->Gunneridae->eudicotyledons->Mesangiospermae->Magnoliophyta->Spermatophyta->Euphyllophyta->Tracheophyta->Embryophyta->Streptophytina->Streptophyta->Chloroplastida->Archaeplastida->Eukaryota->cellular organisms->life" nexsonid "node733390"
pgloadind     taxon mapping OTT ID 490446 taxonomy "Isatis quadrialata->Isatis->Isatideae->Brassicaceae->Brassicales->malvids->rosids->Pentapetalae->Gunneridae->eudicotyledons->Mesangiospermae->Magnoliophyta->Spermatophyta->Euphyllophyta->Tracheophyta->Embryophyta->Streptophytina->Streptophyta->Chloroplastida->Archaeplastida->Eukaryota->cellular organisms->life" nexsonid "node733391"
pgloadind     taxon mapping OTT ID 440665 taxonomy "Thlaspi perfoliatum->Thlaspi->Thlaspideae->Brassicaceae->Brassicales->malvids->rosids->Pentapetalae->Gunneridae->eudicotyledons->Mesangiospermae->Magnoliophyta->Spermatophyta->Euphyllophyta->Tracheophyta->Embryophyta->Streptophytina->Streptophyta->Chloroplastida->Archaeplastida->Eukaryota->cellular organisms->life" nexsonid "node733398"
pgloadind     taxon mapping OTT ID 746602 taxonomy "Noccaea caerulescens->Noccaea->Coluteocarpeae->Brassicaceae->Brassicales->malvids->rosids->Pentapetalae->Gunneridae->eudicotyledons->Mesangiospermae->Magnoliophyta->Spermatophyta->Euphyllophyta->Tracheophyta->Embryophyta->Streptophytina->Streptophyta->Chloroplastida->Archaeplastida->Eukaryota->cellular organisms->life" nexsonid "node733397"
pgloadind     taxon mapping OTT ID 397883 taxonomy "Thlaspi szowitsianum->Thlaspi->Thlaspideae->Brassicaceae->Brassicales->malvids->rosids->Pentapetalae->Gunneridae->eudicotyledons->Mesangiospermae->Magnoliophyta->Spermatophyta->Euphyllophyta->Tracheophyta->Embryophyta->Streptophytina->Streptophyta->Chloroplastida->Archaeplastida->Eukaryota->cellular organisms->life" nexsonid "node733399"
pgloadind     taxon mapping OTT ID 158570 taxonomy "Zuvanda crenulata->Zuvanda->Conringieae->Brassicaceae->Brassicales->malvids->rosids->Pentapetalae->Gunneridae->eudicotyledons->Mesangiospermae->Magnoliophyta->Spermatophyta->Euphyllophyta->Tracheophyta->Embryophyta->Streptophytina->Streptophyta->Chloroplastida->Archaeplastida->Eukaryota->cellular organisms->life" nexsonid "node733401"
pgloadind     taxon mapping OTT ID 288370 taxonomy "Conringia perfoliata->Conringia->Conringieae->Brassicaceae->Brassicales->malvids->rosids->Pentapetalae->Gunneridae->eudicotyledons->Mesangiospermae->Magnoliophyta->Spermatophyta->Euphyllophyta->Tracheophyta->Embryophyta->Streptophytina->Streptophyta->Chloroplastida->Archaeplastida->Eukaryota->cellular organisms->life" nexsonid "node733402"
pgloadind     taxon mapping OTT ID 756345 taxonomy "Teesdalia nudicaulis->Teesdalia->Iberideae->Brassicaceae->Brassicales->malvids->rosids->Pentapetalae->Gunneridae->eudicotyledons->Mesangiospermae->Magnoliophyta->Spermatophyta->Euphyllophyta->Tracheophyta->Embryophyta->Streptophytina->Streptophyta->Chloroplastida->Archaeplastida->Eukaryota->cellular organisms->life" nexsonid "node733403"
pgloadind     taxon mapping OTT ID 371676 taxonomy "Cithareloma lehmannii->Cithareloma->Anastaticeae->Brassicaceae->Brassicales->malvids->rosids->Pentapetalae->Gunneridae->eudicotyledons->Mesangiospermae->Magnoliophyta->Spermatophyta->Euphyllophyta->Tracheophyta->Embryophyta->Streptophytina->Streptophyta->Chloroplastida->Archaeplastida->Eukaryota->cellular organisms->life" nexsonid "node733408"
pgloadind     taxon mapping OTT ID 56286 taxonomy "Malcolmia littorea->Malcolmia->Anastaticeae->Brassicaceae->Brassicales->malvids->rosids->Pentapetalae->Gunneridae->eudicotyledons->Mesangiospermae->Magnoliophyta->Spermatophyta->Euphyllophyta->Tracheophyta->Embryophyta->Streptophytina->Streptophyta->Chloroplastida->Archaeplastida->Eukaryota->cellular organisms->life" nexsonid "node733409"
pgloadind     taxon mapping OTT ID 299720 taxonomy "Iberis amara->Iberis->Iberideae->Brassicaceae->Brassicales->malvids->rosids->Pentapetalae->Gunneridae->eudicotyledons->Mesangiospermae->Magnoliophyta->Spermatophyta->Euphyllophyta->Tracheophyta->Embryophyta->Streptophytina->Streptophyta->Chloroplastida->Archaeplastida->Eukaryota->cellular organisms->life" nexsonid "node733410"
pgloadind     taxon mapping OTT ID 993405 taxonomy "Megacarpaea megalocarpa->Megacarpaea->Megacarpaeeae->Brassicaceae->Brassicales->malvids->rosids->Pentapetalae->Gunneridae->eudicotyledons->Mesangiospermae->Magnoliophyta->Spermatophyta->Euphyllophyta->Tracheophyta->Embryophyta->Streptophytina->Streptophyta->Chloroplastida->Archaeplastida->Eukaryota->cellular organisms->life" nexsonid "node733413"
pgloadind     taxon mapping OTT ID 826344 taxonomy "Pugionium pterocarpum->Pugionium->Megacarpaeeae->Brassicaceae->Brassicales->malvids->rosids->Pentapetalae->Gunneridae->eudicotyledons->Mesangiospermae->Magnoliophyta->Spermatophyta->Euphyllophyta->Tracheophyta->Embryophyta->Streptophytina->Streptophyta->Chloroplastida->Archaeplastida->Eukaryota->cellular organisms->life" nexsonid "node733414"
pgloadind     taxon mapping OTT ID 440653 taxonomy "Ionopsidium prolongoi->Ionopsidium->Cochlearieae->Brassicaceae->Brassicales->malvids->rosids->Pentapetalae->Gunneridae->eudicotyledons->Mesangiospermae->Magnoliophyta->Spermatophyta->Euphyllophyta->Tracheophyta->Embryophyta->Streptophytina->Streptophyta->Chloroplastida->Archaeplastida->Eukaryota->cellular organisms->life" nexsonid "node733417"
pgloadind     taxon mapping OTT ID 440670 taxonomy "Cochlearia danica->Cochlearia->Cochlearieae->Brassicaceae->Brassicales->malvids->rosids->Pentapetalae->Gunneridae->eudicotyledons->Mesangiospermae->Magnoliophyta->Spermatophyta->Euphyllophyta->Tracheophyta->Embryophyta->Streptophytina->Streptophyta->Chloroplastida->Archaeplastida->Eukaryota->cellular organisms->life" nexsonid "node733418"
pgloadind     taxon mapping OTT ID 401191 taxonomy "Heliophila arenaria->Heliophila->Heliophileae->Brassicaceae->Brassicales->malvids->rosids->Pentapetalae->Gunneridae->eudicotyledons->Mesangiospermae->Magnoliophyta->Spermatophyta->Euphyllophyta->Tracheophyta->Embryophyta->Streptophytina->Streptophyta->Chloroplastida->Archaeplastida->Eukaryota->cellular organisms->life" nexsonid "node733420"
pgloadind     taxon mapping OTT ID 994188 taxonomy "Heliophila coronopifolia->Heliophila->Heliophileae->Brassicaceae->Brassicales->malvids->rosids->Pentapetalae->Gunneridae->eudicotyledons->Mesangiospermae->Magnoliophyta->Spermatophyta->Euphyllophyta->Tracheophyta->Embryophyta->Streptophytina->Streptophyta->Chloroplastida->Archaeplastida->Eukaryota->cellular organisms->life" nexsonid "node733421"
pgloadind     taxon mapping OTT ID 1012943 taxonomy "Aphragmus involucratus->Aphragmus->Aphragmeae->Brassicaceae->Brassicales->malvids->rosids->Pentapetalae->Gunneridae->eudicotyledons->Mesangiospermae->Magnoliophyta->Spermatophyta->Euphyllophyta->Tracheophyta->Embryophyta->Streptophytina->Streptophyta->Chloroplastida->Archaeplastida->Eukaryota->cellular organisms->life" nexsonid "node733424"
pgloadind     taxon mapping OTT ID 58909 taxonomy "Aphragmus eschscholtzianus->Aphragmus->Aphragmeae->Brassicaceae->Brassicales->malvids->rosids->Pentapetalae->Gunneridae->eudicotyledons->Mesangiospermae->Magnoliophyta->Spermatophyta->Euphyllophyta->Tracheophyta->Embryophyta->Streptophytina->Streptophyta->Chloroplastida->Archaeplastida->Eukaryota->cellular organisms->life" nexsonid "node733425"
pgloadind     taxon mapping OTT ID 36287 taxonomy "Erysimum cheiranthoides->Erysimum->Erysimeae->Brassicaceae->Brassicales->malvids->rosids->Pentapetalae->Gunneridae->eudicotyledons->Mesangiospermae->Magnoliophyta->Spermatophyta->Euphyllophyta->Tracheophyta->Embryophyta->Streptophytina->Streptophyta->Chloroplastida->Archaeplastida->Eukaryota->cellular organisms->life" nexsonid "node733439"
pgloadind     taxon mapping OTT ID 1094390 taxonomy "Erysimum siliculosum->Erysimum->Erysimeae->Brassicaceae->Brassicales->malvids->rosids->Pentapetalae->Gunneridae->eudicotyledons->Mesangiospermae->Magnoliophyta->Spermatophyta->Euphyllophyta->Tracheophyta->Embryophyta->Streptophytina->Streptophyta->Chloroplastida->Archaeplastida->Eukaryota->cellular organisms->life" nexsonid "node733441"
pgloadind     taxon mapping OTT ID 1094392 taxonomy "Erysimum mongolicum->Erysimum->Erysimeae->Brassicaceae->Brassicales->malvids->rosids->Pentapetalae->Gunneridae->eudicotyledons->Mesangiospermae->Magnoliophyta->Spermatophyta->Euphyllophyta->Tracheophyta->Embryophyta->Streptophytina->Streptophyta->Chloroplastida->Archaeplastida->Eukaryota->cellular organisms->life" nexsonid "node733442"
pgloadind     taxon mapping OTT ID 407496 taxonomy "Turritis glabra->Turritis->Turritideae->Brassicaceae->Brassicales->malvids->rosids->Pentapetalae->Gunneridae->eudicotyledons->Mesangiospermae->Magnoliophyta->Spermatophyta->Euphyllophyta->Tracheophyta->Embryophyta->Streptophytina->Streptophyta->Chloroplastida->Archaeplastida->Eukaryota->cellular organisms->life" nexsonid "node733445"
pgloadind     taxon mapping OTT ID 23536 taxonomy "Mancoa bracteata->Mancoa->Halimolobeae->Brassicaceae->Brassicales->malvids->rosids->Pentapetalae->Gunneridae->eudicotyledons->Mesangiospermae->Magnoliophyta->Spermatophyta->Euphyllophyta->Tracheophyta->Embryophyta->Streptophytina->Streptophyta->Chloroplastida->Archaeplastida->Eukaryota->cellular organisms->life" nexsonid "node733448"
pgloadind     taxon mapping OTT ID 39758 taxonomy "Sphaerocardamum nesliiforme->Sphaerocardamum->Halimolobeae->Brassicaceae->Brassicales->malvids->rosids->Pentapetalae->Gunneridae->eudicotyledons->Mesangiospermae->Magnoliophyta->Spermatophyta->Euphyllophyta->Tracheophyta->Embryophyta->Streptophytina->Streptophyta->Chloroplastida->Archaeplastida->Eukaryota->cellular organisms->life" nexsonid "node733450"
pgloadind     taxon mapping OTT ID 1090954 taxonomy "Halimolobos diffusus->Halimolobos->Halimolobeae->Brassicaceae->Brassicales->malvids->rosids->Pentapetalae->Gunneridae->eudicotyledons->Mesangiospermae->Magnoliophyta->Spermatophyta->Euphyllophyta->Tracheophyta->Embryophyta->Streptophytina->Streptophyta->Chloroplastida->Archaeplastida->Eukaryota->cellular organisms->life" nexsonid "node733451"
pgloadind     taxon mapping OTT ID 559283 taxonomy "Pachycladon wallii->Pachycladon->Microlepidieae->Brassicaceae->Brassicales->malvids->rosids->Pentapetalae->Gunneridae->eudicotyledons->Mesangiospermae->Magnoliophyta->Spermatophyta->Euphyllophyta->Tracheophyta->Embryophyta->Streptophytina->Streptophyta->Chloroplastida->Archaeplastida->Eukaryota->cellular organisms->life" nexsonid "node733454"
pgloadind     taxon mapping OTT ID 1094401 taxonomy "Irenepharsus magicus->Irenepharsus->Microlepidieae->Brassicaceae->Brassicales->malvids->rosids->Pentapetalae->Gunneridae->eudicotyledons->Mesangiospermae->Magnoliophyta->Spermatophyta->Euphyllophyta->Tracheophyta->Embryophyta->Streptophytina->Streptophyta->Chloroplastida->Archaeplastida->Eukaryota->cellular organisms->life" nexsonid "node733455"
pgloadind     taxon mapping OTT ID 95699 taxonomy "Alyssum klimesii->Alyssum->Alysseae->Brassicaceae->Brassicales->malvids->rosids->Pentapetalae->Gunneridae->eudicotyledons->Mesangiospermae->Magnoliophyta->Spermatophyta->Euphyllophyta->Tracheophyta->Embryophyta->Streptophytina->Streptophyta->Chloroplastida->Archaeplastida->Eukaryota->cellular organisms->life" nexsonid "node733458"
pgloadind     taxon mapping OTT ID 1063763 taxonomy "Crucihimalaya mollissima->Crucihimalaya->Crucihimalayeae->Brassicaceae->Brassicales->malvids->rosids->Pentapetalae->Gunneridae->eudicotyledons->Mesangiospermae->Magnoliophyta->Spermatophyta->Euphyllophyta->Tracheophyta->Embryophyta->Streptophytina->Streptophyta->Chloroplastida->Archaeplastida->Eukaryota->cellular organisms->life" nexsonid "node733461"
pgloadind     taxon mapping OTT ID 550046 taxonomy "Crucihimalaya wallichii->Crucihimalaya->Crucihimalayeae->Brassicaceae->Brassicales->malvids->rosids->Pentapetalae->Gunneridae->eudicotyledons->Mesangiospermae->Magnoliophyta->Spermatophyta->Euphyllophyta->Tracheophyta->Embryophyta->Streptophytina->Streptophyta->Chloroplastida->Archaeplastida->Eukaryota->cellular organisms->life" nexsonid "node733463"
pgloadind     taxon mapping OTT ID 567796 taxonomy "Crucihimalaya tibetica->Crucihimalaya->Crucihimalayeae->Brassicaceae->Brassicales->malvids->rosids->Pentapetalae->Gunneridae->eudicotyledons->Mesangiospermae->Magnoliophyta->Spermatophyta->Euphyllophyta->Tracheophyta->Embryophyta->Streptophytina->Streptophyta->Chloroplastida->Archaeplastida->Eukaryota->cellular organisms->life" nexsonid "node733464"
pgloadind     taxon mapping OTT ID 534401 taxonomy "Transberingia bursifolia->Transberingia->Crucihimalayeae->Brassicaceae->Brassicales->malvids->rosids->Pentapetalae->Gunneridae->eudicotyledons->Mesangiospermae->Magnoliophyta->Spermatophyta->Euphyllophyta->Tracheophyta->Embryophyta->Streptophytina->Streptophyta->Chloroplastida->Archaeplastida->Eukaryota->cellular organisms->life" nexsonid "node733465"
pgloadind     taxon mapping OTT ID 126880 taxonomy "Crucihimalaya rupicola->Crucihimalaya->Crucihimalayeae->Brassicaceae->Brassicales->malvids->rosids->Pentapetalae->Gunneridae->eudicotyledons->Mesangiospermae->Magnoliophyta->Spermatophyta->Euphyllophyta->Tracheophyta->Embryophyta->Streptophytina->Streptophyta->Chloroplastida->Archaeplastida->Eukaryota->cellular organisms->life" nexsonid "node733466"
pgloadind     taxon mapping OTT ID 991633 taxonomy "Physaria didymocarpa->Physaria->Physarieae->Brassicaceae->Brassicales->malvids->rosids->Pentapetalae->Gunneridae->eudicotyledons->Mesangiospermae->Magnoliophyta->Spermatophyta->Euphyllophyta->Tracheophyta->Embryophyta->Streptophytina->Streptophyta->Chloroplastida->Archaeplastida->Eukaryota->cellular organisms->life" nexsonid "node733468"
pgloadind     taxon mapping OTT ID 991628 taxonomy "Synthlipsis greggii->Synthlipsis->Physarieae->Brassicaceae->Brassicales->malvids->rosids->Pentapetalae->Gunneridae->eudicotyledons->Mesangiospermae->Magnoliophyta->Spermatophyta->Euphyllophyta->Tracheophyta->Embryophyta->Streptophytina->Streptophyta->Chloroplastida->Archaeplastida->Eukaryota->cellular organisms->life" nexsonid "node733470"
pgloadind     taxon mapping OTT ID 146312 taxonomy "Lyrocarpa coulteri->Lyrocarpa->Physarieae->Brassicaceae->Brassicales->malvids->rosids->Pentapetalae->Gunneridae->eudicotyledons->Mesangiospermae->Magnoliophyta->Spermatophyta->Euphyllophyta->Tracheophyta->Embryophyta->Streptophytina->Streptophyta->Chloroplastida->Archaeplastida->Eukaryota->cellular organisms->life" nexsonid "node733471"
pgloadind     taxon mapping OTT ID 602260 taxonomy "Sandbergia perplexa->Sandbergia->Boechereae->Brassicaceae->Brassicales->malvids->rosids->Pentapetalae->Gunneridae->eudicotyledons->Mesangiospermae->Magnoliophyta->Spermatophyta->Euphyllophyta->Tracheophyta->Embryophyta->Streptophytina->Streptophyta->Chloroplastida->Archaeplastida->Eukaryota->cellular organisms->life" nexsonid "node733473"
pgloadind     taxon mapping OTT ID 238618 taxonomy "Boechera stricta->Boechera->Boechereae->Brassicaceae->Brassicales->malvids->rosids->Pentapetalae->Gunneridae->eudicotyledons->Mesangiospermae->Magnoliophyta->Spermatophyta->Euphyllophyta->Tracheophyta->Embryophyta->Streptophytina->Streptophyta->Chloroplastida->Archaeplastida->Eukaryota->cellular organisms->life" nexsonid "node733476"
pgloadind     taxon mapping OTT ID 1073984 taxonomy "Boechera pinetorum->Boechera holboellii->Boechera->Boechereae->Brassicaceae->Brassicales->malvids->rosids->Pentapetalae->Gunneridae->eudicotyledons->Mesangiospermae->Magnoliophyta->Spermatophyta->Euphyllophyta->Tracheophyta->Embryophyta->Streptophytina->Streptophyta->Chloroplastida->Archaeplastida->Eukaryota->cellular organisms->life" nexsonid "node733477"
pgloadind     taxon mapping OTT ID 567802 taxonomy "Borodinia macrophylla->Borodinia->Boechereae->Brassicaceae->Brassicales->malvids->rosids->Pentapetalae->Gunneridae->eudicotyledons->Mesangiospermae->Magnoliophyta->Spermatophyta->Euphyllophyta->Tracheophyta->Embryophyta->Streptophytina->Streptophyta->Chloroplastida->Archaeplastida->Eukaryota->cellular organisms->life" nexsonid "node733478"
pgloadind     taxon mapping OTT ID 309263 taxonomy "Arabidopsis thaliana->Arabidopsis->Camelineae->Brassicaceae->Brassicales->malvids->rosids->Pentapetalae->Gunneridae->eudicotyledons->Mesangiospermae->Magnoliophyta->Spermatophyta->Euphyllophyta->Tracheophyta->Embryophyta->Streptophytina->Streptophyta->Chloroplastida->Archaeplastida->Eukaryota->cellular organisms->life" nexsonid "node733481"
pgloadind     taxon mapping OTT ID 212322 taxonomy "Olimarabidopsis pumila->Olimarabidopsis->Alyssopsideae->Brassicaceae->Brassicales->malvids->rosids->Pentapetalae->Gunneridae->eudicotyledons->Mesangiospermae->Magnoliophyta->Spermatophyta->Euphyllophyta->Tracheophyta->Embryophyta->Streptophytina->Streptophyta->Chloroplastida->Archaeplastida->Eukaryota->cellular organisms->life" nexsonid "node733488"
pgloadind     taxon mapping OTT ID 707241 taxonomy "Olimarabidopsis cabulica->Olimarabidopsis->Alyssopsideae->Brassicaceae->Brassicales->malvids->rosids->Pentapetalae->Gunneridae->eudicotyledons->Mesangiospermae->Magnoliophyta->Spermatophyta->Euphyllophyta->Tracheophyta->Embryophyta->Streptophytina->Streptophyta->Chloroplastida->Archaeplastida->Eukaryota->cellular organisms->life" nexsonid "node733489"
pgloadind     taxon mapping OTT ID 88883 taxonomy "Calymmatium draboides->Calymmatium->Alyssopsideae->Brassicaceae->Brassicales->malvids->rosids->Pentapetalae->Gunneridae->eudicotyledons->Mesangiospermae->Magnoliophyta->Spermatophyta->Euphyllophyta->Tracheophyta->Embryophyta->Streptophytina->Streptophyta->Chloroplastida->Archaeplastida->Eukaryota->cellular organisms->life" nexsonid "node733485"
pgloadind     taxon mapping OTT ID 856378 taxonomy "Chrysochamela velutina->Chrysochamela->Camelineae->Brassicaceae->Brassicales->malvids->rosids->Pentapetalae->Gunneridae->eudicotyledons->Mesangiospermae->Magnoliophyta->Spermatophyta->Euphyllophyta->Tracheophyta->Embryophyta->Streptophytina->Streptophyta->Chloroplastida->Archaeplastida->Eukaryota->cellular organisms->life" nexsonid "node733490"
pgloadind     taxon mapping OTT ID 682496 taxonomy "Catolobus pendulus->Catolobus->Camelineae->Brassicaceae->Brassicales->malvids->rosids->Pentapetalae->Gunneridae->eudicotyledons->Mesangiospermae->Magnoliophyta->Spermatophyta->Euphyllophyta->Tracheophyta->Embryophyta->Streptophytina->Streptophyta->Chloroplastida->Archaeplastida->Eukaryota->cellular organisms->life" nexsonid "node733493"
pgloadind     taxon mapping OTT ID 19798 taxonomy "Capsella rubella->Capsella->Camelineae->Brassicaceae->Brassicales->malvids->rosids->Pentapetalae->Gunneridae->eudicotyledons->Mesangiospermae->Magnoliophyta->Spermatophyta->Euphyllophyta->Tracheophyta->Embryophyta->Streptophytina->Streptophyta->Chloroplastida->Archaeplastida->Eukaryota->cellular organisms->life" nexsonid "node733494"
pgloadind     taxon mapping OTT ID 502918 taxonomy "Camelina microcarpa->Camelina->Camelineae->Brassicaceae->Brassicales->malvids->rosids->Pentapetalae->Gunneridae->eudicotyledons->Mesangiospermae->Magnoliophyta->Spermatophyta->Euphyllophyta->Tracheophyta->Embryophyta->Streptophytina->Streptophyta->Chloroplastida->Archaeplastida->Eukaryota->cellular organisms->life" nexsonid "node733496"
pgloadind     taxon mapping OTT ID 991635 taxonomy "Pseudoarabidopsis toxophylla->Pseudoarabidopsis->Camelineae->Brassicaceae->Brassicales->malvids->rosids->Pentapetalae->Gunneridae->eudicotyledons->Mesangiospermae->Magnoliophyta->Spermatophyta->Euphyllophyta->Tracheophyta->Embryophyta->Streptophytina->Streptophyta->Chloroplastida->Archaeplastida->Eukaryota->cellular organisms->life" nexsonid "node733497"
pgloadind     taxon mapping OTT ID 95271 taxonomy "Smelowskia jacutica->Smelowskia->Smelowskieae->Brassicaceae->Brassicales->malvids->rosids->Pentapetalae->Gunneridae->eudicotyledons->Mesangiospermae->Magnoliophyta->Spermatophyta->Euphyllophyta->Tracheophyta->Embryophyta->Streptophytina->Streptophyta->Chloroplastida->Archaeplastida->Eukaryota->cellular organisms->life" nexsonid "node733501"
pgloadind     taxon mapping OTT ID 263500 taxonomy "Smelowskia flavissima->Smelowskia->Smelowskieae->Brassicaceae->Brassicales->malvids->rosids->Pentapetalae->Gunneridae->eudicotyledons->Mesangiospermae->Magnoliophyta->Spermatophyta->Euphyllophyta->Tracheophyta->Embryophyta->Streptophytina->Streptophyta->Chloroplastida->Archaeplastida->Eukaryota->cellular organisms->life" nexsonid "node733502"
pgloadind     taxon mapping OTT ID 263508 taxonomy "Smelowskia tibetica->Smelowskia->Smelowskieae->Brassicaceae->Brassicales->malvids->rosids->Pentapetalae->Gunneridae->eudicotyledons->Mesangiospermae->Magnoliophyta->Spermatophyta->Euphyllophyta->Tracheophyta->Embryophyta->Streptophytina->Streptophyta->Chloroplastida->Archaeplastida->Eukaryota->cellular organisms->life" nexsonid "node733503"
pgloadind     taxon mapping OTT ID 966209 taxonomy "Yinshania henryi->Yinshania->Yinshanieae->Brassicaceae->Brassicales->malvids->rosids->Pentapetalae->Gunneridae->eudicotyledons->Mesangiospermae->Magnoliophyta->Spermatophyta->Euphyllophyta->Tracheophyta->Embryophyta->Streptophytina->Streptophyta->Chloroplastida->Archaeplastida->Eukaryota->cellular organisms->life" nexsonid "node733506"
pgloadind     taxon mapping OTT ID 733171 taxonomy "Hornungia petraea->Hornungia->Descurainieae->Brassicaceae->Brassicales->malvids->rosids->Pentapetalae->Gunneridae->eudicotyledons->Mesangiospermae->Magnoliophyta->Spermatophyta->Euphyllophyta->Tracheophyta->Embryophyta->Streptophytina->Streptophyta->Chloroplastida->Archaeplastida->Eukaryota->cellular organisms->life" nexsonid "node733508"
pgloadind     taxon mapping OTT ID 34448 taxonomy "Descurainia pinnata->Descurainia->Descurainieae->Brassicaceae->Brassicales->malvids->rosids->Pentapetalae->Gunneridae->eudicotyledons->Mesangiospermae->Magnoliophyta->Spermatophyta->Euphyllophyta->Tracheophyta->Embryophyta->Streptophytina->Streptophyta->Chloroplastida->Archaeplastida->Eukaryota->cellular organisms->life" nexsonid "node733510"
pgloadind     taxon mapping OTT ID 146298 taxonomy "Ianhedgea minutiflora->Ianhedgea->Descurainieae->Brassicaceae->Brassicales->malvids->rosids->Pentapetalae->Gunneridae->eudicotyledons->Mesangiospermae->Magnoliophyta->Spermatophyta->Euphyllophyta->Tracheophyta->Embryophyta->Streptophytina->Streptophyta->Chloroplastida->Archaeplastida->Eukaryota->cellular organisms->life" nexsonid "node733511"
pgloadind     taxon mapping OTT ID 1049380 taxonomy "Stubendorffia gracilis->Stubendorffia->Lepidieae->Brassicaceae->Brassicales->malvids->rosids->Pentapetalae->Gunneridae->eudicotyledons->Mesangiospermae->Magnoliophyta->Spermatophyta->Euphyllophyta->Tracheophyta->Embryophyta->Streptophytina->Streptophyta->Chloroplastida->Archaeplastida->Eukaryota->cellular organisms->life" nexsonid "node733513"
pgloadind     taxon mapping OTT ID 629285 taxonomy "Lepidium ruderale->Lepidium->Lepidieae->Brassicaceae->Brassicales->malvids->rosids->Pentapetalae->Gunneridae->eudicotyledons->Mesangiospermae->Magnoliophyta->Spermatophyta->Euphyllophyta->Tracheophyta->Embryophyta->Streptophytina->Streptophyta->Chloroplastida->Archaeplastida->Eukaryota->cellular organisms->life" nexsonid "node733516"
pgloadind     taxon mapping OTT ID 1043744 taxonomy "Lepidium paniculatum->Lepidium->Lepidieae->Brassicaceae->Brassicales->malvids->rosids->Pentapetalae->Gunneridae->eudicotyledons->Mesangiospermae->Magnoliophyta->Spermatophyta->Euphyllophyta->Tracheophyta->Embryophyta->Streptophytina->Streptophyta->Chloroplastida->Archaeplastida->Eukaryota->cellular organisms->life" nexsonid "node733517"
pgloadind     taxon mapping OTT ID 209750 taxonomy "Lepidium draba->Lepidium->Lepidieae->Brassicaceae->Brassicales->malvids->rosids->Pentapetalae->Gunneridae->eudicotyledons->Mesangiospermae->Magnoliophyta->Spermatophyta->Euphyllophyta->Tracheophyta->Embryophyta->Streptophytina->Streptophyta->Chloroplastida->Archaeplastida->Eukaryota->cellular organisms->life" nexsonid "node733518"
pgloadind     taxon mapping OTT ID 1082739 taxonomy "Rorippa sylvestris->Rorippa->Cardamineae->Brassicaceae->Brassicales->malvids->rosids->Pentapetalae->Gunneridae->eudicotyledons->Mesangiospermae->Magnoliophyta->Spermatophyta->Euphyllophyta->Tracheophyta->Embryophyta->Streptophytina->Streptophyta->Chloroplastida->Archaeplastida->Eukaryota->cellular organisms->life" nexsonid "node733432"
pgloadind     taxon mapping OTT ID 412617 taxonomy "Nasturtium microphyllum->Nasturtium->Cardamineae->Brassicaceae->Brassicales->malvids->rosids->Pentapetalae->Gunneridae->eudicotyledons->Mesangiospermae->Magnoliophyta->Spermatophyta->Euphyllophyta->Tracheophyta->Embryophyta->Streptophytina->Streptophyta->Chloroplastida->Archaeplastida->Eukaryota->cellular organisms->life" nexsonid "node733434"
pgloadind     taxon mapping OTT ID 575640 taxonomy "Cardamine bellidifolia->Cardamine->Cardamineae->Brassicaceae->Brassicales->malvids->rosids->Pentapetalae->Gunneridae->eudicotyledons->Mesangiospermae->Magnoliophyta->Spermatophyta->Euphyllophyta->Tracheophyta->Embryophyta->Streptophytina->Streptophyta->Chloroplastida->Archaeplastida->Eukaryota->cellular organisms->life" nexsonid "node733435"
pgloadind     taxon mapping OTT ID 622451 taxonomy "Berteroa incana->Berteroa->Alysseae->Brassicaceae->Brassicales->malvids->rosids->Pentapetalae->Gunneridae->eudicotyledons->Mesangiospermae->Magnoliophyta->Spermatophyta->Euphyllophyta->Tracheophyta->Embryophyta->Streptophytina->Streptophyta->Chloroplastida->Archaeplastida->Eukaryota->cellular organisms->life" nexsonid "node733524"
pgloadind     taxon mapping OTT ID 770825 taxonomy "Galitzkya spathulata->Galitzkya->Alysseae->Brassicaceae->Brassicales->malvids->rosids->Pentapetalae->Gunneridae->eudicotyledons->Mesangiospermae->Magnoliophyta->Spermatophyta->Euphyllophyta->Tracheophyta->Embryophyta->Streptophytina->Streptophyta->Chloroplastida->Archaeplastida->Eukaryota->cellular organisms->life" nexsonid "node733526"
pgloadind     taxon mapping OTT ID 770815 taxonomy "Galitzkya potaninii->Galitzkya->Alysseae->Brassicaceae->Brassicales->malvids->rosids->Pentapetalae->Gunneridae->eudicotyledons->Mesangiospermae->Magnoliophyta->Spermatophyta->Euphyllophyta->Tracheophyta->Embryophyta->Streptophytina->Streptophyta->Chloroplastida->Archaeplastida->Eukaryota->cellular organisms->life" nexsonid "node733527"
pgloadind     taxon mapping OTT ID 580546 taxonomy "Aurinia saxatilis->Aurinia->Alysseae->Brassicaceae->Brassicales->malvids->rosids->Pentapetalae->Gunneridae->eudicotyledons->Mesangiospermae->Magnoliophyta->Spermatophyta->Euphyllophyta->Tracheophyta->Embryophyta->Streptophytina->Streptophyta->Chloroplastida->Archaeplastida->Eukaryota->cellular organisms->life" nexsonid "node733528"
pgloadind     taxon mapping OTT ID 143368 taxonomy "Alyssum cypricum->Alyssum->Alysseae->Brassicaceae->Brassicales->malvids->rosids->Pentapetalae->Gunneridae->eudicotyledons->Mesangiospermae->Magnoliophyta->Spermatophyta->Euphyllophyta->Tracheophyta->Embryophyta->Streptophytina->Streptophyta->Chloroplastida->Archaeplastida->Eukaryota->cellular organisms->life" nexsonid "node733531"
pgloadind     taxon mapping OTT ID 431379 taxonomy "Alyssum obovatum->Alyssum->Alysseae->Brassicaceae->Brassicales->malvids->rosids->Pentapetalae->Gunneridae->eudicotyledons->Mesangiospermae->Magnoliophyta->Spermatophyta->Euphyllophyta->Tracheophyta->Embryophyta->Streptophytina->Streptophyta->Chloroplastida->Archaeplastida->Eukaryota->cellular organisms->life" nexsonid "node733532"
pgloadind     taxon mapping OTT ID 790328 taxonomy "Clypeola aspera->Clypeola->Alysseae->Brassicaceae->Brassicales->malvids->rosids->Pentapetalae->Gunneridae->eudicotyledons->Mesangiospermae->Magnoliophyta->Spermatophyta->Euphyllophyta->Tracheophyta->Embryophyta->Streptophytina->Streptophyta->Chloroplastida->Archaeplastida->Eukaryota->cellular organisms->life" nexsonid "node733534"
pgloadind     taxon mapping OTT ID 431375 taxonomy "Alyssum linifolium->Alyssum->Alysseae->Brassicaceae->Brassicales->malvids->rosids->Pentapetalae->Gunneridae->eudicotyledons->Mesangiospermae->Magnoliophyta->Spermatophyta->Euphyllophyta->Tracheophyta->Embryophyta->Streptophytina->Streptophyta->Chloroplastida->Archaeplastida->Eukaryota->cellular organisms->life" nexsonid "node733535"
pgloadind     taxon mapping OTT ID 770817 taxonomy "Fibigia suffruticosa->Fibigia->Alysseae->Brassicaceae->Brassicales->malvids->rosids->Pentapetalae->Gunneridae->eudicotyledons->Mesangiospermae->Magnoliophyta->Spermatophyta->Euphyllophyta->Tracheophyta->Embryophyta->Streptophytina->Streptophyta->Chloroplastida->Archaeplastida->Eukaryota->cellular organisms->life" nexsonid "node733537"
pgloadind     taxon mapping OTT ID 19455 taxonomy "Fibigia clypeata->Fibigia->Alysseae->Brassicaceae->Brassicales->malvids->rosids->Pentapetalae->Gunneridae->eudicotyledons->Mesangiospermae->Magnoliophyta->Spermatophyta->Euphyllophyta->Tracheophyta->Embryophyta->Streptophytina->Streptophyta->Chloroplastida->Archaeplastida->Eukaryota->cellular organisms->life" nexsonid "node733539"
pgloadind     taxon mapping OTT ID 1094386 taxonomy "Fibigia spathulata->Fibigia->Alysseae->Brassicaceae->Brassicales->malvids->rosids->Pentapetalae->Gunneridae->eudicotyledons->Mesangiospermae->Magnoliophyta->Spermatophyta->Euphyllophyta->Tracheophyta->Embryophyta->Streptophytina->Streptophyta->Chloroplastida->Archaeplastida->Eukaryota->cellular organisms->life" nexsonid "node733540"
pgloadind     taxon mapping OTT ID 19439 taxonomy "Degenia velebitica->Degenia->Alysseae->Brassicaceae->Brassicales->malvids->rosids->Pentapetalae->Gunneridae->eudicotyledons->Mesangiospermae->Magnoliophyta->Spermatophyta->Euphyllophyta->Tracheophyta->Embryophyta->Streptophytina->Streptophyta->Chloroplastida->Archaeplastida->Eukaryota->cellular organisms->life" nexsonid "node733542"
pgloadind     taxon mapping OTT ID 1094381 taxonomy "Hormathophylla purpurea->Hormathophylla->Alysseae->Brassicaceae->Brassicales->malvids->rosids->Pentapetalae->Gunneridae->eudicotyledons->Mesangiospermae->Magnoliophyta->Spermatophyta->Euphyllophyta->Tracheophyta->Embryophyta->Streptophytina->Streptophyta->Chloroplastida->Archaeplastida->Eukaryota->cellular organisms->life" nexsonid "node733543"
pgloadind     taxon mapping OTT ID 1087122 taxonomy "Alyssum montanum->Alyssum->Alysseae->Brassicaceae->Brassicales->malvids->rosids->Pentapetalae->Gunneridae->eudicotyledons->Mesangiospermae->Magnoliophyta->Spermatophyta->Euphyllophyta->Tracheophyta->Embryophyta->Streptophytina->Streptophyta->Chloroplastida->Archaeplastida->Eukaryota->cellular organisms->life" nexsonid "node733545"
pgloadind     taxon mapping OTT ID 957183 taxonomy "Alyssum dasycarpum->Alyssum->Alysseae->Brassicaceae->Brassicales->malvids->rosids->Pentapetalae->Gunneridae->eudicotyledons->Mesangiospermae->Magnoliophyta->Spermatophyta->Euphyllophyta->Tracheophyta->Embryophyta->Streptophytina->Streptophyta->Chloroplastida->Archaeplastida->Eukaryota->cellular organisms->life" nexsonid "node733547"
pgloadind     taxon mapping OTT ID 957165 taxonomy "Alyssum lenense->Alyssum->Alysseae->Brassicaceae->Brassicales->malvids->rosids->Pentapetalae->Gunneridae->eudicotyledons->Mesangiospermae->Magnoliophyta->Spermatophyta->Euphyllophyta->Tracheophyta->Embryophyta->Streptophytina->Streptophyta->Chloroplastida->Archaeplastida->Eukaryota->cellular organisms->life" nexsonid "node733548"
pgloadind     taxon mapping OTT ID 19803 taxonomy "Aubrieta deltoidea->Aubrieta->Arabideae->Brassicaceae->Brassicales->malvids->rosids->Pentapetalae->Gunneridae->eudicotyledons->Mesangiospermae->Magnoliophyta->Spermatophyta->Euphyllophyta->Tracheophyta->Embryophyta->Streptophytina->Streptophyta->Chloroplastida->Archaeplastida->Eukaryota->cellular organisms->life" nexsonid "node733552"
pgloadind     taxon mapping OTT ID 215997 taxonomy "Botschantzevia karatavica->Botschantzevia->Arabideae->Brassicaceae->Brassicales->malvids->rosids->Pentapetalae->Gunneridae->eudicotyledons->Mesangiospermae->Magnoliophyta->Spermatophyta->Euphyllophyta->Tracheophyta->Embryophyta->Streptophytina->Streptophyta->Chloroplastida->Archaeplastida->Eukaryota->cellular organisms->life" nexsonid "node733555"
pgloadind     taxon mapping OTT ID 46884 taxonomy "Arabis alaschanica->Arabis->Arabideae->Brassicaceae->Brassicales->malvids->rosids->Pentapetalae->Gunneridae->eudicotyledons->Mesangiospermae->Magnoliophyta->Spermatophyta->Euphyllophyta->Tracheophyta->Embryophyta->Streptophytina->Streptophyta->Chloroplastida->Archaeplastida->Eukaryota->cellular organisms->life" nexsonid "node733558"
pgloadind     taxon mapping OTT ID 733317 taxonomy "Arabis kamelinii->Arabis->Arabideae->Brassicaceae->Brassicales->malvids->rosids->Pentapetalae->Gunneridae->eudicotyledons->Mesangiospermae->Magnoliophyta->Spermatophyta->Euphyllophyta->Tracheophyta->Embryophyta->Streptophytina->Streptophyta->Chloroplastida->Archaeplastida->Eukaryota->cellular organisms->life" nexsonid "node733560"
pgloadind     taxon mapping OTT ID 126895 taxonomy "Arabis kokanica->Arabis->Arabideae->Brassicaceae->Brassicales->malvids->rosids->Pentapetalae->Gunneridae->eudicotyledons->Mesangiospermae->Magnoliophyta->Spermatophyta->Euphyllophyta->Tracheophyta->Embryophyta->Streptophytina->Streptophyta->Chloroplastida->Archaeplastida->Eukaryota->cellular organisms->life" nexsonid "node733561"
pgloadind     taxon mapping OTT ID 152270 taxonomy "Arabis blepharophylla->Arabis->Arabideae->Brassicaceae->Brassicales->malvids->rosids->Pentapetalae->Gunneridae->eudicotyledons->Mesangiospermae->Magnoliophyta->Spermatophyta->Euphyllophyta->Tracheophyta->Embryophyta->Streptophytina->Streptophyta->Chloroplastida->Archaeplastida->Eukaryota->cellular organisms->life" nexsonid "node733569"
pgloadind     taxon mapping OTT ID 221300 taxonomy "Pachyneurum grandiflorum->Pachyneurum->Arabideae->Brassicaceae->Brassicales->malvids->rosids->Pentapetalae->Gunneridae->eudicotyledons->Mesangiospermae->Magnoliophyta->Spermatophyta->Euphyllophyta->Tracheophyta->Embryophyta->Streptophytina->Streptophyta->Chloroplastida->Archaeplastida->Eukaryota->cellular organisms->life" nexsonid "node733567"
pgloadind     taxon mapping OTT ID 826346 taxonomy "Dendroarabis fruticulosa->Dendroarabis->Arabideae->Brassicaceae->Brassicales->malvids->rosids->Pentapetalae->Gunneridae->eudicotyledons->Mesangiospermae->Magnoliophyta->Spermatophyta->Euphyllophyta->Tracheophyta->Embryophyta->Streptophytina->Streptophyta->Chloroplastida->Archaeplastida->Eukaryota->cellular organisms->life" nexsonid "node733570"
pgloadind     taxon mapping OTT ID 35933 taxonomy "Arabis alpina->Arabis->Arabideae->Brassicaceae->Brassicales->malvids->rosids->Pentapetalae->Gunneridae->eudicotyledons->Mesangiospermae->Magnoliophyta->Spermatophyta->Euphyllophyta->Tracheophyta->Embryophyta->Streptophytina->Streptophyta->Chloroplastida->Archaeplastida->Eukaryota->cellular organisms->life" nexsonid "node733571"
pgloadind     taxon mapping OTT ID 222279 taxonomy "Erophila verna->Erophila->Arabideae->Brassicaceae->Brassicales->malvids->rosids->Pentapetalae->Gunneridae->eudicotyledons->Mesangiospermae->Magnoliophyta->Spermatophyta->Euphyllophyta->Tracheophyta->Embryophyta->Streptophytina->Streptophyta->Chloroplastida->Archaeplastida->Eukaryota->cellular organisms->life" nexsonid "node733574"
pgloadind     taxon mapping OTT ID 1090943 taxonomy "Draba nuda->Draba->Arabideae->Brassicaceae->Brassicales->malvids->rosids->Pentapetalae->Gunneridae->eudicotyledons->Mesangiospermae->Magnoliophyta->Spermatophyta->Euphyllophyta->Tracheophyta->Embryophyta->Streptophytina->Streptophyta->Chloroplastida->Archaeplastida->Eukaryota->cellular organisms->life" nexsonid "node733575"
pgloadind     taxon mapping OTT ID 332687 taxonomy "Draba oreades->Draba->Arabideae->Brassicaceae->Brassicales->malvids->rosids->Pentapetalae->Gunneridae->eudicotyledons->Mesangiospermae->Magnoliophyta->Spermatophyta->Euphyllophyta->Tracheophyta->Embryophyta->Streptophytina->Streptophyta->Chloroplastida->Archaeplastida->Eukaryota->cellular organisms->life" nexsonid "node733578"
pgloadind     taxon mapping OTT ID 483075 taxonomy "Draba doerfleri->Draba->Arabideae->Brassicaceae->Brassicales->malvids->rosids->Pentapetalae->Gunneridae->eudicotyledons->Mesangiospermae->Magnoliophyta->Spermatophyta->Euphyllophyta->Tracheophyta->Embryophyta->Streptophytina->Streptophyta->Chloroplastida->Archaeplastida->Eukaryota->cellular organisms->life" nexsonid "node733579"
pgloadind     taxon mapping OTT ID 1021935 taxonomy "Draba sibirica->Draba->Arabideae->Brassicaceae->Brassicales->malvids->rosids->Pentapetalae->Gunneridae->eudicotyledons->Mesangiospermae->Magnoliophyta->Spermatophyta->Euphyllophyta->Tracheophyta->Embryophyta->Streptophytina->Streptophyta->Chloroplastida->Archaeplastida->Eukaryota->cellular organisms->life" nexsonid "node733580"
pgloadind     taxon mapping OTT ID 885540 taxonomy "Macropodium nivale->Macropodium->Stevenieae->Brassicaceae->Brassicales->malvids->rosids->Pentapetalae->Gunneridae->eudicotyledons->Mesangiospermae->Magnoliophyta->Spermatophyta->Euphyllophyta->Tracheophyta->Embryophyta->Streptophytina->Streptophyta->Chloroplastida->Archaeplastida->Eukaryota->cellular organisms->life" nexsonid "node733583"
pgloadind     taxon mapping OTT ID 46881 taxonomy "Arabis axillaris->Arabis->Arabideae->Brassicaceae->Brassicales->malvids->rosids->Pentapetalae->Gunneridae->eudicotyledons->Mesangiospermae->Magnoliophyta->Spermatophyta->Euphyllophyta->Tracheophyta->Embryophyta->Streptophytina->Streptophyta->Chloroplastida->Archaeplastida->Eukaryota->cellular organisms->life" nexsonid "node733586"
pgloadind     taxon mapping OTT ID 251919 taxonomy "Stevenia sergievskajae->Stevenia->Stevenieae->Brassicaceae->Brassicales->malvids->rosids->Pentapetalae->Gunneridae->eudicotyledons->Mesangiospermae->Magnoliophyta->Spermatophyta->Euphyllophyta->Tracheophyta->Embryophyta->Streptophytina->Streptophyta->Chloroplastida->Archaeplastida->Eukaryota->cellular organisms->life" nexsonid "node733588"
pgloadind     taxon mapping OTT ID 826352 taxonomy "Stevenia alyssoides->Stevenia->Stevenieae->Brassicaceae->Brassicales->malvids->rosids->Pentapetalae->Gunneridae->eudicotyledons->Mesangiospermae->Magnoliophyta->Spermatophyta->Euphyllophyta->Tracheophyta->Embryophyta->Streptophytina->Streptophyta->Chloroplastida->Archaeplastida->Eukaryota->cellular organisms->life" nexsonid "node733589"
pgloadind     taxon mapping OTT ID 682504 taxonomy "Berteroella maximowiczii->Berteroella->Stevenieae->Brassicaceae->Brassicales->malvids->rosids->Pentapetalae->Gunneridae->eudicotyledons->Mesangiospermae->Magnoliophyta->Spermatophyta->Euphyllophyta->Tracheophyta->Embryophyta->Streptophytina->Streptophyta->Chloroplastida->Archaeplastida->Eukaryota->cellular organisms->life" nexsonid "node733592"
pgloadind     taxon mapping OTT ID 720166 taxonomy "Ptilotrichum tenuifolium->Ptilotrichum->Stevenieae->Brassicaceae->Brassicales->malvids->rosids->Pentapetalae->Gunneridae->eudicotyledons->Mesangiospermae->Magnoliophyta->Spermatophyta->Euphyllophyta->Tracheophyta->Embryophyta->Streptophytina->Streptophyta->Chloroplastida->Archaeplastida->Eukaryota->cellular organisms->life" nexsonid "node733594"
pgloadind     taxon mapping OTT ID 993391 taxonomy "Ptilotrichum dahuricum->Ptilotrichum->Stevenieae->Brassicaceae->Brassicales->malvids->rosids->Pentapetalae->Gunneridae->eudicotyledons->Mesangiospermae->Magnoliophyta->Spermatophyta->Euphyllophyta->Tracheophyta->Embryophyta->Streptophytina->Streptophyta->Chloroplastida->Archaeplastida->Eukaryota->cellular organisms->life" nexsonid "node733595"
pgloadind     taxon mapping OTT ID 251913 taxonomy "Stevenia incarnata->Stevenia->Stevenieae->Brassicaceae->Brassicales->malvids->rosids->Pentapetalae->Gunneridae->eudicotyledons->Mesangiospermae->Magnoliophyta->Spermatophyta->Euphyllophyta->Tracheophyta->Embryophyta->Streptophytina->Streptophyta->Chloroplastida->Archaeplastida->Eukaryota->cellular organisms->life" nexsonid "node733597"
pgloadind     taxon mapping OTT ID 251915 taxonomy "Stevenia cheiranthoides->Stevenia->Stevenieae->Brassicaceae->Brassicales->malvids->rosids->Pentapetalae->Gunneridae->eudicotyledons->Mesangiospermae->Magnoliophyta->Spermatophyta->Euphyllophyta->Tracheophyta->Embryophyta->Streptophytina->Streptophyta->Chloroplastida->Archaeplastida->Eukaryota->cellular organisms->life" nexsonid "node733598"
pgloadind     taxon mapping OTT ID 19815 taxonomy "Pseudoturritis turrita->Pseudoturritis->Stevenieae->Brassicaceae->Brassicales->malvids->rosids->Pentapetalae->Gunneridae->eudicotyledons->Mesangiospermae->Magnoliophyta->Spermatophyta->Euphyllophyta->Tracheophyta->Embryophyta->Streptophytina->Streptophyta->Chloroplastida->Archaeplastida->Eukaryota->cellular organisms->life" nexsonid "node733599"
pgloadind     taxon mapping OTT ID 281531 taxonomy "Hesperis laciniata->Hesperis->Hesperideae->Brassicaceae->Brassicales->malvids->rosids->Pentapetalae->Gunneridae->eudicotyledons->Mesangiospermae->Magnoliophyta->Spermatophyta->Euphyllophyta->Tracheophyta->Embryophyta->Streptophytina->Streptophyta->Chloroplastida->Archaeplastida->Eukaryota->cellular organisms->life" nexsonid "node733603"
pgloadind     taxon mapping OTT ID 629475 taxonomy "Hesperis sibirica->Hesperis->Hesperideae->Brassicaceae->Brassicales->malvids->rosids->Pentapetalae->Gunneridae->eudicotyledons->Mesangiospermae->Magnoliophyta->Spermatophyta->Euphyllophyta->Tracheophyta->Embryophyta->Streptophytina->Streptophyta->Chloroplastida->Archaeplastida->Eukaryota->cellular organisms->life" nexsonid "node733604"
pgloadind     taxon mapping OTT ID 629482 taxonomy "Iskandera alaica->Iskandera->Anchonieae->Brassicaceae->Brassicales->malvids->rosids->Pentapetalae->Gunneridae->eudicotyledons->Mesangiospermae->Magnoliophyta->Spermatophyta->Euphyllophyta->Tracheophyta->Embryophyta->Streptophytina->Streptophyta->Chloroplastida->Archaeplastida->Eukaryota->cellular organisms->life" nexsonid "node733607"
pgloadind     taxon mapping OTT ID 577350 taxonomy "Microstigma brachycarpum->Microstigma->Anchonieae->Brassicaceae->Brassicales->malvids->rosids->Pentapetalae->Gunneridae->eudicotyledons->Mesangiospermae->Magnoliophyta->Spermatophyta->Euphyllophyta->Tracheophyta->Embryophyta->Streptophytina->Streptophyta->Chloroplastida->Archaeplastida->Eukaryota->cellular organisms->life" nexsonid "node733610"
pgloadind     taxon mapping OTT ID 516892 taxonomy "Microstigma deflexum->Microstigma->Anchonieae->Brassicaceae->Brassicales->malvids->rosids->Pentapetalae->Gunneridae->eudicotyledons->Mesangiospermae->Magnoliophyta->Spermatophyta->Euphyllophyta->Tracheophyta->Embryophyta->Streptophytina->Streptophyta->Chloroplastida->Archaeplastida->Eukaryota->cellular organisms->life" nexsonid "node733611"
pgloadind     taxon mapping OTT ID 231310 taxonomy "Matthiola lunata->Matthiola->Anchonieae->Brassicaceae->Brassicales->malvids->rosids->Pentapetalae->Gunneridae->eudicotyledons->Mesangiospermae->Magnoliophyta->Spermatophyta->Euphyllophyta->Tracheophyta->Embryophyta->Streptophytina->Streptophyta->Chloroplastida->Archaeplastida->Eukaryota->cellular organisms->life" nexsonid "node733614"
pgloadind     taxon mapping OTT ID 359068 taxonomy "Matthiola incana->Matthiola->Anchonieae->Brassicaceae->Brassicales->malvids->rosids->Pentapetalae->Gunneridae->eudicotyledons->Mesangiospermae->Magnoliophyta->Spermatophyta->Euphyllophyta->Tracheophyta->Embryophyta->Streptophytina->Streptophyta->Chloroplastida->Archaeplastida->Eukaryota->cellular organisms->life" nexsonid "node733615"
pgloadind     taxon mapping OTT ID 733305 taxonomy "Sterigmostemum ramosissimum->Sterigmostemum->Anchonieae->Brassicaceae->Brassicales->malvids->rosids->Pentapetalae->Gunneridae->eudicotyledons->Mesangiospermae->Magnoliophyta->Spermatophyta->Euphyllophyta->Tracheophyta->Embryophyta->Streptophytina->Streptophyta->Chloroplastida->Archaeplastida->Eukaryota->cellular organisms->life" nexsonid "node733617"
pgloadind     taxon mapping OTT ID 947804 taxonomy "Anchonium elichrysifolium->Anchonium->Anchonieae->Brassicaceae->Brassicales->malvids->rosids->Pentapetalae->Gunneridae->eudicotyledons->Mesangiospermae->Magnoliophyta->Spermatophyta->Euphyllophyta->Tracheophyta->Embryophyta->Streptophytina->Streptophyta->Chloroplastida->Archaeplastida->Eukaryota->cellular organisms->life" nexsonid "node733619"
pgloadind     taxon mapping OTT ID 826333 taxonomy "Sterigmostemum fuhaiense->Sterigmostemum->Anchonieae->Brassicaceae->Brassicales->malvids->rosids->Pentapetalae->Gunneridae->eudicotyledons->Mesangiospermae->Magnoliophyta->Spermatophyta->Euphyllophyta->Tracheophyta->Embryophyta->Streptophytina->Streptophyta->Chloroplastida->Archaeplastida->Eukaryota->cellular organisms->life" nexsonid "node733623"
pgloadind     taxon mapping OTT ID 826335 taxonomy "Sterigmostemum schmakovii->Sterigmostemum->Anchonieae->Brassicaceae->Brassicales->malvids->rosids->Pentapetalae->Gunneridae->eudicotyledons->Mesangiospermae->Magnoliophyta->Spermatophyta->Euphyllophyta->Tracheophyta->Embryophyta->Streptophytina->Streptophyta->Chloroplastida->Archaeplastida->Eukaryota->cellular organisms->life" nexsonid "node733624"
pgloadind     taxon mapping OTT ID 826340 taxonomy "Sterigmostemum caspicum->Sterigmostemum->Anchonieae->Brassicaceae->Brassicales->malvids->rosids->Pentapetalae->Gunneridae->eudicotyledons->Mesangiospermae->Magnoliophyta->Spermatophyta->Euphyllophyta->Tracheophyta->Embryophyta->Streptophytina->Streptophyta->Chloroplastida->Archaeplastida->Eukaryota->cellular organisms->life" nexsonid "node733625"
pgloadind     taxon mapping OTT ID 577358 taxonomy "Sterigmostemum matthioloides->Sterigmostemum->Anchonieae->Brassicaceae->Brassicales->malvids->rosids->Pentapetalae->Gunneridae->eudicotyledons->Mesangiospermae->Magnoliophyta->Spermatophyta->Euphyllophyta->Tracheophyta->Embryophyta->Streptophytina->Streptophyta->Chloroplastida->Archaeplastida->Eukaryota->cellular organisms->life" nexsonid "node733630"
pgloadind     taxon mapping OTT ID 598293 taxonomy "Sterigmostemum violaceum->Sterigmostemum->Anchonieae->Brassicaceae->Brassicales->malvids->rosids->Pentapetalae->Gunneridae->eudicotyledons->Mesangiospermae->Magnoliophyta->Spermatophyta->Euphyllophyta->Tracheophyta->Embryophyta->Streptophytina->Streptophyta->Chloroplastida->Archaeplastida->Eukaryota->cellular organisms->life" nexsonid "node733628"
pgloadind     taxon mapping OTT ID 798400 taxonomy "Dontostemon tibeticus->Dontostemon->Dontostemoneae->Brassicaceae->Brassicales->malvids->rosids->Pentapetalae->Gunneridae->eudicotyledons->Mesangiospermae->Magnoliophyta->Spermatophyta->Euphyllophyta->Tracheophyta->Embryophyta->Streptophytina->Streptophyta->Chloroplastida->Archaeplastida->Eukaryota->cellular organisms->life" nexsonid "node733635"
pgloadind     taxon mapping OTT ID 456138 taxonomy "Diptychocarpus strictus->Diptychocarpus->Chorisporeae->Brassicaceae->Brassicales->malvids->rosids->Pentapetalae->Gunneridae->eudicotyledons->Mesangiospermae->Magnoliophyta->Spermatophyta->Euphyllophyta->Tracheophyta->Embryophyta->Streptophytina->Streptophyta->Chloroplastida->Archaeplastida->Eukaryota->cellular organisms->life" nexsonid "node733637"
pgloadind     taxon mapping OTT ID 947796 taxonomy "Chorispora macropoda->Chorispora->Chorisporeae->Brassicaceae->Brassicales->malvids->rosids->Pentapetalae->Gunneridae->eudicotyledons->Mesangiospermae->Magnoliophyta->Spermatophyta->Euphyllophyta->Tracheophyta->Embryophyta->Streptophytina->Streptophyta->Chloroplastida->Archaeplastida->Eukaryota->cellular organisms->life" nexsonid "node733640"
pgloadind     taxon mapping OTT ID 331182 taxonomy "Chorispora bungeana->Chorispora->Chorisporeae->Brassicaceae->Brassicales->malvids->rosids->Pentapetalae->Gunneridae->eudicotyledons->Mesangiospermae->Magnoliophyta->Spermatophyta->Euphyllophyta->Tracheophyta->Embryophyta->Streptophytina->Streptophyta->Chloroplastida->Archaeplastida->Eukaryota->cellular organisms->life" nexsonid "node733641"
pgloadind     taxon mapping OTT ID 345539 taxonomy "Parrya stenocarpa->Parrya->Chorisporeae->Brassicaceae->Brassicales->malvids->rosids->Pentapetalae->Gunneridae->eudicotyledons->Mesangiospermae->Magnoliophyta->Spermatophyta->Euphyllophyta->Tracheophyta->Embryophyta->Streptophytina->Streptophyta->Chloroplastida->Archaeplastida->Eukaryota->cellular organisms->life" nexsonid "node733645"
pgloadind     taxon mapping OTT ID 4683 taxonomy "Parrya pulvinata->Parrya->Chorisporeae->Brassicaceae->Brassicales->malvids->rosids->Pentapetalae->Gunneridae->eudicotyledons->Mesangiospermae->Magnoliophyta->Spermatophyta->Euphyllophyta->Tracheophyta->Embryophyta->Streptophytina->Streptophyta->Chloroplastida->Archaeplastida->Eukaryota->cellular organisms->life" nexsonid "node733646"
pgloadind     taxon mapping OTT ID 4671 taxonomy "Parrya asperrima->Parrya->Chorisporeae->Brassicaceae->Brassicales->malvids->rosids->Pentapetalae->Gunneridae->eudicotyledons->Mesangiospermae->Magnoliophyta->Spermatophyta->Euphyllophyta->Tracheophyta->Embryophyta->Streptophytina->Streptophyta->Chloroplastida->Archaeplastida->Eukaryota->cellular organisms->life" nexsonid "node733649"
pgloadind     taxon mapping OTT ID 458232 taxonomy "Parrya lancifolia->Parrya->Chorisporeae->Brassicaceae->Brassicales->malvids->rosids->Pentapetalae->Gunneridae->eudicotyledons->Mesangiospermae->Magnoliophyta->Spermatophyta->Euphyllophyta->Tracheophyta->Embryophyta->Streptophytina->Streptophyta->Chloroplastida->Archaeplastida->Eukaryota->cellular organisms->life" nexsonid "node733650"
pgloadind     taxon mapping OTT ID 920738 taxonomy "Pseudoclausia olgae->Pseudoclausia->Chorisporeae->Brassicaceae->Brassicales->malvids->rosids->Pentapetalae->Gunneridae->eudicotyledons->Mesangiospermae->Magnoliophyta->Spermatophyta->Euphyllophyta->Tracheophyta->Embryophyta->Streptophytina->Streptophyta->Chloroplastida->Archaeplastida->Eukaryota->cellular organisms->life" nexsonid "node733652"
pgloadind     taxon mapping OTT ID 993395 taxonomy "Pseudoclausia turkestanica->Pseudoclausia->Chorisporeae->Brassicaceae->Brassicales->malvids->rosids->Pentapetalae->Gunneridae->eudicotyledons->Mesangiospermae->Magnoliophyta->Spermatophyta->Euphyllophyta->Tracheophyta->Embryophyta->Streptophytina->Streptophyta->Chloroplastida->Archaeplastida->Eukaryota->cellular organisms->life" nexsonid "node733653"
pgloadind     taxon mapping OTT ID 993407 taxonomy "Litwinowia tenuissima->Litwinowia->Chorisporeae->Brassicaceae->Brassicales->malvids->rosids->Pentapetalae->Gunneridae->eudicotyledons->Mesangiospermae->Magnoliophyta->Spermatophyta->Euphyllophyta->Tracheophyta->Embryophyta->Streptophytina->Streptophyta->Chloroplastida->Archaeplastida->Eukaryota->cellular organisms->life" nexsonid "node733654"
pgloadind     taxon mapping OTT ID 570035 taxonomy "Dontostemon dentatus->Dontostemon->Dontostemoneae->Brassicaceae->Brassicales->malvids->rosids->Pentapetalae->Gunneridae->eudicotyledons->Mesangiospermae->Magnoliophyta->Spermatophyta->Euphyllophyta->Tracheophyta->Embryophyta->Streptophytina->Streptophyta->Chloroplastida->Archaeplastida->Eukaryota->cellular organisms->life" nexsonid "node733656"
pgloadind     taxon mapping OTT ID 49427 taxonomy "Dontostemon pinnatifidus->Dontostemon->Dontostemoneae->Brassicaceae->Brassicales->malvids->rosids->Pentapetalae->Gunneridae->eudicotyledons->Mesangiospermae->Magnoliophyta->Spermatophyta->Euphyllophyta->Tracheophyta->Embryophyta->Streptophytina->Streptophyta->Chloroplastida->Archaeplastida->Eukaryota->cellular organisms->life" nexsonid "node733658"
pgloadind     taxon mapping OTT ID 49423 taxonomy "Dontostemon crassifolius->Dontostemon->Dontostemoneae->Brassicaceae->Brassicales->malvids->rosids->Pentapetalae->Gunneridae->eudicotyledons->Mesangiospermae->Magnoliophyta->Spermatophyta->Euphyllophyta->Tracheophyta->Embryophyta->Streptophytina->Streptophyta->Chloroplastida->Archaeplastida->Eukaryota->cellular organisms->life" nexsonid "node733659"
pgloadind     taxon mapping OTT ID 354228 taxonomy "Clausia aprica->Clausia->Dontostemoneae->Brassicaceae->Brassicales->malvids->rosids->Pentapetalae->Gunneridae->eudicotyledons->Mesangiospermae->Magnoliophyta->Spermatophyta->Euphyllophyta->Tracheophyta->Embryophyta->Streptophytina->Streptophyta->Chloroplastida->Archaeplastida->Eukaryota->cellular organisms->life" nexsonid "node733662"
pgloadind     taxon mapping OTT ID 371674 taxonomy "Clausia kasakhorum->Clausia->Dontostemoneae->Brassicaceae->Brassicales->malvids->rosids->Pentapetalae->Gunneridae->eudicotyledons->Mesangiospermae->Magnoliophyta->Spermatophyta->Euphyllophyta->Tracheophyta->Embryophyta->Streptophytina->Streptophyta->Chloroplastida->Archaeplastida->Eukaryota->cellular organisms->life" nexsonid "node733663"
pgloadind     taxon mapping OTT ID 805236 taxonomy "Clausia trichosepala->Clausia->Dontostemoneae->Brassicaceae->Brassicales->malvids->rosids->Pentapetalae->Gunneridae->eudicotyledons->Mesangiospermae->Magnoliophyta->Spermatophyta->Euphyllophyta->Tracheophyta->Embryophyta->Streptophytina->Streptophyta->Chloroplastida->Archaeplastida->Eukaryota->cellular organisms->life" nexsonid "node733664"
pgloadind     taxon mapping OTT ID 816827 taxonomy "Sisymbriopsis yechengnica->Sisymbriopsis->Euclidieae->Brassicaceae->Brassicales->malvids->rosids->Pentapetalae->Gunneridae->eudicotyledons->Mesangiospermae->Magnoliophyta->Spermatophyta->Euphyllophyta->Tracheophyta->Embryophyta->Streptophytina->Streptophyta->Chloroplastida->Archaeplastida->Eukaryota->cellular organisms->life" nexsonid "node733672"
pgloadind     taxon mapping OTT ID 629470 taxonomy "Leptaleum filifolium->Leptaleum->Euclidieae->Brassicaceae->Brassicales->malvids->rosids->Pentapetalae->Gunneridae->eudicotyledons->Mesangiospermae->Magnoliophyta->Spermatophyta->Euphyllophyta->Tracheophyta->Embryophyta->Streptophytina->Streptophyta->Chloroplastida->Archaeplastida->Eukaryota->cellular organisms->life" nexsonid "node733676"
pgloadind     taxon mapping OTT ID 496488 taxonomy "Dilophia salsa->Dilophia->Euclidieae->Brassicaceae->Brassicales->malvids->rosids->Pentapetalae->Gunneridae->eudicotyledons->Mesangiospermae->Magnoliophyta->Spermatophyta->Euphyllophyta->Tracheophyta->Embryophyta->Streptophytina->Streptophyta->Chloroplastida->Archaeplastida->Eukaryota->cellular organisms->life" nexsonid "node733680"
pgloadind     taxon mapping OTT ID 95704 taxonomy "Euclidium syriacum->Euclidium->Euclidieae->Brassicaceae->Brassicales->malvids->rosids->Pentapetalae->Gunneridae->eudicotyledons->Mesangiospermae->Magnoliophyta->Spermatophyta->Euphyllophyta->Tracheophyta->Embryophyta->Streptophytina->Streptophyta->Chloroplastida->Archaeplastida->Eukaryota->cellular organisms->life" nexsonid "node733681"
pgloadind     taxon mapping OTT ID 414698 taxonomy "Neotorularia torulosa->Neotorularia->Euclidieae->Brassicaceae->Brassicales->malvids->rosids->Pentapetalae->Gunneridae->eudicotyledons->Mesangiospermae->Magnoliophyta->Spermatophyta->Euphyllophyta->Tracheophyta->Embryophyta->Streptophytina->Streptophyta->Chloroplastida->Archaeplastida->Eukaryota->cellular organisms->life" nexsonid "node733685"
pgloadind     taxon mapping OTT ID 251905 taxonomy "Streptoloma desertorum->Streptoloma->Euclidieae->Brassicaceae->Brassicales->malvids->rosids->Pentapetalae->Gunneridae->eudicotyledons->Mesangiospermae->Magnoliophyta->Spermatophyta->Euphyllophyta->Tracheophyta->Embryophyta->Streptophytina->Streptophyta->Chloroplastida->Archaeplastida->Eukaryota->cellular organisms->life" nexsonid "node733686"
pgloadind     taxon mapping OTT ID 567783 taxonomy "Solms-laubachia flabellata->Solms-laubachia->Euclidieae->Brassicaceae->Brassicales->malvids->rosids->Pentapetalae->Gunneridae->eudicotyledons->Mesangiospermae->Magnoliophyta->Spermatophyta->Euphyllophyta->Tracheophyta->Embryophyta->Streptophytina->Streptophyta->Chloroplastida->Archaeplastida->Eukaryota->cellular organisms->life" nexsonid "node733688"
pgloadind     taxon mapping OTT ID 1055945 taxonomy "Rhammatophyllum kamelinii->Rhammatophyllum->Euclidieae->Brassicaceae->Brassicales->malvids->rosids->Pentapetalae->Gunneridae->eudicotyledons->Mesangiospermae->Magnoliophyta->Spermatophyta->Euphyllophyta->Tracheophyta->Embryophyta->Streptophytina->Streptophyta->Chloroplastida->Archaeplastida->Eukaryota->cellular organisms->life" nexsonid "node733689"
pgloadind     taxon mapping OTT ID 567800 taxonomy "Atelanthera perpusilla->Atelanthera->Euclidieae->Brassicaceae->Brassicales->malvids->rosids->Pentapetalae->Gunneridae->eudicotyledons->Mesangiospermae->Magnoliophyta->Spermatophyta->Euphyllophyta->Tracheophyta->Embryophyta->Streptophytina->Streptophyta->Chloroplastida->Archaeplastida->Eukaryota->cellular organisms->life" nexsonid "node733691"
pgloadind     taxon mapping OTT ID 414692 taxonomy "Braya humilis->Braya->Euclidieae->Brassicaceae->Brassicales->malvids->rosids->Pentapetalae->Gunneridae->eudicotyledons->Mesangiospermae->Magnoliophyta->Spermatophyta->Euphyllophyta->Tracheophyta->Embryophyta->Streptophytina->Streptophyta->Chloroplastida->Archaeplastida->Eukaryota->cellular organisms->life" nexsonid "node733692"
pgloadind     taxon mapping OTT ID 38835 taxonomy "Malcolmia africana->Malcolmia->Anastaticeae->Brassicaceae->Brassicales->malvids->rosids->Pentapetalae->Gunneridae->eudicotyledons->Mesangiospermae->Magnoliophyta->Spermatophyta->Euphyllophyta->Tracheophyta->Embryophyta->Streptophytina->Streptophyta->Chloroplastida->Archaeplastida->Eukaryota->cellular organisms->life" nexsonid "node733694"
pgloadind     taxon mapping OTT ID 798394 taxonomy "Neotorularia brevipes->Neotorularia->Euclidieae->Brassicaceae->Brassicales->malvids->rosids->Pentapetalae->Gunneridae->eudicotyledons->Mesangiospermae->Magnoliophyta->Spermatophyta->Euphyllophyta->Tracheophyta->Embryophyta->Streptophytina->Streptophyta->Chloroplastida->Archaeplastida->Eukaryota->cellular organisms->life" nexsonid "node733695"
pgloadind     taxon mapping OTT ID 948218 taxonomy "Dichasianthus subtilissimus->Dichasianthus->Euclidieae->Brassicaceae->Brassicales->malvids->rosids->Pentapetalae->Gunneridae->eudicotyledons->Mesangiospermae->Magnoliophyta->Spermatophyta->Euphyllophyta->Tracheophyta->Embryophyta->Streptophytina->Streptophyta->Chloroplastida->Archaeplastida->Eukaryota->cellular organisms->life" nexsonid "node733696"
pgloadind     taxon mapping OTT ID 798388 taxonomy "Leiospora exscapa->Leiospora->Euclidieae->Brassicaceae->Brassicales->malvids->rosids->Pentapetalae->Gunneridae->eudicotyledons->Mesangiospermae->Magnoliophyta->Spermatophyta->Euphyllophyta->Tracheophyta->Embryophyta->Streptophytina->Streptophyta->Chloroplastida->Archaeplastida->Eukaryota->cellular organisms->life" nexsonid "node733698"
pgloadind     taxon mapping OTT ID 231306 taxonomy "Leiospora pamirica->Leiospora->Euclidieae->Brassicaceae->Brassicales->malvids->rosids->Pentapetalae->Gunneridae->eudicotyledons->Mesangiospermae->Magnoliophyta->Spermatophyta->Euphyllophyta->Tracheophyta->Embryophyta->Streptophytina->Streptophyta->Chloroplastida->Archaeplastida->Eukaryota->cellular organisms->life" nexsonid "node733699"
pgloadind     taxon mapping OTT ID 19452 taxonomy "Bunias orientalis->Bunias->Buniadeae->Brassicaceae->Brassicales->malvids->rosids->Pentapetalae->Gunneridae->eudicotyledons->Mesangiospermae->Magnoliophyta->Spermatophyta->Euphyllophyta->Tracheophyta->Embryophyta->Streptophytina->Streptophyta->Chloroplastida->Archaeplastida->Eukaryota->cellular organisms->life" nexsonid "node733667"
pgloadind     taxon mapping OTT ID 805249 taxonomy "Biscutella laevigata->Biscutella->Biscutelleae->Brassicaceae->Brassicales->malvids->rosids->Pentapetalae->Gunneridae->eudicotyledons->Mesangiospermae->Magnoliophyta->Spermatophyta->Euphyllophyta->Tracheophyta->Embryophyta->Streptophytina->Streptophyta->Chloroplastida->Archaeplastida->Eukaryota->cellular organisms->life" nexsonid "node733702"
pgloadind     taxon mapping OTT ID 993419 taxonomy "Megadenia pygmaea->Megadenia->Biscutelleae->Brassicaceae->Brassicales->malvids->rosids->Pentapetalae->Gunneridae->eudicotyledons->Mesangiospermae->Magnoliophyta->Spermatophyta->Euphyllophyta->Tracheophyta->Embryophyta->Streptophytina->Streptophyta->Chloroplastida->Archaeplastida->Eukaryota->cellular organisms->life" nexsonid "node733703"
done fixing name
pgloadind Finished with attempts to fix names
pgloadind   Checking for uniqueness of OTT IDs tree id "3902"
pgloadind   Adding tree to graph tree id "3902"
all trees have all taxa: false
	using bipartition technique
attempting to remap tips to deepest exemplified taxa
	Cithareloma lehmannii was remapped to 'Cithareloma' (id=2687176)
	Borodinia macrophylla was remapped to 'Borodinia' (id=2688778)
	Sandbergia perplexa was remapped to 'Sandbergia' (id=2688792)
	Pseudoturritis turrita was remapped to 'Pseudoturritis' (id=2691917)
	Dilophia salsa was remapped to 'Dilophia' (id=2685254)
	Solms-laubachia flabellata was remapped to 'Solms-laubachia' (id=2685149)
	Rorippa sylvestris was remapped to 'Rorippa' (id=2690459)
	Euclidium syriacum was remapped to 'Euclidium' (id=2685072)
	Macropodium nivale was remapped to 'Macropodium' (id=2691923)
	Berteroella maximowiczii was remapped to 'Berteroella' (id=2691901)
	Calepina irregularis was remapped to 'Calepina' (id=2686123)
	Streptoloma desertorum was remapped to 'Streptoloma' (id=2685135)
	Crambe arborea was remapped to 'Crambe' (id=2693386)
	Yinshania henryi was remapped to 'Yinshanieae' (id=2688680)
	Stubendorffia gracilis was remapped to 'Stubendorffia' (id=2688256)
	Biscutella laevigata was remapped to 'Biscutella' (id=2691647)
	Sphaerocardamum nesliiforme was remapped to 'Sphaerocardamum' (id=2692572)
	Pseudoarabidopsis toxophylla was remapped to 'Pseudoarabidopsis' (id=2689569)
	Chrysochamela velutina was remapped to 'Chrysochamela' (id=2689502)
	Lyrocarpa coulteri was remapped to 'Lyrocarpa' (id=2688300)
	Iberis amara was remapped to 'Iberis' (id=2690167)
	Cochlearia danica was remapped to 'Cochlearia' (id=2690255)
	Physaria didymocarpa was remapped to 'Physaria' (id=2688306)
	Rhammatophyllum kamelinii was remapped to 'Rhammatophyllum' (id=2685078)
	Megadenia pygmaea was remapped to 'Megadenia' (id=2691779)
	Teesdalia nudicaulis was remapped to 'Teesdalia' (id=2690149)
	Dichasianthus subtilissimus was remapped to 'Dichasianthus' (id=2685544)
	Caulanthus inflatus was remapped to 'Caulanthus' (id=2691979)
	Mancoa bracteata was remapped to 'Mancoa' (id=2692553)
	Hormathophylla purpurea was remapped to 'Hormathophylla' (id=2696514)
	Alliaria petiolata was remapped to 'Alliaria' (id=2686547)
	Halimolobos diffusus was remapped to 'Halimolobos' (id=2692688)
	Clypeola aspera was remapped to 'Clypeola' (id=2696038)
	Pachyneurum grandiflorum was remapped to 'Pachyneurum' (id=2695120)
	Brassica juncea was remapped to 'Brassica' (id=2692981)
	Ianhedgea minutiflora was remapped to 'Ianhedgea' (id=2687537)
	Zilla spinosa was remapped to 'Zilla' (id=2693637)
	Descurainia pinnata was remapped to 'Descurainia' (id=2687348)
	Irenepharsus magicus was remapped to 'Irenepharsus' (id=2690144)
	Goldbachia pendula was remapped to 'Goldbachia' (id=2686111)
	Aurinia saxatilis was remapped to 'Aurinia' (id=2696568)
	Botschantzevia karatavica was remapped to 'Botschantzevia' (id=2694188)
	Hornungia petraea was remapped to 'Hornungia' (id=2687573)
	Megacarpaea megalocarpa was remapped to 'Megacarpaea' (id=2695775)
	Nasturtium microphyllum was remapped to 'Nasturtium' (id=2690814)
	Aubrieta deltoidea was remapped to 'Aubrieta' (id=2693871)
	Didymophysa fedtschenkoana was remapped to 'Didymophysa' (id=2686561)
	Iskandera alaica was remapped to 'Iskandera' (id=2684996)
	Transberingia bursifolia was remapped to 'Transberingia' (id=2691784)
	Camelina microcarpa was remapped to 'Camelina' (id=2689462)
	Braya humilis was remapped to 'Braya' (id=2685314)
	Litwinowia tenuissima was remapped to 'Litwinowia' (id=2687000)
	Pugionium pterocarpum was remapped to 'Pugionium' (id=2695790)
	Spirorhynchus sabulosus was remapped to 'Spirorhynchus' (id=2686140)
	Atelanthera perpusilla was remapped to 'Atelanthera' (id=2685300)
	Cardamine bellidifolia was remapped to 'Cardamine' (id=2690866)
	Dendroarabis fruticulosa was remapped to 'Dendroarabis' (id=2694183)
	Ionopsidium prolongoi was remapped to 'Ionopsidium' (id=2690318)
	Orychophragmus violaceus was remapped to 'Orychophragmus' (id=2692744)
	Calymmatium draboides was remapped to 'Calymmatium' (id=2692419)
	Arabidopsis thaliana was remapped to 'Arabidopsis' (id=2689345)
	Diptychocarpus strictus was remapped to 'Diptychocarpus' (id=2686949)
	Sisymbriopsis yechengnica was remapped to 'Sisymbriopsis' (id=2685457)
	Leptaleum filifolium was remapped to 'Leptaleum' (id=2685304)
	Degenia velebitica was remapped to 'Degenia' (id=2695993)
	Streptanthus glandulosus subsp. albidus was remapped to 'Thelypodieae' (id=2695127)
	Anchonium elichrysifolium was remapped to 'Anchonium' (id=2685043)
	Turritis glabra was remapped to 'Turritideae' (id=2692083)
	Conringia perfoliata was remapped to 'Conringia' (id=2686081)
	Pachycladon wallii was remapped to 'Pachycladon' (id=2690044)
	Capsella rubella was remapped to 'Capsella' (id=2689513)
	Werdermannia anethifolia was remapped to 'Werdermannia' (id=2692070)
	Eruca vesicaria was remapped to 'Eruca' (id=2692952)
	Catolobus pendulus was remapped to 'Catolobus' (id=2689492)
	Noccaea caerulescens was remapped to 'Coluteocarpeae' (id=2692191)
	Synthlipsis greggii was remapped to 'Synthlipsis' (id=2688592)
	Boechera pinetorum was remapped to 'Boechera holboellii' (id=2688946)
	Schoenocrambe linifolia was remapped to 'Schoenocrambe' (id=2686320)
	Berteroa incana was remapped to 'Berteroa' (id=2696482)
	Erophila verna was remapped to 'Erophila' (id=2694239)
	Zuvanda crenulata was remapped to 'Zuvanda' (id=2686062)
this is the ROOT
placing root in index
Dealing with metadata property: id
Dealing with metadata property: ot:studyPublicationReference
Adding property 'ot:studyPublicationReference': German, D. A. [et al. 2009], Friesen, N., Neuffer, B., Al-Shehbaz, I. A., & Hurka, H. 2009. Contribution to ITS phylogeny of the Brassicaceae, with special reference to some Asian taxa. Plant Syst. Evol. 283: 33-56.
Dealing with metadata property: ot:focalCladeOTTTaxonName
Adding property 'ot:focalCladeOTTTaxonName': Brassicaceae
Dealing with metadata property: ot:studyYear
Adding property 'ot:studyYear': 2012
Dealing with metadata property: ot:inGroupClade
Adding property 'ot:inGroupClade': node733337
Dealing with metadata property: ot:branchLengthMode
Adding property 'ot:branchLengthMode': ot:substitutionCount
Dealing with metadata property: ot:curatorName
Adding property 'ot:curatorName': bryan drew
Dealing with metadata property: ot:focalClade
Adding property 'ot:focalClade': 996508
Dealing with metadata property: ot:curatedType
Adding property 'ot:curatedType': ml best tree
Dealing with metadata property: ot:studyId
Adding property 'ot:studyId': 1916
Committing nodes: 347
	adding Node[2685558] Erysimeae 76683 as compatible with Node[2685559]
		adding Relationship[8164218]
		adding to root Relationship[8164219]
	adding Node[2686584] Isatideae 121279 as compatible with Node[2686589]
		adding Relationship[8164220]
		adding to root Relationship[8164221]
	adding Node[2689706] Hesperideae 509322 as compatible with Node[2689707]
		adding Relationship[8164222]
		adding to root Relationship[8164223]
	adding Node[2691602] Aphragmeae 650515 as compatible with Node[2691603]
		adding Relationship[8164224]
		adding to root Relationship[8164225]
	adding Node[2695840] Smelowskieae 929984 as compatible with Node[2695848]
		adding Relationship[8164226]
		adding to root Relationship[8164227]
	adding Node[2696639] Heliophileae 1086033 as compatible with Node[2696640]
		adding Relationship[8164228]
		adding to root Relationship[8164229]
