pgloadind OTUs number 208
pgloadind Processing tree @id "6020"
pgloadind   tree info number nodes 415
pgloadind   tree info number edges 414
pgloadind   tree info ingroup "node1030538"
pgloadind   Setting ingroup root node.
pgloadind   Ingested tree number of external nodes 197
pgloadind   property added ot:studyPublicationReference "Nazaire, M., & Hufford, L. 2012. A broad phylogenetic analysis of Boraginaceae: Implications for the relationships of Mertensia. Syst. Bot. 37: 758-783."
pgloadind   property added ot:curatorName "bryan drew"
pgloadind   property added ot:studyId "2598"
pgloadind   property added ot:studyYear "2012"
pgloadind   property added ot:focalClade "675104"
pgloadind   property added ot:tag "ingroup added;"
pgloadind   property added ot:branchLengthMode "ot:substitutionCount"
pgloadind   property added ot:inGroupClade "node1030538"
loading a specific tree: 6020
pgloadind conducting TNRS on trees
pgloadind   name fixing on tree tree id "6020"
pgloadind   all nodes have ottIds
pgloadind     OTT ID not in database (probably dubious)
pgloadind       dubious name "Eriodictyon californicum" nexsonid "node1030548"
pgloadind       dubious OTT ID 544709
pgloadind     OTT ID not in database (probably dubious)
pgloadind       dubious name "Turricula parryi" nexsonid "node1030549"
pgloadind       dubious OTT ID 106606
pgloadind     OTT ID not in database (probably dubious)
pgloadind       dubious name "Nama rothrockii" nexsonid "node1030546"
pgloadind       dubious OTT ID 476081
pgloadind     OTT ID not in database (probably dubious)
pgloadind       dubious name "Wigandia urens" nexsonid "node1030544"
pgloadind       dubious OTT ID 1086814
pgloadind     OTT ID not in database (probably dubious)
pgloadind       dubious name "Nama demissum" nexsonid "node1030542"
pgloadind       dubious OTT ID 1002398
pgloadind     OTT ID not in database (probably dubious)
pgloadind       dubious name "Phacelia tanacetifolia" nexsonid "node1030563"
pgloadind       dubious OTT ID 106921
pgloadind     OTT ID not in database (probably dubious)
pgloadind       dubious name "Phacelia ranunculacea" nexsonid "node1030562"
pgloadind       dubious OTT ID 609324
pgloadind     OTT ID not in database (probably dubious)
pgloadind       dubious name "Phacelia heterophylla" nexsonid "node1030560"
pgloadind       dubious OTT ID 89869
pgloadind     OTT ID not in database (probably dubious)
pgloadind       dubious name "Romanzoffia californica" nexsonid "node1030558"
pgloadind       dubious OTT ID 1030400
pgloadind     OTT ID not in database (probably dubious)
pgloadind       dubious name "Hesperochiron pumilis" nexsonid "node1030555"
pgloadind       dubious OTT ID 526365
pgloadind     OTT ID not in database (probably dubious)
pgloadind       dubious name "Draperia systyla" nexsonid "node1030553"
pgloadind       dubious OTT ID 824480
pgloadind     OTT ID not in database (probably dubious)
pgloadind       dubious name "Pholistoma auritum" nexsonid "node1030573"
pgloadind       dubious OTT ID 225137
pgloadind     OTT ID not in database (probably dubious)
pgloadind       dubious name "Nemophila parviflora" nexsonid "node1030572"
pgloadind       dubious OTT ID 476086
pgloadind     OTT ID not in database (probably dubious)
pgloadind       dubious name "Hydrophyllum virginianum" nexsonid "node1030578"
pgloadind       dubious OTT ID 544712
pgloadind     OTT ID not in database (probably dubious)
pgloadind       dubious name "Hydrophyllum capitatum capitatum" nexsonid "node1030577"
pgloadind       dubious OTT ID 3870243
pgloadind     OTT ID not in database (probably dubious)
pgloadind       dubious name "Hydrophyllum canadense" nexsonid "node1030575"
pgloadind       dubious OTT ID 1097969
pgloadind     OTT ID not in database (probably dubious)
pgloadind       dubious name "Ellisia nyctelea" nexsonid "node1030569"
pgloadind       dubious OTT ID 1052574
pgloadind     OTT ID not in database (probably dubious)
pgloadind       dubious name "Emmenanthe penduliflora" nexsonid "node1030567"
pgloadind       dubious OTT ID 1052572
pgloadind     OTT ID not in database (probably dubious)
pgloadind       dubious name "Eucrypta chrysanthemifolia" nexsonid "node1030565"
pgloadind       dubious OTT ID 526364
pgloadind     OTT ID reused in tree
pgloadind       duplicate name "Ehretia acuminata" nexsonid "node1030650"
pgloadind       duplicate OTT ID 637823
pgloadind     OTT ID not in database (probably dubious)
pgloadind       dubious name "Codon royenii" nexsonid "node1030653"
pgloadind       dubious OTT ID 482404
pgloadind     OTT ID reused in tree
pgloadind       duplicate name "Asperugo procumbens L." nexsonid "node1030685"
pgloadind       duplicate OTT ID 867180
pgloadind     overlapping tips
pgloadind       overlapping retained name "Cerinthe gymnandra" nexsonid "node1030853"
pgloadind       overlapping pruned name "Cerinthe major" nexsonid "node1030854"
pgloadind     pruning dups and overlapping name "Romanzoffia californica" nexsonid "node1030558"
pgloadind     pruning dups and overlapping name "Hydrophyllum capitatum capitatum" nexsonid "node1030577"
pgloadind     pruning dups and overlapping name "Nemophila parviflora" nexsonid "node1030572"
pgloadind     pruning dups and overlapping name "Draperia systyla" nexsonid "node1030553"
pgloadind     pruning dups and overlapping name "Nama rothrockii" nexsonid "node1030546"
pgloadind     pruning dups and overlapping name "Ellisia nyctelea" nexsonid "node1030569"
pgloadind     pruning dups and overlapping name "Turricula parryi" nexsonid "node1030549"
pgloadind     pruning dups and overlapping name "Eriodictyon californicum" nexsonid "node1030548"
pgloadind     pruning dups and overlapping name "Phacelia ranunculacea" nexsonid "node1030562"
pgloadind     pruning dups and overlapping name "Emmenanthe penduliflora" nexsonid "node1030567"
pgloadind     pruning dups and overlapping name "Codon royenii" nexsonid "node1030653"
pgloadind     pruning dups and overlapping name "Cerinthe major" nexsonid "node1030854"
pgloadind     pruning dups and overlapping name "Phacelia tanacetifolia" nexsonid "node1030563"
pgloadind     pruning dups and overlapping name "Pholistoma auritum" nexsonid "node1030573"
pgloadind     pruning dups and overlapping name "Phacelia heterophylla" nexsonid "node1030560"
pgloadind     pruning dups and overlapping name "Hesperochiron pumilis" nexsonid "node1030555"
pgloadind     pruning dups and overlapping name "Eucrypta chrysanthemifolia" nexsonid "node1030565"
pgloadind     pruning dups and overlapping name "Hydrophyllum canadense" nexsonid "node1030575"
pgloadind     pruning dups and overlapping name "Ehretia acuminata" nexsonid "node1030650"
pgloadind     pruning dups and overlapping name "Nama demissum" nexsonid "node1030542"
pgloadind     pruning dups and overlapping name "Asperugo procumbens L." nexsonid "node1030685"
pgloadind     pruning dups and overlapping name "Wigandia urens" nexsonid "node1030544"
pgloadind     pruning dups and overlapping name "Hydrophyllum virginianum" nexsonid "node1030578"
pgloadind   postpruning newick tree "(((((((((((Cordia_myxa,Cordia_sinensis),Cordia_dentata),Saccellium_lanceolatum),(Cordia_trichotoma,Auxemma_oncocalyx)),Varronia_bonplandii),(Patagonula_americana,Patagonula_bahiensis)),Coldenia_procumbens),(((((((Halgania_andromedifolia,Halgania_rigida),Ehretia_thyrsiflora),(Ehretia_longiflora,Ehretia_cymosa)),(Rochefortia_acanthophora,(Lennoa_madreporoides,Pholisma_arenarium))),Bourreria_virgata),(Tiquilia_hispidissima,Tiquilia_plicata)),Bourreria_succulenta)),((((((Schleidenia_baclei,Schleidenia_lagoensis),(Hilgeria_serpylloides,Hilgeria_hypogaea)),Euploca_campestris),Myriopus_salzmannii),Ixorhea_tschudiana),(((((Heliotropium_aegyptiacum,Nogalia_drepanophylla),Argusia_sibirica),Ceballosia_fruticosa),(Tournefortia_buchtienii,Tournefortia_laurifolia)),Heliotropium_arborescens))),Tricardia_watsonii),((((((((((((((Anchusa_aegyptiaca,Hormuzakia_aggregata),Anchusa_azurea),Phyllocara_aucheri),(((((Cynoglottis_barrelieri,Cynoglottis_chetikiana),Anchusa_stylosa),(Gastrocotyle_hispida,Gastrocotyle_macedonica)),Anchusa_thessala),(((Anchusa_cespitosa,Anchusa_crispa),Lycopsis_arvensis),Anchusella_cretica))),(Borago_officinalis,(Borago_morisiana,Borago_pygmaea))),(Symphytum_armeniacum,Symphytum_tuberosum)),((Pulmonaria_obscura,Paraskevia_cesatiana),((Elizaldia_heterostemon,Elizaldia_calycina_subsp_calycina),Nonea_stenosolen))),Pentaglottis_sempervirens),Trachystemon_orientalis),Brunnera_macrophylla),Thaumatocaryon_tetraquetrum),(((((Huynhia_pulchra,((Moltkia_suffruticosa,Moltkia_petraea),((Moltkia_angustifolia,Moltkia_coerulea),Moltkia_aurea))),(((Onosma_graecum,Onosma_fruticosa),Maharanga_emodi),(((((Lobostemon_fruticosus,Lobostemon_trigonus),Lobostemon_montanus),Echiostachys_incanus),((Echium_angustifolium,Echium_vulgare),Echium_giganteum)),Pontechium_maculatum))),(((((((Onosmodium_virginianum,Ulugbekia_tschimganica),Lithospermum_incisum),(Lithospermum_multiflorum,Lithospermum_cobrense)),Lithospermum_officinale),(Glandora_diffusa,Glandora_rosmarinifolia)),(Buglossoides_tenuiflora,Buglossoides_arvensis)),Lithospermum_purpurocaeruleum)),(((((Arnebia_euchroma,Arnebia_guttata),Macrotomia_densiflora),Arnebia_szechenyi),((((Paramoltkia_doerfleri,Halacsya_sendtneri),((Lithodora_zahnii,Lithodora_fruticosa),Mairetis_microsperma)),Moltkiopsis_ciliata),Neatostema_apulum)),(Cerinthe_alpina,Cerinthe_gymnandra))),((Alkanna_orientalis,Alkanna_tinctoria),Podonosma_orientalis))),(((((((((((((Cryptantha_bakeri,Cryptantha_flavoculata),Plagiobothrys_albiflorus),Cryptantha_pterocarya),(Cryptantha_peruviana,Cryptantha_crassisepala)),(Amsinckia_lycopsoides,Amsinckia_calycina)),(((Paracaryum_lithospermifolium,Cynoglossum_officinale),Lindelofia_longiflora),Pardoglossum_cheirifolium)),(Brachybotrys_paridiformis,(Trigonotis_peduncularis,Bothriospermum_tenellum))),(((Myosotis_krylovii,Myosotis_arvensis),(Myosotis_australis,Myosotis_sicula)),(Pseudomertensia_moltkioides_subsp_moltkioides,Pseudomertensia_echioides))),Trichodesma_africanum),((((((Lappula_barbata,(Lappula_anocarpa,Lappula_squarrosa)),Hackelia_deflexa),(Hackelia_micrantha,Hackelia_diffusa)),(Lappula_sessiliflora,((Rochelia_cardiosepala,Rochelia_bungei),Rochelia_persica))),((((Eritrichium_splendens,Amblynotus_rupestris),Eritrichium_sericeum),(Eritrichium_villosum,((Eritrichium_aretioides,Eritrichium_chamissonis),Eritrichium_nanum))),Eritrichium_heterocarpus)),(Omphalodes_sp_090,(Trigonotis_formosana,Trigonotis_guilielmi)))),((((Mertensia_sibirica,Mertensia_davurica),Mertensia_maritima),((((Mertensia_alpina,Mertensia_oblongifolia_subsp_nevadensis),Mertensia_virginica),Mertensia_bella),Mertensia_paniculata_var_borealis)),Asperugo_procumbens)),(((Myosotidium_hortensia,Omphalodes_verna),Omphalodes_nitida),(Omphalodes_brassicifolia,((Omphalodes_commutata,Omphalodes_linifolia),(Omphalodes_kuzinskyanae,Omphalodes_littoralis_subsp_littoralis))))),(Caccinia_strigosa,Trichodesma_zeylanicum))),((Antiphytum_hintoniorum,Echiochilon_fruticosum),Ogastemma_pusillum)))"
pgloadind   taxon mapping summary
pgloadind     taxon mapping OTT ID 97403 taxonomy "Cordia myxa->Cordia->Boraginaceae->Boraginales->lamiids->asterids->Pentapetalae->Gunneridae->eudicotyledons->Mesangiospermae->Magnoliophyta->Spermatophyta->Euphyllophyta->Tracheophyta->Embryophyta->Streptophytina->Streptophyta->Chloroplastida->Archaeplastida->Eukaryota->cellular organisms->life" nexsonid "node1030625"
pgloadind     taxon mapping OTT ID 79729 taxonomy "Cordia sinensis->Cordia->Boraginaceae->Boraginales->lamiids->asterids->Pentapetalae->Gunneridae->eudicotyledons->Mesangiospermae->Magnoliophyta->Spermatophyta->Euphyllophyta->Tracheophyta->Embryophyta->Streptophytina->Streptophyta->Chloroplastida->Archaeplastida->Eukaryota->cellular organisms->life" nexsonid "node1030626"
pgloadind     taxon mapping OTT ID 79740 taxonomy "Cordia dentata->Cordia->Boraginaceae->Boraginales->lamiids->asterids->Pentapetalae->Gunneridae->eudicotyledons->Mesangiospermae->Magnoliophyta->Spermatophyta->Euphyllophyta->Tracheophyta->Embryophyta->Streptophytina->Streptophyta->Chloroplastida->Archaeplastida->Eukaryota->cellular organisms->life" nexsonid "node1030623"
pgloadind     taxon mapping OTT ID 671624 taxonomy "Saccellium lanceolatum->Saccellium->Boraginaceae->Boraginales->lamiids->asterids->Pentapetalae->Gunneridae->eudicotyledons->Mesangiospermae->Magnoliophyta->Spermatophyta->Euphyllophyta->Tracheophyta->Embryophyta->Streptophytina->Streptophyta->Chloroplastida->Archaeplastida->Eukaryota->cellular organisms->life" nexsonid "node1030621"
pgloadind     taxon mapping OTT ID 97401 taxonomy "Cordia trichotoma->Cordia->Boraginaceae->Boraginales->lamiids->asterids->Pentapetalae->Gunneridae->eudicotyledons->Mesangiospermae->Magnoliophyta->Spermatophyta->Euphyllophyta->Tracheophyta->Embryophyta->Streptophytina->Streptophyta->Chloroplastida->Archaeplastida->Eukaryota->cellular organisms->life" nexsonid "node1030619"
pgloadind     taxon mapping OTT ID 638294 taxonomy "Auxemma oncocalyx->Auxemma->Boraginaceae->Boraginales->lamiids->asterids->Pentapetalae->Gunneridae->eudicotyledons->Mesangiospermae->Magnoliophyta->Spermatophyta->Euphyllophyta->Tracheophyta->Embryophyta->Streptophytina->Streptophyta->Chloroplastida->Archaeplastida->Eukaryota->cellular organisms->life" nexsonid "node1030618"
pgloadind     taxon mapping OTT ID 996837 taxonomy "Varronia bonplandii->Varronia->Boraginaceae->Boraginales->lamiids->asterids->Pentapetalae->Gunneridae->eudicotyledons->Mesangiospermae->Magnoliophyta->Spermatophyta->Euphyllophyta->Tracheophyta->Embryophyta->Streptophytina->Streptophyta->Chloroplastida->Archaeplastida->Eukaryota->cellular organisms->life" nexsonid "node1030615"
pgloadind     taxon mapping OTT ID 249699 taxonomy "Patagonula americana->Patagonula->Boraginaceae->Boraginales->lamiids->asterids->Pentapetalae->Gunneridae->eudicotyledons->Mesangiospermae->Magnoliophyta->Spermatophyta->Euphyllophyta->Tracheophyta->Embryophyta->Streptophytina->Streptophyta->Chloroplastida->Archaeplastida->Eukaryota->cellular organisms->life" nexsonid "node1030613"
pgloadind     taxon mapping OTT ID 167819 taxonomy "Patagonula bahiensis->Patagonula->Boraginaceae->Boraginales->lamiids->asterids->Pentapetalae->Gunneridae->eudicotyledons->Mesangiospermae->Magnoliophyta->Spermatophyta->Euphyllophyta->Tracheophyta->Embryophyta->Streptophytina->Streptophyta->Chloroplastida->Archaeplastida->Eukaryota->cellular organisms->life" nexsonid "node1030612"
pgloadind     taxon mapping OTT ID 638292 taxonomy "Coldenia procumbens->Coldenia->Boraginaceae->Boraginales->lamiids->asterids->Pentapetalae->Gunneridae->eudicotyledons->Mesangiospermae->Magnoliophyta->Spermatophyta->Euphyllophyta->Tracheophyta->Embryophyta->Streptophytina->Streptophyta->Chloroplastida->Archaeplastida->Eukaryota->cellular organisms->life" nexsonid "node1030609"
pgloadind     taxon mapping OTT ID 671633 taxonomy "Halgania andromedifolia->Halgania->Boraginaceae->Boraginales->lamiids->asterids->Pentapetalae->Gunneridae->eudicotyledons->Mesangiospermae->Magnoliophyta->Spermatophyta->Euphyllophyta->Tracheophyta->Embryophyta->Streptophytina->Streptophyta->Chloroplastida->Archaeplastida->Eukaryota->cellular organisms->life" nexsonid "node1030647"
pgloadind     taxon mapping OTT ID 731992 taxonomy "Halgania rigida->Halgania->Boraginaceae->Boraginales->lamiids->asterids->Pentapetalae->Gunneridae->eudicotyledons->Mesangiospermae->Magnoliophyta->Spermatophyta->Euphyllophyta->Tracheophyta->Embryophyta->Streptophytina->Streptophyta->Chloroplastida->Archaeplastida->Eukaryota->cellular organisms->life" nexsonid "node1030648"
pgloadind     taxon mapping OTT ID 637823 taxonomy "Ehretia acuminata->Ehretia->Boraginaceae->Boraginales->lamiids->asterids->Pentapetalae->Gunneridae->eudicotyledons->Mesangiospermae->Magnoliophyta->Spermatophyta->Euphyllophyta->Tracheophyta->Embryophyta->Streptophytina->Streptophyta->Chloroplastida->Archaeplastida->Eukaryota->cellular organisms->life" nexsonid "node1030651"
pgloadind     taxon mapping OTT ID 118347 taxonomy "Ehretia longiflora->Ehretia->Boraginaceae->Boraginales->lamiids->asterids->Pentapetalae->Gunneridae->eudicotyledons->Mesangiospermae->Magnoliophyta->Spermatophyta->Euphyllophyta->Tracheophyta->Embryophyta->Streptophytina->Streptophyta->Chloroplastida->Archaeplastida->Eukaryota->cellular organisms->life" nexsonid "node1030644"
pgloadind     taxon mapping OTT ID 300574 taxonomy "Ehretia cymosa->Ehretia->Boraginaceae->Boraginales->lamiids->asterids->Pentapetalae->Gunneridae->eudicotyledons->Mesangiospermae->Magnoliophyta->Spermatophyta->Euphyllophyta->Tracheophyta->Embryophyta->Streptophytina->Streptophyta->Chloroplastida->Archaeplastida->Eukaryota->cellular organisms->life" nexsonid "node1030643"
pgloadind     taxon mapping OTT ID 324121 taxonomy "Rochefortia acanthophora->Rochefortia->Boraginaceae->Boraginales->lamiids->asterids->Pentapetalae->Gunneridae->eudicotyledons->Mesangiospermae->Magnoliophyta->Spermatophyta->Euphyllophyta->Tracheophyta->Embryophyta->Streptophytina->Streptophyta->Chloroplastida->Archaeplastida->Eukaryota->cellular organisms->life" nexsonid "node1030637"
pgloadind     taxon mapping OTT ID 1079064 taxonomy "Lennoa madreporoides->Lennoa->Boraginaceae->Boraginales->lamiids->asterids->Pentapetalae->Gunneridae->eudicotyledons->Mesangiospermae->Magnoliophyta->Spermatophyta->Euphyllophyta->Tracheophyta->Embryophyta->Streptophytina->Streptophyta->Chloroplastida->Archaeplastida->Eukaryota->cellular organisms->life" nexsonid "node1030640"
pgloadind     taxon mapping OTT ID 824968 taxonomy "Pholisma arenarium->Pholisma->Boraginaceae->Boraginales->lamiids->asterids->Pentapetalae->Gunneridae->eudicotyledons->Mesangiospermae->Magnoliophyta->Spermatophyta->Euphyllophyta->Tracheophyta->Embryophyta->Streptophytina->Streptophyta->Chloroplastida->Archaeplastida->Eukaryota->cellular organisms->life" nexsonid "node1030639"
pgloadind     taxon mapping OTT ID 1012222 taxonomy "Bourreria virgata->Bourreria->Boraginaceae->Boraginales->lamiids->asterids->Pentapetalae->Gunneridae->eudicotyledons->Mesangiospermae->Magnoliophyta->Spermatophyta->Euphyllophyta->Tracheophyta->Embryophyta->Streptophytina->Streptophyta->Chloroplastida->Archaeplastida->Eukaryota->cellular organisms->life" nexsonid "node1030634"
pgloadind     taxon mapping OTT ID 693303 taxonomy "Tiquilia hispidissima->Tiquilia->Boraginaceae->Boraginales->lamiids->asterids->Pentapetalae->Gunneridae->eudicotyledons->Mesangiospermae->Magnoliophyta->Spermatophyta->Euphyllophyta->Tracheophyta->Embryophyta->Streptophytina->Streptophyta->Chloroplastida->Archaeplastida->Eukaryota->cellular organisms->life" nexsonid "node1030632"
pgloadind     taxon mapping OTT ID 381072 taxonomy "Tiquilia plicata->Tiquilia->Boraginaceae->Boraginales->lamiids->asterids->Pentapetalae->Gunneridae->eudicotyledons->Mesangiospermae->Magnoliophyta->Spermatophyta->Euphyllophyta->Tracheophyta->Embryophyta->Streptophytina->Streptophyta->Chloroplastida->Archaeplastida->Eukaryota->cellular organisms->life" nexsonid "node1030631"
pgloadind     taxon mapping OTT ID 989665 taxonomy "Bourreria succulenta->Bourreria->Boraginaceae->Boraginales->lamiids->asterids->Pentapetalae->Gunneridae->eudicotyledons->Mesangiospermae->Magnoliophyta->Spermatophyta->Euphyllophyta->Tracheophyta->Embryophyta->Streptophytina->Streptophyta->Chloroplastida->Archaeplastida->Eukaryota->cellular organisms->life" nexsonid "node1030628"
pgloadind     taxon mapping OTT ID 103307 taxonomy "Schleidenia baclei->Schleidenia->Boraginaceae->Boraginales->lamiids->asterids->Pentapetalae->Gunneridae->eudicotyledons->Mesangiospermae->Magnoliophyta->Spermatophyta->Euphyllophyta->Tracheophyta->Embryophyta->Streptophytina->Streptophyta->Chloroplastida->Archaeplastida->Eukaryota->cellular organisms->life" nexsonid "node1030592"
pgloadind     taxon mapping OTT ID 579118 taxonomy "Schleidenia lagoensis->Schleidenia->Boraginaceae->Boraginales->lamiids->asterids->Pentapetalae->Gunneridae->eudicotyledons->Mesangiospermae->Magnoliophyta->Spermatophyta->Euphyllophyta->Tracheophyta->Embryophyta->Streptophytina->Streptophyta->Chloroplastida->Archaeplastida->Eukaryota->cellular organisms->life" nexsonid "node1030593"
pgloadind     taxon mapping OTT ID 357662 taxonomy "Hilgeria serpylloides->Hilgeria->Boraginaceae->Boraginales->lamiids->asterids->Pentapetalae->Gunneridae->eudicotyledons->Mesangiospermae->Magnoliophyta->Spermatophyta->Euphyllophyta->Tracheophyta->Embryophyta->Streptophytina->Streptophyta->Chloroplastida->Archaeplastida->Eukaryota->cellular organisms->life" nexsonid "node1030590"
pgloadind     taxon mapping OTT ID 103308 taxonomy "Hilgeria hypogaea->Hilgeria->Boraginaceae->Boraginales->lamiids->asterids->Pentapetalae->Gunneridae->eudicotyledons->Mesangiospermae->Magnoliophyta->Spermatophyta->Euphyllophyta->Tracheophyta->Embryophyta->Streptophytina->Streptophyta->Chloroplastida->Archaeplastida->Eukaryota->cellular organisms->life" nexsonid "node1030589"
pgloadind     taxon mapping OTT ID 172330 taxonomy "Euploca campestris->Euploca->Boraginaceae->Boraginales->lamiids->asterids->Pentapetalae->Gunneridae->eudicotyledons->Mesangiospermae->Magnoliophyta->Spermatophyta->Euphyllophyta->Tracheophyta->Embryophyta->Streptophytina->Streptophyta->Chloroplastida->Archaeplastida->Eukaryota->cellular organisms->life" nexsonid "node1030586"
pgloadind     taxon mapping OTT ID 303119 taxonomy "Myriopus salzmannii->Myriopus->Boraginaceae->Boraginales->lamiids->asterids->Pentapetalae->Gunneridae->eudicotyledons->Mesangiospermae->Magnoliophyta->Spermatophyta->Euphyllophyta->Tracheophyta->Embryophyta->Streptophytina->Streptophyta->Chloroplastida->Archaeplastida->Eukaryota->cellular organisms->life" nexsonid "node1030584"
pgloadind     taxon mapping OTT ID 579120 taxonomy "Ixorhea tschudiana->Ixorhea->Boraginaceae->Boraginales->lamiids->asterids->Pentapetalae->Gunneridae->eudicotyledons->Mesangiospermae->Magnoliophyta->Spermatophyta->Euphyllophyta->Tracheophyta->Embryophyta->Streptophytina->Streptophyta->Chloroplastida->Archaeplastida->Eukaryota->cellular organisms->life" nexsonid "node1030582"
pgloadind     taxon mapping OTT ID 648212 taxonomy "Heliotropium aegyptiacum->Heliotropium->Boraginaceae->Boraginales->lamiids->asterids->Pentapetalae->Gunneridae->eudicotyledons->Mesangiospermae->Magnoliophyta->Spermatophyta->Euphyllophyta->Tracheophyta->Embryophyta->Streptophytina->Streptophyta->Chloroplastida->Archaeplastida->Eukaryota->cellular organisms->life" nexsonid "node1030605"
pgloadind     taxon mapping OTT ID 103306 taxonomy "Nogalia drepanophylla->Nogalia->Boraginaceae->Boraginales->lamiids->asterids->Pentapetalae->Gunneridae->eudicotyledons->Mesangiospermae->Magnoliophyta->Spermatophyta->Euphyllophyta->Tracheophyta->Embryophyta->Streptophytina->Streptophyta->Chloroplastida->Archaeplastida->Eukaryota->cellular organisms->life" nexsonid "node1030606"
pgloadind     taxon mapping OTT ID 400197 taxonomy "Argusia sibirica->Argusia->Boraginaceae->Boraginales->lamiids->asterids->Pentapetalae->Gunneridae->eudicotyledons->Mesangiospermae->Magnoliophyta->Spermatophyta->Euphyllophyta->Tracheophyta->Embryophyta->Streptophytina->Streptophyta->Chloroplastida->Archaeplastida->Eukaryota->cellular organisms->life" nexsonid "node1030603"
pgloadind     taxon mapping OTT ID 1082936 taxonomy "Ceballosia fruticosa->Ceballosia->Boraginaceae->Boraginales->lamiids->asterids->Pentapetalae->Gunneridae->eudicotyledons->Mesangiospermae->Magnoliophyta->Spermatophyta->Euphyllophyta->Tracheophyta->Embryophyta->Streptophytina->Streptophyta->Chloroplastida->Archaeplastida->Eukaryota->cellular organisms->life" nexsonid "node1030601"
pgloadind     taxon mapping OTT ID 303117 taxonomy "Tournefortia buchtienii->Tournefortia->Boraginaceae->Boraginales->lamiids->asterids->Pentapetalae->Gunneridae->eudicotyledons->Mesangiospermae->Magnoliophyta->Spermatophyta->Euphyllophyta->Tracheophyta->Embryophyta->Streptophytina->Streptophyta->Chloroplastida->Archaeplastida->Eukaryota->cellular organisms->life" nexsonid "node1030598"
pgloadind     taxon mapping OTT ID 304765 taxonomy "Tournefortia laurifolia->Tournefortia->Boraginaceae->Boraginales->lamiids->asterids->Pentapetalae->Gunneridae->eudicotyledons->Mesangiospermae->Magnoliophyta->Spermatophyta->Euphyllophyta->Tracheophyta->Embryophyta->Streptophytina->Streptophyta->Chloroplastida->Archaeplastida->Eukaryota->cellular organisms->life" nexsonid "node1030599"
pgloadind     taxon mapping OTT ID 22373 taxonomy "Heliotropium arborescens->Heliotropium->Boraginaceae->Boraginales->lamiids->asterids->Pentapetalae->Gunneridae->eudicotyledons->Mesangiospermae->Magnoliophyta->Spermatophyta->Euphyllophyta->Tracheophyta->Embryophyta->Streptophytina->Streptophyta->Chloroplastida->Archaeplastida->Eukaryota->cellular organisms->life" nexsonid "node1030595"
pgloadind     taxon mapping OTT ID 375193 taxonomy "Tricardia watsonii->Tricardia->Boraginaceae->Boraginales->lamiids->asterids->Pentapetalae->Gunneridae->eudicotyledons->Mesangiospermae->Magnoliophyta->Spermatophyta->Euphyllophyta->Tracheophyta->Embryophyta->Streptophytina->Streptophyta->Chloroplastida->Archaeplastida->Eukaryota->cellular organisms->life" nexsonid "node1030556"
pgloadind     taxon mapping OTT ID 1006825 taxonomy "Anchusa aegyptiaca->Anchusa->Boraginaceae->Boraginales->lamiids->asterids->Pentapetalae->Gunneridae->eudicotyledons->Mesangiospermae->Magnoliophyta->Spermatophyta->Euphyllophyta->Tracheophyta->Embryophyta->Streptophytina->Streptophyta->Chloroplastida->Archaeplastida->Eukaryota->cellular organisms->life" nexsonid "node1030821"
pgloadind     taxon mapping OTT ID 163841 taxonomy "Hormuzakia aggregata->Hormuzakia->Boraginaceae->Boraginales->lamiids->asterids->Pentapetalae->Gunneridae->eudicotyledons->Mesangiospermae->Magnoliophyta->Spermatophyta->Euphyllophyta->Tracheophyta->Embryophyta->Streptophytina->Streptophyta->Chloroplastida->Archaeplastida->Eukaryota->cellular organisms->life" nexsonid "node1030822"
pgloadind     taxon mapping OTT ID 480542 taxonomy "Anchusa azurea->Anchusa->Boraginaceae->Boraginales->lamiids->asterids->Pentapetalae->Gunneridae->eudicotyledons->Mesangiospermae->Magnoliophyta->Spermatophyta->Euphyllophyta->Tracheophyta->Embryophyta->Streptophytina->Streptophyta->Chloroplastida->Archaeplastida->Eukaryota->cellular organisms->life" nexsonid "node1030819"
pgloadind     taxon mapping OTT ID 738416 taxonomy "Phyllocara aucheri->Phyllocara->Boraginaceae->Boraginales->lamiids->asterids->Pentapetalae->Gunneridae->eudicotyledons->Mesangiospermae->Magnoliophyta->Spermatophyta->Euphyllophyta->Tracheophyta->Embryophyta->Streptophytina->Streptophyta->Chloroplastida->Archaeplastida->Eukaryota->cellular organisms->life" nexsonid "node1030817"
pgloadind     taxon mapping OTT ID 900049 taxonomy "Cynoglottis barrelieri->Cynoglottis->Boraginaceae->Boraginales->lamiids->asterids->Pentapetalae->Gunneridae->eudicotyledons->Mesangiospermae->Magnoliophyta->Spermatophyta->Euphyllophyta->Tracheophyta->Embryophyta->Streptophytina->Streptophyta->Chloroplastida->Archaeplastida->Eukaryota->cellular organisms->life" nexsonid "node1030840"
pgloadind     taxon mapping OTT ID 957270 taxonomy "Cynoglottis chetikiana->Cynoglottis->Boraginaceae->Boraginales->lamiids->asterids->Pentapetalae->Gunneridae->eudicotyledons->Mesangiospermae->Magnoliophyta->Spermatophyta->Euphyllophyta->Tracheophyta->Embryophyta->Streptophytina->Streptophyta->Chloroplastida->Archaeplastida->Eukaryota->cellular organisms->life" nexsonid "node1030841"
pgloadind     taxon mapping OTT ID 163853 taxonomy "Anchusa stylosa->Anchusa->Boraginaceae->Boraginales->lamiids->asterids->Pentapetalae->Gunneridae->eudicotyledons->Mesangiospermae->Magnoliophyta->Spermatophyta->Euphyllophyta->Tracheophyta->Embryophyta->Streptophytina->Streptophyta->Chloroplastida->Archaeplastida->Eukaryota->cellular organisms->life" nexsonid "node1030838"
pgloadind     taxon mapping OTT ID 1052253 taxonomy "Gastrocotyle hispida->Gastrocotyle->Boraginaceae->Boraginales->lamiids->asterids->Pentapetalae->Gunneridae->eudicotyledons->Mesangiospermae->Magnoliophyta->Spermatophyta->Euphyllophyta->Tracheophyta->Embryophyta->Streptophytina->Streptophyta->Chloroplastida->Archaeplastida->Eukaryota->cellular organisms->life" nexsonid "node1030835"
pgloadind     taxon mapping OTT ID 1052254 taxonomy "Gastrocotyle macedonica->Gastrocotyle->Boraginaceae->Boraginales->lamiids->asterids->Pentapetalae->Gunneridae->eudicotyledons->Mesangiospermae->Magnoliophyta->Spermatophyta->Euphyllophyta->Tracheophyta->Embryophyta->Streptophytina->Streptophyta->Chloroplastida->Archaeplastida->Eukaryota->cellular organisms->life" nexsonid "node1030836"
pgloadind     taxon mapping OTT ID 410139 taxonomy "Anchusa thessala->Anchusa->Boraginaceae->Boraginales->lamiids->asterids->Pentapetalae->Gunneridae->eudicotyledons->Mesangiospermae->Magnoliophyta->Spermatophyta->Euphyllophyta->Tracheophyta->Embryophyta->Streptophytina->Streptophyta->Chloroplastida->Archaeplastida->Eukaryota->cellular organisms->life" nexsonid "node1030832"
pgloadind     taxon mapping OTT ID 698812 taxonomy "Anchusa cespitosa->Anchusa->Boraginaceae->Boraginales->lamiids->asterids->Pentapetalae->Gunneridae->eudicotyledons->Mesangiospermae->Magnoliophyta->Spermatophyta->Euphyllophyta->Tracheophyta->Embryophyta->Streptophytina->Streptophyta->Chloroplastida->Archaeplastida->Eukaryota->cellular organisms->life" nexsonid "node1030829"
pgloadind     taxon mapping OTT ID 797105 taxonomy "Anchusa crispa->Anchusa->Boraginaceae->Boraginales->lamiids->asterids->Pentapetalae->Gunneridae->eudicotyledons->Mesangiospermae->Magnoliophyta->Spermatophyta->Euphyllophyta->Tracheophyta->Embryophyta->Streptophytina->Streptophyta->Chloroplastida->Archaeplastida->Eukaryota->cellular organisms->life" nexsonid "node1030830"
pgloadind     taxon mapping OTT ID 900051 taxonomy "Anchusa arvensis->Anchusa->Boraginaceae->Boraginales->lamiids->asterids->Pentapetalae->Gunneridae->eudicotyledons->Mesangiospermae->Magnoliophyta->Spermatophyta->Euphyllophyta->Tracheophyta->Embryophyta->Streptophytina->Streptophyta->Chloroplastida->Archaeplastida->Eukaryota->cellular organisms->life" nexsonid "node1030827"
pgloadind     taxon mapping OTT ID 700476 taxonomy "Anchusella cretica->Anchusella->Boraginaceae->Boraginales->lamiids->asterids->Pentapetalae->Gunneridae->eudicotyledons->Mesangiospermae->Magnoliophyta->Spermatophyta->Euphyllophyta->Tracheophyta->Embryophyta->Streptophytina->Streptophyta->Chloroplastida->Archaeplastida->Eukaryota->cellular organisms->life" nexsonid "node1030825"
pgloadind     taxon mapping OTT ID 725935 taxonomy "Borago officinalis->Borago->Boraginaceae->Boraginales->lamiids->asterids->Pentapetalae->Gunneridae->eudicotyledons->Mesangiospermae->Magnoliophyta->Spermatophyta->Euphyllophyta->Tracheophyta->Embryophyta->Streptophytina->Streptophyta->Chloroplastida->Archaeplastida->Eukaryota->cellular organisms->life" nexsonid "node1030811"
pgloadind     taxon mapping OTT ID 361705 taxonomy "Borago morisiana->Borago->Boraginaceae->Boraginales->lamiids->asterids->Pentapetalae->Gunneridae->eudicotyledons->Mesangiospermae->Magnoliophyta->Spermatophyta->Euphyllophyta->Tracheophyta->Embryophyta->Streptophytina->Streptophyta->Chloroplastida->Archaeplastida->Eukaryota->cellular organisms->life" nexsonid "node1030814"
pgloadind     taxon mapping OTT ID 163847 taxonomy "Borago pygmaea->Borago->Boraginaceae->Boraginales->lamiids->asterids->Pentapetalae->Gunneridae->eudicotyledons->Mesangiospermae->Magnoliophyta->Spermatophyta->Euphyllophyta->Tracheophyta->Embryophyta->Streptophytina->Streptophyta->Chloroplastida->Archaeplastida->Eukaryota->cellular organisms->life" nexsonid "node1030813"
pgloadind     taxon mapping OTT ID 499846 taxonomy "Symphytum armeniacum->Symphytum->Boraginaceae->Boraginales->lamiids->asterids->Pentapetalae->Gunneridae->eudicotyledons->Mesangiospermae->Magnoliophyta->Spermatophyta->Euphyllophyta->Tracheophyta->Embryophyta->Streptophytina->Streptophyta->Chloroplastida->Archaeplastida->Eukaryota->cellular organisms->life" nexsonid "node1030807"
pgloadind     taxon mapping OTT ID 1036108 taxonomy "Symphytum tuberosum->Symphytum->Boraginaceae->Boraginales->lamiids->asterids->Pentapetalae->Gunneridae->eudicotyledons->Mesangiospermae->Magnoliophyta->Spermatophyta->Euphyllophyta->Tracheophyta->Embryophyta->Streptophytina->Streptophyta->Chloroplastida->Archaeplastida->Eukaryota->cellular organisms->life" nexsonid "node1030808"
pgloadind     taxon mapping OTT ID 1036117 taxonomy "Pulmonaria obscura->Pulmonaria->Boraginaceae->Boraginales->lamiids->asterids->Pentapetalae->Gunneridae->eudicotyledons->Mesangiospermae->Magnoliophyta->Spermatophyta->Euphyllophyta->Tracheophyta->Embryophyta->Streptophytina->Streptophyta->Chloroplastida->Archaeplastida->Eukaryota->cellular organisms->life" nexsonid "node1030798"
pgloadind     taxon mapping OTT ID 881309 taxonomy "Paraskevia cesatiana->Paraskevia->Boraginaceae->Boraginales->lamiids->asterids->Pentapetalae->Gunneridae->eudicotyledons->Mesangiospermae->Magnoliophyta->Spermatophyta->Euphyllophyta->Tracheophyta->Embryophyta->Streptophytina->Streptophyta->Chloroplastida->Archaeplastida->Eukaryota->cellular organisms->life" nexsonid "node1030799"
pgloadind     taxon mapping OTT ID 220405 taxonomy "Elizaldia heterostemon->Elizaldia->Boraginaceae->Boraginales->lamiids->asterids->Pentapetalae->Gunneridae->eudicotyledons->Mesangiospermae->Magnoliophyta->Spermatophyta->Euphyllophyta->Tracheophyta->Embryophyta->Streptophytina->Streptophyta->Chloroplastida->Archaeplastida->Eukaryota->cellular organisms->life" nexsonid "node1030803"
pgloadind     taxon mapping OTT ID 220411 taxonomy "Elizaldia calycina subsp. calycina->Elizaldia calycina->Elizaldia->Boraginaceae->Boraginales->lamiids->asterids->Pentapetalae->Gunneridae->eudicotyledons->Mesangiospermae->Magnoliophyta->Spermatophyta->Euphyllophyta->Tracheophyta->Embryophyta->Streptophytina->Streptophyta->Chloroplastida->Archaeplastida->Eukaryota->cellular organisms->life" nexsonid "node1030804"
pgloadind     taxon mapping OTT ID 1093048 taxonomy "Nonea stenosolen->Nonea->Boraginaceae->Boraginales->lamiids->asterids->Pentapetalae->Gunneridae->eudicotyledons->Mesangiospermae->Magnoliophyta->Spermatophyta->Euphyllophyta->Tracheophyta->Embryophyta->Streptophytina->Streptophyta->Chloroplastida->Archaeplastida->Eukaryota->cellular organisms->life" nexsonid "node1030801"
pgloadind     taxon mapping OTT ID 96135 taxonomy "Pentaglottis sempervirens->Pentaglottis->Boraginaceae->Boraginales->lamiids->asterids->Pentapetalae->Gunneridae->eudicotyledons->Mesangiospermae->Magnoliophyta->Spermatophyta->Euphyllophyta->Tracheophyta->Embryophyta->Streptophytina->Streptophyta->Chloroplastida->Archaeplastida->Eukaryota->cellular organisms->life" nexsonid "node1030794"
pgloadind     taxon mapping OTT ID 1036105 taxonomy "Trachystemon orientalis->Trachystemon->Boraginaceae->Boraginales->lamiids->asterids->Pentapetalae->Gunneridae->eudicotyledons->Mesangiospermae->Magnoliophyta->Spermatophyta->Euphyllophyta->Tracheophyta->Embryophyta->Streptophytina->Streptophyta->Chloroplastida->Archaeplastida->Eukaryota->cellular organisms->life" nexsonid "node1030792"
pgloadind     taxon mapping OTT ID 637427 taxonomy "Brunnera macrophylla->Brunnera->Boraginaceae->Boraginales->lamiids->asterids->Pentapetalae->Gunneridae->eudicotyledons->Mesangiospermae->Magnoliophyta->Spermatophyta->Euphyllophyta->Tracheophyta->Embryophyta->Streptophytina->Streptophyta->Chloroplastida->Archaeplastida->Eukaryota->cellular organisms->life" nexsonid "node1030790"
pgloadind     taxon mapping OTT ID 767088 taxonomy "Thaumatocaryon tetraquetrum->Thaumatocaryon->Boraginaceae->Boraginales->lamiids->asterids->Pentapetalae->Gunneridae->eudicotyledons->Mesangiospermae->Magnoliophyta->Spermatophyta->Euphyllophyta->Tracheophyta->Embryophyta->Streptophytina->Streptophyta->Chloroplastida->Archaeplastida->Eukaryota->cellular organisms->life" nexsonid "node1030788"
pgloadind     taxon mapping OTT ID 854256 taxonomy "Huynhia pulchra->Huynhia->Boraginaceae->Boraginales->lamiids->asterids->Pentapetalae->Gunneridae->eudicotyledons->Mesangiospermae->Magnoliophyta->Spermatophyta->Euphyllophyta->Tracheophyta->Embryophyta->Streptophytina->Streptophyta->Chloroplastida->Archaeplastida->Eukaryota->cellular organisms->life" nexsonid "node1030900"
pgloadind     taxon mapping OTT ID 958608 taxonomy "Moltkia suffruticosa->Moltkia->Boraginaceae->Boraginales->lamiids->asterids->Pentapetalae->Gunneridae->eudicotyledons->Mesangiospermae->Magnoliophyta->Spermatophyta->Euphyllophyta->Tracheophyta->Embryophyta->Streptophytina->Streptophyta->Chloroplastida->Archaeplastida->Eukaryota->cellular organisms->life" nexsonid "node1030904"
pgloadind     taxon mapping OTT ID 958605 taxonomy "Moltkia petraea->Moltkia->Boraginaceae->Boraginales->lamiids->asterids->Pentapetalae->Gunneridae->eudicotyledons->Mesangiospermae->Magnoliophyta->Spermatophyta->Euphyllophyta->Tracheophyta->Embryophyta->Streptophytina->Streptophyta->Chloroplastida->Archaeplastida->Eukaryota->cellular organisms->life" nexsonid "node1030903"
pgloadind     taxon mapping OTT ID 854264 taxonomy "Moltkia angustifolia->Moltkia->Boraginaceae->Boraginales->lamiids->asterids->Pentapetalae->Gunneridae->eudicotyledons->Mesangiospermae->Magnoliophyta->Spermatophyta->Euphyllophyta->Tracheophyta->Embryophyta->Streptophytina->Streptophyta->Chloroplastida->Archaeplastida->Eukaryota->cellular organisms->life" nexsonid "node1030908"
pgloadind     taxon mapping OTT ID 854268 taxonomy "Moltkia coerulea->Moltkia->Boraginaceae->Boraginales->lamiids->asterids->Pentapetalae->Gunneridae->eudicotyledons->Mesangiospermae->Magnoliophyta->Spermatophyta->Euphyllophyta->Tracheophyta->Embryophyta->Streptophytina->Streptophyta->Chloroplastida->Archaeplastida->Eukaryota->cellular organisms->life" nexsonid "node1030909"
pgloadind     taxon mapping OTT ID 854266 taxonomy "Moltkia aurea->Moltkia->Boraginaceae->Boraginales->lamiids->asterids->Pentapetalae->Gunneridae->eudicotyledons->Mesangiospermae->Magnoliophyta->Spermatophyta->Euphyllophyta->Tracheophyta->Embryophyta->Streptophytina->Streptophyta->Chloroplastida->Archaeplastida->Eukaryota->cellular organisms->life" nexsonid "node1030906"
pgloadind     taxon mapping OTT ID 520146 taxonomy "Onosma graeca->Onosma->Boraginaceae->Boraginales->lamiids->asterids->Pentapetalae->Gunneridae->eudicotyledons->Mesangiospermae->Magnoliophyta->Spermatophyta->Euphyllophyta->Tracheophyta->Embryophyta->Streptophytina->Streptophyta->Chloroplastida->Archaeplastida->Eukaryota->cellular organisms->life" nexsonid "node1030915"
pgloadind     taxon mapping OTT ID 904163 taxonomy "Onosma fruticosa->Onosma->Boraginaceae->Boraginales->lamiids->asterids->Pentapetalae->Gunneridae->eudicotyledons->Mesangiospermae->Magnoliophyta->Spermatophyta->Euphyllophyta->Tracheophyta->Embryophyta->Streptophytina->Streptophyta->Chloroplastida->Archaeplastida->Eukaryota->cellular organisms->life" nexsonid "node1030914"
pgloadind     taxon mapping OTT ID 904156 taxonomy "Maharanga emodi->Maharanga->Boraginaceae->Boraginales->lamiids->asterids->Pentapetalae->Gunneridae->eudicotyledons->Mesangiospermae->Magnoliophyta->Spermatophyta->Euphyllophyta->Tracheophyta->Embryophyta->Streptophytina->Streptophyta->Chloroplastida->Archaeplastida->Eukaryota->cellular organisms->life" nexsonid "node1030912"
pgloadind     taxon mapping OTT ID 791515 taxonomy "Lobostemon fruticosus->Lobostemon->Boraginaceae->Boraginales->lamiids->asterids->Pentapetalae->Gunneridae->eudicotyledons->Mesangiospermae->Magnoliophyta->Spermatophyta->Euphyllophyta->Tracheophyta->Embryophyta->Streptophytina->Streptophyta->Chloroplastida->Archaeplastida->Eukaryota->cellular organisms->life" nexsonid "node1030930"
pgloadind     taxon mapping OTT ID 1054032 taxonomy "Lobostemon trigonus->Lobostemon->Boraginaceae->Boraginales->lamiids->asterids->Pentapetalae->Gunneridae->eudicotyledons->Mesangiospermae->Magnoliophyta->Spermatophyta->Euphyllophyta->Tracheophyta->Embryophyta->Streptophytina->Streptophyta->Chloroplastida->Archaeplastida->Eukaryota->cellular organisms->life" nexsonid "node1030929"
pgloadind     taxon mapping OTT ID 828155 taxonomy "Lobostemon montanus->Lobostemon->Boraginaceae->Boraginales->lamiids->asterids->Pentapetalae->Gunneridae->eudicotyledons->Mesangiospermae->Magnoliophyta->Spermatophyta->Euphyllophyta->Tracheophyta->Embryophyta->Streptophytina->Streptophyta->Chloroplastida->Archaeplastida->Eukaryota->cellular organisms->life" nexsonid "node1030927"
pgloadind     taxon mapping OTT ID 828156 taxonomy "Echiostachys incanus->Echiostachys->Boraginaceae->Boraginales->lamiids->asterids->Pentapetalae->Gunneridae->eudicotyledons->Mesangiospermae->Magnoliophyta->Spermatophyta->Euphyllophyta->Tracheophyta->Embryophyta->Streptophytina->Streptophyta->Chloroplastida->Archaeplastida->Eukaryota->cellular organisms->life" nexsonid "node1030925"
pgloadind     taxon mapping OTT ID 520149 taxonomy "Echium angustifolium->Echium->Boraginaceae->Boraginales->lamiids->asterids->Pentapetalae->Gunneridae->eudicotyledons->Mesangiospermae->Magnoliophyta->Spermatophyta->Euphyllophyta->Tracheophyta->Embryophyta->Streptophytina->Streptophyta->Chloroplastida->Archaeplastida->Eukaryota->cellular organisms->life" nexsonid "node1030922"
pgloadind     taxon mapping OTT ID 681834 taxonomy "Echium vulgare->Echium->Boraginaceae->Boraginales->lamiids->asterids->Pentapetalae->Gunneridae->eudicotyledons->Mesangiospermae->Magnoliophyta->Spermatophyta->Euphyllophyta->Tracheophyta->Embryophyta->Streptophytina->Streptophyta->Chloroplastida->Archaeplastida->Eukaryota->cellular organisms->life" nexsonid "node1030923"
pgloadind     taxon mapping OTT ID 492070 taxonomy "Echium giganteum->Echium->Boraginaceae->Boraginales->lamiids->asterids->Pentapetalae->Gunneridae->eudicotyledons->Mesangiospermae->Magnoliophyta->Spermatophyta->Euphyllophyta->Tracheophyta->Embryophyta->Streptophytina->Streptophyta->Chloroplastida->Archaeplastida->Eukaryota->cellular organisms->life" nexsonid "node1030920"
pgloadind     taxon mapping OTT ID 266688 taxonomy "Pontechium maculatum->Pontechium->Boraginaceae->Boraginales->lamiids->asterids->Pentapetalae->Gunneridae->eudicotyledons->Mesangiospermae->Magnoliophyta->Spermatophyta->Euphyllophyta->Tracheophyta->Embryophyta->Streptophytina->Streptophyta->Chloroplastida->Archaeplastida->Eukaryota->cellular organisms->life" nexsonid "node1030917"
pgloadind     taxon mapping OTT ID 904152 taxonomy "Lithospermum virginianum->Lithospermum->Boraginaceae->Boraginales->lamiids->asterids->Pentapetalae->Gunneridae->eudicotyledons->Mesangiospermae->Magnoliophyta->Spermatophyta->Euphyllophyta->Tracheophyta->Embryophyta->Streptophytina->Streptophyta->Chloroplastida->Archaeplastida->Eukaryota->cellular organisms->life" nexsonid "node1030897"
pgloadind     taxon mapping OTT ID 904166 taxonomy "Ulugbekia tschimganica->Ulugbekia->Boraginaceae->Boraginales->lamiids->asterids->Pentapetalae->Gunneridae->eudicotyledons->Mesangiospermae->Magnoliophyta->Spermatophyta->Euphyllophyta->Tracheophyta->Embryophyta->Streptophytina->Streptophyta->Chloroplastida->Archaeplastida->Eukaryota->cellular organisms->life" nexsonid "node1030896"
pgloadind     taxon mapping OTT ID 936802 taxonomy "Lithospermum incisum->Lithospermum->Boraginaceae->Boraginales->lamiids->asterids->Pentapetalae->Gunneridae->eudicotyledons->Mesangiospermae->Magnoliophyta->Spermatophyta->Euphyllophyta->Tracheophyta->Embryophyta->Streptophytina->Streptophyta->Chloroplastida->Archaeplastida->Eukaryota->cellular organisms->life" nexsonid "node1030894"
pgloadind     taxon mapping OTT ID 1061862 taxonomy "Lithospermum multiflorum->Lithospermum->Boraginaceae->Boraginales->lamiids->asterids->Pentapetalae->Gunneridae->eudicotyledons->Mesangiospermae->Magnoliophyta->Spermatophyta->Euphyllophyta->Tracheophyta->Embryophyta->Streptophytina->Streptophyta->Chloroplastida->Archaeplastida->Eukaryota->cellular organisms->life" nexsonid "node1030892"
pgloadind     taxon mapping OTT ID 955159 taxonomy "Lithospermum cobrense->Lithospermum->Boraginaceae->Boraginales->lamiids->asterids->Pentapetalae->Gunneridae->eudicotyledons->Mesangiospermae->Magnoliophyta->Spermatophyta->Euphyllophyta->Tracheophyta->Embryophyta->Streptophytina->Streptophyta->Chloroplastida->Archaeplastida->Eukaryota->cellular organisms->life" nexsonid "node1030891"
pgloadind     taxon mapping OTT ID 382392 taxonomy "Lithospermum officinale->Lithospermum->Boraginaceae->Boraginales->lamiids->asterids->Pentapetalae->Gunneridae->eudicotyledons->Mesangiospermae->Magnoliophyta->Spermatophyta->Euphyllophyta->Tracheophyta->Embryophyta->Streptophytina->Streptophyta->Chloroplastida->Archaeplastida->Eukaryota->cellular organisms->life" nexsonid "node1030888"
pgloadind     taxon mapping OTT ID 441783 taxonomy "Glandora diffusa->Glandora->Boraginaceae->Boraginales->lamiids->asterids->Pentapetalae->Gunneridae->eudicotyledons->Mesangiospermae->Magnoliophyta->Spermatophyta->Euphyllophyta->Tracheophyta->Embryophyta->Streptophytina->Streptophyta->Chloroplastida->Archaeplastida->Eukaryota->cellular organisms->life" nexsonid "node1030885"
pgloadind     taxon mapping OTT ID 1089832 taxonomy "Glandora rosmarinifolia->Glandora->Boraginaceae->Boraginales->lamiids->asterids->Pentapetalae->Gunneridae->eudicotyledons->Mesangiospermae->Magnoliophyta->Spermatophyta->Euphyllophyta->Tracheophyta->Embryophyta->Streptophytina->Streptophyta->Chloroplastida->Archaeplastida->Eukaryota->cellular organisms->life" nexsonid "node1030886"
pgloadind     taxon mapping OTT ID 563374 taxonomy "Buglossoides tenuiflora->Buglossoides->Boraginaceae->Boraginales->lamiids->asterids->Pentapetalae->Gunneridae->eudicotyledons->Mesangiospermae->Magnoliophyta->Spermatophyta->Euphyllophyta->Tracheophyta->Embryophyta->Streptophytina->Streptophyta->Chloroplastida->Archaeplastida->Eukaryota->cellular organisms->life" nexsonid "node1030882"
pgloadind     taxon mapping OTT ID 97419 taxonomy "Buglossoides arvensis->Buglossoides->Boraginaceae->Boraginales->lamiids->asterids->Pentapetalae->Gunneridae->eudicotyledons->Mesangiospermae->Magnoliophyta->Spermatophyta->Euphyllophyta->Tracheophyta->Embryophyta->Streptophytina->Streptophyta->Chloroplastida->Archaeplastida->Eukaryota->cellular organisms->life" nexsonid "node1030881"
pgloadind     taxon mapping OTT ID 936798 taxonomy "Lithospermum purpurocaeruleum->Lithospermum->Boraginaceae->Boraginales->lamiids->asterids->Pentapetalae->Gunneridae->eudicotyledons->Mesangiospermae->Magnoliophyta->Spermatophyta->Euphyllophyta->Tracheophyta->Embryophyta->Streptophytina->Streptophyta->Chloroplastida->Archaeplastida->Eukaryota->cellular organisms->life" nexsonid "node1030878"
pgloadind     taxon mapping OTT ID 914167 taxonomy "Arnebia euchroma->Arnebia->Boraginaceae->Boraginales->lamiids->asterids->Pentapetalae->Gunneridae->eudicotyledons->Mesangiospermae->Magnoliophyta->Spermatophyta->Euphyllophyta->Tracheophyta->Embryophyta->Streptophytina->Streptophyta->Chloroplastida->Archaeplastida->Eukaryota->cellular organisms->life" nexsonid "node1030862"
pgloadind     taxon mapping OTT ID 476290 taxonomy "Arnebia guttata->Arnebia->Boraginaceae->Boraginales->lamiids->asterids->Pentapetalae->Gunneridae->eudicotyledons->Mesangiospermae->Magnoliophyta->Spermatophyta->Euphyllophyta->Tracheophyta->Embryophyta->Streptophytina->Streptophyta->Chloroplastida->Archaeplastida->Eukaryota->cellular organisms->life" nexsonid "node1030861"
pgloadind     taxon mapping OTT ID 854261 taxonomy "Macrotomia densiflora->Macrotomia->Boraginaceae->Boraginales->lamiids->asterids->Pentapetalae->Gunneridae->eudicotyledons->Mesangiospermae->Magnoliophyta->Spermatophyta->Euphyllophyta->Tracheophyta->Embryophyta->Streptophytina->Streptophyta->Chloroplastida->Archaeplastida->Eukaryota->cellular organisms->life" nexsonid "node1030859"
pgloadind     taxon mapping OTT ID 1002613 taxonomy "Arnebia szechenyi->Arnebia->Boraginaceae->Boraginales->lamiids->asterids->Pentapetalae->Gunneridae->eudicotyledons->Mesangiospermae->Magnoliophyta->Spermatophyta->Euphyllophyta->Tracheophyta->Embryophyta->Streptophytina->Streptophyta->Chloroplastida->Archaeplastida->Eukaryota->cellular organisms->life" nexsonid "node1030857"
pgloadind     taxon mapping OTT ID 432864 taxonomy "Paramoltkia doerfleri->Paramoltkia->Boraginaceae->Boraginales->lamiids->asterids->Pentapetalae->Gunneridae->eudicotyledons->Mesangiospermae->Magnoliophyta->Spermatophyta->Euphyllophyta->Tracheophyta->Embryophyta->Streptophytina->Streptophyta->Chloroplastida->Archaeplastida->Eukaryota->cellular organisms->life" nexsonid "node1030870"
pgloadind     taxon mapping OTT ID 563363 taxonomy "Halacsya sendtneri->Halacsya->Boraginaceae->Boraginales->lamiids->asterids->Pentapetalae->Gunneridae->eudicotyledons->Mesangiospermae->Magnoliophyta->Spermatophyta->Euphyllophyta->Tracheophyta->Embryophyta->Streptophytina->Streptophyta->Chloroplastida->Archaeplastida->Eukaryota->cellular organisms->life" nexsonid "node1030869"
pgloadind     taxon mapping OTT ID 1089830 taxonomy "Lithodora zahnii->Lithodora->Boraginaceae->Boraginales->lamiids->asterids->Pentapetalae->Gunneridae->eudicotyledons->Mesangiospermae->Magnoliophyta->Spermatophyta->Euphyllophyta->Tracheophyta->Embryophyta->Streptophytina->Streptophyta->Chloroplastida->Archaeplastida->Eukaryota->cellular organisms->life" nexsonid "node1030874"
pgloadind     taxon mapping OTT ID 1089850 taxonomy "Lithodora fruticosa->Lithodora->Boraginaceae->Boraginales->lamiids->asterids->Pentapetalae->Gunneridae->eudicotyledons->Mesangiospermae->Magnoliophyta->Spermatophyta->Euphyllophyta->Tracheophyta->Embryophyta->Streptophytina->Streptophyta->Chloroplastida->Archaeplastida->Eukaryota->cellular organisms->life" nexsonid "node1030875"
pgloadind     taxon mapping OTT ID 958621 taxonomy "Mairetis microsperma->Mairetis->Boraginaceae->Boraginales->lamiids->asterids->Pentapetalae->Gunneridae->eudicotyledons->Mesangiospermae->Magnoliophyta->Spermatophyta->Euphyllophyta->Tracheophyta->Embryophyta->Streptophytina->Streptophyta->Chloroplastida->Archaeplastida->Eukaryota->cellular organisms->life" nexsonid "node1030872"
pgloadind     taxon mapping OTT ID 266674 taxonomy "Moltkiopsis ciliata->Moltkiopsis->Boraginaceae->Boraginales->lamiids->asterids->Pentapetalae->Gunneridae->eudicotyledons->Mesangiospermae->Magnoliophyta->Spermatophyta->Euphyllophyta->Tracheophyta->Embryophyta->Streptophytina->Streptophyta->Chloroplastida->Archaeplastida->Eukaryota->cellular organisms->life" nexsonid "node1030866"
pgloadind     taxon mapping OTT ID 958612 taxonomy "Neatostema apulum->Neatostema->Boraginaceae->Boraginales->lamiids->asterids->Pentapetalae->Gunneridae->eudicotyledons->Mesangiospermae->Magnoliophyta->Spermatophyta->Euphyllophyta->Tracheophyta->Embryophyta->Streptophytina->Streptophyta->Chloroplastida->Archaeplastida->Eukaryota->cellular organisms->life" nexsonid "node1030864"
pgloadind     taxon mapping OTT ID 279685 taxonomy "Cerinthe alpina->Cerinthe->Boraginaceae->Boraginales->lamiids->asterids->Pentapetalae->Gunneridae->eudicotyledons->Mesangiospermae->Magnoliophyta->Spermatophyta->Euphyllophyta->Tracheophyta->Embryophyta->Streptophytina->Streptophyta->Chloroplastida->Archaeplastida->Eukaryota->cellular organisms->life" nexsonid "node1030851"
pgloadind     taxon mapping OTT ID 1034876 taxonomy "Cerinthe major subsp. major->Cerinthe major->Cerinthe->Boraginaceae->Boraginales->lamiids->asterids->Pentapetalae->Gunneridae->eudicotyledons->Mesangiospermae->Magnoliophyta->Spermatophyta->Euphyllophyta->Tracheophyta->Embryophyta->Streptophytina->Streptophyta->Chloroplastida->Archaeplastida->Eukaryota->cellular organisms->life" nexsonid "node1030853"
pgloadind     taxon mapping OTT ID 1046412 taxonomy "Alkanna orientalis->Alkanna->Boraginaceae->Boraginales->lamiids->asterids->Pentapetalae->Gunneridae->eudicotyledons->Mesangiospermae->Magnoliophyta->Spermatophyta->Euphyllophyta->Tracheophyta->Embryophyta->Streptophytina->Streptophyta->Chloroplastida->Archaeplastida->Eukaryota->cellular organisms->life" nexsonid "node1030847"
pgloadind     taxon mapping OTT ID 1046421 taxonomy "Alkanna tinctoria->Alkanna->Boraginaceae->Boraginales->lamiids->asterids->Pentapetalae->Gunneridae->eudicotyledons->Mesangiospermae->Magnoliophyta->Spermatophyta->Euphyllophyta->Tracheophyta->Embryophyta->Streptophytina->Streptophyta->Chloroplastida->Archaeplastida->Eukaryota->cellular organisms->life" nexsonid "node1030846"
pgloadind     taxon mapping OTT ID 432867 taxonomy "Podonosma orientalis->Podonosma->Boraginaceae->Boraginales->lamiids->asterids->Pentapetalae->Gunneridae->eudicotyledons->Mesangiospermae->Magnoliophyta->Spermatophyta->Euphyllophyta->Tracheophyta->Embryophyta->Streptophytina->Streptophyta->Chloroplastida->Archaeplastida->Eukaryota->cellular organisms->life" nexsonid "node1030844"
pgloadind     taxon mapping OTT ID 1046418 taxonomy "Oreocarya bakeri->Oreocarya->Boraginaceae->Boraginales->lamiids->asterids->Pentapetalae->Gunneridae->eudicotyledons->Mesangiospermae->Magnoliophyta->Spermatophyta->Euphyllophyta->Tracheophyta->Embryophyta->Streptophytina->Streptophyta->Chloroplastida->Archaeplastida->Eukaryota->cellular organisms->life" nexsonid "node1030784"
pgloadind     taxon mapping OTT ID 59794 taxonomy "Cryptantha flavoculata->Cryptantha->Boraginaceae->Boraginales->lamiids->asterids->Pentapetalae->Gunneridae->eudicotyledons->Mesangiospermae->Magnoliophyta->Spermatophyta->Euphyllophyta->Tracheophyta->Embryophyta->Streptophytina->Streptophyta->Chloroplastida->Archaeplastida->Eukaryota->cellular organisms->life" nexsonid "node1030785"
pgloadind     taxon mapping OTT ID 82990 taxonomy "Plagiobothrys albiflorus->Plagiobothrys->Boraginaceae->Boraginales->lamiids->asterids->Pentapetalae->Gunneridae->eudicotyledons->Mesangiospermae->Magnoliophyta->Spermatophyta->Euphyllophyta->Tracheophyta->Embryophyta->Streptophytina->Streptophyta->Chloroplastida->Archaeplastida->Eukaryota->cellular organisms->life" nexsonid "node1030782"
pgloadind     taxon mapping OTT ID 1046398 taxonomy "Cryptantha pterocarya->Cryptantha->Boraginaceae->Boraginales->lamiids->asterids->Pentapetalae->Gunneridae->eudicotyledons->Mesangiospermae->Magnoliophyta->Spermatophyta->Euphyllophyta->Tracheophyta->Embryophyta->Streptophytina->Streptophyta->Chloroplastida->Archaeplastida->Eukaryota->cellular organisms->life" nexsonid "node1030780"
pgloadind     taxon mapping OTT ID 784602 taxonomy "Cryptantha peruviana->Cryptantha->Boraginaceae->Boraginales->lamiids->asterids->Pentapetalae->Gunneridae->eudicotyledons->Mesangiospermae->Magnoliophyta->Spermatophyta->Euphyllophyta->Tracheophyta->Embryophyta->Streptophytina->Streptophyta->Chloroplastida->Archaeplastida->Eukaryota->cellular organisms->life" nexsonid "node1030777"
pgloadind     taxon mapping OTT ID 1046416 taxonomy "Cryptantha crassisepala->Cryptantha->Boraginaceae->Boraginales->lamiids->asterids->Pentapetalae->Gunneridae->eudicotyledons->Mesangiospermae->Magnoliophyta->Spermatophyta->Euphyllophyta->Tracheophyta->Embryophyta->Streptophytina->Streptophyta->Chloroplastida->Archaeplastida->Eukaryota->cellular organisms->life" nexsonid "node1030778"
pgloadind     taxon mapping OTT ID 995131 taxonomy "Amsinckia lycopsoides->Amsinckia->Boraginaceae->Boraginales->lamiids->asterids->Pentapetalae->Gunneridae->eudicotyledons->Mesangiospermae->Magnoliophyta->Spermatophyta->Euphyllophyta->Tracheophyta->Embryophyta->Streptophytina->Streptophyta->Chloroplastida->Archaeplastida->Eukaryota->cellular organisms->life" nexsonid "node1030773"
pgloadind     taxon mapping OTT ID 294156 taxonomy "Amsinckia calycina->Amsinckia->Boraginaceae->Boraginales->lamiids->asterids->Pentapetalae->Gunneridae->eudicotyledons->Mesangiospermae->Magnoliophyta->Spermatophyta->Euphyllophyta->Tracheophyta->Embryophyta->Streptophytina->Streptophyta->Chloroplastida->Archaeplastida->Eukaryota->cellular organisms->life" nexsonid "node1030774"
pgloadind     taxon mapping OTT ID 499852 taxonomy "Paracaryum lithospermifolium->Paracaryum->Boraginaceae->Boraginales->lamiids->asterids->Pentapetalae->Gunneridae->eudicotyledons->Mesangiospermae->Magnoliophyta->Spermatophyta->Euphyllophyta->Tracheophyta->Embryophyta->Streptophytina->Streptophyta->Chloroplastida->Archaeplastida->Eukaryota->cellular organisms->life" nexsonid "node1030770"
pgloadind     taxon mapping OTT ID 97431 taxonomy "Cynoglossum officinale->Cynoglossum->Boraginaceae->Boraginales->lamiids->asterids->Pentapetalae->Gunneridae->eudicotyledons->Mesangiospermae->Magnoliophyta->Spermatophyta->Euphyllophyta->Tracheophyta->Embryophyta->Streptophytina->Streptophyta->Chloroplastida->Archaeplastida->Eukaryota->cellular organisms->life" nexsonid "node1030769"
pgloadind     taxon mapping OTT ID 152574 taxonomy "Lindelofia longiflora->Lindelofia->Boraginaceae->Boraginales->lamiids->asterids->Pentapetalae->Gunneridae->eudicotyledons->Mesangiospermae->Magnoliophyta->Spermatophyta->Euphyllophyta->Tracheophyta->Embryophyta->Streptophytina->Streptophyta->Chloroplastida->Archaeplastida->Eukaryota->cellular organisms->life" nexsonid "node1030767"
pgloadind     taxon mapping OTT ID 957237 taxonomy "Pardoglossum cheirifolium->Pardoglossum->Boraginaceae->Boraginales->lamiids->asterids->Pentapetalae->Gunneridae->eudicotyledons->Mesangiospermae->Magnoliophyta->Spermatophyta->Euphyllophyta->Tracheophyta->Embryophyta->Streptophytina->Streptophyta->Chloroplastida->Archaeplastida->Eukaryota->cellular organisms->life" nexsonid "node1030765"
pgloadind     taxon mapping OTT ID 832279 taxonomy "Brachybotrys paridiformis->Brachybotrys->Boraginaceae->Boraginales->lamiids->asterids->Pentapetalae->Gunneridae->eudicotyledons->Mesangiospermae->Magnoliophyta->Spermatophyta->Euphyllophyta->Tracheophyta->Embryophyta->Streptophytina->Streptophyta->Chloroplastida->Archaeplastida->Eukaryota->cellular organisms->life" nexsonid "node1030759"
pgloadind     taxon mapping OTT ID 381079 taxonomy "Trigonotis peduncularis->Trigonotis->Boraginaceae->Boraginales->lamiids->asterids->Pentapetalae->Gunneridae->eudicotyledons->Mesangiospermae->Magnoliophyta->Spermatophyta->Euphyllophyta->Tracheophyta->Embryophyta->Streptophytina->Streptophyta->Chloroplastida->Archaeplastida->Eukaryota->cellular organisms->life" nexsonid "node1030761"
pgloadind     taxon mapping OTT ID 463689 taxonomy "Bothriospermum tenellum->Bothriospermum->Boraginaceae->Boraginales->lamiids->asterids->Pentapetalae->Gunneridae->eudicotyledons->Mesangiospermae->Magnoliophyta->Spermatophyta->Euphyllophyta->Tracheophyta->Embryophyta->Streptophytina->Streptophyta->Chloroplastida->Archaeplastida->Eukaryota->cellular organisms->life" nexsonid "node1030762"
pgloadind     taxon mapping OTT ID 935951 taxonomy "Myosotis krylovii->Myosotis->Boraginaceae->Boraginales->lamiids->asterids->Pentapetalae->Gunneridae->eudicotyledons->Mesangiospermae->Magnoliophyta->Spermatophyta->Euphyllophyta->Tracheophyta->Embryophyta->Streptophytina->Streptophyta->Chloroplastida->Archaeplastida->Eukaryota->cellular organisms->life" nexsonid "node1030753"
pgloadind     taxon mapping OTT ID 82996 taxonomy "Myosotis arvensis->Myosotis->Boraginaceae->Boraginales->lamiids->asterids->Pentapetalae->Gunneridae->eudicotyledons->Mesangiospermae->Magnoliophyta->Spermatophyta->Euphyllophyta->Tracheophyta->Embryophyta->Streptophytina->Streptophyta->Chloroplastida->Archaeplastida->Eukaryota->cellular organisms->life" nexsonid "node1030752"
pgloadind     taxon mapping OTT ID 82998 taxonomy "Myosotis australis->Myosotis->Boraginaceae->Boraginales->lamiids->asterids->Pentapetalae->Gunneridae->eudicotyledons->Mesangiospermae->Magnoliophyta->Spermatophyta->Euphyllophyta->Tracheophyta->Embryophyta->Streptophytina->Streptophyta->Chloroplastida->Archaeplastida->Eukaryota->cellular organisms->life" nexsonid "node1030755"
pgloadind     taxon mapping OTT ID 520144 taxonomy "Myosotis sicula->Myosotis->Boraginaceae->Boraginales->lamiids->asterids->Pentapetalae->Gunneridae->eudicotyledons->Mesangiospermae->Magnoliophyta->Spermatophyta->Euphyllophyta->Tracheophyta->Embryophyta->Streptophytina->Streptophyta->Chloroplastida->Archaeplastida->Eukaryota->cellular organisms->life" nexsonid "node1030756"
pgloadind     taxon mapping OTT ID 1045261 taxonomy "Pseudomertensia moltkioides subsp. moltkioides->Pseudomertensia moltkioides->Pseudomertensia->Boraginaceae->Boraginales->lamiids->asterids->Pentapetalae->Gunneridae->eudicotyledons->Mesangiospermae->Magnoliophyta->Spermatophyta->Euphyllophyta->Tracheophyta->Embryophyta->Streptophytina->Streptophyta->Chloroplastida->Archaeplastida->Eukaryota->cellular organisms->life" nexsonid "node1030748"
pgloadind     taxon mapping OTT ID 1045264 taxonomy "Pseudomertensia echioides->Pseudomertensia->Boraginaceae->Boraginales->lamiids->asterids->Pentapetalae->Gunneridae->eudicotyledons->Mesangiospermae->Magnoliophyta->Spermatophyta->Euphyllophyta->Tracheophyta->Embryophyta->Streptophytina->Streptophyta->Chloroplastida->Archaeplastida->Eukaryota->cellular organisms->life" nexsonid "node1030749"
pgloadind     taxon mapping OTT ID 135856 taxonomy "Trichodesma africanum->Trichodesma->Boraginaceae->Boraginales->lamiids->asterids->Pentapetalae->Gunneridae->eudicotyledons->Mesangiospermae->Magnoliophyta->Spermatophyta->Euphyllophyta->Tracheophyta->Embryophyta->Streptophytina->Streptophyta->Chloroplastida->Archaeplastida->Eukaryota->cellular organisms->life" nexsonid "node1030744"
pgloadind     taxon mapping OTT ID 402291 taxonomy "Lappula barbata->Lappula->Boraginaceae->Boraginales->lamiids->asterids->Pentapetalae->Gunneridae->eudicotyledons->Mesangiospermae->Magnoliophyta->Spermatophyta->Euphyllophyta->Tracheophyta->Embryophyta->Streptophytina->Streptophyta->Chloroplastida->Archaeplastida->Eukaryota->cellular organisms->life" nexsonid "node1030739"
pgloadind     taxon mapping OTT ID 622669 taxonomy "Lappula anocarpa->Lappula->Boraginaceae->Boraginales->lamiids->asterids->Pentapetalae->Gunneridae->eudicotyledons->Mesangiospermae->Magnoliophyta->Spermatophyta->Euphyllophyta->Tracheophyta->Embryophyta->Streptophytina->Streptophyta->Chloroplastida->Archaeplastida->Eukaryota->cellular organisms->life" nexsonid "node1030742"
pgloadind     taxon mapping OTT ID 399490 taxonomy "Lappula squarrosa->Lappula->Boraginaceae->Boraginales->lamiids->asterids->Pentapetalae->Gunneridae->eudicotyledons->Mesangiospermae->Magnoliophyta->Spermatophyta->Euphyllophyta->Tracheophyta->Embryophyta->Streptophytina->Streptophyta->Chloroplastida->Archaeplastida->Eukaryota->cellular organisms->life" nexsonid "node1030741"
pgloadind     taxon mapping OTT ID 818441 taxonomy "Hackelia deflexa->Hackelia->Boraginaceae->Boraginales->lamiids->asterids->Pentapetalae->Gunneridae->eudicotyledons->Mesangiospermae->Magnoliophyta->Spermatophyta->Euphyllophyta->Tracheophyta->Embryophyta->Streptophytina->Streptophyta->Chloroplastida->Archaeplastida->Eukaryota->cellular organisms->life" nexsonid "node1030737"
pgloadind     taxon mapping OTT ID 468651 taxonomy "Hackelia micrantha->Hackelia->Boraginaceae->Boraginales->lamiids->asterids->Pentapetalae->Gunneridae->eudicotyledons->Mesangiospermae->Magnoliophyta->Spermatophyta->Euphyllophyta->Tracheophyta->Embryophyta->Streptophytina->Streptophyta->Chloroplastida->Archaeplastida->Eukaryota->cellular organisms->life" nexsonid "node1030735"
pgloadind     taxon mapping OTT ID 468649 taxonomy "Hackelia diffusa->Hackelia->Boraginaceae->Boraginales->lamiids->asterids->Pentapetalae->Gunneridae->eudicotyledons->Mesangiospermae->Magnoliophyta->Spermatophyta->Euphyllophyta->Tracheophyta->Embryophyta->Streptophytina->Streptophyta->Chloroplastida->Archaeplastida->Eukaryota->cellular organisms->life" nexsonid "node1030734"
pgloadind     taxon mapping OTT ID 742308 taxonomy "Lappula sessiliflora->Lappula->Boraginaceae->Boraginales->lamiids->asterids->Pentapetalae->Gunneridae->eudicotyledons->Mesangiospermae->Magnoliophyta->Spermatophyta->Euphyllophyta->Tracheophyta->Embryophyta->Streptophytina->Streptophyta->Chloroplastida->Archaeplastida->Eukaryota->cellular organisms->life" nexsonid "node1030726"
pgloadind     taxon mapping OTT ID 742478 taxonomy "Rochelia cardiosepala->Rochelia->Boraginaceae->Boraginales->lamiids->asterids->Pentapetalae->Gunneridae->eudicotyledons->Mesangiospermae->Magnoliophyta->Spermatophyta->Euphyllophyta->Tracheophyta->Embryophyta->Streptophytina->Streptophyta->Chloroplastida->Archaeplastida->Eukaryota->cellular organisms->life" nexsonid "node1030731"
pgloadind     taxon mapping OTT ID 193104 taxonomy "Rochelia bungei->Rochelia->Boraginaceae->Boraginales->lamiids->asterids->Pentapetalae->Gunneridae->eudicotyledons->Mesangiospermae->Magnoliophyta->Spermatophyta->Euphyllophyta->Tracheophyta->Embryophyta->Streptophytina->Streptophyta->Chloroplastida->Archaeplastida->Eukaryota->cellular organisms->life" nexsonid "node1030730"
pgloadind     taxon mapping OTT ID 402287 taxonomy "Rochelia persica->Rochelia->Boraginaceae->Boraginales->lamiids->asterids->Pentapetalae->Gunneridae->eudicotyledons->Mesangiospermae->Magnoliophyta->Spermatophyta->Euphyllophyta->Tracheophyta->Embryophyta->Streptophytina->Streptophyta->Chloroplastida->Archaeplastida->Eukaryota->cellular organisms->life" nexsonid "node1030728"
pgloadind     taxon mapping OTT ID 414731 taxonomy "Eritrichium splendens->Eritrichium->Boraginaceae->Boraginales->lamiids->asterids->Pentapetalae->Gunneridae->eudicotyledons->Mesangiospermae->Magnoliophyta->Spermatophyta->Euphyllophyta->Tracheophyta->Embryophyta->Streptophytina->Streptophyta->Chloroplastida->Archaeplastida->Eukaryota->cellular organisms->life" nexsonid "node1030715"
pgloadind     taxon mapping OTT ID 995133 taxonomy "Amblynotus rupestris->Amblynotus->Boraginaceae->Boraginales->lamiids->asterids->Pentapetalae->Gunneridae->eudicotyledons->Mesangiospermae->Magnoliophyta->Spermatophyta->Euphyllophyta->Tracheophyta->Embryophyta->Streptophytina->Streptophyta->Chloroplastida->Archaeplastida->Eukaryota->cellular organisms->life" nexsonid "node1030716"
pgloadind     taxon mapping OTT ID 271007 taxonomy "Eritrichium sericeum->Eritrichium->Boraginaceae->Boraginales->lamiids->asterids->Pentapetalae->Gunneridae->eudicotyledons->Mesangiospermae->Magnoliophyta->Spermatophyta->Euphyllophyta->Tracheophyta->Embryophyta->Streptophytina->Streptophyta->Chloroplastida->Archaeplastida->Eukaryota->cellular organisms->life" nexsonid "node1030713"
pgloadind     taxon mapping OTT ID 414733 taxonomy "Eritrichium villosum->Eritrichium->Boraginaceae->Boraginales->lamiids->asterids->Pentapetalae->Gunneridae->eudicotyledons->Mesangiospermae->Magnoliophyta->Spermatophyta->Euphyllophyta->Tracheophyta->Embryophyta->Streptophytina->Streptophyta->Chloroplastida->Archaeplastida->Eukaryota->cellular organisms->life" nexsonid "node1030718"
pgloadind     taxon mapping OTT ID 940357 taxonomy "Eritrichium aretioides->Eritrichium->Boraginaceae->Boraginales->lamiids->asterids->Pentapetalae->Gunneridae->eudicotyledons->Mesangiospermae->Magnoliophyta->Spermatophyta->Euphyllophyta->Tracheophyta->Embryophyta->Streptophytina->Streptophyta->Chloroplastida->Archaeplastida->Eukaryota->cellular organisms->life" nexsonid "node1030722"
pgloadind     taxon mapping OTT ID 983294 taxonomy "Eritrichium chamissonis->Eritrichium->Boraginaceae->Boraginales->lamiids->asterids->Pentapetalae->Gunneridae->eudicotyledons->Mesangiospermae->Magnoliophyta->Spermatophyta->Euphyllophyta->Tracheophyta->Embryophyta->Streptophytina->Streptophyta->Chloroplastida->Archaeplastida->Eukaryota->cellular organisms->life" nexsonid "node1030723"
pgloadind     taxon mapping OTT ID 81615 taxonomy "Eritrichium nanum->Eritrichium->Boraginaceae->Boraginales->lamiids->asterids->Pentapetalae->Gunneridae->eudicotyledons->Mesangiospermae->Magnoliophyta->Spermatophyta->Euphyllophyta->Tracheophyta->Embryophyta->Streptophytina->Streptophyta->Chloroplastida->Archaeplastida->Eukaryota->cellular organisms->life" nexsonid "node1030720"
pgloadind     taxon mapping OTT ID 469369 taxonomy "Eritrichium heterocarpum->Eritrichium->Boraginaceae->Boraginales->lamiids->asterids->Pentapetalae->Gunneridae->eudicotyledons->Mesangiospermae->Magnoliophyta->Spermatophyta->Euphyllophyta->Tracheophyta->Embryophyta->Streptophytina->Streptophyta->Chloroplastida->Archaeplastida->Eukaryota->cellular organisms->life" nexsonid "node1030710"
pgloadind     taxon mapping OTT ID 756987 taxonomy "Omphalodes sp. 090->Omphalodes->Boraginaceae->Boraginales->lamiids->asterids->Pentapetalae->Gunneridae->eudicotyledons->Mesangiospermae->Magnoliophyta->Spermatophyta->Euphyllophyta->Tracheophyta->Embryophyta->Streptophytina->Streptophyta->Chloroplastida->Archaeplastida->Eukaryota->cellular organisms->life" nexsonid "node1030704"
pgloadind     taxon mapping OTT ID 767096 taxonomy "Trigonotis formosana->Trigonotis->Boraginaceae->Boraginales->lamiids->asterids->Pentapetalae->Gunneridae->eudicotyledons->Mesangiospermae->Magnoliophyta->Spermatophyta->Euphyllophyta->Tracheophyta->Embryophyta->Streptophytina->Streptophyta->Chloroplastida->Archaeplastida->Eukaryota->cellular organisms->life" nexsonid "node1030707"
pgloadind     taxon mapping OTT ID 580479 taxonomy "Trigonotis guilielmi->Trigonotis->Boraginaceae->Boraginales->lamiids->asterids->Pentapetalae->Gunneridae->eudicotyledons->Mesangiospermae->Magnoliophyta->Spermatophyta->Euphyllophyta->Tracheophyta->Embryophyta->Streptophytina->Streptophyta->Chloroplastida->Archaeplastida->Eukaryota->cellular organisms->life" nexsonid "node1030706"
pgloadind     taxon mapping OTT ID 757027 taxonomy "Mertensia sibirica->Mertensia->Boraginaceae->Boraginales->lamiids->asterids->Pentapetalae->Gunneridae->eudicotyledons->Mesangiospermae->Magnoliophyta->Spermatophyta->Euphyllophyta->Tracheophyta->Embryophyta->Streptophytina->Streptophyta->Chloroplastida->Archaeplastida->Eukaryota->cellular organisms->life" nexsonid "node1030690"
pgloadind     taxon mapping OTT ID 494218 taxonomy "Mertensia davurica->Mertensia->Boraginaceae->Boraginales->lamiids->asterids->Pentapetalae->Gunneridae->eudicotyledons->Mesangiospermae->Magnoliophyta->Spermatophyta->Euphyllophyta->Tracheophyta->Embryophyta->Streptophytina->Streptophyta->Chloroplastida->Archaeplastida->Eukaryota->cellular organisms->life" nexsonid "node1030691"
pgloadind     taxon mapping OTT ID 664431 taxonomy "Mertensia maritima->Mertensia->Boraginaceae->Boraginales->lamiids->asterids->Pentapetalae->Gunneridae->eudicotyledons->Mesangiospermae->Magnoliophyta->Spermatophyta->Euphyllophyta->Tracheophyta->Embryophyta->Streptophytina->Streptophyta->Chloroplastida->Archaeplastida->Eukaryota->cellular organisms->life" nexsonid "node1030688"
pgloadind     taxon mapping OTT ID 468642 taxonomy "Mertensia alpina->Mertensia->Boraginaceae->Boraginales->lamiids->asterids->Pentapetalae->Gunneridae->eudicotyledons->Mesangiospermae->Magnoliophyta->Spermatophyta->Euphyllophyta->Tracheophyta->Embryophyta->Streptophytina->Streptophyta->Chloroplastida->Archaeplastida->Eukaryota->cellular organisms->life" nexsonid "node1030699"
pgloadind     taxon mapping OTT ID 622615 taxonomy "Mertensia oblongifolia subsp. nevadensis->Mertensia oblongifolia->Mertensia->Boraginaceae->Boraginales->lamiids->asterids->Pentapetalae->Gunneridae->eudicotyledons->Mesangiospermae->Magnoliophyta->Spermatophyta->Euphyllophyta->Tracheophyta->Embryophyta->Streptophytina->Streptophyta->Chloroplastida->Archaeplastida->Eukaryota->cellular organisms->life" nexsonid "node1030700"
pgloadind     taxon mapping OTT ID 170637 taxonomy "Mertensia virginica->Mertensia->Boraginaceae->Boraginales->lamiids->asterids->Pentapetalae->Gunneridae->eudicotyledons->Mesangiospermae->Magnoliophyta->Spermatophyta->Euphyllophyta->Tracheophyta->Embryophyta->Streptophytina->Streptophyta->Chloroplastida->Archaeplastida->Eukaryota->cellular organisms->life" nexsonid "node1030697"
pgloadind     taxon mapping OTT ID 494163 taxonomy "Mertensia bella->Mertensia->Boraginaceae->Boraginales->lamiids->asterids->Pentapetalae->Gunneridae->eudicotyledons->Mesangiospermae->Magnoliophyta->Spermatophyta->Euphyllophyta->Tracheophyta->Embryophyta->Streptophytina->Streptophyta->Chloroplastida->Archaeplastida->Eukaryota->cellular organisms->life" nexsonid "node1030695"
pgloadind     taxon mapping OTT ID 622623 taxonomy "Mertensia paniculata var. borealis->Mertensia paniculata->Mertensia->Boraginaceae->Boraginales->lamiids->asterids->Pentapetalae->Gunneridae->eudicotyledons->Mesangiospermae->Magnoliophyta->Spermatophyta->Euphyllophyta->Tracheophyta->Embryophyta->Streptophytina->Streptophyta->Chloroplastida->Archaeplastida->Eukaryota->cellular organisms->life" nexsonid "node1030693"
pgloadind     taxon mapping OTT ID 867180 taxonomy "Asperugo procumbens->Asperugo->Boraginaceae->Boraginales->lamiids->asterids->Pentapetalae->Gunneridae->eudicotyledons->Mesangiospermae->Magnoliophyta->Spermatophyta->Euphyllophyta->Tracheophyta->Embryophyta->Streptophytina->Streptophyta->Chloroplastida->Archaeplastida->Eukaryota->cellular organisms->life" nexsonid "node1030684"
pgloadind     taxon mapping OTT ID 82993 taxonomy "Myosotidium hortensia->Myosotidium->Boraginaceae->Boraginales->lamiids->asterids->Pentapetalae->Gunneridae->eudicotyledons->Mesangiospermae->Magnoliophyta->Spermatophyta->Euphyllophyta->Tracheophyta->Embryophyta->Streptophytina->Streptophyta->Chloroplastida->Archaeplastida->Eukaryota->cellular organisms->life" nexsonid "node1030671"
pgloadind     taxon mapping OTT ID 1097413 taxonomy "Omphalodes verna->Omphalodes->Boraginaceae->Boraginales->lamiids->asterids->Pentapetalae->Gunneridae->eudicotyledons->Mesangiospermae->Magnoliophyta->Spermatophyta->Euphyllophyta->Tracheophyta->Embryophyta->Streptophytina->Streptophyta->Chloroplastida->Archaeplastida->Eukaryota->cellular organisms->life" nexsonid "node1030670"
pgloadind     taxon mapping OTT ID 426616 taxonomy "Omphalodes nitida->Omphalodes->Boraginaceae->Boraginales->lamiids->asterids->Pentapetalae->Gunneridae->eudicotyledons->Mesangiospermae->Magnoliophyta->Spermatophyta->Euphyllophyta->Tracheophyta->Embryophyta->Streptophytina->Streptophyta->Chloroplastida->Archaeplastida->Eukaryota->cellular organisms->life" nexsonid "node1030668"
pgloadind     taxon mapping OTT ID 1003334 taxonomy "Omphalodes brassicifolia->Omphalodes->Boraginaceae->Boraginales->lamiids->asterids->Pentapetalae->Gunneridae->eudicotyledons->Mesangiospermae->Magnoliophyta->Spermatophyta->Euphyllophyta->Tracheophyta->Embryophyta->Streptophytina->Streptophyta->Chloroplastida->Archaeplastida->Eukaryota->cellular organisms->life" nexsonid "node1030673"
pgloadind     taxon mapping OTT ID 1003337 taxonomy "Omphalodes commutata->Omphalodes->Boraginaceae->Boraginales->lamiids->asterids->Pentapetalae->Gunneridae->eudicotyledons->Mesangiospermae->Magnoliophyta->Spermatophyta->Euphyllophyta->Tracheophyta->Embryophyta->Streptophytina->Streptophyta->Chloroplastida->Archaeplastida->Eukaryota->cellular organisms->life" nexsonid "node1030679"
pgloadind     taxon mapping OTT ID 1003342 taxonomy "Omphalodes linifolia->Omphalodes->Boraginaceae->Boraginales->lamiids->asterids->Pentapetalae->Gunneridae->eudicotyledons->Mesangiospermae->Magnoliophyta->Spermatophyta->Euphyllophyta->Tracheophyta->Embryophyta->Streptophytina->Streptophyta->Chloroplastida->Archaeplastida->Eukaryota->cellular organisms->life" nexsonid "node1030680"
pgloadind     taxon mapping OTT ID 1003339 taxonomy "Omphalodes kuzinskyanae->Omphalodes->Boraginaceae->Boraginales->lamiids->asterids->Pentapetalae->Gunneridae->eudicotyledons->Mesangiospermae->Magnoliophyta->Spermatophyta->Euphyllophyta->Tracheophyta->Embryophyta->Streptophytina->Streptophyta->Chloroplastida->Archaeplastida->Eukaryota->cellular organisms->life" nexsonid "node1030676"
pgloadind     taxon mapping OTT ID 1003345 taxonomy "Omphalodes littoralis subsp. littoralis->Omphalodes littoralis->Omphalodes->Boraginaceae->Boraginales->lamiids->asterids->Pentapetalae->Gunneridae->eudicotyledons->Mesangiospermae->Magnoliophyta->Spermatophyta->Euphyllophyta->Tracheophyta->Embryophyta->Streptophytina->Streptophyta->Chloroplastida->Archaeplastida->Eukaryota->cellular organisms->life" nexsonid "node1030677"
pgloadind     taxon mapping OTT ID 818426 taxonomy "Caccinia strigosa->Caccinia->Boraginaceae->Boraginales->lamiids->asterids->Pentapetalae->Gunneridae->eudicotyledons->Mesangiospermae->Magnoliophyta->Spermatophyta->Euphyllophyta->Tracheophyta->Embryophyta->Streptophytina->Streptophyta->Chloroplastida->Archaeplastida->Eukaryota->cellular organisms->life" nexsonid "node1030664"
pgloadind     taxon mapping OTT ID 767094 taxonomy "Trichodesma zeylanicum->Trichodesma->Boraginaceae->Boraginales->lamiids->asterids->Pentapetalae->Gunneridae->eudicotyledons->Mesangiospermae->Magnoliophyta->Spermatophyta->Euphyllophyta->Tracheophyta->Embryophyta->Streptophytina->Streptophyta->Chloroplastida->Archaeplastida->Eukaryota->cellular organisms->life" nexsonid "node1030663"
pgloadind     taxon mapping OTT ID 581187 taxonomy "Antiphytum hintoniorum->Antiphytum->Boraginaceae->Boraginales->lamiids->asterids->Pentapetalae->Gunneridae->eudicotyledons->Mesangiospermae->Magnoliophyta->Spermatophyta->Euphyllophyta->Tracheophyta->Embryophyta->Streptophytina->Streptophyta->Chloroplastida->Archaeplastida->Eukaryota->cellular organisms->life" nexsonid "node1030658"
pgloadind     taxon mapping OTT ID 150292 taxonomy "Echiochilon fruticosum->Echiochilon->Boraginaceae->Boraginales->lamiids->asterids->Pentapetalae->Gunneridae->eudicotyledons->Mesangiospermae->Magnoliophyta->Spermatophyta->Euphyllophyta->Tracheophyta->Embryophyta->Streptophytina->Streptophyta->Chloroplastida->Archaeplastida->Eukaryota->cellular organisms->life" nexsonid "node1030659"
pgloadind     taxon mapping OTT ID 906243 taxonomy "Ogastemma pusillum->Ogastemma->Boraginaceae->Boraginales->lamiids->asterids->Pentapetalae->Gunneridae->eudicotyledons->Mesangiospermae->Magnoliophyta->Spermatophyta->Euphyllophyta->Tracheophyta->Embryophyta->Streptophytina->Streptophyta->Chloroplastida->Archaeplastida->Eukaryota->cellular organisms->life" nexsonid "node1030656"
done fixing name
pgloadind Finished with attempts to fix names
pgloadind   Checking for uniqueness of OTT IDs tree id "6020"
pgloadind   Adding tree to graph tree id "6020"
all trees have all taxa: false
	using bipartition technique
attempting to remap tips to deepest exemplified taxa
	Ixorhea tschudiana was remapped to 'Ixorhea' (id=2669094)
	Pontechium maculatum was remapped to 'Pontechium' (id=2670852)
	Plagiobothrys albiflorus was remapped to 'Plagiobothrys' (id=2669921)
	Nogalia drepanophylla was remapped to 'Nogalia' (id=2669081)
	Rochefortia acanthophora was remapped to 'Rochefortia' (id=2668921)
	Cryptantha bakeri was remapped to 'Oreocarya' (id=2670610)
	Auxemma oncocalyx was remapped to 'Auxemma' (id=2670009)
	Euploca campestris was remapped to 'Euploca' (id=2670663)
	Myriopus salzmannii was remapped to 'Myriopus' (id=2670263)
	Brachybotrys paridiformis was remapped to 'Brachybotrys' (id=2670186)
	Maharanga emodi was remapped to 'Maharanga' (id=2669640)
	Pardoglossum cheirifolium was remapped to 'Pardoglossum' (id=2669115)
	Lindelofia longiflora was remapped to 'Lindelofia' (id=2670002)
	Myosotidium hortensia was remapped to 'Myosotidium' (id=2668945)
	Neatostema apulum was remapped to 'Neatostema' (id=2670570)
	Thaumatocaryon tetraquetrum was remapped to 'Thaumatocaryon' (id=2669107)
	Nonea stenosolen was remapped to 'Nonea' (id=2669726)
	Echiochilon fruticosum was remapped to 'Echiochilon' (id=2670113)
	Antiphytum hintoniorum was remapped to 'Antiphytum' (id=2670016)
	Ogastemma pusillum was remapped to 'Ogastemma' (id=2669642)
	Podonosma orientalis was remapped to 'Podonosma' (id=2669774)
	Macrotomia densiflora was remapped to 'Macrotomia' (id=2670193)
	Echiostachys incanus was remapped to 'Echiostachys' (id=2670184)
	Tricardia watsonii was remapped to 'Tricardia' (id=2669305)
	Amblynotus rupestris was remapped to 'Amblynotus' (id=2670639)
	Mertensia paniculata var. borealis was remapped to 'Mertensia paniculata' (id=2668907)
	Hormuzakia aggregata was remapped to 'Hormuzakia' (id=2669091)
	Caccinia strigosa was remapped to 'Caccinia' (id=2670129)
	Phyllocara aucheri was remapped to 'Phyllocara' (id=2668883)
	Paramoltkia doerfleri was remapped to 'Paramoltkia' (id=2669770)
	Moltkiopsis ciliata was remapped to 'Moltkiopsis' (id=2670195)
	Varronia bonplandii was remapped to 'Varronia' (id=2669850)
	Pseudomertensia moltkioides subsp. moltkioides was remapped to 'Pseudomertensia moltkioides' (id=2670682)
	Cerinthe gymnandra was remapped to 'Cerinthe major' (id=2670646)
	Argusia sibirica was remapped to 'Argusia' (id=2669654)
	Paracaryum lithospermifolium was remapped to 'Paracaryum' (id=2669795)
	Brunnera macrophylla was remapped to 'Brunnera' (id=2669819)
	Mertensia oblongifolia subsp. nevadensis was remapped to 'Mertensia oblongifolia' (id=2668888)
	Ceballosia fruticosa was remapped to 'Ceballosia' (id=2670784)
	Paraskevia cesatiana was remapped to 'Paraskevia' (id=2668881)
	Pulmonaria obscura was remapped to 'Pulmonaria' (id=2669885)
	Bothriospermum tenellum was remapped to 'Bothriospermum' (id=2669786)
	Elizaldia calycina subsp. calycina was remapped to 'Elizaldia calycina' (id=2670047)
	Pholisma arenarium was remapped to 'Pholisma' (id=2670176)
	Omphalodes littoralis subsp. littoralis was remapped to 'Omphalodes littoralis' (id=2670547)
	Asperugo procumbens was remapped to 'Asperugo' (id=2670261)
	Trachystemon orientalis was remapped to 'Trachystemon' (id=2670676)
	Saccellium lanceolatum was remapped to 'Saccellium' (id=2670022)
	Cynoglossum officinale was remapped to 'Cynoglossum' (id=2669038)
	Pentaglottis sempervirens was remapped to 'Pentaglottis' (id=2669110)
	Huynhia pulchra was remapped to 'Huynhia' (id=2670190)
	Anchusella cretica was remapped to 'Anchusella' (id=2670026)
	Halacsya sendtneri was remapped to 'Halacsya' (id=2669824)
	Ulugbekia tschimganica was remapped to 'Ulugbekia' (id=2670467)
	Coldenia procumbens was remapped to 'Coldenia' (id=2670012)
	Mairetis microsperma was remapped to 'Mairetis' (id=2670574)
	Lennoa madreporoides was remapped to 'Lennoa' (id=2670712)
this is the ROOT
placing root in index
Dealing with metadata property: id
Dealing with metadata property: ot:studyPublicationReference
Adding property 'ot:studyPublicationReference': Nazaire, M., & Hufford, L. 2012. A broad phylogenetic analysis of Boraginaceae: Implications for the relationships of Mertensia. Syst. Bot. 37: 758-783.
Dealing with metadata property: ot:studyYear
Adding property 'ot:studyYear': 2012
Dealing with metadata property: ot:inGroupClade
Adding property 'ot:inGroupClade': node1030538
Dealing with metadata property: ot:tag
Adding property 'ot:tag': ingroup added;
Dealing with metadata property: ot:branchLengthMode
Adding property 'ot:branchLengthMode': ot:substitutionCount
Dealing with metadata property: ot:curatorName
Adding property 'ot:curatorName': bryan drew
Dealing with metadata property: ot:focalClade
Adding property 'ot:focalClade': 675104
Dealing with metadata property: ot:studyId
Adding property 'ot:studyId': 2598
Committing nodes: 347
