pgloadind OTUs number 95
pgloadind Processing tree @id "6193"
pgloadind   tree info number nodes 189
pgloadind   tree info number edges 188
pgloadind   tree info ingroup "node1065293"
pgloadind   Setting ingroup root node.
pgloadind   Ingested tree number of external nodes 61
pgloadind   property added ot:studyPublicationReference "Chen, Wei-Jen, Sébastien Lavoué, and Richard L. Mayden. 2013. Evolutionary origin and early biogeography of otophysan fishes (Ostariophysi: Teleostei). Evolution 67 (8): 2218–2239."
pgloadind   property added ot:curatorName "Joseph Brown"
pgloadind   property added ot:studyId "2659"
pgloadind   property added ot:studyYear "2013"
pgloadind   property added ot:focalClade "2375919"
pgloadind   property added ot:tag "ingroup added;"
pgloadind   property added ot:branchLengthMode "ot:substitutionCount"
pgloadind   property added ot:inGroupClade "node1065293"
pgloadind Processing tree @id "6194"
pgloadind   tree info number nodes 189
pgloadind   tree info number edges 188
pgloadind   tree info ingroup "node1065482"
pgloadind   Setting ingroup root node.
pgloadind   Ingested tree number of external nodes 61
pgloadind   property added ot:studyPublicationReference "Chen, Wei-Jen, Sébastien Lavoué, and Richard L. Mayden. 2013. Evolutionary origin and early biogeography of otophysan fishes (Ostariophysi: Teleostei). Evolution 67 (8): 2218–2239."
pgloadind   property added ot:curatorName "Joseph Brown"
pgloadind   property added ot:studyId "2659"
pgloadind   property added ot:studyYear "2013"
pgloadind   property added ot:focalClade "2375919"
pgloadind   property added ot:tag "ingroup added;"
pgloadind   property added ot:branchLengthMode "ot:substitutionCount"
pgloadind   property added ot:inGroupClade "node1065482"
pgloadind Processing tree @id "6195"
pgloadind   tree info number nodes 189
pgloadind   tree info number edges 188
pgloadind   tree info ingroup "node1065671"
pgloadind   Setting ingroup root node.
pgloadind   Ingested tree number of external nodes 61
pgloadind   property added ot:studyPublicationReference "Chen, Wei-Jen, Sébastien Lavoué, and Richard L. Mayden. 2013. Evolutionary origin and early biogeography of otophysan fishes (Ostariophysi: Teleostei). Evolution 67 (8): 2218–2239."
pgloadind   property added ot:curatorName "Joseph Brown"
pgloadind   property added ot:studyId "2659"
pgloadind   property added ot:studyYear "2013"
pgloadind   property added ot:focalClade "2375919"
pgloadind   property added ot:tag "ingroup added;"
pgloadind   property added ot:branchLengthMode "ot:years"
pgloadind   property added ot:inGroupClade "node1065671"
pgloadind   property added ot:tag "choose me"
loading a specific tree: 6195
skipping tree: 6193
skipping tree: 6194
pgloadind conducting TNRS on trees
pgloadind   name fixing on tree tree id "6195"
pgloadind   all nodes have ottIds
pgloadind     OTT ID not in database (probably dubious)
pgloadind       dubious name "Astyanax mexicanus" nexsonid "node1065742"
pgloadind       dubious OTT ID 701518
pgloadind     OTT ID not in database (probably dubious)
pgloadind       dubious name "Hypostomus sp." nexsonid "node1065763"
pgloadind       dubious OTT ID 55620
pgloadind     pruning dups and overlapping name "Hypostomus sp." nexsonid "node1065763"
pgloadind     pruning dups and overlapping name "Astyanax mexicanus" nexsonid "node1065742"
pgloadind   postpruning newick tree "((Paedocypris,((Catostomus_commersonii,(Gyrinocheilus_aymonieri,(Leptobotia_pellegrini,(Vaillantella_maassi,(Ellopostoma_mystax,(Sewellia_lineolata,(Lefua_costata,Cobitis_takatsuensis))))))),((Psilorhynchus_sucatio,Labeo_chrysophekadion),(((Raiamas_buchholzi,Aspidoparia_morar),(Danionella_mirifica,(Rasbora_bankanensis,Danio_rerio))),((Leptobarbus_hoevenii,Sundadanio_axelrodi),((Opsariichthys_uncirostris,Ischikauia_steenackeri),((Acheilognathus_tabira,Tanichthys_albonubes),(Tinca_tinca,(Gobio_gobio,Notropis_baileyi))))))))),((Eigenmannia_virescens,(Apteronotus_albifrons,(Gymnotus_cylindricus,(Brachyhypopomus_gauderio,(Rhamphichthys_marmoratus,Steatogenys_elegans))))),((Citharinus,Distichodus_antonii),((Characidium_fasciatum,(((Hoplias_malabaricus,(Hydrolycus_armatus,(Schizodon,Semaprochilodus_taeniurus))),((Ctenolucius_hujeta,Nannostomus_beckfordi),(Hepsetus_odoe,(Brycinus_macrolepidotus,Phenacogrammus_interruptus)))),Chalceus_macrolepidotus)),((Diplomystes_nahuelbutaensis,(Malapterurus_microstoma,(Synodontis_nigriventris,(((Parailia_pellucida,Pseudobagrus_tokiensis),(Trachelyopterus_sp_WJC615,(Leiarius_pictus,Microglanis_iheringi))),(Lacantunia_enigmatica,((Ameiurus_nebulosus,Kryptopterus_minor),(Ariopsis_felis,(Clarias_gariepinus,Chaca_bankanensis)))))))),Corydoras_rabauti)))))"
pgloadind   taxon mapping summary
pgloadind     taxon mapping OTT ID 247371 taxonomy "Paedocypris->Cyprinidae->Cyprinoidea->Cypriniformes->Cypriniphysi->Otophysi->Ostariophysi->Otocephala->Clupeocephala->Elopocephala->Teleostei->Neopterygii->Actinopteri->Actinopterygii->Euteleostomi->Teleostomi->Gnathostomata->Vertebrata->Craniata->Chordata->Deuterostomia->Bilateria->Eumetazoa->Metazoa->Holozoa->Opisthokonta->Eukaryota->cellular organisms->life" nexsonid "node1065673"
pgloadind     taxon mapping OTT ID 955101 taxonomy "Catostomus commersonii->Catostomus->Catostomidae->Cobitoidea->Cypriniformes->Cypriniphysi->Otophysi->Ostariophysi->Otocephala->Clupeocephala->Elopocephala->Teleostei->Neopterygii->Actinopteri->Actinopterygii->Euteleostomi->Teleostomi->Gnathostomata->Vertebrata->Craniata->Chordata->Deuterostomia->Bilateria->Eumetazoa->Metazoa->Holozoa->Opisthokonta->Eukaryota->cellular organisms->life" nexsonid "node1065676"
pgloadind     taxon mapping OTT ID 341392 taxonomy "Gyrinocheilus aymonieri->Gyrinocheilus->Gyrinocheilidae->Cobitoidea->Cypriniformes->Cypriniphysi->Otophysi->Ostariophysi->Otocephala->Clupeocephala->Elopocephala->Teleostei->Neopterygii->Actinopteri->Actinopterygii->Euteleostomi->Teleostomi->Gnathostomata->Vertebrata->Craniata->Chordata->Deuterostomia->Bilateria->Eumetazoa->Metazoa->Holozoa->Opisthokonta->Eukaryota->cellular organisms->life" nexsonid "node1065678"
pgloadind     taxon mapping OTT ID 313704 taxonomy "Leptobotia pellegrini->Leptobotia->Botiinae->Cobitidae->Cobitoidea->Cypriniformes->Cypriniphysi->Otophysi->Ostariophysi->Otocephala->Clupeocephala->Elopocephala->Teleostei->Neopterygii->Actinopteri->Actinopterygii->Euteleostomi->Teleostomi->Gnathostomata->Vertebrata->Craniata->Chordata->Deuterostomia->Bilateria->Eumetazoa->Metazoa->Holozoa->Opisthokonta->Eukaryota->cellular organisms->life" nexsonid "node1065680"
pgloadind     taxon mapping OTT ID 784842 taxonomy "Vaillantella maassi->Vaillantella->Nemacheilinae->Balitoridae->Cobitoidea->Cypriniformes->Cypriniphysi->Otophysi->Ostariophysi->Otocephala->Clupeocephala->Elopocephala->Teleostei->Neopterygii->Actinopteri->Actinopterygii->Euteleostomi->Teleostomi->Gnathostomata->Vertebrata->Craniata->Chordata->Deuterostomia->Bilateria->Eumetazoa->Metazoa->Holozoa->Opisthokonta->Eukaryota->cellular organisms->life" nexsonid "node1065682"
pgloadind     taxon mapping OTT ID 1027716 taxonomy "Ellopostoma mystax->Ellopostoma->Nemacheilinae->Balitoridae->Cobitoidea->Cypriniformes->Cypriniphysi->Otophysi->Ostariophysi->Otocephala->Clupeocephala->Elopocephala->Teleostei->Neopterygii->Actinopteri->Actinopterygii->Euteleostomi->Teleostomi->Gnathostomata->Vertebrata->Craniata->Chordata->Deuterostomia->Bilateria->Eumetazoa->Metazoa->Holozoa->Opisthokonta->Eukaryota->cellular organisms->life" nexsonid "node1065684"
pgloadind     taxon mapping OTT ID 1004646 taxonomy "Sewellia lineolata->Sewellia->Balitorinae->Balitoridae->Cobitoidea->Cypriniformes->Cypriniphysi->Otophysi->Ostariophysi->Otocephala->Clupeocephala->Elopocephala->Teleostei->Neopterygii->Actinopteri->Actinopterygii->Euteleostomi->Teleostomi->Gnathostomata->Vertebrata->Craniata->Chordata->Deuterostomia->Bilateria->Eumetazoa->Metazoa->Holozoa->Opisthokonta->Eukaryota->cellular organisms->life" nexsonid "node1065686"
pgloadind     taxon mapping OTT ID 991335 taxonomy "Lefua costata->Lefua->Nemacheilinae->Balitoridae->Cobitoidea->Cypriniformes->Cypriniphysi->Otophysi->Ostariophysi->Otocephala->Clupeocephala->Elopocephala->Teleostei->Neopterygii->Actinopteri->Actinopterygii->Euteleostomi->Teleostomi->Gnathostomata->Vertebrata->Craniata->Chordata->Deuterostomia->Bilateria->Eumetazoa->Metazoa->Holozoa->Opisthokonta->Eukaryota->cellular organisms->life" nexsonid "node1065688"
pgloadind     taxon mapping OTT ID 117091 taxonomy "Cobitis takatsuensis->Cobitis->Cobitinae->Cobitidae->Cobitoidea->Cypriniformes->Cypriniphysi->Otophysi->Ostariophysi->Otocephala->Clupeocephala->Elopocephala->Teleostei->Neopterygii->Actinopteri->Actinopterygii->Euteleostomi->Teleostomi->Gnathostomata->Vertebrata->Craniata->Chordata->Deuterostomia->Bilateria->Eumetazoa->Metazoa->Holozoa->Opisthokonta->Eukaryota->cellular organisms->life" nexsonid "node1065689"
pgloadind     taxon mapping OTT ID 323661 taxonomy "Psilorhynchus sucatio->Psilorhynchus->Cyprinidae->Cyprinoidea->Cypriniformes->Cypriniphysi->Otophysi->Ostariophysi->Otocephala->Clupeocephala->Elopocephala->Teleostei->Neopterygii->Actinopteri->Actinopterygii->Euteleostomi->Teleostomi->Gnathostomata->Vertebrata->Craniata->Chordata->Deuterostomia->Bilateria->Eumetazoa->Metazoa->Holozoa->Opisthokonta->Eukaryota->cellular organisms->life" nexsonid "node1065692"
pgloadind     taxon mapping OTT ID 600399 taxonomy "Labeo chrysophekadion->Labeo->Cyprinidae->Cyprinoidea->Cypriniformes->Cypriniphysi->Otophysi->Ostariophysi->Otocephala->Clupeocephala->Elopocephala->Teleostei->Neopterygii->Actinopteri->Actinopterygii->Euteleostomi->Teleostomi->Gnathostomata->Vertebrata->Craniata->Chordata->Deuterostomia->Bilateria->Eumetazoa->Metazoa->Holozoa->Opisthokonta->Eukaryota->cellular organisms->life" nexsonid "node1065693"
pgloadind     taxon mapping OTT ID 102890 taxonomy "Raiamas buchholzi->Raiamas->Cyprinidae->Cyprinoidea->Cypriniformes->Cypriniphysi->Otophysi->Ostariophysi->Otocephala->Clupeocephala->Elopocephala->Teleostei->Neopterygii->Actinopteri->Actinopterygii->Euteleostomi->Teleostomi->Gnathostomata->Vertebrata->Craniata->Chordata->Deuterostomia->Bilateria->Eumetazoa->Metazoa->Holozoa->Opisthokonta->Eukaryota->cellular organisms->life" nexsonid "node1065697"
pgloadind     taxon mapping OTT ID 398144 taxonomy "Aspidoparia morar->Aspidoparia->Cyprinidae->Cyprinoidea->Cypriniformes->Cypriniphysi->Otophysi->Ostariophysi->Otocephala->Clupeocephala->Elopocephala->Teleostei->Neopterygii->Actinopteri->Actinopterygii->Euteleostomi->Teleostomi->Gnathostomata->Vertebrata->Craniata->Chordata->Deuterostomia->Bilateria->Eumetazoa->Metazoa->Holozoa->Opisthokonta->Eukaryota->cellular organisms->life" nexsonid "node1065698"
pgloadind     taxon mapping OTT ID 307762 taxonomy "Danionella mirifica->Danionella->Cyprinidae->Cyprinoidea->Cypriniformes->Cypriniphysi->Otophysi->Ostariophysi->Otocephala->Clupeocephala->Elopocephala->Teleostei->Neopterygii->Actinopteri->Actinopterygii->Euteleostomi->Teleostomi->Gnathostomata->Vertebrata->Craniata->Chordata->Deuterostomia->Bilateria->Eumetazoa->Metazoa->Holozoa->Opisthokonta->Eukaryota->cellular organisms->life" nexsonid "node1065700"
pgloadind     taxon mapping OTT ID 780669 taxonomy "Rasbora bankanensis->Rasbora->Cyprinidae->Cyprinoidea->Cypriniformes->Cypriniphysi->Otophysi->Ostariophysi->Otocephala->Clupeocephala->Elopocephala->Teleostei->Neopterygii->Actinopteri->Actinopterygii->Euteleostomi->Teleostomi->Gnathostomata->Vertebrata->Craniata->Chordata->Deuterostomia->Bilateria->Eumetazoa->Metazoa->Holozoa->Opisthokonta->Eukaryota->cellular organisms->life" nexsonid "node1065702"
pgloadind     taxon mapping OTT ID 1005914 taxonomy "Danio rerio->Danio->Cyprinidae->Cyprinoidea->Cypriniformes->Cypriniphysi->Otophysi->Ostariophysi->Otocephala->Clupeocephala->Elopocephala->Teleostei->Neopterygii->Actinopteri->Actinopterygii->Euteleostomi->Teleostomi->Gnathostomata->Vertebrata->Craniata->Chordata->Deuterostomia->Bilateria->Eumetazoa->Metazoa->Holozoa->Opisthokonta->Eukaryota->cellular organisms->life" nexsonid "node1065703"
pgloadind     taxon mapping OTT ID 923551 taxonomy "Leptobarbus hoevenii->Leptobarbus->Cyprinidae->Cyprinoidea->Cypriniformes->Cypriniphysi->Otophysi->Ostariophysi->Otocephala->Clupeocephala->Elopocephala->Teleostei->Neopterygii->Actinopteri->Actinopterygii->Euteleostomi->Teleostomi->Gnathostomata->Vertebrata->Craniata->Chordata->Deuterostomia->Bilateria->Eumetazoa->Metazoa->Holozoa->Opisthokonta->Eukaryota->cellular organisms->life" nexsonid "node1065706"
pgloadind     taxon mapping OTT ID 247369 taxonomy "Sundadanio axelrodi->Sundadanio->Cyprinidae->Cyprinoidea->Cypriniformes->Cypriniphysi->Otophysi->Ostariophysi->Otocephala->Clupeocephala->Elopocephala->Teleostei->Neopterygii->Actinopteri->Actinopterygii->Euteleostomi->Teleostomi->Gnathostomata->Vertebrata->Craniata->Chordata->Deuterostomia->Bilateria->Eumetazoa->Metazoa->Holozoa->Opisthokonta->Eukaryota->cellular organisms->life" nexsonid "node1065707"
pgloadind     taxon mapping OTT ID 26746 taxonomy "Opsariichthys uncirostris->Opsariichthys->Cyprinidae->Cyprinoidea->Cypriniformes->Cypriniphysi->Otophysi->Ostariophysi->Otocephala->Clupeocephala->Elopocephala->Teleostei->Neopterygii->Actinopteri->Actinopterygii->Euteleostomi->Teleostomi->Gnathostomata->Vertebrata->Craniata->Chordata->Deuterostomia->Bilateria->Eumetazoa->Metazoa->Holozoa->Opisthokonta->Eukaryota->cellular organisms->life" nexsonid "node1065710"
pgloadind     taxon mapping OTT ID 84197 taxonomy "Ischikauia steenackeri->Ischikauia->Cyprinidae->Cyprinoidea->Cypriniformes->Cypriniphysi->Otophysi->Ostariophysi->Otocephala->Clupeocephala->Elopocephala->Teleostei->Neopterygii->Actinopteri->Actinopterygii->Euteleostomi->Teleostomi->Gnathostomata->Vertebrata->Craniata->Chordata->Deuterostomia->Bilateria->Eumetazoa->Metazoa->Holozoa->Opisthokonta->Eukaryota->cellular organisms->life" nexsonid "node1065711"
pgloadind     taxon mapping OTT ID 880690 taxonomy "Acheilognathus tabira->Acheilognathus->Cyprinidae->Cyprinoidea->Cypriniformes->Cypriniphysi->Otophysi->Ostariophysi->Otocephala->Clupeocephala->Elopocephala->Teleostei->Neopterygii->Actinopteri->Actinopterygii->Euteleostomi->Teleostomi->Gnathostomata->Vertebrata->Craniata->Chordata->Deuterostomia->Bilateria->Eumetazoa->Metazoa->Holozoa->Opisthokonta->Eukaryota->cellular organisms->life" nexsonid "node1065714"
pgloadind     taxon mapping OTT ID 306824 taxonomy "Tanichthys albonubes->Tanichthys->Cyprinidae->Cyprinoidea->Cypriniformes->Cypriniphysi->Otophysi->Ostariophysi->Otocephala->Clupeocephala->Elopocephala->Teleostei->Neopterygii->Actinopteri->Actinopterygii->Euteleostomi->Teleostomi->Gnathostomata->Vertebrata->Craniata->Chordata->Deuterostomia->Bilateria->Eumetazoa->Metazoa->Holozoa->Opisthokonta->Eukaryota->cellular organisms->life" nexsonid "node1065715"
pgloadind     taxon mapping OTT ID 753550 taxonomy "Tinca tinca->Tinca->Cyprinidae->Cyprinoidea->Cypriniformes->Cypriniphysi->Otophysi->Ostariophysi->Otocephala->Clupeocephala->Elopocephala->Teleostei->Neopterygii->Actinopteri->Actinopterygii->Euteleostomi->Teleostomi->Gnathostomata->Vertebrata->Craniata->Chordata->Deuterostomia->Bilateria->Eumetazoa->Metazoa->Holozoa->Opisthokonta->Eukaryota->cellular organisms->life" nexsonid "node1065717"
pgloadind     taxon mapping OTT ID 230487 taxonomy "Gobio gobio->Gobio->Cyprinidae->Cyprinoidea->Cypriniformes->Cypriniphysi->Otophysi->Ostariophysi->Otocephala->Clupeocephala->Elopocephala->Teleostei->Neopterygii->Actinopteri->Actinopterygii->Euteleostomi->Teleostomi->Gnathostomata->Vertebrata->Craniata->Chordata->Deuterostomia->Bilateria->Eumetazoa->Metazoa->Holozoa->Opisthokonta->Eukaryota->cellular organisms->life" nexsonid "node1065719"
pgloadind     taxon mapping OTT ID 709022 taxonomy "Notropis baileyi->Notropis->Cyprinidae->Cyprinoidea->Cypriniformes->Cypriniphysi->Otophysi->Ostariophysi->Otocephala->Clupeocephala->Elopocephala->Teleostei->Neopterygii->Actinopteri->Actinopterygii->Euteleostomi->Teleostomi->Gnathostomata->Vertebrata->Craniata->Chordata->Deuterostomia->Bilateria->Eumetazoa->Metazoa->Holozoa->Opisthokonta->Eukaryota->cellular organisms->life" nexsonid "node1065720"
pgloadind     taxon mapping OTT ID 437387 taxonomy "Eigenmannia virescens->Eigenmannia->Eigenmanniidae->Gymnotiformes->Siluriphysi->Otophysi->Ostariophysi->Otocephala->Clupeocephala->Elopocephala->Teleostei->Neopterygii->Actinopteri->Actinopterygii->Euteleostomi->Teleostomi->Gnathostomata->Vertebrata->Craniata->Chordata->Deuterostomia->Bilateria->Eumetazoa->Metazoa->Holozoa->Opisthokonta->Eukaryota->cellular organisms->life" nexsonid "node1065723"
pgloadind     taxon mapping OTT ID 789557 taxonomy "Apteronotus albifrons->Apteronotus->Apteronotidae->Gymnotiformes->Siluriphysi->Otophysi->Ostariophysi->Otocephala->Clupeocephala->Elopocephala->Teleostei->Neopterygii->Actinopteri->Actinopterygii->Euteleostomi->Teleostomi->Gnathostomata->Vertebrata->Craniata->Chordata->Deuterostomia->Bilateria->Eumetazoa->Metazoa->Holozoa->Opisthokonta->Eukaryota->cellular organisms->life" nexsonid "node1065725"
pgloadind     taxon mapping OTT ID 463673 taxonomy "Gymnotus cylindricus->Gymnotus->Gymnotidae->Gymnotiformes->Siluriphysi->Otophysi->Ostariophysi->Otocephala->Clupeocephala->Elopocephala->Teleostei->Neopterygii->Actinopteri->Actinopterygii->Euteleostomi->Teleostomi->Gnathostomata->Vertebrata->Craniata->Chordata->Deuterostomia->Bilateria->Eumetazoa->Metazoa->Holozoa->Opisthokonta->Eukaryota->cellular organisms->life" nexsonid "node1065727"
pgloadind     taxon mapping OTT ID 285141 taxonomy "Brachyhypopomus gauderio->Brachyhypopomus->Hypopomidae->Rhamphichthyoidea->Gymnotiformes->Siluriphysi->Otophysi->Ostariophysi->Otocephala->Clupeocephala->Elopocephala->Teleostei->Neopterygii->Actinopteri->Actinopterygii->Euteleostomi->Teleostomi->Gnathostomata->Vertebrata->Craniata->Chordata->Deuterostomia->Bilateria->Eumetazoa->Metazoa->Holozoa->Opisthokonta->Eukaryota->cellular organisms->life" nexsonid "node1065729"
pgloadind     taxon mapping OTT ID 444 taxonomy "Rhamphichthys marmoratus->Rhamphichthys->Rhamphichthyidae->Rhamphichthyoidea->Gymnotiformes->Siluriphysi->Otophysi->Ostariophysi->Otocephala->Clupeocephala->Elopocephala->Teleostei->Neopterygii->Actinopteri->Actinopterygii->Euteleostomi->Teleostomi->Gnathostomata->Vertebrata->Craniata->Chordata->Deuterostomia->Bilateria->Eumetazoa->Metazoa->Holozoa->Opisthokonta->Eukaryota->cellular organisms->life" nexsonid "node1065731"
pgloadind     taxon mapping OTT ID 164259 taxonomy "Steatogenys elegans->Steatogenys->Rhamphichthyidae->Rhamphichthyoidea->Gymnotiformes->Siluriphysi->Otophysi->Ostariophysi->Otocephala->Clupeocephala->Elopocephala->Teleostei->Neopterygii->Actinopteri->Actinopterygii->Euteleostomi->Teleostomi->Gnathostomata->Vertebrata->Craniata->Chordata->Deuterostomia->Bilateria->Eumetazoa->Metazoa->Holozoa->Opisthokonta->Eukaryota->cellular organisms->life" nexsonid "node1065732"
pgloadind     taxon mapping OTT ID 753346 taxonomy "Citharinus->Citharininae->Citharinidae->Characiformes->Characiphysi->Otophysi->Ostariophysi->Otocephala->Clupeocephala->Elopocephala->Teleostei->Neopterygii->Actinopteri->Actinopterygii->Euteleostomi->Teleostomi->Gnathostomata->Vertebrata->Craniata->Chordata->Deuterostomia->Bilateria->Eumetazoa->Metazoa->Holozoa->Opisthokonta->Eukaryota->cellular organisms->life" nexsonid "node1065735"
pgloadind     taxon mapping OTT ID 226954 taxonomy "Distichodus antonii->Distichodus->Distichodontidae->Characiformes->Characiphysi->Otophysi->Ostariophysi->Otocephala->Clupeocephala->Elopocephala->Teleostei->Neopterygii->Actinopteri->Actinopterygii->Euteleostomi->Teleostomi->Gnathostomata->Vertebrata->Craniata->Chordata->Deuterostomia->Bilateria->Eumetazoa->Metazoa->Holozoa->Opisthokonta->Eukaryota->cellular organisms->life" nexsonid "node1065736"
pgloadind     taxon mapping OTT ID 442774 taxonomy "Characidium fasciatum->Characidium->Characidiinae->Crenuchidae->Characiformes->Characiphysi->Otophysi->Ostariophysi->Otocephala->Clupeocephala->Elopocephala->Teleostei->Neopterygii->Actinopteri->Actinopterygii->Euteleostomi->Teleostomi->Gnathostomata->Vertebrata->Craniata->Chordata->Deuterostomia->Bilateria->Eumetazoa->Metazoa->Holozoa->Opisthokonta->Eukaryota->cellular organisms->life" nexsonid "node1065739"
pgloadind     taxon mapping OTT ID 179348 taxonomy "Hoplias malabaricus->Hoplias->Erythrinidae->Characiformes->Characiphysi->Otophysi->Ostariophysi->Otocephala->Clupeocephala->Elopocephala->Teleostei->Neopterygii->Actinopteri->Actinopterygii->Euteleostomi->Teleostomi->Gnathostomata->Vertebrata->Craniata->Chordata->Deuterostomia->Bilateria->Eumetazoa->Metazoa->Holozoa->Opisthokonta->Eukaryota->cellular organisms->life" nexsonid "node1065746"
pgloadind     taxon mapping OTT ID 545265 taxonomy "Hydrolycus armatus->Hydrolycus->Rhaphiodontinae->Characidae->Characiformes->Characiphysi->Otophysi->Ostariophysi->Otocephala->Clupeocephala->Elopocephala->Teleostei->Neopterygii->Actinopteri->Actinopterygii->Euteleostomi->Teleostomi->Gnathostomata->Vertebrata->Craniata->Chordata->Deuterostomia->Bilateria->Eumetazoa->Metazoa->Holozoa->Opisthokonta->Eukaryota->cellular organisms->life" nexsonid "node1065748"
pgloadind     taxon mapping OTT ID 546974 taxonomy "Schizodon->Anostomidae->Characiformes->Characiphysi->Otophysi->Ostariophysi->Otocephala->Clupeocephala->Elopocephala->Teleostei->Neopterygii->Actinopteri->Actinopterygii->Euteleostomi->Teleostomi->Gnathostomata->Vertebrata->Craniata->Chordata->Deuterostomia->Bilateria->Eumetazoa->Metazoa->Holozoa->Opisthokonta->Eukaryota->cellular organisms->life" nexsonid "node1065750"
pgloadind     taxon mapping OTT ID 109604 taxonomy "Semaprochilodus taeniurus->Semaprochilodus->Prochilodontinae->Curimatidae->Characiformes->Characiphysi->Otophysi->Ostariophysi->Otocephala->Clupeocephala->Elopocephala->Teleostei->Neopterygii->Actinopteri->Actinopterygii->Euteleostomi->Teleostomi->Gnathostomata->Vertebrata->Craniata->Chordata->Deuterostomia->Bilateria->Eumetazoa->Metazoa->Holozoa->Opisthokonta->Eukaryota->cellular organisms->life" nexsonid "node1065751"
pgloadind     taxon mapping OTT ID 990661 taxonomy "Ctenolucius hujeta->Ctenolucius->Ctenoluciidae->Characiformes->Characiphysi->Otophysi->Ostariophysi->Otocephala->Clupeocephala->Elopocephala->Teleostei->Neopterygii->Actinopteri->Actinopterygii->Euteleostomi->Teleostomi->Gnathostomata->Vertebrata->Craniata->Chordata->Deuterostomia->Bilateria->Eumetazoa->Metazoa->Holozoa->Opisthokonta->Eukaryota->cellular organisms->life" nexsonid "node1065754"
pgloadind     taxon mapping OTT ID 486012 taxonomy "Nannostomus beckfordi->Nannostomus->Pyrrhulininae->Lebiasinidae->Characiformes->Characiphysi->Otophysi->Ostariophysi->Otocephala->Clupeocephala->Elopocephala->Teleostei->Neopterygii->Actinopteri->Actinopterygii->Euteleostomi->Teleostomi->Gnathostomata->Vertebrata->Craniata->Chordata->Deuterostomia->Bilateria->Eumetazoa->Metazoa->Holozoa->Opisthokonta->Eukaryota->cellular organisms->life" nexsonid "node1065755"
pgloadind     taxon mapping OTT ID 128234 taxonomy "Hepsetus odoe->Hepsetus->Hepsetidae->Characiformes->Characiphysi->Otophysi->Ostariophysi->Otocephala->Clupeocephala->Elopocephala->Teleostei->Neopterygii->Actinopteri->Actinopterygii->Euteleostomi->Teleostomi->Gnathostomata->Vertebrata->Craniata->Chordata->Deuterostomia->Bilateria->Eumetazoa->Metazoa->Holozoa->Opisthokonta->Eukaryota->cellular organisms->life" nexsonid "node1065757"
pgloadind     taxon mapping OTT ID 660656 taxonomy "Brycinus macrolepidotus->Brycinus->Alestidae->Characiformes->Characiphysi->Otophysi->Ostariophysi->Otocephala->Clupeocephala->Elopocephala->Teleostei->Neopterygii->Actinopteri->Actinopterygii->Euteleostomi->Teleostomi->Gnathostomata->Vertebrata->Craniata->Chordata->Deuterostomia->Bilateria->Eumetazoa->Metazoa->Holozoa->Opisthokonta->Eukaryota->cellular organisms->life" nexsonid "node1065759"
pgloadind     taxon mapping OTT ID 259776 taxonomy "Phenacogrammus interruptus->Phenacogrammus->Alestidae->Characiformes->Characiphysi->Otophysi->Ostariophysi->Otocephala->Clupeocephala->Elopocephala->Teleostei->Neopterygii->Actinopteri->Actinopterygii->Euteleostomi->Teleostomi->Gnathostomata->Vertebrata->Craniata->Chordata->Deuterostomia->Bilateria->Eumetazoa->Metazoa->Holozoa->Opisthokonta->Eukaryota->cellular organisms->life" nexsonid "node1065760"
pgloadind     taxon mapping OTT ID 753364 taxonomy "Chalceus macrolepidotus->Chalceus->Bryconinae->Characidae->Characiformes->Characiphysi->Otophysi->Ostariophysi->Otocephala->Clupeocephala->Elopocephala->Teleostei->Neopterygii->Actinopteri->Actinopterygii->Euteleostomi->Teleostomi->Gnathostomata->Vertebrata->Craniata->Chordata->Deuterostomia->Bilateria->Eumetazoa->Metazoa->Holozoa->Opisthokonta->Eukaryota->cellular organisms->life" nexsonid "node1065743"
pgloadind     taxon mapping OTT ID 634728 taxonomy "Diplomystes nahuelbutaensis->Diplomystes->Diplomystidae->Siluriformes->Siluriphysi->Otophysi->Ostariophysi->Otocephala->Clupeocephala->Elopocephala->Teleostei->Neopterygii->Actinopteri->Actinopterygii->Euteleostomi->Teleostomi->Gnathostomata->Vertebrata->Craniata->Chordata->Deuterostomia->Bilateria->Eumetazoa->Metazoa->Holozoa->Opisthokonta->Eukaryota->cellular organisms->life" nexsonid "node1065766"
pgloadind     taxon mapping OTT ID 750422 taxonomy "Malapterurus microstoma->Malapterurus->Malapteruridae->Siluriformes->Siluriphysi->Otophysi->Ostariophysi->Otocephala->Clupeocephala->Elopocephala->Teleostei->Neopterygii->Actinopteri->Actinopterygii->Euteleostomi->Teleostomi->Gnathostomata->Vertebrata->Craniata->Chordata->Deuterostomia->Bilateria->Eumetazoa->Metazoa->Holozoa->Opisthokonta->Eukaryota->cellular organisms->life" nexsonid "node1065768"
pgloadind     taxon mapping OTT ID 315243 taxonomy "Synodontis nigriventris->Synodontis->Mochokidae->Siluriformes->Siluriphysi->Otophysi->Ostariophysi->Otocephala->Clupeocephala->Elopocephala->Teleostei->Neopterygii->Actinopteri->Actinopterygii->Euteleostomi->Teleostomi->Gnathostomata->Vertebrata->Craniata->Chordata->Deuterostomia->Bilateria->Eumetazoa->Metazoa->Holozoa->Opisthokonta->Eukaryota->cellular organisms->life" nexsonid "node1065770"
pgloadind     taxon mapping OTT ID 415375 taxonomy "Parailia pellucida->Parailia->Schilbeidae->Siluriformes->Siluriphysi->Otophysi->Ostariophysi->Otocephala->Clupeocephala->Elopocephala->Teleostei->Neopterygii->Actinopteri->Actinopterygii->Euteleostomi->Teleostomi->Gnathostomata->Vertebrata->Craniata->Chordata->Deuterostomia->Bilateria->Eumetazoa->Metazoa->Holozoa->Opisthokonta->Eukaryota->cellular organisms->life" nexsonid "node1065774"
pgloadind     taxon mapping OTT ID 804531 taxonomy "Pseudobagrus tokiensis->Pseudobagrus->Bagridae->Siluriformes->Siluriphysi->Otophysi->Ostariophysi->Otocephala->Clupeocephala->Elopocephala->Teleostei->Neopterygii->Actinopteri->Actinopterygii->Euteleostomi->Teleostomi->Gnathostomata->Vertebrata->Craniata->Chordata->Deuterostomia->Bilateria->Eumetazoa->Metazoa->Holozoa->Opisthokonta->Eukaryota->cellular organisms->life" nexsonid "node1065775"
pgloadind     taxon mapping OTT ID 4138579 taxonomy "Trachelyopterus sp. WJC615->Trachelyopterus->Auchenipterinae->Auchenipteridae->Siluriformes->Siluriphysi->Otophysi->Ostariophysi->Otocephala->Clupeocephala->Elopocephala->Teleostei->Neopterygii->Actinopteri->Actinopterygii->Euteleostomi->Teleostomi->Gnathostomata->Vertebrata->Craniata->Chordata->Deuterostomia->Bilateria->Eumetazoa->Metazoa->Holozoa->Opisthokonta->Eukaryota->cellular organisms->life" nexsonid "node1065777"
pgloadind     taxon mapping OTT ID 650088 taxonomy "Leiarius pictus->Leiarius->Pimelodidae->Siluriformes->Siluriphysi->Otophysi->Ostariophysi->Otocephala->Clupeocephala->Elopocephala->Teleostei->Neopterygii->Actinopteri->Actinopterygii->Euteleostomi->Teleostomi->Gnathostomata->Vertebrata->Craniata->Chordata->Deuterostomia->Bilateria->Eumetazoa->Metazoa->Holozoa->Opisthokonta->Eukaryota->cellular organisms->life" nexsonid "node1065779"
pgloadind     taxon mapping OTT ID 1087479 taxonomy "Microglanis iheringi->Microglanis->Pseudopimelodidae->Siluriformes->Siluriphysi->Otophysi->Ostariophysi->Otocephala->Clupeocephala->Elopocephala->Teleostei->Neopterygii->Actinopteri->Actinopterygii->Euteleostomi->Teleostomi->Gnathostomata->Vertebrata->Craniata->Chordata->Deuterostomia->Bilateria->Eumetazoa->Metazoa->Holozoa->Opisthokonta->Eukaryota->cellular organisms->life" nexsonid "node1065780"
pgloadind     taxon mapping OTT ID 874760 taxonomy "Lacantunia enigmatica->Lacantunia->Lacantuniidae->Siluriformes->Siluriphysi->Otophysi->Ostariophysi->Otocephala->Clupeocephala->Elopocephala->Teleostei->Neopterygii->Actinopteri->Actinopterygii->Euteleostomi->Teleostomi->Gnathostomata->Vertebrata->Craniata->Chordata->Deuterostomia->Bilateria->Eumetazoa->Metazoa->Holozoa->Opisthokonta->Eukaryota->cellular organisms->life" nexsonid "node1065782"
pgloadind     taxon mapping OTT ID 804481 taxonomy "Ameiurus nebulosus->Ameiurus->Ictaluridae->Siluriformes->Siluriphysi->Otophysi->Ostariophysi->Otocephala->Clupeocephala->Elopocephala->Teleostei->Neopterygii->Actinopteri->Actinopterygii->Euteleostomi->Teleostomi->Gnathostomata->Vertebrata->Craniata->Chordata->Deuterostomia->Bilateria->Eumetazoa->Metazoa->Holozoa->Opisthokonta->Eukaryota->cellular organisms->life" nexsonid "node1065785"
pgloadind     taxon mapping OTT ID 488967 taxonomy "Kryptopterus minor->Kryptopterus->Siluridae->Siluriformes->Siluriphysi->Otophysi->Ostariophysi->Otocephala->Clupeocephala->Elopocephala->Teleostei->Neopterygii->Actinopteri->Actinopterygii->Euteleostomi->Teleostomi->Gnathostomata->Vertebrata->Craniata->Chordata->Deuterostomia->Bilateria->Eumetazoa->Metazoa->Holozoa->Opisthokonta->Eukaryota->cellular organisms->life" nexsonid "node1065786"
pgloadind     taxon mapping OTT ID 139650 taxonomy "Ariopsis felis->Ariopsis->Ariidae->Siluriformes->Siluriphysi->Otophysi->Ostariophysi->Otocephala->Clupeocephala->Elopocephala->Teleostei->Neopterygii->Actinopteri->Actinopterygii->Euteleostomi->Teleostomi->Gnathostomata->Vertebrata->Craniata->Chordata->Deuterostomia->Bilateria->Eumetazoa->Metazoa->Holozoa->Opisthokonta->Eukaryota->cellular organisms->life" nexsonid "node1065788"
pgloadind     taxon mapping OTT ID 240811 taxonomy "Clarias gariepinus->Clarias->Clariidae->Siluriformes->Siluriphysi->Otophysi->Ostariophysi->Otocephala->Clupeocephala->Elopocephala->Teleostei->Neopterygii->Actinopteri->Actinopterygii->Euteleostomi->Teleostomi->Gnathostomata->Vertebrata->Craniata->Chordata->Deuterostomia->Bilateria->Eumetazoa->Metazoa->Holozoa->Opisthokonta->Eukaryota->cellular organisms->life" nexsonid "node1065790"
pgloadind     taxon mapping OTT ID 428018 taxonomy "Chaca bankanensis->Chaca->Chacidae->Siluriformes->Siluriphysi->Otophysi->Ostariophysi->Otocephala->Clupeocephala->Elopocephala->Teleostei->Neopterygii->Actinopteri->Actinopterygii->Euteleostomi->Teleostomi->Gnathostomata->Vertebrata->Craniata->Chordata->Deuterostomia->Bilateria->Eumetazoa->Metazoa->Holozoa->Opisthokonta->Eukaryota->cellular organisms->life" nexsonid "node1065791"
pgloadind     taxon mapping OTT ID 499194 taxonomy "Corydoras rabauti->Corydoras->Callichthyidae->Siluriformes->Siluriphysi->Otophysi->Ostariophysi->Otocephala->Clupeocephala->Elopocephala->Teleostei->Neopterygii->Actinopteri->Actinopterygii->Euteleostomi->Teleostomi->Gnathostomata->Vertebrata->Craniata->Chordata->Deuterostomia->Bilateria->Eumetazoa->Metazoa->Holozoa->Opisthokonta->Eukaryota->cellular organisms->life" nexsonid "node1065764"
done fixing name
pgloadind Finished with attempts to fix names
pgloadind   Checking for uniqueness of OTT IDs tree id "6195"
pgloadind   Adding tree to graph tree id "6195"
all trees have all taxa: false
	using bipartition technique
attempting to remap tips to deepest exemplified taxa
	Apteronotus albifrons was remapped to 'Apteronotidae' (id=529406)
	Danionella mirifica was remapped to 'Danionella' (id=516900)
	Ctenolucius hujeta was remapped to 'Ctenoluciidae' (id=544512)
	Gobio gobio was remapped to 'Gobio' (id=517532)
	Malapterurus microstoma was remapped to 'Malapteruridae' (id=530622)
	Gyrinocheilus aymonieri was remapped to 'Gyrinocheilidae' (id=526914)
	Hoplias malabaricus was remapped to 'Erythrinidae' (id=543647)
	Ariopsis felis was remapped to 'Ariidae' (id=535228)
	Diplomystes nahuelbutaensis was remapped to 'Diplomystidae' (id=530260)
	Ischikauia steenackeri was remapped to 'Ischikauia' (id=521680)
	Brycinus macrolepidotus was remapped to 'Brycinus' (id=544089)
	Hepsetus odoe was remapped to 'Hepsetidae' (id=543715)
	Hydrolycus armatus was remapped to 'Rhaphiodontinae' (id=542220)
	Aspidoparia morar was remapped to 'Aspidoparia' (id=520829)
	Brachyhypopomus gauderio was remapped to 'Hypopomidae' (id=529582)
	Chalceus macrolepidotus was remapped to 'Bryconinae' (id=542649)
	Schizodon was remapped to 'Anostomidae' (id=540418)
	Lefua costata was remapped to 'Lefua' (id=527285)
	Clarias gariepinus was remapped to 'Clariidae' (id=529855)
	Tanichthys albonubes was remapped to 'Tanichthys' (id=519111)
	Leptobarbus hoevenii was remapped to 'Leptobarbus' (id=522923)
	Sewellia lineolata was remapped to 'Balitorinae' (id=528484)
	Ellopostoma mystax was remapped to 'Ellopostoma' (id=528335)
	Lacantunia enigmatica was remapped to 'Lacantuniidae' (id=538134)
	Danio rerio was remapped to 'Danio' (id=525236)
	Steatogenys elegans was remapped to 'Steatogenys' (id=529629)
	Semaprochilodus taeniurus was remapped to 'Curimatidae' (id=540779)
	Acheilognathus tabira was remapped to 'Acheilognathus' (id=524462)
	Rhamphichthys marmoratus was remapped to 'Rhamphichthys' (id=529661)
	Rasbora bankanensis was remapped to 'Rasbora' (id=523167)
	Leptobotia pellegrini was remapped to 'Botiinae' (id=526660)
	Distichodus antonii was remapped to 'Distichodontidae' (id=540208)
	Cobitis takatsuensis was remapped to 'Cobitinae' (id=525975)
	Kryptopterus minor was remapped to 'Siluridae' (id=534316)
	Gymnotus cylindricus was remapped to 'Gymnotidae' (id=529685)
	Leiarius pictus was remapped to 'Pimelodidae' (id=538137)
	Citharinus was remapped to 'Citharinidae' (id=540717)
	Notropis baileyi was remapped to 'Notropis' (id=519572)
	Characidium fasciatum was remapped to 'Crenuchidae' (id=544566)
	Sundadanio axelrodi was remapped to 'Sundadanio' (id=518110)
	Catostomus commersonii was remapped to 'Catostomidae' (id=528934)
	Ameiurus nebulosus was remapped to 'Ictaluridae' (id=537793)
	Synodontis nigriventris was remapped to 'Mochokidae' (id=530664)
	Eigenmannia virescens was remapped to 'Eigenmanniidae' (id=529339)
	Tinca tinca was remapped to 'Tinca' (id=523392)
	Parailia pellucida was remapped to 'Schilbeidae' (id=539710)
	Nannostomus beckfordi was remapped to 'Lebiasinidae' (id=543897)
	Psilorhynchus sucatio was remapped to 'Psilorhynchus' (id=516323)
	Trachelyopterus sp. WJC615 was remapped to 'Auchenipteridae' (id=536269)
	Chaca bankanensis was remapped to 'Chacidae' (id=537231)
	Pseudobagrus tokiensis was remapped to 'Bagridae' (id=533389)
	Corydoras rabauti was remapped to 'Callichthyidae' (id=536712)
	Microglanis iheringi was remapped to 'Pseudopimelodidae' (id=534700)
	Raiamas buchholzi was remapped to 'Raiamas' (id=523743)
	Opsariichthys uncirostris was remapped to 'Opsariichthys' (id=514918)
	Phenacogrammus interruptus was remapped to 'Phenacogrammus' (id=544274)
	Vaillantella maassi was remapped to 'Vaillantella' (id=527028)
	Labeo chrysophekadion was remapped to 'Labeo' (id=516354)
this is the ROOT
placing root in index
Dealing with metadata property: id
Dealing with metadata property: ot:studyPublicationReference
Adding property 'ot:studyPublicationReference': Chen, Wei-Jen, Sébastien Lavoué, and Richard L. Mayden. 2013. Evolutionary origin and early biogeography of otophysan fishes (Ostariophysi: Teleostei). Evolution 67 (8): 2218–2239.
Dealing with metadata property: ot:studyYear
Adding property 'ot:studyYear': 2013
Dealing with metadata property: ot:inGroupClade
Adding property 'ot:inGroupClade': node1065671
Dealing with metadata property: ot:tag
Adding property 'ot:tag': choose me
Dealing with metadata property: ot:branchLengthMode
Adding property 'ot:branchLengthMode': ot:years
Dealing with metadata property: ot:curatorName
Adding property 'ot:curatorName': Joseph Brown
Dealing with metadata property: ot:focalClade
Adding property 'ot:focalClade': 2375919
Dealing with metadata property: ot:studyId
Adding property 'ot:studyId': 2659
Committing nodes: 117
	adding Node[514666] Cypriniphysi 285817 as compatible with Node[514667]
		adding Relationship[8163714]
		adding to root Relationship[8163715]
		adding Relationship[8163716] from Node[514666] to Node[514665]
