pgloadind OTUs number 53
pgloadind Processing tree @id "6307"
pgloadind   tree info number nodes 89
pgloadind   tree info number edges 88
pgloadind   tree info ingroup "node1096961"
pgloadind   Setting ingroup root node.
pgloadind   Ingested tree number of external nodes 35
pgloadind   property added ot:studyPublicationReference "Groussin M. 2011. Adaptation to Environmental Temperature is a Major Determinant of Molecular Evolutionary Rates in Archaea. Molecular Biology and Evolution, ."
pgloadind   property added ot:studyPublication "http://dx.doi.org/10.1093/molbev/msr098"
pgloadind   property added ot:curatorName "Dail Laughinghouse"
pgloadind   property added ot:dataDeposit "http://purl.org/phylo/treebase/phylows/study/TB2:S11359"
pgloadind   property added ot:studyId "2715"
pgloadind   property added ot:studyYear "2011"
pgloadind   property added ot:focalClade "996421"
pgloadind   property added ot:focalCladeOTTTaxonName "Archaea"
pgloadind   property added ot:branchLengthMode "ot:substitutionCount"
pgloadind   property added ot:inGroupClade "node1096961"
pgloadind   property added ot:curatedType "PAUP 1"
pgloadind Processing tree @id "6308"
pgloadind   tree info number nodes 89
pgloadind   tree info number edges 88
pgloadind   tree info ingroup "node1097050"
pgloadind   Setting ingroup root node.
pgloadind   Ingested tree number of external nodes 35
pgloadind   property added ot:studyPublicationReference "Groussin M. 2011. Adaptation to Environmental Temperature is a Major Determinant of Molecular Evolutionary Rates in Archaea. Molecular Biology and Evolution, ."
pgloadind   property added ot:studyPublication "http://dx.doi.org/10.1093/molbev/msr098"
pgloadind   property added ot:curatorName "Dail Laughinghouse"
pgloadind   property added ot:dataDeposit "http://purl.org/phylo/treebase/phylows/study/TB2:S11359"
pgloadind   property added ot:studyId "2715"
pgloadind   property added ot:studyYear "2011"
pgloadind   property added ot:focalClade "996421"
pgloadind   property added ot:focalCladeOTTTaxonName "Archaea"
pgloadind   property added ot:branchLengthMode "ot:substitutionCount"
pgloadind   property added ot:inGroupClade "node1097050"
pgloadind   property added ot:curatedType "PAUP 1"
loading a specific tree: 6308
skipping tree: 6307
pgloadind conducting TNRS on trees
pgloadind   name fixing on tree tree id "6308"
pgloadind     OTT ID missing name "Uncultured marine crenarchaeote KM3-34-D9" nexsonid "node1097084"
pgloadind     OTT ID missing name "Uncultured crenarchaeote 74A4" nexsonid "node1097088"
pgloadind   TNRS unmatched total number 2
pgloadind     pruning unmapped name "Uncultured crenarchaeote 74A4" nexsonid "node1097088"
pgloadind     pruning unmapped name "Uncultured marine crenarchaeote KM3-34-D9" nexsonid "node1097084"
pgloadind     OTT ID not in database (probably dubious)
pgloadind       dubious name "Nitrosopumilus maritimus SCM1" nexsonid "node1097089"
pgloadind       dubious OTT ID 922115
pgloadind     pruning dups and overlapping name "Nitrosopumilus maritimus SCM1" nexsonid "node1097089"
pgloadind   postpruning newick tree "(((Archaeoglobus_fulgidus_DSM_4304,(Nanoarchaeum_equitans,(Methanopyrus_kandleri_AV19,(Thermococcus_kodakarensis_KOD1,Pyrococcus_abyssi_GE5)))),(Candidatus_Korarchaeum,((Thermofilum_pendens_Hrk_5,(Caldivirga_maquilingensis_IC-167,(Pyrobaculum_neutrophilum_V24Sta,Pyrobaculum_arsenaticum_DSM_13514))),((Metallosphaera_sedula_DSM_5348,Sulfolobus_acidocaldarius_DSM_639),(Ignicoccus_hospitalis_KIN4_I,(Aeropyrum_pernix_K1,(Desulfurococcus_kamchatkensis,Staphylothermus_marinus_F1))))))),(((Picrophilus_torridus_DSM_9790,Thermoplasma_volcanium_GSS1),(((Methanobrevibacter_smithii_ATCC_35061,Methanothermobacter_thermautotrophicus_str_Delta_H),(Methanocaldococcus_jannaschii_DSM_2661,(Methanococcus_maripaludis_S2,Methanococcus_voltae_A3))),((Halobacterium_salinarum_R1,(Halorubrum_lacusprofundi_ATCC_49239,Haloarcula_marismortui_ATCC_43049)),((Methanospirillum_hungatei_JF-1,Methanocorpusculum_labreanum_Z),(Methanosaeta_thermophila_PT,(Methanosarcina_barkeri_str_Fusaro,Methanococcoides_burtonii_DSM_6242)))))),Cenarchaeum_symbiosum))"
pgloadind   taxon mapping summary
pgloadind     taxon mapping OTT ID 1068682 taxonomy "Archaeoglobus fulgidus DSM 4304->Archaeoglobus->Archaeoglobaceae->Archaeoglobales->Archaeoglobi->Euryarchaeota->Archaea->cellular organisms->life" nexsonid "node1097053"
pgloadind     taxon mapping OTT ID 395935 taxonomy "Nanoarchaeum equitans->Nanoarchaeum->Nanoarchaeota->Archaea->cellular organisms->life" nexsonid "node1097055"
pgloadind     taxon mapping OTT ID 530972 taxonomy "Methanopyrus kandleri AV19->Methanopyrus->Methanopyraceae->Methanopyrales->Methanopyri->Euryarchaeota->Archaea->cellular organisms->life" nexsonid "node1097057"
pgloadind     taxon mapping OTT ID 157679 taxonomy "Thermococcus kodakarensis KOD1->Thermococcus kodakarensis->Thermococcus->Thermococcaceae->Thermococcales->Thermococci->Euryarchaeota->Archaea->cellular organisms->life" nexsonid "node1097059"
pgloadind     taxon mapping OTT ID 1042844 taxonomy "Pyrococcus abyssi GE5->Pyrococcus abyssi->Pyrococcus->Thermococcaceae->Thermococcales->Thermococci->Euryarchaeota->Archaea->cellular organisms->life" nexsonid "node1097060"
pgloadind     taxon mapping OTT ID 88562 taxonomy "Candidatus Korarchaeum->Korarchaeota->Archaea->cellular organisms->life" nexsonid "node1097062"
pgloadind     taxon mapping OTT ID 1011417 taxonomy "Thermofilum pendens Hrk 5->Thermofilum->Thermofilaceae->Thermoproteales->Thermoprotei->Crenarchaeota->Archaea->cellular organisms->life" nexsonid "node1097065"
pgloadind     taxon mapping OTT ID 176389 taxonomy "Caldivirga maquilingensis IC-167->Caldivirga->Thermoproteaceae->Thermoproteales->Thermoprotei->Crenarchaeota->Archaea->cellular organisms->life" nexsonid "node1097067"
pgloadind     taxon mapping OTT ID 430176 taxonomy "Pyrobaculum neutrophilum V24Sta->Thermoproteus->Thermoproteaceae->Thermoproteales->Thermoprotei->Crenarchaeota->Archaea->cellular organisms->life" nexsonid "node1097069"
pgloadind     taxon mapping OTT ID 979009 taxonomy "Pyrobaculum arsenaticum DSM 13514->Pyrobaculum->Thermoproteaceae->Thermoproteales->Thermoprotei->Crenarchaeota->Archaea->cellular organisms->life" nexsonid "node1097070"
pgloadind     taxon mapping OTT ID 50715 taxonomy "Metallosphaera sedula DSM 5348->Metallosphaera sedula->Metallosphaera->Sulfolobaceae->Sulfolobales->Thermoprotei->Crenarchaeota->Archaea->cellular organisms->life" nexsonid "node1097073"
pgloadind     taxon mapping OTT ID 958859 taxonomy "Sulfolobus acidocaldarius DSM 639->Sulfolobus->Sulfolobaceae->Sulfolobales->Thermoprotei->Crenarchaeota->Archaea->cellular organisms->life" nexsonid "node1097074"
pgloadind     taxon mapping OTT ID 178943 taxonomy "Ignicoccus hospitalis KIN4/I->Ignicoccus hospitalis->Ignicoccus->Desulfurococcaceae->Desulfurococcales->Thermoprotei->Crenarchaeota->Archaea->cellular organisms->life" nexsonid "node1097076"
pgloadind     taxon mapping OTT ID 327688 taxonomy "Aeropyrum pernix K1->Aeropyrum pernix->Aeropyrum->Desulfurococcaceae->Desulfurococcales->Thermoprotei->Crenarchaeota->Archaea->cellular organisms->life" nexsonid "node1097078"
pgloadind     taxon mapping OTT ID 1034469 taxonomy "Desulfurococcus kamchatkensis->Desulfurococcus->Desulfurococcaceae->Desulfurococcales->Thermoprotei->Crenarchaeota->Archaea->cellular organisms->life" nexsonid "node1097080"
pgloadind     taxon mapping OTT ID 400531 taxonomy "Staphylothermus marinus F1->Staphylothermus marinus->Staphylothermus->Desulfurococcaceae->Desulfurococcales->Thermoprotei->Crenarchaeota->Archaea->cellular organisms->life" nexsonid "node1097081"
pgloadind     taxon mapping OTT ID 639748 taxonomy "Picrophilus torridus DSM 9790->Picrophilus torridus->Picrophilus->Picrophilaceae->Thermoplasmatales->Thermoplasmata->Euryarchaeota->Archaea->cellular organisms->life" nexsonid "node1097092"
pgloadind     taxon mapping OTT ID 258360 taxonomy "Thermoplasma volcanium GSS1->Thermoplasma->Thermoplasmataceae->Thermoplasmatales->Thermoplasmata->Euryarchaeota->Archaea->cellular organisms->life" nexsonid "node1097093"
pgloadind     taxon mapping OTT ID 585976 taxonomy "Methanobrevibacter smithii ATCC 35061->Methanobrevibacter smithii->Methanobrevibacter->Methanobacteriaceae->Methanobacteriales->Methanobacteria->Euryarchaeota->Archaea->cellular organisms->life" nexsonid "node1097097"
pgloadind     taxon mapping OTT ID 901163 taxonomy "Methanothermobacter thermautotrophicus str. Delta H->Methanothermobacter thermautotrophicus->Methanothermobacter->Methanobacteriaceae->Methanobacteriales->Methanobacteria->Euryarchaeota->Archaea->cellular organisms->life" nexsonid "node1097098"
pgloadind     taxon mapping OTT ID 103403 taxonomy "Methanocaldococcus jannaschii DSM 2661->Methanocaldococcus->Methanocaldococcaceae->Methanococcales->Methanococci->Euryarchaeota->Archaea->cellular organisms->life" nexsonid "node1097100"
pgloadind     taxon mapping OTT ID 180467 taxonomy "Methanococcus maripaludis S2->Methanococcus maripaludis->Methanococcus->Methanococcaceae->Methanococcales->Methanococci->Euryarchaeota->Archaea->cellular organisms->life" nexsonid "node1097102"
pgloadind     taxon mapping OTT ID 381805 taxonomy "Methanococcus voltae A3->Methanococcus voltae->Methanococcus->Methanococcaceae->Methanococcales->Methanococci->Euryarchaeota->Archaea->cellular organisms->life" nexsonid "node1097103"
pgloadind     taxon mapping OTT ID 609756 taxonomy "Halobacterium salinarum R1->Halobacterium->Halobacteriaceae->Halobacteriales->Halobacteria->Euryarchaeota->Archaea->cellular organisms->life" nexsonid "node1097106"
pgloadind     taxon mapping OTT ID 980056 taxonomy "Halorubrum lacusprofundi ATCC 49239->Halorubrum lacusprofundi->Halorubrum->Halobacteriaceae->Halobacteriales->Halobacteria->Euryarchaeota->Archaea->cellular organisms->life" nexsonid "node1097108"
pgloadind     taxon mapping OTT ID 953185 taxonomy "Haloarcula marismortui ATCC 43049->Haloarcula->Halobacteriaceae->Halobacteriales->Halobacteria->Euryarchaeota->Archaea->cellular organisms->life" nexsonid "node1097109"
pgloadind     taxon mapping OTT ID 721953 taxonomy "Methanospirillum hungatei JF-1->Methanospirillum->Methanospirillaceae->Methanomicrobiales->Methanomicrobia->Euryarchaeota->Archaea->cellular organisms->life" nexsonid "node1097112"
pgloadind     taxon mapping OTT ID 661565 taxonomy "Methanocorpusculum labreanum Z->Methanocorpusculum->Methanocorpusculaceae->Methanomicrobiales->Methanomicrobia->Euryarchaeota->Archaea->cellular organisms->life" nexsonid "node1097113"
pgloadind     taxon mapping OTT ID 833382 taxonomy "Methanosaeta thermophila PT->Methanosaeta thermophila->Methanosaeta->Methanosaetaceae->Methanosarcinales->Methanomicrobia->Euryarchaeota->Archaea->cellular organisms->life" nexsonid "node1097115"
pgloadind     taxon mapping OTT ID 672383 taxonomy "Methanosarcina barkeri str. Fusaro->Methanosarcina->Methanosarcinaceae->Methanosarcinales->Methanomicrobia->Euryarchaeota->Archaea->cellular organisms->life" nexsonid "node1097117"
pgloadind     taxon mapping OTT ID 512478 taxonomy "Methanococcoides burtonii DSM 6242->Methanococcoides->Methanosarcinaceae->Methanosarcinales->Methanomicrobia->Euryarchaeota->Archaea->cellular organisms->life" nexsonid "node1097118"
pgloadind     taxon mapping OTT ID 363497 taxonomy "Cenarchaeum symbiosum->Cenarchaeum->Cenarchaeaceae->Cenarchaeales->Marine Group I->Thaumarchaeota->Archaea->cellular organisms->life" nexsonid "node1097086"
done fixing name
pgloadind Finished with attempts to fix names
pgloadind   Checking for uniqueness of OTT IDs tree id "6308"
pgloadind   Adding tree to graph tree id "6308"
all trees have all taxa: false
	using bipartition technique
attempting to remap tips to deepest exemplified taxa
	Thermofilum pendens Hrk 5 was remapped to 'Thermofilaceae' (id=3565949)
	Aeropyrum pernix K1 was remapped to 'Aeropyrum' (id=3565632)
	Halobacterium salinarum R1 was remapped to 'Halobacterium' (id=3564175)
	Archaeoglobus fulgidus DSM 4304 was remapped to 'Archaeoglobi' (id=3565099)
	Staphylothermus marinus F1 was remapped to 'Staphylothermus' (id=3565668)
	Haloarcula marismortui ATCC 43049 was remapped to 'Haloarcula' (id=3563250)
	Methanococcus maripaludis S2 was remapped to 'Methanococcus maripaludis' (id=3564980)
	Sulfolobus acidocaldarius DSM 639 was remapped to 'Sulfolobus' (id=3565331)
	Caldivirga maquilingensis IC-167 was remapped to 'Caldivirga' (id=3565935)
	Methanocorpusculum labreanum Z was remapped to 'Methanocorpusculaceae' (id=3561324)
	Methanosarcina barkeri str. Fusaro was remapped to 'Methanosarcina' (id=3561424)
	Nanoarchaeum equitans was remapped to 'Nanoarchaeota' (id=3565991)
	Thermococcus kodakarensis KOD1 was remapped to 'Thermococcus' (id=3560145)
	Pyrococcus abyssi GE5 was remapped to 'Pyrococcus' (id=3560557)
	Picrophilus torridus DSM 9790 was remapped to 'Picrophilaceae' (id=3561763)
	Pyrobaculum neutrophilum V24Sta was remapped to 'Thermoproteus' (id=3565885)
	Methanosaeta thermophila PT was remapped to 'Methanosaetaceae' (id=3561660)
	Methanobrevibacter smithii ATCC 35061 was remapped to 'Methanobrevibacter' (id=3560733)
	Methanospirillum hungatei JF-1 was remapped to 'Methanospirillaceae' (id=3561346)
	Methanococcoides burtonii DSM 6242 was remapped to 'Methanococcoides' (id=3561581)
	Methanocaldococcus jannaschii DSM 2661 was remapped to 'Methanocaldococcaceae' (id=3565015)
	Thermoplasma volcanium GSS1 was remapped to 'Thermoplasmataceae' (id=3561816)
	Pyrobaculum arsenaticum DSM 13514 was remapped to 'Pyrobaculum' (id=3565843)
	Halorubrum lacusprofundi ATCC 49239 was remapped to 'Halorubrum' (id=3562339)
	Methanopyrus kandleri AV19 was remapped to 'Methanopyri' (id=3565088)
	Metallosphaera sedula DSM 5348 was remapped to 'Metallosphaera' (id=3565591)
	Desulfurococcus kamchatkensis was remapped to 'Desulfurococcus' (id=3565731)
	Methanothermobacter thermautotrophicus str. Delta H was remapped to 'Methanothermobacter' (id=3560891)
	Ignicoccus hospitalis KIN4/I was remapped to 'Ignicoccus' (id=3565690)
	Cenarchaeum symbiosum was remapped to 'Thaumarchaeota' (id=3565182)
	Methanococcus voltae A3 was remapped to 'Methanococcus voltae' (id=3564958)
	Candidatus Korarchaeum was remapped to 'Korarchaeota' (id=3565975)
this is the ROOT
placing root in index
Dealing with metadata property: id
Dealing with metadata property: ot:studyPublicationReference
Adding property 'ot:studyPublicationReference': Groussin M. 2011. Adaptation to Environmental Temperature is a Major Determinant of Molecular Evolutionary Rates in Archaea. Molecular Biology and Evolution, .
Dealing with metadata property: ot:focalCladeOTTTaxonName
Adding property 'ot:focalCladeOTTTaxonName': Archaea
Dealing with metadata property: ot:studyYear
Adding property 'ot:studyYear': 2011
Dealing with metadata property: ot:inGroupClade
Adding property 'ot:inGroupClade': node1097050
Dealing with metadata property: ot:branchLengthMode
Adding property 'ot:branchLengthMode': ot:substitutionCount
Dealing with metadata property: ot:curatorName
Adding property 'ot:curatorName': Dail Laughinghouse
Dealing with metadata property: ot:studyPublication
Adding property 'ot:studyPublication': http://dx.doi.org/10.1093/molbev/msr098
Dealing with metadata property: ot:focalClade
Adding property 'ot:focalClade': 996421
Dealing with metadata property: ot:curatedType
Adding property 'ot:curatedType': PAUP 1
Dealing with metadata property: ot:studyId
Adding property 'ot:studyId': 2715
Dealing with metadata property: ot:dataDeposit
Adding property 'ot:dataDeposit': http://purl.org/phylo/treebase/phylows/study/TB2:S11359
Committing nodes: 63
	adding Node[3560143] Thermococcales 517018 as compatible with Node[3560144]
		adding Relationship[8415989]
		adding to root Relationship[8415990]
	adding Node[3560141] Thermococci 921413 as compatible with Node[3560144]
		adding Relationship[8415991]
		adding to root Relationship[8415992]
	adding Node[3560731] Methanobacteriales 349564 as compatible with Node[3560732]
		adding Relationship[8415993]
		adding to root Relationship[8415994]
	adding Node[3560729] Methanobacteria 820302 as compatible with Node[3560732]
		adding Relationship[8415995]
		adding to root Relationship[8415996]
	adding Node[3561756] Thermoplasmata 921398 as compatible with Node[3561757]
		adding Relationship[8415997]
		adding to root Relationship[8415998]
	adding Node[3561906] Halobacteriales 366302 as compatible with Node[3561908]
		adding Relationship[8415999]
		adding to root Relationship[8416000]
	adding Node[3561905] Halobacteria 921404 as compatible with Node[3561908]
		adding Relationship[8416001]
		adding to root Relationship[8416002]
	adding Node[3564915] Methanococcaceae 565089 as compatible with Node[3564949]
		adding Relationship[8416003]
		adding to root Relationship[8416004]
	adding Node[3564912] Methanococci 295896 as compatible with Node[3564914]
		adding Relationship[8416005]
		adding to root Relationship[8416006]
	adding Node[3565329] Sulfolobales 98100 as compatible with Node[3565330]
		adding Relationship[8416007]
		adding to root Relationship[8416008]
	adding Node[3565322] Crenarchaeota 114216 as compatible with Node[3565327]
		adding Relationship[8416009]
		adding to root Relationship[8416010]
	adding Node[3565629] Desulfurococcales 857129 as compatible with Node[3565631]
		adding Relationship[8416011]
		adding to root Relationship[8416012]
		adding Relationship[8416013] from Node[3561906] to Node[3561905]
		adding Relationship[8416014] from Node[3560143] to Node[3560141]
		adding Relationship[8416015] from Node[3560731] to Node[3560729]
		adding Relationship[8416016] from Node[3564914] to Node[3566161]
		adding Relationship[8416017] from Node[3564914] to Node[3564912]
		adding Relationship[8416018] from Node[3564915] to Node[3564914]
