pgloadind OTUs number 123
pgloadind Processing tree @id "6006"
pgloadind   tree info number nodes 121
pgloadind   tree info number edges 120
pgloadind   tree info ingroup "node1020599"
pgloadind   Setting ingroup root node.
pgloadind   Ingested tree number of external nodes 58
pgloadind   property added ot:studyPublicationReference "Reblova M., Untereiner W., & Reblova K. 2013. Novel evolutionary lineages revealed in the Chaetothyriales (Fungi) based on multigene phylogenetic analyses and comparison of ITS secondary structure. Plos One, 8(5): e63547."
pgloadind   property added ot:curatorName "Romina Gazis"
pgloadind   property added ot:dataDeposit "http://purl.org/phylo/treebase/phylows/study/TB2:S13812"
pgloadind   property added ot:studyId "2590"
pgloadind   property added ot:studyYear "2013"
pgloadind   property added ot:focalClade "537959"
pgloadind   property added ot:focalCladeOTTTaxonName "Chaetothyriales"
pgloadind   property added ot:tag "ML"
pgloadind   property added ot:tag "ITS"
pgloadind   property added ot:tag "b-tub"
pgloadind   property added ot:inGroupClade "node1020599"
pgloadind   property added ot:tag "ML"
pgloadind   property added ot:tag "ITS"
pgloadind   property added ot:tag "Choose me"
pgloadind   property added ot:curatedType "ML, ITS"
pgloadind Processing tree @id "6007"
pgloadind   tree info number nodes 131
pgloadind   tree info number edges 130
pgloadind   tree info ingroup "node1020736"
pgloadind   Setting ingroup root node.
pgloadind   Ingested tree number of external nodes 56
pgloadind   property added ot:studyPublicationReference "Reblova M., Untereiner W., & Reblova K. 2013. Novel evolutionary lineages revealed in the Chaetothyriales (Fungi) based on multigene phylogenetic analyses and comparison of ITS secondary structure. Plos One, 8(5): e63547."
pgloadind   property added ot:curatorName "Romina Gazis"
pgloadind   property added ot:dataDeposit "http://purl.org/phylo/treebase/phylows/study/TB2:S13812"
pgloadind   property added ot:studyId "2590"
pgloadind   property added ot:studyYear "2013"
pgloadind   property added ot:focalClade "537959"
pgloadind   property added ot:focalCladeOTTTaxonName "Chaetothyriales"
pgloadind   property added ot:tag "ML"
pgloadind   property added ot:tag "ITS"
pgloadind   property added ot:tag "b-tub"
pgloadind   property added ot:inGroupClade "node1020736"
pgloadind   property added ot:tag "ML"
pgloadind   property added ot:tag "ITS"
pgloadind   property added ot:tag "b-tub"
pgloadind   property added ot:curatedType "ML, ITS + b-tubulin"
loading a specific tree: 6007
skipping tree: 6006
pgloadind conducting TNRS on trees
pgloadind   name fixing on tree tree id "6007"
pgloadind     OTT ID missing name "Knufia endospora UAMH 10396" nexsonid "node1020814"
pgloadind     OTT ID missing name "Knufia cryptophialidica DAOM 216555" nexsonid "node1020815"
pgloadind     OTT ID missing name "Capronia peltigerae UAMH 11090" nexsonid "node1020816"
pgloadind     OTT ID missing name "Knufia epidermidis CBS 120353" nexsonid "node1020817"
pgloadind     OTT ID missing name "Knufia perforans CBS 885 95" nexsonid "node1020819"
pgloadind     OTT ID missing name "Knufia chersonesos IMI 389175" nexsonid "node1020821"
pgloadind     OTT ID missing name "Phaeosaccardinula fici MFLU 10 0080" nexsonid "node1020845"
pgloadind     OTT ID missing name "Chaetothyrium brischofiicola MFLU 10 0083" nexsonid "node1020846"
pgloadind   TNRS unmatched total number 8
pgloadind     pruning unmapped name "Knufia epidermidis CBS 120353" nexsonid "node1020817"
pgloadind     pruning unmapped name "Phaeosaccardinula fici MFLU 10 0080" nexsonid "node1020845"
pgloadind     pruning unmapped name "Knufia endospora UAMH 10396" nexsonid "node1020814"
pgloadind     pruning unmapped name "Knufia chersonesos IMI 389175" nexsonid "node1020821"
pgloadind     pruning unmapped name "Knufia perforans CBS 885 95" nexsonid "node1020819"
pgloadind     pruning unmapped name "Knufia cryptophialidica DAOM 216555" nexsonid "node1020815"
pgloadind     pruning unmapped name "Chaetothyrium brischofiicola MFLU 10 0083" nexsonid "node1020846"
pgloadind     pruning unmapped name "Capronia peltigerae UAMH 11090" nexsonid "node1020816"
pgloadind     OTT ID reused in tree
pgloadind       duplicate name "Cyphellophora oxyspora" nexsonid "node1020741"
pgloadind       duplicate OTT ID 817996
pgloadind     OTT ID reused in tree
pgloadind       duplicate name "Cyphellophora vermispora" nexsonid "node1020754"
pgloadind       duplicate OTT ID 394949
pgloadind     OTT ID reused in tree
pgloadind       duplicate name "Cyphellophora vermispora" nexsonid "node1020755"
pgloadind       duplicate OTT ID 394949
pgloadind     OTT ID reused in tree
pgloadind       duplicate name "Cyphellophora europaea" nexsonid "node1020760"
pgloadind       duplicate OTT ID 794420
pgloadind     OTT ID reused in tree
pgloadind       duplicate name "Cyphellophora europaea" nexsonid "node1020761"
pgloadind       duplicate OTT ID 794420
pgloadind     OTT ID reused in tree
pgloadind       duplicate name "Cyphellophora reptans" nexsonid "node1020766"
pgloadind       duplicate OTT ID 219757
pgloadind     OTT ID reused in tree
pgloadind       duplicate name "Cyphellophora reptans" nexsonid "node1020768"
pgloadind       duplicate OTT ID 219757
pgloadind     OTT ID reused in tree
pgloadind       duplicate name "Cyphellophora reptans" nexsonid "node1020769"
pgloadind       duplicate OTT ID 219757
pgloadind     OTT ID reused in tree
pgloadind       duplicate name "Cyphellophora olivacea" nexsonid "node1020773"
pgloadind       duplicate OTT ID 794419
pgloadind     OTT ID reused in tree
pgloadind       duplicate name "Cyphellophora guyanensis" nexsonid "node1020779"
pgloadind       duplicate OTT ID 406348
pgloadind     OTT ID reused in tree
pgloadind       duplicate name "Cyphellophora guyanensis" nexsonid "node1020781"
pgloadind       duplicate OTT ID 406348
pgloadind     OTT ID reused in tree
pgloadind       duplicate name "Cyphellophora guyanensis" nexsonid "node1020783"
pgloadind       duplicate OTT ID 406348
pgloadind     OTT ID reused in tree
pgloadind       duplicate name "Cyphellophora sessilis" nexsonid "node1020789"
pgloadind       duplicate OTT ID 219756
pgloadind     OTT ID reused in tree
pgloadind       duplicate name "Trichomerium foliicola" nexsonid "node1020807"
pgloadind       duplicate OTT ID 946933
pgloadind     OTT ID reused in tree
pgloadind       duplicate name "Trichomerium foliicola" nexsonid "node1020809"
pgloadind       duplicate OTT ID 946933
pgloadind     OTT ID reused in tree
pgloadind       duplicate name "Exophiala eucalyptorum" nexsonid "node1020839"
pgloadind       duplicate OTT ID 712633
pgloadind     OTT ID reused in tree
pgloadind       duplicate name "Kazulia vagans" nexsonid "node1020844"
pgloadind       duplicate OTT ID 5310485
pgloadind     pruning dups and overlapping name "Exophiala eucalyptorum" nexsonid "node1020839"
pgloadind     pruning dups and overlapping name "Cyphellophora europaea" nexsonid "node1020760"
pgloadind     pruning dups and overlapping name "Cyphellophora vermispora" nexsonid "node1020755"
pgloadind     pruning dups and overlapping name "Cyphellophora olivacea" nexsonid "node1020773"
pgloadind     pruning dups and overlapping name "Cyphellophora reptans" nexsonid "node1020766"
pgloadind     pruning dups and overlapping name "Cyphellophora reptans" nexsonid "node1020769"
pgloadind     pruning dups and overlapping name "Cyphellophora sessilis" nexsonid "node1020789"
pgloadind     pruning dups and overlapping name "Kazulia vagans" nexsonid "node1020844"
pgloadind     pruning dups and overlapping name "Cyphellophora vermispora" nexsonid "node1020754"
pgloadind     pruning dups and overlapping name "Cyphellophora guyanensis" nexsonid "node1020779"
pgloadind     pruning dups and overlapping name "Cyphellophora guyanensis" nexsonid "node1020783"
pgloadind     pruning dups and overlapping name "Cyphellophora oxyspora" nexsonid "node1020741"
pgloadind     pruning dups and overlapping name "Trichomerium foliicola" nexsonid "node1020807"
pgloadind     pruning dups and overlapping name "Cyphellophora reptans" nexsonid "node1020768"
pgloadind     pruning dups and overlapping name "Trichomerium foliicola" nexsonid "node1020809"
pgloadind     pruning dups and overlapping name "Cyphellophora guyanensis" nexsonid "node1020781"
pgloadind     pruning dups and overlapping name "Cyphellophora europaea" nexsonid "node1020761"
pgloadind   postpruning newick tree "((((((Cyphellophora_pauciseptata,Cyphellophora_fusarioides),(Pseudomicrodochium_suttonii,(Cyphellophora_laciniata,Cyphellophora_vermispora))),((((((Cyphellophora_guyanensis,Cyphellophora_eucalypti),Phialophora_intermedia),Cyphellophora_pluriseptata),Cyphellophora_olivacea),Cyphellophora_reptans),Cyphellophora_europaea)),Cyphellophora_oxyspora),Cyphellophora_sessilis),((Brycekendrickomyces_acaciae,(Pseudocladosporium_proteae,((Exophiala_placitae,Phaeococcomyces_catenatus),(((Trichomerium_deniqulatum,(Trichomerium_foliicola,Trichomerium_gleosporum)),Glyphium_elatum),(Metulocladosporiella_musicola,Metulocladosporiella_musae))))),((Ceramothyrium_thailandicum,(Ceramothyrium_linnaeae,Ceramothyrium_carniolicum)),((Cyphellophora_eugeniae,(Cyphellophora_hylomeconis,Exophiala_eucalyptorum)),Kazulia_vagans))))"
pgloadind   taxon mapping summary
pgloadind     taxon mapping OTT ID 626807 taxonomy "Cyphellophora pauciseptata->Cyphellophora->Chaetothyriaceae->Chaetothyriales->Chaetothyriomycetidae->Eurotiomycetes->Leotiomyceta->Pezizomycotina->saccharomyceta->Ascomycota->Dikarya->Fungi->Nucletmycea->Opisthokonta->Eukaryota->cellular organisms->life" nexsonid "node1020745"
pgloadind     taxon mapping OTT ID 406350 taxonomy "Cyphellophora fusarioides->Cyphellophora->Chaetothyriaceae->Chaetothyriales->Chaetothyriomycetidae->Eurotiomycetes->Leotiomyceta->Pezizomycotina->saccharomyceta->Ascomycota->Dikarya->Fungi->Nucletmycea->Opisthokonta->Eukaryota->cellular organisms->life" nexsonid "node1020746"
pgloadind     taxon mapping OTT ID 5308841 taxonomy "Pseudomicrodochium suttonii->Pseudomicrodochium->Hypocreales->Hypocreomycetidae->Sordariomycetes->Sordariomyceta->Leotiomyceta->Pezizomycotina->saccharomyceta->Ascomycota->Dikarya->Fungi->Nucletmycea->Opisthokonta->Eukaryota->cellular organisms->life" nexsonid "node1020748"
pgloadind     taxon mapping OTT ID 1024674 taxonomy "Cyphellophora laciniata->Cyphellophora->Chaetothyriaceae->Chaetothyriales->Chaetothyriomycetidae->Eurotiomycetes->Leotiomyceta->Pezizomycotina->saccharomyceta->Ascomycota->Dikarya->Fungi->Nucletmycea->Opisthokonta->Eukaryota->cellular organisms->life" nexsonid "node1020750"
pgloadind     taxon mapping OTT ID 394949 taxonomy "Cyphellophora vermispora->Cyphellophora->Chaetothyriaceae->Chaetothyriales->Chaetothyriomycetidae->Eurotiomycetes->Leotiomyceta->Pezizomycotina->saccharomyceta->Ascomycota->Dikarya->Fungi->Nucletmycea->Opisthokonta->Eukaryota->cellular organisms->life" nexsonid "node1020753"
pgloadind     taxon mapping OTT ID 406348 taxonomy "Cyphellophora guyanensis->Cyphellophora->Chaetothyriaceae->Chaetothyriales->Chaetothyriomycetidae->Eurotiomycetes->Leotiomyceta->Pezizomycotina->saccharomyceta->Ascomycota->Dikarya->Fungi->Nucletmycea->Opisthokonta->Eukaryota->cellular organisms->life" nexsonid "node1020777"
pgloadind     taxon mapping OTT ID 758273 taxonomy "Cyphellophora eucalypti->Cyphellophora->Chaetothyriaceae->Chaetothyriales->Chaetothyriomycetidae->Eurotiomycetes->Leotiomyceta->Pezizomycotina->saccharomyceta->Ascomycota->Dikarya->Fungi->Nucletmycea->Opisthokonta->Eukaryota->cellular organisms->life" nexsonid "node1020784"
pgloadind     taxon mapping OTT ID 743428 taxonomy "Phialophora intermedia->Phialophora->Herpotrichiellaceae->Chaetothyriales->Chaetothyriomycetidae->Eurotiomycetes->Leotiomyceta->Pezizomycotina->saccharomyceta->Ascomycota->Dikarya->Fungi->Nucletmycea->Opisthokonta->Eukaryota->cellular organisms->life" nexsonid "node1020785"
pgloadind     taxon mapping OTT ID 406346 taxonomy "Cyphellophora pluriseptata->Cyphellophora->Chaetothyriaceae->Chaetothyriales->Chaetothyriomycetidae->Eurotiomycetes->Leotiomyceta->Pezizomycotina->saccharomyceta->Ascomycota->Dikarya->Fungi->Nucletmycea->Opisthokonta->Eukaryota->cellular organisms->life" nexsonid "node1020786"
pgloadind     taxon mapping OTT ID 794419 taxonomy "Cyphellophora olivacea->Cyphellophora->Chaetothyriaceae->Chaetothyriales->Chaetothyriomycetidae->Eurotiomycetes->Leotiomyceta->Pezizomycotina->saccharomyceta->Ascomycota->Dikarya->Fungi->Nucletmycea->Opisthokonta->Eukaryota->cellular organisms->life" nexsonid "node1020772"
pgloadind     taxon mapping OTT ID 219757 taxonomy "Cyphellophora reptans->Cyphellophora->Chaetothyriaceae->Chaetothyriales->Chaetothyriomycetidae->Eurotiomycetes->Leotiomyceta->Pezizomycotina->saccharomyceta->Ascomycota->Dikarya->Fungi->Nucletmycea->Opisthokonta->Eukaryota->cellular organisms->life" nexsonid "node1020764"
pgloadind     taxon mapping OTT ID 794420 taxonomy "Cyphellophora europaea->Cyphellophora->Chaetothyriaceae->Chaetothyriales->Chaetothyriomycetidae->Eurotiomycetes->Leotiomyceta->Pezizomycotina->saccharomyceta->Ascomycota->Dikarya->Fungi->Nucletmycea->Opisthokonta->Eukaryota->cellular organisms->life" nexsonid "node1020758"
pgloadind     taxon mapping OTT ID 817996 taxonomy "Cyphellophora oxyspora->Cyphellophora->Chaetothyriaceae->Chaetothyriales->Chaetothyriomycetidae->Eurotiomycetes->Leotiomyceta->Pezizomycotina->saccharomyceta->Ascomycota->Dikarya->Fungi->Nucletmycea->Opisthokonta->Eukaryota->cellular organisms->life" nexsonid "node1020740"
pgloadind     taxon mapping OTT ID 219756 taxonomy "Cyphellophora sessilis->Cyphellophora->Chaetothyriaceae->Chaetothyriales->Chaetothyriomycetidae->Eurotiomycetes->Leotiomyceta->Pezizomycotina->saccharomyceta->Ascomycota->Dikarya->Fungi->Nucletmycea->Opisthokonta->Eukaryota->cellular organisms->life" nexsonid "node1020788"
pgloadind     taxon mapping OTT ID 960166 taxonomy "Brycekendrickomyces acaciae->Brycekendrickomyces->Herpotrichiellaceae->Chaetothyriales->Chaetothyriomycetidae->Eurotiomycetes->Leotiomyceta->Pezizomycotina->saccharomyceta->Ascomycota->Dikarya->Fungi->Nucletmycea->Opisthokonta->Eukaryota->cellular organisms->life" nexsonid "node1020792"
pgloadind     taxon mapping OTT ID 712643 taxonomy "Pseudocladosporium proteae->Pseudocladosporium->Venturiaceae->Pleosporales->Pleosporomycetidae->Dothideomycetes->Dothideomyceta->Leotiomyceta->Pezizomycotina->saccharomyceta->Ascomycota->Dikarya->Fungi->Nucletmycea->Opisthokonta->Eukaryota->cellular organisms->life" nexsonid "node1020794"
pgloadind     taxon mapping OTT ID 597601 taxonomy "Exophiala placitae->Exophiala->Herpotrichiellaceae->Chaetothyriales->Chaetothyriomycetidae->Eurotiomycetes->Leotiomyceta->Pezizomycotina->saccharomyceta->Ascomycota->Dikarya->Fungi->Nucletmycea->Opisthokonta->Eukaryota->cellular organisms->life" nexsonid "node1020797"
pgloadind     taxon mapping OTT ID 274727 taxonomy "Phaeococcomyces catenatus->Phaeococcomyces->Herpotrichiellaceae->Chaetothyriales->Chaetothyriomycetidae->Eurotiomycetes->Leotiomyceta->Pezizomycotina->saccharomyceta->Ascomycota->Dikarya->Fungi->Nucletmycea->Opisthokonta->Eukaryota->cellular organisms->life" nexsonid "node1020798"
pgloadind     taxon mapping OTT ID 185697 taxonomy "Trichomerium deniqulatum->Phragmocapnias->Capnodiaceae->Capnodiales->Dothideomycetidae->Dothideomycetes->Dothideomyceta->Leotiomyceta->Pezizomycotina->saccharomyceta->Ascomycota->Dikarya->Fungi->Nucletmycea->Opisthokonta->Eukaryota->cellular organisms->life" nexsonid "node1020802"
pgloadind     taxon mapping OTT ID 946933 taxonomy "Trichomerium foliicola->Phragmocapnias->Capnodiaceae->Capnodiales->Dothideomycetidae->Dothideomycetes->Dothideomyceta->Leotiomyceta->Pezizomycotina->saccharomyceta->Ascomycota->Dikarya->Fungi->Nucletmycea->Opisthokonta->Eukaryota->cellular organisms->life" nexsonid "node1020804"
pgloadind     taxon mapping OTT ID 946930 taxonomy "Trichomerium gleosporum->Phragmocapnias->Capnodiaceae->Capnodiales->Dothideomycetidae->Dothideomycetes->Dothideomyceta->Leotiomyceta->Pezizomycotina->saccharomyceta->Ascomycota->Dikarya->Fungi->Nucletmycea->Opisthokonta->Eukaryota->cellular organisms->life" nexsonid "node1020808"
pgloadind     taxon mapping OTT ID 637304 taxonomy "Glyphium elatum->Glyphium->Mytilinidiaceae->Pleosporales->Pleosporomycetidae->Dothideomycetes->Dothideomyceta->Leotiomyceta->Pezizomycotina->saccharomyceta->Ascomycota->Dikarya->Fungi->Nucletmycea->Opisthokonta->Eukaryota->cellular organisms->life" nexsonid "node1020822"
pgloadind     taxon mapping OTT ID 27395 taxonomy "Metulocladosporiella musicola->Metulocladosporiella->Herpotrichiellaceae->Chaetothyriales->Chaetothyriomycetidae->Eurotiomycetes->Leotiomyceta->Pezizomycotina->saccharomyceta->Ascomycota->Dikarya->Fungi->Nucletmycea->Opisthokonta->Eukaryota->cellular organisms->life" nexsonid "node1020824"
pgloadind     taxon mapping OTT ID 27393 taxonomy "Metulocladosporiella musae->Metulocladosporiella->Herpotrichiellaceae->Chaetothyriales->Chaetothyriomycetidae->Eurotiomycetes->Leotiomyceta->Pezizomycotina->saccharomyceta->Ascomycota->Dikarya->Fungi->Nucletmycea->Opisthokonta->Eukaryota->cellular organisms->life" nexsonid "node1020825"
pgloadind     taxon mapping OTT ID 1018894 taxonomy "Ceramothyrium thailandicum->Ceramothyrium->Chaetothyriaceae->Chaetothyriales->Chaetothyriomycetidae->Eurotiomycetes->Leotiomyceta->Pezizomycotina->saccharomyceta->Ascomycota->Dikarya->Fungi->Nucletmycea->Opisthokonta->Eukaryota->cellular organisms->life" nexsonid "node1020829"
pgloadind     taxon mapping OTT ID 135193 taxonomy "Ceramothyrium linnaeae->Ceramothyrium->Chaetothyriaceae->Chaetothyriales->Chaetothyriomycetidae->Eurotiomycetes->Leotiomyceta->Pezizomycotina->saccharomyceta->Ascomycota->Dikarya->Fungi->Nucletmycea->Opisthokonta->Eukaryota->cellular organisms->life" nexsonid "node1020831"
pgloadind     taxon mapping OTT ID 597882 taxonomy "Ceramothyrium carniolicum->Ceramothyrium->Chaetothyriaceae->Chaetothyriales->Chaetothyriomycetidae->Eurotiomycetes->Leotiomyceta->Pezizomycotina->saccharomyceta->Ascomycota->Dikarya->Fungi->Nucletmycea->Opisthokonta->Eukaryota->cellular organisms->life" nexsonid "node1020832"
pgloadind     taxon mapping OTT ID 960160 taxonomy "Cyphellophora eugeniae->Cyphellophora->Chaetothyriaceae->Chaetothyriales->Chaetothyriomycetidae->Eurotiomycetes->Leotiomyceta->Pezizomycotina->saccharomyceta->Ascomycota->Dikarya->Fungi->Nucletmycea->Opisthokonta->Eukaryota->cellular organisms->life" nexsonid "node1020835"
pgloadind     taxon mapping OTT ID 34364 taxonomy "Cyphellophora hylomeconis->Cyphellophora->Chaetothyriaceae->Chaetothyriales->Chaetothyriomycetidae->Eurotiomycetes->Leotiomyceta->Pezizomycotina->saccharomyceta->Ascomycota->Dikarya->Fungi->Nucletmycea->Opisthokonta->Eukaryota->cellular organisms->life" nexsonid "node1020840"
pgloadind     taxon mapping OTT ID 712633 taxonomy "Exophiala eucalyptorum->Exophiala->Herpotrichiellaceae->Chaetothyriales->Chaetothyriomycetidae->Eurotiomycetes->Leotiomyceta->Pezizomycotina->saccharomyceta->Ascomycota->Dikarya->Fungi->Nucletmycea->Opisthokonta->Eukaryota->cellular organisms->life" nexsonid "node1020838"
pgloadind     taxon mapping OTT ID 5310485 taxonomy "Kazulia vagans->Kazulia->Chaetothyriaceae->Chaetothyriales->Chaetothyriomycetidae->Eurotiomycetes->Leotiomyceta->Pezizomycotina->saccharomyceta->Ascomycota->Dikarya->Fungi->Nucletmycea->Opisthokonta->Eukaryota->cellular organisms->life" nexsonid "node1020843"
done fixing name
pgloadind Finished with attempts to fix names
pgloadind   Checking for uniqueness of OTT IDs tree id "6007"
pgloadind   Adding tree to graph tree id "6007"
all trees have all taxa: false
	using bipartition technique
attempting to remap tips to deepest exemplified taxa
	Kazulia vagans was remapped to 'Kazulia' (id=94291)
	Brycekendrickomyces acaciae was remapped to 'Brycekendrickomyces' (id=95341)
	Glyphium elatum was remapped to 'Mytilinidiaceae' (id=114252)
	Phialophora intermedia was remapped to 'Phialophora' (id=95055)
	Phaeococcomyces catenatus was remapped to 'Phaeococcomyces' (id=95035)
	Pseudomicrodochium suttonii was remapped to 'Sordariomyceta' (id=835)
	Pseudocladosporium proteae was remapped to 'Venturiaceae' (id=115288)
this is the ROOT
placing root in index
Dealing with metadata property: id
Dealing with metadata property: ot:studyPublicationReference
Adding property 'ot:studyPublicationReference': Reblova M., Untereiner W., & Reblova K. 2013. Novel evolutionary lineages revealed in the Chaetothyriales (Fungi) based on multigene phylogenetic analyses and comparison of ITS secondary structure. Plos One, 8(5): e63547.
Dealing with metadata property: ot:focalCladeOTTTaxonName
Adding property 'ot:focalCladeOTTTaxonName': Chaetothyriales
Dealing with metadata property: ot:studyYear
Adding property 'ot:studyYear': 2013
Dealing with metadata property: ot:inGroupClade
Adding property 'ot:inGroupClade': node1020736
Dealing with metadata property: ot:tag
Adding property 'ot:tag': b-tub
Dealing with metadata property: ot:curatorName
Adding property 'ot:curatorName': Romina Gazis
Dealing with metadata property: ot:focalClade
Adding property 'ot:focalClade': 537959
Dealing with metadata property: ot:curatedType
Adding property 'ot:curatedType': ML, ITS + b-tubulin
Dealing with metadata property: ot:studyId
Adding property 'ot:studyId': 2590
Dealing with metadata property: ot:dataDeposit
Adding property 'ot:dataDeposit': http://purl.org/phylo/treebase/phylows/study/TB2:S13812
Committing nodes: 61
	adding Node[141800] Capnodiaceae 920434 as compatible with Node[142176]
		adding Relationship[8415994]
		adding to root Relationship[8415995]
	adding Node[139458] Capnodiales 208367 as compatible with Node[142176]
		adding Relationship[8415996]
		adding to root Relationship[8415997]
	adding Node[139457] Dothideomycetidae 641537 as compatible with Node[142176]
		adding Relationship[8415998]
		adding to root Relationship[8415999]
		adding Relationship[8416000] from Node[141800] to Node[139458]
		adding Relationship[8416001] from Node[139458] to Node[139457]
