pgloadind OTUs number 43
pgloadind Processing tree @id "1322"
pgloadind   tree info number nodes 84
pgloadind   tree info number edges 83
pgloadind   tree info ingroup "node439274"
pgloadind   Setting ingroup root node.
pgloadind   Ingested tree number of external nodes 41
pgloadind   property added ot:studyPublicationReference "Lumbsch H., Schmitt I., Dring H., & Wedin M. 2001. Molecular systematics supports the recognition of an additional order of Ascomycota: the Agyriales. Mycological Research, 105(1): 16-23."
pgloadind   property added ot:studyPublication "http://dx.doi.org/10.1017/S095375620000321X"
pgloadind   property added ot:curatorName "Romina Gazis"
pgloadind   property added ot:dataDeposit "http://purl.org/phylo/treebase/phylows/study/TB2:S651"
pgloadind   property added ot:studyId "732"
pgloadind   property added ot:studyYear "2001"
pgloadind   property added ot:focalClade "188952"
pgloadind   property added ot:focalCladeOTTTaxonName "Agyriales"
pgloadind   property added ot:inGroupClade "node439274"
pgloadind   property added ot:curatedType "MP, SSU"
pgloadind Processing tree @id "1323"
pgloadind   tree info number nodes 79
pgloadind   tree info number edges 78
pgloadind   tree info ingroup "node439358"
pgloadind   Setting ingroup root node.
pgloadind   Ingested tree number of external nodes 41
pgloadind   property added ot:studyPublicationReference "Lumbsch H., Schmitt I., Dring H., & Wedin M. 2001. Molecular systematics supports the recognition of an additional order of Ascomycota: the Agyriales. Mycological Research, 105(1): 16-23."
pgloadind   property added ot:studyPublication "http://dx.doi.org/10.1017/S095375620000321X"
pgloadind   property added ot:curatorName "Romina Gazis"
pgloadind   property added ot:dataDeposit "http://purl.org/phylo/treebase/phylows/study/TB2:S651"
pgloadind   property added ot:studyId "732"
pgloadind   property added ot:studyYear "2001"
pgloadind   property added ot:focalClade "188952"
pgloadind   property added ot:focalCladeOTTTaxonName "Agyriales"
pgloadind   property added ot:inGroupClade "node439358"
pgloadind   property added ot:curatedType "MP, SSU"
loading a specific tree: 1323
skipping tree: 1322
pgloadind conducting TNRS on trees
pgloadind   name fixing on tree tree id "1323"
pgloadind     OTT ID missing name "Lophiostoma crenatum" nexsonid "node439373"
pgloadind     OTT ID missing name "Diploschistes ocellatus var. almeriensis" nexsonid "node439411"
pgloadind   TNRS unmatched total number 0
pgloadind     TNRS resolved ottId OTT ID 736050 name "Diploschistes ocellatus var. almeriensis" searched on "Diploschistes ocellatus var. almeriensis" nexsonid "node439411"
pgloadind     TNRS resolved ottId OTT ID 659808 name "Lophiostoma crenatum" searched on "Lophiostoma crenatum" nexsonid "node439373"
pgloadind     overlapping tips
pgloadind       overlapping retained name "Diploschistes ocellatus var. almeriensis" nexsonid "node439411"
pgloadind       overlapping pruned name "Diploschistes ocellatus" nexsonid "node439412"
pgloadind     pruning dups and overlapping name "Diploschistes ocellatus" nexsonid "node439412"
pgloadind   postpruning newick tree "(Tuber_melanosporum,Helvella_lacunosa,((Leotia_lubrica,(Cyttaria_darwinii,(Spathularia_flavida,Rhytisma_salicinum))),((((Lophiostoma_crenatum,Sporormia_lignicola),(Pleospora_herbarum,Phaeosphaeria_nodorum)),((Sordaria_fimicola,(Diatrype_disciformis,Hypomyces_chrysospermus)),(Lecanactis_abietina,(Arthonia_radiata,Lithographa_graphidioides)))),(((Chaenothecopsis_savonica,Sphinctrina_turbinata),((Capronia_mansonii,Fonsecaea_pedrosoi),(Eremascus_albus,(Paecilomyces_niveus,Aspergillus_ruber)))),((Lasallia_rossica,Umbilicaria_subglabra),((Pertusaria_trachythallina,Diploschistes_ocellatus_var_almeriensis),(Anamylopsora_pulcherrima,(Placopsis_gelida,(Trapelia_involuta,Trapelia_placodioides))))),(Thelomma_mammosum,Nephroma_arcticum,Porpidia_crustulata,((Thamnolia_vermicularis,(Siphula_ceratites,Dibaeis_baeomyces)),(Lecanora_dispersa,Stereocaulon_ramulosum,Sphaerophorus_globosus)))))))"
pgloadind   taxon mapping summary
pgloadind     taxon mapping OTT ID 376066 taxonomy "Tuber melanosporum->Tuber->Tuberaceae->Pezizales->Pezizomycetidae->Pezizomycetes->Pezizomycotina->saccharomyceta->Ascomycota->Dikarya->Fungi->Nucletmycea->Opisthokonta->Eukaryota->cellular organisms->life" nexsonid "node439359"
pgloadind     taxon mapping OTT ID 6917 taxonomy "Helvella lacunosa->Helvella->Helvellaceae->Pezizales->Pezizomycetidae->Pezizomycetes->Pezizomycotina->saccharomyceta->Ascomycota->Dikarya->Fungi->Nucletmycea->Opisthokonta->Eukaryota->cellular organisms->life" nexsonid "node439360"
pgloadind     taxon mapping OTT ID 339442 taxonomy "Leotia lubrica->Leotia->Leotiaceae->Leotiales->Leotiomycetes->Sordariomyceta->Leotiomyceta->Pezizomycotina->saccharomyceta->Ascomycota->Dikarya->Fungi->Nucletmycea->Opisthokonta->Eukaryota->cellular organisms->life" nexsonid "node439363"
pgloadind     taxon mapping OTT ID 68614 taxonomy "Cyttaria darwinii->Cyttaria->Cyttariaceae->Cyttariales->Leotiomycetes->Sordariomyceta->Leotiomyceta->Pezizomycotina->saccharomyceta->Ascomycota->Dikarya->Fungi->Nucletmycea->Opisthokonta->Eukaryota->cellular organisms->life" nexsonid "node439365"
pgloadind     taxon mapping OTT ID 332571 taxonomy "Spathularia flavida->Spathularia->Cudoniaceae->Rhytismatales->Leotiomycetes->Sordariomyceta->Leotiomyceta->Pezizomycotina->saccharomyceta->Ascomycota->Dikarya->Fungi->Nucletmycea->Opisthokonta->Eukaryota->cellular organisms->life" nexsonid "node439367"
pgloadind     taxon mapping OTT ID 68629 taxonomy "Rhytisma salicinum->Rhytisma->Rhytismataceae->Rhytismatales->Leotiomycetes->Sordariomyceta->Leotiomyceta->Pezizomycotina->saccharomyceta->Ascomycota->Dikarya->Fungi->Nucletmycea->Opisthokonta->Eukaryota->cellular organisms->life" nexsonid "node439368"
pgloadind     taxon mapping OTT ID 659808 taxonomy "Lophiostoma crenatum->Lophiostoma->Lophiostomataceae->Pleosporales->Pleosporomycetidae->Dothideomycetes->Dothideomyceta->Leotiomyceta->Pezizomycotina->saccharomyceta->Ascomycota->Dikarya->Fungi->Nucletmycea->Opisthokonta->Eukaryota->cellular organisms->life" nexsonid "node439373"
pgloadind     taxon mapping OTT ID 204749 taxonomy "Sporormia lignicola->Sporormia->Sporormiaceae->Pleosporales->Pleosporomycetidae->Dothideomycetes->Dothideomyceta->Leotiomyceta->Pezizomycotina->saccharomyceta->Ascomycota->Dikarya->Fungi->Nucletmycea->Opisthokonta->Eukaryota->cellular organisms->life" nexsonid "node439374"
pgloadind     taxon mapping OTT ID 282723 taxonomy "Pleospora herbarum->Pleospora->Pleosporaceae->Pleosporineae->Pleosporales->Pleosporomycetidae->Dothideomycetes->Dothideomyceta->Leotiomyceta->Pezizomycotina->saccharomyceta->Ascomycota->Dikarya->Fungi->Nucletmycea->Opisthokonta->Eukaryota->cellular organisms->life" nexsonid "node439376"
pgloadind     taxon mapping OTT ID 562295 taxonomy "Phaeosphaeria nodorum->Phaeosphaeria->Phaeosphaeriaceae->Pleosporineae->Pleosporales->Pleosporomycetidae->Dothideomycetes->Dothideomyceta->Leotiomyceta->Pezizomycotina->saccharomyceta->Ascomycota->Dikarya->Fungi->Nucletmycea->Opisthokonta->Eukaryota->cellular organisms->life" nexsonid "node439377"
pgloadind     taxon mapping OTT ID 615465 taxonomy "Sordaria fimicola->Sordaria->Sordariaceae->Sordariales->Sordariomycetidae->Sordariomycetes->Sordariomyceta->Leotiomyceta->Pezizomycotina->saccharomyceta->Ascomycota->Dikarya->Fungi->Nucletmycea->Opisthokonta->Eukaryota->cellular organisms->life" nexsonid "node439380"
pgloadind     taxon mapping OTT ID 183727 taxonomy "Diatrype disciformis->Diatrype->Diatrypaceae->Xylariales->Xylariomycetidae->Sordariomycetes->Sordariomyceta->Leotiomyceta->Pezizomycotina->saccharomyceta->Ascomycota->Dikarya->Fungi->Nucletmycea->Opisthokonta->Eukaryota->cellular organisms->life" nexsonid "node439382"
pgloadind     taxon mapping OTT ID 915766 taxonomy "Hypomyces chrysospermus->Hypomyces->Hypocreaceae->Hypocreales->Hypocreomycetidae->Sordariomycetes->Sordariomyceta->Leotiomyceta->Pezizomycotina->saccharomyceta->Ascomycota->Dikarya->Fungi->Nucletmycea->Opisthokonta->Eukaryota->cellular organisms->life" nexsonid "node439383"
pgloadind     taxon mapping OTT ID 205656 taxonomy "Lecanactis abietina->Lecanactis->Roccellaceae->Arthoniales->Arthoniomycetidae->Arthoniomycetes->Dothideomyceta->Leotiomyceta->Pezizomycotina->saccharomyceta->Ascomycota->Dikarya->Fungi->Nucletmycea->Opisthokonta->Eukaryota->cellular organisms->life" nexsonid "node439385"
pgloadind     taxon mapping OTT ID 542178 taxonomy "Arthonia radiata->Arthonia->Arthoniaceae->Arthoniales->Arthoniomycetidae->Arthoniomycetes->Dothideomyceta->Leotiomyceta->Pezizomycotina->saccharomyceta->Ascomycota->Dikarya->Fungi->Nucletmycea->Opisthokonta->Eukaryota->cellular organisms->life" nexsonid "node439387"
pgloadind     taxon mapping OTT ID 5315661 taxonomy "Lithographa graphidioides->Lithographa->Trapeliaceae->Agyriales->Ostropomycetidae->Lecanoromycetes->Leotiomyceta->Pezizomycotina->saccharomyceta->Ascomycota->Dikarya->Fungi->Nucletmycea->Opisthokonta->Eukaryota->cellular organisms->life" nexsonid "node439388"
pgloadind     taxon mapping OTT ID 641927 taxonomy "Chaenothecopsis savonica->Chaenothecopsis->Mycocaliciaceae->Mycocaliciales->Mycocaliciomycetidae->Eurotiomycetes->Leotiomyceta->Pezizomycotina->saccharomyceta->Ascomycota->Dikarya->Fungi->Nucletmycea->Opisthokonta->Eukaryota->cellular organisms->life" nexsonid "node439392"
pgloadind     taxon mapping OTT ID 344366 taxonomy "Sphinctrina turbinata->Sphinctrina->Sphinctrinaceae->Mycocaliciales->Mycocaliciomycetidae->Eurotiomycetes->Leotiomyceta->Pezizomycotina->saccharomyceta->Ascomycota->Dikarya->Fungi->Nucletmycea->Opisthokonta->Eukaryota->cellular organisms->life" nexsonid "node439393"
pgloadind     taxon mapping OTT ID 425085 taxonomy "Capronia mansonii->Capronia->Herpotrichiellaceae->Chaetothyriales->Chaetothyriomycetidae->Eurotiomycetes->Leotiomyceta->Pezizomycotina->saccharomyceta->Ascomycota->Dikarya->Fungi->Nucletmycea->Opisthokonta->Eukaryota->cellular organisms->life" nexsonid "node439396"
pgloadind     taxon mapping OTT ID 64522 taxonomy "Fonsecaea pedrosoi->Fonsecaea->Herpotrichiellaceae->Chaetothyriales->Chaetothyriomycetidae->Eurotiomycetes->Leotiomyceta->Pezizomycotina->saccharomyceta->Ascomycota->Dikarya->Fungi->Nucletmycea->Opisthokonta->Eukaryota->cellular organisms->life" nexsonid "node439397"
pgloadind     taxon mapping OTT ID 434027 taxonomy "Eremascus albus->Eremascus->Eremascaceae->Eurotiomycetidae->Eurotiomycetes->Leotiomyceta->Pezizomycotina->saccharomyceta->Ascomycota->Dikarya->Fungi->Nucletmycea->Opisthokonta->Eukaryota->cellular organisms->life" nexsonid "node439399"
pgloadind     taxon mapping OTT ID 376368 taxonomy "Paecilomyces niveus->Paecilomyces->Trichocomaceae->Eurotiales->Eurotiomycetidae->Eurotiomycetes->Leotiomyceta->Pezizomycotina->saccharomyceta->Ascomycota->Dikarya->Fungi->Nucletmycea->Opisthokonta->Eukaryota->cellular organisms->life" nexsonid "node439401"
pgloadind     taxon mapping OTT ID 118490 taxonomy "Aspergillus ruber->Aspergillus->Trichocomaceae->Eurotiales->Eurotiomycetidae->Eurotiomycetes->Leotiomyceta->Pezizomycotina->saccharomyceta->Ascomycota->Dikarya->Fungi->Nucletmycea->Opisthokonta->Eukaryota->cellular organisms->life" nexsonid "node439402"
pgloadind     taxon mapping OTT ID 1058550 taxonomy "Lasallia rossica->Lasallia->Umbilicariaceae->Umbilicariales->Lecanoromycetidae->Lecanoromycetes->Leotiomyceta->Pezizomycotina->saccharomyceta->Ascomycota->Dikarya->Fungi->Nucletmycea->Opisthokonta->Eukaryota->cellular organisms->life" nexsonid "node439405"
pgloadind     taxon mapping OTT ID 114068 taxonomy "Umbilicaria subglabra->Umbilicaria->Umbilicariaceae->Umbilicariales->Lecanoromycetidae->Lecanoromycetes->Leotiomyceta->Pezizomycotina->saccharomyceta->Ascomycota->Dikarya->Fungi->Nucletmycea->Opisthokonta->Eukaryota->cellular organisms->life" nexsonid "node439406"
pgloadind     taxon mapping OTT ID 216194 taxonomy "Pertusaria trachythallina->Pertusaria->Pertusariaceae->Pertusariales->Ostropomycetidae->Lecanoromycetes->Leotiomyceta->Pezizomycotina->saccharomyceta->Ascomycota->Dikarya->Fungi->Nucletmycea->Opisthokonta->Eukaryota->cellular organisms->life" nexsonid "node439409"
pgloadind     taxon mapping OTT ID 736050 taxonomy "Diploschistes ocellatus var. almeriensis->Diploschistes ocellatus->Diploschistes->Thelotremataceae->Ostropales->Ostropomycetidae->Lecanoromycetes->Leotiomyceta->Pezizomycotina->saccharomyceta->Ascomycota->Dikarya->Fungi->Nucletmycea->Opisthokonta->Eukaryota->cellular organisms->life" nexsonid "node439411"
pgloadind     taxon mapping OTT ID 802766 taxonomy "Anamylopsora pulcherrima->Anamylopsora->Anamylopsoraceae->Agyriales->Ostropomycetidae->Lecanoromycetes->Leotiomyceta->Pezizomycotina->saccharomyceta->Ascomycota->Dikarya->Fungi->Nucletmycea->Opisthokonta->Eukaryota->cellular organisms->life" nexsonid "node439414"
pgloadind     taxon mapping OTT ID 802772 taxonomy "Placopsis gelida->Placopsis->Trapeliaceae->Agyriales->Ostropomycetidae->Lecanoromycetes->Leotiomyceta->Pezizomycotina->saccharomyceta->Ascomycota->Dikarya->Fungi->Nucletmycea->Opisthokonta->Eukaryota->cellular organisms->life" nexsonid "node439416"
pgloadind     taxon mapping OTT ID 933392 taxonomy "Trapelia involuta->Trapelia->Trapeliaceae->Agyriales->Ostropomycetidae->Lecanoromycetes->Leotiomyceta->Pezizomycotina->saccharomyceta->Ascomycota->Dikarya->Fungi->Nucletmycea->Opisthokonta->Eukaryota->cellular organisms->life" nexsonid "node439418"
pgloadind     taxon mapping OTT ID 413900 taxonomy "Trapelia placodioides->Trapelia->Trapeliaceae->Agyriales->Ostropomycetidae->Lecanoromycetes->Leotiomyceta->Pezizomycotina->saccharomyceta->Ascomycota->Dikarya->Fungi->Nucletmycea->Opisthokonta->Eukaryota->cellular organisms->life" nexsonid "node439419"
pgloadind     taxon mapping OTT ID 869096 taxonomy "Thelomma mammosum->Thelomma->Buellioideae->Caliciaceae->Teloschistales->Lecanoromycetidae->Lecanoromycetes->Leotiomyceta->Pezizomycotina->saccharomyceta->Ascomycota->Dikarya->Fungi->Nucletmycea->Opisthokonta->Eukaryota->cellular organisms->life" nexsonid "node439421"
pgloadind     taxon mapping OTT ID 497183 taxonomy "Nephroma arcticum->Nephroma->Nephromataceae->Peltigerineae->Peltigerales->Lecanoromycetidae->Lecanoromycetes->Leotiomyceta->Pezizomycotina->saccharomyceta->Ascomycota->Dikarya->Fungi->Nucletmycea->Opisthokonta->Eukaryota->cellular organisms->life" nexsonid "node439422"
pgloadind     taxon mapping OTT ID 1014720 taxonomy "Porpidia crustulata->Porpidia->Porpidiaceae->Lecideales->Lecanoromycetidae->Lecanoromycetes->Leotiomyceta->Pezizomycotina->saccharomyceta->Ascomycota->Dikarya->Fungi->Nucletmycea->Opisthokonta->Eukaryota->cellular organisms->life" nexsonid "node439423"
pgloadind     taxon mapping OTT ID 1021474 taxonomy "Thamnolia vermicularis->Thamnolia->Icmadophilaceae->Pertusariales->Ostropomycetidae->Lecanoromycetes->Leotiomyceta->Pezizomycotina->saccharomyceta->Ascomycota->Dikarya->Fungi->Nucletmycea->Opisthokonta->Eukaryota->cellular organisms->life" nexsonid "node439426"
pgloadind     taxon mapping OTT ID 39311 taxonomy "Siphula ceratites->Siphula->Icmadophilaceae->Pertusariales->Ostropomycetidae->Lecanoromycetes->Leotiomyceta->Pezizomycotina->saccharomyceta->Ascomycota->Dikarya->Fungi->Nucletmycea->Opisthokonta->Eukaryota->cellular organisms->life" nexsonid "node439428"
pgloadind     taxon mapping OTT ID 444942 taxonomy "Dibaeis baeomyces->Dibaeis->Icmadophilaceae->Pertusariales->Ostropomycetidae->Lecanoromycetes->Leotiomyceta->Pezizomycotina->saccharomyceta->Ascomycota->Dikarya->Fungi->Nucletmycea->Opisthokonta->Eukaryota->cellular organisms->life" nexsonid "node439429"
pgloadind     taxon mapping OTT ID 339436 taxonomy "Lecanora dispersa->Lecanora->Lecanoraceae->Lecanorales->Lecanoromycetidae->Lecanoromycetes->Leotiomyceta->Pezizomycotina->saccharomyceta->Ascomycota->Dikarya->Fungi->Nucletmycea->Opisthokonta->Eukaryota->cellular organisms->life" nexsonid "node439431"
pgloadind     taxon mapping OTT ID 841022 taxonomy "Stereocaulon ramulosum->Stereocaulon->Stereocaulaceae->Lecanorales->Lecanoromycetidae->Lecanoromycetes->Leotiomyceta->Pezizomycotina->saccharomyceta->Ascomycota->Dikarya->Fungi->Nucletmycea->Opisthokonta->Eukaryota->cellular organisms->life" nexsonid "node439432"
pgloadind     taxon mapping OTT ID 664938 taxonomy "Sphaerophorus globosus->Sphaerophorus->Sphaerophoraceae->Lecanorales->Lecanoromycetidae->Lecanoromycetes->Leotiomyceta->Pezizomycotina->saccharomyceta->Ascomycota->Dikarya->Fungi->Nucletmycea->Opisthokonta->Eukaryota->cellular organisms->life" nexsonid "node439433"
done fixing name
pgloadind Finished with attempts to fix names
pgloadind   Checking for uniqueness of OTT IDs tree id "1323"
pgloadind   Adding tree to graph tree id "1323"
all trees have all taxa: false
	using bipartition technique
attempting to remap tips to deepest exemplified taxa
	Stereocaulon ramulosum was remapped to 'Stereocaulaceae' (id=187832)
	Umbilicaria subglabra was remapped to 'Umbilicaria' (id=178104)
	Sphaerophorus globosus was remapped to 'Sphaerophoraceae' (id=187699)
	Lasallia rossica was remapped to 'Lasallia' (id=178065)
	Dibaeis baeomyces was remapped to 'Dibaeis' (id=228841)
	Diatrype disciformis was remapped to 'Xylariomycetidae' (id=41664)
	Aspergillus ruber was remapped to 'Aspergillus' (id=96534)
	Lophiostoma crenatum was remapped to 'Lophiostomataceae' (id=112781)
	Sordaria fimicola was remapped to 'Sordariomycetidae' (id=837)
	Porpidia crustulata was remapped to 'Lecideales' (id=215197)
	Sphinctrina turbinata was remapped to 'Sphinctrinaceae' (id=104241)
	Capronia mansonii was remapped to 'Capronia' (id=94507)
	Chaenothecopsis savonica was remapped to 'Mycocaliciaceae' (id=103984)
	Phaeosphaeria nodorum was remapped to 'Phaeosphaeriaceae' (id=129699)
	Nephroma arcticum was remapped to 'Peltigerales' (id=210767)
	Placopsis gelida was remapped to 'Placopsis' (id=228466)
	Thelomma mammosum was remapped to 'Teloschistales' (id=202517)
	Lecanora dispersa was remapped to 'Lecanoraceae' (id=183283)
	Spathularia flavida was remapped to 'Cudoniaceae' (id=63674)
	Thamnolia vermicularis was remapped to 'Thamnolia' (id=228987)
	Tuber melanosporum was remapped to 'Tuberaceae' (id=241563)
	Fonsecaea pedrosoi was remapped to 'Fonsecaea' (id=95010)
	Diploschistes ocellatus var. almeriensis was remapped to 'Ostropales' (id=219424)
	Lecanactis abietina was remapped to 'Roccellaceae' (id=106269)
	Anamylopsora pulcherrima was remapped to 'Anamylopsoraceae' (id=228755)
	Rhytisma salicinum was remapped to 'Rhytismataceae' (id=61835)
	Sporormia lignicola was remapped to 'Sporormiaceae' (id=114789)
	Hypomyces chrysospermus was remapped to 'Hypocreomycetidae' (id=20527)
	Pertusaria trachythallina was remapped to 'Pertusariaceae' (id=229987)
	Eremascus albus was remapped to 'Eremascaceae' (id=103799)
	Paecilomyces niveus was remapped to 'Paecilomyces' (id=98395)
	Helvella lacunosa was remapped to 'Helvellaceae' (id=234939)
	Siphula ceratites was remapped to 'Siphula' (id=228924)
	Lithographa graphidioides was remapped to 'Lithographa' (id=228555)
	Leotia lubrica was remapped to 'Leotiales' (id=63862)
	Arthonia radiata was remapped to 'Arthoniaceae' (id=104529)
	Pleospora herbarum was remapped to 'Pleosporaceae' (id=131962)
	Cyttaria darwinii was remapped to 'Cyttariales' (id=81271)
this is the ROOT
placing root in index
Dealing with metadata property: id
Dealing with metadata property: ot:studyPublicationReference
Adding property 'ot:studyPublicationReference': Lumbsch H., Schmitt I., Dring H., & Wedin M. 2001. Molecular systematics supports the recognition of an additional order of Ascomycota: the Agyriales. Mycological Research, 105(1): 16-23.
Dealing with metadata property: ot:focalCladeOTTTaxonName
Adding property 'ot:focalCladeOTTTaxonName': Agyriales
Dealing with metadata property: ot:studyYear
Adding property 'ot:studyYear': 2001
Dealing with metadata property: ot:inGroupClade
Adding property 'ot:inGroupClade': node439358
Dealing with metadata property: ot:curatorName
Adding property 'ot:curatorName': Romina Gazis
Dealing with metadata property: ot:studyPublication
Adding property 'ot:studyPublication': http://dx.doi.org/10.1017/S095375620000321X
Dealing with metadata property: ot:focalClade
Adding property 'ot:focalClade': 188952
Dealing with metadata property: ot:curatedType
Adding property 'ot:curatedType': MP, SSU
Dealing with metadata property: ot:studyId
Adding property 'ot:studyId': 732
Dealing with metadata property: ot:dataDeposit
Adding property 'ot:dataDeposit': http://purl.org/phylo/treebase/phylows/study/TB2:S651
Committing nodes: 74
	adding Node[93976] Chaetothyriales 537959 as compatible with Node[94450]
		adding Relationship[8416022]
		adding to root Relationship[8416023]
	adding Node[87159] Chaetothyriomycetidae 81982 as compatible with Node[94450]
		adding Relationship[8416024]
		adding to root Relationship[8416025]
	adding Node[95613] Eurotiales 800595 as compatible with Node[95880]
		adding Relationship[8416026]
		adding to root Relationship[8416027]
	adding Node[103982] Mycocaliciomycetidae 81973 as compatible with Node[103983]
		adding Relationship[8416028]
		adding to root Relationship[8416029]
	adding Node[110544] Pleosporomycetidae 656297 as compatible with Node[110545]
		adding Relationship[8416030]
		adding to root Relationship[8416031]
	adding Node[108984] Dothideomycetes 346120 as compatible with Node[110545]
		adding Relationship[8416032]
		adding to root Relationship[8416033]
	adding Node[177894] Umbilicariales 5296863 as compatible with Node[178064]
		adding Relationship[8416034]
		adding to root Relationship[8416035]
		adding Relationship[8416036] from Node[93976] to Node[87159]
		adding Relationship[8416037] from Node[95613] to Node[95612]
		adding Relationship[8416038] from Node[95612] to Node[3566159]
		adding Relationship[8416039] from Node[95612] to Node[87158]
		adding Relationship[8416040] from Node[103982] to Node[87158]
		adding Relationship[8416041] from Node[110544] to Node[108984]
		adding Relationship[8416042] from Node[3566159] to Node[87158]
		adding Relationship[8416043] from Node[87159] to Node[87158]
