pgloadind OTUs number 16
pgloadind Processing tree @id "2216"
pgloadind   tree info number nodes 30
pgloadind   tree info number edges 29
pgloadind   tree info ingroup "node538510"
pgloadind   Setting ingroup root node.
pgloadind   Ingested tree number of external nodes 13
pgloadind   property added ot:studyPublicationReference "Zhong, B., Deusch, O., Goremykin, V. V., Penny, D., Biggs, P. J., Atherton, R. A., ... & Lockhart, P. J. (2011). Systematic error in seed plant phylogenomics. Genome biology and evolution, 3, 1340."
pgloadind   property added ot:studyPublication "http://dx.doi.org/10.1093/gbe/evr105"
pgloadind   property added ot:curatorName "Jiabin Deng"
pgloadind   property added ot:studyId "1115"
pgloadind   property added ot:studyYear "2011"
pgloadind   property added ot:focalClade "2239155"
pgloadind   property added ot:focalCladeOTTTaxonName "Spermatophyta"
pgloadind   property added ot:inGroupClade "node538510"
pgloadind   property added ot:curatedType "PhyML tree"
loading a specific tree: 2216
pgloadind conducting TNRS on trees
pgloadind   name fixing on tree tree id "2216"
pgloadind   all nodes have ottIds
pgloadind   postpruning newick tree "(((((Welwitschia_mirabilis,Gnetum_parvifolium),Ephedra_equisetina),((Pinus_koraiensis,Pinus_thunbergii),Keteleeria_davidiana)),(((Podocarpus_totara,Halocarpus_bidwillii),Agathis_australis),Cryptomeria_japonica)),((Cycas_micronesica,Cycas_taitungensis),Ginkgo_biloba))"
pgloadind   taxon mapping summary
pgloadind     taxon mapping OTT ID 47947 taxonomy "Welwitschia mirabilis->Welwitschia->Welwitschiaceae->Welwitschiales->Gnetopsida->Gnetophyta->Acrogymnospermae->Spermatophyta->Euphyllophyta->Tracheophyta->Embryophyta->Streptophytina->Streptophyta->Chloroplastida->Archaeplastida->Eukaryota->cellular organisms->life" nexsonid "node538515"
pgloadind     taxon mapping OTT ID 332581 taxonomy "Gnetum parvifolium->Gnetum->Gnetaceae->Gnetales->Gnetopsida->Gnetophyta->Acrogymnospermae->Spermatophyta->Euphyllophyta->Tracheophyta->Embryophyta->Streptophytina->Streptophyta->Chloroplastida->Archaeplastida->Eukaryota->cellular organisms->life" nexsonid "node538516"
pgloadind     taxon mapping OTT ID 878619 taxonomy "Ephedra equisetina->Ephedra->Ephedraceae->Ephedrales->Gnetopsida->Gnetophyta->Acrogymnospermae->Spermatophyta->Euphyllophyta->Tracheophyta->Embryophyta->Streptophytina->Streptophyta->Chloroplastida->Archaeplastida->Eukaryota->cellular organisms->life" nexsonid "node538517"
pgloadind     taxon mapping OTT ID 830806 taxonomy "Pinus koraiensis->Strobus->Pinus->Pinaceae->Coniferales->Coniferopsida->Coniferophyta->Acrogymnospermae->Spermatophyta->Euphyllophyta->Tracheophyta->Embryophyta->Streptophytina->Streptophyta->Chloroplastida->Archaeplastida->Eukaryota->cellular organisms->life" nexsonid "node538520"
pgloadind     taxon mapping OTT ID 1075728 taxonomy "Pinus thunbergii->Pinus subgenus Pinus->Pinus->Pinaceae->Coniferales->Coniferopsida->Coniferophyta->Acrogymnospermae->Spermatophyta->Euphyllophyta->Tracheophyta->Embryophyta->Streptophytina->Streptophyta->Chloroplastida->Archaeplastida->Eukaryota->cellular organisms->life" nexsonid "node538521"
pgloadind     taxon mapping OTT ID 994545 taxonomy "Keteleeria davidiana->Keteleeria->Pinaceae->Coniferales->Coniferopsida->Coniferophyta->Acrogymnospermae->Spermatophyta->Euphyllophyta->Tracheophyta->Embryophyta->Streptophytina->Streptophyta->Chloroplastida->Archaeplastida->Eukaryota->cellular organisms->life" nexsonid "node538522"
pgloadind     taxon mapping OTT ID 700838 taxonomy "Podocarpus totara->Podocarpus->Podocarpaceae->Cupressophyta->Coniferales->Coniferopsida->Coniferophyta->Acrogymnospermae->Spermatophyta->Euphyllophyta->Tracheophyta->Embryophyta->Streptophytina->Streptophyta->Chloroplastida->Archaeplastida->Eukaryota->cellular organisms->life" nexsonid "node538526"
pgloadind     taxon mapping OTT ID 309851 taxonomy "Halocarpus bidwillii->Halocarpus->Podocarpaceae->Cupressophyta->Coniferales->Coniferopsida->Coniferophyta->Acrogymnospermae->Spermatophyta->Euphyllophyta->Tracheophyta->Embryophyta->Streptophytina->Streptophyta->Chloroplastida->Archaeplastida->Eukaryota->cellular organisms->life" nexsonid "node538527"
pgloadind     taxon mapping OTT ID 10217 taxonomy "Agathis australis->Agathis->Araucariaceae->Cupressophyta->Coniferales->Coniferopsida->Coniferophyta->Acrogymnospermae->Spermatophyta->Euphyllophyta->Tracheophyta->Embryophyta->Streptophytina->Streptophyta->Chloroplastida->Archaeplastida->Eukaryota->cellular organisms->life" nexsonid "node538528"
pgloadind     taxon mapping OTT ID 620749 taxonomy "Cryptomeria japonica->Cryptomeria->Cupressaceae->Cupressophyta->Coniferales->Coniferopsida->Coniferophyta->Acrogymnospermae->Spermatophyta->Euphyllophyta->Tracheophyta->Embryophyta->Streptophytina->Streptophyta->Chloroplastida->Archaeplastida->Eukaryota->cellular organisms->life" nexsonid "node538529"
pgloadind     taxon mapping OTT ID 834468 taxonomy "Cycas micronesica->Cycas->Cycadaceae->Cycadales->Cycadopsida->Cycadophyta->Acrogymnospermae->Spermatophyta->Euphyllophyta->Tracheophyta->Embryophyta->Streptophytina->Streptophyta->Chloroplastida->Archaeplastida->Eukaryota->cellular organisms->life" nexsonid "node538532"
pgloadind     taxon mapping OTT ID 408490 taxonomy "Cycas taitungensis->Cycas->Cycadaceae->Cycadales->Cycadopsida->Cycadophyta->Acrogymnospermae->Spermatophyta->Euphyllophyta->Tracheophyta->Embryophyta->Streptophytina->Streptophyta->Chloroplastida->Archaeplastida->Eukaryota->cellular organisms->life" nexsonid "node538533"
pgloadind     taxon mapping OTT ID 994084 taxonomy "Ginkgo biloba->Ginkgo->Ginkgoaceae->Ginkgoales->Ginkgoopsida->Ginkgophyta->Acrogymnospermae->Spermatophyta->Euphyllophyta->Tracheophyta->Embryophyta->Streptophytina->Streptophyta->Chloroplastida->Archaeplastida->Eukaryota->cellular organisms->life" nexsonid "node538534"
done fixing name
pgloadind Finished with attempts to fix names
pgloadind   Checking for uniqueness of OTT IDs tree id "2216"
pgloadind   Adding tree to graph tree id "2216"
all trees have all taxa: false
	using bipartition technique
attempting to remap tips to deepest exemplified taxa
	Keteleeria davidiana was remapped to 'Keteleeria' (id=3023507)
	Halocarpus bidwillii was remapped to 'Halocarpus' (id=3021791)
	Agathis australis was remapped to 'Araucariaceae' (id=3022336)
	Cryptomeria japonica was remapped to 'Cupressaceae' (id=3020973)
	Welwitschia mirabilis was remapped to 'Welwitschiales' (id=3020122)
	Pinus thunbergii was remapped to 'Pinus subgenus Pinus' (id=3022688)
	Ephedra equisetina was remapped to 'Ephedrales' (id=3020127)
	Pinus koraiensis was remapped to 'Strobus' (id=3023022)
	Ginkgo biloba was remapped to 'Ginkgophyta' (id=3020941)
	Gnetum parvifolium was remapped to 'Gnetales' (id=3020013)
	Podocarpus totara was remapped to 'Podocarpus' (id=3021842)
this is the ROOT
placing root in index
Dealing with metadata property: id
Dealing with metadata property: ot:studyPublicationReference
Adding property 'ot:studyPublicationReference': Zhong, B., Deusch, O., Goremykin, V. V., Penny, D., Biggs, P. J., Atherton, R. A., ... & Lockhart, P. J. (2011). Systematic error in seed plant phylogenomics. Genome biology and evolution, 3, 1340.
Dealing with metadata property: ot:focalCladeOTTTaxonName
Adding property 'ot:focalCladeOTTTaxonName': Spermatophyta
Dealing with metadata property: ot:studyYear
Adding property 'ot:studyYear': 2011
Dealing with metadata property: ot:inGroupClade
Adding property 'ot:inGroupClade': node538510
Dealing with metadata property: ot:curatorName
Adding property 'ot:curatorName': Jiabin Deng
Dealing with metadata property: ot:studyPublication
Adding property 'ot:studyPublication': http://dx.doi.org/10.1093/gbe/evr105
Dealing with metadata property: ot:focalClade
Adding property 'ot:focalClade': 2239155
Dealing with metadata property: ot:curatedType
Adding property 'ot:curatedType': PhyML tree
Dealing with metadata property: ot:studyId
Adding property 'ot:studyId': 1115
Committing nodes: 25
{3020008}
3020356
	adding Node[3020317] Cycadaceae 99242 as compatible with Node[3020318]
		adding Relationship[8257212]
	adding Node[3020316] Cycadales 614464 as compatible with Node[3020318]
		adding Relationship[8257213]
	adding Node[3020314] Cycadopsida 614462 as compatible with Node[3020318]
		adding Relationship[8257214]
	adding Node[3020312] Cycadophyta 10213 as compatible with Node[3020318]
		adding Relationship[8257215]
3020396
3020013
	adding Node[3020013] Gnetales 47945 as compatible with Node[3020013]
		adding Relationship[8257216]
	adding Node[3020009] Gnetophyta 10209 as compatible with Node[3020010]
		adding Relationship[8257217]
3020122
3020127
	adding Node[3020127] Ephedrales 673434 as compatible with Node[3020127]
		adding Relationship[8257218]
3020941
	adding Node[3020941] Ginkgophyta 10215 as compatible with Node[3020941]
		adding Relationship[8257219]
3020973
	adding Node[3020973] Cupressaceae 620757 as compatible with Node[3020973]
		adding Relationship[8257220]
3021791
	adding Node[3021791] Halocarpus 309853 as compatible with Node[3021791]
		adding Relationship[8257221]
3021842
3022336
	adding Node[3022336] Araucariaceae 786678 as compatible with Node[3022336]
		adding Relationship[8257222]
3022688
	adding Node[3022688] Pinus subgenus Pinus 531304 as compatible with Node[3022688]
		adding Relationship[8257223]
3023022
	adding Node[3023022] Strobus 1005718 as compatible with Node[3023022]
		adding Relationship[8257224]
3023507
[Node[3022688], Node[3020013], Node[3021699], Node[3020010], Node[3020009], Node[3020127], Node[3023022], Node[3501493], Node[3022336], Node[3501490], Node[3501491], Node[3501489], Node[3020317], Node[3020316], Node[3020941], Node[3022686], Node[3021791], Node[3020312], Node[3020973], Node[3020314], Node[3020972]]
	Node[3022688]
		adding Relationship[8257225] from Node[3022688] to Node[3022686]
	Node[3020013]
		adding Relationship[8257226] from Node[3020013] to Node[3501489]
		adding Relationship[8257227] from Node[3020013] to Node[3020010]
	Node[3021699]
		adding Relationship[8257228] from Node[3021699] to Node[3501491]
		adding Relationship[8257229] from Node[3021699] to Node[3020972]
	Node[3020010]
		adding Relationship[8257230] from Node[3020010] to Node[3501490]
		adding Relationship[8257231] from Node[3020010] to Node[3020009]
	Node[3020009]
	Node[3020127]
		adding Relationship[8257232] from Node[3020127] to Node[3020010]
	Node[3023022]
		adding Relationship[8257233] from Node[3023022] to Node[3022686]
	Node[3501493]
	Node[3022336]
		adding Relationship[8257234] from Node[3022336] to Node[3501491]
		adding Relationship[8257235] from Node[3022336] to Node[3020972]
	Node[3501490]
	Node[3501491]
		adding Relationship[8257236] from Node[3501491] to Node[3020972]
	Node[3501489]
		adding Relationship[8257237] from Node[3501489] to Node[3020010]
	Node[3020317]
		adding Relationship[8257238] from Node[3020317] to Node[3020316]
	Node[3020316]
		adding Relationship[8257239] from Node[3020316] to Node[3020314]
	Node[3020941]
		adding Relationship[8257240] from Node[3020941] to Node[3501493]
	Node[3022686]
	Node[3021791]
		adding Relationship[8257241] from Node[3021791] to Node[3021699]
	Node[3020312]
	Node[3020973]
		adding Relationship[8257242] from Node[3020973] to Node[3020972]
	Node[3020314]
		adding Relationship[8257243] from Node[3020314] to Node[3020312]
	Node[3020972]
