pgloadind OTUs number 14
pgloadind Processing tree @id "2266"
pgloadind   tree info number nodes 27
pgloadind   tree info number edges 26
pgloadind   tree info ingroup "node545566"
pgloadind   Setting ingroup root node.
pgloadind   Ingested tree number of external nodes 11
pgloadind   property added ot:studyPublicationReference "Majure, L. C., Puente, R., Griffith, M. P., Judd, W. S., Soltis, P. S., & Soltis, D. E. (2012). Phylogeny of Opuntia ss (Cactaceae): Clade delineation, geographic origins, and reticulate evolution. American Journal of Botany, 99(5), 847-864."
pgloadind   property added ot:studyPublication "http://dx.doi.org/10.3732/ajb.1100375"
pgloadind   property added ot:curatorName "bryan drew"
pgloadind   property added ot:dataDeposit "http://purl.org/phylo/treebase/phylows/study/TB2:S13323"
pgloadind   property added ot:studyId "1132"
pgloadind   property added ot:studyYear "2012"
pgloadind   property added ot:focalClade "517275"
pgloadind   property added ot:inGroupClade "node545566"
loading a specific tree: 2266
pgloadind conducting TNRS on trees
pgloadind   name fixing on tree tree id "2266"
pgloadind     OTT ID missing name "Opuntia arechevaletai" nexsonid "node545585"
pgloadind   TNRS unmatched total number 0
pgloadind     pruning unmapped name "Opuntia arechevaletai" nexsonid "node545585"
pgloadind     OTT ID reused in tree
pgloadind       duplicate name "Tacinga inamoena" nexsonid "node545575"
pgloadind       duplicate OTT ID 162269
pgloadind     pruning dups and overlapping name "Tacinga inamoena" nexsonid "node545575"
pgloadind   postpruning newick tree "((((Opuntia_lilae,Tacinga_palmadora),((Tacinga_funalis,Tacinga_saxatilis),Tacinga_inamoena)),(Opuntia_schickendantzii,Brasiliopuntia_brasiliensis)),(Opuntia_macbridei,Opuntia_quimilo))"
pgloadind   taxon mapping summary
pgloadind     taxon mapping OTT ID 128282 taxonomy "Opuntia lilae->Opuntia->Opuntioideae->Cactaceae->Cactineae->Caryophyllales->Pentapetalae->Gunneridae->eudicotyledons->Mesangiospermae->Magnoliophyta->Spermatophyta->Euphyllophyta->Tracheophyta->Embryophyta->Streptophytina->Streptophyta->Chloroplastida->Archaeplastida->Eukaryota->cellular organisms->life" nexsonid "node545570"
pgloadind     taxon mapping OTT ID 162292 taxonomy "Tacinga palmadora->Tacinga->Opuntioideae->Cactaceae->Cactineae->Caryophyllales->Pentapetalae->Gunneridae->eudicotyledons->Mesangiospermae->Magnoliophyta->Spermatophyta->Euphyllophyta->Tracheophyta->Embryophyta->Streptophytina->Streptophyta->Chloroplastida->Archaeplastida->Eukaryota->cellular organisms->life" nexsonid "node545571"
pgloadind     taxon mapping OTT ID 923684 taxonomy "Tacinga funalis->Tacinga->Opuntioideae->Cactaceae->Cactineae->Caryophyllales->Pentapetalae->Gunneridae->eudicotyledons->Mesangiospermae->Magnoliophyta->Spermatophyta->Euphyllophyta->Tracheophyta->Embryophyta->Streptophytina->Streptophyta->Chloroplastida->Archaeplastida->Eukaryota->cellular organisms->life" nexsonid "node545577"
pgloadind     taxon mapping OTT ID 162253 taxonomy "Tacinga saxatilis->Tacinga->Opuntioideae->Cactaceae->Cactineae->Caryophyllales->Pentapetalae->Gunneridae->eudicotyledons->Mesangiospermae->Magnoliophyta->Spermatophyta->Euphyllophyta->Tracheophyta->Embryophyta->Streptophytina->Streptophyta->Chloroplastida->Archaeplastida->Eukaryota->cellular organisms->life" nexsonid "node545578"
pgloadind     taxon mapping OTT ID 162269 taxonomy "Tacinga inamoena->Tacinga->Opuntioideae->Cactaceae->Cactineae->Caryophyllales->Pentapetalae->Gunneridae->eudicotyledons->Mesangiospermae->Magnoliophyta->Spermatophyta->Euphyllophyta->Tracheophyta->Embryophyta->Streptophytina->Streptophyta->Chloroplastida->Archaeplastida->Eukaryota->cellular organisms->life" nexsonid "node545574"
pgloadind     taxon mapping OTT ID 908104 taxonomy "Opuntia schickendantzii->Opuntia->Opuntioideae->Cactaceae->Cactineae->Caryophyllales->Pentapetalae->Gunneridae->eudicotyledons->Mesangiospermae->Magnoliophyta->Spermatophyta->Euphyllophyta->Tracheophyta->Embryophyta->Streptophytina->Streptophyta->Chloroplastida->Archaeplastida->Eukaryota->cellular organisms->life" nexsonid "node545580"
pgloadind     taxon mapping OTT ID 544808 taxonomy "Brasiliopuntia brasiliensis->Brasiliopuntia->Opuntioideae->Cactaceae->Cactineae->Caryophyllales->Pentapetalae->Gunneridae->eudicotyledons->Mesangiospermae->Magnoliophyta->Spermatophyta->Euphyllophyta->Tracheophyta->Embryophyta->Streptophytina->Streptophyta->Chloroplastida->Archaeplastida->Eukaryota->cellular organisms->life" nexsonid "node545581"
pgloadind     taxon mapping OTT ID 873188 taxonomy "Opuntia macbridei->Opuntia->Opuntioideae->Cactaceae->Cactineae->Caryophyllales->Pentapetalae->Gunneridae->eudicotyledons->Mesangiospermae->Magnoliophyta->Spermatophyta->Euphyllophyta->Tracheophyta->Embryophyta->Streptophytina->Streptophyta->Chloroplastida->Archaeplastida->Eukaryota->cellular organisms->life" nexsonid "node545583"
pgloadind     taxon mapping OTT ID 1084784 taxonomy "Opuntia quimilo->Opuntia->Opuntioideae->Cactaceae->Cactineae->Caryophyllales->Pentapetalae->Gunneridae->eudicotyledons->Mesangiospermae->Magnoliophyta->Spermatophyta->Euphyllophyta->Tracheophyta->Embryophyta->Streptophytina->Streptophyta->Chloroplastida->Archaeplastida->Eukaryota->cellular organisms->life" nexsonid "node545586"
done fixing name
pgloadind Finished with attempts to fix names
pgloadind   Checking for uniqueness of OTT IDs tree id "2266"
pgloadind   Adding tree to graph tree id "2266"
all trees have all taxa: false
	using bipartition technique
attempting to remap tips to deepest exemplified taxa
	Brasiliopuntia brasiliensis was remapped to 'Brasiliopuntia' (id=2527797)
this is the ROOT
placing root in index
Dealing with metadata property: id
Dealing with metadata property: ot:studyPublicationReference
Adding property 'ot:studyPublicationReference': Majure, L. C., Puente, R., Griffith, M. P., Judd, W. S., Soltis, P. S., & Soltis, D. E. (2012). Phylogeny of Opuntia ss (Cactaceae): Clade delineation, geographic origins, and reticulate evolution. American Journal of Botany, 99(5), 847-864.
Dealing with metadata property: ot:studyYear
Adding property 'ot:studyYear': 2012
Dealing with metadata property: ot:inGroupClade
Adding property 'ot:inGroupClade': node545566
Dealing with metadata property: ot:curatorName
Adding property 'ot:curatorName': bryan drew
Dealing with metadata property: ot:studyPublication
Adding property 'ot:studyPublication': http://dx.doi.org/10.3732/ajb.1100375
Dealing with metadata property: ot:focalClade
Adding property 'ot:focalClade': 517275
Dealing with metadata property: ot:studyId
Adding property 'ot:studyId': 1132
Dealing with metadata property: ot:dataDeposit
Adding property 'ot:dataDeposit': http://purl.org/phylo/treebase/phylows/study/TB2:S13323
Committing nodes: 17
{2527398}
2527472
2527597
2527609
2527665
2527850
2527851
2527852
2527853
2527797
[]
