pgloadind OTUs number 36
pgloadind Processing tree @id "2295"
pgloadind   tree info number nodes 54
pgloadind   tree info number edges 53
pgloadind   tree info ingroup "node547671"
pgloadind   Setting ingroup root node.
pgloadind   Ingested tree number of external nodes 25
pgloadind   property added ot:studyPublicationReference "Allen G., Soltis D., & Soltis P. 2003. Phylogeny and biogeography of Erythronium (Liliaceae) inferred from chloroplast matK and nuclear rDNA ITS sequences. Systematic Botany, 28(3): 512-523."
pgloadind   property added ot:studyPublication "http://dx.doi.org/10.1043/02-18.1"
pgloadind   property added ot:curatorName "bryan drew"
pgloadind   property added ot:dataDeposit "http://purl.org/phylo/treebase/phylows/study/TB2:S1007"
pgloadind   property added ot:studyId "1137"
pgloadind   property added ot:studyYear "2003"
pgloadind   property added ot:focalClade "903481"
pgloadind   property added ot:tag "ingroup added;"
pgloadind   property added ot:inGroupClade "node547671"
loading a specific tree: 2295
pgloadind conducting TNRS on trees
pgloadind   name fixing on tree tree id "2295"
pgloadind   all nodes have ottIds
pgloadind     overlapping tips
pgloadind       overlapping retained name "Erythronium grandiflorum subsp. candidum" nexsonid "node547710"
pgloadind       overlapping pruned name "Erythronium grandiflorum" nexsonid "node547709"
pgloadind     pruning dups and overlapping name "Erythronium grandiflorum" nexsonid "node547709"
pgloadind   postpruning newick tree "(((((Erythronium_caucasicum,Erythronium_dens-canis),Erythronium_sibiricum),Erythronium_japonicum),((Erythronium_albidum,(Erythronium_mesochoreum,Erythronium_umbilicatum)),Erythronium_americanum)),((((((Erythronium_taylorii,Erythronium_tuolumnense),Erythronium_pluriflorum),Erythronium_purpurascens),(((((Erythronium_citrinum,Erythronium_hendersonii),Erythronium_multiscapideum),Erythronium_californicum),Erythronium_helenae),(Erythronium_montanum,Erythronium_grandiflorum_subsp_candidum))),((Erythronium_oregonum,Erythronium_revolutum),(Erythronium_quinaultense,Erythronium_elegans))),Erythronium_klamathense))"
pgloadind   taxon mapping summary
pgloadind     taxon mapping OTT ID 1015744 taxonomy "Erythronium caucasicum->Erythronium->Liliaceae->Liliales->Petrosaviidae->Liliopsida->Mesangiospermae->Magnoliophyta->Spermatophyta->Euphyllophyta->Tracheophyta->Embryophyta->Streptophytina->Streptophyta->Chloroplastida->Archaeplastida->Eukaryota->cellular organisms->life" nexsonid "node547676"
pgloadind     taxon mapping OTT ID 597948 taxonomy "Erythronium dens-canis->Erythronium->Liliaceae->Liliales->Petrosaviidae->Liliopsida->Mesangiospermae->Magnoliophyta->Spermatophyta->Euphyllophyta->Tracheophyta->Embryophyta->Streptophytina->Streptophyta->Chloroplastida->Archaeplastida->Eukaryota->cellular organisms->life" nexsonid "node547677"
pgloadind     taxon mapping OTT ID 935816 taxonomy "Erythronium sibiricum->Erythronium->Liliaceae->Liliales->Petrosaviidae->Liliopsida->Mesangiospermae->Magnoliophyta->Spermatophyta->Euphyllophyta->Tracheophyta->Embryophyta->Streptophytina->Streptophyta->Chloroplastida->Archaeplastida->Eukaryota->cellular organisms->life" nexsonid "node547678"
pgloadind     taxon mapping OTT ID 545825 taxonomy "Erythronium japonicum->Erythronium->Liliaceae->Liliales->Petrosaviidae->Liliopsida->Mesangiospermae->Magnoliophyta->Spermatophyta->Euphyllophyta->Tracheophyta->Embryophyta->Streptophytina->Streptophyta->Chloroplastida->Archaeplastida->Eukaryota->cellular organisms->life" nexsonid "node547679"
pgloadind     taxon mapping OTT ID 19156 taxonomy "Erythronium albidum->Erythronium->Liliaceae->Liliales->Petrosaviidae->Liliopsida->Mesangiospermae->Magnoliophyta->Spermatophyta->Euphyllophyta->Tracheophyta->Embryophyta->Streptophytina->Streptophyta->Chloroplastida->Archaeplastida->Eukaryota->cellular organisms->life" nexsonid "node547682"
pgloadind     taxon mapping OTT ID 783484 taxonomy "Erythronium mesochoreum->Erythronium->Liliaceae->Liliales->Petrosaviidae->Liliopsida->Mesangiospermae->Magnoliophyta->Spermatophyta->Euphyllophyta->Tracheophyta->Embryophyta->Streptophytina->Streptophyta->Chloroplastida->Archaeplastida->Eukaryota->cellular organisms->life" nexsonid "node547684"
pgloadind     taxon mapping OTT ID 1087300 taxonomy "Erythronium umbilicatum->Erythronium->Liliaceae->Liliales->Petrosaviidae->Liliopsida->Mesangiospermae->Magnoliophyta->Spermatophyta->Euphyllophyta->Tracheophyta->Embryophyta->Streptophytina->Streptophyta->Chloroplastida->Archaeplastida->Eukaryota->cellular organisms->life" nexsonid "node547685"
pgloadind     taxon mapping OTT ID 445473 taxonomy "Erythronium americanum->Erythronium->Liliaceae->Liliales->Petrosaviidae->Liliopsida->Mesangiospermae->Magnoliophyta->Spermatophyta->Euphyllophyta->Tracheophyta->Embryophyta->Streptophytina->Streptophyta->Chloroplastida->Archaeplastida->Eukaryota->cellular organisms->life" nexsonid "node547686"
pgloadind     taxon mapping OTT ID 935819 taxonomy "Erythronium taylorii->Erythronium->Liliaceae->Liliales->Petrosaviidae->Liliopsida->Mesangiospermae->Magnoliophyta->Spermatophyta->Euphyllophyta->Tracheophyta->Embryophyta->Streptophytina->Streptophyta->Chloroplastida->Archaeplastida->Eukaryota->cellular organisms->life" nexsonid "node547693"
pgloadind     taxon mapping OTT ID 339551 taxonomy "Erythronium tuolumnense->Erythronium->Liliaceae->Liliales->Petrosaviidae->Liliopsida->Mesangiospermae->Magnoliophyta->Spermatophyta->Euphyllophyta->Tracheophyta->Embryophyta->Streptophytina->Streptophyta->Chloroplastida->Archaeplastida->Eukaryota->cellular organisms->life" nexsonid "node547694"
pgloadind     taxon mapping OTT ID 864204 taxonomy "Erythronium pluriflorum->Erythronium->Liliaceae->Liliales->Petrosaviidae->Liliopsida->Mesangiospermae->Magnoliophyta->Spermatophyta->Euphyllophyta->Tracheophyta->Embryophyta->Streptophytina->Streptophyta->Chloroplastida->Archaeplastida->Eukaryota->cellular organisms->life" nexsonid "node547695"
pgloadind     taxon mapping OTT ID 864210 taxonomy "Erythronium purpurascens->Erythronium->Liliaceae->Liliales->Petrosaviidae->Liliopsida->Mesangiospermae->Magnoliophyta->Spermatophyta->Euphyllophyta->Tracheophyta->Embryophyta->Streptophytina->Streptophyta->Chloroplastida->Archaeplastida->Eukaryota->cellular organisms->life" nexsonid "node547696"
pgloadind     taxon mapping OTT ID 1015741 taxonomy "Erythronium citrinum->Erythronium->Liliaceae->Liliales->Petrosaviidae->Liliopsida->Mesangiospermae->Magnoliophyta->Spermatophyta->Euphyllophyta->Tracheophyta->Embryophyta->Streptophytina->Streptophyta->Chloroplastida->Archaeplastida->Eukaryota->cellular organisms->life" nexsonid "node547702"
pgloadind     taxon mapping OTT ID 653195 taxonomy "Erythronium hendersonii->Erythronium->Liliaceae->Liliales->Petrosaviidae->Liliopsida->Mesangiospermae->Magnoliophyta->Spermatophyta->Euphyllophyta->Tracheophyta->Embryophyta->Streptophytina->Streptophyta->Chloroplastida->Archaeplastida->Eukaryota->cellular organisms->life" nexsonid "node547703"
pgloadind     taxon mapping OTT ID 864191 taxonomy "Erythronium multiscapideum->Erythronium->Liliaceae->Liliales->Petrosaviidae->Liliopsida->Mesangiospermae->Magnoliophyta->Spermatophyta->Euphyllophyta->Tracheophyta->Embryophyta->Streptophytina->Streptophyta->Chloroplastida->Archaeplastida->Eukaryota->cellular organisms->life" nexsonid "node547704"
pgloadind     taxon mapping OTT ID 1015748 taxonomy "Erythronium californicum->Erythronium->Liliaceae->Liliales->Petrosaviidae->Liliopsida->Mesangiospermae->Magnoliophyta->Spermatophyta->Euphyllophyta->Tracheophyta->Embryophyta->Streptophytina->Streptophyta->Chloroplastida->Archaeplastida->Eukaryota->cellular organisms->life" nexsonid "node547705"
pgloadind     taxon mapping OTT ID 653276 taxonomy "Erythronium helenae->Erythronium->Liliaceae->Liliales->Petrosaviidae->Liliopsida->Mesangiospermae->Magnoliophyta->Spermatophyta->Euphyllophyta->Tracheophyta->Embryophyta->Streptophytina->Streptophyta->Chloroplastida->Archaeplastida->Eukaryota->cellular organisms->life" nexsonid "node547706"
pgloadind     taxon mapping OTT ID 864196 taxonomy "Erythronium montanum->Erythronium->Liliaceae->Liliales->Petrosaviidae->Liliopsida->Mesangiospermae->Magnoliophyta->Spermatophyta->Euphyllophyta->Tracheophyta->Embryophyta->Streptophytina->Streptophyta->Chloroplastida->Archaeplastida->Eukaryota->cellular organisms->life" nexsonid "node547711"
pgloadind     taxon mapping OTT ID 653303 taxonomy "Erythronium grandiflorum subsp. candidum->Erythronium grandiflorum->Erythronium->Liliaceae->Liliales->Petrosaviidae->Liliopsida->Mesangiospermae->Magnoliophyta->Spermatophyta->Euphyllophyta->Tracheophyta->Embryophyta->Streptophytina->Streptophyta->Chloroplastida->Archaeplastida->Eukaryota->cellular organisms->life" nexsonid "node547710"
pgloadind     taxon mapping OTT ID 783490 taxonomy "Erythronium oregonum->Erythronium->Liliaceae->Liliales->Petrosaviidae->Liliopsida->Mesangiospermae->Magnoliophyta->Spermatophyta->Euphyllophyta->Tracheophyta->Embryophyta->Streptophytina->Streptophyta->Chloroplastida->Archaeplastida->Eukaryota->cellular organisms->life" nexsonid "node547714"
pgloadind     taxon mapping OTT ID 339540 taxonomy "Erythronium revolutum->Erythronium->Liliaceae->Liliales->Petrosaviidae->Liliopsida->Mesangiospermae->Magnoliophyta->Spermatophyta->Euphyllophyta->Tracheophyta->Embryophyta->Streptophytina->Streptophyta->Chloroplastida->Archaeplastida->Eukaryota->cellular organisms->life" nexsonid "node547715"
pgloadind     taxon mapping OTT ID 339538 taxonomy "Erythronium quinaultense->Erythronium->Liliaceae->Liliales->Petrosaviidae->Liliopsida->Mesangiospermae->Magnoliophyta->Spermatophyta->Euphyllophyta->Tracheophyta->Embryophyta->Streptophytina->Streptophyta->Chloroplastida->Archaeplastida->Eukaryota->cellular organisms->life" nexsonid "node547717"
pgloadind     taxon mapping OTT ID 597942 taxonomy "Erythronium elegans->Erythronium->Liliaceae->Liliales->Petrosaviidae->Liliopsida->Mesangiospermae->Magnoliophyta->Spermatophyta->Euphyllophyta->Tracheophyta->Embryophyta->Streptophytina->Streptophyta->Chloroplastida->Archaeplastida->Eukaryota->cellular organisms->life" nexsonid "node547718"
pgloadind     taxon mapping OTT ID 864202 taxonomy "Erythronium klamathense->Erythronium->Liliaceae->Liliales->Petrosaviidae->Liliopsida->Mesangiospermae->Magnoliophyta->Spermatophyta->Euphyllophyta->Tracheophyta->Embryophyta->Streptophytina->Streptophyta->Chloroplastida->Archaeplastida->Eukaryota->cellular organisms->life" nexsonid "node547719"
done fixing name
pgloadind Finished with attempts to fix names
pgloadind   Checking for uniqueness of OTT IDs tree id "2295"
pgloadind   Adding tree to graph tree id "2295"
all trees have all taxa: false
	using bipartition technique
attempting to remap tips to deepest exemplified taxa
	Erythronium grandiflorum subsp. candidum was remapped to 'Erythronium grandiflorum' (id=2934176)
this is the ROOT
placing root in index
Dealing with metadata property: id
Dealing with metadata property: ot:studyPublicationReference
Adding property 'ot:studyPublicationReference': Allen G., Soltis D., & Soltis P. 2003. Phylogeny and biogeography of Erythronium (Liliaceae) inferred from chloroplast matK and nuclear rDNA ITS sequences. Systematic Botany, 28(3): 512-523.
Dealing with metadata property: ot:studyYear
Adding property 'ot:studyYear': 2003
Dealing with metadata property: ot:inGroupClade
Adding property 'ot:inGroupClade': node547671
Dealing with metadata property: ot:tag
Adding property 'ot:tag': ingroup added;
Dealing with metadata property: ot:curatorName
Adding property 'ot:curatorName': bryan drew
Dealing with metadata property: ot:studyPublication
Adding property 'ot:studyPublication': http://dx.doi.org/10.1043/02-18.1
Dealing with metadata property: ot:focalClade
Adding property 'ot:focalClade': 903481
Dealing with metadata property: ot:studyId
Adding property 'ot:studyId': 1137
Dealing with metadata property: ot:dataDeposit
Adding property 'ot:dataDeposit': http://purl.org/phylo/treebase/phylows/study/TB2:S1007
Committing nodes: 47
{2934144}
2934145
2934148
2934149
2934153
2934154
2934158
2934159
2934161
2934173
2934174
2934192
2934194
2934196
2934203
2934205
2934206
2934209
2934210
2934211
2934213
2934214
2934216
2934217
2934176
	adding Node[2934176] Erythronium grandiflorum 653293 as compatible with Node[2934176]
		adding Relationship[8257275]
[Node[2934176], Node[3501503]]
	Node[2934176]
		adding Relationship[8257276] from Node[2934176] to Node[3501503]
	Node[3501503]
