pgloadind OTUs number 25
pgloadind Processing tree @id "2458"
pgloadind   tree info number nodes 49
pgloadind   tree info number edges 48
pgloadind   tree info ingroup "node566377"
pgloadind   Setting ingroup root node.
pgloadind   Ingested tree number of external nodes 13
pgloadind   property added ot:studyPublicationReference "Fucikova K., Rada J., & Lewis L. 2011. The tangled taxonomic history of Dictyococcus, Bracteacoccus, and Pseudomuriella (Chlorophyceae, Chlorophyta) and their distinction based on a phylogenetic perspective. Phycologia, 50(4)."
pgloadind   property added ot:studyPublication "http://dx.doi.org/10.2216/10-69.1"
pgloadind   property added ot:curatorName "bryan drew"
pgloadind   property added ot:dataDeposit "http://purl.org/phylo/treebase/phylows/study/TB2:S10739"
pgloadind   property added ot:studyId "1219"
pgloadind   property added ot:studyYear "2011"
pgloadind   property added ot:focalClade "913684"
pgloadind   property added ot:focalCladeOTTTaxonName "Chlorophyceae"
pgloadind   property added ot:inGroupClade "node566377"
pgloadind   property added ot:curatedType "PAUP 1"
loading a specific tree: 2458
pgloadind conducting TNRS on trees
pgloadind   name fixing on tree tree id "2458"
pgloadind   all nodes have ottIds
pgloadind     OTT ID not in database (probably dubious)
pgloadind       dubious name "Bracteacoccus minor" nexsonid "node566384"
pgloadind       dubious OTT ID 1086851
pgloadind     OTT ID not in database (probably dubious)
pgloadind       dubious name "Bracteacoccus medionucleatus" nexsonid "node566385"
pgloadind       dubious OTT ID 1086840
pgloadind     OTT ID not in database (probably dubious)
pgloadind       dubious name "Bracteacoccus grandis" nexsonid "node566386"
pgloadind       dubious OTT ID 560357
pgloadind     OTT ID not in database (probably dubious)
pgloadind       dubious name "Bracteacoccus cohaerens" nexsonid "node566387"
pgloadind       dubious OTT ID 15347
pgloadind     OTT ID not in database (probably dubious)
pgloadind       dubious name "Bracteacoccus pseudominor" nexsonid "node566389"
pgloadind       dubious OTT ID 15349
pgloadind     OTT ID not in database (probably dubious)
pgloadind       dubious name "Bracteacoccus giganteus" nexsonid "node566390"
pgloadind       dubious OTT ID 1086837
pgloadind     OTT ID not in database (probably dubious)
pgloadind       dubious name "Bracteacoccus aerius" nexsonid "node566391"
pgloadind       dubious OTT ID 560360
pgloadind     OTT ID not in database (probably dubious)
pgloadind       dubious name "Radiococcus polycoccus" nexsonid "node566393"
pgloadind       dubious OTT ID 780775
pgloadind     OTT ID not in database (probably dubious)
pgloadind       dubious name "Planktosphaeria gelatinosa" nexsonid "node566394"
pgloadind       dubious OTT ID 1014753
pgloadind     OTT ID not in database (probably dubious)
pgloadind       dubious name "Pseudomuriella engadinensis" nexsonid "node566398"
pgloadind       dubious OTT ID 523068
pgloadind     OTT ID not in database (probably dubious)
pgloadind       dubious name "Pseudomuriella engadinensis" nexsonid "node566399"
pgloadind       dubious OTT ID 523068
pgloadind     OTT ID not in database (probably dubious)
pgloadind       dubious name "Pseudomuriella aurantiaca" nexsonid "node566400"
pgloadind       dubious OTT ID 332821
pgloadind     OTT ID not in database (probably dubious)
pgloadind       dubious name "Dictyococcus schumacherensis" nexsonid "node566401"
pgloadind       dubious OTT ID 15345
pgloadind     pruning dups and overlapping name "Bracteacoccus giganteus" nexsonid "node566390"
pgloadind     pruning dups and overlapping name "Pseudomuriella aurantiaca" nexsonid "node566400"
pgloadind     pruning dups and overlapping name "Bracteacoccus medionucleatus" nexsonid "node566385"
pgloadind     pruning dups and overlapping name "Pseudomuriella engadinensis" nexsonid "node566398"
pgloadind     pruning dups and overlapping name "Bracteacoccus cohaerens" nexsonid "node566387"
pgloadind     pruning dups and overlapping name "Bracteacoccus minor" nexsonid "node566384"
pgloadind     pruning dups and overlapping name "Bracteacoccus aerius" nexsonid "node566391"
pgloadind     pruning dups and overlapping name "Dictyococcus schumacherensis" nexsonid "node566401"
pgloadind     pruning dups and overlapping name "Planktosphaeria gelatinosa" nexsonid "node566394"
pgloadind     pruning dups and overlapping name "Pseudomuriella engadinensis" nexsonid "node566399"
pgloadind     pruning dups and overlapping name "Bracteacoccus pseudominor" nexsonid "node566389"
pgloadind     pruning dups and overlapping name "Bracteacoccus grandis" nexsonid "node566386"
pgloadind     pruning dups and overlapping name "Radiococcus polycoccus" nexsonid "node566393"
pgloadind       Error pruning leaf name "Radiococcus polycoccus"
done fixing name
