pgloadind OTUs number 14
pgloadind Processing tree @id "2459"
pgloadind   tree info number nodes 22
pgloadind   tree info number edges 21
pgloadind   tree info ingroup "node566421"
pgloadind   Setting ingroup root node.
pgloadind   Ingested tree number of external nodes 12
pgloadind   property added ot:studyPublicationReference "Fucikova K., Rada J., Lukesova A., & Lewis L. 2011. Cryptic Diversity within the Genus Pseudomuriella Hanagata (Chlorophyta, Chlorophyceae, Sphaeropleales) Assessed Using Four Barcode Markers. Nova Hedwigia, 93: 29 - 46."
pgloadind   property added ot:studyPublication "http://dx.doi.org/10.1127/0029-5035/2011/0093-0029"
pgloadind   property added ot:curatorName "bryan drew"
pgloadind   property added ot:dataDeposit "http://purl.org/phylo/treebase/phylows/study/TB2:S10903"
pgloadind   property added ot:studyId "1220"
pgloadind   property added ot:studyYear "2011"
pgloadind   property added ot:focalClade "913687"
pgloadind   property added ot:focalCladeOTTTaxonName "Chlorophyta"
pgloadind   property added ot:inGroupClade "node566421"
pgloadind   property added ot:curatedType "4barcodes"
pgloadind Processing tree @id "2460"
pgloadind   tree info number nodes 13
pgloadind   tree info number edges 12
pgloadind   tree info ingroup "node566445"
pgloadind   Setting ingroup root node.
pgloadind   Ingested tree number of external nodes 5
pgloadind   property added ot:studyPublicationReference "Fucikova K., Rada J., Lukesova A., & Lewis L. 2011. Cryptic Diversity within the Genus Pseudomuriella Hanagata (Chlorophyta, Chlorophyceae, Sphaeropleales) Assessed Using Four Barcode Markers. Nova Hedwigia, 93: 29 - 46."
pgloadind   property added ot:studyPublication "http://dx.doi.org/10.1127/0029-5035/2011/0093-0029"
pgloadind   property added ot:curatorName "bryan drew"
pgloadind   property added ot:dataDeposit "http://purl.org/phylo/treebase/phylows/study/TB2:S10903"
pgloadind   property added ot:studyId "1220"
pgloadind   property added ot:studyYear "2011"
pgloadind   property added ot:focalClade "913687"
pgloadind   property added ot:focalCladeOTTTaxonName "Chlorophyta"
pgloadind   property added ot:inGroupClade "node566445"
pgloadind   property added ot:curatedType "18S + rbcL"
loading a specific tree: 2459
skipping tree: 2460
pgloadind conducting TNRS on trees
pgloadind   name fixing on tree tree id "2459"
pgloadind   all nodes have ottIds
pgloadind     OTT ID not in database (probably dubious)
pgloadind       dubious name "Pseudomuriella engadinensis" nexsonid "node566426"
pgloadind       dubious OTT ID 523068
pgloadind     OTT ID not in database (probably dubious)
pgloadind       dubious name "Pseudomuriella engadinensis" nexsonid "node566427"
pgloadind       dubious OTT ID 523068
pgloadind     OTT ID not in database (probably dubious)
pgloadind       dubious name "Pseudomuriella engadinensis" nexsonid "node566428"
pgloadind       dubious OTT ID 523068
pgloadind     OTT ID not in database (probably dubious)
pgloadind       dubious name "Pseudomuriella engadinensis" nexsonid "node566429"
pgloadind       dubious OTT ID 523068
pgloadind     OTT ID not in database (probably dubious)
pgloadind       dubious name "Pseudomuriella aurantiaca" nexsonid "node566431"
pgloadind       dubious OTT ID 332821
pgloadind     OTT ID not in database (probably dubious)
pgloadind       dubious name "Pseudomuriella aurantiaca" nexsonid "node566432"
pgloadind       dubious OTT ID 332821
pgloadind     OTT ID not in database (probably dubious)
pgloadind       dubious name "Pseudomuriella cubensis" nexsonid "node566433"
pgloadind       dubious OTT ID 392896
pgloadind     OTT ID not in database (probably dubious)
pgloadind       dubious name "Dictyococcus schumacherensis" nexsonid "node566438"
pgloadind       dubious OTT ID 15345
pgloadind     OTT ID not in database (probably dubious)
pgloadind       dubious name "Dictyococcus schumacherensis" nexsonid "node566439"
pgloadind       dubious OTT ID 15345
pgloadind     OTT ID not in database (probably dubious)
pgloadind       dubious name "Dictyococcus schumacherensis" nexsonid "node566440"
pgloadind       dubious OTT ID 15345
pgloadind     OTT ID not in database (probably dubious)
pgloadind       dubious name "Dictyococcus schumacherensis" nexsonid "node566441"
pgloadind       dubious OTT ID 15345
pgloadind     OTT ID not in database (probably dubious)
pgloadind       dubious name "Dictyococcus schumacherensis" nexsonid "node566442"
pgloadind       dubious OTT ID 15345
pgloadind     pruning dups and overlapping name "Pseudomuriella engadinensis" nexsonid "node566428"
pgloadind     pruning dups and overlapping name "Dictyococcus schumacherensis" nexsonid "node566439"
pgloadind     pruning dups and overlapping name "Dictyococcus schumacherensis" nexsonid "node566438"
pgloadind     pruning dups and overlapping name "Pseudomuriella aurantiaca" nexsonid "node566432"
pgloadind     pruning dups and overlapping name "Dictyococcus schumacherensis" nexsonid "node566441"
pgloadind     pruning dups and overlapping name "Dictyococcus schumacherensis" nexsonid "node566442"
pgloadind     pruning dups and overlapping name "Pseudomuriella engadinensis" nexsonid "node566427"
pgloadind     pruning dups and overlapping name "Pseudomuriella cubensis" nexsonid "node566433"
pgloadind     pruning dups and overlapping name "Pseudomuriella aurantiaca" nexsonid "node566431"
pgloadind     pruning dups and overlapping name "Pseudomuriella engadinensis" nexsonid "node566426"
pgloadind     pruning dups and overlapping name "Pseudomuriella engadinensis" nexsonid "node566429"
pgloadind     pruning dups and overlapping name "Dictyococcus schumacherensis" nexsonid "node566440"
pgloadind       Error pruning leaf name "Dictyococcus schumacherensis"
done fixing name
