pgloadind OTUs number 212
pgloadind Processing tree @id "2916"
pgloadind   tree info number nodes 113
pgloadind   tree info number edges 112
pgloadind   tree info ingroup "node618217"
pgloadind   Setting ingroup root node.
pgloadind   Ingested tree number of external nodes 52
pgloadind   property added ot:studyPublicationReference "Symmank, L., Samain, M. S., Smith, J. F., Pino, G., Stoll, A., Goetghebeur, P., ... & Wanke, S. (2011). The extraordinary journey of Peperomia subgenus Tildenia (Piperaceae): insights into diversification and colonization patterns from its cradle in Peru to the Trans‐Mexican Volcanic Belt. Journal of Biogeography, 38(12), 2337-2349."
pgloadind   property added ot:studyPublication "http://dx.doi.org/10.1111/j.1365-2699.2011.02586.x"
pgloadind   property added ot:curatorName "Jiabin Deng"
pgloadind   property added ot:dataDeposit "http://purl.org/phylo/treebase/phylows/study/TB2:S11468"
pgloadind   property added ot:studyId "1443"
pgloadind   property added ot:studyYear "2011"
pgloadind   property added ot:focalClade "1261346"
pgloadind   property added ot:tag "cpDNA"
pgloadind   property added ot:tag "ingroup added;"
pgloadind   property added ot:inGroupClade "node618217"
pgloadind Processing tree @id "2917"
pgloadind   tree info number nodes 349
pgloadind   tree info number edges 348
pgloadind   tree info ingroup "node618338"
pgloadind   Setting ingroup root node.
pgloadind   Ingested tree number of external nodes 204
pgloadind   property added ot:studyPublicationReference "Symmank, L., Samain, M. S., Smith, J. F., Pino, G., Stoll, A., Goetghebeur, P., ... & Wanke, S. (2011). The extraordinary journey of Peperomia subgenus Tildenia (Piperaceae): insights into diversification and colonization patterns from its cradle in Peru to the Trans‐Mexican Volcanic Belt. Journal of Biogeography, 38(12), 2337-2349."
pgloadind   property added ot:studyPublication "http://dx.doi.org/10.1111/j.1365-2699.2011.02586.x"
pgloadind   property added ot:curatorName "Jiabin Deng"
pgloadind   property added ot:dataDeposit "http://purl.org/phylo/treebase/phylows/study/TB2:S11468"
pgloadind   property added ot:studyId "1443"
pgloadind   property added ot:studyYear "2011"
pgloadind   property added ot:focalClade "1261346"
pgloadind   property added ot:tag "cpDNA"
pgloadind   property added ot:tag "ingroup added;"
pgloadind   property added ot:inGroupClade "node618338"
loading a specific tree: 2917
skipping tree: 2916
pgloadind conducting TNRS on trees
pgloadind   name fixing on tree tree id "2917"
pgloadind   all nodes have ottIds
pgloadind     OTT ID reused in tree
pgloadind       duplicate name "Peperomia" nexsonid "node618367"
pgloadind       duplicate OTT ID 108956
pgloadind     OTT ID reused in tree
pgloadind       duplicate name "Peperomia umbrosa" nexsonid "node618372"
pgloadind       duplicate OTT ID 104735
pgloadind     OTT ID reused in tree
pgloadind       duplicate name "Peperomia umbrosa" nexsonid "node618373"
pgloadind       duplicate OTT ID 104735
pgloadind     OTT ID reused in tree
pgloadind       duplicate name "Peperomia polycephala" nexsonid "node618383"
pgloadind       duplicate OTT ID 955448
pgloadind     OTT ID reused in tree
pgloadind       duplicate name "Peperomia polycephala" nexsonid "node618381"
pgloadind       duplicate OTT ID 955448
pgloadind     OTT ID reused in tree
pgloadind       duplicate name "Peperomia polycephala" nexsonid "node618380"
pgloadind       duplicate OTT ID 955448
pgloadind     OTT ID reused in tree
pgloadind       duplicate name "Peperomia polycephala" nexsonid "node618377"
pgloadind       duplicate OTT ID 955448
pgloadind     OTT ID reused in tree
pgloadind       duplicate name "Peperomia polycephala" nexsonid "node618378"
pgloadind       duplicate OTT ID 955448
pgloadind     OTT ID reused in tree
pgloadind       duplicate name "Peperomia polycephala" nexsonid "node618375"
pgloadind       duplicate OTT ID 955448
pgloadind     OTT ID reused in tree
pgloadind       duplicate name "Peperomia peruviana" nexsonid "node618398"
pgloadind       duplicate OTT ID 955444
pgloadind     OTT ID reused in tree
pgloadind       duplicate name "Peperomia peruviana" nexsonid "node618396"
pgloadind       duplicate OTT ID 955444
pgloadind     OTT ID reused in tree
pgloadind       duplicate name "Peperomia peruviana" nexsonid "node618402"
pgloadind       duplicate OTT ID 955444
pgloadind     OTT ID reused in tree
pgloadind       duplicate name "Peperomia peruviana" nexsonid "node618399"
pgloadind       duplicate OTT ID 955444
pgloadind     OTT ID reused in tree
pgloadind       duplicate name "Peperomia peruviana" nexsonid "node618401"
pgloadind       duplicate OTT ID 955444
pgloadind     OTT ID reused in tree
pgloadind       duplicate name "Peperomia peruviana" nexsonid "node618400"
pgloadind       duplicate OTT ID 955444
pgloadind     OTT ID reused in tree
pgloadind       duplicate name "Peperomia peruviana" nexsonid "node618406"
pgloadind       duplicate OTT ID 955444
pgloadind     OTT ID reused in tree
pgloadind       duplicate name "Peperomia peruviana" nexsonid "node618407"
pgloadind       duplicate OTT ID 955444
pgloadind     OTT ID reused in tree
pgloadind       duplicate name "Peperomia peruviana" nexsonid "node618408"
pgloadind       duplicate OTT ID 955444
pgloadind     OTT ID reused in tree
pgloadind       duplicate name "Peperomia peruviana" nexsonid "node618403"
pgloadind       duplicate OTT ID 955444
pgloadind     OTT ID reused in tree
pgloadind       duplicate name "Peperomia peruviana" nexsonid "node618404"
pgloadind       duplicate OTT ID 955444
pgloadind     OTT ID reused in tree
pgloadind       duplicate name "Peperomia peruviana" nexsonid "node618391"
pgloadind       duplicate OTT ID 955444
pgloadind     OTT ID reused in tree
pgloadind       duplicate name "Peperomia peruviana" nexsonid "node618390"
pgloadind       duplicate OTT ID 955444
pgloadind     OTT ID reused in tree
pgloadind       duplicate name "Peperomia peruviana" nexsonid "node618394"
pgloadind       duplicate OTT ID 955444
pgloadind     OTT ID reused in tree
pgloadind       duplicate name "Peperomia peruviana" nexsonid "node618393"
pgloadind       duplicate OTT ID 955444
pgloadind     OTT ID reused in tree
pgloadind       duplicate name "Peperomia peruviana" nexsonid "node618387"
pgloadind       duplicate OTT ID 955444
pgloadind     OTT ID reused in tree
pgloadind       duplicate name "Peperomia albonervosa" nexsonid "node618602"
pgloadind       duplicate OTT ID 645874
pgloadind     OTT ID reused in tree
pgloadind       duplicate name "Peperomia schizandra" nexsonid "node618597"
pgloadind       duplicate OTT ID 1026010
pgloadind     OTT ID reused in tree
pgloadind       duplicate name "Peperomia schizandra" nexsonid "node618595"
pgloadind       duplicate OTT ID 1026010
pgloadind     OTT ID reused in tree
pgloadind       duplicate name "Peperomia schizandra" nexsonid "node618592"
pgloadind       duplicate OTT ID 1026010
pgloadind     OTT ID reused in tree
pgloadind       duplicate name "Peperomia macrandra" nexsonid "node618590"
pgloadind       duplicate OTT ID 645847
pgloadind     OTT ID reused in tree
pgloadind       duplicate name "Peperomia macrandra" nexsonid "node618587"
pgloadind       duplicate OTT ID 645847
pgloadind     OTT ID reused in tree
pgloadind       duplicate name "Peperomia macrandra" nexsonid "node618615"
pgloadind       duplicate OTT ID 645847
pgloadind     OTT ID reused in tree
pgloadind       duplicate name "Peperomia macrandra" nexsonid "node618616"
pgloadind       duplicate OTT ID 645847
pgloadind     OTT ID reused in tree
pgloadind       duplicate name "Peperomia pedicellata" nexsonid "node618613"
pgloadind       duplicate OTT ID 317311
pgloadind     OTT ID reused in tree
pgloadind       duplicate name "Peperomia bracteata" nexsonid "node618664"
pgloadind       duplicate OTT ID 13381
pgloadind     OTT ID reused in tree
pgloadind       duplicate name "Peperomia bracteata" nexsonid "node618663"
pgloadind       duplicate OTT ID 13381
pgloadind     OTT ID reused in tree
pgloadind       duplicate name "Peperomia bracteata" nexsonid "node618667"
pgloadind       duplicate OTT ID 13381
pgloadind     OTT ID reused in tree
pgloadind       duplicate name "Peperomia bracteata" nexsonid "node618666"
pgloadind       duplicate OTT ID 13381
pgloadind     OTT ID reused in tree
pgloadind       duplicate name "Peperomia bracteata" nexsonid "node618676"
pgloadind       duplicate OTT ID 13381
pgloadind     OTT ID reused in tree
pgloadind       duplicate name "Peperomia bracteata" nexsonid "node618672"
pgloadind       duplicate OTT ID 13381
pgloadind     OTT ID reused in tree
pgloadind       duplicate name "Peperomia bracteata" nexsonid "node618670"
pgloadind       duplicate OTT ID 13381
pgloadind     OTT ID reused in tree
pgloadind       duplicate name "Peperomia bracteata" nexsonid "node618669"
pgloadind       duplicate OTT ID 13381
pgloadind     OTT ID reused in tree
pgloadind       duplicate name "Peperomia bracteata" nexsonid "node618674"
pgloadind       duplicate OTT ID 13381
pgloadind     OTT ID reused in tree
pgloadind       duplicate name "Peperomia bracteata" nexsonid "node618671"
pgloadind       duplicate OTT ID 13381
pgloadind     OTT ID reused in tree
pgloadind       duplicate name "Peperomia bracteata" nexsonid "node618673"
pgloadind       duplicate OTT ID 13381
pgloadind     OTT ID reused in tree
pgloadind       duplicate name "Peperomia bracteata" nexsonid "node618675"
pgloadind       duplicate OTT ID 13381
pgloadind     OTT ID reused in tree
pgloadind       duplicate name "Peperomia bracteata" nexsonid "node618661"
pgloadind       duplicate OTT ID 13381
pgloadind     OTT ID reused in tree
pgloadind       duplicate name "Peperomia cavispicata" nexsonid "node618657"
pgloadind       duplicate OTT ID 468447
pgloadind     OTT ID reused in tree
pgloadind       duplicate name "Peperomia" nexsonid "node618656"
pgloadind       duplicate OTT ID 108956
pgloadind     OTT ID reused in tree
pgloadind       duplicate name "Peperomia putlaensis" nexsonid "node618651"
pgloadind       duplicate OTT ID 1026007
pgloadind     OTT ID reused in tree
pgloadind       duplicate name "Peperomia bracteata" nexsonid "node618638"
pgloadind       duplicate OTT ID 13381
pgloadind     OTT ID reused in tree
pgloadind       duplicate name "Peperomia bracteata" nexsonid "node618637"
pgloadind       duplicate OTT ID 13381
pgloadind     OTT ID reused in tree
pgloadind       duplicate name "Peperomia bracteata" nexsonid "node618636"
pgloadind       duplicate OTT ID 13381
pgloadind     OTT ID reused in tree
pgloadind       duplicate name "Peperomia bracteata" nexsonid "node618642"
pgloadind       duplicate OTT ID 13381
pgloadind     OTT ID reused in tree
pgloadind       duplicate name "Peperomia bracteata" nexsonid "node618646"
pgloadind       duplicate OTT ID 13381
pgloadind     OTT ID reused in tree
pgloadind       duplicate name "Peperomia bracteata" nexsonid "node618645"
pgloadind       duplicate OTT ID 13381
pgloadind     OTT ID reused in tree
pgloadind       duplicate name "Peperomia bracteata" nexsonid "node618641"
pgloadind       duplicate OTT ID 13381
pgloadind     OTT ID reused in tree
pgloadind       duplicate name "Peperomia bracteata" nexsonid "node618643"
pgloadind       duplicate OTT ID 13381
pgloadind     OTT ID reused in tree
pgloadind       duplicate name "Peperomia ovatopeltata" nexsonid "node618626"
pgloadind       duplicate OTT ID 534706
pgloadind     OTT ID reused in tree
pgloadind       duplicate name "Peperomia macrandra" nexsonid "node618627"
pgloadind       duplicate OTT ID 645847
pgloadind     OTT ID reused in tree
pgloadind       duplicate name "Peperomia ovatopeltata" nexsonid "node618631"
pgloadind       duplicate OTT ID 534706
pgloadind     OTT ID reused in tree
pgloadind       duplicate name "Peperomia ovatopeltata" nexsonid "node618630"
pgloadind       duplicate OTT ID 534706
pgloadind     OTT ID reused in tree
pgloadind       duplicate name "Peperomia ovatopeltata" nexsonid "node618634"
pgloadind       duplicate OTT ID 534706
pgloadind     OTT ID reused in tree
pgloadind       duplicate name "Peperomia ovatopeltata" nexsonid "node618633"
pgloadind       duplicate OTT ID 534706
pgloadind     OTT ID reused in tree
pgloadind       duplicate name "Peperomia basiradicans" nexsonid "node618610"
pgloadind       duplicate OTT ID 13383
pgloadind     OTT ID reused in tree
pgloadind       duplicate name "Peperomia schizandra" nexsonid "node618584"
pgloadind       duplicate OTT ID 1026010
pgloadind     OTT ID reused in tree
pgloadind       duplicate name "Peperomia bracteata" nexsonid "node618583"
pgloadind       duplicate OTT ID 13381
pgloadind     OTT ID reused in tree
pgloadind       duplicate name "Peperomia bracteata" nexsonid "node618581"
pgloadind       duplicate OTT ID 13381
pgloadind     OTT ID reused in tree
pgloadind       duplicate name "Peperomia gracillima" nexsonid "node618567"
pgloadind       duplicate OTT ID 680628
pgloadind     OTT ID reused in tree
pgloadind       duplicate name "Peperomia questionis" nexsonid "node618568"
pgloadind       duplicate OTT ID 534698
pgloadind     OTT ID reused in tree
pgloadind       duplicate name "Peperomia occulta" nexsonid "node618572"
pgloadind       duplicate OTT ID 59325
pgloadind     OTT ID reused in tree
pgloadind       duplicate name "Peperomia mexicana" nexsonid "node618577"
pgloadind       duplicate OTT ID 127008
pgloadind     OTT ID reused in tree
pgloadind       duplicate name "Peperomia mexicana" nexsonid "node618576"
pgloadind       duplicate OTT ID 127008
pgloadind     OTT ID reused in tree
pgloadind       duplicate name "Peperomia occulta" nexsonid "node618574"
pgloadind       duplicate OTT ID 59325
pgloadind     OTT ID reused in tree
pgloadind       duplicate name "Peperomia querocochana" nexsonid "node618415"
pgloadind       duplicate OTT ID 523136
pgloadind     OTT ID reused in tree
pgloadind       duplicate name "Peperomia wernerrauhii" nexsonid "node618489"
pgloadind       duplicate OTT ID 618540
pgloadind     OTT ID reused in tree
pgloadind       duplicate name "Peperomia macrorhiza" nexsonid "node618499"
pgloadind       duplicate OTT ID 1049317
pgloadind     OTT ID reused in tree
pgloadind       duplicate name "Peperomia parvifolia" nexsonid "node618507"
pgloadind       duplicate OTT ID 1049333
pgloadind     OTT ID reused in tree
pgloadind       duplicate name "Peperomia parvifolia" nexsonid "node618501"
pgloadind       duplicate OTT ID 1049333
pgloadind     OTT ID reused in tree
pgloadind       duplicate name "Peperomia andina" nexsonid "node618502"
pgloadind       duplicate OTT ID 42159
pgloadind     OTT ID reused in tree
pgloadind       duplicate name "Peperomia andina" nexsonid "node618491"
pgloadind       duplicate OTT ID 42159
pgloadind     OTT ID reused in tree
pgloadind       duplicate name "Peperomia parvifolia" nexsonid "node618495"
pgloadind       duplicate OTT ID 1049333
pgloadind     OTT ID reused in tree
pgloadind       duplicate name "Peperomia wernerrauhii" nexsonid "node618496"
pgloadind       duplicate OTT ID 618540
pgloadind     OTT ID reused in tree
pgloadind       duplicate name "Peperomia lilliputana" nexsonid "node618490"
pgloadind       duplicate OTT ID 1049312
pgloadind     OTT ID reused in tree
pgloadind       duplicate name "Peperomia pseudoperuviana" nexsonid "node618486"
pgloadind       duplicate OTT ID 955457
pgloadind     OTT ID reused in tree
pgloadind       duplicate name "Peperomia andina" nexsonid "node618483"
pgloadind       duplicate OTT ID 42159
pgloadind     OTT ID reused in tree
pgloadind       duplicate name "Peperomia dolabella" nexsonid "node618482"
pgloadind       duplicate OTT ID 680643
pgloadind     OTT ID reused in tree
pgloadind       duplicate name "Peperomia dolabella" nexsonid "node618480"
pgloadind       duplicate OTT ID 680643
pgloadind     OTT ID reused in tree
pgloadind       duplicate name "Peperomia andina" nexsonid "node618477"
pgloadind       duplicate OTT ID 42159
pgloadind     OTT ID reused in tree
pgloadind       duplicate name "Peperomia dolabella" nexsonid "node618478"
pgloadind       duplicate OTT ID 680643
pgloadind     OTT ID reused in tree
pgloadind       duplicate name "Peperomia umbilicata" nexsonid "node618467"
pgloadind       duplicate OTT ID 104733
pgloadind     OTT ID reused in tree
pgloadind       duplicate name "Peperomia umbilicata" nexsonid "node618469"
pgloadind       duplicate OTT ID 104733
pgloadind     OTT ID reused in tree
pgloadind       duplicate name "Peperomia umbilicata" nexsonid "node618468"
pgloadind       duplicate OTT ID 104733
pgloadind     OTT ID reused in tree
pgloadind       duplicate name "Peperomia cerrateae" nexsonid "node618436"
pgloadind       duplicate OTT ID 1049327
pgloadind     OTT ID reused in tree
pgloadind       duplicate name "Peperomia cerrateae" nexsonid "node618437"
pgloadind       duplicate OTT ID 1049327
pgloadind     OTT ID reused in tree
pgloadind       duplicate name "Peperomia cerrateae" nexsonid "node618438"
pgloadind       duplicate OTT ID 1049327
pgloadind     OTT ID reused in tree
pgloadind       duplicate name "Peperomia cerrateae" nexsonid "node618434"
pgloadind       duplicate OTT ID 1049327
pgloadind     OTT ID reused in tree
pgloadind       duplicate name "Peperomia cerrateae" nexsonid "node618430"
pgloadind       duplicate OTT ID 1049327
pgloadind     OTT ID reused in tree
pgloadind       duplicate name "Peperomia cerrateae" nexsonid "node618428"
pgloadind       duplicate OTT ID 1049327
pgloadind     OTT ID reused in tree
pgloadind       duplicate name "Peperomia cerrateae" nexsonid "node618425"
pgloadind       duplicate OTT ID 1049327
pgloadind     OTT ID reused in tree
pgloadind       duplicate name "Peperomia cerrateae" nexsonid "node618426"
pgloadind       duplicate OTT ID 1049327
pgloadind     OTT ID reused in tree
pgloadind       duplicate name "Peperomia pseudoverruculosa" nexsonid "node618462"
pgloadind       duplicate OTT ID 955454
pgloadind     OTT ID reused in tree
pgloadind       duplicate name "Peperomia pseudoverruculosa" nexsonid "node618459"
pgloadind       duplicate OTT ID 955454
pgloadind     OTT ID reused in tree
pgloadind       duplicate name "Peperomia pseudoverruculosa" nexsonid "node618457"
pgloadind       duplicate OTT ID 955454
pgloadind     OTT ID reused in tree
pgloadind       duplicate name "Peperomia pseudoverruculosa" nexsonid "node618454"
pgloadind       duplicate OTT ID 955454
pgloadind     OTT ID reused in tree
pgloadind       duplicate name "Peperomia pseudoverruculosa" nexsonid "node618455"
pgloadind       duplicate OTT ID 955454
pgloadind     OTT ID reused in tree
pgloadind       duplicate name "Peperomia pseudoverruculosa" nexsonid "node618450"
pgloadind       duplicate OTT ID 955454
pgloadind     OTT ID reused in tree
pgloadind       duplicate name "Peperomia pseudoverruculosa" nexsonid "node618451"
pgloadind       duplicate OTT ID 955454
pgloadind     OTT ID reused in tree
pgloadind       duplicate name "Peperomia pseudoverruculosa" nexsonid "node618448"
pgloadind       duplicate OTT ID 955454
pgloadind     OTT ID reused in tree
pgloadind       duplicate name "Peperomia ayacuchoana" nexsonid "node618445"
pgloadind       duplicate OTT ID 574138
pgloadind     OTT ID reused in tree
pgloadind       duplicate name "Peperomia ayacuchoana" nexsonid "node618444"
pgloadind       duplicate OTT ID 574138
pgloadind     OTT ID reused in tree
pgloadind       duplicate name "Peperomia ayacuchoana" nexsonid "node618442"
pgloadind       duplicate OTT ID 574138
pgloadind     OTT ID reused in tree
pgloadind       duplicate name "Peperomia parvisagittata" nexsonid "node618422"
pgloadind       duplicate OTT ID 955446
pgloadind     OTT ID reused in tree
pgloadind       duplicate name "Peperomia parvisagittata" nexsonid "node618419"
pgloadind       duplicate OTT ID 955446
pgloadind     OTT ID reused in tree
pgloadind       duplicate name "Peperomia radiatinervosa" nexsonid "node618518"
pgloadind       duplicate OTT ID 523134
pgloadind     OTT ID reused in tree
pgloadind       duplicate name "Peperomia radiatinervosa" nexsonid "node618521"
pgloadind       duplicate OTT ID 523134
pgloadind     OTT ID reused in tree
pgloadind       duplicate name "Peperomia radiatinervosa" nexsonid "node618520"
pgloadind       duplicate OTT ID 523134
pgloadind     OTT ID reused in tree
pgloadind       duplicate name "Peperomia radiatinervosa" nexsonid "node618515"
pgloadind       duplicate OTT ID 523134
pgloadind     OTT ID reused in tree
pgloadind       duplicate name "Peperomia radiatinervosa" nexsonid "node618516"
pgloadind       duplicate OTT ID 523134
pgloadind     OTT ID reused in tree
pgloadind       duplicate name "Peperomia radiatinervosa" nexsonid "node618511"
pgloadind       duplicate OTT ID 523134
pgloadind     OTT ID reused in tree
pgloadind       duplicate name "Peperomia radiatinervosa" nexsonid "node618510"
pgloadind       duplicate OTT ID 523134
pgloadind     OTT ID reused in tree
pgloadind       duplicate name "Peperomia verruculosa" nexsonid "node618537"
pgloadind       duplicate OTT ID 104737
pgloadind     OTT ID reused in tree
pgloadind       duplicate name "Peperomia verruculosa" nexsonid "node618535"
pgloadind       duplicate OTT ID 104737
pgloadind     OTT ID reused in tree
pgloadind       duplicate name "Peperomia verruculosa" nexsonid "node618540"
pgloadind       duplicate OTT ID 104737
pgloadind     OTT ID reused in tree
pgloadind       duplicate name "Peperomia verruculosa" nexsonid "node618542"
pgloadind       duplicate OTT ID 104737
pgloadind     OTT ID reused in tree
pgloadind       duplicate name "Peperomia verruculosa" nexsonid "node618547"
pgloadind       duplicate OTT ID 104737
pgloadind     OTT ID reused in tree
pgloadind       duplicate name "Peperomia verruculosa" nexsonid "node618548"
pgloadind       duplicate OTT ID 104737
pgloadind     OTT ID reused in tree
pgloadind       duplicate name "Peperomia verruculosa" nexsonid "node618544"
pgloadind       duplicate OTT ID 104737
pgloadind     OTT ID reused in tree
pgloadind       duplicate name "Peperomia verruculosa" nexsonid "node618554"
pgloadind       duplicate OTT ID 104737
pgloadind     OTT ID reused in tree
pgloadind       duplicate name "Peperomia verruculosa" nexsonid "node618553"
pgloadind       duplicate OTT ID 104737
pgloadind     OTT ID reused in tree
pgloadind       duplicate name "Peperomia verruculosa" nexsonid "node618551"
pgloadind       duplicate OTT ID 104737
pgloadind     OTT ID reused in tree
pgloadind       duplicate name "Peperomia verruculosa" nexsonid "node618556"
pgloadind       duplicate OTT ID 104737
pgloadind     OTT ID reused in tree
pgloadind       duplicate name "Peperomia verruculosa" nexsonid "node618557"
pgloadind       duplicate OTT ID 104737
pgloadind     OTT ID reused in tree
pgloadind       duplicate name "Peperomia verruculosa" nexsonid "node618560"
pgloadind       duplicate OTT ID 104737
pgloadind     OTT ID reused in tree
pgloadind       duplicate name "Peperomia verruculosa" nexsonid "node618559"
pgloadind       duplicate OTT ID 104737
pgloadind     OTT ID reused in tree
pgloadind       duplicate name "Peperomia verruculosa" nexsonid "node618552"
pgloadind       duplicate OTT ID 104737
pgloadind     OTT ID reused in tree
pgloadind       duplicate name "Peperomia verruculosa" nexsonid "node618550"
pgloadind       duplicate OTT ID 104737
pgloadind     OTT ID reused in tree
pgloadind       duplicate name "Peperomia verruculosa" nexsonid "node618545"
pgloadind       duplicate OTT ID 104737
pgloadind     OTT ID reused in tree
pgloadind       duplicate name "Peperomia cyclaminoides" nexsonid "node618530"
pgloadind       duplicate OTT ID 1049323
pgloadind     OTT ID reused in tree
pgloadind       duplicate name "Peperomia cyclaminoides" nexsonid "node618528"
pgloadind       duplicate OTT ID 1049323
pgloadind     OTT ID reused in tree
pgloadind       duplicate name "Peperomia cyclaminoides" nexsonid "node618527"
pgloadind       duplicate OTT ID 1049323
pgloadind     OTT ID reused in tree
pgloadind       duplicate name "Peperomia cyclaminoides" nexsonid "node618533"
pgloadind       duplicate OTT ID 1049323
pgloadind     OTT ID reused in tree
pgloadind       duplicate name "Peperomia cyclaminoides" nexsonid "node618532"
pgloadind       duplicate OTT ID 1049323
pgloadind     OTT ID reused in tree
pgloadind       duplicate name "Peperomia cyclaminoides" nexsonid "node618524"
pgloadind       duplicate OTT ID 1049323
pgloadind     OTT ID reused in tree
pgloadind       duplicate name "Peperomia cyclaminoides" nexsonid "node618525"
pgloadind       duplicate OTT ID 1049323
pgloadind     OTT ID reused in tree
pgloadind       duplicate name "Peperomia klopfensteinii" nexsonid "node618351"
pgloadind       duplicate OTT ID 1049321
pgloadind     OTT ID reused in tree
pgloadind       duplicate name "Peperomia klopfensteinii" nexsonid "node618352"
pgloadind       duplicate OTT ID 1049321
pgloadind     OTT ID reused in tree
pgloadind       duplicate name "Peperomia rupiseda" nexsonid "node618361"
pgloadind       duplicate OTT ID 104728
pgloadind     OTT ID reused in tree
pgloadind       duplicate name "Peperomia rupiseda" nexsonid "node618358"
pgloadind       duplicate OTT ID 104728
pgloadind     OTT ID reused in tree
pgloadind       duplicate name "Peperomia rupiseda" nexsonid "node618356"
pgloadind       duplicate OTT ID 104728
pgloadind     OTT ID reused in tree
pgloadind       duplicate name "Peperomia rupiseda" nexsonid "node618354"
pgloadind       duplicate OTT ID 104728
pgloadind     overlapping tips
pgloadind       overlapping retained name "Peperomia hispiduliformis" nexsonid "node618342"
pgloadind       overlapping pruned name "Peperomia" nexsonid "node618368"
pgloadind     pruning dups and overlapping name "Peperomia andina" nexsonid "node618491"
pgloadind     pruning dups and overlapping name "Peperomia schizandra" nexsonid "node618592"
pgloadind     pruning dups and overlapping name "Peperomia cyclaminoides" nexsonid "node618530"
pgloadind     pruning dups and overlapping name "Peperomia verruculosa" nexsonid "node618537"
pgloadind     pruning dups and overlapping name "Peperomia rupiseda" nexsonid "node618354"
pgloadind     pruning dups and overlapping name "Peperomia ayacuchoana" nexsonid "node618445"
pgloadind     pruning dups and overlapping name "Peperomia wernerrauhii" nexsonid "node618489"
pgloadind     pruning dups and overlapping name "Peperomia radiatinervosa" nexsonid "node618520"
pgloadind     pruning dups and overlapping name "Peperomia verruculosa" nexsonid "node618556"
pgloadind     pruning dups and overlapping name "Peperomia radiatinervosa" nexsonid "node618511"
pgloadind     pruning dups and overlapping name "Peperomia macrorhiza" nexsonid "node618499"
pgloadind     pruning dups and overlapping name "Peperomia radiatinervosa" nexsonid "node618516"
pgloadind     pruning dups and overlapping name "Peperomia pseudoverruculosa" nexsonid "node618462"
pgloadind     pruning dups and overlapping name "Peperomia mexicana" nexsonid "node618577"
pgloadind     pruning dups and overlapping name "Peperomia polycephala" nexsonid "node618381"
pgloadind     pruning dups and overlapping name "Peperomia bracteata" nexsonid "node618636"
pgloadind     pruning dups and overlapping name "Peperomia cerrateae" nexsonid "node618437"
pgloadind     pruning dups and overlapping name "Peperomia parvisagittata" nexsonid "node618419"
pgloadind     pruning dups and overlapping name "Peperomia rupiseda" nexsonid "node618356"
pgloadind     pruning dups and overlapping name "Peperomia pseudoverruculosa" nexsonid "node618457"
pgloadind     pruning dups and overlapping name "Peperomia" nexsonid "node618367"
pgloadind     pruning dups and overlapping name "Peperomia cyclaminoides" nexsonid "node618533"
pgloadind     pruning dups and overlapping name "Peperomia cavispicata" nexsonid "node618657"
pgloadind     pruning dups and overlapping name "Peperomia gracillima" nexsonid "node618567"
pgloadind     pruning dups and overlapping name "Peperomia bracteata" nexsonid "node618664"
pgloadind     pruning dups and overlapping name "Peperomia polycephala" nexsonid "node618378"
pgloadind     pruning dups and overlapping name "Peperomia pseudoperuviana" nexsonid "node618486"
pgloadind     pruning dups and overlapping name "Peperomia" nexsonid "node618368"
pgloadind     pruning dups and overlapping name "Peperomia schizandra" nexsonid "node618595"
pgloadind     pruning dups and overlapping name "Peperomia schizandra" nexsonid "node618597"
pgloadind     pruning dups and overlapping name "Peperomia bracteata" nexsonid "node618669"
pgloadind     pruning dups and overlapping name "Peperomia cerrateae" nexsonid "node618426"
pgloadind     pruning dups and overlapping name "Peperomia andina" nexsonid "node618502"
pgloadind     pruning dups and overlapping name "Peperomia bracteata" nexsonid "node618581"
pgloadind     pruning dups and overlapping name "Peperomia peruviana" nexsonid "node618396"
pgloadind     pruning dups and overlapping name "Peperomia bracteata" nexsonid "node618646"
pgloadind     pruning dups and overlapping name "Peperomia verruculosa" nexsonid "node618552"
pgloadind     pruning dups and overlapping name "Peperomia verruculosa" nexsonid "node618554"
pgloadind     pruning dups and overlapping name "Peperomia polycephala" nexsonid "node618380"
pgloadind     pruning dups and overlapping name "Peperomia peruviana" nexsonid "node618390"
pgloadind     pruning dups and overlapping name "Peperomia macrandra" nexsonid "node618615"
pgloadind     pruning dups and overlapping name "Peperomia bracteata" nexsonid "node618637"
pgloadind     pruning dups and overlapping name "Peperomia verruculosa" nexsonid "node618547"
pgloadind     pruning dups and overlapping name "Peperomia macrandra" nexsonid "node618590"
pgloadind     pruning dups and overlapping name "Peperomia bracteata" nexsonid "node618676"
pgloadind     pruning dups and overlapping name "Peperomia albonervosa" nexsonid "node618602"
pgloadind     pruning dups and overlapping name "Peperomia bracteata" nexsonid "node618674"
pgloadind     pruning dups and overlapping name "Peperomia andina" nexsonid "node618483"
pgloadind     pruning dups and overlapping name "Peperomia rupiseda" nexsonid "node618358"
pgloadind     pruning dups and overlapping name "Peperomia bracteata" nexsonid "node618675"
pgloadind     pruning dups and overlapping name "Peperomia ovatopeltata" nexsonid "node618633"
pgloadind     pruning dups and overlapping name "Peperomia querocochana" nexsonid "node618415"
pgloadind     pruning dups and overlapping name "Peperomia dolabella" nexsonid "node618478"
pgloadind     pruning dups and overlapping name "Peperomia peruviana" nexsonid "node618398"
pgloadind     pruning dups and overlapping name "Peperomia verruculosa" nexsonid "node618542"
pgloadind     pruning dups and overlapping name "Peperomia pseudoverruculosa" nexsonid "node618454"
pgloadind     pruning dups and overlapping name "Peperomia cerrateae" nexsonid "node618436"
pgloadind     pruning dups and overlapping name "Peperomia verruculosa" nexsonid "node618553"
pgloadind     pruning dups and overlapping name "Peperomia bracteata" nexsonid "node618661"
pgloadind     pruning dups and overlapping name "Peperomia polycephala" nexsonid "node618383"
pgloadind     pruning dups and overlapping name "Peperomia pedicellata" nexsonid "node618613"
pgloadind     pruning dups and overlapping name "Peperomia verruculosa" nexsonid "node618540"
pgloadind     pruning dups and overlapping name "Peperomia verruculosa" nexsonid "node618551"
pgloadind     pruning dups and overlapping name "Peperomia bracteata" nexsonid "node618663"
pgloadind     pruning dups and overlapping name "Peperomia dolabella" nexsonid "node618480"
pgloadind     pruning dups and overlapping name "Peperomia radiatinervosa" nexsonid "node618510"
pgloadind     pruning dups and overlapping name "Peperomia pseudoverruculosa" nexsonid "node618451"
pgloadind     pruning dups and overlapping name "Peperomia peruviana" nexsonid "node618401"
pgloadind     pruning dups and overlapping name "Peperomia andina" nexsonid "node618477"
pgloadind     pruning dups and overlapping name "Peperomia ovatopeltata" nexsonid "node618631"
pgloadind     pruning dups and overlapping name "Peperomia verruculosa" nexsonid "node618559"
pgloadind     pruning dups and overlapping name "Peperomia peruviana" nexsonid "node618394"
pgloadind     pruning dups and overlapping name "Peperomia cyclaminoides" nexsonid "node618524"
pgloadind     pruning dups and overlapping name "Peperomia polycephala" nexsonid "node618377"
pgloadind     pruning dups and overlapping name "Peperomia bracteata" nexsonid "node618638"
pgloadind     pruning dups and overlapping name "Peperomia occulta" nexsonid "node618574"
pgloadind     pruning dups and overlapping name "Peperomia umbilicata" nexsonid "node618469"
pgloadind     pruning dups and overlapping name "Peperomia umbrosa" nexsonid "node618372"
pgloadind     pruning dups and overlapping name "Peperomia pseudoverruculosa" nexsonid "node618455"
pgloadind     pruning dups and overlapping name "Peperomia cyclaminoides" nexsonid "node618532"
pgloadind     pruning dups and overlapping name "Peperomia putlaensis" nexsonid "node618651"
pgloadind     pruning dups and overlapping name "Peperomia pseudoverruculosa" nexsonid "node618450"
pgloadind     pruning dups and overlapping name "Peperomia wernerrauhii" nexsonid "node618496"
pgloadind     pruning dups and overlapping name "Peperomia verruculosa" nexsonid "node618550"
pgloadind     pruning dups and overlapping name "Peperomia peruviana" nexsonid "node618403"
pgloadind     pruning dups and overlapping name "Peperomia umbilicata" nexsonid "node618468"
pgloadind     pruning dups and overlapping name "Peperomia peruviana" nexsonid "node618399"
pgloadind     pruning dups and overlapping name "Peperomia bracteata" nexsonid "node618583"
pgloadind     pruning dups and overlapping name "Peperomia cyclaminoides" nexsonid "node618528"
pgloadind     pruning dups and overlapping name "Peperomia radiatinervosa" nexsonid "node618521"
pgloadind     pruning dups and overlapping name "Peperomia basiradicans" nexsonid "node618610"
pgloadind     pruning dups and overlapping name "Peperomia macrandra" nexsonid "node618616"
pgloadind     pruning dups and overlapping name "Peperomia bracteata" nexsonid "node618641"
pgloadind     pruning dups and overlapping name "Peperomia ovatopeltata" nexsonid "node618626"
pgloadind     pruning dups and overlapping name "Peperomia cyclaminoides" nexsonid "node618527"
pgloadind     pruning dups and overlapping name "Peperomia parvisagittata" nexsonid "node618422"
pgloadind     pruning dups and overlapping name "Peperomia verruculosa" nexsonid "node618560"
pgloadind     pruning dups and overlapping name "Peperomia peruviana" nexsonid "node618406"
pgloadind     pruning dups and overlapping name "Peperomia occulta" nexsonid "node618572"
pgloadind     pruning dups and overlapping name "Peperomia bracteata" nexsonid "node618673"
pgloadind     pruning dups and overlapping name "Peperomia cerrateae" nexsonid "node618425"
pgloadind     pruning dups and overlapping name "Peperomia lilliputana" nexsonid "node618490"
pgloadind     pruning dups and overlapping name "Peperomia peruviana" nexsonid "node618407"
pgloadind     pruning dups and overlapping name "Peperomia" nexsonid "node618656"
pgloadind     pruning dups and overlapping name "Peperomia pseudoverruculosa" nexsonid "node618448"
pgloadind     pruning dups and overlapping name "Peperomia cyclaminoides" nexsonid "node618525"
pgloadind     pruning dups and overlapping name "Peperomia cerrateae" nexsonid "node618428"
pgloadind     pruning dups and overlapping name "Peperomia dolabella" nexsonid "node618482"
pgloadind     pruning dups and overlapping name "Peperomia peruviana" nexsonid "node618402"
pgloadind     pruning dups and overlapping name "Peperomia bracteata" nexsonid "node618667"
pgloadind     pruning dups and overlapping name "Peperomia peruviana" nexsonid "node618391"
pgloadind     pruning dups and overlapping name "Peperomia ovatopeltata" nexsonid "node618634"
pgloadind     pruning dups and overlapping name "Peperomia cerrateae" nexsonid "node618438"
pgloadind     pruning dups and overlapping name "Peperomia rupiseda" nexsonid "node618361"
pgloadind     pruning dups and overlapping name "Peperomia polycephala" nexsonid "node618375"
pgloadind     pruning dups and overlapping name "Peperomia bracteata" nexsonid "node618645"
pgloadind     pruning dups and overlapping name "Peperomia umbrosa" nexsonid "node618373"
pgloadind     pruning dups and overlapping name "Peperomia parvifolia" nexsonid "node618507"
pgloadind     pruning dups and overlapping name "Peperomia ovatopeltata" nexsonid "node618630"
pgloadind     pruning dups and overlapping name "Peperomia radiatinervosa" nexsonid "node618518"
pgloadind     pruning dups and overlapping name "Peperomia bracteata" nexsonid "node618643"
pgloadind     pruning dups and overlapping name "Peperomia radiatinervosa" nexsonid "node618515"
pgloadind     pruning dups and overlapping name "Peperomia peruviana" nexsonid "node618408"
pgloadind     pruning dups and overlapping name "Peperomia verruculosa" nexsonid "node618548"
pgloadind     pruning dups and overlapping name "Peperomia schizandra" nexsonid "node618584"
pgloadind     pruning dups and overlapping name "Peperomia bracteata" nexsonid "node618672"
pgloadind     pruning dups and overlapping name "Peperomia cerrateae" nexsonid "node618434"
pgloadind     pruning dups and overlapping name "Peperomia verruculosa" nexsonid "node618544"
pgloadind     pruning dups and overlapping name "Peperomia macrandra" nexsonid "node618627"
pgloadind     pruning dups and overlapping name "Peperomia peruviana" nexsonid "node618393"
pgloadind     pruning dups and overlapping name "Peperomia questionis" nexsonid "node618568"
pgloadind     pruning dups and overlapping name "Peperomia klopfensteinii" nexsonid "node618352"
pgloadind     pruning dups and overlapping name "Peperomia bracteata" nexsonid "node618670"
pgloadind     pruning dups and overlapping name "Peperomia bracteata" nexsonid "node618642"
pgloadind     pruning dups and overlapping name "Peperomia macrandra" nexsonid "node618587"
pgloadind     pruning dups and overlapping name "Peperomia peruviana" nexsonid "node618400"
pgloadind     pruning dups and overlapping name "Peperomia bracteata" nexsonid "node618671"
pgloadind     pruning dups and overlapping name "Peperomia ayacuchoana" nexsonid "node618442"
pgloadind     pruning dups and overlapping name "Peperomia parvifolia" nexsonid "node618495"
pgloadind     pruning dups and overlapping name "Peperomia verruculosa" nexsonid "node618535"
pgloadind     pruning dups and overlapping name "Peperomia umbilicata" nexsonid "node618467"
pgloadind     pruning dups and overlapping name "Peperomia peruviana" nexsonid "node618404"
pgloadind     pruning dups and overlapping name "Peperomia cerrateae" nexsonid "node618430"
pgloadind     pruning dups and overlapping name "Peperomia verruculosa" nexsonid "node618545"
pgloadind     pruning dups and overlapping name "Peperomia ayacuchoana" nexsonid "node618444"
pgloadind     pruning dups and overlapping name "Peperomia mexicana" nexsonid "node618576"
pgloadind     pruning dups and overlapping name "Peperomia parvifolia" nexsonid "node618501"
pgloadind     pruning dups and overlapping name "Peperomia verruculosa" nexsonid "node618557"
pgloadind     pruning dups and overlapping name "Peperomia klopfensteinii" nexsonid "node618351"
pgloadind     pruning dups and overlapping name "Peperomia peruviana" nexsonid "node618387"
pgloadind     pruning dups and overlapping name "Peperomia bracteata" nexsonid "node618666"
pgloadind     pruning dups and overlapping name "Peperomia pseudoverruculosa" nexsonid "node618459"
pgloadind   postpruning newick tree "(((Peperomia_hispiduliformis,Peperomia_hispidula),Peperomia_mandonii),((((Peperomia_polycephala,Peperomia_umbrosa),(Peperomia_purpureonervosa,Peperomia_peruviana)),(((((((Peperomia_bracteata,Peperomia_albonervosa),Peperomia_schizandra),Peperomia_macrandra),(((Peperomia_cavispicata,Peperomia_ampla,((Peperomia_ovatopeltata,Peperomia_questionis),Peperomia_elatior),(Peperomia_gracillima,Peperomia_exclamationis)),Peperomia_monticola,Peperomia_basiradicans,((Peperomia_claytonioides,Peperomia_pedicellata),Peperomia_putlaensis)),Peperomia_tepoztecoana)),(Peperomia_occulta,Peperomia_mexicana),Peperomia_moralesii),Peperomia_chutanka),(Peperomia_pugnicaudex,(Peperomia_querocochana,Peperomia_ocrosensis)),(((Peperomia_macrorhiza,Peperomia_jalcaensis),(((Peperomia_wernerrauhii,(Peperomia_cuchumatanica,Peperomia_parvifolia),Peperomia_andina,Peperomia_lilliputana),Peperomia_pseudoperuviana),Peperomia_dolabella)),Peperomia_umbilicata),((Peperomia_ayacuchoana,Peperomia_pseudoverruculosa),Peperomia_scutellifolia,Peperomia_parvisagittata,Peperomia_cerrateae),((Peperomia_cyclaminoides,Peperomia_verruculosa),Peperomia_radiatinervosa))),((Peperomia_gigantea,Peperomia_klopfensteinii),Peperomia_rupiseda)))"
pgloadind   taxon mapping summary
pgloadind     taxon mapping OTT ID 645850 taxonomy "Peperomia hispiduliformis->Peperomia->Piperaceae->Piperales->Magnoliidae->Mesangiospermae->Magnoliophyta->Spermatophyta->Euphyllophyta->Tracheophyta->Embryophyta->Streptophytina->Streptophyta->Chloroplastida->Archaeplastida->Eukaryota->cellular organisms->life" nexsonid "node618342"
pgloadind     taxon mapping OTT ID 645852 taxonomy "Peperomia hispidula->Peperomia->Piperaceae->Piperales->Magnoliidae->Mesangiospermae->Magnoliophyta->Spermatophyta->Euphyllophyta->Tracheophyta->Embryophyta->Streptophytina->Streptophyta->Chloroplastida->Archaeplastida->Eukaryota->cellular organisms->life" nexsonid "node618343"
pgloadind     taxon mapping OTT ID 863779 taxonomy "Peperomia mandonii->Peperomia->Piperaceae->Piperales->Magnoliidae->Mesangiospermae->Magnoliophyta->Spermatophyta->Euphyllophyta->Tracheophyta->Embryophyta->Streptophytina->Streptophyta->Chloroplastida->Archaeplastida->Eukaryota->cellular organisms->life" nexsonid "node618340"
pgloadind     taxon mapping OTT ID 955448 taxonomy "Peperomia polycephala->Peperomia->Piperaceae->Piperales->Magnoliidae->Mesangiospermae->Magnoliophyta->Spermatophyta->Euphyllophyta->Tracheophyta->Embryophyta->Streptophytina->Streptophyta->Chloroplastida->Archaeplastida->Eukaryota->cellular organisms->life" nexsonid "node618382"
pgloadind     taxon mapping OTT ID 104735 taxonomy "Peperomia umbrosa->Peperomia->Piperaceae->Piperales->Magnoliidae->Mesangiospermae->Magnoliophyta->Spermatophyta->Euphyllophyta->Tracheophyta->Embryophyta->Streptophytina->Streptophyta->Chloroplastida->Archaeplastida->Eukaryota->cellular organisms->life" nexsonid "node618370"
pgloadind     taxon mapping OTT ID 955460 taxonomy "Peperomia purpureonervosa->Peperomia->Piperaceae->Piperales->Magnoliidae->Mesangiospermae->Magnoliophyta->Spermatophyta->Euphyllophyta->Tracheophyta->Embryophyta->Streptophytina->Streptophyta->Chloroplastida->Archaeplastida->Eukaryota->cellular organisms->life" nexsonid "node618385"
pgloadind     taxon mapping OTT ID 955444 taxonomy "Peperomia peruviana->Peperomia->Piperaceae->Piperales->Magnoliidae->Mesangiospermae->Magnoliophyta->Spermatophyta->Euphyllophyta->Tracheophyta->Embryophyta->Streptophytina->Streptophyta->Chloroplastida->Archaeplastida->Eukaryota->cellular organisms->life" nexsonid "node618397"
pgloadind     taxon mapping OTT ID 13381 taxonomy "Peperomia bracteata->Peperomia->Piperaceae->Piperales->Magnoliidae->Mesangiospermae->Magnoliophyta->Spermatophyta->Euphyllophyta->Tracheophyta->Embryophyta->Streptophytina->Streptophyta->Chloroplastida->Archaeplastida->Eukaryota->cellular organisms->life" nexsonid "node618600"
pgloadind     taxon mapping OTT ID 645874 taxonomy "Peperomia albonervosa->Peperomia->Piperaceae->Piperales->Magnoliidae->Mesangiospermae->Magnoliophyta->Spermatophyta->Euphyllophyta->Tracheophyta->Embryophyta->Streptophytina->Streptophyta->Chloroplastida->Archaeplastida->Eukaryota->cellular organisms->life" nexsonid "node618603"
pgloadind     taxon mapping OTT ID 1026010 taxonomy "Peperomia schizandra->Peperomia->Piperaceae->Piperales->Magnoliidae->Mesangiospermae->Magnoliophyta->Spermatophyta->Euphyllophyta->Tracheophyta->Embryophyta->Streptophytina->Streptophyta->Chloroplastida->Archaeplastida->Eukaryota->cellular organisms->life" nexsonid "node618598"
pgloadind     taxon mapping OTT ID 645847 taxonomy "Peperomia macrandra->Peperomia->Piperaceae->Piperales->Magnoliidae->Mesangiospermae->Magnoliophyta->Spermatophyta->Euphyllophyta->Tracheophyta->Embryophyta->Streptophytina->Streptophyta->Chloroplastida->Archaeplastida->Eukaryota->cellular organisms->life" nexsonid "node618589"
pgloadind     taxon mapping OTT ID 468447 taxonomy "Peperomia cavispicata->Peperomia->Piperaceae->Piperales->Magnoliidae->Mesangiospermae->Magnoliophyta->Spermatophyta->Euphyllophyta->Tracheophyta->Embryophyta->Streptophytina->Streptophyta->Chloroplastida->Archaeplastida->Eukaryota->cellular organisms->life" nexsonid "node618623"
pgloadind     taxon mapping OTT ID 645867 taxonomy "Peperomia ampla->Peperomia->Piperaceae->Piperales->Magnoliidae->Mesangiospermae->Magnoliophyta->Spermatophyta->Euphyllophyta->Tracheophyta->Embryophyta->Streptophytina->Streptophyta->Chloroplastida->Archaeplastida->Eukaryota->cellular organisms->life" nexsonid "node618624"
pgloadind     taxon mapping OTT ID 534706 taxonomy "Peperomia ovatopeltata->Peperomia->Piperaceae->Piperales->Magnoliidae->Mesangiospermae->Magnoliophyta->Spermatophyta->Euphyllophyta->Tracheophyta->Embryophyta->Streptophytina->Streptophyta->Chloroplastida->Archaeplastida->Eukaryota->cellular organisms->life" nexsonid "node618649"
pgloadind     taxon mapping OTT ID 534698 taxonomy "Peperomia questionis->Peperomia->Piperaceae->Piperales->Magnoliidae->Mesangiospermae->Magnoliophyta->Spermatophyta->Euphyllophyta->Tracheophyta->Embryophyta->Streptophytina->Streptophyta->Chloroplastida->Archaeplastida->Eukaryota->cellular organisms->life" nexsonid "node618648"
pgloadind     taxon mapping OTT ID 468622 taxonomy "Peperomia elatior->Peperomia->Piperaceae->Piperales->Magnoliidae->Mesangiospermae->Magnoliophyta->Spermatophyta->Euphyllophyta->Tracheophyta->Embryophyta->Streptophytina->Streptophyta->Chloroplastida->Archaeplastida->Eukaryota->cellular organisms->life" nexsonid "node618640"
pgloadind     taxon mapping OTT ID 680628 taxonomy "Peperomia gracillima->Peperomia->Piperaceae->Piperales->Magnoliidae->Mesangiospermae->Magnoliophyta->Spermatophyta->Euphyllophyta->Tracheophyta->Embryophyta->Streptophytina->Streptophyta->Chloroplastida->Archaeplastida->Eukaryota->cellular organisms->life" nexsonid "node618654"
pgloadind     taxon mapping OTT ID 80554 taxonomy "Peperomia exclamationis->Peperomia->Piperaceae->Piperales->Magnoliidae->Mesangiospermae->Magnoliophyta->Spermatophyta->Euphyllophyta->Tracheophyta->Embryophyta->Streptophytina->Streptophyta->Chloroplastida->Archaeplastida->Eukaryota->cellular organisms->life" nexsonid "node618659"
pgloadind     taxon mapping OTT ID 800262 taxonomy "Peperomia monticola->Peperomia->Piperaceae->Piperales->Magnoliidae->Mesangiospermae->Magnoliophyta->Spermatophyta->Euphyllophyta->Tracheophyta->Embryophyta->Streptophytina->Streptophyta->Chloroplastida->Archaeplastida->Eukaryota->cellular organisms->life" nexsonid "node618607"
pgloadind     taxon mapping OTT ID 13383 taxonomy "Peperomia basiradicans->Peperomia->Piperaceae->Piperales->Magnoliidae->Mesangiospermae->Magnoliophyta->Spermatophyta->Euphyllophyta->Tracheophyta->Embryophyta->Streptophytina->Streptophyta->Chloroplastida->Archaeplastida->Eukaryota->cellular organisms->life" nexsonid "node618609"
pgloadind     taxon mapping OTT ID 720689 taxonomy "Peperomia claytonioides->Peperomia->Piperaceae->Piperales->Magnoliidae->Mesangiospermae->Magnoliophyta->Spermatophyta->Euphyllophyta->Tracheophyta->Embryophyta->Streptophytina->Streptophyta->Chloroplastida->Archaeplastida->Eukaryota->cellular organisms->life" nexsonid "node618621"
pgloadind     taxon mapping OTT ID 317311 taxonomy "Peperomia pedicellata->Peperomia->Piperaceae->Piperales->Magnoliidae->Mesangiospermae->Magnoliophyta->Spermatophyta->Euphyllophyta->Tracheophyta->Embryophyta->Streptophytina->Streptophyta->Chloroplastida->Archaeplastida->Eukaryota->cellular organisms->life" nexsonid "node618620"
pgloadind     taxon mapping OTT ID 1026007 taxonomy "Peperomia putlaensis->Peperomia->Piperaceae->Piperales->Magnoliidae->Mesangiospermae->Magnoliophyta->Spermatophyta->Euphyllophyta->Tracheophyta->Embryophyta->Streptophytina->Streptophyta->Chloroplastida->Archaeplastida->Eukaryota->cellular organisms->life" nexsonid "node618618"
pgloadind     taxon mapping OTT ID 891757 taxonomy "Peperomia tepoztecoana->Peperomia->Piperaceae->Piperales->Magnoliidae->Mesangiospermae->Magnoliophyta->Spermatophyta->Euphyllophyta->Tracheophyta->Embryophyta->Streptophytina->Streptophyta->Chloroplastida->Archaeplastida->Eukaryota->cellular organisms->life" nexsonid "node618605"
pgloadind     taxon mapping OTT ID 59325 taxonomy "Peperomia occulta->Peperomia->Piperaceae->Piperales->Magnoliidae->Mesangiospermae->Magnoliophyta->Spermatophyta->Euphyllophyta->Tracheophyta->Embryophyta->Streptophytina->Streptophyta->Chloroplastida->Archaeplastida->Eukaryota->cellular organisms->life" nexsonid "node618571"
pgloadind     taxon mapping OTT ID 127008 taxonomy "Peperomia mexicana->Peperomia->Piperaceae->Piperales->Magnoliidae->Mesangiospermae->Magnoliophyta->Spermatophyta->Euphyllophyta->Tracheophyta->Embryophyta->Streptophytina->Streptophyta->Chloroplastida->Archaeplastida->Eukaryota->cellular organisms->life" nexsonid "node618578"
pgloadind     taxon mapping OTT ID 800243 taxonomy "Peperomia moralesii->Peperomia->Piperaceae->Piperales->Magnoliidae->Mesangiospermae->Magnoliophyta->Spermatophyta->Euphyllophyta->Tracheophyta->Embryophyta->Streptophytina->Streptophyta->Chloroplastida->Archaeplastida->Eukaryota->cellular organisms->life" nexsonid "node618565"
pgloadind     taxon mapping OTT ID 1049329 taxonomy "Peperomia chutanka->Peperomia->Piperaceae->Piperales->Magnoliidae->Mesangiospermae->Magnoliophyta->Spermatophyta->Euphyllophyta->Tracheophyta->Embryophyta->Streptophytina->Streptophyta->Chloroplastida->Archaeplastida->Eukaryota->cellular organisms->life" nexsonid "node618562"
pgloadind     taxon mapping OTT ID 955462 taxonomy "Peperomia pugnicaudex->Peperomia->Piperaceae->Piperales->Magnoliidae->Mesangiospermae->Magnoliophyta->Spermatophyta->Euphyllophyta->Tracheophyta->Embryophyta->Streptophytina->Streptophyta->Chloroplastida->Archaeplastida->Eukaryota->cellular organisms->life" nexsonid "node618411"
pgloadind     taxon mapping OTT ID 523136 taxonomy "Peperomia querocochana->Peperomia->Piperaceae->Piperales->Magnoliidae->Mesangiospermae->Magnoliophyta->Spermatophyta->Euphyllophyta->Tracheophyta->Embryophyta->Streptophytina->Streptophyta->Chloroplastida->Archaeplastida->Eukaryota->cellular organisms->life" nexsonid "node618414"
pgloadind     taxon mapping OTT ID 1049331 taxonomy "Peperomia ocrosensis->Peperomia->Piperaceae->Piperales->Magnoliidae->Mesangiospermae->Magnoliophyta->Spermatophyta->Euphyllophyta->Tracheophyta->Embryophyta->Streptophytina->Streptophyta->Chloroplastida->Archaeplastida->Eukaryota->cellular organisms->life" nexsonid "node618413"
pgloadind     taxon mapping OTT ID 1049317 taxonomy "Peperomia macrorhiza->Peperomia->Piperaceae->Piperales->Magnoliidae->Mesangiospermae->Magnoliophyta->Spermatophyta->Euphyllophyta->Tracheophyta->Embryophyta->Streptophytina->Streptophyta->Chloroplastida->Archaeplastida->Eukaryota->cellular organisms->life" nexsonid "node618472"
pgloadind     taxon mapping OTT ID 1049319 taxonomy "Peperomia jalcaensis->Peperomia->Piperaceae->Piperales->Magnoliidae->Mesangiospermae->Magnoliophyta->Spermatophyta->Euphyllophyta->Tracheophyta->Embryophyta->Streptophytina->Streptophyta->Chloroplastida->Archaeplastida->Eukaryota->cellular organisms->life" nexsonid "node618473"
pgloadind     taxon mapping OTT ID 618540 taxonomy "Peperomia wernerrauhii->Peperomia->Piperaceae->Piperales->Magnoliidae->Mesangiospermae->Magnoliophyta->Spermatophyta->Euphyllophyta->Tracheophyta->Embryophyta->Streptophytina->Streptophyta->Chloroplastida->Archaeplastida->Eukaryota->cellular organisms->life" nexsonid "node618492"
pgloadind     taxon mapping OTT ID 720624 taxonomy "Peperomia cuchumatanica->Peperomia->Piperaceae->Piperales->Magnoliidae->Mesangiospermae->Magnoliophyta->Spermatophyta->Euphyllophyta->Tracheophyta->Embryophyta->Streptophytina->Streptophyta->Chloroplastida->Archaeplastida->Eukaryota->cellular organisms->life" nexsonid "node618504"
pgloadind     taxon mapping OTT ID 1049333 taxonomy "Peperomia parvifolia->Peperomia->Piperaceae->Piperales->Magnoliidae->Mesangiospermae->Magnoliophyta->Spermatophyta->Euphyllophyta->Tracheophyta->Embryophyta->Streptophytina->Streptophyta->Chloroplastida->Archaeplastida->Eukaryota->cellular organisms->life" nexsonid "node618506"
pgloadind     taxon mapping OTT ID 42159 taxonomy "Peperomia andina->Peperomia->Piperaceae->Piperales->Magnoliidae->Mesangiospermae->Magnoliophyta->Spermatophyta->Euphyllophyta->Tracheophyta->Embryophyta->Streptophytina->Streptophyta->Chloroplastida->Archaeplastida->Eukaryota->cellular organisms->life" nexsonid "node618493"
pgloadind     taxon mapping OTT ID 1049312 taxonomy "Peperomia lilliputana->Peperomia->Piperaceae->Piperales->Magnoliidae->Mesangiospermae->Magnoliophyta->Spermatophyta->Euphyllophyta->Tracheophyta->Embryophyta->Streptophytina->Streptophyta->Chloroplastida->Archaeplastida->Eukaryota->cellular organisms->life" nexsonid "node618498"
pgloadind     taxon mapping OTT ID 955457 taxonomy "Peperomia pseudoperuviana->Peperomia->Piperaceae->Piperales->Magnoliidae->Mesangiospermae->Magnoliophyta->Spermatophyta->Euphyllophyta->Tracheophyta->Embryophyta->Streptophytina->Streptophyta->Chloroplastida->Archaeplastida->Eukaryota->cellular organisms->life" nexsonid "node618487"
pgloadind     taxon mapping OTT ID 680643 taxonomy "Peperomia dolabella->Peperomia->Piperaceae->Piperales->Magnoliidae->Mesangiospermae->Magnoliophyta->Spermatophyta->Euphyllophyta->Tracheophyta->Embryophyta->Streptophytina->Streptophyta->Chloroplastida->Archaeplastida->Eukaryota->cellular organisms->life" nexsonid "node618476"
pgloadind     taxon mapping OTT ID 104733 taxonomy "Peperomia umbilicata->Peperomia->Piperaceae->Piperales->Magnoliidae->Mesangiospermae->Magnoliophyta->Spermatophyta->Euphyllophyta->Tracheophyta->Embryophyta->Streptophytina->Streptophyta->Chloroplastida->Archaeplastida->Eukaryota->cellular organisms->life" nexsonid "node618465"
pgloadind     taxon mapping OTT ID 574138 taxonomy "Peperomia ayacuchoana->Peperomia->Piperaceae->Piperales->Magnoliidae->Mesangiospermae->Magnoliophyta->Spermatophyta->Euphyllophyta->Tracheophyta->Embryophyta->Streptophytina->Streptophyta->Chloroplastida->Archaeplastida->Eukaryota->cellular organisms->life" nexsonid "node618441"
pgloadind     taxon mapping OTT ID 955454 taxonomy "Peperomia pseudoverruculosa->Peperomia->Piperaceae->Piperales->Magnoliidae->Mesangiospermae->Magnoliophyta->Spermatophyta->Euphyllophyta->Tracheophyta->Embryophyta->Streptophytina->Streptophyta->Chloroplastida->Archaeplastida->Eukaryota->cellular organisms->life" nexsonid "node618461"
pgloadind     taxon mapping OTT ID 104730 taxonomy "Peperomia scutellifolia->Peperomia->Piperaceae->Piperales->Magnoliidae->Mesangiospermae->Magnoliophyta->Spermatophyta->Euphyllophyta->Tracheophyta->Embryophyta->Streptophytina->Streptophyta->Chloroplastida->Archaeplastida->Eukaryota->cellular organisms->life" nexsonid "node618417"
pgloadind     taxon mapping OTT ID 955446 taxonomy "Peperomia parvisagittata->Peperomia->Piperaceae->Piperales->Magnoliidae->Mesangiospermae->Magnoliophyta->Spermatophyta->Euphyllophyta->Tracheophyta->Embryophyta->Streptophytina->Streptophyta->Chloroplastida->Archaeplastida->Eukaryota->cellular organisms->life" nexsonid "node618421"
pgloadind     taxon mapping OTT ID 1049327 taxonomy "Peperomia cerrateae->Peperomia->Piperaceae->Piperales->Magnoliidae->Mesangiospermae->Magnoliophyta->Spermatophyta->Euphyllophyta->Tracheophyta->Embryophyta->Streptophytina->Streptophyta->Chloroplastida->Archaeplastida->Eukaryota->cellular organisms->life" nexsonid "node618432"
pgloadind     taxon mapping OTT ID 1049323 taxonomy "Peperomia cyclaminoides->Peperomia->Piperaceae->Piperales->Magnoliidae->Mesangiospermae->Magnoliophyta->Spermatophyta->Euphyllophyta->Tracheophyta->Embryophyta->Streptophytina->Streptophyta->Chloroplastida->Archaeplastida->Eukaryota->cellular organisms->life" nexsonid "node618529"
pgloadind     taxon mapping OTT ID 104737 taxonomy "Peperomia verruculosa->Peperomia->Piperaceae->Piperales->Magnoliidae->Mesangiospermae->Magnoliophyta->Spermatophyta->Euphyllophyta->Tracheophyta->Embryophyta->Streptophytina->Streptophyta->Chloroplastida->Archaeplastida->Eukaryota->cellular organisms->life" nexsonid "node618538"
pgloadind     taxon mapping OTT ID 523134 taxonomy "Peperomia radiatinervosa->Peperomia->Piperaceae->Piperales->Magnoliidae->Mesangiospermae->Magnoliophyta->Spermatophyta->Euphyllophyta->Tracheophyta->Embryophyta->Streptophytina->Streptophyta->Chloroplastida->Archaeplastida->Eukaryota->cellular organisms->life" nexsonid "node618513"
pgloadind     taxon mapping OTT ID 1049325 taxonomy "Peperomia gigantea->Peperomia->Piperaceae->Piperales->Magnoliidae->Mesangiospermae->Magnoliophyta->Spermatophyta->Euphyllophyta->Tracheophyta->Embryophyta->Streptophytina->Streptophyta->Chloroplastida->Archaeplastida->Eukaryota->cellular organisms->life" nexsonid "node618347"
pgloadind     taxon mapping OTT ID 1049321 taxonomy "Peperomia klopfensteinii->Peperomia->Piperaceae->Piperales->Magnoliidae->Mesangiospermae->Magnoliophyta->Spermatophyta->Euphyllophyta->Tracheophyta->Embryophyta->Streptophytina->Streptophyta->Chloroplastida->Archaeplastida->Eukaryota->cellular organisms->life" nexsonid "node618349"
pgloadind     taxon mapping OTT ID 104728 taxonomy "Peperomia rupiseda->Peperomia->Piperaceae->Piperales->Magnoliidae->Mesangiospermae->Magnoliophyta->Spermatophyta->Euphyllophyta->Tracheophyta->Embryophyta->Streptophytina->Streptophyta->Chloroplastida->Archaeplastida->Eukaryota->cellular organisms->life" nexsonid "node618360"
done fixing name
pgloadind Finished with attempts to fix names
pgloadind   Checking for uniqueness of OTT IDs tree id "2917"
pgloadind   Adding tree to graph tree id "2917"
all trees have all taxa: false
	using bipartition technique
attempting to remap tips to deepest exemplified taxa
this is the ROOT
placing root in index
Dealing with metadata property: id
Dealing with metadata property: ot:studyPublicationReference
Adding property 'ot:studyPublicationReference': Symmank, L., Samain, M. S., Smith, J. F., Pino, G., Stoll, A., Goetghebeur, P., ... & Wanke, S. (2011). The extraordinary journey of Peperomia subgenus Tildenia (Piperaceae): insights into diversification and colonization patterns from its cradle in Peru to the Trans‐Mexican Volcanic Belt. Journal of Biogeography, 38(12), 2337-2349.
Dealing with metadata property: ot:studyYear
Adding property 'ot:studyYear': 2011
Dealing with metadata property: ot:inGroupClade
Adding property 'ot:inGroupClade': node618338
Dealing with metadata property: ot:tag
Adding property 'ot:tag': ingroup added;
Dealing with metadata property: ot:curatorName
Adding property 'ot:curatorName': Jiabin Deng
Dealing with metadata property: ot:studyPublication
Adding property 'ot:studyPublication': http://dx.doi.org/10.1111/j.1365-2699.2011.02586.x
Dealing with metadata property: ot:focalClade
Adding property 'ot:focalClade': 1261346
Dealing with metadata property: ot:studyId
Adding property 'ot:studyId': 1443
Dealing with metadata property: ot:dataDeposit
Adding property 'ot:dataDeposit': http://purl.org/phylo/treebase/phylows/study/TB2:S11468
Committing nodes: 91
{2520611}
2520613
2520616
2520636
2520637
2520638
2520639
2520641
2520642
2520643
2520656
2520692
2520722
2520723
2520726
2520727
2520728
2520729
2520731
2520736
2520749
2520751
2520752
2520753
2520755
2520756
2520767
2520781
2520788
2520789
2520795
2520804
2520805
2520808
2520811
2520818
2520824
2520825
2520826
2520828
2520829
2520830
2520831
2520849
2520865
2520868
2520869
2520870
2520871
2520872
2520873
2520874
2520875
[]
