pgloadind OTUs number 100
pgloadind Processing tree @id "2950"
pgloadind   tree info number nodes 99
pgloadind   tree info number edges 98
pgloadind   tree info ingroup "node620754"
pgloadind   Setting ingroup root node.
pgloadind   Ingested tree number of external nodes 47
pgloadind   property added ot:studyPublicationReference "Wahrmund, U., Rein, T., Müller, K. F., Groth-Malonek, M., & Knoop, V. (2009). Fifty mosses on five trees: comparing phylogenetic information in three types of non-coding mitochondrial DNA and two chloroplast loci. Plant Systematics and Evolution, 282(3), 241-255."
pgloadind   property added ot:studyPublication "http://dx.doi.org/10.1007/s00606-008-0043-x"
pgloadind   property added ot:curatorName "bryan drew"
pgloadind   property added ot:dataDeposit "http://purl.org/phylo/treebase/phylows/study/TB2:S1992"
pgloadind   property added ot:studyId "1459"
pgloadind   property added ot:studyYear "2008"
pgloadind   property added ot:inGroupClade "node620754"
pgloadind   property added ot:curatedType "Fig 1"
pgloadind Processing tree @id "2951"
pgloadind   tree info number nodes 97
pgloadind   tree info number edges 96
pgloadind   tree info ingroup "node620859"
pgloadind   Setting ingroup root node.
pgloadind   Ingested tree number of external nodes 42
pgloadind   property added ot:studyPublicationReference "Wahrmund, U., Rein, T., Müller, K. F., Groth-Malonek, M., & Knoop, V. (2009). Fifty mosses on five trees: comparing phylogenetic information in three types of non-coding mitochondrial DNA and two chloroplast loci. Plant Systematics and Evolution, 282(3), 241-255."
pgloadind   property added ot:studyPublication "http://dx.doi.org/10.1007/s00606-008-0043-x"
pgloadind   property added ot:curatorName "bryan drew"
pgloadind   property added ot:dataDeposit "http://purl.org/phylo/treebase/phylows/study/TB2:S1992"
pgloadind   property added ot:studyId "1459"
pgloadind   property added ot:studyYear "2008"
pgloadind   property added ot:inGroupClade "node620859"
pgloadind   property added ot:curatedType "Fig 3"
loading a specific tree: 2950
skipping tree: 2951
pgloadind conducting TNRS on trees
pgloadind   name fixing on tree tree id "2950"
pgloadind   all nodes have ottIds
pgloadind   postpruning newick tree "((((Atrichum_undulatum,Dawsonia_sp_VKL981115),Pogonatum_urnigerum),Oligotrichum_hercynicum),(((((((Aulacomnium_androgynum,(((Fontinalis_antipyretica,((Homalia_trichomanoides,Thamnobryum_alopecurum),((Hygrohypnum_ochraceum,Scorpidium_scorpioides),Tomentypnum_nitens))),Herzogiella_seligeri),Pterogonium_gracile)),Orthodontium_lineare),Ulota_crispa),(((Bartramia_halleriana,Plagiopus_oederi),(Hedwigia_ciliata,Rhacocarpus_purpurascens)),((Mnium_hornum,Pohlia_nutans),Splachnum_ampullaceum))),(((((Blindia_acuta,((Grimmia_cribrosa,Grimmia_donniana),Racomitrium_lanuginosum)),Leucobryum_glaucum),(((((Ceratodon_purpureus,(Cinclidotus_riparius,(Pottia_truncata,Syntrichia_latifolia))),Ditrichum_cylindricum),Orthodicranum_montanum),Schistostega_pennata),Fissidens_cristatus)),Timmiella_sp_VKLBN991028),(((Bryobrittonia_longipes,Discelium_nudum),((Drummondia_prorepens,((Funaria_hygrometrica,Physcomitrium_pyriforme),Physcomitrella_patens)),Timmia_megapolitana_subsp_bavarica)),Encalypta_streptocarpa))),Diphyscium_sessile),(Buxbaumia_aphylla,Tetraphis_pellucida)))"
pgloadind   taxon mapping summary
pgloadind     taxon mapping OTT ID 371275 taxonomy "Atrichum undulatum->Atrichum->Polytrichaceae->Polytrichales->Polytrichopsida->Bryophytina->Bryophyta->Embryophyta->Streptophytina->Streptophyta->Chloroplastida->Archaeplastida->Eukaryota->cellular organisms->life" nexsonid "node620758"
pgloadind     taxon mapping OTT ID 1043994 taxonomy "Dawsonia sp. VKL981115->Dawsonia->Polytrichaceae->Polytrichales->Polytrichopsida->Bryophytina->Bryophyta->Embryophyta->Streptophytina->Streptophyta->Chloroplastida->Archaeplastida->Eukaryota->cellular organisms->life" nexsonid "node620759"
pgloadind     taxon mapping OTT ID 905792 taxonomy "Pogonatum urnigerum->Pogonatum->Polytrichaceae->Polytrichales->Polytrichopsida->Bryophytina->Bryophyta->Embryophyta->Streptophytina->Streptophyta->Chloroplastida->Archaeplastida->Eukaryota->cellular organisms->life" nexsonid "node620760"
pgloadind     taxon mapping OTT ID 838518 taxonomy "Oligotrichum hercynicum->Oligotrichum->Polytrichaceae->Polytrichales->Polytrichopsida->Bryophytina->Bryophyta->Embryophyta->Streptophytina->Streptophyta->Chloroplastida->Archaeplastida->Eukaryota->cellular organisms->life" nexsonid "node620761"
pgloadind     taxon mapping OTT ID 991828 taxonomy "Aulacomnium androgynum->Aulacomnium->Aulacomniaceae->Rhizogoniales->Bryanae->Bryidae->Bryopsida->Bryophytina->Bryophyta->Embryophyta->Streptophytina->Streptophyta->Chloroplastida->Archaeplastida->Eukaryota->cellular organisms->life" nexsonid "node620769"
pgloadind     taxon mapping OTT ID 273696 taxonomy "Fontinalis antipyretica->Fontinalis->Fontinalaceae->Hypnales->Hypnanae->Bryidae->Bryopsida->Bryophytina->Bryophyta->Embryophyta->Streptophytina->Streptophyta->Chloroplastida->Archaeplastida->Eukaryota->cellular organisms->life" nexsonid "node620773"
pgloadind     taxon mapping OTT ID 411687 taxonomy "Homalia trichomanoides->Homalia->Neckeraceae->Hypnales->Hypnanae->Bryidae->Bryopsida->Bryophytina->Bryophyta->Embryophyta->Streptophytina->Streptophyta->Chloroplastida->Archaeplastida->Eukaryota->cellular organisms->life" nexsonid "node620776"
pgloadind     taxon mapping OTT ID 746398 taxonomy "Thamnobryum alopecurum->Thamnobryum->Neckeraceae->Hypnales->Hypnanae->Bryidae->Bryopsida->Bryophytina->Bryophyta->Embryophyta->Streptophytina->Streptophyta->Chloroplastida->Archaeplastida->Eukaryota->cellular organisms->life" nexsonid "node620777"
pgloadind     taxon mapping OTT ID 240383 taxonomy "Hygrohypnum ochraceum->Hygrohypnum->Amblystegiaceae->Hypnales->Hypnanae->Bryidae->Bryopsida->Bryophytina->Bryophyta->Embryophyta->Streptophytina->Streptophyta->Chloroplastida->Archaeplastida->Eukaryota->cellular organisms->life" nexsonid "node620780"
pgloadind     taxon mapping OTT ID 240388 taxonomy "Scorpidium scorpioides->Scorpidium->Amblystegiaceae->Hypnales->Hypnanae->Bryidae->Bryopsida->Bryophytina->Bryophyta->Embryophyta->Streptophytina->Streptophyta->Chloroplastida->Archaeplastida->Eukaryota->cellular organisms->life" nexsonid "node620781"
pgloadind     taxon mapping OTT ID 127335 taxonomy "Tomentypnum nitens->Tomentypnum->Brachytheciaceae->Hypnales->Hypnanae->Bryidae->Bryopsida->Bryophytina->Bryophyta->Embryophyta->Streptophytina->Streptophyta->Chloroplastida->Archaeplastida->Eukaryota->cellular organisms->life" nexsonid "node620782"
pgloadind     taxon mapping OTT ID 1022283 taxonomy "Herzogiella seligeri->Herzogiella->Hypnaceae->Hypnales->Hypnanae->Bryidae->Bryopsida->Bryophytina->Bryophyta->Embryophyta->Streptophytina->Streptophyta->Chloroplastida->Archaeplastida->Eukaryota->cellular organisms->life" nexsonid "node620783"
pgloadind     taxon mapping OTT ID 148631 taxonomy "Pterogonium gracile->Pterogonium->Leucodontaceae->Hypnales->Hypnanae->Bryidae->Bryopsida->Bryophytina->Bryophyta->Embryophyta->Streptophytina->Streptophyta->Chloroplastida->Archaeplastida->Eukaryota->cellular organisms->life" nexsonid "node620784"
pgloadind     taxon mapping OTT ID 414941 taxonomy "Orthodontium lineare->Orthodontium->Orthodontiaceae->Rhizogoniales->Bryanae->Bryidae->Bryopsida->Bryophytina->Bryophyta->Embryophyta->Streptophytina->Streptophyta->Chloroplastida->Archaeplastida->Eukaryota->cellular organisms->life" nexsonid "node620785"
pgloadind     taxon mapping OTT ID 1022289 taxonomy "Ulota crispa->Ulota->Orthotrichaceae->Orthotrichales->Bryanae->Bryidae->Bryopsida->Bryophytina->Bryophyta->Embryophyta->Streptophytina->Streptophyta->Chloroplastida->Archaeplastida->Eukaryota->cellular organisms->life" nexsonid "node620786"
pgloadind     taxon mapping OTT ID 1034277 taxonomy "Bartramia halleriana->Bartramia->Bartramiaceae->Bartramiales->Bryanae->Bryidae->Bryopsida->Bryophytina->Bryophyta->Embryophyta->Streptophytina->Streptophyta->Chloroplastida->Archaeplastida->Eukaryota->cellular organisms->life" nexsonid "node620790"
pgloadind     taxon mapping OTT ID 148633 taxonomy "Plagiopus oederi->Plagiopus->Bartramiaceae->Bartramiales->Bryanae->Bryidae->Bryopsida->Bryophytina->Bryophyta->Embryophyta->Streptophytina->Streptophyta->Chloroplastida->Archaeplastida->Eukaryota->cellular organisms->life" nexsonid "node620791"
pgloadind     taxon mapping OTT ID 981718 taxonomy "Hedwigia ciliata->Hedwigia->Hedwigiaceae->Hedwigiales->Bryanae->Bryidae->Bryopsida->Bryophytina->Bryophyta->Embryophyta->Streptophytina->Streptophyta->Chloroplastida->Archaeplastida->Eukaryota->cellular organisms->life" nexsonid "node620793"
pgloadind     taxon mapping OTT ID 405435 taxonomy "Rhacocarpus purpurascens->Rhacocarpus->Rhacocarpaceae->Hedwigiales->Bryanae->Bryidae->Bryopsida->Bryophytina->Bryophyta->Embryophyta->Streptophytina->Streptophyta->Chloroplastida->Archaeplastida->Eukaryota->cellular organisms->life" nexsonid "node620794"
pgloadind     taxon mapping OTT ID 199298 taxonomy "Mnium hornum->Mnium->Mniaceae->Bryales->Bryanae->Bryidae->Bryopsida->Bryophytina->Bryophyta->Embryophyta->Streptophytina->Streptophyta->Chloroplastida->Archaeplastida->Eukaryota->cellular organisms->life" nexsonid "node620797"
pgloadind     taxon mapping OTT ID 1022291 taxonomy "Pohlia nutans->Pohlia->Mniaceae->Bryales->Bryanae->Bryidae->Bryopsida->Bryophytina->Bryophyta->Embryophyta->Streptophytina->Streptophyta->Chloroplastida->Archaeplastida->Eukaryota->cellular organisms->life" nexsonid "node620798"
pgloadind     taxon mapping OTT ID 777051 taxonomy "Splachnum ampullaceum->Splachnum->Splachnaceae->Splachnales->Bryanae->Bryidae->Bryopsida->Bryophytina->Bryophyta->Embryophyta->Streptophytina->Streptophyta->Chloroplastida->Archaeplastida->Eukaryota->cellular organisms->life" nexsonid "node620799"
pgloadind     taxon mapping OTT ID 797132 taxonomy "Blindia acuta->Blindia->Seligeriaceae->Grimmiales->Dicranidae->Bryopsida->Bryophytina->Bryophyta->Embryophyta->Streptophytina->Streptophyta->Chloroplastida->Archaeplastida->Eukaryota->cellular organisms->life" nexsonid "node620805"
pgloadind     taxon mapping OTT ID 191859 taxonomy "Grimmia cribrosa->Grimmia->Grimmiaceae->Grimmiales->Dicranidae->Bryopsida->Bryophytina->Bryophyta->Embryophyta->Streptophytina->Streptophyta->Chloroplastida->Archaeplastida->Eukaryota->cellular organisms->life" nexsonid "node620808"
pgloadind     taxon mapping OTT ID 163729 taxonomy "Grimmia donniana->Grimmia->Grimmiaceae->Grimmiales->Dicranidae->Bryopsida->Bryophytina->Bryophyta->Embryophyta->Streptophytina->Streptophyta->Chloroplastida->Archaeplastida->Eukaryota->cellular organisms->life" nexsonid "node620809"
pgloadind     taxon mapping OTT ID 445644 taxonomy "Racomitrium lanuginosum->Racomitrium->Grimmiaceae->Grimmiales->Dicranidae->Bryopsida->Bryophytina->Bryophyta->Embryophyta->Streptophytina->Streptophyta->Chloroplastida->Archaeplastida->Eukaryota->cellular organisms->life" nexsonid "node620810"
pgloadind     taxon mapping OTT ID 747814 taxonomy "Leucobryum glaucum->Leucobryum->Leucobryaceae->Dicranales->Dicranidae->Bryopsida->Bryophytina->Bryophyta->Embryophyta->Streptophytina->Streptophyta->Chloroplastida->Archaeplastida->Eukaryota->cellular organisms->life" nexsonid "node620811"
pgloadind     taxon mapping OTT ID 195704 taxonomy "Ceratodon purpureus->Ceratodon->Ditrichaceae->Dicranales->Dicranidae->Bryopsida->Bryophytina->Bryophyta->Embryophyta->Streptophytina->Streptophyta->Chloroplastida->Archaeplastida->Eukaryota->cellular organisms->life" nexsonid "node620817"
pgloadind     taxon mapping OTT ID 1022295 taxonomy "Cinclidotus riparius->Cinclidotus->Pottiaceae->Pottiales->Dicranidae->Bryopsida->Bryophytina->Bryophyta->Embryophyta->Streptophytina->Streptophyta->Chloroplastida->Archaeplastida->Eukaryota->cellular organisms->life" nexsonid "node620819"
pgloadind     taxon mapping OTT ID 405425 taxonomy "Pottia truncata->Pottia->Pottiaceae->Pottiales->Dicranidae->Bryopsida->Bryophytina->Bryophyta->Embryophyta->Streptophytina->Streptophyta->Chloroplastida->Archaeplastida->Eukaryota->cellular organisms->life" nexsonid "node620821"
pgloadind     taxon mapping OTT ID 3863605 taxonomy "Syntrichia latifolia->Syntrichia->Pottiaceae->Pottiales->Dicranidae->Bryopsida->Bryophytina->Bryophyta->Embryophyta->Streptophytina->Streptophyta->Chloroplastida->Archaeplastida->Eukaryota->cellular organisms->life" nexsonid "node620822"
pgloadind     taxon mapping OTT ID 445650 taxonomy "Ditrichum cylindricum->Ditrichum->Ditrichaceae->Dicranales->Dicranidae->Bryopsida->Bryophytina->Bryophyta->Embryophyta->Streptophytina->Streptophyta->Chloroplastida->Archaeplastida->Eukaryota->cellular organisms->life" nexsonid "node620823"
pgloadind     taxon mapping OTT ID 536573 taxonomy "Orthodicranum montanum->Orthodicranum->Dicranaceae->Dicranales->Dicranidae->Bryopsida->Bryophytina->Bryophyta->Embryophyta->Streptophytina->Streptophyta->Chloroplastida->Archaeplastida->Eukaryota->cellular organisms->life" nexsonid "node620824"
pgloadind     taxon mapping OTT ID 836471 taxonomy "Schistostega pennata->Schistostega->Schistostegaceae->Dicranales->Dicranidae->Bryopsida->Bryophytina->Bryophyta->Embryophyta->Streptophytina->Streptophyta->Chloroplastida->Archaeplastida->Eukaryota->cellular organisms->life" nexsonid "node620825"
pgloadind     taxon mapping OTT ID 1034267 taxonomy "Fissidens cristatus->Fissidens->Fissidentaceae->Dicranales->Dicranidae->Bryopsida->Bryophytina->Bryophyta->Embryophyta->Streptophytina->Streptophyta->Chloroplastida->Archaeplastida->Eukaryota->cellular organisms->life" nexsonid "node620826"
pgloadind     taxon mapping OTT ID 768347 taxonomy "Timmiella sp. VKLBN991028->Timmiella->Pottiaceae->Pottiales->Dicranidae->Bryopsida->Bryophytina->Bryophyta->Embryophyta->Streptophytina->Streptophyta->Chloroplastida->Archaeplastida->Eukaryota->cellular organisms->life" nexsonid "node620827"
pgloadind     taxon mapping OTT ID 273694 taxonomy "Bryobrittonia longipes->Bryobrittonia->Encalyptaceae->Encalyptales->Funariidae->Bryopsida->Bryophytina->Bryophyta->Embryophyta->Streptophytina->Streptophyta->Chloroplastida->Archaeplastida->Eukaryota->cellular organisms->life" nexsonid "node620831"
pgloadind     taxon mapping OTT ID 454749 taxonomy "Discelium nudum->Discelium->Disceliaceae->Funariales->Funariidae->Bryopsida->Bryophytina->Bryophyta->Embryophyta->Streptophytina->Streptophyta->Chloroplastida->Archaeplastida->Eukaryota->cellular organisms->life" nexsonid "node620832"
pgloadind     taxon mapping OTT ID 690799 taxonomy "Drummondia prorepens->Drummondia->Drummondiaceae->Scouleriales->Dicranidae->Bryopsida->Bryophytina->Bryophyta->Embryophyta->Streptophytina->Streptophyta->Chloroplastida->Archaeplastida->Eukaryota->cellular organisms->life" nexsonid "node620835"
pgloadind     taxon mapping OTT ID 765280 taxonomy "Funaria hygrometrica->Funaria->Funariaceae->Funariales->Funariidae->Bryopsida->Bryophytina->Bryophyta->Embryophyta->Streptophytina->Streptophyta->Chloroplastida->Archaeplastida->Eukaryota->cellular organisms->life" nexsonid "node620838"
pgloadind     taxon mapping OTT ID 548793 taxonomy "Physcomitrium pyriforme->Physcomitrium->Funariaceae->Funariales->Funariidae->Bryopsida->Bryophytina->Bryophyta->Embryophyta->Streptophytina->Streptophyta->Chloroplastida->Archaeplastida->Eukaryota->cellular organisms->life" nexsonid "node620839"
pgloadind     taxon mapping OTT ID 821359 taxonomy "Physcomitrella patens->Physcomitrella->Funariaceae->Funariales->Funariidae->Bryopsida->Bryophytina->Bryophyta->Embryophyta->Streptophytina->Streptophyta->Chloroplastida->Archaeplastida->Eukaryota->cellular organisms->life" nexsonid "node620840"
pgloadind     taxon mapping OTT ID 148635 taxonomy "Timmia megapolitana subsp. bavarica->Timmia megapolitana->Timmia->Timmiaceae->Timmiales->Timmiidae->Bryopsida->Bryophytina->Bryophyta->Embryophyta->Streptophytina->Streptophyta->Chloroplastida->Archaeplastida->Eukaryota->cellular organisms->life" nexsonid "node620841"
pgloadind     taxon mapping OTT ID 563120 taxonomy "Encalypta streptocarpa->Encalypta->Encalyptaceae->Encalyptales->Funariidae->Bryopsida->Bryophytina->Bryophyta->Embryophyta->Streptophytina->Streptophyta->Chloroplastida->Archaeplastida->Eukaryota->cellular organisms->life" nexsonid "node620842"
pgloadind     taxon mapping OTT ID 671409 taxonomy "Diphyscium sessile->Diphyscium->Diphysciaceae->Diphysciales->Diphysciidae->Bryopsida->Bryophytina->Bryophyta->Embryophyta->Streptophytina->Streptophyta->Chloroplastida->Archaeplastida->Eukaryota->cellular organisms->life" nexsonid "node620843"
pgloadind     taxon mapping OTT ID 988460 taxonomy "Buxbaumia aphylla->Buxbaumia->Buxbaumiaceae->Buxbaumiales->Buxbaumiidae->Bryopsida->Bryophytina->Bryophyta->Embryophyta->Streptophytina->Streptophyta->Chloroplastida->Archaeplastida->Eukaryota->cellular organisms->life" nexsonid "node620845"
pgloadind     taxon mapping OTT ID 79119 taxonomy "Tetraphis pellucida->Tetraphis->Tetraphidaceae->Tetraphidales->Tetraphidopsida->Bryophytina->Bryophyta->Embryophyta->Streptophytina->Streptophyta->Chloroplastida->Archaeplastida->Eukaryota->cellular organisms->life" nexsonid "node620846"
done fixing name
pgloadind Finished with attempts to fix names
pgloadind   Checking for uniqueness of OTT IDs tree id "2950"
pgloadind   Adding tree to graph tree id "2950"
all trees have all taxa: false
	using bipartition technique
attempting to remap tips to deepest exemplified taxa
	Mnium hornum was remapped to 'Mnium' (id=3039600)
	Ulota crispa was remapped to 'Orthotrichales' (id=3041548)
	Thamnobryum alopecurum was remapped to 'Thamnobryum' (id=3048371)
	Dawsonia sp. VKL981115 was remapped to 'Dawsonia' (id=3039152)
	Physcomitrium pyriforme was remapped to 'Physcomitrium' (id=3056346)
	Buxbaumia aphylla was remapped to 'Buxbaumiidae' (id=3039345)
	Atrichum undulatum was remapped to 'Atrichum' (id=3038986)
	Cinclidotus riparius was remapped to 'Cinclidotus' (id=3051069)
	Orthodicranum montanum was remapped to 'Dicranaceae' (id=3053364)
	Schistostega pennata was remapped to 'Schistostegaceae' (id=3054541)
	Scorpidium scorpioides was remapped to 'Scorpidium' (id=3045493)
	Pottia truncata was remapped to 'Pottia' (id=3051447)
	Funaria hygrometrica was remapped to 'Funaria' (id=3056516)
	Timmiella sp. VKLBN991028 was remapped to 'Timmiella' (id=3052009)
	Hygrohypnum ochraceum was remapped to 'Hygrohypnum' (id=3045597)
	Ceratodon purpureus was remapped to 'Ceratodon' (id=3054287)
	Plagiopus oederi was remapped to 'Plagiopus' (id=3041426)
	Aulacomnium androgynum was remapped to 'Aulacomniaceae' (id=3039504)
	Encalypta streptocarpa was remapped to 'Encalypta' (id=3056270)
	Pohlia nutans was remapped to 'Pohlia' (id=3039642)
	Hedwigia ciliata was remapped to 'Hedwigiaceae' (id=3039381)
	Diphyscium sessile was remapped to 'Diphysciidae' (id=3050517)
	Timmia megapolitana subsp. bavarica was remapped to 'Timmiidae' (id=3039331)
	Discelium nudum was remapped to 'Disceliaceae' (id=3056332)
	Pogonatum urnigerum was remapped to 'Pogonatum' (id=3039182)
	Syntrichia latifolia was remapped to 'Syntrichia' (id=3051581)
	Tomentypnum nitens was remapped to 'Brachytheciaceae' (id=3044268)
	Rhacocarpus purpurascens was remapped to 'Rhacocarpaceae' (id=3039367)
	Ditrichum cylindricum was remapped to 'Ditrichum' (id=3054409)
	Physcomitrella patens was remapped to 'Physcomitrella' (id=3056616)
	Bryobrittonia longipes was remapped to 'Bryobrittonia' (id=3056267)
	Fissidens cristatus was remapped to 'Fissidentaceae' (id=3055193)
	Splachnum ampullaceum was remapped to 'Splachnales' (id=3042591)
	Racomitrium lanuginosum was remapped to 'Racomitrium' (id=3052795)
	Tetraphis pellucida was remapped to 'Tetraphidopsida' (id=3039312)
	Pterogonium gracile was remapped to 'Leucodontaceae' (id=3046244)
	Blindia acuta was remapped to 'Seligeriaceae' (id=3053226)
	Herzogiella seligeri was remapped to 'Hypnaceae' (id=3046927)
	Orthodontium lineare was remapped to 'Orthodontiaceae' (id=3039424)
	Oligotrichum hercynicum was remapped to 'Oligotrichum' (id=3039056)
	Leucobryum glaucum was remapped to 'Leucobryaceae' (id=3055778)
	Bartramia halleriana was remapped to 'Bartramia' (id=3041071)
	Drummondia prorepens was remapped to 'Scouleriales' (id=3052578)
	Homalia trichomanoides was remapped to 'Homalia' (id=3048104)
	Fontinalis antipyretica was remapped to 'Fontinalaceae' (id=3045328)
this is the ROOT
placing root in index
Dealing with metadata property: id
Dealing with metadata property: ot:studyPublicationReference
Adding property 'ot:studyPublicationReference': Wahrmund, U., Rein, T., Müller, K. F., Groth-Malonek, M., & Knoop, V. (2009). Fifty mosses on five trees: comparing phylogenetic information in three types of non-coding mitochondrial DNA and two chloroplast loci. Plant Systematics and Evolution, 282(3), 241-255.
Dealing with metadata property: ot:studyYear
Adding property 'ot:studyYear': 2008
Dealing with metadata property: ot:inGroupClade
Adding property 'ot:inGroupClade': node620754
Dealing with metadata property: ot:curatorName
Adding property 'ot:curatorName': bryan drew
Dealing with metadata property: ot:studyPublication
Adding property 'ot:studyPublication': http://dx.doi.org/10.1007/s00606-008-0043-x
Dealing with metadata property: ot:curatedType
Adding property 'ot:curatedType': Fig 1
Dealing with metadata property: ot:studyId
Adding property 'ot:studyId': 1459
Dealing with metadata property: ot:dataDeposit
Adding property 'ot:dataDeposit': http://purl.org/phylo/treebase/phylows/study/TB2:S1992
Committing nodes: 93
{3038980}
3052890
3052900
3038986
	adding Node[3038986] Atrichum 208160 as compatible with Node[3038986]
		adding Relationship[8257400]
	adding Node[3038984] Polytrichales 821351 as compatible with Node[3038985]
		adding Relationship[8257401]
	adding Node[3038981] Polytrichopsida 235116 as compatible with Node[3038985]
		adding Relationship[8257402]
3039056
	adding Node[3039056] Oligotrichum 430956 as compatible with Node[3039056]
		adding Relationship[8257403]
3039152
	adding Node[3039152] Dawsonia 669062 as compatible with Node[3039152]
		adding Relationship[8257404]
3039182
	adding Node[3039182] Pogonatum 905781 as compatible with Node[3039182]
		adding Relationship[8257405]
3039312
	adding Node[3039312] Tetraphidopsida 724952 as compatible with Node[3039312]
		adding Relationship[8257406]
3039331
	adding Node[3039331] Timmiidae 123458 as compatible with Node[3039331]
		adding Relationship[8257407]
3039345
	adding Node[3039345] Buxbaumiidae 263645 as compatible with Node[3039345]
		adding Relationship[8257408]
3039367
	adding Node[3039367] Rhacocarpaceae 47737 as compatible with Node[3039367]
		adding Relationship[8257409]
3039381
	adding Node[3039381] Hedwigiaceae 981715 as compatible with Node[3039381]
		adding Relationship[8257410]
3039424
	adding Node[3039424] Orthodontiaceae 47744 as compatible with Node[3039424]
		adding Relationship[8257411]
3039504
	adding Node[3039504] Aulacomniaceae 991826 as compatible with Node[3039504]
		adding Relationship[8257412]
3039600
	adding Node[3039600] Mnium 195702 as compatible with Node[3039600]
		adding Relationship[8257413]
	adding Node[3039523] Bryales 195707 as compatible with Node[3039524]
		adding Relationship[8257414]
3039642
	adding Node[3039642] Pohlia 414928 as compatible with Node[3039642]
		adding Relationship[8257415]
3041071
	adding Node[3041071] Bartramia 153411 as compatible with Node[3041071]
		adding Relationship[8257416]
	adding Node[3041056] Bartramiales 520587 as compatible with Node[3041057]
		adding Relationship[8257417]
3041426
	adding Node[3041426] Plagiopus 509152 as compatible with Node[3041426]
		adding Relationship[8257418]
3041548
	adding Node[3041548] Orthotrichales 555463 as compatible with Node[3041548]
		adding Relationship[8257419]
3042591
	adding Node[3042591] Splachnales 555469 as compatible with Node[3042591]
		adding Relationship[8257420]
3044268
	adding Node[3044268] Brachytheciaceae 79118 as compatible with Node[3044268]
		adding Relationship[8257421]
	adding Node[3042711] Hypnanae 706542 as compatible with Node[3043923]
		adding Relationship[8257422]
3045328
3045493
	adding Node[3045493] Scorpidium 240386 as compatible with Node[3045493]
		adding Relationship[8257423]
3045597
	adding Node[3045597] Hygrohypnum 615032 as compatible with Node[3045597]
		adding Relationship[8257424]
3046244
	adding Node[3046244] Leucodontaceae 671394 as compatible with Node[3046244]
		adding Relationship[8257425]
3046927
	adding Node[3046927] Hypnaceae 734790 as compatible with Node[3046927]
		adding Relationship[8257426]
3048104
	adding Node[3048104] Homalia 411685 as compatible with Node[3048104]
		adding Relationship[8257427]
3048371
3050517
	adding Node[3050517] Diphysciidae 620626 as compatible with Node[3050517]
		adding Relationship[8257428]
3051069
	adding Node[3051069] Cinclidotus 247044 as compatible with Node[3051069]
		adding Relationship[8257429]
3051447
	adding Node[3051447] Pottia 405424 as compatible with Node[3051447]
		adding Relationship[8257430]
3051581
	adding Node[3051581] Syntrichia 565532 as compatible with Node[3051581]
		adding Relationship[8257431]
3052009
	adding Node[3052009] Timmiella 735415 as compatible with Node[3052009]
		adding Relationship[8257432]
3052578
	adding Node[3052578] Scouleriales 263662 as compatible with Node[3052578]
		adding Relationship[8257433]
3052795
	adding Node[3052795] Racomitrium 411683 as compatible with Node[3052795]
		adding Relationship[8257434]
3053226
	adding Node[3053226] Seligeriaceae 797139 as compatible with Node[3053226]
		adding Relationship[8257435]
3053364
	adding Node[3053364] Dicranaceae 195710 as compatible with Node[3053364]
		adding Relationship[8257436]
3054287
	adding Node[3054287] Ceratodon 195705 as compatible with Node[3054287]
		adding Relationship[8257437]
3054409
	adding Node[3054409] Ditrichum 318812 as compatible with Node[3054409]
		adding Relationship[8257438]
3054541
3055193
	adding Node[3055193] Fissidentaceae 981711 as compatible with Node[3055193]
		adding Relationship[8257439]
3055778
	adding Node[3055778] Leucobryaceae 1023962 as compatible with Node[3055778]
		adding Relationship[8257440]
3056267
3056270
	adding Node[3056270] Encalypta 534545 as compatible with Node[3056270]
		adding Relationship[8257441]
3056332
3056346
	adding Node[3056346] Physcomitrium 548791 as compatible with Node[3056346]
		adding Relationship[8257442]
3056516
	adding Node[3056516] Funaria 765282 as compatible with Node[3056516]
		adding Relationship[8257443]
3056616
	adding Node[3056616] Physcomitrella 821349 as compatible with Node[3056616]
		adding Relationship[8257444]
[Node[3052707], Node[3039366], Node[3039367], Node[3041548], Node[3051069], Node[3041426], Node[3038980], Node[3038981], Node[3052578], Node[3038986], Node[3038984], Node[3054409], Node[3038985], Node[3039504], Node[3050517], Node[3039642], Node[3051447], Node[3039381], Node[3052009], Node[3054287], Node[3052604], Node[3045413], Node[3056270], Node[3501505], Node[3048001], Node[3501504], Node[3501506], Node[3501508], Node[3501510], Node[3501513], Node[3501512], Node[3053364], Node[3055778], Node[3501514], Node[3501516], Node[3053226], Node[3501519], Node[3501520], Node[3056516], Node[3039152], Node[3039524], Node[3039523], Node[3044268], Node[3055193], Node[3039182], Node[3039424], Node[3048104], Node[3045493], Node[3501494], Node[3501495], Node[3056616], Node[3041057], Node[3041056], Node[3501490], Node[3501491], Node[3501489], Node[3039056], Node[3501502], Node[3501503], Node[3039312], Node[3042711], Node[3501501], Node[3042591], Node[3041071], Node[3501498], Node[3043923], Node[3052795], Node[3501499], Node[3046927], Node[3051581], Node[3501496], Node[3501497], Node[3056335], Node[3039600], Node[3039331], Node[3046244], Node[3045597], Node[3056346], Node[3039345]]
	Node[3052707]
		adding Relationship[8257445] from Node[3052707] to Node[3052604]
	Node[3039366]
		adding Relationship[8257446] from Node[3039366] to Node[3501498]
	Node[3039367]
		adding Relationship[8257447] from Node[3039367] to Node[3039366]
	Node[3041548]
		adding Relationship[8257448] from Node[3041548] to Node[3501497]
	Node[3051069]
		adding Relationship[8257449] from Node[3051069] to Node[3501503]
	Node[3041426]
		adding Relationship[8257450] from Node[3041426] to Node[3041057]
	Node[3038980]
	Node[3038981]
		adding Relationship[8257451] from Node[3038981] to Node[3038980]
	Node[3052578]
		adding Relationship[8257452] from Node[3052578] to Node[3501513]
	Node[3038986]
		adding Relationship[8257453] from Node[3038986] to Node[3501489]
		adding Relationship[8257454] from Node[3038986] to Node[3038985]
	Node[3038984]
		adding Relationship[8257455] from Node[3038984] to Node[3038981]
	Node[3054409]
		adding Relationship[8257456] from Node[3054409] to Node[3501505]
	Node[3038985]
		adding Relationship[8257457] from Node[3038985] to Node[3038980]
		adding Relationship[8257458] from Node[3038985] to Node[3038984]
	Node[3039504]
		adding Relationship[8257459] from Node[3039504] to Node[3501495]
	Node[3050517]
		adding Relationship[8257460] from Node[3050517] to Node[3501519]
	Node[3039642]
		adding Relationship[8257461] from Node[3039642] to Node[3039524]
	Node[3051447]
		adding Relationship[8257462] from Node[3051447] to Node[3501502]
	Node[3039381]
		adding Relationship[8257463] from Node[3039381] to Node[3039366]
	Node[3052009]
		adding Relationship[8257464] from Node[3052009] to Node[3501510]
	Node[3054287]
		adding Relationship[8257465] from Node[3054287] to Node[3501504]
	Node[3052604]
		adding Relationship[8257466] from Node[3052604] to Node[3501501]
	Node[3045413]
		adding Relationship[8257467] from Node[3045413] to Node[3501491]
		adding Relationship[8257468] from Node[3045413] to Node[3043923]
	Node[3056270]
		adding Relationship[8257469] from Node[3056270] to Node[3501516]
	Node[3501505]
		adding Relationship[8257470] from Node[3501505] to Node[3501506]
	Node[3048001]
		adding Relationship[8257471] from Node[3048001] to Node[3043923]
	Node[3501504]
		adding Relationship[8257472] from Node[3501504] to Node[3501505]
	Node[3501506]
	Node[3501508]
	Node[3501510]
	Node[3501513]
		adding Relationship[8257473] from Node[3501513] to Node[3501514]
	Node[3501512]
		adding Relationship[8257474] from Node[3501512] to Node[3056335]
	Node[3053364]
		adding Relationship[8257475] from Node[3053364] to Node[3501506]
	Node[3055778]
		adding Relationship[8257476] from Node[3055778] to Node[3501501]
	Node[3501514]
	Node[3501516]
	Node[3053226]
		adding Relationship[8257477] from Node[3053226] to Node[3052604]
	Node[3501519]
	Node[3501520]
	Node[3056516]
		adding Relationship[8257478] from Node[3056516] to Node[3501512]
		adding Relationship[8257479] from Node[3056516] to Node[3056335]
	Node[3039152]
		adding Relationship[8257480] from Node[3039152] to Node[3501489]
		adding Relationship[8257481] from Node[3039152] to Node[3038985]
	Node[3039524]
		adding Relationship[8257482] from Node[3039524] to Node[3501499]
		adding Relationship[8257483] from Node[3039524] to Node[3039523]
	Node[3039523]
	Node[3044268]
		adding Relationship[8257484] from Node[3044268] to Node[3501491]
		adding Relationship[8257485] from Node[3044268] to Node[3043923]
	Node[3055193]
		adding Relationship[8257486] from Node[3055193] to Node[3501508]
	Node[3039182]
		adding Relationship[8257487] from Node[3039182] to Node[3501490]
		adding Relationship[8257488] from Node[3039182] to Node[3038985]
	Node[3039424]
		adding Relationship[8257489] from Node[3039424] to Node[3501496]
	Node[3048104]
		adding Relationship[8257490] from Node[3048104] to Node[3048001]
	Node[3045493]
		adding Relationship[8257491] from Node[3045493] to Node[3045413]
	Node[3501494]
		adding Relationship[8257492] from Node[3501494] to Node[3043923]
	Node[3501495]
		adding Relationship[8257493] from Node[3501495] to Node[3501496]
	Node[3056616]
		adding Relationship[8257494] from Node[3056616] to Node[3056335]
	Node[3041057]
		adding Relationship[8257495] from Node[3041057] to Node[3501498]
		adding Relationship[8257496] from Node[3041057] to Node[3041056]
	Node[3041056]
	Node[3501490]
		adding Relationship[8257497] from Node[3501490] to Node[3038985]
	Node[3501491]
	Node[3501489]
		adding Relationship[8257498] from Node[3501489] to Node[3501490]
	Node[3039056]
		adding Relationship[8257499] from Node[3039056] to Node[3038985]
	Node[3501502]
		adding Relationship[8257500] from Node[3501502] to Node[3501503]
	Node[3501503]
		adding Relationship[8257501] from Node[3501503] to Node[3501504]
	Node[3039312]
		adding Relationship[8257502] from Node[3039312] to Node[3501520]
		adding Relationship[8257503] from Node[3039312] to Node[3038980]
	Node[3042711]
	Node[3501501]
	Node[3042591]
		adding Relationship[8257504] from Node[3042591] to Node[3501499]
	Node[3041071]
		adding Relationship[8257505] from Node[3041071] to Node[3041057]
	Node[3501498]
	Node[3043923]
		adding Relationship[8257506] from Node[3043923] to Node[3501495]
		adding Relationship[8257507] from Node[3043923] to Node[3042711]
	Node[3052795]
		adding Relationship[8257508] from Node[3052795] to Node[3052707]
	Node[3501499]
	Node[3046927]
		adding Relationship[8257509] from Node[3046927] to Node[3501494]
		adding Relationship[8257510] from Node[3046927] to Node[3043923]
	Node[3051581]
		adding Relationship[8257511] from Node[3051581] to Node[3501502]
	Node[3501496]
		adding Relationship[8257512] from Node[3501496] to Node[3501497]
	Node[3501497]
	Node[3056335]
		adding Relationship[8257513] from Node[3056335] to Node[3501513]
	Node[3039600]
		adding Relationship[8257514] from Node[3039600] to Node[3039524]
	Node[3039331]
		adding Relationship[8257515] from Node[3039331] to Node[3501514]
	Node[3046244]
		adding Relationship[8257516] from Node[3046244] to Node[3043923]
	Node[3045597]
		adding Relationship[8257517] from Node[3045597] to Node[3045413]
	Node[3056346]
		adding Relationship[8257518] from Node[3056346] to Node[3501512]
		adding Relationship[8257519] from Node[3056346] to Node[3056335]
	Node[3039345]
		adding Relationship[8257520] from Node[3039345] to Node[3501520]
