pgloadind OTUs number 25
pgloadind Processing tree @id "3723"
pgloadind   tree info number nodes 49
pgloadind   tree info number edges 48
pgloadind   tree info ingroup "node705836"
pgloadind   Setting ingroup root node.
pgloadind   Ingested tree number of external nodes 14
pgloadind   property added ot:studyPublicationReference "Cacho, N. I., Berry, P. E., Olson, M. E., Steinmann, V. W., & Baum, D. A. (2010). Are spurred cyathia a key innovation? Molecular systematics and trait evolution in the slipper spurges (Pedilanthus clade: Euphorbia, Euphorbiaceae). American journal of botany, 97(3), 493-510."
pgloadind   property added ot:studyPublication "http://dx.doi.org/10.3732/ajb.0900090"
pgloadind   property added ot:curatorName "bryan drew"
pgloadind   property added ot:studyId "1841"
pgloadind   property added ot:studyYear "2010"
pgloadind   property added ot:focalClade "2770182"
pgloadind   property added ot:focalCladeOTTTaxonName "Pedilanthus"
pgloadind   property added ot:branchLengthMode "ot:substitutionCount"
pgloadind   property added ot:inGroupClade "node705836"
pgloadind   property added ot:curatedType "ML best tree"
loading a specific tree: 3723
pgloadind conducting TNRS on trees
pgloadind   name fixing on tree tree id "3723"
pgloadind   all nodes have ottIds
pgloadind     OTT ID reused in tree
pgloadind       duplicate name "Euphorbia colligata" nexsonid "node705856"
pgloadind       duplicate OTT ID 301340
pgloadind     pruning dups and overlapping name "Euphorbia colligata" nexsonid "node705856"
pgloadind   postpruning newick tree "((((((Euphorbia_cyri,Euphorbia_tehuacana),(Euphorbia_bracteata,Euphorbia_diazlunana)),(Euphorbia_colligata,Euphorbia_lomelii)),Euphorbia_finkii),(((Euphorbia_peritropoides,Euphorbia_coalcomanensis),Euphorbia_calcarata),Euphorbia_conzattii)),(Euphorbia_personata,Euphorbia_tithymaloides))"
pgloadind   taxon mapping summary
pgloadind     taxon mapping OTT ID 1075103 taxonomy "Euphorbia cyri->Euphorbia sect. Crepidaria->Euphorbia subgenus Euphorbia->Euphorbia->Euphorbieae->Euphorbioideae->Euphorbiaceae->Malpighiales->fabids->rosids->Pentapetalae->Gunneridae->eudicotyledons->Mesangiospermae->Magnoliophyta->Spermatophyta->Euphyllophyta->Tracheophyta->Embryophyta->Streptophytina->Streptophyta->Chloroplastida->Archaeplastida->Eukaryota->cellular organisms->life" nexsonid "node705842"
pgloadind     taxon mapping OTT ID 401006 taxonomy "Euphorbia tehuacana->Euphorbia sect. Crepidaria->Euphorbia subgenus Euphorbia->Euphorbia->Euphorbieae->Euphorbioideae->Euphorbiaceae->Malpighiales->fabids->rosids->Pentapetalae->Gunneridae->eudicotyledons->Mesangiospermae->Magnoliophyta->Spermatophyta->Euphyllophyta->Tracheophyta->Embryophyta->Streptophytina->Streptophyta->Chloroplastida->Archaeplastida->Eukaryota->cellular organisms->life" nexsonid "node705843"
pgloadind     taxon mapping OTT ID 301316 taxonomy "Euphorbia bracteata->Euphorbia sect. Crepidaria->Euphorbia subgenus Euphorbia->Euphorbia->Euphorbieae->Euphorbioideae->Euphorbiaceae->Malpighiales->fabids->rosids->Pentapetalae->Gunneridae->eudicotyledons->Mesangiospermae->Magnoliophyta->Spermatophyta->Euphyllophyta->Tracheophyta->Embryophyta->Streptophytina->Streptophyta->Chloroplastida->Archaeplastida->Eukaryota->cellular organisms->life" nexsonid "node705845"
pgloadind     taxon mapping OTT ID 1075107 taxonomy "Euphorbia diazlunana->Euphorbia sect. Crepidaria->Euphorbia subgenus Euphorbia->Euphorbia->Euphorbieae->Euphorbioideae->Euphorbiaceae->Malpighiales->fabids->rosids->Pentapetalae->Gunneridae->eudicotyledons->Mesangiospermae->Magnoliophyta->Spermatophyta->Euphyllophyta->Tracheophyta->Embryophyta->Streptophytina->Streptophyta->Chloroplastida->Archaeplastida->Eukaryota->cellular organisms->life" nexsonid "node705846"
pgloadind     taxon mapping OTT ID 301340 taxonomy "Euphorbia colligata->Euphorbia sect. Crepidaria->Euphorbia subgenus Euphorbia->Euphorbia->Euphorbieae->Euphorbioideae->Euphorbiaceae->Malpighiales->fabids->rosids->Pentapetalae->Gunneridae->eudicotyledons->Mesangiospermae->Magnoliophyta->Spermatophyta->Euphyllophyta->Tracheophyta->Embryophyta->Streptophytina->Streptophyta->Chloroplastida->Archaeplastida->Eukaryota->cellular organisms->life" nexsonid "node705848"
pgloadind     taxon mapping OTT ID 301328 taxonomy "Euphorbia lomelii->Euphorbia sect. Crepidaria->Euphorbia subgenus Euphorbia->Euphorbia->Euphorbieae->Euphorbioideae->Euphorbiaceae->Malpighiales->fabids->rosids->Pentapetalae->Gunneridae->eudicotyledons->Mesangiospermae->Magnoliophyta->Spermatophyta->Euphyllophyta->Tracheophyta->Embryophyta->Streptophytina->Streptophyta->Chloroplastida->Archaeplastida->Eukaryota->cellular organisms->life" nexsonid "node705849"
pgloadind     taxon mapping OTT ID 301333 taxonomy "Euphorbia finkii->Euphorbia sect. Crepidaria->Euphorbia subgenus Euphorbia->Euphorbia->Euphorbieae->Euphorbioideae->Euphorbiaceae->Malpighiales->fabids->rosids->Pentapetalae->Gunneridae->eudicotyledons->Mesangiospermae->Magnoliophyta->Spermatophyta->Euphyllophyta->Tracheophyta->Embryophyta->Streptophytina->Streptophyta->Chloroplastida->Archaeplastida->Eukaryota->cellular organisms->life" nexsonid "node705850"
pgloadind     taxon mapping OTT ID 1075130 taxonomy "Euphorbia peritropoides->Euphorbia sect. Crepidaria->Euphorbia subgenus Euphorbia->Euphorbia->Euphorbieae->Euphorbioideae->Euphorbiaceae->Malpighiales->fabids->rosids->Pentapetalae->Gunneridae->eudicotyledons->Mesangiospermae->Magnoliophyta->Spermatophyta->Euphyllophyta->Tracheophyta->Embryophyta->Streptophytina->Streptophyta->Chloroplastida->Archaeplastida->Eukaryota->cellular organisms->life" nexsonid "node705857"
pgloadind     taxon mapping OTT ID 1075120 taxonomy "Euphorbia coalcomanensis->Euphorbia sect. Crepidaria->Euphorbia subgenus Euphorbia->Euphorbia->Euphorbieae->Euphorbioideae->Euphorbiaceae->Malpighiales->fabids->rosids->Pentapetalae->Gunneridae->eudicotyledons->Mesangiospermae->Magnoliophyta->Spermatophyta->Euphyllophyta->Tracheophyta->Embryophyta->Streptophytina->Streptophyta->Chloroplastida->Archaeplastida->Eukaryota->cellular organisms->life" nexsonid "node705855"
pgloadind     taxon mapping OTT ID 301312 taxonomy "Euphorbia calcarata->Euphorbia sect. Crepidaria->Euphorbia subgenus Euphorbia->Euphorbia->Euphorbieae->Euphorbioideae->Euphorbiaceae->Malpighiales->fabids->rosids->Pentapetalae->Gunneridae->eudicotyledons->Mesangiospermae->Magnoliophyta->Spermatophyta->Euphyllophyta->Tracheophyta->Embryophyta->Streptophytina->Streptophyta->Chloroplastida->Archaeplastida->Eukaryota->cellular organisms->life" nexsonid "node705858"
pgloadind     taxon mapping OTT ID 1075111 taxonomy "Euphorbia conzattii->Euphorbia sect. Crepidaria->Euphorbia subgenus Euphorbia->Euphorbia->Euphorbieae->Euphorbioideae->Euphorbiaceae->Malpighiales->fabids->rosids->Pentapetalae->Gunneridae->eudicotyledons->Mesangiospermae->Magnoliophyta->Spermatophyta->Euphyllophyta->Tracheophyta->Embryophyta->Streptophytina->Streptophyta->Chloroplastida->Archaeplastida->Eukaryota->cellular organisms->life" nexsonid "node705859"
pgloadind     taxon mapping OTT ID 558378 taxonomy "Euphorbia personata->Euphorbia sect. Crepidaria->Euphorbia subgenus Euphorbia->Euphorbia->Euphorbieae->Euphorbioideae->Euphorbiaceae->Malpighiales->fabids->rosids->Pentapetalae->Gunneridae->eudicotyledons->Mesangiospermae->Magnoliophyta->Spermatophyta->Euphyllophyta->Tracheophyta->Embryophyta->Streptophytina->Streptophyta->Chloroplastida->Archaeplastida->Eukaryota->cellular organisms->life" nexsonid "node705861"
pgloadind     taxon mapping OTT ID 817086 taxonomy "Euphorbia tithymaloides->Euphorbia sect. Crepidaria->Euphorbia subgenus Euphorbia->Euphorbia->Euphorbieae->Euphorbioideae->Euphorbiaceae->Malpighiales->fabids->rosids->Pentapetalae->Gunneridae->eudicotyledons->Mesangiospermae->Magnoliophyta->Spermatophyta->Euphyllophyta->Tracheophyta->Embryophyta->Streptophytina->Streptophyta->Chloroplastida->Archaeplastida->Eukaryota->cellular organisms->life" nexsonid "node705862"
done fixing name
pgloadind Finished with attempts to fix names
pgloadind   Checking for uniqueness of OTT IDs tree id "3723"
pgloadind   Adding tree to graph tree id "3723"
all trees have all taxa: false
	using bipartition technique
attempting to remap tips to deepest exemplified taxa
this is the ROOT
placing root in index
Dealing with metadata property: id
Dealing with metadata property: ot:studyPublicationReference
Adding property 'ot:studyPublicationReference': Cacho, N. I., Berry, P. E., Olson, M. E., Steinmann, V. W., & Baum, D. A. (2010). Are spurred cyathia a key innovation? Molecular systematics and trait evolution in the slipper spurges (Pedilanthus clade: Euphorbia, Euphorbiaceae). American journal of botany, 97(3), 493-510.
Dealing with metadata property: ot:focalCladeOTTTaxonName
Adding property 'ot:focalCladeOTTTaxonName': Pedilanthus
Dealing with metadata property: ot:studyYear
Adding property 'ot:studyYear': 2010
Dealing with metadata property: ot:inGroupClade
Adding property 'ot:inGroupClade': node705836
Dealing with metadata property: ot:branchLengthMode
Adding property 'ot:branchLengthMode': ot:substitutionCount
Dealing with metadata property: ot:curatorName
Adding property 'ot:curatorName': bryan drew
Dealing with metadata property: ot:studyPublication
Adding property 'ot:studyPublication': http://dx.doi.org/10.3732/ajb.0900090
Dealing with metadata property: ot:focalClade
Adding property 'ot:focalClade': 2770182
Dealing with metadata property: ot:curatedType
Adding property 'ot:curatedType': ML best tree
Dealing with metadata property: ot:studyId
Adding property 'ot:studyId': 1841
Committing nodes: 25
{2772030}
2772032
2772041
2772065
2772071
2772079
2772081
2772084
2772088
2772100
2772103
2772105
2772108
2772111
[]
