pgloadind OTUs number 45
pgloadind Processing tree @id "3851"
pgloadind   tree info number nodes 70
pgloadind   tree info number edges 69
pgloadind   tree info ingroup "node724304"
pgloadind   Setting ingroup root node.
pgloadind   Ingested tree number of external nodes 40
pgloadind   property added ot:studyPublicationReference "Wei Guo, Yi Yu,  Ru-jiang Shen, Wen-bo Liao, Siew-wai Chin, Daniel Potter. 2011. A phylogeny of Photinia sensu lato (Rosaceae) and related genera based on nrITS and cpDNA analysis. Plant Syst Evol . 291:91–102."
pgloadind   property added ot:studyPublication "http://dx.doi.org/10.1007/s00606-010-0368-0"
pgloadind   property added ot:curatorName "bryan drew"
pgloadind   property added ot:studyId "1891"
pgloadind   property added ot:studyYear "2011"
pgloadind   property added ot:focalClade "227947"
pgloadind   property added ot:tag "ingroup added;"
pgloadind   property added ot:branchLengthMode "ot:substitutionCount"
pgloadind   property added ot:inGroupClade "node724304"
pgloadind Processing tree @id "3852"
pgloadind   tree info number nodes 61
pgloadind   tree info number edges 60
pgloadind   tree info ingroup "node724374"
pgloadind   Setting ingroup root node.
pgloadind   Ingested tree number of external nodes 42
pgloadind   property added ot:studyPublicationReference "Wei Guo, Yi Yu,  Ru-jiang Shen, Wen-bo Liao, Siew-wai Chin, Daniel Potter. 2011. A phylogeny of Photinia sensu lato (Rosaceae) and related genera based on nrITS and cpDNA analysis. Plant Syst Evol . 291:91–102."
pgloadind   property added ot:studyPublication "http://dx.doi.org/10.1007/s00606-010-0368-0"
pgloadind   property added ot:curatorName "bryan drew"
pgloadind   property added ot:studyId "1891"
pgloadind   property added ot:studyYear "2011"
pgloadind   property added ot:focalClade "227947"
pgloadind   property added ot:tag "ingroup added;"
pgloadind   property added ot:branchLengthMode "ot:substitutionCount"
pgloadind   property added ot:inGroupClade "node724374"
pgloadind Processing tree @id "3853"
pgloadind   tree info number nodes 83
pgloadind   tree info number edges 82
pgloadind   tree info ingroup "node724436"
pgloadind   Setting ingroup root node.
pgloadind   Ingested tree number of external nodes 41
pgloadind   property added ot:studyPublicationReference "Wei Guo, Yi Yu,  Ru-jiang Shen, Wen-bo Liao, Siew-wai Chin, Daniel Potter. 2011. A phylogeny of Photinia sensu lato (Rosaceae) and related genera based on nrITS and cpDNA analysis. Plant Syst Evol . 291:91–102."
pgloadind   property added ot:studyPublication "http://dx.doi.org/10.1007/s00606-010-0368-0"
pgloadind   property added ot:curatorName "bryan drew"
pgloadind   property added ot:studyId "1891"
pgloadind   property added ot:studyYear "2011"
pgloadind   property added ot:focalClade "227947"
pgloadind   property added ot:tag "ingroup added;"
pgloadind   property added ot:branchLengthMode "ot:substitutionCount"
pgloadind   property added ot:inGroupClade "node724436"
loading a specific tree: 3853
skipping tree: 3851
skipping tree: 3852
pgloadind conducting TNRS on trees
pgloadind   name fixing on tree tree id "3853"
pgloadind   all nodes have ottIds
pgloadind     OTT ID reused in tree
pgloadind       duplicate name "Photinia davidiana" nexsonid "node724444"
pgloadind       duplicate OTT ID 667063
pgloadind     OTT ID reused in tree
pgloadind       duplicate name "Photinia raupingensis" nexsonid "node724452"
pgloadind       duplicate OTT ID 215983
pgloadind     overlapping tips
pgloadind       overlapping retained name "Pourthiaea benthamiana" nexsonid "node724488"
pgloadind       overlapping pruned name "Pourthiaea benthamiana var. salicifolia" nexsonid "node724489"
pgloadind     overlapping tips
pgloadind       overlapping retained name "Pourthiaea schneideriana" nexsonid "node724496"
pgloadind       overlapping pruned name "Pourthiaea parviflora" nexsonid "node724503"
pgloadind     pruning dups and overlapping name "Photinia davidiana" nexsonid "node724444"
pgloadind     pruning dups and overlapping name "Pourthiaea parviflora" nexsonid "node724503"
pgloadind     pruning dups and overlapping name "Pourthiaea benthamiana var. salicifolia" nexsonid "node724489"
pgloadind     pruning dups and overlapping name "Photinia raupingensis" nexsonid "node724452"
pgloadind   postpruning newick tree "(((Pyracantha_coccinea,(((((Heteromeles_arbutifolia,(Photinia_prunifolia,Photinia_raupingensis)),(((Photinia_glomerata,(Photinia_lochengensis,Photinia_chihsiniana)),Photinia_tushanensis),Photinia_serratifolia)),(Photinia_prionophylla,Photinia_integrifolia),(Photinia_berberidifolia,Photinia_loriformis)),Photinia_davidiana),Photinia_microcarpa)),(Rhaphiolepis_indica,Eriobotrya_japonica),(((Dichotomanthes_tristaniicarpa,(Aronia_prunifolia,(Aronia_arbutifolia,Aronia_melanocarpa))),((((((Photinia_sorbifolia,((Pourthiaea_beauverdiana,Pourthiaea_tsaii),Pourthiaea_schneideriana)),Pourthiaea_benthamiana),((Photinia_komarovii,Pourthiaea_parvifolia),Pourthiaea_fokienensis)),Pourthiaea_impressivena),Pourthiaea_blinii),Pourthiaea_hirsuta)),(Aria_dunnii,Aria_coronata)),(Photinia_nussia,Photinia_davidsoniae)),Photinia_oblongifolia)"
pgloadind   taxon mapping summary
pgloadind     taxon mapping OTT ID 144411 taxonomy "Pyracantha coccinea->Pyracantha->Maleae->Maloideae->Rosaceae->Rosales->fabids->rosids->Pentapetalae->Gunneridae->eudicotyledons->Mesangiospermae->Magnoliophyta->Spermatophyta->Euphyllophyta->Tracheophyta->Embryophyta->Streptophytina->Streptophyta->Chloroplastida->Archaeplastida->Eukaryota->cellular organisms->life" nexsonid "node724439"
pgloadind     taxon mapping OTT ID 153973 taxonomy "Heteromeles arbutifolia->Heteromeles->Maleae->Maloideae->Rosaceae->Rosales->fabids->rosids->Pentapetalae->Gunneridae->eudicotyledons->Mesangiospermae->Magnoliophyta->Spermatophyta->Euphyllophyta->Tracheophyta->Embryophyta->Streptophytina->Streptophyta->Chloroplastida->Archaeplastida->Eukaryota->cellular organisms->life" nexsonid "node724448"
pgloadind     taxon mapping OTT ID 189550 taxonomy "Photinia prunifolia->Photinia->Maleae->Maloideae->Rosaceae->Rosales->fabids->rosids->Pentapetalae->Gunneridae->eudicotyledons->Mesangiospermae->Magnoliophyta->Spermatophyta->Euphyllophyta->Tracheophyta->Embryophyta->Streptophytina->Streptophyta->Chloroplastida->Archaeplastida->Eukaryota->cellular organisms->life" nexsonid "node724453"
pgloadind     taxon mapping OTT ID 215983 taxonomy "Photinia raupingensis->Photinia->Maleae->Maloideae->Rosaceae->Rosales->fabids->rosids->Pentapetalae->Gunneridae->eudicotyledons->Mesangiospermae->Magnoliophyta->Spermatophyta->Euphyllophyta->Tracheophyta->Embryophyta->Streptophytina->Streptophyta->Chloroplastida->Archaeplastida->Eukaryota->cellular organisms->life" nexsonid "node724451"
pgloadind     taxon mapping OTT ID 790308 taxonomy "Photinia glomerata->Photinia->Maleae->Maloideae->Rosaceae->Rosales->fabids->rosids->Pentapetalae->Gunneridae->eudicotyledons->Mesangiospermae->Magnoliophyta->Spermatophyta->Euphyllophyta->Tracheophyta->Embryophyta->Streptophytina->Streptophyta->Chloroplastida->Archaeplastida->Eukaryota->cellular organisms->life" nexsonid "node724457"
pgloadind     taxon mapping OTT ID 790304 taxonomy "Photinia lochengensis->Photinia->Maleae->Maloideae->Rosaceae->Rosales->fabids->rosids->Pentapetalae->Gunneridae->eudicotyledons->Mesangiospermae->Magnoliophyta->Spermatophyta->Euphyllophyta->Tracheophyta->Embryophyta->Streptophytina->Streptophyta->Chloroplastida->Archaeplastida->Eukaryota->cellular organisms->life" nexsonid "node724459"
pgloadind     taxon mapping OTT ID 790313 taxonomy "Photinia chihsiniana->Photinia->Maleae->Maloideae->Rosaceae->Rosales->fabids->rosids->Pentapetalae->Gunneridae->eudicotyledons->Mesangiospermae->Magnoliophyta->Spermatophyta->Euphyllophyta->Tracheophyta->Embryophyta->Streptophytina->Streptophyta->Chloroplastida->Archaeplastida->Eukaryota->cellular organisms->life" nexsonid "node724460"
pgloadind     taxon mapping OTT ID 215990 taxonomy "Photinia tushanensis->Photinia->Maleae->Maloideae->Rosaceae->Rosales->fabids->rosids->Pentapetalae->Gunneridae->eudicotyledons->Mesangiospermae->Magnoliophyta->Spermatophyta->Euphyllophyta->Tracheophyta->Embryophyta->Streptophytina->Streptophyta->Chloroplastida->Archaeplastida->Eukaryota->cellular organisms->life" nexsonid "node724461"
pgloadind     taxon mapping OTT ID 653082 taxonomy "Photinia serratifolia->Photinia->Maleae->Maloideae->Rosaceae->Rosales->fabids->rosids->Pentapetalae->Gunneridae->eudicotyledons->Mesangiospermae->Magnoliophyta->Spermatophyta->Euphyllophyta->Tracheophyta->Embryophyta->Streptophytina->Streptophyta->Chloroplastida->Archaeplastida->Eukaryota->cellular organisms->life" nexsonid "node724462"
pgloadind     taxon mapping OTT ID 790299 taxonomy "Photinia prionophylla->Photinia->Maleae->Maloideae->Rosaceae->Rosales->fabids->rosids->Pentapetalae->Gunneridae->eudicotyledons->Mesangiospermae->Magnoliophyta->Spermatophyta->Euphyllophyta->Tracheophyta->Embryophyta->Streptophytina->Streptophyta->Chloroplastida->Archaeplastida->Eukaryota->cellular organisms->life" nexsonid "node724464"
pgloadind     taxon mapping OTT ID 790310 taxonomy "Photinia integrifolia->Photinia->Maleae->Maloideae->Rosaceae->Rosales->fabids->rosids->Pentapetalae->Gunneridae->eudicotyledons->Mesangiospermae->Magnoliophyta->Spermatophyta->Euphyllophyta->Tracheophyta->Embryophyta->Streptophytina->Streptophyta->Chloroplastida->Archaeplastida->Eukaryota->cellular organisms->life" nexsonid "node724465"
pgloadind     taxon mapping OTT ID 635709 taxonomy "Photinia berberidifolia->Photinia->Maleae->Maloideae->Rosaceae->Rosales->fabids->rosids->Pentapetalae->Gunneridae->eudicotyledons->Mesangiospermae->Magnoliophyta->Spermatophyta->Euphyllophyta->Tracheophyta->Embryophyta->Streptophytina->Streptophyta->Chloroplastida->Archaeplastida->Eukaryota->cellular organisms->life" nexsonid "node724467"
pgloadind     taxon mapping OTT ID 790306 taxonomy "Photinia loriformis->Photinia->Maleae->Maloideae->Rosaceae->Rosales->fabids->rosids->Pentapetalae->Gunneridae->eudicotyledons->Mesangiospermae->Magnoliophyta->Spermatophyta->Euphyllophyta->Tracheophyta->Embryophyta->Streptophytina->Streptophyta->Chloroplastida->Archaeplastida->Eukaryota->cellular organisms->life" nexsonid "node724468"
pgloadind     taxon mapping OTT ID 667063 taxonomy "Stranvaesia davidiana->Stranvaesia->Maleae->Maloideae->Rosaceae->Rosales->fabids->rosids->Pentapetalae->Gunneridae->eudicotyledons->Mesangiospermae->Magnoliophyta->Spermatophyta->Euphyllophyta->Tracheophyta->Embryophyta->Streptophytina->Streptophyta->Chloroplastida->Archaeplastida->Eukaryota->cellular organisms->life" nexsonid "node724443"
pgloadind     taxon mapping OTT ID 341060 taxonomy "Photinia microcarpa->Photinia->Maleae->Maloideae->Rosaceae->Rosales->fabids->rosids->Pentapetalae->Gunneridae->eudicotyledons->Mesangiospermae->Magnoliophyta->Spermatophyta->Euphyllophyta->Tracheophyta->Embryophyta->Streptophytina->Streptophyta->Chloroplastida->Archaeplastida->Eukaryota->cellular organisms->life" nexsonid "node724469"
pgloadind     taxon mapping OTT ID 316539 taxonomy "Rhaphiolepis indica->Rhaphiolepis->Maleae->Maloideae->Rosaceae->Rosales->fabids->rosids->Pentapetalae->Gunneridae->eudicotyledons->Mesangiospermae->Magnoliophyta->Spermatophyta->Euphyllophyta->Tracheophyta->Embryophyta->Streptophytina->Streptophyta->Chloroplastida->Archaeplastida->Eukaryota->cellular organisms->life" nexsonid "node724471"
pgloadind     taxon mapping OTT ID 207983 taxonomy "Eriobotrya japonica->Eriobotrya->Maleae->Maloideae->Rosaceae->Rosales->fabids->rosids->Pentapetalae->Gunneridae->eudicotyledons->Mesangiospermae->Magnoliophyta->Spermatophyta->Euphyllophyta->Tracheophyta->Embryophyta->Streptophytina->Streptophyta->Chloroplastida->Archaeplastida->Eukaryota->cellular organisms->life" nexsonid "node724472"
pgloadind     taxon mapping OTT ID 144389 taxonomy "Dichotomanthes tristaniicarpa->Dichotomanthes->Maleae->Maloideae->Rosaceae->Rosales->fabids->rosids->Pentapetalae->Gunneridae->eudicotyledons->Mesangiospermae->Magnoliophyta->Spermatophyta->Euphyllophyta->Tracheophyta->Embryophyta->Streptophytina->Streptophyta->Chloroplastida->Archaeplastida->Eukaryota->cellular organisms->life" nexsonid "node724476"
pgloadind     taxon mapping OTT ID 3902854 taxonomy "Aronia x prunifolia->Aronia->Maleae->Maloideae->Rosaceae->Rosales->fabids->rosids->Pentapetalae->Gunneridae->eudicotyledons->Mesangiospermae->Magnoliophyta->Spermatophyta->Euphyllophyta->Tracheophyta->Embryophyta->Streptophytina->Streptophyta->Chloroplastida->Archaeplastida->Eukaryota->cellular organisms->life" nexsonid "node724478"
pgloadind     taxon mapping OTT ID 217653 taxonomy "Aronia arbutifolia->Aronia->Maleae->Maloideae->Rosaceae->Rosales->fabids->rosids->Pentapetalae->Gunneridae->eudicotyledons->Mesangiospermae->Magnoliophyta->Spermatophyta->Euphyllophyta->Tracheophyta->Embryophyta->Streptophytina->Streptophyta->Chloroplastida->Archaeplastida->Eukaryota->cellular organisms->life" nexsonid "node724480"
pgloadind     taxon mapping OTT ID 62443 taxonomy "Aronia melanocarpa->Aronia->Maleae->Maloideae->Rosaceae->Rosales->fabids->rosids->Pentapetalae->Gunneridae->eudicotyledons->Mesangiospermae->Magnoliophyta->Spermatophyta->Euphyllophyta->Tracheophyta->Embryophyta->Streptophytina->Streptophyta->Chloroplastida->Archaeplastida->Eukaryota->cellular organisms->life" nexsonid "node724481"
pgloadind     taxon mapping OTT ID 779208 taxonomy "Photinia sorbifolia->Photinia->Maleae->Maloideae->Rosaceae->Rosales->fabids->rosids->Pentapetalae->Gunneridae->eudicotyledons->Mesangiospermae->Magnoliophyta->Spermatophyta->Euphyllophyta->Tracheophyta->Embryophyta->Streptophytina->Streptophyta->Chloroplastida->Archaeplastida->Eukaryota->cellular organisms->life" nexsonid "node724491"
pgloadind     taxon mapping OTT ID 346353 taxonomy "Photinia beauverdiana->Photinia->Maleae->Maloideae->Rosaceae->Rosales->fabids->rosids->Pentapetalae->Gunneridae->eudicotyledons->Mesangiospermae->Magnoliophyta->Spermatophyta->Euphyllophyta->Tracheophyta->Embryophyta->Streptophytina->Streptophyta->Chloroplastida->Archaeplastida->Eukaryota->cellular organisms->life" nexsonid "node724494"
pgloadind     taxon mapping OTT ID 215986 taxonomy "Photinia tsaii->Photinia->Maleae->Maloideae->Rosaceae->Rosales->fabids->rosids->Pentapetalae->Gunneridae->eudicotyledons->Mesangiospermae->Magnoliophyta->Spermatophyta->Euphyllophyta->Tracheophyta->Embryophyta->Streptophytina->Streptophyta->Chloroplastida->Archaeplastida->Eukaryota->cellular organisms->life" nexsonid "node724495"
pgloadind     taxon mapping OTT ID 739721 taxonomy "Photinia schneideriana->Photinia->Maleae->Maloideae->Rosaceae->Rosales->fabids->rosids->Pentapetalae->Gunneridae->eudicotyledons->Mesangiospermae->Magnoliophyta->Spermatophyta->Euphyllophyta->Tracheophyta->Embryophyta->Streptophytina->Streptophyta->Chloroplastida->Archaeplastida->Eukaryota->cellular organisms->life" nexsonid "node724496"
pgloadind     taxon mapping OTT ID 215973 taxonomy "Photinia benthamiana->Photinia->Maleae->Maloideae->Rosaceae->Rosales->fabids->rosids->Pentapetalae->Gunneridae->eudicotyledons->Mesangiospermae->Magnoliophyta->Spermatophyta->Euphyllophyta->Tracheophyta->Embryophyta->Streptophytina->Streptophyta->Chloroplastida->Archaeplastida->Eukaryota->cellular organisms->life" nexsonid "node724488"
pgloadind     taxon mapping OTT ID 739718 taxonomy "Photinia komarovii->Photinia->Maleae->Maloideae->Rosaceae->Rosales->fabids->rosids->Pentapetalae->Gunneridae->eudicotyledons->Mesangiospermae->Magnoliophyta->Spermatophyta->Euphyllophyta->Tracheophyta->Embryophyta->Streptophytina->Streptophyta->Chloroplastida->Archaeplastida->Eukaryota->cellular organisms->life" nexsonid "node724499"
pgloadind     taxon mapping OTT ID 451833 taxonomy "Photinia parvifolia->Photinia->Maleae->Maloideae->Rosaceae->Rosales->fabids->rosids->Pentapetalae->Gunneridae->eudicotyledons->Mesangiospermae->Magnoliophyta->Spermatophyta->Euphyllophyta->Tracheophyta->Embryophyta->Streptophytina->Streptophyta->Chloroplastida->Archaeplastida->Eukaryota->cellular organisms->life" nexsonid "node724500"
pgloadind     taxon mapping OTT ID 215964 taxonomy "Photinia fokienensis->Photinia->Maleae->Maloideae->Rosaceae->Rosales->fabids->rosids->Pentapetalae->Gunneridae->eudicotyledons->Mesangiospermae->Magnoliophyta->Spermatophyta->Euphyllophyta->Tracheophyta->Embryophyta->Streptophytina->Streptophyta->Chloroplastida->Archaeplastida->Eukaryota->cellular organisms->life" nexsonid "node724502"
pgloadind     taxon mapping OTT ID 739714 taxonomy "Photinia impressivena->Photinia->Maleae->Maloideae->Rosaceae->Rosales->fabids->rosids->Pentapetalae->Gunneridae->eudicotyledons->Mesangiospermae->Magnoliophyta->Spermatophyta->Euphyllophyta->Tracheophyta->Embryophyta->Streptophytina->Streptophyta->Chloroplastida->Archaeplastida->Eukaryota->cellular organisms->life" nexsonid "node724504"
pgloadind     taxon mapping OTT ID 215979 taxonomy "Photinia blinii->Photinia->Maleae->Maloideae->Rosaceae->Rosales->fabids->rosids->Pentapetalae->Gunneridae->eudicotyledons->Mesangiospermae->Magnoliophyta->Spermatophyta->Euphyllophyta->Tracheophyta->Embryophyta->Streptophytina->Streptophyta->Chloroplastida->Archaeplastida->Eukaryota->cellular organisms->life" nexsonid "node724505"
pgloadind     taxon mapping OTT ID 215959 taxonomy "Photinia hirsuta->Photinia->Maleae->Maloideae->Rosaceae->Rosales->fabids->rosids->Pentapetalae->Gunneridae->eudicotyledons->Mesangiospermae->Magnoliophyta->Spermatophyta->Euphyllophyta->Tracheophyta->Embryophyta->Streptophytina->Streptophyta->Chloroplastida->Archaeplastida->Eukaryota->cellular organisms->life" nexsonid "node724506"
pgloadind     taxon mapping OTT ID 739728 taxonomy "Aria dunnii->Aria->Maleae->Maloideae->Rosaceae->Rosales->fabids->rosids->Pentapetalae->Gunneridae->eudicotyledons->Mesangiospermae->Magnoliophyta->Spermatophyta->Euphyllophyta->Tracheophyta->Embryophyta->Streptophytina->Streptophyta->Chloroplastida->Archaeplastida->Eukaryota->cellular organisms->life" nexsonid "node724508"
pgloadind     taxon mapping OTT ID 739725 taxonomy "Aria coronata->Aria->Maleae->Maloideae->Rosaceae->Rosales->fabids->rosids->Pentapetalae->Gunneridae->eudicotyledons->Mesangiospermae->Magnoliophyta->Spermatophyta->Euphyllophyta->Tracheophyta->Embryophyta->Streptophytina->Streptophyta->Chloroplastida->Archaeplastida->Eukaryota->cellular organisms->life" nexsonid "node724509"
pgloadind     taxon mapping OTT ID 739735 taxonomy "Stranvaesia nussia->Stranvaesia->Maleae->Maloideae->Rosaceae->Rosales->fabids->rosids->Pentapetalae->Gunneridae->eudicotyledons->Mesangiospermae->Magnoliophyta->Spermatophyta->Euphyllophyta->Tracheophyta->Embryophyta->Streptophytina->Streptophyta->Chloroplastida->Archaeplastida->Eukaryota->cellular organisms->life" nexsonid "node724511"
pgloadind     taxon mapping OTT ID 790315 taxonomy "Photinia davidsoniae->Photinia->Maleae->Maloideae->Rosaceae->Rosales->fabids->rosids->Pentapetalae->Gunneridae->eudicotyledons->Mesangiospermae->Magnoliophyta->Spermatophyta->Euphyllophyta->Tracheophyta->Embryophyta->Streptophytina->Streptophyta->Chloroplastida->Archaeplastida->Eukaryota->cellular organisms->life" nexsonid "node724512"
pgloadind     taxon mapping OTT ID 790297 taxonomy "Photinia oblongifolia->Photinia->Maleae->Maloideae->Rosaceae->Rosales->fabids->rosids->Pentapetalae->Gunneridae->eudicotyledons->Mesangiospermae->Magnoliophyta->Spermatophyta->Euphyllophyta->Tracheophyta->Embryophyta->Streptophytina->Streptophyta->Chloroplastida->Archaeplastida->Eukaryota->cellular organisms->life" nexsonid "node724513"
done fixing name
pgloadind Finished with attempts to fix names
pgloadind   Checking for uniqueness of OTT IDs tree id "3853"
pgloadind   Adding tree to graph tree id "3853"
all trees have all taxa: false
	using bipartition technique
attempting to remap tips to deepest exemplified taxa
	Dichotomanthes tristaniicarpa was remapped to 'Dichotomanthes' (id=2739390)
	Heteromeles arbutifolia was remapped to 'Heteromeles' (id=2741994)
	Pyracantha coccinea was remapped to 'Pyracantha' (id=2741912)
	Rhaphiolepis indica was remapped to 'Rhaphiolepis' (id=2739967)
	Eriobotrya japonica was remapped to 'Eriobotrya' (id=2739402)
this is the ROOT
placing root in index
Dealing with metadata property: id
Dealing with metadata property: ot:studyPublicationReference
Adding property 'ot:studyPublicationReference': Wei Guo, Yi Yu,  Ru-jiang Shen, Wen-bo Liao, Siew-wai Chin, Daniel Potter. 2011. A phylogeny of Photinia sensu lato (Rosaceae) and related genera based on nrITS and cpDNA analysis. Plant Syst Evol . 291:91–102.
Dealing with metadata property: ot:studyYear
Adding property 'ot:studyYear': 2011
Dealing with metadata property: ot:inGroupClade
Adding property 'ot:inGroupClade': node724436
Dealing with metadata property: ot:tag
Adding property 'ot:tag': ingroup added;
Dealing with metadata property: ot:branchLengthMode
Adding property 'ot:branchLengthMode': ot:substitutionCount
Dealing with metadata property: ot:curatorName
Adding property 'ot:curatorName': bryan drew
Dealing with metadata property: ot:studyPublication
Adding property 'ot:studyPublication': http://dx.doi.org/10.1007/s00606-010-0368-0
Dealing with metadata property: ot:focalClade
Adding property 'ot:focalClade': 227947
Dealing with metadata property: ot:studyId
Adding property 'ot:studyId': 1891
Committing nodes: 70
{2739226}
2739247
2739250
2739251
2739254
2739259
2739262
2739264
2739266
2739267
2739283
2739289
2739290
2739303
2739305
2739309
2739313
2739314
2739315
2739317
2739318
2739319
2739320
2739324
2739326
2739327
2739432
2739437
2739446
2740443
2740445
2741906
2741910
2739390
2739402
	adding Node[2739402] Eriobotrya 155169 as compatible with Node[2739402]
		adding Relationship[8257330]
2739967
	adding Node[2739967] Rhaphiolepis 316555 as compatible with Node[2739967]
		adding Relationship[8257331]
2741912
	adding Node[2741912] Pyracantha 873508 as compatible with Node[2741912]
		adding Relationship[8257332]
2741994
[Node[3501502], Node[3501501], Node[2739402], Node[2741912], Node[2739967]]
	Node[3501502]
	Node[3501501]
	Node[2739402]
		adding Relationship[8257333] from Node[2739402] to Node[3501502]
	Node[2741912]
		adding Relationship[8257334] from Node[2741912] to Node[3501501]
	Node[2739967]
		adding Relationship[8257335] from Node[2739967] to Node[3501502]
