pgloadind OTUs number 24
pgloadind Processing tree @id "4281"
pgloadind   tree info number nodes 34
pgloadind   tree info number edges 33
pgloadind   tree info ingroup "node790248"
pgloadind   Setting ingroup root node.
pgloadind   Ingested tree number of external nodes 22
pgloadind   property added ot:studyPublicationReference "Burge, D. O. (2011). Molecular Phylogenetics of Garrya (Garryaceae). Madro単o, 58(4), 249-255."
pgloadind   property added ot:studyPublication "http://dx.doi.org/10.3120/0024-9637-58.4.249"
pgloadind   property added ot:curatorName "bryan drew"
pgloadind   property added ot:dataDeposit "http://purl.org/phylo/treebase/phylows/study/TB2:S11765"
pgloadind   property added ot:studyId "2076"
pgloadind   property added ot:studyYear "2011"
pgloadind   property added ot:focalClade "1101733"
pgloadind   property added ot:tag "ingroup added;"
pgloadind   property added ot:inGroupClade "node790248"
pgloadind Processing tree @id "4282"
pgloadind   tree info number nodes 33
pgloadind   tree info number edges 32
pgloadind   tree info ingroup "node790282"
pgloadind   Setting ingroup root node.
pgloadind   Ingested tree number of external nodes 22
pgloadind   property added ot:studyPublicationReference "Burge, D. O. (2011). Molecular Phylogenetics of Garrya (Garryaceae). Madro単o, 58(4), 249-255."
pgloadind   property added ot:studyPublication "http://dx.doi.org/10.3120/0024-9637-58.4.249"
pgloadind   property added ot:curatorName "bryan drew"
pgloadind   property added ot:dataDeposit "http://purl.org/phylo/treebase/phylows/study/TB2:S11765"
pgloadind   property added ot:studyId "2076"
pgloadind   property added ot:studyYear "2011"
pgloadind   property added ot:focalClade "1101733"
pgloadind   property added ot:tag "ingroup added;"
pgloadind   property added ot:inGroupClade "node790282"
pgloadind Processing tree @id "4283"
pgloadind   tree info number nodes 32
pgloadind   tree info number edges 31
pgloadind   tree info ingroup "node790315"
pgloadind   Setting ingroup root node.
pgloadind   Ingested tree number of external nodes 22
pgloadind   property added ot:studyPublicationReference "Burge, D. O. (2011). Molecular Phylogenetics of Garrya (Garryaceae). Madro単o, 58(4), 249-255."
pgloadind   property added ot:studyPublication "http://dx.doi.org/10.3120/0024-9637-58.4.249"
pgloadind   property added ot:curatorName "bryan drew"
pgloadind   property added ot:dataDeposit "http://purl.org/phylo/treebase/phylows/study/TB2:S11765"
pgloadind   property added ot:studyId "2076"
pgloadind   property added ot:studyYear "2011"
pgloadind   property added ot:focalClade "1101733"
pgloadind   property added ot:tag "ingroup added;"
pgloadind   property added ot:inGroupClade "node790315"
loading a specific tree: 4283
skipping tree: 4281
skipping tree: 4282
pgloadind conducting TNRS on trees
pgloadind   name fixing on tree tree id "4283"
pgloadind   all nodes have ottIds
pgloadind     OTT ID reused in tree
pgloadind       duplicate name "Garrya veatchii" nexsonid "node790317"
pgloadind       duplicate OTT ID 930627
pgloadind     OTT ID reused in tree
pgloadind       duplicate name "Garrya elliptica" nexsonid "node790320"
pgloadind       duplicate OTT ID 148281
pgloadind     OTT ID reused in tree
pgloadind       duplicate name "Garrya fremontii" nexsonid "node790323"
pgloadind       duplicate OTT ID 455185
pgloadind     OTT ID reused in tree
pgloadind       duplicate name "Garrya flavescens" nexsonid "node790324"
pgloadind       duplicate OTT ID 455196
pgloadind     OTT ID reused in tree
pgloadind       duplicate name "Garrya flavescens" nexsonid "node790325"
pgloadind       duplicate OTT ID 455196
pgloadind     OTT ID reused in tree
pgloadind       duplicate name "Garrya fremontii" nexsonid "node790326"
pgloadind       duplicate OTT ID 455185
pgloadind     OTT ID reused in tree
pgloadind       duplicate name "Garrya glaberrima" nexsonid "node790331"
pgloadind       duplicate OTT ID 455183
pgloadind     OTT ID reused in tree
pgloadind       duplicate name "Garrya glaberrima" nexsonid "node790333"
pgloadind       duplicate OTT ID 455183
pgloadind     OTT ID reused in tree
pgloadind       duplicate name "Garrya laurifolia" nexsonid "node790339"
pgloadind       duplicate OTT ID 930633
pgloadind     OTT ID reused in tree
pgloadind       duplicate name "Garrya wrightii" nexsonid "node790341"
pgloadind       duplicate OTT ID 930629
pgloadind     OTT ID reused in tree
pgloadind       duplicate name "Garrya wrightii" nexsonid "node790343"
pgloadind       duplicate OTT ID 930629
pgloadind     pruning dups and overlapping name "Garrya flavescens" nexsonid "node790325"
pgloadind     pruning dups and overlapping name "Garrya wrightii" nexsonid "node790343"
pgloadind     pruning dups and overlapping name "Garrya veatchii" nexsonid "node790317"
pgloadind     pruning dups and overlapping name "Garrya wrightii" nexsonid "node790341"
pgloadind     pruning dups and overlapping name "Garrya glaberrima" nexsonid "node790333"
pgloadind     pruning dups and overlapping name "Garrya flavescens" nexsonid "node790324"
pgloadind     pruning dups and overlapping name "Garrya elliptica" nexsonid "node790320"
pgloadind     pruning dups and overlapping name "Garrya laurifolia" nexsonid "node790339"
pgloadind     pruning dups and overlapping name "Garrya glaberrima" nexsonid "node790331"
pgloadind     pruning dups and overlapping name "Garrya fremontii" nexsonid "node790323"
pgloadind     pruning dups and overlapping name "Garrya fremontii" nexsonid "node790326"
pgloadind   postpruning newick tree "(Garrya_veatchii,Garrya_elliptica,Garrya_fremontii,Garrya_flavescens,Garrya_buxifolia,((Garrya_glaberrima,Garrya_laurifolia),((Garrya_lindheimeri,Garrya_ovata),(Garrya_wrightii,Garrya_grisea))))"
pgloadind   taxon mapping summary
pgloadind     taxon mapping OTT ID 930627 taxonomy "Garrya veatchii->Garrya->Garryaceae->Garryales->lamiids->asterids->Pentapetalae->Gunneridae->eudicotyledons->Mesangiospermae->Magnoliophyta->Spermatophyta->Euphyllophyta->Tracheophyta->Embryophyta->Streptophytina->Streptophyta->Chloroplastida->Archaeplastida->Eukaryota->cellular organisms->life" nexsonid "node790316"
pgloadind     taxon mapping OTT ID 148281 taxonomy "Garrya elliptica->Garrya->Garryaceae->Garryales->lamiids->asterids->Pentapetalae->Gunneridae->eudicotyledons->Mesangiospermae->Magnoliophyta->Spermatophyta->Euphyllophyta->Tracheophyta->Embryophyta->Streptophytina->Streptophyta->Chloroplastida->Archaeplastida->Eukaryota->cellular organisms->life" nexsonid "node790318"
pgloadind     taxon mapping OTT ID 455185 taxonomy "Garrya fremontii->Garrya->Garryaceae->Garryales->lamiids->asterids->Pentapetalae->Gunneridae->eudicotyledons->Mesangiospermae->Magnoliophyta->Spermatophyta->Euphyllophyta->Tracheophyta->Embryophyta->Streptophytina->Streptophyta->Chloroplastida->Archaeplastida->Eukaryota->cellular organisms->life" nexsonid "node790319"
pgloadind     taxon mapping OTT ID 455196 taxonomy "Garrya flavescens->Garrya->Garryaceae->Garryales->lamiids->asterids->Pentapetalae->Gunneridae->eudicotyledons->Mesangiospermae->Magnoliophyta->Spermatophyta->Euphyllophyta->Tracheophyta->Embryophyta->Streptophytina->Streptophyta->Chloroplastida->Archaeplastida->Eukaryota->cellular organisms->life" nexsonid "node790321"
pgloadind     taxon mapping OTT ID 455198 taxonomy "Garrya buxifolia->Garrya->Garryaceae->Garryales->lamiids->asterids->Pentapetalae->Gunneridae->eudicotyledons->Mesangiospermae->Magnoliophyta->Spermatophyta->Euphyllophyta->Tracheophyta->Embryophyta->Streptophytina->Streptophyta->Chloroplastida->Archaeplastida->Eukaryota->cellular organisms->life" nexsonid "node790322"
pgloadind     taxon mapping OTT ID 455183 taxonomy "Garrya glaberrima->Garrya->Garryaceae->Garryales->lamiids->asterids->Pentapetalae->Gunneridae->eudicotyledons->Mesangiospermae->Magnoliophyta->Spermatophyta->Euphyllophyta->Tracheophyta->Embryophyta->Streptophytina->Streptophyta->Chloroplastida->Archaeplastida->Eukaryota->cellular organisms->life" nexsonid "node790329"
pgloadind     taxon mapping OTT ID 930633 taxonomy "Garrya laurifolia->Garrya->Garryaceae->Garryales->lamiids->asterids->Pentapetalae->Gunneridae->eudicotyledons->Mesangiospermae->Magnoliophyta->Spermatophyta->Euphyllophyta->Tracheophyta->Embryophyta->Streptophytina->Streptophyta->Chloroplastida->Archaeplastida->Eukaryota->cellular organisms->life" nexsonid "node790332"
pgloadind     taxon mapping OTT ID 431629 taxonomy "Garrya lindheimeri->Garrya->Garryaceae->Garryales->lamiids->asterids->Pentapetalae->Gunneridae->eudicotyledons->Mesangiospermae->Magnoliophyta->Spermatophyta->Euphyllophyta->Tracheophyta->Embryophyta->Streptophytina->Streptophyta->Chloroplastida->Archaeplastida->Eukaryota->cellular organisms->life" nexsonid "node790336"
pgloadind     taxon mapping OTT ID 395834 taxonomy "Garrya ovata->Garrya->Garryaceae->Garryales->lamiids->asterids->Pentapetalae->Gunneridae->eudicotyledons->Mesangiospermae->Magnoliophyta->Spermatophyta->Euphyllophyta->Tracheophyta->Embryophyta->Streptophytina->Streptophyta->Chloroplastida->Archaeplastida->Eukaryota->cellular organisms->life" nexsonid "node790337"
pgloadind     taxon mapping OTT ID 930629 taxonomy "Garrya wrightii->Garrya->Garryaceae->Garryales->lamiids->asterids->Pentapetalae->Gunneridae->eudicotyledons->Mesangiospermae->Magnoliophyta->Spermatophyta->Euphyllophyta->Tracheophyta->Embryophyta->Streptophytina->Streptophyta->Chloroplastida->Archaeplastida->Eukaryota->cellular organisms->life" nexsonid "node790340"
pgloadind     taxon mapping OTT ID 930631 taxonomy "Garrya grisea->Garrya->Garryaceae->Garryales->lamiids->asterids->Pentapetalae->Gunneridae->eudicotyledons->Mesangiospermae->Magnoliophyta->Spermatophyta->Euphyllophyta->Tracheophyta->Embryophyta->Streptophytina->Streptophyta->Chloroplastida->Archaeplastida->Eukaryota->cellular organisms->life" nexsonid "node790342"
done fixing name
pgloadind Finished with attempts to fix names
pgloadind   Checking for uniqueness of OTT IDs tree id "4283"
pgloadind   Adding tree to graph tree id "4283"
all trees have all taxa: false
	using bipartition technique
attempting to remap tips to deepest exemplified taxa
this is the ROOT
placing root in index
Dealing with metadata property: id
Dealing with metadata property: ot:studyPublicationReference
Adding property 'ot:studyPublicationReference': Burge, D. O. (2011). Molecular Phylogenetics of Garrya (Garryaceae). Madro単o, 58(4), 249-255.
Dealing with metadata property: ot:studyYear
Adding property 'ot:studyYear': 2011
Dealing with metadata property: ot:inGroupClade
Adding property 'ot:inGroupClade': node790315
Dealing with metadata property: ot:tag
Adding property 'ot:tag': ingroup added;
Dealing with metadata property: ot:curatorName
Adding property 'ot:curatorName': bryan drew
Dealing with metadata property: ot:studyPublication
Adding property 'ot:studyPublication': http://dx.doi.org/10.3120/0024-9637-58.4.249
Dealing with metadata property: ot:focalClade
Adding property 'ot:focalClade': 1101733
Dealing with metadata property: ot:studyId
Adding property 'ot:studyId': 2076
Dealing with metadata property: ot:dataDeposit
Adding property 'ot:dataDeposit': http://purl.org/phylo/treebase/phylows/study/TB2:S11765
Committing nodes: 17
{2642092}
2642093
2642094
2642095
2642096
2642098
2642100
2642101
2642102
2642104
2642107
2642108
[]
