pgloadind OTUs number 233
pgloadind Processing tree @id "5499"
pgloadind Tree tagged as deprecated. Ignoring. @id "5499"
pgloadind Processing tree @id "5991"
pgloadind   tree info number nodes 344
pgloadind   tree info number edges 343
pgloadind   tree info ingroup "node1018067"
pgloadind   Setting ingroup root node.
pgloadind   Ingested tree number of external nodes 184
pgloadind   property added ot:studyPublicationReference "Qiu, Y.-L., Li, L., Wang, B., Chen, Z., Knoop, V., Groth-Malonek, M., Dombrovska, O., Lee, J., Kent, L., Rest, J. S., Estabrook, G. F., Hendry, T. A., Taylor, D. W., Testa, C. M., Ambros, M., Crandall-Stotler, B., Duff, R. J., Stech, M., Frey, W., Quandt, D., & Davis, C. C. 2006. The deepest divergences in land plants inferred from phylogenomic evidence. Proc. National Acad. Sci. U.S.A. 103: 15511-15516."
pgloadind   property added ot:studyPublication "http://dx.doi.org/10.1073/pnas.0603335103"
pgloadind   property added ot:curatorName "Evgeny Mavrodiev"
pgloadind   property added ot:dataDeposit "http://purl.org/phylo/treebase/phylows/study/TB2:S1673"
pgloadind   property added ot:studyId "225"
pgloadind   property added ot:studyYear "2006"
pgloadind   property added ot:tag "ingroup added;"
pgloadind   property added ot:inGroupClade "node1018067"
loading a specific tree: 5991
pgloadind conducting TNRS on trees
pgloadind   name fixing on tree tree id "5991"
pgloadind   all nodes have ottIds
pgloadind     OTT ID reused in tree
pgloadind       duplicate name "Equisetum" nexsonid "node1018229"
pgloadind       duplicate OTT ID 719034
pgloadind     pruning dups and overlapping name "Equisetum" nexsonid "node1018229"
pgloadind   postpruning newick tree "(((((((((((((Magnolia,Myristica),(Cinnamomum,Calycanthus)),(Canella,Tasmannia)),(((Sabia,(Buxus,Trochodendron)),Platanus),(Ranunculus,Dicentra)),((((Croomia,Dioscorea),Alisma),Spathiphyllum,Tofieldia),Acorus),((Piper,Aristolochia),Ceratophyllum),Hedyosmum),(((Schisandra,Illicium),Trimenia),Austrobaileya)),(Cabomba,Nymphaea)),Amborella),((((((Taxus,Cephalotaxus),(Juniperus,Metasequoia)),Sciadopitys),((Phyllocladus,Podocarpus),Araucaria)),((Gnetum,Welwitschia),Ephedra),((Abies,Cedrus),Pinus)),(Ginkgo,((Stangeria,Zamia),Cycas)))),((((((((((((((Davallia,Polypodium),Nephrolepis),Dryopteris),(Blechnum,Thelypteris)),Asplenium),Pteridium),(((Adiantum,Vittaria),Pteris),Ceratopteris)),((Cibotium,Cyathea),Plagiogyria)),((Azolla,Salvinia),Marsilea)),(Anemia,Lygodium)),Gleichenia),(Hymenophyllum,Trichomanes)),((Leptopteris,Todea),Osmunda)),(((Helminthostachys,Ophioglossum),Botrychium),(Tmesipteris,Psilotum)),(((Angiopteris,Marattia),Danaea),Equisetum))),(((Selaginella_uliginosa,Selaginella_apoda_L_Spring),Isoetes),(Huperzia,Lycopodium))),((((Notothylas,Phaeoceros),(Dendroceros,Megaceros)),Anthoceros),Leiosporoceros)),(((((((((Rhabdoweisia,(Gymnostomum,Ceratodon),Dicranum,(Ptychomitrium,Grimmia),(Leucobryum,Archidium),Dicranella,Fissidens,Bryoxiphium),(((((Brachythecium,Hylocomium,Weymouthia,Thuidium,Plagiothecium,Climacium,Hypnum,(Anomodon,Thamnobryum),Heterophyllium,Myurium),Leucodon),Fontinalis),Hookeria),Leptobryum,Orthotrichum,Hedwigia,Bryum,Mnium,Rhizogonium,Bartramia)),Physcomitrella),Diphyscium),Buxbaumia),(Atrichum,Polytrichum)),Tetraphis),Andreaea),((Sphagnum_palenae,Sphagnum_capense),(Takakia_lepidozioides,Takakia_ceratophylla)))),((((((((((Marsupella,Solenostoma),Lophozia),Calypogeia),Tylimanthus),((Nowellia,Odontoschisma),Scapania)),(Bazzania,Lepidozia),Lophocolea,Plagiochila,Lepicolea,Trichocolea,(Blepharostoma,Mylia),(((Lejeunea,Cololejeunea),Leucolejeunea),Frullania),Porella,Radula,Lepidogyna,Ptilidium,Schistochila),(Riccardia,Metzgeria)),((((Pallavicinia,Symphyogyna),Hymenophyton),Fossombronia),Pellia)),(((((((Riccia,Ricciocarpos),Dumortiera,Monoclea,Conocephalum,Targionia),Reboulia),Marchantia),(Corsinia,Lunularia)),(Riella,Sphaerocarpos)),Blasia)),(Treubia,Haplomitrium)))"
pgloadind   taxon mapping summary
pgloadind     taxon mapping OTT ID 288480 taxonomy "Magnolia->Magnoliaceae->Magnoliales->Magnoliidae->Mesangiospermae->Magnoliophyta->Spermatophyta->Euphyllophyta->Tracheophyta->Embryophyta->Streptophytina->Streptophyta->Chloroplastida->Archaeplastida->Eukaryota->cellular organisms->life" nexsonid "node1018080"
pgloadind     taxon mapping OTT ID 710326 taxonomy "Myristica->Myristicaceae->Magnoliales->Magnoliidae->Mesangiospermae->Magnoliophyta->Spermatophyta->Euphyllophyta->Tracheophyta->Embryophyta->Streptophytina->Streptophyta->Chloroplastida->Archaeplastida->Eukaryota->cellular organisms->life" nexsonid "node1018081"
pgloadind     taxon mapping OTT ID 849191 taxonomy "Cinnamomum->Lauraceae->Laurales->Magnoliidae->Mesangiospermae->Magnoliophyta->Spermatophyta->Euphyllophyta->Tracheophyta->Embryophyta->Streptophytina->Streptophyta->Chloroplastida->Archaeplastida->Eukaryota->cellular organisms->life" nexsonid "node1018083"
pgloadind     taxon mapping OTT ID 930002 taxonomy "Calycanthus->Calycanthaceae->Laurales->Magnoliidae->Mesangiospermae->Magnoliophyta->Spermatophyta->Euphyllophyta->Tracheophyta->Embryophyta->Streptophytina->Streptophyta->Chloroplastida->Archaeplastida->Eukaryota->cellular organisms->life" nexsonid "node1018084"
pgloadind     taxon mapping OTT ID 338495 taxonomy "Canella->Canellaceae->Canellales->Magnoliidae->Mesangiospermae->Magnoliophyta->Spermatophyta->Euphyllophyta->Tracheophyta->Embryophyta->Streptophytina->Streptophyta->Chloroplastida->Archaeplastida->Eukaryota->cellular organisms->life" nexsonid "node1018086"
pgloadind     taxon mapping OTT ID 338478 taxonomy "Tasmannia->Winteraceae->Canellales->Magnoliidae->Mesangiospermae->Magnoliophyta->Spermatophyta->Euphyllophyta->Tracheophyta->Embryophyta->Streptophytina->Streptophyta->Chloroplastida->Archaeplastida->Eukaryota->cellular organisms->life" nexsonid "node1018087"
pgloadind     taxon mapping OTT ID 643946 taxonomy "Sabia->Sabiaceae->stem eudicotyledons->eudicotyledons->Mesangiospermae->Magnoliophyta->Spermatophyta->Euphyllophyta->Tracheophyta->Embryophyta->Streptophytina->Streptophyta->Chloroplastida->Archaeplastida->Eukaryota->cellular organisms->life" nexsonid "node1018091"
pgloadind     taxon mapping OTT ID 1000250 taxonomy "Buxus->Buxaceae->Buxales->stem eudicotyledons->eudicotyledons->Mesangiospermae->Magnoliophyta->Spermatophyta->Euphyllophyta->Tracheophyta->Embryophyta->Streptophytina->Streptophyta->Chloroplastida->Archaeplastida->Eukaryota->cellular organisms->life" nexsonid "node1018093"
pgloadind     taxon mapping OTT ID 62528 taxonomy "Trochodendron->Trochodendraceae->Trochodendrales->stem eudicotyledons->eudicotyledons->Mesangiospermae->Magnoliophyta->Spermatophyta->Euphyllophyta->Tracheophyta->Embryophyta->Streptophytina->Streptophyta->Chloroplastida->Archaeplastida->Eukaryota->cellular organisms->life" nexsonid "node1018094"
pgloadind     taxon mapping OTT ID 62539 taxonomy "Platanus->Platanaceae->Proteales->stem eudicotyledons->eudicotyledons->Mesangiospermae->Magnoliophyta->Spermatophyta->Euphyllophyta->Tracheophyta->Embryophyta->Streptophytina->Streptophyta->Chloroplastida->Archaeplastida->Eukaryota->cellular organisms->life" nexsonid "node1018095"
pgloadind     taxon mapping OTT ID 387812 taxonomy "Ranunculus->Ranunculaceae->Ranunculales->stem eudicotyledons->eudicotyledons->Mesangiospermae->Magnoliophyta->Spermatophyta->Euphyllophyta->Tracheophyta->Embryophyta->Streptophytina->Streptophyta->Chloroplastida->Archaeplastida->Eukaryota->cellular organisms->life" nexsonid "node1018097"
pgloadind     taxon mapping OTT ID 418801 taxonomy "Dicentra->Papaveraceae->Ranunculales->stem eudicotyledons->eudicotyledons->Mesangiospermae->Magnoliophyta->Spermatophyta->Euphyllophyta->Tracheophyta->Embryophyta->Streptophytina->Streptophyta->Chloroplastida->Archaeplastida->Eukaryota->cellular organisms->life" nexsonid "node1018098"
pgloadind     taxon mapping OTT ID 597424 taxonomy "Croomia->Stemonaceae->Pandanales->Petrosaviidae->Liliopsida->Mesangiospermae->Magnoliophyta->Spermatophyta->Euphyllophyta->Tracheophyta->Embryophyta->Streptophytina->Streptophyta->Chloroplastida->Archaeplastida->Eukaryota->cellular organisms->life" nexsonid "node1018103"
pgloadind     taxon mapping OTT ID 781622 taxonomy "Dioscorea->Dioscoreaceae->Dioscoreales->Petrosaviidae->Liliopsida->Mesangiospermae->Magnoliophyta->Spermatophyta->Euphyllophyta->Tracheophyta->Embryophyta->Streptophytina->Streptophyta->Chloroplastida->Archaeplastida->Eukaryota->cellular organisms->life" nexsonid "node1018104"
pgloadind     taxon mapping OTT ID 852506 taxonomy "Alisma->Alismataceae->Alismatales->Liliopsida->Mesangiospermae->Magnoliophyta->Spermatophyta->Euphyllophyta->Tracheophyta->Embryophyta->Streptophytina->Streptophyta->Chloroplastida->Archaeplastida->Eukaryota->cellular organisms->life" nexsonid "node1018105"
pgloadind     taxon mapping OTT ID 679343 taxonomy "Spathiphyllum->Monstereae->Pothoideae->Araceae->Alismatales->Liliopsida->Mesangiospermae->Magnoliophyta->Spermatophyta->Euphyllophyta->Tracheophyta->Embryophyta->Streptophytina->Streptophyta->Chloroplastida->Archaeplastida->Eukaryota->cellular organisms->life" nexsonid "node1018106"
pgloadind     taxon mapping OTT ID 140475 taxonomy "Tofieldia->Tofieldiaceae->Alismatales->Liliopsida->Mesangiospermae->Magnoliophyta->Spermatophyta->Euphyllophyta->Tracheophyta->Embryophyta->Streptophytina->Streptophyta->Chloroplastida->Archaeplastida->Eukaryota->cellular organisms->life" nexsonid "node1018107"
pgloadind     taxon mapping OTT ID 1008191 taxonomy "Acorus->Acoraceae->Acorales->Liliopsida->Mesangiospermae->Magnoliophyta->Spermatophyta->Euphyllophyta->Tracheophyta->Embryophyta->Streptophytina->Streptophyta->Chloroplastida->Archaeplastida->Eukaryota->cellular organisms->life" nexsonid "node1018108"
pgloadind     taxon mapping OTT ID 283089 taxonomy "Piper->Piperaceae->Piperales->Magnoliidae->Mesangiospermae->Magnoliophyta->Spermatophyta->Euphyllophyta->Tracheophyta->Embryophyta->Streptophytina->Streptophyta->Chloroplastida->Archaeplastida->Eukaryota->cellular organisms->life" nexsonid "node1018111"
pgloadind     taxon mapping OTT ID 9821 taxonomy "Aristolochia->Aristolochiaceae->Piperales->Magnoliidae->Mesangiospermae->Magnoliophyta->Spermatophyta->Euphyllophyta->Tracheophyta->Embryophyta->Streptophytina->Streptophyta->Chloroplastida->Archaeplastida->Eukaryota->cellular organisms->life" nexsonid "node1018112"
pgloadind     taxon mapping OTT ID 10945 taxonomy "Ceratophyllum->Ceratophyllaceae->Ceratophyllales->Mesangiospermae->Magnoliophyta->Spermatophyta->Euphyllophyta->Tracheophyta->Embryophyta->Streptophytina->Streptophyta->Chloroplastida->Archaeplastida->Eukaryota->cellular organisms->life" nexsonid "node1018113"
pgloadind     taxon mapping OTT ID 789605 taxonomy "Hedyosmum->Chloranthaceae->Chloranthales->Mesangiospermae->Magnoliophyta->Spermatophyta->Euphyllophyta->Tracheophyta->Embryophyta->Streptophytina->Streptophyta->Chloroplastida->Archaeplastida->Eukaryota->cellular organisms->life" nexsonid "node1018114"
pgloadind     taxon mapping OTT ID 70551 taxonomy "Schisandra->Schisandraceae->Austrobaileyales->basal Magnoliophyta->Magnoliophyta->Spermatophyta->Euphyllophyta->Tracheophyta->Embryophyta->Streptophytina->Streptophyta->Chloroplastida->Archaeplastida->Eukaryota->cellular organisms->life" nexsonid "node1018118"
pgloadind     taxon mapping OTT ID 35784 taxonomy "Illicium->Schisandraceae->Austrobaileyales->basal Magnoliophyta->Magnoliophyta->Spermatophyta->Euphyllophyta->Tracheophyta->Embryophyta->Streptophytina->Streptophyta->Chloroplastida->Archaeplastida->Eukaryota->cellular organisms->life" nexsonid "node1018119"
pgloadind     taxon mapping OTT ID 481033 taxonomy "Trimenia->Trimeniaceae->Austrobaileyales->basal Magnoliophyta->Magnoliophyta->Spermatophyta->Euphyllophyta->Tracheophyta->Embryophyta->Streptophytina->Streptophyta->Chloroplastida->Archaeplastida->Eukaryota->cellular organisms->life" nexsonid "node1018120"
pgloadind     taxon mapping OTT ID 625041 taxonomy "Austrobaileya->Austrobaileyaceae->Austrobaileyales->basal Magnoliophyta->Magnoliophyta->Spermatophyta->Euphyllophyta->Tracheophyta->Embryophyta->Streptophytina->Streptophyta->Chloroplastida->Archaeplastida->Eukaryota->cellular organisms->life" nexsonid "node1018121"
pgloadind     taxon mapping OTT ID 10947 taxonomy "Cabomba->Cabombaceae->Nymphaeales->basal Magnoliophyta->Magnoliophyta->Spermatophyta->Euphyllophyta->Tracheophyta->Embryophyta->Streptophytina->Streptophyta->Chloroplastida->Archaeplastida->Eukaryota->cellular organisms->life" nexsonid "node1018123"
pgloadind     taxon mapping OTT ID 583523 taxonomy "Nymphaea->Nymphaeaceae->Nymphaeales->basal Magnoliophyta->Magnoliophyta->Spermatophyta->Euphyllophyta->Tracheophyta->Embryophyta->Streptophytina->Streptophyta->Chloroplastida->Archaeplastida->Eukaryota->cellular organisms->life" nexsonid "node1018124"
pgloadind     taxon mapping OTT ID 303952 taxonomy "Amborella->Amborellaceae->Amborellales->basal Magnoliophyta->Magnoliophyta->Spermatophyta->Euphyllophyta->Tracheophyta->Embryophyta->Streptophytina->Streptophyta->Chloroplastida->Archaeplastida->Eukaryota->cellular organisms->life" nexsonid "node1018125"
pgloadind     taxon mapping OTT ID 684213 taxonomy "Taxus->Taxaceae->Cupressophyta->Coniferales->Coniferopsida->Coniferophyta->Acrogymnospermae->Spermatophyta->Euphyllophyta->Tracheophyta->Embryophyta->Streptophytina->Streptophyta->Chloroplastida->Archaeplastida->Eukaryota->cellular organisms->life" nexsonid "node1018132"
pgloadind     taxon mapping OTT ID 1015532 taxonomy "Cephalotaxus->Cephalotaxaceae->Cupressophyta->Coniferales->Coniferopsida->Coniferophyta->Acrogymnospermae->Spermatophyta->Euphyllophyta->Tracheophyta->Embryophyta->Streptophytina->Streptophyta->Chloroplastida->Archaeplastida->Eukaryota->cellular organisms->life" nexsonid "node1018133"
pgloadind     taxon mapping OTT ID 836788 taxonomy "Juniperus->Cupressaceae->Cupressophyta->Coniferales->Coniferopsida->Coniferophyta->Acrogymnospermae->Spermatophyta->Euphyllophyta->Tracheophyta->Embryophyta->Streptophytina->Streptophyta->Chloroplastida->Archaeplastida->Eukaryota->cellular organisms->life" nexsonid "node1018135"
pgloadind     taxon mapping OTT ID 47957 taxonomy "Metasequoia->Cupressaceae->Cupressophyta->Coniferales->Coniferopsida->Coniferophyta->Acrogymnospermae->Spermatophyta->Euphyllophyta->Tracheophyta->Embryophyta->Streptophytina->Streptophyta->Chloroplastida->Archaeplastida->Eukaryota->cellular organisms->life" nexsonid "node1018136"
pgloadind     taxon mapping OTT ID 212371 taxonomy "Sciadopitys->Sciadopityaceae->Cupressophyta->Coniferales->Coniferopsida->Coniferophyta->Acrogymnospermae->Spermatophyta->Euphyllophyta->Tracheophyta->Embryophyta->Streptophytina->Streptophyta->Chloroplastida->Archaeplastida->Eukaryota->cellular organisms->life" nexsonid "node1018137"
pgloadind     taxon mapping OTT ID 238572 taxonomy "Phyllocladus->Podocarpaceae->Cupressophyta->Coniferales->Coniferopsida->Coniferophyta->Acrogymnospermae->Spermatophyta->Euphyllophyta->Tracheophyta->Embryophyta->Streptophytina->Streptophyta->Chloroplastida->Archaeplastida->Eukaryota->cellular organisms->life" nexsonid "node1018140"
pgloadind     taxon mapping OTT ID 620761 taxonomy "Podocarpus->Podocarpaceae->Cupressophyta->Coniferales->Coniferopsida->Coniferophyta->Acrogymnospermae->Spermatophyta->Euphyllophyta->Tracheophyta->Embryophyta->Streptophytina->Streptophyta->Chloroplastida->Archaeplastida->Eukaryota->cellular organisms->life" nexsonid "node1018141"
pgloadind     taxon mapping OTT ID 786680 taxonomy "Araucaria->Araucariaceae->Cupressophyta->Coniferales->Coniferopsida->Coniferophyta->Acrogymnospermae->Spermatophyta->Euphyllophyta->Tracheophyta->Embryophyta->Streptophytina->Streptophyta->Chloroplastida->Archaeplastida->Eukaryota->cellular organisms->life" nexsonid "node1018142"
pgloadind     taxon mapping OTT ID 673439 taxonomy "Gnetum->Gnetaceae->Gnetales->Gnetopsida->Gnetophyta->Acrogymnospermae->Spermatophyta->Euphyllophyta->Tracheophyta->Embryophyta->Streptophytina->Streptophyta->Chloroplastida->Archaeplastida->Eukaryota->cellular organisms->life" nexsonid "node1018145"
pgloadind     taxon mapping OTT ID 47948 taxonomy "Welwitschia->Welwitschiaceae->Welwitschiales->Gnetopsida->Gnetophyta->Acrogymnospermae->Spermatophyta->Euphyllophyta->Tracheophyta->Embryophyta->Streptophytina->Streptophyta->Chloroplastida->Archaeplastida->Eukaryota->cellular organisms->life" nexsonid "node1018146"
pgloadind     taxon mapping OTT ID 673430 taxonomy "Ephedra->Ephedraceae->Ephedrales->Gnetopsida->Gnetophyta->Acrogymnospermae->Spermatophyta->Euphyllophyta->Tracheophyta->Embryophyta->Streptophytina->Streptophyta->Chloroplastida->Archaeplastida->Eukaryota->cellular organisms->life" nexsonid "node1018147"
pgloadind     taxon mapping OTT ID 994065 taxonomy "Abies->Pinaceae->Coniferales->Coniferopsida->Coniferophyta->Acrogymnospermae->Spermatophyta->Euphyllophyta->Tracheophyta->Embryophyta->Streptophytina->Streptophyta->Chloroplastida->Archaeplastida->Eukaryota->cellular organisms->life" nexsonid "node1018150"
pgloadind     taxon mapping OTT ID 924422 taxonomy "Cedrus->Pinaceae->Coniferales->Coniferopsida->Coniferophyta->Acrogymnospermae->Spermatophyta->Euphyllophyta->Tracheophyta->Embryophyta->Streptophytina->Streptophyta->Chloroplastida->Archaeplastida->Eukaryota->cellular organisms->life" nexsonid "node1018151"
pgloadind     taxon mapping OTT ID 771683 taxonomy "Pinus->Pinaceae->Coniferales->Coniferopsida->Coniferophyta->Acrogymnospermae->Spermatophyta->Euphyllophyta->Tracheophyta->Embryophyta->Streptophytina->Streptophyta->Chloroplastida->Archaeplastida->Eukaryota->cellular organisms->life" nexsonid "node1018152"
pgloadind     taxon mapping OTT ID 950165 taxonomy "Ginkgo->Ginkgoaceae->Ginkgoales->Ginkgoopsida->Ginkgophyta->Acrogymnospermae->Spermatophyta->Euphyllophyta->Tracheophyta->Embryophyta->Streptophytina->Streptophyta->Chloroplastida->Archaeplastida->Eukaryota->cellular organisms->life" nexsonid "node1018154"
pgloadind     taxon mapping OTT ID 157852 taxonomy "Stangeria->Stangeriaceae->Cycadales->Cycadopsida->Cycadophyta->Acrogymnospermae->Spermatophyta->Euphyllophyta->Tracheophyta->Embryophyta->Streptophytina->Streptophyta->Chloroplastida->Archaeplastida->Eukaryota->cellular organisms->life" nexsonid "node1018157"
pgloadind     taxon mapping OTT ID 596163 taxonomy "Zamia->Zamiaceae->Cycadales->Cycadopsida->Cycadophyta->Acrogymnospermae->Spermatophyta->Euphyllophyta->Tracheophyta->Embryophyta->Streptophytina->Streptophyta->Chloroplastida->Archaeplastida->Eukaryota->cellular organisms->life" nexsonid "node1018158"
pgloadind     taxon mapping OTT ID 99238 taxonomy "Cycas->Cycadaceae->Cycadales->Cycadopsida->Cycadophyta->Acrogymnospermae->Spermatophyta->Euphyllophyta->Tracheophyta->Embryophyta->Streptophytina->Streptophyta->Chloroplastida->Archaeplastida->Eukaryota->cellular organisms->life" nexsonid "node1018159"
pgloadind     taxon mapping OTT ID 864950 taxonomy "Davallia->Davalliaceae->eupolypods I->Polypodiales->core leptosporangiate ferns->Polypodiopsida->Moniliformopses->Euphyllophyta->Tracheophyta->Embryophyta->Streptophytina->Streptophyta->Chloroplastida->Archaeplastida->Eukaryota->cellular organisms->life" nexsonid "node1018174"
pgloadind     taxon mapping OTT ID 590514 taxonomy "Polypodium->Polypodiaceae->eupolypods I->Polypodiales->core leptosporangiate ferns->Polypodiopsida->Moniliformopses->Euphyllophyta->Tracheophyta->Embryophyta->Streptophytina->Streptophyta->Chloroplastida->Archaeplastida->Eukaryota->cellular organisms->life" nexsonid "node1018175"
pgloadind     taxon mapping OTT ID 614419 taxonomy "Nephrolepis->Lomariopsidaceae->eupolypods I->Polypodiales->core leptosporangiate ferns->Polypodiopsida->Moniliformopses->Euphyllophyta->Tracheophyta->Embryophyta->Streptophytina->Streptophyta->Chloroplastida->Archaeplastida->Eukaryota->cellular organisms->life" nexsonid "node1018176"
pgloadind     taxon mapping OTT ID 41618 taxonomy "Dryopteris->Dryopteridaceae->eupolypods I->Polypodiales->core leptosporangiate ferns->Polypodiopsida->Moniliformopses->Euphyllophyta->Tracheophyta->Embryophyta->Streptophytina->Streptophyta->Chloroplastida->Archaeplastida->Eukaryota->cellular organisms->life" nexsonid "node1018177"
pgloadind     taxon mapping OTT ID 340305 taxonomy "Blechnum->Blechnaceae->eupolypods II->Polypodiales->core leptosporangiate ferns->Polypodiopsida->Moniliformopses->Euphyllophyta->Tracheophyta->Embryophyta->Streptophytina->Streptophyta->Chloroplastida->Archaeplastida->Eukaryota->cellular organisms->life" nexsonid "node1018179"
pgloadind     taxon mapping OTT ID 915098 taxonomy "Thelypteris->Thelypteridaceae->eupolypods II->Polypodiales->core leptosporangiate ferns->Polypodiopsida->Moniliformopses->Euphyllophyta->Tracheophyta->Embryophyta->Streptophytina->Streptophyta->Chloroplastida->Archaeplastida->Eukaryota->cellular organisms->life" nexsonid "node1018180"
pgloadind     taxon mapping OTT ID 38492 taxonomy "Asplenium->Aspleniaceae->eupolypods II->Polypodiales->core leptosporangiate ferns->Polypodiopsida->Moniliformopses->Euphyllophyta->Tracheophyta->Embryophyta->Streptophytina->Streptophyta->Chloroplastida->Archaeplastida->Eukaryota->cellular organisms->life" nexsonid "node1018181"
pgloadind     taxon mapping OTT ID 195643 taxonomy "Pteridium->Dennstaedtiaceae->Polypodiales->core leptosporangiate ferns->Polypodiopsida->Moniliformopses->Euphyllophyta->Tracheophyta->Embryophyta->Streptophytina->Streptophyta->Chloroplastida->Archaeplastida->Eukaryota->cellular organisms->life" nexsonid "node1018182"
pgloadind     taxon mapping OTT ID 164367 taxonomy "Adiantum->Pteridaceae->Polypodiales->core leptosporangiate ferns->Polypodiopsida->Moniliformopses->Euphyllophyta->Tracheophyta->Embryophyta->Streptophytina->Streptophyta->Chloroplastida->Archaeplastida->Eukaryota->cellular organisms->life" nexsonid "node1018186"
pgloadind     taxon mapping OTT ID 1088900 taxonomy "Vittaria->Pteridaceae->Polypodiales->core leptosporangiate ferns->Polypodiopsida->Moniliformopses->Euphyllophyta->Tracheophyta->Embryophyta->Streptophytina->Streptophyta->Chloroplastida->Archaeplastida->Eukaryota->cellular organisms->life" nexsonid "node1018187"
pgloadind     taxon mapping OTT ID 687386 taxonomy "Pteris->Pteridaceae->Polypodiales->core leptosporangiate ferns->Polypodiopsida->Moniliformopses->Euphyllophyta->Tracheophyta->Embryophyta->Streptophytina->Streptophyta->Chloroplastida->Archaeplastida->Eukaryota->cellular organisms->life" nexsonid "node1018188"
pgloadind     taxon mapping OTT ID 190948 taxonomy "Ceratopteris->Pteridaceae->Polypodiales->core leptosporangiate ferns->Polypodiopsida->Moniliformopses->Euphyllophyta->Tracheophyta->Embryophyta->Streptophytina->Streptophyta->Chloroplastida->Archaeplastida->Eukaryota->cellular organisms->life" nexsonid "node1018189"
pgloadind     taxon mapping OTT ID 765249 taxonomy "Cibotium->Cibotiaceae->Cyatheales->core leptosporangiate ferns->Polypodiopsida->Moniliformopses->Euphyllophyta->Tracheophyta->Embryophyta->Streptophytina->Streptophyta->Chloroplastida->Archaeplastida->Eukaryota->cellular organisms->life" nexsonid "node1018192"
pgloadind     taxon mapping OTT ID 373841 taxonomy "Cyathea->Cyatheaceae->Cyatheales->core leptosporangiate ferns->Polypodiopsida->Moniliformopses->Euphyllophyta->Tracheophyta->Embryophyta->Streptophytina->Streptophyta->Chloroplastida->Archaeplastida->Eukaryota->cellular organisms->life" nexsonid "node1018193"
pgloadind     taxon mapping OTT ID 41537 taxonomy "Plagiogyria->Plagiogyriaceae->Cyatheales->core leptosporangiate ferns->Polypodiopsida->Moniliformopses->Euphyllophyta->Tracheophyta->Embryophyta->Streptophytina->Streptophyta->Chloroplastida->Archaeplastida->Eukaryota->cellular organisms->life" nexsonid "node1018194"
pgloadind     taxon mapping OTT ID 226599 taxonomy "Azolla->Azollaceae->Salviniales->core leptosporangiate ferns->Polypodiopsida->Moniliformopses->Euphyllophyta->Tracheophyta->Embryophyta->Streptophytina->Streptophyta->Chloroplastida->Archaeplastida->Eukaryota->cellular organisms->life" nexsonid "node1018197"
pgloadind     taxon mapping OTT ID 1088898 taxonomy "Salvinia->Salviniaceae->Salviniales->core leptosporangiate ferns->Polypodiopsida->Moniliformopses->Euphyllophyta->Tracheophyta->Embryophyta->Streptophytina->Streptophyta->Chloroplastida->Archaeplastida->Eukaryota->cellular organisms->life" nexsonid "node1018198"
pgloadind     taxon mapping OTT ID 164371 taxonomy "Marsilea->Marsileaceae->Salviniales->core leptosporangiate ferns->Polypodiopsida->Moniliformopses->Euphyllophyta->Tracheophyta->Embryophyta->Streptophytina->Streptophyta->Chloroplastida->Archaeplastida->Eukaryota->cellular organisms->life" nexsonid "node1018199"
pgloadind     taxon mapping OTT ID 658079 taxonomy "Anemia->Anemiaceae->Schizaeales->Polypodiopsida->Moniliformopses->Euphyllophyta->Tracheophyta->Embryophyta->Streptophytina->Streptophyta->Chloroplastida->Archaeplastida->Eukaryota->cellular organisms->life" nexsonid "node1018201"
pgloadind     taxon mapping OTT ID 687379 taxonomy "Lygodium->Lygodiaceae->Schizaeales->Polypodiopsida->Moniliformopses->Euphyllophyta->Tracheophyta->Embryophyta->Streptophytina->Streptophyta->Chloroplastida->Archaeplastida->Eukaryota->cellular organisms->life" nexsonid "node1018202"
pgloadind     taxon mapping OTT ID 667487 taxonomy "Gleichenia->Gleicheniaceae->Gleicheniales->Polypodiopsida->Moniliformopses->Euphyllophyta->Tracheophyta->Embryophyta->Streptophytina->Streptophyta->Chloroplastida->Archaeplastida->Eukaryota->cellular organisms->life" nexsonid "node1018203"
pgloadind     taxon mapping OTT ID 1065300 taxonomy "Hymenophyllum->Hymenophyllaceae->Hymenophyllales->Polypodiopsida->Moniliformopses->Euphyllophyta->Tracheophyta->Embryophyta->Streptophytina->Streptophyta->Chloroplastida->Archaeplastida->Eukaryota->cellular organisms->life" nexsonid "node1018205"
pgloadind     taxon mapping OTT ID 774276 taxonomy "Trichomanes->Hymenophyllaceae->Hymenophyllales->Polypodiopsida->Moniliformopses->Euphyllophyta->Tracheophyta->Embryophyta->Streptophytina->Streptophyta->Chloroplastida->Archaeplastida->Eukaryota->cellular organisms->life" nexsonid "node1018206"
pgloadind     taxon mapping OTT ID 347842 taxonomy "Leptopteris->Osmundaceae->Osmundales->Polypodiopsida->Moniliformopses->Euphyllophyta->Tracheophyta->Embryophyta->Streptophytina->Streptophyta->Chloroplastida->Archaeplastida->Eukaryota->cellular organisms->life" nexsonid "node1018209"
pgloadind     taxon mapping OTT ID 579102 taxonomy "Todea->Osmundaceae->Osmundales->Polypodiopsida->Moniliformopses->Euphyllophyta->Tracheophyta->Embryophyta->Streptophytina->Streptophyta->Chloroplastida->Archaeplastida->Eukaryota->cellular organisms->life" nexsonid "node1018210"
pgloadind     taxon mapping OTT ID 41628 taxonomy "Osmunda->Osmundaceae->Osmundales->Polypodiopsida->Moniliformopses->Euphyllophyta->Tracheophyta->Embryophyta->Streptophytina->Streptophyta->Chloroplastida->Archaeplastida->Eukaryota->cellular organisms->life" nexsonid "node1018211"
pgloadind     taxon mapping OTT ID 178176 taxonomy "Helminthostachys->Ophioglossaceae->Ophioglossales->Ophioglossopsida->Moniliformopses->Euphyllophyta->Tracheophyta->Embryophyta->Streptophytina->Streptophyta->Chloroplastida->Archaeplastida->Eukaryota->cellular organisms->life" nexsonid "node1018215"
pgloadind     taxon mapping OTT ID 113201 taxonomy "Ophioglossum->Ophioglossaceae->Ophioglossales->Ophioglossopsida->Moniliformopses->Euphyllophyta->Tracheophyta->Embryophyta->Streptophytina->Streptophyta->Chloroplastida->Archaeplastida->Eukaryota->cellular organisms->life" nexsonid "node1018216"
pgloadind     taxon mapping OTT ID 687363 taxonomy "Botrychium->Ophioglossaceae->Ophioglossales->Ophioglossopsida->Moniliformopses->Euphyllophyta->Tracheophyta->Embryophyta->Streptophytina->Streptophyta->Chloroplastida->Archaeplastida->Eukaryota->cellular organisms->life" nexsonid "node1018217"
pgloadind     taxon mapping OTT ID 918768 taxonomy "Tmesipteris->Psilotaceae->Psilotales->Psilotopsida->Moniliformopses->Euphyllophyta->Tracheophyta->Embryophyta->Streptophytina->Streptophyta->Chloroplastida->Archaeplastida->Eukaryota->cellular organisms->life" nexsonid "node1018219"
pgloadind     taxon mapping OTT ID 769692 taxonomy "Psilotum->Psilotaceae->Psilotales->Psilotopsida->Moniliformopses->Euphyllophyta->Tracheophyta->Embryophyta->Streptophytina->Streptophyta->Chloroplastida->Archaeplastida->Eukaryota->cellular organisms->life" nexsonid "node1018220"
pgloadind     taxon mapping OTT ID 93172 taxonomy "Angiopteris->Marattiaceae->Marattiales->Marattiopsida->Moniliformopses->Euphyllophyta->Tracheophyta->Embryophyta->Streptophytina->Streptophyta->Chloroplastida->Archaeplastida->Eukaryota->cellular organisms->life" nexsonid "node1018224"
pgloadind     taxon mapping OTT ID 812230 taxonomy "Marattia->Marattiaceae->Marattiales->Marattiopsida->Moniliformopses->Euphyllophyta->Tracheophyta->Embryophyta->Streptophytina->Streptophyta->Chloroplastida->Archaeplastida->Eukaryota->cellular organisms->life" nexsonid "node1018225"
pgloadind     taxon mapping OTT ID 889492 taxonomy "Danaea->Marattiaceae->Marattiales->Marattiopsida->Moniliformopses->Euphyllophyta->Tracheophyta->Embryophyta->Streptophytina->Streptophyta->Chloroplastida->Archaeplastida->Eukaryota->cellular organisms->life" nexsonid "node1018226"
pgloadind     taxon mapping OTT ID 719034 taxonomy "Equisetum->Equisetaceae->Equisetales->Equisetopsida->Moniliformopses->Euphyllophyta->Tracheophyta->Embryophyta->Streptophytina->Streptophyta->Chloroplastida->Archaeplastida->Eukaryota->cellular organisms->life" nexsonid "node1018228"
pgloadind     taxon mapping OTT ID 726823 taxonomy "Selaginella uliginosa->Selaginella->Selaginellaceae->Selaginellales->Isoetopsida->Lycopodiophyta->Tracheophyta->Embryophyta->Streptophytina->Streptophyta->Chloroplastida->Archaeplastida->Eukaryota->cellular organisms->life" nexsonid "node1018233"
pgloadind     taxon mapping OTT ID 78166 taxonomy "Selaginella apoda->Selaginella->Selaginellaceae->Selaginellales->Isoetopsida->Lycopodiophyta->Tracheophyta->Embryophyta->Streptophytina->Streptophyta->Chloroplastida->Archaeplastida->Eukaryota->cellular organisms->life" nexsonid "node1018234"
pgloadind     taxon mapping OTT ID 113210 taxonomy "Isoetes->Isoetaceae->Isoetales->Isoetopsida->Lycopodiophyta->Tracheophyta->Embryophyta->Streptophytina->Streptophyta->Chloroplastida->Archaeplastida->Eukaryota->cellular organisms->life" nexsonid "node1018235"
pgloadind     taxon mapping OTT ID 79111 taxonomy "Huperzia->Lycopodiaceae->Lycopodiales->Lycopodiopsida->Lycopodiophyta->Tracheophyta->Embryophyta->Streptophytina->Streptophyta->Chloroplastida->Archaeplastida->Eukaryota->cellular organisms->life" nexsonid "node1018237"
pgloadind     taxon mapping OTT ID 719016 taxonomy "Lycopodium->Lycopodiaceae->Lycopodiales->Lycopodiopsida->Lycopodiophyta->Tracheophyta->Embryophyta->Streptophytina->Streptophyta->Chloroplastida->Archaeplastida->Eukaryota->cellular organisms->life" nexsonid "node1018238"
pgloadind     taxon mapping OTT ID 592356 taxonomy "Notothylas->Notothyladaceae->Notothyladales->Notothylidae->Anthocerotopsida->Anthocerotophyta->Embryophyta->Streptophytina->Streptophyta->Chloroplastida->Archaeplastida->Eukaryota->cellular organisms->life" nexsonid "node1018243"
pgloadind     taxon mapping OTT ID 675211 taxonomy "Phaeoceros->Notothyladaceae->Notothyladales->Notothylidae->Anthocerotopsida->Anthocerotophyta->Embryophyta->Streptophytina->Streptophyta->Chloroplastida->Archaeplastida->Eukaryota->cellular organisms->life" nexsonid "node1018244"
pgloadind     taxon mapping OTT ID 688226 taxonomy "Dendroceros->Dendrocerotoideae->Dendrocerotaceae->Dendrocerotales->Dendrocerotidae->Anthocerotopsida->Anthocerotophyta->Embryophyta->Streptophytina->Streptophyta->Chloroplastida->Archaeplastida->Eukaryota->cellular organisms->life" nexsonid "node1018246"
pgloadind     taxon mapping OTT ID 164375 taxonomy "Megaceros->Dendrocerotoideae->Dendrocerotaceae->Dendrocerotales->Dendrocerotidae->Anthocerotopsida->Anthocerotophyta->Embryophyta->Streptophytina->Streptophyta->Chloroplastida->Archaeplastida->Eukaryota->cellular organisms->life" nexsonid "node1018247"
pgloadind     taxon mapping OTT ID 769675 taxonomy "Anthoceros->Anthocerotaceae->Anthocerotales->Anthocerotidae->Anthocerotopsida->Anthocerotophyta->Embryophyta->Streptophytina->Streptophyta->Chloroplastida->Archaeplastida->Eukaryota->cellular organisms->life" nexsonid "node1018248"
pgloadind     taxon mapping OTT ID 118116 taxonomy "Leiosporoceros->Leiosporocerotaceae->Leiosporocerotales->Leiosporocerotopsida->Anthocerotophyta->Embryophyta->Streptophytina->Streptophyta->Chloroplastida->Archaeplastida->Eukaryota->cellular organisms->life" nexsonid "node1018249"
pgloadind     taxon mapping OTT ID 534549 taxonomy "Rhabdoweisia->Rhabdoweisiaceae->Dicranales->Dicranidae->Bryopsida->Bryophytina->Bryophyta->Embryophyta->Streptophytina->Streptophyta->Chloroplastida->Archaeplastida->Eukaryota->cellular organisms->life" nexsonid "node1018259"
pgloadind     taxon mapping OTT ID 71199 taxonomy "Gymnostomum->Pottiaceae->Pottiales->Dicranidae->Bryopsida->Bryophytina->Bryophyta->Embryophyta->Streptophytina->Streptophyta->Chloroplastida->Archaeplastida->Eukaryota->cellular organisms->life" nexsonid "node1018261"
pgloadind     taxon mapping OTT ID 195705 taxonomy "Ceratodon->Ditrichaceae->Dicranales->Dicranidae->Bryopsida->Bryophytina->Bryophyta->Embryophyta->Streptophytina->Streptophyta->Chloroplastida->Archaeplastida->Eukaryota->cellular organisms->life" nexsonid "node1018262"
pgloadind     taxon mapping OTT ID 195708 taxonomy "Dicranum->Dicranaceae->Dicranales->Dicranidae->Bryopsida->Bryophytina->Bryophyta->Embryophyta->Streptophytina->Streptophyta->Chloroplastida->Archaeplastida->Eukaryota->cellular organisms->life" nexsonid "node1018263"
pgloadind     taxon mapping OTT ID 534547 taxonomy "Ptychomitrium->Ptychomitriaceae->Grimmiales->Dicranidae->Bryopsida->Bryophytina->Bryophyta->Embryophyta->Streptophytina->Streptophyta->Chloroplastida->Archaeplastida->Eukaryota->cellular organisms->life" nexsonid "node1018265"
pgloadind     taxon mapping OTT ID 604966 taxonomy "Grimmia->Grimmiaceae->Grimmiales->Dicranidae->Bryopsida->Bryophytina->Bryophyta->Embryophyta->Streptophytina->Streptophyta->Chloroplastida->Archaeplastida->Eukaryota->cellular organisms->life" nexsonid "node1018266"
pgloadind     taxon mapping OTT ID 1023958 taxonomy "Leucobryum->Leucobryaceae->Dicranales->Dicranidae->Bryopsida->Bryophytina->Bryophyta->Embryophyta->Streptophytina->Streptophyta->Chloroplastida->Archaeplastida->Eukaryota->cellular organisms->life" nexsonid "node1018268"
pgloadind     taxon mapping OTT ID 843157 taxonomy "Archidium->Archidiaceae->Archidiales->Dicranidae->Bryopsida->Bryophytina->Bryophyta->Embryophyta->Streptophytina->Streptophyta->Chloroplastida->Archaeplastida->Eukaryota->cellular organisms->life" nexsonid "node1018269"
pgloadind     taxon mapping OTT ID 153408 taxonomy "Dicranella->Dicranaceae->Dicranales->Dicranidae->Bryopsida->Bryophytina->Bryophyta->Embryophyta->Streptophytina->Streptophyta->Chloroplastida->Archaeplastida->Eukaryota->cellular organisms->life" nexsonid "node1018270"
pgloadind     taxon mapping OTT ID 393729 taxonomy "Fissidens->Fissidentaceae->Dicranales->Dicranidae->Bryopsida->Bryophytina->Bryophyta->Embryophyta->Streptophytina->Streptophyta->Chloroplastida->Archaeplastida->Eukaryota->cellular organisms->life" nexsonid "node1018271"
pgloadind     taxon mapping OTT ID 999581 taxonomy "Bryoxiphium->Bryoxiphiaceae->Bryoxiphiales->Dicranidae->Bryopsida->Bryophytina->Bryophyta->Embryophyta->Streptophytina->Streptophyta->Chloroplastida->Archaeplastida->Eukaryota->cellular organisms->life" nexsonid "node1018272"
pgloadind     taxon mapping OTT ID 734786 taxonomy "Brachythecium->Brachytheciaceae->Hypnales->Hypnanae->Bryidae->Bryopsida->Bryophytina->Bryophyta->Embryophyta->Streptophytina->Streptophyta->Chloroplastida->Archaeplastida->Eukaryota->cellular organisms->life" nexsonid "node1018278"
pgloadind     taxon mapping OTT ID 734789 taxonomy "Hylocomium->Hylocomiaceae->Hypnales->Hypnanae->Bryidae->Bryopsida->Bryophytina->Bryophyta->Embryophyta->Streptophytina->Streptophyta->Chloroplastida->Archaeplastida->Eukaryota->cellular organisms->life" nexsonid "node1018279"
pgloadind     taxon mapping OTT ID 113731 taxonomy "Weymouthia->Lembophyllaceae->Hypnales->Hypnanae->Bryidae->Bryopsida->Bryophytina->Bryophyta->Embryophyta->Streptophytina->Streptophyta->Chloroplastida->Archaeplastida->Eukaryota->cellular organisms->life" nexsonid "node1018280"
pgloadind     taxon mapping OTT ID 797134 taxonomy "Thuidium->Thuidiaceae->Hypnales->Hypnanae->Bryidae->Bryopsida->Bryophytina->Bryophyta->Embryophyta->Streptophytina->Streptophyta->Chloroplastida->Archaeplastida->Eukaryota->cellular organisms->life" nexsonid "node1018281"
pgloadind     taxon mapping OTT ID 734783 taxonomy "Plagiothecium->Plagiotheciaceae->Hypnales->Hypnanae->Bryidae->Bryopsida->Bryophytina->Bryophyta->Embryophyta->Streptophytina->Streptophyta->Chloroplastida->Archaeplastida->Eukaryota->cellular organisms->life" nexsonid "node1018282"
pgloadind     taxon mapping OTT ID 411689 taxonomy "Climacium->Climaciaceae->Hypnales->Hypnanae->Bryidae->Bryopsida->Bryophytina->Bryophyta->Embryophyta->Streptophytina->Streptophyta->Chloroplastida->Archaeplastida->Eukaryota->cellular organisms->life" nexsonid "node1018283"
pgloadind     taxon mapping OTT ID 474805 taxonomy "Hypnum->Hypnaceae->Hypnales->Hypnanae->Bryidae->Bryopsida->Bryophytina->Bryophyta->Embryophyta->Streptophytina->Streptophyta->Chloroplastida->Archaeplastida->Eukaryota->cellular organisms->life" nexsonid "node1018284"
pgloadind     taxon mapping OTT ID 1007603 taxonomy "Anomodon->Anomodontaceae->Hypnales->Hypnanae->Bryidae->Bryopsida->Bryophytina->Bryophyta->Embryophyta->Streptophytina->Streptophyta->Chloroplastida->Archaeplastida->Eukaryota->cellular organisms->life" nexsonid "node1018286"
pgloadind     taxon mapping OTT ID 746391 taxonomy "Thamnobryum->Neckeraceae->Hypnales->Hypnanae->Bryidae->Bryopsida->Bryophytina->Bryophyta->Embryophyta->Streptophytina->Streptophyta->Chloroplastida->Archaeplastida->Eukaryota->cellular organisms->life" nexsonid "node1018287"
pgloadind     taxon mapping OTT ID 1045458 taxonomy "Heterophyllium->Pylaisiadelphaceae->Hypnales->Hypnanae->Bryidae->Bryopsida->Bryophytina->Bryophyta->Embryophyta->Streptophytina->Streptophyta->Chloroplastida->Archaeplastida->Eukaryota->cellular organisms->life" nexsonid "node1018288"
pgloadind     taxon mapping OTT ID 453725 taxonomy "Myurium->Myuriaceae->Hypnales->Hypnanae->Bryidae->Bryopsida->Bryophytina->Bryophyta->Embryophyta->Streptophytina->Streptophyta->Chloroplastida->Archaeplastida->Eukaryota->cellular organisms->life" nexsonid "node1018289"
pgloadind     taxon mapping OTT ID 119316 taxonomy "Leucodon->Leucodontaceae->Hypnales->Hypnanae->Bryidae->Bryopsida->Bryophytina->Bryophyta->Embryophyta->Streptophytina->Streptophyta->Chloroplastida->Archaeplastida->Eukaryota->cellular organisms->life" nexsonid "node1018290"
pgloadind     taxon mapping OTT ID 273692 taxonomy "Fontinalis->Fontinalaceae->Hypnales->Hypnanae->Bryidae->Bryopsida->Bryophytina->Bryophyta->Embryophyta->Streptophytina->Streptophyta->Chloroplastida->Archaeplastida->Eukaryota->cellular organisms->life" nexsonid "node1018291"
pgloadind     taxon mapping OTT ID 148620 taxonomy "Hookeria->Hookeriaceae->Hookeriales->Hypnanae->Bryidae->Bryopsida->Bryophytina->Bryophyta->Embryophyta->Streptophytina->Streptophyta->Chloroplastida->Archaeplastida->Eukaryota->cellular organisms->life" nexsonid "node1018292"
pgloadind     taxon mapping OTT ID 350822 taxonomy "Leptobryum->Meesiaceae->Splachnales->Bryanae->Bryidae->Bryopsida->Bryophytina->Bryophyta->Embryophyta->Streptophytina->Streptophyta->Chloroplastida->Archaeplastida->Eukaryota->cellular organisms->life" nexsonid "node1018293"
pgloadind     taxon mapping OTT ID 405430 taxonomy "Orthotrichum->Orthotrichaceae->Orthotrichales->Bryanae->Bryidae->Bryopsida->Bryophytina->Bryophyta->Embryophyta->Streptophytina->Streptophyta->Chloroplastida->Archaeplastida->Eukaryota->cellular organisms->life" nexsonid "node1018294"
pgloadind     taxon mapping OTT ID 981713 taxonomy "Hedwigia->Hedwigiaceae->Hedwigiales->Bryanae->Bryidae->Bryopsida->Bryophytina->Bryophyta->Embryophyta->Streptophytina->Streptophyta->Chloroplastida->Archaeplastida->Eukaryota->cellular organisms->life" nexsonid "node1018295"
pgloadind     taxon mapping OTT ID 548800 taxonomy "Bryum->Bryaceae->Bryales->Bryanae->Bryidae->Bryopsida->Bryophytina->Bryophyta->Embryophyta->Streptophytina->Streptophyta->Chloroplastida->Archaeplastida->Eukaryota->cellular organisms->life" nexsonid "node1018296"
pgloadind     taxon mapping OTT ID 195702 taxonomy "Mnium->Mniaceae->Bryales->Bryanae->Bryidae->Bryopsida->Bryophytina->Bryophyta->Embryophyta->Streptophytina->Streptophyta->Chloroplastida->Archaeplastida->Eukaryota->cellular organisms->life" nexsonid "node1018297"
pgloadind     taxon mapping OTT ID 848160 taxonomy "Rhizogonium->Rhizogoniaceae->Rhizogoniales->Bryanae->Bryidae->Bryopsida->Bryophytina->Bryophyta->Embryophyta->Streptophytina->Streptophyta->Chloroplastida->Archaeplastida->Eukaryota->cellular organisms->life" nexsonid "node1018298"
pgloadind     taxon mapping OTT ID 153411 taxonomy "Bartramia->Bartramiaceae->Bartramiales->Bryanae->Bryidae->Bryopsida->Bryophytina->Bryophyta->Embryophyta->Streptophytina->Streptophyta->Chloroplastida->Archaeplastida->Eukaryota->cellular organisms->life" nexsonid "node1018299"
pgloadind     taxon mapping OTT ID 821349 taxonomy "Physcomitrella->Funariaceae->Funariales->Funariidae->Bryopsida->Bryophytina->Bryophyta->Embryophyta->Streptophytina->Streptophyta->Chloroplastida->Archaeplastida->Eukaryota->cellular organisms->life" nexsonid "node1018300"
pgloadind     taxon mapping OTT ID 730185 taxonomy "Diphyscium->Diphysciaceae->Diphysciales->Diphysciidae->Bryopsida->Bryophytina->Bryophyta->Embryophyta->Streptophytina->Streptophyta->Chloroplastida->Archaeplastida->Eukaryota->cellular organisms->life" nexsonid "node1018301"
pgloadind     taxon mapping OTT ID 988467 taxonomy "Buxbaumia->Buxbaumiaceae->Buxbaumiales->Buxbaumiidae->Bryopsida->Bryophytina->Bryophyta->Embryophyta->Streptophytina->Streptophyta->Chloroplastida->Archaeplastida->Eukaryota->cellular organisms->life" nexsonid "node1018302"
pgloadind     taxon mapping OTT ID 208160 taxonomy "Atrichum->Polytrichaceae->Polytrichales->Polytrichopsida->Bryophytina->Bryophyta->Embryophyta->Streptophytina->Streptophyta->Chloroplastida->Archaeplastida->Eukaryota->cellular organisms->life" nexsonid "node1018304"
pgloadind     taxon mapping OTT ID 821354 taxonomy "Polytrichum->Polytrichaceae->Polytrichales->Polytrichopsida->Bryophytina->Bryophyta->Embryophyta->Streptophytina->Streptophyta->Chloroplastida->Archaeplastida->Eukaryota->cellular organisms->life" nexsonid "node1018305"
pgloadind     taxon mapping OTT ID 548805 taxonomy "Tetraphis->Tetraphidaceae->Tetraphidales->Tetraphidopsida->Bryophytina->Bryophyta->Embryophyta->Streptophytina->Streptophyta->Chloroplastida->Archaeplastida->Eukaryota->cellular organisms->life" nexsonid "node1018306"
pgloadind     taxon mapping OTT ID 1032217 taxonomy "Andreaea->Andreaeaceae->Andreaeales->Andreaeopsida->Andreaeophytina->Bryophyta->Embryophyta->Streptophytina->Streptophyta->Chloroplastida->Archaeplastida->Eukaryota->cellular organisms->life" nexsonid "node1018307"
pgloadind     taxon mapping OTT ID 517793 taxonomy "Sphagnum palenae->Sphagnum->Sphagnaceae->Sphagnales->Sphagnopsida->Sphagnophytina->Bryophyta->Embryophyta->Streptophytina->Streptophyta->Chloroplastida->Archaeplastida->Eukaryota->cellular organisms->life" nexsonid "node1018310"
pgloadind     taxon mapping OTT ID 378645 taxonomy "Sphagnum capense->Sphagnum->Sphagnaceae->Sphagnales->Sphagnopsida->Sphagnophytina->Bryophyta->Embryophyta->Streptophytina->Streptophyta->Chloroplastida->Archaeplastida->Eukaryota->cellular organisms->life" nexsonid "node1018311"
pgloadind     taxon mapping OTT ID 79112 taxonomy "Takakia lepidozioides->Takakia->Takakiaceae->Takakiales->Takakiopsida->Takakiophytina->Bryophyta->Embryophyta->Streptophytina->Streptophyta->Chloroplastida->Archaeplastida->Eukaryota->cellular organisms->life" nexsonid "node1018313"
pgloadind     taxon mapping OTT ID 3228 taxonomy "Takakia ceratophylla->Takakia->Takakiaceae->Takakiales->Takakiopsida->Takakiophytina->Bryophyta->Embryophyta->Streptophytina->Streptophyta->Chloroplastida->Archaeplastida->Eukaryota->cellular organisms->life" nexsonid "node1018314"
pgloadind     taxon mapping OTT ID 1024367 taxonomy "Marsupella->Gymnomitriaceae->Jungermanniineae->Jungermanniales->Jungermanniidae->Jungermanniopsida->Marchantiophyta->Embryophyta->Streptophytina->Streptophyta->Chloroplastida->Archaeplastida->Eukaryota->cellular organisms->life" nexsonid "node1018325"
pgloadind     taxon mapping OTT ID 491983 taxonomy "Solenostoma->Solenostomataceae->Jungermanniineae->Jungermanniales->Jungermanniidae->Jungermanniopsida->Marchantiophyta->Embryophyta->Streptophytina->Streptophyta->Chloroplastida->Archaeplastida->Eukaryota->cellular organisms->life" nexsonid "node1018326"
pgloadind     taxon mapping OTT ID 1024376 taxonomy "Lophozia->Scapaniaceae->Cephaloziineae->Jungermanniales->Jungermanniidae->Jungermanniopsida->Marchantiophyta->Embryophyta->Streptophytina->Streptophyta->Chloroplastida->Archaeplastida->Eukaryota->cellular organisms->life" nexsonid "node1018327"
pgloadind     taxon mapping OTT ID 350818 taxonomy "Calypogeia->Calypogeiaceae->Jungermanniineae->Jungermanniales->Jungermanniidae->Jungermanniopsida->Marchantiophyta->Embryophyta->Streptophytina->Streptophyta->Chloroplastida->Archaeplastida->Eukaryota->cellular organisms->life" nexsonid "node1018328"
pgloadind     taxon mapping OTT ID 760161 taxonomy "Tylimanthus->Acrobolbaceae->Jungermanniineae->Jungermanniales->Jungermanniidae->Jungermanniopsida->Marchantiophyta->Embryophyta->Streptophytina->Streptophyta->Chloroplastida->Archaeplastida->Eukaryota->cellular organisms->life" nexsonid "node1018329"
pgloadind     taxon mapping OTT ID 800933 taxonomy "Nowellia->Cephaloziaceae->Cephaloziineae->Jungermanniales->Jungermanniidae->Jungermanniopsida->Marchantiophyta->Embryophyta->Streptophytina->Streptophyta->Chloroplastida->Archaeplastida->Eukaryota->cellular organisms->life" nexsonid "node1018332"
pgloadind     taxon mapping OTT ID 800905 taxonomy "Odontoschisma->Cephaloziaceae->Cephaloziineae->Jungermanniales->Jungermanniidae->Jungermanniopsida->Marchantiophyta->Embryophyta->Streptophytina->Streptophyta->Chloroplastida->Archaeplastida->Eukaryota->cellular organisms->life" nexsonid "node1018333"
pgloadind     taxon mapping OTT ID 844609 taxonomy "Scapania->Scapaniaceae->Cephaloziineae->Jungermanniales->Jungermanniidae->Jungermanniopsida->Marchantiophyta->Embryophyta->Streptophytina->Streptophyta->Chloroplastida->Archaeplastida->Eukaryota->cellular organisms->life" nexsonid "node1018334"
pgloadind     taxon mapping OTT ID 738990 taxonomy "Bazzania->Lepidoziaceae->Lophocoleineae->Jungermanniales->Jungermanniidae->Jungermanniopsida->Marchantiophyta->Embryophyta->Streptophytina->Streptophyta->Chloroplastida->Archaeplastida->Eukaryota->cellular organisms->life" nexsonid "node1018336"
pgloadind     taxon mapping OTT ID 751944 taxonomy "Lepidozia->Lepidoziaceae->Lophocoleineae->Jungermanniales->Jungermanniidae->Jungermanniopsida->Marchantiophyta->Embryophyta->Streptophytina->Streptophyta->Chloroplastida->Archaeplastida->Eukaryota->cellular organisms->life" nexsonid "node1018337"
pgloadind     taxon mapping OTT ID 246577 taxonomy "Lophocolea->Lophocoleaceae->Lophocoleineae->Jungermanniales->Jungermanniidae->Jungermanniopsida->Marchantiophyta->Embryophyta->Streptophytina->Streptophyta->Chloroplastida->Archaeplastida->Eukaryota->cellular organisms->life" nexsonid "node1018338"
pgloadind     taxon mapping OTT ID 160034 taxonomy "Plagiochila->Plagiochilaceae->Lophocoleineae->Jungermanniales->Jungermanniidae->Jungermanniopsida->Marchantiophyta->Embryophyta->Streptophytina->Streptophyta->Chloroplastida->Archaeplastida->Eukaryota->cellular organisms->life" nexsonid "node1018339"
pgloadind     taxon mapping OTT ID 66633 taxonomy "Lepicolea->Lepicoleaceae->Lophocoleineae->Jungermanniales->Jungermanniidae->Jungermanniopsida->Marchantiophyta->Embryophyta->Streptophytina->Streptophyta->Chloroplastida->Archaeplastida->Eukaryota->cellular organisms->life" nexsonid "node1018340"
pgloadind     taxon mapping OTT ID 683249 taxonomy "Trichocolea->Trichocoleaceae->Lophocoleineae->Jungermanniales->Jungermanniidae->Jungermanniopsida->Marchantiophyta->Embryophyta->Streptophytina->Streptophyta->Chloroplastida->Archaeplastida->Eukaryota->cellular organisms->life" nexsonid "node1018341"
pgloadind     taxon mapping OTT ID 390607 taxonomy "Blepharostoma->Pseudolepicoleaceae->Lophocoleineae->Jungermanniales->Jungermanniidae->Jungermanniopsida->Marchantiophyta->Embryophyta->Streptophytina->Streptophyta->Chloroplastida->Archaeplastida->Eukaryota->cellular organisms->life" nexsonid "node1018343"
pgloadind     taxon mapping OTT ID 983705 taxonomy "Mylia->Myliaceae->Jungermanniineae->Jungermanniales->Jungermanniidae->Jungermanniopsida->Marchantiophyta->Embryophyta->Streptophytina->Streptophyta->Chloroplastida->Archaeplastida->Eukaryota->cellular organisms->life" nexsonid "node1018344"
pgloadind     taxon mapping OTT ID 454404 taxonomy "Lejeunea->Lejeuneaceae->Jubulineae->Porellales->Jungermanniidae->Jungermanniopsida->Marchantiophyta->Embryophyta->Streptophytina->Streptophyta->Chloroplastida->Archaeplastida->Eukaryota->cellular organisms->life" nexsonid "node1018348"
pgloadind     taxon mapping OTT ID 1079500 taxonomy "Cololejeunea->Lejeuneaceae->Jubulineae->Porellales->Jungermanniidae->Jungermanniopsida->Marchantiophyta->Embryophyta->Streptophytina->Streptophyta->Chloroplastida->Archaeplastida->Eukaryota->cellular organisms->life" nexsonid "node1018349"
pgloadind     taxon mapping OTT ID 384867 taxonomy "Leucolejeunea->Lejeuneaceae->Jubulineae->Porellales->Jungermanniidae->Jungermanniopsida->Marchantiophyta->Embryophyta->Streptophytina->Streptophyta->Chloroplastida->Archaeplastida->Eukaryota->cellular organisms->life" nexsonid "node1018350"
pgloadind     taxon mapping OTT ID 744350 taxonomy "Frullania->Frullaniaceae->Jubulineae->Porellales->Jungermanniidae->Jungermanniopsida->Marchantiophyta->Embryophyta->Streptophytina->Streptophyta->Chloroplastida->Archaeplastida->Eukaryota->cellular organisms->life" nexsonid "node1018351"
pgloadind     taxon mapping OTT ID 802660 taxonomy "Porella->Porellaceae->Porellineae->Porellales->Jungermanniidae->Jungermanniopsida->Marchantiophyta->Embryophyta->Streptophytina->Streptophyta->Chloroplastida->Archaeplastida->Eukaryota->cellular organisms->life" nexsonid "node1018352"
pgloadind     taxon mapping OTT ID 692297 taxonomy "Radula->Radulaceae->Radulineae->Porellales->Jungermanniidae->Jungermanniopsida->Marchantiophyta->Embryophyta->Streptophytina->Streptophyta->Chloroplastida->Archaeplastida->Eukaryota->cellular organisms->life" nexsonid "node1018353"
pgloadind     taxon mapping OTT ID 692287 taxonomy "Lepidogyna->Lepidolaenaceae->Porellineae->Porellales->Jungermanniidae->Jungermanniopsida->Marchantiophyta->Embryophyta->Streptophytina->Streptophyta->Chloroplastida->Archaeplastida->Eukaryota->cellular organisms->life" nexsonid "node1018354"
pgloadind     taxon mapping OTT ID 390603 taxonomy "Ptilidium->Ptilidiaceae->Ptilidiales->Jungermanniidae->Jungermanniopsida->Marchantiophyta->Embryophyta->Streptophytina->Streptophyta->Chloroplastida->Archaeplastida->Eukaryota->cellular organisms->life" nexsonid "node1018355"
pgloadind     taxon mapping OTT ID 961874 taxonomy "Schistochila->Schistochilaceae->Perssoniellineae->Jungermanniales->Jungermanniidae->Jungermanniopsida->Marchantiophyta->Embryophyta->Streptophytina->Streptophyta->Chloroplastida->Archaeplastida->Eukaryota->cellular organisms->life" nexsonid "node1018356"
pgloadind     taxon mapping OTT ID 818068 taxonomy "Riccardia->Aneuraceae->Metzgeriales->Metzgeriidae->Jungermanniopsida->Marchantiophyta->Embryophyta->Streptophytina->Streptophyta->Chloroplastida->Archaeplastida->Eukaryota->cellular organisms->life" nexsonid "node1018358"
pgloadind     taxon mapping OTT ID 985294 taxonomy "Metzgeria->Metzgeriaceae->Metzgeriales->Metzgeriidae->Jungermanniopsida->Marchantiophyta->Embryophyta->Streptophytina->Streptophyta->Chloroplastida->Archaeplastida->Eukaryota->cellular organisms->life" nexsonid "node1018359"
pgloadind     taxon mapping OTT ID 177574 taxonomy "Pallavicinia->Pallaviciniaceae->Pallaviciniineae->Pallaviciniales->Pelliidae->Jungermanniopsida->Marchantiophyta->Embryophyta->Streptophytina->Streptophyta->Chloroplastida->Archaeplastida->Eukaryota->cellular organisms->life" nexsonid "node1018364"
pgloadind     taxon mapping OTT ID 27565 taxonomy "Symphyogyna->Pallaviciniaceae->Pallaviciniineae->Pallaviciniales->Pelliidae->Jungermanniopsida->Marchantiophyta->Embryophyta->Streptophytina->Streptophyta->Chloroplastida->Archaeplastida->Eukaryota->cellular organisms->life" nexsonid "node1018365"
pgloadind     taxon mapping OTT ID 220651 taxonomy "Hymenophyton->Hymenophytaceae->Pallaviciniineae->Pallaviciniales->Pelliidae->Jungermanniopsida->Marchantiophyta->Embryophyta->Streptophytina->Streptophyta->Chloroplastida->Archaeplastida->Eukaryota->cellular organisms->life" nexsonid "node1018366"
pgloadind     taxon mapping OTT ID 790143 taxonomy "Fossombronia->Fossombroniaceae->Fossombroniineae->Fossombroniales->Pelliidae->Jungermanniopsida->Marchantiophyta->Embryophyta->Streptophytina->Streptophyta->Chloroplastida->Archaeplastida->Eukaryota->cellular organisms->life" nexsonid "node1018367"
pgloadind     taxon mapping OTT ID 1010089 taxonomy "Pellia->Pelliaceae->Pelliales->Pelliidae->Jungermanniopsida->Marchantiophyta->Embryophyta->Streptophytina->Streptophyta->Chloroplastida->Archaeplastida->Eukaryota->cellular organisms->life" nexsonid "node1018368"
pgloadind     taxon mapping OTT ID 875494 taxonomy "Riccia->Ricciaceae->Marchantiales->Marchantiidae->Marchantiopsida->Marchantiophyta->Embryophyta->Streptophytina->Streptophyta->Chloroplastida->Archaeplastida->Eukaryota->cellular organisms->life" nexsonid "node1018376"
pgloadind     taxon mapping OTT ID 108925 taxonomy "Ricciocarpos->Ricciaceae->Marchantiales->Marchantiidae->Marchantiopsida->Marchantiophyta->Embryophyta->Streptophytina->Streptophyta->Chloroplastida->Archaeplastida->Eukaryota->cellular organisms->life" nexsonid "node1018377"
pgloadind     taxon mapping OTT ID 126781 taxonomy "Dumortiera->Dumortieraceae->Marchantiales->Marchantiidae->Marchantiopsida->Marchantiophyta->Embryophyta->Streptophytina->Streptophyta->Chloroplastida->Archaeplastida->Eukaryota->cellular organisms->life" nexsonid "node1018378"
pgloadind     taxon mapping OTT ID 177580 taxonomy "Monoclea->Monocleaceae->Marchantiales->Marchantiidae->Marchantiopsida->Marchantiophyta->Embryophyta->Streptophytina->Streptophyta->Chloroplastida->Archaeplastida->Eukaryota->cellular organisms->life" nexsonid "node1018379"
pgloadind     taxon mapping OTT ID 199293 taxonomy "Conocephalum->Conocephalaceae->Marchantiales->Marchantiidae->Marchantiopsida->Marchantiophyta->Embryophyta->Streptophytina->Streptophyta->Chloroplastida->Archaeplastida->Eukaryota->cellular organisms->life" nexsonid "node1018380"
pgloadind     taxon mapping OTT ID 325943 taxonomy "Targionia->Targioniaceae->Marchantiales->Marchantiidae->Marchantiopsida->Marchantiophyta->Embryophyta->Streptophytina->Streptophyta->Chloroplastida->Archaeplastida->Eukaryota->cellular organisms->life" nexsonid "node1018381"
pgloadind     taxon mapping OTT ID 985281 taxonomy "Reboulia->Aytoniaceae->Marchantiales->Marchantiidae->Marchantiopsida->Marchantiophyta->Embryophyta->Streptophytina->Streptophyta->Chloroplastida->Archaeplastida->Eukaryota->cellular organisms->life" nexsonid "node1018382"
pgloadind     taxon mapping OTT ID 56599 taxonomy "Marchantia->Marchantiaceae->Marchantiales->Marchantiidae->Marchantiopsida->Marchantiophyta->Embryophyta->Streptophytina->Streptophyta->Chloroplastida->Archaeplastida->Eukaryota->cellular organisms->life" nexsonid "node1018383"
pgloadind     taxon mapping OTT ID 386617 taxonomy "Corsinia->Corsiniaceae->Marchantiales->Marchantiidae->Marchantiopsida->Marchantiophyta->Embryophyta->Streptophytina->Streptophyta->Chloroplastida->Archaeplastida->Eukaryota->cellular organisms->life" nexsonid "node1018385"
pgloadind     taxon mapping OTT ID 177578 taxonomy "Lunularia->Lunulariaceae->Lunulariales->Marchantiidae->Marchantiopsida->Marchantiophyta->Embryophyta->Streptophytina->Streptophyta->Chloroplastida->Archaeplastida->Eukaryota->cellular organisms->life" nexsonid "node1018386"
pgloadind     taxon mapping OTT ID 160018 taxonomy "Riella->Riellaceae->Sphaerocarpales->Marchantiidae->Marchantiopsida->Marchantiophyta->Embryophyta->Streptophytina->Streptophyta->Chloroplastida->Archaeplastida->Eukaryota->cellular organisms->life" nexsonid "node1018388"
pgloadind     taxon mapping OTT ID 168457 taxonomy "Sphaerocarpos->Sphaerocarpaceae->Sphaerocarpales->Marchantiidae->Marchantiopsida->Marchantiophyta->Embryophyta->Streptophytina->Streptophyta->Chloroplastida->Archaeplastida->Eukaryota->cellular organisms->life" nexsonid "node1018389"
pgloadind     taxon mapping OTT ID 756401 taxonomy "Blasia->Blasiaceae->Blasiales->Blasiidae->Marchantiopsida->Marchantiophyta->Embryophyta->Streptophytina->Streptophyta->Chloroplastida->Archaeplastida->Eukaryota->cellular organisms->life" nexsonid "node1018390"
pgloadind     taxon mapping OTT ID 54765 taxonomy "Treubia->Treubiaceae->Treubiales->Treubiidae->Haplomitriopsida->Marchantiophyta->Embryophyta->Streptophytina->Streptophyta->Chloroplastida->Archaeplastida->Eukaryota->cellular organisms->life" nexsonid "node1018392"
pgloadind     taxon mapping OTT ID 27571 taxonomy "Haplomitrium->Haplomitriaceae->Calobryales->Haplomitriidae->Haplomitriopsida->Marchantiophyta->Embryophyta->Streptophytina->Streptophyta->Chloroplastida->Archaeplastida->Eukaryota->cellular organisms->life" nexsonid "node1018393"
done fixing name
pgloadind Finished with attempts to fix names
pgloadind   Checking for uniqueness of OTT IDs tree id "5991"
pgloadind   Adding tree to graph tree id "5991"
all trees have all taxa: false
	using bipartition technique
attempting to remap tips to deepest exemplified taxa
	Trimenia was remapped to 'Trimeniaceae' (id=3170348)
	Thuidium was remapped to 'Thuidiaceae' (id=3194972)
	Thamnobryum was remapped to 'Neckeraceae' (id=3199045)
	Porella was remapped to 'Porellaceae' (id=3188031)
	Climacium was remapped to 'Climaciaceae' (id=3200042)
	Marsilea was remapped to 'Marsileaceae' (id=3174740)
	Leucodon was remapped to 'Leucodontaceae' (id=3197288)
	Marchantia was remapped to 'Marchantiaceae' (id=3189801)
	Asplenium was remapped to 'Aspleniaceae' (id=3180894)
	Ceratophyllum was remapped to 'Ceratophyllales' (id=2668396)
	Mnium was remapped to 'Mniaceae' (id=3190568)
	Cyathea was remapped to 'Cyatheaceae' (id=3183385)
	Riella was remapped to 'Riellaceae' (id=3189697)
	Orthotrichum was remapped to 'Orthotrichales' (id=3192592)
	Bryum was remapped to 'Bryaceae' (id=3191102)
	Dumortiera was remapped to 'Dumortieraceae' (id=3189725)
	Reboulia was remapped to 'Aytoniaceae' (id=3189909)
	Calypogeia was remapped to 'Calypogeiaceae' (id=3187798)
	Azolla was remapped to 'Azollaceae' (id=3174841)
	Grimmia was remapped to 'Grimmiaceae' (id=3203751)
	Fissidens was remapped to 'Fissidentaceae' (id=3206239)
	Radula was remapped to 'Radulineae' (id=3189251)
	Zamia was remapped to 'Zamiaceae' (id=3171241)
	Gymnostomum was remapped to 'Pottiales' (id=3201666)
	Welwitschia was remapped to 'Welwitschiales' (id=3170886)
	Anthoceros was remapped to 'Anthocerotidae' (id=3208254)
	Davallia was remapped to 'Davalliaceae' (id=3180405)
	Marsupella was remapped to 'Gymnomitriaceae' (id=3187860)
	Alisma was remapped to 'Alismataceae' (id=2989481)
	Anomodon was remapped to 'Anomodontaceae' (id=3197098)
	Rhizogonium was remapped to 'Rhizogoniales' (id=3190466)
	Rhabdoweisia was remapped to 'Rhabdoweisiaceae' (id=3205593)
	Lophocolea was remapped to 'Lophocoleaceae' (id=3187154)
	Hymenophyton was remapped to 'Hymenophytaceae' (id=3189542)
	Ceratodon was remapped to 'Ditrichaceae' (id=3205321)
	Fossombronia was remapped to 'Fossombroniales' (id=3189423)
	Diphyscium was remapped to 'Diphysciidae' (id=3201561)
	Fontinalis was remapped to 'Fontinalaceae' (id=3196372)
	Andreaea was remapped to 'Andreaeophytina' (id=3207715)
	Amborella was remapped to 'Amborellales' (id=3170475)
	Brachythecium was remapped to 'Brachytheciaceae' (id=3195312)
	Plagiochila was remapped to 'Plagiochilaceae' (id=3186442)
	Stangeria was remapped to 'Stangeriaceae' (id=3171233)
	Magnolia was remapped to 'Magnoliaceae' (id=2663914)
	Canella was remapped to 'Canellaceae' (id=2665117)
	Lepidogyna was remapped to 'Lepidolaenaceae' (id=3188144)
	Hookeria was remapped to 'Hookeriales' (id=3193930)
	Schistochila was remapped to 'Perssoniellineae' (id=3186255)
	Cinnamomum was remapped to 'Lauraceae' (id=2665440)
	Buxbaumia was remapped to 'Buxbaumiidae' (id=3190389)
	Lepicolea was remapped to 'Lepicoleaceae' (id=3186347)
	Leptobryum was remapped to 'Splachnales' (id=3193635)
	Riccardia was remapped to 'Aneuraceae' (id=3185403)
	Taxus was remapped to 'Taxaceae' (id=3173096)
	Ranunculus was remapped to 'Ranunculaceae' (id=2670097)
	Aristolochia was remapped to 'Aristolochiaceae' (id=2666830)
	Sciadopitys was remapped to 'Sciadopityaceae' (id=3173087)
	Lunularia was remapped to 'Lunulariales' (id=3189710)
	Hylocomium was remapped to 'Hylocomiaceae' (id=3196808)
	Ptychomitrium was remapped to 'Ptychomitriaceae' (id=3203649)
	Gleichenia was remapped to 'Gleicheniales' (id=3183888)
	Polypodium was remapped to 'Polypodiaceae' (id=3178732)
	Gnetum was remapped to 'Gnetales' (id=3170777)
	Weymouthia was remapped to 'Lembophyllaceae' (id=3199876)
	Lygodium was remapped to 'Lygodiaceae' (id=3184835)
	Blasia was remapped to 'Blasiidae' (id=3189659)
	Tetraphis was remapped to 'Tetraphidopsida' (id=3190356)
	Salvinia was remapped to 'Salviniaceae' (id=3174865)
	Blechnum was remapped to 'Blechnaceae' (id=3181378)
	Solenostoma was remapped to 'Solenostomataceae' (id=3187597)
	Treubia was remapped to 'Treubiidae' (id=3185365)
	Hypnum was remapped to 'Hypnaceae' (id=3197971)
	Corsinia was remapped to 'Corsiniaceae' (id=3189786)
	Metzgeria was remapped to 'Metzgeriaceae' (id=3185527)
	Mylia was remapped to 'Myliaceae' (id=3187589)
	Myurium was remapped to 'Myuriaceae' (id=3196918)
	Piper was remapped to 'Piperaceae' (id=2667379)
	Tylimanthus was remapped to 'Acrobolbaceae' (id=3187954)
	Nephrolepis was remapped to 'Lomariopsidaceae' (id=3178600)
	Leiosporoceros was remapped to 'Leiosporocerotopsida' (id=3208635)
	Leucobryum was remapped to 'Leucobryaceae' (id=3206824)
	Haplomitrium was remapped to 'Haplomitriidae' (id=3185385)
	Isoetes was remapped to 'Isoetales' (id=2658104)
	Conocephalum was remapped to 'Conocephalaceae' (id=3189744)
	Ptilidium was remapped to 'Ptilidiales' (id=3189394)
	Dryopteris was remapped to 'Dryopteridaceae' (id=3177167)
	Cabomba was remapped to 'Cabombaceae' (id=3170480)
	Araucaria was remapped to 'Araucariaceae' (id=3173220)
	Dioscorea was remapped to 'Dioscoreales' (id=3085900)
	Equisetum was remapped to 'Equisetopsida' (id=3185167)
	Cibotium was remapped to 'Cibotiaceae' (id=3183278)
	Dicentra was remapped to 'Papaveraceae' (id=2672402)
	Bartramia was remapped to 'Bartramiales' (id=3192100)
	Physcomitrella was remapped to 'Funariidae' (id=3207292)
	Sabia was remapped to 'Sabiaceae' (id=2673486)
	Archidium was remapped to 'Archidiales' (id=3201593)
	Targionia was remapped to 'Targioniaceae' (id=3189905)
	Tofieldia was remapped to 'Tofieldiaceae' (id=2981913)
	Plagiothecium was remapped to 'Plagiotheciaceae' (id=3197893)
	Ginkgo was remapped to 'Ginkgophyta' (id=3171803)
	Nymphaea was remapped to 'Nymphaeaceae' (id=3170521)
	Myristica was remapped to 'Myristicaceae' (id=2664886)
	Thelypteris was remapped to 'Thelypteridaceae' (id=3182425)
	Cephalotaxus was remapped to 'Cephalotaxaceae' (id=3173384)
	Platanus was remapped to 'Proteales' (id=2668422)
	Ephedra was remapped to 'Ephedrales' (id=3170893)
	Frullania was remapped to 'Frullaniaceae' (id=3189076)
	Bryoxiphium was remapped to 'Bryoxiphiales' (id=3204336)
	Tasmannia was remapped to 'Winteraceae' (id=2665034)
	Hedyosmum was remapped to 'Chloranthales' (id=2980832)
	Trochodendron was remapped to 'Trochodendrales' (id=2668410)
	Hedwigia was remapped to 'Hedwigiales' (id=3190410)
	Buxus was remapped to 'Buxales' (id=2669594)
	Plagiogyria was remapped to 'Plagiogyriaceae' (id=3183303)
	Pellia was remapped to 'Pelliales' (id=3189505)
	Croomia was remapped to 'Pandanales' (id=2990050)
	Spathiphyllum was remapped to 'Araceae' (id=2982346)
	Heterophyllium was remapped to 'Pylaisiadelphaceae' (id=3197373)
	Calycanthus was remapped to 'Calycanthaceae' (id=2665325)
	Austrobaileya was remapped to 'Austrobaileyaceae' (id=3170343)
	Sphaerocarpos was remapped to 'Sphaerocarpaceae' (id=3189677)
	Anemia was remapped to 'Anemiaceae' (id=3184884)
	Monoclea was remapped to 'Monocleaceae' (id=3189897)
	Pteridium was remapped to 'Dennstaedtiaceae' (id=3174888)
	Trichocolea was remapped to 'Trichocoleaceae' (id=3186742)
	Acorus was remapped to 'Acorales' (id=2980976)
	Blepharostoma was remapped to 'Pseudolepicoleaceae' (id=3187125)
	Cycas was remapped to 'Cycadaceae' (id=3171105)
this is the ROOT
placing root in index
Dealing with metadata property: id
Dealing with metadata property: ot:studyPublicationReference
Adding property 'ot:studyPublicationReference': Qiu, Y.-L., Li, L., Wang, B., Chen, Z., Knoop, V., Groth-Malonek, M., Dombrovska, O., Lee, J., Kent, L., Rest, J. S., Estabrook, G. F., Hendry, T. A., Taylor, D. W., Testa, C. M., Ambros, M., Crandall-Stotler, B., Duff, R. J., Stech, M., Frey, W., Quandt, D., & Davis, C. C. 2006. The deepest divergences in land plants inferred from phylogenomic evidence. Proc. National Acad. Sci. U.S.A. 103: 15511-15516.
Dealing with metadata property: ot:studyYear
Adding property 'ot:studyYear': 2006
Dealing with metadata property: ot:inGroupClade
Adding property 'ot:inGroupClade': node1018067
Dealing with metadata property: ot:tag
Adding property 'ot:tag': ingroup added;
Dealing with metadata property: ot:curatorName
Adding property 'ot:curatorName': Evgeny Mavrodiev
Dealing with metadata property: ot:studyPublication
Adding property 'ot:studyPublication': http://dx.doi.org/10.1073/pnas.0603335103
Dealing with metadata property: ot:studyId
Adding property 'ot:studyId': 225
Dealing with metadata property: ot:dataDeposit
Adding property 'ot:dataDeposit': http://purl.org/phylo/treebase/phylows/study/TB2:S1673
Committing nodes: 325
{2657629}
2657643
2657950
2658312
	adding Node[2658275] Selaginellaceae 144818 as compatible with Node[2658277]
		adding Relationship[8623873]
	adding Node[2658273] Selaginellales 144821 as compatible with Node[2658277]
		adding Relationship[8623874]
2658415
3170360
3170417
3171845
3172139
3172635
3172719
3173586
3174098
3174112
3174502
3174592
3174643
3175917
3176069
3176668
3177138
3183814
3183834
3183845
3184406
3184536
3185010
3185058
3185066
3185332
3185341
3185689
3185704
3185893
3185995
3186916
3186987
3188330
3188343
3188843
3189551
3189571
3189834
3189838
3190022
	adding Node[3190020] Takakiaceae 496418 as compatible with Node[3190021]
		adding Relationship[8623875]
	adding Node[3190019] Takakiales 496419 as compatible with Node[3190021]
		adding Relationship[8623876]
	adding Node[3190018] Takakiopsida 758427 as compatible with Node[3190021]
		adding Relationship[8623877]
	adding Node[3190017] Takakiophytina 14644 as compatible with Node[3190021]
		adding Relationship[8623878]
3190023
3190031
3190134
3204529
3204721
3207910
	adding Node[3207840] Sphagnaceae 738997 as compatible with Node[3207841]
		adding Relationship[8623879]
	adding Node[3207835] Sphagnales 738998 as compatible with Node[3207841]
		adding Relationship[8623880]
	adding Node[3207833] Sphagnopsida 235114 as compatible with Node[3207841]
		adding Relationship[8623881]
	adding Node[3207832] Sphagnophytina 736338 as compatible with Node[3207841]
		adding Relationship[8623882]
3207936
3208342
3208364
3208543
3208578
2658104
2663914
2664886
2665034
2665117
2665325
2665440
2666830
2667379
2668396
2668410
2668422
2669594
2670097
2672402
2673486
2980832
2980976
2981913
2982346
2989481
2990050
3085900
3170343
3170348
3170475
3170480
3170521
3170777
3170886
3170893
3171105
3171233
3171241
3171803
3173087
3173096
3173220
3173384
3174740
3174841
3174865
3174888
3177167
3178600
3178732
3180405
3180894
3181378
3182425
3183278
3183303
3183385
3183888
3184835
3184884
3185167
3185365
3185385
3185403
3185527
3186255
3186347
3186442
3186742
3187125
3187154
3187589
3187597
3187798
3187860
3187954
3188031
3188144
3189076
3189251
3189394
3189423
3189505
3189542
3189659
3189677
3189697
3189710
3189725
3189744
3189786
3189801
3189897
3189905
3189909
3190356
3190389
3190410
3190466
3190568
3191102
3192100
3192592
3193635
3193930
3194972
3195312
3196372
3196808
3196918
3197098
3197288
3197373
3197893
3197971
3199045
3199876
3200042
3201561
3201593
3201666
3203649
3203751
3204336
3205321
3205593
3206239
3206824
3207292
3207715
3208254
3208635
[Node[3190020], Node[3190017], Node[3207840], Node[2658275], Node[3190019], Node[3631221], Node[3190018], Node[2658273], Node[3207835], Node[2658103], Node[3207832], Node[3207833]]
	Node[3190020]
		adding Relationship[8623883] from Node[3190020] to Node[3190019]
	Node[3190017]
	Node[3207840]
		adding Relationship[8623884] from Node[3207840] to Node[3207835]
	Node[2658275]
		adding Relationship[8623885] from Node[2658275] to Node[2658273]
	Node[3190019]
		adding Relationship[8623886] from Node[3190019] to Node[3190018]
	Node[3631221]
	Node[3190018]
		adding Relationship[8623887] from Node[3190018] to Node[3190017]
	Node[2658273]
		adding Relationship[8623888] from Node[2658273] to Node[2658103]
	Node[3207835]
		adding Relationship[8623889] from Node[3207835] to Node[3207833]
	Node[2658103]
	Node[3207832]
	Node[3207833]
		adding Relationship[8623890] from Node[3207833] to Node[3207832]
