{2509839}
2512397
	adding Node[2509839] Magnoliophyta 99252 as compatible with Node[2509843]
		adding Relationship[8257272]
	adding Node[2509839] Magnoliophyta 99252 as compatible with Node[3501115]
		adding Relationship[8257273]
2513348
2515382
2516197
2516248
2516340
2516367
2516369
2516418
2516444
2516458
2516527
2516549
2516699
2516734
2516748
2517397
2517851
2518042
2518070
2518110
2518124
2518140
2518146
2518643
2518691
2519050
2519719
	adding Node[2519713] eudicotyledons 431495 as compatible with Node[3501111]
		adding Relationship[8257274]
2519721
2520019
2520341
2520872
2520878
2520893
2520965
2521020
2521633
2523003
2523672
2523681
2523844
2524292
2524307
2524336
2524571
2524587
2524765
2524780
2525378
2525396
2528502
2528505
2528602
2528986
2530635
2534259
2534477
2535054
2535136
2535853
2535956
2539426
2539495
2539563
2539576
2539597
2539736
2539973
2539981
2540271
2540891
2541351
2541355
2541383
2541396
2541862
2542138
2542267
2542291
2542326
2542760
2542768
2543168
2543239
2543241
2543251
2543691
2543694
2543703
2543730
2543732
2543741
2544495
2544636
2548389
2548570
2554097
2554121
2555978
2556083
2556104
2556752
2556810
2557001
2558188
2558512
2558585
2558827
2559159
2560299
2560320
2560346
2560412
2560428
2560431
2560437
2560440
2560442
2560448
2560714
2560768
2560786
2560796
2560824
2560836
2560844
2560859
2560861
2560865
2561119
2561124
2561175
2561203
2561233
2561243
2561473
2561493
2561521
2561561
2561565
2561583
2561658
2561681
2561708
2561732
2561739
2561741
2561743
2561791
2561793
2561795
2561801
2561808
2561812
2561814
2561818
2561829
2599071
2599092
2599097
2599106
2599109
2599111
2599125
2599167
2599280
2599394
2599811
2599904
2600379
2602883
2602892
2605746
2605758
2605764
2605770
2605832
2605873
2605880
2605882
2605886
2605888
2647189
2648752
2677482
2677584
2677731
2678678
2722224
2729458
2732743
2732745
2735126
2735163
2750046
2750509
2752881
2754750
2754760
2758134
2758180
2759061
2759072
2759079
2759083
2759137
2759151
2759171
2759185
2759356
2759515
2759537
2760161
2760238
2760689
2760698
2761147
2761167
2761192
2761198
2761207
2761215
2761256
2761270
2761272
2761383
2761420
2761488
2761544
2762241
2762450
2762584
2762660
2762680
2762683
2762706
2762886
2763435
2763449
2763516
2763740
2763762
2763765
2763887
2763928
2763962
2763989
2764040
2764053
2764057
2764060
2764068
2764170
2764173
2764201
2764230
2764271
2764278
2764840
2764846
2764855
2764933
2765217
2768004
2768965
2769278
2776362
2776411
2781228
2781231
2781322
2781522
2781590
2781610
2781754
2781887
2781893
2781968
2782112
2782116
2782125
2782132
2782230
2782480
2782661
2783087
2783109
2783117
2783127
2783143
2783189
2783191
2783207
2783807
2783816
2783828
2783840
2784004
2784026
2784055
2784179
2784286
2784328
2784381
2784450
2784597
2784649
2784719
2784855
2784866
2784949
2784961
2785027
2785115
2785214
2785216
2831188
2831209
2831273
2831289
2832264
2832325
2873294
2873409
2914819
2916800
2941352
2941937
3018823
3018880
3018927
3018946
3018950
3019002
3019057
2509847
2516344
2516350
2516609
2516695
2516720
2518096
2519702
2519725
2519750
2524111
2524272
2524280
2524817
2524826
2524871
2525273
2525409
2525439
2525448
2525478
2527947
2528465
2528510
2528534
2528537
2528540
2528552
2528557
2528564
2528568
2528576
2528648
2529383
2531973
2534158
2535373
2535454
2536176
2536180
2536190
2536830
2537124
2537481
2537996
2538181
2538263
2538291
2538757
2538836
2538868
2539858
2539989
2539998
2541368
2541372
2541375
2542219
2542343
2542349
2542355
2542598
2542967
2543231
2543259
2543266
2543710
2543720
2545000
2546717
2548735
2552870
2554162
2561834
2562050
2567783
2575549
2576042
2577611
2578345
2586801
2590166
2590534
2599061
2605906
2626336
2634274
2634288
2638419
2639733
2639875
2640172
2640214
2640220
2640286
2640850
2641936
2645782
2646277
2646914
2646930
2648923
2649621
2649625
2651519
2651564
2651587
2651625
2652087
2653807
2654763
2655435
2655480
2655490
2660044
2660404
2667947
2668112
2670585
2670588
2670605
2671009
2671016
2671054
2671597
2674606
2674766
2674786
2675622
2675974
2677111
2678937
2679023
2679033
2680041
2680062
2680198
2684930
2684966
2689475
2692869
2697080
2697148
2697294
2697317
2697624
2697881
2698076
2698085
2698094
2698609
2700305
2700817
2700842
2701036
2701541
2702219
2702990
2704689
2704719
2705138
2706232
2706448
2706988
2707029
2707405
2716976
2717035
2717060
2717350
2731235
2731264
2731313
2732675
2732712
2732747
2732779
2732785
2733354
2733397
2733407
2733433
2734377
2735265
2736833
2737975
2749413
2750782
2750873
2750967
2754847
2754993
2755202
2756025
2756143
2758235
2758258
2760289
2760494
	adding Node[2760494] Garcinieae 525334 as compatible with Node[2760494]
		adding Relationship[8257275]
2761181
2761318
2761526
2762455
2762722
2763815
2763870
2764021
2764095
2764108
2764122
2764126
2764251
2764808
2765322
2765378
2765499
2765555
2765815
2766590
2769353
2769966
2771111
2771132
2776208
2776225
2776479
2776749
2779789
2779876
2780680
2783846
2784308
2785219
2785233
2791493
2798372
2799516
2801241
2808285
2822046
2830760
2830766
2831151
2831328
2831357
2831940
2832554
2834753
2836987
2839453
2839502
2839824
2841034
2842825
2846330
2847630
2850297
2850324
2855974
2856018
2857806
2858495
2873710
2891438
2921831
2930886
2932667
2935418
2936088
2938183
2940142
2940682
2947281
2947312
2967854
2979090
3009973
3012526
3018806
3018811
3018938
3018967
[Node[3501116], Node[2509839], Node[3501112], Node[3501115], Node[2519713], Node[2760494], Node[2760283]]
	Node[3501116]
		adding Relationship[8257276] from Node[3501116] to Node[2509839]
	Node[2509839]
	Node[3501112]
		adding Relationship[8257277] from Node[3501112] to Node[2519713]
	Node[3501115]
		adding Relationship[8257278] from Node[3501115] to Node[3501116]
	Node[2519713]
	Node[2760494]
		adding Relationship[8257279] from Node[2760494] to Node[2760283]
	Node[2760283]
