pgloadind OTUs number 192
pgloadind Processing tree @id "5512"
pgloadind   tree info number nodes 383
pgloadind   tree info number edges 382
pgloadind   tree info ingroup "node950875"
pgloadind   Setting ingroup root node.
pgloadind   Ingested tree number of external nodes 183
pgloadind   property added ot:studyPublicationReference "Qiu, Y.-L., Li, L., Wang, B., Chen, Z., Dombrovska, O., Lee, J., Kent, L., Li, R., Jobson, R. J., Hendry, T. A., Taylor, D. W., Testa, C. M., & Ambros, M. 2007. A nonflowering land plant phylogeny inferred from nucleotide sequences of seven chloroplast, mitochondrial, and nuclear genes. Internat. J. Plant Sci. 168: 691-708."
pgloadind   property added ot:studyPublication "http://dx.doi.org/10.1086/513474"
pgloadind   property added ot:curatorName "bryan drew"
pgloadind   property added ot:studyId "2549"
pgloadind   property added ot:studyYear "2007"
pgloadind   property added ot:tag "ingroup added;"
pgloadind   property added ot:inGroupClade "node950875"
loading a specific tree: 5512
pgloadind conducting TNRS on trees
pgloadind   name fixing on tree tree id "5512"
pgloadind   all nodes have ottIds
pgloadind   postpruning newick tree "((((((((((((Marsupella,Solenostoma),Lophozia),Calypogeia),Tylimanthus),((Nowellia,Odontoschisma),Scapania)),((((Bazzania,Lepidozia),Blepharostoma),((Lophocolea,Plagiochila),Trichocolea)),Lepicolea)),Mylia),(((((((Lejeunea,Cololejeunea),Leucolejeunea),Frullania),Porella),(Radula,Lepidogyna)),Ptilidium),Schistochila)),(((((Pallavicinia,Symphyogyna),Hymenophyton),Fossombronia),Pellia),(Riccardia,Metzgeria))),((((((((Riccia,Ricciocarpos),(Dumortiera,Monoclea)),(Conocephalum,Targionia)),Reboulia),Marchantia),(Riella,Sphaerocarpos)),Lunularia),Blasia)),(Treubia,Haplomitrium)),((((((((((((((Rhabdoweisia,Dicranella),Fissidens),Dicranum),(Gymnostomum,Ceratodon)),(((Ptychomitrium,Grimmia),(Leucobryum,Archidium)),Bryoxiphium)),(((((((((Brachythecium,Myurium),(Hylocomium,Plagiothecium)),(Thuidium,Heterophyllium)),((Weymouthia,(Anomodon,Thamnobryum)),(Climacium,Hypnum))),Leucodon),Fontinalis),Hookeria),((Leptobryum,(Orthotrichum,Bryum)),(Mnium,Rhizogonium))),(Hedwigia,Bartramia))),Physcomitrella),Diphyscium),Buxbaumia),Tetraphis),(Atrichum,Polytrichum)),Andreaea),((Sphagnum_palustre,Sphagnum_capillifolium),(Takakia_lepidozioides,Takakia_ceratophylla))),(((((Notothylas,Phaeoceros),(Dendroceros,Megaceros)),Anthoceros),Leiosporoceros),((((Selaginella_uliginosa,Selaginella_apoda),Isoetes),(Huperzia,Lycopodium)),(((((((((((((((Davallia,Polypodium),Nephrolepis),Dryopteris),(Blechnum,Thelypteris)),Asplenium),Pteridium),(((Adiantum,Vittaria),Pteris),Ceratopteris)),(((Cibotium,Cyathea),Plagiogyria),((Azolla,Salvinia),Marsilea))),(Anemia,Lygodium)),Gleichenia),(Hymenophyllum,Trichomanes)),((Leptopteris,Todea),Osmunda)),(((Angiopteris,Marattia),Danaea),(Equisetum_hyemale,Equisetum_arvense))),(((Helminthostachys,Ophioglossum),Botrychium),(Tmesipteris,Psilotum))),(((((((Taxus,Cephalotaxus),(Juniperus,Metasequoia)),Sciadopitys),((Phyllocladus,Podocarpus),Araucaria)),(((Gnetum,Welwitschia),Ephedra),((Abies,Cedrus),Pinus))),(Ginkgo,((Stangeria,Zamia),Cycas))),(Amborella,((Cabomba,Nymphaea),((((Schisandra,Illicium),Trimenia),Austrobaileya),(((((Croomia,Dioscorea),(Spathiphyllum,Tofieldia)),(Alisma,Acorus)),Hedyosmum),(((((Sabia,(Buxus,Trochodendron)),Platanus),(Ranunculus,Dicentra)),((Piper,Aristolochia),Ceratophyllum)),((Canella,Tasmannia),((Cinnamomum,Calycanthus),(Myristica,Magnolia))))))))))))))"
pgloadind   taxon mapping summary
pgloadind     taxon mapping OTT ID 1024367 taxonomy "Marsupella->Gymnomitriaceae->Jungermanniineae->Jungermanniales->Jungermanniidae->Jungermanniopsida->Marchantiophyta->Embryophyta->Streptophytina->Streptophyta->Chloroplastida->Archaeplastida->Eukaryota->cellular organisms->life" nexsonid "node950887"
pgloadind     taxon mapping OTT ID 491983 taxonomy "Solenostoma->Solenostomataceae->Jungermanniineae->Jungermanniales->Jungermanniidae->Jungermanniopsida->Marchantiophyta->Embryophyta->Streptophytina->Streptophyta->Chloroplastida->Archaeplastida->Eukaryota->cellular organisms->life" nexsonid "node950888"
pgloadind     taxon mapping OTT ID 1024376 taxonomy "Lophozia->Scapaniaceae->Cephaloziineae->Jungermanniales->Jungermanniidae->Jungermanniopsida->Marchantiophyta->Embryophyta->Streptophytina->Streptophyta->Chloroplastida->Archaeplastida->Eukaryota->cellular organisms->life" nexsonid "node950889"
pgloadind     taxon mapping OTT ID 350818 taxonomy "Calypogeia->Calypogeiaceae->Jungermanniineae->Jungermanniales->Jungermanniidae->Jungermanniopsida->Marchantiophyta->Embryophyta->Streptophytina->Streptophyta->Chloroplastida->Archaeplastida->Eukaryota->cellular organisms->life" nexsonid "node950890"
pgloadind     taxon mapping OTT ID 760161 taxonomy "Tylimanthus->Acrobolbaceae->Jungermanniineae->Jungermanniales->Jungermanniidae->Jungermanniopsida->Marchantiophyta->Embryophyta->Streptophytina->Streptophyta->Chloroplastida->Archaeplastida->Eukaryota->cellular organisms->life" nexsonid "node950891"
pgloadind     taxon mapping OTT ID 800933 taxonomy "Nowellia->Cephaloziaceae->Cephaloziineae->Jungermanniales->Jungermanniidae->Jungermanniopsida->Marchantiophyta->Embryophyta->Streptophytina->Streptophyta->Chloroplastida->Archaeplastida->Eukaryota->cellular organisms->life" nexsonid "node950894"
pgloadind     taxon mapping OTT ID 800905 taxonomy "Odontoschisma->Cephaloziaceae->Cephaloziineae->Jungermanniales->Jungermanniidae->Jungermanniopsida->Marchantiophyta->Embryophyta->Streptophytina->Streptophyta->Chloroplastida->Archaeplastida->Eukaryota->cellular organisms->life" nexsonid "node950895"
pgloadind     taxon mapping OTT ID 844609 taxonomy "Scapania->Scapaniaceae->Cephaloziineae->Jungermanniales->Jungermanniidae->Jungermanniopsida->Marchantiophyta->Embryophyta->Streptophytina->Streptophyta->Chloroplastida->Archaeplastida->Eukaryota->cellular organisms->life" nexsonid "node950896"
pgloadind     taxon mapping OTT ID 738990 taxonomy "Bazzania->Lepidoziaceae->Lophocoleineae->Jungermanniales->Jungermanniidae->Jungermanniopsida->Marchantiophyta->Embryophyta->Streptophytina->Streptophyta->Chloroplastida->Archaeplastida->Eukaryota->cellular organisms->life" nexsonid "node950901"
pgloadind     taxon mapping OTT ID 751944 taxonomy "Lepidozia->Lepidoziaceae->Lophocoleineae->Jungermanniales->Jungermanniidae->Jungermanniopsida->Marchantiophyta->Embryophyta->Streptophytina->Streptophyta->Chloroplastida->Archaeplastida->Eukaryota->cellular organisms->life" nexsonid "node950902"
pgloadind     taxon mapping OTT ID 390607 taxonomy "Blepharostoma->Pseudolepicoleaceae->Lophocoleineae->Jungermanniales->Jungermanniidae->Jungermanniopsida->Marchantiophyta->Embryophyta->Streptophytina->Streptophyta->Chloroplastida->Archaeplastida->Eukaryota->cellular organisms->life" nexsonid "node950903"
pgloadind     taxon mapping OTT ID 246577 taxonomy "Lophocolea->Lophocoleaceae->Lophocoleineae->Jungermanniales->Jungermanniidae->Jungermanniopsida->Marchantiophyta->Embryophyta->Streptophytina->Streptophyta->Chloroplastida->Archaeplastida->Eukaryota->cellular organisms->life" nexsonid "node950906"
pgloadind     taxon mapping OTT ID 160034 taxonomy "Plagiochila->Plagiochilaceae->Lophocoleineae->Jungermanniales->Jungermanniidae->Jungermanniopsida->Marchantiophyta->Embryophyta->Streptophytina->Streptophyta->Chloroplastida->Archaeplastida->Eukaryota->cellular organisms->life" nexsonid "node950907"
pgloadind     taxon mapping OTT ID 683249 taxonomy "Trichocolea->Trichocoleaceae->Lophocoleineae->Jungermanniales->Jungermanniidae->Jungermanniopsida->Marchantiophyta->Embryophyta->Streptophytina->Streptophyta->Chloroplastida->Archaeplastida->Eukaryota->cellular organisms->life" nexsonid "node950908"
pgloadind     taxon mapping OTT ID 66633 taxonomy "Lepicolea->Lepicoleaceae->Lophocoleineae->Jungermanniales->Jungermanniidae->Jungermanniopsida->Marchantiophyta->Embryophyta->Streptophytina->Streptophyta->Chloroplastida->Archaeplastida->Eukaryota->cellular organisms->life" nexsonid "node950909"
pgloadind     taxon mapping OTT ID 983705 taxonomy "Mylia->Myliaceae->Jungermanniineae->Jungermanniales->Jungermanniidae->Jungermanniopsida->Marchantiophyta->Embryophyta->Streptophytina->Streptophyta->Chloroplastida->Archaeplastida->Eukaryota->cellular organisms->life" nexsonid "node950910"
pgloadind     taxon mapping OTT ID 454404 taxonomy "Lejeunea->Lejeuneaceae->Jubulineae->Porellales->Jungermanniidae->Jungermanniopsida->Marchantiophyta->Embryophyta->Streptophytina->Streptophyta->Chloroplastida->Archaeplastida->Eukaryota->cellular organisms->life" nexsonid "node950918"
pgloadind     taxon mapping OTT ID 1079500 taxonomy "Cololejeunea->Lejeuneaceae->Jubulineae->Porellales->Jungermanniidae->Jungermanniopsida->Marchantiophyta->Embryophyta->Streptophytina->Streptophyta->Chloroplastida->Archaeplastida->Eukaryota->cellular organisms->life" nexsonid "node950919"
pgloadind     taxon mapping OTT ID 384867 taxonomy "Leucolejeunea->Lejeuneaceae->Jubulineae->Porellales->Jungermanniidae->Jungermanniopsida->Marchantiophyta->Embryophyta->Streptophytina->Streptophyta->Chloroplastida->Archaeplastida->Eukaryota->cellular organisms->life" nexsonid "node950920"
pgloadind     taxon mapping OTT ID 744350 taxonomy "Frullania->Frullaniaceae->Jubulineae->Porellales->Jungermanniidae->Jungermanniopsida->Marchantiophyta->Embryophyta->Streptophytina->Streptophyta->Chloroplastida->Archaeplastida->Eukaryota->cellular organisms->life" nexsonid "node950921"
pgloadind     taxon mapping OTT ID 802660 taxonomy "Porella->Porellaceae->Porellineae->Porellales->Jungermanniidae->Jungermanniopsida->Marchantiophyta->Embryophyta->Streptophytina->Streptophyta->Chloroplastida->Archaeplastida->Eukaryota->cellular organisms->life" nexsonid "node950922"
pgloadind     taxon mapping OTT ID 692297 taxonomy "Radula->Radulaceae->Radulineae->Porellales->Jungermanniidae->Jungermanniopsida->Marchantiophyta->Embryophyta->Streptophytina->Streptophyta->Chloroplastida->Archaeplastida->Eukaryota->cellular organisms->life" nexsonid "node950924"
pgloadind     taxon mapping OTT ID 692287 taxonomy "Lepidogyna->Lepidolaenaceae->Porellineae->Porellales->Jungermanniidae->Jungermanniopsida->Marchantiophyta->Embryophyta->Streptophytina->Streptophyta->Chloroplastida->Archaeplastida->Eukaryota->cellular organisms->life" nexsonid "node950925"
pgloadind     taxon mapping OTT ID 390603 taxonomy "Ptilidium->Ptilidiaceae->Ptilidiales->Jungermanniidae->Jungermanniopsida->Marchantiophyta->Embryophyta->Streptophytina->Streptophyta->Chloroplastida->Archaeplastida->Eukaryota->cellular organisms->life" nexsonid "node950926"
pgloadind     taxon mapping OTT ID 961874 taxonomy "Schistochila->Schistochilaceae->Perssoniellineae->Jungermanniales->Jungermanniidae->Jungermanniopsida->Marchantiophyta->Embryophyta->Streptophytina->Streptophyta->Chloroplastida->Archaeplastida->Eukaryota->cellular organisms->life" nexsonid "node950927"
pgloadind     taxon mapping OTT ID 177574 taxonomy "Pallavicinia->Pallaviciniaceae->Pallaviciniineae->Pallaviciniales->Pelliidae->Jungermanniopsida->Marchantiophyta->Embryophyta->Streptophytina->Streptophyta->Chloroplastida->Archaeplastida->Eukaryota->cellular organisms->life" nexsonid "node950933"
pgloadind     taxon mapping OTT ID 27565 taxonomy "Symphyogyna->Pallaviciniaceae->Pallaviciniineae->Pallaviciniales->Pelliidae->Jungermanniopsida->Marchantiophyta->Embryophyta->Streptophytina->Streptophyta->Chloroplastida->Archaeplastida->Eukaryota->cellular organisms->life" nexsonid "node950934"
pgloadind     taxon mapping OTT ID 220651 taxonomy "Hymenophyton->Hymenophytaceae->Pallaviciniineae->Pallaviciniales->Pelliidae->Jungermanniopsida->Marchantiophyta->Embryophyta->Streptophytina->Streptophyta->Chloroplastida->Archaeplastida->Eukaryota->cellular organisms->life" nexsonid "node950935"
pgloadind     taxon mapping OTT ID 790143 taxonomy "Fossombronia->Fossombroniaceae->Fossombroniineae->Fossombroniales->Pelliidae->Jungermanniopsida->Marchantiophyta->Embryophyta->Streptophytina->Streptophyta->Chloroplastida->Archaeplastida->Eukaryota->cellular organisms->life" nexsonid "node950936"
pgloadind     taxon mapping OTT ID 1010089 taxonomy "Pellia->Pelliaceae->Pelliales->Pelliidae->Jungermanniopsida->Marchantiophyta->Embryophyta->Streptophytina->Streptophyta->Chloroplastida->Archaeplastida->Eukaryota->cellular organisms->life" nexsonid "node950937"
pgloadind     taxon mapping OTT ID 818068 taxonomy "Riccardia->Aneuraceae->Metzgeriales->Metzgeriidae->Jungermanniopsida->Marchantiophyta->Embryophyta->Streptophytina->Streptophyta->Chloroplastida->Archaeplastida->Eukaryota->cellular organisms->life" nexsonid "node950939"
pgloadind     taxon mapping OTT ID 985294 taxonomy "Metzgeria->Metzgeriaceae->Metzgeriales->Metzgeriidae->Jungermanniopsida->Marchantiophyta->Embryophyta->Streptophytina->Streptophyta->Chloroplastida->Archaeplastida->Eukaryota->cellular organisms->life" nexsonid "node950940"
pgloadind     taxon mapping OTT ID 875494 taxonomy "Riccia->Ricciaceae->Marchantiales->Marchantiidae->Marchantiopsida->Marchantiophyta->Embryophyta->Streptophytina->Streptophyta->Chloroplastida->Archaeplastida->Eukaryota->cellular organisms->life" nexsonid "node950949"
pgloadind     taxon mapping OTT ID 108925 taxonomy "Ricciocarpos->Ricciaceae->Marchantiales->Marchantiidae->Marchantiopsida->Marchantiophyta->Embryophyta->Streptophytina->Streptophyta->Chloroplastida->Archaeplastida->Eukaryota->cellular organisms->life" nexsonid "node950950"
pgloadind     taxon mapping OTT ID 126781 taxonomy "Dumortiera->Dumortieraceae->Marchantiales->Marchantiidae->Marchantiopsida->Marchantiophyta->Embryophyta->Streptophytina->Streptophyta->Chloroplastida->Archaeplastida->Eukaryota->cellular organisms->life" nexsonid "node950952"
pgloadind     taxon mapping OTT ID 177580 taxonomy "Monoclea->Monocleaceae->Marchantiales->Marchantiidae->Marchantiopsida->Marchantiophyta->Embryophyta->Streptophytina->Streptophyta->Chloroplastida->Archaeplastida->Eukaryota->cellular organisms->life" nexsonid "node950953"
pgloadind     taxon mapping OTT ID 199293 taxonomy "Conocephalum->Conocephalaceae->Marchantiales->Marchantiidae->Marchantiopsida->Marchantiophyta->Embryophyta->Streptophytina->Streptophyta->Chloroplastida->Archaeplastida->Eukaryota->cellular organisms->life" nexsonid "node950955"
pgloadind     taxon mapping OTT ID 325943 taxonomy "Targionia->Targioniaceae->Marchantiales->Marchantiidae->Marchantiopsida->Marchantiophyta->Embryophyta->Streptophytina->Streptophyta->Chloroplastida->Archaeplastida->Eukaryota->cellular organisms->life" nexsonid "node950956"
pgloadind     taxon mapping OTT ID 985281 taxonomy "Reboulia->Aytoniaceae->Marchantiales->Marchantiidae->Marchantiopsida->Marchantiophyta->Embryophyta->Streptophytina->Streptophyta->Chloroplastida->Archaeplastida->Eukaryota->cellular organisms->life" nexsonid "node950957"
pgloadind     taxon mapping OTT ID 56599 taxonomy "Marchantia->Marchantiaceae->Marchantiales->Marchantiidae->Marchantiopsida->Marchantiophyta->Embryophyta->Streptophytina->Streptophyta->Chloroplastida->Archaeplastida->Eukaryota->cellular organisms->life" nexsonid "node950958"
pgloadind     taxon mapping OTT ID 160018 taxonomy "Riella->Riellaceae->Sphaerocarpales->Marchantiidae->Marchantiopsida->Marchantiophyta->Embryophyta->Streptophytina->Streptophyta->Chloroplastida->Archaeplastida->Eukaryota->cellular organisms->life" nexsonid "node950960"
pgloadind     taxon mapping OTT ID 168457 taxonomy "Sphaerocarpos->Sphaerocarpaceae->Sphaerocarpales->Marchantiidae->Marchantiopsida->Marchantiophyta->Embryophyta->Streptophytina->Streptophyta->Chloroplastida->Archaeplastida->Eukaryota->cellular organisms->life" nexsonid "node950961"
pgloadind     taxon mapping OTT ID 177578 taxonomy "Lunularia->Lunulariaceae->Lunulariales->Marchantiidae->Marchantiopsida->Marchantiophyta->Embryophyta->Streptophytina->Streptophyta->Chloroplastida->Archaeplastida->Eukaryota->cellular organisms->life" nexsonid "node950962"
pgloadind     taxon mapping OTT ID 756401 taxonomy "Blasia->Blasiaceae->Blasiales->Blasiidae->Marchantiopsida->Marchantiophyta->Embryophyta->Streptophytina->Streptophyta->Chloroplastida->Archaeplastida->Eukaryota->cellular organisms->life" nexsonid "node950963"
pgloadind     taxon mapping OTT ID 54765 taxonomy "Treubia->Treubiaceae->Treubiales->Treubiidae->Haplomitriopsida->Marchantiophyta->Embryophyta->Streptophytina->Streptophyta->Chloroplastida->Archaeplastida->Eukaryota->cellular organisms->life" nexsonid "node950965"
pgloadind     taxon mapping OTT ID 27571 taxonomy "Haplomitrium->Haplomitriaceae->Calobryales->Haplomitriidae->Haplomitriopsida->Marchantiophyta->Embryophyta->Streptophytina->Streptophyta->Chloroplastida->Archaeplastida->Eukaryota->cellular organisms->life" nexsonid "node950966"
pgloadind     taxon mapping OTT ID 534549 taxonomy "Rhabdoweisia->Rhabdoweisiaceae->Dicranales->Dicranidae->Bryopsida->Bryophytina->Bryophyta->Embryophyta->Streptophytina->Streptophyta->Chloroplastida->Archaeplastida->Eukaryota->cellular organisms->life" nexsonid "node950981"
pgloadind     taxon mapping OTT ID 153408 taxonomy "Dicranella->Dicranaceae->Dicranales->Dicranidae->Bryopsida->Bryophytina->Bryophyta->Embryophyta->Streptophytina->Streptophyta->Chloroplastida->Archaeplastida->Eukaryota->cellular organisms->life" nexsonid "node950982"
pgloadind     taxon mapping OTT ID 393729 taxonomy "Fissidens->Fissidentaceae->Dicranales->Dicranidae->Bryopsida->Bryophytina->Bryophyta->Embryophyta->Streptophytina->Streptophyta->Chloroplastida->Archaeplastida->Eukaryota->cellular organisms->life" nexsonid "node950983"
pgloadind     taxon mapping OTT ID 195708 taxonomy "Dicranum->Dicranaceae->Dicranales->Dicranidae->Bryopsida->Bryophytina->Bryophyta->Embryophyta->Streptophytina->Streptophyta->Chloroplastida->Archaeplastida->Eukaryota->cellular organisms->life" nexsonid "node950984"
pgloadind     taxon mapping OTT ID 71199 taxonomy "Gymnostomum->Pottiaceae->Pottiales->Dicranidae->Bryopsida->Bryophytina->Bryophyta->Embryophyta->Streptophytina->Streptophyta->Chloroplastida->Archaeplastida->Eukaryota->cellular organisms->life" nexsonid "node950986"
pgloadind     taxon mapping OTT ID 195705 taxonomy "Ceratodon->Ditrichaceae->Dicranales->Dicranidae->Bryopsida->Bryophytina->Bryophyta->Embryophyta->Streptophytina->Streptophyta->Chloroplastida->Archaeplastida->Eukaryota->cellular organisms->life" nexsonid "node950987"
pgloadind     taxon mapping OTT ID 534547 taxonomy "Ptychomitrium->Ptychomitriaceae->Grimmiales->Dicranidae->Bryopsida->Bryophytina->Bryophyta->Embryophyta->Streptophytina->Streptophyta->Chloroplastida->Archaeplastida->Eukaryota->cellular organisms->life" nexsonid "node950991"
pgloadind     taxon mapping OTT ID 604966 taxonomy "Grimmia->Grimmiaceae->Grimmiales->Dicranidae->Bryopsida->Bryophytina->Bryophyta->Embryophyta->Streptophytina->Streptophyta->Chloroplastida->Archaeplastida->Eukaryota->cellular organisms->life" nexsonid "node950992"
pgloadind     taxon mapping OTT ID 1023958 taxonomy "Leucobryum->Leucobryaceae->Dicranales->Dicranidae->Bryopsida->Bryophytina->Bryophyta->Embryophyta->Streptophytina->Streptophyta->Chloroplastida->Archaeplastida->Eukaryota->cellular organisms->life" nexsonid "node950994"
pgloadind     taxon mapping OTT ID 843157 taxonomy "Archidium->Archidiaceae->Archidiales->Dicranidae->Bryopsida->Bryophytina->Bryophyta->Embryophyta->Streptophytina->Streptophyta->Chloroplastida->Archaeplastida->Eukaryota->cellular organisms->life" nexsonid "node950995"
pgloadind     taxon mapping OTT ID 999581 taxonomy "Bryoxiphium->Bryoxiphiaceae->Bryoxiphiales->Dicranidae->Bryopsida->Bryophytina->Bryophyta->Embryophyta->Streptophytina->Streptophyta->Chloroplastida->Archaeplastida->Eukaryota->cellular organisms->life" nexsonid "node950996"
pgloadind     taxon mapping OTT ID 734786 taxonomy "Brachythecium->Brachytheciaceae->Hypnales->Hypnanae->Bryidae->Bryopsida->Bryophytina->Bryophyta->Embryophyta->Streptophytina->Streptophyta->Chloroplastida->Archaeplastida->Eukaryota->cellular organisms->life" nexsonid "node951006"
pgloadind     taxon mapping OTT ID 453725 taxonomy "Myurium->Myuriaceae->Hypnales->Hypnanae->Bryidae->Bryopsida->Bryophytina->Bryophyta->Embryophyta->Streptophytina->Streptophyta->Chloroplastida->Archaeplastida->Eukaryota->cellular organisms->life" nexsonid "node951007"
pgloadind     taxon mapping OTT ID 734789 taxonomy "Hylocomium->Hylocomiaceae->Hypnales->Hypnanae->Bryidae->Bryopsida->Bryophytina->Bryophyta->Embryophyta->Streptophytina->Streptophyta->Chloroplastida->Archaeplastida->Eukaryota->cellular organisms->life" nexsonid "node951009"
pgloadind     taxon mapping OTT ID 734783 taxonomy "Plagiothecium->Plagiotheciaceae->Hypnales->Hypnanae->Bryidae->Bryopsida->Bryophytina->Bryophyta->Embryophyta->Streptophytina->Streptophyta->Chloroplastida->Archaeplastida->Eukaryota->cellular organisms->life" nexsonid "node951010"
pgloadind     taxon mapping OTT ID 797134 taxonomy "Thuidium->Thuidiaceae->Hypnales->Hypnanae->Bryidae->Bryopsida->Bryophytina->Bryophyta->Embryophyta->Streptophytina->Streptophyta->Chloroplastida->Archaeplastida->Eukaryota->cellular organisms->life" nexsonid "node951012"
pgloadind     taxon mapping OTT ID 1045458 taxonomy "Heterophyllium->Pylaisiadelphaceae->Hypnales->Hypnanae->Bryidae->Bryopsida->Bryophytina->Bryophyta->Embryophyta->Streptophytina->Streptophyta->Chloroplastida->Archaeplastida->Eukaryota->cellular organisms->life" nexsonid "node951013"
pgloadind     taxon mapping OTT ID 113731 taxonomy "Weymouthia->Lembophyllaceae->Hypnales->Hypnanae->Bryidae->Bryopsida->Bryophytina->Bryophyta->Embryophyta->Streptophytina->Streptophyta->Chloroplastida->Archaeplastida->Eukaryota->cellular organisms->life" nexsonid "node951016"
pgloadind     taxon mapping OTT ID 1007603 taxonomy "Anomodon->Anomodontaceae->Hypnales->Hypnanae->Bryidae->Bryopsida->Bryophytina->Bryophyta->Embryophyta->Streptophytina->Streptophyta->Chloroplastida->Archaeplastida->Eukaryota->cellular organisms->life" nexsonid "node951018"
pgloadind     taxon mapping OTT ID 746391 taxonomy "Thamnobryum->Neckeraceae->Hypnales->Hypnanae->Bryidae->Bryopsida->Bryophytina->Bryophyta->Embryophyta->Streptophytina->Streptophyta->Chloroplastida->Archaeplastida->Eukaryota->cellular organisms->life" nexsonid "node951019"
pgloadind     taxon mapping OTT ID 411689 taxonomy "Climacium->Climaciaceae->Hypnales->Hypnanae->Bryidae->Bryopsida->Bryophytina->Bryophyta->Embryophyta->Streptophytina->Streptophyta->Chloroplastida->Archaeplastida->Eukaryota->cellular organisms->life" nexsonid "node951021"
pgloadind     taxon mapping OTT ID 474805 taxonomy "Hypnum->Hypnaceae->Hypnales->Hypnanae->Bryidae->Bryopsida->Bryophytina->Bryophyta->Embryophyta->Streptophytina->Streptophyta->Chloroplastida->Archaeplastida->Eukaryota->cellular organisms->life" nexsonid "node951022"
pgloadind     taxon mapping OTT ID 119316 taxonomy "Leucodon->Leucodontaceae->Hypnales->Hypnanae->Bryidae->Bryopsida->Bryophytina->Bryophyta->Embryophyta->Streptophytina->Streptophyta->Chloroplastida->Archaeplastida->Eukaryota->cellular organisms->life" nexsonid "node951023"
pgloadind     taxon mapping OTT ID 273692 taxonomy "Fontinalis->Fontinalaceae->Hypnales->Hypnanae->Bryidae->Bryopsida->Bryophytina->Bryophyta->Embryophyta->Streptophytina->Streptophyta->Chloroplastida->Archaeplastida->Eukaryota->cellular organisms->life" nexsonid "node951024"
pgloadind     taxon mapping OTT ID 148620 taxonomy "Hookeria->Hookeriaceae->Hookeriales->Hypnanae->Bryidae->Bryopsida->Bryophytina->Bryophyta->Embryophyta->Streptophytina->Streptophyta->Chloroplastida->Archaeplastida->Eukaryota->cellular organisms->life" nexsonid "node951025"
pgloadind     taxon mapping OTT ID 350822 taxonomy "Leptobryum->Meesiaceae->Splachnales->Bryanae->Bryidae->Bryopsida->Bryophytina->Bryophyta->Embryophyta->Streptophytina->Streptophyta->Chloroplastida->Archaeplastida->Eukaryota->cellular organisms->life" nexsonid "node951028"
pgloadind     taxon mapping OTT ID 405430 taxonomy "Orthotrichum->Orthotrichaceae->Orthotrichales->Bryanae->Bryidae->Bryopsida->Bryophytina->Bryophyta->Embryophyta->Streptophytina->Streptophyta->Chloroplastida->Archaeplastida->Eukaryota->cellular organisms->life" nexsonid "node951030"
pgloadind     taxon mapping OTT ID 548800 taxonomy "Bryum->Bryaceae->Bryales->Bryanae->Bryidae->Bryopsida->Bryophytina->Bryophyta->Embryophyta->Streptophytina->Streptophyta->Chloroplastida->Archaeplastida->Eukaryota->cellular organisms->life" nexsonid "node951031"
pgloadind     taxon mapping OTT ID 195702 taxonomy "Mnium->Mniaceae->Bryales->Bryanae->Bryidae->Bryopsida->Bryophytina->Bryophyta->Embryophyta->Streptophytina->Streptophyta->Chloroplastida->Archaeplastida->Eukaryota->cellular organisms->life" nexsonid "node951033"
pgloadind     taxon mapping OTT ID 848160 taxonomy "Rhizogonium->Rhizogoniaceae->Rhizogoniales->Bryanae->Bryidae->Bryopsida->Bryophytina->Bryophyta->Embryophyta->Streptophytina->Streptophyta->Chloroplastida->Archaeplastida->Eukaryota->cellular organisms->life" nexsonid "node951034"
pgloadind     taxon mapping OTT ID 981713 taxonomy "Hedwigia->Hedwigiaceae->Hedwigiales->Bryanae->Bryidae->Bryopsida->Bryophytina->Bryophyta->Embryophyta->Streptophytina->Streptophyta->Chloroplastida->Archaeplastida->Eukaryota->cellular organisms->life" nexsonid "node951036"
pgloadind     taxon mapping OTT ID 153411 taxonomy "Bartramia->Bartramiaceae->Bartramiales->Bryanae->Bryidae->Bryopsida->Bryophytina->Bryophyta->Embryophyta->Streptophytina->Streptophyta->Chloroplastida->Archaeplastida->Eukaryota->cellular organisms->life" nexsonid "node951037"
pgloadind     taxon mapping OTT ID 821349 taxonomy "Physcomitrella->Funariaceae->Funariales->Funariidae->Bryopsida->Bryophytina->Bryophyta->Embryophyta->Streptophytina->Streptophyta->Chloroplastida->Archaeplastida->Eukaryota->cellular organisms->life" nexsonid "node951038"
pgloadind     taxon mapping OTT ID 730185 taxonomy "Diphyscium->Diphysciaceae->Diphysciales->Diphysciidae->Bryopsida->Bryophytina->Bryophyta->Embryophyta->Streptophytina->Streptophyta->Chloroplastida->Archaeplastida->Eukaryota->cellular organisms->life" nexsonid "node951039"
pgloadind     taxon mapping OTT ID 988467 taxonomy "Buxbaumia->Buxbaumiaceae->Buxbaumiales->Buxbaumiidae->Bryopsida->Bryophytina->Bryophyta->Embryophyta->Streptophytina->Streptophyta->Chloroplastida->Archaeplastida->Eukaryota->cellular organisms->life" nexsonid "node951040"
pgloadind     taxon mapping OTT ID 548805 taxonomy "Tetraphis->Tetraphidaceae->Tetraphidales->Tetraphidopsida->Bryophytina->Bryophyta->Embryophyta->Streptophytina->Streptophyta->Chloroplastida->Archaeplastida->Eukaryota->cellular organisms->life" nexsonid "node951041"
pgloadind     taxon mapping OTT ID 208160 taxonomy "Atrichum->Polytrichaceae->Polytrichales->Polytrichopsida->Bryophytina->Bryophyta->Embryophyta->Streptophytina->Streptophyta->Chloroplastida->Archaeplastida->Eukaryota->cellular organisms->life" nexsonid "node951043"
pgloadind     taxon mapping OTT ID 821354 taxonomy "Polytrichum->Polytrichaceae->Polytrichales->Polytrichopsida->Bryophytina->Bryophyta->Embryophyta->Streptophytina->Streptophyta->Chloroplastida->Archaeplastida->Eukaryota->cellular organisms->life" nexsonid "node951044"
pgloadind     taxon mapping OTT ID 1032217 taxonomy "Andreaea->Andreaeaceae->Andreaeales->Andreaeopsida->Andreaeophytina->Bryophyta->Embryophyta->Streptophytina->Streptophyta->Chloroplastida->Archaeplastida->Eukaryota->cellular organisms->life" nexsonid "node951045"
pgloadind     taxon mapping OTT ID 738988 taxonomy "Sphagnum palustre->Sphagnum->Sphagnaceae->Sphagnales->Sphagnopsida->Sphagnophytina->Bryophyta->Embryophyta->Streptophytina->Streptophyta->Chloroplastida->Archaeplastida->Eukaryota->cellular organisms->life" nexsonid "node951048"
pgloadind     taxon mapping OTT ID 378646 taxonomy "Sphagnum capillifolium->Sphagnum->Sphagnaceae->Sphagnales->Sphagnopsida->Sphagnophytina->Bryophyta->Embryophyta->Streptophytina->Streptophyta->Chloroplastida->Archaeplastida->Eukaryota->cellular organisms->life" nexsonid "node951049"
pgloadind     taxon mapping OTT ID 79112 taxonomy "Takakia lepidozioides->Takakia->Takakiaceae->Takakiales->Takakiopsida->Takakiophytina->Bryophyta->Embryophyta->Streptophytina->Streptophyta->Chloroplastida->Archaeplastida->Eukaryota->cellular organisms->life" nexsonid "node951051"
pgloadind     taxon mapping OTT ID 3228 taxonomy "Takakia ceratophylla->Takakia->Takakiaceae->Takakiales->Takakiopsida->Takakiophytina->Bryophyta->Embryophyta->Streptophytina->Streptophyta->Chloroplastida->Archaeplastida->Eukaryota->cellular organisms->life" nexsonid "node951052"
pgloadind     taxon mapping OTT ID 592356 taxonomy "Notothylas->Notothyladaceae->Notothyladales->Notothylidae->Anthocerotopsida->Anthocerotophyta->Embryophyta->Streptophytina->Streptophyta->Chloroplastida->Archaeplastida->Eukaryota->cellular organisms->life" nexsonid "node951058"
pgloadind     taxon mapping OTT ID 675211 taxonomy "Phaeoceros->Notothyladaceae->Notothyladales->Notothylidae->Anthocerotopsida->Anthocerotophyta->Embryophyta->Streptophytina->Streptophyta->Chloroplastida->Archaeplastida->Eukaryota->cellular organisms->life" nexsonid "node951059"
pgloadind     taxon mapping OTT ID 688226 taxonomy "Dendroceros->Dendrocerotoideae->Dendrocerotaceae->Dendrocerotales->Dendrocerotidae->Anthocerotopsida->Anthocerotophyta->Embryophyta->Streptophytina->Streptophyta->Chloroplastida->Archaeplastida->Eukaryota->cellular organisms->life" nexsonid "node951061"
pgloadind     taxon mapping OTT ID 164375 taxonomy "Megaceros->Dendrocerotoideae->Dendrocerotaceae->Dendrocerotales->Dendrocerotidae->Anthocerotopsida->Anthocerotophyta->Embryophyta->Streptophytina->Streptophyta->Chloroplastida->Archaeplastida->Eukaryota->cellular organisms->life" nexsonid "node951062"
pgloadind     taxon mapping OTT ID 769675 taxonomy "Anthoceros->Anthocerotaceae->Anthocerotales->Anthocerotidae->Anthocerotopsida->Anthocerotophyta->Embryophyta->Streptophytina->Streptophyta->Chloroplastida->Archaeplastida->Eukaryota->cellular organisms->life" nexsonid "node951063"
pgloadind     taxon mapping OTT ID 118116 taxonomy "Leiosporoceros->Leiosporocerotaceae->Leiosporocerotales->Leiosporocerotopsida->Anthocerotophyta->Embryophyta->Streptophytina->Streptophyta->Chloroplastida->Archaeplastida->Eukaryota->cellular organisms->life" nexsonid "node951064"
pgloadind     taxon mapping OTT ID 726823 taxonomy "Selaginella uliginosa->Selaginella->Selaginellaceae->Selaginellales->Isoetopsida->Lycopodiophyta->Tracheophyta->Embryophyta->Streptophytina->Streptophyta->Chloroplastida->Archaeplastida->Eukaryota->cellular organisms->life" nexsonid "node951069"
pgloadind     taxon mapping OTT ID 78166 taxonomy "Selaginella apoda->Selaginella->Selaginellaceae->Selaginellales->Isoetopsida->Lycopodiophyta->Tracheophyta->Embryophyta->Streptophytina->Streptophyta->Chloroplastida->Archaeplastida->Eukaryota->cellular organisms->life" nexsonid "node951070"
pgloadind     taxon mapping OTT ID 113210 taxonomy "Isoetes->Isoetaceae->Isoetales->Isoetopsida->Lycopodiophyta->Tracheophyta->Embryophyta->Streptophytina->Streptophyta->Chloroplastida->Archaeplastida->Eukaryota->cellular organisms->life" nexsonid "node951071"
pgloadind     taxon mapping OTT ID 79111 taxonomy "Huperzia->Lycopodiaceae->Lycopodiales->Lycopodiopsida->Lycopodiophyta->Tracheophyta->Embryophyta->Streptophytina->Streptophyta->Chloroplastida->Archaeplastida->Eukaryota->cellular organisms->life" nexsonid "node951073"
pgloadind     taxon mapping OTT ID 719016 taxonomy "Lycopodium->Lycopodiaceae->Lycopodiales->Lycopodiopsida->Lycopodiophyta->Tracheophyta->Embryophyta->Streptophytina->Streptophyta->Chloroplastida->Archaeplastida->Eukaryota->cellular organisms->life" nexsonid "node951074"
pgloadind     taxon mapping OTT ID 864950 taxonomy "Davallia->Davalliaceae->eupolypods I->Polypodiales->core leptosporangiate ferns->Polypodiopsida->Moniliformopses->Euphyllophyta->Tracheophyta->Embryophyta->Streptophytina->Streptophyta->Chloroplastida->Archaeplastida->Eukaryota->cellular organisms->life" nexsonid "node951090"
pgloadind     taxon mapping OTT ID 590514 taxonomy "Polypodium->Polypodiaceae->eupolypods I->Polypodiales->core leptosporangiate ferns->Polypodiopsida->Moniliformopses->Euphyllophyta->Tracheophyta->Embryophyta->Streptophytina->Streptophyta->Chloroplastida->Archaeplastida->Eukaryota->cellular organisms->life" nexsonid "node951091"
pgloadind     taxon mapping OTT ID 614419 taxonomy "Nephrolepis->Lomariopsidaceae->eupolypods I->Polypodiales->core leptosporangiate ferns->Polypodiopsida->Moniliformopses->Euphyllophyta->Tracheophyta->Embryophyta->Streptophytina->Streptophyta->Chloroplastida->Archaeplastida->Eukaryota->cellular organisms->life" nexsonid "node951092"
pgloadind     taxon mapping OTT ID 41618 taxonomy "Dryopteris->Dryopteridaceae->eupolypods I->Polypodiales->core leptosporangiate ferns->Polypodiopsida->Moniliformopses->Euphyllophyta->Tracheophyta->Embryophyta->Streptophytina->Streptophyta->Chloroplastida->Archaeplastida->Eukaryota->cellular organisms->life" nexsonid "node951093"
pgloadind     taxon mapping OTT ID 340305 taxonomy "Blechnum->Blechnaceae->eupolypods II->Polypodiales->core leptosporangiate ferns->Polypodiopsida->Moniliformopses->Euphyllophyta->Tracheophyta->Embryophyta->Streptophytina->Streptophyta->Chloroplastida->Archaeplastida->Eukaryota->cellular organisms->life" nexsonid "node951095"
pgloadind     taxon mapping OTT ID 915098 taxonomy "Thelypteris->Thelypteridaceae->eupolypods II->Polypodiales->core leptosporangiate ferns->Polypodiopsida->Moniliformopses->Euphyllophyta->Tracheophyta->Embryophyta->Streptophytina->Streptophyta->Chloroplastida->Archaeplastida->Eukaryota->cellular organisms->life" nexsonid "node951096"
pgloadind     taxon mapping OTT ID 38492 taxonomy "Asplenium->Aspleniaceae->eupolypods II->Polypodiales->core leptosporangiate ferns->Polypodiopsida->Moniliformopses->Euphyllophyta->Tracheophyta->Embryophyta->Streptophytina->Streptophyta->Chloroplastida->Archaeplastida->Eukaryota->cellular organisms->life" nexsonid "node951097"
pgloadind     taxon mapping OTT ID 195643 taxonomy "Pteridium->Dennstaedtiaceae->Polypodiales->core leptosporangiate ferns->Polypodiopsida->Moniliformopses->Euphyllophyta->Tracheophyta->Embryophyta->Streptophytina->Streptophyta->Chloroplastida->Archaeplastida->Eukaryota->cellular organisms->life" nexsonid "node951098"
pgloadind     taxon mapping OTT ID 164367 taxonomy "Adiantum->Pteridaceae->Polypodiales->core leptosporangiate ferns->Polypodiopsida->Moniliformopses->Euphyllophyta->Tracheophyta->Embryophyta->Streptophytina->Streptophyta->Chloroplastida->Archaeplastida->Eukaryota->cellular organisms->life" nexsonid "node951102"
pgloadind     taxon mapping OTT ID 1088900 taxonomy "Vittaria->Pteridaceae->Polypodiales->core leptosporangiate ferns->Polypodiopsida->Moniliformopses->Euphyllophyta->Tracheophyta->Embryophyta->Streptophytina->Streptophyta->Chloroplastida->Archaeplastida->Eukaryota->cellular organisms->life" nexsonid "node951103"
pgloadind     taxon mapping OTT ID 687386 taxonomy "Pteris->Pteridaceae->Polypodiales->core leptosporangiate ferns->Polypodiopsida->Moniliformopses->Euphyllophyta->Tracheophyta->Embryophyta->Streptophytina->Streptophyta->Chloroplastida->Archaeplastida->Eukaryota->cellular organisms->life" nexsonid "node951104"
pgloadind     taxon mapping OTT ID 190948 taxonomy "Ceratopteris->Pteridaceae->Polypodiales->core leptosporangiate ferns->Polypodiopsida->Moniliformopses->Euphyllophyta->Tracheophyta->Embryophyta->Streptophytina->Streptophyta->Chloroplastida->Archaeplastida->Eukaryota->cellular organisms->life" nexsonid "node951105"
pgloadind     taxon mapping OTT ID 765249 taxonomy "Cibotium->Cibotiaceae->Cyatheales->core leptosporangiate ferns->Polypodiopsida->Moniliformopses->Euphyllophyta->Tracheophyta->Embryophyta->Streptophytina->Streptophyta->Chloroplastida->Archaeplastida->Eukaryota->cellular organisms->life" nexsonid "node951109"
pgloadind     taxon mapping OTT ID 373841 taxonomy "Cyathea->Cyatheaceae->Cyatheales->core leptosporangiate ferns->Polypodiopsida->Moniliformopses->Euphyllophyta->Tracheophyta->Embryophyta->Streptophytina->Streptophyta->Chloroplastida->Archaeplastida->Eukaryota->cellular organisms->life" nexsonid "node951110"
pgloadind     taxon mapping OTT ID 41537 taxonomy "Plagiogyria->Plagiogyriaceae->Cyatheales->core leptosporangiate ferns->Polypodiopsida->Moniliformopses->Euphyllophyta->Tracheophyta->Embryophyta->Streptophytina->Streptophyta->Chloroplastida->Archaeplastida->Eukaryota->cellular organisms->life" nexsonid "node951111"
pgloadind     taxon mapping OTT ID 226599 taxonomy "Azolla->Azollaceae->Salviniales->core leptosporangiate ferns->Polypodiopsida->Moniliformopses->Euphyllophyta->Tracheophyta->Embryophyta->Streptophytina->Streptophyta->Chloroplastida->Archaeplastida->Eukaryota->cellular organisms->life" nexsonid "node951114"
pgloadind     taxon mapping OTT ID 1088898 taxonomy "Salvinia->Salviniaceae->Salviniales->core leptosporangiate ferns->Polypodiopsida->Moniliformopses->Euphyllophyta->Tracheophyta->Embryophyta->Streptophytina->Streptophyta->Chloroplastida->Archaeplastida->Eukaryota->cellular organisms->life" nexsonid "node951115"
pgloadind     taxon mapping OTT ID 164371 taxonomy "Marsilea->Marsileaceae->Salviniales->core leptosporangiate ferns->Polypodiopsida->Moniliformopses->Euphyllophyta->Tracheophyta->Embryophyta->Streptophytina->Streptophyta->Chloroplastida->Archaeplastida->Eukaryota->cellular organisms->life" nexsonid "node951116"
pgloadind     taxon mapping OTT ID 658079 taxonomy "Anemia->Anemiaceae->Schizaeales->Polypodiopsida->Moniliformopses->Euphyllophyta->Tracheophyta->Embryophyta->Streptophytina->Streptophyta->Chloroplastida->Archaeplastida->Eukaryota->cellular organisms->life" nexsonid "node951118"
pgloadind     taxon mapping OTT ID 687379 taxonomy "Lygodium->Lygodiaceae->Schizaeales->Polypodiopsida->Moniliformopses->Euphyllophyta->Tracheophyta->Embryophyta->Streptophytina->Streptophyta->Chloroplastida->Archaeplastida->Eukaryota->cellular organisms->life" nexsonid "node951119"
pgloadind     taxon mapping OTT ID 667487 taxonomy "Gleichenia->Gleicheniaceae->Gleicheniales->Polypodiopsida->Moniliformopses->Euphyllophyta->Tracheophyta->Embryophyta->Streptophytina->Streptophyta->Chloroplastida->Archaeplastida->Eukaryota->cellular organisms->life" nexsonid "node951120"
pgloadind     taxon mapping OTT ID 1065300 taxonomy "Hymenophyllum->Hymenophyllaceae->Hymenophyllales->Polypodiopsida->Moniliformopses->Euphyllophyta->Tracheophyta->Embryophyta->Streptophytina->Streptophyta->Chloroplastida->Archaeplastida->Eukaryota->cellular organisms->life" nexsonid "node951122"
pgloadind     taxon mapping OTT ID 774276 taxonomy "Trichomanes->Hymenophyllaceae->Hymenophyllales->Polypodiopsida->Moniliformopses->Euphyllophyta->Tracheophyta->Embryophyta->Streptophytina->Streptophyta->Chloroplastida->Archaeplastida->Eukaryota->cellular organisms->life" nexsonid "node951123"
pgloadind     taxon mapping OTT ID 347842 taxonomy "Leptopteris->Osmundaceae->Osmundales->Polypodiopsida->Moniliformopses->Euphyllophyta->Tracheophyta->Embryophyta->Streptophytina->Streptophyta->Chloroplastida->Archaeplastida->Eukaryota->cellular organisms->life" nexsonid "node951126"
pgloadind     taxon mapping OTT ID 579102 taxonomy "Todea->Osmundaceae->Osmundales->Polypodiopsida->Moniliformopses->Euphyllophyta->Tracheophyta->Embryophyta->Streptophytina->Streptophyta->Chloroplastida->Archaeplastida->Eukaryota->cellular organisms->life" nexsonid "node951127"
pgloadind     taxon mapping OTT ID 41628 taxonomy "Osmunda->Osmundaceae->Osmundales->Polypodiopsida->Moniliformopses->Euphyllophyta->Tracheophyta->Embryophyta->Streptophytina->Streptophyta->Chloroplastida->Archaeplastida->Eukaryota->cellular organisms->life" nexsonid "node951128"
pgloadind     taxon mapping OTT ID 93172 taxonomy "Angiopteris->Marattiaceae->Marattiales->Marattiopsida->Moniliformopses->Euphyllophyta->Tracheophyta->Embryophyta->Streptophytina->Streptophyta->Chloroplastida->Archaeplastida->Eukaryota->cellular organisms->life" nexsonid "node951132"
pgloadind     taxon mapping OTT ID 812230 taxonomy "Marattia->Marattiaceae->Marattiales->Marattiopsida->Moniliformopses->Euphyllophyta->Tracheophyta->Embryophyta->Streptophytina->Streptophyta->Chloroplastida->Archaeplastida->Eukaryota->cellular organisms->life" nexsonid "node951133"
pgloadind     taxon mapping OTT ID 889492 taxonomy "Danaea->Marattiaceae->Marattiales->Marattiopsida->Moniliformopses->Euphyllophyta->Tracheophyta->Embryophyta->Streptophytina->Streptophyta->Chloroplastida->Archaeplastida->Eukaryota->cellular organisms->life" nexsonid "node951134"
pgloadind     taxon mapping OTT ID 93161 taxonomy "Equisetum hyemale->Equisetum->Equisetaceae->Equisetales->Equisetopsida->Moniliformopses->Euphyllophyta->Tracheophyta->Embryophyta->Streptophytina->Streptophyta->Chloroplastida->Archaeplastida->Eukaryota->cellular organisms->life" nexsonid "node951136"
pgloadind     taxon mapping OTT ID 718999 taxonomy "Equisetum arvense->Equisetum->Equisetaceae->Equisetales->Equisetopsida->Moniliformopses->Euphyllophyta->Tracheophyta->Embryophyta->Streptophytina->Streptophyta->Chloroplastida->Archaeplastida->Eukaryota->cellular organisms->life" nexsonid "node951137"
pgloadind     taxon mapping OTT ID 178176 taxonomy "Helminthostachys->Ophioglossaceae->Ophioglossales->Ophioglossopsida->Moniliformopses->Euphyllophyta->Tracheophyta->Embryophyta->Streptophytina->Streptophyta->Chloroplastida->Archaeplastida->Eukaryota->cellular organisms->life" nexsonid "node951141"
pgloadind     taxon mapping OTT ID 113201 taxonomy "Ophioglossum->Ophioglossaceae->Ophioglossales->Ophioglossopsida->Moniliformopses->Euphyllophyta->Tracheophyta->Embryophyta->Streptophytina->Streptophyta->Chloroplastida->Archaeplastida->Eukaryota->cellular organisms->life" nexsonid "node951142"
pgloadind     taxon mapping OTT ID 687363 taxonomy "Botrychium->Ophioglossaceae->Ophioglossales->Ophioglossopsida->Moniliformopses->Euphyllophyta->Tracheophyta->Embryophyta->Streptophytina->Streptophyta->Chloroplastida->Archaeplastida->Eukaryota->cellular organisms->life" nexsonid "node951143"
pgloadind     taxon mapping OTT ID 918768 taxonomy "Tmesipteris->Psilotaceae->Psilotales->Psilotopsida->Moniliformopses->Euphyllophyta->Tracheophyta->Embryophyta->Streptophytina->Streptophyta->Chloroplastida->Archaeplastida->Eukaryota->cellular organisms->life" nexsonid "node951145"
pgloadind     taxon mapping OTT ID 769692 taxonomy "Psilotum->Psilotaceae->Psilotales->Psilotopsida->Moniliformopses->Euphyllophyta->Tracheophyta->Embryophyta->Streptophytina->Streptophyta->Chloroplastida->Archaeplastida->Eukaryota->cellular organisms->life" nexsonid "node951146"
pgloadind     taxon mapping OTT ID 684213 taxonomy "Taxus->Taxaceae->Cupressophyta->Coniferales->Coniferopsida->Coniferophyta->Acrogymnospermae->Spermatophyta->Euphyllophyta->Tracheophyta->Embryophyta->Streptophytina->Streptophyta->Chloroplastida->Archaeplastida->Eukaryota->cellular organisms->life" nexsonid "node951154"
pgloadind     taxon mapping OTT ID 1015532 taxonomy "Cephalotaxus->Cephalotaxaceae->Cupressophyta->Coniferales->Coniferopsida->Coniferophyta->Acrogymnospermae->Spermatophyta->Euphyllophyta->Tracheophyta->Embryophyta->Streptophytina->Streptophyta->Chloroplastida->Archaeplastida->Eukaryota->cellular organisms->life" nexsonid "node951155"
pgloadind     taxon mapping OTT ID 836788 taxonomy "Juniperus->Cupressaceae->Cupressophyta->Coniferales->Coniferopsida->Coniferophyta->Acrogymnospermae->Spermatophyta->Euphyllophyta->Tracheophyta->Embryophyta->Streptophytina->Streptophyta->Chloroplastida->Archaeplastida->Eukaryota->cellular organisms->life" nexsonid "node951157"
pgloadind     taxon mapping OTT ID 47957 taxonomy "Metasequoia->Cupressaceae->Cupressophyta->Coniferales->Coniferopsida->Coniferophyta->Acrogymnospermae->Spermatophyta->Euphyllophyta->Tracheophyta->Embryophyta->Streptophytina->Streptophyta->Chloroplastida->Archaeplastida->Eukaryota->cellular organisms->life" nexsonid "node951158"
pgloadind     taxon mapping OTT ID 212371 taxonomy "Sciadopitys->Sciadopityaceae->Cupressophyta->Coniferales->Coniferopsida->Coniferophyta->Acrogymnospermae->Spermatophyta->Euphyllophyta->Tracheophyta->Embryophyta->Streptophytina->Streptophyta->Chloroplastida->Archaeplastida->Eukaryota->cellular organisms->life" nexsonid "node951159"
pgloadind     taxon mapping OTT ID 238572 taxonomy "Phyllocladus->Podocarpaceae->Cupressophyta->Coniferales->Coniferopsida->Coniferophyta->Acrogymnospermae->Spermatophyta->Euphyllophyta->Tracheophyta->Embryophyta->Streptophytina->Streptophyta->Chloroplastida->Archaeplastida->Eukaryota->cellular organisms->life" nexsonid "node951162"
pgloadind     taxon mapping OTT ID 620761 taxonomy "Podocarpus->Podocarpaceae->Cupressophyta->Coniferales->Coniferopsida->Coniferophyta->Acrogymnospermae->Spermatophyta->Euphyllophyta->Tracheophyta->Embryophyta->Streptophytina->Streptophyta->Chloroplastida->Archaeplastida->Eukaryota->cellular organisms->life" nexsonid "node951163"
pgloadind     taxon mapping OTT ID 786680 taxonomy "Araucaria->Araucariaceae->Cupressophyta->Coniferales->Coniferopsida->Coniferophyta->Acrogymnospermae->Spermatophyta->Euphyllophyta->Tracheophyta->Embryophyta->Streptophytina->Streptophyta->Chloroplastida->Archaeplastida->Eukaryota->cellular organisms->life" nexsonid "node951164"
pgloadind     taxon mapping OTT ID 673439 taxonomy "Gnetum->Gnetaceae->Gnetales->Gnetopsida->Gnetophyta->Acrogymnospermae->Spermatophyta->Euphyllophyta->Tracheophyta->Embryophyta->Streptophytina->Streptophyta->Chloroplastida->Archaeplastida->Eukaryota->cellular organisms->life" nexsonid "node951168"
pgloadind     taxon mapping OTT ID 47948 taxonomy "Welwitschia->Welwitschiaceae->Welwitschiales->Gnetopsida->Gnetophyta->Acrogymnospermae->Spermatophyta->Euphyllophyta->Tracheophyta->Embryophyta->Streptophytina->Streptophyta->Chloroplastida->Archaeplastida->Eukaryota->cellular organisms->life" nexsonid "node951169"
pgloadind     taxon mapping OTT ID 673430 taxonomy "Ephedra->Ephedraceae->Ephedrales->Gnetopsida->Gnetophyta->Acrogymnospermae->Spermatophyta->Euphyllophyta->Tracheophyta->Embryophyta->Streptophytina->Streptophyta->Chloroplastida->Archaeplastida->Eukaryota->cellular organisms->life" nexsonid "node951170"
pgloadind     taxon mapping OTT ID 994065 taxonomy "Abies->Pinaceae->Coniferales->Coniferopsida->Coniferophyta->Acrogymnospermae->Spermatophyta->Euphyllophyta->Tracheophyta->Embryophyta->Streptophytina->Streptophyta->Chloroplastida->Archaeplastida->Eukaryota->cellular organisms->life" nexsonid "node951173"
pgloadind     taxon mapping OTT ID 924422 taxonomy "Cedrus->Pinaceae->Coniferales->Coniferopsida->Coniferophyta->Acrogymnospermae->Spermatophyta->Euphyllophyta->Tracheophyta->Embryophyta->Streptophytina->Streptophyta->Chloroplastida->Archaeplastida->Eukaryota->cellular organisms->life" nexsonid "node951174"
pgloadind     taxon mapping OTT ID 771683 taxonomy "Pinus->Pinaceae->Coniferales->Coniferopsida->Coniferophyta->Acrogymnospermae->Spermatophyta->Euphyllophyta->Tracheophyta->Embryophyta->Streptophytina->Streptophyta->Chloroplastida->Archaeplastida->Eukaryota->cellular organisms->life" nexsonid "node951175"
pgloadind     taxon mapping OTT ID 950165 taxonomy "Ginkgo->Ginkgoaceae->Ginkgoales->Ginkgoopsida->Ginkgophyta->Acrogymnospermae->Spermatophyta->Euphyllophyta->Tracheophyta->Embryophyta->Streptophytina->Streptophyta->Chloroplastida->Archaeplastida->Eukaryota->cellular organisms->life" nexsonid "node951177"
pgloadind     taxon mapping OTT ID 157852 taxonomy "Stangeria->Stangeriaceae->Cycadales->Cycadopsida->Cycadophyta->Acrogymnospermae->Spermatophyta->Euphyllophyta->Tracheophyta->Embryophyta->Streptophytina->Streptophyta->Chloroplastida->Archaeplastida->Eukaryota->cellular organisms->life" nexsonid "node951180"
pgloadind     taxon mapping OTT ID 596163 taxonomy "Zamia->Zamiaceae->Cycadales->Cycadopsida->Cycadophyta->Acrogymnospermae->Spermatophyta->Euphyllophyta->Tracheophyta->Embryophyta->Streptophytina->Streptophyta->Chloroplastida->Archaeplastida->Eukaryota->cellular organisms->life" nexsonid "node951181"
pgloadind     taxon mapping OTT ID 99238 taxonomy "Cycas->Cycadaceae->Cycadales->Cycadopsida->Cycadophyta->Acrogymnospermae->Spermatophyta->Euphyllophyta->Tracheophyta->Embryophyta->Streptophytina->Streptophyta->Chloroplastida->Archaeplastida->Eukaryota->cellular organisms->life" nexsonid "node951182"
pgloadind     taxon mapping OTT ID 303952 taxonomy "Amborella->Amborellaceae->Amborellales->basal Magnoliophyta->Magnoliophyta->Spermatophyta->Euphyllophyta->Tracheophyta->Embryophyta->Streptophytina->Streptophyta->Chloroplastida->Archaeplastida->Eukaryota->cellular organisms->life" nexsonid "node951184"
pgloadind     taxon mapping OTT ID 10947 taxonomy "Cabomba->Cabombaceae->Nymphaeales->basal Magnoliophyta->Magnoliophyta->Spermatophyta->Euphyllophyta->Tracheophyta->Embryophyta->Streptophytina->Streptophyta->Chloroplastida->Archaeplastida->Eukaryota->cellular organisms->life" nexsonid "node951187"
pgloadind     taxon mapping OTT ID 583523 taxonomy "Nymphaea->Nymphaeaceae->Nymphaeales->basal Magnoliophyta->Magnoliophyta->Spermatophyta->Euphyllophyta->Tracheophyta->Embryophyta->Streptophytina->Streptophyta->Chloroplastida->Archaeplastida->Eukaryota->cellular organisms->life" nexsonid "node951188"
pgloadind     taxon mapping OTT ID 70551 taxonomy "Schisandra->Schisandraceae->Austrobaileyales->basal Magnoliophyta->Magnoliophyta->Spermatophyta->Euphyllophyta->Tracheophyta->Embryophyta->Streptophytina->Streptophyta->Chloroplastida->Archaeplastida->Eukaryota->cellular organisms->life" nexsonid "node951193"
pgloadind     taxon mapping OTT ID 35784 taxonomy "Illicium->Schisandraceae->Austrobaileyales->basal Magnoliophyta->Magnoliophyta->Spermatophyta->Euphyllophyta->Tracheophyta->Embryophyta->Streptophytina->Streptophyta->Chloroplastida->Archaeplastida->Eukaryota->cellular organisms->life" nexsonid "node951194"
pgloadind     taxon mapping OTT ID 481033 taxonomy "Trimenia->Trimeniaceae->Austrobaileyales->basal Magnoliophyta->Magnoliophyta->Spermatophyta->Euphyllophyta->Tracheophyta->Embryophyta->Streptophytina->Streptophyta->Chloroplastida->Archaeplastida->Eukaryota->cellular organisms->life" nexsonid "node951195"
pgloadind     taxon mapping OTT ID 625041 taxonomy "Austrobaileya->Austrobaileyaceae->Austrobaileyales->basal Magnoliophyta->Magnoliophyta->Spermatophyta->Euphyllophyta->Tracheophyta->Embryophyta->Streptophytina->Streptophyta->Chloroplastida->Archaeplastida->Eukaryota->cellular organisms->life" nexsonid "node951196"
pgloadind     taxon mapping OTT ID 597424 taxonomy "Croomia->Stemonaceae->Pandanales->Petrosaviidae->Liliopsida->Mesangiospermae->Magnoliophyta->Spermatophyta->Euphyllophyta->Tracheophyta->Embryophyta->Streptophytina->Streptophyta->Chloroplastida->Archaeplastida->Eukaryota->cellular organisms->life" nexsonid "node951202"
pgloadind     taxon mapping OTT ID 781622 taxonomy "Dioscorea->Dioscoreaceae->Dioscoreales->Petrosaviidae->Liliopsida->Mesangiospermae->Magnoliophyta->Spermatophyta->Euphyllophyta->Tracheophyta->Embryophyta->Streptophytina->Streptophyta->Chloroplastida->Archaeplastida->Eukaryota->cellular organisms->life" nexsonid "node951203"
pgloadind     taxon mapping OTT ID 679343 taxonomy "Spathiphyllum->Monstereae->Pothoideae->Araceae->Alismatales->Liliopsida->Mesangiospermae->Magnoliophyta->Spermatophyta->Euphyllophyta->Tracheophyta->Embryophyta->Streptophytina->Streptophyta->Chloroplastida->Archaeplastida->Eukaryota->cellular organisms->life" nexsonid "node951205"
pgloadind     taxon mapping OTT ID 140475 taxonomy "Tofieldia->Tofieldiaceae->Alismatales->Liliopsida->Mesangiospermae->Magnoliophyta->Spermatophyta->Euphyllophyta->Tracheophyta->Embryophyta->Streptophytina->Streptophyta->Chloroplastida->Archaeplastida->Eukaryota->cellular organisms->life" nexsonid "node951206"
pgloadind     taxon mapping OTT ID 852506 taxonomy "Alisma->Alismataceae->Alismatales->Liliopsida->Mesangiospermae->Magnoliophyta->Spermatophyta->Euphyllophyta->Tracheophyta->Embryophyta->Streptophytina->Streptophyta->Chloroplastida->Archaeplastida->Eukaryota->cellular organisms->life" nexsonid "node951208"
pgloadind     taxon mapping OTT ID 1008191 taxonomy "Acorus->Acoraceae->Acorales->Liliopsida->Mesangiospermae->Magnoliophyta->Spermatophyta->Euphyllophyta->Tracheophyta->Embryophyta->Streptophytina->Streptophyta->Chloroplastida->Archaeplastida->Eukaryota->cellular organisms->life" nexsonid "node951209"
pgloadind     taxon mapping OTT ID 789605 taxonomy "Hedyosmum->Chloranthaceae->Chloranthales->Mesangiospermae->Magnoliophyta->Spermatophyta->Euphyllophyta->Tracheophyta->Embryophyta->Streptophytina->Streptophyta->Chloroplastida->Archaeplastida->Eukaryota->cellular organisms->life" nexsonid "node951210"
pgloadind     taxon mapping OTT ID 643946 taxonomy "Sabia->Sabiaceae->stem eudicotyledons->eudicotyledons->Mesangiospermae->Magnoliophyta->Spermatophyta->Euphyllophyta->Tracheophyta->Embryophyta->Streptophytina->Streptophyta->Chloroplastida->Archaeplastida->Eukaryota->cellular organisms->life" nexsonid "node951216"
pgloadind     taxon mapping OTT ID 1000250 taxonomy "Buxus->Buxaceae->Buxales->stem eudicotyledons->eudicotyledons->Mesangiospermae->Magnoliophyta->Spermatophyta->Euphyllophyta->Tracheophyta->Embryophyta->Streptophytina->Streptophyta->Chloroplastida->Archaeplastida->Eukaryota->cellular organisms->life" nexsonid "node951218"
pgloadind     taxon mapping OTT ID 62528 taxonomy "Trochodendron->Trochodendraceae->Trochodendrales->stem eudicotyledons->eudicotyledons->Mesangiospermae->Magnoliophyta->Spermatophyta->Euphyllophyta->Tracheophyta->Embryophyta->Streptophytina->Streptophyta->Chloroplastida->Archaeplastida->Eukaryota->cellular organisms->life" nexsonid "node951219"
pgloadind     taxon mapping OTT ID 62539 taxonomy "Platanus->Platanaceae->Proteales->stem eudicotyledons->eudicotyledons->Mesangiospermae->Magnoliophyta->Spermatophyta->Euphyllophyta->Tracheophyta->Embryophyta->Streptophytina->Streptophyta->Chloroplastida->Archaeplastida->Eukaryota->cellular organisms->life" nexsonid "node951220"
pgloadind     taxon mapping OTT ID 387812 taxonomy "Ranunculus->Ranunculaceae->Ranunculales->stem eudicotyledons->eudicotyledons->Mesangiospermae->Magnoliophyta->Spermatophyta->Euphyllophyta->Tracheophyta->Embryophyta->Streptophytina->Streptophyta->Chloroplastida->Archaeplastida->Eukaryota->cellular organisms->life" nexsonid "node951222"
pgloadind     taxon mapping OTT ID 418801 taxonomy "Dicentra->Papaveraceae->Ranunculales->stem eudicotyledons->eudicotyledons->Mesangiospermae->Magnoliophyta->Spermatophyta->Euphyllophyta->Tracheophyta->Embryophyta->Streptophytina->Streptophyta->Chloroplastida->Archaeplastida->Eukaryota->cellular organisms->life" nexsonid "node951223"
pgloadind     taxon mapping OTT ID 283089 taxonomy "Piper->Piperaceae->Piperales->Magnoliidae->Mesangiospermae->Magnoliophyta->Spermatophyta->Euphyllophyta->Tracheophyta->Embryophyta->Streptophytina->Streptophyta->Chloroplastida->Archaeplastida->Eukaryota->cellular organisms->life" nexsonid "node951226"
pgloadind     taxon mapping OTT ID 9821 taxonomy "Aristolochia->Aristolochiaceae->Piperales->Magnoliidae->Mesangiospermae->Magnoliophyta->Spermatophyta->Euphyllophyta->Tracheophyta->Embryophyta->Streptophytina->Streptophyta->Chloroplastida->Archaeplastida->Eukaryota->cellular organisms->life" nexsonid "node951227"
pgloadind     taxon mapping OTT ID 10945 taxonomy "Ceratophyllum->Ceratophyllaceae->Ceratophyllales->Mesangiospermae->Magnoliophyta->Spermatophyta->Euphyllophyta->Tracheophyta->Embryophyta->Streptophytina->Streptophyta->Chloroplastida->Archaeplastida->Eukaryota->cellular organisms->life" nexsonid "node951228"
pgloadind     taxon mapping OTT ID 338495 taxonomy "Canella->Canellaceae->Canellales->Magnoliidae->Mesangiospermae->Magnoliophyta->Spermatophyta->Euphyllophyta->Tracheophyta->Embryophyta->Streptophytina->Streptophyta->Chloroplastida->Archaeplastida->Eukaryota->cellular organisms->life" nexsonid "node951231"
pgloadind     taxon mapping OTT ID 338478 taxonomy "Tasmannia->Winteraceae->Canellales->Magnoliidae->Mesangiospermae->Magnoliophyta->Spermatophyta->Euphyllophyta->Tracheophyta->Embryophyta->Streptophytina->Streptophyta->Chloroplastida->Archaeplastida->Eukaryota->cellular organisms->life" nexsonid "node951232"
pgloadind     taxon mapping OTT ID 849191 taxonomy "Cinnamomum->Lauraceae->Laurales->Magnoliidae->Mesangiospermae->Magnoliophyta->Spermatophyta->Euphyllophyta->Tracheophyta->Embryophyta->Streptophytina->Streptophyta->Chloroplastida->Archaeplastida->Eukaryota->cellular organisms->life" nexsonid "node951235"
pgloadind     taxon mapping OTT ID 930002 taxonomy "Calycanthus->Calycanthaceae->Laurales->Magnoliidae->Mesangiospermae->Magnoliophyta->Spermatophyta->Euphyllophyta->Tracheophyta->Embryophyta->Streptophytina->Streptophyta->Chloroplastida->Archaeplastida->Eukaryota->cellular organisms->life" nexsonid "node951236"
pgloadind     taxon mapping OTT ID 710326 taxonomy "Myristica->Myristicaceae->Magnoliales->Magnoliidae->Mesangiospermae->Magnoliophyta->Spermatophyta->Euphyllophyta->Tracheophyta->Embryophyta->Streptophytina->Streptophyta->Chloroplastida->Archaeplastida->Eukaryota->cellular organisms->life" nexsonid "node951238"
pgloadind     taxon mapping OTT ID 288480 taxonomy "Magnolia->Magnoliaceae->Magnoliales->Magnoliidae->Mesangiospermae->Magnoliophyta->Spermatophyta->Euphyllophyta->Tracheophyta->Embryophyta->Streptophytina->Streptophyta->Chloroplastida->Archaeplastida->Eukaryota->cellular organisms->life" nexsonid "node951239"
done fixing name
pgloadind Finished with attempts to fix names
pgloadind   Checking for uniqueness of OTT IDs tree id "5512"
pgloadind   Adding tree to graph tree id "5512"
all trees have all taxa: false
	using bipartition technique
attempting to remap tips to deepest exemplified taxa
	Plagiochila was remapped to 'Plagiochilaceae' (id=3035393)
	Ginkgo was remapped to 'Ginkgophyta' (id=3020941)
	Bryoxiphium was remapped to 'Bryoxiphiales' (id=3053292)
	Mylia was remapped to 'Myliaceae' (id=3036540)
	Blechnum was remapped to 'Blechnaceae' (id=3030440)
	Hedyosmum was remapped to 'Chloranthales' (id=2831966)
	Davallia was remapped to 'Davalliaceae' (id=3029473)
	Thelypteris was remapped to 'Thelypteridaceae' (id=3031480)
	Grimmia was remapped to 'Grimmiaceae' (id=3052707)
	Rhizogonium was remapped to 'Rhizogoniales' (id=3039422)
	Physcomitrella was remapped to 'Funariidae' (id=3056246)
	Hookeria was remapped to 'Hookeriales' (id=3042886)
	Leucobryum was remapped to 'Leucobryaceae' (id=3055778)
	Lepidogyna was remapped to 'Lepidolaenaceae' (id=3037105)
	Porella was remapped to 'Porellaceae' (id=3036992)
	Mnium was remapped to 'Mniaceae' (id=3039524)
	Sphaerocarpos was remapped to 'Sphaerocarpaceae' (id=3038638)
	Brachythecium was remapped to 'Brachytheciaceae' (id=3044268)
	Marchantia was remapped to 'Marchantiaceae' (id=3038762)
	Polypodium was remapped to 'Polypodiaceae' (id=3027802)
	Salvinia was remapped to 'Salviniaceae' (id=3023943)
	Lophocolea was remapped to 'Lophocoleaceae' (id=3036105)
	Myristica was remapped to 'Myristicaceae' (id=2518130)
	Thamnobryum was remapped to 'Neckeraceae' (id=3048001)
	Climacium was remapped to 'Climaciaceae' (id=3048998)
	Nymphaea was remapped to 'Nymphaeaceae' (id=3019763)
	Pellia was remapped to 'Pelliales' (id=3038466)
	Dumortiera was remapped to 'Dumortieraceae' (id=3038686)
	Marsilea was remapped to 'Marsileaceae' (id=3023818)
	Gnetum was remapped to 'Gnetales' (id=3020013)
	Cycas was remapped to 'Cycadaceae' (id=3020317)
	Canella was remapped to 'Canellaceae' (id=2518361)
	Calypogeia was remapped to 'Calypogeiaceae' (id=3036749)
	Calycanthus was remapped to 'Calycanthaceae' (id=2518568)
	Ceratophyllum was remapped to 'Ceratophyllales' (id=2521622)
	Plagiogyria was remapped to 'Plagiogyriaceae' (id=3032336)
	Gleichenia was remapped to 'Gleicheniales' (id=3032899)
	Myurium was remapped to 'Myuriaceae' (id=3045874)
	Plagiothecium was remapped to 'Plagiotheciaceae' (id=3046849)
	Fontinalis was remapped to 'Fontinalaceae' (id=3045328)
	Riccardia was remapped to 'Aneuraceae' (id=3034356)
	Cephalotaxus was remapped to 'Cephalotaxaceae' (id=3022484)
	Fissidens was remapped to 'Fissidentaceae' (id=3055193)
	Cibotium was remapped to 'Cibotiaceae' (id=3032311)
	Taxus was remapped to 'Taxaceae' (id=3022215)
	Thuidium was remapped to 'Thuidiaceae' (id=3043928)
	Welwitschia was remapped to 'Welwitschiales' (id=3020122)
	Targionia was remapped to 'Targioniaceae' (id=3038863)
	Monoclea was remapped to 'Monocleaceae' (id=3038855)
	Dryopteris was remapped to 'Dryopteridaceae' (id=3026237)
	Alisma was remapped to 'Alismataceae' (id=2840604)
	Ranunculus was remapped to 'Ranunculaceae' (id=2523291)
	Bartramia was remapped to 'Bartramiales' (id=3041056)
	Tylimanthus was remapped to 'Acrobolbaceae' (id=3036905)
	Weymouthia was remapped to 'Lembophyllaceae' (id=3048832)
	Conocephalum was remapped to 'Conocephalaceae' (id=3038705)
	Tasmannia was remapped to 'Winteraceae' (id=2518278)
	Araucaria was remapped to 'Araucariaceae' (id=3022336)
	Buxbaumia was remapped to 'Buxbaumiidae' (id=3039345)
	Blasia was remapped to 'Blasiidae' (id=3038620)
	Austrobaileya was remapped to 'Austrobaileyaceae' (id=3019586)
	Dicentra was remapped to 'Papaveraceae' (id=2525596)
	Riella was remapped to 'Riellaceae' (id=3038658)
	Tetraphis was remapped to 'Tetraphidopsida' (id=3039312)
	Blepharostoma was remapped to 'Pseudolepicoleaceae' (id=3036076)
	Hedwigia was remapped to 'Hedwigiales' (id=3039366)
	Heterophyllium was remapped to 'Pylaisiadelphaceae' (id=3046329)
	Ceratodon was remapped to 'Ditrichaceae' (id=3054277)
	Sciadopitys was remapped to 'Sciadopityaceae' (id=3022208)
	Lepicolea was remapped to 'Lepicoleaceae' (id=3035298)
	Cabomba was remapped to 'Cabombaceae' (id=3019723)
	Lunularia was remapped to 'Lunulariales' (id=3038671)
	Buxus was remapped to 'Buxales' (id=2522788)
	Ptychomitrium was remapped to 'Ptychomitriaceae' (id=3052605)
	Asplenium was remapped to 'Aspleniaceae' (id=3029956)
	Orthotrichum was remapped to 'Orthotrichales' (id=3041548)
	Platanus was remapped to 'Proteales' (id=2521644)
	Hylocomium was remapped to 'Hylocomiaceae' (id=3045764)
	Ptilidium was remapped to 'Ptilidiales' (id=3038355)
	Reboulia was remapped to 'Aytoniaceae' (id=3038867)
	Hymenophyton was remapped to 'Hymenophytaceae' (id=3038503)
	Fossombronia was remapped to 'Fossombroniales' (id=3038384)
	Leucodon was remapped to 'Leucodontaceae' (id=3046244)
	Rhabdoweisia was remapped to 'Rhabdoweisiaceae' (id=3054549)
	Azolla was remapped to 'Azollaceae' (id=3023919)
	Croomia was remapped to 'Pandanales' (id=2841173)
	Solenostoma was remapped to 'Solenostomataceae' (id=3036548)
	Bryum was remapped to 'Bryaceae' (id=3040058)
	Spathiphyllum was remapped to 'Araceae' (id=2833476)
	Nephrolepis was remapped to 'Lomariopsidaceae' (id=3027670)
	Anthoceros was remapped to 'Anthocerotidae' (id=3057192)
	Andreaea was remapped to 'Andreaeophytina' (id=3056669)
	Trochodendron was remapped to 'Trochodendrales' (id=2521636)
	Stangeria was remapped to 'Stangeriaceae' (id=3020445)
	Acorus was remapped to 'Acorales' (id=2832108)
	Dioscorea was remapped to 'Dioscoreales' (id=2936868)
	Amborella was remapped to 'Amborellales' (id=3019718)
	Magnolia was remapped to 'Magnoliaceae' (id=2517158)
	Metzgeria was remapped to 'Metzgeriaceae' (id=3034480)
	Aristolochia was remapped to 'Aristolochiaceae' (id=2520056)
	Zamia was remapped to 'Zamiaceae' (id=3020453)
	Marsupella was remapped to 'Gymnomitriaceae' (id=3036811)
	Archidium was remapped to 'Archidiales' (id=3050549)
	Sabia was remapped to 'Sabiaceae' (id=2526682)
	Frullania was remapped to 'Frullaniaceae' (id=3038037)
	Piper was remapped to 'Piperaceae' (id=2520605)
	Leiosporoceros was remapped to 'Leiosporocerotopsida' (id=3057572)
	Tofieldia was remapped to 'Tofieldiaceae' (id=2833043)
	Anomodon was remapped to 'Anomodontaceae' (id=3046054)
	Hypnum was remapped to 'Hypnaceae' (id=3046927)
	Cinnamomum was remapped to 'Lauraceae' (id=2518681)
	Anemia was remapped to 'Anemiaceae' (id=3033878)
	Trimenia was remapped to 'Trimeniaceae' (id=3019591)
	Lygodium was remapped to 'Lygodiaceae' (id=3033829)
	Isoetes was remapped to 'Isoetales' (id=2511353)
	Haplomitrium was remapped to 'Haplomitriidae' (id=3034338)
	Treubia was remapped to 'Treubiidae' (id=3034318)
	Trichocolea was remapped to 'Trichocoleaceae' (id=3035693)
	Schistochila was remapped to 'Perssoniellineae' (id=3035206)
	Ephedra was remapped to 'Ephedrales' (id=3020127)
	Diphyscium was remapped to 'Diphysciidae' (id=3050517)
	Leptobryum was remapped to 'Splachnales' (id=3042591)
	Pteridium was remapped to 'Dennstaedtiaceae' (id=3023964)
	Gymnostomum was remapped to 'Pottiales' (id=3050622)
	Cyathea was remapped to 'Cyatheaceae' (id=3032418)
	Radula was remapped to 'Radulineae' (id=3038212)
this is the ROOT
placing root in index
Dealing with metadata property: id
Dealing with metadata property: ot:studyPublicationReference
Adding property 'ot:studyPublicationReference': Qiu, Y.-L., Li, L., Wang, B., Chen, Z., Dombrovska, O., Lee, J., Kent, L., Li, R., Jobson, R. J., Hendry, T. A., Taylor, D. W., Testa, C. M., & Ambros, M. 2007. A nonflowering land plant phylogeny inferred from nucleotide sequences of seven chloroplast, mitochondrial, and nuclear genes. Internat. J. Plant Sci. 168: 691-708.
Dealing with metadata property: ot:studyYear
Adding property 'ot:studyYear': 2007
Dealing with metadata property: ot:inGroupClade
Adding property 'ot:inGroupClade': node950875
Dealing with metadata property: ot:tag
Adding property 'ot:tag': ingroup added;
Dealing with metadata property: ot:curatorName
Adding property 'ot:curatorName': bryan drew
Dealing with metadata property: ot:studyPublication
Adding property 'ot:studyPublication': http://dx.doi.org/10.1086/513474
Dealing with metadata property: ot:studyId
Adding property 'ot:studyId': 2549
Committing nodes: 365
{2510887}
2510901
2511208
2511556
	adding Node[2511519] Selaginellaceae 144818 as compatible with Node[2511521]
		adding Relationship[8257974]
	adding Node[2511517] Selaginellales 144821 as compatible with Node[2511521]
		adding Relationship[8257975]
2511659
3019603
3019660
3020981
3021275
3021758
3021842
3022686
3023198
3023212
3023601
3023691
3023742
3024990
3025142
3025741
3026211
3032851
3032871
3032882
3033406
3033536
3034004
3034052
3034060
3034182
3034224
3034285
3034294
3034640
3034655
3034844
3034946
3035867
3035938
3037291
3037304
3037804
3038512
3038531
3038792
3038796
3038977
	adding Node[3038975] Takakiaceae 496418 as compatible with Node[3038976]
		adding Relationship[8257976]
	adding Node[3038974] Takakiales 496419 as compatible with Node[3038976]
		adding Relationship[8257977]
	adding Node[3038973] Takakiopsida 758427 as compatible with Node[3038976]
		adding Relationship[8257978]
	adding Node[3038972] Takakiophytina 14644 as compatible with Node[3038976]
		adding Relationship[8257979]
3038978
3038986
3039089
3053485
3053677
3056865
	adding Node[3056794] Sphagnaceae 738997 as compatible with Node[3056795]
		adding Relationship[8257980]
	adding Node[3056789] Sphagnales 738998 as compatible with Node[3056795]
		adding Relationship[8257981]
	adding Node[3056787] Sphagnopsida 235114 as compatible with Node[3056795]
		adding Relationship[8257982]
	adding Node[3056786] Sphagnophytina 736338 as compatible with Node[3056795]
		adding Relationship[8257983]
3056944
3057280
3057302
3057481
3057515
2511353
2517158
2518130
2518278
2518361
2518568
2518681
2520056
2520605
2521622
2521636
2521644
2522788
2523291
2525596
2526682
2831966
2832108
2833043
2833476
2840604
2841173
2936868
3019586
3019591
3019718
3019723
3019763
3020013
3020122
3020127
3020317
3020445
3020453
3020941
3022208
3022215
3022336
3022484
3023818
3023919
3023943
3023964
3026237
3027670
3027802
3029473
3029956
3030440
3031480
3032311
3032336
3032418
3032899
3033829
3033878
3034318
3034338
3034356
3034480
3035206
3035298
3035393
3035693
3036076
3036105
3036540
3036548
3036749
3036811
3036905
3036992
3037105
3038037
3038212
3038355
3038384
3038466
3038503
3038620
3038638
3038658
3038671
3038686
3038705
3038762
3038855
3038863
3038867
3039312
3039345
3039366
3039422
3039524
3040058
3041056
3041548
3042591
3042886
3043928
3044268
3045328
3045764
3045874
3046054
3046244
3046329
3046849
3046927
3048001
3048832
3048998
3050517
3050549
3050622
3052605
3052707
3053292
3054277
3054549
3055193
3055778
3056246
3056669
3057192
3057572
[Node[3056787], Node[3038974], Node[3056786], Node[3038975], Node[2511352], Node[3038972], Node[3038973], Node[2511517], Node[3056789], Node[2511519], Node[3056794], Node[3501545]]
	Node[3056787]
		adding Relationship[8257984] from Node[3056787] to Node[3056786]
	Node[3038974]
		adding Relationship[8257985] from Node[3038974] to Node[3038973]
	Node[3056786]
	Node[3038975]
		adding Relationship[8257986] from Node[3038975] to Node[3038974]
	Node[2511352]
	Node[3038972]
	Node[3038973]
		adding Relationship[8257987] from Node[3038973] to Node[3038972]
	Node[2511517]
		adding Relationship[8257988] from Node[2511517] to Node[2511352]
	Node[3056789]
		adding Relationship[8257989] from Node[3056789] to Node[3056787]
	Node[2511519]
		adding Relationship[8257990] from Node[2511519] to Node[2511517]
	Node[3056794]
		adding Relationship[8257991] from Node[3056794] to Node[3056789]
	Node[3501545]
