pgloadind OTUs number 83
pgloadind Processing tree @id "6165"
pgloadind   tree info number nodes 159
pgloadind   tree info number edges 158
pgloadind   tree info ingroup "node1053133"
pgloadind   Setting ingroup root node.
pgloadind   Ingested tree number of external nodes 71
pgloadind   property added ot:studyPublicationReference "Wang, W. [et al. 2012], Ortiz, R. D. C., Jacques, F. M. B., Xiang, X.-G., Li, H.-L., Lin, L., Li, R.-Q., Liu, Y., Soltis, P. S., Soltis, D. E. & Chen, Z.-D. 2012. Menispermaceae and the diversification of tropical rainforests near the Cretaceous-Paleogene boundary. New Phytol. 195: 470-478."
pgloadind   property added ot:curatorName "bryan drew"
pgloadind   property added ot:studyId "2645"
pgloadind   property added ot:studyYear "2012"
pgloadind   property added ot:focalClade "1007814"
pgloadind   property added ot:inGroupClade "node1053133"
loading a specific tree: 6165
pgloadind conducting TNRS on trees
pgloadind   name fixing on tree tree id "6165"
pgloadind   all nodes have ottIds
pgloadind   postpruning newick tree "((((Anamirta_cocculus,Arcangelisia_flava),Coscinium_blumeanum),((((Aspidocarya_uvifera,Disciphania_killipii),Parabaena_sagittata),((((((Borismene_japurensis,((((Chasmanthera_welwitschii,(Leptoterantha_mayumbensis,((Odontocarya_tripetala,Odontocarya_truncata),Syntriandrium_preussii))),((Kolobopetalum_leonense,Rhigiocarya_racemifera),Tinospora_smilacina)),Jateorhiza_macrantha),Dioscoreophyllum_cumminsii)),(Burasaia_madagascariensis,Orthogynium)),Penianthus_longifolius),Sphenocentrum_jollyanum),Fibraurea_tinctoria),Tinomiscium_petiolare)),Calycocarpum_lyonii)),((Menispermum_dauricum,Sinomenium_acutum),(((((((((Albertisia_laurifolia,Anisocycla_linearis),Tiliacora_acuminata),(Triclisia_dictyophylla,Triclisia_subcordata)),Beirnaertia_cabindensis),(Carronia_protensa,Pycnarrhena_novoguineensis)),((Chondrodendron_tomentosum,Curarea_candicans),Sciadotenia_amazonica)),((((Cissampelos_andromorpha,Cissampelos_pareira),(Cyclea_hypoglauca,Cyclea_polypetala)),Stephania_longa),(Rhaptonema,(Spirospermum_penduliflorum,Strychnopsis_thouarsii))),(((Cocculus_carolinus,Cocculus_orbiculatus),((Cocculus_laurifolius,Pachygone_valida),(Cocculus_trilobus,Pachygone_loyaltiensis)),Hyperbaena_domingensis),Haematocarpus_validus)),Limacia_blumei),((Diploclisia_affinis,Diploclisia_glaucescens),(Pericampylus_glaucus,((((Hypserpa_decumbens,Hypserpa_nitida),Parapachygone_longifolia),Legnephora_moorei),(Sarcopetalum_harveyanum,(((Anomospermum_chloranthum,Anomospermum_reticulatum),Orthomene_hirsuta),(Anomospermum_grandifolium,Anomospermum_solimoesanum),Elephantomene_eburnea,Telitoxicum_peruvianum,(Abuta_rufescens,Caryomene_grandifolia)))))))))"
pgloadind   taxon mapping summary
pgloadind     taxon mapping OTT ID 505648 taxonomy "Anamirta cocculus->Anamirta->Menispermaceae->Ranunculales->stem eudicotyledons->eudicotyledons->Mesangiospermae->Magnoliophyta->Spermatophyta->Euphyllophyta->Tracheophyta->Embryophyta->Streptophytina->Streptophyta->Chloroplastida->Archaeplastida->Eukaryota->cellular organisms->life" nexsonid "node1053137"
pgloadind     taxon mapping OTT ID 698903 taxonomy "Arcangelisia flava->Arcangelisia->Menispermaceae->Ranunculales->stem eudicotyledons->eudicotyledons->Mesangiospermae->Magnoliophyta->Spermatophyta->Euphyllophyta->Tracheophyta->Embryophyta->Streptophytina->Streptophyta->Chloroplastida->Archaeplastida->Eukaryota->cellular organisms->life" nexsonid "node1053138"
pgloadind     taxon mapping OTT ID 706277 taxonomy "Coscinium blumeanum->Coscinium->Stemonitidaceae->Stemonitida->Myxogastrea->Mycetozoa->Amoebozoa->Eukaryota->cellular organisms->life" nexsonid "node1053139"
pgloadind     taxon mapping OTT ID 660669 taxonomy "Aspidocarya uvifera->Aspidocarya->Menispermaceae->Ranunculales->stem eudicotyledons->eudicotyledons->Mesangiospermae->Magnoliophyta->Spermatophyta->Euphyllophyta->Tracheophyta->Embryophyta->Streptophytina->Streptophyta->Chloroplastida->Archaeplastida->Eukaryota->cellular organisms->life" nexsonid "node1053144"
pgloadind     taxon mapping OTT ID 550901 taxonomy "Disciphania killipii->Disciphania->Menispermaceae->Ranunculales->stem eudicotyledons->eudicotyledons->Mesangiospermae->Magnoliophyta->Spermatophyta->Euphyllophyta->Tracheophyta->Embryophyta->Streptophytina->Streptophyta->Chloroplastida->Archaeplastida->Eukaryota->cellular organisms->life" nexsonid "node1053145"
pgloadind     taxon mapping OTT ID 918338 taxonomy "Parabaena sagittata->Parabaena->Menispermaceae->Ranunculales->stem eudicotyledons->eudicotyledons->Mesangiospermae->Magnoliophyta->Spermatophyta->Euphyllophyta->Tracheophyta->Embryophyta->Streptophytina->Streptophyta->Chloroplastida->Archaeplastida->Eukaryota->cellular organisms->life" nexsonid "node1053146"
pgloadind     taxon mapping OTT ID 698911 taxonomy "Borismene japurensis->Borismene->Menispermaceae->Ranunculales->stem eudicotyledons->eudicotyledons->Mesangiospermae->Magnoliophyta->Spermatophyta->Euphyllophyta->Tracheophyta->Embryophyta->Streptophytina->Streptophyta->Chloroplastida->Archaeplastida->Eukaryota->cellular organisms->life" nexsonid "node1053153"
pgloadind     taxon mapping OTT ID 124725 taxonomy "Chasmanthera welwitschii->Chasmanthera->Menispermaceae->Ranunculales->stem eudicotyledons->eudicotyledons->Mesangiospermae->Magnoliophyta->Spermatophyta->Euphyllophyta->Tracheophyta->Embryophyta->Streptophytina->Streptophyta->Chloroplastida->Archaeplastida->Eukaryota->cellular organisms->life" nexsonid "node1053158"
pgloadind     taxon mapping OTT ID 55522 taxonomy "Leptoterantha mayumbensis->Leptoterantha->Menispermaceae->Ranunculales->stem eudicotyledons->eudicotyledons->Mesangiospermae->Magnoliophyta->Spermatophyta->Euphyllophyta->Tracheophyta->Embryophyta->Streptophytina->Streptophyta->Chloroplastida->Archaeplastida->Eukaryota->cellular organisms->life" nexsonid "node1053160"
pgloadind     taxon mapping OTT ID 335580 taxonomy "Odontocarya tripetala->Odontocarya->Menispermaceae->Ranunculales->stem eudicotyledons->eudicotyledons->Mesangiospermae->Magnoliophyta->Spermatophyta->Euphyllophyta->Tracheophyta->Embryophyta->Streptophytina->Streptophyta->Chloroplastida->Archaeplastida->Eukaryota->cellular organisms->life" nexsonid "node1053163"
pgloadind     taxon mapping OTT ID 55531 taxonomy "Odontocarya truncata->Odontocarya->Menispermaceae->Ranunculales->stem eudicotyledons->eudicotyledons->Mesangiospermae->Magnoliophyta->Spermatophyta->Euphyllophyta->Tracheophyta->Embryophyta->Streptophytina->Streptophyta->Chloroplastida->Archaeplastida->Eukaryota->cellular organisms->life" nexsonid "node1053164"
pgloadind     taxon mapping OTT ID 870833 taxonomy "Syntriandrium preussii->Syntriandrium->Menispermaceae->Ranunculales->stem eudicotyledons->eudicotyledons->Mesangiospermae->Magnoliophyta->Spermatophyta->Euphyllophyta->Tracheophyta->Embryophyta->Streptophytina->Streptophyta->Chloroplastida->Archaeplastida->Eukaryota->cellular organisms->life" nexsonid "node1053165"
pgloadind     taxon mapping OTT ID 1003746 taxonomy "Kolobopetalum leonense->Kolobopetalum->Menispermaceae->Ranunculales->stem eudicotyledons->eudicotyledons->Mesangiospermae->Magnoliophyta->Spermatophyta->Euphyllophyta->Tracheophyta->Embryophyta->Streptophytina->Streptophyta->Chloroplastida->Archaeplastida->Eukaryota->cellular organisms->life" nexsonid "node1053168"
pgloadind     taxon mapping OTT ID 3783 taxonomy "Rhigiocarya racemifera->Rhigiocarya->Menispermaceae->Ranunculales->stem eudicotyledons->eudicotyledons->Mesangiospermae->Magnoliophyta->Spermatophyta->Euphyllophyta->Tracheophyta->Embryophyta->Streptophytina->Streptophyta->Chloroplastida->Archaeplastida->Eukaryota->cellular organisms->life" nexsonid "node1053169"
pgloadind     taxon mapping OTT ID 1051363 taxonomy "Tinospora smilacina->Tinospora->Menispermaceae->Ranunculales->stem eudicotyledons->eudicotyledons->Mesangiospermae->Magnoliophyta->Spermatophyta->Euphyllophyta->Tracheophyta->Embryophyta->Streptophytina->Streptophyta->Chloroplastida->Archaeplastida->Eukaryota->cellular organisms->life" nexsonid "node1053170"
pgloadind     taxon mapping OTT ID 1003733 taxonomy "Jateorhiza macrantha->Jateorhiza->Menispermaceae->Ranunculales->stem eudicotyledons->eudicotyledons->Mesangiospermae->Magnoliophyta->Spermatophyta->Euphyllophyta->Tracheophyta->Embryophyta->Streptophytina->Streptophyta->Chloroplastida->Archaeplastida->Eukaryota->cellular organisms->life" nexsonid "node1053171"
pgloadind     taxon mapping OTT ID 964061 taxonomy "Dioscoreophyllum cumminsii->Dioscoreophyllum->Menispermaceae->Ranunculales->stem eudicotyledons->eudicotyledons->Mesangiospermae->Magnoliophyta->Spermatophyta->Euphyllophyta->Tracheophyta->Embryophyta->Streptophytina->Streptophyta->Chloroplastida->Archaeplastida->Eukaryota->cellular organisms->life" nexsonid "node1053172"
pgloadind     taxon mapping OTT ID 698915 taxonomy "Burasaia madagascariensis->Burasaia->Menispermaceae->Ranunculales->stem eudicotyledons->eudicotyledons->Mesangiospermae->Magnoliophyta->Spermatophyta->Euphyllophyta->Tracheophyta->Embryophyta->Streptophytina->Streptophyta->Chloroplastida->Archaeplastida->Eukaryota->cellular organisms->life" nexsonid "node1053174"
pgloadind     taxon mapping OTT ID 628596 taxonomy "Orthogynium->Menispermaceae->Ranunculales->stem eudicotyledons->eudicotyledons->Mesangiospermae->Magnoliophyta->Spermatophyta->Euphyllophyta->Tracheophyta->Embryophyta->Streptophytina->Streptophyta->Chloroplastida->Archaeplastida->Eukaryota->cellular organisms->life" nexsonid "node1053175"
pgloadind     taxon mapping OTT ID 628599 taxonomy "Penianthus longifolius->Penianthus->Menispermaceae->Ranunculales->stem eudicotyledons->eudicotyledons->Mesangiospermae->Magnoliophyta->Spermatophyta->Euphyllophyta->Tracheophyta->Embryophyta->Streptophytina->Streptophyta->Chloroplastida->Archaeplastida->Eukaryota->cellular organisms->life" nexsonid "node1053176"
pgloadind     taxon mapping OTT ID 576458 taxonomy "Sphenocentrum jollyanum->Sphenocentrum->Menispermaceae->Ranunculales->stem eudicotyledons->eudicotyledons->Mesangiospermae->Magnoliophyta->Spermatophyta->Euphyllophyta->Tracheophyta->Embryophyta->Streptophytina->Streptophyta->Chloroplastida->Archaeplastida->Eukaryota->cellular organisms->life" nexsonid "node1053177"
pgloadind     taxon mapping OTT ID 678311 taxonomy "Fibraurea tinctoria->Fibraurea->Menispermaceae->Ranunculales->stem eudicotyledons->eudicotyledons->Mesangiospermae->Magnoliophyta->Spermatophyta->Euphyllophyta->Tracheophyta->Embryophyta->Streptophytina->Streptophyta->Chloroplastida->Archaeplastida->Eukaryota->cellular organisms->life" nexsonid "node1053178"
pgloadind     taxon mapping OTT ID 93635 taxonomy "Tinomiscium petiolare->Tinomiscium->Berberidaceae->Ranunculales->stem eudicotyledons->eudicotyledons->Mesangiospermae->Magnoliophyta->Spermatophyta->Euphyllophyta->Tracheophyta->Embryophyta->Streptophytina->Streptophyta->Chloroplastida->Archaeplastida->Eukaryota->cellular organisms->life" nexsonid "node1053179"
pgloadind     taxon mapping OTT ID 124731 taxonomy "Calycocarpum lyonii->Calycocarpum->Menispermaceae->Ranunculales->stem eudicotyledons->eudicotyledons->Mesangiospermae->Magnoliophyta->Spermatophyta->Euphyllophyta->Tracheophyta->Embryophyta->Streptophytina->Streptophyta->Chloroplastida->Archaeplastida->Eukaryota->cellular organisms->life" nexsonid "node1053180"
pgloadind     taxon mapping OTT ID 855369 taxonomy "Menispermum dauricum->Menispermum->Menispermaceae->Ranunculales->stem eudicotyledons->eudicotyledons->Mesangiospermae->Magnoliophyta->Spermatophyta->Euphyllophyta->Tracheophyta->Embryophyta->Streptophytina->Streptophyta->Chloroplastida->Archaeplastida->Eukaryota->cellular organisms->life" nexsonid "node1053183"
pgloadind     taxon mapping OTT ID 292973 taxonomy "Sinomenium acutum->Sinomenium->Menispermaceae->Ranunculales->stem eudicotyledons->eudicotyledons->Mesangiospermae->Magnoliophyta->Spermatophyta->Euphyllophyta->Tracheophyta->Embryophyta->Streptophytina->Streptophyta->Chloroplastida->Archaeplastida->Eukaryota->cellular organisms->life" nexsonid "node1053184"
pgloadind     taxon mapping OTT ID 1000829 taxonomy "Albertisia laurifolia->Albertisia->Menispermaceae->Ranunculales->stem eudicotyledons->eudicotyledons->Mesangiospermae->Magnoliophyta->Spermatophyta->Euphyllophyta->Tracheophyta->Embryophyta->Streptophytina->Streptophyta->Chloroplastida->Archaeplastida->Eukaryota->cellular organisms->life" nexsonid "node1053194"
pgloadind     taxon mapping OTT ID 175684 taxonomy "Anisocycla linearis->Anisocycla->Menispermaceae->Ranunculales->stem eudicotyledons->eudicotyledons->Mesangiospermae->Magnoliophyta->Spermatophyta->Euphyllophyta->Tracheophyta->Embryophyta->Streptophytina->Streptophyta->Chloroplastida->Archaeplastida->Eukaryota->cellular organisms->life" nexsonid "node1053195"
pgloadind     taxon mapping OTT ID 397039 taxonomy "Tiliacora acuminata->Tiliacora->Menispermaceae->Ranunculales->stem eudicotyledons->eudicotyledons->Mesangiospermae->Magnoliophyta->Spermatophyta->Euphyllophyta->Tracheophyta->Embryophyta->Streptophytina->Streptophyta->Chloroplastida->Archaeplastida->Eukaryota->cellular organisms->life" nexsonid "node1053196"
pgloadind     taxon mapping OTT ID 1051367 taxonomy "Triclisia dictyophylla->Triclisia->Menispermaceae->Ranunculales->stem eudicotyledons->eudicotyledons->Mesangiospermae->Magnoliophyta->Spermatophyta->Euphyllophyta->Tracheophyta->Embryophyta->Streptophytina->Streptophyta->Chloroplastida->Archaeplastida->Eukaryota->cellular organisms->life" nexsonid "node1053198"
pgloadind     taxon mapping OTT ID 1051373 taxonomy "Triclisia subcordata->Triclisia->Menispermaceae->Ranunculales->stem eudicotyledons->eudicotyledons->Mesangiospermae->Magnoliophyta->Spermatophyta->Euphyllophyta->Tracheophyta->Embryophyta->Streptophytina->Streptophyta->Chloroplastida->Archaeplastida->Eukaryota->cellular organisms->life" nexsonid "node1053199"
pgloadind     taxon mapping OTT ID 698907 taxonomy "Beirnaertia cabindensis->Beirnaertia->Menispermaceae->Ranunculales->stem eudicotyledons->eudicotyledons->Mesangiospermae->Magnoliophyta->Spermatophyta->Euphyllophyta->Tracheophyta->Embryophyta->Streptophytina->Streptophyta->Chloroplastida->Archaeplastida->Eukaryota->cellular organisms->life" nexsonid "node1053200"
pgloadind     taxon mapping OTT ID 124735 taxonomy "Carronia protensa->Carronia->Menispermaceae->Ranunculales->stem eudicotyledons->eudicotyledons->Mesangiospermae->Magnoliophyta->Spermatophyta->Euphyllophyta->Tracheophyta->Embryophyta->Streptophytina->Streptophyta->Chloroplastida->Archaeplastida->Eukaryota->cellular organisms->life" nexsonid "node1053202"
pgloadind     taxon mapping OTT ID 3790 taxonomy "Pycnarrhena novoguineensis->Pycnarrhena->Menispermaceae->Ranunculales->stem eudicotyledons->eudicotyledons->Mesangiospermae->Magnoliophyta->Spermatophyta->Euphyllophyta->Tracheophyta->Embryophyta->Streptophytina->Streptophyta->Chloroplastida->Archaeplastida->Eukaryota->cellular organisms->life" nexsonid "node1053203"
pgloadind     taxon mapping OTT ID 124716 taxonomy "Chondrodendron tomentosum->Chondrodendron->Menispermaceae->Ranunculales->stem eudicotyledons->eudicotyledons->Mesangiospermae->Magnoliophyta->Spermatophyta->Euphyllophyta->Tracheophyta->Embryophyta->Streptophytina->Streptophyta->Chloroplastida->Archaeplastida->Eukaryota->cellular organisms->life" nexsonid "node1053206"
pgloadind     taxon mapping OTT ID 646380 taxonomy "Curarea candicans->Curarea->Menispermaceae->Ranunculales->stem eudicotyledons->eudicotyledons->Mesangiospermae->Magnoliophyta->Spermatophyta->Euphyllophyta->Tracheophyta->Embryophyta->Streptophytina->Streptophyta->Chloroplastida->Archaeplastida->Eukaryota->cellular organisms->life" nexsonid "node1053207"
pgloadind     taxon mapping OTT ID 3777 taxonomy "Sciadotenia amazonica->Sciadotenia->Menispermaceae->Ranunculales->stem eudicotyledons->eudicotyledons->Mesangiospermae->Magnoliophyta->Spermatophyta->Euphyllophyta->Tracheophyta->Embryophyta->Streptophytina->Streptophyta->Chloroplastida->Archaeplastida->Eukaryota->cellular organisms->life" nexsonid "node1053208"
pgloadind     taxon mapping OTT ID 124719 taxonomy "Cissampelos andromorpha->Cissampelos->Menispermaceae->Ranunculales->stem eudicotyledons->eudicotyledons->Mesangiospermae->Magnoliophyta->Spermatophyta->Euphyllophyta->Tracheophyta->Embryophyta->Streptophytina->Streptophyta->Chloroplastida->Archaeplastida->Eukaryota->cellular organisms->life" nexsonid "node1053213"
pgloadind     taxon mapping OTT ID 1057448 taxonomy "Cissampelos pareira->Cissampelos->Menispermaceae->Ranunculales->stem eudicotyledons->eudicotyledons->Mesangiospermae->Magnoliophyta->Spermatophyta->Euphyllophyta->Tracheophyta->Embryophyta->Streptophytina->Streptophyta->Chloroplastida->Archaeplastida->Eukaryota->cellular organisms->life" nexsonid "node1053214"
pgloadind     taxon mapping OTT ID 867891 taxonomy "Cyclea hypoglauca->Cyclea->Menispermaceae->Ranunculales->stem eudicotyledons->eudicotyledons->Mesangiospermae->Magnoliophyta->Spermatophyta->Euphyllophyta->Tracheophyta->Embryophyta->Streptophytina->Streptophyta->Chloroplastida->Archaeplastida->Eukaryota->cellular organisms->life" nexsonid "node1053216"
pgloadind     taxon mapping OTT ID 867893 taxonomy "Cyclea polypetala->Cyclea->Menispermaceae->Ranunculales->stem eudicotyledons->eudicotyledons->Mesangiospermae->Magnoliophyta->Spermatophyta->Euphyllophyta->Tracheophyta->Embryophyta->Streptophytina->Streptophyta->Chloroplastida->Archaeplastida->Eukaryota->cellular organisms->life" nexsonid "node1053217"
pgloadind     taxon mapping OTT ID 567682 taxonomy "Stephania longa->Stephania->Menispermaceae->Ranunculales->stem eudicotyledons->eudicotyledons->Mesangiospermae->Magnoliophyta->Spermatophyta->Euphyllophyta->Tracheophyta->Embryophyta->Streptophytina->Streptophyta->Chloroplastida->Archaeplastida->Eukaryota->cellular organisms->life" nexsonid "node1053218"
pgloadind     taxon mapping OTT ID 3789 taxonomy "Rhaptonema->Menispermaceae->Ranunculales->stem eudicotyledons->eudicotyledons->Mesangiospermae->Magnoliophyta->Spermatophyta->Euphyllophyta->Tracheophyta->Embryophyta->Streptophytina->Streptophyta->Chloroplastida->Archaeplastida->Eukaryota->cellular organisms->life" nexsonid "node1053220"
pgloadind     taxon mapping OTT ID 627816 taxonomy "Spirospermum penduliflorum->Spirospermum->Menispermaceae->Ranunculales->stem eudicotyledons->eudicotyledons->Mesangiospermae->Magnoliophyta->Spermatophyta->Euphyllophyta->Tracheophyta->Embryophyta->Streptophytina->Streptophyta->Chloroplastida->Archaeplastida->Eukaryota->cellular organisms->life" nexsonid "node1053222"
pgloadind     taxon mapping OTT ID 576466 taxonomy "Strychnopsis thouarsii->Strychnopsis->Menispermaceae->Ranunculales->stem eudicotyledons->eudicotyledons->Mesangiospermae->Magnoliophyta->Spermatophyta->Euphyllophyta->Tracheophyta->Embryophyta->Streptophytina->Streptophyta->Chloroplastida->Archaeplastida->Eukaryota->cellular organisms->life" nexsonid "node1053223"
pgloadind     taxon mapping OTT ID 384637 taxonomy "Cocculus carolinus->Cocculus->Menispermaceae->Ranunculales->stem eudicotyledons->eudicotyledons->Mesangiospermae->Magnoliophyta->Spermatophyta->Euphyllophyta->Tracheophyta->Embryophyta->Streptophytina->Streptophyta->Chloroplastida->Archaeplastida->Eukaryota->cellular organisms->life" nexsonid "node1053227"
pgloadind     taxon mapping OTT ID 918347 taxonomy "Cocculus orbiculatus->Cocculus->Menispermaceae->Ranunculales->stem eudicotyledons->eudicotyledons->Mesangiospermae->Magnoliophyta->Spermatophyta->Euphyllophyta->Tracheophyta->Embryophyta->Streptophytina->Streptophyta->Chloroplastida->Archaeplastida->Eukaryota->cellular organisms->life" nexsonid "node1053228"
pgloadind     taxon mapping OTT ID 918349 taxonomy "Cocculus laurifolius->Cocculus->Menispermaceae->Ranunculales->stem eudicotyledons->eudicotyledons->Mesangiospermae->Magnoliophyta->Spermatophyta->Euphyllophyta->Tracheophyta->Embryophyta->Streptophytina->Streptophyta->Chloroplastida->Archaeplastida->Eukaryota->cellular organisms->life" nexsonid "node1053231"
pgloadind     taxon mapping OTT ID 292975 taxonomy "Pachygone valida->Pachygone->Menispermaceae->Ranunculales->stem eudicotyledons->eudicotyledons->Mesangiospermae->Magnoliophyta->Spermatophyta->Euphyllophyta->Tracheophyta->Embryophyta->Streptophytina->Streptophyta->Chloroplastida->Archaeplastida->Eukaryota->cellular organisms->life" nexsonid "node1053232"
pgloadind     taxon mapping OTT ID 1001046 taxonomy "Cocculus trilobus->Cocculus->Menispermaceae->Ranunculales->stem eudicotyledons->eudicotyledons->Mesangiospermae->Magnoliophyta->Spermatophyta->Euphyllophyta->Tracheophyta->Embryophyta->Streptophytina->Streptophyta->Chloroplastida->Archaeplastida->Eukaryota->cellular organisms->life" nexsonid "node1053234"
pgloadind     taxon mapping OTT ID 628590 taxonomy "Pachygone loyaltiensis->Pachygone->Menispermaceae->Ranunculales->stem eudicotyledons->eudicotyledons->Mesangiospermae->Magnoliophyta->Spermatophyta->Euphyllophyta->Tracheophyta->Embryophyta->Streptophytina->Streptophyta->Chloroplastida->Archaeplastida->Eukaryota->cellular organisms->life" nexsonid "node1053235"
pgloadind     taxon mapping OTT ID 1003739 taxonomy "Hyperbaena domingensis->Hyperbaena->Menispermaceae->Ranunculales->stem eudicotyledons->eudicotyledons->Mesangiospermae->Magnoliophyta->Spermatophyta->Euphyllophyta->Tracheophyta->Embryophyta->Streptophytina->Streptophyta->Chloroplastida->Archaeplastida->Eukaryota->cellular organisms->life" nexsonid "node1053236"
pgloadind     taxon mapping OTT ID 346183 taxonomy "Haematocarpus validus->Haematocarpus->Menispermaceae->Ranunculales->stem eudicotyledons->eudicotyledons->Mesangiospermae->Magnoliophyta->Spermatophyta->Euphyllophyta->Tracheophyta->Embryophyta->Streptophytina->Streptophyta->Chloroplastida->Archaeplastida->Eukaryota->cellular organisms->life" nexsonid "node1053237"
pgloadind     taxon mapping OTT ID 1051357 taxonomy "Limacia blumei->Limacia->Menispermaceae->Ranunculales->stem eudicotyledons->eudicotyledons->Mesangiospermae->Magnoliophyta->Spermatophyta->Euphyllophyta->Tracheophyta->Embryophyta->Streptophytina->Streptophyta->Chloroplastida->Archaeplastida->Eukaryota->cellular organisms->life" nexsonid "node1053238"
pgloadind     taxon mapping OTT ID 660681 taxonomy "Diploclisia affinis->Diploclisia->Menispermaceae->Ranunculales->stem eudicotyledons->eudicotyledons->Mesangiospermae->Magnoliophyta->Spermatophyta->Euphyllophyta->Tracheophyta->Embryophyta->Streptophytina->Streptophyta->Chloroplastida->Archaeplastida->Eukaryota->cellular organisms->life" nexsonid "node1053241"
pgloadind     taxon mapping OTT ID 918341 taxonomy "Diploclisia glaucescens->Diploclisia->Menispermaceae->Ranunculales->stem eudicotyledons->eudicotyledons->Mesangiospermae->Magnoliophyta->Spermatophyta->Euphyllophyta->Tracheophyta->Embryophyta->Streptophytina->Streptophyta->Chloroplastida->Archaeplastida->Eukaryota->cellular organisms->life" nexsonid "node1053242"
pgloadind     taxon mapping OTT ID 918345 taxonomy "Pericampylus glaucus->Pericampylus->Menispermaceae->Ranunculales->stem eudicotyledons->eudicotyledons->Mesangiospermae->Magnoliophyta->Spermatophyta->Euphyllophyta->Tracheophyta->Embryophyta->Streptophytina->Streptophyta->Chloroplastida->Archaeplastida->Eukaryota->cellular organisms->life" nexsonid "node1053244"
pgloadind     taxon mapping OTT ID 522737 taxonomy "Hypserpa decumbens->Hypserpa->Menispermaceae->Ranunculales->stem eudicotyledons->eudicotyledons->Mesangiospermae->Magnoliophyta->Spermatophyta->Euphyllophyta->Tracheophyta->Embryophyta->Streptophytina->Streptophyta->Chloroplastida->Archaeplastida->Eukaryota->cellular organisms->life" nexsonid "node1053249"
pgloadind     taxon mapping OTT ID 918335 taxonomy "Hypserpa nitida->Hypserpa->Menispermaceae->Ranunculales->stem eudicotyledons->eudicotyledons->Mesangiospermae->Magnoliophyta->Spermatophyta->Euphyllophyta->Tracheophyta->Embryophyta->Streptophytina->Streptophyta->Chloroplastida->Archaeplastida->Eukaryota->cellular organisms->life" nexsonid "node1053250"
pgloadind     taxon mapping OTT ID 346191 taxonomy "Parapachygone longifolia->Parapachygone->Menispermaceae->Ranunculales->stem eudicotyledons->eudicotyledons->Mesangiospermae->Magnoliophyta->Spermatophyta->Euphyllophyta->Tracheophyta->Embryophyta->Streptophytina->Streptophyta->Chloroplastida->Archaeplastida->Eukaryota->cellular organisms->life" nexsonid "node1053251"
pgloadind     taxon mapping OTT ID 55518 taxonomy "Legnephora moorei->Legnephora->Menispermaceae->Ranunculales->stem eudicotyledons->eudicotyledons->Mesangiospermae->Magnoliophyta->Spermatophyta->Euphyllophyta->Tracheophyta->Embryophyta->Streptophytina->Streptophyta->Chloroplastida->Archaeplastida->Eukaryota->cellular organisms->life" nexsonid "node1053252"
pgloadind     taxon mapping OTT ID 3779 taxonomy "Sarcopetalum harveyanum->Sarcopetalum->Menispermaceae->Ranunculales->stem eudicotyledons->eudicotyledons->Mesangiospermae->Magnoliophyta->Spermatophyta->Euphyllophyta->Tracheophyta->Embryophyta->Streptophytina->Streptophyta->Chloroplastida->Archaeplastida->Eukaryota->cellular organisms->life" nexsonid "node1053254"
pgloadind     taxon mapping OTT ID 175694 taxonomy "Anomospermum chloranthum->Anomospermum->Menispermaceae->Ranunculales->stem eudicotyledons->eudicotyledons->Mesangiospermae->Magnoliophyta->Spermatophyta->Euphyllophyta->Tracheophyta->Embryophyta->Streptophytina->Streptophyta->Chloroplastida->Archaeplastida->Eukaryota->cellular organisms->life" nexsonid "node1053258"
pgloadind     taxon mapping OTT ID 698899 taxonomy "Anomospermum reticulatum->Anomospermum->Menispermaceae->Ranunculales->stem eudicotyledons->eudicotyledons->Mesangiospermae->Magnoliophyta->Spermatophyta->Euphyllophyta->Tracheophyta->Embryophyta->Streptophytina->Streptophyta->Chloroplastida->Archaeplastida->Eukaryota->cellular organisms->life" nexsonid "node1053259"
pgloadind     taxon mapping OTT ID 628594 taxonomy "Orthomene hirsuta->Orthomene->Menispermaceae->Ranunculales->stem eudicotyledons->eudicotyledons->Mesangiospermae->Magnoliophyta->Spermatophyta->Euphyllophyta->Tracheophyta->Embryophyta->Streptophytina->Streptophyta->Chloroplastida->Archaeplastida->Eukaryota->cellular organisms->life" nexsonid "node1053260"
pgloadind     taxon mapping OTT ID 698901 taxonomy "Anomospermum grandifolium->Anomospermum->Menispermaceae->Ranunculales->stem eudicotyledons->eudicotyledons->Mesangiospermae->Magnoliophyta->Spermatophyta->Euphyllophyta->Tracheophyta->Embryophyta->Streptophytina->Streptophyta->Chloroplastida->Archaeplastida->Eukaryota->cellular organisms->life" nexsonid "node1053262"
pgloadind     taxon mapping OTT ID 698905 taxonomy "Anomospermum solimoesanum->Anomospermum->Menispermaceae->Ranunculales->stem eudicotyledons->eudicotyledons->Mesangiospermae->Magnoliophyta->Spermatophyta->Euphyllophyta->Tracheophyta->Embryophyta->Streptophytina->Streptophyta->Chloroplastida->Archaeplastida->Eukaryota->cellular organisms->life" nexsonid "node1053263"
pgloadind     taxon mapping OTT ID 477316 taxonomy "Elephantomene eburnea->Elephantomene->Menispermaceae->Ranunculales->stem eudicotyledons->eudicotyledons->Mesangiospermae->Magnoliophyta->Spermatophyta->Euphyllophyta->Tracheophyta->Embryophyta->Streptophytina->Streptophyta->Chloroplastida->Archaeplastida->Eukaryota->cellular organisms->life" nexsonid "node1053264"
pgloadind     taxon mapping OTT ID 576472 taxonomy "Telitoxicum peruvianum->Telitoxicum->Menispermaceae->Ranunculales->stem eudicotyledons->eudicotyledons->Mesangiospermae->Magnoliophyta->Spermatophyta->Euphyllophyta->Tracheophyta->Embryophyta->Streptophytina->Streptophyta->Chloroplastida->Archaeplastida->Eukaryota->cellular organisms->life" nexsonid "node1053265"
pgloadind     taxon mapping OTT ID 175678 taxonomy "Abuta rufescens->Abuta->Menispermaceae->Ranunculales->stem eudicotyledons->eudicotyledons->Mesangiospermae->Magnoliophyta->Spermatophyta->Euphyllophyta->Tracheophyta->Embryophyta->Streptophytina->Streptophyta->Chloroplastida->Archaeplastida->Eukaryota->cellular organisms->life" nexsonid "node1053267"
pgloadind     taxon mapping OTT ID 124723 taxonomy "Caryomene grandifolia->Caryomene->Menispermaceae->Ranunculales->stem eudicotyledons->eudicotyledons->Mesangiospermae->Magnoliophyta->Spermatophyta->Euphyllophyta->Tracheophyta->Embryophyta->Streptophytina->Streptophyta->Chloroplastida->Archaeplastida->Eukaryota->cellular organisms->life" nexsonid "node1053268"
done fixing name
pgloadind Finished with attempts to fix names
pgloadind   Checking for uniqueness of OTT IDs tree id "6165"
pgloadind   Adding tree to graph tree id "6165"
all trees have all taxa: false
	using bipartition technique
attempting to remap tips to deepest exemplified taxa
	Haematocarpus validus was remapped to 'Haematocarpus' (id=2673148)
	Leptoterantha mayumbensis was remapped to 'Leptoterantha' (id=2673144)
	Albertisia laurifolia was remapped to 'Albertisia' (id=2673373)
	Orthomene hirsuta was remapped to 'Orthomene' (id=2673252)
	Tinomiscium petiolare was remapped to 'Berberidaceae' (id=2669670)
	Pericampylus glaucus was remapped to 'Pericampylus' (id=2673359)
	Pycnarrhena novoguineensis was remapped to 'Pycnarrhena' (id=2673156)
	Calycocarpum lyonii was remapped to 'Calycocarpum' (id=2673096)
	Arcangelisia flava was remapped to 'Arcangelisia' (id=2673368)
	Sciadotenia amazonica was remapped to 'Sciadotenia' (id=2673462)
	Limacia blumei was remapped to 'Limacia' (id=2673437)
	Carronia protensa was remapped to 'Carronia' (id=2673101)
	Curarea candicans was remapped to 'Curarea' (id=2673261)
	Elephantomene eburnea was remapped to 'Elephantomene' (id=2673272)
	Syntriandrium preussii was remapped to 'Syntriandrium' (id=2673339)
	Sphenocentrum jollyanum was remapped to 'Sphenocentrum' (id=2673235)
	Abuta rufescens was remapped to 'Abuta' (id=2673315)
	Telitoxicum peruvianum was remapped to 'Telitoxicum' (id=2673243)
	Dioscoreophyllum cumminsii was remapped to 'Dioscoreophyllum' (id=2673364)
	Sinomenium acutum was remapped to 'Sinomenium' (id=2673123)
	Jateorhiza macrantha was remapped to 'Jateorhiza' (id=2673408)
	Aspidocarya uvifera was remapped to 'Aspidocarya' (id=2673152)
	Anamirta cocculus was remapped to 'Anamirta' (id=2673175)
	Burasaia madagascariensis was remapped to 'Burasaia' (id=2673284)
	Kolobopetalum leonense was remapped to 'Kolobopetalum' (id=2673341)
	Sarcopetalum harveyanum was remapped to 'Sarcopetalum' (id=2673071)
	Beirnaertia cabindensis was remapped to 'Beirnaertia' (id=2673276)
	Chondrodendron tomentosum was remapped to 'Chondrodendron' (id=2673090)
	Spirospermum penduliflorum was remapped to 'Spirospermum' (id=2673417)
	Rhigiocarya racemifera was remapped to 'Rhigiocarya' (id=2673075)
	Coscinium blumeanum was remapped to 'Amoebozoa' (id=3238169)
	Strychnopsis thouarsii was remapped to 'Strychnopsis' (id=2673239)
	Legnephora moorei was remapped to 'Legnephora' (id=2673082)
	Tiliacora acuminata was remapped to 'Tiliacora' (id=2673421)
	Borismene japurensis was remapped to 'Borismene' (id=2673280)
	Chasmanthera welwitschii was remapped to 'Chasmanthera' (id=2673474)
	Tinospora smilacina was remapped to 'Tinospora' (id=2673291)
	Stephania longa was remapped to 'Stephania' (id=2673198)
	Caryomene grandifolia was remapped to 'Caryomene' (id=2673086)
	Hyperbaena domingensis was remapped to 'Hyperbaena' (id=2673183)
	Anisocycla linearis was remapped to 'Anisocycla' (id=2673119)
	Fibraurea tinctoria was remapped to 'Fibraurea' (id=2673168)
	Parapachygone longifolia was remapped to 'Parapachygone' (id=2673150)
	Disciphania killipii was remapped to 'Disciphania' (id=2673180)
	Menispermum dauricum was remapped to 'Menispermum' (id=2673307)
	Penianthus longifolius was remapped to 'Penianthus' (id=2673249)
	Parabaena sagittata was remapped to 'Parabaena' (id=2673351)
this is the ROOT
placing root in index
Dealing with metadata property: id
Dealing with metadata property: ot:studyPublicationReference
Adding property 'ot:studyPublicationReference': Wang, W. [et al. 2012], Ortiz, R. D. C., Jacques, F. M. B., Xiang, X.-G., Li, H.-L., Lin, L., Li, R.-Q., Liu, Y., Soltis, P. S., Soltis, D. E. & Chen, Z.-D. 2012. Menispermaceae and the diversification of tropical rainforests near the Cretaceous-Paleogene boundary. New Phytol. 195: 470-478.
Dealing with metadata property: ot:studyYear
Adding property 'ot:studyYear': 2012
Dealing with metadata property: ot:inGroupClade
Adding property 'ot:inGroupClade': node1053133
Dealing with metadata property: ot:curatorName
Adding property 'ot:curatorName': bryan drew
Dealing with metadata property: ot:focalClade
Adding property 'ot:focalClade': 1007814
Dealing with metadata property: ot:studyId
Adding property 'ot:studyId': 2645
Committing nodes: 136
{6095}
2673079
2673109
2673111
2673115
2673117
2673127
2673130
2673140
2673142
2673258
2673333
2673335
2673347
2673350
2673355
2673357
2673384
2673394
2673401
2673403
2673433
2673435
2673444
2673458
2669670
	adding Node[2669670] Berberidaceae 297866 as compatible with Node[2669670]
		adding Relationship[8623534]
2673071
2673075
2673082
2673086
2673090
	adding Node[2673090] Chondrodendron 124727 as compatible with Node[2673090]
		adding Relationship[8623535]
2673096
2673101
2673119
2673123
2673144
2673148
2673150
2673152
2673156
	adding Node[2673156] Pycnarrhena 660683 as compatible with Node[2673156]
		adding Relationship[8623536]
2673168
	adding Node[2673168] Fibraurea 477318 as compatible with Node[2673168]
		adding Relationship[8623537]
2673175
	adding Node[2673175] Anamirta 338335 as compatible with Node[2673175]
		adding Relationship[8623538]
2673180
	adding Node[2673180] Disciphania 550889 as compatible with Node[2673180]
		adding Relationship[8623539]
2673183
	adding Node[2673183] Hyperbaena 4110 as compatible with Node[2673183]
		adding Relationship[8623540]
2673198
	adding Node[2673198] Stephania 567686 as compatible with Node[2673198]
		adding Relationship[8623541]
2673235
2673239
2673243
	adding Node[2673243] Telitoxicum 576468 as compatible with Node[2673243]
		adding Relationship[8623542]
2673249
	adding Node[2673249] Penianthus 628586 as compatible with Node[2673249]
		adding Relationship[8623543]
2673252
	adding Node[2673252] Orthomene 628592 as compatible with Node[2673252]
		adding Relationship[8623544]
2673261
	adding Node[2673261] Curarea 646382 as compatible with Node[2673261]
		adding Relationship[8623545]
2673272
2673276
2673280
2673284
	adding Node[2673284] Burasaia 698917 as compatible with Node[2673284]
		adding Relationship[8623546]
2673291
	adding Node[2673291] Tinospora 822366 as compatible with Node[2673291]
		adding Relationship[8623547]
2673307
	adding Node[2673307] Menispermum 855362 as compatible with Node[2673307]
		adding Relationship[8623548]
2673315
	adding Node[2673315] Abuta 1058155 as compatible with Node[2673315]
		adding Relationship[8623549]
2673339
2673341
2673351
2673359
	adding Node[2673359] Pericampylus 918343 as compatible with Node[2673359]
		adding Relationship[8623550]
2673364
2673368
	adding Node[2673368] Arcangelisia 1000805 as compatible with Node[2673368]
		adding Relationship[8623551]
2673373
	adding Node[2673373] Albertisia 505653 as compatible with Node[2673373]
		adding Relationship[8623552]
2673408
	adding Node[2673408] Jateorhiza 1003735 as compatible with Node[2673408]
		adding Relationship[8623553]
2673417
2673421
	adding Node[2673421] Tiliacora 1051361 as compatible with Node[2673421]
		adding Relationship[8623554]
2673437
	adding Node[2673437] Limacia 1051371 as compatible with Node[2673437]
		adding Relationship[8623555]
2673462
	adding Node[2673462] Sciadotenia 1058159 as compatible with Node[2673462]
		adding Relationship[8623556]
2673474
	adding Node[2673474] Chasmanthera 1058166 as compatible with Node[2673474]
		adding Relationship[8623557]
3238169
	adding Node[3238169] Amoebozoa 1064655 as compatible with Node[3238169]
		adding Relationship[8623558]
[Node[3631185], Node[2673175], Node[3631187], Node[2673474], Node[2673368], Node[2673307], Node[2673408], Node[3631188], Node[2673373], Node[2673168], Node[2673421], Node[3631193], Node[3631192], Node[2673183], Node[2673243], Node[2673180], Node[3631194], Node[3631197], Node[3631199], Node[3631170], Node[3631171], Node[2673156], Node[3631172], Node[2673359], Node[2673291], Node[3631176], Node[2673437], Node[3631178], Node[2673284], Node[3631180], Node[3631183], Node[3631218], Node[3631221], Node[3631220], Node[3631224], Node[2673090], Node[2673462], Node[2673249], Node[3631203], Node[3631200], Node[2673252], Node[3238169], Node[3631211], Node[2673198], Node[3631214], Node[2669670], Node[2673261], Node[2673315]]
	Node[3631185]
	Node[2673175]
		adding Relationship[8623559] from Node[2673175] to Node[3631170]
	Node[3631187]
		adding Relationship[8623560] from Node[3631187] to Node[3631188]
	Node[2673474]
		adding Relationship[8623561] from Node[2673474] to Node[3631176]
	Node[2673368]
		adding Relationship[8623562] from Node[2673368] to Node[3631170]
	Node[2673307]
		adding Relationship[8623563] from Node[2673307] to Node[3631192]
	Node[2673408]
		adding Relationship[8623564] from Node[2673408] to Node[3631180]
	Node[3631188]
	Node[2673373]
		adding Relationship[8623565] from Node[2673373] to Node[3631193]
	Node[2673168]
		adding Relationship[8623566] from Node[2673168] to Node[3631187]
	Node[2673421]
		adding Relationship[8623567] from Node[2673421] to Node[3631194]
	Node[3631193]
		adding Relationship[8623568] from Node[3631193] to Node[3631194]
	Node[3631192]
	Node[2673183]
		adding Relationship[8623569] from Node[2673183] to Node[3631211]
	Node[2673243]
		adding Relationship[8623570] from Node[2673243] to Node[3631221]
	Node[2673180]
		adding Relationship[8623571] from Node[2673180] to Node[3631172]
	Node[3631194]
	Node[3631197]
	Node[3631199]
		adding Relationship[8623572] from Node[3631199] to Node[3631200]
	Node[3631170]
		adding Relationship[8623573] from Node[3631170] to Node[3631171]
	Node[3631171]
	Node[2673156]
		adding Relationship[8623574] from Node[2673156] to Node[3631197]
	Node[3631172]
	Node[2673359]
		adding Relationship[8623575] from Node[2673359] to Node[3631224]
	Node[2673291]
		adding Relationship[8623576] from Node[2673291] to Node[3631178]
	Node[3631176]
	Node[2673437]
		adding Relationship[8623577] from Node[2673437] to Node[3631214]
	Node[3631178]
	Node[2673284]
		adding Relationship[8623578] from Node[2673284] to Node[3631183]
	Node[3631180]
	Node[3631183]
	Node[3631218]
		adding Relationship[8623579] from Node[3631218] to Node[3631221]
	Node[3631221]
	Node[3631220]
		adding Relationship[8623580] from Node[3631220] to Node[3631221]
	Node[3631224]
	Node[2673090]
		adding Relationship[8623581] from Node[2673090] to Node[3631199]
	Node[2673462]
		adding Relationship[8623582] from Node[2673462] to Node[3631200]
	Node[2673249]
		adding Relationship[8623583] from Node[2673249] to Node[3631185]
	Node[3631203]
	Node[3631200]
	Node[2673252]
		adding Relationship[8623584] from Node[2673252] to Node[3631218]
	Node[3238169]
		adding Relationship[8623585] from Node[3238169] to Node[3631171]
	Node[3631211]
	Node[2673198]
		adding Relationship[8623586] from Node[2673198] to Node[3631203]
	Node[3631214]
	Node[2669670]
		adding Relationship[8623587] from Node[2669670] to Node[3631188]
	Node[2673261]
		adding Relationship[8623588] from Node[2673261] to Node[3631199]
	Node[2673315]
		adding Relationship[8623589] from Node[2673315] to Node[3631220]
