pgloadind OTUs number 138
pgloadind Processing tree @id "183"
pgloadind   tree info number nodes 263
pgloadind   tree info number edges 262
pgloadind   tree info ingroup "node174306"
pgloadind   Setting ingroup root node.
pgloadind   Ingested tree number of external nodes 128
pgloadind   property added ot:studyPublicationReference "Simmons et al. Phylogeny of Celastraceae tribe Euonymeae inferred from morphological characters and nuclear and plastid genes. Molecular Phylogenetics and Evolution 62 (2012) 9–20."
pgloadind   property added ot:studyPublication "http://dx.doi.org/10.1016/j.ympev.2011.08.022"
pgloadind   property added ot:curatorName "bryan drew"
pgloadind   property added ot:studyId "282"
pgloadind   property added ot:studyYear "2012"
pgloadind   property added ot:focalClade "854864"
pgloadind   property added ot:focalCladeOTTTaxonName "Celastraceae"
pgloadind   property added ot:inGroupClade "node174306"
pgloadind   property added ot:curatedType "simultaneous-analysis parsimony strict consensus tree"
loading a specific tree: 183
pgloadind conducting TNRS on trees
pgloadind   name fixing on tree tree id "183"
pgloadind   all nodes have ottIds
pgloadind     OTT ID reused in tree
pgloadind       duplicate name "Euonymus globularis" nexsonid "node174327"
pgloadind       duplicate OTT ID 622347
pgloadind     OTT ID reused in tree
pgloadind       duplicate name "Hedraianthera porphyropetala" nexsonid "node174345"
pgloadind       duplicate OTT ID 171332
pgloadind     OTT ID not in database (probably dubious)
pgloadind       dubious name "Euonymeae sp. CDB-2011a" nexsonid "node174381"
pgloadind       dubious OTT ID 4730272
pgloadind     OTT ID not in database (probably dubious)
pgloadind       dubious name "Euonymeae sp. CDB-2011a" nexsonid "node174382"
pgloadind       dubious OTT ID 4730272
pgloadind     OTT ID not in database (probably dubious)
pgloadind       dubious name "Euonymeae sp. CDB-2011b" nexsonid "node174384"
pgloadind       dubious OTT ID 4730271
pgloadind     OTT ID reused in tree
pgloadind       duplicate name "Elaeodendron australe" nexsonid "node174398"
pgloadind       duplicate OTT ID 629063
pgloadind     OTT ID not in database (probably dubious)
pgloadind       dubious name "Celastraceae sp. ALD-2007" nexsonid "node174409"
pgloadind       dubious OTT ID 4730273
pgloadind     OTT ID not in database (probably dubious)
pgloadind       dubious name "Celastraceae sp. ALD-2007" nexsonid "node174410"
pgloadind       dubious OTT ID 4730273
pgloadind     OTT ID reused in tree
pgloadind       duplicate name "Euonymus hamiltonianus" nexsonid "node174449"
pgloadind       duplicate OTT ID 174310
pgloadind     OTT ID reused in tree
pgloadind       duplicate name "Gymnosporia urbaniana" nexsonid "node174514"
pgloadind       duplicate OTT ID 35839
pgloadind     OTT ID reused in tree
pgloadind       duplicate name "Monimopetalum chinense" nexsonid "node174526"
pgloadind       duplicate OTT ID 942915
pgloadind     OTT ID reused in tree
pgloadind       duplicate name "Microtropis fokienensis" nexsonid "node174539"
pgloadind       duplicate OTT ID 1015845
pgloadind     overlapping tips
pgloadind       overlapping retained name "Microtropis discolor" nexsonid "node174531"
pgloadind       overlapping pruned name "Microtropis" nexsonid "node174533"
pgloadind     pruning dups and overlapping name "Microtropis fokienensis" nexsonid "node174539"
pgloadind     pruning dups and overlapping name "Euonymus globularis" nexsonid "node174327"
pgloadind     pruning dups and overlapping name "Celastraceae sp. ALD-2007" nexsonid "node174410"
pgloadind     pruning dups and overlapping name "Hedraianthera porphyropetala" nexsonid "node174345"
pgloadind     pruning dups and overlapping name "Gymnosporia urbaniana" nexsonid "node174514"
pgloadind     pruning dups and overlapping name "Microtropis" nexsonid "node174533"
pgloadind     pruning dups and overlapping name "Celastraceae sp. ALD-2007" nexsonid "node174409"
pgloadind     pruning dups and overlapping name "Euonymus hamiltonianus" nexsonid "node174449"
pgloadind     pruning dups and overlapping name "Monimopetalum chinense" nexsonid "node174526"
pgloadind     pruning dups and overlapping name "Euonymeae sp. CDB-2011b" nexsonid "node174384"
pgloadind     pruning dups and overlapping name "Elaeodendron australe" nexsonid "node174398"
pgloadind     pruning dups and overlapping name "Euonymeae sp. CDB-2011a" nexsonid "node174382"
pgloadind     pruning dups and overlapping name "Euonymeae sp. CDB-2011a" nexsonid "node174381"
pgloadind   postpruning newick tree "(((((((((((Apatophyllum_flavovirens,Apatophyllum_teretifolium),((Psammomoya_choretroides,Psammomoya_implexa),Psammomoya_ephedroides)),((Menepetalum_salicifolium,Menepetalum_schlechteri),Euonymus_globularis)),((Macgregoria_racemigera,Stackhousia_monogyna),Tripterococcus_brunonis)),Hexaspora_pubescens),((((Brassiantha_pentamera,Brassiantha_hedraiantheroides),Hedraianthera_porphyropetala),((Dicarpellum_baillonianum,Dicarpellum_pancheri),(Hypsophila_dielsiana,Hypsophila_halleyana))),(((Denhamia_celastroides,Denhamia_obscura,Denhamia_pittosporoides,Denhamia_viridissima),Denhamia_oleaster),(((Maytenus_bilocularis,(Maytenus_disperma,Maytenus_silvestris)),Maytenus_fournieri),Maytenus_cunninghamii)))),(Peripterygia_marginata,Siphonodon_celastrineus)),(((((((Pleurostylia_capensis,(Pleurostylia_leucocarpa,Pleurostylia_opposita)),Euonymus_pleurostylioides),((Elaeodendron_orientale,Elaeodendron_vitiense),(((Elaeodendron_melanocarpum,Elaeodendron_australe),((Elaeodendron_cunninghamii,Elaeodendron_curtipendulum),Elaeodendron_pininsulare)),(Elaeodendron_matabelicum,Elaeodendron_xylocarpum)))),((Brexia_madagascariensis,(Polycardia_lateralis,Polycardia_phyllanthoides)),Polycardia_libera)),(Kokoona_sp_Chase_2092,Lophopetalum_arnhemicum)),((Salaciopsis_glomerata,Salaciopsis_longistyla),Salaciopsis_sparsiflora)),(((Canotia_holacantha,(((((Euonymus_alatus,Euonymus_phellomanus),(Euonymus_aff_carnosus_Chase_36534,Euonymus_grandiflorus)),Euonymus_verrucosus),(Euonymus_europaeus,(Euonymus_hamiltonianus,Euonymus_sachalinensis))),Euonymus_americanus,Euonymus_australianus,(((Euonymus_fimbriatus,(Euonymus_macropterus,Euonymus_oxyphyllus)),Euonymus_latifolius),(Euonymus_lanceolatus,Euonymus_melananthus)),(((Euonymus_glaber,(Euonymus_fortunei,Euonymus_japonicus)),Euonymus_vagans),((Euonymus_myrianthus,Euonymus_wilsonii),Euonymus_nitidus)),(Euonymus_nanus,(Euonymus_semenovii,Euonymus_tingens)),(Glyptopetalum_palawanense,Glyptopetalum_rhytidophyllum),Torralbasia_cuneifolia)),(Paxistima_canbyi,Paxistima_myrsinites)),((((Celastrus_angulatus,Celastrus_hypoleucus),((Celastrus_flagellaris,((Celastrus_hindsii,Celastrus_orbiculatus),Celastrus_strigillosus)),(Celastrus_rosthornianus,Celastrus_scandens))),Celastrus_vulcanicola),Tripterygium_regelii)),(Gyminda_latifolia,(Gymnosporia_haberiana,Gymnosporia_urbaniana)),((Maytenus_boaria,Maytenus_disticha),((Maytenus_floribunda,Moya_spinosa),Tricerma_texanum)))),Monimopetalum_chinense),((((Microtropis_discolor,Microtropis_tetragona),((Microtropis_triflora,Microtropis_fokienensis),Microtropis_japonica)),(Quetzalia_occidentalis,(Quetzalia_schiedeana,Quetzalia_stipitata))),Zinowiewia_concinna)),(Mortonia_greggii,Pottingeria_acuminata))"
pgloadind   taxon mapping summary
pgloadind     taxon mapping OTT ID 709265 taxonomy "Apatophyllum flavovirens->Apatophyllum->Celastraceae->Celastrales->fabids->rosids->Pentapetalae->Gunneridae->eudicotyledons->Mesangiospermae->Magnoliophyta->Spermatophyta->Euphyllophyta->Tracheophyta->Embryophyta->Streptophytina->Streptophyta->Chloroplastida->Archaeplastida->Eukaryota->cellular organisms->life" nexsonid "node174317"
pgloadind     taxon mapping OTT ID 709272 taxonomy "Apatophyllum teretifolium->Apatophyllum->Celastraceae->Celastrales->fabids->rosids->Pentapetalae->Gunneridae->eudicotyledons->Mesangiospermae->Magnoliophyta->Spermatophyta->Euphyllophyta->Tracheophyta->Embryophyta->Streptophytina->Streptophyta->Chloroplastida->Archaeplastida->Eukaryota->cellular organisms->life" nexsonid "node174318"
pgloadind     taxon mapping OTT ID 907100 taxonomy "Psammomoya choretroides->Psammomoya->Celastraceae->Celastrales->fabids->rosids->Pentapetalae->Gunneridae->eudicotyledons->Mesangiospermae->Magnoliophyta->Spermatophyta->Euphyllophyta->Tracheophyta->Embryophyta->Streptophytina->Streptophyta->Chloroplastida->Archaeplastida->Eukaryota->cellular organisms->life" nexsonid "node174321"
pgloadind     taxon mapping OTT ID 472077 taxonomy "Psammomoya implexa->Psammomoya->Celastraceae->Celastrales->fabids->rosids->Pentapetalae->Gunneridae->eudicotyledons->Mesangiospermae->Magnoliophyta->Spermatophyta->Euphyllophyta->Tracheophyta->Embryophyta->Streptophytina->Streptophyta->Chloroplastida->Archaeplastida->Eukaryota->cellular organisms->life" nexsonid "node174322"
pgloadind     taxon mapping OTT ID 995594 taxonomy "Psammomoya ephedroides->Psammomoya->Celastraceae->Celastrales->fabids->rosids->Pentapetalae->Gunneridae->eudicotyledons->Mesangiospermae->Magnoliophyta->Spermatophyta->Euphyllophyta->Tracheophyta->Embryophyta->Streptophytina->Streptophyta->Chloroplastida->Archaeplastida->Eukaryota->cellular organisms->life" nexsonid "node174323"
pgloadind     taxon mapping OTT ID 755542 taxonomy "Menepetalum salicifolium->Menepetalum->Celastraceae->Celastrales->fabids->rosids->Pentapetalae->Gunneridae->eudicotyledons->Mesangiospermae->Magnoliophyta->Spermatophyta->Euphyllophyta->Tracheophyta->Embryophyta->Streptophytina->Streptophyta->Chloroplastida->Archaeplastida->Eukaryota->cellular organisms->life" nexsonid "node174329"
pgloadind     taxon mapping OTT ID 995596 taxonomy "Menepetalum schlechteri->Menepetalum->Celastraceae->Celastrales->fabids->rosids->Pentapetalae->Gunneridae->eudicotyledons->Mesangiospermae->Magnoliophyta->Spermatophyta->Euphyllophyta->Tracheophyta->Embryophyta->Streptophytina->Streptophyta->Chloroplastida->Archaeplastida->Eukaryota->cellular organisms->life" nexsonid "node174330"
pgloadind     taxon mapping OTT ID 622347 taxonomy "Euonymus globularis->Euonymus->Celastraceae->Celastrales->fabids->rosids->Pentapetalae->Gunneridae->eudicotyledons->Mesangiospermae->Magnoliophyta->Spermatophyta->Euphyllophyta->Tracheophyta->Embryophyta->Streptophytina->Streptophyta->Chloroplastida->Archaeplastida->Eukaryota->cellular organisms->life" nexsonid "node174326"
pgloadind     taxon mapping OTT ID 469095 taxonomy "Macgregoria racemigera->Macgregoria->Celastraceae->Celastrales->fabids->rosids->Pentapetalae->Gunneridae->eudicotyledons->Mesangiospermae->Magnoliophyta->Spermatophyta->Euphyllophyta->Tracheophyta->Embryophyta->Streptophytina->Streptophyta->Chloroplastida->Archaeplastida->Eukaryota->cellular organisms->life" nexsonid "node174333"
pgloadind     taxon mapping OTT ID 768716 taxonomy "Stackhousia monogyna->Stackhousia->Celastraceae->Celastrales->fabids->rosids->Pentapetalae->Gunneridae->eudicotyledons->Mesangiospermae->Magnoliophyta->Spermatophyta->Euphyllophyta->Tracheophyta->Embryophyta->Streptophytina->Streptophyta->Chloroplastida->Archaeplastida->Eukaryota->cellular organisms->life" nexsonid "node174334"
pgloadind     taxon mapping OTT ID 303677 taxonomy "Tripterococcus brunonis->Tripterococcus->Celastraceae->Celastrales->fabids->rosids->Pentapetalae->Gunneridae->eudicotyledons->Mesangiospermae->Magnoliophyta->Spermatophyta->Euphyllophyta->Tracheophyta->Embryophyta->Streptophytina->Streptophyta->Chloroplastida->Archaeplastida->Eukaryota->cellular organisms->life" nexsonid "node174335"
pgloadind     taxon mapping OTT ID 35835 taxonomy "Hexaspora pubescens->Hexaspora->Celastraceae->Celastrales->fabids->rosids->Pentapetalae->Gunneridae->eudicotyledons->Mesangiospermae->Magnoliophyta->Spermatophyta->Euphyllophyta->Tracheophyta->Embryophyta->Streptophytina->Streptophyta->Chloroplastida->Archaeplastida->Eukaryota->cellular organisms->life" nexsonid "node174336"
pgloadind     taxon mapping OTT ID 321773 taxonomy "Brassiantha pentamera->Brassiantha->Celastraceae->Celastrales->fabids->rosids->Pentapetalae->Gunneridae->eudicotyledons->Mesangiospermae->Magnoliophyta->Spermatophyta->Euphyllophyta->Tracheophyta->Embryophyta->Streptophytina->Streptophyta->Chloroplastida->Archaeplastida->Eukaryota->cellular organisms->life" nexsonid "node174341"
pgloadind     taxon mapping OTT ID 358246 taxonomy "Brassiantha hedraiantheroides->Brassiantha->Celastraceae->Celastrales->fabids->rosids->Pentapetalae->Gunneridae->eudicotyledons->Mesangiospermae->Magnoliophyta->Spermatophyta->Euphyllophyta->Tracheophyta->Embryophyta->Streptophytina->Streptophyta->Chloroplastida->Archaeplastida->Eukaryota->cellular organisms->life" nexsonid "node174342"
pgloadind     taxon mapping OTT ID 171332 taxonomy "Hedraianthera porphyropetala->Hedraianthera->Celastraceae->Celastrales->fabids->rosids->Pentapetalae->Gunneridae->eudicotyledons->Mesangiospermae->Magnoliophyta->Spermatophyta->Euphyllophyta->Tracheophyta->Embryophyta->Streptophytina->Streptophyta->Chloroplastida->Archaeplastida->Eukaryota->cellular organisms->life" nexsonid "node174344"
pgloadind     taxon mapping OTT ID 1039041 taxonomy "Dicarpellum baillonianum->Dicarpellum->Celastraceae->Celastrales->fabids->rosids->Pentapetalae->Gunneridae->eudicotyledons->Mesangiospermae->Magnoliophyta->Spermatophyta->Euphyllophyta->Tracheophyta->Embryophyta->Streptophytina->Streptophyta->Chloroplastida->Archaeplastida->Eukaryota->cellular organisms->life" nexsonid "node174348"
pgloadind     taxon mapping OTT ID 1039042 taxonomy "Dicarpellum pancheri->Dicarpellum->Celastraceae->Celastrales->fabids->rosids->Pentapetalae->Gunneridae->eudicotyledons->Mesangiospermae->Magnoliophyta->Spermatophyta->Euphyllophyta->Tracheophyta->Embryophyta->Streptophytina->Streptophyta->Chloroplastida->Archaeplastida->Eukaryota->cellular organisms->life" nexsonid "node174349"
pgloadind     taxon mapping OTT ID 552428 taxonomy "Hypsophila dielsiana->Hypsophila->Celastraceae->Celastrales->fabids->rosids->Pentapetalae->Gunneridae->eudicotyledons->Mesangiospermae->Magnoliophyta->Spermatophyta->Euphyllophyta->Tracheophyta->Embryophyta->Streptophytina->Streptophyta->Chloroplastida->Archaeplastida->Eukaryota->cellular organisms->life" nexsonid "node174351"
pgloadind     taxon mapping OTT ID 418517 taxonomy "Hypsophila halleyana->Hypsophila->Celastraceae->Celastrales->fabids->rosids->Pentapetalae->Gunneridae->eudicotyledons->Mesangiospermae->Magnoliophyta->Spermatophyta->Euphyllophyta->Tracheophyta->Embryophyta->Streptophytina->Streptophyta->Chloroplastida->Archaeplastida->Eukaryota->cellular organisms->life" nexsonid "node174352"
pgloadind     taxon mapping OTT ID 806623 taxonomy "Denhamia celastroides->Denhamia->Celastraceae->Celastrales->fabids->rosids->Pentapetalae->Gunneridae->eudicotyledons->Mesangiospermae->Magnoliophyta->Spermatophyta->Euphyllophyta->Tracheophyta->Embryophyta->Streptophytina->Streptophyta->Chloroplastida->Archaeplastida->Eukaryota->cellular organisms->life" nexsonid "node174356"
pgloadind     taxon mapping OTT ID 806621 taxonomy "Denhamia obscura->Denhamia->Celastraceae->Celastrales->fabids->rosids->Pentapetalae->Gunneridae->eudicotyledons->Mesangiospermae->Magnoliophyta->Spermatophyta->Euphyllophyta->Tracheophyta->Embryophyta->Streptophytina->Streptophyta->Chloroplastida->Archaeplastida->Eukaryota->cellular organisms->life" nexsonid "node174357"
pgloadind     taxon mapping OTT ID 189856 taxonomy "Denhamia pittosporoides->Denhamia->Celastraceae->Celastrales->fabids->rosids->Pentapetalae->Gunneridae->eudicotyledons->Mesangiospermae->Magnoliophyta->Spermatophyta->Euphyllophyta->Tracheophyta->Embryophyta->Streptophytina->Streptophyta->Chloroplastida->Archaeplastida->Eukaryota->cellular organisms->life" nexsonid "node174358"
pgloadind     taxon mapping OTT ID 458931 taxonomy "Denhamia viridissima->Denhamia->Celastraceae->Celastrales->fabids->rosids->Pentapetalae->Gunneridae->eudicotyledons->Mesangiospermae->Magnoliophyta->Spermatophyta->Euphyllophyta->Tracheophyta->Embryophyta->Streptophytina->Streptophyta->Chloroplastida->Archaeplastida->Eukaryota->cellular organisms->life" nexsonid "node174359"
pgloadind     taxon mapping OTT ID 1019746 taxonomy "Denhamia oleaster->Denhamia->Celastraceae->Celastrales->fabids->rosids->Pentapetalae->Gunneridae->eudicotyledons->Mesangiospermae->Magnoliophyta->Spermatophyta->Euphyllophyta->Tracheophyta->Embryophyta->Streptophytina->Streptophyta->Chloroplastida->Archaeplastida->Eukaryota->cellular organisms->life" nexsonid "node174360"
pgloadind     taxon mapping OTT ID 418515 taxonomy "Maytenus bilocularis->Maytenus->Celastraceae->Celastrales->fabids->rosids->Pentapetalae->Gunneridae->eudicotyledons->Mesangiospermae->Magnoliophyta->Spermatophyta->Euphyllophyta->Tracheophyta->Embryophyta->Streptophytina->Streptophyta->Chloroplastida->Archaeplastida->Eukaryota->cellular organisms->life" nexsonid "node174364"
pgloadind     taxon mapping OTT ID 418525 taxonomy "Maytenus disperma->Maytenus->Celastraceae->Celastrales->fabids->rosids->Pentapetalae->Gunneridae->eudicotyledons->Mesangiospermae->Magnoliophyta->Spermatophyta->Euphyllophyta->Tracheophyta->Embryophyta->Streptophytina->Streptophyta->Chloroplastida->Archaeplastida->Eukaryota->cellular organisms->life" nexsonid "node174366"
pgloadind     taxon mapping OTT ID 418527 taxonomy "Maytenus silvestris->Maytenus->Celastraceae->Celastrales->fabids->rosids->Pentapetalae->Gunneridae->eudicotyledons->Mesangiospermae->Magnoliophyta->Spermatophyta->Euphyllophyta->Tracheophyta->Embryophyta->Streptophytina->Streptophyta->Chloroplastida->Archaeplastida->Eukaryota->cellular organisms->life" nexsonid "node174367"
pgloadind     taxon mapping OTT ID 755533 taxonomy "Maytenus fournieri->Maytenus->Celastraceae->Celastrales->fabids->rosids->Pentapetalae->Gunneridae->eudicotyledons->Mesangiospermae->Magnoliophyta->Spermatophyta->Euphyllophyta->Tracheophyta->Embryophyta->Streptophytina->Streptophyta->Chloroplastida->Archaeplastida->Eukaryota->cellular organisms->life" nexsonid "node174368"
pgloadind     taxon mapping OTT ID 418511 taxonomy "Maytenus cunninghamii->Maytenus->Celastraceae->Celastrales->fabids->rosids->Pentapetalae->Gunneridae->eudicotyledons->Mesangiospermae->Magnoliophyta->Spermatophyta->Euphyllophyta->Tracheophyta->Embryophyta->Streptophytina->Streptophyta->Chloroplastida->Archaeplastida->Eukaryota->cellular organisms->life" nexsonid "node174369"
pgloadind     taxon mapping OTT ID 381951 taxonomy "Peripterygia marginata->Peripterygia->Celastraceae->Celastrales->fabids->rosids->Pentapetalae->Gunneridae->eudicotyledons->Mesangiospermae->Magnoliophyta->Spermatophyta->Euphyllophyta->Tracheophyta->Embryophyta->Streptophytina->Streptophyta->Chloroplastida->Archaeplastida->Eukaryota->cellular organisms->life" nexsonid "node174371"
pgloadind     taxon mapping OTT ID 1087349 taxonomy "Siphonodon celastrineus->Siphonodon->Celastraceae->Celastrales->fabids->rosids->Pentapetalae->Gunneridae->eudicotyledons->Mesangiospermae->Magnoliophyta->Spermatophyta->Euphyllophyta->Tracheophyta->Embryophyta->Streptophytina->Streptophyta->Chloroplastida->Archaeplastida->Eukaryota->cellular organisms->life" nexsonid "node174372"
pgloadind     taxon mapping OTT ID 301782 taxonomy "Pleurostylia capensis->Pleurostylia->Celastraceae->Celastrales->fabids->rosids->Pentapetalae->Gunneridae->eudicotyledons->Mesangiospermae->Magnoliophyta->Spermatophyta->Euphyllophyta->Tracheophyta->Embryophyta->Streptophytina->Streptophyta->Chloroplastida->Archaeplastida->Eukaryota->cellular organisms->life" nexsonid "node174387"
pgloadind     taxon mapping OTT ID 381943 taxonomy "Pleurostylia leucocarpa->Pleurostylia->Celastraceae->Celastrales->fabids->rosids->Pentapetalae->Gunneridae->eudicotyledons->Mesangiospermae->Magnoliophyta->Spermatophyta->Euphyllophyta->Tracheophyta->Embryophyta->Streptophytina->Streptophyta->Chloroplastida->Archaeplastida->Eukaryota->cellular organisms->life" nexsonid "node174389"
pgloadind     taxon mapping OTT ID 907103 taxonomy "Pleurostylia opposita->Pleurostylia->Celastraceae->Celastrales->fabids->rosids->Pentapetalae->Gunneridae->eudicotyledons->Mesangiospermae->Magnoliophyta->Spermatophyta->Euphyllophyta->Tracheophyta->Embryophyta->Streptophytina->Streptophyta->Chloroplastida->Archaeplastida->Eukaryota->cellular organisms->life" nexsonid "node174390"
pgloadind     taxon mapping OTT ID 942350 taxonomy "Euonymus pleurostylioides->Euonymus->Celastraceae->Celastrales->fabids->rosids->Pentapetalae->Gunneridae->eudicotyledons->Mesangiospermae->Magnoliophyta->Spermatophyta->Euphyllophyta->Tracheophyta->Embryophyta->Streptophytina->Streptophyta->Chloroplastida->Archaeplastida->Eukaryota->cellular organisms->life" nexsonid "node174385"
pgloadind     taxon mapping OTT ID 806625 taxonomy "Elaeodendron orientale->Elaeodendron->Celastraceae->Celastrales->fabids->rosids->Pentapetalae->Gunneridae->eudicotyledons->Mesangiospermae->Magnoliophyta->Spermatophyta->Euphyllophyta->Tracheophyta->Embryophyta->Streptophytina->Streptophyta->Chloroplastida->Archaeplastida->Eukaryota->cellular organisms->life" nexsonid "node174412"
pgloadind     taxon mapping OTT ID 55964 taxonomy "Elaeodendron vitiense->Elaeodendron->Celastraceae->Celastrales->fabids->rosids->Pentapetalae->Gunneridae->eudicotyledons->Mesangiospermae->Magnoliophyta->Spermatophyta->Euphyllophyta->Tracheophyta->Embryophyta->Streptophytina->Streptophyta->Chloroplastida->Archaeplastida->Eukaryota->cellular organisms->life" nexsonid "node174413"
pgloadind     taxon mapping OTT ID 629040 taxonomy "Elaeodendron melanocarpum->Elaeodendron->Celastraceae->Celastrales->fabids->rosids->Pentapetalae->Gunneridae->eudicotyledons->Mesangiospermae->Magnoliophyta->Spermatophyta->Euphyllophyta->Tracheophyta->Embryophyta->Streptophytina->Streptophyta->Chloroplastida->Archaeplastida->Eukaryota->cellular organisms->life" nexsonid "node174399"
pgloadind     taxon mapping OTT ID 629063 taxonomy "Elaeodendron australe->Elaeodendron->Celastraceae->Celastrales->fabids->rosids->Pentapetalae->Gunneridae->eudicotyledons->Mesangiospermae->Magnoliophyta->Spermatophyta->Euphyllophyta->Tracheophyta->Embryophyta->Streptophytina->Streptophyta->Chloroplastida->Archaeplastida->Eukaryota->cellular organisms->life" nexsonid "node174397"
pgloadind     taxon mapping OTT ID 629051 taxonomy "Elaeodendron cunninghamii->Elaeodendron->Celastraceae->Celastrales->fabids->rosids->Pentapetalae->Gunneridae->eudicotyledons->Mesangiospermae->Magnoliophyta->Spermatophyta->Euphyllophyta->Tracheophyta->Embryophyta->Streptophytina->Streptophyta->Chloroplastida->Archaeplastida->Eukaryota->cellular organisms->life" nexsonid "node174402"
pgloadind     taxon mapping OTT ID 629053 taxonomy "Elaeodendron curtipendulum->Elaeodendron->Celastraceae->Celastrales->fabids->rosids->Pentapetalae->Gunneridae->eudicotyledons->Mesangiospermae->Magnoliophyta->Spermatophyta->Euphyllophyta->Tracheophyta->Embryophyta->Streptophytina->Streptophyta->Chloroplastida->Archaeplastida->Eukaryota->cellular organisms->life" nexsonid "node174403"
pgloadind     taxon mapping OTT ID 629042 taxonomy "Elaeodendron pininsulare->Elaeodendron->Celastraceae->Celastrales->fabids->rosids->Pentapetalae->Gunneridae->eudicotyledons->Mesangiospermae->Magnoliophyta->Spermatophyta->Euphyllophyta->Tracheophyta->Embryophyta->Streptophytina->Streptophyta->Chloroplastida->Archaeplastida->Eukaryota->cellular organisms->life" nexsonid "node174404"
pgloadind     taxon mapping OTT ID 629055 taxonomy "Elaeodendron matabelicum->Elaeodendron->Celastraceae->Celastrales->fabids->rosids->Pentapetalae->Gunneridae->eudicotyledons->Mesangiospermae->Magnoliophyta->Spermatophyta->Euphyllophyta->Tracheophyta->Embryophyta->Streptophytina->Streptophyta->Chloroplastida->Archaeplastida->Eukaryota->cellular organisms->life" nexsonid "node174406"
pgloadind     taxon mapping OTT ID 806635 taxonomy "Elaeodendron xylocarpum->Elaeodendron->Celastraceae->Celastrales->fabids->rosids->Pentapetalae->Gunneridae->eudicotyledons->Mesangiospermae->Magnoliophyta->Spermatophyta->Euphyllophyta->Tracheophyta->Embryophyta->Streptophytina->Streptophyta->Chloroplastida->Archaeplastida->Eukaryota->cellular organisms->life" nexsonid "node174407"
pgloadind     taxon mapping OTT ID 608775 taxonomy "Brexia madagascariensis->Brexia->Celastraceae->Celastrales->fabids->rosids->Pentapetalae->Gunneridae->eudicotyledons->Mesangiospermae->Magnoliophyta->Spermatophyta->Euphyllophyta->Tracheophyta->Embryophyta->Streptophytina->Streptophyta->Chloroplastida->Archaeplastida->Eukaryota->cellular organisms->life" nexsonid "node174416"
pgloadind     taxon mapping OTT ID 472049 taxonomy "Polycardia lateralis->Polycardia->Celastraceae->Celastrales->fabids->rosids->Pentapetalae->Gunneridae->eudicotyledons->Mesangiospermae->Magnoliophyta->Spermatophyta->Euphyllophyta->Tracheophyta->Embryophyta->Streptophytina->Streptophyta->Chloroplastida->Archaeplastida->Eukaryota->cellular organisms->life" nexsonid "node174418"
pgloadind     taxon mapping OTT ID 995592 taxonomy "Polycardia phyllanthoides->Polycardia->Celastraceae->Celastrales->fabids->rosids->Pentapetalae->Gunneridae->eudicotyledons->Mesangiospermae->Magnoliophyta->Spermatophyta->Euphyllophyta->Tracheophyta->Embryophyta->Streptophytina->Streptophyta->Chloroplastida->Archaeplastida->Eukaryota->cellular organisms->life" nexsonid "node174419"
pgloadind     taxon mapping OTT ID 472051 taxonomy "Polycardia libera->Polycardia->Celastraceae->Celastrales->fabids->rosids->Pentapetalae->Gunneridae->eudicotyledons->Mesangiospermae->Magnoliophyta->Spermatophyta->Euphyllophyta->Tracheophyta->Embryophyta->Streptophytina->Streptophyta->Chloroplastida->Archaeplastida->Eukaryota->cellular organisms->life" nexsonid "node174420"
pgloadind     taxon mapping OTT ID 453354 taxonomy "Kokoona sp. Chase 2092->Kokoona->Celastraceae->Celastrales->fabids->rosids->Pentapetalae->Gunneridae->eudicotyledons->Mesangiospermae->Magnoliophyta->Spermatophyta->Euphyllophyta->Tracheophyta->Embryophyta->Streptophytina->Streptophyta->Chloroplastida->Archaeplastida->Eukaryota->cellular organisms->life" nexsonid "node174422"
pgloadind     taxon mapping OTT ID 321769 taxonomy "Lophopetalum arnhemicum->Lophopetalum->Celastraceae->Celastrales->fabids->rosids->Pentapetalae->Gunneridae->eudicotyledons->Mesangiospermae->Magnoliophyta->Spermatophyta->Euphyllophyta->Tracheophyta->Embryophyta->Streptophytina->Streptophyta->Chloroplastida->Archaeplastida->Eukaryota->cellular organisms->life" nexsonid "node174423"
pgloadind     taxon mapping OTT ID 857488 taxonomy "Salaciopsis glomerata->Salaciopsis->Celastraceae->Celastrales->fabids->rosids->Pentapetalae->Gunneridae->eudicotyledons->Mesangiospermae->Magnoliophyta->Spermatophyta->Euphyllophyta->Tracheophyta->Embryophyta->Streptophytina->Streptophyta->Chloroplastida->Archaeplastida->Eukaryota->cellular organisms->life" nexsonid "node174426"
pgloadind     taxon mapping OTT ID 469093 taxonomy "Salaciopsis longistyla->Salaciopsis->Celastraceae->Celastrales->fabids->rosids->Pentapetalae->Gunneridae->eudicotyledons->Mesangiospermae->Magnoliophyta->Spermatophyta->Euphyllophyta->Tracheophyta->Embryophyta->Streptophytina->Streptophyta->Chloroplastida->Archaeplastida->Eukaryota->cellular organisms->life" nexsonid "node174427"
pgloadind     taxon mapping OTT ID 469091 taxonomy "Salaciopsis sparsiflora->Salaciopsis->Celastraceae->Celastrales->fabids->rosids->Pentapetalae->Gunneridae->eudicotyledons->Mesangiospermae->Magnoliophyta->Spermatophyta->Euphyllophyta->Tracheophyta->Embryophyta->Streptophytina->Streptophyta->Chloroplastida->Archaeplastida->Eukaryota->cellular organisms->life" nexsonid "node174428"
pgloadind     taxon mapping OTT ID 44232 taxonomy "Canotia holacantha->Canotia->Celastraceae->Celastrales->fabids->rosids->Pentapetalae->Gunneridae->eudicotyledons->Mesangiospermae->Magnoliophyta->Spermatophyta->Euphyllophyta->Tracheophyta->Embryophyta->Streptophytina->Streptophyta->Chloroplastida->Archaeplastida->Eukaryota->cellular organisms->life" nexsonid "node174432"
pgloadind     taxon mapping OTT ID 601141 taxonomy "Euonymus alatus->Euonymus->Celastraceae->Celastrales->fabids->rosids->Pentapetalae->Gunneridae->eudicotyledons->Mesangiospermae->Magnoliophyta->Spermatophyta->Euphyllophyta->Tracheophyta->Embryophyta->Streptophytina->Streptophyta->Chloroplastida->Archaeplastida->Eukaryota->cellular organisms->life" nexsonid "node174438"
pgloadind     taxon mapping OTT ID 132604 taxonomy "Euonymus phellomanus->Euonymus->Celastraceae->Celastrales->fabids->rosids->Pentapetalae->Gunneridae->eudicotyledons->Mesangiospermae->Magnoliophyta->Spermatophyta->Euphyllophyta->Tracheophyta->Embryophyta->Streptophytina->Streptophyta->Chloroplastida->Archaeplastida->Eukaryota->cellular organisms->life" nexsonid "node174439"
pgloadind     taxon mapping OTT ID 622421 taxonomy "Euonymus aff. carnosus Chase 36534->Euonymus->Celastraceae->Celastrales->fabids->rosids->Pentapetalae->Gunneridae->eudicotyledons->Mesangiospermae->Magnoliophyta->Spermatophyta->Euphyllophyta->Tracheophyta->Embryophyta->Streptophytina->Streptophyta->Chloroplastida->Archaeplastida->Eukaryota->cellular organisms->life" nexsonid "node174441"
pgloadind     taxon mapping OTT ID 106672 taxonomy "Euonymus grandiflorus->Euonymus->Celastraceae->Celastrales->fabids->rosids->Pentapetalae->Gunneridae->eudicotyledons->Mesangiospermae->Magnoliophyta->Spermatophyta->Euphyllophyta->Tracheophyta->Embryophyta->Streptophytina->Streptophyta->Chloroplastida->Archaeplastida->Eukaryota->cellular organisms->life" nexsonid "node174442"
pgloadind     taxon mapping OTT ID 70536 taxonomy "Euonymus verrucosus->Euonymus->Celastraceae->Celastrales->fabids->rosids->Pentapetalae->Gunneridae->eudicotyledons->Mesangiospermae->Magnoliophyta->Spermatophyta->Euphyllophyta->Tracheophyta->Embryophyta->Streptophytina->Streptophyta->Chloroplastida->Archaeplastida->Eukaryota->cellular organisms->life" nexsonid "node174443"
pgloadind     taxon mapping OTT ID 806632 taxonomy "Euonymus europaeus->Euonymus->Celastraceae->Celastrales->fabids->rosids->Pentapetalae->Gunneridae->eudicotyledons->Mesangiospermae->Magnoliophyta->Spermatophyta->Euphyllophyta->Tracheophyta->Embryophyta->Streptophytina->Streptophyta->Chloroplastida->Archaeplastida->Eukaryota->cellular organisms->life" nexsonid "node174445"
pgloadind     taxon mapping OTT ID 174310 taxonomy "Euonymus hamiltonianus->Euonymus->Celastraceae->Celastrales->fabids->rosids->Pentapetalae->Gunneridae->eudicotyledons->Mesangiospermae->Magnoliophyta->Spermatophyta->Euphyllophyta->Tracheophyta->Embryophyta->Streptophytina->Streptophyta->Chloroplastida->Archaeplastida->Eukaryota->cellular organisms->life" nexsonid "node174447"
pgloadind     taxon mapping OTT ID 598270 taxonomy "Euonymus sachalinensis->Euonymus->Celastraceae->Celastrales->fabids->rosids->Pentapetalae->Gunneridae->eudicotyledons->Mesangiospermae->Magnoliophyta->Spermatophyta->Euphyllophyta->Tracheophyta->Embryophyta->Streptophytina->Streptophyta->Chloroplastida->Archaeplastida->Eukaryota->cellular organisms->life" nexsonid "node174450"
pgloadind     taxon mapping OTT ID 314417 taxonomy "Euonymus americanus->Euonymus->Celastraceae->Celastrales->fabids->rosids->Pentapetalae->Gunneridae->eudicotyledons->Mesangiospermae->Magnoliophyta->Spermatophyta->Euphyllophyta->Tracheophyta->Embryophyta->Streptophytina->Streptophyta->Chloroplastida->Archaeplastida->Eukaryota->cellular organisms->life" nexsonid "node174451"
pgloadind     taxon mapping OTT ID 474749 taxonomy "Euonymus australianus->Euonymus->Celastraceae->Celastrales->fabids->rosids->Pentapetalae->Gunneridae->eudicotyledons->Mesangiospermae->Magnoliophyta->Spermatophyta->Euphyllophyta->Tracheophyta->Embryophyta->Streptophytina->Streptophyta->Chloroplastida->Archaeplastida->Eukaryota->cellular organisms->life" nexsonid "node174452"
pgloadind     taxon mapping OTT ID 622439 taxonomy "Euonymus fimbriatus->Euonymus->Celastraceae->Celastrales->fabids->rosids->Pentapetalae->Gunneridae->eudicotyledons->Mesangiospermae->Magnoliophyta->Spermatophyta->Euphyllophyta->Tracheophyta->Embryophyta->Streptophytina->Streptophyta->Chloroplastida->Archaeplastida->Eukaryota->cellular organisms->life" nexsonid "node174456"
pgloadind     taxon mapping OTT ID 598273 taxonomy "Euonymus macropterus->Euonymus->Celastraceae->Celastrales->fabids->rosids->Pentapetalae->Gunneridae->eudicotyledons->Mesangiospermae->Magnoliophyta->Spermatophyta->Euphyllophyta->Tracheophyta->Embryophyta->Streptophytina->Streptophyta->Chloroplastida->Archaeplastida->Eukaryota->cellular organisms->life" nexsonid "node174458"
pgloadind     taxon mapping OTT ID 27238 taxonomy "Euonymus oxyphyllus->Euonymus->Celastraceae->Celastrales->fabids->rosids->Pentapetalae->Gunneridae->eudicotyledons->Mesangiospermae->Magnoliophyta->Spermatophyta->Euphyllophyta->Tracheophyta->Embryophyta->Streptophytina->Streptophyta->Chloroplastida->Archaeplastida->Eukaryota->cellular organisms->life" nexsonid "node174459"
pgloadind     taxon mapping OTT ID 933942 taxonomy "Euonymus latifolius->Euonymus->Celastraceae->Celastrales->fabids->rosids->Pentapetalae->Gunneridae->eudicotyledons->Mesangiospermae->Magnoliophyta->Spermatophyta->Euphyllophyta->Tracheophyta->Embryophyta->Streptophytina->Streptophyta->Chloroplastida->Archaeplastida->Eukaryota->cellular organisms->life" nexsonid "node174460"
pgloadind     taxon mapping OTT ID 933945 taxonomy "Euonymus lanceolatus->Euonymus->Celastraceae->Celastrales->fabids->rosids->Pentapetalae->Gunneridae->eudicotyledons->Mesangiospermae->Magnoliophyta->Spermatophyta->Euphyllophyta->Tracheophyta->Embryophyta->Streptophytina->Streptophyta->Chloroplastida->Archaeplastida->Eukaryota->cellular organisms->life" nexsonid "node174462"
pgloadind     taxon mapping OTT ID 132665 taxonomy "Euonymus melananthus->Euonymus->Celastraceae->Celastrales->fabids->rosids->Pentapetalae->Gunneridae->eudicotyledons->Mesangiospermae->Magnoliophyta->Spermatophyta->Euphyllophyta->Tracheophyta->Embryophyta->Streptophytina->Streptophyta->Chloroplastida->Archaeplastida->Eukaryota->cellular organisms->life" nexsonid "node174463"
pgloadind     taxon mapping OTT ID 622434 taxonomy "Euonymus glaber->Euonymus->Celastraceae->Celastrales->fabids->rosids->Pentapetalae->Gunneridae->eudicotyledons->Mesangiospermae->Magnoliophyta->Spermatophyta->Euphyllophyta->Tracheophyta->Embryophyta->Streptophytina->Streptophyta->Chloroplastida->Archaeplastida->Eukaryota->cellular organisms->life" nexsonid "node174467"
pgloadind     taxon mapping OTT ID 484232 taxonomy "Euonymus fortunei->Euonymus->Celastraceae->Celastrales->fabids->rosids->Pentapetalae->Gunneridae->eudicotyledons->Mesangiospermae->Magnoliophyta->Spermatophyta->Euphyllophyta->Tracheophyta->Embryophyta->Streptophytina->Streptophyta->Chloroplastida->Archaeplastida->Eukaryota->cellular organisms->life" nexsonid "node174469"
pgloadind     taxon mapping OTT ID 180140 taxonomy "Euonymus japonicus->Euonymus->Celastraceae->Celastrales->fabids->rosids->Pentapetalae->Gunneridae->eudicotyledons->Mesangiospermae->Magnoliophyta->Spermatophyta->Euphyllophyta->Tracheophyta->Embryophyta->Streptophytina->Streptophyta->Chloroplastida->Archaeplastida->Eukaryota->cellular organisms->life" nexsonid "node174470"
pgloadind     taxon mapping OTT ID 70541 taxonomy "Euonymus vagans->Euonymus->Celastraceae->Celastrales->fabids->rosids->Pentapetalae->Gunneridae->eudicotyledons->Mesangiospermae->Magnoliophyta->Spermatophyta->Euphyllophyta->Tracheophyta->Embryophyta->Streptophytina->Streptophyta->Chloroplastida->Archaeplastida->Eukaryota->cellular organisms->life" nexsonid "node174471"
pgloadind     taxon mapping OTT ID 1041052 taxonomy "Euonymus myrianthus->Euonymus->Celastraceae->Celastrales->fabids->rosids->Pentapetalae->Gunneridae->eudicotyledons->Mesangiospermae->Magnoliophyta->Spermatophyta->Euphyllophyta->Tracheophyta->Embryophyta->Streptophytina->Streptophyta->Chloroplastida->Archaeplastida->Eukaryota->cellular organisms->life" nexsonid "node174474"
pgloadind     taxon mapping OTT ID 169104 taxonomy "Euonymus wilsonii->Euonymus->Celastraceae->Celastrales->fabids->rosids->Pentapetalae->Gunneridae->eudicotyledons->Mesangiospermae->Magnoliophyta->Spermatophyta->Euphyllophyta->Tracheophyta->Embryophyta->Streptophytina->Streptophyta->Chloroplastida->Archaeplastida->Eukaryota->cellular organisms->life" nexsonid "node174475"
pgloadind     taxon mapping OTT ID 1041055 taxonomy "Euonymus nitidus->Euonymus->Celastraceae->Celastrales->fabids->rosids->Pentapetalae->Gunneridae->eudicotyledons->Mesangiospermae->Magnoliophyta->Spermatophyta->Euphyllophyta->Tracheophyta->Embryophyta->Streptophytina->Streptophyta->Chloroplastida->Archaeplastida->Eukaryota->cellular organisms->life" nexsonid "node174476"
pgloadind     taxon mapping OTT ID 70569 taxonomy "Euonymus nanus->Euonymus->Celastraceae->Celastrales->fabids->rosids->Pentapetalae->Gunneridae->eudicotyledons->Mesangiospermae->Magnoliophyta->Spermatophyta->Euphyllophyta->Tracheophyta->Embryophyta->Streptophytina->Streptophyta->Chloroplastida->Archaeplastida->Eukaryota->cellular organisms->life" nexsonid "node174478"
pgloadind     taxon mapping OTT ID 132569 taxonomy "Euonymus semenovii->Euonymus->Celastraceae->Celastrales->fabids->rosids->Pentapetalae->Gunneridae->eudicotyledons->Mesangiospermae->Magnoliophyta->Spermatophyta->Euphyllophyta->Tracheophyta->Embryophyta->Streptophytina->Streptophyta->Chloroplastida->Archaeplastida->Eukaryota->cellular organisms->life" nexsonid "node174480"
pgloadind     taxon mapping OTT ID 169628 taxonomy "Euonymus tingens->Euonymus->Celastraceae->Celastrales->fabids->rosids->Pentapetalae->Gunneridae->eudicotyledons->Mesangiospermae->Magnoliophyta->Spermatophyta->Euphyllophyta->Tracheophyta->Embryophyta->Streptophytina->Streptophyta->Chloroplastida->Archaeplastida->Eukaryota->cellular organisms->life" nexsonid "node174481"
pgloadind     taxon mapping OTT ID 1015842 taxonomy "Glyptopetalum palawanense->Glyptopetalum->Celastraceae->Celastrales->fabids->rosids->Pentapetalae->Gunneridae->eudicotyledons->Mesangiospermae->Magnoliophyta->Spermatophyta->Euphyllophyta->Tracheophyta->Embryophyta->Streptophytina->Streptophyta->Chloroplastida->Archaeplastida->Eukaryota->cellular organisms->life" nexsonid "node174483"
pgloadind     taxon mapping OTT ID 171326 taxonomy "Glyptopetalum rhytidophyllum->Glyptopetalum->Celastraceae->Celastrales->fabids->rosids->Pentapetalae->Gunneridae->eudicotyledons->Mesangiospermae->Magnoliophyta->Spermatophyta->Euphyllophyta->Tracheophyta->Embryophyta->Streptophytina->Streptophyta->Chloroplastida->Archaeplastida->Eukaryota->cellular organisms->life" nexsonid "node174484"
pgloadind     taxon mapping OTT ID 164753 taxonomy "Torralbasia cuneifolia->Torralbasia->Celastraceae->Celastrales->fabids->rosids->Pentapetalae->Gunneridae->eudicotyledons->Mesangiospermae->Magnoliophyta->Spermatophyta->Euphyllophyta->Tracheophyta->Embryophyta->Streptophytina->Streptophyta->Chloroplastida->Archaeplastida->Eukaryota->cellular organisms->life" nexsonid "node174485"
pgloadind     taxon mapping OTT ID 381952 taxonomy "Paxistima canbyi->Paxistima->Celastraceae->Celastrales->fabids->rosids->Pentapetalae->Gunneridae->eudicotyledons->Mesangiospermae->Magnoliophyta->Spermatophyta->Euphyllophyta->Tracheophyta->Embryophyta->Streptophytina->Streptophyta->Chloroplastida->Archaeplastida->Eukaryota->cellular organisms->life" nexsonid "node174487"
pgloadind     taxon mapping OTT ID 381954 taxonomy "Paxistima myrsinites->Paxistima->Celastraceae->Celastrales->fabids->rosids->Pentapetalae->Gunneridae->eudicotyledons->Mesangiospermae->Magnoliophyta->Spermatophyta->Euphyllophyta->Tracheophyta->Embryophyta->Streptophytina->Streptophyta->Chloroplastida->Archaeplastida->Eukaryota->cellular organisms->life" nexsonid "node174488"
pgloadind     taxon mapping OTT ID 709269 taxonomy "Celastrus angulatus->Celastrus->Celastraceae->Celastrales->fabids->rosids->Pentapetalae->Gunneridae->eudicotyledons->Mesangiospermae->Magnoliophyta->Spermatophyta->Euphyllophyta->Tracheophyta->Embryophyta->Streptophytina->Streptophyta->Chloroplastida->Archaeplastida->Eukaryota->cellular organisms->life" nexsonid "node174493"
pgloadind     taxon mapping OTT ID 1019456 taxonomy "Celastrus hypoleucus->Celastrus->Celastraceae->Celastrales->fabids->rosids->Pentapetalae->Gunneridae->eudicotyledons->Mesangiospermae->Magnoliophyta->Spermatophyta->Euphyllophyta->Tracheophyta->Embryophyta->Streptophytina->Streptophyta->Chloroplastida->Archaeplastida->Eukaryota->cellular organisms->life" nexsonid "node174494"
pgloadind     taxon mapping OTT ID 709260 taxonomy "Celastrus flagellaris->Celastrus->Celastraceae->Celastrales->fabids->rosids->Pentapetalae->Gunneridae->eudicotyledons->Mesangiospermae->Magnoliophyta->Spermatophyta->Euphyllophyta->Tracheophyta->Embryophyta->Streptophytina->Streptophyta->Chloroplastida->Archaeplastida->Eukaryota->cellular organisms->life" nexsonid "node174497"
pgloadind     taxon mapping OTT ID 709258 taxonomy "Celastrus hindsii->Celastrus->Celastraceae->Celastrales->fabids->rosids->Pentapetalae->Gunneridae->eudicotyledons->Mesangiospermae->Magnoliophyta->Spermatophyta->Euphyllophyta->Tracheophyta->Embryophyta->Streptophytina->Streptophyta->Chloroplastida->Archaeplastida->Eukaryota->cellular organisms->life" nexsonid "node174500"
pgloadind     taxon mapping OTT ID 56757 taxonomy "Celastrus orbiculatus->Celastrus->Celastraceae->Celastrales->fabids->rosids->Pentapetalae->Gunneridae->eudicotyledons->Mesangiospermae->Magnoliophyta->Spermatophyta->Euphyllophyta->Tracheophyta->Embryophyta->Streptophytina->Streptophyta->Chloroplastida->Archaeplastida->Eukaryota->cellular organisms->life" nexsonid "node174501"
pgloadind     taxon mapping OTT ID 458806 taxonomy "Celastrus strigillosus->Celastrus->Celastraceae->Celastrales->fabids->rosids->Pentapetalae->Gunneridae->eudicotyledons->Mesangiospermae->Magnoliophyta->Spermatophyta->Euphyllophyta->Tracheophyta->Embryophyta->Streptophytina->Streptophyta->Chloroplastida->Archaeplastida->Eukaryota->cellular organisms->life" nexsonid "node174502"
pgloadind     taxon mapping OTT ID 458804 taxonomy "Celastrus rosthornianus->Celastrus->Celastraceae->Celastrales->fabids->rosids->Pentapetalae->Gunneridae->eudicotyledons->Mesangiospermae->Magnoliophyta->Spermatophyta->Euphyllophyta->Tracheophyta->Embryophyta->Streptophytina->Streptophyta->Chloroplastida->Archaeplastida->Eukaryota->cellular organisms->life" nexsonid "node174504"
pgloadind     taxon mapping OTT ID 282740 taxonomy "Celastrus scandens->Celastrus->Celastraceae->Celastrales->fabids->rosids->Pentapetalae->Gunneridae->eudicotyledons->Mesangiospermae->Magnoliophyta->Spermatophyta->Euphyllophyta->Tracheophyta->Embryophyta->Streptophytina->Streptophyta->Chloroplastida->Archaeplastida->Eukaryota->cellular organisms->life" nexsonid "node174505"
pgloadind     taxon mapping OTT ID 458835 taxonomy "Celastrus vulcanicola->Celastrus->Celastraceae->Celastrales->fabids->rosids->Pentapetalae->Gunneridae->eudicotyledons->Mesangiospermae->Magnoliophyta->Spermatophyta->Euphyllophyta->Tracheophyta->Embryophyta->Streptophytina->Streptophyta->Chloroplastida->Archaeplastida->Eukaryota->cellular organisms->life" nexsonid "node174506"
pgloadind     taxon mapping OTT ID 483028 taxonomy "Tripterygium regelii->Tripterygium->Celastraceae->Celastrales->fabids->rosids->Pentapetalae->Gunneridae->eudicotyledons->Mesangiospermae->Magnoliophyta->Spermatophyta->Euphyllophyta->Tracheophyta->Embryophyta->Streptophytina->Streptophyta->Chloroplastida->Archaeplastida->Eukaryota->cellular organisms->life" nexsonid "node174507"
pgloadind     taxon mapping OTT ID 232498 taxonomy "Gyminda latifolia->Gyminda->Celastraceae->Celastrales->fabids->rosids->Pentapetalae->Gunneridae->eudicotyledons->Mesangiospermae->Magnoliophyta->Spermatophyta->Euphyllophyta->Tracheophyta->Embryophyta->Streptophytina->Streptophyta->Chloroplastida->Archaeplastida->Eukaryota->cellular organisms->life" nexsonid "node174509"
pgloadind     taxon mapping OTT ID 35858 taxonomy "Gymnosporia haberiana->Gymnosporia->Celastraceae->Celastrales->fabids->rosids->Pentapetalae->Gunneridae->eudicotyledons->Mesangiospermae->Magnoliophyta->Spermatophyta->Euphyllophyta->Tracheophyta->Embryophyta->Streptophytina->Streptophyta->Chloroplastida->Archaeplastida->Eukaryota->cellular organisms->life" nexsonid "node174511"
pgloadind     taxon mapping OTT ID 35839 taxonomy "Gymnosporia urbaniana->Gymnosporia->Celastraceae->Celastrales->fabids->rosids->Pentapetalae->Gunneridae->eudicotyledons->Mesangiospermae->Magnoliophyta->Spermatophyta->Euphyllophyta->Tracheophyta->Embryophyta->Streptophytina->Streptophyta->Chloroplastida->Archaeplastida->Eukaryota->cellular organisms->life" nexsonid "node174513"
pgloadind     taxon mapping OTT ID 418513 taxonomy "Maytenus boaria->Maytenus->Celastraceae->Celastrales->fabids->rosids->Pentapetalae->Gunneridae->eudicotyledons->Mesangiospermae->Magnoliophyta->Spermatophyta->Euphyllophyta->Tracheophyta->Embryophyta->Streptophytina->Streptophyta->Chloroplastida->Archaeplastida->Eukaryota->cellular organisms->life" nexsonid "node174517"
pgloadind     taxon mapping OTT ID 418523 taxonomy "Maytenus disticha->Maytenus->Celastraceae->Celastrales->fabids->rosids->Pentapetalae->Gunneridae->eudicotyledons->Mesangiospermae->Magnoliophyta->Spermatophyta->Euphyllophyta->Tracheophyta->Embryophyta->Streptophytina->Streptophyta->Chloroplastida->Archaeplastida->Eukaryota->cellular organisms->life" nexsonid "node174518"
pgloadind     taxon mapping OTT ID 418519 taxonomy "Maytenus floribunda->Maytenus->Celastraceae->Celastrales->fabids->rosids->Pentapetalae->Gunneridae->eudicotyledons->Mesangiospermae->Magnoliophyta->Spermatophyta->Euphyllophyta->Tracheophyta->Embryophyta->Streptophytina->Streptophyta->Chloroplastida->Archaeplastida->Eukaryota->cellular organisms->life" nexsonid "node174521"
pgloadind     taxon mapping OTT ID 995600 taxonomy "Moya spinosa->Moya->Celastraceae->Celastrales->fabids->rosids->Pentapetalae->Gunneridae->eudicotyledons->Mesangiospermae->Magnoliophyta->Spermatophyta->Euphyllophyta->Tracheophyta->Embryophyta->Streptophytina->Streptophyta->Chloroplastida->Archaeplastida->Eukaryota->cellular organisms->life" nexsonid "node174522"
pgloadind     taxon mapping OTT ID 483015 taxonomy "Tricerma texanum->Tricerma->Celastraceae->Celastrales->fabids->rosids->Pentapetalae->Gunneridae->eudicotyledons->Mesangiospermae->Magnoliophyta->Spermatophyta->Euphyllophyta->Tracheophyta->Embryophyta->Streptophytina->Streptophyta->Chloroplastida->Archaeplastida->Eukaryota->cellular organisms->life" nexsonid "node174523"
pgloadind     taxon mapping OTT ID 942915 taxonomy "Monimopetalum chinense->Monimopetalum->Celastraceae->Celastrales->fabids->rosids->Pentapetalae->Gunneridae->eudicotyledons->Mesangiospermae->Magnoliophyta->Spermatophyta->Euphyllophyta->Tracheophyta->Embryophyta->Streptophytina->Streptophyta->Chloroplastida->Archaeplastida->Eukaryota->cellular organisms->life" nexsonid "node174525"
pgloadind     taxon mapping OTT ID 438084 taxonomy "Microtropis discolor->Microtropis->Celastraceae->Celastrales->fabids->rosids->Pentapetalae->Gunneridae->eudicotyledons->Mesangiospermae->Magnoliophyta->Spermatophyta->Euphyllophyta->Tracheophyta->Embryophyta->Streptophytina->Streptophyta->Chloroplastida->Archaeplastida->Eukaryota->cellular organisms->life" nexsonid "node174531"
pgloadind     taxon mapping OTT ID 374100 taxonomy "Microtropis tetragona->Microtropis->Celastraceae->Celastrales->fabids->rosids->Pentapetalae->Gunneridae->eudicotyledons->Mesangiospermae->Magnoliophyta->Spermatophyta->Euphyllophyta->Tracheophyta->Embryophyta->Streptophytina->Streptophyta->Chloroplastida->Archaeplastida->Eukaryota->cellular organisms->life" nexsonid "node174534"
pgloadind     taxon mapping OTT ID 1045126 taxonomy "Microtropis triflora->Microtropis->Celastraceae->Celastrales->fabids->rosids->Pentapetalae->Gunneridae->eudicotyledons->Mesangiospermae->Magnoliophyta->Spermatophyta->Euphyllophyta->Tracheophyta->Embryophyta->Streptophytina->Streptophyta->Chloroplastida->Archaeplastida->Eukaryota->cellular organisms->life" nexsonid "node174540"
pgloadind     taxon mapping OTT ID 1015845 taxonomy "Microtropis fokienensis->Microtropis->Celastraceae->Celastrales->fabids->rosids->Pentapetalae->Gunneridae->eudicotyledons->Mesangiospermae->Magnoliophyta->Spermatophyta->Euphyllophyta->Tracheophyta->Embryophyta->Streptophytina->Streptophyta->Chloroplastida->Archaeplastida->Eukaryota->cellular organisms->life" nexsonid "node174538"
pgloadind     taxon mapping OTT ID 828316 taxonomy "Microtropis japonica->Microtropis->Celastraceae->Celastrales->fabids->rosids->Pentapetalae->Gunneridae->eudicotyledons->Mesangiospermae->Magnoliophyta->Spermatophyta->Euphyllophyta->Tracheophyta->Embryophyta->Streptophytina->Streptophyta->Chloroplastida->Archaeplastida->Eukaryota->cellular organisms->life" nexsonid "node174541"
pgloadind     taxon mapping OTT ID 332597 taxonomy "Quetzalia occidentalis->Quetzalia->Celastraceae->Celastrales->fabids->rosids->Pentapetalae->Gunneridae->eudicotyledons->Mesangiospermae->Magnoliophyta->Spermatophyta->Euphyllophyta->Tracheophyta->Embryophyta->Streptophytina->Streptophyta->Chloroplastida->Archaeplastida->Eukaryota->cellular organisms->life" nexsonid "node174543"
pgloadind     taxon mapping OTT ID 374094 taxonomy "Quetzalia schiedeana->Quetzalia->Celastraceae->Celastrales->fabids->rosids->Pentapetalae->Gunneridae->eudicotyledons->Mesangiospermae->Magnoliophyta->Spermatophyta->Euphyllophyta->Tracheophyta->Embryophyta->Streptophytina->Streptophyta->Chloroplastida->Archaeplastida->Eukaryota->cellular organisms->life" nexsonid "node174545"
pgloadind     taxon mapping OTT ID 1044980 taxonomy "Quetzalia stipitata->Quetzalia->Celastraceae->Celastrales->fabids->rosids->Pentapetalae->Gunneridae->eudicotyledons->Mesangiospermae->Magnoliophyta->Spermatophyta->Euphyllophyta->Tracheophyta->Embryophyta->Streptophytina->Streptophyta->Chloroplastida->Archaeplastida->Eukaryota->cellular organisms->life" nexsonid "node174546"
pgloadind     taxon mapping OTT ID 1009160 taxonomy "Zinowiewia concinna->Zinowiewia->Celastraceae->Celastrales->fabids->rosids->Pentapetalae->Gunneridae->eudicotyledons->Mesangiospermae->Magnoliophyta->Spermatophyta->Euphyllophyta->Tracheophyta->Embryophyta->Streptophytina->Streptophyta->Chloroplastida->Archaeplastida->Eukaryota->cellular organisms->life" nexsonid "node174547"
pgloadind     taxon mapping OTT ID 755538 taxonomy "Mortonia greggii->Mortonia->Celastraceae->Celastrales->fabids->rosids->Pentapetalae->Gunneridae->eudicotyledons->Mesangiospermae->Magnoliophyta->Spermatophyta->Euphyllophyta->Tracheophyta->Embryophyta->Streptophytina->Streptophyta->Chloroplastida->Archaeplastida->Eukaryota->cellular organisms->life" nexsonid "node174549"
pgloadind     taxon mapping OTT ID 730513 taxonomy "Pottingeria acuminata->Pottingeria->Celastraceae->Celastrales->fabids->rosids->Pentapetalae->Gunneridae->eudicotyledons->Mesangiospermae->Magnoliophyta->Spermatophyta->Euphyllophyta->Tracheophyta->Embryophyta->Streptophytina->Streptophyta->Chloroplastida->Archaeplastida->Eukaryota->cellular organisms->life" nexsonid "node174550"
done fixing name
pgloadind Finished with attempts to fix names
pgloadind   Checking for uniqueness of OTT IDs tree id "183"
pgloadind   Adding tree to graph tree id "183"
all trees have all taxa: false
	using bipartition technique
attempting to remap tips to deepest exemplified taxa
	Hedraianthera porphyropetala was remapped to 'Hedraianthera' (id=2785899)
	Tricerma texanum was remapped to 'Tricerma' (id=2785420)
	Tripterococcus brunonis was remapped to 'Tripterococcus' (id=2785348)
	Canotia holacantha was remapped to 'Canotia' (id=2785875)
	Hexaspora pubescens was remapped to 'Hexaspora' (id=2785142)
	Gyminda latifolia was remapped to 'Gyminda' (id=2785269)
	Mortonia greggii was remapped to 'Mortonia' (id=2785231)
	Tripterygium regelii was remapped to 'Tripterygium' (id=2785439)
	Brexia madagascariensis was remapped to 'Brexia' (id=2785817)
	Moya spinosa was remapped to 'Moya' (id=2785396)
	Stackhousia monogyna was remapped to 'Stackhousia' (id=2785118)
	Macgregoria racemigera was remapped to 'Macgregoria' (id=2785392)
	Monimopetalum chinense was remapped to 'Monimopetalum' (id=2785861)
	Pottingeria acuminata was remapped to 'Pottingeria' (id=2785640)
	Torralbasia cuneifolia was remapped to 'Torralbasia' (id=2785450)
	Peripterygia marginata was remapped to 'Peripterygia' (id=2785380)
	Siphonodon celastrineus was remapped to 'Siphonodon' (id=2785240)
	Kokoona sp. Chase 2092 was remapped to 'Kokoona' (id=2785367)
	Lophopetalum arnhemicum was remapped to 'Lophopetalum' (id=2785266)
	Zinowiewia concinna was remapped to 'Zinowiewia' (id=2785413)
this is the ROOT
placing root in index
Dealing with metadata property: id
Dealing with metadata property: ot:studyPublicationReference
Adding property 'ot:studyPublicationReference': Simmons et al. Phylogeny of Celastraceae tribe Euonymeae inferred from morphological characters and nuclear and plastid genes. Molecular Phylogenetics and Evolution 62 (2012) 9–20.
Dealing with metadata property: ot:focalCladeOTTTaxonName
Adding property 'ot:focalCladeOTTTaxonName': Celastraceae
Dealing with metadata property: ot:studyYear
Adding property 'ot:studyYear': 2012
Dealing with metadata property: ot:inGroupClade
Adding property 'ot:inGroupClade': node174306
Dealing with metadata property: ot:curatorName
Adding property 'ot:curatorName': bryan drew
Dealing with metadata property: ot:studyPublication
Adding property 'ot:studyPublication': http://dx.doi.org/10.1016/j.ympev.2011.08.022
Dealing with metadata property: ot:focalClade
Adding property 'ot:focalClade': 854864
Dealing with metadata property: ot:curatedType
Adding property 'ot:curatedType': simultaneous-analysis parsimony strict consensus tree
Dealing with metadata property: ot:studyId
Adding property 'ot:studyId': 282
Committing nodes: 219
{2785112}
2785173
2785183
2785195
2785197
2785200
2785208
2785210
2785212
2785225
2785275
2785290
2785353
2785354
2785356
2785357
2785358
2785371
2785374
2785375
2785390
2785391
2785407
2785408
2785410
2785411
2785412
2785496
2785498
2785512
2785514
2785516
2785517
2785519
2785521
2785522
2785523
2785525
2785528
2785529
2785530
2785535
2785543
2785546
2785548
2785562
2785564
2785566
2785570
2785571
2785572
2785577
2785583
2785585
2785587
2785590
2785592
2785633
2785635
2785646
2785648
2785652
2785654
2785673
2785675
2785677
2785679
2785682
2785684
2785686
2785706
2785741
2785743
2785745
2785747
2785749
2785753
2785760
2785762
2785765
2785767
2785769
2785771
2785777
2785780
2785807
2785809
2785811
2785829
2785831
2785833
2785869
2785871
2785873
2785903
2785904
2785118
	adding Node[2785118] Stackhousia 14727 as compatible with Node[2785118]
		adding Relationship[8257671]
2785142
2785231
	adding Node[2785231] Mortonia 755540 as compatible with Node[2785231]
		adding Relationship[8257672]
2785240
	adding Node[2785240] Siphonodon 162357 as compatible with Node[2785240]
		adding Relationship[8257673]
2785266
	adding Node[2785266] Lophopetalum 232495 as compatible with Node[2785266]
		adding Relationship[8257674]
2785269
	adding Node[2785269] Gyminda 232497 as compatible with Node[2785269]
		adding Relationship[8257675]
2785348
	adding Node[2785348] Tripterococcus 303679 as compatible with Node[2785348]
		adding Relationship[8257676]
2785367
2785380
2785392
2785396
2785413
	adding Node[2785413] Zinowiewia 483010 as compatible with Node[2785413]
		adding Relationship[8257677]
2785420
2785439
	adding Node[2785439] Tripterygium 483026 as compatible with Node[2785439]
		adding Relationship[8257678]
2785450
2785640
2785817
	adding Node[2785817] Brexia 401060 as compatible with Node[2785817]
		adding Relationship[8257679]
2785861
2785875
	adding Node[2785875] Canotia 1009158 as compatible with Node[2785875]
		adding Relationship[8257680]
2785899
[Node[3501508], Node[2785348], Node[2785231], Node[2785413], Node[3501549], Node[2785240], Node[3501494], Node[3501521], Node[2785439], Node[3501493], Node[3501558], Node[3501524], Node[2785875], Node[2785266], Node[2785817], Node[3501560], Node[3501575], Node[2785118], Node[2785269], Node[3501573]]
	Node[3501508]
	Node[2785348]
		adding Relationship[8257681] from Node[2785348] to Node[3501494]
	Node[2785231]
		adding Relationship[8257682] from Node[2785231] to Node[3501575]
	Node[2785413]
		adding Relationship[8257683] from Node[2785413] to Node[3501573]
	Node[3501549]
	Node[2785240]
		adding Relationship[8257684] from Node[2785240] to Node[3501508]
	Node[3501494]
	Node[3501521]
	Node[2785439]
		adding Relationship[8257685] from Node[2785439] to Node[3501558]
	Node[3501493]
		adding Relationship[8257686] from Node[3501493] to Node[3501494]
	Node[3501558]
	Node[3501524]
	Node[2785875]
		adding Relationship[8257687] from Node[2785875] to Node[3501549]
	Node[2785266]
		adding Relationship[8257688] from Node[2785266] to Node[3501524]
	Node[2785817]
		adding Relationship[8257689] from Node[2785817] to Node[3501521]
	Node[3501560]
	Node[3501575]
	Node[2785118]
		adding Relationship[8257690] from Node[2785118] to Node[3501493]
	Node[2785269]
		adding Relationship[8257691] from Node[2785269] to Node[3501560]
	Node[3501573]
