pgloadind OTUs number 141
pgloadind Processing tree @id "3761"
pgloadind   tree info number nodes 254
pgloadind   tree info number edges 253
pgloadind   tree info ingroup "node712383"
pgloadind   Setting ingroup root node.
pgloadind   Ingested tree number of external nodes 136
pgloadind   property added ot:studyPublicationReference "Sonboli, A. [et al. 2012], Stroka, K., Kazempour Osaloo, S., & Oberprieler, C. 2012. Molecular phylogeny and taxonomy of Tanacetum L. (Compositae, Anthemidae) inferred from nrDNA ITS and cpDNA trnH/psbA sequence variation. Plant Syst. Evol. 298: 431-444."
pgloadind   property added ot:studyPublication "http://dx.doi.org/10.1007/s00606-011-0556-6"
pgloadind   property added ot:curatorName "bryan drew"
pgloadind   property added ot:studyId "314"
pgloadind   property added ot:studyYear "2012"
pgloadind   property added ot:focalClade "382335"
pgloadind   property added ot:focalCladeOTTTaxonName "Tanacetum"
pgloadind   property added ot:branchLengthMode "ot:substitutionCount"
pgloadind   property added ot:inGroupClade "node712383"
pgloadind   property added ot:curatedType "ml best tree"
loading a specific tree: 3761
pgloadind conducting TNRS on trees
pgloadind   name fixing on tree tree id "3761"
pgloadind   all nodes have ottIds
pgloadind     OTT ID not in database (probably dubious)
pgloadind       dubious name "Phaeostigma salicifolium" nexsonid "node712403"
pgloadind       dubious OTT ID 1008175
pgloadind     OTT ID reused in tree
pgloadind       duplicate name "Tanacetum abrotanifolium" nexsonid "node712621"
pgloadind       duplicate OTT ID 616344
pgloadind     OTT ID reused in tree
pgloadind       duplicate name "Tanacetum pinnatum" nexsonid "node712544"
pgloadind       duplicate OTT ID 1040273
pgloadind     OTT ID reused in tree
pgloadind       duplicate name "Tanacetum kotschyi" nexsonid "node712502"
pgloadind       duplicate OTT ID 322099
pgloadind     OTT ID reused in tree
pgloadind       duplicate name "Tanacetum punctatum" nexsonid "node712493"
pgloadind       duplicate OTT ID 1040275
pgloadind     OTT ID reused in tree
pgloadind       duplicate name "Tanacetum balsamita" nexsonid "node712481"
pgloadind       duplicate OTT ID 616342
pgloadind     OTT ID reused in tree
pgloadind       duplicate name "Tanacetum parthenium" nexsonid "node712487"
pgloadind       duplicate OTT ID 488828
pgloadind     overlapping tips
pgloadind       overlapping retained name "Tanacetum chiliophyllum var. chiliophyllum" nexsonid "node712620"
pgloadind       overlapping pruned name "Tanacetum chiliophyllum" nexsonid "node712609"
pgloadind     overlapping tips
pgloadind       overlapping retained name "Tanacetum polycephalum subsp. farsicum" nexsonid "node712618"
pgloadind       overlapping pruned name "Tanacetum polycephalum" nexsonid "node712611"
pgloadind     pruning dups and overlapping name "Phaeostigma salicifolium" nexsonid "node712403"
pgloadind     pruning dups and overlapping name "Tanacetum punctatum" nexsonid "node712493"
pgloadind     pruning dups and overlapping name "Tanacetum kotschyi" nexsonid "node712502"
pgloadind     pruning dups and overlapping name "Tanacetum pinnatum" nexsonid "node712544"
pgloadind     pruning dups and overlapping name "Tanacetum abrotanifolium" nexsonid "node712621"
pgloadind     pruning dups and overlapping name "Tanacetum parthenium" nexsonid "node712487"
pgloadind     pruning dups and overlapping name "Tanacetum chiliophyllum" nexsonid "node712609"
pgloadind     pruning dups and overlapping name "Tanacetum polycephalum" nexsonid "node712611"
pgloadind     pruning dups and overlapping name "Tanacetum balsamita" nexsonid "node712481"
pgloadind   postpruning newick tree "((((Artemisiella_stracheyi,((Picrothamnus_desertorum,Artemisia_vulgaris),Ajania_tibetica)),Hippolytia_dolichophylla,Tanacetum_tatsienense),((((Handelia_trichophylla,Pseudohandelia_umbellifera),Tanacetopsis_eriobasis),((Richteria_tianschanica,Richteria_pyrethroides),Microcephala_lamellata)),Sclerorhachis_platyrachis)),(((((((Tanacetum_ferulaceum,(Gonospermum_fruticosum,Lugoa_revoluta)),Tanacetum_alyssifolium),(((Tanacetum_argenteum_subsp_canum,Tanacetum_argenteum_subsp_flabellifolium),Tanacetum_haradjanii),(Tanacetum_densum,Tanacetum_vahlii)),Tanacetum_abrotanifolium,((Tanacetum_walteri,Tanacetum_turcomanicum),Tanacetum_bamianicum)),((Tanacetum_coccineum,Tanacetum_roseum),Tanacetum_cinerariifolium),((((((Leucocyclus_formosus,Achillea_vermicularis),Otanthus_maritimus),(Achillea_biebersteinii,Achillea_filipendulina)),((Anacyclus_homogamos,Anacyclus_clavatus),Heliocauta_atlantica)),Matricaria_matricarioides),((Archanthemis_trotzkiana,Archanthemis_marschalliana),(Archanthemis_fruticulosa,Archanthemis_calcarea))),(((((Tanacetum_bipinnatum,(Tanacetum_millefolium,Tanacetum_sclerophyllum)),Tanacetum_santolina),Tanacetum_siculum),(Tanacetum_chiliophyllum_var_chiliophyllum,(((((Tanacetum_hololeucum,((Tanacetum_leptophyllum,Tanacetum_pseudachillea),Tanacetum_khorassanicum)),Tanacetum_mucroniferum),Tanacetum_vulgare,Tanacetum_sinaicum),Tanacetum_achilleifolium),Tanacetum_uniflorum),(Tanacetum_chiliophyllum_var_oligocephalum,(Tanacetum_elbursense,Tanacetum_polycephalum_subsp_farsicum,Tanacetum_tabrisianum),Tanacetum_sonbolii),Tanacetum_polycephalum_subsp_argyrophyllum,Tanacetum_aucherianum)),(Tanacetum_bachtiaricum,Tanacetum_dumosum)),Tanacetum_armenum,(((Tanacetum_nitens,Tanacetum_germanicopolitanum),Tanacetum_pinnatum),Tanacetum_budjnurdense,Tanacetum_haussknechtii)),(((((Tanacetum_salsugineum,Tanacetum_tenuisectum),Tanacetum_joharchii,Tanacetum_kotschyi),(Xylanthemum_fisherae,(Xylanthemum_rupestre,(Tanacetum_griffithii,Tanacetum_paleaceum),Xylanthemum_paghmanense,Xylanthemum_pamiricum))),(Tanacetum_corymbosum,Tanacetum_poteriifolium)),Tanacetum_zahlbruckneri,Tanacetum_punctatum),Tanacetum_porphyrostephanum),((Tanacetum_parthenifolium,Tanacetum_demetrii,Tanacetum_parthenium),Tanacetum_balsamita),(((((Tripleurospermum_transcaucasicum,Tripleurospermum_caucasicum),(Tripleurospermum_sevanense,Tripleurospermum_maritimum_subsp_inodorum)),Nananthea_perpusilla),((((Anthemis_ammophila,Anthemis_arvensis),(Anthemis_tricolor,Anthemis_cretica,Anthemis_kotschyana)),(Anthemis_tricornis,Anthemis_hyalina),(((((Anthemis_gharbensis,Anthemis_zaianica),Anthemis_boveana),((Anthemis_pedunculata,Anthemis_maritima),Anthemis_secundiramea)),(Anthemis_rigida,Anthemis_filicaulis)),Anthemis_zoharyana)),(Anthemis_hebronica,(Anthemis_davisii,(((Anthemis_brachystephana,Anthemis_bushehrica),Anthemis_rascheyana),Anthemis_schizostephana))))),(Cota_melanoloma,(Cota_mazandaranica,((((Cota_tinctoria,Cota_triumfettii,Cota_austriaca),Cota_dipsacea),Cota_oxylepis),Cota_macroglossa))))),Tanacetum_microphyllum))"
pgloadind   taxon mapping summary
pgloadind     taxon mapping OTT ID 583485 taxonomy "Artemisiella stracheyi->Artemisiella->Artemisiinae->Anthemideae->Asteroideae->Asteraceae->Asterales->campanulids->asterids->Pentapetalae->Gunneridae->eudicotyledons->Mesangiospermae->Magnoliophyta->Spermatophyta->Euphyllophyta->Tracheophyta->Embryophyta->Streptophytina->Streptophyta->Chloroplastida->Archaeplastida->Eukaryota->cellular organisms->life" nexsonid "node712401"
pgloadind     taxon mapping OTT ID 274419 taxonomy "Picrothamnus desertorum->Picrothamnus->Artemisiinae->Anthemideae->Asteroideae->Asteraceae->Asterales->campanulids->asterids->Pentapetalae->Gunneridae->eudicotyledons->Mesangiospermae->Magnoliophyta->Spermatophyta->Euphyllophyta->Tracheophyta->Embryophyta->Streptophytina->Streptophyta->Chloroplastida->Archaeplastida->Eukaryota->cellular organisms->life" nexsonid "node712407"
pgloadind     taxon mapping OTT ID 1092844 taxonomy "Artemisia vulgaris->Artemisia->Artemisiinae->Anthemideae->Asteroideae->Asteraceae->Asterales->campanulids->asterids->Pentapetalae->Gunneridae->eudicotyledons->Mesangiospermae->Magnoliophyta->Spermatophyta->Euphyllophyta->Tracheophyta->Embryophyta->Streptophytina->Streptophyta->Chloroplastida->Archaeplastida->Eukaryota->cellular organisms->life" nexsonid "node712406"
pgloadind     taxon mapping OTT ID 323028 taxonomy "Ajania tibetica->Ajania->Artemisiinae->Anthemideae->Asteroideae->Asteraceae->Asterales->campanulids->asterids->Pentapetalae->Gunneridae->eudicotyledons->Mesangiospermae->Magnoliophyta->Spermatophyta->Euphyllophyta->Tracheophyta->Embryophyta->Streptophytina->Streptophyta->Chloroplastida->Archaeplastida->Eukaryota->cellular organisms->life" nexsonid "node712408"
pgloadind     taxon mapping OTT ID 420729 taxonomy "Hippolytia dolichophylla->Hippolytia->Artemisiinae->Anthemideae->Asteroideae->Asteraceae->Asterales->campanulids->asterids->Pentapetalae->Gunneridae->eudicotyledons->Mesangiospermae->Magnoliophyta->Spermatophyta->Euphyllophyta->Tracheophyta->Embryophyta->Streptophytina->Streptophyta->Chloroplastida->Archaeplastida->Eukaryota->cellular organisms->life" nexsonid "node712399"
pgloadind     taxon mapping OTT ID 952516 taxonomy "Tanacetum tatsienense->Tanacetum->Anthemidinae->Anthemideae->Asteroideae->Asteraceae->Asterales->campanulids->asterids->Pentapetalae->Gunneridae->eudicotyledons->Mesangiospermae->Magnoliophyta->Spermatophyta->Euphyllophyta->Tracheophyta->Embryophyta->Streptophytina->Streptophyta->Chloroplastida->Archaeplastida->Eukaryota->cellular organisms->life" nexsonid "node712409"
pgloadind     taxon mapping OTT ID 583471 taxonomy "Handelia trichophylla->Handelia->Handeliinae->Anthemideae->Asteroideae->Asteraceae->Asterales->campanulids->asterids->Pentapetalae->Gunneridae->eudicotyledons->Mesangiospermae->Magnoliophyta->Spermatophyta->Euphyllophyta->Tracheophyta->Embryophyta->Streptophytina->Streptophyta->Chloroplastida->Archaeplastida->Eukaryota->cellular organisms->life" nexsonid "node712396"
pgloadind     taxon mapping OTT ID 221673 taxonomy "Pseudohandelia umbellifera->Pseudohandelia->Handeliinae->Anthemideae->Asteroideae->Asteraceae->Asterales->campanulids->asterids->Pentapetalae->Gunneridae->eudicotyledons->Mesangiospermae->Magnoliophyta->Spermatophyta->Euphyllophyta->Tracheophyta->Embryophyta->Streptophytina->Streptophyta->Chloroplastida->Archaeplastida->Eukaryota->cellular organisms->life" nexsonid "node712395"
pgloadind     taxon mapping OTT ID 1011362 taxonomy "Tanacetopsis eriobasis->Tanacetopsis->Handeliinae->Anthemideae->Asteroideae->Asteraceae->Asterales->campanulids->asterids->Pentapetalae->Gunneridae->eudicotyledons->Mesangiospermae->Magnoliophyta->Spermatophyta->Euphyllophyta->Tracheophyta->Embryophyta->Streptophytina->Streptophyta->Chloroplastida->Archaeplastida->Eukaryota->cellular organisms->life" nexsonid "node712397"
pgloadind     taxon mapping OTT ID 1008162 taxonomy "Richteria tianschanica->Richteria->Handeliinae->Anthemideae->Asteroideae->Asteraceae->Asterales->campanulids->asterids->Pentapetalae->Gunneridae->eudicotyledons->Mesangiospermae->Magnoliophyta->Spermatophyta->Euphyllophyta->Tracheophyta->Embryophyta->Streptophytina->Streptophyta->Chloroplastida->Archaeplastida->Eukaryota->cellular organisms->life" nexsonid "node712392"
pgloadind     taxon mapping OTT ID 532242 taxonomy "Richteria pyrethroides->Richteria->Handeliinae->Anthemideae->Asteroideae->Asteraceae->Asterales->campanulids->asterids->Pentapetalae->Gunneridae->eudicotyledons->Mesangiospermae->Magnoliophyta->Spermatophyta->Euphyllophyta->Tracheophyta->Embryophyta->Streptophytina->Streptophyta->Chloroplastida->Archaeplastida->Eukaryota->cellular organisms->life" nexsonid "node712391"
pgloadind     taxon mapping OTT ID 896582 taxonomy "Microcephala lamellata->Microcephala->Handeliinae->Anthemideae->Asteroideae->Asteraceae->Asterales->campanulids->asterids->Pentapetalae->Gunneridae->eudicotyledons->Mesangiospermae->Magnoliophyta->Spermatophyta->Euphyllophyta->Tracheophyta->Embryophyta->Streptophytina->Streptophyta->Chloroplastida->Archaeplastida->Eukaryota->cellular organisms->life" nexsonid "node712389"
pgloadind     taxon mapping OTT ID 532254 taxonomy "Sclerorhachis platyrachis->Sclerorhachis->Handeliinae->Anthemideae->Asteroideae->Asteraceae->Asterales->campanulids->asterids->Pentapetalae->Gunneridae->eudicotyledons->Mesangiospermae->Magnoliophyta->Spermatophyta->Euphyllophyta->Tracheophyta->Embryophyta->Streptophytina->Streptophyta->Chloroplastida->Archaeplastida->Eukaryota->cellular organisms->life" nexsonid "node712386"
pgloadind     taxon mapping OTT ID 748953 taxonomy "Tanacetum ferulaceum->Tanacetum->Anthemidinae->Anthemideae->Asteroideae->Asteraceae->Asterales->campanulids->asterids->Pentapetalae->Gunneridae->eudicotyledons->Mesangiospermae->Magnoliophyta->Spermatophyta->Euphyllophyta->Tracheophyta->Embryophyta->Streptophytina->Streptophyta->Chloroplastida->Archaeplastida->Eukaryota->cellular organisms->life" nexsonid "node712562"
pgloadind     taxon mapping OTT ID 593030 taxonomy "Gonospermum fruticosum->Gonospermum->Anthemidinae->Anthemideae->Asteroideae->Asteraceae->Asterales->campanulids->asterids->Pentapetalae->Gunneridae->eudicotyledons->Mesangiospermae->Magnoliophyta->Spermatophyta->Euphyllophyta->Tracheophyta->Embryophyta->Streptophytina->Streptophyta->Chloroplastida->Archaeplastida->Eukaryota->cellular organisms->life" nexsonid "node712565"
pgloadind     taxon mapping OTT ID 371802 taxonomy "Lugoa revoluta->Lugoa->Anthemidinae->Anthemideae->Asteroideae->Asteraceae->Asterales->campanulids->asterids->Pentapetalae->Gunneridae->eudicotyledons->Mesangiospermae->Magnoliophyta->Spermatophyta->Euphyllophyta->Tracheophyta->Embryophyta->Streptophytina->Streptophyta->Chloroplastida->Archaeplastida->Eukaryota->cellular organisms->life" nexsonid "node712564"
pgloadind     taxon mapping OTT ID 323030 taxonomy "Tanacetum alyssifolium->Tanacetum->Anthemidinae->Anthemideae->Asteroideae->Asteraceae->Asterales->campanulids->asterids->Pentapetalae->Gunneridae->eudicotyledons->Mesangiospermae->Magnoliophyta->Spermatophyta->Euphyllophyta->Tracheophyta->Embryophyta->Streptophytina->Streptophyta->Chloroplastida->Archaeplastida->Eukaryota->cellular organisms->life" nexsonid "node712560"
pgloadind     taxon mapping OTT ID 46778 taxonomy "Tanacetum argenteum subsp. canum->Tanacetum argenteum->Tanacetum->Anthemidinae->Anthemideae->Asteroideae->Asteraceae->Asterales->campanulids->asterids->Pentapetalae->Gunneridae->eudicotyledons->Mesangiospermae->Magnoliophyta->Spermatophyta->Euphyllophyta->Tracheophyta->Embryophyta->Streptophytina->Streptophyta->Chloroplastida->Archaeplastida->Eukaryota->cellular organisms->life" nexsonid "node712572"
pgloadind     taxon mapping OTT ID 234351 taxonomy "Tanacetum argenteum subsp. flabellifolium->Tanacetum argenteum->Tanacetum->Anthemidinae->Anthemideae->Asteroideae->Asteraceae->Asterales->campanulids->asterids->Pentapetalae->Gunneridae->eudicotyledons->Mesangiospermae->Magnoliophyta->Spermatophyta->Euphyllophyta->Tracheophyta->Embryophyta->Streptophytina->Streptophyta->Chloroplastida->Archaeplastida->Eukaryota->cellular organisms->life" nexsonid "node712573"
pgloadind     taxon mapping OTT ID 897529 taxonomy "Tanacetum haradjanii->Tanacetum->Anthemidinae->Anthemideae->Asteroideae->Asteraceae->Asterales->campanulids->asterids->Pentapetalae->Gunneridae->eudicotyledons->Mesangiospermae->Magnoliophyta->Spermatophyta->Euphyllophyta->Tracheophyta->Embryophyta->Streptophytina->Streptophyta->Chloroplastida->Archaeplastida->Eukaryota->cellular organisms->life" nexsonid "node712574"
pgloadind     taxon mapping OTT ID 725991 taxonomy "Tanacetum densum->Tanacetum->Anthemidinae->Anthemideae->Asteroideae->Asteraceae->Asterales->campanulids->asterids->Pentapetalae->Gunneridae->eudicotyledons->Mesangiospermae->Magnoliophyta->Spermatophyta->Euphyllophyta->Tracheophyta->Embryophyta->Streptophytina->Streptophyta->Chloroplastida->Archaeplastida->Eukaryota->cellular organisms->life" nexsonid "node712568"
pgloadind     taxon mapping OTT ID 322097 taxonomy "Tanacetum vahlii->Tanacetum->Anthemidinae->Anthemideae->Asteroideae->Asteraceae->Asterales->campanulids->asterids->Pentapetalae->Gunneridae->eudicotyledons->Mesangiospermae->Magnoliophyta->Spermatophyta->Euphyllophyta->Tracheophyta->Embryophyta->Streptophytina->Streptophyta->Chloroplastida->Archaeplastida->Eukaryota->cellular organisms->life" nexsonid "node712569"
pgloadind     taxon mapping OTT ID 616344 taxonomy "Tanacetum abrotanifolium->Tanacetum->Anthemidinae->Anthemideae->Asteroideae->Asteraceae->Asterales->campanulids->asterids->Pentapetalae->Gunneridae->eudicotyledons->Mesangiospermae->Magnoliophyta->Spermatophyta->Euphyllophyta->Tracheophyta->Embryophyta->Streptophytina->Streptophyta->Chloroplastida->Archaeplastida->Eukaryota->cellular organisms->life" nexsonid "node712575"
pgloadind     taxon mapping OTT ID 555666 taxonomy "Tanacetum walteri->Tanacetum->Anthemidinae->Anthemideae->Asteroideae->Asteraceae->Asterales->campanulids->asterids->Pentapetalae->Gunneridae->eudicotyledons->Mesangiospermae->Magnoliophyta->Spermatophyta->Euphyllophyta->Tracheophyta->Embryophyta->Streptophytina->Streptophyta->Chloroplastida->Archaeplastida->Eukaryota->cellular organisms->life" nexsonid "node712556"
pgloadind     taxon mapping OTT ID 555675 taxonomy "Tanacetum turcomanicum->Tanacetum->Anthemidinae->Anthemideae->Asteroideae->Asteraceae->Asterales->campanulids->asterids->Pentapetalae->Gunneridae->eudicotyledons->Mesangiospermae->Magnoliophyta->Spermatophyta->Euphyllophyta->Tracheophyta->Embryophyta->Streptophytina->Streptophyta->Chloroplastida->Archaeplastida->Eukaryota->cellular organisms->life" nexsonid "node712557"
pgloadind     taxon mapping OTT ID 234308 taxonomy "Tanacetum bamianicum->Tanacetum->Anthemidinae->Anthemideae->Asteroideae->Asteraceae->Asterales->campanulids->asterids->Pentapetalae->Gunneridae->eudicotyledons->Mesangiospermae->Magnoliophyta->Spermatophyta->Euphyllophyta->Tracheophyta->Embryophyta->Streptophytina->Streptophyta->Chloroplastida->Archaeplastida->Eukaryota->cellular organisms->life" nexsonid "node712558"
pgloadind     taxon mapping OTT ID 1040269 taxonomy "Tanacetum coccineum->Tanacetum->Anthemidinae->Anthemideae->Asteroideae->Asteraceae->Asterales->campanulids->asterids->Pentapetalae->Gunneridae->eudicotyledons->Mesangiospermae->Magnoliophyta->Spermatophyta->Euphyllophyta->Tracheophyta->Embryophyta->Streptophytina->Streptophyta->Chloroplastida->Archaeplastida->Eukaryota->cellular organisms->life" nexsonid "node712624"
pgloadind     taxon mapping OTT ID 404853 taxonomy "Tanacetum roseum->Tanacetum->Anthemidinae->Anthemideae->Asteroideae->Asteraceae->Asterales->campanulids->asterids->Pentapetalae->Gunneridae->eudicotyledons->Mesangiospermae->Magnoliophyta->Spermatophyta->Euphyllophyta->Tracheophyta->Embryophyta->Streptophytina->Streptophyta->Chloroplastida->Archaeplastida->Eukaryota->cellular organisms->life" nexsonid "node712625"
pgloadind     taxon mapping OTT ID 252960 taxonomy "Tanacetum cinerariifolium->Tanacetum->Anthemidinae->Anthemideae->Asteroideae->Asteraceae->Asterales->campanulids->asterids->Pentapetalae->Gunneridae->eudicotyledons->Mesangiospermae->Magnoliophyta->Spermatophyta->Euphyllophyta->Tracheophyta->Embryophyta->Streptophytina->Streptophyta->Chloroplastida->Archaeplastida->Eukaryota->cellular organisms->life" nexsonid "node712626"
pgloadind     taxon mapping OTT ID 616330 taxonomy "Leucocyclus formosus->Leucocyclus->Matricariinae->Anthemideae->Asteroideae->Asteraceae->Asterales->campanulids->asterids->Pentapetalae->Gunneridae->eudicotyledons->Mesangiospermae->Magnoliophyta->Spermatophyta->Euphyllophyta->Tracheophyta->Embryophyta->Streptophytina->Streptophyta->Chloroplastida->Archaeplastida->Eukaryota->cellular organisms->life" nexsonid "node712532"
pgloadind     taxon mapping OTT ID 94936 taxonomy "Achillea vermicularis->Achillea->Matricariinae->Anthemideae->Asteroideae->Asteraceae->Asterales->campanulids->asterids->Pentapetalae->Gunneridae->eudicotyledons->Mesangiospermae->Magnoliophyta->Spermatophyta->Euphyllophyta->Tracheophyta->Embryophyta->Streptophytina->Streptophyta->Chloroplastida->Archaeplastida->Eukaryota->cellular organisms->life" nexsonid "node712531"
pgloadind     taxon mapping OTT ID 195139 taxonomy "Otanthus maritimus->Otanthus->Matricariinae->Anthemideae->Asteroideae->Asteraceae->Asterales->campanulids->asterids->Pentapetalae->Gunneridae->eudicotyledons->Mesangiospermae->Magnoliophyta->Spermatophyta->Euphyllophyta->Tracheophyta->Embryophyta->Streptophytina->Streptophyta->Chloroplastida->Archaeplastida->Eukaryota->cellular organisms->life" nexsonid "node712529"
pgloadind     taxon mapping OTT ID 768354 taxonomy "Achillea biebersteinii->Achillea->Matricariinae->Anthemideae->Asteroideae->Asteraceae->Asterales->campanulids->asterids->Pentapetalae->Gunneridae->eudicotyledons->Mesangiospermae->Magnoliophyta->Spermatophyta->Euphyllophyta->Tracheophyta->Embryophyta->Streptophytina->Streptophyta->Chloroplastida->Archaeplastida->Eukaryota->cellular organisms->life" nexsonid "node712534"
pgloadind     taxon mapping OTT ID 245238 taxonomy "Achillea filipendulina->Achillea->Matricariinae->Anthemideae->Asteroideae->Asteraceae->Asterales->campanulids->asterids->Pentapetalae->Gunneridae->eudicotyledons->Mesangiospermae->Magnoliophyta->Spermatophyta->Euphyllophyta->Tracheophyta->Embryophyta->Streptophytina->Streptophyta->Chloroplastida->Archaeplastida->Eukaryota->cellular organisms->life" nexsonid "node712535"
pgloadind     taxon mapping OTT ID 288825 taxonomy "Anacyclus homogamos->Anacyclus->Matricariinae->Anthemideae->Asteroideae->Asteraceae->Asterales->campanulids->asterids->Pentapetalae->Gunneridae->eudicotyledons->Mesangiospermae->Magnoliophyta->Spermatophyta->Euphyllophyta->Tracheophyta->Embryophyta->Streptophytina->Streptophyta->Chloroplastida->Archaeplastida->Eukaryota->cellular organisms->life" nexsonid "node712524"
pgloadind     taxon mapping OTT ID 1049227 taxonomy "Anacyclus clavatus->Anacyclus->Matricariinae->Anthemideae->Asteroideae->Asteraceae->Asterales->campanulids->asterids->Pentapetalae->Gunneridae->eudicotyledons->Mesangiospermae->Magnoliophyta->Spermatophyta->Euphyllophyta->Tracheophyta->Embryophyta->Streptophytina->Streptophyta->Chloroplastida->Archaeplastida->Eukaryota->cellular organisms->life" nexsonid "node712525"
pgloadind     taxon mapping OTT ID 420733 taxonomy "Heliocauta atlantica->Heliocauta->Matricariinae->Anthemideae->Asteroideae->Asteraceae->Asterales->campanulids->asterids->Pentapetalae->Gunneridae->eudicotyledons->Mesangiospermae->Magnoliophyta->Spermatophyta->Euphyllophyta->Tracheophyta->Embryophyta->Streptophytina->Streptophyta->Chloroplastida->Archaeplastida->Eukaryota->cellular organisms->life" nexsonid "node712526"
pgloadind     taxon mapping OTT ID 896512 taxonomy "Matricaria matricarioides->Matricaria->Matricariinae->Anthemideae->Asteroideae->Asteraceae->Asterales->campanulids->asterids->Pentapetalae->Gunneridae->eudicotyledons->Mesangiospermae->Magnoliophyta->Spermatophyta->Euphyllophyta->Tracheophyta->Embryophyta->Streptophytina->Streptophyta->Chloroplastida->Archaeplastida->Eukaryota->cellular organisms->life" nexsonid "node712520"
pgloadind     taxon mapping OTT ID 737995 taxonomy "Archanthemis trotzkiana->Archanthemis->Anthemidinae->Anthemideae->Asteroideae->Asteraceae->Asterales->campanulids->asterids->Pentapetalae->Gunneridae->eudicotyledons->Mesangiospermae->Magnoliophyta->Spermatophyta->Euphyllophyta->Tracheophyta->Embryophyta->Streptophytina->Streptophyta->Chloroplastida->Archaeplastida->Eukaryota->cellular organisms->life" nexsonid "node712539"
pgloadind     taxon mapping OTT ID 924859 taxonomy "Archanthemis marschalliana->Archanthemis->Anthemidinae->Anthemideae->Asteroideae->Asteraceae->Asterales->campanulids->asterids->Pentapetalae->Gunneridae->eudicotyledons->Mesangiospermae->Magnoliophyta->Spermatophyta->Euphyllophyta->Tracheophyta->Embryophyta->Streptophytina->Streptophyta->Chloroplastida->Archaeplastida->Eukaryota->cellular organisms->life" nexsonid "node712538"
pgloadind     taxon mapping OTT ID 975076 taxonomy "Archanthemis fruticulosa->Archanthemis->Anthemidinae->Anthemideae->Asteroideae->Asteraceae->Asterales->campanulids->asterids->Pentapetalae->Gunneridae->eudicotyledons->Mesangiospermae->Magnoliophyta->Spermatophyta->Euphyllophyta->Tracheophyta->Embryophyta->Streptophytina->Streptophyta->Chloroplastida->Archaeplastida->Eukaryota->cellular organisms->life" nexsonid "node712541"
pgloadind     taxon mapping OTT ID 1025378 taxonomy "Archanthemis calcarea->Archanthemis->Anthemidinae->Anthemideae->Asteroideae->Asteraceae->Asterales->campanulids->asterids->Pentapetalae->Gunneridae->eudicotyledons->Mesangiospermae->Magnoliophyta->Spermatophyta->Euphyllophyta->Tracheophyta->Embryophyta->Streptophytina->Streptophyta->Chloroplastida->Archaeplastida->Eukaryota->cellular organisms->life" nexsonid "node712542"
pgloadind     taxon mapping OTT ID 725984 taxonomy "Tanacetum bipinnatum->Tanacetum->Anthemidinae->Anthemideae->Asteroideae->Asteraceae->Asterales->campanulids->asterids->Pentapetalae->Gunneridae->eudicotyledons->Mesangiospermae->Magnoliophyta->Spermatophyta->Euphyllophyta->Tracheophyta->Embryophyta->Streptophytina->Streptophyta->Chloroplastida->Archaeplastida->Eukaryota->cellular organisms->life" nexsonid "node712588"
pgloadind     taxon mapping OTT ID 345834 taxonomy "Tanacetum millefolium->Tanacetum->Anthemidinae->Anthemideae->Asteroideae->Asteraceae->Asterales->campanulids->asterids->Pentapetalae->Gunneridae->eudicotyledons->Mesangiospermae->Magnoliophyta->Spermatophyta->Euphyllophyta->Tracheophyta->Embryophyta->Streptophytina->Streptophyta->Chloroplastida->Archaeplastida->Eukaryota->cellular organisms->life" nexsonid "node712587"
pgloadind     taxon mapping OTT ID 101447 taxonomy "Tanacetum sclerophyllum->Tanacetum->Anthemidinae->Anthemideae->Asteroideae->Asteraceae->Asterales->campanulids->asterids->Pentapetalae->Gunneridae->eudicotyledons->Mesangiospermae->Magnoliophyta->Spermatophyta->Euphyllophyta->Tracheophyta->Embryophyta->Streptophytina->Streptophyta->Chloroplastida->Archaeplastida->Eukaryota->cellular organisms->life" nexsonid "node712586"
pgloadind     taxon mapping OTT ID 555662 taxonomy "Tanacetum santolina->Tanacetum->Anthemidinae->Anthemideae->Asteroideae->Asteraceae->Asterales->campanulids->asterids->Pentapetalae->Gunneridae->eudicotyledons->Mesangiospermae->Magnoliophyta->Spermatophyta->Euphyllophyta->Tracheophyta->Embryophyta->Streptophytina->Streptophyta->Chloroplastida->Archaeplastida->Eukaryota->cellular organisms->life" nexsonid "node712589"
pgloadind     taxon mapping OTT ID 555644 taxonomy "Tanacetum siculum->Tanacetum->Anthemidinae->Anthemideae->Asteroideae->Asteraceae->Asterales->campanulids->asterids->Pentapetalae->Gunneridae->eudicotyledons->Mesangiospermae->Magnoliophyta->Spermatophyta->Euphyllophyta->Tracheophyta->Embryophyta->Streptophytina->Streptophyta->Chloroplastida->Archaeplastida->Eukaryota->cellular organisms->life" nexsonid "node712590"
pgloadind     taxon mapping OTT ID 386330 taxonomy "Tanacetum chiliophyllum var. chiliophyllum->Tanacetum chiliophyllum->Tanacetum->Anthemidinae->Anthemideae->Asteroideae->Asteraceae->Asterales->campanulids->asterids->Pentapetalae->Gunneridae->eudicotyledons->Mesangiospermae->Magnoliophyta->Spermatophyta->Euphyllophyta->Tracheophyta->Embryophyta->Streptophytina->Streptophyta->Chloroplastida->Archaeplastida->Eukaryota->cellular organisms->life" nexsonid "node712620"
pgloadind     taxon mapping OTT ID 987842 taxonomy "Tanacetum hololeucum->Tanacetum->Anthemidinae->Anthemideae->Asteroideae->Asteraceae->Asterales->campanulids->asterids->Pentapetalae->Gunneridae->eudicotyledons->Mesangiospermae->Magnoliophyta->Spermatophyta->Euphyllophyta->Tracheophyta->Embryophyta->Streptophytina->Streptophyta->Chloroplastida->Archaeplastida->Eukaryota->cellular organisms->life" nexsonid "node712602"
pgloadind     taxon mapping OTT ID 897540 taxonomy "Tanacetum leptophyllum->Tanacetum->Anthemidinae->Anthemideae->Asteroideae->Asteraceae->Asterales->campanulids->asterids->Pentapetalae->Gunneridae->eudicotyledons->Mesangiospermae->Magnoliophyta->Spermatophyta->Euphyllophyta->Tracheophyta->Embryophyta->Streptophytina->Streptophyta->Chloroplastida->Archaeplastida->Eukaryota->cellular organisms->life" nexsonid "node712606"
pgloadind     taxon mapping OTT ID 602526 taxonomy "Tanacetum pseudachillea->Tanacetum->Anthemidinae->Anthemideae->Asteroideae->Asteraceae->Asterales->campanulids->asterids->Pentapetalae->Gunneridae->eudicotyledons->Mesangiospermae->Magnoliophyta->Spermatophyta->Euphyllophyta->Tracheophyta->Embryophyta->Streptophytina->Streptophyta->Chloroplastida->Archaeplastida->Eukaryota->cellular organisms->life" nexsonid "node712607"
pgloadind     taxon mapping OTT ID 897542 taxonomy "Tanacetum khorassanicum->Tanacetum->Anthemidinae->Anthemideae->Asteroideae->Asteraceae->Asterales->campanulids->asterids->Pentapetalae->Gunneridae->eudicotyledons->Mesangiospermae->Magnoliophyta->Spermatophyta->Euphyllophyta->Tracheophyta->Embryophyta->Streptophytina->Streptophyta->Chloroplastida->Archaeplastida->Eukaryota->cellular organisms->life" nexsonid "node712604"
pgloadind     taxon mapping OTT ID 404796 taxonomy "Tanacetum mucroniferum->Tanacetum->Anthemidinae->Anthemideae->Asteroideae->Asteraceae->Asterales->campanulids->asterids->Pentapetalae->Gunneridae->eudicotyledons->Mesangiospermae->Magnoliophyta->Spermatophyta->Euphyllophyta->Tracheophyta->Embryophyta->Streptophytina->Streptophyta->Chloroplastida->Archaeplastida->Eukaryota->cellular organisms->life" nexsonid "node712608"
pgloadind     taxon mapping OTT ID 602516 taxonomy "Tanacetum vulgare->Tanacetum->Anthemidinae->Anthemideae->Asteroideae->Asteraceae->Asterales->campanulids->asterids->Pentapetalae->Gunneridae->eudicotyledons->Mesangiospermae->Magnoliophyta->Spermatophyta->Euphyllophyta->Tracheophyta->Embryophyta->Streptophytina->Streptophyta->Chloroplastida->Archaeplastida->Eukaryota->cellular organisms->life" nexsonid "node712598"
pgloadind     taxon mapping OTT ID 3899224 taxonomy "Tanacetum sinaicum->Tanacetum->Anthemidinae->Anthemideae->Asteroideae->Asteraceae->Asterales->campanulids->asterids->Pentapetalae->Gunneridae->eudicotyledons->Mesangiospermae->Magnoliophyta->Spermatophyta->Euphyllophyta->Tracheophyta->Embryophyta->Streptophytina->Streptophyta->Chloroplastida->Archaeplastida->Eukaryota->cellular organisms->life" nexsonid "node712599"
pgloadind     taxon mapping OTT ID 612891 taxonomy "Tanacetum achilleifolium->Tanacetum->Anthemidinae->Anthemideae->Asteroideae->Asteraceae->Asterales->campanulids->asterids->Pentapetalae->Gunneridae->eudicotyledons->Mesangiospermae->Magnoliophyta->Spermatophyta->Euphyllophyta->Tracheophyta->Embryophyta->Streptophytina->Streptophyta->Chloroplastida->Archaeplastida->Eukaryota->cellular organisms->life" nexsonid "node712596"
pgloadind     taxon mapping OTT ID 101552 taxonomy "Tanacetum uniflorum->Tanacetum->Anthemidinae->Anthemideae->Asteroideae->Asteraceae->Asterales->campanulids->asterids->Pentapetalae->Gunneridae->eudicotyledons->Mesangiospermae->Magnoliophyta->Spermatophyta->Euphyllophyta->Tracheophyta->Embryophyta->Streptophytina->Streptophyta->Chloroplastida->Archaeplastida->Eukaryota->cellular organisms->life" nexsonid "node712612"
pgloadind     taxon mapping OTT ID 234276 taxonomy "Tanacetum chiliophyllum var. oligocephalum->Tanacetum chiliophyllum->Tanacetum->Anthemidinae->Anthemideae->Asteroideae->Asteraceae->Asterales->campanulids->asterids->Pentapetalae->Gunneridae->eudicotyledons->Mesangiospermae->Magnoliophyta->Spermatophyta->Euphyllophyta->Tracheophyta->Embryophyta->Streptophytina->Streptophyta->Chloroplastida->Archaeplastida->Eukaryota->cellular organisms->life" nexsonid "node712615"
pgloadind     taxon mapping OTT ID 987840 taxonomy "Tanacetum elbursense->Tanacetum->Anthemidinae->Anthemideae->Asteroideae->Asteraceae->Asterales->campanulids->asterids->Pentapetalae->Gunneridae->eudicotyledons->Mesangiospermae->Magnoliophyta->Spermatophyta->Euphyllophyta->Tracheophyta->Embryophyta->Streptophytina->Streptophyta->Chloroplastida->Archaeplastida->Eukaryota->cellular organisms->life" nexsonid "node712619"
pgloadind     taxon mapping OTT ID 123745 taxonomy "Tanacetum polycephalum subsp. farsicum->Tanacetum polycephalum->Tanacetum->Anthemidinae->Anthemideae->Asteroideae->Asteraceae->Asterales->campanulids->asterids->Pentapetalae->Gunneridae->eudicotyledons->Mesangiospermae->Magnoliophyta->Spermatophyta->Euphyllophyta->Tracheophyta->Embryophyta->Streptophytina->Streptophyta->Chloroplastida->Archaeplastida->Eukaryota->cellular organisms->life" nexsonid "node712618"
pgloadind     taxon mapping OTT ID 377237 taxonomy "Tanacetum tabrisianum->Tanacetum->Anthemidinae->Anthemideae->Asteroideae->Asteraceae->Asterales->campanulids->asterids->Pentapetalae->Gunneridae->eudicotyledons->Mesangiospermae->Magnoliophyta->Spermatophyta->Euphyllophyta->Tracheophyta->Embryophyta->Streptophytina->Streptophyta->Chloroplastida->Archaeplastida->Eukaryota->cellular organisms->life" nexsonid "node712617"
pgloadind     taxon mapping OTT ID 830571 taxonomy "Tanacetum sonbolii->Tanacetum->Anthemidinae->Anthemideae->Asteroideae->Asteraceae->Asterales->campanulids->asterids->Pentapetalae->Gunneridae->eudicotyledons->Mesangiospermae->Magnoliophyta->Spermatophyta->Euphyllophyta->Tracheophyta->Embryophyta->Streptophytina->Streptophyta->Chloroplastida->Archaeplastida->Eukaryota->cellular organisms->life" nexsonid "node712614"
pgloadind     taxon mapping OTT ID 404806 taxonomy "Tanacetum polycephalum subsp. argyrophyllum->Tanacetum polycephalum->Tanacetum->Anthemidinae->Anthemideae->Asteroideae->Asteraceae->Asterales->campanulids->asterids->Pentapetalae->Gunneridae->eudicotyledons->Mesangiospermae->Magnoliophyta->Spermatophyta->Euphyllophyta->Tracheophyta->Embryophyta->Streptophytina->Streptophyta->Chloroplastida->Archaeplastida->Eukaryota->cellular organisms->life" nexsonid "node712592"
pgloadind     taxon mapping OTT ID 386678 taxonomy "Tanacetum aucherianum->Tanacetum->Anthemidinae->Anthemideae->Asteroideae->Asteraceae->Asterales->campanulids->asterids->Pentapetalae->Gunneridae->eudicotyledons->Mesangiospermae->Magnoliophyta->Spermatophyta->Euphyllophyta->Tracheophyta->Embryophyta->Streptophytina->Streptophyta->Chloroplastida->Archaeplastida->Eukaryota->cellular organisms->life" nexsonid "node712593"
pgloadind     taxon mapping OTT ID 234294 taxonomy "Tanacetum bachtiaricum->Tanacetum->Anthemidinae->Anthemideae->Asteroideae->Asteraceae->Asterales->campanulids->asterids->Pentapetalae->Gunneridae->eudicotyledons->Mesangiospermae->Magnoliophyta->Spermatophyta->Euphyllophyta->Tracheophyta->Embryophyta->Streptophytina->Streptophyta->Chloroplastida->Archaeplastida->Eukaryota->cellular organisms->life" nexsonid "node712579"
pgloadind     taxon mapping OTT ID 897522 taxonomy "Tanacetum dumosum->Tanacetum->Anthemidinae->Anthemideae->Asteroideae->Asteraceae->Asterales->campanulids->asterids->Pentapetalae->Gunneridae->eudicotyledons->Mesangiospermae->Magnoliophyta->Spermatophyta->Euphyllophyta->Tracheophyta->Embryophyta->Streptophytina->Streptophyta->Chloroplastida->Archaeplastida->Eukaryota->cellular organisms->life" nexsonid "node712580"
pgloadind     taxon mapping OTT ID 234318 taxonomy "Tanacetum armenum->Tanacetum->Anthemidinae->Anthemideae->Asteroideae->Asteraceae->Asterales->campanulids->asterids->Pentapetalae->Gunneridae->eudicotyledons->Mesangiospermae->Magnoliophyta->Spermatophyta->Euphyllophyta->Tracheophyta->Embryophyta->Streptophytina->Streptophyta->Chloroplastida->Archaeplastida->Eukaryota->cellular organisms->life" nexsonid "node712576"
pgloadind     taxon mapping OTT ID 404798 taxonomy "Tanacetum nitens->Tanacetum->Anthemidinae->Anthemideae->Asteroideae->Asteraceae->Asterales->campanulids->asterids->Pentapetalae->Gunneridae->eudicotyledons->Mesangiospermae->Magnoliophyta->Spermatophyta->Euphyllophyta->Tracheophyta->Embryophyta->Streptophytina->Streptophyta->Chloroplastida->Archaeplastida->Eukaryota->cellular organisms->life" nexsonid "node712549"
pgloadind     taxon mapping OTT ID 987838 taxonomy "Tanacetum germanicopolitanum->Tanacetum->Anthemidinae->Anthemideae->Asteroideae->Asteraceae->Asterales->campanulids->asterids->Pentapetalae->Gunneridae->eudicotyledons->Mesangiospermae->Magnoliophyta->Spermatophyta->Euphyllophyta->Tracheophyta->Embryophyta->Streptophytina->Streptophyta->Chloroplastida->Archaeplastida->Eukaryota->cellular organisms->life" nexsonid "node712550"
pgloadind     taxon mapping OTT ID 1040273 taxonomy "Tanacetum pinnatum->Tanacetum->Anthemidinae->Anthemideae->Asteroideae->Asteraceae->Asterales->campanulids->asterids->Pentapetalae->Gunneridae->eudicotyledons->Mesangiospermae->Magnoliophyta->Spermatophyta->Euphyllophyta->Tracheophyta->Embryophyta->Streptophytina->Streptophyta->Chloroplastida->Archaeplastida->Eukaryota->cellular organisms->life" nexsonid "node712547"
pgloadind     taxon mapping OTT ID 953362 taxonomy "Tanacetum budjnurdense->Tanacetum->Anthemidinae->Anthemideae->Asteroideae->Asteraceae->Asterales->campanulids->asterids->Pentapetalae->Gunneridae->eudicotyledons->Mesangiospermae->Magnoliophyta->Spermatophyta->Euphyllophyta->Tracheophyta->Embryophyta->Streptophytina->Streptophyta->Chloroplastida->Archaeplastida->Eukaryota->cellular organisms->life" nexsonid "node712552"
pgloadind     taxon mapping OTT ID 987844 taxonomy "Tanacetum haussknechtii->Tanacetum->Anthemidinae->Anthemideae->Asteroideae->Asteraceae->Asterales->campanulids->asterids->Pentapetalae->Gunneridae->eudicotyledons->Mesangiospermae->Magnoliophyta->Spermatophyta->Euphyllophyta->Tracheophyta->Embryophyta->Streptophytina->Streptophyta->Chloroplastida->Archaeplastida->Eukaryota->cellular organisms->life" nexsonid "node712551"
pgloadind     taxon mapping OTT ID 404857 taxonomy "Tanacetum salsugineum->Tanacetum->Anthemidinae->Anthemideae->Asteroideae->Asteraceae->Asterales->campanulids->asterids->Pentapetalae->Gunneridae->eudicotyledons->Mesangiospermae->Magnoliophyta->Spermatophyta->Euphyllophyta->Tracheophyta->Embryophyta->Streptophytina->Streptophyta->Chloroplastida->Archaeplastida->Eukaryota->cellular organisms->life" nexsonid "node712506"
pgloadind     taxon mapping OTT ID 404600 taxonomy "Tanacetum tenuisectum->Tanacetum->Anthemidinae->Anthemideae->Asteroideae->Asteraceae->Asterales->campanulids->asterids->Pentapetalae->Gunneridae->eudicotyledons->Mesangiospermae->Magnoliophyta->Spermatophyta->Euphyllophyta->Tracheophyta->Embryophyta->Streptophytina->Streptophyta->Chloroplastida->Archaeplastida->Eukaryota->cellular organisms->life" nexsonid "node712505"
pgloadind     taxon mapping OTT ID 404594 taxonomy "Tanacetum joharchii->Tanacetum->Anthemidinae->Anthemideae->Asteroideae->Asteraceae->Asterales->campanulids->asterids->Pentapetalae->Gunneridae->eudicotyledons->Mesangiospermae->Magnoliophyta->Spermatophyta->Euphyllophyta->Tracheophyta->Embryophyta->Streptophytina->Streptophyta->Chloroplastida->Archaeplastida->Eukaryota->cellular organisms->life" nexsonid "node712503"
pgloadind     taxon mapping OTT ID 322099 taxonomy "Tanacetum kotschyi->Tanacetum->Anthemidinae->Anthemideae->Asteroideae->Asteraceae->Asterales->campanulids->asterids->Pentapetalae->Gunneridae->eudicotyledons->Mesangiospermae->Magnoliophyta->Spermatophyta->Euphyllophyta->Tracheophyta->Embryophyta->Streptophytina->Streptophyta->Chloroplastida->Archaeplastida->Eukaryota->cellular organisms->life" nexsonid "node712501"
pgloadind     taxon mapping OTT ID 826579 taxonomy "Xylanthemum fisherae->Xylanthemum->Handeliinae->Anthemideae->Asteroideae->Asteraceae->Asterales->campanulids->asterids->Pentapetalae->Gunneridae->eudicotyledons->Mesangiospermae->Magnoliophyta->Spermatophyta->Euphyllophyta->Tracheophyta->Embryophyta->Streptophytina->Streptophyta->Chloroplastida->Archaeplastida->Eukaryota->cellular organisms->life" nexsonid "node712515"
pgloadind     taxon mapping OTT ID 387988 taxonomy "Xylanthemum rupestre->Xylanthemum->Handeliinae->Anthemideae->Asteroideae->Asteraceae->Asterales->campanulids->asterids->Pentapetalae->Gunneridae->eudicotyledons->Mesangiospermae->Magnoliophyta->Spermatophyta->Euphyllophyta->Tracheophyta->Embryophyta->Streptophytina->Streptophyta->Chloroplastida->Archaeplastida->Eukaryota->cellular organisms->life" nexsonid "node712511"
pgloadind     taxon mapping OTT ID 897531 taxonomy "Tanacetum griffithii->Tanacetum->Anthemidinae->Anthemideae->Asteroideae->Asteraceae->Asterales->campanulids->asterids->Pentapetalae->Gunneridae->eudicotyledons->Mesangiospermae->Magnoliophyta->Spermatophyta->Euphyllophyta->Tracheophyta->Embryophyta->Streptophytina->Streptophyta->Chloroplastida->Archaeplastida->Eukaryota->cellular organisms->life" nexsonid "node712513"
pgloadind     taxon mapping OTT ID 404800 taxonomy "Tanacetum paleaceum->Tanacetum->Anthemidinae->Anthemideae->Asteroideae->Asteraceae->Asterales->campanulids->asterids->Pentapetalae->Gunneridae->eudicotyledons->Mesangiospermae->Magnoliophyta->Spermatophyta->Euphyllophyta->Tracheophyta->Embryophyta->Streptophytina->Streptophyta->Chloroplastida->Archaeplastida->Eukaryota->cellular organisms->life" nexsonid "node712514"
pgloadind     taxon mapping OTT ID 831357 taxonomy "Xylanthemum paghmanense->Xylanthemum->Handeliinae->Anthemideae->Asteroideae->Asteraceae->Asterales->campanulids->asterids->Pentapetalae->Gunneridae->eudicotyledons->Mesangiospermae->Magnoliophyta->Spermatophyta->Euphyllophyta->Tracheophyta->Embryophyta->Streptophytina->Streptophyta->Chloroplastida->Archaeplastida->Eukaryota->cellular organisms->life" nexsonid "node712509"
pgloadind     taxon mapping OTT ID 555677 taxonomy "Xylanthemum pamiricum->Xylanthemum->Handeliinae->Anthemideae->Asteroideae->Asteraceae->Asterales->campanulids->asterids->Pentapetalae->Gunneridae->eudicotyledons->Mesangiospermae->Magnoliophyta->Spermatophyta->Euphyllophyta->Tracheophyta->Embryophyta->Streptophytina->Streptophyta->Chloroplastida->Archaeplastida->Eukaryota->cellular organisms->life" nexsonid "node712510"
pgloadind     taxon mapping OTT ID 366509 taxonomy "Tanacetum corymbosum->Tanacetum->Anthemidinae->Anthemideae->Asteroideae->Asteraceae->Asterales->campanulids->asterids->Pentapetalae->Gunneridae->eudicotyledons->Mesangiospermae->Magnoliophyta->Spermatophyta->Euphyllophyta->Tracheophyta->Embryophyta->Streptophytina->Streptophyta->Chloroplastida->Archaeplastida->Eukaryota->cellular organisms->life" nexsonid "node712497"
pgloadind     taxon mapping OTT ID 125761 taxonomy "Tanacetum poteriifolium->Tanacetum->Anthemidinae->Anthemideae->Asteroideae->Asteraceae->Asterales->campanulids->asterids->Pentapetalae->Gunneridae->eudicotyledons->Mesangiospermae->Magnoliophyta->Spermatophyta->Euphyllophyta->Tracheophyta->Embryophyta->Streptophytina->Streptophyta->Chloroplastida->Archaeplastida->Eukaryota->cellular organisms->life" nexsonid "node712496"
pgloadind     taxon mapping OTT ID 555664 taxonomy "Tanacetum zahlbruckneri->Tanacetum->Anthemidinae->Anthemideae->Asteroideae->Asteraceae->Asterales->campanulids->asterids->Pentapetalae->Gunneridae->eudicotyledons->Mesangiospermae->Magnoliophyta->Spermatophyta->Euphyllophyta->Tracheophyta->Embryophyta->Streptophytina->Streptophyta->Chloroplastida->Archaeplastida->Eukaryota->cellular organisms->life" nexsonid "node712516"
pgloadind     taxon mapping OTT ID 1040275 taxonomy "Tanacetum punctatum->Tanacetum->Anthemidinae->Anthemideae->Asteroideae->Asteraceae->Asterales->campanulids->asterids->Pentapetalae->Gunneridae->eudicotyledons->Mesangiospermae->Magnoliophyta->Spermatophyta->Euphyllophyta->Tracheophyta->Embryophyta->Streptophytina->Streptophyta->Chloroplastida->Archaeplastida->Eukaryota->cellular organisms->life" nexsonid "node712492"
pgloadind     taxon mapping OTT ID 404602 taxonomy "Tanacetum porphyrostephanum->Tanacetum->Anthemidinae->Anthemideae->Asteroideae->Asteraceae->Asterales->campanulids->asterids->Pentapetalae->Gunneridae->eudicotyledons->Mesangiospermae->Magnoliophyta->Spermatophyta->Euphyllophyta->Tracheophyta->Embryophyta->Streptophytina->Streptophyta->Chloroplastida->Archaeplastida->Eukaryota->cellular organisms->life" nexsonid "node712489"
pgloadind     taxon mapping OTT ID 450072 taxonomy "Tanacetum parthenifolium->Tanacetum->Anthemidinae->Anthemideae->Asteroideae->Asteraceae->Asterales->campanulids->asterids->Pentapetalae->Gunneridae->eudicotyledons->Mesangiospermae->Magnoliophyta->Spermatophyta->Euphyllophyta->Tracheophyta->Embryophyta->Streptophytina->Streptophyta->Chloroplastida->Archaeplastida->Eukaryota->cellular organisms->life" nexsonid "node712485"
pgloadind     taxon mapping OTT ID 987836 taxonomy "Tanacetum demetrii->Tanacetum->Anthemidinae->Anthemideae->Asteroideae->Asteraceae->Asterales->campanulids->asterids->Pentapetalae->Gunneridae->eudicotyledons->Mesangiospermae->Magnoliophyta->Spermatophyta->Euphyllophyta->Tracheophyta->Embryophyta->Streptophytina->Streptophyta->Chloroplastida->Archaeplastida->Eukaryota->cellular organisms->life" nexsonid "node712486"
pgloadind     taxon mapping OTT ID 488828 taxonomy "Tanacetum parthenium->Tanacetum->Anthemidinae->Anthemideae->Asteroideae->Asteraceae->Asterales->campanulids->asterids->Pentapetalae->Gunneridae->eudicotyledons->Mesangiospermae->Magnoliophyta->Spermatophyta->Euphyllophyta->Tracheophyta->Embryophyta->Streptophytina->Streptophyta->Chloroplastida->Archaeplastida->Eukaryota->cellular organisms->life" nexsonid "node712484"
pgloadind     taxon mapping OTT ID 616342 taxonomy "Tanacetum balsamita->Tanacetum->Anthemidinae->Anthemideae->Asteroideae->Asteraceae->Asterales->campanulids->asterids->Pentapetalae->Gunneridae->eudicotyledons->Mesangiospermae->Magnoliophyta->Spermatophyta->Euphyllophyta->Tracheophyta->Embryophyta->Streptophytina->Streptophyta->Chloroplastida->Archaeplastida->Eukaryota->cellular organisms->life" nexsonid "node712482"
pgloadind     taxon mapping OTT ID 746712 taxonomy "Tripleurospermum transcaucasicum->Tripleurospermum->Anthemidinae->Anthemideae->Asteroideae->Asteraceae->Asterales->campanulids->asterids->Pentapetalae->Gunneridae->eudicotyledons->Mesangiospermae->Magnoliophyta->Spermatophyta->Euphyllophyta->Tracheophyta->Embryophyta->Streptophytina->Streptophyta->Chloroplastida->Archaeplastida->Eukaryota->cellular organisms->life" nexsonid "node712419"
pgloadind     taxon mapping OTT ID 1040277 taxonomy "Tripleurospermum caucasicum->Tripleurospermum->Anthemidinae->Anthemideae->Asteroideae->Asteraceae->Asterales->campanulids->asterids->Pentapetalae->Gunneridae->eudicotyledons->Mesangiospermae->Magnoliophyta->Spermatophyta->Euphyllophyta->Tracheophyta->Embryophyta->Streptophytina->Streptophyta->Chloroplastida->Archaeplastida->Eukaryota->cellular organisms->life" nexsonid "node712420"
pgloadind     taxon mapping OTT ID 1040279 taxonomy "Tripleurospermum sevanense->Tripleurospermum->Anthemidinae->Anthemideae->Asteroideae->Asteraceae->Asterales->campanulids->asterids->Pentapetalae->Gunneridae->eudicotyledons->Mesangiospermae->Magnoliophyta->Spermatophyta->Euphyllophyta->Tracheophyta->Embryophyta->Streptophytina->Streptophyta->Chloroplastida->Archaeplastida->Eukaryota->cellular organisms->life" nexsonid "node712423"
pgloadind     taxon mapping OTT ID 1019547 taxonomy "Tripleurospermum maritimum subsp. inodorum->Tripleurospermum maritimum->Tripleurospermum->Anthemidinae->Anthemideae->Asteroideae->Asteraceae->Asterales->campanulids->asterids->Pentapetalae->Gunneridae->eudicotyledons->Mesangiospermae->Magnoliophyta->Spermatophyta->Euphyllophyta->Tracheophyta->Embryophyta->Streptophytina->Streptophyta->Chloroplastida->Archaeplastida->Eukaryota->cellular organisms->life" nexsonid "node712422"
pgloadind     taxon mapping OTT ID 616334 taxonomy "Nananthea perpusilla->Nananthea->Anthemidinae->Anthemideae->Asteroideae->Asteraceae->Asterales->campanulids->asterids->Pentapetalae->Gunneridae->eudicotyledons->Mesangiospermae->Magnoliophyta->Spermatophyta->Euphyllophyta->Tracheophyta->Embryophyta->Streptophytina->Streptophyta->Chloroplastida->Archaeplastida->Eukaryota->cellular organisms->life" nexsonid "node712416"
pgloadind     taxon mapping OTT ID 386172 taxonomy "Anthemis ammophila->Anthemis->Anthemidinae->Anthemideae->Asteroideae->Asteraceae->Asterales->campanulids->asterids->Pentapetalae->Gunneridae->eudicotyledons->Mesangiospermae->Magnoliophyta->Spermatophyta->Euphyllophyta->Tracheophyta->Embryophyta->Streptophytina->Streptophyta->Chloroplastida->Archaeplastida->Eukaryota->cellular organisms->life" nexsonid "node712436"
pgloadind     taxon mapping OTT ID 438236 taxonomy "Anthemis arvensis->Anthemis->Anthemidinae->Anthemideae->Asteroideae->Asteraceae->Asterales->campanulids->asterids->Pentapetalae->Gunneridae->eudicotyledons->Mesangiospermae->Magnoliophyta->Spermatophyta->Euphyllophyta->Tracheophyta->Embryophyta->Streptophytina->Streptophyta->Chloroplastida->Archaeplastida->Eukaryota->cellular organisms->life" nexsonid "node712435"
pgloadind     taxon mapping OTT ID 737983 taxonomy "Anthemis tricolor->Anthemis->Anthemidinae->Anthemideae->Asteroideae->Asteraceae->Asterales->campanulids->asterids->Pentapetalae->Gunneridae->eudicotyledons->Mesangiospermae->Magnoliophyta->Spermatophyta->Euphyllophyta->Tracheophyta->Embryophyta->Streptophytina->Streptophyta->Chloroplastida->Archaeplastida->Eukaryota->cellular organisms->life" nexsonid "node712432"
pgloadind     taxon mapping OTT ID 438231 taxonomy "Anthemis cretica->Anthemis->Anthemidinae->Anthemideae->Asteroideae->Asteraceae->Asterales->campanulids->asterids->Pentapetalae->Gunneridae->eudicotyledons->Mesangiospermae->Magnoliophyta->Spermatophyta->Euphyllophyta->Tracheophyta->Embryophyta->Streptophytina->Streptophyta->Chloroplastida->Archaeplastida->Eukaryota->cellular organisms->life" nexsonid "node712431"
pgloadind     taxon mapping OTT ID 375150 taxonomy "Anthemis kotschyana->Anthemis->Anthemidinae->Anthemideae->Asteroideae->Asteraceae->Asterales->campanulids->asterids->Pentapetalae->Gunneridae->eudicotyledons->Mesangiospermae->Magnoliophyta->Spermatophyta->Euphyllophyta->Tracheophyta->Embryophyta->Streptophytina->Streptophyta->Chloroplastida->Archaeplastida->Eukaryota->cellular organisms->life" nexsonid "node712433"
pgloadind     taxon mapping OTT ID 737985 taxonomy "Anthemis tricornis->Anthemis->Anthemidinae->Anthemideae->Asteroideae->Asteraceae->Asterales->campanulids->asterids->Pentapetalae->Gunneridae->eudicotyledons->Mesangiospermae->Magnoliophyta->Spermatophyta->Euphyllophyta->Tracheophyta->Embryophyta->Streptophytina->Streptophyta->Chloroplastida->Archaeplastida->Eukaryota->cellular organisms->life" nexsonid "node712427"
pgloadind     taxon mapping OTT ID 154891 taxonomy "Anthemis hyalina->Anthemis->Anthemidinae->Anthemideae->Asteroideae->Asteraceae->Asterales->campanulids->asterids->Pentapetalae->Gunneridae->eudicotyledons->Mesangiospermae->Magnoliophyta->Spermatophyta->Euphyllophyta->Tracheophyta->Embryophyta->Streptophytina->Streptophyta->Chloroplastida->Archaeplastida->Eukaryota->cellular organisms->life" nexsonid "node712428"
pgloadind     taxon mapping OTT ID 154889 taxonomy "Anthemis gharbensis->Anthemis->Anthemidinae->Anthemideae->Asteroideae->Asteraceae->Asterales->campanulids->asterids->Pentapetalae->Gunneridae->eudicotyledons->Mesangiospermae->Magnoliophyta->Spermatophyta->Euphyllophyta->Tracheophyta->Embryophyta->Streptophytina->Streptophyta->Chloroplastida->Archaeplastida->Eukaryota->cellular organisms->life" nexsonid "node712451"
pgloadind     taxon mapping OTT ID 678120 taxonomy "Anthemis zaianica->Anthemis->Anthemidinae->Anthemideae->Asteroideae->Asteraceae->Asterales->campanulids->asterids->Pentapetalae->Gunneridae->eudicotyledons->Mesangiospermae->Magnoliophyta->Spermatophyta->Euphyllophyta->Tracheophyta->Embryophyta->Streptophytina->Streptophyta->Chloroplastida->Archaeplastida->Eukaryota->cellular organisms->life" nexsonid "node712450"
pgloadind     taxon mapping OTT ID 1025388 taxonomy "Anthemis boveana->Anthemis->Anthemidinae->Anthemideae->Asteroideae->Asteraceae->Asterales->campanulids->asterids->Pentapetalae->Gunneridae->eudicotyledons->Mesangiospermae->Magnoliophyta->Spermatophyta->Euphyllophyta->Tracheophyta->Embryophyta->Streptophytina->Streptophyta->Chloroplastida->Archaeplastida->Eukaryota->cellular organisms->life" nexsonid "node712452"
pgloadind     taxon mapping OTT ID 154893 taxonomy "Anthemis pedunculata->Anthemis->Anthemidinae->Anthemideae->Asteroideae->Asteraceae->Asterales->campanulids->asterids->Pentapetalae->Gunneridae->eudicotyledons->Mesangiospermae->Magnoliophyta->Spermatophyta->Euphyllophyta->Tracheophyta->Embryophyta->Streptophytina->Streptophyta->Chloroplastida->Archaeplastida->Eukaryota->cellular organisms->life" nexsonid "node712447"
pgloadind     taxon mapping OTT ID 438233 taxonomy "Anthemis maritima->Anthemis->Anthemidinae->Anthemideae->Asteroideae->Asteraceae->Asterales->campanulids->asterids->Pentapetalae->Gunneridae->eudicotyledons->Mesangiospermae->Magnoliophyta->Spermatophyta->Euphyllophyta->Tracheophyta->Embryophyta->Streptophytina->Streptophyta->Chloroplastida->Archaeplastida->Eukaryota->cellular organisms->life" nexsonid "node712446"
pgloadind     taxon mapping OTT ID 757243 taxonomy "Anthemis secundiramea->Anthemis->Anthemidinae->Anthemideae->Asteroideae->Asteraceae->Asterales->campanulids->asterids->Pentapetalae->Gunneridae->eudicotyledons->Mesangiospermae->Magnoliophyta->Spermatophyta->Euphyllophyta->Tracheophyta->Embryophyta->Streptophytina->Streptophyta->Chloroplastida->Archaeplastida->Eukaryota->cellular organisms->life" nexsonid "node712444"
pgloadind     taxon mapping OTT ID 678103 taxonomy "Anthemis rigida->Anthemis->Anthemidinae->Anthemideae->Asteroideae->Asteraceae->Asterales->campanulids->asterids->Pentapetalae->Gunneridae->eudicotyledons->Mesangiospermae->Magnoliophyta->Spermatophyta->Euphyllophyta->Tracheophyta->Embryophyta->Streptophytina->Streptophyta->Chloroplastida->Archaeplastida->Eukaryota->cellular organisms->life" nexsonid "node712440"
pgloadind     taxon mapping OTT ID 975066 taxonomy "Anthemis filicaulis->Anthemis->Anthemidinae->Anthemideae->Asteroideae->Asteraceae->Asterales->campanulids->asterids->Pentapetalae->Gunneridae->eudicotyledons->Mesangiospermae->Magnoliophyta->Spermatophyta->Euphyllophyta->Tracheophyta->Embryophyta->Streptophytina->Streptophyta->Chloroplastida->Archaeplastida->Eukaryota->cellular organisms->life" nexsonid "node712441"
pgloadind     taxon mapping OTT ID 1014572 taxonomy "Anthemis zoharyana->Anthemis->Anthemidinae->Anthemideae->Asteroideae->Asteraceae->Asterales->campanulids->asterids->Pentapetalae->Gunneridae->eudicotyledons->Mesangiospermae->Magnoliophyta->Spermatophyta->Euphyllophyta->Tracheophyta->Embryophyta->Streptophytina->Streptophyta->Chloroplastida->Archaeplastida->Eukaryota->cellular organisms->life" nexsonid "node712453"
pgloadind     taxon mapping OTT ID 448836 taxonomy "Anthemis hebronica->Anthemis->Anthemidinae->Anthemideae->Asteroideae->Asteraceae->Asterales->campanulids->asterids->Pentapetalae->Gunneridae->eudicotyledons->Mesangiospermae->Magnoliophyta->Spermatophyta->Euphyllophyta->Tracheophyta->Embryophyta->Streptophytina->Streptophyta->Chloroplastida->Archaeplastida->Eukaryota->cellular organisms->life" nexsonid "node712455"
pgloadind     taxon mapping OTT ID 499643 taxonomy "Anthemis davisii->Anthemis->Anthemidinae->Anthemideae->Asteroideae->Asteraceae->Asterales->campanulids->asterids->Pentapetalae->Gunneridae->eudicotyledons->Mesangiospermae->Magnoliophyta->Spermatophyta->Euphyllophyta->Tracheophyta->Embryophyta->Streptophytina->Streptophyta->Chloroplastida->Archaeplastida->Eukaryota->cellular organisms->life" nexsonid "node712464"
pgloadind     taxon mapping OTT ID 1025386 taxonomy "Anthemis brachystephana->Anthemis->Anthemidinae->Anthemideae->Asteroideae->Asteraceae->Asterales->campanulids->asterids->Pentapetalae->Gunneridae->eudicotyledons->Mesangiospermae->Magnoliophyta->Spermatophyta->Euphyllophyta->Tracheophyta->Embryophyta->Streptophytina->Streptophyta->Chloroplastida->Archaeplastida->Eukaryota->cellular organisms->life" nexsonid "node712461"
pgloadind     taxon mapping OTT ID 1025382 taxonomy "Anthemis bushehrica->Anthemis->Anthemidinae->Anthemideae->Asteroideae->Asteraceae->Asterales->campanulids->asterids->Pentapetalae->Gunneridae->eudicotyledons->Mesangiospermae->Magnoliophyta->Spermatophyta->Euphyllophyta->Tracheophyta->Embryophyta->Streptophytina->Streptophyta->Chloroplastida->Archaeplastida->Eukaryota->cellular organisms->life" nexsonid "node712460"
pgloadind     taxon mapping OTT ID 183067 taxonomy "Anthemis rascheyana->Anthemis->Anthemidinae->Anthemideae->Asteroideae->Asteraceae->Asterales->campanulids->asterids->Pentapetalae->Gunneridae->eudicotyledons->Mesangiospermae->Magnoliophyta->Spermatophyta->Euphyllophyta->Tracheophyta->Embryophyta->Streptophytina->Streptophyta->Chloroplastida->Archaeplastida->Eukaryota->cellular organisms->life" nexsonid "node712462"
pgloadind     taxon mapping OTT ID 757245 taxonomy "Anthemis schizostephana->Anthemis->Anthemidinae->Anthemideae->Asteroideae->Asteraceae->Asterales->campanulids->asterids->Pentapetalae->Gunneridae->eudicotyledons->Mesangiospermae->Magnoliophyta->Spermatophyta->Euphyllophyta->Tracheophyta->Embryophyta->Streptophytina->Streptophyta->Chloroplastida->Archaeplastida->Eukaryota->cellular organisms->life" nexsonid "node712463"
pgloadind     taxon mapping OTT ID 686390 taxonomy "Cota melanoloma->Cota->Anthemidinae->Anthemideae->Asteroideae->Asteraceae->Asterales->campanulids->asterids->Pentapetalae->Gunneridae->eudicotyledons->Mesangiospermae->Magnoliophyta->Spermatophyta->Euphyllophyta->Tracheophyta->Embryophyta->Streptophytina->Streptophyta->Chloroplastida->Archaeplastida->Eukaryota->cellular organisms->life" nexsonid "node712466"
pgloadind     taxon mapping OTT ID 686386 taxonomy "Cota mazandaranica->Cota->Anthemidinae->Anthemideae->Asteroideae->Asteraceae->Asterales->campanulids->asterids->Pentapetalae->Gunneridae->eudicotyledons->Mesangiospermae->Magnoliophyta->Spermatophyta->Euphyllophyta->Tracheophyta->Embryophyta->Streptophytina->Streptophyta->Chloroplastida->Archaeplastida->Eukaryota->cellular organisms->life" nexsonid "node712468"
pgloadind     taxon mapping OTT ID 1049246 taxonomy "Cota tinctoria->Cota->Anthemidinae->Anthemideae->Asteroideae->Asteraceae->Asterales->campanulids->asterids->Pentapetalae->Gunneridae->eudicotyledons->Mesangiospermae->Magnoliophyta->Spermatophyta->Euphyllophyta->Tracheophyta->Embryophyta->Streptophytina->Streptophyta->Chloroplastida->Archaeplastida->Eukaryota->cellular organisms->life" nexsonid "node712478"
pgloadind     taxon mapping OTT ID 678105 taxonomy "Cota triumfettii->Cota->Anthemidinae->Anthemideae->Asteroideae->Asteraceae->Asterales->campanulids->asterids->Pentapetalae->Gunneridae->eudicotyledons->Mesangiospermae->Magnoliophyta->Spermatophyta->Euphyllophyta->Tracheophyta->Embryophyta->Streptophytina->Streptophyta->Chloroplastida->Archaeplastida->Eukaryota->cellular organisms->life" nexsonid "node712477"
pgloadind     taxon mapping OTT ID 1014653 taxonomy "Cota austriaca->Cota->Anthemidinae->Anthemideae->Asteroideae->Asteraceae->Asterales->campanulids->asterids->Pentapetalae->Gunneridae->eudicotyledons->Mesangiospermae->Magnoliophyta->Spermatophyta->Euphyllophyta->Tracheophyta->Embryophyta->Streptophytina->Streptophyta->Chloroplastida->Archaeplastida->Eukaryota->cellular organisms->life" nexsonid "node712476"
pgloadind     taxon mapping OTT ID 163453 taxonomy "Cota dipsacea->Cota->Anthemidinae->Anthemideae->Asteroideae->Asteraceae->Asterales->campanulids->asterids->Pentapetalae->Gunneridae->eudicotyledons->Mesangiospermae->Magnoliophyta->Spermatophyta->Euphyllophyta->Tracheophyta->Embryophyta->Streptophytina->Streptophyta->Chloroplastida->Archaeplastida->Eukaryota->cellular organisms->life" nexsonid "node712474"
pgloadind     taxon mapping OTT ID 112209 taxonomy "Cota oxylepis->Cota->Anthemidinae->Anthemideae->Asteroideae->Asteraceae->Asterales->campanulids->asterids->Pentapetalae->Gunneridae->eudicotyledons->Mesangiospermae->Magnoliophyta->Spermatophyta->Euphyllophyta->Tracheophyta->Embryophyta->Streptophytina->Streptophyta->Chloroplastida->Archaeplastida->Eukaryota->cellular organisms->life" nexsonid "node712472"
pgloadind     taxon mapping OTT ID 686382 taxonomy "Cota macroglossa->Cota->Anthemidinae->Anthemideae->Asteroideae->Asteraceae->Asterales->campanulids->asterids->Pentapetalae->Gunneridae->eudicotyledons->Mesangiospermae->Magnoliophyta->Spermatophyta->Euphyllophyta->Tracheophyta->Embryophyta->Streptophytina->Streptophyta->Chloroplastida->Archaeplastida->Eukaryota->cellular organisms->life" nexsonid "node712470"
pgloadind     taxon mapping OTT ID 543307 taxonomy "Tanacetum microphyllum->Tanacetum->Anthemidinae->Anthemideae->Asteroideae->Asteraceae->Asterales->campanulids->asterids->Pentapetalae->Gunneridae->eudicotyledons->Mesangiospermae->Magnoliophyta->Spermatophyta->Euphyllophyta->Tracheophyta->Embryophyta->Streptophytina->Streptophyta->Chloroplastida->Archaeplastida->Eukaryota->cellular organisms->life" nexsonid "node712411"
done fixing name
pgloadind Finished with attempts to fix names
pgloadind   Checking for uniqueness of OTT IDs tree id "3761"
pgloadind   Adding tree to graph tree id "3761"
all trees have all taxa: false
	using bipartition technique
attempting to remap tips to deepest exemplified taxa
	Matricaria matricarioides was remapped to 'Matricaria' (id=2583852)
	Tripleurospermum maritimum subsp. inodorum was remapped to 'Tripleurospermum maritimum' (id=2581882)
	Pseudohandelia umbellifera was remapped to 'Pseudohandelia' (id=2581667)
	Picrothamnus desertorum was remapped to 'Picrothamnus' (id=2580410)
	Nananthea perpusilla was remapped to 'Nananthea' (id=2581877)
	Tanacetopsis eriobasis was remapped to 'Tanacetopsis' (id=2581683)
	Microcephala lamellata was remapped to 'Microcephala' (id=2581695)
	Sclerorhachis platyrachis was remapped to 'Sclerorhachis' (id=2581679)
	Ajania tibetica was remapped to 'Ajania' (id=2581578)
	Lugoa revoluta was remapped to 'Lugoa' (id=2581734)
	Heliocauta atlantica was remapped to 'Heliocauta' (id=2583483)
	Artemisia vulgaris was remapped to 'Artemisia' (id=2580418)
	Gonospermum fruticosum was remapped to 'Gonospermum' (id=2581723)
	Artemisiella stracheyi was remapped to 'Artemisiella' (id=2580398)
	Otanthus maritimus was remapped to 'Otanthus' (id=2583481)
	Handelia trichophylla was remapped to 'Handelia' (id=2581661)
	Leucocyclus formosus was remapped to 'Leucocyclus' (id=2583486)
	Hippolytia dolichophylla was remapped to 'Hippolytia' (id=2581280)
this is the ROOT
placing root in index
Dealing with metadata property: id
Dealing with metadata property: ot:studyPublicationReference
Adding property 'ot:studyPublicationReference': Sonboli, A. [et al. 2012], Stroka, K., Kazempour Osaloo, S., & Oberprieler, C. 2012. Molecular phylogeny and taxonomy of Tanacetum L. (Compositae, Anthemidae) inferred from nrDNA ITS and cpDNA trnH/psbA sequence variation. Plant Syst. Evol. 298: 431-444.
Dealing with metadata property: ot:focalCladeOTTTaxonName
Adding property 'ot:focalCladeOTTTaxonName': Tanacetum
Dealing with metadata property: ot:studyYear
Adding property 'ot:studyYear': 2012
Dealing with metadata property: ot:inGroupClade
Adding property 'ot:inGroupClade': node712383
Dealing with metadata property: ot:branchLengthMode
Adding property 'ot:branchLengthMode': ot:substitutionCount
Dealing with metadata property: ot:curatorName
Adding property 'ot:curatorName': bryan drew
Dealing with metadata property: ot:studyPublication
Adding property 'ot:studyPublication': http://dx.doi.org/10.1007/s00606-011-0556-6
Dealing with metadata property: ot:focalClade
Adding property 'ot:focalClade': 382335
Dealing with metadata property: ot:curatedType
Adding property 'ot:curatedType': ml best tree
Dealing with metadata property: ot:studyId
Adding property 'ot:studyId': 314
Committing nodes: 229
{2580396}
2581672
2581675
2581704
2581705
2581706
2581707
2581712
2581714
2581718
2581720
2581752
2581769
2581771
2581786
2581788
2581790
2581818
2581847
2581905
2581908
2581925
2582007
2582009
2582012
2582014
2582022
2582023
2582024
2582030
2582047
2582048
2582050
2582053
2582058
2582066
2582071
2582073
2582075
2582079
2582081
2582082
2582083
2582084
2582085
2582088
2582089
2582090
2582095
2582099
2582120
2582121
2582122
2582124
2582125
2582126
2582145
2582147
2582169
2582170
2582175
2582195
2582209
2582223
2582236
2582239
2582243
2582244
2582245
2582247
2582249
2582251
2582252
2582253
2582254
2582255
2582258
2582259
2582260
2582275
2582283
2582292
2582299
2582401
2582420
2582422
2582426
2582446
2582467
2582481
2582488
2582491
2582506
2582511
2582525
2582563
2582611
2582622
2582644
2582645
2582656
2582663
2582665
2582666
2582677
2583508
2583545
2583707
2583930
2583970
2580398
	adding Node[2580398] Artemisiella 10892 as compatible with Node[2580398]
		adding Relationship[8257711]
2580410
2580418
2581280
	adding Node[2581280] Hippolytia 573320 as compatible with Node[2581280]
		adding Relationship[8257712]
2581578
	adding Node[2581578] Ajania 1049233 as compatible with Node[2581578]
		adding Relationship[8257713]
2581661
2581667
2581679
2581683
	adding Node[2581683] Tanacetopsis 532261 as compatible with Node[2581683]
		adding Relationship[8257714]
2581695
	adding Node[2581695] Microcephala 796028 as compatible with Node[2581695]
		adding Relationship[8257715]
2581723
	adding Node[2581723] Gonospermum 322573 as compatible with Node[2581723]
		adding Relationship[8257716]
2581734
2581877
2581882
	adding Node[2581882] Tripleurospermum maritimum 273557 as compatible with Node[2581882]
		adding Relationship[8257717]
2583481
2583483
2583486
2583852
	adding Node[2583852] Matricaria 896514 as compatible with Node[2583852]
		adding Relationship[8257718]
[Node[2583480], Node[2581280], Node[2581683], Node[2581723], Node[2581695], Node[2581882], Node[3501494], Node[2581578], Node[3501495], Node[3501492], Node[2583852], Node[3501553], Node[3501490], Node[3501491], Node[3501499], Node[2580398]]
	Node[2583480]
	Node[2581280]
		adding Relationship[8257719] from Node[2581280] to Node[3501492]
	Node[2581683]
		adding Relationship[8257720] from Node[2581683] to Node[3501494]
	Node[2581723]
		adding Relationship[8257721] from Node[2581723] to Node[3501499]
	Node[2581695]
		adding Relationship[8257722] from Node[2581695] to Node[3501495]
	Node[2581882]
		adding Relationship[8257723] from Node[2581882] to Node[3501553]
	Node[3501494]
	Node[2581578]
		adding Relationship[8257724] from Node[2581578] to Node[3501490]
	Node[3501495]
	Node[3501492]
	Node[2583852]
		adding Relationship[8257725] from Node[2583852] to Node[2583480]
	Node[3501553]
	Node[3501490]
		adding Relationship[8257726] from Node[3501490] to Node[3501491]
	Node[3501491]
		adding Relationship[8257727] from Node[3501491] to Node[3501492]
	Node[3501499]
	Node[2580398]
		adding Relationship[8257728] from Node[2580398] to Node[3501491]
