pgloadind OTUs number 87
pgloadind Processing tree @id "282"
pgloadind   tree info number nodes 26
pgloadind   tree info number edges 25
pgloadind   Ingested tree number of external nodes 14
pgloadind   property added ot:studyPublicationReference "Joly, S., Heenan, P. B., & Lockhart, P. J. (2009). A Pleistocene inter-tribal allopolyploidization event precedes the species radiation of Pachycladon (Brassicaceae) in New Zealand. Molecular phylogenetics and evolution, 51(2), 365-372."
pgloadind   property added ot:studyPublication "http://dx.doi.org/10.1016/j.ympev.2009.02.015"
pgloadind   property added ot:curatorName "bryan drew"
pgloadind   property added ot:dataDeposit "http://purl.org/phylo/treebase/phylows/study/TB2:S2250"
pgloadind   property added ot:studyId "323"
pgloadind   property added ot:studyYear "2009"
pgloadind   property added ot:focalClade "2592981"
pgloadind   property added ot:tag "ingroup added;"
pgloadind Processing tree @id "283"
pgloadind   tree info number nodes 25
pgloadind   tree info number edges 24
pgloadind   Ingested tree number of external nodes 13
pgloadind   property added ot:studyPublicationReference "Joly, S., Heenan, P. B., & Lockhart, P. J. (2009). A Pleistocene inter-tribal allopolyploidization event precedes the species radiation of Pachycladon (Brassicaceae) in New Zealand. Molecular phylogenetics and evolution, 51(2), 365-372."
pgloadind   property added ot:studyPublication "http://dx.doi.org/10.1016/j.ympev.2009.02.015"
pgloadind   property added ot:curatorName "bryan drew"
pgloadind   property added ot:dataDeposit "http://purl.org/phylo/treebase/phylows/study/TB2:S2250"
pgloadind   property added ot:studyId "323"
pgloadind   property added ot:studyYear "2009"
pgloadind   property added ot:focalClade "2592981"
pgloadind   property added ot:tag "ingroup added;"
pgloadind Processing tree @id "284"
pgloadind   tree info number nodes 41
pgloadind   tree info number edges 40
pgloadind   Ingested tree number of external nodes 21
pgloadind   property added ot:studyPublicationReference "Joly, S., Heenan, P. B., & Lockhart, P. J. (2009). A Pleistocene inter-tribal allopolyploidization event precedes the species radiation of Pachycladon (Brassicaceae) in New Zealand. Molecular phylogenetics and evolution, 51(2), 365-372."
pgloadind   property added ot:studyPublication "http://dx.doi.org/10.1016/j.ympev.2009.02.015"
pgloadind   property added ot:curatorName "bryan drew"
pgloadind   property added ot:dataDeposit "http://purl.org/phylo/treebase/phylows/study/TB2:S2250"
pgloadind   property added ot:studyId "323"
pgloadind   property added ot:studyYear "2009"
pgloadind   property added ot:focalClade "2592981"
pgloadind   property added ot:tag "ingroup added;"
pgloadind Processing tree @id "285"
pgloadind   tree info number nodes 43
pgloadind   tree info number edges 42
pgloadind   tree info ingroup "node192605"
pgloadind   Setting ingroup root node.
pgloadind   Ingested tree number of external nodes 19
pgloadind   property added ot:studyPublicationReference "Joly, S., Heenan, P. B., & Lockhart, P. J. (2009). A Pleistocene inter-tribal allopolyploidization event precedes the species radiation of Pachycladon (Brassicaceae) in New Zealand. Molecular phylogenetics and evolution, 51(2), 365-372."
pgloadind   property added ot:studyPublication "http://dx.doi.org/10.1016/j.ympev.2009.02.015"
pgloadind   property added ot:curatorName "bryan drew"
pgloadind   property added ot:dataDeposit "http://purl.org/phylo/treebase/phylows/study/TB2:S2250"
pgloadind   property added ot:studyId "323"
pgloadind   property added ot:studyYear "2009"
pgloadind   property added ot:focalClade "2592981"
pgloadind   property added ot:tag "ingroup added;"
pgloadind   property added ot:inGroupClade "node192605"
pgloadind Processing tree @id "286"
pgloadind   tree info number nodes 97
pgloadind   tree info number edges 96
pgloadind   tree info ingroup "node192649"
pgloadind   Setting ingroup root node.
pgloadind   Ingested tree number of external nodes 44
pgloadind   property added ot:studyPublicationReference "Joly, S., Heenan, P. B., & Lockhart, P. J. (2009). A Pleistocene inter-tribal allopolyploidization event precedes the species radiation of Pachycladon (Brassicaceae) in New Zealand. Molecular phylogenetics and evolution, 51(2), 365-372."
pgloadind   property added ot:studyPublication "http://dx.doi.org/10.1016/j.ympev.2009.02.015"
pgloadind   property added ot:curatorName "bryan drew"
pgloadind   property added ot:dataDeposit "http://purl.org/phylo/treebase/phylows/study/TB2:S2250"
pgloadind   property added ot:studyId "323"
pgloadind   property added ot:studyYear "2009"
pgloadind   property added ot:focalClade "2592981"
pgloadind   property added ot:tag "ingroup added;"
pgloadind   property added ot:inGroupClade "node192649"
loading a specific tree: 286
skipping tree: 282
skipping tree: 283
skipping tree: 284
skipping tree: 285
pgloadind conducting TNRS on trees
pgloadind   name fixing on tree tree id "286"
pgloadind   all nodes have ottIds
pgloadind     OTT ID reused in tree
pgloadind       duplicate name "Crucihimalaya mollissima" nexsonid "node192677"
pgloadind       duplicate OTT ID 1063763
pgloadind     OTT ID reused in tree
pgloadind       duplicate name "Crucihimalaya mollissima" nexsonid "node192679"
pgloadind       duplicate OTT ID 1063763
pgloadind     OTT ID reused in tree
pgloadind       duplicate name "Olimarabidopsis pumila" nexsonid "node192698"
pgloadind       duplicate OTT ID 212322
pgloadind     OTT ID not in database (probably dubious)
pgloadind       dubious name "Thellungiella" nexsonid "node192715"
pgloadind       dubious OTT ID 711298
pgloadind     OTT ID reused in tree
pgloadind       duplicate name "Pachycladon stellata" nexsonid "node192724"
pgloadind       duplicate OTT ID 762666
pgloadind     OTT ID reused in tree
pgloadind       duplicate name "Pachycladon enysii" nexsonid "node192726"
pgloadind       duplicate OTT ID 762644
pgloadind     OTT ID reused in tree
pgloadind       duplicate name "Pachycladon fastigiata" nexsonid "node192727"
pgloadind       duplicate OTT ID 94861
pgloadind     OTT ID reused in tree
pgloadind       duplicate name "Pachycladon novaezelandiae" nexsonid "node192729"
pgloadind       duplicate OTT ID 720960
pgloadind     OTT ID reused in tree
pgloadind       duplicate name "Pachycladon wallii" nexsonid "node192731"
pgloadind       duplicate OTT ID 559283
pgloadind     OTT ID reused in tree
pgloadind       duplicate name "Pachycladon latisiliqua" nexsonid "node192732"
pgloadind       duplicate OTT ID 1042420
pgloadind     OTT ID reused in tree
pgloadind       duplicate name "Pachycladon cheesemanii" nexsonid "node192734"
pgloadind       duplicate OTT ID 94872
pgloadind     OTT ID reused in tree
pgloadind       duplicate name "Pachycladon exilis" nexsonid "node192735"
pgloadind       duplicate OTT ID 762671
pgloadind     overlapping tips
pgloadind       overlapping retained name "Boechera parishii" nexsonid "node192684"
pgloadind       overlapping pruned name "Boechera" nexsonid "node192682"
pgloadind     pruning dups and overlapping name "Pachycladon exilis" nexsonid "node192735"
pgloadind     pruning dups and overlapping name "Pachycladon novaezelandiae" nexsonid "node192729"
pgloadind     pruning dups and overlapping name "Boechera" nexsonid "node192682"
pgloadind     pruning dups and overlapping name "Pachycladon fastigiata" nexsonid "node192727"
pgloadind     pruning dups and overlapping name "Crucihimalaya mollissima" nexsonid "node192677"
pgloadind     pruning dups and overlapping name "Pachycladon latisiliqua" nexsonid "node192732"
pgloadind     pruning dups and overlapping name "Pachycladon enysii" nexsonid "node192726"
pgloadind     pruning dups and overlapping name "Pachycladon wallii" nexsonid "node192731"
pgloadind     pruning dups and overlapping name "Pachycladon cheesemanii" nexsonid "node192734"
pgloadind     pruning dups and overlapping name "Thellungiella" nexsonid "node192715"
pgloadind     pruning dups and overlapping name "Pachycladon stellata" nexsonid "node192724"
pgloadind     pruning dups and overlapping name "Olimarabidopsis pumila" nexsonid "node192698"
pgloadind     pruning dups and overlapping name "Crucihimalaya mollissima" nexsonid "node192679"
pgloadind   postpruning newick tree "((Erysimum_handel-mazzettii,((((((Pachycladon_enysii,((Pachycladon_stellata,(Pachycladon_fastigiata,(Pachycladon_novaezelandiae,(Pachycladon_wallii,Pachycladon_latisiliqua)))),(Pachycladon_exilis,Pachycladon_cheesemanii))),((Transberingia_bursifolia,Crucihimalaya_mollissima),Crucihimalaya_himalaica)),(Boechera_parishii,(Boechera_fendleri,(Boechera_lyallii,Boechera_stricta)))),(Capsella_rubella,Capsella_bursa-pastoris)),(Turritis_glabra,(Olimarabidopsis_pumila,Olimarabidopsis_cabulica))),(Arabidopsis_thaliana,(Arabidopsis_halleri,(Arabidopsis_lyrata_subsp_lyrata,Arabidopsis_arenosa))))),(((Brassica_oleracea,Sisymbrium_irio),Thlaspi_arvense),(Cardamine_amara,(Rorippa_amphibia,Barbarea_vulgaris))))"
pgloadind   taxon mapping summary
pgloadind     taxon mapping OTT ID 728135 taxonomy "Erysimum handel-mazzettii->Erysimum->Erysimeae->Brassicaceae->Brassicales->malvids->rosids->Pentapetalae->Gunneridae->eudicotyledons->Mesangiospermae->Magnoliophyta->Spermatophyta->Euphyllophyta->Tracheophyta->Embryophyta->Streptophytina->Streptophyta->Chloroplastida->Archaeplastida->Eukaryota->cellular organisms->life" nexsonid "node192651"
pgloadind     taxon mapping OTT ID 762644 taxonomy "Pachycladon enysii->Pachycladon->Microlepidieae->Brassicaceae->Brassicales->malvids->rosids->Pentapetalae->Gunneridae->eudicotyledons->Mesangiospermae->Magnoliophyta->Spermatophyta->Euphyllophyta->Tracheophyta->Embryophyta->Streptophytina->Streptophyta->Chloroplastida->Archaeplastida->Eukaryota->cellular organisms->life" nexsonid "node192658"
pgloadind     taxon mapping OTT ID 762666 taxonomy "Pachycladon stellatum->Pachycladon->Microlepidieae->Brassicaceae->Brassicales->malvids->rosids->Pentapetalae->Gunneridae->eudicotyledons->Mesangiospermae->Magnoliophyta->Spermatophyta->Euphyllophyta->Tracheophyta->Embryophyta->Streptophytina->Streptophyta->Chloroplastida->Archaeplastida->Eukaryota->cellular organisms->life" nexsonid "node192661"
pgloadind     taxon mapping OTT ID 94861 taxonomy "Pachycladon fastigiatum->Pachycladon->Microlepidieae->Brassicaceae->Brassicales->malvids->rosids->Pentapetalae->Gunneridae->eudicotyledons->Mesangiospermae->Magnoliophyta->Spermatophyta->Euphyllophyta->Tracheophyta->Embryophyta->Streptophytina->Streptophyta->Chloroplastida->Archaeplastida->Eukaryota->cellular organisms->life" nexsonid "node192663"
pgloadind     taxon mapping OTT ID 720960 taxonomy "Pachycladon novaezelandiae->Pachycladon->Microlepidieae->Brassicaceae->Brassicales->malvids->rosids->Pentapetalae->Gunneridae->eudicotyledons->Mesangiospermae->Magnoliophyta->Spermatophyta->Euphyllophyta->Tracheophyta->Embryophyta->Streptophytina->Streptophyta->Chloroplastida->Archaeplastida->Eukaryota->cellular organisms->life" nexsonid "node192665"
pgloadind     taxon mapping OTT ID 559283 taxonomy "Pachycladon wallii->Pachycladon->Microlepidieae->Brassicaceae->Brassicales->malvids->rosids->Pentapetalae->Gunneridae->eudicotyledons->Mesangiospermae->Magnoliophyta->Spermatophyta->Euphyllophyta->Tracheophyta->Embryophyta->Streptophytina->Streptophyta->Chloroplastida->Archaeplastida->Eukaryota->cellular organisms->life" nexsonid "node192667"
pgloadind     taxon mapping OTT ID 1042420 taxonomy "Pachycladon latisiliquum->Pachycladon->Microlepidieae->Brassicaceae->Brassicales->malvids->rosids->Pentapetalae->Gunneridae->eudicotyledons->Mesangiospermae->Magnoliophyta->Spermatophyta->Euphyllophyta->Tracheophyta->Embryophyta->Streptophytina->Streptophyta->Chloroplastida->Archaeplastida->Eukaryota->cellular organisms->life" nexsonid "node192668"
pgloadind     taxon mapping OTT ID 762671 taxonomy "Pachycladon exile->Pachycladon->Microlepidieae->Brassicaceae->Brassicales->malvids->rosids->Pentapetalae->Gunneridae->eudicotyledons->Mesangiospermae->Magnoliophyta->Spermatophyta->Euphyllophyta->Tracheophyta->Embryophyta->Streptophytina->Streptophyta->Chloroplastida->Archaeplastida->Eukaryota->cellular organisms->life" nexsonid "node192670"
pgloadind     taxon mapping OTT ID 94872 taxonomy "Pachycladon cheesemanii->Pachycladon->Microlepidieae->Brassicaceae->Brassicales->malvids->rosids->Pentapetalae->Gunneridae->eudicotyledons->Mesangiospermae->Magnoliophyta->Spermatophyta->Euphyllophyta->Tracheophyta->Embryophyta->Streptophytina->Streptophyta->Chloroplastida->Archaeplastida->Eukaryota->cellular organisms->life" nexsonid "node192671"
pgloadind     taxon mapping OTT ID 534401 taxonomy "Transberingia bursifolia->Transberingia->Crucihimalayeae->Brassicaceae->Brassicales->malvids->rosids->Pentapetalae->Gunneridae->eudicotyledons->Mesangiospermae->Magnoliophyta->Spermatophyta->Euphyllophyta->Tracheophyta->Embryophyta->Streptophytina->Streptophyta->Chloroplastida->Archaeplastida->Eukaryota->cellular organisms->life" nexsonid "node192674"
pgloadind     taxon mapping OTT ID 1063763 taxonomy "Crucihimalaya mollissima->Crucihimalaya->Crucihimalayeae->Brassicaceae->Brassicales->malvids->rosids->Pentapetalae->Gunneridae->eudicotyledons->Mesangiospermae->Magnoliophyta->Spermatophyta->Euphyllophyta->Tracheophyta->Embryophyta->Streptophytina->Streptophyta->Chloroplastida->Archaeplastida->Eukaryota->cellular organisms->life" nexsonid "node192675"
pgloadind     taxon mapping OTT ID 347834 taxonomy "Crucihimalaya himalaica->Crucihimalaya->Crucihimalayeae->Brassicaceae->Brassicales->malvids->rosids->Pentapetalae->Gunneridae->eudicotyledons->Mesangiospermae->Magnoliophyta->Spermatophyta->Euphyllophyta->Tracheophyta->Embryophyta->Streptophytina->Streptophyta->Chloroplastida->Archaeplastida->Eukaryota->cellular organisms->life" nexsonid "node192680"
pgloadind     taxon mapping OTT ID 152282 taxonomy "Boechera parishii->Boechera->Boechereae->Brassicaceae->Brassicales->malvids->rosids->Pentapetalae->Gunneridae->eudicotyledons->Mesangiospermae->Magnoliophyta->Spermatophyta->Euphyllophyta->Tracheophyta->Embryophyta->Streptophytina->Streptophyta->Chloroplastida->Archaeplastida->Eukaryota->cellular organisms->life" nexsonid "node192684"
pgloadind     taxon mapping OTT ID 905975 taxonomy "Boechera fendleri->Boechera->Boechereae->Brassicaceae->Brassicales->malvids->rosids->Pentapetalae->Gunneridae->eudicotyledons->Mesangiospermae->Magnoliophyta->Spermatophyta->Euphyllophyta->Tracheophyta->Embryophyta->Streptophytina->Streptophyta->Chloroplastida->Archaeplastida->Eukaryota->cellular organisms->life" nexsonid "node192686"
pgloadind     taxon mapping OTT ID 152259 taxonomy "Boechera lyallii->Boechera->Boechereae->Brassicaceae->Brassicales->malvids->rosids->Pentapetalae->Gunneridae->eudicotyledons->Mesangiospermae->Magnoliophyta->Spermatophyta->Euphyllophyta->Tracheophyta->Embryophyta->Streptophytina->Streptophyta->Chloroplastida->Archaeplastida->Eukaryota->cellular organisms->life" nexsonid "node192688"
pgloadind     taxon mapping OTT ID 238618 taxonomy "Boechera stricta->Boechera->Boechereae->Brassicaceae->Brassicales->malvids->rosids->Pentapetalae->Gunneridae->eudicotyledons->Mesangiospermae->Magnoliophyta->Spermatophyta->Euphyllophyta->Tracheophyta->Embryophyta->Streptophytina->Streptophyta->Chloroplastida->Archaeplastida->Eukaryota->cellular organisms->life" nexsonid "node192689"
pgloadind     taxon mapping OTT ID 19798 taxonomy "Capsella rubella->Capsella->Camelineae->Brassicaceae->Brassicales->malvids->rosids->Pentapetalae->Gunneridae->eudicotyledons->Mesangiospermae->Magnoliophyta->Spermatophyta->Euphyllophyta->Tracheophyta->Embryophyta->Streptophytina->Streptophyta->Chloroplastida->Archaeplastida->Eukaryota->cellular organisms->life" nexsonid "node192691"
pgloadind     taxon mapping OTT ID 833644 taxonomy "Capsella bursa-pastoris->Capsella->Camelineae->Brassicaceae->Brassicales->malvids->rosids->Pentapetalae->Gunneridae->eudicotyledons->Mesangiospermae->Magnoliophyta->Spermatophyta->Euphyllophyta->Tracheophyta->Embryophyta->Streptophytina->Streptophyta->Chloroplastida->Archaeplastida->Eukaryota->cellular organisms->life" nexsonid "node192692"
pgloadind     taxon mapping OTT ID 407496 taxonomy "Turritis glabra->Turritis->Turritideae->Brassicaceae->Brassicales->malvids->rosids->Pentapetalae->Gunneridae->eudicotyledons->Mesangiospermae->Magnoliophyta->Spermatophyta->Euphyllophyta->Tracheophyta->Embryophyta->Streptophytina->Streptophyta->Chloroplastida->Archaeplastida->Eukaryota->cellular organisms->life" nexsonid "node192694"
pgloadind     taxon mapping OTT ID 212322 taxonomy "Olimarabidopsis pumila->Olimarabidopsis->Alyssopsideae->Brassicaceae->Brassicales->malvids->rosids->Pentapetalae->Gunneridae->eudicotyledons->Mesangiospermae->Magnoliophyta->Spermatophyta->Euphyllophyta->Tracheophyta->Embryophyta->Streptophytina->Streptophyta->Chloroplastida->Archaeplastida->Eukaryota->cellular organisms->life" nexsonid "node192696"
pgloadind     taxon mapping OTT ID 707241 taxonomy "Olimarabidopsis cabulica->Olimarabidopsis->Alyssopsideae->Brassicaceae->Brassicales->malvids->rosids->Pentapetalae->Gunneridae->eudicotyledons->Mesangiospermae->Magnoliophyta->Spermatophyta->Euphyllophyta->Tracheophyta->Embryophyta->Streptophytina->Streptophyta->Chloroplastida->Archaeplastida->Eukaryota->cellular organisms->life" nexsonid "node192699"
pgloadind     taxon mapping OTT ID 309263 taxonomy "Arabidopsis thaliana->Arabidopsis->Camelineae->Brassicaceae->Brassicales->malvids->rosids->Pentapetalae->Gunneridae->eudicotyledons->Mesangiospermae->Magnoliophyta->Spermatophyta->Euphyllophyta->Tracheophyta->Embryophyta->Streptophytina->Streptophyta->Chloroplastida->Archaeplastida->Eukaryota->cellular organisms->life" nexsonid "node192701"
pgloadind     taxon mapping OTT ID 152273 taxonomy "Arabidopsis halleri->Arabidopsis->Camelineae->Brassicaceae->Brassicales->malvids->rosids->Pentapetalae->Gunneridae->eudicotyledons->Mesangiospermae->Magnoliophyta->Spermatophyta->Euphyllophyta->Tracheophyta->Embryophyta->Streptophytina->Streptophyta->Chloroplastida->Archaeplastida->Eukaryota->cellular organisms->life" nexsonid "node192703"
pgloadind     taxon mapping OTT ID 618115 taxonomy "Arabidopsis lyrata subsp. lyrata->Arabidopsis lyrata->Arabidopsis->Camelineae->Brassicaceae->Brassicales->malvids->rosids->Pentapetalae->Gunneridae->eudicotyledons->Mesangiospermae->Magnoliophyta->Spermatophyta->Euphyllophyta->Tracheophyta->Embryophyta->Streptophytina->Streptophyta->Chloroplastida->Archaeplastida->Eukaryota->cellular organisms->life" nexsonid "node192705"
pgloadind     taxon mapping OTT ID 456833 taxonomy "Arabidopsis arenosa->Arabidopsis->Camelineae->Brassicaceae->Brassicales->malvids->rosids->Pentapetalae->Gunneridae->eudicotyledons->Mesangiospermae->Magnoliophyta->Spermatophyta->Euphyllophyta->Tracheophyta->Embryophyta->Streptophytina->Streptophyta->Chloroplastida->Archaeplastida->Eukaryota->cellular organisms->life" nexsonid "node192706"
pgloadind     taxon mapping OTT ID 833642 taxonomy "Brassica oleracea->Brassica->Brassiceae->Brassicaceae->Brassicales->malvids->rosids->Pentapetalae->Gunneridae->eudicotyledons->Mesangiospermae->Magnoliophyta->Spermatophyta->Euphyllophyta->Tracheophyta->Embryophyta->Streptophytina->Streptophyta->Chloroplastida->Archaeplastida->Eukaryota->cellular organisms->life" nexsonid "node192711"
pgloadind     taxon mapping OTT ID 883797 taxonomy "Sisymbrium irio->Sisymbrium->Sisymbrieae->Brassicaceae->Brassicales->malvids->rosids->Pentapetalae->Gunneridae->eudicotyledons->Mesangiospermae->Magnoliophyta->Spermatophyta->Euphyllophyta->Tracheophyta->Embryophyta->Streptophytina->Streptophyta->Chloroplastida->Archaeplastida->Eukaryota->cellular organisms->life" nexsonid "node192712"
pgloadind     taxon mapping OTT ID 652329 taxonomy "Thlaspi arvense->Thlaspi->Thlaspideae->Brassicaceae->Brassicales->malvids->rosids->Pentapetalae->Gunneridae->eudicotyledons->Mesangiospermae->Magnoliophyta->Spermatophyta->Euphyllophyta->Tracheophyta->Embryophyta->Streptophytina->Streptophyta->Chloroplastida->Archaeplastida->Eukaryota->cellular organisms->life" nexsonid "node192714"
pgloadind     taxon mapping OTT ID 609008 taxonomy "Cardamine amara->Cardamine->Cardamineae->Brassicaceae->Brassicales->malvids->rosids->Pentapetalae->Gunneridae->eudicotyledons->Mesangiospermae->Magnoliophyta->Spermatophyta->Euphyllophyta->Tracheophyta->Embryophyta->Streptophytina->Streptophyta->Chloroplastida->Archaeplastida->Eukaryota->cellular organisms->life" nexsonid "node192717"
pgloadind     taxon mapping OTT ID 1082745 taxonomy "Rorippa amphibia->Rorippa->Cardamineae->Brassicaceae->Brassicales->malvids->rosids->Pentapetalae->Gunneridae->eudicotyledons->Mesangiospermae->Magnoliophyta->Spermatophyta->Euphyllophyta->Tracheophyta->Embryophyta->Streptophytina->Streptophyta->Chloroplastida->Archaeplastida->Eukaryota->cellular organisms->life" nexsonid "node192719"
pgloadind     taxon mapping OTT ID 35910 taxonomy "Barbarea vulgaris->Barbarea->Cardamineae->Brassicaceae->Brassicales->malvids->rosids->Pentapetalae->Gunneridae->eudicotyledons->Mesangiospermae->Magnoliophyta->Spermatophyta->Euphyllophyta->Tracheophyta->Embryophyta->Streptophytina->Streptophyta->Chloroplastida->Archaeplastida->Eukaryota->cellular organisms->life" nexsonid "node192720"
done fixing name
pgloadind Finished with attempts to fix names
pgloadind   Checking for uniqueness of OTT IDs tree id "286"
pgloadind   Adding tree to graph tree id "286"
all trees have all taxa: false
	using bipartition technique
attempting to remap tips to deepest exemplified taxa
	Erysimum handel-mazzettii was remapped to 'Erysimeae' (id=2686499)
	Thlaspi arvense was remapped to 'Thlaspideae' (id=2687271)
	Cardamine amara was remapped to 'Cardamine' (id=2691793)
	Transberingia bursifolia was remapped to 'Transberingia' (id=2692711)
	Barbarea vulgaris was remapped to 'Barbarea' (id=2691269)
	Turritis glabra was remapped to 'Turritideae' (id=2693010)
	Brassica oleracea was remapped to 'Brassiceae' (id=2693659)
	Sisymbrium irio was remapped to 'Sisymbrieae' (id=2687086)
	Rorippa amphibia was remapped to 'Rorippa' (id=2691386)
	Arabidopsis lyrata subsp. lyrata was remapped to 'Arabidopsis lyrata' (id=2690332)
this is the ROOT
placing root in index
Dealing with metadata property: id
Dealing with metadata property: ot:studyPublicationReference
Adding property 'ot:studyPublicationReference': Joly, S., Heenan, P. B., & Lockhart, P. J. (2009). A Pleistocene inter-tribal allopolyploidization event precedes the species radiation of Pachycladon (Brassicaceae) in New Zealand. Molecular phylogenetics and evolution, 51(2), 365-372.
Dealing with metadata property: ot:studyYear
Adding property 'ot:studyYear': 2009
Dealing with metadata property: ot:inGroupClade
Adding property 'ot:inGroupClade': node192649
Dealing with metadata property: ot:tag
Adding property 'ot:tag': ingroup added;
Dealing with metadata property: ot:curatorName
Adding property 'ot:curatorName': bryan drew
Dealing with metadata property: ot:studyPublication
Adding property 'ot:studyPublication': http://dx.doi.org/10.1016/j.ympev.2009.02.015
Dealing with metadata property: ot:focalClade
Adding property 'ot:focalClade': 2592981
Dealing with metadata property: ot:studyId
Adding property 'ot:studyId': 323
Dealing with metadata property: ot:dataDeposit
Adding property 'ot:dataDeposit': http://purl.org/phylo/treebase/phylows/study/TB2:S2250
Committing nodes: 61
{2685797}
2689789
	adding Node[2689696] Boechereae 504664 as compatible with Node[2689728]
		adding Relationship[8257299]
2689797
2690052
2690062
2690295
2690316
2690348
2690443
2690451
2690973
	adding Node[2690874] Microlepidieae 516083 as compatible with Node[2690971]
		adding Relationship[8257300]
2690977
2690983
2690989
2690998
2691005
2691010
2691013
2692729
2692792
2693348
	adding Node[2693334] Alyssopsideae 5232958 as compatible with Node[2693346]
		adding Relationship[8257301]
2693367
2686499
	adding Node[2686499] Erysimeae 76683 as compatible with Node[2686499]
		adding Relationship[8257302]
2687086
	adding Node[2687086] Sisymbrieae 86304 as compatible with Node[2687086]
		adding Relationship[8257303]
2687271
	adding Node[2687271] Thlaspideae 121278 as compatible with Node[2687271]
		adding Relationship[8257304]
2690332
	adding Node[2690332] Arabidopsis lyrata 840257 as compatible with Node[2690332]
		adding Relationship[8257305]
2691269
2691386
	adding Node[2691386] Rorippa 341720 as compatible with Node[2691386]
		adding Relationship[8257306]
2691793
2692711
2693010
	adding Node[2693010] Turritideae 5232954 as compatible with Node[2693010]
		adding Relationship[8257307]
2693659
[Node[2689696], Node[3501507], Node[3501506], Node[3501509], Node[3501508], Node[2690332], Node[2690874], Node[2687271], Node[2691386], Node[2693334], Node[2687086], Node[3501503], Node[2693010], Node[3501501], Node[3501499], Node[2686499], Node[3501496]]
	Node[2689696]
	Node[3501507]
		adding Relationship[8257308] from Node[3501507] to Node[3501508]
	Node[3501506]
	Node[3501509]
	Node[3501508]
	Node[2690332]
		adding Relationship[8257309] from Node[2690332] to Node[3501503]
	Node[2690874]
	Node[2687271]
		adding Relationship[8257310] from Node[2687271] to Node[3501508]
	Node[2691386]
		adding Relationship[8257311] from Node[2691386] to Node[3501509]
	Node[2693334]
	Node[2687086]
		adding Relationship[8257312] from Node[2687086] to Node[3501507]
	Node[3501503]
	Node[2693010]
		adding Relationship[8257313] from Node[2693010] to Node[3501501]
	Node[3501501]
	Node[3501499]
	Node[2686499]
		adding Relationship[8257314] from Node[2686499] to Node[3501506]
	Node[3501496]
		adding Relationship[8257315] from Node[3501496] to Node[3501499]
