pgloadind OTUs number 107
pgloadind Processing tree @id "1775"
pgloadind   tree info number nodes 212
pgloadind   tree info number edges 211
pgloadind   tree info ingroup "node485379"
pgloadind   Setting ingroup root node.
pgloadind   Ingested tree number of external nodes 106
pgloadind   property added ot:studyPublicationReference "Bell, C. D. (2007). Phylogenetic placement and biogeography of the North American species of Valerianella (Valerianaceae: Dipsacales) based on chloroplast and nuclear DNA. Molecular phylogenetics and evolution, 44(3), 929-941."
pgloadind   property added ot:studyPublication "http://dx.doi.org/10.1016/j.ympev.2007.03.013"
pgloadind   property added ot:curatorName "William Wysocki"
pgloadind   property added ot:dataDeposit "http://purl.org/phylo/treebase/phylows/study/TB2:S1852"
pgloadind   property added ot:studyId "32"
pgloadind   property added ot:studyYear "2007"
pgloadind   property added ot:focalClade "233278"
pgloadind   property added ot:focalCladeOTTTaxonName "Valerianella"
pgloadind   property added ot:inGroupClade "node485379"
pgloadind   property added ot:curatedType "Fig. 2"
loading a specific tree: 1775
pgloadind conducting TNRS on trees
pgloadind   name fixing on tree tree id "1775"
pgloadind   all nodes have ottIds
pgloadind     OTT ID reused in tree
pgloadind       duplicate name "Valeriana urticifolia" nexsonid "node485435"
pgloadind       duplicate OTT ID 900957
pgloadind     OTT ID reused in tree
pgloadind       duplicate name "Valeriana urticifolia" nexsonid "node485436"
pgloadind       duplicate OTT ID 900957
pgloadind     OTT ID reused in tree
pgloadind       duplicate name "Centranthus calcitrapae" nexsonid "node485543"
pgloadind       duplicate OTT ID 971862
pgloadind     OTT ID reused in tree
pgloadind       duplicate name "Valerianella" nexsonid "node485557"
pgloadind       duplicate OTT ID 459096
pgloadind     OTT ID reused in tree
pgloadind       duplicate name "Valerianella" nexsonid "node485578"
pgloadind       duplicate OTT ID 459096
pgloadind     overlapping tips
pgloadind       overlapping retained name "Centranthus ruber" nexsonid "node485536"
pgloadind       overlapping pruned name "Centranthus" nexsonid "node485539"
pgloadind     overlapping tips
pgloadind       overlapping retained name "Valerianella locusta" nexsonid "node485550"
pgloadind       overlapping pruned name "Valerianella" nexsonid "node485549"
pgloadind     pruning dups and overlapping name "Valeriana urticifolia" nexsonid "node485436"
pgloadind     pruning dups and overlapping name "Centranthus" nexsonid "node485539"
pgloadind     pruning dups and overlapping name "Valerianella" nexsonid "node485578"
pgloadind     pruning dups and overlapping name "Centranthus calcitrapae" nexsonid "node485543"
pgloadind     pruning dups and overlapping name "Valeriana urticifolia" nexsonid "node485435"
pgloadind     pruning dups and overlapping name "Valerianella" nexsonid "node485557"
pgloadind     pruning dups and overlapping name "Valerianella" nexsonid "node485549"
pgloadind   postpruning newick tree "(((((((((((((Valeriana_officinalis,Valeriana_fauriei),Valeriana_wallrothii),((((Valeriana_acutiloba,Valeriana_arizonica),(Valeriana_sitchensis,Valeriana_hookeri)),Valeriana_pauciflora),(Valeriana_californica,Valeriana_occidentalis))),Valeriana_dioica,(Valeriana_tuberosa,Valeriana_asarifolia)),(Valeriana_minutiflora,(Valeriana_kawakamii,Valeriana_trichostoma))),(Valeriana_flaccidissima,Valeriana_stenoptera)),((Valeriana_prionophylla,((Valeriana_edulis,Valeriana_procera),Valeriana_texana)),(((((Valeriana_selerorum,((Valeriana_gallinae,((Valeriana_rzedowskiorum,Valeriana_barbareifolia),Valeriana_densiflora)),Valeriana_mexicana)),Valeriana_urticifolia),((Valeriana_albonervata,Valeriana_ceratophylla),((((Valeriana_scandens,Valeriana_candolleana),Valeriana_apiifolia),(Valeriana_tanacetifolia,Valeriana_bryophila)),((Valeriana_palmeri,Valeriana_robertianifolia),Valeriana_sorbifolia)))),((Valeriana_laurifolia,Valeriana_naidae),Valeriana_clematitis)),(((((((Valeriana_microphylla,Valeriana_secunda),Valeriana_hirtella),((Valeriana_pilosa,Valeriana_plantaginea),Valeriana_adscendens)),(((Valeriana_rigida,Valeriana_aretioides),(Valeriana_bracteata,Valeriana_stenophylla)),Valeriana_niphobia)),((Valeriana_arborea,Valeriana_triphylla),((Valeriana_chaerophylloides,Valeriana_pyramidalis),Valeriana_coarctata))),(Valeriana_polemoniifolia,(((Valeriana_pinnatifida,(Valeriana_connata,Valeriana_bulbosa)),((Valeriana_interrupta,Valeriana_rumicoides),Valeriana_henrici)),Valeriana_tomentosa))),(Valeriana_nivalis,((Plectritis_macrocera,Plectritis_brachystemon),Plectritis_congesta)))))),((Valeriana_montana,(Valeriana_tripteris,Valeriana_supina)),Valeriana_pyrenaica)),((Centranthus_ruber,Centranthus_sieberi),(Centranthus_lecoqii,Centranthus_calcitrapae))),(((Fedia_cornucopiae,Valerianella_locusta),(((Valerianella_vesicaria,Valerianella_coronata),((Valerianella_dentata,Valerianella_eriocarpa),Valerianella_carinata)),Valerianella_microcarpa)),((Valerianella_discoidea,Valerianella_muricata),(((Valerianella_texana,Valerianella_umbilicata),(Valerianella_radiata,Valerianella_amarella)),Valerianella_florifera)))),Valeriana_celtica),Valeriana_jatamansi),((Patrinia_triloba,Patrinia_gibbosa),(Patrinia_villosa,Patrinia_scabiosifolia)))"
pgloadind   taxon mapping summary
pgloadind     taxon mapping OTT ID 393341 taxonomy "Valeriana officinalis->Valeriana->Caprifoliaceae->Dipsacales->campanulids->asterids->Pentapetalae->Gunneridae->eudicotyledons->Mesangiospermae->Magnoliophyta->Spermatophyta->Euphyllophyta->Tracheophyta->Embryophyta->Streptophytina->Streptophyta->Chloroplastida->Archaeplastida->Eukaryota->cellular organisms->life" nexsonid "node485392"
pgloadind     taxon mapping OTT ID 228778 taxonomy "Valeriana fauriei->Valeriana->Caprifoliaceae->Dipsacales->campanulids->asterids->Pentapetalae->Gunneridae->eudicotyledons->Mesangiospermae->Magnoliophyta->Spermatophyta->Euphyllophyta->Tracheophyta->Embryophyta->Streptophytina->Streptophyta->Chloroplastida->Archaeplastida->Eukaryota->cellular organisms->life" nexsonid "node485393"
pgloadind     taxon mapping OTT ID 476257 taxonomy "Valeriana wallrothii->Valeriana->Caprifoliaceae->Dipsacales->campanulids->asterids->Pentapetalae->Gunneridae->eudicotyledons->Mesangiospermae->Magnoliophyta->Spermatophyta->Euphyllophyta->Tracheophyta->Embryophyta->Streptophytina->Streptophyta->Chloroplastida->Archaeplastida->Eukaryota->cellular organisms->life" nexsonid "node485394"
pgloadind     taxon mapping OTT ID 805947 taxonomy "Valeriana acutiloba->Valeriana->Caprifoliaceae->Dipsacales->campanulids->asterids->Pentapetalae->Gunneridae->eudicotyledons->Mesangiospermae->Magnoliophyta->Spermatophyta->Euphyllophyta->Tracheophyta->Embryophyta->Streptophytina->Streptophyta->Chloroplastida->Archaeplastida->Eukaryota->cellular organisms->life" nexsonid "node485399"
pgloadind     taxon mapping OTT ID 805955 taxonomy "Valeriana arizonica->Valeriana->Caprifoliaceae->Dipsacales->campanulids->asterids->Pentapetalae->Gunneridae->eudicotyledons->Mesangiospermae->Magnoliophyta->Spermatophyta->Euphyllophyta->Tracheophyta->Embryophyta->Streptophytina->Streptophyta->Chloroplastida->Archaeplastida->Eukaryota->cellular organisms->life" nexsonid "node485400"
pgloadind     taxon mapping OTT ID 21459 taxonomy "Valeriana sitchensis->Valeriana->Caprifoliaceae->Dipsacales->campanulids->asterids->Pentapetalae->Gunneridae->eudicotyledons->Mesangiospermae->Magnoliophyta->Spermatophyta->Euphyllophyta->Tracheophyta->Embryophyta->Streptophytina->Streptophyta->Chloroplastida->Archaeplastida->Eukaryota->cellular organisms->life" nexsonid "node485402"
pgloadind     taxon mapping OTT ID 1052840 taxonomy "Valeriana hookeri->Valeriana->Caprifoliaceae->Dipsacales->campanulids->asterids->Pentapetalae->Gunneridae->eudicotyledons->Mesangiospermae->Magnoliophyta->Spermatophyta->Euphyllophyta->Tracheophyta->Embryophyta->Streptophytina->Streptophyta->Chloroplastida->Archaeplastida->Eukaryota->cellular organisms->life" nexsonid "node485403"
pgloadind     taxon mapping OTT ID 526657 taxonomy "Valeriana pauciflora->Valeriana->Caprifoliaceae->Dipsacales->campanulids->asterids->Pentapetalae->Gunneridae->eudicotyledons->Mesangiospermae->Magnoliophyta->Spermatophyta->Euphyllophyta->Tracheophyta->Embryophyta->Streptophytina->Streptophyta->Chloroplastida->Archaeplastida->Eukaryota->cellular organisms->life" nexsonid "node485404"
pgloadind     taxon mapping OTT ID 21457 taxonomy "Valeriana californica->Valeriana->Caprifoliaceae->Dipsacales->campanulids->asterids->Pentapetalae->Gunneridae->eudicotyledons->Mesangiospermae->Magnoliophyta->Spermatophyta->Euphyllophyta->Tracheophyta->Embryophyta->Streptophytina->Streptophyta->Chloroplastida->Archaeplastida->Eukaryota->cellular organisms->life" nexsonid "node485406"
pgloadind     taxon mapping OTT ID 526670 taxonomy "Valeriana occidentalis->Valeriana->Caprifoliaceae->Dipsacales->campanulids->asterids->Pentapetalae->Gunneridae->eudicotyledons->Mesangiospermae->Magnoliophyta->Spermatophyta->Euphyllophyta->Tracheophyta->Embryophyta->Streptophytina->Streptophyta->Chloroplastida->Archaeplastida->Eukaryota->cellular organisms->life" nexsonid "node485407"
pgloadind     taxon mapping OTT ID 971851 taxonomy "Valeriana dioica->Valeriana->Caprifoliaceae->Dipsacales->campanulids->asterids->Pentapetalae->Gunneridae->eudicotyledons->Mesangiospermae->Magnoliophyta->Spermatophyta->Euphyllophyta->Tracheophyta->Embryophyta->Streptophytina->Streptophyta->Chloroplastida->Archaeplastida->Eukaryota->cellular organisms->life" nexsonid "node485408"
pgloadind     taxon mapping OTT ID 981574 taxonomy "Valeriana tuberosa->Valeriana->Caprifoliaceae->Dipsacales->campanulids->asterids->Pentapetalae->Gunneridae->eudicotyledons->Mesangiospermae->Magnoliophyta->Spermatophyta->Euphyllophyta->Tracheophyta->Embryophyta->Streptophytina->Streptophyta->Chloroplastida->Archaeplastida->Eukaryota->cellular organisms->life" nexsonid "node485410"
pgloadind     taxon mapping OTT ID 455634 taxonomy "Valeriana asarifolia->Valeriana->Caprifoliaceae->Dipsacales->campanulids->asterids->Pentapetalae->Gunneridae->eudicotyledons->Mesangiospermae->Magnoliophyta->Spermatophyta->Euphyllophyta->Tracheophyta->Embryophyta->Streptophytina->Streptophyta->Chloroplastida->Archaeplastida->Eukaryota->cellular organisms->life" nexsonid "node485411"
pgloadind     taxon mapping OTT ID 945856 taxonomy "Valeriana minutiflora->Valeriana->Caprifoliaceae->Dipsacales->campanulids->asterids->Pentapetalae->Gunneridae->eudicotyledons->Mesangiospermae->Magnoliophyta->Spermatophyta->Euphyllophyta->Tracheophyta->Embryophyta->Streptophytina->Streptophyta->Chloroplastida->Archaeplastida->Eukaryota->cellular organisms->life" nexsonid "node485413"
pgloadind     taxon mapping OTT ID 5222 taxonomy "Valeriana kawakamii->Valeriana->Caprifoliaceae->Dipsacales->campanulids->asterids->Pentapetalae->Gunneridae->eudicotyledons->Mesangiospermae->Magnoliophyta->Spermatophyta->Euphyllophyta->Tracheophyta->Embryophyta->Streptophytina->Streptophyta->Chloroplastida->Archaeplastida->Eukaryota->cellular organisms->life" nexsonid "node485415"
pgloadind     taxon mapping OTT ID 476261 taxonomy "Valeriana trichostoma->Valeriana->Caprifoliaceae->Dipsacales->campanulids->asterids->Pentapetalae->Gunneridae->eudicotyledons->Mesangiospermae->Magnoliophyta->Spermatophyta->Euphyllophyta->Tracheophyta->Embryophyta->Streptophytina->Streptophyta->Chloroplastida->Archaeplastida->Eukaryota->cellular organisms->life" nexsonid "node485416"
pgloadind     taxon mapping OTT ID 5232 taxonomy "Valeriana flaccidissima->Valeriana->Caprifoliaceae->Dipsacales->campanulids->asterids->Pentapetalae->Gunneridae->eudicotyledons->Mesangiospermae->Magnoliophyta->Spermatophyta->Euphyllophyta->Tracheophyta->Embryophyta->Streptophytina->Streptophyta->Chloroplastida->Archaeplastida->Eukaryota->cellular organisms->life" nexsonid "node485418"
pgloadind     taxon mapping OTT ID 1052850 taxonomy "Valeriana stenoptera->Valeriana->Caprifoliaceae->Dipsacales->campanulids->asterids->Pentapetalae->Gunneridae->eudicotyledons->Mesangiospermae->Magnoliophyta->Spermatophyta->Euphyllophyta->Tracheophyta->Embryophyta->Streptophytina->Streptophyta->Chloroplastida->Archaeplastida->Eukaryota->cellular organisms->life" nexsonid "node485419"
pgloadind     taxon mapping OTT ID 526653 taxonomy "Valeriana prionophylla->Valeriana->Caprifoliaceae->Dipsacales->campanulids->asterids->Pentapetalae->Gunneridae->eudicotyledons->Mesangiospermae->Magnoliophyta->Spermatophyta->Euphyllophyta->Tracheophyta->Embryophyta->Streptophytina->Streptophyta->Chloroplastida->Archaeplastida->Eukaryota->cellular organisms->life" nexsonid "node485422"
pgloadind     taxon mapping OTT ID 646604 taxonomy "Valeriana edulis->Valeriana->Caprifoliaceae->Dipsacales->campanulids->asterids->Pentapetalae->Gunneridae->eudicotyledons->Mesangiospermae->Magnoliophyta->Spermatophyta->Euphyllophyta->Tracheophyta->Embryophyta->Streptophytina->Streptophyta->Chloroplastida->Archaeplastida->Eukaryota->cellular organisms->life" nexsonid "node485425"
pgloadind     taxon mapping OTT ID 526651 taxonomy "Valeriana procera->Valeriana->Caprifoliaceae->Dipsacales->campanulids->asterids->Pentapetalae->Gunneridae->eudicotyledons->Mesangiospermae->Magnoliophyta->Spermatophyta->Euphyllophyta->Tracheophyta->Embryophyta->Streptophytina->Streptophyta->Chloroplastida->Archaeplastida->Eukaryota->cellular organisms->life" nexsonid "node485426"
pgloadind     taxon mapping OTT ID 476265 taxonomy "Valeriana texana->Valeriana->Caprifoliaceae->Dipsacales->campanulids->asterids->Pentapetalae->Gunneridae->eudicotyledons->Mesangiospermae->Magnoliophyta->Spermatophyta->Euphyllophyta->Tracheophyta->Embryophyta->Streptophytina->Streptophyta->Chloroplastida->Archaeplastida->Eukaryota->cellular organisms->life" nexsonid "node485427"
pgloadind     taxon mapping OTT ID 1052848 taxonomy "Valeriana selerorum->Valeriana->Caprifoliaceae->Dipsacales->campanulids->asterids->Pentapetalae->Gunneridae->eudicotyledons->Mesangiospermae->Magnoliophyta->Spermatophyta->Euphyllophyta->Tracheophyta->Embryophyta->Streptophytina->Streptophyta->Chloroplastida->Archaeplastida->Eukaryota->cellular organisms->life" nexsonid "node485438"
pgloadind     taxon mapping OTT ID 5226 taxonomy "Valeriana gallinae->Valeriana->Caprifoliaceae->Dipsacales->campanulids->asterids->Pentapetalae->Gunneridae->eudicotyledons->Mesangiospermae->Magnoliophyta->Spermatophyta->Euphyllophyta->Tracheophyta->Embryophyta->Streptophytina->Streptophyta->Chloroplastida->Archaeplastida->Eukaryota->cellular organisms->life" nexsonid "node485441"
pgloadind     taxon mapping OTT ID 1052838 taxonomy "Valeriana rzedowskiorum->Valeriana->Caprifoliaceae->Dipsacales->campanulids->asterids->Pentapetalae->Gunneridae->eudicotyledons->Mesangiospermae->Magnoliophyta->Spermatophyta->Euphyllophyta->Tracheophyta->Embryophyta->Streptophytina->Streptophyta->Chloroplastida->Archaeplastida->Eukaryota->cellular organisms->life" nexsonid "node485444"
pgloadind     taxon mapping OTT ID 805957 taxonomy "Valeriana barbareifolia->Valeriana->Caprifoliaceae->Dipsacales->campanulids->asterids->Pentapetalae->Gunneridae->eudicotyledons->Mesangiospermae->Magnoliophyta->Spermatophyta->Euphyllophyta->Tracheophyta->Embryophyta->Streptophytina->Streptophyta->Chloroplastida->Archaeplastida->Eukaryota->cellular organisms->life" nexsonid "node485445"
pgloadind     taxon mapping OTT ID 5230 taxonomy "Valeriana densiflora->Valeriana->Caprifoliaceae->Dipsacales->campanulids->asterids->Pentapetalae->Gunneridae->eudicotyledons->Mesangiospermae->Magnoliophyta->Spermatophyta->Euphyllophyta->Tracheophyta->Embryophyta->Streptophytina->Streptophyta->Chloroplastida->Archaeplastida->Eukaryota->cellular organisms->life" nexsonid "node485446"
pgloadind     taxon mapping OTT ID 5224 taxonomy "Valeriana mexicana->Valeriana->Caprifoliaceae->Dipsacales->campanulids->asterids->Pentapetalae->Gunneridae->eudicotyledons->Mesangiospermae->Magnoliophyta->Spermatophyta->Euphyllophyta->Tracheophyta->Embryophyta->Streptophytina->Streptophyta->Chloroplastida->Archaeplastida->Eukaryota->cellular organisms->life" nexsonid "node485447"
pgloadind     taxon mapping OTT ID 900957 taxonomy "Valeriana urticifolia->Valeriana->Caprifoliaceae->Dipsacales->campanulids->asterids->Pentapetalae->Gunneridae->eudicotyledons->Mesangiospermae->Magnoliophyta->Spermatophyta->Euphyllophyta->Tracheophyta->Embryophyta->Streptophytina->Streptophyta->Chloroplastida->Archaeplastida->Eukaryota->cellular organisms->life" nexsonid "node485434"
pgloadind     taxon mapping OTT ID 971853 taxonomy "Valeriana albonervata->Valeriana->Caprifoliaceae->Dipsacales->campanulids->asterids->Pentapetalae->Gunneridae->eudicotyledons->Mesangiospermae->Magnoliophyta->Spermatophyta->Euphyllophyta->Tracheophyta->Embryophyta->Streptophytina->Streptophyta->Chloroplastida->Archaeplastida->Eukaryota->cellular organisms->life" nexsonid "node485450"
pgloadind     taxon mapping OTT ID 5239 taxonomy "Valeriana ceratophylla->Valeriana->Caprifoliaceae->Dipsacales->campanulids->asterids->Pentapetalae->Gunneridae->eudicotyledons->Mesangiospermae->Magnoliophyta->Spermatophyta->Euphyllophyta->Tracheophyta->Embryophyta->Streptophytina->Streptophyta->Chloroplastida->Archaeplastida->Eukaryota->cellular organisms->life" nexsonid "node485451"
pgloadind     taxon mapping OTT ID 661604 taxonomy "Valeriana scandens->Valeriana->Caprifoliaceae->Dipsacales->campanulids->asterids->Pentapetalae->Gunneridae->eudicotyledons->Mesangiospermae->Magnoliophyta->Spermatophyta->Euphyllophyta->Tracheophyta->Embryophyta->Streptophytina->Streptophyta->Chloroplastida->Archaeplastida->Eukaryota->cellular organisms->life" nexsonid "node485456"
pgloadind     taxon mapping OTT ID 805964 taxonomy "Valeriana candolleana->Valeriana->Caprifoliaceae->Dipsacales->campanulids->asterids->Pentapetalae->Gunneridae->eudicotyledons->Mesangiospermae->Magnoliophyta->Spermatophyta->Euphyllophyta->Tracheophyta->Embryophyta->Streptophytina->Streptophyta->Chloroplastida->Archaeplastida->Eukaryota->cellular organisms->life" nexsonid "node485457"
pgloadind     taxon mapping OTT ID 805951 taxonomy "Valeriana apiifolia->Valeriana->Caprifoliaceae->Dipsacales->campanulids->asterids->Pentapetalae->Gunneridae->eudicotyledons->Mesangiospermae->Magnoliophyta->Spermatophyta->Euphyllophyta->Tracheophyta->Embryophyta->Streptophytina->Streptophyta->Chloroplastida->Archaeplastida->Eukaryota->cellular organisms->life" nexsonid "node485458"
pgloadind     taxon mapping OTT ID 1052827 taxonomy "Valeriana tanacetifolia->Valeriana->Caprifoliaceae->Dipsacales->campanulids->asterids->Pentapetalae->Gunneridae->eudicotyledons->Mesangiospermae->Magnoliophyta->Spermatophyta->Euphyllophyta->Tracheophyta->Embryophyta->Streptophytina->Streptophyta->Chloroplastida->Archaeplastida->Eukaryota->cellular organisms->life" nexsonid "node485460"
pgloadind     taxon mapping OTT ID 805960 taxonomy "Valeriana bryophila->Valeriana->Caprifoliaceae->Dipsacales->campanulids->asterids->Pentapetalae->Gunneridae->eudicotyledons->Mesangiospermae->Magnoliophyta->Spermatophyta->Euphyllophyta->Tracheophyta->Embryophyta->Streptophytina->Streptophyta->Chloroplastida->Archaeplastida->Eukaryota->cellular organisms->life" nexsonid "node485461"
pgloadind     taxon mapping OTT ID 526668 taxonomy "Valeriana palmeri->Valeriana->Caprifoliaceae->Dipsacales->campanulids->asterids->Pentapetalae->Gunneridae->eudicotyledons->Mesangiospermae->Magnoliophyta->Spermatophyta->Euphyllophyta->Tracheophyta->Embryophyta->Streptophytina->Streptophyta->Chloroplastida->Archaeplastida->Eukaryota->cellular organisms->life" nexsonid "node485464"
pgloadind     taxon mapping OTT ID 1052834 taxonomy "Valeriana robertianifolia->Valeriana->Caprifoliaceae->Dipsacales->campanulids->asterids->Pentapetalae->Gunneridae->eudicotyledons->Mesangiospermae->Magnoliophyta->Spermatophyta->Euphyllophyta->Tracheophyta->Embryophyta->Streptophytina->Streptophyta->Chloroplastida->Archaeplastida->Eukaryota->cellular organisms->life" nexsonid "node485465"
pgloadind     taxon mapping OTT ID 445623 taxonomy "Valeriana sorbifolia->Valeriana->Caprifoliaceae->Dipsacales->campanulids->asterids->Pentapetalae->Gunneridae->eudicotyledons->Mesangiospermae->Magnoliophyta->Spermatophyta->Euphyllophyta->Tracheophyta->Embryophyta->Streptophytina->Streptophyta->Chloroplastida->Archaeplastida->Eukaryota->cellular organisms->life" nexsonid "node485466"
pgloadind     taxon mapping OTT ID 971849 taxonomy "Valeriana laurifolia->Valeriana->Caprifoliaceae->Dipsacales->campanulids->asterids->Pentapetalae->Gunneridae->eudicotyledons->Mesangiospermae->Magnoliophyta->Spermatophyta->Euphyllophyta->Tracheophyta->Embryophyta->Streptophytina->Streptophyta->Chloroplastida->Archaeplastida->Eukaryota->cellular organisms->life" nexsonid "node485469"
pgloadind     taxon mapping OTT ID 977254 taxonomy "Valeriana naidae->Valeriana->Caprifoliaceae->Dipsacales->campanulids->asterids->Pentapetalae->Gunneridae->eudicotyledons->Mesangiospermae->Magnoliophyta->Spermatophyta->Euphyllophyta->Tracheophyta->Embryophyta->Streptophytina->Streptophyta->Chloroplastida->Archaeplastida->Eukaryota->cellular organisms->life" nexsonid "node485470"
pgloadind     taxon mapping OTT ID 5241 taxonomy "Valeriana clematitis->Valeriana->Caprifoliaceae->Dipsacales->campanulids->asterids->Pentapetalae->Gunneridae->eudicotyledons->Mesangiospermae->Magnoliophyta->Spermatophyta->Euphyllophyta->Tracheophyta->Embryophyta->Streptophytina->Streptophyta->Chloroplastida->Archaeplastida->Eukaryota->cellular organisms->life" nexsonid "node485471"
pgloadind     taxon mapping OTT ID 21453 taxonomy "Valeriana microphylla->Valeriana->Caprifoliaceae->Dipsacales->campanulids->asterids->Pentapetalae->Gunneridae->eudicotyledons->Mesangiospermae->Magnoliophyta->Spermatophyta->Euphyllophyta->Tracheophyta->Embryophyta->Streptophytina->Streptophyta->Chloroplastida->Archaeplastida->Eukaryota->cellular organisms->life" nexsonid "node485479"
pgloadind     taxon mapping OTT ID 1052846 taxonomy "Valeriana secunda->Valeriana->Caprifoliaceae->Dipsacales->campanulids->asterids->Pentapetalae->Gunneridae->eudicotyledons->Mesangiospermae->Magnoliophyta->Spermatophyta->Euphyllophyta->Tracheophyta->Embryophyta->Streptophytina->Streptophyta->Chloroplastida->Archaeplastida->Eukaryota->cellular organisms->life" nexsonid "node485480"
pgloadind     taxon mapping OTT ID 819332 taxonomy "Valeriana hirtella->Valeriana->Caprifoliaceae->Dipsacales->campanulids->asterids->Pentapetalae->Gunneridae->eudicotyledons->Mesangiospermae->Magnoliophyta->Spermatophyta->Euphyllophyta->Tracheophyta->Embryophyta->Streptophytina->Streptophyta->Chloroplastida->Archaeplastida->Eukaryota->cellular organisms->life" nexsonid "node485481"
pgloadind     taxon mapping OTT ID 445627 taxonomy "Valeriana pilosa->Valeriana->Caprifoliaceae->Dipsacales->campanulids->asterids->Pentapetalae->Gunneridae->eudicotyledons->Mesangiospermae->Magnoliophyta->Spermatophyta->Euphyllophyta->Tracheophyta->Embryophyta->Streptophytina->Streptophyta->Chloroplastida->Archaeplastida->Eukaryota->cellular organisms->life" nexsonid "node485484"
pgloadind     taxon mapping OTT ID 526663 taxonomy "Valeriana plantaginea->Valeriana->Caprifoliaceae->Dipsacales->campanulids->asterids->Pentapetalae->Gunneridae->eudicotyledons->Mesangiospermae->Magnoliophyta->Spermatophyta->Euphyllophyta->Tracheophyta->Embryophyta->Streptophytina->Streptophyta->Chloroplastida->Archaeplastida->Eukaryota->cellular organisms->life" nexsonid "node485485"
pgloadind     taxon mapping OTT ID 805949 taxonomy "Valeriana adscendens->Valeriana->Caprifoliaceae->Dipsacales->campanulids->asterids->Pentapetalae->Gunneridae->eudicotyledons->Mesangiospermae->Magnoliophyta->Spermatophyta->Euphyllophyta->Tracheophyta->Embryophyta->Streptophytina->Streptophyta->Chloroplastida->Archaeplastida->Eukaryota->cellular organisms->life" nexsonid "node485486"
pgloadind     taxon mapping OTT ID 646600 taxonomy "Valeriana rigida->Valeriana->Caprifoliaceae->Dipsacales->campanulids->asterids->Pentapetalae->Gunneridae->eudicotyledons->Mesangiospermae->Magnoliophyta->Spermatophyta->Euphyllophyta->Tracheophyta->Embryophyta->Streptophytina->Streptophyta->Chloroplastida->Archaeplastida->Eukaryota->cellular organisms->life" nexsonid "node485490"
pgloadind     taxon mapping OTT ID 805953 taxonomy "Valeriana aretioides->Valeriana->Caprifoliaceae->Dipsacales->campanulids->asterids->Pentapetalae->Gunneridae->eudicotyledons->Mesangiospermae->Magnoliophyta->Spermatophyta->Euphyllophyta->Tracheophyta->Embryophyta->Streptophytina->Streptophyta->Chloroplastida->Archaeplastida->Eukaryota->cellular organisms->life" nexsonid "node485491"
pgloadind     taxon mapping OTT ID 1035971 taxonomy "Valeriana bracteata->Valeriana->Caprifoliaceae->Dipsacales->campanulids->asterids->Pentapetalae->Gunneridae->eudicotyledons->Mesangiospermae->Magnoliophyta->Spermatophyta->Euphyllophyta->Tracheophyta->Embryophyta->Streptophytina->Streptophyta->Chloroplastida->Archaeplastida->Eukaryota->cellular organisms->life" nexsonid "node485493"
pgloadind     taxon mapping OTT ID 1052824 taxonomy "Valeriana stenophylla->Valeriana->Caprifoliaceae->Dipsacales->campanulids->asterids->Pentapetalae->Gunneridae->eudicotyledons->Mesangiospermae->Magnoliophyta->Spermatophyta->Euphyllophyta->Tracheophyta->Embryophyta->Streptophytina->Streptophyta->Chloroplastida->Archaeplastida->Eukaryota->cellular organisms->life" nexsonid "node485494"
pgloadind     taxon mapping OTT ID 646598 taxonomy "Valeriana niphobia->Valeriana->Caprifoliaceae->Dipsacales->campanulids->asterids->Pentapetalae->Gunneridae->eudicotyledons->Mesangiospermae->Magnoliophyta->Spermatophyta->Euphyllophyta->Tracheophyta->Embryophyta->Streptophytina->Streptophyta->Chloroplastida->Archaeplastida->Eukaryota->cellular organisms->life" nexsonid "node485495"
pgloadind     taxon mapping OTT ID 21463 taxonomy "Valeriana arborea->Valeriana->Caprifoliaceae->Dipsacales->campanulids->asterids->Pentapetalae->Gunneridae->eudicotyledons->Mesangiospermae->Magnoliophyta->Spermatophyta->Euphyllophyta->Tracheophyta->Embryophyta->Streptophytina->Streptophyta->Chloroplastida->Archaeplastida->Eukaryota->cellular organisms->life" nexsonid "node485498"
pgloadind     taxon mapping OTT ID 476259 taxonomy "Valeriana triphylla->Valeriana->Caprifoliaceae->Dipsacales->campanulids->asterids->Pentapetalae->Gunneridae->eudicotyledons->Mesangiospermae->Magnoliophyta->Spermatophyta->Euphyllophyta->Tracheophyta->Embryophyta->Streptophytina->Streptophyta->Chloroplastida->Archaeplastida->Eukaryota->cellular organisms->life" nexsonid "node485499"
pgloadind     taxon mapping OTT ID 21470 taxonomy "Valeriana chaerophylloides->Valeriana->Caprifoliaceae->Dipsacales->campanulids->asterids->Pentapetalae->Gunneridae->eudicotyledons->Mesangiospermae->Magnoliophyta->Spermatophyta->Euphyllophyta->Tracheophyta->Embryophyta->Streptophytina->Streptophyta->Chloroplastida->Archaeplastida->Eukaryota->cellular organisms->life" nexsonid "node485502"
pgloadind     taxon mapping OTT ID 1052832 taxonomy "Valeriana pyramidalis->Valeriana->Caprifoliaceae->Dipsacales->campanulids->asterids->Pentapetalae->Gunneridae->eudicotyledons->Mesangiospermae->Magnoliophyta->Spermatophyta->Euphyllophyta->Tracheophyta->Embryophyta->Streptophytina->Streptophyta->Chloroplastida->Archaeplastida->Eukaryota->cellular organisms->life" nexsonid "node485503"
pgloadind     taxon mapping OTT ID 5234 taxonomy "Valeriana coarctata->Valeriana->Caprifoliaceae->Dipsacales->campanulids->asterids->Pentapetalae->Gunneridae->eudicotyledons->Mesangiospermae->Magnoliophyta->Spermatophyta->Euphyllophyta->Tracheophyta->Embryophyta->Streptophytina->Streptophyta->Chloroplastida->Archaeplastida->Eukaryota->cellular organisms->life" nexsonid "node485504"
pgloadind     taxon mapping OTT ID 219456 taxonomy "Valeriana polemoniifolia->Valeriana->Caprifoliaceae->Dipsacales->campanulids->asterids->Pentapetalae->Gunneridae->eudicotyledons->Mesangiospermae->Magnoliophyta->Spermatophyta->Euphyllophyta->Tracheophyta->Embryophyta->Streptophytina->Streptophyta->Chloroplastida->Archaeplastida->Eukaryota->cellular organisms->life" nexsonid "node485506"
pgloadind     taxon mapping OTT ID 526655 taxonomy "Valeriana pinnatifida->Valeriana->Caprifoliaceae->Dipsacales->campanulids->asterids->Pentapetalae->Gunneridae->eudicotyledons->Mesangiospermae->Magnoliophyta->Spermatophyta->Euphyllophyta->Tracheophyta->Embryophyta->Streptophytina->Streptophyta->Chloroplastida->Archaeplastida->Eukaryota->cellular organisms->life" nexsonid "node485510"
pgloadind     taxon mapping OTT ID 5237 taxonomy "Valeriana connata->Valeriana->Caprifoliaceae->Dipsacales->campanulids->asterids->Pentapetalae->Gunneridae->eudicotyledons->Mesangiospermae->Magnoliophyta->Spermatophyta->Euphyllophyta->Tracheophyta->Embryophyta->Streptophytina->Streptophyta->Chloroplastida->Archaeplastida->Eukaryota->cellular organisms->life" nexsonid "node485512"
pgloadind     taxon mapping OTT ID 805962 taxonomy "Valeriana bulbosa->Valeriana->Caprifoliaceae->Dipsacales->campanulids->asterids->Pentapetalae->Gunneridae->eudicotyledons->Mesangiospermae->Magnoliophyta->Spermatophyta->Euphyllophyta->Tracheophyta->Embryophyta->Streptophytina->Streptophyta->Chloroplastida->Archaeplastida->Eukaryota->cellular organisms->life" nexsonid "node485513"
pgloadind     taxon mapping OTT ID 5228 taxonomy "Valeriana interrupta->Valeriana->Caprifoliaceae->Dipsacales->campanulids->asterids->Pentapetalae->Gunneridae->eudicotyledons->Mesangiospermae->Magnoliophyta->Spermatophyta->Euphyllophyta->Tracheophyta->Embryophyta->Streptophytina->Streptophyta->Chloroplastida->Archaeplastida->Eukaryota->cellular organisms->life" nexsonid "node485516"
pgloadind     taxon mapping OTT ID 1052836 taxonomy "Valeriana rumicoides->Valeriana->Caprifoliaceae->Dipsacales->campanulids->asterids->Pentapetalae->Gunneridae->eudicotyledons->Mesangiospermae->Magnoliophyta->Spermatophyta->Euphyllophyta->Tracheophyta->Embryophyta->Streptophytina->Streptophyta->Chloroplastida->Archaeplastida->Eukaryota->cellular organisms->life" nexsonid "node485517"
pgloadind     taxon mapping OTT ID 646607 taxonomy "Valeriana henrici->Valeriana->Caprifoliaceae->Dipsacales->campanulids->asterids->Pentapetalae->Gunneridae->eudicotyledons->Mesangiospermae->Magnoliophyta->Spermatophyta->Euphyllophyta->Tracheophyta->Embryophyta->Streptophytina->Streptophyta->Chloroplastida->Archaeplastida->Eukaryota->cellular organisms->life" nexsonid "node485518"
pgloadind     taxon mapping OTT ID 476263 taxonomy "Valeriana tomentosa->Valeriana->Caprifoliaceae->Dipsacales->campanulids->asterids->Pentapetalae->Gunneridae->eudicotyledons->Mesangiospermae->Magnoliophyta->Spermatophyta->Euphyllophyta->Tracheophyta->Embryophyta->Streptophytina->Streptophyta->Chloroplastida->Archaeplastida->Eukaryota->cellular organisms->life" nexsonid "node485519"
pgloadind     taxon mapping OTT ID 526665 taxonomy "Valeriana nivalis->Valeriana->Caprifoliaceae->Dipsacales->campanulids->asterids->Pentapetalae->Gunneridae->eudicotyledons->Mesangiospermae->Magnoliophyta->Spermatophyta->Euphyllophyta->Tracheophyta->Embryophyta->Streptophytina->Streptophyta->Chloroplastida->Archaeplastida->Eukaryota->cellular organisms->life" nexsonid "node485521"
pgloadind     taxon mapping OTT ID 945858 taxonomy "Plectritis macrocera->Plectritis->Caprifoliaceae->Dipsacales->campanulids->asterids->Pentapetalae->Gunneridae->eudicotyledons->Mesangiospermae->Magnoliophyta->Spermatophyta->Euphyllophyta->Tracheophyta->Embryophyta->Streptophytina->Streptophyta->Chloroplastida->Archaeplastida->Eukaryota->cellular organisms->life" nexsonid "node485524"
pgloadind     taxon mapping OTT ID 231853 taxonomy "Plectritis brachystemon->Plectritis->Caprifoliaceae->Dipsacales->campanulids->asterids->Pentapetalae->Gunneridae->eudicotyledons->Mesangiospermae->Magnoliophyta->Spermatophyta->Euphyllophyta->Tracheophyta->Embryophyta->Streptophytina->Streptophyta->Chloroplastida->Archaeplastida->Eukaryota->cellular organisms->life" nexsonid "node485525"
pgloadind     taxon mapping OTT ID 830567 taxonomy "Plectritis congesta->Plectritis->Caprifoliaceae->Dipsacales->campanulids->asterids->Pentapetalae->Gunneridae->eudicotyledons->Mesangiospermae->Magnoliophyta->Spermatophyta->Euphyllophyta->Tracheophyta->Embryophyta->Streptophytina->Streptophyta->Chloroplastida->Archaeplastida->Eukaryota->cellular organisms->life" nexsonid "node485526"
pgloadind     taxon mapping OTT ID 21474 taxonomy "Valeriana montana->Valeriana->Caprifoliaceae->Dipsacales->campanulids->asterids->Pentapetalae->Gunneridae->eudicotyledons->Mesangiospermae->Magnoliophyta->Spermatophyta->Euphyllophyta->Tracheophyta->Embryophyta->Streptophytina->Streptophyta->Chloroplastida->Archaeplastida->Eukaryota->cellular organisms->life" nexsonid "node485529"
pgloadind     taxon mapping OTT ID 445625 taxonomy "Valeriana tripteris->Valeriana->Caprifoliaceae->Dipsacales->campanulids->asterids->Pentapetalae->Gunneridae->eudicotyledons->Mesangiospermae->Magnoliophyta->Spermatophyta->Euphyllophyta->Tracheophyta->Embryophyta->Streptophytina->Streptophyta->Chloroplastida->Archaeplastida->Eukaryota->cellular organisms->life" nexsonid "node485531"
pgloadind     taxon mapping OTT ID 21451 taxonomy "Valeriana supina->Valeriana->Caprifoliaceae->Dipsacales->campanulids->asterids->Pentapetalae->Gunneridae->eudicotyledons->Mesangiospermae->Magnoliophyta->Spermatophyta->Euphyllophyta->Tracheophyta->Embryophyta->Streptophytina->Streptophyta->Chloroplastida->Archaeplastida->Eukaryota->cellular organisms->life" nexsonid "node485532"
pgloadind     taxon mapping OTT ID 646594 taxonomy "Valeriana pyrenaica->Valeriana->Caprifoliaceae->Dipsacales->campanulids->asterids->Pentapetalae->Gunneridae->eudicotyledons->Mesangiospermae->Magnoliophyta->Spermatophyta->Euphyllophyta->Tracheophyta->Embryophyta->Streptophytina->Streptophyta->Chloroplastida->Archaeplastida->Eukaryota->cellular organisms->life" nexsonid "node485533"
pgloadind     taxon mapping OTT ID 759056 taxonomy "Centranthus ruber->Centranthus->Caprifoliaceae->Dipsacales->campanulids->asterids->Pentapetalae->Gunneridae->eudicotyledons->Mesangiospermae->Magnoliophyta->Spermatophyta->Euphyllophyta->Tracheophyta->Embryophyta->Streptophytina->Streptophyta->Chloroplastida->Archaeplastida->Eukaryota->cellular organisms->life" nexsonid "node485536"
pgloadind     taxon mapping OTT ID 455636 taxonomy "Centranthus sieberi->Centranthus->Caprifoliaceae->Dipsacales->campanulids->asterids->Pentapetalae->Gunneridae->eudicotyledons->Mesangiospermae->Magnoliophyta->Spermatophyta->Euphyllophyta->Tracheophyta->Embryophyta->Streptophytina->Streptophyta->Chloroplastida->Archaeplastida->Eukaryota->cellular organisms->life" nexsonid "node485537"
pgloadind     taxon mapping OTT ID 971859 taxonomy "Centranthus lecoqii->Centranthus->Caprifoliaceae->Dipsacales->campanulids->asterids->Pentapetalae->Gunneridae->eudicotyledons->Mesangiospermae->Magnoliophyta->Spermatophyta->Euphyllophyta->Tracheophyta->Embryophyta->Streptophytina->Streptophyta->Chloroplastida->Archaeplastida->Eukaryota->cellular organisms->life" nexsonid "node485544"
pgloadind     taxon mapping OTT ID 971862 taxonomy "Centranthus calcitrapae->Centranthus->Caprifoliaceae->Dipsacales->campanulids->asterids->Pentapetalae->Gunneridae->eudicotyledons->Mesangiospermae->Magnoliophyta->Spermatophyta->Euphyllophyta->Tracheophyta->Embryophyta->Streptophytina->Streptophyta->Chloroplastida->Archaeplastida->Eukaryota->cellular organisms->life" nexsonid "node485542"
pgloadind     taxon mapping OTT ID 945863 taxonomy "Fedia cornucopiae->Fedia->Caprifoliaceae->Dipsacales->campanulids->asterids->Pentapetalae->Gunneridae->eudicotyledons->Mesangiospermae->Magnoliophyta->Spermatophyta->Euphyllophyta->Tracheophyta->Embryophyta->Streptophytina->Streptophyta->Chloroplastida->Archaeplastida->Eukaryota->cellular organisms->life" nexsonid "node485551"
pgloadind     taxon mapping OTT ID 459098 taxonomy "Valerianella locusta->Valerianella->Caprifoliaceae->Dipsacales->campanulids->asterids->Pentapetalae->Gunneridae->eudicotyledons->Mesangiospermae->Magnoliophyta->Spermatophyta->Euphyllophyta->Tracheophyta->Embryophyta->Streptophytina->Streptophyta->Chloroplastida->Archaeplastida->Eukaryota->cellular organisms->life" nexsonid "node485550"
pgloadind     taxon mapping OTT ID 476270 taxonomy "Valerianella vesicaria->Valerianella->Caprifoliaceae->Dipsacales->campanulids->asterids->Pentapetalae->Gunneridae->eudicotyledons->Mesangiospermae->Magnoliophyta->Spermatophyta->Euphyllophyta->Tracheophyta->Embryophyta->Streptophytina->Streptophyta->Chloroplastida->Archaeplastida->Eukaryota->cellular organisms->life" nexsonid "node485558"
pgloadind     taxon mapping OTT ID 445620 taxonomy "Valerianella coronata->Valerianella->Caprifoliaceae->Dipsacales->campanulids->asterids->Pentapetalae->Gunneridae->eudicotyledons->Mesangiospermae->Magnoliophyta->Spermatophyta->Euphyllophyta->Tracheophyta->Embryophyta->Streptophytina->Streptophyta->Chloroplastida->Archaeplastida->Eukaryota->cellular organisms->life" nexsonid "node485556"
pgloadind     taxon mapping OTT ID 476255 taxonomy "Valerianella dentata->Valerianella->Caprifoliaceae->Dipsacales->campanulids->asterids->Pentapetalae->Gunneridae->eudicotyledons->Mesangiospermae->Magnoliophyta->Spermatophyta->Euphyllophyta->Tracheophyta->Embryophyta->Streptophytina->Streptophyta->Chloroplastida->Archaeplastida->Eukaryota->cellular organisms->life" nexsonid "node485561"
pgloadind     taxon mapping OTT ID 139314 taxonomy "Valerianella eriocarpa->Valerianella->Caprifoliaceae->Dipsacales->campanulids->asterids->Pentapetalae->Gunneridae->eudicotyledons->Mesangiospermae->Magnoliophyta->Spermatophyta->Euphyllophyta->Tracheophyta->Embryophyta->Streptophytina->Streptophyta->Chloroplastida->Archaeplastida->Eukaryota->cellular organisms->life" nexsonid "node485562"
pgloadind     taxon mapping OTT ID 981578 taxonomy "Valerianella carinata->Valerianella->Caprifoliaceae->Dipsacales->campanulids->asterids->Pentapetalae->Gunneridae->eudicotyledons->Mesangiospermae->Magnoliophyta->Spermatophyta->Euphyllophyta->Tracheophyta->Embryophyta->Streptophytina->Streptophyta->Chloroplastida->Archaeplastida->Eukaryota->cellular organisms->life" nexsonid "node485563"
pgloadind     taxon mapping OTT ID 981568 taxonomy "Valerianella microcarpa->Valerianella->Caprifoliaceae->Dipsacales->campanulids->asterids->Pentapetalae->Gunneridae->eudicotyledons->Mesangiospermae->Magnoliophyta->Spermatophyta->Euphyllophyta->Tracheophyta->Embryophyta->Streptophytina->Streptophyta->Chloroplastida->Archaeplastida->Eukaryota->cellular organisms->life" nexsonid "node485564"
pgloadind     taxon mapping OTT ID 981580 taxonomy "Valerianella discoidea->Valerianella->Caprifoliaceae->Dipsacales->campanulids->asterids->Pentapetalae->Gunneridae->eudicotyledons->Mesangiospermae->Magnoliophyta->Spermatophyta->Euphyllophyta->Tracheophyta->Embryophyta->Streptophytina->Streptophyta->Chloroplastida->Archaeplastida->Eukaryota->cellular organisms->life" nexsonid "node485567"
pgloadind     taxon mapping OTT ID 981570 taxonomy "Valerianella muricata->Valerianella->Caprifoliaceae->Dipsacales->campanulids->asterids->Pentapetalae->Gunneridae->eudicotyledons->Mesangiospermae->Magnoliophyta->Spermatophyta->Euphyllophyta->Tracheophyta->Embryophyta->Streptophytina->Streptophyta->Chloroplastida->Archaeplastida->Eukaryota->cellular organisms->life" nexsonid "node485568"
pgloadind     taxon mapping OTT ID 981584 taxonomy "Valerianella texana->Valerianella->Caprifoliaceae->Dipsacales->campanulids->asterids->Pentapetalae->Gunneridae->eudicotyledons->Mesangiospermae->Magnoliophyta->Spermatophyta->Euphyllophyta->Tracheophyta->Embryophyta->Streptophytina->Streptophyta->Chloroplastida->Archaeplastida->Eukaryota->cellular organisms->life" nexsonid "node485572"
pgloadind     taxon mapping OTT ID 405280 taxonomy "Valerianella umbilicata->Valerianella->Caprifoliaceae->Dipsacales->campanulids->asterids->Pentapetalae->Gunneridae->eudicotyledons->Mesangiospermae->Magnoliophyta->Spermatophyta->Euphyllophyta->Tracheophyta->Embryophyta->Streptophytina->Streptophyta->Chloroplastida->Archaeplastida->Eukaryota->cellular organisms->life" nexsonid "node485573"
pgloadind     taxon mapping OTT ID 981572 taxonomy "Valerianella radiata->Valerianella->Caprifoliaceae->Dipsacales->campanulids->asterids->Pentapetalae->Gunneridae->eudicotyledons->Mesangiospermae->Magnoliophyta->Spermatophyta->Euphyllophyta->Tracheophyta->Embryophyta->Streptophytina->Streptophyta->Chloroplastida->Archaeplastida->Eukaryota->cellular organisms->life" nexsonid "node485575"
pgloadind     taxon mapping OTT ID 981576 taxonomy "Valerianella amarella->Valerianella->Caprifoliaceae->Dipsacales->campanulids->asterids->Pentapetalae->Gunneridae->eudicotyledons->Mesangiospermae->Magnoliophyta->Spermatophyta->Euphyllophyta->Tracheophyta->Embryophyta->Streptophytina->Streptophyta->Chloroplastida->Archaeplastida->Eukaryota->cellular organisms->life" nexsonid "node485576"
pgloadind     taxon mapping OTT ID 981566 taxonomy "Valerianella florifera->Valerianella->Caprifoliaceae->Dipsacales->campanulids->asterids->Pentapetalae->Gunneridae->eudicotyledons->Mesangiospermae->Magnoliophyta->Spermatophyta->Euphyllophyta->Tracheophyta->Embryophyta->Streptophytina->Streptophyta->Chloroplastida->Archaeplastida->Eukaryota->cellular organisms->life" nexsonid "node485579"
pgloadind     taxon mapping OTT ID 21455 taxonomy "Valeriana celtica->Valeriana->Caprifoliaceae->Dipsacales->campanulids->asterids->Pentapetalae->Gunneridae->eudicotyledons->Mesangiospermae->Magnoliophyta->Spermatophyta->Euphyllophyta->Tracheophyta->Embryophyta->Streptophytina->Streptophyta->Chloroplastida->Archaeplastida->Eukaryota->cellular organisms->life" nexsonid "node485580"
pgloadind     taxon mapping OTT ID 1035981 taxonomy "Valeriana jatamansi->Valeriana->Caprifoliaceae->Dipsacales->campanulids->asterids->Pentapetalae->Gunneridae->eudicotyledons->Mesangiospermae->Magnoliophyta->Spermatophyta->Euphyllophyta->Tracheophyta->Embryophyta->Streptophytina->Streptophyta->Chloroplastida->Archaeplastida->Eukaryota->cellular organisms->life" nexsonid "node485581"
pgloadind     taxon mapping OTT ID 946520 taxonomy "Patrinia triloba->Patrinia->Caprifoliaceae->Dipsacales->campanulids->asterids->Pentapetalae->Gunneridae->eudicotyledons->Mesangiospermae->Magnoliophyta->Spermatophyta->Euphyllophyta->Tracheophyta->Embryophyta->Streptophytina->Streptophyta->Chloroplastida->Archaeplastida->Eukaryota->cellular organisms->life" nexsonid "node485584"
pgloadind     taxon mapping OTT ID 231859 taxonomy "Patrinia gibbosa->Patrinia->Caprifoliaceae->Dipsacales->campanulids->asterids->Pentapetalae->Gunneridae->eudicotyledons->Mesangiospermae->Magnoliophyta->Spermatophyta->Euphyllophyta->Tracheophyta->Embryophyta->Streptophytina->Streptophyta->Chloroplastida->Archaeplastida->Eukaryota->cellular organisms->life" nexsonid "node485585"
pgloadind     taxon mapping OTT ID 971855 taxonomy "Patrinia villosa->Patrinia->Caprifoliaceae->Dipsacales->campanulids->asterids->Pentapetalae->Gunneridae->eudicotyledons->Mesangiospermae->Magnoliophyta->Spermatophyta->Euphyllophyta->Tracheophyta->Embryophyta->Streptophytina->Streptophyta->Chloroplastida->Archaeplastida->Eukaryota->cellular organisms->life" nexsonid "node485587"
pgloadind     taxon mapping OTT ID 231856 taxonomy "Patrinia scabiosifolia->Patrinia->Caprifoliaceae->Dipsacales->campanulids->asterids->Pentapetalae->Gunneridae->eudicotyledons->Mesangiospermae->Magnoliophyta->Spermatophyta->Euphyllophyta->Tracheophyta->Embryophyta->Streptophytina->Streptophyta->Chloroplastida->Archaeplastida->Eukaryota->cellular organisms->life" nexsonid "node485588"
done fixing name
pgloadind Finished with attempts to fix names
pgloadind   Checking for uniqueness of OTT IDs tree id "1775"
pgloadind   Adding tree to graph tree id "1775"
all trees have all taxa: false
	using bipartition technique
attempting to remap tips to deepest exemplified taxa
	Fedia cornucopiae was remapped to 'Fedia' (id=2563484)
this is the ROOT
placing root in index
Dealing with metadata property: id
Dealing with metadata property: ot:studyPublicationReference
Adding property 'ot:studyPublicationReference': Bell, C. D. (2007). Phylogenetic placement and biogeography of the North American species of Valerianella (Valerianaceae: Dipsacales) based on chloroplast and nuclear DNA. Molecular phylogenetics and evolution, 44(3), 929-941.
Dealing with metadata property: ot:focalCladeOTTTaxonName
Adding property 'ot:focalCladeOTTTaxonName': Valerianella
Dealing with metadata property: ot:studyYear
Adding property 'ot:studyYear': 2007
Dealing with metadata property: ot:inGroupClade
Adding property 'ot:inGroupClade': node485379
Dealing with metadata property: ot:curatorName
Adding property 'ot:curatorName': William Wysocki
Dealing with metadata property: ot:studyPublication
Adding property 'ot:studyPublication': http://dx.doi.org/10.1016/j.ympev.2007.03.013
Dealing with metadata property: ot:focalClade
Adding property 'ot:focalClade': 233278
Dealing with metadata property: ot:curatedType
Adding property 'ot:curatedType': Fig. 2
Dealing with metadata property: ot:studyId
Adding property 'ot:studyId': 32
Dealing with metadata property: ot:dataDeposit
Adding property 'ot:dataDeposit': http://purl.org/phylo/treebase/phylows/study/TB2:S1852
Committing nodes: 196
{2562683}
2562786
2562788
2562790
2562792
2562794
2562796
2562798
2562801
2562803
2562805
2562807
2562809
2562811
2562813
2562815
2562819
2562821
2562825
2562843
2562846
2562863
2562871
2562873
2562874
2562883
2562885
2562887
2562889
2562891
2562894
2562896
2562898
2562900
2562906
2562908
2562910
2562912
2562914
2562917
2562919
2562921
2562925
2562928
2562932
2562943
2562945
2562947
2562949
2562951
2562954
2562956
2562958
2562960
2562964
2562966
2562970
2562977
2562979
2562981
2562983
2562987
2562997
2563003
2563007
2563010
2563012
2563014
2563016
2563018
2563020
2563026
2563028
2563030
2563047
2563049
2563054
2563055
2563060
2563062
2563068
2563070
2563072
2563074
2563077
2563079
2563081
2563085
2563447
2563451
2563455
2563458
2563495
2563497
2563499
2563636
2563639
2563643
2563644
2563484
	adding Node[2563484] Fedia 945854 as compatible with Node[2563484]
		adding Relationship[8257638]
[Node[3501563], Node[2563484]]
	Node[3501563]
	Node[2563484]
		adding Relationship[8257639] from Node[2563484] to Node[3501563]
