pgloadind OTUs number 148
pgloadind Processing tree @id "896"
pgloadind   tree info number nodes 163
pgloadind   tree info number edges 162
pgloadind   tree info ingroup "node354530"
pgloadind   Setting ingroup root node.
pgloadind   Ingested tree number of external nodes 84
pgloadind   property added ot:studyPublicationReference "Marazzi B., & Sanderson M.J. 2010. Large-Scale Patterns of Diversification in the Widespread Legume Genus Senna and the Evolutionary Role of Extrafloral Nectaries. Evolution, 64(12): 3570-3592."
pgloadind   property added ot:studyPublication "http://dx.doi.org/10.1111/j.1558-5646.2010.01086.x"
pgloadind   property added ot:curatorName "bryan drew"
pgloadind   property added ot:dataDeposit "http://purl.org/phylo/treebase/phylows/study/TB2:S10568"
pgloadind   property added ot:studyId "595"
pgloadind   property added ot:studyYear "2010"
pgloadind   property added ot:focalClade "842609"
pgloadind   property added ot:tag "ingroup added;"
pgloadind   property added ot:inGroupClade "node354530"
pgloadind Processing tree @id "897"
pgloadind   tree info number nodes 143
pgloadind   tree info number edges 142
pgloadind   tree info ingroup "node354756"
pgloadind   Setting ingroup root node.
pgloadind   Ingested tree number of external nodes 41
pgloadind   property added ot:studyPublicationReference "Marazzi B., & Sanderson M.J. 2010. Large-Scale Patterns of Diversification in the Widespread Legume Genus Senna and the Evolutionary Role of Extrafloral Nectaries. Evolution, 64(12): 3570-3592."
pgloadind   property added ot:studyPublication "http://dx.doi.org/10.1111/j.1558-5646.2010.01086.x"
pgloadind   property added ot:curatorName "bryan drew"
pgloadind   property added ot:dataDeposit "http://purl.org/phylo/treebase/phylows/study/TB2:S10568"
pgloadind   property added ot:studyId "595"
pgloadind   property added ot:studyYear "2010"
pgloadind   property added ot:focalClade "842609"
pgloadind   property added ot:tag "ingroup added;"
pgloadind   property added ot:inGroupClade "node354756"
loading a specific tree: 897
skipping tree: 896
pgloadind conducting TNRS on trees
pgloadind   name fixing on tree tree id "897"
pgloadind   all nodes have ottIds
pgloadind   postpruning newick tree "((Pterogyne_nitens,((Cordeauxia_edulis,((Balsamocarpon_brevifolium,Hoffmannseggia_glauca),(Caesalpinia_paraguariensis,Stahlia_monosperma))),((Pomaria_jamesii,(Caesalpinia_calycina,Poincianella_mexicana)),(Caesalpinia_pulcherrima,Haematoxylum_brasiletto,(Caesalpinia_cacalaco,Caesalpinia_gracilis),(Guilandina_crista,(Mezoneuron_angolense,Mezoneuron_kauaiense)))))),(Vouacapoua_macropetala,((Batesia_floribunda,Chamaecrista_nictitans),(Melanoxylon_brauna,((Cassia_grandis,Cassia_javanica),((Senna_silvestris_var_guaranitica,(Senna_polyantha,Senna_siamea,Senna_timorensis)),(Senna_atomaria,Senna_spectabilis,(Senna_holwayana,Senna_velutina),(Senna_occidentalis,Senna_villosa),(Senna_unijuga,Senna_wislizeni),((Senna_aciphylla,Senna_mucronifera),(Senna_nicaraguensis,(Senna_alata,Senna_italica,Senna_paradictyon,Senna_pleurocarpa))))))))))"
pgloadind   taxon mapping summary
pgloadind     taxon mapping OTT ID 946962 taxonomy "Pterogyne nitens->Pterogyne->Caesalpinieae->Caesalpinioideae->Fabaceae->Fabales->fabids->rosids->Pentapetalae->Gunneridae->eudicotyledons->Mesangiospermae->Magnoliophyta->Spermatophyta->Euphyllophyta->Tracheophyta->Embryophyta->Streptophytina->Streptophyta->Chloroplastida->Archaeplastida->Eukaryota->cellular organisms->life" nexsonid "node354758"
pgloadind     taxon mapping OTT ID 896116 taxonomy "Cordeauxia edulis->Cordeauxia->Caesalpinieae->Caesalpinioideae->Fabaceae->Fabales->fabids->rosids->Pentapetalae->Gunneridae->eudicotyledons->Mesangiospermae->Magnoliophyta->Spermatophyta->Euphyllophyta->Tracheophyta->Embryophyta->Streptophytina->Streptophyta->Chloroplastida->Archaeplastida->Eukaryota->cellular organisms->life" nexsonid "node354761"
pgloadind     taxon mapping OTT ID 594344 taxonomy "Balsamocarpon brevifolium->Balsamocarpon->Caesalpinieae->Caesalpinioideae->Fabaceae->Fabales->fabids->rosids->Pentapetalae->Gunneridae->eudicotyledons->Mesangiospermae->Magnoliophyta->Spermatophyta->Euphyllophyta->Tracheophyta->Embryophyta->Streptophytina->Streptophyta->Chloroplastida->Archaeplastida->Eukaryota->cellular organisms->life" nexsonid "node354764"
pgloadind     taxon mapping OTT ID 702630 taxonomy "Hoffmannseggia glauca->Hoffmannseggia->Caesalpinieae->Caesalpinioideae->Fabaceae->Fabales->fabids->rosids->Pentapetalae->Gunneridae->eudicotyledons->Mesangiospermae->Magnoliophyta->Spermatophyta->Euphyllophyta->Tracheophyta->Embryophyta->Streptophytina->Streptophyta->Chloroplastida->Archaeplastida->Eukaryota->cellular organisms->life" nexsonid "node354765"
pgloadind     taxon mapping OTT ID 380062 taxonomy "Libidibia paraguariensis->Libidibia->Caesalpinieae->Caesalpinioideae->Fabaceae->Fabales->fabids->rosids->Pentapetalae->Gunneridae->eudicotyledons->Mesangiospermae->Magnoliophyta->Spermatophyta->Euphyllophyta->Tracheophyta->Embryophyta->Streptophytina->Streptophyta->Chloroplastida->Archaeplastida->Eukaryota->cellular organisms->life" nexsonid "node354767"
pgloadind     taxon mapping OTT ID 471741 taxonomy "Stahlia monosperma->Stahlia->Caesalpinieae->Caesalpinioideae->Fabaceae->Fabales->fabids->rosids->Pentapetalae->Gunneridae->eudicotyledons->Mesangiospermae->Magnoliophyta->Spermatophyta->Euphyllophyta->Tracheophyta->Embryophyta->Streptophytina->Streptophyta->Chloroplastida->Archaeplastida->Eukaryota->cellular organisms->life" nexsonid "node354768"
pgloadind     taxon mapping OTT ID 1048238 taxonomy "Pomaria jamesii->Pomaria->Caesalpinieae->Caesalpinioideae->Fabaceae->Fabales->fabids->rosids->Pentapetalae->Gunneridae->eudicotyledons->Mesangiospermae->Magnoliophyta->Spermatophyta->Euphyllophyta->Tracheophyta->Embryophyta->Streptophytina->Streptophyta->Chloroplastida->Archaeplastida->Eukaryota->cellular organisms->life" nexsonid "node354771"
pgloadind     taxon mapping OTT ID 380047 taxonomy "Erythrostemon calycina->Erythrostemon->Caesalpinieae->Caesalpinioideae->Fabaceae->Fabales->fabids->rosids->Pentapetalae->Gunneridae->eudicotyledons->Mesangiospermae->Magnoliophyta->Spermatophyta->Euphyllophyta->Tracheophyta->Embryophyta->Streptophytina->Streptophyta->Chloroplastida->Archaeplastida->Eukaryota->cellular organisms->life" nexsonid "node354773"
pgloadind     taxon mapping OTT ID 646630 taxonomy "Poincianella mexicana->Poincianella->Caesalpinieae->Caesalpinioideae->Fabaceae->Fabales->fabids->rosids->Pentapetalae->Gunneridae->eudicotyledons->Mesangiospermae->Magnoliophyta->Spermatophyta->Euphyllophyta->Tracheophyta->Embryophyta->Streptophytina->Streptophyta->Chloroplastida->Archaeplastida->Eukaryota->cellular organisms->life" nexsonid "node354774"
pgloadind     taxon mapping OTT ID 434080 taxonomy "Caesalpinia pulcherrima->Caesalpinia->Caesalpinieae->Caesalpinioideae->Fabaceae->Fabales->fabids->rosids->Pentapetalae->Gunneridae->eudicotyledons->Mesangiospermae->Magnoliophyta->Spermatophyta->Euphyllophyta->Tracheophyta->Embryophyta->Streptophytina->Streptophyta->Chloroplastida->Archaeplastida->Eukaryota->cellular organisms->life" nexsonid "node354776"
pgloadind     taxon mapping OTT ID 896123 taxonomy "Haematoxylum brasiletto->Haematoxylum->Caesalpinieae->Caesalpinioideae->Fabaceae->Fabales->fabids->rosids->Pentapetalae->Gunneridae->eudicotyledons->Mesangiospermae->Magnoliophyta->Spermatophyta->Euphyllophyta->Tracheophyta->Embryophyta->Streptophytina->Streptophyta->Chloroplastida->Archaeplastida->Eukaryota->cellular organisms->life" nexsonid "node354777"
pgloadind     taxon mapping OTT ID 380056 taxonomy "Caesalpinia cacalaco->Caesalpinia->Caesalpinieae->Caesalpinioideae->Fabaceae->Fabales->fabids->rosids->Pentapetalae->Gunneridae->eudicotyledons->Mesangiospermae->Magnoliophyta->Spermatophyta->Euphyllophyta->Tracheophyta->Embryophyta->Streptophytina->Streptophyta->Chloroplastida->Archaeplastida->Eukaryota->cellular organisms->life" nexsonid "node354779"
pgloadind     taxon mapping OTT ID 380049 taxonomy "Caesalpinia gracilis->Caesalpinia->Caesalpinieae->Caesalpinioideae->Fabaceae->Fabales->fabids->rosids->Pentapetalae->Gunneridae->eudicotyledons->Mesangiospermae->Magnoliophyta->Spermatophyta->Euphyllophyta->Tracheophyta->Embryophyta->Streptophytina->Streptophyta->Chloroplastida->Archaeplastida->Eukaryota->cellular organisms->life" nexsonid "node354780"
pgloadind     taxon mapping OTT ID 656774 taxonomy "Guilandina crista->Guilandina->Caesalpinieae->Caesalpinioideae->Fabaceae->Fabales->fabids->rosids->Pentapetalae->Gunneridae->eudicotyledons->Mesangiospermae->Magnoliophyta->Spermatophyta->Euphyllophyta->Tracheophyta->Embryophyta->Streptophytina->Streptophyta->Chloroplastida->Archaeplastida->Eukaryota->cellular organisms->life" nexsonid "node354782"
pgloadind     taxon mapping OTT ID 380051 taxonomy "Mezoneuron angolense->Mezoneuron->Caesalpinieae->Caesalpinioideae->Fabaceae->Fabales->fabids->rosids->Pentapetalae->Gunneridae->eudicotyledons->Mesangiospermae->Magnoliophyta->Spermatophyta->Euphyllophyta->Tracheophyta->Embryophyta->Streptophytina->Streptophyta->Chloroplastida->Archaeplastida->Eukaryota->cellular organisms->life" nexsonid "node354784"
pgloadind     taxon mapping OTT ID 942121 taxonomy "Mezoneuron kauaiense->Mezoneuron->Caesalpinieae->Caesalpinioideae->Fabaceae->Fabales->fabids->rosids->Pentapetalae->Gunneridae->eudicotyledons->Mesangiospermae->Magnoliophyta->Spermatophyta->Euphyllophyta->Tracheophyta->Embryophyta->Streptophytina->Streptophyta->Chloroplastida->Archaeplastida->Eukaryota->cellular organisms->life" nexsonid "node354785"
pgloadind     taxon mapping OTT ID 723012 taxonomy "Vouacapoua macropetala->Vouacapoua->Caesalpinieae->Caesalpinioideae->Fabaceae->Fabales->fabids->rosids->Pentapetalae->Gunneridae->eudicotyledons->Mesangiospermae->Magnoliophyta->Spermatophyta->Euphyllophyta->Tracheophyta->Embryophyta->Streptophytina->Streptophyta->Chloroplastida->Archaeplastida->Eukaryota->cellular organisms->life" nexsonid "node354787"
pgloadind     taxon mapping OTT ID 927094 taxonomy "Batesia floribunda->Batesia->Caesalpinieae->Caesalpinioideae->Fabaceae->Fabales->fabids->rosids->Pentapetalae->Gunneridae->eudicotyledons->Mesangiospermae->Magnoliophyta->Spermatophyta->Euphyllophyta->Tracheophyta->Embryophyta->Streptophytina->Streptophyta->Chloroplastida->Archaeplastida->Eukaryota->cellular organisms->life" nexsonid "node354790"
pgloadind     taxon mapping OTT ID 234235 taxonomy "Chamaecrista nictitans->Chamaecrista->Cassieae->Caesalpinioideae->Fabaceae->Fabales->fabids->rosids->Pentapetalae->Gunneridae->eudicotyledons->Mesangiospermae->Magnoliophyta->Spermatophyta->Euphyllophyta->Tracheophyta->Embryophyta->Streptophytina->Streptophyta->Chloroplastida->Archaeplastida->Eukaryota->cellular organisms->life" nexsonid "node354791"
pgloadind     taxon mapping OTT ID 1031452 taxonomy "Melanoxylon brauna->Melanoxylon->Caesalpinieae->Caesalpinioideae->Fabaceae->Fabales->fabids->rosids->Pentapetalae->Gunneridae->eudicotyledons->Mesangiospermae->Magnoliophyta->Spermatophyta->Euphyllophyta->Tracheophyta->Embryophyta->Streptophytina->Streptophyta->Chloroplastida->Archaeplastida->Eukaryota->cellular organisms->life" nexsonid "node354793"
pgloadind     taxon mapping OTT ID 380064 taxonomy "Cassia grandis->Cassia->Cassieae->Caesalpinioideae->Fabaceae->Fabales->fabids->rosids->Pentapetalae->Gunneridae->eudicotyledons->Mesangiospermae->Magnoliophyta->Spermatophyta->Euphyllophyta->Tracheophyta->Embryophyta->Streptophytina->Streptophyta->Chloroplastida->Archaeplastida->Eukaryota->cellular organisms->life" nexsonid "node354796"
pgloadind     taxon mapping OTT ID 198246 taxonomy "Cassia javanica->Cassia->Cassieae->Caesalpinioideae->Fabaceae->Fabales->fabids->rosids->Pentapetalae->Gunneridae->eudicotyledons->Mesangiospermae->Magnoliophyta->Spermatophyta->Euphyllophyta->Tracheophyta->Embryophyta->Streptophytina->Streptophyta->Chloroplastida->Archaeplastida->Eukaryota->cellular organisms->life" nexsonid "node354797"
pgloadind     taxon mapping OTT ID 901223 taxonomy "Senna silvestris var. guaranitica->Senna silvestris->Senna->Cassieae->Caesalpinioideae->Fabaceae->Fabales->fabids->rosids->Pentapetalae->Gunneridae->eudicotyledons->Mesangiospermae->Magnoliophyta->Spermatophyta->Euphyllophyta->Tracheophyta->Embryophyta->Streptophytina->Streptophyta->Chloroplastida->Archaeplastida->Eukaryota->cellular organisms->life" nexsonid "node354800"
pgloadind     taxon mapping OTT ID 859846 taxonomy "Senna polyantha->Senna->Cassieae->Caesalpinioideae->Fabaceae->Fabales->fabids->rosids->Pentapetalae->Gunneridae->eudicotyledons->Mesangiospermae->Magnoliophyta->Spermatophyta->Euphyllophyta->Tracheophyta->Embryophyta->Streptophytina->Streptophyta->Chloroplastida->Archaeplastida->Eukaryota->cellular organisms->life" nexsonid "node354802"
pgloadind     taxon mapping OTT ID 859861 taxonomy "Senna siamea->Senna->Cassieae->Caesalpinioideae->Fabaceae->Fabales->fabids->rosids->Pentapetalae->Gunneridae->eudicotyledons->Mesangiospermae->Magnoliophyta->Spermatophyta->Euphyllophyta->Tracheophyta->Embryophyta->Streptophytina->Streptophyta->Chloroplastida->Archaeplastida->Eukaryota->cellular organisms->life" nexsonid "node354803"
pgloadind     taxon mapping OTT ID 421064 taxonomy "Senna timorensis->Senna->Cassieae->Caesalpinioideae->Fabaceae->Fabales->fabids->rosids->Pentapetalae->Gunneridae->eudicotyledons->Mesangiospermae->Magnoliophyta->Spermatophyta->Euphyllophyta->Tracheophyta->Embryophyta->Streptophytina->Streptophyta->Chloroplastida->Archaeplastida->Eukaryota->cellular organisms->life" nexsonid "node354804"
pgloadind     taxon mapping OTT ID 234443 taxonomy "Senna atomaria->Senna->Cassieae->Caesalpinioideae->Fabaceae->Fabales->fabids->rosids->Pentapetalae->Gunneridae->eudicotyledons->Mesangiospermae->Magnoliophyta->Spermatophyta->Euphyllophyta->Tracheophyta->Embryophyta->Streptophytina->Streptophyta->Chloroplastida->Archaeplastida->Eukaryota->cellular organisms->life" nexsonid "node354806"
pgloadind     taxon mapping OTT ID 901217 taxonomy "Senna spectabilis->Senna->Cassieae->Caesalpinioideae->Fabaceae->Fabales->fabids->rosids->Pentapetalae->Gunneridae->eudicotyledons->Mesangiospermae->Magnoliophyta->Spermatophyta->Euphyllophyta->Tracheophyta->Embryophyta->Streptophytina->Streptophyta->Chloroplastida->Archaeplastida->Eukaryota->cellular organisms->life" nexsonid "node354807"
pgloadind     taxon mapping OTT ID 808765 taxonomy "Senna holwayana->Senna->Cassieae->Caesalpinioideae->Fabaceae->Fabales->fabids->rosids->Pentapetalae->Gunneridae->eudicotyledons->Mesangiospermae->Magnoliophyta->Spermatophyta->Euphyllophyta->Tracheophyta->Embryophyta->Streptophytina->Streptophyta->Chloroplastida->Archaeplastida->Eukaryota->cellular organisms->life" nexsonid "node354809"
pgloadind     taxon mapping OTT ID 1045239 taxonomy "Senna velutina->Senna->Cassieae->Caesalpinioideae->Fabaceae->Fabales->fabids->rosids->Pentapetalae->Gunneridae->eudicotyledons->Mesangiospermae->Magnoliophyta->Spermatophyta->Euphyllophyta->Tracheophyta->Embryophyta->Streptophytina->Streptophyta->Chloroplastida->Archaeplastida->Eukaryota->cellular organisms->life" nexsonid "node354810"
pgloadind     taxon mapping OTT ID 921074 taxonomy "Senna occidentalis->Senna->Cassieae->Caesalpinioideae->Fabaceae->Fabales->fabids->rosids->Pentapetalae->Gunneridae->eudicotyledons->Mesangiospermae->Magnoliophyta->Spermatophyta->Euphyllophyta->Tracheophyta->Embryophyta->Streptophytina->Streptophyta->Chloroplastida->Archaeplastida->Eukaryota->cellular organisms->life" nexsonid "node354812"
pgloadind     taxon mapping OTT ID 326851 taxonomy "Senna villosa->Senna->Cassieae->Caesalpinioideae->Fabaceae->Fabales->fabids->rosids->Pentapetalae->Gunneridae->eudicotyledons->Mesangiospermae->Magnoliophyta->Spermatophyta->Euphyllophyta->Tracheophyta->Embryophyta->Streptophytina->Streptophyta->Chloroplastida->Archaeplastida->Eukaryota->cellular organisms->life" nexsonid "node354813"
pgloadind     taxon mapping OTT ID 901209 taxonomy "Senna unijuga->Senna->Cassieae->Caesalpinioideae->Fabaceae->Fabales->fabids->rosids->Pentapetalae->Gunneridae->eudicotyledons->Mesangiospermae->Magnoliophyta->Spermatophyta->Euphyllophyta->Tracheophyta->Embryophyta->Streptophytina->Streptophyta->Chloroplastida->Archaeplastida->Eukaryota->cellular organisms->life" nexsonid "node354815"
pgloadind     taxon mapping OTT ID 148479 taxonomy "Senna wislizeni->Senna->Cassieae->Caesalpinioideae->Fabaceae->Fabales->fabids->rosids->Pentapetalae->Gunneridae->eudicotyledons->Mesangiospermae->Magnoliophyta->Spermatophyta->Euphyllophyta->Tracheophyta->Embryophyta->Streptophytina->Streptophyta->Chloroplastida->Archaeplastida->Eukaryota->cellular organisms->life" nexsonid "node354816"
pgloadind     taxon mapping OTT ID 234455 taxonomy "Senna aciphylla->Senna->Cassieae->Caesalpinioideae->Fabaceae->Fabales->fabids->rosids->Pentapetalae->Gunneridae->eudicotyledons->Mesangiospermae->Magnoliophyta->Spermatophyta->Euphyllophyta->Tracheophyta->Embryophyta->Streptophytina->Streptophyta->Chloroplastida->Archaeplastida->Eukaryota->cellular organisms->life" nexsonid "node354819"
pgloadind     taxon mapping OTT ID 335068 taxonomy "Senna mucronifera->Senna->Cassieae->Caesalpinioideae->Fabaceae->Fabales->fabids->rosids->Pentapetalae->Gunneridae->eudicotyledons->Mesangiospermae->Magnoliophyta->Spermatophyta->Euphyllophyta->Tracheophyta->Embryophyta->Streptophytina->Streptophyta->Chloroplastida->Archaeplastida->Eukaryota->cellular organisms->life" nexsonid "node354820"
pgloadind     taxon mapping OTT ID 335071 taxonomy "Senna nicaraguensis->Senna->Cassieae->Caesalpinioideae->Fabaceae->Fabales->fabids->rosids->Pentapetalae->Gunneridae->eudicotyledons->Mesangiospermae->Magnoliophyta->Spermatophyta->Euphyllophyta->Tracheophyta->Embryophyta->Streptophytina->Streptophyta->Chloroplastida->Archaeplastida->Eukaryota->cellular organisms->life" nexsonid "node354822"
pgloadind     taxon mapping OTT ID 404635 taxonomy "Senna alata->Senna->Cassieae->Caesalpinioideae->Fabaceae->Fabales->fabids->rosids->Pentapetalae->Gunneridae->eudicotyledons->Mesangiospermae->Magnoliophyta->Spermatophyta->Euphyllophyta->Tracheophyta->Embryophyta->Streptophytina->Streptophyta->Chloroplastida->Archaeplastida->Eukaryota->cellular organisms->life" nexsonid "node354824"
pgloadind     taxon mapping OTT ID 808756 taxonomy "Senna italica->Senna->Cassieae->Caesalpinioideae->Fabaceae->Fabales->fabids->rosids->Pentapetalae->Gunneridae->eudicotyledons->Mesangiospermae->Magnoliophyta->Spermatophyta->Euphyllophyta->Tracheophyta->Embryophyta->Streptophytina->Streptophyta->Chloroplastida->Archaeplastida->Eukaryota->cellular organisms->life" nexsonid "node354825"
pgloadind     taxon mapping OTT ID 335077 taxonomy "Senna paradictyon->Senna->Cassieae->Caesalpinioideae->Fabaceae->Fabales->fabids->rosids->Pentapetalae->Gunneridae->eudicotyledons->Mesangiospermae->Magnoliophyta->Spermatophyta->Euphyllophyta->Tracheophyta->Embryophyta->Streptophytina->Streptophyta->Chloroplastida->Archaeplastida->Eukaryota->cellular organisms->life" nexsonid "node354826"
pgloadind     taxon mapping OTT ID 899164 taxonomy "Senna pleurocarpa->Senna->Cassieae->Caesalpinioideae->Fabaceae->Fabales->fabids->rosids->Pentapetalae->Gunneridae->eudicotyledons->Mesangiospermae->Magnoliophyta->Spermatophyta->Euphyllophyta->Tracheophyta->Embryophyta->Streptophytina->Streptophyta->Chloroplastida->Archaeplastida->Eukaryota->cellular organisms->life" nexsonid "node354827"
done fixing name
pgloadind Finished with attempts to fix names
pgloadind   Checking for uniqueness of OTT IDs tree id "897"
pgloadind   Adding tree to graph tree id "897"
all trees have all taxa: false
	using bipartition technique
attempting to remap tips to deepest exemplified taxa
	Caesalpinia paraguariensis was remapped to 'Libidibia' (id=2820179)
	Cordeauxia edulis was remapped to 'Cordeauxia' (id=2820201)
	Vouacapoua macropetala was remapped to 'Vouacapoua' (id=2820130)
	Guilandina crista was remapped to 'Guilandina' (id=2819835)
	Batesia floribunda was remapped to 'Batesia' (id=2820232)
	Melanoxylon brauna was remapped to 'Melanoxylon' (id=2820310)
	Pterogyne nitens was remapped to 'Pterogyne' (id=2819335)
	Stahlia monosperma was remapped to 'Stahlia' (id=2819911)
	Balsamocarpon brevifolium was remapped to 'Balsamocarpon' (id=2819906)
	Poincianella mexicana was remapped to 'Poincianella' (id=2819762)
	Hoffmannseggia glauca was remapped to 'Hoffmannseggia' (id=2820010)
	Chamaecrista nictitans was remapped to 'Chamaecrista' (id=2818368)
	Pomaria jamesii was remapped to 'Pomaria' (id=2820315)
	Haematoxylum brasiletto was remapped to 'Haematoxylum' (id=2819997)
	Caesalpinia calycina was remapped to 'Erythrostemon' (id=2819143)
	Senna silvestris var. guaranitica was remapped to 'Senna silvestris' (id=2817712)
this is the ROOT
placing root in index
Dealing with metadata property: id
Dealing with metadata property: ot:studyPublicationReference
Adding property 'ot:studyPublicationReference': Marazzi B., & Sanderson M.J. 2010. Large-Scale Patterns of Diversification in the Widespread Legume Genus Senna and the Evolutionary Role of Extrafloral Nectaries. Evolution, 64(12): 3570-3592.
Dealing with metadata property: ot:studyYear
Adding property 'ot:studyYear': 2010
Dealing with metadata property: ot:inGroupClade
Adding property 'ot:inGroupClade': node354756
Dealing with metadata property: ot:tag
Adding property 'ot:tag': ingroup added;
Dealing with metadata property: ot:curatorName
Adding property 'ot:curatorName': bryan drew
Dealing with metadata property: ot:studyPublication
Adding property 'ot:studyPublication': http://dx.doi.org/10.1111/j.1558-5646.2010.01086.x
Dealing with metadata property: ot:focalClade
Adding property 'ot:focalClade': 842609
Dealing with metadata property: ot:studyId
Adding property 'ot:studyId': 595
Dealing with metadata property: ot:dataDeposit
Adding property 'ot:dataDeposit': http://purl.org/phylo/treebase/phylows/study/TB2:S10568
Committing nodes: 72
{2817058}
2817243
	adding Node[2817059] Cassieae 792362 as compatible with Node[3501512]
		adding Relationship[8257340]
2817298
2817308
2817382
2817411
2817415
2817430
2817433
2817444
2817565
2817575
2817606
2817645
2817670
2817679
2817699
2817727
2817755
2818178
2818188
2819254
2819259
2819471
2819472
2819499
2817712
2818368
2819143
	adding Node[2819143] Erythrostemon 27589 as compatible with Node[2819143]
		adding Relationship[8257341]
2819335
2819762
	adding Node[2819762] Poincianella 498789 as compatible with Node[2819762]
		adding Relationship[8257342]
2819835
	adding Node[2819835] Guilandina 548852 as compatible with Node[2819835]
		adding Relationship[8257343]
2819906
2819911
2819997
	adding Node[2819997] Haematoxylum 702628 as compatible with Node[2819997]
		adding Relationship[8257344]
2820010
	adding Node[2820010] Hoffmannseggia 702632 as compatible with Node[2820010]
		adding Relationship[8257345]
2820130
	adding Node[2820130] Vouacapoua 723025 as compatible with Node[2820130]
		adding Relationship[8257346]
2820179
	adding Node[2820179] Libidibia 893021 as compatible with Node[2820179]
		adding Relationship[8257347]
2820201
2820232
2820310
	adding Node[2820310] Melanoxylon 1031450 as compatible with Node[2820310]
		adding Relationship[8257348]
2820315
	adding Node[2820315] Pomaria 1048240 as compatible with Node[2820315]
		adding Relationship[8257349]
[Node[2820010], Node[2819835], Node[3501513], Node[2819762], Node[3501515], Node[2820130], Node[3501494], Node[3501493], Node[3501490], Node[2820310], Node[2819143], Node[2819997], Node[3501489], Node[2820179], Node[2820315], Node[2817059], Node[3501496], Node[3501497]]
	Node[2820010]
		adding Relationship[8257350] from Node[2820010] to Node[3501489]
	Node[2819835]
		adding Relationship[8257351] from Node[2819835] to Node[3501496]
	Node[3501513]
	Node[2819762]
		adding Relationship[8257352] from Node[2819762] to Node[3501493]
	Node[3501515]
	Node[2820130]
		adding Relationship[8257353] from Node[2820130] to Node[3501515]
	Node[3501494]
	Node[3501493]
		adding Relationship[8257354] from Node[3501493] to Node[3501494]
	Node[3501490]
	Node[2820310]
		adding Relationship[8257355] from Node[2820310] to Node[3501513]
	Node[2819143]
		adding Relationship[8257356] from Node[2819143] to Node[3501493]
	Node[2819997]
		adding Relationship[8257357] from Node[2819997] to Node[3501497]
	Node[3501489]
	Node[2820179]
		adding Relationship[8257358] from Node[2820179] to Node[3501490]
	Node[2820315]
		adding Relationship[8257359] from Node[2820315] to Node[3501494]
	Node[2817059]
	Node[3501496]
		adding Relationship[8257360] from Node[3501496] to Node[3501497]
	Node[3501497]
