pgloadind OTUs number 18
pgloadind Processing tree @id "1303"
pgloadind   tree info number nodes 32
pgloadind   tree info number edges 31
pgloadind   tree info ingroup "node437939"
pgloadind   Setting ingroup root node.
pgloadind   Ingested tree number of external nodes 16
pgloadind   property added ot:studyPublicationReference "Wagstaff S., & Wege J. 2002. Patterns of diversification in New Zealand Stylidiaceae. American Journal of Botany, 89(5): 865-874."
pgloadind   property added ot:studyPublication "http://dx.doi.org/10.3732/ajb.89.5.865"
pgloadind   property added ot:curatorName "bryan drew"
pgloadind   property added ot:dataDeposit "http://purl.org/phylo/treebase/phylows/study/TB2:S859"
pgloadind   property added ot:studyId "727"
pgloadind   property added ot:studyYear "2002"
pgloadind   property added ot:focalClade "94184"
pgloadind   property added ot:tag "ingroup added;"
pgloadind   property added ot:inGroupClade "node437939"
pgloadind Processing tree @id "1304"
pgloadind   tree info number nodes 35
pgloadind   tree info number edges 34
pgloadind   Ingested tree number of external nodes 18
pgloadind   property added ot:studyPublicationReference "Wagstaff S., & Wege J. 2002. Patterns of diversification in New Zealand Stylidiaceae. American Journal of Botany, 89(5): 865-874."
pgloadind   property added ot:studyPublication "http://dx.doi.org/10.3732/ajb.89.5.865"
pgloadind   property added ot:curatorName "bryan drew"
pgloadind   property added ot:dataDeposit "http://purl.org/phylo/treebase/phylows/study/TB2:S859"
pgloadind   property added ot:studyId "727"
pgloadind   property added ot:studyYear "2002"
pgloadind   property added ot:focalClade "94184"
pgloadind   property added ot:tag "ingroup added;"
pgloadind Processing tree @id "1305"
pgloadind   tree info number nodes 35
pgloadind   tree info number edges 34
pgloadind   tree info ingroup "node438006"
pgloadind   Setting ingroup root node.
pgloadind   Ingested tree number of external nodes 16
pgloadind   property added ot:studyPublicationReference "Wagstaff S., & Wege J. 2002. Patterns of diversification in New Zealand Stylidiaceae. American Journal of Botany, 89(5): 865-874."
pgloadind   property added ot:studyPublication "http://dx.doi.org/10.3732/ajb.89.5.865"
pgloadind   property added ot:curatorName "bryan drew"
pgloadind   property added ot:dataDeposit "http://purl.org/phylo/treebase/phylows/study/TB2:S859"
pgloadind   property added ot:studyId "727"
pgloadind   property added ot:studyYear "2002"
pgloadind   property added ot:focalClade "94184"
pgloadind   property added ot:tag "ingroup added;"
pgloadind   property added ot:inGroupClade "node438006"
loading a specific tree: 1305
skipping tree: 1303
skipping tree: 1304
pgloadind conducting TNRS on trees
pgloadind   name fixing on tree tree id "1305"
pgloadind   all nodes have ottIds
pgloadind     OTT ID reused in tree
pgloadind       duplicate name "Oreostylidium subulatum" nexsonid "node438019"
pgloadind       duplicate OTT ID 858739
pgloadind     pruning dups and overlapping name "Oreostylidium subulatum" nexsonid "node438019"
pgloadind   postpruning newick tree "((Stylidium_calcaratum,((Levenhookia_leptantha,Stylidium_emarginatum),(Stylidium_bulbiferum,(Stylidium_graminifolium,Oreostylidium_subulatum)))),(Forstera_bellidifolia,(Phyllachne_uliginosa,(Forstera_mackayi,((Forstera_sedifolia,(Forstera_bidwillii,Forstera_tenella)),(Phyllachne_rubra,(Phyllachne_clavigera,Phyllachne_colensoi)))))))"
pgloadind   taxon mapping summary
pgloadind     taxon mapping OTT ID 858735 taxonomy "Stylidium calcaratum->Stylidium->Stylidiaceae->Asterales->campanulids->asterids->Pentapetalae->Gunneridae->eudicotyledons->Mesangiospermae->Magnoliophyta->Spermatophyta->Euphyllophyta->Tracheophyta->Embryophyta->Streptophytina->Streptophyta->Chloroplastida->Archaeplastida->Eukaryota->cellular organisms->life" nexsonid "node438008"
pgloadind     taxon mapping OTT ID 284044 taxonomy "Levenhookia leptantha->Levenhookia->Stylidiaceae->Asterales->campanulids->asterids->Pentapetalae->Gunneridae->eudicotyledons->Mesangiospermae->Magnoliophyta->Spermatophyta->Euphyllophyta->Tracheophyta->Embryophyta->Streptophytina->Streptophyta->Chloroplastida->Archaeplastida->Eukaryota->cellular organisms->life" nexsonid "node438011"
pgloadind     taxon mapping OTT ID 284042 taxonomy "Stylidium emarginatum->Stylidium->Stylidiaceae->Asterales->campanulids->asterids->Pentapetalae->Gunneridae->eudicotyledons->Mesangiospermae->Magnoliophyta->Spermatophyta->Euphyllophyta->Tracheophyta->Embryophyta->Streptophytina->Streptophyta->Chloroplastida->Archaeplastida->Eukaryota->cellular organisms->life" nexsonid "node438012"
pgloadind     taxon mapping OTT ID 858737 taxonomy "Stylidium bulbiferum->Stylidium->Stylidiaceae->Asterales->campanulids->asterids->Pentapetalae->Gunneridae->eudicotyledons->Mesangiospermae->Magnoliophyta->Spermatophyta->Euphyllophyta->Tracheophyta->Embryophyta->Streptophytina->Streptophyta->Chloroplastida->Archaeplastida->Eukaryota->cellular organisms->life" nexsonid "node438014"
pgloadind     taxon mapping OTT ID 729879 taxonomy "Stylidium graminifolium->Stylidium->Stylidiaceae->Asterales->campanulids->asterids->Pentapetalae->Gunneridae->eudicotyledons->Mesangiospermae->Magnoliophyta->Spermatophyta->Euphyllophyta->Tracheophyta->Embryophyta->Streptophytina->Streptophyta->Chloroplastida->Archaeplastida->Eukaryota->cellular organisms->life" nexsonid "node438016"
pgloadind     taxon mapping OTT ID 858739 taxonomy "Oreostylidium subulatum->Oreostylidium->Stylidiaceae->Asterales->campanulids->asterids->Pentapetalae->Gunneridae->eudicotyledons->Mesangiospermae->Magnoliophyta->Spermatophyta->Euphyllophyta->Tracheophyta->Embryophyta->Streptophytina->Streptophyta->Chloroplastida->Archaeplastida->Eukaryota->cellular organisms->life" nexsonid "node438018"
pgloadind     taxon mapping OTT ID 858741 taxonomy "Forstera bellidifolia->Forstera->Stylidiaceae->Asterales->campanulids->asterids->Pentapetalae->Gunneridae->eudicotyledons->Mesangiospermae->Magnoliophyta->Spermatophyta->Euphyllophyta->Tracheophyta->Embryophyta->Streptophytina->Streptophyta->Chloroplastida->Archaeplastida->Eukaryota->cellular organisms->life" nexsonid "node438021"
pgloadind     taxon mapping OTT ID 128318 taxonomy "Phyllachne uliginosa->Phyllachne->Stylidiaceae->Asterales->campanulids->asterids->Pentapetalae->Gunneridae->eudicotyledons->Mesangiospermae->Magnoliophyta->Spermatophyta->Euphyllophyta->Tracheophyta->Embryophyta->Streptophytina->Streptophyta->Chloroplastida->Archaeplastida->Eukaryota->cellular organisms->life" nexsonid "node438023"
pgloadind     taxon mapping OTT ID 585946 taxonomy "Forstera mackayi->Forstera->Stylidiaceae->Asterales->campanulids->asterids->Pentapetalae->Gunneridae->eudicotyledons->Mesangiospermae->Magnoliophyta->Spermatophyta->Euphyllophyta->Tracheophyta->Embryophyta->Streptophytina->Streptophyta->Chloroplastida->Archaeplastida->Eukaryota->cellular organisms->life" nexsonid "node438025"
pgloadind     taxon mapping OTT ID 585945 taxonomy "Forstera sedifolia->Forstera->Stylidiaceae->Asterales->campanulids->asterids->Pentapetalae->Gunneridae->eudicotyledons->Mesangiospermae->Magnoliophyta->Spermatophyta->Euphyllophyta->Tracheophyta->Embryophyta->Streptophytina->Streptophyta->Chloroplastida->Archaeplastida->Eukaryota->cellular organisms->life" nexsonid "node438028"
pgloadind     taxon mapping OTT ID 858734 taxonomy "Forstera bidwillii->Forstera->Stylidiaceae->Asterales->campanulids->asterids->Pentapetalae->Gunneridae->eudicotyledons->Mesangiospermae->Magnoliophyta->Spermatophyta->Euphyllophyta->Tracheophyta->Embryophyta->Streptophytina->Streptophyta->Chloroplastida->Archaeplastida->Eukaryota->cellular organisms->life" nexsonid "node438030"
pgloadind     taxon mapping OTT ID 64989 taxonomy "Forstera tenella->Forstera->Stylidiaceae->Asterales->campanulids->asterids->Pentapetalae->Gunneridae->eudicotyledons->Mesangiospermae->Magnoliophyta->Spermatophyta->Euphyllophyta->Tracheophyta->Embryophyta->Streptophytina->Streptophyta->Chloroplastida->Archaeplastida->Eukaryota->cellular organisms->life" nexsonid "node438031"
pgloadind     taxon mapping OTT ID 64991 taxonomy "Phyllachne rubra->Phyllachne->Stylidiaceae->Asterales->campanulids->asterids->Pentapetalae->Gunneridae->eudicotyledons->Mesangiospermae->Magnoliophyta->Spermatophyta->Euphyllophyta->Tracheophyta->Embryophyta->Streptophytina->Streptophyta->Chloroplastida->Archaeplastida->Eukaryota->cellular organisms->life" nexsonid "node438033"
pgloadind     taxon mapping OTT ID 619934 taxonomy "Phyllachne clavigera->Phyllachne->Stylidiaceae->Asterales->campanulids->asterids->Pentapetalae->Gunneridae->eudicotyledons->Mesangiospermae->Magnoliophyta->Spermatophyta->Euphyllophyta->Tracheophyta->Embryophyta->Streptophytina->Streptophyta->Chloroplastida->Archaeplastida->Eukaryota->cellular organisms->life" nexsonid "node438035"
pgloadind     taxon mapping OTT ID 64990 taxonomy "Phyllachne colensoi->Phyllachne->Stylidiaceae->Asterales->campanulids->asterids->Pentapetalae->Gunneridae->eudicotyledons->Mesangiospermae->Magnoliophyta->Spermatophyta->Euphyllophyta->Tracheophyta->Embryophyta->Streptophytina->Streptophyta->Chloroplastida->Archaeplastida->Eukaryota->cellular organisms->life" nexsonid "node438036"
done fixing name
pgloadind Finished with attempts to fix names
pgloadind   Checking for uniqueness of OTT IDs tree id "1305"
pgloadind   Adding tree to graph tree id "1305"
all trees have all taxa: false
	using bipartition technique
attempting to remap tips to deepest exemplified taxa
	Oreostylidium subulatum was remapped to 'Oreostylidium' (id=2601022)
	Levenhookia leptantha was remapped to 'Levenhookia' (id=2601008)
this is the ROOT
placing root in index
Dealing with metadata property: id
Dealing with metadata property: ot:studyPublicationReference
Adding property 'ot:studyPublicationReference': Wagstaff S., & Wege J. 2002. Patterns of diversification in New Zealand Stylidiaceae. American Journal of Botany, 89(5): 865-874.
Dealing with metadata property: ot:studyYear
Adding property 'ot:studyYear': 2002
Dealing with metadata property: ot:inGroupClade
Adding property 'ot:inGroupClade': node438006
Dealing with metadata property: ot:tag
Adding property 'ot:tag': ingroup added;
Dealing with metadata property: ot:curatorName
Adding property 'ot:curatorName': bryan drew
Dealing with metadata property: ot:studyPublication
Adding property 'ot:studyPublication': http://dx.doi.org/10.3732/ajb.89.5.865
Dealing with metadata property: ot:focalClade
Adding property 'ot:focalClade': 94184
Dealing with metadata property: ot:studyId
Adding property 'ot:studyId': 727
Dealing with metadata property: ot:dataDeposit
Adding property 'ot:dataDeposit': http://purl.org/phylo/treebase/phylows/study/TB2:S859
Committing nodes: 29
{2600987}
2600992
2600994
2600998
2600999
2601004
2601005
2601006
2601007
2601017
2601018
2601019
2601020
2601021
2601008
	adding Node[2601008] Levenhookia 284046 as compatible with Node[2601008]
		adding Relationship[8257231]
2601022
[Node[3501489], Node[2601008]]
	Node[3501489]
	Node[2601008]
		adding Relationship[8257232] from Node[2601008] to Node[3501489]
