pgloadind OTUs number 102
pgloadind Processing tree @id "1788"
pgloadind   tree info number nodes 188
pgloadind   tree info number edges 187
pgloadind   tree info ingroup "node486501"
pgloadind   Setting ingroup root node.
pgloadind   Ingested tree number of external nodes 96
pgloadind   property added ot:studyPublicationReference "Valiejo-Roman, C. M. [et al. 2012], Terentieva, E. I., Pimenov, M. G., Kljuykov, E. V., Samigullin, T. H., & Tilney, P. M. 2012. Broad polyphyly in Pleurospermum s.l. (Umbelliferae-Apioideae) as inferred from nrDNA ITS and chloroplast sequences. Syst. Bot. 37: 573-581."
pgloadind   property added ot:curatorName "bryan drew"
pgloadind   property added ot:dataDeposit "http://purl.org/phylo/treebase/phylows/study/TB2:S12037"
pgloadind   property added ot:studyId "913"
pgloadind   property added ot:studyYear "2012"
pgloadind   property added ot:focalClade "2004889"
pgloadind   property added ot:focalCladeOTTTaxonName "Pleurospermum"
pgloadind   property added ot:branchLengthMode "ot:substitutionCount"
pgloadind   property added ot:inGroupClade "node486501"
pgloadind   property added ot:curatedType "Hym its22"
pgloadind Processing tree @id "1789"
pgloadind   tree info number nodes 105
pgloadind   tree info number edges 104
pgloadind   tree info ingroup "node486694"
pgloadind   Setting ingroup root node.
pgloadind   Ingested tree number of external nodes 49
pgloadind   property added ot:studyPublicationReference "Valiejo-Roman, C. M. [et al. 2012], Terentieva, E. I., Pimenov, M. G., Kljuykov, E. V., Samigullin, T. H., & Tilney, P. M. 2012. Broad polyphyly in Pleurospermum s.l. (Umbelliferae-Apioideae) as inferred from nrDNA ITS and chloroplast sequences. Syst. Bot. 37: 573-581."
pgloadind   property added ot:curatorName "bryan drew"
pgloadind   property added ot:dataDeposit "http://purl.org/phylo/treebase/phylows/study/TB2:S12037"
pgloadind   property added ot:studyId "913"
pgloadind   property added ot:studyYear "2012"
pgloadind   property added ot:focalClade "2004889"
pgloadind   property added ot:focalCladeOTTTaxonName "Pleurospermum"
pgloadind   property added ot:inGroupClade "node486694"
pgloadind   property added ot:curatedType "ita.con"
pgloadind Processing tree @id "1790"
pgloadind   tree info number nodes 88
pgloadind   tree info number edges 87
pgloadind   Ingested tree number of external nodes 55
pgloadind   property added ot:studyPublicationReference "Valiejo-Roman, C. M. [et al. 2012], Terentieva, E. I., Pimenov, M. G., Kljuykov, E. V., Samigullin, T. H., & Tilney, P. M. 2012. Broad polyphyly in Pleurospermum s.l. (Umbelliferae-Apioideae) as inferred from nrDNA ITS and chloroplast sequences. Syst. Bot. 37: 573-581."
pgloadind   property added ot:curatorName "bryan drew"
pgloadind   property added ot:dataDeposit "http://purl.org/phylo/treebase/phylows/study/TB2:S12037"
pgloadind   property added ot:studyId "913"
pgloadind   property added ot:studyYear "2012"
pgloadind   property added ot:focalClade "2004889"
pgloadind   property added ot:focalCladeOTTTaxonName "Pleurospermum"
pgloadind   property added ot:curatedType "psbA trnH.con"
pgloadind Processing tree @id "1791"
pgloadind   tree info number nodes 89
pgloadind   tree info number edges 88
pgloadind   tree info ingroup "node486881"
pgloadind   Setting ingroup root node.
pgloadind   Ingested tree number of external nodes 52
pgloadind   property added ot:studyPublicationReference "Valiejo-Roman, C. M. [et al. 2012], Terentieva, E. I., Pimenov, M. G., Kljuykov, E. V., Samigullin, T. H., & Tilney, P. M. 2012. Broad polyphyly in Pleurospermum s.l. (Umbelliferae-Apioideae) as inferred from nrDNA ITS and chloroplast sequences. Syst. Bot. 37: 573-581."
pgloadind   property added ot:curatorName "bryan drew"
pgloadind   property added ot:dataDeposit "http://purl.org/phylo/treebase/phylows/study/TB2:S12037"
pgloadind   property added ot:studyId "913"
pgloadind   property added ot:studyYear "2012"
pgloadind   property added ot:focalClade "2004889"
pgloadind   property added ot:focalCladeOTTTaxonName "Pleurospermum"
pgloadind   property added ot:inGroupClade "node486881"
pgloadind   property added ot:curatedType "trnL trnF.con"
pgloadind Processing tree @id "1792"
pgloadind   tree info number nodes 100
pgloadind   tree info number edges 99
pgloadind   tree info ingroup "node486973"
pgloadind   Setting ingroup root node.
pgloadind   Ingested tree number of external nodes 49
pgloadind   property added ot:studyPublicationReference "Valiejo-Roman, C. M. [et al. 2012], Terentieva, E. I., Pimenov, M. G., Kljuykov, E. V., Samigullin, T. H., & Tilney, P. M. 2012. Broad polyphyly in Pleurospermum s.l. (Umbelliferae-Apioideae) as inferred from nrDNA ITS and chloroplast sequences. Syst. Bot. 37: 573-581."
pgloadind   property added ot:curatorName "bryan drew"
pgloadind   property added ot:dataDeposit "http://purl.org/phylo/treebase/phylows/study/TB2:S12037"
pgloadind   property added ot:studyId "913"
pgloadind   property added ot:studyYear "2012"
pgloadind   property added ot:focalClade "2004889"
pgloadind   property added ot:focalCladeOTTTaxonName "Pleurospermum"
pgloadind   property added ot:inGroupClade "node486973"
pgloadind   property added ot:curatedType "its.con"
loading a specific tree: 1792
skipping tree: 1788
skipping tree: 1789
skipping tree: 1790
skipping tree: 1791
pgloadind conducting TNRS on trees
pgloadind   name fixing on tree tree id "1792"
pgloadind   all nodes have ottIds
pgloadind     OTT ID not in database (probably dubious)
pgloadind       dubious name "Pseudotrachydium dichotomum" nexsonid "node486983"
pgloadind       dubious OTT ID 118657
pgloadind     OTT ID not in database (probably dubious)
pgloadind       dubious name "Pseudotrachydium kotschyi" nexsonid "node486985"
pgloadind       dubious OTT ID 750071
pgloadind     OTT ID not in database (probably dubious)
pgloadind       dubious name "Pseudotrachydium vesiculosoalatum" nexsonid "node486986"
pgloadind       dubious OTT ID 172373
pgloadind     OTT ID not in database (probably dubious)
pgloadind       dubious name "Pterocyclus angelicoides" nexsonid "node487043"
pgloadind       dubious OTT ID 172376
pgloadind     OTT ID not in database (probably dubious)
pgloadind       dubious name "Pterocyclus forrestii" nexsonid "node487044"
pgloadind       dubious OTT ID 172380
pgloadind     OTT ID not in database (probably dubious)
pgloadind       dubious name "Pterocyclus rivulorum" nexsonid "node487050"
pgloadind       dubious OTT ID 450443
pgloadind     pruning dups and overlapping name "Pseudotrachydium dichotomum" nexsonid "node486983"
pgloadind     pruning dups and overlapping name "Pseudotrachydium vesiculosoalatum" nexsonid "node486986"
pgloadind     pruning dups and overlapping name "Pterocyclus forrestii" nexsonid "node487044"
pgloadind     pruning dups and overlapping name "Pterocyclus angelicoides" nexsonid "node487043"
pgloadind     pruning dups and overlapping name "Pterocyclus rivulorum" nexsonid "node487050"
pgloadind     pruning dups and overlapping name "Pseudotrachydium kotschyi" nexsonid "node486985"
pgloadind   postpruning newick tree "((((Aulacospermum_stylosum,(Aulacospermum_anomalum,Aulacospermum_popovii,Aulacospermum_simplex)),((Hymenidium_benthamii,(((Hymenidium_davidii,Hymenidium_decurrens),Pleurospermum_foetens),(Hymenidium_linearilobum,Hymenidium_wrightianum))),(Pleurospermum_austriacum,Pleurospermum_uralense)),Hymenidium_hedinii,((Hymenidium_huzhihaoi,Hymenidium_wilsonii),((Hymenidium_lindleyanum,Hymenidium_stellatum),Trachydium_roylei)),(Physospermopsis_delavayi,Physospermopsis_nana),Physospermopsis_muktinathensis),Physospermum_cornubiense),((((Hymenidium_brunonis,Hymenidium_apiolens),(Sinodielsia_thibetica,Trachydium_subnudum)),(((Hymenidium_chloroleucum,Hymenidium_heterosciadium),Hymenidium_hookeri),Ligusticum_delavayi)),(((Hymenidium_amabile,Hymenidium_nanum),(((Hymenidium_virgatum,Trachydium_variabile),(Trachydium_involucellatum,Sinolimprichtia_alpina)),(Trachydium_simplicifolium,Trachydium_souliei)),(Hymenolaena_badachschanica,Hymenolaena_candollei,Hymenolaena_pimpinellifolia),Keraymonia_cortiformis),Hymenidium_lhasanum)))"
pgloadind   taxon mapping summary
pgloadind     taxon mapping OTT ID 590392 taxonomy "Aulacospermum stylosum->Aulacospermum->Pleurospermeae->Apioideae->Apiaceae->Apiineae->Apiales->campanulids->asterids->Pentapetalae->Gunneridae->eudicotyledons->Mesangiospermae->Magnoliophyta->Spermatophyta->Euphyllophyta->Tracheophyta->Embryophyta->Streptophytina->Streptophyta->Chloroplastida->Archaeplastida->Eukaryota->cellular organisms->life" nexsonid "node486987"
pgloadind     taxon mapping OTT ID 956999 taxonomy "Aulacospermum anomalum->Aulacospermum->Pleurospermeae->Apioideae->Apiaceae->Apiineae->Apiales->campanulids->asterids->Pentapetalae->Gunneridae->eudicotyledons->Mesangiospermae->Magnoliophyta->Spermatophyta->Euphyllophyta->Tracheophyta->Embryophyta->Streptophytina->Streptophyta->Chloroplastida->Archaeplastida->Eukaryota->cellular organisms->life" nexsonid "node486979"
pgloadind     taxon mapping OTT ID 590394 taxonomy "Aulacospermum popovii->Aulacospermum->Pleurospermeae->Apioideae->Apiaceae->Apiineae->Apiales->campanulids->asterids->Pentapetalae->Gunneridae->eudicotyledons->Mesangiospermae->Magnoliophyta->Spermatophyta->Euphyllophyta->Tracheophyta->Embryophyta->Streptophytina->Streptophyta->Chloroplastida->Archaeplastida->Eukaryota->cellular organisms->life" nexsonid "node486980"
pgloadind     taxon mapping OTT ID 956997 taxonomy "Aulacospermum simplex->Aulacospermum->Pleurospermeae->Apioideae->Apiaceae->Apiineae->Apiales->campanulids->asterids->Pentapetalae->Gunneridae->eudicotyledons->Mesangiospermae->Magnoliophyta->Spermatophyta->Euphyllophyta->Tracheophyta->Embryophyta->Streptophytina->Streptophyta->Chloroplastida->Archaeplastida->Eukaryota->cellular organisms->life" nexsonid "node486981"
pgloadind     taxon mapping OTT ID 590404 taxonomy "Hymenidium benthamii->Hymenidium->Pleurospermeae->Apioideae->Apiaceae->Apiineae->Apiales->campanulids->asterids->Pentapetalae->Gunneridae->eudicotyledons->Mesangiospermae->Magnoliophyta->Spermatophyta->Euphyllophyta->Tracheophyta->Embryophyta->Streptophytina->Streptophyta->Chloroplastida->Archaeplastida->Eukaryota->cellular organisms->life" nexsonid "node486990"
pgloadind     taxon mapping OTT ID 590384 taxonomy "Hymenidium davidii->Hymenidium->Pleurospermeae->Apioideae->Apiaceae->Apiineae->Apiales->campanulids->asterids->Pentapetalae->Gunneridae->eudicotyledons->Mesangiospermae->Magnoliophyta->Spermatophyta->Euphyllophyta->Tracheophyta->Embryophyta->Streptophytina->Streptophyta->Chloroplastida->Archaeplastida->Eukaryota->cellular organisms->life" nexsonid "node486994"
pgloadind     taxon mapping OTT ID 70624 taxonomy "Hymenidium decurrens->Hymenidium->Pleurospermeae->Apioideae->Apiaceae->Apiineae->Apiales->campanulids->asterids->Pentapetalae->Gunneridae->eudicotyledons->Mesangiospermae->Magnoliophyta->Spermatophyta->Euphyllophyta->Tracheophyta->Embryophyta->Streptophytina->Streptophyta->Chloroplastida->Archaeplastida->Eukaryota->cellular organisms->life" nexsonid "node486995"
pgloadind     taxon mapping OTT ID 469437 taxonomy "Pleurospermum foetens->Pleurospermum->Pleurospermeae->Apioideae->Apiaceae->Apiineae->Apiales->campanulids->asterids->Pentapetalae->Gunneridae->eudicotyledons->Mesangiospermae->Magnoliophyta->Spermatophyta->Euphyllophyta->Tracheophyta->Embryophyta->Streptophytina->Streptophyta->Chloroplastida->Archaeplastida->Eukaryota->cellular organisms->life" nexsonid "node486996"
pgloadind     taxon mapping OTT ID 223033 taxonomy "Hymenidium linearilobum->Hymenidium->Pleurospermeae->Apioideae->Apiaceae->Apiineae->Apiales->campanulids->asterids->Pentapetalae->Gunneridae->eudicotyledons->Mesangiospermae->Magnoliophyta->Spermatophyta->Euphyllophyta->Tracheophyta->Embryophyta->Streptophytina->Streptophyta->Chloroplastida->Archaeplastida->Eukaryota->cellular organisms->life" nexsonid "node486998"
pgloadind     taxon mapping OTT ID 62945 taxonomy "Hymenidium wrightianum->Hymenidium->Pleurospermeae->Apioideae->Apiaceae->Apiineae->Apiales->campanulids->asterids->Pentapetalae->Gunneridae->eudicotyledons->Mesangiospermae->Magnoliophyta->Spermatophyta->Euphyllophyta->Tracheophyta->Embryophyta->Streptophytina->Streptophyta->Chloroplastida->Archaeplastida->Eukaryota->cellular organisms->life" nexsonid "node486999"
pgloadind     taxon mapping OTT ID 172371 taxonomy "Pleurospermum austriacum->Pleurospermum->Pleurospermeae->Apioideae->Apiaceae->Apiineae->Apiales->campanulids->asterids->Pentapetalae->Gunneridae->eudicotyledons->Mesangiospermae->Magnoliophyta->Spermatophyta->Euphyllophyta->Tracheophyta->Embryophyta->Streptophytina->Streptophyta->Chloroplastida->Archaeplastida->Eukaryota->cellular organisms->life" nexsonid "node487001"
pgloadind     taxon mapping OTT ID 826294 taxonomy "Pleurospermum uralense->Pleurospermum->Pleurospermeae->Apioideae->Apiaceae->Apiineae->Apiales->campanulids->asterids->Pentapetalae->Gunneridae->eudicotyledons->Mesangiospermae->Magnoliophyta->Spermatophyta->Euphyllophyta->Tracheophyta->Embryophyta->Streptophytina->Streptophyta->Chloroplastida->Archaeplastida->Eukaryota->cellular organisms->life" nexsonid "node487002"
pgloadind     taxon mapping OTT ID 223041 taxonomy "Hymenidium hedinii->Hymenidium->Pleurospermeae->Apioideae->Apiaceae->Apiineae->Apiales->campanulids->asterids->Pentapetalae->Gunneridae->eudicotyledons->Mesangiospermae->Magnoliophyta->Spermatophyta->Euphyllophyta->Tracheophyta->Embryophyta->Streptophytina->Streptophyta->Chloroplastida->Archaeplastida->Eukaryota->cellular organisms->life" nexsonid "node487003"
pgloadind     taxon mapping OTT ID 223037 taxonomy "Hymenidium huzhihaoi->Hymenidium->Pleurospermeae->Apioideae->Apiaceae->Apiineae->Apiales->campanulids->asterids->Pentapetalae->Gunneridae->eudicotyledons->Mesangiospermae->Magnoliophyta->Spermatophyta->Euphyllophyta->Tracheophyta->Embryophyta->Streptophytina->Streptophyta->Chloroplastida->Archaeplastida->Eukaryota->cellular organisms->life" nexsonid "node487006"
pgloadind     taxon mapping OTT ID 62941 taxonomy "Hymenidium wilsonii->Hymenidium->Pleurospermeae->Apioideae->Apiaceae->Apiineae->Apiales->campanulids->asterids->Pentapetalae->Gunneridae->eudicotyledons->Mesangiospermae->Magnoliophyta->Spermatophyta->Euphyllophyta->Tracheophyta->Embryophyta->Streptophytina->Streptophyta->Chloroplastida->Archaeplastida->Eukaryota->cellular organisms->life" nexsonid "node487007"
pgloadind     taxon mapping OTT ID 223029 taxonomy "Hymenidium lindleyanum->Hymenidium->Pleurospermeae->Apioideae->Apiaceae->Apiineae->Apiales->campanulids->asterids->Pentapetalae->Gunneridae->eudicotyledons->Mesangiospermae->Magnoliophyta->Spermatophyta->Euphyllophyta->Tracheophyta->Embryophyta->Streptophytina->Streptophyta->Chloroplastida->Archaeplastida->Eukaryota->cellular organisms->life" nexsonid "node487010"
pgloadind     taxon mapping OTT ID 223019 taxonomy "Hymenidium stellatum->Hymenidium->Pleurospermeae->Apioideae->Apiaceae->Apiineae->Apiales->campanulids->asterids->Pentapetalae->Gunneridae->eudicotyledons->Mesangiospermae->Magnoliophyta->Spermatophyta->Euphyllophyta->Tracheophyta->Embryophyta->Streptophytina->Streptophyta->Chloroplastida->Archaeplastida->Eukaryota->cellular organisms->life" nexsonid "node487011"
pgloadind     taxon mapping OTT ID 172395 taxonomy "Trachydium roylei->Trachydium->Physospermopsis clade->Apioideae->Apiaceae->Apiineae->Apiales->campanulids->asterids->Pentapetalae->Gunneridae->eudicotyledons->Mesangiospermae->Magnoliophyta->Spermatophyta->Euphyllophyta->Tracheophyta->Embryophyta->Streptophytina->Streptophyta->Chloroplastida->Archaeplastida->Eukaryota->cellular organisms->life" nexsonid "node487012"
pgloadind     taxon mapping OTT ID 746618 taxonomy "Physospermopsis delavayi->Physospermopsis->Physospermopsis clade->Apioideae->Apiaceae->Apiineae->Apiales->campanulids->asterids->Pentapetalae->Gunneridae->eudicotyledons->Mesangiospermae->Magnoliophyta->Spermatophyta->Euphyllophyta->Tracheophyta->Embryophyta->Streptophytina->Streptophyta->Chloroplastida->Archaeplastida->Eukaryota->cellular organisms->life" nexsonid "node487014"
pgloadind     taxon mapping OTT ID 746607 taxonomy "Physospermopsis nana->Physospermopsis->Physospermopsis clade->Apioideae->Apiaceae->Apiineae->Apiales->campanulids->asterids->Pentapetalae->Gunneridae->eudicotyledons->Mesangiospermae->Magnoliophyta->Spermatophyta->Euphyllophyta->Tracheophyta->Embryophyta->Streptophytina->Streptophyta->Chloroplastida->Archaeplastida->Eukaryota->cellular organisms->life" nexsonid "node487015"
pgloadind     taxon mapping OTT ID 746612 taxonomy "Physospermopsis muktinathensis->Physospermopsis->Physospermopsis clade->Apioideae->Apiaceae->Apiineae->Apiales->campanulids->asterids->Pentapetalae->Gunneridae->eudicotyledons->Mesangiospermae->Magnoliophyta->Spermatophyta->Euphyllophyta->Tracheophyta->Embryophyta->Streptophytina->Streptophyta->Chloroplastida->Archaeplastida->Eukaryota->cellular organisms->life" nexsonid "node487016"
pgloadind     taxon mapping OTT ID 795191 taxonomy "Physospermum cornubiense->Physospermum->Pleurospermeae->Apioideae->Apiaceae->Apiineae->Apiales->campanulids->asterids->Pentapetalae->Gunneridae->eudicotyledons->Mesangiospermae->Magnoliophyta->Spermatophyta->Euphyllophyta->Tracheophyta->Embryophyta->Streptophytina->Streptophyta->Chloroplastida->Archaeplastida->Eukaryota->cellular organisms->life" nexsonid "node487017"
pgloadind     taxon mapping OTT ID 590398 taxonomy "Hymenidium brunonis->Hymenidium->Pleurospermeae->Apioideae->Apiaceae->Apiineae->Apiales->campanulids->asterids->Pentapetalae->Gunneridae->eudicotyledons->Mesangiospermae->Magnoliophyta->Spermatophyta->Euphyllophyta->Tracheophyta->Embryophyta->Streptophytina->Streptophyta->Chloroplastida->Archaeplastida->Eukaryota->cellular organisms->life" nexsonid "node487051"
pgloadind     taxon mapping OTT ID 590408 taxonomy "Hymenidium apiolens->Hymenidium->Pleurospermeae->Apioideae->Apiaceae->Apiineae->Apiales->campanulids->asterids->Pentapetalae->Gunneridae->eudicotyledons->Mesangiospermae->Magnoliophyta->Spermatophyta->Euphyllophyta->Tracheophyta->Embryophyta->Streptophytina->Streptophyta->Chloroplastida->Archaeplastida->Eukaryota->cellular organisms->life" nexsonid "node487049"
pgloadind     taxon mapping OTT ID 172388 taxonomy "Sinodielsia thibetica->Sinodielsia->Sinodielsia clade->Apioideae->Apiaceae->Apiineae->Apiales->campanulids->asterids->Pentapetalae->Gunneridae->eudicotyledons->Mesangiospermae->Magnoliophyta->Spermatophyta->Euphyllophyta->Tracheophyta->Embryophyta->Streptophytina->Streptophyta->Chloroplastida->Archaeplastida->Eukaryota->cellular organisms->life" nexsonid "node487053"
pgloadind     taxon mapping OTT ID 172367 taxonomy "Trachydium subnudum->Trachydium->Physospermopsis clade->Apioideae->Apiaceae->Apiineae->Apiales->campanulids->asterids->Pentapetalae->Gunneridae->eudicotyledons->Mesangiospermae->Magnoliophyta->Spermatophyta->Euphyllophyta->Tracheophyta->Embryophyta->Streptophytina->Streptophyta->Chloroplastida->Archaeplastida->Eukaryota->cellular organisms->life" nexsonid "node487054"
pgloadind     taxon mapping OTT ID 590386 taxonomy "Hymenidium chloroleucum->Hymenidium->Pleurospermeae->Apioideae->Apiaceae->Apiineae->Apiales->campanulids->asterids->Pentapetalae->Gunneridae->eudicotyledons->Mesangiospermae->Magnoliophyta->Spermatophyta->Euphyllophyta->Tracheophyta->Embryophyta->Streptophytina->Streptophyta->Chloroplastida->Archaeplastida->Eukaryota->cellular organisms->life" nexsonid "node487058"
pgloadind     taxon mapping OTT ID 223045 taxonomy "Hymenidium heterosciadium->Hymenidium->Pleurospermeae->Apioideae->Apiaceae->Apiineae->Apiales->campanulids->asterids->Pentapetalae->Gunneridae->eudicotyledons->Mesangiospermae->Magnoliophyta->Spermatophyta->Euphyllophyta->Tracheophyta->Embryophyta->Streptophytina->Streptophyta->Chloroplastida->Archaeplastida->Eukaryota->cellular organisms->life" nexsonid "node487059"
pgloadind     taxon mapping OTT ID 70628 taxonomy "Hymenidium hookeri->Hymenidium->Pleurospermeae->Apioideae->Apiaceae->Apiineae->Apiales->campanulids->asterids->Pentapetalae->Gunneridae->eudicotyledons->Mesangiospermae->Magnoliophyta->Spermatophyta->Euphyllophyta->Tracheophyta->Embryophyta->Streptophytina->Streptophyta->Chloroplastida->Archaeplastida->Eukaryota->cellular organisms->life" nexsonid "node487060"
pgloadind     taxon mapping OTT ID 417173 taxonomy "Ligusticum delavayi->Ligusticum->Selineae->apioid superclade->Apioideae->Apiaceae->Apiineae->Apiales->campanulids->asterids->Pentapetalae->Gunneridae->eudicotyledons->Mesangiospermae->Magnoliophyta->Spermatophyta->Euphyllophyta->Tracheophyta->Embryophyta->Streptophytina->Streptophyta->Chloroplastida->Archaeplastida->Eukaryota->cellular organisms->life" nexsonid "node487061"
pgloadind     taxon mapping OTT ID 590388 taxonomy "Hymenidium amabile->Hymenidium->Pleurospermeae->Apioideae->Apiaceae->Apiineae->Apiales->campanulids->asterids->Pentapetalae->Gunneridae->eudicotyledons->Mesangiospermae->Magnoliophyta->Spermatophyta->Euphyllophyta->Tracheophyta->Embryophyta->Streptophytina->Streptophyta->Chloroplastida->Archaeplastida->Eukaryota->cellular organisms->life" nexsonid "node487023"
pgloadind     taxon mapping OTT ID 223025 taxonomy "Hymenidium nanum->Hymenidium->Pleurospermeae->Apioideae->Apiaceae->Apiineae->Apiales->campanulids->asterids->Pentapetalae->Gunneridae->eudicotyledons->Mesangiospermae->Magnoliophyta->Spermatophyta->Euphyllophyta->Tracheophyta->Embryophyta->Streptophytina->Streptophyta->Chloroplastida->Archaeplastida->Eukaryota->cellular organisms->life" nexsonid "node487024"
pgloadind     taxon mapping OTT ID 223021 taxonomy "Hymenidium virgatum->Hymenidium->Pleurospermeae->Apioideae->Apiaceae->Apiineae->Apiales->campanulids->asterids->Pentapetalae->Gunneridae->eudicotyledons->Mesangiospermae->Magnoliophyta->Spermatophyta->Euphyllophyta->Tracheophyta->Embryophyta->Streptophytina->Streptophyta->Chloroplastida->Archaeplastida->Eukaryota->cellular organisms->life" nexsonid "node487028"
pgloadind     taxon mapping OTT ID 996498 taxonomy "Trachydium variabile->Trachydium->Physospermopsis clade->Apioideae->Apiaceae->Apiineae->Apiales->campanulids->asterids->Pentapetalae->Gunneridae->eudicotyledons->Mesangiospermae->Magnoliophyta->Spermatophyta->Euphyllophyta->Tracheophyta->Embryophyta->Streptophytina->Streptophyta->Chloroplastida->Archaeplastida->Eukaryota->cellular organisms->life" nexsonid "node487029"
pgloadind     taxon mapping OTT ID 172393 taxonomy "Trachydium involucellatum->Trachydium->Physospermopsis clade->Apioideae->Apiaceae->Apiineae->Apiales->campanulids->asterids->Pentapetalae->Gunneridae->eudicotyledons->Mesangiospermae->Magnoliophyta->Spermatophyta->Euphyllophyta->Tracheophyta->Embryophyta->Streptophytina->Streptophyta->Chloroplastida->Archaeplastida->Eukaryota->cellular organisms->life" nexsonid "node487031"
pgloadind     taxon mapping OTT ID 508625 taxonomy "Sinolimprichtia alpina->Sinolimprichtia->Physospermopsis clade->Apioideae->Apiaceae->Apiineae->Apiales->campanulids->asterids->Pentapetalae->Gunneridae->eudicotyledons->Mesangiospermae->Magnoliophyta->Spermatophyta->Euphyllophyta->Tracheophyta->Embryophyta->Streptophytina->Streptophyta->Chloroplastida->Archaeplastida->Eukaryota->cellular organisms->life" nexsonid "node487032"
pgloadind     taxon mapping OTT ID 1026784 taxonomy "Trachydium simplicifolium->Trachydium->Physospermopsis clade->Apioideae->Apiaceae->Apiineae->Apiales->campanulids->asterids->Pentapetalae->Gunneridae->eudicotyledons->Mesangiospermae->Magnoliophyta->Spermatophyta->Euphyllophyta->Tracheophyta->Embryophyta->Streptophytina->Streptophyta->Chloroplastida->Archaeplastida->Eukaryota->cellular organisms->life" nexsonid "node487034"
pgloadind     taxon mapping OTT ID 172365 taxonomy "Trachydium souliei->Trachydium->Physospermopsis clade->Apioideae->Apiaceae->Apiineae->Apiales->campanulids->asterids->Pentapetalae->Gunneridae->eudicotyledons->Mesangiospermae->Magnoliophyta->Spermatophyta->Euphyllophyta->Tracheophyta->Embryophyta->Streptophytina->Streptophyta->Chloroplastida->Archaeplastida->Eukaryota->cellular organisms->life" nexsonid "node487035"
pgloadind     taxon mapping OTT ID 746633 taxonomy "Hymenolaena badachschanica->Hymenolaena->Pleurospermeae->Apioideae->Apiaceae->Apiineae->Apiales->campanulids->asterids->Pentapetalae->Gunneridae->eudicotyledons->Mesangiospermae->Magnoliophyta->Spermatophyta->Euphyllophyta->Tracheophyta->Embryophyta->Streptophytina->Streptophyta->Chloroplastida->Archaeplastida->Eukaryota->cellular organisms->life" nexsonid "node487037"
pgloadind     taxon mapping OTT ID 746629 taxonomy "Hymenolaena candollei->Hymenolaena->Pleurospermeae->Apioideae->Apiaceae->Apiineae->Apiales->campanulids->asterids->Pentapetalae->Gunneridae->eudicotyledons->Mesangiospermae->Magnoliophyta->Spermatophyta->Euphyllophyta->Tracheophyta->Embryophyta->Streptophytina->Streptophyta->Chloroplastida->Archaeplastida->Eukaryota->cellular organisms->life" nexsonid "node487038"
pgloadind     taxon mapping OTT ID 746616 taxonomy "Hymenolaena pimpinellifolia->Hymenolaena->Pleurospermeae->Apioideae->Apiaceae->Apiineae->Apiales->campanulids->asterids->Pentapetalae->Gunneridae->eudicotyledons->Mesangiospermae->Magnoliophyta->Spermatophyta->Euphyllophyta->Tracheophyta->Embryophyta->Streptophytina->Streptophyta->Chloroplastida->Archaeplastida->Eukaryota->cellular organisms->life" nexsonid "node487039"
pgloadind     taxon mapping OTT ID 746624 taxonomy "Keraymonia cortiformis->Keraymonia->Pleurospermeae->Apioideae->Apiaceae->Apiineae->Apiales->campanulids->asterids->Pentapetalae->Gunneridae->eudicotyledons->Mesangiospermae->Magnoliophyta->Spermatophyta->Euphyllophyta->Tracheophyta->Embryophyta->Streptophytina->Streptophyta->Chloroplastida->Archaeplastida->Eukaryota->cellular organisms->life" nexsonid "node487040"
pgloadind     taxon mapping OTT ID 223039 taxonomy "Hymenidium lhasanum->Hymenidium->Pleurospermeae->Apioideae->Apiaceae->Apiineae->Apiales->campanulids->asterids->Pentapetalae->Gunneridae->eudicotyledons->Mesangiospermae->Magnoliophyta->Spermatophyta->Euphyllophyta->Tracheophyta->Embryophyta->Streptophytina->Streptophyta->Chloroplastida->Archaeplastida->Eukaryota->cellular organisms->life" nexsonid "node487041"
done fixing name
pgloadind Finished with attempts to fix names
pgloadind   Checking for uniqueness of OTT IDs tree id "1792"
pgloadind   Adding tree to graph tree id "1792"
all trees have all taxa: false
	using bipartition technique
attempting to remap tips to deepest exemplified taxa
	Sinolimprichtia alpina was remapped to 'Sinolimprichtia' (id=2555535)
	Keraymonia cortiformis was remapped to 'Keraymonia' (id=2546795)
	Ligusticum delavayi was remapped to 'apioid superclade' (id=2549446)
	Sinodielsia thibetica was remapped to 'Sinodielsia clade' (id=2555627)
	Physospermum cornubiense was remapped to 'Physospermum' (id=2546810)
this is the ROOT
placing root in index
Dealing with metadata property: id
Dealing with metadata property: ot:studyPublicationReference
Adding property 'ot:studyPublicationReference': Valiejo-Roman, C. M. [et al. 2012], Terentieva, E. I., Pimenov, M. G., Kljuykov, E. V., Samigullin, T. H., & Tilney, P. M. 2012. Broad polyphyly in Pleurospermum s.l. (Umbelliferae-Apioideae) as inferred from nrDNA ITS and chloroplast sequences. Syst. Bot. 37: 573-581.
Dealing with metadata property: ot:focalCladeOTTTaxonName
Adding property 'ot:focalCladeOTTTaxonName': Pleurospermum
Dealing with metadata property: ot:studyYear
Adding property 'ot:studyYear': 2012
Dealing with metadata property: ot:inGroupClade
Adding property 'ot:inGroupClade': node486973
Dealing with metadata property: ot:curatorName
Adding property 'ot:curatorName': bryan drew
Dealing with metadata property: ot:focalClade
Adding property 'ot:focalClade': 2004889
Dealing with metadata property: ot:curatedType
Adding property 'ot:curatedType': its.con
Dealing with metadata property: ot:studyId
Adding property 'ot:studyId': 913
Dealing with metadata property: ot:dataDeposit
Adding property 'ot:dataDeposit': http://purl.org/phylo/treebase/phylows/study/TB2:S12037
Committing nodes: 77
{2546569}
2546677
2546682
2546691
2546695
2546721
2546729
2546732
2546734
2546742
2546749
2546751
2546755
2546757
2546761
2546762
2546763
2546766
2546770
2546776
2546777
2546779
2546785
2546788
2546802
2546803
2546808
2546834
2546847
2546850
2555479
2555484
2555485
2555539
2555543
2555548
2555549
2555558
2555559
2546795
	adding Node[2546795] Keraymonia 746614 as compatible with Node[2546795]
		adding Relationship[8257343]
2546810
	adding Node[2546810] Physospermum 795198 as compatible with Node[2546810]
		adding Relationship[8257344]
2549446
	adding Node[2549446] apioid superclade 298525 as compatible with Node[2549446]
		adding Relationship[8257345]
2555535
2555627
	adding Node[2555627] Sinodielsia clade 823082 as compatible with Node[2555627]
		adding Relationship[8257346]
[Node[3501505], Node[3501509], Node[2555627], Node[2546810], Node[2546795], Node[2549446], Node[3501503], Node[3501517]]
	Node[3501505]
	Node[3501509]
	Node[2555627]
		adding Relationship[8257347] from Node[2555627] to Node[3501505]
	Node[2546810]
		adding Relationship[8257348] from Node[2546810] to Node[3501503]
	Node[2546795]
		adding Relationship[8257349] from Node[2546795] to Node[3501517]
	Node[2549446]
		adding Relationship[8257350] from Node[2549446] to Node[3501509]
	Node[3501503]
	Node[3501517]
