pgloadind OTUs number 62
pgloadind Processing tree @id "1294"
pgloadind   tree info number nodes 60
pgloadind   tree info number edges 59
pgloadind   Ingested tree number of external nodes 38
pgloadind   property added ot:studyPublicationReference "Tippery N., & Les D. 2011. Phylogenetic relationships and morphological evolution in Nymphoides (Menyanthaceae). Systematic Botany, 36: 1101-1113."
pgloadind   property added ot:studyPublication "http://dx.doi.org/10.1600/036364411X605092"
pgloadind   property added ot:curatorName "bryan drew"
pgloadind   property added ot:dataDeposit "http://purl.org/phylo/treebase/phylows/study/TB2:S11079"
pgloadind   property added ot:studyId "719"
pgloadind   property added ot:studyYear "2011"
pgloadind   property added ot:focalClade "694622"
pgloadind   property added ot:focalCladeOTTTaxonName "Menyanthaceae"
pgloadind   property added ot:curatedType "matK cons"
pgloadind Processing tree @id "1295"
pgloadind   tree info number nodes 73
pgloadind   tree info number edges 72
pgloadind   Ingested tree number of external nodes 38
pgloadind   property added ot:studyPublicationReference "Tippery N., & Les D. 2011. Phylogenetic relationships and morphological evolution in Nymphoides (Menyanthaceae). Systematic Botany, 36: 1101-1113."
pgloadind   property added ot:studyPublication "http://dx.doi.org/10.1600/036364411X605092"
pgloadind   property added ot:curatorName "bryan drew"
pgloadind   property added ot:dataDeposit "http://purl.org/phylo/treebase/phylows/study/TB2:S11079"
pgloadind   property added ot:studyId "719"
pgloadind   property added ot:studyYear "2011"
pgloadind   property added ot:focalClade "694622"
pgloadind   property added ot:focalCladeOTTTaxonName "Menyanthaceae"
pgloadind   property added ot:curatedType "ITS cons"
pgloadind Processing tree @id "1296"
pgloadind   tree info number nodes 67
pgloadind   tree info number edges 66
pgloadind   tree info ingroup "node436840"
pgloadind   Setting ingroup root node.
pgloadind   Ingested tree number of external nodes 48
pgloadind   property added ot:studyPublicationReference "Tippery N., & Les D. 2011. Phylogenetic relationships and morphological evolution in Nymphoides (Menyanthaceae). Systematic Botany, 36: 1101-1113."
pgloadind   property added ot:studyPublication "http://dx.doi.org/10.1600/036364411X605092"
pgloadind   property added ot:curatorName "bryan drew"
pgloadind   property added ot:dataDeposit "http://purl.org/phylo/treebase/phylows/study/TB2:S11079"
pgloadind   property added ot:studyId "719"
pgloadind   property added ot:studyYear "2011"
pgloadind   property added ot:focalClade "694622"
pgloadind   property added ot:focalCladeOTTTaxonName "Menyanthaceae"
pgloadind   property added ot:inGroupClade "node436840"
pgloadind   property added ot:curatedType "Strict"
loading a specific tree: 1296
skipping tree: 1294
skipping tree: 1295
pgloadind conducting TNRS on trees
pgloadind   name fixing on tree tree id "1296"
pgloadind     OTT ID missing name "Nymphoides sivarajanii" nexsonid "node436853"
pgloadind     OTT ID missing name "Nymphoides bosseri" nexsonid "node436854"
pgloadind     OTT ID missing name "Nymphoides elegans" nexsonid "node436856"
pgloadind     OTT ID missing name "Nymphoides forbesiana" nexsonid "node436861"
pgloadind     OTT ID missing name "Nymphoides humilis" nexsonid "node436864"
pgloadind     OTT ID missing name "Nymphoides krishnakesara" nexsonid "node436868"
pgloadind     OTT ID missing name "Nymphoides macrosperma" nexsonid "node436869"
pgloadind     OTT ID missing name "Nymphoides indica subsp. occidentalis" nexsonid "node436871"
pgloadind     OTT ID missing name "Nymphoides tenuissima" nexsonid "node436874"
pgloadind     OTT ID missing name "Nymphoides milnei" nexsonid "node436875"
pgloadind     OTT ID missing name "Nymphoides moratiana" nexsonid "node436876"
pgloadind     OTT ID missing name "Nymphoides siamensis" nexsonid "node436878"
pgloadind     OTT ID missing name "Nymphoides grayana" nexsonid "node436879"
pgloadind     OTT ID missing name "Nymphoides tonkinensis" nexsonid "node436901"
pgloadind     OTT ID missing name "Nymphoides herzogii" nexsonid "node436904"
pgloadind   TNRS unmatched total number 11
pgloadind     pruning unmapped name "Nymphoides tenuissima" nexsonid "node436874"
pgloadind     pruning unmapped name "Nymphoides milnei" nexsonid "node436875"
pgloadind     pruning unmapped name "Nymphoides grayana" nexsonid "node436879"
pgloadind     pruning unmapped name "Nymphoides siamensis" nexsonid "node436878"
pgloadind     pruning unmapped name "Nymphoides forbesiana" nexsonid "node436861"
pgloadind     pruning unmapped name "Nymphoides indica subsp. occidentalis" nexsonid "node436871"
pgloadind     pruning unmapped name "Nymphoides tonkinensis" nexsonid "node436901"
pgloadind     pruning unmapped name "Nymphoides elegans" nexsonid "node436856"
pgloadind     pruning unmapped name "Nymphoides sivarajanii" nexsonid "node436853"
pgloadind     pruning unmapped name "Nymphoides herzogii" nexsonid "node436904"
pgloadind     pruning unmapped name "Nymphoides macrosperma" nexsonid "node436869"
pgloadind     pruning unmapped name "Nymphoides humilis" nexsonid "node436864"
pgloadind     pruning unmapped name "Nymphoides moratiana" nexsonid "node436876"
pgloadind     pruning unmapped name "Nymphoides bosseri" nexsonid "node436854"
pgloadind     pruning unmapped name "Nymphoides krishnakesara" nexsonid "node436868"
pgloadind   postpruning newick tree "(Nymphoides_crenata,(((Nymphoides_aurantiaca,Nymphoides_beaglensis,Nymphoides_cambodiana,Nymphoides_disperma,(Nymphoides_elliptica,(((Nymphoides_furculifolia,Nymphoides_minima),Nymphoides_simulans),(Nymphoides_planosperma,Nymphoides_spongiosa)),Nymphoides_quadriloba,Nymphoides_triangularis),Nymphoides_exiliflora,Nymphoides_geminata,Nymphoides_subacuta),((((Nymphoides_aquatica,Nymphoides_cordata),Nymphoides_cristata),Nymphoides_parvifolia),Nymphoides_brevipedicellata,Nymphoides_ezannoi,(Nymphoides_fallax,Nymphoides_thunbergiana),Nymphoides_guineensis,Nymphoides_humboldtiana,Nymphoides_indica,Nymphoides_rautanenii,Nymphoides_coreana,Nymphoides_hydrophylla)),Nymphoides_montana),Nymphoides_spinulosperma,Nymphoides_peltata)"
pgloadind   taxon mapping summary
pgloadind     taxon mapping OTT ID 380459 taxonomy "Nymphoides crenata->Nymphoides->Menyanthaceae->Asterales->campanulids->asterids->Pentapetalae->Gunneridae->eudicotyledons->Mesangiospermae->Magnoliophyta->Spermatophyta->Euphyllophyta->Tracheophyta->Embryophyta->Streptophyta->Chloroplastida->Archaeplastida->Eukaryota->cellular organisms->life" nexsonid "node436841"
pgloadind     taxon mapping OTT ID 726358 taxonomy "Nymphoides aurantiaca->Nymphoides->Menyanthaceae->Asterales->campanulids->asterids->Pentapetalae->Gunneridae->eudicotyledons->Mesangiospermae->Magnoliophyta->Spermatophyta->Euphyllophyta->Tracheophyta->Embryophyta->Streptophyta->Chloroplastida->Archaeplastida->Eukaryota->cellular organisms->life" nexsonid "node436881"
pgloadind     taxon mapping OTT ID 95470 taxonomy "Nymphoides beaglensis->Nymphoides->Menyanthaceae->Asterales->campanulids->asterids->Pentapetalae->Gunneridae->eudicotyledons->Mesangiospermae->Magnoliophyta->Spermatophyta->Euphyllophyta->Tracheophyta->Embryophyta->Streptophyta->Chloroplastida->Archaeplastida->Eukaryota->cellular organisms->life" nexsonid "node436882"
pgloadind     taxon mapping OTT ID 3900059 taxonomy "Nymphoides cambodiana->Nymphoides->Menyanthaceae->Asterales->campanulids->asterids->Pentapetalae->Gunneridae->eudicotyledons->Mesangiospermae->Magnoliophyta->Spermatophyta->Euphyllophyta->Tracheophyta->Embryophyta->Streptophyta->Chloroplastida->Archaeplastida->Eukaryota->cellular organisms->life" nexsonid "node436883"
pgloadind     taxon mapping OTT ID 987186 taxonomy "Nymphoides disperma->Nymphoides->Menyanthaceae->Asterales->campanulids->asterids->Pentapetalae->Gunneridae->eudicotyledons->Mesangiospermae->Magnoliophyta->Spermatophyta->Euphyllophyta->Tracheophyta->Embryophyta->Streptophyta->Chloroplastida->Archaeplastida->Eukaryota->cellular organisms->life" nexsonid "node436884"
pgloadind     taxon mapping OTT ID 843034 taxonomy "Nymphoides elliptica->Nymphoides->Menyanthaceae->Asterales->campanulids->asterids->Pentapetalae->Gunneridae->eudicotyledons->Mesangiospermae->Magnoliophyta->Spermatophyta->Euphyllophyta->Tracheophyta->Embryophyta->Streptophyta->Chloroplastida->Archaeplastida->Eukaryota->cellular organisms->life" nexsonid "node436886"
pgloadind     taxon mapping OTT ID 669778 taxonomy "Nymphoides furculifolia->Nymphoides->Menyanthaceae->Asterales->campanulids->asterids->Pentapetalae->Gunneridae->eudicotyledons->Mesangiospermae->Magnoliophyta->Spermatophyta->Euphyllophyta->Tracheophyta->Embryophyta->Streptophyta->Chloroplastida->Archaeplastida->Eukaryota->cellular organisms->life" nexsonid "node436890"
pgloadind     taxon mapping OTT ID 726355 taxonomy "Nymphoides minima->Nymphoides->Menyanthaceae->Asterales->campanulids->asterids->Pentapetalae->Gunneridae->eudicotyledons->Mesangiospermae->Magnoliophyta->Spermatophyta->Euphyllophyta->Tracheophyta->Embryophyta->Streptophyta->Chloroplastida->Archaeplastida->Eukaryota->cellular organisms->life" nexsonid "node436891"
pgloadind     taxon mapping OTT ID 669768 taxonomy "Nymphoides simulans->Nymphoides->Menyanthaceae->Asterales->campanulids->asterids->Pentapetalae->Gunneridae->eudicotyledons->Mesangiospermae->Magnoliophyta->Spermatophyta->Euphyllophyta->Tracheophyta->Embryophyta->Streptophyta->Chloroplastida->Archaeplastida->Eukaryota->cellular organisms->life" nexsonid "node436892"
pgloadind     taxon mapping OTT ID 669774 taxonomy "Nymphoides planosperma->Nymphoides->Menyanthaceae->Asterales->campanulids->asterids->Pentapetalae->Gunneridae->eudicotyledons->Mesangiospermae->Magnoliophyta->Spermatophyta->Euphyllophyta->Tracheophyta->Embryophyta->Streptophyta->Chloroplastida->Archaeplastida->Eukaryota->cellular organisms->life" nexsonid "node436894"
pgloadind     taxon mapping OTT ID 43790 taxonomy "Nymphoides spongiosa->Nymphoides->Menyanthaceae->Asterales->campanulids->asterids->Pentapetalae->Gunneridae->eudicotyledons->Mesangiospermae->Magnoliophyta->Spermatophyta->Euphyllophyta->Tracheophyta->Embryophyta->Streptophyta->Chloroplastida->Archaeplastida->Eukaryota->cellular organisms->life" nexsonid "node436895"
pgloadind     taxon mapping OTT ID 669772 taxonomy "Nymphoides quadriloba->Nymphoides->Menyanthaceae->Asterales->campanulids->asterids->Pentapetalae->Gunneridae->eudicotyledons->Mesangiospermae->Magnoliophyta->Spermatophyta->Euphyllophyta->Tracheophyta->Embryophyta->Streptophyta->Chloroplastida->Archaeplastida->Eukaryota->cellular organisms->life" nexsonid "node436896"
pgloadind     taxon mapping OTT ID 262295 taxonomy "Nymphoides triangularis->Nymphoides->Menyanthaceae->Asterales->campanulids->asterids->Pentapetalae->Gunneridae->eudicotyledons->Mesangiospermae->Magnoliophyta->Spermatophyta->Euphyllophyta->Tracheophyta->Embryophyta->Streptophyta->Chloroplastida->Archaeplastida->Eukaryota->cellular organisms->life" nexsonid "node436897"
pgloadind     taxon mapping OTT ID 380469 taxonomy "Nymphoides exiliflora->Nymphoides->Menyanthaceae->Asterales->campanulids->asterids->Pentapetalae->Gunneridae->eudicotyledons->Mesangiospermae->Magnoliophyta->Spermatophyta->Euphyllophyta->Tracheophyta->Embryophyta->Streptophyta->Chloroplastida->Archaeplastida->Eukaryota->cellular organisms->life" nexsonid "node436898"
pgloadind     taxon mapping OTT ID 387102 taxonomy "Nymphoides geminata->Nymphoides->Menyanthaceae->Asterales->campanulids->asterids->Pentapetalae->Gunneridae->eudicotyledons->Mesangiospermae->Magnoliophyta->Spermatophyta->Euphyllophyta->Tracheophyta->Embryophyta->Streptophyta->Chloroplastida->Archaeplastida->Eukaryota->cellular organisms->life" nexsonid "node436899"
pgloadind     taxon mapping OTT ID 43792 taxonomy "Nymphoides subacuta->Nymphoides->Menyanthaceae->Asterales->campanulids->asterids->Pentapetalae->Gunneridae->eudicotyledons->Mesangiospermae->Magnoliophyta->Spermatophyta->Euphyllophyta->Tracheophyta->Embryophyta->Streptophyta->Chloroplastida->Archaeplastida->Eukaryota->cellular organisms->life" nexsonid "node436900"
pgloadind     taxon mapping OTT ID 12522 taxonomy "Nymphoides aquatica->Nymphoides->Menyanthaceae->Asterales->campanulids->asterids->Pentapetalae->Gunneridae->eudicotyledons->Mesangiospermae->Magnoliophyta->Spermatophyta->Euphyllophyta->Tracheophyta->Embryophyta->Streptophyta->Chloroplastida->Archaeplastida->Eukaryota->cellular organisms->life" nexsonid "node436849"
pgloadind     taxon mapping OTT ID 380457 taxonomy "Nymphoides cordata->Nymphoides->Menyanthaceae->Asterales->campanulids->asterids->Pentapetalae->Gunneridae->eudicotyledons->Mesangiospermae->Magnoliophyta->Spermatophyta->Euphyllophyta->Tracheophyta->Embryophyta->Streptophyta->Chloroplastida->Archaeplastida->Eukaryota->cellular organisms->life" nexsonid "node436850"
pgloadind     taxon mapping OTT ID 985174 taxonomy "Nymphoides cristata->Nymphoides->Menyanthaceae->Asterales->campanulids->asterids->Pentapetalae->Gunneridae->eudicotyledons->Mesangiospermae->Magnoliophyta->Spermatophyta->Euphyllophyta->Tracheophyta->Embryophyta->Streptophyta->Chloroplastida->Archaeplastida->Eukaryota->cellular organisms->life" nexsonid "node436851"
pgloadind     taxon mapping OTT ID 669776 taxonomy "Nymphoides parvifolia->Nymphoides->Menyanthaceae->Asterales->campanulids->asterids->Pentapetalae->Gunneridae->eudicotyledons->Mesangiospermae->Magnoliophyta->Spermatophyta->Euphyllophyta->Tracheophyta->Embryophyta->Streptophyta->Chloroplastida->Archaeplastida->Eukaryota->cellular organisms->life" nexsonid "node436852"
pgloadind     taxon mapping OTT ID 95472 taxonomy "Nymphoides brevipedicellata->Nymphoides->Menyanthaceae->Asterales->campanulids->asterids->Pentapetalae->Gunneridae->eudicotyledons->Mesangiospermae->Magnoliophyta->Spermatophyta->Euphyllophyta->Tracheophyta->Embryophyta->Streptophyta->Chloroplastida->Archaeplastida->Eukaryota->cellular organisms->life" nexsonid "node436855"
pgloadind     taxon mapping OTT ID 488099 taxonomy "Nymphoides ezannoi->Nymphoides->Menyanthaceae->Asterales->campanulids->asterids->Pentapetalae->Gunneridae->eudicotyledons->Mesangiospermae->Magnoliophyta->Spermatophyta->Euphyllophyta->Tracheophyta->Embryophyta->Streptophyta->Chloroplastida->Archaeplastida->Eukaryota->cellular organisms->life" nexsonid "node436857"
pgloadind     taxon mapping OTT ID 488066 taxonomy "Nymphoides fallax->Nymphoides->Menyanthaceae->Asterales->campanulids->asterids->Pentapetalae->Gunneridae->eudicotyledons->Mesangiospermae->Magnoliophyta->Spermatophyta->Euphyllophyta->Tracheophyta->Embryophyta->Streptophyta->Chloroplastida->Archaeplastida->Eukaryota->cellular organisms->life" nexsonid "node436859"
pgloadind     taxon mapping OTT ID 855880 taxonomy "Nymphoides thunbergiana->Nymphoides->Menyanthaceae->Asterales->campanulids->asterids->Pentapetalae->Gunneridae->eudicotyledons->Mesangiospermae->Magnoliophyta->Spermatophyta->Euphyllophyta->Tracheophyta->Embryophyta->Streptophyta->Chloroplastida->Archaeplastida->Eukaryota->cellular organisms->life" nexsonid "node436860"
pgloadind     taxon mapping OTT ID 3900058 taxonomy "Nymphoides guineensis->Nymphoides->Menyanthaceae->Asterales->campanulids->asterids->Pentapetalae->Gunneridae->eudicotyledons->Mesangiospermae->Magnoliophyta->Spermatophyta->Euphyllophyta->Tracheophyta->Embryophyta->Streptophyta->Chloroplastida->Archaeplastida->Eukaryota->cellular organisms->life" nexsonid "node436862"
pgloadind     taxon mapping OTT ID 374210 taxonomy "Nymphoides humboldtiana->Nymphoides->Menyanthaceae->Asterales->campanulids->asterids->Pentapetalae->Gunneridae->eudicotyledons->Mesangiospermae->Magnoliophyta->Spermatophyta->Euphyllophyta->Tracheophyta->Embryophyta->Streptophyta->Chloroplastida->Archaeplastida->Eukaryota->cellular organisms->life" nexsonid "node436863"
pgloadind     taxon mapping OTT ID 228774 taxonomy "Nymphoides indica->Nymphoides->Menyanthaceae->Asterales->campanulids->asterids->Pentapetalae->Gunneridae->eudicotyledons->Mesangiospermae->Magnoliophyta->Spermatophyta->Euphyllophyta->Tracheophyta->Embryophyta->Streptophyta->Chloroplastida->Archaeplastida->Eukaryota->cellular organisms->life" nexsonid "node436870"
pgloadind     taxon mapping OTT ID 669770 taxonomy "Nymphoides rautanenii->Nymphoides->Menyanthaceae->Asterales->campanulids->asterids->Pentapetalae->Gunneridae->eudicotyledons->Mesangiospermae->Magnoliophyta->Spermatophyta->Euphyllophyta->Tracheophyta->Embryophyta->Streptophyta->Chloroplastida->Archaeplastida->Eukaryota->cellular organisms->life" nexsonid "node436877"
pgloadind     taxon mapping OTT ID 95474 taxonomy "Nymphoides coreana->Nymphoides->Menyanthaceae->Asterales->campanulids->asterids->Pentapetalae->Gunneridae->eudicotyledons->Mesangiospermae->Magnoliophyta->Spermatophyta->Euphyllophyta->Tracheophyta->Embryophyta->Streptophyta->Chloroplastida->Archaeplastida->Eukaryota->cellular organisms->life" nexsonid "node436873"
pgloadind     taxon mapping OTT ID 5144412 taxonomy "Nymphoides hydrophylla->Nymphoides->Menyanthaceae->Asterales->campanulids->asterids->Pentapetalae->Gunneridae->eudicotyledons->Mesangiospermae->Magnoliophyta->Spermatophyta->Euphyllophyta->Tracheophyta->Embryophyta->Streptophyta->Chloroplastida->Archaeplastida->Eukaryota->cellular organisms->life" nexsonid "node436866"
pgloadind     taxon mapping OTT ID 855873 taxonomy "Nymphoides montana->Nymphoides->Menyanthaceae->Asterales->campanulids->asterids->Pentapetalae->Gunneridae->eudicotyledons->Mesangiospermae->Magnoliophyta->Spermatophyta->Euphyllophyta->Tracheophyta->Embryophyta->Streptophyta->Chloroplastida->Archaeplastida->Eukaryota->cellular organisms->life" nexsonid "node436902"
pgloadind     taxon mapping OTT ID 1054894 taxonomy "Nymphoides spinulosperma->Nymphoides->Menyanthaceae->Asterales->campanulids->asterids->Pentapetalae->Gunneridae->eudicotyledons->Mesangiospermae->Magnoliophyta->Spermatophyta->Euphyllophyta->Tracheophyta->Embryophyta->Streptophyta->Chloroplastida->Archaeplastida->Eukaryota->cellular organisms->life" nexsonid "node436906"
pgloadind     taxon mapping OTT ID 128320 taxonomy "Nymphoides peltata->Nymphoides->Menyanthaceae->Asterales->campanulids->asterids->Pentapetalae->Gunneridae->eudicotyledons->Mesangiospermae->Magnoliophyta->Spermatophyta->Euphyllophyta->Tracheophyta->Embryophyta->Streptophyta->Chloroplastida->Archaeplastida->Eukaryota->cellular organisms->life" nexsonid "node436905"
done fixing name
pgloadind Finished with attempts to fix names
pgloadind   Checking for uniqueness of OTT IDs tree id "1296"
pgloadind   Adding tree to graph tree id "1296"
all trees have all taxa: false
	using bipartition technique
attempting to remap tips to deepest exemplified taxa
this is the ROOT
placing root in index
Dealing with metadata property: id
Dealing with metadata property: ot:studyPublicationReference
Adding property 'ot:studyPublicationReference': Tippery N., & Les D. 2011. Phylogenetic relationships and morphological evolution in Nymphoides (Menyanthaceae). Systematic Botany, 36: 1101-1113.
Dealing with metadata property: ot:focalCladeOTTTaxonName
Adding property 'ot:focalCladeOTTTaxonName': Menyanthaceae
Dealing with metadata property: ot:studyYear
Adding property 'ot:studyYear': 2011
Dealing with metadata property: ot:inGroupClade
Adding property 'ot:inGroupClade': node436840
Dealing with metadata property: ot:curatorName
Adding property 'ot:curatorName': bryan drew
Dealing with metadata property: ot:studyPublication
Adding property 'ot:studyPublication': http://dx.doi.org/10.1600/036364411X605092
Dealing with metadata property: ot:focalClade
Adding property 'ot:focalClade': 694622
Dealing with metadata property: ot:curatedType
Adding property 'ot:curatedType': Strict
Dealing with metadata property: ot:studyId
Adding property 'ot:studyId': 719
Dealing with metadata property: ot:dataDeposit
Adding property 'ot:dataDeposit': http://purl.org/phylo/treebase/phylows/study/TB2:S11079
Committing nodes: 47
