pgloadind OTUs number 71
pgloadind Processing tree @id "5792"
pgloadind   tree info number nodes 126
pgloadind   tree info number edges 125
pgloadind   tree info ingroup "node989807"
pgloadind   Setting ingroup root node.
pgloadind   Ingested tree number of external nodes 68
pgloadind   property added ot:studyPublicationReference "Park, J. M., Kovačic, S., Liber, Z., Eddie, W. M., & Schneeweiss, G. M. (2006). Phylogeny and biogeography of isophyllous species of Campanula (Campanulaceae) in the Mediterranean area. Systematic Botany, 31(4), 862-880."
pgloadind   property added ot:studyPublication "http://dx.doi.org/10.1600/036364406779695924"
pgloadind   property added ot:curatorName "William Wysocki"
pgloadind   property added ot:dataDeposit "http://purl.org/phylo/treebase/phylows/study/TB2:S1581"
pgloadind   property added ot:studyId "82"
pgloadind   property added ot:studyYear "2006"
pgloadind   property added ot:focalClade "590452"
pgloadind   property added ot:focalCladeOTTTaxonName "Campanula"
pgloadind   property added ot:inGroupClade "node989807"
pgloadind   property added ot:curatedType "Fig. 3 BI"
loading a specific tree: 5792
pgloadind conducting TNRS on trees
pgloadind   name fixing on tree tree id "5792"
pgloadind   all nodes have ottIds
pgloadind     OTT ID reused in tree
pgloadind       duplicate name "Trachelium caeruleum" nexsonid "node989811"
pgloadind       duplicate OTT ID 729871
pgloadind     OTT ID reused in tree
pgloadind       duplicate name "Campanula fenestrellata subsp. fenestrellata" nexsonid "node989856"
pgloadind       duplicate OTT ID 377022
pgloadind     OTT ID reused in tree
pgloadind       duplicate name "Campanula hercegovina" nexsonid "node989908"
pgloadind       duplicate OTT ID 377035
pgloadind     OTT ID reused in tree
pgloadind       duplicate name "Campanula hercegovina" nexsonid "node989909"
pgloadind       duplicate OTT ID 377035
pgloadind     OTT ID reused in tree
pgloadind       duplicate name "Campanula fragilis subsp. fragilis" nexsonid "node989919"
pgloadind       duplicate OTT ID 377030
pgloadind     OTT ID reused in tree
pgloadind       duplicate name "Campanula fragilis subsp. fragilis" nexsonid "node989921"
pgloadind       duplicate OTT ID 377030
pgloadind     OTT ID reused in tree
pgloadind       duplicate name "Campanula cenisia" nexsonid "node989925"
pgloadind       duplicate OTT ID 109733
pgloadind     pruning dups and overlapping name "Campanula hercegovina" nexsonid "node989909"
pgloadind     pruning dups and overlapping name "Campanula fragilis subsp. fragilis" nexsonid "node989921"
pgloadind     pruning dups and overlapping name "Campanula cenisia" nexsonid "node989925"
pgloadind     pruning dups and overlapping name "Campanula fragilis subsp. fragilis" nexsonid "node989919"
pgloadind     pruning dups and overlapping name "Campanula hercegovina" nexsonid "node989908"
pgloadind     pruning dups and overlapping name "Campanula fenestrellata subsp. fenestrellata" nexsonid "node989856"
pgloadind     pruning dups and overlapping name "Trachelium caeruleum" nexsonid "node989811"
pgloadind   postpruning newick tree "((((Campanula_bononiensis,Campanula_trachelium,((Campanula_alpina,Campanula_hofmannii),(Campanula_spicata,Campanula_thyrsoides),Edraianthus_tenuifolius)),((Campanula_drabifolia,Campanula_erinus),Campanula_dichotoma)),Trachelium_caeruleum),(Adenophora_liliifolia,(((((Petromarula_pinnata,((Phyteuma_globulariifolium,Phyteuma_spicatum),Physoplexis_comosa)),(Asyneuma_campanuloides,(Asyneuma_japonicum,Asyneuma_limoniifolium,Campanula_uniflora))),Legousia_falcata),(Campanula_persicifolia,Campanula_stevenii)),(((Campanula_fenestrellata_subsp_fenestrellata,Campanula_fenestrellata_subsp_istriaca),Campanula_debarensis,(((Campanula_garganica,Campanula_acarnanica),Campanula_poscharskyana),Campanula_reatina),Campanula_cephallenica,Campanula_portenschlagiana),(((Campanula_hawkinsiana,((Campanula_morettiana,Campanula_raineri),Campanula_zoysii,((Campanula_pulla,Campanula_carpatica),((Campanula_pyramidalis,(Campanula_versicolor,Campanula_secundiflora)),(Campanula_waldsteiniana,Campanula_tommasiniana))))),((Campanula_lusitanica,(Campanula_elatines,Campanula_elatinoides)),(((((Campanula_marchesettii,Campanula_justiniana),Campanula_scheuchzeri,Campanula_rotundifolia,(Campanula_beckiana,Campanula_hercegovina),Campanula_stenocodon),(Campanula_herminii,Campanula_caespitosa)),Campanula_arvatica),(Campanula_fragilis_subsp_cavolinii,Campanula_isophylla,Campanula_fragilis_subsp_fragilis)),Campanula_cenisia)),Campanula_lambertiana)))))"
pgloadind   taxon mapping summary
pgloadind     taxon mapping OTT ID 109730 taxonomy "Campanula bononiensis->Campanula->Campanulaceae->Asterales->campanulids->asterids->Pentapetalae->Gunneridae->eudicotyledons->Mesangiospermae->Magnoliophyta->Spermatophyta->Euphyllophyta->Tracheophyta->Embryophyta->Streptophyta->Chloroplastida->Archaeplastida->Eukaryota->cellular organisms->life" nexsonid "node989814"
pgloadind     taxon mapping OTT ID 733770 taxonomy "Campanula trachelium->Campanula->Campanulaceae->Asterales->campanulids->asterids->Pentapetalae->Gunneridae->eudicotyledons->Mesangiospermae->Magnoliophyta->Spermatophyta->Euphyllophyta->Tracheophyta->Embryophyta->Streptophyta->Chloroplastida->Archaeplastida->Eukaryota->cellular organisms->life" nexsonid "node989815"
pgloadind     taxon mapping OTT ID 109726 taxonomy "Campanula alpina->Campanula->Campanulaceae->Asterales->campanulids->asterids->Pentapetalae->Gunneridae->eudicotyledons->Mesangiospermae->Magnoliophyta->Spermatophyta->Euphyllophyta->Tracheophyta->Embryophyta->Streptophyta->Chloroplastida->Archaeplastida->Eukaryota->cellular organisms->life" nexsonid "node989818"
pgloadind     taxon mapping OTT ID 533072 taxonomy "Campanula hofmannii->Campanula->Campanulaceae->Asterales->campanulids->asterids->Pentapetalae->Gunneridae->eudicotyledons->Mesangiospermae->Magnoliophyta->Spermatophyta->Euphyllophyta->Tracheophyta->Embryophyta->Streptophyta->Chloroplastida->Archaeplastida->Eukaryota->cellular organisms->life" nexsonid "node989819"
pgloadind     taxon mapping OTT ID 719209 taxonomy "Campanula spicata->Campanula->Campanulaceae->Asterales->campanulids->asterids->Pentapetalae->Gunneridae->eudicotyledons->Mesangiospermae->Magnoliophyta->Spermatophyta->Euphyllophyta->Tracheophyta->Embryophyta->Streptophyta->Chloroplastida->Archaeplastida->Eukaryota->cellular organisms->life" nexsonid "node989821"
pgloadind     taxon mapping OTT ID 667583 taxonomy "Campanula thyrsoides->Campanula->Campanulaceae->Asterales->campanulids->asterids->Pentapetalae->Gunneridae->eudicotyledons->Mesangiospermae->Magnoliophyta->Spermatophyta->Euphyllophyta->Tracheophyta->Embryophyta->Streptophyta->Chloroplastida->Archaeplastida->Eukaryota->cellular organisms->life" nexsonid "node989822"
pgloadind     taxon mapping OTT ID 719211 taxonomy "Edraianthus tenuifolius->Edraianthus->Campanulaceae->Asterales->campanulids->asterids->Pentapetalae->Gunneridae->eudicotyledons->Mesangiospermae->Magnoliophyta->Spermatophyta->Euphyllophyta->Tracheophyta->Embryophyta->Streptophyta->Chloroplastida->Archaeplastida->Eukaryota->cellular organisms->life" nexsonid "node989823"
pgloadind     taxon mapping OTT ID 377020 taxonomy "Campanula drabifolia->Campanula->Campanulaceae->Asterales->campanulids->asterids->Pentapetalae->Gunneridae->eudicotyledons->Mesangiospermae->Magnoliophyta->Spermatophyta->Euphyllophyta->Tracheophyta->Embryophyta->Streptophyta->Chloroplastida->Archaeplastida->Eukaryota->cellular organisms->life" nexsonid "node989826"
pgloadind     taxon mapping OTT ID 146769 taxonomy "Campanula erinus->Campanula->Campanulaceae->Asterales->campanulids->asterids->Pentapetalae->Gunneridae->eudicotyledons->Mesangiospermae->Magnoliophyta->Spermatophyta->Euphyllophyta->Tracheophyta->Embryophyta->Streptophyta->Chloroplastida->Archaeplastida->Eukaryota->cellular organisms->life" nexsonid "node989827"
pgloadind     taxon mapping OTT ID 109746 taxonomy "Campanula dichotoma->Campanula->Campanulaceae->Asterales->campanulids->asterids->Pentapetalae->Gunneridae->eudicotyledons->Mesangiospermae->Magnoliophyta->Spermatophyta->Euphyllophyta->Tracheophyta->Embryophyta->Streptophyta->Chloroplastida->Archaeplastida->Eukaryota->cellular organisms->life" nexsonid "node989828"
pgloadind     taxon mapping OTT ID 729871 taxonomy "Trachelium caeruleum->Trachelium->Campanulaceae->Asterales->campanulids->asterids->Pentapetalae->Gunneridae->eudicotyledons->Mesangiospermae->Magnoliophyta->Spermatophyta->Euphyllophyta->Tracheophyta->Embryophyta->Streptophyta->Chloroplastida->Archaeplastida->Eukaryota->cellular organisms->life" nexsonid "node989810"
pgloadind     taxon mapping OTT ID 631477 taxonomy "Adenophora liliifolia->Adenophora->Campanulaceae->Asterales->campanulids->asterids->Pentapetalae->Gunneridae->eudicotyledons->Mesangiospermae->Magnoliophyta->Spermatophyta->Euphyllophyta->Tracheophyta->Embryophyta->Streptophyta->Chloroplastida->Archaeplastida->Eukaryota->cellular organisms->life" nexsonid "node989830"
pgloadind     taxon mapping OTT ID 743282 taxonomy "Petromarula pinnata->Petromarula->Campanulaceae->Asterales->campanulids->asterids->Pentapetalae->Gunneridae->eudicotyledons->Mesangiospermae->Magnoliophyta->Spermatophyta->Euphyllophyta->Tracheophyta->Embryophyta->Streptophyta->Chloroplastida->Archaeplastida->Eukaryota->cellular organisms->life" nexsonid "node989836"
pgloadind     taxon mapping OTT ID 144923 taxonomy "Phyteuma globulariifolium->Phyteuma->Campanulaceae->Asterales->campanulids->asterids->Pentapetalae->Gunneridae->eudicotyledons->Mesangiospermae->Magnoliophyta->Spermatophyta->Euphyllophyta->Tracheophyta->Embryophyta->Streptophyta->Chloroplastida->Archaeplastida->Eukaryota->cellular organisms->life" nexsonid "node989839"
pgloadind     taxon mapping OTT ID 743261 taxonomy "Phyteuma spicatum->Phyteuma->Campanulaceae->Asterales->campanulids->asterids->Pentapetalae->Gunneridae->eudicotyledons->Mesangiospermae->Magnoliophyta->Spermatophyta->Euphyllophyta->Tracheophyta->Embryophyta->Streptophyta->Chloroplastida->Archaeplastida->Eukaryota->cellular organisms->life" nexsonid "node989840"
pgloadind     taxon mapping OTT ID 743279 taxonomy "Physoplexis comosa->Physoplexis->Campanulaceae->Asterales->campanulids->asterids->Pentapetalae->Gunneridae->eudicotyledons->Mesangiospermae->Magnoliophyta->Spermatophyta->Euphyllophyta->Tracheophyta->Embryophyta->Streptophyta->Chloroplastida->Archaeplastida->Eukaryota->cellular organisms->life" nexsonid "node989841"
pgloadind     taxon mapping OTT ID 631475 taxonomy "Asyneuma campanuloides->Asyneuma->Campanulaceae->Asterales->campanulids->asterids->Pentapetalae->Gunneridae->eudicotyledons->Mesangiospermae->Magnoliophyta->Spermatophyta->Euphyllophyta->Tracheophyta->Embryophyta->Streptophyta->Chloroplastida->Archaeplastida->Eukaryota->cellular organisms->life" nexsonid "node989843"
pgloadind     taxon mapping OTT ID 533064 taxonomy "Asyneuma japonicum->Asyneuma->Campanulaceae->Asterales->campanulids->asterids->Pentapetalae->Gunneridae->eudicotyledons->Mesangiospermae->Magnoliophyta->Spermatophyta->Euphyllophyta->Tracheophyta->Embryophyta->Streptophyta->Chloroplastida->Archaeplastida->Eukaryota->cellular organisms->life" nexsonid "node989845"
pgloadind     taxon mapping OTT ID 109718 taxonomy "Asyneuma limoniifolium->Asyneuma->Campanulaceae->Asterales->campanulids->asterids->Pentapetalae->Gunneridae->eudicotyledons->Mesangiospermae->Magnoliophyta->Spermatophyta->Euphyllophyta->Tracheophyta->Embryophyta->Streptophyta->Chloroplastida->Archaeplastida->Eukaryota->cellular organisms->life" nexsonid "node989846"
pgloadind     taxon mapping OTT ID 719200 taxonomy "Campanula uniflora->Campanula->Campanulaceae->Asterales->campanulids->asterids->Pentapetalae->Gunneridae->eudicotyledons->Mesangiospermae->Magnoliophyta->Spermatophyta->Euphyllophyta->Tracheophyta->Embryophyta->Streptophyta->Chloroplastida->Archaeplastida->Eukaryota->cellular organisms->life" nexsonid "node989847"
pgloadind     taxon mapping OTT ID 117716 taxonomy "Legousia falcata->Legousia->Campanulaceae->Asterales->campanulids->asterids->Pentapetalae->Gunneridae->eudicotyledons->Mesangiospermae->Magnoliophyta->Spermatophyta->Euphyllophyta->Tracheophyta->Embryophyta->Streptophyta->Chloroplastida->Archaeplastida->Eukaryota->cellular organisms->life" nexsonid "node989848"
pgloadind     taxon mapping OTT ID 219648 taxonomy "Campanula persicifolia->Campanula->Campanulaceae->Asterales->campanulids->asterids->Pentapetalae->Gunneridae->eudicotyledons->Mesangiospermae->Magnoliophyta->Spermatophyta->Euphyllophyta->Tracheophyta->Embryophyta->Streptophyta->Chloroplastida->Archaeplastida->Eukaryota->cellular organisms->life" nexsonid "node989850"
pgloadind     taxon mapping OTT ID 845240 taxonomy "Campanula stevenii->Campanula->Campanulaceae->Asterales->campanulids->asterids->Pentapetalae->Gunneridae->eudicotyledons->Mesangiospermae->Magnoliophyta->Spermatophyta->Euphyllophyta->Tracheophyta->Embryophyta->Streptophyta->Chloroplastida->Archaeplastida->Eukaryota->cellular organisms->life" nexsonid "node989851"
pgloadind     taxon mapping OTT ID 377022 taxonomy "Campanula fenestrellata subsp. fenestrellata->Campanula fenestrellata->Campanula->Campanulaceae->Asterales->campanulids->asterids->Pentapetalae->Gunneridae->eudicotyledons->Mesangiospermae->Magnoliophyta->Spermatophyta->Euphyllophyta->Tracheophyta->Embryophyta->Streptophyta->Chloroplastida->Archaeplastida->Eukaryota->cellular organisms->life" nexsonid "node989855"
pgloadind     taxon mapping OTT ID 377027 taxonomy "Campanula fenestrellata subsp. istriaca->Campanula fenestrellata->Campanula->Campanulaceae->Asterales->campanulids->asterids->Pentapetalae->Gunneridae->eudicotyledons->Mesangiospermae->Magnoliophyta->Spermatophyta->Euphyllophyta->Tracheophyta->Embryophyta->Streptophyta->Chloroplastida->Archaeplastida->Eukaryota->cellular organisms->life" nexsonid "node989857"
pgloadind     taxon mapping OTT ID 109742 taxonomy "Campanula debarensis->Campanula->Campanulaceae->Asterales->campanulids->asterids->Pentapetalae->Gunneridae->eudicotyledons->Mesangiospermae->Magnoliophyta->Spermatophyta->Euphyllophyta->Tracheophyta->Embryophyta->Streptophyta->Chloroplastida->Archaeplastida->Eukaryota->cellular organisms->life" nexsonid "node989858"
pgloadind     taxon mapping OTT ID 150373 taxonomy "Campanula garganica->Campanula->Campanulaceae->Asterales->campanulids->asterids->Pentapetalae->Gunneridae->eudicotyledons->Mesangiospermae->Magnoliophyta->Spermatophyta->Euphyllophyta->Tracheophyta->Embryophyta->Streptophyta->Chloroplastida->Archaeplastida->Eukaryota->cellular organisms->life" nexsonid "node989862"
pgloadind     taxon mapping OTT ID 109722 taxonomy "Campanula acarnanica->Campanula->Campanulaceae->Asterales->campanulids->asterids->Pentapetalae->Gunneridae->eudicotyledons->Mesangiospermae->Magnoliophyta->Spermatophyta->Euphyllophyta->Tracheophyta->Embryophyta->Streptophyta->Chloroplastida->Archaeplastida->Eukaryota->cellular organisms->life" nexsonid "node989863"
pgloadind     taxon mapping OTT ID 953241 taxonomy "Campanula poscharskyana->Campanula->Campanulaceae->Asterales->campanulids->asterids->Pentapetalae->Gunneridae->eudicotyledons->Mesangiospermae->Magnoliophyta->Spermatophyta->Euphyllophyta->Tracheophyta->Embryophyta->Streptophyta->Chloroplastida->Archaeplastida->Eukaryota->cellular organisms->life" nexsonid "node989864"
pgloadind     taxon mapping OTT ID 953243 taxonomy "Campanula reatina->Campanula->Campanulaceae->Asterales->campanulids->asterids->Pentapetalae->Gunneridae->eudicotyledons->Mesangiospermae->Magnoliophyta->Spermatophyta->Euphyllophyta->Tracheophyta->Embryophyta->Streptophyta->Chloroplastida->Archaeplastida->Eukaryota->cellular organisms->life" nexsonid "node989865"
pgloadind     taxon mapping OTT ID 109735 taxonomy "Campanula cephallenica->Campanula->Campanulaceae->Asterales->campanulids->asterids->Pentapetalae->Gunneridae->eudicotyledons->Mesangiospermae->Magnoliophyta->Spermatophyta->Euphyllophyta->Tracheophyta->Embryophyta->Streptophyta->Chloroplastida->Archaeplastida->Eukaryota->cellular organisms->life" nexsonid "node989866"
pgloadind     taxon mapping OTT ID 953239 taxonomy "Campanula portenschlagiana->Campanula->Campanulaceae->Asterales->campanulids->asterids->Pentapetalae->Gunneridae->eudicotyledons->Mesangiospermae->Magnoliophyta->Spermatophyta->Euphyllophyta->Tracheophyta->Embryophyta->Streptophyta->Chloroplastida->Archaeplastida->Eukaryota->cellular organisms->life" nexsonid "node989867"
pgloadind     taxon mapping OTT ID 794319 taxonomy "Campanula hawkinsiana->Campanula->Campanulaceae->Asterales->campanulids->asterids->Pentapetalae->Gunneridae->eudicotyledons->Mesangiospermae->Magnoliophyta->Spermatophyta->Euphyllophyta->Tracheophyta->Embryophyta->Streptophyta->Chloroplastida->Archaeplastida->Eukaryota->cellular organisms->life" nexsonid "node989871"
pgloadind     taxon mapping OTT ID 953229 taxonomy "Campanula morettiana->Campanula->Campanulaceae->Asterales->campanulids->asterids->Pentapetalae->Gunneridae->eudicotyledons->Mesangiospermae->Magnoliophyta->Spermatophyta->Euphyllophyta->Tracheophyta->Embryophyta->Streptophyta->Chloroplastida->Archaeplastida->Eukaryota->cellular organisms->life" nexsonid "node989874"
pgloadind     taxon mapping OTT ID 953237 taxonomy "Campanula raineri->Campanula->Campanulaceae->Asterales->campanulids->asterids->Pentapetalae->Gunneridae->eudicotyledons->Mesangiospermae->Magnoliophyta->Spermatophyta->Euphyllophyta->Tracheophyta->Embryophyta->Streptophyta->Chloroplastida->Archaeplastida->Eukaryota->cellular organisms->life" nexsonid "node989875"
pgloadind     taxon mapping OTT ID 1012484 taxonomy "Campanula zoysii->Campanula->Campanulaceae->Asterales->campanulids->asterids->Pentapetalae->Gunneridae->eudicotyledons->Mesangiospermae->Magnoliophyta->Spermatophyta->Euphyllophyta->Tracheophyta->Embryophyta->Streptophyta->Chloroplastida->Archaeplastida->Eukaryota->cellular organisms->life" nexsonid "node989876"
pgloadind     taxon mapping OTT ID 953235 taxonomy "Campanula pulla->Campanula->Campanulaceae->Asterales->campanulids->asterids->Pentapetalae->Gunneridae->eudicotyledons->Mesangiospermae->Magnoliophyta->Spermatophyta->Euphyllophyta->Tracheophyta->Embryophyta->Streptophyta->Chloroplastida->Archaeplastida->Eukaryota->cellular organisms->life" nexsonid "node989879"
pgloadind     taxon mapping OTT ID 372039 taxonomy "Campanula carpatica->Campanula->Campanulaceae->Asterales->campanulids->asterids->Pentapetalae->Gunneridae->eudicotyledons->Mesangiospermae->Magnoliophyta->Spermatophyta->Euphyllophyta->Tracheophyta->Embryophyta->Streptophyta->Chloroplastida->Archaeplastida->Eukaryota->cellular organisms->life" nexsonid "node989880"
pgloadind     taxon mapping OTT ID 219641 taxonomy "Campanula pyramidalis->Campanula->Campanulaceae->Asterales->campanulids->asterids->Pentapetalae->Gunneridae->eudicotyledons->Mesangiospermae->Magnoliophyta->Spermatophyta->Euphyllophyta->Tracheophyta->Embryophyta->Streptophyta->Chloroplastida->Archaeplastida->Eukaryota->cellular organisms->life" nexsonid "node989883"
pgloadind     taxon mapping OTT ID 719194 taxonomy "Campanula versicolor->Campanula->Campanulaceae->Asterales->campanulids->asterids->Pentapetalae->Gunneridae->eudicotyledons->Mesangiospermae->Magnoliophyta->Spermatophyta->Euphyllophyta->Tracheophyta->Embryophyta->Streptophyta->Chloroplastida->Archaeplastida->Eukaryota->cellular organisms->life" nexsonid "node989885"
pgloadind     taxon mapping OTT ID 719207 taxonomy "Campanula secundiflora->Campanula->Campanulaceae->Asterales->campanulids->asterids->Pentapetalae->Gunneridae->eudicotyledons->Mesangiospermae->Magnoliophyta->Spermatophyta->Euphyllophyta->Tracheophyta->Embryophyta->Streptophyta->Chloroplastida->Archaeplastida->Eukaryota->cellular organisms->life" nexsonid "node989886"
pgloadind     taxon mapping OTT ID 719196 taxonomy "Campanula waldsteiniana->Campanula->Campanulaceae->Asterales->campanulids->asterids->Pentapetalae->Gunneridae->eudicotyledons->Mesangiospermae->Magnoliophyta->Spermatophyta->Euphyllophyta->Tracheophyta->Embryophyta->Streptophyta->Chloroplastida->Archaeplastida->Eukaryota->cellular organisms->life" nexsonid "node989888"
pgloadind     taxon mapping OTT ID 719198 taxonomy "Campanula tommasiniana->Campanula->Campanulaceae->Asterales->campanulids->asterids->Pentapetalae->Gunneridae->eudicotyledons->Mesangiospermae->Magnoliophyta->Spermatophyta->Euphyllophyta->Tracheophyta->Embryophyta->Streptophyta->Chloroplastida->Archaeplastida->Eukaryota->cellular organisms->life" nexsonid "node989889"
pgloadind     taxon mapping OTT ID 219661 taxonomy "Campanula lusitanica->Campanula->Campanulaceae->Asterales->campanulids->asterids->Pentapetalae->Gunneridae->eudicotyledons->Mesangiospermae->Magnoliophyta->Spermatophyta->Euphyllophyta->Tracheophyta->Embryophyta->Streptophyta->Chloroplastida->Archaeplastida->Eukaryota->cellular organisms->life" nexsonid "node989892"
pgloadind     taxon mapping OTT ID 965310 taxonomy "Campanula elatines->Campanula->Campanulaceae->Asterales->campanulids->asterids->Pentapetalae->Gunneridae->eudicotyledons->Mesangiospermae->Magnoliophyta->Spermatophyta->Euphyllophyta->Tracheophyta->Embryophyta->Streptophyta->Chloroplastida->Archaeplastida->Eukaryota->cellular organisms->life" nexsonid "node989894"
pgloadind     taxon mapping OTT ID 377018 taxonomy "Campanula elatinoides->Campanula->Campanulaceae->Asterales->campanulids->asterids->Pentapetalae->Gunneridae->eudicotyledons->Mesangiospermae->Magnoliophyta->Spermatophyta->Euphyllophyta->Tracheophyta->Embryophyta->Streptophyta->Chloroplastida->Archaeplastida->Eukaryota->cellular organisms->life" nexsonid "node989895"
pgloadind     taxon mapping OTT ID 953227 taxonomy "Campanula marchesettii->Campanula->Campanulaceae->Asterales->campanulids->asterids->Pentapetalae->Gunneridae->eudicotyledons->Mesangiospermae->Magnoliophyta->Spermatophyta->Euphyllophyta->Tracheophyta->Embryophyta->Streptophyta->Chloroplastida->Archaeplastida->Eukaryota->cellular organisms->life" nexsonid "node989901"
pgloadind     taxon mapping OTT ID 953231 taxonomy "Campanula justiniana->Campanula->Campanulaceae->Asterales->campanulids->asterids->Pentapetalae->Gunneridae->eudicotyledons->Mesangiospermae->Magnoliophyta->Spermatophyta->Euphyllophyta->Tracheophyta->Embryophyta->Streptophyta->Chloroplastida->Archaeplastida->Eukaryota->cellular organisms->life" nexsonid "node989902"
pgloadind     taxon mapping OTT ID 953245 taxonomy "Campanula scheuchzeri->Campanula->Campanulaceae->Asterales->campanulids->asterids->Pentapetalae->Gunneridae->eudicotyledons->Mesangiospermae->Magnoliophyta->Spermatophyta->Euphyllophyta->Tracheophyta->Embryophyta->Streptophyta->Chloroplastida->Archaeplastida->Eukaryota->cellular organisms->life" nexsonid "node989903"
pgloadind     taxon mapping OTT ID 667590 taxonomy "Campanula rotundifolia->Campanula->Campanulaceae->Asterales->campanulids->asterids->Pentapetalae->Gunneridae->eudicotyledons->Mesangiospermae->Magnoliophyta->Spermatophyta->Euphyllophyta->Tracheophyta->Embryophyta->Streptophyta->Chloroplastida->Archaeplastida->Eukaryota->cellular organisms->life" nexsonid "node989904"
pgloadind     taxon mapping OTT ID 109728 taxonomy "Campanula beckiana->Campanula->Campanulaceae->Asterales->campanulids->asterids->Pentapetalae->Gunneridae->eudicotyledons->Mesangiospermae->Magnoliophyta->Spermatophyta->Euphyllophyta->Tracheophyta->Embryophyta->Streptophyta->Chloroplastida->Archaeplastida->Eukaryota->cellular organisms->life" nexsonid "node989910"
pgloadind     taxon mapping OTT ID 377035 taxonomy "Campanula hercegovina->Campanula->Campanulaceae->Asterales->campanulids->asterids->Pentapetalae->Gunneridae->eudicotyledons->Mesangiospermae->Magnoliophyta->Spermatophyta->Euphyllophyta->Tracheophyta->Embryophyta->Streptophyta->Chloroplastida->Archaeplastida->Eukaryota->cellular organisms->life" nexsonid "node989907"
pgloadind     taxon mapping OTT ID 719203 taxonomy "Campanula stenocodon->Campanula->Campanulaceae->Asterales->campanulids->asterids->Pentapetalae->Gunneridae->eudicotyledons->Mesangiospermae->Magnoliophyta->Spermatophyta->Euphyllophyta->Tracheophyta->Embryophyta->Streptophyta->Chloroplastida->Archaeplastida->Eukaryota->cellular organisms->life" nexsonid "node989911"
pgloadind     taxon mapping OTT ID 1009443 taxonomy "Campanula herminii->Campanula->Campanulaceae->Asterales->campanulids->asterids->Pentapetalae->Gunneridae->eudicotyledons->Mesangiospermae->Magnoliophyta->Spermatophyta->Euphyllophyta->Tracheophyta->Embryophyta->Streptophyta->Chloroplastida->Archaeplastida->Eukaryota->cellular organisms->life" nexsonid "node989913"
pgloadind     taxon mapping OTT ID 109739 taxonomy "Campanula caespitosa->Campanula->Campanulaceae->Asterales->campanulids->asterids->Pentapetalae->Gunneridae->eudicotyledons->Mesangiospermae->Magnoliophyta->Spermatophyta->Euphyllophyta->Tracheophyta->Embryophyta->Streptophyta->Chloroplastida->Archaeplastida->Eukaryota->cellular organisms->life" nexsonid "node989914"
pgloadind     taxon mapping OTT ID 365286 taxonomy "Campanula arvatica->Campanula->Campanulaceae->Asterales->campanulids->asterids->Pentapetalae->Gunneridae->eudicotyledons->Mesangiospermae->Magnoliophyta->Spermatophyta->Euphyllophyta->Tracheophyta->Embryophyta->Streptophyta->Chloroplastida->Archaeplastida->Eukaryota->cellular organisms->life" nexsonid "node989915"
pgloadind     taxon mapping OTT ID 377031 taxonomy "Campanula fragilis subsp. cavolinii->Campanula fragilis->Campanula->Campanulaceae->Asterales->campanulids->asterids->Pentapetalae->Gunneridae->eudicotyledons->Mesangiospermae->Magnoliophyta->Spermatophyta->Euphyllophyta->Tracheophyta->Embryophyta->Streptophyta->Chloroplastida->Archaeplastida->Eukaryota->cellular organisms->life" nexsonid "node989920"
pgloadind     taxon mapping OTT ID 377033 taxonomy "Campanula isophylla->Campanula->Campanulaceae->Asterales->campanulids->asterids->Pentapetalae->Gunneridae->eudicotyledons->Mesangiospermae->Magnoliophyta->Spermatophyta->Euphyllophyta->Tracheophyta->Embryophyta->Streptophyta->Chloroplastida->Archaeplastida->Eukaryota->cellular organisms->life" nexsonid "node989922"
pgloadind     taxon mapping OTT ID 377030 taxonomy "Campanula fragilis subsp. fragilis->Campanula fragilis->Campanula->Campanulaceae->Asterales->campanulids->asterids->Pentapetalae->Gunneridae->eudicotyledons->Mesangiospermae->Magnoliophyta->Spermatophyta->Euphyllophyta->Tracheophyta->Embryophyta->Streptophyta->Chloroplastida->Archaeplastida->Eukaryota->cellular organisms->life" nexsonid "node989918"
pgloadind     taxon mapping OTT ID 109733 taxonomy "Campanula cenisia->Campanula->Campanulaceae->Asterales->campanulids->asterids->Pentapetalae->Gunneridae->eudicotyledons->Mesangiospermae->Magnoliophyta->Spermatophyta->Euphyllophyta->Tracheophyta->Embryophyta->Streptophyta->Chloroplastida->Archaeplastida->Eukaryota->cellular organisms->life" nexsonid "node989924"
pgloadind     taxon mapping OTT ID 953233 taxonomy "Campanula lambertiana->Campanula->Campanulaceae->Asterales->campanulids->asterids->Pentapetalae->Gunneridae->eudicotyledons->Mesangiospermae->Magnoliophyta->Spermatophyta->Euphyllophyta->Tracheophyta->Embryophyta->Streptophyta->Chloroplastida->Archaeplastida->Eukaryota->cellular organisms->life" nexsonid "node989926"
done fixing name
pgloadind Finished with attempts to fix names
pgloadind   Checking for uniqueness of OTT IDs tree id "5792"
pgloadind   Adding tree to graph tree id "5792"
all trees have all taxa: false
	using bipartition technique
attempting to remap tips to deepest exemplified taxa
	Edraianthus tenuifolius was remapped to 'Edraianthus' (id=2694257)
	Trachelium caeruleum was remapped to 'Trachelium' (id=2693785)
	Physoplexis comosa was remapped to 'Physoplexis' (id=2696851)
	Adenophora liliifolia was remapped to 'Adenophora' (id=2693372)
	Legousia falcata was remapped to 'Legousia' (id=2693592)
	Petromarula pinnata was remapped to 'Petromarula' (id=2696744)
this is the ROOT
placing root in index
Dealing with metadata property: id
Dealing with metadata property: ot:studyPublicationReference
Adding property 'ot:studyPublicationReference': Park, J. M., Kovačic, S., Liber, Z., Eddie, W. M., & Schneeweiss, G. M. (2006). Phylogeny and biogeography of isophyllous species of Campanula (Campanulaceae) in the Mediterranean area. Systematic Botany, 31(4), 862-880.
Dealing with metadata property: ot:focalCladeOTTTaxonName
Adding property 'ot:focalCladeOTTTaxonName': Campanula
Dealing with metadata property: ot:studyYear
Adding property 'ot:studyYear': 2006
Dealing with metadata property: ot:inGroupClade
Adding property 'ot:inGroupClade': node989807
Dealing with metadata property: ot:curatorName
Adding property 'ot:curatorName': William Wysocki
Dealing with metadata property: ot:studyPublication
Adding property 'ot:studyPublication': http://dx.doi.org/10.1600/036364406779695924
Dealing with metadata property: ot:focalClade
Adding property 'ot:focalClade': 590452
Dealing with metadata property: ot:curatedType
Adding property 'ot:curatedType': Fig. 3 BI
Dealing with metadata property: ot:studyId
Adding property 'ot:studyId': 82
Dealing with metadata property: ot:dataDeposit
Adding property 'ot:dataDeposit': http://purl.org/phylo/treebase/phylows/study/TB2:S1581
Committing nodes: 109
