pgloadind OTUs number 99
pgloadind Processing tree @id "1958"
pgloadind   tree info number nodes 146
pgloadind   tree info number edges 145
pgloadind   tree info ingroup "node505349"
pgloadind   Setting ingroup root node.
pgloadind   Ingested tree number of external nodes 97
pgloadind   property added ot:studyPublicationReference "Swenson, U., & Anderberg, A. A. 2005. Phylogeny, character evolution, and classification of Sapotaceae (Ericales). Cladistics 21: 101-130"
pgloadind   property added ot:studyPublication "http://dx.doi.org/10.1111/j.1096-0031.2005.00056.x"
pgloadind   property added ot:curatorName "bryan drew"
pgloadind   property added ot:studyId "1015"
pgloadind   property added ot:studyYear "2005"
pgloadind   property added ot:inGroupClade "node505349"
pgloadind   property added ot:curatedType "MP Strict consensus tree"
loading a specific tree: 1958
pgloadind conducting TNRS on trees
pgloadind   name fixing on tree tree id "1958"
pgloadind   all nodes have ottIds
pgloadind     overlapping tips
pgloadind       overlapping retained name "Pycnandra francii" nexsonid "node505356"
pgloadind       overlapping pruned name "Pycnandra" nexsonid "node505404"
pgloadind     pruning dups and overlapping name "Pycnandra" nexsonid "node505404"
pgloadind   postpruning newick tree "((((Leptostylis_filipes,Leptostylis_petiolata),(Pycnandra_francii,Niemeyera_whitei),Pichonia_novocaledonica,Trouettia_sp_Munzinger_696),(Pouteria_campechiana,Pouteria_domingensis,Pouteria_gardneriana,Pouteria_juruana,Pouteria_lucuma),(((Chrysophyllum_ogoouense,Chrysophyllum_pruniforme),Chrysophyllum_roxburghii),Chrysophyllum_bangweolense),((Delpydora_gracilis,Delpydora_macrophylla),(Pouteria_adolfi-friedericii,Pouteria_alnifolia)),((Chrysophyllum_boivinianum,Chrysophyllum_perpulchrum),Chrysophyllum_venezuelanense),((Pradosia_brevipes,Pradosia_schomburgkiana),Pradosia_surinamensis),(Aubregrinia_taiensis,Breviea_sericea),(Chrysophyllum_cainito,Chrysophyllum_oliviforme),(Ecclinusa_guianensis,Ecclinusa_ramiflora),(Englerophytum_magalismontanum,Englerophytum_natalense),(Micropholis_egensis,Micropholis_venulosa),(Omphalocarpum_pachysteloides,Omphalocarpum_strombocarpum),(Planchonella_baillonii,Beccariella_baueri),(Synsepalum_afzelii,Synsepalum_brevipes),(Synsepalum_dulcificum,Synsepalum_fleuryanum),Chrysophyllum_argenteum,Chrysophyllum_gonocarpum,Diploon_cuspidatum,Elaeoluma_schomburgkiana,Micropholis_guyanensis,Planchonella_australis,Pouteria_cinerea,Planchonella_eerwah,Pouteria_linggensis,Planchonella_myrsinoides,Planchonella_obovata,Planchonella_sandwicensis,Synsepalum_passargei,Sarcosperma_laurinum,Magodendron_mennyae),(((((Sideroxylon_lanuginosum,Sideroxylon_reclinatum),Sideroxylon_horridum),(Argania_spinosa,Sideroxylon_mascatense)),((((Sideroxylon_betsimisarakum,Sideroxylon_inerme),Sideroxylon_saxorum),Nesoluma_polynesiacum),Sideroxylon_marmulano),(Sideroxylon_foetidissimum,Sideroxylon_salicifolium)),((Diploknema_butyracea,Diploknema_oligomera),Capurodendron_mandrarense),((Lecomtedoxa_klaineana,Neolemonniera_clitandrifolia),Inhambanella_henriquezii),(Mimusops_comorensis,Mimusops_elengi,Mimusops_zeyheri),(Vitellariopsis_cuneata,Vitellariopsis_dispar,Vitellariopsis_kirkii),(Labramia_costata,Labramia_mayottensis),(Payena_acuminata,Payena_lucida),Autranella_congolensis,Burckella_macropoda,Faucherea_parvifolia,Madhuca_microphylla,Manilkara_hexandra,Manilkara_kauki,Manilkara_zapota,Northia_seychellana,Palaquium_formosanum,Tieghemella_heckelii))"
pgloadind   taxon mapping summary
pgloadind     taxon mapping OTT ID 603202 taxonomy "Leptostylis filipes->Leptostylis->Sapotaceae->Ericales->asterids->Pentapetalae->Gunneridae->eudicotyledons->Mesangiospermae->Magnoliophyta->Spermatophyta->Euphyllophyta->Tracheophyta->Embryophyta->Streptophyta->Chloroplastida->Archaeplastida->Eukaryota->cellular organisms->life" nexsonid "node505353"
pgloadind     taxon mapping OTT ID 603200 taxonomy "Leptostylis petiolata->Leptostylis->Sapotaceae->Ericales->asterids->Pentapetalae->Gunneridae->eudicotyledons->Mesangiospermae->Magnoliophyta->Spermatophyta->Euphyllophyta->Tracheophyta->Embryophyta->Streptophyta->Chloroplastida->Archaeplastida->Eukaryota->cellular organisms->life" nexsonid "node505354"
pgloadind     taxon mapping OTT ID 821008 taxonomy "Pycnandra francii->Pycnandra->Sapotaceae->Ericales->asterids->Pentapetalae->Gunneridae->eudicotyledons->Mesangiospermae->Magnoliophyta->Spermatophyta->Euphyllophyta->Tracheophyta->Embryophyta->Streptophyta->Chloroplastida->Archaeplastida->Eukaryota->cellular organisms->life" nexsonid "node505356"
pgloadind     taxon mapping OTT ID 551117 taxonomy "Niemeyera whitei->Niemeyera->Sapotaceae->Ericales->asterids->Pentapetalae->Gunneridae->eudicotyledons->Mesangiospermae->Magnoliophyta->Spermatophyta->Euphyllophyta->Tracheophyta->Embryophyta->Streptophyta->Chloroplastida->Archaeplastida->Eukaryota->cellular organisms->life" nexsonid "node505357"
pgloadind     taxon mapping OTT ID 29914 taxonomy "Pichonia novocaledonica->Pichonia->Sapotaceae->Ericales->asterids->Pentapetalae->Gunneridae->eudicotyledons->Mesangiospermae->Magnoliophyta->Spermatophyta->Euphyllophyta->Tracheophyta->Embryophyta->Streptophyta->Chloroplastida->Archaeplastida->Eukaryota->cellular organisms->life" nexsonid "node505358"
pgloadind     taxon mapping OTT ID 585261 taxonomy "Trouettia sp. Munzinger 696->Trouettia->Sapotaceae->Ericales->asterids->Pentapetalae->Gunneridae->eudicotyledons->Mesangiospermae->Magnoliophyta->Spermatophyta->Euphyllophyta->Tracheophyta->Embryophyta->Streptophyta->Chloroplastida->Archaeplastida->Eukaryota->cellular organisms->life" nexsonid "node505359"
pgloadind     taxon mapping OTT ID 29936 taxonomy "Pouteria campechiana->Pouteria->Sapotaceae->Ericales->asterids->Pentapetalae->Gunneridae->eudicotyledons->Mesangiospermae->Magnoliophyta->Spermatophyta->Euphyllophyta->Tracheophyta->Embryophyta->Streptophyta->Chloroplastida->Archaeplastida->Eukaryota->cellular organisms->life" nexsonid "node505361"
pgloadind     taxon mapping OTT ID 29909 taxonomy "Pouteria domingensis->Pouteria->Sapotaceae->Ericales->asterids->Pentapetalae->Gunneridae->eudicotyledons->Mesangiospermae->Magnoliophyta->Spermatophyta->Euphyllophyta->Tracheophyta->Embryophyta->Streptophyta->Chloroplastida->Archaeplastida->Eukaryota->cellular organisms->life" nexsonid "node505362"
pgloadind     taxon mapping OTT ID 1060081 taxonomy "Pouteria gardneriana->Pouteria->Sapotaceae->Ericales->asterids->Pentapetalae->Gunneridae->eudicotyledons->Mesangiospermae->Magnoliophyta->Spermatophyta->Euphyllophyta->Tracheophyta->Embryophyta->Streptophyta->Chloroplastida->Archaeplastida->Eukaryota->cellular organisms->life" nexsonid "node505363"
pgloadind     taxon mapping OTT ID 500994 taxonomy "Pouteria juruana->Pouteria->Sapotaceae->Ericales->asterids->Pentapetalae->Gunneridae->eudicotyledons->Mesangiospermae->Magnoliophyta->Spermatophyta->Euphyllophyta->Tracheophyta->Embryophyta->Streptophyta->Chloroplastida->Archaeplastida->Eukaryota->cellular organisms->life" nexsonid "node505364"
pgloadind     taxon mapping OTT ID 471855 taxonomy "Pouteria lucuma->Pouteria->Sapotaceae->Ericales->asterids->Pentapetalae->Gunneridae->eudicotyledons->Mesangiospermae->Magnoliophyta->Spermatophyta->Euphyllophyta->Tracheophyta->Embryophyta->Streptophyta->Chloroplastida->Archaeplastida->Eukaryota->cellular organisms->life" nexsonid "node505365"
pgloadind     taxon mapping OTT ID 163419 taxonomy "Chrysophyllum ogoouense->Chrysophyllum->Sapotaceae->Ericales->asterids->Pentapetalae->Gunneridae->eudicotyledons->Mesangiospermae->Magnoliophyta->Spermatophyta->Euphyllophyta->Tracheophyta->Embryophyta->Streptophyta->Chloroplastida->Archaeplastida->Eukaryota->cellular organisms->life" nexsonid "node505369"
pgloadind     taxon mapping OTT ID 163424 taxonomy "Chrysophyllum pruniforme->Chrysophyllum->Sapotaceae->Ericales->asterids->Pentapetalae->Gunneridae->eudicotyledons->Mesangiospermae->Magnoliophyta->Spermatophyta->Euphyllophyta->Tracheophyta->Embryophyta->Streptophyta->Chloroplastida->Archaeplastida->Eukaryota->cellular organisms->life" nexsonid "node505370"
pgloadind     taxon mapping OTT ID 163438 taxonomy "Chrysophyllum roxburghii->Chrysophyllum->Sapotaceae->Ericales->asterids->Pentapetalae->Gunneridae->eudicotyledons->Mesangiospermae->Magnoliophyta->Spermatophyta->Euphyllophyta->Tracheophyta->Embryophyta->Streptophyta->Chloroplastida->Archaeplastida->Eukaryota->cellular organisms->life" nexsonid "node505371"
pgloadind     taxon mapping OTT ID 163432 taxonomy "Chrysophyllum bangweolense->Chrysophyllum->Sapotaceae->Ericales->asterids->Pentapetalae->Gunneridae->eudicotyledons->Mesangiospermae->Magnoliophyta->Spermatophyta->Euphyllophyta->Tracheophyta->Embryophyta->Streptophyta->Chloroplastida->Archaeplastida->Eukaryota->cellular organisms->life" nexsonid "node505372"
pgloadind     taxon mapping OTT ID 379466 taxonomy "Delpydora gracilis->Delpydora->Sapotaceae->Ericales->asterids->Pentapetalae->Gunneridae->eudicotyledons->Mesangiospermae->Magnoliophyta->Spermatophyta->Euphyllophyta->Tracheophyta->Embryophyta->Streptophyta->Chloroplastida->Archaeplastida->Eukaryota->cellular organisms->life" nexsonid "node505375"
pgloadind     taxon mapping OTT ID 379467 taxonomy "Delpydora macrophylla->Delpydora->Sapotaceae->Ericales->asterids->Pentapetalae->Gunneridae->eudicotyledons->Mesangiospermae->Magnoliophyta->Spermatophyta->Euphyllophyta->Tracheophyta->Embryophyta->Streptophyta->Chloroplastida->Archaeplastida->Eukaryota->cellular organisms->life" nexsonid "node505376"
pgloadind     taxon mapping OTT ID 29917 taxonomy "Pouteria adolfi-friedericii->Pouteria->Sapotaceae->Ericales->asterids->Pentapetalae->Gunneridae->eudicotyledons->Mesangiospermae->Magnoliophyta->Spermatophyta->Euphyllophyta->Tracheophyta->Embryophyta->Streptophyta->Chloroplastida->Archaeplastida->Eukaryota->cellular organisms->life" nexsonid "node505378"
pgloadind     taxon mapping OTT ID 29919 taxonomy "Pouteria alnifolia->Pouteria->Sapotaceae->Ericales->asterids->Pentapetalae->Gunneridae->eudicotyledons->Mesangiospermae->Magnoliophyta->Spermatophyta->Euphyllophyta->Tracheophyta->Embryophyta->Streptophyta->Chloroplastida->Archaeplastida->Eukaryota->cellular organisms->life" nexsonid "node505379"
pgloadind     taxon mapping OTT ID 163434 taxonomy "Chrysophyllum boivinianum->Chrysophyllum->Sapotaceae->Ericales->asterids->Pentapetalae->Gunneridae->eudicotyledons->Mesangiospermae->Magnoliophyta->Spermatophyta->Euphyllophyta->Tracheophyta->Embryophyta->Streptophyta->Chloroplastida->Archaeplastida->Eukaryota->cellular organisms->life" nexsonid "node505382"
pgloadind     taxon mapping OTT ID 163426 taxonomy "Chrysophyllum perpulchrum->Chrysophyllum->Sapotaceae->Ericales->asterids->Pentapetalae->Gunneridae->eudicotyledons->Mesangiospermae->Magnoliophyta->Spermatophyta->Euphyllophyta->Tracheophyta->Embryophyta->Streptophyta->Chloroplastida->Archaeplastida->Eukaryota->cellular organisms->life" nexsonid "node505383"
pgloadind     taxon mapping OTT ID 163436 taxonomy "Chrysophyllum venezuelanense->Chrysophyllum->Sapotaceae->Ericales->asterids->Pentapetalae->Gunneridae->eudicotyledons->Mesangiospermae->Magnoliophyta->Spermatophyta->Euphyllophyta->Tracheophyta->Embryophyta->Streptophyta->Chloroplastida->Archaeplastida->Eukaryota->cellular organisms->life" nexsonid "node505384"
pgloadind     taxon mapping OTT ID 501012 taxonomy "Pradosia brevipes->Pradosia->Sapotaceae->Ericales->asterids->Pentapetalae->Gunneridae->eudicotyledons->Mesangiospermae->Magnoliophyta->Spermatophyta->Euphyllophyta->Tracheophyta->Embryophyta->Streptophyta->Chloroplastida->Archaeplastida->Eukaryota->cellular organisms->life" nexsonid "node505387"
pgloadind     taxon mapping OTT ID 1060079 taxonomy "Pradosia schomburgkiana->Pradosia->Sapotaceae->Ericales->asterids->Pentapetalae->Gunneridae->eudicotyledons->Mesangiospermae->Magnoliophyta->Spermatophyta->Euphyllophyta->Tracheophyta->Embryophyta->Streptophyta->Chloroplastida->Archaeplastida->Eukaryota->cellular organisms->life" nexsonid "node505388"
pgloadind     taxon mapping OTT ID 501010 taxonomy "Pradosia surinamensis->Pradosia->Sapotaceae->Ericales->asterids->Pentapetalae->Gunneridae->eudicotyledons->Mesangiospermae->Magnoliophyta->Spermatophyta->Euphyllophyta->Tracheophyta->Embryophyta->Streptophyta->Chloroplastida->Archaeplastida->Eukaryota->cellular organisms->life" nexsonid "node505389"
pgloadind     taxon mapping OTT ID 737942 taxonomy "Aubregrinia taiensis->Aubregrinia->Sapotaceae->Ericales->asterids->Pentapetalae->Gunneridae->eudicotyledons->Mesangiospermae->Magnoliophyta->Spermatophyta->Euphyllophyta->Tracheophyta->Embryophyta->Streptophyta->Chloroplastida->Archaeplastida->Eukaryota->cellular organisms->life" nexsonid "node505391"
pgloadind     taxon mapping OTT ID 163431 taxonomy "Breviea sericea->Breviea->Sapotaceae->Ericales->asterids->Pentapetalae->Gunneridae->eudicotyledons->Mesangiospermae->Magnoliophyta->Spermatophyta->Euphyllophyta->Tracheophyta->Embryophyta->Streptophyta->Chloroplastida->Archaeplastida->Eukaryota->cellular organisms->life" nexsonid "node505392"
pgloadind     taxon mapping OTT ID 329806 taxonomy "Chrysophyllum cainito->Chrysophyllum->Sapotaceae->Ericales->asterids->Pentapetalae->Gunneridae->eudicotyledons->Mesangiospermae->Magnoliophyta->Spermatophyta->Euphyllophyta->Tracheophyta->Embryophyta->Streptophyta->Chloroplastida->Archaeplastida->Eukaryota->cellular organisms->life" nexsonid "node505394"
pgloadind     taxon mapping OTT ID 692364 taxonomy "Chrysophyllum oliviforme->Chrysophyllum->Sapotaceae->Ericales->asterids->Pentapetalae->Gunneridae->eudicotyledons->Mesangiospermae->Magnoliophyta->Spermatophyta->Euphyllophyta->Tracheophyta->Embryophyta->Streptophyta->Chloroplastida->Archaeplastida->Eukaryota->cellular organisms->life" nexsonid "node505395"
pgloadind     taxon mapping OTT ID 1060087 taxonomy "Ecclinusa guianensis->Ecclinusa->Sapotaceae->Ericales->asterids->Pentapetalae->Gunneridae->eudicotyledons->Mesangiospermae->Magnoliophyta->Spermatophyta->Euphyllophyta->Tracheophyta->Embryophyta->Streptophyta->Chloroplastida->Archaeplastida->Eukaryota->cellular organisms->life" nexsonid "node505397"
pgloadind     taxon mapping OTT ID 379453 taxonomy "Ecclinusa ramiflora->Ecclinusa->Sapotaceae->Ericales->asterids->Pentapetalae->Gunneridae->eudicotyledons->Mesangiospermae->Magnoliophyta->Spermatophyta->Euphyllophyta->Tracheophyta->Embryophyta->Streptophyta->Chloroplastida->Archaeplastida->Eukaryota->cellular organisms->life" nexsonid "node505398"
pgloadind     taxon mapping OTT ID 904524 taxonomy "Englerophytum magalismontanum->Englerophytum->Sapotaceae->Ericales->asterids->Pentapetalae->Gunneridae->eudicotyledons->Mesangiospermae->Magnoliophyta->Spermatophyta->Euphyllophyta->Tracheophyta->Embryophyta->Streptophyta->Chloroplastida->Archaeplastida->Eukaryota->cellular organisms->life" nexsonid "node505400"
pgloadind     taxon mapping OTT ID 904523 taxonomy "Englerophytum natalense->Englerophytum->Sapotaceae->Ericales->asterids->Pentapetalae->Gunneridae->eudicotyledons->Mesangiospermae->Magnoliophyta->Spermatophyta->Euphyllophyta->Tracheophyta->Embryophyta->Streptophyta->Chloroplastida->Archaeplastida->Eukaryota->cellular organisms->life" nexsonid "node505401"
pgloadind     taxon mapping OTT ID 81560 taxonomy "Micropholis egensis->Micropholis->Sapotaceae->Ericales->asterids->Pentapetalae->Gunneridae->eudicotyledons->Mesangiospermae->Magnoliophyta->Spermatophyta->Euphyllophyta->Tracheophyta->Embryophyta->Streptophyta->Chloroplastida->Archaeplastida->Eukaryota->cellular organisms->life" nexsonid "node505406"
pgloadind     taxon mapping OTT ID 81556 taxonomy "Micropholis venulosa->Micropholis->Sapotaceae->Ericales->asterids->Pentapetalae->Gunneridae->eudicotyledons->Mesangiospermae->Magnoliophyta->Spermatophyta->Euphyllophyta->Tracheophyta->Embryophyta->Streptophyta->Chloroplastida->Archaeplastida->Eukaryota->cellular organisms->life" nexsonid "node505407"
pgloadind     taxon mapping OTT ID 551111 taxonomy "Omphalocarpum pachysteloides->Omphalocarpum->Sapotaceae->Ericales->asterids->Pentapetalae->Gunneridae->eudicotyledons->Mesangiospermae->Magnoliophyta->Spermatophyta->Euphyllophyta->Tracheophyta->Embryophyta->Streptophyta->Chloroplastida->Archaeplastida->Eukaryota->cellular organisms->life" nexsonid "node505409"
pgloadind     taxon mapping OTT ID 551110 taxonomy "Omphalocarpum strombocarpum->Omphalocarpum->Sapotaceae->Ericales->asterids->Pentapetalae->Gunneridae->eudicotyledons->Mesangiospermae->Magnoliophyta->Spermatophyta->Euphyllophyta->Tracheophyta->Embryophyta->Streptophyta->Chloroplastida->Archaeplastida->Eukaryota->cellular organisms->life" nexsonid "node505410"
pgloadind     taxon mapping OTT ID 29924 taxonomy "Planchonella baillonii->Planchonella->Sapotaceae->Ericales->asterids->Pentapetalae->Gunneridae->eudicotyledons->Mesangiospermae->Magnoliophyta->Spermatophyta->Euphyllophyta->Tracheophyta->Embryophyta->Streptophyta->Chloroplastida->Archaeplastida->Eukaryota->cellular organisms->life" nexsonid "node505412"
pgloadind     taxon mapping OTT ID 29932 taxonomy "Beccariella baueri->Beccariella->Sapotaceae->Ericales->asterids->Pentapetalae->Gunneridae->eudicotyledons->Mesangiospermae->Magnoliophyta->Spermatophyta->Euphyllophyta->Tracheophyta->Embryophyta->Streptophyta->Chloroplastida->Archaeplastida->Eukaryota->cellular organisms->life" nexsonid "node505413"
pgloadind     taxon mapping OTT ID 1077731 taxonomy "Synsepalum afzelii->Synsepalum->Sapotaceae->Ericales->asterids->Pentapetalae->Gunneridae->eudicotyledons->Mesangiospermae->Magnoliophyta->Spermatophyta->Euphyllophyta->Tracheophyta->Embryophyta->Streptophyta->Chloroplastida->Archaeplastida->Eukaryota->cellular organisms->life" nexsonid "node505415"
pgloadind     taxon mapping OTT ID 1077725 taxonomy "Synsepalum brevipes->Synsepalum->Sapotaceae->Ericales->asterids->Pentapetalae->Gunneridae->eudicotyledons->Mesangiospermae->Magnoliophyta->Spermatophyta->Euphyllophyta->Tracheophyta->Embryophyta->Streptophyta->Chloroplastida->Archaeplastida->Eukaryota->cellular organisms->life" nexsonid "node505416"
pgloadind     taxon mapping OTT ID 208039 taxonomy "Synsepalum dulcificum->Synsepalum->Sapotaceae->Ericales->asterids->Pentapetalae->Gunneridae->eudicotyledons->Mesangiospermae->Magnoliophyta->Spermatophyta->Euphyllophyta->Tracheophyta->Embryophyta->Streptophyta->Chloroplastida->Archaeplastida->Eukaryota->cellular organisms->life" nexsonid "node505418"
pgloadind     taxon mapping OTT ID 1077727 taxonomy "Synsepalum fleuryanum->Synsepalum->Sapotaceae->Ericales->asterids->Pentapetalae->Gunneridae->eudicotyledons->Mesangiospermae->Magnoliophyta->Spermatophyta->Euphyllophyta->Tracheophyta->Embryophyta->Streptophyta->Chloroplastida->Archaeplastida->Eukaryota->cellular organisms->life" nexsonid "node505419"
pgloadind     taxon mapping OTT ID 163428 taxonomy "Chrysophyllum argenteum->Chrysophyllum->Sapotaceae->Ericales->asterids->Pentapetalae->Gunneridae->eudicotyledons->Mesangiospermae->Magnoliophyta->Spermatophyta->Euphyllophyta->Tracheophyta->Embryophyta->Streptophyta->Chloroplastida->Archaeplastida->Eukaryota->cellular organisms->life" nexsonid "node505420"
pgloadind     taxon mapping OTT ID 163422 taxonomy "Chrysophyllum gonocarpum->Chrysophyllum->Sapotaceae->Ericales->asterids->Pentapetalae->Gunneridae->eudicotyledons->Mesangiospermae->Magnoliophyta->Spermatophyta->Euphyllophyta->Tracheophyta->Embryophyta->Streptophyta->Chloroplastida->Archaeplastida->Eukaryota->cellular organisms->life" nexsonid "node505421"
pgloadind     taxon mapping OTT ID 379463 taxonomy "Diploon cuspidatum->Diploon->Sapotaceae->Ericales->asterids->Pentapetalae->Gunneridae->eudicotyledons->Mesangiospermae->Magnoliophyta->Spermatophyta->Euphyllophyta->Tracheophyta->Embryophyta->Streptophyta->Chloroplastida->Archaeplastida->Eukaryota->cellular organisms->life" nexsonid "node505422"
pgloadind     taxon mapping OTT ID 904526 taxonomy "Elaeoluma schomburgkiana->Elaeoluma->Sapotaceae->Ericales->asterids->Pentapetalae->Gunneridae->eudicotyledons->Mesangiospermae->Magnoliophyta->Spermatophyta->Euphyllophyta->Tracheophyta->Embryophyta->Streptophyta->Chloroplastida->Archaeplastida->Eukaryota->cellular organisms->life" nexsonid "node505423"
pgloadind     taxon mapping OTT ID 81562 taxonomy "Micropholis guyanensis->Micropholis->Sapotaceae->Ericales->asterids->Pentapetalae->Gunneridae->eudicotyledons->Mesangiospermae->Magnoliophyta->Spermatophyta->Euphyllophyta->Tracheophyta->Embryophyta->Streptophyta->Chloroplastida->Archaeplastida->Eukaryota->cellular organisms->life" nexsonid "node505424"
pgloadind     taxon mapping OTT ID 29921 taxonomy "Planchonella australis->Planchonella->Sapotaceae->Ericales->asterids->Pentapetalae->Gunneridae->eudicotyledons->Mesangiospermae->Magnoliophyta->Spermatophyta->Euphyllophyta->Tracheophyta->Embryophyta->Streptophyta->Chloroplastida->Archaeplastida->Eukaryota->cellular organisms->life" nexsonid "node505425"
pgloadind     taxon mapping OTT ID 29907 taxonomy "Pouteria cinerea->Pouteria->Sapotaceae->Ericales->asterids->Pentapetalae->Gunneridae->eudicotyledons->Mesangiospermae->Magnoliophyta->Spermatophyta->Euphyllophyta->Tracheophyta->Embryophyta->Streptophyta->Chloroplastida->Archaeplastida->Eukaryota->cellular organisms->life" nexsonid "node505426"
pgloadind     taxon mapping OTT ID 406559 taxonomy "Planchonella eerwah->Planchonella->Sapotaceae->Ericales->asterids->Pentapetalae->Gunneridae->eudicotyledons->Mesangiospermae->Magnoliophyta->Spermatophyta->Euphyllophyta->Tracheophyta->Embryophyta->Streptophyta->Chloroplastida->Archaeplastida->Eukaryota->cellular organisms->life" nexsonid "node505427"
pgloadind     taxon mapping OTT ID 500992 taxonomy "Pouteria linggensis->Pouteria->Sapotaceae->Ericales->asterids->Pentapetalae->Gunneridae->eudicotyledons->Mesangiospermae->Magnoliophyta->Spermatophyta->Euphyllophyta->Tracheophyta->Embryophyta->Streptophyta->Chloroplastida->Archaeplastida->Eukaryota->cellular organisms->life" nexsonid "node505428"
pgloadind     taxon mapping OTT ID 501000 taxonomy "Planchonella myrsinoides->Planchonella->Sapotaceae->Ericales->asterids->Pentapetalae->Gunneridae->eudicotyledons->Mesangiospermae->Magnoliophyta->Spermatophyta->Euphyllophyta->Tracheophyta->Embryophyta->Streptophyta->Chloroplastida->Archaeplastida->Eukaryota->cellular organisms->life" nexsonid "node505429"
pgloadind     taxon mapping OTT ID 236826 taxonomy "Planchonella obovata->Planchonella->Sapotaceae->Ericales->asterids->Pentapetalae->Gunneridae->eudicotyledons->Mesangiospermae->Magnoliophyta->Spermatophyta->Euphyllophyta->Tracheophyta->Embryophyta->Streptophyta->Chloroplastida->Archaeplastida->Eukaryota->cellular organisms->life" nexsonid "node505430"
pgloadind     taxon mapping OTT ID 500996 taxonomy "Planchonella sandwicensis->Planchonella->Sapotaceae->Ericales->asterids->Pentapetalae->Gunneridae->eudicotyledons->Mesangiospermae->Magnoliophyta->Spermatophyta->Euphyllophyta->Tracheophyta->Embryophyta->Streptophyta->Chloroplastida->Archaeplastida->Eukaryota->cellular organisms->life" nexsonid "node505431"
pgloadind     taxon mapping OTT ID 1077733 taxonomy "Synsepalum passargei->Synsepalum->Sapotaceae->Ericales->asterids->Pentapetalae->Gunneridae->eudicotyledons->Mesangiospermae->Magnoliophyta->Spermatophyta->Euphyllophyta->Tracheophyta->Embryophyta->Streptophyta->Chloroplastida->Archaeplastida->Eukaryota->cellular organisms->life" nexsonid "node505432"
pgloadind     taxon mapping OTT ID 236821 taxonomy "Sarcosperma laurinum->Sarcosperma->Sapotaceae->Ericales->asterids->Pentapetalae->Gunneridae->eudicotyledons->Mesangiospermae->Magnoliophyta->Spermatophyta->Euphyllophyta->Tracheophyta->Embryophyta->Streptophyta->Chloroplastida->Archaeplastida->Eukaryota->cellular organisms->life" nexsonid "node505433"
pgloadind     taxon mapping OTT ID 1060085 taxonomy "Magodendron mennyae->Magodendron->Sapotaceae->Ericales->asterids->Pentapetalae->Gunneridae->eudicotyledons->Mesangiospermae->Magnoliophyta->Spermatophyta->Euphyllophyta->Tracheophyta->Embryophyta->Streptophyta->Chloroplastida->Archaeplastida->Eukaryota->cellular organisms->life" nexsonid "node505403"
pgloadind     taxon mapping OTT ID 792336 taxonomy "Sideroxylon lanuginosum->Sideroxylon->Sapotaceae->Ericales->asterids->Pentapetalae->Gunneridae->eudicotyledons->Mesangiospermae->Magnoliophyta->Spermatophyta->Euphyllophyta->Tracheophyta->Embryophyta->Streptophyta->Chloroplastida->Archaeplastida->Eukaryota->cellular organisms->life" nexsonid "node505439"
pgloadind     taxon mapping OTT ID 1077723 taxonomy "Sideroxylon reclinatum->Sideroxylon->Sapotaceae->Ericales->asterids->Pentapetalae->Gunneridae->eudicotyledons->Mesangiospermae->Magnoliophyta->Spermatophyta->Euphyllophyta->Tracheophyta->Embryophyta->Streptophyta->Chloroplastida->Archaeplastida->Eukaryota->cellular organisms->life" nexsonid "node505440"
pgloadind     taxon mapping OTT ID 501014 taxonomy "Sideroxylon horridum->Sideroxylon->Sapotaceae->Ericales->asterids->Pentapetalae->Gunneridae->eudicotyledons->Mesangiospermae->Magnoliophyta->Spermatophyta->Euphyllophyta->Tracheophyta->Embryophyta->Streptophyta->Chloroplastida->Archaeplastida->Eukaryota->cellular organisms->life" nexsonid "node505441"
pgloadind     taxon mapping OTT ID 406558 taxonomy "Argania spinosa->Argania->Sapotaceae->Ericales->asterids->Pentapetalae->Gunneridae->eudicotyledons->Mesangiospermae->Magnoliophyta->Spermatophyta->Euphyllophyta->Tracheophyta->Embryophyta->Streptophyta->Chloroplastida->Archaeplastida->Eukaryota->cellular organisms->life" nexsonid "node505443"
pgloadind     taxon mapping OTT ID 804007 taxonomy "Sideroxylon mascatense->Sideroxylon->Sapotaceae->Ericales->asterids->Pentapetalae->Gunneridae->eudicotyledons->Mesangiospermae->Magnoliophyta->Spermatophyta->Euphyllophyta->Tracheophyta->Embryophyta->Streptophyta->Chloroplastida->Archaeplastida->Eukaryota->cellular organisms->life" nexsonid "node505444"
pgloadind     taxon mapping OTT ID 501016 taxonomy "Sideroxylon betsimisarakum->Sideroxylon->Sapotaceae->Ericales->asterids->Pentapetalae->Gunneridae->eudicotyledons->Mesangiospermae->Magnoliophyta->Spermatophyta->Euphyllophyta->Tracheophyta->Embryophyta->Streptophyta->Chloroplastida->Archaeplastida->Eukaryota->cellular organisms->life" nexsonid "node505449"
pgloadind     taxon mapping OTT ID 1077721 taxonomy "Sideroxylon inerme->Sideroxylon->Sapotaceae->Ericales->asterids->Pentapetalae->Gunneridae->eudicotyledons->Mesangiospermae->Magnoliophyta->Spermatophyta->Euphyllophyta->Tracheophyta->Embryophyta->Streptophyta->Chloroplastida->Archaeplastida->Eukaryota->cellular organisms->life" nexsonid "node505450"
pgloadind     taxon mapping OTT ID 1077719 taxonomy "Sideroxylon saxorum->Sideroxylon->Sapotaceae->Ericales->asterids->Pentapetalae->Gunneridae->eudicotyledons->Mesangiospermae->Magnoliophyta->Spermatophyta->Euphyllophyta->Tracheophyta->Embryophyta->Streptophyta->Chloroplastida->Archaeplastida->Eukaryota->cellular organisms->life" nexsonid "node505451"
pgloadind     taxon mapping OTT ID 551121 taxonomy "Nesoluma polynesiacum->Nesoluma->Sapotaceae->Ericales->asterids->Pentapetalae->Gunneridae->eudicotyledons->Mesangiospermae->Magnoliophyta->Spermatophyta->Euphyllophyta->Tracheophyta->Embryophyta->Streptophyta->Chloroplastida->Archaeplastida->Eukaryota->cellular organisms->life" nexsonid "node505452"
pgloadind     taxon mapping OTT ID 1060077 taxonomy "Sideroxylon marmulano->Sideroxylon->Sapotaceae->Ericales->asterids->Pentapetalae->Gunneridae->eudicotyledons->Mesangiospermae->Magnoliophyta->Spermatophyta->Euphyllophyta->Tracheophyta->Embryophyta->Streptophyta->Chloroplastida->Archaeplastida->Eukaryota->cellular organisms->life" nexsonid "node505453"
pgloadind     taxon mapping OTT ID 13606 taxonomy "Sideroxylon foetidissimum->Sideroxylon->Sapotaceae->Ericales->asterids->Pentapetalae->Gunneridae->eudicotyledons->Mesangiospermae->Magnoliophyta->Spermatophyta->Euphyllophyta->Tracheophyta->Embryophyta->Streptophyta->Chloroplastida->Archaeplastida->Eukaryota->cellular organisms->life" nexsonid "node505455"
pgloadind     taxon mapping OTT ID 1077717 taxonomy "Sideroxylon salicifolium->Sideroxylon->Sapotaceae->Ericales->asterids->Pentapetalae->Gunneridae->eudicotyledons->Mesangiospermae->Magnoliophyta->Spermatophyta->Euphyllophyta->Tracheophyta->Embryophyta->Streptophyta->Chloroplastida->Archaeplastida->Eukaryota->cellular organisms->life" nexsonid "node505456"
pgloadind     taxon mapping OTT ID 379456 taxonomy "Diploknema butyracea->Diploknema->Sapotaceae->Ericales->asterids->Pentapetalae->Gunneridae->eudicotyledons->Mesangiospermae->Magnoliophyta->Spermatophyta->Euphyllophyta->Tracheophyta->Embryophyta->Streptophyta->Chloroplastida->Archaeplastida->Eukaryota->cellular organisms->life" nexsonid "node505459"
pgloadind     taxon mapping OTT ID 1060088 taxonomy "Diploknema oligomera->Diploknema->Sapotaceae->Ericales->asterids->Pentapetalae->Gunneridae->eudicotyledons->Mesangiospermae->Magnoliophyta->Spermatophyta->Euphyllophyta->Tracheophyta->Embryophyta->Streptophyta->Chloroplastida->Archaeplastida->Eukaryota->cellular organisms->life" nexsonid "node505460"
pgloadind     taxon mapping OTT ID 112004 taxonomy "Capurodendron mandrarense->Capurodendron->Sapotaceae->Ericales->asterids->Pentapetalae->Gunneridae->eudicotyledons->Mesangiospermae->Magnoliophyta->Spermatophyta->Euphyllophyta->Tracheophyta->Embryophyta->Streptophyta->Chloroplastida->Archaeplastida->Eukaryota->cellular organisms->life" nexsonid "node505461"
pgloadind     taxon mapping OTT ID 603213 taxonomy "Lecomtedoxa klaineana->Lecomtedoxa->Sapotaceae->Ericales->asterids->Pentapetalae->Gunneridae->eudicotyledons->Mesangiospermae->Magnoliophyta->Spermatophyta->Euphyllophyta->Tracheophyta->Embryophyta->Streptophyta->Chloroplastida->Archaeplastida->Eukaryota->cellular organisms->life" nexsonid "node505464"
pgloadind     taxon mapping OTT ID 81546 taxonomy "Neolemonniera clitandrifolia->Neolemonniera->Sapotaceae->Ericales->asterids->Pentapetalae->Gunneridae->eudicotyledons->Mesangiospermae->Magnoliophyta->Spermatophyta->Euphyllophyta->Tracheophyta->Embryophyta->Streptophyta->Chloroplastida->Archaeplastida->Eukaryota->cellular organisms->life" nexsonid "node505465"
pgloadind     taxon mapping OTT ID 3901429 taxonomy "Inhambanella henriquezii->Inhambanella->Sapotaceae->Ericales->asterids->Pentapetalae->Gunneridae->eudicotyledons->Mesangiospermae->Magnoliophyta->Spermatophyta->Euphyllophyta->Tracheophyta->Embryophyta->Streptophyta->Chloroplastida->Archaeplastida->Eukaryota->cellular organisms->life" nexsonid "node505466"
pgloadind     taxon mapping OTT ID 81552 taxonomy "Mimusops comorensis->Mimusops->Sapotaceae->Ericales->asterids->Pentapetalae->Gunneridae->eudicotyledons->Mesangiospermae->Magnoliophyta->Spermatophyta->Euphyllophyta->Tracheophyta->Embryophyta->Streptophyta->Chloroplastida->Archaeplastida->Eukaryota->cellular organisms->life" nexsonid "node505468"
pgloadind     taxon mapping OTT ID 81554 taxonomy "Mimusops elengi->Mimusops->Sapotaceae->Ericales->asterids->Pentapetalae->Gunneridae->eudicotyledons->Mesangiospermae->Magnoliophyta->Spermatophyta->Euphyllophyta->Tracheophyta->Embryophyta->Streptophyta->Chloroplastida->Archaeplastida->Eukaryota->cellular organisms->life" nexsonid "node505469"
pgloadind     taxon mapping OTT ID 81549 taxonomy "Mimusops zeyheri->Mimusops->Sapotaceae->Ericales->asterids->Pentapetalae->Gunneridae->eudicotyledons->Mesangiospermae->Magnoliophyta->Spermatophyta->Euphyllophyta->Tracheophyta->Embryophyta->Streptophyta->Chloroplastida->Archaeplastida->Eukaryota->cellular organisms->life" nexsonid "node505470"
pgloadind     taxon mapping OTT ID 450614 taxonomy "Vitellariopsis cuneata->Vitellariopsis->Sapotaceae->Ericales->asterids->Pentapetalae->Gunneridae->eudicotyledons->Mesangiospermae->Magnoliophyta->Spermatophyta->Euphyllophyta->Tracheophyta->Embryophyta->Streptophyta->Chloroplastida->Archaeplastida->Eukaryota->cellular organisms->life" nexsonid "node505472"
pgloadind     taxon mapping OTT ID 1060075 taxonomy "Vitellariopsis dispar->Vitellariopsis->Sapotaceae->Ericales->asterids->Pentapetalae->Gunneridae->eudicotyledons->Mesangiospermae->Magnoliophyta->Spermatophyta->Euphyllophyta->Tracheophyta->Embryophyta->Streptophyta->Chloroplastida->Archaeplastida->Eukaryota->cellular organisms->life" nexsonid "node505473"
pgloadind     taxon mapping OTT ID 533773 taxonomy "Vitellariopsis kirkii->Vitellariopsis->Sapotaceae->Ericales->asterids->Pentapetalae->Gunneridae->eudicotyledons->Mesangiospermae->Magnoliophyta->Spermatophyta->Euphyllophyta->Tracheophyta->Embryophyta->Streptophyta->Chloroplastida->Archaeplastida->Eukaryota->cellular organisms->life" nexsonid "node505474"
pgloadind     taxon mapping OTT ID 904519 taxonomy "Labramia costata->Labramia->Sapotaceae->Ericales->asterids->Pentapetalae->Gunneridae->eudicotyledons->Mesangiospermae->Magnoliophyta->Spermatophyta->Euphyllophyta->Tracheophyta->Embryophyta->Streptophyta->Chloroplastida->Archaeplastida->Eukaryota->cellular organisms->life" nexsonid "node505476"
pgloadind     taxon mapping OTT ID 603210 taxonomy "Labramia mayottensis->Labramia->Sapotaceae->Ericales->asterids->Pentapetalae->Gunneridae->eudicotyledons->Mesangiospermae->Magnoliophyta->Spermatophyta->Euphyllophyta->Tracheophyta->Embryophyta->Streptophyta->Chloroplastida->Archaeplastida->Eukaryota->cellular organisms->life" nexsonid "node505477"
pgloadind     taxon mapping OTT ID 1060083 taxonomy "Payena acuminata->Payena->Sapotaceae->Ericales->asterids->Pentapetalae->Gunneridae->eudicotyledons->Mesangiospermae->Magnoliophyta->Spermatophyta->Euphyllophyta->Tracheophyta->Embryophyta->Streptophyta->Chloroplastida->Archaeplastida->Eukaryota->cellular organisms->life" nexsonid "node505479"
pgloadind     taxon mapping OTT ID 551124 taxonomy "Payena lucida->Payena->Sapotaceae->Ericales->asterids->Pentapetalae->Gunneridae->eudicotyledons->Mesangiospermae->Magnoliophyta->Spermatophyta->Euphyllophyta->Tracheophyta->Embryophyta->Streptophyta->Chloroplastida->Archaeplastida->Eukaryota->cellular organisms->life" nexsonid "node505480"
pgloadind     taxon mapping OTT ID 737947 taxonomy "Autranella congolensis->Autranella->Sapotaceae->Ericales->asterids->Pentapetalae->Gunneridae->eudicotyledons->Mesangiospermae->Magnoliophyta->Spermatophyta->Euphyllophyta->Tracheophyta->Embryophyta->Streptophyta->Chloroplastida->Archaeplastida->Eukaryota->cellular organisms->life" nexsonid "node505481"
pgloadind     taxon mapping OTT ID 585262 taxonomy "Burckella macropoda->Burckella->Sapotaceae->Ericales->asterids->Pentapetalae->Gunneridae->eudicotyledons->Mesangiospermae->Magnoliophyta->Spermatophyta->Euphyllophyta->Tracheophyta->Embryophyta->Streptophyta->Chloroplastida->Archaeplastida->Eukaryota->cellular organisms->life" nexsonid "node505482"
pgloadind     taxon mapping OTT ID 904530 taxonomy "Faucherea parvifolia->Faucherea->Sapotaceae->Ericales->asterids->Pentapetalae->Gunneridae->eudicotyledons->Mesangiospermae->Magnoliophyta->Spermatophyta->Euphyllophyta->Tracheophyta->Embryophyta->Streptophyta->Chloroplastida->Archaeplastida->Eukaryota->cellular organisms->life" nexsonid "node505483"
pgloadind     taxon mapping OTT ID 236835 taxonomy "Madhuca microphylla->Madhuca->Sapotaceae->Ericales->asterids->Pentapetalae->Gunneridae->eudicotyledons->Mesangiospermae->Magnoliophyta->Spermatophyta->Euphyllophyta->Tracheophyta->Embryophyta->Streptophyta->Chloroplastida->Archaeplastida->Eukaryota->cellular organisms->life" nexsonid "node505484"
pgloadind     taxon mapping OTT ID 603207 taxonomy "Manilkara hexandra->Manilkara->Sapotaceae->Ericales->asterids->Pentapetalae->Gunneridae->eudicotyledons->Mesangiospermae->Magnoliophyta->Spermatophyta->Euphyllophyta->Tracheophyta->Embryophyta->Streptophyta->Chloroplastida->Archaeplastida->Eukaryota->cellular organisms->life" nexsonid "node505485"
pgloadind     taxon mapping OTT ID 603204 taxonomy "Manilkara kauki->Manilkara->Sapotaceae->Ericales->asterids->Pentapetalae->Gunneridae->eudicotyledons->Mesangiospermae->Magnoliophyta->Spermatophyta->Euphyllophyta->Tracheophyta->Embryophyta->Streptophyta->Chloroplastida->Archaeplastida->Eukaryota->cellular organisms->life" nexsonid "node505486"
pgloadind     taxon mapping OTT ID 208052 taxonomy "Manilkara zapota->Manilkara->Sapotaceae->Ericales->asterids->Pentapetalae->Gunneridae->eudicotyledons->Mesangiospermae->Magnoliophyta->Spermatophyta->Euphyllophyta->Tracheophyta->Embryophyta->Streptophyta->Chloroplastida->Archaeplastida->Eukaryota->cellular organisms->life" nexsonid "node505487"
pgloadind     taxon mapping OTT ID 3901413 taxonomy "Northia seychellana->Northia->Sapotaceae->Ericales->asterids->Pentapetalae->Gunneridae->eudicotyledons->Mesangiospermae->Magnoliophyta->Spermatophyta->Euphyllophyta->Tracheophyta->Embryophyta->Streptophyta->Chloroplastida->Archaeplastida->Eukaryota->cellular organisms->life" nexsonid "node505488"
pgloadind     taxon mapping OTT ID 236824 taxonomy "Palaquium formosanum->Palaquium->Sapotaceae->Ericales->asterids->Pentapetalae->Gunneridae->eudicotyledons->Mesangiospermae->Magnoliophyta->Spermatophyta->Euphyllophyta->Tracheophyta->Embryophyta->Streptophyta->Chloroplastida->Archaeplastida->Eukaryota->cellular organisms->life" nexsonid "node505489"
pgloadind     taxon mapping OTT ID 450618 taxonomy "Tieghemella heckelii->Tieghemella->Sapotaceae->Ericales->asterids->Pentapetalae->Gunneridae->eudicotyledons->Mesangiospermae->Magnoliophyta->Spermatophyta->Euphyllophyta->Tracheophyta->Embryophyta->Streptophyta->Chloroplastida->Archaeplastida->Eukaryota->cellular organisms->life" nexsonid "node505490"
done fixing name
pgloadind Finished with attempts to fix names
pgloadind   Checking for uniqueness of OTT IDs tree id "1958"
pgloadind   Adding tree to graph tree id "1958"
all trees have all taxa: false
	using bipartition technique
attempting to remap tips to deepest exemplified taxa
	Madhuca microphylla was remapped to 'Madhuca' (id=2778057)
	Trouettia sp. Munzinger 696 was remapped to 'Trouettia' (id=2777727)
	Aubregrinia taiensis was remapped to 'Aubregrinia' (id=2778043)
	Argania spinosa was remapped to 'Argania' (id=2776585)
	Magodendron mennyae was remapped to 'Magodendron' (id=2779069)
	Autranella congolensis was remapped to 'Autranella' (id=2778036)
	Beccariella baueri was remapped to 'Beccariella' (id=2778368)
	Lecomtedoxa klaineana was remapped to 'Lecomtedoxa' (id=2777992)
	Sarcosperma laurinum was remapped to 'Sarcosperma' (id=2776060)
	Inhambanella henriquezii was remapped to 'Inhambanella' (id=2778564)
	Faucherea parvifolia was remapped to 'Faucherea' (id=2778571)
	Neolemonniera clitandrifolia was remapped to 'Neolemonniera' (id=2774796)
	Elaeoluma schomburgkiana was remapped to 'Elaeoluma' (id=2776502)
	Palaquium formosanum was remapped to 'Palaquium' (id=2776081)
	Capurodendron mandrarense was remapped to 'Capurodendron' (id=2778968)
	Tieghemella heckelii was remapped to 'Tieghemella' (id=2779257)
	Diploon cuspidatum was remapped to 'Diploon' (id=2776526)
	Burckella macropoda was remapped to 'Burckella' (id=2779012)
	Niemeyera whitei was remapped to 'Niemeyera' (id=2776753)
	Pichonia novocaledonica was remapped to 'Pichonia' (id=2774739)
	Northia seychellana was remapped to 'Northia' (id=2776700)
	Nesoluma polynesiacum was remapped to 'Nesoluma' (id=2774788)
	Pycnandra francii was remapped to 'Pycnandra' (id=2777730)
	Breviea sericea was remapped to 'Breviea' (id=2778047)
this is the ROOT
placing root in index
Dealing with metadata property: id
Dealing with metadata property: ot:studyPublicationReference
Adding property 'ot:studyPublicationReference': Swenson, U., & Anderberg, A. A. 2005. Phylogeny, character evolution, and classification of Sapotaceae (Ericales). Cladistics 21: 101-130
Dealing with metadata property: ot:studyYear
Adding property 'ot:studyYear': 2005
Dealing with metadata property: ot:inGroupClade
Adding property 'ot:inGroupClade': node505349
Dealing with metadata property: ot:curatorName
Adding property 'ot:curatorName': bryan drew
Dealing with metadata property: ot:studyPublication
Adding property 'ot:studyPublication': http://dx.doi.org/10.1111/j.1096-0031.2005.00056.x
Dealing with metadata property: ot:curatedType
Adding property 'ot:curatedType': MP Strict consensus tree
Dealing with metadata property: ot:studyId
Adding property 'ot:studyId': 1015
Committing nodes: 140
