pgloadind OTUs number 70
pgloadind Processing tree @id "2158"
pgloadind   tree info number nodes 125
pgloadind   tree info number edges 124
pgloadind   tree info ingroup "node530512"
pgloadind   Setting ingroup root node.
pgloadind   Ingested tree number of external nodes 58
pgloadind   property added ot:studyPublicationReference "Molina, J., & Struwe, L. (2009). Utility of Secondary Structure in Phylogenetic Reconstructions Using nrDNA ITS Sequences-An Example from Potalieae (Gentianaceae: Asteridae). Systematic Botany, 34(2), 414-428."
pgloadind   property added ot:studyPublication "http://dx.doi.org/10.1600/036364409788606424"
pgloadind   property added ot:curatorName "bryan drew"
pgloadind   property added ot:dataDeposit "http://purl.org/phylo/treebase/phylows/study/TB2:S2174"
pgloadind   property added ot:studyId "1098"
pgloadind   property added ot:studyYear "2008"
pgloadind   property added ot:focalClade "816899"
pgloadind   property added ot:focalCladeOTTTaxonName "Gentianaceae"
pgloadind   property added ot:inGroupClade "node530512"
pgloadind   property added ot:curatedType "Fig. 5A"
pgloadind Processing tree @id "2159"
pgloadind   tree info number nodes 124
pgloadind   tree info number edges 123
pgloadind   tree info ingroup "node530637"
pgloadind   Setting ingroup root node.
pgloadind   Ingested tree number of external nodes 58
pgloadind   property added ot:studyPublicationReference "Molina, J., & Struwe, L. (2009). Utility of Secondary Structure in Phylogenetic Reconstructions Using nrDNA ITS Sequences-An Example from Potalieae (Gentianaceae: Asteridae). Systematic Botany, 34(2), 414-428."
pgloadind   property added ot:studyPublication "http://dx.doi.org/10.1600/036364409788606424"
pgloadind   property added ot:curatorName "bryan drew"
pgloadind   property added ot:dataDeposit "http://purl.org/phylo/treebase/phylows/study/TB2:S2174"
pgloadind   property added ot:studyId "1098"
pgloadind   property added ot:studyYear "2008"
pgloadind   property added ot:focalClade "816899"
pgloadind   property added ot:focalCladeOTTTaxonName "Gentianaceae"
pgloadind   property added ot:inGroupClade "node530637"
pgloadind   property added ot:curatedType "Fig. 4"
pgloadind Processing tree @id "2161"
pgloadind   tree info number nodes 124
pgloadind   tree info number edges 123
pgloadind   tree info ingroup "node530886"
pgloadind   Setting ingroup root node.
pgloadind   Ingested tree number of external nodes 58
pgloadind   property added ot:studyPublicationReference "Molina, J., & Struwe, L. (2009). Utility of Secondary Structure in Phylogenetic Reconstructions Using nrDNA ITS Sequences-An Example from Potalieae (Gentianaceae: Asteridae). Systematic Botany, 34(2), 414-428."
pgloadind   property added ot:studyPublication "http://dx.doi.org/10.1600/036364409788606424"
pgloadind   property added ot:curatorName "bryan drew"
pgloadind   property added ot:dataDeposit "http://purl.org/phylo/treebase/phylows/study/TB2:S2174"
pgloadind   property added ot:studyId "1098"
pgloadind   property added ot:studyYear "2008"
pgloadind   property added ot:focalClade "816899"
pgloadind   property added ot:focalCladeOTTTaxonName "Gentianaceae"
pgloadind   property added ot:inGroupClade "node530886"
pgloadind   property added ot:curatedType "Fig. 3"
loading a specific tree: 2161
skipping tree: 2158
skipping tree: 2159
pgloadind conducting TNRS on trees
pgloadind   name fixing on tree tree id "2161"
pgloadind   all nodes have ottIds
pgloadind     OTT ID reused in tree
pgloadind       duplicate name "Lisianthius seemannii" nexsonid "node530895"
pgloadind       duplicate OTT ID 12439
pgloadind     OTT ID reused in tree
pgloadind       duplicate name "Lisianthius seemannii" nexsonid "node530896"
pgloadind       duplicate OTT ID 12439
pgloadind     OTT ID reused in tree
pgloadind       duplicate name "Lisianthius saponarioides" nexsonid "node530915"
pgloadind       duplicate OTT ID 1023584
pgloadind     OTT ID reused in tree
pgloadind       duplicate name "Lisianthius brevidentatus" nexsonid "node530918"
pgloadind       duplicate OTT ID 470777
pgloadind     OTT ID reused in tree
pgloadind       duplicate name "Lisianthius cuspidatus" nexsonid "node530926"
pgloadind       duplicate OTT ID 946058
pgloadind     OTT ID reused in tree
pgloadind       duplicate name "Lisianthius nigrescens" nexsonid "node530934"
pgloadind       duplicate OTT ID 70029
pgloadind     OTT ID reused in tree
pgloadind       duplicate name "Lisianthius nigrescens" nexsonid "node530935"
pgloadind       duplicate OTT ID 70029
pgloadind     OTT ID reused in tree
pgloadind       duplicate name "Enicostema verticillatum" nexsonid "node530943"
pgloadind       duplicate OTT ID 633061
pgloadind     OTT ID reused in tree
pgloadind       duplicate name "Fagraea racemosa" nexsonid "node530959"
pgloadind       duplicate OTT ID 365383
pgloadind     OTT ID reused in tree
pgloadind       duplicate name "Fagraea fragrans" nexsonid "node530964"
pgloadind       duplicate OTT ID 271355
pgloadind     OTT ID reused in tree
pgloadind       duplicate name "Potalia amara" nexsonid "node530980"
pgloadind       duplicate OTT ID 435049
pgloadind     OTT ID reused in tree
pgloadind       duplicate name "Potalia resinifera" nexsonid "node530985"
pgloadind       duplicate OTT ID 435047
pgloadind     OTT ID reused in tree
pgloadind       duplicate name "Potalia resinifera" nexsonid "node530986"
pgloadind       duplicate OTT ID 435047
pgloadind     pruning dups and overlapping name "Lisianthius cuspidatus" nexsonid "node530926"
pgloadind     pruning dups and overlapping name "Lisianthius brevidentatus" nexsonid "node530918"
pgloadind     pruning dups and overlapping name "Enicostema verticillatum" nexsonid "node530943"
pgloadind     pruning dups and overlapping name "Lisianthius seemannii" nexsonid "node530895"
pgloadind     pruning dups and overlapping name "Fagraea fragrans" nexsonid "node530964"
pgloadind     pruning dups and overlapping name "Fagraea racemosa" nexsonid "node530959"
pgloadind     pruning dups and overlapping name "Potalia amara" nexsonid "node530980"
pgloadind     pruning dups and overlapping name "Lisianthius seemannii" nexsonid "node530896"
pgloadind     pruning dups and overlapping name "Lisianthius nigrescens" nexsonid "node530934"
pgloadind     pruning dups and overlapping name "Potalia resinifera" nexsonid "node530985"
pgloadind     pruning dups and overlapping name "Lisianthius saponarioides" nexsonid "node530915"
pgloadind     pruning dups and overlapping name "Potalia resinifera" nexsonid "node530986"
pgloadind     pruning dups and overlapping name "Lisianthius nigrescens" nexsonid "node530935"
pgloadind   postpruning newick tree "(((((Lisianthius_troyanus,Lisianthius_cordifolius,Lisianthius_longifolius,(Lisianthius_domingensis,Lisianthius_glandulosus,Lisianthius_laxiflorus),Lisianthius_adamsii,Lisianthius_umbellatus,Lisianthius_capitatus,Lisianthius_exsertus,((Lisianthius_jefensis,Lisianthius_skinneri),Lisianthius_auratus),Lisianthius_seemannii),(((Lisianthius_saponarioides,Lisianthius_brevidentatus),((Lisianthius_axillaris,(Lisianthius_viscidiflorus,Lisianthius_cuspidatus)),((Lisianthius_quichensis,Lisianthius_acuminatus),(Lisianthius_oreopolus,Lisianthius_nigrescens)))),Bisgoeppertia_scandens)),Neurotheca_loeselioides),((Enicostema_axillare,Enicostema_verticillatum),Urogentias_ulugurensis)),(((((Fagraea_berteroana,Fagraea_salticola),(Fagraea_ceilanica,Fagraea_macroscypha)),(Fagraea_elliptica,Fagraea_racemosa)),(Fagraea_gracilipes,Fagraea_fragrans)),(((Anthocleista_amplexicaulis,Anthocleista_vogelii),(Anthocleista_scandens,(Anthocleista_schweinfurthii,Anthocleista_grandiflora))),((Potalia_maguireorum,Potalia_amara,Potalia_resinifera),Potalia_elegans))))"
pgloadind   taxon mapping summary
pgloadind     taxon mapping OTT ID 180257 taxonomy "Lisianthius troyanus->Lisianthius->Potalieae->Gentianaceae->Gentianales->lamiids->asterids->Pentapetalae->Gunneridae->eudicotyledons->Mesangiospermae->Magnoliophyta->Spermatophyta->Euphyllophyta->Tracheophyta->Embryophyta->Streptophyta->Chloroplastida->Archaeplastida->Eukaryota->cellular organisms->life" nexsonid "node530891"
pgloadind     taxon mapping OTT ID 946061 taxonomy "Lisianthius cordifolius->Lisianthius->Potalieae->Gentianaceae->Gentianales->lamiids->asterids->Pentapetalae->Gunneridae->eudicotyledons->Mesangiospermae->Magnoliophyta->Spermatophyta->Euphyllophyta->Tracheophyta->Embryophyta->Streptophyta->Chloroplastida->Archaeplastida->Eukaryota->cellular organisms->life" nexsonid "node530892"
pgloadind     taxon mapping OTT ID 860107 taxonomy "Lisianthius longifolius->Lisianthius->Potalieae->Gentianaceae->Gentianales->lamiids->asterids->Pentapetalae->Gunneridae->eudicotyledons->Mesangiospermae->Magnoliophyta->Spermatophyta->Euphyllophyta->Tracheophyta->Embryophyta->Streptophyta->Chloroplastida->Archaeplastida->Eukaryota->cellular organisms->life" nexsonid "node530897"
pgloadind     taxon mapping OTT ID 946056 taxonomy "Lisianthius domingensis->Lisianthius->Potalieae->Gentianaceae->Gentianales->lamiids->asterids->Pentapetalae->Gunneridae->eudicotyledons->Mesangiospermae->Magnoliophyta->Spermatophyta->Euphyllophyta->Tracheophyta->Embryophyta->Streptophyta->Chloroplastida->Archaeplastida->Eukaryota->cellular organisms->life" nexsonid "node530899"
pgloadind     taxon mapping OTT ID 946066 taxonomy "Lisianthius glandulosus->Lisianthius->Potalieae->Gentianaceae->Gentianales->lamiids->asterids->Pentapetalae->Gunneridae->eudicotyledons->Mesangiospermae->Magnoliophyta->Spermatophyta->Euphyllophyta->Tracheophyta->Embryophyta->Streptophyta->Chloroplastida->Archaeplastida->Eukaryota->cellular organisms->life" nexsonid "node530900"
pgloadind     taxon mapping OTT ID 860106 taxonomy "Lisianthius laxiflorus->Lisianthius->Potalieae->Gentianaceae->Gentianales->lamiids->asterids->Pentapetalae->Gunneridae->eudicotyledons->Mesangiospermae->Magnoliophyta->Spermatophyta->Euphyllophyta->Tracheophyta->Embryophyta->Streptophyta->Chloroplastida->Archaeplastida->Eukaryota->cellular organisms->life" nexsonid "node530901"
pgloadind     taxon mapping OTT ID 1067646 taxonomy "Lisianthius adamsii->Lisianthius->Potalieae->Gentianaceae->Gentianales->lamiids->asterids->Pentapetalae->Gunneridae->eudicotyledons->Mesangiospermae->Magnoliophyta->Spermatophyta->Euphyllophyta->Tracheophyta->Embryophyta->Streptophyta->Chloroplastida->Archaeplastida->Eukaryota->cellular organisms->life" nexsonid "node530902"
pgloadind     taxon mapping OTT ID 420228 taxonomy "Lisianthius umbellatus->Lisianthius->Potalieae->Gentianaceae->Gentianales->lamiids->asterids->Pentapetalae->Gunneridae->eudicotyledons->Mesangiospermae->Magnoliophyta->Spermatophyta->Euphyllophyta->Tracheophyta->Embryophyta->Streptophyta->Chloroplastida->Archaeplastida->Eukaryota->cellular organisms->life" nexsonid "node530903"
pgloadind     taxon mapping OTT ID 470779 taxonomy "Lisianthius capitatus->Lisianthius->Potalieae->Gentianaceae->Gentianales->lamiids->asterids->Pentapetalae->Gunneridae->eudicotyledons->Mesangiospermae->Magnoliophyta->Spermatophyta->Euphyllophyta->Tracheophyta->Embryophyta->Streptophyta->Chloroplastida->Archaeplastida->Eukaryota->cellular organisms->life" nexsonid "node530904"
pgloadind     taxon mapping OTT ID 946053 taxonomy "Lisianthius exsertus->Lisianthius->Potalieae->Gentianaceae->Gentianales->lamiids->asterids->Pentapetalae->Gunneridae->eudicotyledons->Mesangiospermae->Magnoliophyta->Spermatophyta->Euphyllophyta->Tracheophyta->Embryophyta->Streptophyta->Chloroplastida->Archaeplastida->Eukaryota->cellular organisms->life" nexsonid "node530905"
pgloadind     taxon mapping OTT ID 890186 taxonomy "Lisianthius jefensis->Lisianthius->Potalieae->Gentianaceae->Gentianales->lamiids->asterids->Pentapetalae->Gunneridae->eudicotyledons->Mesangiospermae->Magnoliophyta->Spermatophyta->Euphyllophyta->Tracheophyta->Embryophyta->Streptophyta->Chloroplastida->Archaeplastida->Eukaryota->cellular organisms->life" nexsonid "node530908"
pgloadind     taxon mapping OTT ID 1023646 taxonomy "Lisianthius skinneri->Lisianthius->Potalieae->Gentianaceae->Gentianales->lamiids->asterids->Pentapetalae->Gunneridae->eudicotyledons->Mesangiospermae->Magnoliophyta->Spermatophyta->Euphyllophyta->Tracheophyta->Embryophyta->Streptophyta->Chloroplastida->Archaeplastida->Eukaryota->cellular organisms->life" nexsonid "node530909"
pgloadind     taxon mapping OTT ID 470788 taxonomy "Lisianthius auratus->Lisianthius->Potalieae->Gentianaceae->Gentianales->lamiids->asterids->Pentapetalae->Gunneridae->eudicotyledons->Mesangiospermae->Magnoliophyta->Spermatophyta->Euphyllophyta->Tracheophyta->Embryophyta->Streptophyta->Chloroplastida->Archaeplastida->Eukaryota->cellular organisms->life" nexsonid "node530910"
pgloadind     taxon mapping OTT ID 12439 taxonomy "Lisianthius seemannii->Lisianthius->Potalieae->Gentianaceae->Gentianales->lamiids->asterids->Pentapetalae->Gunneridae->eudicotyledons->Mesangiospermae->Magnoliophyta->Spermatophyta->Euphyllophyta->Tracheophyta->Embryophyta->Streptophyta->Chloroplastida->Archaeplastida->Eukaryota->cellular organisms->life" nexsonid "node530894"
pgloadind     taxon mapping OTT ID 1023584 taxonomy "Lisianthius saponarioides->Lisianthius->Potalieae->Gentianaceae->Gentianales->lamiids->asterids->Pentapetalae->Gunneridae->eudicotyledons->Mesangiospermae->Magnoliophyta->Spermatophyta->Euphyllophyta->Tracheophyta->Embryophyta->Streptophyta->Chloroplastida->Archaeplastida->Eukaryota->cellular organisms->life" nexsonid "node530914"
pgloadind     taxon mapping OTT ID 470777 taxonomy "Lisianthius brevidentatus->Lisianthius->Potalieae->Gentianaceae->Gentianales->lamiids->asterids->Pentapetalae->Gunneridae->eudicotyledons->Mesangiospermae->Magnoliophyta->Spermatophyta->Euphyllophyta->Tracheophyta->Embryophyta->Streptophyta->Chloroplastida->Archaeplastida->Eukaryota->cellular organisms->life" nexsonid "node530917"
pgloadind     taxon mapping OTT ID 470790 taxonomy "Lisianthius axillaris->Lisianthius->Potalieae->Gentianaceae->Gentianales->lamiids->asterids->Pentapetalae->Gunneridae->eudicotyledons->Mesangiospermae->Magnoliophyta->Spermatophyta->Euphyllophyta->Tracheophyta->Embryophyta->Streptophyta->Chloroplastida->Archaeplastida->Eukaryota->cellular organisms->life" nexsonid "node530921"
pgloadind     taxon mapping OTT ID 420231 taxonomy "Lisianthius viscidiflorus->Lisianthius->Potalieae->Gentianaceae->Gentianales->lamiids->asterids->Pentapetalae->Gunneridae->eudicotyledons->Mesangiospermae->Magnoliophyta->Spermatophyta->Euphyllophyta->Tracheophyta->Embryophyta->Streptophyta->Chloroplastida->Archaeplastida->Eukaryota->cellular organisms->life" nexsonid "node530923"
pgloadind     taxon mapping OTT ID 946058 taxonomy "Lisianthius cuspidatus->Lisianthius->Potalieae->Gentianaceae->Gentianales->lamiids->asterids->Pentapetalae->Gunneridae->eudicotyledons->Mesangiospermae->Magnoliophyta->Spermatophyta->Euphyllophyta->Tracheophyta->Embryophyta->Streptophyta->Chloroplastida->Archaeplastida->Eukaryota->cellular organisms->life" nexsonid "node530925"
pgloadind     taxon mapping OTT ID 1023609 taxonomy "Lisianthius quichensis->Lisianthius->Potalieae->Gentianaceae->Gentianales->lamiids->asterids->Pentapetalae->Gunneridae->eudicotyledons->Mesangiospermae->Magnoliophyta->Spermatophyta->Euphyllophyta->Tracheophyta->Embryophyta->Streptophyta->Chloroplastida->Archaeplastida->Eukaryota->cellular organisms->life" nexsonid "node530929"
pgloadind     taxon mapping OTT ID 470792 taxonomy "Lisianthius acuminatus->Lisianthius->Potalieae->Gentianaceae->Gentianales->lamiids->asterids->Pentapetalae->Gunneridae->eudicotyledons->Mesangiospermae->Magnoliophyta->Spermatophyta->Euphyllophyta->Tracheophyta->Embryophyta->Streptophyta->Chloroplastida->Archaeplastida->Eukaryota->cellular organisms->life" nexsonid "node530930"
pgloadind     taxon mapping OTT ID 946063 taxonomy "Lisianthius oreopolus->Lisianthius->Potalieae->Gentianaceae->Gentianales->lamiids->asterids->Pentapetalae->Gunneridae->eudicotyledons->Mesangiospermae->Magnoliophyta->Spermatophyta->Euphyllophyta->Tracheophyta->Embryophyta->Streptophyta->Chloroplastida->Archaeplastida->Eukaryota->cellular organisms->life" nexsonid "node530936"
pgloadind     taxon mapping OTT ID 70029 taxonomy "Lisianthius nigrescens->Lisianthius->Potalieae->Gentianaceae->Gentianales->lamiids->asterids->Pentapetalae->Gunneridae->eudicotyledons->Mesangiospermae->Magnoliophyta->Spermatophyta->Euphyllophyta->Tracheophyta->Embryophyta->Streptophyta->Chloroplastida->Archaeplastida->Eukaryota->cellular organisms->life" nexsonid "node530933"
pgloadind     taxon mapping OTT ID 331408 taxonomy "Bisgoeppertia scandens->Bisgoeppertia->Chironieae->Gentianaceae->Gentianales->lamiids->asterids->Pentapetalae->Gunneridae->eudicotyledons->Mesangiospermae->Magnoliophyta->Spermatophyta->Euphyllophyta->Tracheophyta->Embryophyta->Streptophyta->Chloroplastida->Archaeplastida->Eukaryota->cellular organisms->life" nexsonid "node530937"
pgloadind     taxon mapping OTT ID 942086 taxonomy "Neurotheca loeselioides->Neurotheca->Potalieae->Gentianaceae->Gentianales->lamiids->asterids->Pentapetalae->Gunneridae->eudicotyledons->Mesangiospermae->Magnoliophyta->Spermatophyta->Euphyllophyta->Tracheophyta->Embryophyta->Streptophyta->Chloroplastida->Archaeplastida->Eukaryota->cellular organisms->life" nexsonid "node530938"
pgloadind     taxon mapping OTT ID 315669 taxonomy "Enicostema axillare->Enicostema->Potalieae->Gentianaceae->Gentianales->lamiids->asterids->Pentapetalae->Gunneridae->eudicotyledons->Mesangiospermae->Magnoliophyta->Spermatophyta->Euphyllophyta->Tracheophyta->Embryophyta->Streptophyta->Chloroplastida->Archaeplastida->Eukaryota->cellular organisms->life" nexsonid "node530944"
pgloadind     taxon mapping OTT ID 633061 taxonomy "Enicostema verticillatum->Enicostema->Potalieae->Gentianaceae->Gentianales->lamiids->asterids->Pentapetalae->Gunneridae->eudicotyledons->Mesangiospermae->Magnoliophyta->Spermatophyta->Euphyllophyta->Tracheophyta->Embryophyta->Streptophyta->Chloroplastida->Archaeplastida->Eukaryota->cellular organisms->life" nexsonid "node530942"
pgloadind     taxon mapping OTT ID 909861 taxonomy "Urogentias ulugurensis->Urogentias->Potalieae->Gentianaceae->Gentianales->lamiids->asterids->Pentapetalae->Gunneridae->eudicotyledons->Mesangiospermae->Magnoliophyta->Spermatophyta->Euphyllophyta->Tracheophyta->Embryophyta->Streptophyta->Chloroplastida->Archaeplastida->Eukaryota->cellular organisms->life" nexsonid "node530945"
pgloadind     taxon mapping OTT ID 960859 taxonomy "Fagraea berteroana->Fagraea->Potalieae->Gentianaceae->Gentianales->lamiids->asterids->Pentapetalae->Gunneridae->eudicotyledons->Mesangiospermae->Magnoliophyta->Spermatophyta->Euphyllophyta->Tracheophyta->Embryophyta->Streptophyta->Chloroplastida->Archaeplastida->Eukaryota->cellular organisms->life" nexsonid "node530951"
pgloadind     taxon mapping OTT ID 470783 taxonomy "Fagraea salticola->Fagraea->Potalieae->Gentianaceae->Gentianales->lamiids->asterids->Pentapetalae->Gunneridae->eudicotyledons->Mesangiospermae->Magnoliophyta->Spermatophyta->Euphyllophyta->Tracheophyta->Embryophyta->Streptophyta->Chloroplastida->Archaeplastida->Eukaryota->cellular organisms->life" nexsonid "node530952"
pgloadind     taxon mapping OTT ID 910760 taxonomy "Fagraea ceilanica->Fagraea->Potalieae->Gentianaceae->Gentianales->lamiids->asterids->Pentapetalae->Gunneridae->eudicotyledons->Mesangiospermae->Magnoliophyta->Spermatophyta->Euphyllophyta->Tracheophyta->Embryophyta->Streptophyta->Chloroplastida->Archaeplastida->Eukaryota->cellular organisms->life" nexsonid "node530954"
pgloadind     taxon mapping OTT ID 470781 taxonomy "Fagraea macroscypha->Fagraea->Potalieae->Gentianaceae->Gentianales->lamiids->asterids->Pentapetalae->Gunneridae->eudicotyledons->Mesangiospermae->Magnoliophyta->Spermatophyta->Euphyllophyta->Tracheophyta->Embryophyta->Streptophyta->Chloroplastida->Archaeplastida->Eukaryota->cellular organisms->life" nexsonid "node530955"
pgloadind     taxon mapping OTT ID 548253 taxonomy "Fagraea elliptica->Fagraea->Potalieae->Gentianaceae->Gentianales->lamiids->asterids->Pentapetalae->Gunneridae->eudicotyledons->Mesangiospermae->Magnoliophyta->Spermatophyta->Euphyllophyta->Tracheophyta->Embryophyta->Streptophyta->Chloroplastida->Archaeplastida->Eukaryota->cellular organisms->life" nexsonid "node530960"
pgloadind     taxon mapping OTT ID 365383 taxonomy "Fagraea racemosa->Fagraea->Potalieae->Gentianaceae->Gentianales->lamiids->asterids->Pentapetalae->Gunneridae->eudicotyledons->Mesangiospermae->Magnoliophyta->Spermatophyta->Euphyllophyta->Tracheophyta->Embryophyta->Streptophyta->Chloroplastida->Archaeplastida->Eukaryota->cellular organisms->life" nexsonid "node530958"
pgloadind     taxon mapping OTT ID 470786 taxonomy "Fagraea gracilipes->Fagraea->Potalieae->Gentianaceae->Gentianales->lamiids->asterids->Pentapetalae->Gunneridae->eudicotyledons->Mesangiospermae->Magnoliophyta->Spermatophyta->Euphyllophyta->Tracheophyta->Embryophyta->Streptophyta->Chloroplastida->Archaeplastida->Eukaryota->cellular organisms->life" nexsonid "node530965"
pgloadind     taxon mapping OTT ID 271355 taxonomy "Fagraea fragrans->Fagraea->Potalieae->Gentianaceae->Gentianales->lamiids->asterids->Pentapetalae->Gunneridae->eudicotyledons->Mesangiospermae->Magnoliophyta->Spermatophyta->Euphyllophyta->Tracheophyta->Embryophyta->Streptophyta->Chloroplastida->Archaeplastida->Eukaryota->cellular organisms->life" nexsonid "node530963"
pgloadind     taxon mapping OTT ID 384545 taxonomy "Anthocleista amplexicaulis->Anthocleista->Potalieae->Gentianaceae->Gentianales->lamiids->asterids->Pentapetalae->Gunneridae->eudicotyledons->Mesangiospermae->Magnoliophyta->Spermatophyta->Euphyllophyta->Tracheophyta->Embryophyta->Streptophyta->Chloroplastida->Archaeplastida->Eukaryota->cellular organisms->life" nexsonid "node530969"
pgloadind     taxon mapping OTT ID 384533 taxonomy "Anthocleista vogelii->Anthocleista->Potalieae->Gentianaceae->Gentianales->lamiids->asterids->Pentapetalae->Gunneridae->eudicotyledons->Mesangiospermae->Magnoliophyta->Spermatophyta->Euphyllophyta->Tracheophyta->Embryophyta->Streptophyta->Chloroplastida->Archaeplastida->Eukaryota->cellular organisms->life" nexsonid "node530970"
pgloadind     taxon mapping OTT ID 384546 taxonomy "Anthocleista scandens->Anthocleista->Potalieae->Gentianaceae->Gentianales->lamiids->asterids->Pentapetalae->Gunneridae->eudicotyledons->Mesangiospermae->Magnoliophyta->Spermatophyta->Euphyllophyta->Tracheophyta->Embryophyta->Streptophyta->Chloroplastida->Archaeplastida->Eukaryota->cellular organisms->life" nexsonid "node530972"
pgloadind     taxon mapping OTT ID 106920 taxonomy "Anthocleista schweinfurthii->Anthocleista->Potalieae->Gentianaceae->Gentianales->lamiids->asterids->Pentapetalae->Gunneridae->eudicotyledons->Mesangiospermae->Magnoliophyta->Spermatophyta->Euphyllophyta->Tracheophyta->Embryophyta->Streptophyta->Chloroplastida->Archaeplastida->Eukaryota->cellular organisms->life" nexsonid "node530974"
pgloadind     taxon mapping OTT ID 543369 taxonomy "Anthocleista grandiflora->Anthocleista->Potalieae->Gentianaceae->Gentianales->lamiids->asterids->Pentapetalae->Gunneridae->eudicotyledons->Mesangiospermae->Magnoliophyta->Spermatophyta->Euphyllophyta->Tracheophyta->Embryophyta->Streptophyta->Chloroplastida->Archaeplastida->Eukaryota->cellular organisms->life" nexsonid "node530975"
pgloadind     taxon mapping OTT ID 613990 taxonomy "Potalia maguireorum->Potalia->Potalieae->Gentianaceae->Gentianales->lamiids->asterids->Pentapetalae->Gunneridae->eudicotyledons->Mesangiospermae->Magnoliophyta->Spermatophyta->Euphyllophyta->Tracheophyta->Embryophyta->Streptophyta->Chloroplastida->Archaeplastida->Eukaryota->cellular organisms->life" nexsonid "node530981"
pgloadind     taxon mapping OTT ID 435049 taxonomy "Potalia amara->Potalia->Potalieae->Gentianaceae->Gentianales->lamiids->asterids->Pentapetalae->Gunneridae->eudicotyledons->Mesangiospermae->Magnoliophyta->Spermatophyta->Euphyllophyta->Tracheophyta->Embryophyta->Streptophyta->Chloroplastida->Archaeplastida->Eukaryota->cellular organisms->life" nexsonid "node530979"
pgloadind     taxon mapping OTT ID 435047 taxonomy "Potalia resinifera->Potalia->Potalieae->Gentianaceae->Gentianales->lamiids->asterids->Pentapetalae->Gunneridae->eudicotyledons->Mesangiospermae->Magnoliophyta->Spermatophyta->Euphyllophyta->Tracheophyta->Embryophyta->Streptophyta->Chloroplastida->Archaeplastida->Eukaryota->cellular organisms->life" nexsonid "node530983"
pgloadind     taxon mapping OTT ID 92732 taxonomy "Potalia elegans->Potalia->Potalieae->Gentianaceae->Gentianales->lamiids->asterids->Pentapetalae->Gunneridae->eudicotyledons->Mesangiospermae->Magnoliophyta->Spermatophyta->Euphyllophyta->Tracheophyta->Embryophyta->Streptophyta->Chloroplastida->Archaeplastida->Eukaryota->cellular organisms->life" nexsonid "node530987"
done fixing name
pgloadind Finished with attempts to fix names
pgloadind   Checking for uniqueness of OTT IDs tree id "2161"
pgloadind   Adding tree to graph tree id "2161"
all trees have all taxa: false
	using bipartition technique
attempting to remap tips to deepest exemplified taxa
	Bisgoeppertia scandens was remapped to 'Chironieae' (id=2733452)
	Urogentias ulugurensis was remapped to 'Urogentias' (id=2733219)
	Neurotheca loeselioides was remapped to 'Neurotheca' (id=2733217)
this is the ROOT
placing root in index
Dealing with metadata property: id
Dealing with metadata property: ot:studyPublicationReference
Adding property 'ot:studyPublicationReference': Molina, J., & Struwe, L. (2009). Utility of Secondary Structure in Phylogenetic Reconstructions Using nrDNA ITS Sequences-An Example from Potalieae (Gentianaceae: Asteridae). Systematic Botany, 34(2), 414-428.
Dealing with metadata property: ot:focalCladeOTTTaxonName
Adding property 'ot:focalCladeOTTTaxonName': Gentianaceae
Dealing with metadata property: ot:studyYear
Adding property 'ot:studyYear': 2008
Dealing with metadata property: ot:inGroupClade
Adding property 'ot:inGroupClade': node530886
Dealing with metadata property: ot:curatorName
Adding property 'ot:curatorName': bryan drew
Dealing with metadata property: ot:studyPublication
Adding property 'ot:studyPublication': http://dx.doi.org/10.1600/036364409788606424
Dealing with metadata property: ot:focalClade
Adding property 'ot:focalClade': 816899
Dealing with metadata property: ot:curatedType
Adding property 'ot:curatedType': Fig. 3
Dealing with metadata property: ot:studyId
Adding property 'ot:studyId': 1098
Dealing with metadata property: ot:dataDeposit
Adding property 'ot:dataDeposit': http://purl.org/phylo/treebase/phylows/study/TB2:S2174
Committing nodes: 79
