pgloadind OTUs number 48
pgloadind Processing tree @id "2629"
pgloadind   tree info number nodes 93
pgloadind   tree info number edges 92
pgloadind   tree info ingroup "node587045"
pgloadind   Setting ingroup root node.
pgloadind   Ingested tree number of external nodes 47
pgloadind   property added ot:studyPublicationReference "Schneider, H., Kreier, H. P., Wilson, R., & Smith, A. R. (2006). The Synammia enigma: evidence for a temperate lineage of polygrammoid ferns (Polypodiaceae, Polypodiidae) in southern South America. Systematic botany, 31(1), 31-41."
pgloadind   property added ot:studyPublication "http://dx.doi.org/10.1600/036364406775971868 "
pgloadind   property added ot:curatorName "Jiabin Deng"
pgloadind   property added ot:dataDeposit "http://purl.org/phylo/treebase/phylows/study/TB2:S1696"
pgloadind   property added ot:studyId "1313"
pgloadind   property added ot:studyYear "2006"
pgloadind   property added ot:focalClade "667483"
pgloadind   property added ot:focalCladeOTTTaxonName "Polypodiaceae"
pgloadind   property added ot:inGroupClade "node587045"
pgloadind   property added ot:curatedType "Fig. 1"
pgloadind Processing tree @id "2630"
pgloadind   tree info number nodes 95
pgloadind   tree info number edges 94
pgloadind   tree info ingroup "node587138"
pgloadind   Setting ingroup root node.
pgloadind   Ingested tree number of external nodes 47
pgloadind   property added ot:studyPublicationReference "Schneider, H., Kreier, H. P., Wilson, R., & Smith, A. R. (2006). The Synammia enigma: evidence for a temperate lineage of polygrammoid ferns (Polypodiaceae, Polypodiidae) in southern South America. Systematic botany, 31(1), 31-41."
pgloadind   property added ot:studyPublication "http://dx.doi.org/10.1600/036364406775971868 "
pgloadind   property added ot:curatorName "Jiabin Deng"
pgloadind   property added ot:dataDeposit "http://purl.org/phylo/treebase/phylows/study/TB2:S1696"
pgloadind   property added ot:studyId "1313"
pgloadind   property added ot:studyYear "2006"
pgloadind   property added ot:focalClade "667483"
pgloadind   property added ot:focalCladeOTTTaxonName "Polypodiaceae"
pgloadind   property added ot:inGroupClade "node587138"
pgloadind   property added ot:curatedType "Fig. 3"
loading a specific tree: 2629
skipping tree: 2630
pgloadind conducting TNRS on trees
pgloadind   name fixing on tree tree id "2629"
pgloadind   all nodes have ottIds
pgloadind     OTT ID reused in tree
pgloadind       duplicate name "Synammia intermedia" nexsonid "node587130"
pgloadind       duplicate OTT ID 166253
pgloadind     OTT ID reused in tree
pgloadind       duplicate name "Synammia intermedia" nexsonid "node587131"
pgloadind       duplicate OTT ID 166253
pgloadind     OTT ID reused in tree
pgloadind       duplicate name "Synammia intermedia" nexsonid "node587132"
pgloadind       duplicate OTT ID 166253
pgloadind     pruning dups and overlapping name "Synammia intermedia" nexsonid "node587132"
pgloadind     pruning dups and overlapping name "Synammia intermedia" nexsonid "node587130"
pgloadind     pruning dups and overlapping name "Synammia intermedia" nexsonid "node587131"
pgloadind   postpruning newick tree "(((((((((((Serpocaulon_maritimum,Serpocaulon_fraxinifolium),Serpocaulon_ptilorhizon),Serpocaulon_sessilifolium),Serpocaulon_crystalloneuron),Serpocaulon_triseriale),Microgramma_percussa),((Terpsichore,Adenophorus_oahuensis),(Campyloneurum_chlorolepis,Campyloneurum_angustifolium))),(((((Pleopeltis_polypodioides,Pleopeltis_angusta),Polypodium_guttatum),Polypodium_rosei),Pecluma_ptilodon),(Polypodium_vulgare,Polypodium_pellucidum))),((((((Lepisorus_macrosphaerus,Phymatosorus_cuspidatus,(Microsorum_punctatum,Microsorum_musifolium),Lemmaphyllum_carnosum),Goniophlebium_subauriculatum),(Microsorum_linguiforme,(Lecanopteris_carnosa,Lecanopteris_sinuosa))),Thylacopteris_papillosa),(Platycerium,Pyrrosia)),(((((Selliguea_lanceolata,Selliguea_feei),Selliguea_triloba),(Selliguea_heterocarpa,Selliguea_enervis)),Arthromeris_lehmannii),(Drynaria_rigidula,((Aglaomorpha_acuminata,Aglaomorpha_coronans),Aglaomorpha_meyeniana))))),(Synammia_feuillei,Synammia_intermedia)),(Loxogramme_abyssinica,Dictymia_brownii))"
pgloadind   taxon mapping summary
pgloadind     taxon mapping OTT ID 705484 taxonomy "Serpocaulon maritimum->Serpocaulon->Polypodiaceae->eupolypods I->Polypodiales->core leptosporangiate ferns->Polypodiopsida->Moniliformopses->Euphyllophyta->Tracheophyta->Embryophyta->Streptophyta->Chloroplastida->Archaeplastida->Eukaryota->cellular organisms->life" nexsonid "node587056"
pgloadind     taxon mapping OTT ID 113771 taxonomy "Serpocaulon fraxinifolium->Serpocaulon->Polypodiaceae->eupolypods I->Polypodiales->core leptosporangiate ferns->Polypodiopsida->Moniliformopses->Euphyllophyta->Tracheophyta->Embryophyta->Streptophyta->Chloroplastida->Archaeplastida->Eukaryota->cellular organisms->life" nexsonid "node587057"
pgloadind     taxon mapping OTT ID 95639 taxonomy "Serpocaulon ptilorhizon->Serpocaulon->Polypodiaceae->eupolypods I->Polypodiales->core leptosporangiate ferns->Polypodiopsida->Moniliformopses->Euphyllophyta->Tracheophyta->Embryophyta->Streptophyta->Chloroplastida->Archaeplastida->Eukaryota->cellular organisms->life" nexsonid "node587058"
pgloadind     taxon mapping OTT ID 705480 taxonomy "Serpocaulon sessilifolium->Serpocaulon->Polypodiaceae->eupolypods I->Polypodiales->core leptosporangiate ferns->Polypodiopsida->Moniliformopses->Euphyllophyta->Tracheophyta->Embryophyta->Streptophyta->Chloroplastida->Archaeplastida->Eukaryota->cellular organisms->life" nexsonid "node587059"
pgloadind     taxon mapping OTT ID 78683 taxonomy "Serpocaulon crystalloneuron->Serpocaulon->Polypodiaceae->eupolypods I->Polypodiales->core leptosporangiate ferns->Polypodiopsida->Moniliformopses->Euphyllophyta->Tracheophyta->Embryophyta->Streptophyta->Chloroplastida->Archaeplastida->Eukaryota->cellular organisms->life" nexsonid "node587060"
pgloadind     taxon mapping OTT ID 447156 taxonomy "Serpocaulon triseriale->Serpocaulon->Polypodiaceae->eupolypods I->Polypodiales->core leptosporangiate ferns->Polypodiopsida->Moniliformopses->Euphyllophyta->Tracheophyta->Embryophyta->Streptophyta->Chloroplastida->Archaeplastida->Eukaryota->cellular organisms->life" nexsonid "node587061"
pgloadind     taxon mapping OTT ID 145176 taxonomy "Microgramma percussa->Microgramma->Polypodiaceae->eupolypods I->Polypodiales->core leptosporangiate ferns->Polypodiopsida->Moniliformopses->Euphyllophyta->Tracheophyta->Embryophyta->Streptophyta->Chloroplastida->Archaeplastida->Eukaryota->cellular organisms->life" nexsonid "node587062"
pgloadind     taxon mapping OTT ID 767546 taxonomy "Terpsichore->Grammitidaceae->Polypodiales->core leptosporangiate ferns->Polypodiopsida->Moniliformopses->Euphyllophyta->Tracheophyta->Embryophyta->Streptophyta->Chloroplastida->Archaeplastida->Eukaryota->cellular organisms->life" nexsonid "node587065"
pgloadind     taxon mapping OTT ID 1077997 taxonomy "Adenophorus oahuensis->Adenophorus->Grammitidaceae->Polypodiales->core leptosporangiate ferns->Polypodiopsida->Moniliformopses->Euphyllophyta->Tracheophyta->Embryophyta->Streptophyta->Chloroplastida->Archaeplastida->Eukaryota->cellular organisms->life" nexsonid "node587066"
pgloadind     taxon mapping OTT ID 888690 taxonomy "Campyloneurum chlorolepis->Campyloneurum->Polypodiaceae->eupolypods I->Polypodiales->core leptosporangiate ferns->Polypodiopsida->Moniliformopses->Euphyllophyta->Tracheophyta->Embryophyta->Streptophyta->Chloroplastida->Archaeplastida->Eukaryota->cellular organisms->life" nexsonid "node587068"
pgloadind     taxon mapping OTT ID 888692 taxonomy "Campyloneurum angustifolium->Campyloneurum->Polypodiaceae->eupolypods I->Polypodiales->core leptosporangiate ferns->Polypodiopsida->Moniliformopses->Euphyllophyta->Tracheophyta->Embryophyta->Streptophyta->Chloroplastida->Archaeplastida->Eukaryota->cellular organisms->life" nexsonid "node587069"
pgloadind     taxon mapping OTT ID 95634 taxonomy "Pleopeltis polypodioides->Pleopeltis->Polypodiaceae->eupolypods I->Polypodiales->core leptosporangiate ferns->Polypodiopsida->Moniliformopses->Euphyllophyta->Tracheophyta->Embryophyta->Streptophyta->Chloroplastida->Archaeplastida->Eukaryota->cellular organisms->life" nexsonid "node587075"
pgloadind     taxon mapping OTT ID 616989 taxonomy "Pleopeltis angusta->Pleopeltis->Polypodiaceae->eupolypods I->Polypodiales->core leptosporangiate ferns->Polypodiopsida->Moniliformopses->Euphyllophyta->Tracheophyta->Embryophyta->Streptophyta->Chloroplastida->Archaeplastida->Eukaryota->cellular organisms->life" nexsonid "node587076"
pgloadind     taxon mapping OTT ID 564552 taxonomy "Polypodium guttatum->Polypodium->Polypodiaceae->eupolypods I->Polypodiales->core leptosporangiate ferns->Polypodiopsida->Moniliformopses->Euphyllophyta->Tracheophyta->Embryophyta->Streptophyta->Chloroplastida->Archaeplastida->Eukaryota->cellular organisms->life" nexsonid "node587077"
pgloadind     taxon mapping OTT ID 669940 taxonomy "Polypodium rosei->Polypodium->Polypodiaceae->eupolypods I->Polypodiales->core leptosporangiate ferns->Polypodiopsida->Moniliformopses->Euphyllophyta->Tracheophyta->Embryophyta->Streptophyta->Chloroplastida->Archaeplastida->Eukaryota->cellular organisms->life" nexsonid "node587078"
pgloadind     taxon mapping OTT ID 616995 taxonomy "Pecluma ptilodon->Pecluma->Polypodiaceae->eupolypods I->Polypodiales->core leptosporangiate ferns->Polypodiopsida->Moniliformopses->Euphyllophyta->Tracheophyta->Embryophyta->Streptophyta->Chloroplastida->Archaeplastida->Eukaryota->cellular organisms->life" nexsonid "node587079"
pgloadind     taxon mapping OTT ID 61782 taxonomy "Polypodium vulgare->Polypodium->Polypodiaceae->eupolypods I->Polypodiales->core leptosporangiate ferns->Polypodiopsida->Moniliformopses->Euphyllophyta->Tracheophyta->Embryophyta->Streptophyta->Chloroplastida->Archaeplastida->Eukaryota->cellular organisms->life" nexsonid "node587081"
pgloadind     taxon mapping OTT ID 488751 taxonomy "Polypodium pellucidum->Polypodium->Polypodiaceae->eupolypods I->Polypodiales->core leptosporangiate ferns->Polypodiopsida->Moniliformopses->Euphyllophyta->Tracheophyta->Embryophyta->Streptophyta->Chloroplastida->Archaeplastida->Eukaryota->cellular organisms->life" nexsonid "node587082"
pgloadind     taxon mapping OTT ID 46677 taxonomy "Lepisorus macrosphaerus->Lepisorus->Polypodiaceae->eupolypods I->Polypodiales->core leptosporangiate ferns->Polypodiopsida->Moniliformopses->Euphyllophyta->Tracheophyta->Embryophyta->Streptophyta->Chloroplastida->Archaeplastida->Eukaryota->cellular organisms->life" nexsonid "node587089"
pgloadind     taxon mapping OTT ID 939518 taxonomy "Phymatosorus cuspidatus->Phymatosorus->Polypodiaceae->eupolypods I->Polypodiales->core leptosporangiate ferns->Polypodiopsida->Moniliformopses->Euphyllophyta->Tracheophyta->Embryophyta->Streptophyta->Chloroplastida->Archaeplastida->Eukaryota->cellular organisms->life" nexsonid "node587090"
pgloadind     taxon mapping OTT ID 414008 taxonomy "Microsorum punctatum->Microsorum->Polypodiaceae->eupolypods I->Polypodiales->core leptosporangiate ferns->Polypodiopsida->Moniliformopses->Euphyllophyta->Tracheophyta->Embryophyta->Streptophyta->Chloroplastida->Archaeplastida->Eukaryota->cellular organisms->life" nexsonid "node587092"
pgloadind     taxon mapping OTT ID 79613 taxonomy "Microsorum musifolium->Microsorum->Polypodiaceae->eupolypods I->Polypodiales->core leptosporangiate ferns->Polypodiopsida->Moniliformopses->Euphyllophyta->Tracheophyta->Embryophyta->Streptophyta->Chloroplastida->Archaeplastida->Eukaryota->cellular organisms->life" nexsonid "node587093"
pgloadind     taxon mapping OTT ID 939516 taxonomy "Lemmaphyllum carnosum->Lemmaphyllum->Polypodiaceae->eupolypods I->Polypodiales->core leptosporangiate ferns->Polypodiopsida->Moniliformopses->Euphyllophyta->Tracheophyta->Embryophyta->Streptophyta->Chloroplastida->Archaeplastida->Eukaryota->cellular organisms->life" nexsonid "node587094"
pgloadind     taxon mapping OTT ID 1085873 taxonomy "Goniophlebium subauriculatum->Goniophlebium->Polypodiaceae->eupolypods I->Polypodiales->core leptosporangiate ferns->Polypodiopsida->Moniliformopses->Euphyllophyta->Tracheophyta->Embryophyta->Streptophyta->Chloroplastida->Archaeplastida->Eukaryota->cellular organisms->life" nexsonid "node587095"
pgloadind     taxon mapping OTT ID 939526 taxonomy "Microsorum linguiforme->Microsorum->Polypodiaceae->eupolypods I->Polypodiales->core leptosporangiate ferns->Polypodiopsida->Moniliformopses->Euphyllophyta->Tracheophyta->Embryophyta->Streptophyta->Chloroplastida->Archaeplastida->Eukaryota->cellular organisms->life" nexsonid "node587097"
pgloadind     taxon mapping OTT ID 363994 taxonomy "Lecanopteris carnosa->Lecanopteris->Polypodiaceae->eupolypods I->Polypodiales->core leptosporangiate ferns->Polypodiopsida->Moniliformopses->Euphyllophyta->Tracheophyta->Embryophyta->Streptophyta->Chloroplastida->Archaeplastida->Eukaryota->cellular organisms->life" nexsonid "node587099"
pgloadind     taxon mapping OTT ID 939507 taxonomy "Lecanopteris sinuosa->Lecanopteris->Polypodiaceae->eupolypods I->Polypodiales->core leptosporangiate ferns->Polypodiopsida->Moniliformopses->Euphyllophyta->Tracheophyta->Embryophyta->Streptophyta->Chloroplastida->Archaeplastida->Eukaryota->cellular organisms->life" nexsonid "node587100"
pgloadind     taxon mapping OTT ID 100375 taxonomy "Thylacopteris papillosa->Thylacopteris->Polypodiaceae->eupolypods I->Polypodiales->core leptosporangiate ferns->Polypodiopsida->Moniliformopses->Euphyllophyta->Tracheophyta->Embryophyta->Streptophyta->Chloroplastida->Archaeplastida->Eukaryota->cellular organisms->life" nexsonid "node587101"
pgloadind     taxon mapping OTT ID 740288 taxonomy "Platycerium->Polypodiaceae->eupolypods I->Polypodiales->core leptosporangiate ferns->Polypodiopsida->Moniliformopses->Euphyllophyta->Tracheophyta->Embryophyta->Streptophyta->Chloroplastida->Archaeplastida->Eukaryota->cellular organisms->life" nexsonid "node587103"
pgloadind     taxon mapping OTT ID 402233 taxonomy "Pyrrosia->Polypodiaceae->eupolypods I->Polypodiales->core leptosporangiate ferns->Polypodiopsida->Moniliformopses->Euphyllophyta->Tracheophyta->Embryophyta->Streptophyta->Chloroplastida->Archaeplastida->Eukaryota->cellular organisms->life" nexsonid "node587104"
pgloadind     taxon mapping OTT ID 955039 taxonomy "Selliguea lanceolata->Selliguea->Polypodiaceae->eupolypods I->Polypodiales->core leptosporangiate ferns->Polypodiopsida->Moniliformopses->Euphyllophyta->Tracheophyta->Embryophyta->Streptophyta->Chloroplastida->Archaeplastida->Eukaryota->cellular organisms->life" nexsonid "node587110"
pgloadind     taxon mapping OTT ID 214069 taxonomy "Selliguea feei->Selliguea->Polypodiaceae->eupolypods I->Polypodiales->core leptosporangiate ferns->Polypodiopsida->Moniliformopses->Euphyllophyta->Tracheophyta->Embryophyta->Streptophyta->Chloroplastida->Archaeplastida->Eukaryota->cellular organisms->life" nexsonid "node587111"
pgloadind     taxon mapping OTT ID 589286 taxonomy "Selliguea triloba->Selliguea->Polypodiaceae->eupolypods I->Polypodiales->core leptosporangiate ferns->Polypodiopsida->Moniliformopses->Euphyllophyta->Tracheophyta->Embryophyta->Streptophyta->Chloroplastida->Archaeplastida->Eukaryota->cellular organisms->life" nexsonid "node587112"
pgloadind     taxon mapping OTT ID 707042 taxonomy "Selliguea heterocarpa->Selliguea->Polypodiaceae->eupolypods I->Polypodiales->core leptosporangiate ferns->Polypodiopsida->Moniliformopses->Euphyllophyta->Tracheophyta->Embryophyta->Streptophyta->Chloroplastida->Archaeplastida->Eukaryota->cellular organisms->life" nexsonid "node587114"
pgloadind     taxon mapping OTT ID 214071 taxonomy "Selliguea enervis->Selliguea->Polypodiaceae->eupolypods I->Polypodiales->core leptosporangiate ferns->Polypodiopsida->Moniliformopses->Euphyllophyta->Tracheophyta->Embryophyta->Streptophyta->Chloroplastida->Archaeplastida->Eukaryota->cellular organisms->life" nexsonid "node587115"
pgloadind     taxon mapping OTT ID 214067 taxonomy "Arthromeris lehmannii->Arthromeris->Polypodiaceae->eupolypods I->Polypodiales->core leptosporangiate ferns->Polypodiopsida->Moniliformopses->Euphyllophyta->Tracheophyta->Embryophyta->Streptophyta->Chloroplastida->Archaeplastida->Eukaryota->cellular organisms->life" nexsonid "node587116"
pgloadind     taxon mapping OTT ID 888713 taxonomy "Drynaria rigidula->Drynaria->Polypodiaceae->eupolypods I->Polypodiales->core leptosporangiate ferns->Polypodiopsida->Moniliformopses->Euphyllophyta->Tracheophyta->Embryophyta->Streptophyta->Chloroplastida->Archaeplastida->Eukaryota->cellular organisms->life" nexsonid "node587118"
pgloadind     taxon mapping OTT ID 214077 taxonomy "Aglaomorpha acuminata->Aglaomorpha->Polypodiaceae->eupolypods I->Polypodiales->core leptosporangiate ferns->Polypodiopsida->Moniliformopses->Euphyllophyta->Tracheophyta->Embryophyta->Streptophyta->Chloroplastida->Archaeplastida->Eukaryota->cellular organisms->life" nexsonid "node587121"
pgloadind     taxon mapping OTT ID 414002 taxonomy "Aglaomorpha coronans->Aglaomorpha->Polypodiaceae->eupolypods I->Polypodiales->core leptosporangiate ferns->Polypodiopsida->Moniliformopses->Euphyllophyta->Tracheophyta->Embryophyta->Streptophyta->Chloroplastida->Archaeplastida->Eukaryota->cellular organisms->life" nexsonid "node587122"
pgloadind     taxon mapping OTT ID 888698 taxonomy "Aglaomorpha meyeniana->Aglaomorpha->Polypodiaceae->eupolypods I->Polypodiales->core leptosporangiate ferns->Polypodiopsida->Moniliformopses->Euphyllophyta->Tracheophyta->Embryophyta->Streptophyta->Chloroplastida->Archaeplastida->Eukaryota->cellular organisms->life" nexsonid "node587123"
pgloadind     taxon mapping OTT ID 707051 taxonomy "Synammia feuillei->Synammia->Polypodiaceae->eupolypods I->Polypodiales->core leptosporangiate ferns->Polypodiopsida->Moniliformopses->Euphyllophyta->Tracheophyta->Embryophyta->Streptophyta->Chloroplastida->Archaeplastida->Eukaryota->cellular organisms->life" nexsonid "node587127"
pgloadind     taxon mapping OTT ID 166253 taxonomy "Synammia intermedia->Synammia->Polypodiaceae->eupolypods I->Polypodiales->core leptosporangiate ferns->Polypodiopsida->Moniliformopses->Euphyllophyta->Tracheophyta->Embryophyta->Streptophyta->Chloroplastida->Archaeplastida->Eukaryota->cellular organisms->life" nexsonid "node587128"
pgloadind     taxon mapping OTT ID 284179 taxonomy "Loxogramme abyssinica->Loxogramme->Polypodiaceae->eupolypods I->Polypodiales->core leptosporangiate ferns->Polypodiopsida->Moniliformopses->Euphyllophyta->Tracheophyta->Embryophyta->Streptophyta->Chloroplastida->Archaeplastida->Eukaryota->cellular organisms->life" nexsonid "node587134"
pgloadind     taxon mapping OTT ID 934557 taxonomy "Dictymia brownii->Dictymia->Polypodiaceae->eupolypods I->Polypodiales->core leptosporangiate ferns->Polypodiopsida->Moniliformopses->Euphyllophyta->Tracheophyta->Embryophyta->Streptophyta->Chloroplastida->Archaeplastida->Eukaryota->cellular organisms->life" nexsonid "node587135"
done fixing name
pgloadind Finished with attempts to fix names
pgloadind   Checking for uniqueness of OTT IDs tree id "2629"
pgloadind   Adding tree to graph tree id "2629"
all trees have all taxa: false
	using bipartition technique
attempting to remap tips to deepest exemplified taxa
	Loxogramme abyssinica was remapped to 'Loxogramme' (id=3126678)
	Dictymia brownii was remapped to 'Dictymia' (id=3128119)
	Microgramma percussa was remapped to 'Microgramma' (id=3126948)
	Phymatosorus cuspidatus was remapped to 'Phymatosorus' (id=3126648)
	Adenophorus oahuensis was remapped to 'Adenophorus' (id=3123456)
	Thylacopteris papillosa was remapped to 'Thylacopteris' (id=3128271)
	Lepisorus macrosphaerus was remapped to 'Lepisorus' (id=3126728)
	Pecluma ptilodon was remapped to 'Pecluma' (id=3127762)
	Drynaria rigidula was remapped to 'Drynaria' (id=3128122)
	Arthromeris lehmannii was remapped to 'Arthromeris' (id=3127349)
	Lemmaphyllum carnosum was remapped to 'Lemmaphyllum' (id=3128153)
	Goniophlebium subauriculatum was remapped to 'Goniophlebium' (id=3127494)
this is the ROOT
placing root in index
Dealing with metadata property: id
Dealing with metadata property: ot:studyPublicationReference
Adding property 'ot:studyPublicationReference': Schneider, H., Kreier, H. P., Wilson, R., & Smith, A. R. (2006). The Synammia enigma: evidence for a temperate lineage of polygrammoid ferns (Polypodiaceae, Polypodiidae) in southern South America. Systematic botany, 31(1), 31-41.
Dealing with metadata property: ot:focalCladeOTTTaxonName
Adding property 'ot:focalCladeOTTTaxonName': Polypodiaceae
Dealing with metadata property: ot:studyYear
Adding property 'ot:studyYear': 2006
Dealing with metadata property: ot:inGroupClade
Adding property 'ot:inGroupClade': node587045
Dealing with metadata property: ot:curatorName
Adding property 'ot:curatorName': Jiabin Deng
Dealing with metadata property: ot:studyPublication
Adding property 'ot:studyPublication': http://dx.doi.org/10.1600/036364406775971868 
Dealing with metadata property: ot:focalClade
Adding property 'ot:focalClade': 667483
Dealing with metadata property: ot:curatedType
Adding property 'ot:curatedType': Fig. 1
Dealing with metadata property: ot:studyId
Adding property 'ot:studyId': 1313
Dealing with metadata property: ot:dataDeposit
Adding property 'ot:dataDeposit': http://purl.org/phylo/treebase/phylows/study/TB2:S1696
Committing nodes: 85
