pgloadind OTUs number 42
pgloadind Processing tree @id "2835"
pgloadind   tree info number nodes 69
pgloadind   tree info number edges 68
pgloadind   tree info ingroup "node608711"
pgloadind   Setting ingroup root node.
pgloadind   Ingested tree number of external nodes 39
pgloadind   property added ot:studyPublicationReference "Van der niet T., Linder H., Bytebier B., & Bellstedt D. 2004. Molecular arkers reject monophyly of the subgenera of Satyrium (Orchidaceae). Systematic Botany,30(2):263-274"
pgloadind   property added ot:studyPublication "http://dx.doi.org/10.1600/0363644054223530"
pgloadind   property added ot:curatorName "Jiabin Deng"
pgloadind   property added ot:dataDeposit "http://purl.org/phylo/treebase/phylows/study/TB2:S1221"
pgloadind   property added ot:studyId "1414"
pgloadind   property added ot:studyYear "2004"
pgloadind   property added ot:focalClade "568878"
pgloadind   property added ot:focalCladeOTTTaxonName "Orchidaceae"
pgloadind   property added ot:inGroupClade "node608711"
pgloadind   property added ot:curatedType "Fig. 2 plastid"
pgloadind Processing tree @id "2836"
pgloadind   tree info number nodes 77
pgloadind   tree info number edges 76
pgloadind   tree info ingroup "node608780"
pgloadind   Setting ingroup root node.
pgloadind   Ingested tree number of external nodes 39
pgloadind   property added ot:studyPublicationReference "Van der niet T., Linder H., Bytebier B., & Bellstedt D. 2004. Molecular arkers reject monophyly of the subgenera of Satyrium (Orchidaceae). Systematic Botany,30(2):263-274"
pgloadind   property added ot:studyPublication "http://dx.doi.org/10.1600/0363644054223530"
pgloadind   property added ot:curatorName "Jiabin Deng"
pgloadind   property added ot:dataDeposit "http://purl.org/phylo/treebase/phylows/study/TB2:S1221"
pgloadind   property added ot:studyId "1414"
pgloadind   property added ot:studyYear "2004"
pgloadind   property added ot:focalClade "568878"
pgloadind   property added ot:focalCladeOTTTaxonName "Orchidaceae"
pgloadind   property added ot:inGroupClade "node608780"
pgloadind   property added ot:curatedType "Fig. 2 ITS"
pgloadind Processing tree @id "2837"
pgloadind   tree info number nodes 74
pgloadind   tree info number edges 73
pgloadind   tree info ingroup "node608857"
pgloadind   Setting ingroup root node.
pgloadind   Ingested tree number of external nodes 37
pgloadind   property added ot:studyPublicationReference "Van der niet T., Linder H., Bytebier B., & Bellstedt D. 2004. Molecular arkers reject monophyly of the subgenera of Satyrium (Orchidaceae). Systematic Botany,30(2):263-274"
pgloadind   property added ot:studyPublication "http://dx.doi.org/10.1600/0363644054223530"
pgloadind   property added ot:curatorName "Jiabin Deng"
pgloadind   property added ot:dataDeposit "http://purl.org/phylo/treebase/phylows/study/TB2:S1221"
pgloadind   property added ot:studyId "1414"
pgloadind   property added ot:studyYear "2004"
pgloadind   property added ot:focalClade "568878"
pgloadind   property added ot:focalCladeOTTTaxonName "Orchidaceae"
pgloadind   property added ot:inGroupClade "node608857"
pgloadind   property added ot:curatedType "Fig. 3"
loading a specific tree: 2836
skipping tree: 2835
skipping tree: 2837
pgloadind conducting TNRS on trees
pgloadind   name fixing on tree tree id "2836"
pgloadind   all nodes have ottIds
pgloadind     OTT ID reused in tree
pgloadind       duplicate name "Satyrium bracteatum" nexsonid "node608849"
pgloadind       duplicate OTT ID 215514
pgloadind     overlapping tips
pgloadind       overlapping retained name "Satyrium nepalense var. ciliatum" nexsonid "node608832"
pgloadind       overlapping pruned name "Satyrium nepalense" nexsonid "node608833"
pgloadind     pruning dups and overlapping name "Satyrium bracteatum" nexsonid "node608849"
pgloadind     pruning dups and overlapping name "Satyrium nepalense" nexsonid "node608833"
pgloadind   postpruning newick tree "((((((((Satyrium_acuminatum,(Satyrium_carneum,(Satyrium_ligulatum,Satyrium_rupestre))),Satyrium_muticum),(Satyrium_coriifolium,Satyrium_stenopetalum)),(Satyrium_bicorne,Satyrium_erectum,Satyrium_humile,Satyrium_pallens)),(((Satyrium_buchananii,Satyrium_longicauda),Satyrium_sceptrum),Satyrium_membranaceum)),((Satyrium_amoenum,((Satyrium_crassicaule,Satyrium_hallackii),((Satyrium_cristatum,Satyrium_princeae),Satyrium_orbiculare))),((((Satyrium_chlorocorys,Satyrium_microcorys,Satyrium_parviflorum,Satyrium_shirense,Satyrium_sphaeranthum),Satyrium_nepalense_var_ciliatum),Satyrium_volkensii),Satyrium_odorum))),((Satyrium_amblyosaccos,(Satyrium_breve,Satyrium_trinerve)),Satyrium_microrrhynchum)),((Satyrium_bicallosum,(Satyrium_bracteatum,Satyrium_pumilum)),Satyrium_rhynchanthum))"
pgloadind   taxon mapping summary
pgloadind     taxon mapping OTT ID 577232 taxonomy "Satyrium acuminatum->Satyrium->Orchidinae->Orchideae->Orchidoideae->Orchidaceae->Asparagales->Petrosaviidae->Liliopsida->Mesangiospermae->Magnoliophyta->Spermatophyta->Euphyllophyta->Tracheophyta->Embryophyta->Streptophyta->Chloroplastida->Archaeplastida->Eukaryota->cellular organisms->life" nexsonid "node608788"
pgloadind     taxon mapping OTT ID 4561 taxonomy "Satyrium carneum->Satyrium->Orchidinae->Orchideae->Orchidoideae->Orchidaceae->Asparagales->Petrosaviidae->Liliopsida->Mesangiospermae->Magnoliophyta->Spermatophyta->Euphyllophyta->Tracheophyta->Embryophyta->Streptophyta->Chloroplastida->Archaeplastida->Eukaryota->cellular organisms->life" nexsonid "node608790"
pgloadind     taxon mapping OTT ID 4557 taxonomy "Satyrium ligulatum->Satyrium->Orchidinae->Orchideae->Orchidoideae->Orchidaceae->Asparagales->Petrosaviidae->Liliopsida->Mesangiospermae->Magnoliophyta->Spermatophyta->Euphyllophyta->Tracheophyta->Embryophyta->Streptophyta->Chloroplastida->Archaeplastida->Eukaryota->cellular organisms->life" nexsonid "node608792"
pgloadind     taxon mapping OTT ID 1034550 taxonomy "Satyrium rupestre->Satyrium->Orchidinae->Orchideae->Orchidoideae->Orchidaceae->Asparagales->Petrosaviidae->Liliopsida->Mesangiospermae->Magnoliophyta->Spermatophyta->Euphyllophyta->Tracheophyta->Embryophyta->Streptophyta->Chloroplastida->Archaeplastida->Eukaryota->cellular organisms->life" nexsonid "node608793"
pgloadind     taxon mapping OTT ID 789882 taxonomy "Satyrium muticum->Satyrium->Orchidinae->Orchideae->Orchidoideae->Orchidaceae->Asparagales->Petrosaviidae->Liliopsida->Mesangiospermae->Magnoliophyta->Spermatophyta->Euphyllophyta->Tracheophyta->Embryophyta->Streptophyta->Chloroplastida->Archaeplastida->Eukaryota->cellular organisms->life" nexsonid "node608794"
pgloadind     taxon mapping OTT ID 215502 taxonomy "Satyrium coriifolium->Satyrium->Orchidinae->Orchideae->Orchidoideae->Orchidaceae->Asparagales->Petrosaviidae->Liliopsida->Mesangiospermae->Magnoliophyta->Spermatophyta->Euphyllophyta->Tracheophyta->Embryophyta->Streptophyta->Chloroplastida->Archaeplastida->Eukaryota->cellular organisms->life" nexsonid "node608796"
pgloadind     taxon mapping OTT ID 4547 taxonomy "Satyrium stenopetalum->Satyrium->Orchidinae->Orchideae->Orchidoideae->Orchidaceae->Asparagales->Petrosaviidae->Liliopsida->Mesangiospermae->Magnoliophyta->Spermatophyta->Euphyllophyta->Tracheophyta->Embryophyta->Streptophyta->Chloroplastida->Archaeplastida->Eukaryota->cellular organisms->life" nexsonid "node608797"
pgloadind     taxon mapping OTT ID 215516 taxonomy "Satyrium bicorne->Satyrium->Orchidinae->Orchideae->Orchidoideae->Orchidaceae->Asparagales->Petrosaviidae->Liliopsida->Mesangiospermae->Magnoliophyta->Spermatophyta->Euphyllophyta->Tracheophyta->Embryophyta->Streptophyta->Chloroplastida->Archaeplastida->Eukaryota->cellular organisms->life" nexsonid "node608799"
pgloadind     taxon mapping OTT ID 789874 taxonomy "Satyrium erectum->Satyrium->Orchidinae->Orchideae->Orchidoideae->Orchidaceae->Asparagales->Petrosaviidae->Liliopsida->Mesangiospermae->Magnoliophyta->Spermatophyta->Euphyllophyta->Tracheophyta->Embryophyta->Streptophyta->Chloroplastida->Archaeplastida->Eukaryota->cellular organisms->life" nexsonid "node608800"
pgloadind     taxon mapping OTT ID 4559 taxonomy "Satyrium humile->Satyrium->Orchidinae->Orchideae->Orchidoideae->Orchidaceae->Asparagales->Petrosaviidae->Liliopsida->Mesangiospermae->Magnoliophyta->Spermatophyta->Euphyllophyta->Tracheophyta->Embryophyta->Streptophyta->Chloroplastida->Archaeplastida->Eukaryota->cellular organisms->life" nexsonid "node608801"
pgloadind     taxon mapping OTT ID 789870 taxonomy "Satyrium pallens->Satyrium->Orchidinae->Orchideae->Orchidoideae->Orchidaceae->Asparagales->Petrosaviidae->Liliopsida->Mesangiospermae->Magnoliophyta->Spermatophyta->Euphyllophyta->Tracheophyta->Embryophyta->Streptophyta->Chloroplastida->Archaeplastida->Eukaryota->cellular organisms->life" nexsonid "node608802"
pgloadind     taxon mapping OTT ID 215518 taxonomy "Satyrium buchananii->Satyrium->Orchidinae->Orchideae->Orchidoideae->Orchidaceae->Asparagales->Petrosaviidae->Liliopsida->Mesangiospermae->Magnoliophyta->Spermatophyta->Euphyllophyta->Tracheophyta->Embryophyta->Streptophyta->Chloroplastida->Archaeplastida->Eukaryota->cellular organisms->life" nexsonid "node608806"
pgloadind     taxon mapping OTT ID 810264 taxonomy "Satyrium longicauda->Satyrium->Orchidinae->Orchideae->Orchidoideae->Orchidaceae->Asparagales->Petrosaviidae->Liliopsida->Mesangiospermae->Magnoliophyta->Spermatophyta->Euphyllophyta->Tracheophyta->Embryophyta->Streptophyta->Chloroplastida->Archaeplastida->Eukaryota->cellular organisms->life" nexsonid "node608807"
pgloadind     taxon mapping OTT ID 1087616 taxonomy "Satyrium sceptrum->Satyrium->Orchidinae->Orchideae->Orchidoideae->Orchidaceae->Asparagales->Petrosaviidae->Liliopsida->Mesangiospermae->Magnoliophyta->Spermatophyta->Euphyllophyta->Tracheophyta->Embryophyta->Streptophyta->Chloroplastida->Archaeplastida->Eukaryota->cellular organisms->life" nexsonid "node608808"
pgloadind     taxon mapping OTT ID 4556 taxonomy "Satyrium membranaceum->Satyrium->Orchidinae->Orchideae->Orchidoideae->Orchidaceae->Asparagales->Petrosaviidae->Liliopsida->Mesangiospermae->Magnoliophyta->Spermatophyta->Euphyllophyta->Tracheophyta->Embryophyta->Streptophyta->Chloroplastida->Archaeplastida->Eukaryota->cellular organisms->life" nexsonid "node608809"
pgloadind     taxon mapping OTT ID 215510 taxonomy "Satyrium amoenum->Satyrium->Orchidinae->Orchideae->Orchidoideae->Orchidaceae->Asparagales->Petrosaviidae->Liliopsida->Mesangiospermae->Magnoliophyta->Spermatophyta->Euphyllophyta->Tracheophyta->Embryophyta->Streptophyta->Chloroplastida->Archaeplastida->Eukaryota->cellular organisms->life" nexsonid "node608812"
pgloadind     taxon mapping OTT ID 789878 taxonomy "Satyrium crassicaule->Satyrium->Orchidinae->Orchideae->Orchidoideae->Orchidaceae->Asparagales->Petrosaviidae->Liliopsida->Mesangiospermae->Magnoliophyta->Spermatophyta->Euphyllophyta->Tracheophyta->Embryophyta->Streptophyta->Chloroplastida->Archaeplastida->Eukaryota->cellular organisms->life" nexsonid "node608815"
pgloadind     taxon mapping OTT ID 789876 taxonomy "Satyrium hallackii->Satyrium->Orchidinae->Orchideae->Orchidoideae->Orchidaceae->Asparagales->Petrosaviidae->Liliopsida->Mesangiospermae->Magnoliophyta->Spermatophyta->Euphyllophyta->Tracheophyta->Embryophyta->Streptophyta->Chloroplastida->Archaeplastida->Eukaryota->cellular organisms->life" nexsonid "node608816"
pgloadind     taxon mapping OTT ID 789880 taxonomy "Satyrium cristatum->Satyrium->Orchidinae->Orchideae->Orchidoideae->Orchidaceae->Asparagales->Petrosaviidae->Liliopsida->Mesangiospermae->Magnoliophyta->Spermatophyta->Euphyllophyta->Tracheophyta->Embryophyta->Streptophyta->Chloroplastida->Archaeplastida->Eukaryota->cellular organisms->life" nexsonid "node608819"
pgloadind     taxon mapping OTT ID 789872 taxonomy "Satyrium princeae->Satyrium->Orchidinae->Orchideae->Orchidoideae->Orchidaceae->Asparagales->Petrosaviidae->Liliopsida->Mesangiospermae->Magnoliophyta->Spermatophyta->Euphyllophyta->Tracheophyta->Embryophyta->Streptophyta->Chloroplastida->Archaeplastida->Eukaryota->cellular organisms->life" nexsonid "node608820"
pgloadind     taxon mapping OTT ID 338437 taxonomy "Satyrium orbiculare->Satyrium->Orchidinae->Orchideae->Orchidoideae->Orchidaceae->Asparagales->Petrosaviidae->Liliopsida->Mesangiospermae->Magnoliophyta->Spermatophyta->Euphyllophyta->Tracheophyta->Embryophyta->Streptophyta->Chloroplastida->Archaeplastida->Eukaryota->cellular organisms->life" nexsonid "node608821"
pgloadind     taxon mapping OTT ID 186938 taxonomy "Satyrium chlorocorys->Satyrium->Orchidinae->Orchideae->Orchidoideae->Orchidaceae->Asparagales->Petrosaviidae->Liliopsida->Mesangiospermae->Magnoliophyta->Spermatophyta->Euphyllophyta->Tracheophyta->Embryophyta->Streptophyta->Chloroplastida->Archaeplastida->Eukaryota->cellular organisms->life" nexsonid "node608826"
pgloadind     taxon mapping OTT ID 338440 taxonomy "Satyrium microcorys->Satyrium->Orchidinae->Orchideae->Orchidoideae->Orchidaceae->Asparagales->Petrosaviidae->Liliopsida->Mesangiospermae->Magnoliophyta->Spermatophyta->Euphyllophyta->Tracheophyta->Embryophyta->Streptophyta->Chloroplastida->Archaeplastida->Eukaryota->cellular organisms->life" nexsonid "node608827"
pgloadind     taxon mapping OTT ID 810262 taxonomy "Satyrium parviflorum->Satyrium->Orchidinae->Orchideae->Orchidoideae->Orchidaceae->Asparagales->Petrosaviidae->Liliopsida->Mesangiospermae->Magnoliophyta->Spermatophyta->Euphyllophyta->Tracheophyta->Embryophyta->Streptophyta->Chloroplastida->Archaeplastida->Eukaryota->cellular organisms->life" nexsonid "node608828"
pgloadind     taxon mapping OTT ID 92862 taxonomy "Satyrium shirense->Satyrium->Orchidinae->Orchideae->Orchidoideae->Orchidaceae->Asparagales->Petrosaviidae->Liliopsida->Mesangiospermae->Magnoliophyta->Spermatophyta->Euphyllophyta->Tracheophyta->Embryophyta->Streptophyta->Chloroplastida->Archaeplastida->Eukaryota->cellular organisms->life" nexsonid "node608829"
pgloadind     taxon mapping OTT ID 781634 taxonomy "Satyrium sphaeranthum->Satyrium->Orchidinae->Orchideae->Orchidoideae->Orchidaceae->Asparagales->Petrosaviidae->Liliopsida->Mesangiospermae->Magnoliophyta->Spermatophyta->Euphyllophyta->Tracheophyta->Embryophyta->Streptophyta->Chloroplastida->Archaeplastida->Eukaryota->cellular organisms->life" nexsonid "node608830"
pgloadind     taxon mapping OTT ID 351141 taxonomy "Satyrium nepalense var. ciliatum->Satyrium nepalense->Satyrium->Orchidinae->Orchideae->Orchidoideae->Orchidaceae->Asparagales->Petrosaviidae->Liliopsida->Mesangiospermae->Magnoliophyta->Spermatophyta->Euphyllophyta->Tracheophyta->Embryophyta->Streptophyta->Chloroplastida->Archaeplastida->Eukaryota->cellular organisms->life" nexsonid "node608832"
pgloadind     taxon mapping OTT ID 1034564 taxonomy "Satyrium volkensii->Satyrium->Orchidinae->Orchideae->Orchidoideae->Orchidaceae->Asparagales->Petrosaviidae->Liliopsida->Mesangiospermae->Magnoliophyta->Spermatophyta->Euphyllophyta->Tracheophyta->Embryophyta->Streptophyta->Chloroplastida->Archaeplastida->Eukaryota->cellular organisms->life" nexsonid "node608834"
pgloadind     taxon mapping OTT ID 4552 taxonomy "Satyrium odorum->Satyrium->Orchidinae->Orchideae->Orchidoideae->Orchidaceae->Asparagales->Petrosaviidae->Liliopsida->Mesangiospermae->Magnoliophyta->Spermatophyta->Euphyllophyta->Tracheophyta->Embryophyta->Streptophyta->Chloroplastida->Archaeplastida->Eukaryota->cellular organisms->life" nexsonid "node608835"
pgloadind     taxon mapping OTT ID 215512 taxonomy "Satyrium amblyosaccos->Satyrium->Orchidinae->Orchideae->Orchidoideae->Orchidaceae->Asparagales->Petrosaviidae->Liliopsida->Mesangiospermae->Magnoliophyta->Spermatophyta->Euphyllophyta->Tracheophyta->Embryophyta->Streptophyta->Chloroplastida->Archaeplastida->Eukaryota->cellular organisms->life" nexsonid "node608838"
pgloadind     taxon mapping OTT ID 215520 taxonomy "Satyrium breve->Satyrium->Orchidinae->Orchideae->Orchidoideae->Orchidaceae->Asparagales->Petrosaviidae->Liliopsida->Mesangiospermae->Magnoliophyta->Spermatophyta->Euphyllophyta->Tracheophyta->Embryophyta->Streptophyta->Chloroplastida->Archaeplastida->Eukaryota->cellular organisms->life" nexsonid "node608840"
pgloadind     taxon mapping OTT ID 1034556 taxonomy "Satyrium trinerve->Satyrium->Orchidinae->Orchideae->Orchidoideae->Orchidaceae->Asparagales->Petrosaviidae->Liliopsida->Mesangiospermae->Magnoliophyta->Spermatophyta->Euphyllophyta->Tracheophyta->Embryophyta->Streptophyta->Chloroplastida->Archaeplastida->Eukaryota->cellular organisms->life" nexsonid "node608841"
pgloadind     taxon mapping OTT ID 789888 taxonomy "Satyrium microrrhynchum->Satyrium->Orchidinae->Orchideae->Orchidoideae->Orchidaceae->Asparagales->Petrosaviidae->Liliopsida->Mesangiospermae->Magnoliophyta->Spermatophyta->Euphyllophyta->Tracheophyta->Embryophyta->Streptophyta->Chloroplastida->Archaeplastida->Eukaryota->cellular organisms->life" nexsonid "node608842"
pgloadind     taxon mapping OTT ID 4563 taxonomy "Satyrium bicallosum->Satyrium->Orchidinae->Orchideae->Orchidoideae->Orchidaceae->Asparagales->Petrosaviidae->Liliopsida->Mesangiospermae->Magnoliophyta->Spermatophyta->Euphyllophyta->Tracheophyta->Embryophyta->Streptophyta->Chloroplastida->Archaeplastida->Eukaryota->cellular organisms->life" nexsonid "node608845"
pgloadind     taxon mapping OTT ID 215514 taxonomy "Satyrium bracteatum->Satyrium->Orchidinae->Orchideae->Orchidoideae->Orchidaceae->Asparagales->Petrosaviidae->Liliopsida->Mesangiospermae->Magnoliophyta->Spermatophyta->Euphyllophyta->Tracheophyta->Embryophyta->Streptophyta->Chloroplastida->Archaeplastida->Eukaryota->cellular organisms->life" nexsonid "node608847"
pgloadind     taxon mapping OTT ID 1087610 taxonomy "Satyrium pumilum->Satyrium->Orchidinae->Orchideae->Orchidoideae->Orchidaceae->Asparagales->Petrosaviidae->Liliopsida->Mesangiospermae->Magnoliophyta->Spermatophyta->Euphyllophyta->Tracheophyta->Embryophyta->Streptophyta->Chloroplastida->Archaeplastida->Eukaryota->cellular organisms->life" nexsonid "node608850"
pgloadind     taxon mapping OTT ID 4549 taxonomy "Satyrium rhynchanthum->Satyrium->Orchidinae->Orchideae->Orchidoideae->Orchidaceae->Asparagales->Petrosaviidae->Liliopsida->Mesangiospermae->Magnoliophyta->Spermatophyta->Euphyllophyta->Tracheophyta->Embryophyta->Streptophyta->Chloroplastida->Archaeplastida->Eukaryota->cellular organisms->life" nexsonid "node608851"
done fixing name
pgloadind Finished with attempts to fix names
pgloadind   Checking for uniqueness of OTT IDs tree id "2836"
pgloadind   Adding tree to graph tree id "2836"
all trees have all taxa: false
	using bipartition technique
attempting to remap tips to deepest exemplified taxa
	Satyrium nepalense var. ciliatum was remapped to 'Satyrium nepalense' (id=3099215)
this is the ROOT
placing root in index
Dealing with metadata property: id
Dealing with metadata property: ot:studyPublicationReference
Adding property 'ot:studyPublicationReference': Van der niet T., Linder H., Bytebier B., & Bellstedt D. 2004. Molecular arkers reject monophyly of the subgenera of Satyrium (Orchidaceae). Systematic Botany,30(2):263-274
Dealing with metadata property: ot:focalCladeOTTTaxonName
Adding property 'ot:focalCladeOTTTaxonName': Orchidaceae
Dealing with metadata property: ot:studyYear
Adding property 'ot:studyYear': 2004
Dealing with metadata property: ot:inGroupClade
Adding property 'ot:inGroupClade': node608780
Dealing with metadata property: ot:curatorName
Adding property 'ot:curatorName': Jiabin Deng
Dealing with metadata property: ot:studyPublication
Adding property 'ot:studyPublication': http://dx.doi.org/10.1600/0363644054223530
Dealing with metadata property: ot:focalClade
Adding property 'ot:focalClade': 568878
Dealing with metadata property: ot:curatedType
Adding property 'ot:curatedType': Fig. 2 ITS
Dealing with metadata property: ot:studyId
Adding property 'ot:studyId': 1414
Dealing with metadata property: ot:dataDeposit
Adding property 'ot:dataDeposit': http://purl.org/phylo/treebase/phylows/study/TB2:S1221
Committing nodes: 68
