pgloadind OTUs number 202
pgloadind Processing tree @id "3586"
pgloadind   tree info number nodes 208
pgloadind   tree info number edges 207
pgloadind   Ingested tree number of external nodes 113
pgloadind   property added ot:studyPublicationReference "Labiak, P. H., Sundue, M., & Rouhan, G. (2010). Molecular phylogeny, character evolution, and biogeography of the grammitid fern genus Lellingeria (Polypodiaceae). American Journal of Botany, 97(8), 1354-1364."
pgloadind   property added ot:studyPublication "http://dx.doi.org/10.3732/ajb.0900393"
pgloadind   property added ot:curatorName "Jiabin Deng"
pgloadind   property added ot:studyId "1779"
pgloadind   property added ot:studyYear "2010"
pgloadind   property added ot:focalClade "1026618"
pgloadind   property added ot:focalCladeOTTTaxonName "Lellingeria"
pgloadind   property added ot:curatedType "tre1"
pgloadind Processing tree @id "3587"
pgloadind   tree info number nodes 176
pgloadind   tree info number edges 175
pgloadind   tree info ingroup "node690360"
pgloadind   Setting ingroup root node.
pgloadind   Ingested tree number of external nodes 89
pgloadind   property added ot:studyPublicationReference "Labiak, P. H., Sundue, M., & Rouhan, G. (2010). Molecular phylogeny, character evolution, and biogeography of the grammitid fern genus Lellingeria (Polypodiaceae). American Journal of Botany, 97(8), 1354-1364."
pgloadind   property added ot:studyPublication "http://dx.doi.org/10.3732/ajb.0900393"
pgloadind   property added ot:curatorName "Jiabin Deng"
pgloadind   property added ot:studyId "1779"
pgloadind   property added ot:studyYear "2010"
pgloadind   property added ot:focalClade "1026618"
pgloadind   property added ot:focalCladeOTTTaxonName "Lellingeria"
pgloadind   property added ot:inGroupClade "node690360"
pgloadind   property added ot:curatedType "tre2"
loading a specific tree: 3587
skipping tree: 3586
pgloadind conducting TNRS on trees
pgloadind   name fixing on tree tree id "3587"
pgloadind   all nodes have ottIds
pgloadind     OTT ID reused in tree
pgloadind       duplicate name "Lellingeria major" nexsonid "node690371"
pgloadind       duplicate OTT ID 123688
pgloadind     OTT ID reused in tree
pgloadind       duplicate name "Lellingeria suspensa" nexsonid "node690386"
pgloadind       duplicate OTT ID 811131
pgloadind     OTT ID reused in tree
pgloadind       duplicate name "Lellingeria suspensa" nexsonid "node690389"
pgloadind       duplicate OTT ID 811131
pgloadind     OTT ID reused in tree
pgloadind       duplicate name "Lellingeria suspensa" nexsonid "node690390"
pgloadind       duplicate OTT ID 811131
pgloadind     OTT ID reused in tree
pgloadind       duplicate name "Lellingeria suspensa" nexsonid "node690391"
pgloadind       duplicate OTT ID 811131
pgloadind     OTT ID reused in tree
pgloadind       duplicate name "Lellingeria suspensa" nexsonid "node690392"
pgloadind       duplicate OTT ID 811131
pgloadind     OTT ID reused in tree
pgloadind       duplicate name "Lellingeria phlegmaria" nexsonid "node690400"
pgloadind       duplicate OTT ID 20926
pgloadind     OTT ID reused in tree
pgloadind       duplicate name "Lellingeria limula" nexsonid "node690414"
pgloadind       duplicate OTT ID 451221
pgloadind     OTT ID reused in tree
pgloadind       duplicate name "Lellingeria myosuroides" nexsonid "node690425"
pgloadind       duplicate OTT ID 410749
pgloadind     OTT ID reused in tree
pgloadind       duplicate name "Lellingeria myosuroides" nexsonid "node690427"
pgloadind       duplicate OTT ID 410749
pgloadind     OTT ID reused in tree
pgloadind       duplicate name "Lellingeria myosuroides" nexsonid "node690429"
pgloadind       duplicate OTT ID 410749
pgloadind     OTT ID reused in tree
pgloadind       duplicate name "Lellingeria myosuroides" nexsonid "node690431"
pgloadind       duplicate OTT ID 410749
pgloadind     OTT ID reused in tree
pgloadind       duplicate name "Lellingeria myosuroides" nexsonid "node690432"
pgloadind       duplicate OTT ID 410749
pgloadind     OTT ID reused in tree
pgloadind       duplicate name "Lellingeria wittigiana" nexsonid "node690436"
pgloadind       duplicate OTT ID 791828
pgloadind     OTT ID reused in tree
pgloadind       duplicate name "Lellingeria myosuroides" nexsonid "node690437"
pgloadind       duplicate OTT ID 410749
pgloadind     OTT ID reused in tree
pgloadind       duplicate name "Lellingeria oosora" nexsonid "node690441"
pgloadind       duplicate OTT ID 851446
pgloadind     OTT ID reused in tree
pgloadind       duplicate name "Melpomene personata" nexsonid "node690450"
pgloadind       duplicate OTT ID 199260
pgloadind     OTT ID reused in tree
pgloadind       duplicate name "Melpomene flabelliformis" nexsonid "node690459"
pgloadind       duplicate OTT ID 977323
pgloadind     OTT ID reused in tree
pgloadind       duplicate name "Melpomene xiphopteroides" nexsonid "node690465"
pgloadind       duplicate OTT ID 671045
pgloadind     OTT ID reused in tree
pgloadind       duplicate name "Melpomene firma" nexsonid "node690468"
pgloadind       duplicate OTT ID 671042
pgloadind     OTT ID reused in tree
pgloadind       duplicate name "Ctenopteris subimpressa" nexsonid "node690489"
pgloadind       duplicate OTT ID 9785
pgloadind     OTT ID reused in tree
pgloadind       duplicate name "Lellingeria brevistipes" nexsonid "node690493"
pgloadind       duplicate OTT ID 851450
pgloadind     OTT ID reused in tree
pgloadind       duplicate name "Lellingeria randallii" nexsonid "node690500"
pgloadind       duplicate OTT ID 593752
pgloadind     OTT ID reused in tree
pgloadind       duplicate name "Lellingeria pseudocapillaris" nexsonid "node690509"
pgloadind       duplicate OTT ID 593750
pgloadind     OTT ID reused in tree
pgloadind       duplicate name "Lellingeria subsessilis" nexsonid "node690515"
pgloadind       duplicate OTT ID 451219
pgloadind     OTT ID reused in tree
pgloadind       duplicate name "Lellingeria pendula" nexsonid "node690518"
pgloadind       duplicate OTT ID 20930
pgloadind     OTT ID reused in tree
pgloadind       duplicate name "Lellingeria flagellipinnata" nexsonid "node690521"
pgloadind       duplicate OTT ID 20914
pgloadind     OTT ID reused in tree
pgloadind       duplicate name "Lellingeria sp. PHL-2010c" nexsonid "node690527"
pgloadind       duplicate OTT ID 9784
pgloadind     OTT ID reused in tree
pgloadind       duplicate name "Lellingeria ciliolepis" nexsonid "node690529"
pgloadind       duplicate OTT ID 20912
pgloadind     OTT ID reused in tree
pgloadind       duplicate name "Lellingeria sp. PHL-2010a" nexsonid "node690534"
pgloadind       duplicate OTT ID 9794
pgloadind     OTT ID reused in tree
pgloadind       duplicate name "Lellingeria apiculata" nexsonid "node690535"
pgloadind       duplicate OTT ID 1026616
pgloadind     pruning dups and overlapping name "Lellingeria sp. PHL-2010a" nexsonid "node690534"
pgloadind     pruning dups and overlapping name "Lellingeria suspensa" nexsonid "node690386"
pgloadind     pruning dups and overlapping name "Lellingeria flagellipinnata" nexsonid "node690521"
pgloadind     pruning dups and overlapping name "Ctenopteris subimpressa" nexsonid "node690489"
pgloadind     pruning dups and overlapping name "Lellingeria myosuroides" nexsonid "node690427"
pgloadind     pruning dups and overlapping name "Lellingeria wittigiana" nexsonid "node690436"
pgloadind     pruning dups and overlapping name "Lellingeria myosuroides" nexsonid "node690431"
pgloadind     pruning dups and overlapping name "Lellingeria suspensa" nexsonid "node690389"
pgloadind     pruning dups and overlapping name "Melpomene firma" nexsonid "node690468"
pgloadind     pruning dups and overlapping name "Lellingeria pendula" nexsonid "node690518"
pgloadind     pruning dups and overlapping name "Lellingeria myosuroides" nexsonid "node690437"
pgloadind     pruning dups and overlapping name "Melpomene flabelliformis" nexsonid "node690459"
pgloadind     pruning dups and overlapping name "Lellingeria oosora" nexsonid "node690441"
pgloadind     pruning dups and overlapping name "Melpomene xiphopteroides" nexsonid "node690465"
pgloadind     pruning dups and overlapping name "Lellingeria sp. PHL-2010c" nexsonid "node690527"
pgloadind     pruning dups and overlapping name "Lellingeria major" nexsonid "node690371"
pgloadind     pruning dups and overlapping name "Lellingeria ciliolepis" nexsonid "node690529"
pgloadind     pruning dups and overlapping name "Lellingeria myosuroides" nexsonid "node690432"
pgloadind     pruning dups and overlapping name "Lellingeria myosuroides" nexsonid "node690429"
pgloadind     pruning dups and overlapping name "Lellingeria randallii" nexsonid "node690500"
pgloadind     pruning dups and overlapping name "Lellingeria limula" nexsonid "node690414"
pgloadind     pruning dups and overlapping name "Lellingeria suspensa" nexsonid "node690391"
pgloadind     pruning dups and overlapping name "Lellingeria subsessilis" nexsonid "node690515"
pgloadind     pruning dups and overlapping name "Lellingeria suspensa" nexsonid "node690390"
pgloadind     pruning dups and overlapping name "Lellingeria apiculata" nexsonid "node690535"
pgloadind     pruning dups and overlapping name "Lellingeria suspensa" nexsonid "node690392"
pgloadind     pruning dups and overlapping name "Melpomene personata" nexsonid "node690450"
pgloadind     pruning dups and overlapping name "Lellingeria pseudocapillaris" nexsonid "node690509"
pgloadind     pruning dups and overlapping name "Lellingeria phlegmaria" nexsonid "node690400"
pgloadind     pruning dups and overlapping name "Lellingeria brevistipes" nexsonid "node690493"
pgloadind     pruning dups and overlapping name "Lellingeria myosuroides" nexsonid "node690425"
pgloadind   postpruning newick tree "(Lellingeria_apiculata,(((Lellingeria_ciliolepis,((Lellingeria_sp_PHL-2010d,Lellingeria_major),(Lellingeria_tamandarei,Lellingeria_humilis))),(((((((((Lellingeria_dissimulans,Lellingeria_depressa),Lellingeria_suprasculpta),Lellingeria_suspensa),Lellingeria_phlegmaria),(((Lellingeria_hildebrandtii,((Lellingeria_prionodes,(Lellingeria_pumila,(Lellingeria_hartii,Lellingeria_limula))),(((((Lellingeria_hellwigii,Lellingeria_saffordii),Lellingeria_myosuroides),Lellingeria_wittigiana),Lellingeria_subcoriacea),Lellingeria_oosora))),((((Melpomene_melanosticta,((Melpomene_erecta,((Melpomene_pilosissima,(Melpomene_aff_moniliformis_Sundue_1366,Melpomene_flabelliformis)),(Melpomene_aff_xiphopteroides_Labiak_4301,Melpomene_xiphopteroides))),Melpomene_personata)),Melpomene_firma),Melpomene_allosuroides),(((Terpsichore_nana,(Terpsichore_david-smithii,(Terpsichore_dilatata,Terpsichore_sp_MAS-2010d))),(Terpsichore_subtilis,(Terpsichore_attenuatissima,Terpsichore_zeledoniana))),(Terpsichore_subscabra,Terpsichore_delicatula)))),Ctenopteris_subimpressa)),((((Lellingeria_melanotrichia,Lellingeria_randallii),(Polypodium_kaieteurum,Lellingeria_tenuicula)),(Lellingeria_isidrensis,Lellingeria_simacensis)),Lellingeria_brevistipes)),Lellingeria_pseudocapillaris),(((Lellingeria_pendula,Lellingeria_subsessilis),Lellingeria_flagellipinnata),Lellingeria_sp_MAS-2010)),((Lellingeria_sp_PHL-2010c,Lellingeria_itatimensis),Lellingeria_oreophila))),Lellingeria_sp_PHL-2010a))"
pgloadind   taxon mapping summary
pgloadind     taxon mapping OTT ID 1026616 taxonomy "Lellingeria apiculata->Lellingeria->Grammitidaceae->Polypodiales->core leptosporangiate ferns->Polypodiopsida->Moniliformopses->Euphyllophyta->Tracheophyta->Embryophyta->Streptophyta->Chloroplastida->Archaeplastida->Eukaryota->cellular organisms->life" nexsonid "node690361"
pgloadind     taxon mapping OTT ID 20912 taxonomy "Lellingeria ciliolepis->Lellingeria->Grammitidaceae->Polypodiales->core leptosporangiate ferns->Polypodiopsida->Moniliformopses->Euphyllophyta->Tracheophyta->Embryophyta->Streptophyta->Chloroplastida->Archaeplastida->Eukaryota->cellular organisms->life" nexsonid "node690365"
pgloadind     taxon mapping OTT ID 9787 taxonomy "Lellingeria sp. PHL-2010d->Lellingeria->Grammitidaceae->Polypodiales->core leptosporangiate ferns->Polypodiopsida->Moniliformopses->Euphyllophyta->Tracheophyta->Embryophyta->Streptophyta->Chloroplastida->Archaeplastida->Eukaryota->cellular organisms->life" nexsonid "node690368"
pgloadind     taxon mapping OTT ID 123688 taxonomy "Lellingeria major->Lellingeria->Grammitidaceae->Polypodiales->core leptosporangiate ferns->Polypodiopsida->Moniliformopses->Euphyllophyta->Tracheophyta->Embryophyta->Streptophyta->Chloroplastida->Archaeplastida->Eukaryota->cellular organisms->life" nexsonid "node690370"
pgloadind     taxon mapping OTT ID 217345 taxonomy "Lellingeria tamandarei->Lellingeria->Grammitidaceae->Polypodiales->core leptosporangiate ferns->Polypodiopsida->Moniliformopses->Euphyllophyta->Tracheophyta->Embryophyta->Streptophyta->Chloroplastida->Archaeplastida->Eukaryota->cellular organisms->life" nexsonid "node690373"
pgloadind     taxon mapping OTT ID 287246 taxonomy "Lellingeria humilis->Lellingeria->Grammitidaceae->Polypodiales->core leptosporangiate ferns->Polypodiopsida->Moniliformopses->Euphyllophyta->Tracheophyta->Embryophyta->Streptophyta->Chloroplastida->Archaeplastida->Eukaryota->cellular organisms->life" nexsonid "node690374"
pgloadind     taxon mapping OTT ID 20916 taxonomy "Lellingeria dissimulans->Lellingeria->Grammitidaceae->Polypodiales->core leptosporangiate ferns->Polypodiopsida->Moniliformopses->Euphyllophyta->Tracheophyta->Embryophyta->Streptophyta->Chloroplastida->Archaeplastida->Eukaryota->cellular organisms->life" nexsonid "node690395"
pgloadind     taxon mapping OTT ID 20910 taxonomy "Lellingeria depressa->Lellingeria->Grammitidaceae->Polypodiales->core leptosporangiate ferns->Polypodiopsida->Moniliformopses->Euphyllophyta->Tracheophyta->Embryophyta->Streptophyta->Chloroplastida->Archaeplastida->Eukaryota->cellular organisms->life" nexsonid "node690396"
pgloadind     taxon mapping OTT ID 811125 taxonomy "Lellingeria suprasculpta->Lellingeria->Grammitidaceae->Polypodiales->core leptosporangiate ferns->Polypodiopsida->Moniliformopses->Euphyllophyta->Tracheophyta->Embryophyta->Streptophyta->Chloroplastida->Archaeplastida->Eukaryota->cellular organisms->life" nexsonid "node690397"
pgloadind     taxon mapping OTT ID 811131 taxonomy "Lellingeria suspensa->Lellingeria->Grammitidaceae->Polypodiales->core leptosporangiate ferns->Polypodiopsida->Moniliformopses->Euphyllophyta->Tracheophyta->Embryophyta->Streptophyta->Chloroplastida->Archaeplastida->Eukaryota->cellular organisms->life" nexsonid "node690385"
pgloadind     taxon mapping OTT ID 20926 taxonomy "Lellingeria phlegmaria->Lellingeria->Grammitidaceae->Polypodiales->core leptosporangiate ferns->Polypodiopsida->Moniliformopses->Euphyllophyta->Tracheophyta->Embryophyta->Streptophyta->Chloroplastida->Archaeplastida->Eukaryota->cellular organisms->life" nexsonid "node690399"
pgloadind     taxon mapping OTT ID 20918 taxonomy "Lellingeria hildebrandtii->Lellingeria->Grammitidaceae->Polypodiales->core leptosporangiate ferns->Polypodiopsida->Moniliformopses->Euphyllophyta->Tracheophyta->Embryophyta->Streptophyta->Chloroplastida->Archaeplastida->Eukaryota->cellular organisms->life" nexsonid "node690404"
pgloadind     taxon mapping OTT ID 287234 taxonomy "Lellingeria prionodes->Lellingeria->Grammitidaceae->Polypodiales->core leptosporangiate ferns->Polypodiopsida->Moniliformopses->Euphyllophyta->Tracheophyta->Embryophyta->Streptophyta->Chloroplastida->Archaeplastida->Eukaryota->cellular organisms->life" nexsonid "node690407"
pgloadind     taxon mapping OTT ID 217347 taxonomy "Lellingeria pumila->Lellingeria->Grammitidaceae->Polypodiales->core leptosporangiate ferns->Polypodiopsida->Moniliformopses->Euphyllophyta->Tracheophyta->Embryophyta->Streptophyta->Chloroplastida->Archaeplastida->Eukaryota->cellular organisms->life" nexsonid "node690409"
pgloadind     taxon mapping OTT ID 20920 taxonomy "Lellingeria hartii->Lellingeria->Grammitidaceae->Polypodiales->core leptosporangiate ferns->Polypodiopsida->Moniliformopses->Euphyllophyta->Tracheophyta->Embryophyta->Streptophyta->Chloroplastida->Archaeplastida->Eukaryota->cellular organisms->life" nexsonid "node690411"
pgloadind     taxon mapping OTT ID 451221 taxonomy "Lellingeria limula->Lellingeria->Grammitidaceae->Polypodiales->core leptosporangiate ferns->Polypodiopsida->Moniliformopses->Euphyllophyta->Tracheophyta->Embryophyta->Streptophyta->Chloroplastida->Archaeplastida->Eukaryota->cellular organisms->life" nexsonid "node690413"
pgloadind     taxon mapping OTT ID 287239 taxonomy "Lellingeria hellwigii->Lellingeria->Grammitidaceae->Polypodiales->core leptosporangiate ferns->Polypodiopsida->Moniliformopses->Euphyllophyta->Tracheophyta->Embryophyta->Streptophyta->Chloroplastida->Archaeplastida->Eukaryota->cellular organisms->life" nexsonid "node690420"
pgloadind     taxon mapping OTT ID 645349 taxonomy "Lellingeria saffordii->Lellingeria->Grammitidaceae->Polypodiales->core leptosporangiate ferns->Polypodiopsida->Moniliformopses->Euphyllophyta->Tracheophyta->Embryophyta->Streptophyta->Chloroplastida->Archaeplastida->Eukaryota->cellular organisms->life" nexsonid "node690421"
pgloadind     taxon mapping OTT ID 410749 taxonomy "Lellingeria myosuroides->Lellingeria->Grammitidaceae->Polypodiales->core leptosporangiate ferns->Polypodiopsida->Moniliformopses->Euphyllophyta->Tracheophyta->Embryophyta->Streptophyta->Chloroplastida->Archaeplastida->Eukaryota->cellular organisms->life" nexsonid "node690424"
pgloadind     taxon mapping OTT ID 791828 taxonomy "Lellingeria wittigiana->Lellingeria->Grammitidaceae->Polypodiales->core leptosporangiate ferns->Polypodiopsida->Moniliformopses->Euphyllophyta->Tracheophyta->Embryophyta->Streptophyta->Chloroplastida->Archaeplastida->Eukaryota->cellular organisms->life" nexsonid "node690434"
pgloadind     taxon mapping OTT ID 645345 taxonomy "Lellingeria subcoriacea->Lellingeria->Grammitidaceae->Polypodiales->core leptosporangiate ferns->Polypodiopsida->Moniliformopses->Euphyllophyta->Tracheophyta->Embryophyta->Streptophyta->Chloroplastida->Archaeplastida->Eukaryota->cellular organisms->life" nexsonid "node690438"
pgloadind     taxon mapping OTT ID 851446 taxonomy "Lellingeria oosora->Lellingeria->Grammitidaceae->Polypodiales->core leptosporangiate ferns->Polypodiopsida->Moniliformopses->Euphyllophyta->Tracheophyta->Embryophyta->Streptophyta->Chloroplastida->Archaeplastida->Eukaryota->cellular organisms->life" nexsonid "node690440"
pgloadind     taxon mapping OTT ID 671036 taxonomy "Melpomene melanosticta->Melpomene->Grammitidaceae->Polypodiales->core leptosporangiate ferns->Polypodiopsida->Moniliformopses->Euphyllophyta->Tracheophyta->Embryophyta->Streptophyta->Chloroplastida->Archaeplastida->Eukaryota->cellular organisms->life" nexsonid "node690446"
pgloadind     taxon mapping OTT ID 148290 taxonomy "Melpomene erecta->Melpomene->Grammitidaceae->Polypodiales->core leptosporangiate ferns->Polypodiopsida->Moniliformopses->Euphyllophyta->Tracheophyta->Embryophyta->Streptophyta->Chloroplastida->Archaeplastida->Eukaryota->cellular organisms->life" nexsonid "node690452"
pgloadind     taxon mapping OTT ID 671032 taxonomy "Melpomene pilosissima->Melpomene->Grammitidaceae->Polypodiales->core leptosporangiate ferns->Polypodiopsida->Moniliformopses->Euphyllophyta->Tracheophyta->Embryophyta->Streptophyta->Chloroplastida->Archaeplastida->Eukaryota->cellular organisms->life" nexsonid "node690460"
pgloadind     taxon mapping OTT ID 468732 taxonomy "Melpomene aff. moniliformis Sundue 1366->Melpomene->Grammitidaceae->Polypodiales->core leptosporangiate ferns->Polypodiopsida->Moniliformopses->Euphyllophyta->Tracheophyta->Embryophyta->Streptophyta->Chloroplastida->Archaeplastida->Eukaryota->cellular organisms->life" nexsonid "node690457"
pgloadind     taxon mapping OTT ID 977323 taxonomy "Melpomene flabelliformis->Melpomene->Grammitidaceae->Polypodiales->core leptosporangiate ferns->Polypodiopsida->Moniliformopses->Euphyllophyta->Tracheophyta->Embryophyta->Streptophyta->Chloroplastida->Archaeplastida->Eukaryota->cellular organisms->life" nexsonid "node690458"
pgloadind     taxon mapping OTT ID 468731 taxonomy "Melpomene aff. xiphopteroides Labiak 4301->Melpomene->Grammitidaceae->Polypodiales->core leptosporangiate ferns->Polypodiopsida->Moniliformopses->Euphyllophyta->Tracheophyta->Embryophyta->Streptophyta->Chloroplastida->Archaeplastida->Eukaryota->cellular organisms->life" nexsonid "node690462"
pgloadind     taxon mapping OTT ID 671045 taxonomy "Melpomene xiphopteroides->Melpomene->Grammitidaceae->Polypodiales->core leptosporangiate ferns->Polypodiopsida->Moniliformopses->Euphyllophyta->Tracheophyta->Embryophyta->Streptophyta->Chloroplastida->Archaeplastida->Eukaryota->cellular organisms->life" nexsonid "node690464"
pgloadind     taxon mapping OTT ID 199260 taxonomy "Melpomene personata->Melpomene->Grammitidaceae->Polypodiales->core leptosporangiate ferns->Polypodiopsida->Moniliformopses->Euphyllophyta->Tracheophyta->Embryophyta->Streptophyta->Chloroplastida->Archaeplastida->Eukaryota->cellular organisms->life" nexsonid "node690449"
pgloadind     taxon mapping OTT ID 671042 taxonomy "Melpomene firma->Melpomene->Grammitidaceae->Polypodiales->core leptosporangiate ferns->Polypodiopsida->Moniliformopses->Euphyllophyta->Tracheophyta->Embryophyta->Streptophyta->Chloroplastida->Archaeplastida->Eukaryota->cellular organisms->life" nexsonid "node690467"
pgloadind     taxon mapping OTT ID 468729 taxonomy "Melpomene allosuroides->Melpomene->Grammitidaceae->Polypodiales->core leptosporangiate ferns->Polypodiopsida->Moniliformopses->Euphyllophyta->Tracheophyta->Embryophyta->Streptophyta->Chloroplastida->Archaeplastida->Eukaryota->cellular organisms->life" nexsonid "node690469"
pgloadind     taxon mapping OTT ID 677682 taxonomy "Terpsichore nana->Terpsichore->Grammitidaceae->Polypodiales->core leptosporangiate ferns->Polypodiopsida->Moniliformopses->Euphyllophyta->Tracheophyta->Embryophyta->Streptophyta->Chloroplastida->Archaeplastida->Eukaryota->cellular organisms->life" nexsonid "node690473"
pgloadind     taxon mapping OTT ID 759931 taxonomy "Terpsichore david-smithii->Terpsichore->Grammitidaceae->Polypodiales->core leptosporangiate ferns->Polypodiopsida->Moniliformopses->Euphyllophyta->Tracheophyta->Embryophyta->Streptophyta->Chloroplastida->Archaeplastida->Eukaryota->cellular organisms->life" nexsonid "node690475"
pgloadind     taxon mapping OTT ID 800270 taxonomy "Terpsichore dilatata->Terpsichore->Grammitidaceae->Polypodiales->core leptosporangiate ferns->Polypodiopsida->Moniliformopses->Euphyllophyta->Tracheophyta->Embryophyta->Streptophyta->Chloroplastida->Archaeplastida->Eukaryota->cellular organisms->life" nexsonid "node690477"
pgloadind     taxon mapping OTT ID 292109 taxonomy "Terpsichore sp. MAS-2010d->Terpsichore->Grammitidaceae->Polypodiales->core leptosporangiate ferns->Polypodiopsida->Moniliformopses->Euphyllophyta->Tracheophyta->Embryophyta->Streptophyta->Chloroplastida->Archaeplastida->Eukaryota->cellular organisms->life" nexsonid "node690478"
pgloadind     taxon mapping OTT ID 927301 taxonomy "Terpsichore subtilis->Terpsichore->Grammitidaceae->Polypodiales->core leptosporangiate ferns->Polypodiopsida->Moniliformopses->Euphyllophyta->Tracheophyta->Embryophyta->Streptophyta->Chloroplastida->Archaeplastida->Eukaryota->cellular organisms->life" nexsonid "node690480"
pgloadind     taxon mapping OTT ID 811120 taxonomy "Terpsichore attenuatissima->Terpsichore->Grammitidaceae->Polypodiales->core leptosporangiate ferns->Polypodiopsida->Moniliformopses->Euphyllophyta->Tracheophyta->Embryophyta->Streptophyta->Chloroplastida->Archaeplastida->Eukaryota->cellular organisms->life" nexsonid "node690482"
pgloadind     taxon mapping OTT ID 677727 taxonomy "Terpsichore zeledoniana->Terpsichore->Grammitidaceae->Polypodiales->core leptosporangiate ferns->Polypodiopsida->Moniliformopses->Euphyllophyta->Tracheophyta->Embryophyta->Streptophyta->Chloroplastida->Archaeplastida->Eukaryota->cellular organisms->life" nexsonid "node690483"
pgloadind     taxon mapping OTT ID 927303 taxonomy "Terpsichore subscabra->Terpsichore->Grammitidaceae->Polypodiales->core leptosporangiate ferns->Polypodiopsida->Moniliformopses->Euphyllophyta->Tracheophyta->Embryophyta->Streptophyta->Chloroplastida->Archaeplastida->Eukaryota->cellular organisms->life" nexsonid "node690485"
pgloadind     taxon mapping OTT ID 326407 taxonomy "Terpsichore delicatula->Terpsichore->Grammitidaceae->Polypodiales->core leptosporangiate ferns->Polypodiopsida->Moniliformopses->Euphyllophyta->Tracheophyta->Embryophyta->Streptophyta->Chloroplastida->Archaeplastida->Eukaryota->cellular organisms->life" nexsonid "node690486"
pgloadind     taxon mapping OTT ID 9785 taxonomy "Ctenopteris subimpressa->Ctenopteris->Grammitidaceae->Polypodiales->core leptosporangiate ferns->Polypodiopsida->Moniliformopses->Euphyllophyta->Tracheophyta->Embryophyta->Streptophyta->Chloroplastida->Archaeplastida->Eukaryota->cellular organisms->life" nexsonid "node690488"
pgloadind     taxon mapping OTT ID 851444 taxonomy "Lellingeria melanotrichia->Lellingeria->Grammitidaceae->Polypodiales->core leptosporangiate ferns->Polypodiopsida->Moniliformopses->Euphyllophyta->Tracheophyta->Embryophyta->Streptophyta->Chloroplastida->Archaeplastida->Eukaryota->cellular organisms->life" nexsonid "node690497"
pgloadind     taxon mapping OTT ID 593752 taxonomy "Lellingeria randallii->Lellingeria->Grammitidaceae->Polypodiales->core leptosporangiate ferns->Polypodiopsida->Moniliformopses->Euphyllophyta->Tracheophyta->Embryophyta->Streptophyta->Chloroplastida->Archaeplastida->Eukaryota->cellular organisms->life" nexsonid "node690499"
pgloadind     taxon mapping OTT ID 9782 taxonomy "Polypodium kaieteurum->Polypodium->Polypodiaceae->eupolypods I->Polypodiales->core leptosporangiate ferns->Polypodiopsida->Moniliformopses->Euphyllophyta->Tracheophyta->Embryophyta->Streptophyta->Chloroplastida->Archaeplastida->Eukaryota->cellular organisms->life" nexsonid "node690502"
pgloadind     taxon mapping OTT ID 791826 taxonomy "Lellingeria tenuicula->Lellingeria->Grammitidaceae->Polypodiales->core leptosporangiate ferns->Polypodiopsida->Moniliformopses->Euphyllophyta->Tracheophyta->Embryophyta->Streptophyta->Chloroplastida->Archaeplastida->Eukaryota->cellular organisms->life" nexsonid "node690503"
pgloadind     taxon mapping OTT ID 20924 taxonomy "Lellingeria isidrensis->Lellingeria->Grammitidaceae->Polypodiales->core leptosporangiate ferns->Polypodiopsida->Moniliformopses->Euphyllophyta->Tracheophyta->Embryophyta->Streptophyta->Chloroplastida->Archaeplastida->Eukaryota->cellular organisms->life" nexsonid "node690505"
pgloadind     taxon mapping OTT ID 811127 taxonomy "Lellingeria simacensis->Lellingeria->Grammitidaceae->Polypodiales->core leptosporangiate ferns->Polypodiopsida->Moniliformopses->Euphyllophyta->Tracheophyta->Embryophyta->Streptophyta->Chloroplastida->Archaeplastida->Eukaryota->cellular organisms->life" nexsonid "node690506"
pgloadind     taxon mapping OTT ID 851450 taxonomy "Lellingeria brevistipes->Lellingeria->Grammitidaceae->Polypodiales->core leptosporangiate ferns->Polypodiopsida->Moniliformopses->Euphyllophyta->Tracheophyta->Embryophyta->Streptophyta->Chloroplastida->Archaeplastida->Eukaryota->cellular organisms->life" nexsonid "node690492"
pgloadind     taxon mapping OTT ID 593750 taxonomy "Lellingeria pseudocapillaris->Lellingeria->Grammitidaceae->Polypodiales->core leptosporangiate ferns->Polypodiopsida->Moniliformopses->Euphyllophyta->Tracheophyta->Embryophyta->Streptophyta->Chloroplastida->Archaeplastida->Eukaryota->cellular organisms->life" nexsonid "node690508"
pgloadind     taxon mapping OTT ID 20930 taxonomy "Lellingeria pendula->Lellingeria->Grammitidaceae->Polypodiales->core leptosporangiate ferns->Polypodiopsida->Moniliformopses->Euphyllophyta->Tracheophyta->Embryophyta->Streptophyta->Chloroplastida->Archaeplastida->Eukaryota->cellular organisms->life" nexsonid "node690517"
pgloadind     taxon mapping OTT ID 451219 taxonomy "Lellingeria subsessilis->Lellingeria->Grammitidaceae->Polypodiales->core leptosporangiate ferns->Polypodiopsida->Moniliformopses->Euphyllophyta->Tracheophyta->Embryophyta->Streptophyta->Chloroplastida->Archaeplastida->Eukaryota->cellular organisms->life" nexsonid "node690514"
pgloadind     taxon mapping OTT ID 20914 taxonomy "Lellingeria flagellipinnata->Lellingeria->Grammitidaceae->Polypodiales->core leptosporangiate ferns->Polypodiopsida->Moniliformopses->Euphyllophyta->Tracheophyta->Embryophyta->Streptophyta->Chloroplastida->Archaeplastida->Eukaryota->cellular organisms->life" nexsonid "node690520"
pgloadind     taxon mapping OTT ID 292099 taxonomy "Lellingeria sp. MAS-2010->Lellingeria->Grammitidaceae->Polypodiales->core leptosporangiate ferns->Polypodiopsida->Moniliformopses->Euphyllophyta->Tracheophyta->Embryophyta->Streptophyta->Chloroplastida->Archaeplastida->Eukaryota->cellular organisms->life" nexsonid "node690522"
pgloadind     taxon mapping OTT ID 9784 taxonomy "Lellingeria sp. PHL-2010c->Lellingeria->Grammitidaceae->Polypodiales->core leptosporangiate ferns->Polypodiopsida->Moniliformopses->Euphyllophyta->Tracheophyta->Embryophyta->Streptophyta->Chloroplastida->Archaeplastida->Eukaryota->cellular organisms->life" nexsonid "node690526"
pgloadind     taxon mapping OTT ID 20922 taxonomy "Lellingeria itatimensis->Lellingeria->Grammitidaceae->Polypodiales->core leptosporangiate ferns->Polypodiopsida->Moniliformopses->Euphyllophyta->Tracheophyta->Embryophyta->Streptophyta->Chloroplastida->Archaeplastida->Eukaryota->cellular organisms->life" nexsonid "node690530"
pgloadind     taxon mapping OTT ID 646332 taxonomy "Lellingeria oreophila->Lellingeria->Grammitidaceae->Polypodiales->core leptosporangiate ferns->Polypodiopsida->Moniliformopses->Euphyllophyta->Tracheophyta->Embryophyta->Streptophyta->Chloroplastida->Archaeplastida->Eukaryota->cellular organisms->life" nexsonid "node690531"
pgloadind     taxon mapping OTT ID 9794 taxonomy "Lellingeria sp. PHL-2010a->Lellingeria->Grammitidaceae->Polypodiales->core leptosporangiate ferns->Polypodiopsida->Moniliformopses->Euphyllophyta->Tracheophyta->Embryophyta->Streptophyta->Chloroplastida->Archaeplastida->Eukaryota->cellular organisms->life" nexsonid "node690533"
done fixing name
pgloadind Finished with attempts to fix names
pgloadind   Checking for uniqueness of OTT IDs tree id "3587"
pgloadind   Adding tree to graph tree id "3587"
all trees have all taxa: false
	using bipartition technique
attempting to remap tips to deepest exemplified taxa
	Ctenopteris subimpressa was remapped to 'Ctenopteris' (id=3123186)
	Polypodium kaieteurum was remapped to 'eupolypods I' (id=3125069)
this is the ROOT
placing root in index
Dealing with metadata property: id
Dealing with metadata property: ot:studyPublicationReference
Adding property 'ot:studyPublicationReference': Labiak, P. H., Sundue, M., & Rouhan, G. (2010). Molecular phylogeny, character evolution, and biogeography of the grammitid fern genus Lellingeria (Polypodiaceae). American Journal of Botany, 97(8), 1354-1364.
Dealing with metadata property: ot:focalCladeOTTTaxonName
Adding property 'ot:focalCladeOTTTaxonName': Lellingeria
Dealing with metadata property: ot:studyYear
Adding property 'ot:studyYear': 2010
Dealing with metadata property: ot:inGroupClade
Adding property 'ot:inGroupClade': node690360
Dealing with metadata property: ot:curatorName
Adding property 'ot:curatorName': Jiabin Deng
Dealing with metadata property: ot:studyPublication
Adding property 'ot:studyPublication': http://dx.doi.org/10.3732/ajb.0900393
Dealing with metadata property: ot:focalClade
Adding property 'ot:focalClade': 1026618
Dealing with metadata property: ot:curatedType
Adding property 'ot:curatedType': tre2
Dealing with metadata property: ot:studyId
Adding property 'ot:studyId': 1779
Committing nodes: 115
