pgloadind OTUs number 63
pgloadind Processing tree @id "4005"
pgloadind   tree info number nodes 120
pgloadind   tree info number edges 119
pgloadind   tree info ingroup "node748106"
pgloadind   Setting ingroup root node.
pgloadind   Ingested tree number of external nodes 54
pgloadind   property added ot:studyPublicationReference "Sanz, M. [et al. 2008], Vilatersana, R., Hidalgo, O., Garcia-Jacas, N., Susanna, A, Schneeweiss, G. M., & Vallès, J. 2008. Molecular phylogeny and evolution of floral characters of Artemisia and allies (Anthemideae, Asteraceae): Evidence from nrDNA ETS and ITS sequences. Taxon 57: 66-78."
pgloadind   property added ot:curatorName "bryan drew"
pgloadind   property added ot:studyId "1959"
pgloadind   property added ot:studyYear "2008"
pgloadind   property added ot:focalClade "557765"
pgloadind   property added ot:focalCladeOTTTaxonName "Anthemideae"
pgloadind   property added ot:branchLengthMode "ot:substitutionCount"
pgloadind   property added ot:inGroupClade "node748106"
pgloadind   property added ot:curatedType "ml best tree"
loading a specific tree: 4005
pgloadind conducting TNRS on trees
pgloadind   name fixing on tree tree id "4005"
pgloadind   all nodes have ottIds
pgloadind     OTT ID reused in tree
pgloadind       duplicate name "Artemisia herba-alba" nexsonid "node748148"
pgloadind       duplicate OTT ID 693395
pgloadind     OTT ID reused in tree
pgloadind       duplicate name "Artemisia cana" nexsonid "node748182"
pgloadind       duplicate OTT ID 119279
pgloadind     pruning dups and overlapping name "Artemisia cana" nexsonid "node748182"
pgloadind     pruning dups and overlapping name "Artemisia herba-alba" nexsonid "node748148"
pgloadind   postpruning newick tree "((((((((Artemisia_ludoviciana_subsp_mexicana,((Artemisia_vulgaris,Artemisia_stelleriana),Artemisia_verlotiorum)),Artemisia_rutifolia,Artemisia_lagocephala),(((Artemisia_filifolia,Picrothamnus_desertorum),Artemisia_tridentata),((Artemisia_cana,Artemisia_nova),Artemisia_inaequifolia))),(((((((Artemisia_araxina,(Artemisia_caerulescens,Artemisia_santolina)),Artemisia_fragrans),Artemisia_herba-alba,Artemisia_barrelieri),Artemisia_sieberi),Artemisia_inculta),Artemisia_annua),Artemisia_persica)),(Artemisia_afra,Artemisia_santolinifolia)),((((((Artemisia_haussknechtii,Artemisia_incana),Artemisia_granatensis),(Artemisia_aschurbajewii,((Artemisia_umbelliformis,Artemisia_austriaca),Artemisia_splendens))),Artemisia_glacialis),Artemisia_eriantha,((Artemisia_lucentica,Artemisia_reptans),Artemisia_judaica)),(Artemisia_absinthium,Artemisia_sieversiana))),(((((((Artemisia_marschalliana,((Artemisia_scoparia,Artemisia_arenaria),Neopallasia_pectinata)),(Artemisia_campestris,Artemisia_crithmifolia)),Artemisia_monosperma),Mausolea_eriocarpa),Turaniphytum_eranthemum),(Artemisia_dracunculus,Artemisia_dracunculoides)),Artemisia_sibirica)),(Kaschgaria_brachanthemoides,Kaschgaria_komarovii))"
pgloadind   taxon mapping summary
pgloadind     taxon mapping OTT ID 968948 taxonomy "Artemisia ludoviciana subsp. mexicana->Artemisia ludoviciana->Artemisia->Artemisiinae->Anthemideae->Asteroideae->Asteraceae->Asterales->campanulids->asterids->Pentapetalae->Gunneridae->eudicotyledons->Mesangiospermae->Magnoliophyta->Spermatophyta->Euphyllophyta->Tracheophyta->Embryophyta->Streptophyta->Chloroplastida->Archaeplastida->Eukaryota->cellular organisms->life" nexsonid "node748114"
pgloadind     taxon mapping OTT ID 1092844 taxonomy "Artemisia vulgaris->Artemisia->Artemisiinae->Anthemideae->Asteroideae->Asteraceae->Asterales->campanulids->asterids->Pentapetalae->Gunneridae->eudicotyledons->Mesangiospermae->Magnoliophyta->Spermatophyta->Euphyllophyta->Tracheophyta->Embryophyta->Streptophyta->Chloroplastida->Archaeplastida->Eukaryota->cellular organisms->life" nexsonid "node748117"
pgloadind     taxon mapping OTT ID 274437 taxonomy "Artemisia stelleriana->Artemisia->Artemisiinae->Anthemideae->Asteroideae->Asteraceae->Asterales->campanulids->asterids->Pentapetalae->Gunneridae->eudicotyledons->Mesangiospermae->Magnoliophyta->Spermatophyta->Euphyllophyta->Tracheophyta->Embryophyta->Streptophyta->Chloroplastida->Archaeplastida->Eukaryota->cellular organisms->life" nexsonid "node748118"
pgloadind     taxon mapping OTT ID 324953 taxonomy "Artemisia verlotiorum->Artemisia->Artemisiinae->Anthemideae->Asteroideae->Asteraceae->Asterales->campanulids->asterids->Pentapetalae->Gunneridae->eudicotyledons->Mesangiospermae->Magnoliophyta->Spermatophyta->Euphyllophyta->Tracheophyta->Embryophyta->Streptophyta->Chloroplastida->Archaeplastida->Eukaryota->cellular organisms->life" nexsonid "node748119"
pgloadind     taxon mapping OTT ID 921454 taxonomy "Artemisia rutifolia->Artemisia->Artemisiinae->Anthemideae->Asteroideae->Asteraceae->Asterales->campanulids->asterids->Pentapetalae->Gunneridae->eudicotyledons->Mesangiospermae->Magnoliophyta->Spermatophyta->Euphyllophyta->Tracheophyta->Embryophyta->Streptophyta->Chloroplastida->Archaeplastida->Eukaryota->cellular organisms->life" nexsonid "node748120"
pgloadind     taxon mapping OTT ID 274425 taxonomy "Artemisia lagocephala->Artemisia->Artemisiinae->Anthemideae->Asteroideae->Asteraceae->Asterales->campanulids->asterids->Pentapetalae->Gunneridae->eudicotyledons->Mesangiospermae->Magnoliophyta->Spermatophyta->Euphyllophyta->Tracheophyta->Embryophyta->Streptophyta->Chloroplastida->Archaeplastida->Eukaryota->cellular organisms->life" nexsonid "node748121"
pgloadind     taxon mapping OTT ID 202540 taxonomy "Artemisia filifolia->Artemisia->Artemisiinae->Anthemideae->Asteroideae->Asteraceae->Asterales->campanulids->asterids->Pentapetalae->Gunneridae->eudicotyledons->Mesangiospermae->Magnoliophyta->Spermatophyta->Euphyllophyta->Tracheophyta->Embryophyta->Streptophyta->Chloroplastida->Archaeplastida->Eukaryota->cellular organisms->life" nexsonid "node748125"
pgloadind     taxon mapping OTT ID 274419 taxonomy "Picrothamnus desertorum->Picrothamnus->Artemisiinae->Anthemideae->Asteroideae->Asteraceae->Asterales->campanulids->asterids->Pentapetalae->Gunneridae->eudicotyledons->Mesangiospermae->Magnoliophyta->Spermatophyta->Euphyllophyta->Tracheophyta->Embryophyta->Streptophyta->Chloroplastida->Archaeplastida->Eukaryota->cellular organisms->life" nexsonid "node748126"
pgloadind     taxon mapping OTT ID 368822 taxonomy "Artemisia tridentata->Artemisia->Artemisiinae->Anthemideae->Asteroideae->Asteraceae->Asterales->campanulids->asterids->Pentapetalae->Gunneridae->eudicotyledons->Mesangiospermae->Magnoliophyta->Spermatophyta->Euphyllophyta->Tracheophyta->Embryophyta->Streptophyta->Chloroplastida->Archaeplastida->Eukaryota->cellular organisms->life" nexsonid "node748127"
pgloadind     taxon mapping OTT ID 119279 taxonomy "Artemisia cana->Artemisia->Artemisiinae->Anthemideae->Asteroideae->Asteraceae->Asterales->campanulids->asterids->Pentapetalae->Gunneridae->eudicotyledons->Mesangiospermae->Magnoliophyta->Spermatophyta->Euphyllophyta->Tracheophyta->Embryophyta->Streptophyta->Chloroplastida->Archaeplastida->Eukaryota->cellular organisms->life" nexsonid "node748130"
pgloadind     taxon mapping OTT ID 536915 taxonomy "Artemisia nova->Artemisia->Artemisiinae->Anthemideae->Asteroideae->Asteraceae->Asterales->campanulids->asterids->Pentapetalae->Gunneridae->eudicotyledons->Mesangiospermae->Magnoliophyta->Spermatophyta->Euphyllophyta->Tracheophyta->Embryophyta->Streptophyta->Chloroplastida->Archaeplastida->Eukaryota->cellular organisms->life" nexsonid "node748131"
pgloadind     taxon mapping OTT ID 564091 taxonomy "Artemisia inaequifolia->Artemisia->Artemisiinae->Anthemideae->Asteroideae->Asteraceae->Asterales->campanulids->asterids->Pentapetalae->Gunneridae->eudicotyledons->Mesangiospermae->Magnoliophyta->Spermatophyta->Euphyllophyta->Tracheophyta->Embryophyta->Streptophyta->Chloroplastida->Archaeplastida->Eukaryota->cellular organisms->life" nexsonid "node748132"
pgloadind     taxon mapping OTT ID 119271 taxonomy "Artemisia araxina->Artemisia->Artemisiinae->Anthemideae->Asteroideae->Asteraceae->Asterales->campanulids->asterids->Pentapetalae->Gunneridae->eudicotyledons->Mesangiospermae->Magnoliophyta->Spermatophyta->Euphyllophyta->Tracheophyta->Embryophyta->Streptophyta->Chloroplastida->Archaeplastida->Eukaryota->cellular organisms->life" nexsonid "node748140"
pgloadind     taxon mapping OTT ID 119269 taxonomy "Artemisia caerulescens->Artemisia->Artemisiinae->Anthemideae->Asteroideae->Asteraceae->Asterales->campanulids->asterids->Pentapetalae->Gunneridae->eudicotyledons->Mesangiospermae->Magnoliophyta->Spermatophyta->Euphyllophyta->Tracheophyta->Embryophyta->Streptophyta->Chloroplastida->Archaeplastida->Eukaryota->cellular organisms->life" nexsonid "node748142"
pgloadind     taxon mapping OTT ID 154484 taxonomy "Artemisia santolina->Artemisia->Artemisiinae->Anthemideae->Asteroideae->Asteraceae->Asterales->campanulids->asterids->Pentapetalae->Gunneridae->eudicotyledons->Mesangiospermae->Magnoliophyta->Spermatophyta->Euphyllophyta->Tracheophyta->Embryophyta->Streptophyta->Chloroplastida->Archaeplastida->Eukaryota->cellular organisms->life" nexsonid "node748143"
pgloadind     taxon mapping OTT ID 1070779 taxonomy "Artemisia fragrans->Artemisia->Artemisiinae->Anthemideae->Asteroideae->Asteraceae->Asterales->campanulids->asterids->Pentapetalae->Gunneridae->eudicotyledons->Mesangiospermae->Magnoliophyta->Spermatophyta->Euphyllophyta->Tracheophyta->Embryophyta->Streptophyta->Chloroplastida->Archaeplastida->Eukaryota->cellular organisms->life" nexsonid "node748144"
pgloadind     taxon mapping OTT ID 693395 taxonomy "Artemisia herba-alba->Artemisia->Artemisiinae->Anthemideae->Asteroideae->Asteraceae->Asterales->campanulids->asterids->Pentapetalae->Gunneridae->eudicotyledons->Mesangiospermae->Magnoliophyta->Spermatophyta->Euphyllophyta->Tracheophyta->Embryophyta->Streptophyta->Chloroplastida->Archaeplastida->Eukaryota->cellular organisms->life" nexsonid "node748145"
pgloadind     taxon mapping OTT ID 119273 taxonomy "Artemisia barrelieri->Artemisia->Artemisiinae->Anthemideae->Asteroideae->Asteraceae->Asterales->campanulids->asterids->Pentapetalae->Gunneridae->eudicotyledons->Mesangiospermae->Magnoliophyta->Spermatophyta->Euphyllophyta->Tracheophyta->Embryophyta->Streptophyta->Chloroplastida->Archaeplastida->Eukaryota->cellular organisms->life" nexsonid "node748146"
pgloadind     taxon mapping OTT ID 324847 taxonomy "Artemisia sieberi->Artemisia->Artemisiinae->Anthemideae->Asteroideae->Asteraceae->Asterales->campanulids->asterids->Pentapetalae->Gunneridae->eudicotyledons->Mesangiospermae->Magnoliophyta->Spermatophyta->Euphyllophyta->Tracheophyta->Embryophyta->Streptophyta->Chloroplastida->Archaeplastida->Eukaryota->cellular organisms->life" nexsonid "node748147"
pgloadind     taxon mapping OTT ID 969157 taxonomy "Artemisia inculta->Artemisia->Artemisiinae->Anthemideae->Asteroideae->Asteraceae->Asterales->campanulids->asterids->Pentapetalae->Gunneridae->eudicotyledons->Mesangiospermae->Magnoliophyta->Spermatophyta->Euphyllophyta->Tracheophyta->Embryophyta->Streptophyta->Chloroplastida->Archaeplastida->Eukaryota->cellular organisms->life" nexsonid "node748149"
pgloadind     taxon mapping OTT ID 637444 taxonomy "Artemisia annua->Artemisia->Artemisiinae->Anthemideae->Asteroideae->Asteraceae->Asterales->campanulids->asterids->Pentapetalae->Gunneridae->eudicotyledons->Mesangiospermae->Magnoliophyta->Spermatophyta->Euphyllophyta->Tracheophyta->Embryophyta->Streptophyta->Chloroplastida->Archaeplastida->Eukaryota->cellular organisms->life" nexsonid "node748150"
pgloadind     taxon mapping OTT ID 154482 taxonomy "Artemisia persica->Artemisia->Artemisiinae->Anthemideae->Asteroideae->Asteraceae->Asterales->campanulids->asterids->Pentapetalae->Gunneridae->eudicotyledons->Mesangiospermae->Magnoliophyta->Spermatophyta->Euphyllophyta->Tracheophyta->Embryophyta->Streptophyta->Chloroplastida->Archaeplastida->Eukaryota->cellular organisms->life" nexsonid "node748151"
pgloadind     taxon mapping OTT ID 119275 taxonomy "Artemisia afra->Artemisia->Artemisiinae->Anthemideae->Asteroideae->Asteraceae->Asterales->campanulids->asterids->Pentapetalae->Gunneridae->eudicotyledons->Mesangiospermae->Magnoliophyta->Spermatophyta->Euphyllophyta->Tracheophyta->Embryophyta->Streptophyta->Chloroplastida->Archaeplastida->Eukaryota->cellular organisms->life" nexsonid "node748153"
pgloadind     taxon mapping OTT ID 154486 taxonomy "Artemisia santolinifolia->Artemisia->Artemisiinae->Anthemideae->Asteroideae->Asteraceae->Asterales->campanulids->asterids->Pentapetalae->Gunneridae->eudicotyledons->Mesangiospermae->Magnoliophyta->Spermatophyta->Euphyllophyta->Tracheophyta->Embryophyta->Streptophyta->Chloroplastida->Archaeplastida->Eukaryota->cellular organisms->life" nexsonid "node748154"
pgloadind     taxon mapping OTT ID 729297 taxonomy "Artemisia haussknechtii->Artemisia->Artemisiinae->Anthemideae->Asteroideae->Asteraceae->Asterales->campanulids->asterids->Pentapetalae->Gunneridae->eudicotyledons->Mesangiospermae->Magnoliophyta->Spermatophyta->Euphyllophyta->Tracheophyta->Embryophyta->Streptophyta->Chloroplastida->Archaeplastida->Eukaryota->cellular organisms->life" nexsonid "node748161"
pgloadind     taxon mapping OTT ID 274427 taxonomy "Artemisia incana->Artemisia->Artemisiinae->Anthemideae->Asteroideae->Asteraceae->Asterales->campanulids->asterids->Pentapetalae->Gunneridae->eudicotyledons->Mesangiospermae->Magnoliophyta->Spermatophyta->Euphyllophyta->Tracheophyta->Embryophyta->Streptophyta->Chloroplastida->Archaeplastida->Eukaryota->cellular organisms->life" nexsonid "node748162"
pgloadind     taxon mapping OTT ID 1070768 taxonomy "Artemisia granatensis->Artemisia->Artemisiinae->Anthemideae->Asteroideae->Asteraceae->Asterales->campanulids->asterids->Pentapetalae->Gunneridae->eudicotyledons->Mesangiospermae->Magnoliophyta->Spermatophyta->Euphyllophyta->Tracheophyta->Embryophyta->Streptophyta->Chloroplastida->Archaeplastida->Eukaryota->cellular organisms->life" nexsonid "node748163"
pgloadind     taxon mapping OTT ID 729290 taxonomy "Artemisia aschurbajewii->Artemisia->Artemisiinae->Anthemideae->Asteroideae->Asteraceae->Asterales->campanulids->asterids->Pentapetalae->Gunneridae->eudicotyledons->Mesangiospermae->Magnoliophyta->Spermatophyta->Euphyllophyta->Tracheophyta->Embryophyta->Streptophyta->Chloroplastida->Archaeplastida->Eukaryota->cellular organisms->life" nexsonid "node748165"
pgloadind     taxon mapping OTT ID 324916 taxonomy "Artemisia umbelliformis->Artemisia->Artemisiinae->Anthemideae->Asteroideae->Asteraceae->Asterales->campanulids->asterids->Pentapetalae->Gunneridae->eudicotyledons->Mesangiospermae->Magnoliophyta->Spermatophyta->Euphyllophyta->Tracheophyta->Embryophyta->Streptophyta->Chloroplastida->Archaeplastida->Eukaryota->cellular organisms->life" nexsonid "node748168"
pgloadind     taxon mapping OTT ID 729284 taxonomy "Artemisia austriaca->Artemisia->Artemisiinae->Anthemideae->Asteroideae->Asteraceae->Asterales->campanulids->asterids->Pentapetalae->Gunneridae->eudicotyledons->Mesangiospermae->Magnoliophyta->Spermatophyta->Euphyllophyta->Tracheophyta->Embryophyta->Streptophyta->Chloroplastida->Archaeplastida->Eukaryota->cellular organisms->life" nexsonid "node748169"
pgloadind     taxon mapping OTT ID 324857 taxonomy "Artemisia splendens->Artemisia->Artemisiinae->Anthemideae->Asteroideae->Asteraceae->Asterales->campanulids->asterids->Pentapetalae->Gunneridae->eudicotyledons->Mesangiospermae->Magnoliophyta->Spermatophyta->Euphyllophyta->Tracheophyta->Embryophyta->Streptophyta->Chloroplastida->Archaeplastida->Eukaryota->cellular organisms->life" nexsonid "node748170"
pgloadind     taxon mapping OTT ID 607383 taxonomy "Artemisia glacialis->Artemisia->Artemisiinae->Anthemideae->Asteroideae->Asteraceae->Asterales->campanulids->asterids->Pentapetalae->Gunneridae->eudicotyledons->Mesangiospermae->Magnoliophyta->Spermatophyta->Euphyllophyta->Tracheophyta->Embryophyta->Streptophyta->Chloroplastida->Archaeplastida->Eukaryota->cellular organisms->life" nexsonid "node748171"
pgloadind     taxon mapping OTT ID 274429 taxonomy "Artemisia eriantha->Artemisia->Artemisiinae->Anthemideae->Asteroideae->Asteraceae->Asterales->campanulids->asterids->Pentapetalae->Gunneridae->eudicotyledons->Mesangiospermae->Magnoliophyta->Spermatophyta->Euphyllophyta->Tracheophyta->Embryophyta->Streptophyta->Chloroplastida->Archaeplastida->Eukaryota->cellular organisms->life" nexsonid "node748172"
pgloadind     taxon mapping OTT ID 969043 taxonomy "Artemisia lucentica->Artemisia->Artemisiinae->Anthemideae->Asteroideae->Asteraceae->Asterales->campanulids->asterids->Pentapetalae->Gunneridae->eudicotyledons->Mesangiospermae->Magnoliophyta->Spermatophyta->Euphyllophyta->Tracheophyta->Embryophyta->Streptophyta->Chloroplastida->Archaeplastida->Eukaryota->cellular organisms->life" nexsonid "node748175"
pgloadind     taxon mapping OTT ID 1063447 taxonomy "Artemisia reptans->Artemisia->Artemisiinae->Anthemideae->Asteroideae->Asteraceae->Asterales->campanulids->asterids->Pentapetalae->Gunneridae->eudicotyledons->Mesangiospermae->Magnoliophyta->Spermatophyta->Euphyllophyta->Tracheophyta->Embryophyta->Streptophyta->Chloroplastida->Archaeplastida->Eukaryota->cellular organisms->life" nexsonid "node748176"
pgloadind     taxon mapping OTT ID 729282 taxonomy "Artemisia judaica->Artemisia->Artemisiinae->Anthemideae->Asteroideae->Asteraceae->Asterales->campanulids->asterids->Pentapetalae->Gunneridae->eudicotyledons->Mesangiospermae->Magnoliophyta->Spermatophyta->Euphyllophyta->Tracheophyta->Embryophyta->Streptophyta->Chloroplastida->Archaeplastida->Eukaryota->cellular organisms->life" nexsonid "node748177"
pgloadind     taxon mapping OTT ID 707473 taxonomy "Artemisia absinthium->Artemisia->Artemisiinae->Anthemideae->Asteroideae->Asteraceae->Asterales->campanulids->asterids->Pentapetalae->Gunneridae->eudicotyledons->Mesangiospermae->Magnoliophyta->Spermatophyta->Euphyllophyta->Tracheophyta->Embryophyta->Streptophyta->Chloroplastida->Archaeplastida->Eukaryota->cellular organisms->life" nexsonid "node748180"
pgloadind     taxon mapping OTT ID 154471 taxonomy "Artemisia sieversiana->Artemisia->Artemisiinae->Anthemideae->Asteroideae->Asteraceae->Asterales->campanulids->asterids->Pentapetalae->Gunneridae->eudicotyledons->Mesangiospermae->Magnoliophyta->Spermatophyta->Euphyllophyta->Tracheophyta->Embryophyta->Streptophyta->Chloroplastida->Archaeplastida->Eukaryota->cellular organisms->life" nexsonid "node748181"
pgloadind     taxon mapping OTT ID 154474 taxonomy "Artemisia marschalliana->Artemisia->Artemisiinae->Anthemideae->Asteroideae->Asteraceae->Asterales->campanulids->asterids->Pentapetalae->Gunneridae->eudicotyledons->Mesangiospermae->Magnoliophyta->Spermatophyta->Euphyllophyta->Tracheophyta->Embryophyta->Streptophyta->Chloroplastida->Archaeplastida->Eukaryota->cellular organisms->life" nexsonid "node748190"
pgloadind     taxon mapping OTT ID 889813 taxonomy "Artemisia scoparia->Artemisia->Artemisiinae->Anthemideae->Asteroideae->Asteraceae->Asterales->campanulids->asterids->Pentapetalae->Gunneridae->eudicotyledons->Mesangiospermae->Magnoliophyta->Spermatophyta->Euphyllophyta->Tracheophyta->Embryophyta->Streptophyta->Chloroplastida->Archaeplastida->Eukaryota->cellular organisms->life" nexsonid "node748193"
pgloadind     taxon mapping OTT ID 848810 taxonomy "Artemisia arenaria->Artemisia->Artemisiinae->Anthemideae->Asteroideae->Asteraceae->Asterales->campanulids->asterids->Pentapetalae->Gunneridae->eudicotyledons->Mesangiospermae->Magnoliophyta->Spermatophyta->Euphyllophyta->Tracheophyta->Embryophyta->Streptophyta->Chloroplastida->Archaeplastida->Eukaryota->cellular organisms->life" nexsonid "node748194"
pgloadind     taxon mapping OTT ID 564088 taxonomy "Neopallasia pectinata->Neopallasia->Artemisiinae->Anthemideae->Asteroideae->Asteraceae->Asterales->campanulids->asterids->Pentapetalae->Gunneridae->eudicotyledons->Mesangiospermae->Magnoliophyta->Spermatophyta->Euphyllophyta->Tracheophyta->Embryophyta->Streptophyta->Chloroplastida->Archaeplastida->Eukaryota->cellular organisms->life" nexsonid "node748195"
pgloadind     taxon mapping OTT ID 408655 taxonomy "Artemisia campestris->Artemisia->Artemisiinae->Anthemideae->Asteroideae->Asteraceae->Asterales->campanulids->asterids->Pentapetalae->Gunneridae->eudicotyledons->Mesangiospermae->Magnoliophyta->Spermatophyta->Euphyllophyta->Tracheophyta->Embryophyta->Streptophyta->Chloroplastida->Archaeplastida->Eukaryota->cellular organisms->life" nexsonid "node748197"
pgloadind     taxon mapping OTT ID 1070805 taxonomy "Artemisia crithmifolia->Artemisia->Artemisiinae->Anthemideae->Asteroideae->Asteraceae->Asterales->campanulids->asterids->Pentapetalae->Gunneridae->eudicotyledons->Mesangiospermae->Magnoliophyta->Spermatophyta->Euphyllophyta->Tracheophyta->Embryophyta->Streptophyta->Chloroplastida->Archaeplastida->Eukaryota->cellular organisms->life" nexsonid "node748198"
pgloadind     taxon mapping OTT ID 536919 taxonomy "Artemisia monosperma->Artemisia->Artemisiinae->Anthemideae->Asteroideae->Asteraceae->Asterales->campanulids->asterids->Pentapetalae->Gunneridae->eudicotyledons->Mesangiospermae->Magnoliophyta->Spermatophyta->Euphyllophyta->Tracheophyta->Embryophyta->Streptophyta->Chloroplastida->Archaeplastida->Eukaryota->cellular organisms->life" nexsonid "node748199"
pgloadind     taxon mapping OTT ID 729293 taxonomy "Mausolea eriocarpa->Mausolea->Artemisiinae->Anthemideae->Asteroideae->Asteraceae->Asterales->campanulids->asterids->Pentapetalae->Gunneridae->eudicotyledons->Mesangiospermae->Magnoliophyta->Spermatophyta->Euphyllophyta->Tracheophyta->Embryophyta->Streptophyta->Chloroplastida->Archaeplastida->Eukaryota->cellular organisms->life" nexsonid "node748200"
pgloadind     taxon mapping OTT ID 898653 taxonomy "Turaniphytum eranthemum->Turaniphytum->Artemisiinae->Anthemideae->Asteroideae->Asteraceae->Asterales->campanulids->asterids->Pentapetalae->Gunneridae->eudicotyledons->Mesangiospermae->Magnoliophyta->Spermatophyta->Euphyllophyta->Tracheophyta->Embryophyta->Streptophyta->Chloroplastida->Archaeplastida->Eukaryota->cellular organisms->life" nexsonid "node748201"
pgloadind     taxon mapping OTT ID 1070795 taxonomy "Artemisia dracunculus->Artemisia->Artemisiinae->Anthemideae->Asteroideae->Asteraceae->Asterales->campanulids->asterids->Pentapetalae->Gunneridae->eudicotyledons->Mesangiospermae->Magnoliophyta->Spermatophyta->Euphyllophyta->Tracheophyta->Embryophyta->Streptophyta->Chloroplastida->Archaeplastida->Eukaryota->cellular organisms->life" nexsonid "node748203"
pgloadind     taxon mapping OTT ID 729299 taxonomy "Artemisia dracunculoides->Artemisia->Artemisiinae->Anthemideae->Asteroideae->Asteraceae->Asterales->campanulids->asterids->Pentapetalae->Gunneridae->eudicotyledons->Mesangiospermae->Magnoliophyta->Spermatophyta->Euphyllophyta->Tracheophyta->Embryophyta->Streptophyta->Chloroplastida->Archaeplastida->Eukaryota->cellular organisms->life" nexsonid "node748204"
pgloadind     taxon mapping OTT ID 43033 taxonomy "Artemisia sibirica->Artemisia->Artemisiinae->Anthemideae->Asteroideae->Asteraceae->Asterales->campanulids->asterids->Pentapetalae->Gunneridae->eudicotyledons->Mesangiospermae->Magnoliophyta->Spermatophyta->Euphyllophyta->Tracheophyta->Embryophyta->Streptophyta->Chloroplastida->Archaeplastida->Eukaryota->cellular organisms->life" nexsonid "node748205"
pgloadind     taxon mapping OTT ID 573324 taxonomy "Kaschgaria brachanthemoides->Kaschgaria->Artemisiinae->Anthemideae->Asteroideae->Asteraceae->Asterales->campanulids->asterids->Pentapetalae->Gunneridae->eudicotyledons->Mesangiospermae->Magnoliophyta->Spermatophyta->Euphyllophyta->Tracheophyta->Embryophyta->Streptophyta->Chloroplastida->Archaeplastida->Eukaryota->cellular organisms->life" nexsonid "node748207"
pgloadind     taxon mapping OTT ID 947907 taxonomy "Kaschgaria komarovii->Kaschgaria->Artemisiinae->Anthemideae->Asteroideae->Asteraceae->Asterales->campanulids->asterids->Pentapetalae->Gunneridae->eudicotyledons->Mesangiospermae->Magnoliophyta->Spermatophyta->Euphyllophyta->Tracheophyta->Embryophyta->Streptophyta->Chloroplastida->Archaeplastida->Eukaryota->cellular organisms->life" nexsonid "node748208"
done fixing name
pgloadind Finished with attempts to fix names
pgloadind   Checking for uniqueness of OTT IDs tree id "4005"
pgloadind   Adding tree to graph tree id "4005"
all trees have all taxa: false
	using bipartition technique
attempting to remap tips to deepest exemplified taxa
	Neopallasia pectinata was remapped to 'Neopallasia' (id=2672443)
	Picrothamnus desertorum was remapped to 'Picrothamnus' (id=2672447)
	Mausolea eriocarpa was remapped to 'Mausolea' (id=2672452)
	Artemisia ludoviciana subsp. mexicana was remapped to 'Artemisia ludoviciana' (id=2672579)
	Turaniphytum eranthemum was remapped to 'Turaniphytum' (id=2673606)
this is the ROOT
placing root in index
Dealing with metadata property: id
Dealing with metadata property: ot:studyPublicationReference
Adding property 'ot:studyPublicationReference': Sanz, M. [et al. 2008], Vilatersana, R., Hidalgo, O., Garcia-Jacas, N., Susanna, A, Schneeweiss, G. M., & Vallès, J. 2008. Molecular phylogeny and evolution of floral characters of Artemisia and allies (Anthemideae, Asteraceae): Evidence from nrDNA ETS and ITS sequences. Taxon 57: 66-78.
Dealing with metadata property: ot:focalCladeOTTTaxonName
Adding property 'ot:focalCladeOTTTaxonName': Anthemideae
Dealing with metadata property: ot:studyYear
Adding property 'ot:studyYear': 2008
Dealing with metadata property: ot:inGroupClade
Adding property 'ot:inGroupClade': node748106
Dealing with metadata property: ot:branchLengthMode
Adding property 'ot:branchLengthMode': ot:substitutionCount
Dealing with metadata property: ot:curatorName
Adding property 'ot:curatorName': bryan drew
Dealing with metadata property: ot:focalClade
Adding property 'ot:focalClade': 557765
Dealing with metadata property: ot:curatedType
Adding property 'ot:curatedType': ml best tree
Dealing with metadata property: ot:studyId
Adding property 'ot:studyId': 1959
Committing nodes: 100
