pgloadind OTUs number 90
pgloadind Processing tree @id "4010"
pgloadind   tree info number nodes 162
pgloadind   tree info number edges 161
pgloadind   tree info ingroup "node748523"
pgloadind   Setting ingroup root node.
pgloadind   Ingested tree number of external nodes 90
pgloadind   property added ot:studyPublicationReference "Clement W., & Donoghue M. 2011. Dissolution of Viburnum section Megalotinus (Adoxaceae) of Southeast Asia and its implications for morphological evolution and biogeography. International Journal of Plant Sciences, 172(4): 559-573."
pgloadind   property added ot:studyPublication "http://dx.doi.org/10.1086/658927"
pgloadind   property added ot:curatorName "bryan drew"
pgloadind   property added ot:dataDeposit "http://purl.org/phylo/treebase/phylows/study/TB2:S10714"
pgloadind   property added ot:studyId "1962"
pgloadind   property added ot:studyYear "2011"
pgloadind   property added ot:focalClade "757494"
pgloadind   property added ot:focalCladeOTTTaxonName "Adoxaceae"
pgloadind   property added ot:inGroupClade "node748523"
pgloadind   property added ot:curatedType "BIT"
pgloadind Processing tree @id "4011"
pgloadind   tree info number nodes 166
pgloadind   tree info number edges 165
pgloadind   tree info ingroup "node748685"
pgloadind   Setting ingroup root node.
pgloadind   Ingested tree number of external nodes 90
pgloadind   property added ot:studyPublicationReference "Clement W., & Donoghue M. 2011. Dissolution of Viburnum section Megalotinus (Adoxaceae) of Southeast Asia and its implications for morphological evolution and biogeography. International Journal of Plant Sciences, 172(4): 559-573."
pgloadind   property added ot:studyPublication "http://dx.doi.org/10.1086/658927"
pgloadind   property added ot:curatorName "bryan drew"
pgloadind   property added ot:dataDeposit "http://purl.org/phylo/treebase/phylows/study/TB2:S10714"
pgloadind   property added ot:studyId "1962"
pgloadind   property added ot:studyYear "2011"
pgloadind   property added ot:focalClade "757494"
pgloadind   property added ot:focalCladeOTTTaxonName "Adoxaceae"
pgloadind   property added ot:inGroupClade "node748685"
pgloadind   property added ot:curatedType "BIT"
pgloadind Processing tree @id "4012"
pgloadind   tree info number nodes 138
pgloadind   tree info number edges 137
pgloadind   tree info ingroup "node748851"
pgloadind   Setting ingroup root node.
pgloadind   Ingested tree number of external nodes 84
pgloadind   property added ot:studyPublicationReference "Clement W., & Donoghue M. 2011. Dissolution of Viburnum section Megalotinus (Adoxaceae) of Southeast Asia and its implications for morphological evolution and biogeography. International Journal of Plant Sciences, 172(4): 559-573."
pgloadind   property added ot:studyPublication "http://dx.doi.org/10.1086/658927"
pgloadind   property added ot:curatorName "bryan drew"
pgloadind   property added ot:dataDeposit "http://purl.org/phylo/treebase/phylows/study/TB2:S10714"
pgloadind   property added ot:studyId "1962"
pgloadind   property added ot:studyYear "2011"
pgloadind   property added ot:focalClade "757494"
pgloadind   property added ot:focalCladeOTTTaxonName "Adoxaceae"
pgloadind   property added ot:inGroupClade "node748851"
pgloadind   property added ot:curatedType "BIT"
pgloadind Processing tree @id "6580"
pgloadind   tree info number nodes 163
pgloadind   tree info number edges 162
pgloadind   tree info ingroup "node1144312"
pgloadind   Setting ingroup root node.
pgloadind   Ingested tree number of external nodes 90
pgloadind   property added ot:studyPublicationReference "Clement W., & Donoghue M. 2011. Dissolution of Viburnum section Megalotinus (Adoxaceae) of Southeast Asia and its implications for morphological evolution and biogeography. International Journal of Plant Sciences, 172(4): 559-573."
pgloadind   property added ot:studyPublication "http://dx.doi.org/10.1086/658927"
pgloadind   property added ot:curatorName "bryan drew"
pgloadind   property added ot:dataDeposit "http://purl.org/phylo/treebase/phylows/study/TB2:S10714"
pgloadind   property added ot:studyId "1962"
pgloadind   property added ot:studyYear "2011"
pgloadind   property added ot:focalClade "757494"
pgloadind   property added ot:focalCladeOTTTaxonName "Adoxaceae"
pgloadind   property added ot:branchLengthMode "ot:substitutionCount"
pgloadind   property added ot:inGroupClade "node1144312"
pgloadind   property added ot:curatedType "bayesian consensus rooted"
loading a specific tree: 4010
skipping tree: 4011
skipping tree: 4012
skipping tree: 6580
pgloadind conducting TNRS on trees
pgloadind   name fixing on tree tree id "4010"
pgloadind   all nodes have ottIds
pgloadind     overlapping tips
pgloadind       overlapping retained name "Viburnum punctatum" nexsonid "node748666"
pgloadind       overlapping pruned name "Viburnum punctatum var. lepidotulum" nexsonid "node748665"
pgloadind     overlapping tips
pgloadind       overlapping retained name "Viburnum opulus var. sargentii" nexsonid "node748577"
pgloadind       overlapping pruned name "Viburnum opulus" nexsonid "node748576"
pgloadind     pruning dups and overlapping name "Viburnum punctatum var. lepidotulum" nexsonid "node748665"
pgloadind     pruning dups and overlapping name "Viburnum opulus" nexsonid "node748576"
pgloadind   postpruning newick tree "((((Viburnum_nervosum,(Viburnum_furcatum,Viburnum_lantanoides)),Viburnum_sympodiale),(((Viburnum_nudum,Viburnum_cassinoides),(((Viburnum_prunifolium,Viburnum_lentago),Viburnum_rufidulum),Viburnum_elatum)),(((Viburnum_schensianum,((Viburnum_veitchii,Viburnum_rhytidophyllum),Viburnum_utile),Viburnum_carlesii,(Viburnum_lantana,Viburnum_mongolicum)),Viburnum_macrocephalum),Viburnum_punctatum))),((((Viburnum_amplificatum,((Viburnum_farreri,(Viburnum_oliganthum,Viburnum_erubescens,Viburnum_subalpinum,Viburnum_chingii),(Viburnum_corymbiflorum,Viburnum_suspensum),Viburnum_brachybotryum),((Viburnum_awabuki,Viburnum_odoratissimum),Viburnum_sieboldii))),((Viburnum_plicatum,Viburnum_colebrookeanum),Viburnum_lutescens)),(Viburnum_urceolatum,Viburnum_taiwanianum)),((((((((Viburnum_hupehense,(Viburnum_foetidum,Viburnum_brachyandrum)),(Viburnum_orientale,(Viburnum_adenophorum,(Viburnum_erosum,Viburnum_luzonicum,Viburnum_betulifolium,Viburnum_setigerum,(Viburnum_melanocarpum,(Viburnum_sempervirens,Viburnum_japonicum)),(Viburnum_wrightii,Viburnum_dilatatum))))),Viburnum_acerifolium),((Viburnum_flavescens,Viburnum_lobophyllum),Viburnum_ichangense),Viburnum_kansuense,((Viburnum_hebanthum,Viburnum_coriaceum),Viburnum_cylindricum)),(Viburnum_ternatum,Viburnum_inopinatum)),((Viburnum_opulus_var_americanum,Viburnum_opulus_var_sargentii),(Viburnum_koreanum,Viburnum_edule))),((((Viburnum_molle,Viburnum_rafinesquianum),Viburnum_bracteatum),Viburnum_ellipticum),((((Viburnum_hartwegii,(Viburnum_lautum,Viburnum_jucundum)),(Viburnum_triphyllum,(Viburnum_toronis,Viburnum_jamesonii))),(Viburnum_discolor,Viburnum_blandum,Viburnum_sulcatum),(Viburnum_stenocalyx,Viburnum_loeseneri,Viburnum_caudatum)),Viburnum_dentatum))),((Viburnum_propinquum,Viburnum_cinnamomifolium,(Viburnum_atrocyaneum,Viburnum_calvum)),(Viburnum_tinus,Viburnum_rigidum)))),Viburnum_clemensae)"
pgloadind   taxon mapping summary
pgloadind     taxon mapping OTT ID 205158 taxonomy "Viburnum nervosum->Viburnum->Adoxaceae->Dipsacales->campanulids->asterids->Pentapetalae->Gunneridae->eudicotyledons->Mesangiospermae->Magnoliophyta->Spermatophyta->Euphyllophyta->Tracheophyta->Embryophyta->Streptophyta->Chloroplastida->Archaeplastida->Eukaryota->cellular organisms->life" nexsonid "node748680"
pgloadind     taxon mapping OTT ID 572541 taxonomy "Viburnum furcatum->Viburnum->Adoxaceae->Dipsacales->campanulids->asterids->Pentapetalae->Gunneridae->eudicotyledons->Mesangiospermae->Magnoliophyta->Spermatophyta->Euphyllophyta->Tracheophyta->Embryophyta->Streptophyta->Chloroplastida->Archaeplastida->Eukaryota->cellular organisms->life" nexsonid "node748682"
pgloadind     taxon mapping OTT ID 572545 taxonomy "Viburnum lantanoides->Viburnum->Adoxaceae->Dipsacales->campanulids->asterids->Pentapetalae->Gunneridae->eudicotyledons->Mesangiospermae->Magnoliophyta->Spermatophyta->Euphyllophyta->Tracheophyta->Embryophyta->Streptophyta->Chloroplastida->Archaeplastida->Eukaryota->cellular organisms->life" nexsonid "node748683"
pgloadind     taxon mapping OTT ID 849001 taxonomy "Viburnum sympodiale->Viburnum->Adoxaceae->Dipsacales->campanulids->asterids->Pentapetalae->Gunneridae->eudicotyledons->Mesangiospermae->Magnoliophyta->Spermatophyta->Euphyllophyta->Tracheophyta->Embryophyta->Streptophyta->Chloroplastida->Archaeplastida->Eukaryota->cellular organisms->life" nexsonid "node748684"
pgloadind     taxon mapping OTT ID 51726 taxonomy "Viburnum nudum->Viburnum->Adoxaceae->Dipsacales->campanulids->asterids->Pentapetalae->Gunneridae->eudicotyledons->Mesangiospermae->Magnoliophyta->Spermatophyta->Euphyllophyta->Tracheophyta->Embryophyta->Streptophyta->Chloroplastida->Archaeplastida->Eukaryota->cellular organisms->life" nexsonid "node748670"
pgloadind     taxon mapping OTT ID 967922 taxonomy "Viburnum cassinoides->Viburnum->Adoxaceae->Dipsacales->campanulids->asterids->Pentapetalae->Gunneridae->eudicotyledons->Mesangiospermae->Magnoliophyta->Spermatophyta->Euphyllophyta->Tracheophyta->Embryophyta->Streptophyta->Chloroplastida->Archaeplastida->Eukaryota->cellular organisms->life" nexsonid "node748669"
pgloadind     taxon mapping OTT ID 51715 taxonomy "Viburnum prunifolium->Viburnum->Adoxaceae->Dipsacales->campanulids->asterids->Pentapetalae->Gunneridae->eudicotyledons->Mesangiospermae->Magnoliophyta->Spermatophyta->Euphyllophyta->Tracheophyta->Embryophyta->Streptophyta->Chloroplastida->Archaeplastida->Eukaryota->cellular organisms->life" nexsonid "node748676"
pgloadind     taxon mapping OTT ID 383298 taxonomy "Viburnum lentago->Viburnum->Adoxaceae->Dipsacales->campanulids->asterids->Pentapetalae->Gunneridae->eudicotyledons->Mesangiospermae->Magnoliophyta->Spermatophyta->Euphyllophyta->Tracheophyta->Embryophyta->Streptophyta->Chloroplastida->Archaeplastida->Eukaryota->cellular organisms->life" nexsonid "node748675"
pgloadind     taxon mapping OTT ID 51719 taxonomy "Viburnum rufidulum->Viburnum->Adoxaceae->Dipsacales->campanulids->asterids->Pentapetalae->Gunneridae->eudicotyledons->Mesangiospermae->Magnoliophyta->Spermatophyta->Euphyllophyta->Tracheophyta->Embryophyta->Streptophyta->Chloroplastida->Archaeplastida->Eukaryota->cellular organisms->life" nexsonid "node748677"
pgloadind     taxon mapping OTT ID 124082 taxonomy "Viburnum elatum->Viburnum->Adoxaceae->Dipsacales->campanulids->asterids->Pentapetalae->Gunneridae->eudicotyledons->Mesangiospermae->Magnoliophyta->Spermatophyta->Euphyllophyta->Tracheophyta->Embryophyta->Streptophyta->Chloroplastida->Archaeplastida->Eukaryota->cellular organisms->life" nexsonid "node748672"
pgloadind     taxon mapping OTT ID 938733 taxonomy "Viburnum schensianum->Viburnum->Adoxaceae->Dipsacales->campanulids->asterids->Pentapetalae->Gunneridae->eudicotyledons->Mesangiospermae->Magnoliophyta->Spermatophyta->Euphyllophyta->Tracheophyta->Embryophyta->Streptophyta->Chloroplastida->Archaeplastida->Eukaryota->cellular organisms->life" nexsonid "node748662"
pgloadind     taxon mapping OTT ID 938727 taxonomy "Viburnum veitchii->Viburnum->Adoxaceae->Dipsacales->campanulids->asterids->Pentapetalae->Gunneridae->eudicotyledons->Mesangiospermae->Magnoliophyta->Spermatophyta->Euphyllophyta->Tracheophyta->Embryophyta->Streptophyta->Chloroplastida->Archaeplastida->Eukaryota->cellular organisms->life" nexsonid "node748660"
pgloadind     taxon mapping OTT ID 979456 taxonomy "Viburnum rhytidophyllum->Viburnum->Adoxaceae->Dipsacales->campanulids->asterids->Pentapetalae->Gunneridae->eudicotyledons->Mesangiospermae->Magnoliophyta->Spermatophyta->Euphyllophyta->Tracheophyta->Embryophyta->Streptophyta->Chloroplastida->Archaeplastida->Eukaryota->cellular organisms->life" nexsonid "node748659"
pgloadind     taxon mapping OTT ID 624778 taxonomy "Viburnum utile->Viburnum->Adoxaceae->Dipsacales->campanulids->asterids->Pentapetalae->Gunneridae->eudicotyledons->Mesangiospermae->Magnoliophyta->Spermatophyta->Euphyllophyta->Tracheophyta->Embryophyta->Streptophyta->Chloroplastida->Archaeplastida->Eukaryota->cellular organisms->life" nexsonid "node748661"
pgloadind     taxon mapping OTT ID 728485 taxonomy "Viburnum carlesii->Viburnum->Adoxaceae->Dipsacales->campanulids->asterids->Pentapetalae->Gunneridae->eudicotyledons->Mesangiospermae->Magnoliophyta->Spermatophyta->Euphyllophyta->Tracheophyta->Embryophyta->Streptophyta->Chloroplastida->Archaeplastida->Eukaryota->cellular organisms->life" nexsonid "node748653"
pgloadind     taxon mapping OTT ID 572547 taxonomy "Viburnum lantana->Viburnum->Adoxaceae->Dipsacales->campanulids->asterids->Pentapetalae->Gunneridae->eudicotyledons->Mesangiospermae->Magnoliophyta->Spermatophyta->Euphyllophyta->Tracheophyta->Embryophyta->Streptophyta->Chloroplastida->Archaeplastida->Eukaryota->cellular organisms->life" nexsonid "node748655"
pgloadind     taxon mapping OTT ID 50896 taxonomy "Viburnum mongolicum->Viburnum->Adoxaceae->Dipsacales->campanulids->asterids->Pentapetalae->Gunneridae->eudicotyledons->Mesangiospermae->Magnoliophyta->Spermatophyta->Euphyllophyta->Tracheophyta->Embryophyta->Streptophyta->Chloroplastida->Archaeplastida->Eukaryota->cellular organisms->life" nexsonid "node748656"
pgloadind     taxon mapping OTT ID 373608 taxonomy "Viburnum macrocephalum->Viburnum->Adoxaceae->Dipsacales->campanulids->asterids->Pentapetalae->Gunneridae->eudicotyledons->Mesangiospermae->Magnoliophyta->Spermatophyta->Euphyllophyta->Tracheophyta->Embryophyta->Streptophyta->Chloroplastida->Archaeplastida->Eukaryota->cellular organisms->life" nexsonid "node748663"
pgloadind     taxon mapping OTT ID 463627 taxonomy "Viburnum punctatum->Viburnum->Adoxaceae->Dipsacales->campanulids->asterids->Pentapetalae->Gunneridae->eudicotyledons->Mesangiospermae->Magnoliophyta->Spermatophyta->Euphyllophyta->Tracheophyta->Embryophyta->Streptophyta->Chloroplastida->Archaeplastida->Eukaryota->cellular organisms->life" nexsonid "node748666"
pgloadind     taxon mapping OTT ID 313456 taxonomy "Viburnum amplificatum->Viburnum->Adoxaceae->Dipsacales->campanulids->asterids->Pentapetalae->Gunneridae->eudicotyledons->Mesangiospermae->Magnoliophyta->Spermatophyta->Euphyllophyta->Tracheophyta->Embryophyta->Streptophyta->Chloroplastida->Archaeplastida->Eukaryota->cellular organisms->life" nexsonid "node748622"
pgloadind     taxon mapping OTT ID 205167 taxonomy "Viburnum farreri->Viburnum->Adoxaceae->Dipsacales->campanulids->asterids->Pentapetalae->Gunneridae->eudicotyledons->Mesangiospermae->Magnoliophyta->Spermatophyta->Euphyllophyta->Tracheophyta->Embryophyta->Streptophyta->Chloroplastida->Archaeplastida->Eukaryota->cellular organisms->life" nexsonid "node748639"
pgloadind     taxon mapping OTT ID 592237 taxonomy "Viburnum oliganthum->Viburnum->Adoxaceae->Dipsacales->campanulids->asterids->Pentapetalae->Gunneridae->eudicotyledons->Mesangiospermae->Magnoliophyta->Spermatophyta->Euphyllophyta->Tracheophyta->Embryophyta->Streptophyta->Chloroplastida->Archaeplastida->Eukaryota->cellular organisms->life" nexsonid "node748634"
pgloadind     taxon mapping OTT ID 205164 taxonomy "Viburnum erubescens->Viburnum->Adoxaceae->Dipsacales->campanulids->asterids->Pentapetalae->Gunneridae->eudicotyledons->Mesangiospermae->Magnoliophyta->Spermatophyta->Euphyllophyta->Tracheophyta->Embryophyta->Streptophyta->Chloroplastida->Archaeplastida->Eukaryota->cellular organisms->life" nexsonid "node748633"
pgloadind     taxon mapping OTT ID 938735 taxonomy "Viburnum subalpinum->Viburnum->Adoxaceae->Dipsacales->campanulids->asterids->Pentapetalae->Gunneridae->eudicotyledons->Mesangiospermae->Magnoliophyta->Spermatophyta->Euphyllophyta->Tracheophyta->Embryophyta->Streptophyta->Chloroplastida->Archaeplastida->Eukaryota->cellular organisms->life" nexsonid "node748635"
pgloadind     taxon mapping OTT ID 990125 taxonomy "Viburnum chingii->Viburnum->Adoxaceae->Dipsacales->campanulids->asterids->Pentapetalae->Gunneridae->eudicotyledons->Mesangiospermae->Magnoliophyta->Spermatophyta->Euphyllophyta->Tracheophyta->Embryophyta->Streptophyta->Chloroplastida->Archaeplastida->Eukaryota->cellular organisms->life" nexsonid "node748632"
pgloadind     taxon mapping OTT ID 990117 taxonomy "Viburnum corymbiflorum->Viburnum->Adoxaceae->Dipsacales->campanulids->asterids->Pentapetalae->Gunneridae->eudicotyledons->Mesangiospermae->Magnoliophyta->Spermatophyta->Euphyllophyta->Tracheophyta->Embryophyta->Streptophyta->Chloroplastida->Archaeplastida->Eukaryota->cellular organisms->life" nexsonid "node748637"
pgloadind     taxon mapping OTT ID 51739 taxonomy "Viburnum suspensum->Viburnum->Adoxaceae->Dipsacales->campanulids->asterids->Pentapetalae->Gunneridae->eudicotyledons->Mesangiospermae->Magnoliophyta->Spermatophyta->Euphyllophyta->Tracheophyta->Embryophyta->Streptophyta->Chloroplastida->Archaeplastida->Eukaryota->cellular organisms->life" nexsonid "node748638"
pgloadind     taxon mapping OTT ID 50889 taxonomy "Viburnum brachybotryum->Viburnum->Adoxaceae->Dipsacales->campanulids->asterids->Pentapetalae->Gunneridae->eudicotyledons->Mesangiospermae->Magnoliophyta->Spermatophyta->Euphyllophyta->Tracheophyta->Embryophyta->Streptophyta->Chloroplastida->Archaeplastida->Eukaryota->cellular organisms->life" nexsonid "node748630"
pgloadind     taxon mapping OTT ID 90825 taxonomy "Viburnum awabuki->Viburnum->Adoxaceae->Dipsacales->campanulids->asterids->Pentapetalae->Gunneridae->eudicotyledons->Mesangiospermae->Magnoliophyta->Spermatophyta->Euphyllophyta->Tracheophyta->Embryophyta->Streptophyta->Chloroplastida->Archaeplastida->Eukaryota->cellular organisms->life" nexsonid "node748626"
pgloadind     taxon mapping OTT ID 51729 taxonomy "Viburnum odoratissimum->Viburnum->Adoxaceae->Dipsacales->campanulids->asterids->Pentapetalae->Gunneridae->eudicotyledons->Mesangiospermae->Magnoliophyta->Spermatophyta->Euphyllophyta->Tracheophyta->Embryophyta->Streptophyta->Chloroplastida->Archaeplastida->Eukaryota->cellular organisms->life" nexsonid "node748627"
pgloadind     taxon mapping OTT ID 383302 taxonomy "Viburnum sieboldii->Viburnum->Adoxaceae->Dipsacales->campanulids->asterids->Pentapetalae->Gunneridae->eudicotyledons->Mesangiospermae->Magnoliophyta->Spermatophyta->Euphyllophyta->Tracheophyta->Embryophyta->Streptophyta->Chloroplastida->Archaeplastida->Eukaryota->cellular organisms->life" nexsonid "node748628"
pgloadind     taxon mapping OTT ID 1064635 taxonomy "Viburnum plicatum->Viburnum->Adoxaceae->Dipsacales->campanulids->asterids->Pentapetalae->Gunneridae->eudicotyledons->Mesangiospermae->Magnoliophyta->Spermatophyta->Euphyllophyta->Tracheophyta->Embryophyta->Streptophyta->Chloroplastida->Archaeplastida->Eukaryota->cellular organisms->life" nexsonid "node748643"
pgloadind     taxon mapping OTT ID 990127 taxonomy "Viburnum colebrookeanum->Viburnum->Adoxaceae->Dipsacales->campanulids->asterids->Pentapetalae->Gunneridae->eudicotyledons->Mesangiospermae->Magnoliophyta->Spermatophyta->Euphyllophyta->Tracheophyta->Embryophyta->Streptophyta->Chloroplastida->Archaeplastida->Eukaryota->cellular organisms->life" nexsonid "node748642"
pgloadind     taxon mapping OTT ID 592186 taxonomy "Viburnum lutescens->Viburnum->Adoxaceae->Dipsacales->campanulids->asterids->Pentapetalae->Gunneridae->eudicotyledons->Mesangiospermae->Magnoliophyta->Spermatophyta->Euphyllophyta->Tracheophyta->Embryophyta->Streptophyta->Chloroplastida->Archaeplastida->Eukaryota->cellular organisms->life" nexsonid "node748644"
pgloadind     taxon mapping OTT ID 624780 taxonomy "Viburnum urceolatum->Viburnum->Adoxaceae->Dipsacales->campanulids->asterids->Pentapetalae->Gunneridae->eudicotyledons->Mesangiospermae->Magnoliophyta->Spermatophyta->Euphyllophyta->Tracheophyta->Embryophyta->Streptophyta->Chloroplastida->Archaeplastida->Eukaryota->cellular organisms->life" nexsonid "node748647"
pgloadind     taxon mapping OTT ID 848999 taxonomy "Viburnum taiwanianum->Viburnum->Adoxaceae->Dipsacales->campanulids->asterids->Pentapetalae->Gunneridae->eudicotyledons->Mesangiospermae->Magnoliophyta->Spermatophyta->Euphyllophyta->Tracheophyta->Embryophyta->Streptophyta->Chloroplastida->Archaeplastida->Eukaryota->cellular organisms->life" nexsonid "node748646"
pgloadind     taxon mapping OTT ID 990131 taxonomy "Viburnum hupehense->Viburnum->Adoxaceae->Dipsacales->campanulids->asterids->Pentapetalae->Gunneridae->eudicotyledons->Mesangiospermae->Magnoliophyta->Spermatophyta->Euphyllophyta->Tracheophyta->Embryophyta->Streptophyta->Chloroplastida->Archaeplastida->Eukaryota->cellular organisms->life" nexsonid "node748555"
pgloadind     taxon mapping OTT ID 963564 taxonomy "Viburnum foetidum->Viburnum->Adoxaceae->Dipsacales->campanulids->asterids->Pentapetalae->Gunneridae->eudicotyledons->Mesangiospermae->Magnoliophyta->Spermatophyta->Euphyllophyta->Tracheophyta->Embryophyta->Streptophyta->Chloroplastida->Archaeplastida->Eukaryota->cellular organisms->life" nexsonid "node748554"
pgloadind     taxon mapping OTT ID 313451 taxonomy "Viburnum brachyandrum->Viburnum->Adoxaceae->Dipsacales->campanulids->asterids->Pentapetalae->Gunneridae->eudicotyledons->Mesangiospermae->Magnoliophyta->Spermatophyta->Euphyllophyta->Tracheophyta->Embryophyta->Streptophyta->Chloroplastida->Archaeplastida->Eukaryota->cellular organisms->life" nexsonid "node748553"
pgloadind     taxon mapping OTT ID 296902 taxonomy "Viburnum orientale->Viburnum->Adoxaceae->Dipsacales->campanulids->asterids->Pentapetalae->Gunneridae->eudicotyledons->Mesangiospermae->Magnoliophyta->Spermatophyta->Euphyllophyta->Tracheophyta->Embryophyta->Streptophyta->Chloroplastida->Archaeplastida->Eukaryota->cellular organisms->life" nexsonid "node748550"
pgloadind     taxon mapping OTT ID 313458 taxonomy "Viburnum adenophorum->Viburnum->Adoxaceae->Dipsacales->campanulids->asterids->Pentapetalae->Gunneridae->eudicotyledons->Mesangiospermae->Magnoliophyta->Spermatophyta->Euphyllophyta->Tracheophyta->Embryophyta->Streptophyta->Chloroplastida->Archaeplastida->Eukaryota->cellular organisms->life" nexsonid "node748536"
pgloadind     taxon mapping OTT ID 124077 taxonomy "Viburnum erosum->Viburnum->Adoxaceae->Dipsacales->campanulids->asterids->Pentapetalae->Gunneridae->eudicotyledons->Mesangiospermae->Magnoliophyta->Spermatophyta->Euphyllophyta->Tracheophyta->Embryophyta->Streptophyta->Chloroplastida->Archaeplastida->Eukaryota->cellular organisms->life" nexsonid "node748542"
pgloadind     taxon mapping OTT ID 614385 taxonomy "Viburnum luzonicum->Viburnum->Adoxaceae->Dipsacales->campanulids->asterids->Pentapetalae->Gunneridae->eudicotyledons->Mesangiospermae->Magnoliophyta->Spermatophyta->Euphyllophyta->Tracheophyta->Embryophyta->Streptophyta->Chloroplastida->Archaeplastida->Eukaryota->cellular organisms->life" nexsonid "node748548"
pgloadind     taxon mapping OTT ID 628859 taxonomy "Viburnum betulifolium->Viburnum->Adoxaceae->Dipsacales->campanulids->asterids->Pentapetalae->Gunneridae->eudicotyledons->Mesangiospermae->Magnoliophyta->Spermatophyta->Euphyllophyta->Tracheophyta->Embryophyta->Streptophyta->Chloroplastida->Archaeplastida->Eukaryota->cellular organisms->life" nexsonid "node748538"
pgloadind     taxon mapping OTT ID 963566 taxonomy "Viburnum setigerum->Viburnum->Adoxaceae->Dipsacales->campanulids->asterids->Pentapetalae->Gunneridae->eudicotyledons->Mesangiospermae->Magnoliophyta->Spermatophyta->Euphyllophyta->Tracheophyta->Embryophyta->Streptophyta->Chloroplastida->Archaeplastida->Eukaryota->cellular organisms->life" nexsonid "node748549"
pgloadind     taxon mapping OTT ID 572556 taxonomy "Viburnum melanocarpum->Viburnum->Adoxaceae->Dipsacales->campanulids->asterids->Pentapetalae->Gunneridae->eudicotyledons->Mesangiospermae->Magnoliophyta->Spermatophyta->Euphyllophyta->Tracheophyta->Embryophyta->Streptophyta->Chloroplastida->Archaeplastida->Eukaryota->cellular organisms->life" nexsonid "node748547"
pgloadind     taxon mapping OTT ID 990685 taxonomy "Viburnum sempervirens->Viburnum->Adoxaceae->Dipsacales->campanulids->asterids->Pentapetalae->Gunneridae->eudicotyledons->Mesangiospermae->Magnoliophyta->Spermatophyta->Euphyllophyta->Tracheophyta->Embryophyta->Streptophyta->Chloroplastida->Archaeplastida->Eukaryota->cellular organisms->life" nexsonid "node748546"
pgloadind     taxon mapping OTT ID 572536 taxonomy "Viburnum japonicum->Viburnum->Adoxaceae->Dipsacales->campanulids->asterids->Pentapetalae->Gunneridae->eudicotyledons->Mesangiospermae->Magnoliophyta->Spermatophyta->Euphyllophyta->Tracheophyta->Embryophyta->Streptophyta->Chloroplastida->Archaeplastida->Eukaryota->cellular organisms->life" nexsonid "node748545"
pgloadind     taxon mapping OTT ID 857961 taxonomy "Viburnum wrightii->Viburnum->Adoxaceae->Dipsacales->campanulids->asterids->Pentapetalae->Gunneridae->eudicotyledons->Mesangiospermae->Magnoliophyta->Spermatophyta->Euphyllophyta->Tracheophyta->Embryophyta->Streptophyta->Chloroplastida->Archaeplastida->Eukaryota->cellular organisms->life" nexsonid "node748541"
pgloadind     taxon mapping OTT ID 205155 taxonomy "Viburnum dilatatum->Viburnum->Adoxaceae->Dipsacales->campanulids->asterids->Pentapetalae->Gunneridae->eudicotyledons->Mesangiospermae->Magnoliophyta->Spermatophyta->Euphyllophyta->Tracheophyta->Embryophyta->Streptophyta->Chloroplastida->Archaeplastida->Eukaryota->cellular organisms->life" nexsonid "node748540"
pgloadind     taxon mapping OTT ID 1042145 taxonomy "Viburnum acerifolium->Viburnum->Adoxaceae->Dipsacales->campanulids->asterids->Pentapetalae->Gunneridae->eudicotyledons->Mesangiospermae->Magnoliophyta->Spermatophyta->Euphyllophyta->Tracheophyta->Embryophyta->Streptophyta->Chloroplastida->Archaeplastida->Eukaryota->cellular organisms->life" nexsonid "node748532"
pgloadind     taxon mapping OTT ID 990121 taxonomy "Viburnum flavescens->Viburnum->Adoxaceae->Dipsacales->campanulids->asterids->Pentapetalae->Gunneridae->eudicotyledons->Mesangiospermae->Magnoliophyta->Spermatophyta->Euphyllophyta->Tracheophyta->Embryophyta->Streptophyta->Chloroplastida->Archaeplastida->Eukaryota->cellular organisms->life" nexsonid "node748563"
pgloadind     taxon mapping OTT ID 572543 taxonomy "Viburnum lobophyllum->Viburnum->Adoxaceae->Dipsacales->campanulids->asterids->Pentapetalae->Gunneridae->eudicotyledons->Mesangiospermae->Magnoliophyta->Spermatophyta->Euphyllophyta->Tracheophyta->Embryophyta->Streptophyta->Chloroplastida->Archaeplastida->Eukaryota->cellular organisms->life" nexsonid "node748564"
pgloadind     taxon mapping OTT ID 592219 taxonomy "Viburnum ichangense->Viburnum->Adoxaceae->Dipsacales->campanulids->asterids->Pentapetalae->Gunneridae->eudicotyledons->Mesangiospermae->Magnoliophyta->Spermatophyta->Euphyllophyta->Tracheophyta->Embryophyta->Streptophyta->Chloroplastida->Archaeplastida->Eukaryota->cellular organisms->life" nexsonid "node748565"
pgloadind     taxon mapping OTT ID 572551 taxonomy "Viburnum kansuense->Viburnum->Adoxaceae->Dipsacales->campanulids->asterids->Pentapetalae->Gunneridae->eudicotyledons->Mesangiospermae->Magnoliophyta->Spermatophyta->Euphyllophyta->Tracheophyta->Embryophyta->Streptophyta->Chloroplastida->Archaeplastida->Eukaryota->cellular organisms->life" nexsonid "node748566"
pgloadind     taxon mapping OTT ID 990129 taxonomy "Viburnum hebanthum->Viburnum->Adoxaceae->Dipsacales->campanulids->asterids->Pentapetalae->Gunneridae->eudicotyledons->Mesangiospermae->Magnoliophyta->Spermatophyta->Euphyllophyta->Tracheophyta->Embryophyta->Streptophyta->Chloroplastida->Archaeplastida->Eukaryota->cellular organisms->life" nexsonid "node748559"
pgloadind     taxon mapping OTT ID 990115 taxonomy "Viburnum coriaceum->Viburnum->Adoxaceae->Dipsacales->campanulids->asterids->Pentapetalae->Gunneridae->eudicotyledons->Mesangiospermae->Magnoliophyta->Spermatophyta->Euphyllophyta->Tracheophyta->Embryophyta->Streptophyta->Chloroplastida->Archaeplastida->Eukaryota->cellular organisms->life" nexsonid "node748558"
pgloadind     taxon mapping OTT ID 205162 taxonomy "Viburnum cylindricum->Viburnum->Adoxaceae->Dipsacales->campanulids->asterids->Pentapetalae->Gunneridae->eudicotyledons->Mesangiospermae->Magnoliophyta->Spermatophyta->Euphyllophyta->Tracheophyta->Embryophyta->Streptophyta->Chloroplastida->Archaeplastida->Eukaryota->cellular organisms->life" nexsonid "node748560"
pgloadind     taxon mapping OTT ID 938731 taxonomy "Viburnum ternatum->Viburnum->Adoxaceae->Dipsacales->campanulids->asterids->Pentapetalae->Gunneridae->eudicotyledons->Mesangiospermae->Magnoliophyta->Spermatophyta->Euphyllophyta->Tracheophyta->Embryophyta->Streptophyta->Chloroplastida->Archaeplastida->Eukaryota->cellular organisms->life" nexsonid "node748569"
pgloadind     taxon mapping OTT ID 463633 taxonomy "Viburnum inopinatum->Viburnum->Adoxaceae->Dipsacales->campanulids->asterids->Pentapetalae->Gunneridae->eudicotyledons->Mesangiospermae->Magnoliophyta->Spermatophyta->Euphyllophyta->Tracheophyta->Embryophyta->Streptophyta->Chloroplastida->Archaeplastida->Eukaryota->cellular organisms->life" nexsonid "node748568"
pgloadind     taxon mapping OTT ID 553463 taxonomy "Viburnum opulus var. americanum->Viburnum opulus->Viburnum->Adoxaceae->Dipsacales->campanulids->asterids->Pentapetalae->Gunneridae->eudicotyledons->Mesangiospermae->Magnoliophyta->Spermatophyta->Euphyllophyta->Tracheophyta->Embryophyta->Streptophyta->Chloroplastida->Archaeplastida->Eukaryota->cellular organisms->life" nexsonid "node748578"
pgloadind     taxon mapping OTT ID 51731 taxonomy "Viburnum opulus var. sargentii->Viburnum opulus->Viburnum->Adoxaceae->Dipsacales->campanulids->asterids->Pentapetalae->Gunneridae->eudicotyledons->Mesangiospermae->Magnoliophyta->Spermatophyta->Euphyllophyta->Tracheophyta->Embryophyta->Streptophyta->Chloroplastida->Archaeplastida->Eukaryota->cellular organisms->life" nexsonid "node748577"
pgloadind     taxon mapping OTT ID 50892 taxonomy "Viburnum koreanum->Viburnum->Adoxaceae->Dipsacales->campanulids->asterids->Pentapetalae->Gunneridae->eudicotyledons->Mesangiospermae->Magnoliophyta->Spermatophyta->Euphyllophyta->Tracheophyta->Embryophyta->Streptophyta->Chloroplastida->Archaeplastida->Eukaryota->cellular organisms->life" nexsonid "node748573"
pgloadind     taxon mapping OTT ID 205146 taxonomy "Viburnum edule->Viburnum->Adoxaceae->Dipsacales->campanulids->asterids->Pentapetalae->Gunneridae->eudicotyledons->Mesangiospermae->Magnoliophyta->Spermatophyta->Euphyllophyta->Tracheophyta->Embryophyta->Streptophyta->Chloroplastida->Archaeplastida->Eukaryota->cellular organisms->life" nexsonid "node748572"
pgloadind     taxon mapping OTT ID 572553 taxonomy "Viburnum molle->Viburnum->Adoxaceae->Dipsacales->campanulids->asterids->Pentapetalae->Gunneridae->eudicotyledons->Mesangiospermae->Magnoliophyta->Spermatophyta->Euphyllophyta->Tracheophyta->Embryophyta->Streptophyta->Chloroplastida->Archaeplastida->Eukaryota->cellular organisms->life" nexsonid "node748606"
pgloadind     taxon mapping OTT ID 51717 taxonomy "Viburnum rafinesquianum->Viburnum->Adoxaceae->Dipsacales->campanulids->asterids->Pentapetalae->Gunneridae->eudicotyledons->Mesangiospermae->Magnoliophyta->Spermatophyta->Euphyllophyta->Tracheophyta->Embryophyta->Streptophyta->Chloroplastida->Archaeplastida->Eukaryota->cellular organisms->life" nexsonid "node748607"
pgloadind     taxon mapping OTT ID 313462 taxonomy "Viburnum bracteatum->Viburnum->Adoxaceae->Dipsacales->campanulids->asterids->Pentapetalae->Gunneridae->eudicotyledons->Mesangiospermae->Magnoliophyta->Spermatophyta->Euphyllophyta->Tracheophyta->Embryophyta->Streptophyta->Chloroplastida->Archaeplastida->Eukaryota->cellular organisms->life" nexsonid "node748604"
pgloadind     taxon mapping OTT ID 205142 taxonomy "Viburnum ellipticum->Viburnum->Adoxaceae->Dipsacales->campanulids->asterids->Pentapetalae->Gunneridae->eudicotyledons->Mesangiospermae->Magnoliophyta->Spermatophyta->Euphyllophyta->Tracheophyta->Embryophyta->Streptophyta->Chloroplastida->Archaeplastida->Eukaryota->cellular organisms->life" nexsonid "node748608"
pgloadind     taxon mapping OTT ID 572538 taxonomy "Viburnum hartwegii->Viburnum->Adoxaceae->Dipsacales->campanulids->asterids->Pentapetalae->Gunneridae->eudicotyledons->Mesangiospermae->Magnoliophyta->Spermatophyta->Euphyllophyta->Tracheophyta->Embryophyta->Streptophyta->Chloroplastida->Archaeplastida->Eukaryota->cellular organisms->life" nexsonid "node748592"
pgloadind     taxon mapping OTT ID 463629 taxonomy "Viburnum lautum->Viburnum->Adoxaceae->Dipsacales->campanulids->asterids->Pentapetalae->Gunneridae->eudicotyledons->Mesangiospermae->Magnoliophyta->Spermatophyta->Euphyllophyta->Tracheophyta->Embryophyta->Streptophyta->Chloroplastida->Archaeplastida->Eukaryota->cellular organisms->life" nexsonid "node748595"
pgloadind     taxon mapping OTT ID 572534 taxonomy "Viburnum jucundum->Viburnum->Adoxaceae->Dipsacales->campanulids->asterids->Pentapetalae->Gunneridae->eudicotyledons->Mesangiospermae->Magnoliophyta->Spermatophyta->Euphyllophyta->Tracheophyta->Embryophyta->Streptophyta->Chloroplastida->Archaeplastida->Eukaryota->cellular organisms->life" nexsonid "node748594"
pgloadind     taxon mapping OTT ID 624775 taxonomy "Viburnum triphyllum->Viburnum->Adoxaceae->Dipsacales->campanulids->asterids->Pentapetalae->Gunneridae->eudicotyledons->Mesangiospermae->Magnoliophyta->Spermatophyta->Euphyllophyta->Tracheophyta->Embryophyta->Streptophyta->Chloroplastida->Archaeplastida->Eukaryota->cellular organisms->life" nexsonid "node748600"
pgloadind     taxon mapping OTT ID 938725 taxonomy "Viburnum toronis->Viburnum->Adoxaceae->Dipsacales->campanulids->asterids->Pentapetalae->Gunneridae->eudicotyledons->Mesangiospermae->Magnoliophyta->Spermatophyta->Euphyllophyta->Tracheophyta->Embryophyta->Streptophyta->Chloroplastida->Archaeplastida->Eukaryota->cellular organisms->life" nexsonid "node748599"
pgloadind     taxon mapping OTT ID 463631 taxonomy "Viburnum jamesonii->Viburnum->Adoxaceae->Dipsacales->campanulids->asterids->Pentapetalae->Gunneridae->eudicotyledons->Mesangiospermae->Magnoliophyta->Spermatophyta->Euphyllophyta->Tracheophyta->Embryophyta->Streptophyta->Chloroplastida->Archaeplastida->Eukaryota->cellular organisms->life" nexsonid "node748598"
pgloadind     taxon mapping OTT ID 990119 taxonomy "Viburnum discolor->Viburnum->Adoxaceae->Dipsacales->campanulids->asterids->Pentapetalae->Gunneridae->eudicotyledons->Mesangiospermae->Magnoliophyta->Spermatophyta->Euphyllophyta->Tracheophyta->Embryophyta->Streptophyta->Chloroplastida->Archaeplastida->Eukaryota->cellular organisms->life" nexsonid "node748584"
pgloadind     taxon mapping OTT ID 313447 taxonomy "Viburnum blandum->Viburnum->Adoxaceae->Dipsacales->campanulids->asterids->Pentapetalae->Gunneridae->eudicotyledons->Mesangiospermae->Magnoliophyta->Spermatophyta->Euphyllophyta->Tracheophyta->Embryophyta->Streptophyta->Chloroplastida->Archaeplastida->Eukaryota->cellular organisms->life" nexsonid "node748583"
pgloadind     taxon mapping OTT ID 938729 taxonomy "Viburnum sulcatum->Viburnum->Adoxaceae->Dipsacales->campanulids->asterids->Pentapetalae->Gunneridae->eudicotyledons->Mesangiospermae->Magnoliophyta->Spermatophyta->Euphyllophyta->Tracheophyta->Embryophyta->Streptophyta->Chloroplastida->Archaeplastida->Eukaryota->cellular organisms->life" nexsonid "node748585"
pgloadind     taxon mapping OTT ID 51724 taxonomy "Viburnum stenocalyx->Viburnum->Adoxaceae->Dipsacales->campanulids->asterids->Pentapetalae->Gunneridae->eudicotyledons->Mesangiospermae->Magnoliophyta->Spermatophyta->Euphyllophyta->Tracheophyta->Embryophyta->Streptophyta->Chloroplastida->Archaeplastida->Eukaryota->cellular organisms->life" nexsonid "node748589"
pgloadind     taxon mapping OTT ID 592195 taxonomy "Viburnum loeseneri->Viburnum->Adoxaceae->Dipsacales->campanulids->asterids->Pentapetalae->Gunneridae->eudicotyledons->Mesangiospermae->Magnoliophyta->Spermatophyta->Euphyllophyta->Tracheophyta->Embryophyta->Streptophyta->Chloroplastida->Archaeplastida->Eukaryota->cellular organisms->life" nexsonid "node748588"
pgloadind     taxon mapping OTT ID 990123 taxonomy "Viburnum caudatum->Viburnum->Adoxaceae->Dipsacales->campanulids->asterids->Pentapetalae->Gunneridae->eudicotyledons->Mesangiospermae->Magnoliophyta->Spermatophyta->Euphyllophyta->Tracheophyta->Embryophyta->Streptophyta->Chloroplastida->Archaeplastida->Eukaryota->cellular organisms->life" nexsonid "node748587"
pgloadind     taxon mapping OTT ID 959514 taxonomy "Viburnum dentatum->Viburnum->Adoxaceae->Dipsacales->campanulids->asterids->Pentapetalae->Gunneridae->eudicotyledons->Mesangiospermae->Magnoliophyta->Spermatophyta->Euphyllophyta->Tracheophyta->Embryophyta->Streptophyta->Chloroplastida->Archaeplastida->Eukaryota->cellular organisms->life" nexsonid "node748601"
pgloadind     taxon mapping OTT ID 296904 taxonomy "Viburnum propinquum->Viburnum->Adoxaceae->Dipsacales->campanulids->asterids->Pentapetalae->Gunneridae->eudicotyledons->Mesangiospermae->Magnoliophyta->Spermatophyta->Euphyllophyta->Tracheophyta->Embryophyta->Streptophyta->Chloroplastida->Archaeplastida->Eukaryota->cellular organisms->life" nexsonid "node748615"
pgloadind     taxon mapping OTT ID 728496 taxonomy "Viburnum cinnamomifolium->Viburnum->Adoxaceae->Dipsacales->campanulids->asterids->Pentapetalae->Gunneridae->eudicotyledons->Mesangiospermae->Magnoliophyta->Spermatophyta->Euphyllophyta->Tracheophyta->Embryophyta->Streptophyta->Chloroplastida->Archaeplastida->Eukaryota->cellular organisms->life" nexsonid "node748614"
pgloadind     taxon mapping OTT ID 313449 taxonomy "Viburnum atrocyaneum->Viburnum->Adoxaceae->Dipsacales->campanulids->asterids->Pentapetalae->Gunneridae->eudicotyledons->Mesangiospermae->Magnoliophyta->Spermatophyta->Euphyllophyta->Tracheophyta->Embryophyta->Streptophyta->Chloroplastida->Archaeplastida->Eukaryota->cellular organisms->life" nexsonid "node748612"
pgloadind     taxon mapping OTT ID 313460 taxonomy "Viburnum calvum->Viburnum->Adoxaceae->Dipsacales->campanulids->asterids->Pentapetalae->Gunneridae->eudicotyledons->Mesangiospermae->Magnoliophyta->Spermatophyta->Euphyllophyta->Tracheophyta->Embryophyta->Streptophyta->Chloroplastida->Archaeplastida->Eukaryota->cellular organisms->life" nexsonid "node748613"
pgloadind     taxon mapping OTT ID 51742 taxonomy "Viburnum tinus->Viburnum->Adoxaceae->Dipsacales->campanulids->asterids->Pentapetalae->Gunneridae->eudicotyledons->Mesangiospermae->Magnoliophyta->Spermatophyta->Euphyllophyta->Tracheophyta->Embryophyta->Streptophyta->Chloroplastida->Archaeplastida->Eukaryota->cellular organisms->life" nexsonid "node748618"
pgloadind     taxon mapping OTT ID 510374 taxonomy "Viburnum rigidum->Viburnum->Adoxaceae->Dipsacales->campanulids->asterids->Pentapetalae->Gunneridae->eudicotyledons->Mesangiospermae->Magnoliophyta->Spermatophyta->Euphyllophyta->Tracheophyta->Embryophyta->Streptophyta->Chloroplastida->Archaeplastida->Eukaryota->cellular organisms->life" nexsonid "node748617"
pgloadind     taxon mapping OTT ID 728493 taxonomy "Viburnum clemensae->Viburnum->Adoxaceae->Dipsacales->campanulids->asterids->Pentapetalae->Gunneridae->eudicotyledons->Mesangiospermae->Magnoliophyta->Spermatophyta->Euphyllophyta->Tracheophyta->Embryophyta->Streptophyta->Chloroplastida->Archaeplastida->Eukaryota->cellular organisms->life" nexsonid "node748524"
done fixing name
pgloadind Finished with attempts to fix names
pgloadind   Checking for uniqueness of OTT IDs tree id "4010"
pgloadind   Adding tree to graph tree id "4010"
all trees have all taxa: false
	using bipartition technique
attempting to remap tips to deepest exemplified taxa
this is the ROOT
placing root in index
Dealing with metadata property: id
Dealing with metadata property: ot:studyPublicationReference
Adding property 'ot:studyPublicationReference': Clement W., & Donoghue M. 2011. Dissolution of Viburnum section Megalotinus (Adoxaceae) of Southeast Asia and its implications for morphological evolution and biogeography. International Journal of Plant Sciences, 172(4): 559-573.
Dealing with metadata property: ot:focalCladeOTTTaxonName
Adding property 'ot:focalCladeOTTTaxonName': Adoxaceae
Dealing with metadata property: ot:studyYear
Adding property 'ot:studyYear': 2011
Dealing with metadata property: ot:inGroupClade
Adding property 'ot:inGroupClade': node748523
Dealing with metadata property: ot:curatorName
Adding property 'ot:curatorName': bryan drew
Dealing with metadata property: ot:studyPublication
Adding property 'ot:studyPublication': http://dx.doi.org/10.1086/658927
Dealing with metadata property: ot:focalClade
Adding property 'ot:focalClade': 757494
Dealing with metadata property: ot:curatedType
Adding property 'ot:curatedType': BIT
Dealing with metadata property: ot:studyId
Adding property 'ot:studyId': 1962
Dealing with metadata property: ot:dataDeposit
Adding property 'ot:dataDeposit': http://purl.org/phylo/treebase/phylows/study/TB2:S10714
Committing nodes: 158
