pgloadind OTUs number 45
pgloadind Processing tree @id "1289"
pgloadind   tree info number nodes 89
pgloadind   tree info number edges 88
pgloadind   tree info ingroup "node436054"
pgloadind   Setting ingroup root node.
pgloadind   Ingested tree number of external nodes 39
pgloadind   property added ot:studyPublicationReference "Gruenstaeudl, M. [et al. 2009], Urtubey, E., Jansen, R. K., Samuel, R., Barfuss, M. H. J., & Stuessy, T. F. 2009. Phylogeny of Barnadesioideae (Asteraceae) inferred from DNA sequence data and morphology. Mol. Phyl. Evol. 51: 572-587."
pgloadind   property added ot:studyPublication "http://dx.doi.org/10.1016/j.ympev.2009.01.023"
pgloadind   property added ot:curatorName "bryan drew"
pgloadind   property added ot:dataDeposit "http://purl.org/phylo/treebase/phylows/study/TB2:S9970"
pgloadind   property added ot:studyId "715"
pgloadind   property added ot:studyYear "2009"
pgloadind   property added ot:inGroupClade "node436054"
pgloadind   property added ot:curatedType "BI"
loading a specific tree: 1289
pgloadind conducting TNRS on trees
pgloadind   name fixing on tree tree id "1289"
pgloadind   all nodes have ottIds
pgloadind     OTT ID reused in tree
pgloadind       duplicate name "Chuquiraga ulicina" nexsonid "node436096"
pgloadind       duplicate OTT ID 13225
pgloadind     pruning dups and overlapping name "Chuquiraga ulicina" nexsonid "node436096"
pgloadind   postpruning newick tree "(((((((Arnaldoa_weberbaueri,Arnaldoa_argentea),Fulcaldea_laurifolia),(Dasyphyllum_excelsum,Dasyphyllum_diacanthoides)),(((Dasyphyllum_popayanense,(Dasyphyllum_brasiliense,(Dasyphyllum_tomentosum,Dasyphyllum_leptacanthum))),Dasyphyllum_spinescens),Dasyphyllum_brevispinum)),((((((Barnadesia_dombeyana,Barnadesia_lehmannii_var_villosa),Barnadesia_odorata),Barnadesia_jelskii),Barnadesia_lehmannii_var_lehmannii),Huarpea_andina),Schlechtendalia_luzulifolia)),(((((Chuquiraga_aurea,(((Chuquiraga_weberbaueri,Chuquiraga_jussieui),Chuquiraga_spinosa),(Chuquiraga_oppositifolia,Chuquiraga_morenonis))),((Chuquiraga_erinacea,Chuquiraga_avellanedae),Chuquiraga_ruscifolia)),Chuquiraga_ulicina),(Doniophyton_weddellii,Doniophyton_anomalum)),Duseniella_patagonica)),(Picris_pauciflora,(Proustia_cuneifolia,((Mutisia_decurrens,Mutisia_sinuata),(Leucheria_cf_gayana_TS_12714,(Perezia_carthamoides,Nassauvia_looseri))))))"
pgloadind   taxon mapping summary
pgloadind     taxon mapping OTT ID 503054 taxonomy "Arnaldoa weberbaueri->Arnaldoa->Barnadesioideae->Asteraceae->Asterales->campanulids->asterids->Pentapetalae->Gunneridae->eudicotyledons->Mesangiospermae->Magnoliophyta->Spermatophyta->Euphyllophyta->Tracheophyta->Embryophyta->Streptophyta->Chloroplastida->Archaeplastida->Eukaryota->cellular organisms->life" nexsonid "node436061"
pgloadind     taxon mapping OTT ID 1005371 taxonomy "Arnaldoa argentea->Arnaldoa->Barnadesioideae->Asteraceae->Asterales->campanulids->asterids->Pentapetalae->Gunneridae->eudicotyledons->Mesangiospermae->Magnoliophyta->Spermatophyta->Euphyllophyta->Tracheophyta->Embryophyta->Streptophyta->Chloroplastida->Archaeplastida->Eukaryota->cellular organisms->life" nexsonid "node436062"
pgloadind     taxon mapping OTT ID 374940 taxonomy "Fulcaldea laurifolia->Fulcaldea->Barnadesioideae->Asteraceae->Asterales->campanulids->asterids->Pentapetalae->Gunneridae->eudicotyledons->Mesangiospermae->Magnoliophyta->Spermatophyta->Euphyllophyta->Tracheophyta->Embryophyta->Streptophyta->Chloroplastida->Archaeplastida->Eukaryota->cellular organisms->life" nexsonid "node436063"
pgloadind     taxon mapping OTT ID 452568 taxonomy "Dasyphyllum excelsum->Dasyphyllum->Barnadesioideae->Asteraceae->Asterales->campanulids->asterids->Pentapetalae->Gunneridae->eudicotyledons->Mesangiospermae->Magnoliophyta->Spermatophyta->Euphyllophyta->Tracheophyta->Embryophyta->Streptophyta->Chloroplastida->Archaeplastida->Eukaryota->cellular organisms->life" nexsonid "node436065"
pgloadind     taxon mapping OTT ID 3569 taxonomy "Dasyphyllum diacanthoides->Dasyphyllum->Barnadesioideae->Asteraceae->Asterales->campanulids->asterids->Pentapetalae->Gunneridae->eudicotyledons->Mesangiospermae->Magnoliophyta->Spermatophyta->Euphyllophyta->Tracheophyta->Embryophyta->Streptophyta->Chloroplastida->Archaeplastida->Eukaryota->cellular organisms->life" nexsonid "node436066"
pgloadind     taxon mapping OTT ID 374960 taxonomy "Dasyphyllum popayanense->Dasyphyllum->Barnadesioideae->Asteraceae->Asterales->campanulids->asterids->Pentapetalae->Gunneridae->eudicotyledons->Mesangiospermae->Magnoliophyta->Spermatophyta->Euphyllophyta->Tracheophyta->Embryophyta->Streptophyta->Chloroplastida->Archaeplastida->Eukaryota->cellular organisms->life" nexsonid "node436070"
pgloadind     taxon mapping OTT ID 448619 taxonomy "Dasyphyllum brasiliense->Dasyphyllum->Barnadesioideae->Asteraceae->Asterales->campanulids->asterids->Pentapetalae->Gunneridae->eudicotyledons->Mesangiospermae->Magnoliophyta->Spermatophyta->Euphyllophyta->Tracheophyta->Embryophyta->Streptophyta->Chloroplastida->Archaeplastida->Eukaryota->cellular organisms->life" nexsonid "node436072"
pgloadind     taxon mapping OTT ID 466302 taxonomy "Dasyphyllum tomentosum->Dasyphyllum->Barnadesioideae->Asteraceae->Asterales->campanulids->asterids->Pentapetalae->Gunneridae->eudicotyledons->Mesangiospermae->Magnoliophyta->Spermatophyta->Euphyllophyta->Tracheophyta->Embryophyta->Streptophyta->Chloroplastida->Archaeplastida->Eukaryota->cellular organisms->life" nexsonid "node436074"
pgloadind     taxon mapping OTT ID 452572 taxonomy "Dasyphyllum leptacanthum->Dasyphyllum->Barnadesioideae->Asteraceae->Asterales->campanulids->asterids->Pentapetalae->Gunneridae->eudicotyledons->Mesangiospermae->Magnoliophyta->Spermatophyta->Euphyllophyta->Tracheophyta->Embryophyta->Streptophyta->Chloroplastida->Archaeplastida->Eukaryota->cellular organisms->life" nexsonid "node436075"
pgloadind     taxon mapping OTT ID 374954 taxonomy "Dasyphyllum spinescens->Dasyphyllum->Barnadesioideae->Asteraceae->Asterales->campanulids->asterids->Pentapetalae->Gunneridae->eudicotyledons->Mesangiospermae->Magnoliophyta->Spermatophyta->Euphyllophyta->Tracheophyta->Embryophyta->Streptophyta->Chloroplastida->Archaeplastida->Eukaryota->cellular organisms->life" nexsonid "node436076"
pgloadind     taxon mapping OTT ID 457378 taxonomy "Dasyphyllum brevispinum->Dasyphyllum->Barnadesioideae->Asteraceae->Asterales->campanulids->asterids->Pentapetalae->Gunneridae->eudicotyledons->Mesangiospermae->Magnoliophyta->Spermatophyta->Euphyllophyta->Tracheophyta->Embryophyta->Streptophyta->Chloroplastida->Archaeplastida->Eukaryota->cellular organisms->life" nexsonid "node436077"
pgloadind     taxon mapping OTT ID 503058 taxonomy "Barnadesia dombeyana->Barnadesia->Barnadesioideae->Asteraceae->Asterales->campanulids->asterids->Pentapetalae->Gunneridae->eudicotyledons->Mesangiospermae->Magnoliophyta->Spermatophyta->Euphyllophyta->Tracheophyta->Embryophyta->Streptophyta->Chloroplastida->Archaeplastida->Eukaryota->cellular organisms->life" nexsonid "node436084"
pgloadind     taxon mapping OTT ID 1084322 taxonomy "Barnadesia lehmannii var. villosa->Barnadesia lehmannii->Barnadesia->Barnadesioideae->Asteraceae->Asterales->campanulids->asterids->Pentapetalae->Gunneridae->eudicotyledons->Mesangiospermae->Magnoliophyta->Spermatophyta->Euphyllophyta->Tracheophyta->Embryophyta->Streptophyta->Chloroplastida->Archaeplastida->Eukaryota->cellular organisms->life" nexsonid "node436085"
pgloadind     taxon mapping OTT ID 503066 taxonomy "Barnadesia odorata->Barnadesia->Barnadesioideae->Asteraceae->Asterales->campanulids->asterids->Pentapetalae->Gunneridae->eudicotyledons->Mesangiospermae->Magnoliophyta->Spermatophyta->Euphyllophyta->Tracheophyta->Embryophyta->Streptophyta->Chloroplastida->Archaeplastida->Eukaryota->cellular organisms->life" nexsonid "node436086"
pgloadind     taxon mapping OTT ID 503062 taxonomy "Barnadesia jelskii->Barnadesia->Barnadesioideae->Asteraceae->Asterales->campanulids->asterids->Pentapetalae->Gunneridae->eudicotyledons->Mesangiospermae->Magnoliophyta->Spermatophyta->Euphyllophyta->Tracheophyta->Embryophyta->Streptophyta->Chloroplastida->Archaeplastida->Eukaryota->cellular organisms->life" nexsonid "node436087"
pgloadind     taxon mapping OTT ID 1084324 taxonomy "Barnadesia lehmannii var. lehmannii->Barnadesia lehmannii->Barnadesia->Barnadesioideae->Asteraceae->Asterales->campanulids->asterids->Pentapetalae->Gunneridae->eudicotyledons->Mesangiospermae->Magnoliophyta->Spermatophyta->Euphyllophyta->Tracheophyta->Embryophyta->Streptophyta->Chloroplastida->Archaeplastida->Eukaryota->cellular organisms->life" nexsonid "node436088"
pgloadind     taxon mapping OTT ID 224950 taxonomy "Huarpea andina->Huarpea->Barnadesioideae->Asteraceae->Asterales->campanulids->asterids->Pentapetalae->Gunneridae->eudicotyledons->Mesangiospermae->Magnoliophyta->Spermatophyta->Euphyllophyta->Tracheophyta->Embryophyta->Streptophyta->Chloroplastida->Archaeplastida->Eukaryota->cellular organisms->life" nexsonid "node436089"
pgloadind     taxon mapping OTT ID 569942 taxonomy "Schlechtendalia luzulifolia->Schlechtendalia->Barnadesioideae->Asteraceae->Asterales->campanulids->asterids->Pentapetalae->Gunneridae->eudicotyledons->Mesangiospermae->Magnoliophyta->Spermatophyta->Euphyllophyta->Tracheophyta->Embryophyta->Streptophyta->Chloroplastida->Archaeplastida->Eukaryota->cellular organisms->life" nexsonid "node436090"
pgloadind     taxon mapping OTT ID 368818 taxonomy "Chuquiraga aurea->Chuquiraga->Barnadesioideae->Asteraceae->Asterales->campanulids->asterids->Pentapetalae->Gunneridae->eudicotyledons->Mesangiospermae->Magnoliophyta->Spermatophyta->Euphyllophyta->Tracheophyta->Embryophyta->Streptophyta->Chloroplastida->Archaeplastida->Eukaryota->cellular organisms->life" nexsonid "node436099"
pgloadind     taxon mapping OTT ID 457380 taxonomy "Chuquiraga weberbaueri->Chuquiraga->Barnadesioideae->Asteraceae->Asterales->campanulids->asterids->Pentapetalae->Gunneridae->eudicotyledons->Mesangiospermae->Magnoliophyta->Spermatophyta->Euphyllophyta->Tracheophyta->Embryophyta->Streptophyta->Chloroplastida->Archaeplastida->Eukaryota->cellular organisms->life" nexsonid "node436103"
pgloadind     taxon mapping OTT ID 70340 taxonomy "Chuquiraga jussieui->Chuquiraga->Barnadesioideae->Asteraceae->Asterales->campanulids->asterids->Pentapetalae->Gunneridae->eudicotyledons->Mesangiospermae->Magnoliophyta->Spermatophyta->Euphyllophyta->Tracheophyta->Embryophyta->Streptophyta->Chloroplastida->Archaeplastida->Eukaryota->cellular organisms->life" nexsonid "node436104"
pgloadind     taxon mapping OTT ID 864494 taxonomy "Chuquiraga spinosa->Chuquiraga->Barnadesioideae->Asteraceae->Asterales->campanulids->asterids->Pentapetalae->Gunneridae->eudicotyledons->Mesangiospermae->Magnoliophyta->Spermatophyta->Euphyllophyta->Tracheophyta->Embryophyta->Streptophyta->Chloroplastida->Archaeplastida->Eukaryota->cellular organisms->life" nexsonid "node436105"
pgloadind     taxon mapping OTT ID 864581 taxonomy "Chuquiraga oppositifolia->Chuquiraga->Barnadesioideae->Asteraceae->Asterales->campanulids->asterids->Pentapetalae->Gunneridae->eudicotyledons->Mesangiospermae->Magnoliophyta->Spermatophyta->Euphyllophyta->Tracheophyta->Embryophyta->Streptophyta->Chloroplastida->Archaeplastida->Eukaryota->cellular organisms->life" nexsonid "node436107"
pgloadind     taxon mapping OTT ID 457385 taxonomy "Chuquiraga morenonis->Chuquiraga->Barnadesioideae->Asteraceae->Asterales->campanulids->asterids->Pentapetalae->Gunneridae->eudicotyledons->Mesangiospermae->Magnoliophyta->Spermatophyta->Euphyllophyta->Tracheophyta->Embryophyta->Streptophyta->Chloroplastida->Archaeplastida->Eukaryota->cellular organisms->life" nexsonid "node436108"
pgloadind     taxon mapping OTT ID 13479 taxonomy "Chuquiraga erinacea->Chuquiraga->Barnadesioideae->Asteraceae->Asterales->campanulids->asterids->Pentapetalae->Gunneridae->eudicotyledons->Mesangiospermae->Magnoliophyta->Spermatophyta->Euphyllophyta->Tracheophyta->Embryophyta->Streptophyta->Chloroplastida->Archaeplastida->Eukaryota->cellular organisms->life" nexsonid "node436111"
pgloadind     taxon mapping OTT ID 1028938 taxonomy "Chuquiraga avellanedae->Chuquiraga->Barnadesioideae->Asteraceae->Asterales->campanulids->asterids->Pentapetalae->Gunneridae->eudicotyledons->Mesangiospermae->Magnoliophyta->Spermatophyta->Euphyllophyta->Tracheophyta->Embryophyta->Streptophyta->Chloroplastida->Archaeplastida->Eukaryota->cellular organisms->life" nexsonid "node436112"
pgloadind     taxon mapping OTT ID 864484 taxonomy "Chuquiraga ruscifolia->Chuquiraga->Barnadesioideae->Asteraceae->Asterales->campanulids->asterids->Pentapetalae->Gunneridae->eudicotyledons->Mesangiospermae->Magnoliophyta->Spermatophyta->Euphyllophyta->Tracheophyta->Embryophyta->Streptophyta->Chloroplastida->Archaeplastida->Eukaryota->cellular organisms->life" nexsonid "node436113"
pgloadind     taxon mapping OTT ID 13225 taxonomy "Chuquiraga ulicina->Chuquiraga->Barnadesioideae->Asteraceae->Asterales->campanulids->asterids->Pentapetalae->Gunneridae->eudicotyledons->Mesangiospermae->Magnoliophyta->Spermatophyta->Euphyllophyta->Tracheophyta->Embryophyta->Streptophyta->Chloroplastida->Archaeplastida->Eukaryota->cellular organisms->life" nexsonid "node436095"
pgloadind     taxon mapping OTT ID 457372 taxonomy "Doniophyton weddellii->Doniophyton->Barnadesioideae->Asteraceae->Asterales->campanulids->asterids->Pentapetalae->Gunneridae->eudicotyledons->Mesangiospermae->Magnoliophyta->Spermatophyta->Euphyllophyta->Tracheophyta->Embryophyta->Streptophyta->Chloroplastida->Archaeplastida->Eukaryota->cellular organisms->life" nexsonid "node436115"
pgloadind     taxon mapping OTT ID 643724 taxonomy "Doniophyton anomalum->Doniophyton->Barnadesioideae->Asteraceae->Asterales->campanulids->asterids->Pentapetalae->Gunneridae->eudicotyledons->Mesangiospermae->Magnoliophyta->Spermatophyta->Euphyllophyta->Tracheophyta->Embryophyta->Streptophyta->Chloroplastida->Archaeplastida->Eukaryota->cellular organisms->life" nexsonid "node436116"
pgloadind     taxon mapping OTT ID 1044797 taxonomy "Duseniella patagonica->Duseniella->Barnadesioideae->Asteraceae->Asterales->campanulids->asterids->Pentapetalae->Gunneridae->eudicotyledons->Mesangiospermae->Magnoliophyta->Spermatophyta->Euphyllophyta->Tracheophyta->Embryophyta->Streptophyta->Chloroplastida->Archaeplastida->Eukaryota->cellular organisms->life" nexsonid "node436117"
pgloadind     taxon mapping OTT ID 339817 taxonomy "Picris pauciflora->Picris->Hypochaeridinae->Cichorieae->Cichorioideae->Asteraceae->Asterales->campanulids->asterids->Pentapetalae->Gunneridae->eudicotyledons->Mesangiospermae->Magnoliophyta->Spermatophyta->Euphyllophyta->Tracheophyta->Embryophyta->Streptophyta->Chloroplastida->Archaeplastida->Eukaryota->cellular organisms->life" nexsonid "node436119"
pgloadind     taxon mapping OTT ID 1060864 taxonomy "Proustia cuneifolia->Proustia->Nassauvieae->Mutisioideae->Asteraceae->Asterales->campanulids->asterids->Pentapetalae->Gunneridae->eudicotyledons->Mesangiospermae->Magnoliophyta->Spermatophyta->Euphyllophyta->Tracheophyta->Embryophyta->Streptophyta->Chloroplastida->Archaeplastida->Eukaryota->cellular organisms->life" nexsonid "node436121"
pgloadind     taxon mapping OTT ID 457391 taxonomy "Mutisia decurrens->Mutisia->Mutisieae->Mutisioideae->Asteraceae->Asterales->campanulids->asterids->Pentapetalae->Gunneridae->eudicotyledons->Mesangiospermae->Magnoliophyta->Spermatophyta->Euphyllophyta->Tracheophyta->Embryophyta->Streptophyta->Chloroplastida->Archaeplastida->Eukaryota->cellular organisms->life" nexsonid "node436124"
pgloadind     taxon mapping OTT ID 1033739 taxonomy "Mutisia sinuata->Mutisia->Mutisieae->Mutisioideae->Asteraceae->Asterales->campanulids->asterids->Pentapetalae->Gunneridae->eudicotyledons->Mesangiospermae->Magnoliophyta->Spermatophyta->Euphyllophyta->Tracheophyta->Embryophyta->Streptophyta->Chloroplastida->Archaeplastida->Eukaryota->cellular organisms->life" nexsonid "node436125"
pgloadind     taxon mapping OTT ID 457393 taxonomy "Leucheria cf. gayana TS 12714->Leucheria->Nassauvieae->Mutisioideae->Asteraceae->Asterales->campanulids->asterids->Pentapetalae->Gunneridae->eudicotyledons->Mesangiospermae->Magnoliophyta->Spermatophyta->Euphyllophyta->Tracheophyta->Embryophyta->Streptophyta->Chloroplastida->Archaeplastida->Eukaryota->cellular organisms->life" nexsonid "node436127"
pgloadind     taxon mapping OTT ID 1033741 taxonomy "Perezia carthamoides->Perezia->Nassauvieae->Mutisioideae->Asteraceae->Asterales->campanulids->asterids->Pentapetalae->Gunneridae->eudicotyledons->Mesangiospermae->Magnoliophyta->Spermatophyta->Euphyllophyta->Tracheophyta->Embryophyta->Streptophyta->Chloroplastida->Archaeplastida->Eukaryota->cellular organisms->life" nexsonid "node436129"
pgloadind     taxon mapping OTT ID 386864 taxonomy "Nassauvia looseri->Nassauvia->Nassauvieae->Mutisioideae->Asteraceae->Asterales->campanulids->asterids->Pentapetalae->Gunneridae->eudicotyledons->Mesangiospermae->Magnoliophyta->Spermatophyta->Euphyllophyta->Tracheophyta->Embryophyta->Streptophyta->Chloroplastida->Archaeplastida->Eukaryota->cellular organisms->life" nexsonid "node436130"
done fixing name
pgloadind Finished with attempts to fix names
pgloadind   Checking for uniqueness of OTT IDs tree id "1289"
pgloadind   Adding tree to graph tree id "1289"
all trees have all taxa: false
	using bipartition technique
attempting to remap tips to deepest exemplified taxa
	Schlechtendalia luzulifolia was remapped to 'Schlechtendalia' (id=2672384)
	Duseniella patagonica was remapped to 'Duseniella' (id=2672387)
	Huarpea andina was remapped to 'Huarpea' (id=2672353)
	Picris pauciflora was remapped to 'Cichorioideae' (id=2662269)
	Nassauvia looseri was remapped to 'Nassauvia' (id=2662195)
	Perezia carthamoides was remapped to 'Perezia' (id=2662117)
	Proustia cuneifolia was remapped to 'Proustia' (id=2662256)
	Leucheria cf. gayana TS 12714 was remapped to 'Leucheria' (id=2662035)
	Fulcaldea laurifolia was remapped to 'Fulcaldea' (id=2672350)
this is the ROOT
placing root in index
Dealing with metadata property: id
Dealing with metadata property: ot:studyPublicationReference
Adding property 'ot:studyPublicationReference': Gruenstaeudl, M. [et al. 2009], Urtubey, E., Jansen, R. K., Samuel, R., Barfuss, M. H. J., & Stuessy, T. F. 2009. Phylogeny of Barnadesioideae (Asteraceae) inferred from DNA sequence data and morphology. Mol. Phyl. Evol. 51: 572-587.
Dealing with metadata property: ot:studyYear
Adding property 'ot:studyYear': 2009
Dealing with metadata property: ot:inGroupClade
Adding property 'ot:inGroupClade': node436054
Dealing with metadata property: ot:curatorName
Adding property 'ot:curatorName': bryan drew
Dealing with metadata property: ot:studyPublication
Adding property 'ot:studyPublication': http://dx.doi.org/10.1016/j.ympev.2009.01.023
Dealing with metadata property: ot:curatedType
Adding property 'ot:curatedType': BI
Dealing with metadata property: ot:studyId
Adding property 'ot:studyId': 715
Dealing with metadata property: ot:dataDeposit
Adding property 'ot:dataDeposit': http://purl.org/phylo/treebase/phylows/study/TB2:S9970
Committing nodes: 75
	adding Node[2661730] Mutisieae 557775 as compatible with Node[2661958]
		adding Relationship[8416021]
		adding to root Relationship[8416022]
