pgloadind OTUs number 83
pgloadind Processing tree @id "5874"
pgloadind   tree info number nodes 131
pgloadind   tree info number edges 130
pgloadind   tree info ingroup "node1000014"
pgloadind   Setting ingroup root node.
pgloadind   Ingested tree number of external nodes 80
pgloadind   property added ot:studyPublicationReference "Feist, M. A. E., & Downie, S. R. (2008). A phylogenetic study of Oxypolis and Ptilimnium (Apiaceae) based on nuclear rDNA ITS sequences. Systematic Botany, 33(2), 447-458."
pgloadind   property added ot:studyPublication "http://dx.doi.org/10.1600/036364408784571509"
pgloadind   property added ot:curatorName "William Wysocki"
pgloadind   property added ot:dataDeposit "http://purl.org/phylo/treebase/phylows/study/TB2:S1957"
pgloadind   property added ot:studyId "74"
pgloadind   property added ot:studyYear "2007"
pgloadind   property added ot:focalClade "372831"
pgloadind   property added ot:focalCladeOTTTaxonName "Apiaceae"
pgloadind   property added ot:tag "nrDNA"
pgloadind   property added ot:tag "ingroup added;"
pgloadind   property added ot:inGroupClade "node1000014"
pgloadind   property added ot:curatedType "Fig. 1"
loading a specific tree: 5874
pgloadind conducting TNRS on trees
pgloadind   name fixing on tree tree id "5874"
pgloadind   all nodes have ottIds
pgloadind     OTT ID reused in tree
pgloadind       duplicate name "Ptilimnium costatum" nexsonid "node1000024"
pgloadind       duplicate OTT ID 3891406
pgloadind     OTT ID reused in tree
pgloadind       duplicate name "Ptilimnium costatum" nexsonid "node1000025"
pgloadind       duplicate OTT ID 3891406
pgloadind     OTT ID reused in tree
pgloadind       duplicate name "Ptilimnium costatum" nexsonid "node1000026"
pgloadind       duplicate OTT ID 3891406
pgloadind     OTT ID reused in tree
pgloadind       duplicate name "Ptilimnium costatum" nexsonid "node1000028"
pgloadind       duplicate OTT ID 3891406
pgloadind     OTT ID reused in tree
pgloadind       duplicate name "Ptilimnium costatum" nexsonid "node1000029"
pgloadind       duplicate OTT ID 3891406
pgloadind     OTT ID reused in tree
pgloadind       duplicate name "Ptilimnium" nexsonid "node1000031"
pgloadind       duplicate OTT ID 314104
pgloadind     OTT ID reused in tree
pgloadind       duplicate name "Ptilimnium ahlesii" nexsonid "node1000034"
pgloadind       duplicate OTT ID 482173
pgloadind     OTT ID reused in tree
pgloadind       duplicate name "Ptilimnium ahlesii" nexsonid "node1000035"
pgloadind       duplicate OTT ID 482173
pgloadind     OTT ID reused in tree
pgloadind       duplicate name "Ptilimnium capillaceum" nexsonid "node1000037"
pgloadind       duplicate OTT ID 888556
pgloadind     OTT ID reused in tree
pgloadind       duplicate name "Ptilimnium capillaceum" nexsonid "node1000038"
pgloadind       duplicate OTT ID 888556
pgloadind     OTT ID reused in tree
pgloadind       duplicate name "Ptilimnium nuttallii" nexsonid "node1000041"
pgloadind       duplicate OTT ID 1087137
pgloadind     OTT ID reused in tree
pgloadind       duplicate name "Ptilimnium nuttallii" nexsonid "node1000042"
pgloadind       duplicate OTT ID 1087137
pgloadind     OTT ID reused in tree
pgloadind       duplicate name "Harperella nodosa" nexsonid "node1000050"
pgloadind       duplicate OTT ID 482169
pgloadind     OTT ID reused in tree
pgloadind       duplicate name "Harperella nodosa" nexsonid "node1000052"
pgloadind       duplicate OTT ID 482169
pgloadind     OTT ID reused in tree
pgloadind       duplicate name "Harperella nodosa" nexsonid "node1000054"
pgloadind       duplicate OTT ID 482169
pgloadind     OTT ID reused in tree
pgloadind       duplicate name "Harperella nodosa" nexsonid "node1000055"
pgloadind       duplicate OTT ID 482169
pgloadind     OTT ID reused in tree
pgloadind       duplicate name "Harperella nodosa" nexsonid "node1000056"
pgloadind       duplicate OTT ID 482169
pgloadind     OTT ID reused in tree
pgloadind       duplicate name "Harperella nodosa" nexsonid "node1000057"
pgloadind       duplicate OTT ID 482169
pgloadind     OTT ID reused in tree
pgloadind       duplicate name "Harperella nodosa" nexsonid "node1000058"
pgloadind       duplicate OTT ID 482169
pgloadind     OTT ID reused in tree
pgloadind       duplicate name "Harperella nodosa" nexsonid "node1000059"
pgloadind       duplicate OTT ID 482169
pgloadind     OTT ID reused in tree
pgloadind       duplicate name "Harperella nodosa" nexsonid "node1000060"
pgloadind       duplicate OTT ID 482169
pgloadind     OTT ID reused in tree
pgloadind       duplicate name "Harperella nodosa" nexsonid "node1000061"
pgloadind       duplicate OTT ID 482169
pgloadind     OTT ID reused in tree
pgloadind       duplicate name "Tiedemannia canbyi" nexsonid "node1000067"
pgloadind       duplicate OTT ID 482183
pgloadind     OTT ID reused in tree
pgloadind       duplicate name "Tiedemannia canbyi" nexsonid "node1000068"
pgloadind       duplicate OTT ID 482183
pgloadind     OTT ID reused in tree
pgloadind       duplicate name "Tiedemannia canbyi" nexsonid "node1000069"
pgloadind       duplicate OTT ID 482183
pgloadind     OTT ID reused in tree
pgloadind       duplicate name "Tiedemannia filiformis" nexsonid "node1000074"
pgloadind       duplicate OTT ID 482175
pgloadind     OTT ID reused in tree
pgloadind       duplicate name "Tiedemannia filiformis" nexsonid "node1000075"
pgloadind       duplicate OTT ID 482175
pgloadind     OTT ID reused in tree
pgloadind       duplicate name "Tiedemannia filiformis" nexsonid "node1000077"
pgloadind       duplicate OTT ID 482175
pgloadind     OTT ID reused in tree
pgloadind       duplicate name "Tiedemannia filiformis" nexsonid "node1000079"
pgloadind       duplicate OTT ID 482175
pgloadind     OTT ID reused in tree
pgloadind       duplicate name "Tiedemannia filiformis subsp. greenmannii" nexsonid "node1000080"
pgloadind       duplicate OTT ID 482177
pgloadind     OTT ID reused in tree
pgloadind       duplicate name "Tiedemannia filiformis subsp. greenmannii" nexsonid "node1000081"
pgloadind       duplicate OTT ID 482177
pgloadind     OTT ID reused in tree
pgloadind       duplicate name "Oxypolis" nexsonid "node1000083"
pgloadind       duplicate OTT ID 220538
pgloadind     OTT ID reused in tree
pgloadind       duplicate name "Tiedemannia filiformis" nexsonid "node1000084"
pgloadind       duplicate OTT ID 482175
pgloadind     OTT ID not in database (probably dubious)
pgloadind       dubious name "Bifora americana" nexsonid "node1000096"
pgloadind       dubious OTT ID 498457
pgloadind     OTT ID reused in tree
pgloadind       duplicate name "Oxypolis occidentalis" nexsonid "node1000103"
pgloadind       duplicate OTT ID 220555
pgloadind     OTT ID reused in tree
pgloadind       duplicate name "Oxypolis occidentalis" nexsonid "node1000104"
pgloadind       duplicate OTT ID 220555
pgloadind     OTT ID reused in tree
pgloadind       duplicate name "Oxypolis occidentalis" nexsonid "node1000105"
pgloadind       duplicate OTT ID 220555
pgloadind     OTT ID reused in tree
pgloadind       duplicate name "Oxypolis occidentalis" nexsonid "node1000108"
pgloadind       duplicate OTT ID 220555
pgloadind     OTT ID reused in tree
pgloadind       duplicate name "Oxypolis occidentalis" nexsonid "node1000109"
pgloadind       duplicate OTT ID 220555
pgloadind     OTT ID reused in tree
pgloadind       duplicate name "Oxypolis occidentalis" nexsonid "node1000110"
pgloadind       duplicate OTT ID 220555
pgloadind     OTT ID reused in tree
pgloadind       duplicate name "Oxypolis occidentalis" nexsonid "node1000111"
pgloadind       duplicate OTT ID 220555
pgloadind     OTT ID reused in tree
pgloadind       duplicate name "Oxypolis occidentalis" nexsonid "node1000113"
pgloadind       duplicate OTT ID 220555
pgloadind     OTT ID reused in tree
pgloadind       duplicate name "Oxypolis occidentalis" nexsonid "node1000114"
pgloadind       duplicate OTT ID 220555
pgloadind     OTT ID reused in tree
pgloadind       duplicate name "Oxypolis occidentalis" nexsonid "node1000115"
pgloadind       duplicate OTT ID 220555
pgloadind     OTT ID reused in tree
pgloadind       duplicate name "Oxypolis rigidior" nexsonid "node1000119"
pgloadind       duplicate OTT ID 984096
pgloadind     OTT ID reused in tree
pgloadind       duplicate name "Oxypolis rigidior" nexsonid "node1000120"
pgloadind       duplicate OTT ID 984096
pgloadind     OTT ID reused in tree
pgloadind       duplicate name "Oxypolis rigidior" nexsonid "node1000122"
pgloadind       duplicate OTT ID 984096
pgloadind     OTT ID reused in tree
pgloadind       duplicate name "Oxypolis rigidior" nexsonid "node1000123"
pgloadind       duplicate OTT ID 984096
pgloadind     OTT ID reused in tree
pgloadind       duplicate name "Oxypolis rigidior" nexsonid "node1000124"
pgloadind       duplicate OTT ID 984096
pgloadind     OTT ID reused in tree
pgloadind       duplicate name "Oxypolis ternata" nexsonid "node1000128"
pgloadind       duplicate OTT ID 482171
pgloadind     OTT ID reused in tree
pgloadind       duplicate name "Oxypolis ternata" nexsonid "node1000129"
pgloadind       duplicate OTT ID 482171
pgloadind     OTT ID reused in tree
pgloadind       duplicate name "Oxypolis ternata" nexsonid "node1000130"
pgloadind       duplicate OTT ID 482171
pgloadind     OTT ID reused in tree
pgloadind       duplicate name "Oxypolis fendleri" nexsonid "node1000134"
pgloadind       duplicate OTT ID 993799
pgloadind     OTT ID reused in tree
pgloadind       duplicate name "Oxypolis fendleri" nexsonid "node1000135"
pgloadind       duplicate OTT ID 993799
pgloadind     OTT ID reused in tree
pgloadind       duplicate name "Oxypolis fendleri" nexsonid "node1000136"
pgloadind       duplicate OTT ID 993799
pgloadind     OTT ID reused in tree
pgloadind       duplicate name "Oxypolis fendleri" nexsonid "node1000137"
pgloadind       duplicate OTT ID 993799
pgloadind     OTT ID reused in tree
pgloadind       duplicate name "Oxypolis fendleri" nexsonid "node1000138"
pgloadind       duplicate OTT ID 993799
pgloadind     overlapping tips
pgloadind       overlapping retained name "Ptilimnium costatum" nexsonid "node1000023"
pgloadind       overlapping pruned name "Ptilimnium" nexsonid "node1000030"
pgloadind     overlapping tips
pgloadind       overlapping retained name "Tiedemannia filiformis" nexsonid "node1000072"
pgloadind       overlapping pruned name "Tiedemannia filiformis subsp. greenmannii" nexsonid "node1000078"
pgloadind     overlapping tips
pgloadind       overlapping retained name "Oxypolis occidentalis" nexsonid "node1000102"
pgloadind       overlapping pruned name "Oxypolis" nexsonid "node1000082"
pgloadind     pruning dups and overlapping name "Ptilimnium ahlesii" nexsonid "node1000034"
pgloadind     pruning dups and overlapping name "Ptilimnium" nexsonid "node1000031"
pgloadind     pruning dups and overlapping name "Oxypolis" nexsonid "node1000083"
pgloadind     pruning dups and overlapping name "Tiedemannia filiformis" nexsonid "node1000075"
pgloadind     pruning dups and overlapping name "Oxypolis occidentalis" nexsonid "node1000113"
pgloadind     pruning dups and overlapping name "Oxypolis occidentalis" nexsonid "node1000114"
pgloadind     pruning dups and overlapping name "Oxypolis fendleri" nexsonid "node1000138"
pgloadind     pruning dups and overlapping name "Oxypolis occidentalis" nexsonid "node1000105"
pgloadind     pruning dups and overlapping name "Harperella nodosa" nexsonid "node1000054"
pgloadind     pruning dups and overlapping name "Ptilimnium costatum" nexsonid "node1000024"
pgloadind     pruning dups and overlapping name "Oxypolis ternata" nexsonid "node1000130"
pgloadind     pruning dups and overlapping name "Ptilimnium nuttallii" nexsonid "node1000042"
pgloadind     pruning dups and overlapping name "Oxypolis rigidior" nexsonid "node1000119"
pgloadind     pruning dups and overlapping name "Harperella nodosa" nexsonid "node1000061"
pgloadind     pruning dups and overlapping name "Oxypolis" nexsonid "node1000082"
pgloadind     pruning dups and overlapping name "Ptilimnium costatum" nexsonid "node1000025"
pgloadind     pruning dups and overlapping name "Ptilimnium costatum" nexsonid "node1000028"
pgloadind     pruning dups and overlapping name "Ptilimnium capillaceum" nexsonid "node1000037"
pgloadind     pruning dups and overlapping name "Oxypolis fendleri" nexsonid "node1000136"
pgloadind     pruning dups and overlapping name "Oxypolis occidentalis" nexsonid "node1000110"
pgloadind     pruning dups and overlapping name "Oxypolis occidentalis" nexsonid "node1000115"
pgloadind     pruning dups and overlapping name "Harperella nodosa" nexsonid "node1000055"
pgloadind     pruning dups and overlapping name "Oxypolis rigidior" nexsonid "node1000120"
pgloadind     pruning dups and overlapping name "Tiedemannia canbyi" nexsonid "node1000069"
pgloadind     pruning dups and overlapping name "Tiedemannia filiformis subsp. greenmannii" nexsonid "node1000080"
pgloadind     pruning dups and overlapping name "Oxypolis ternata" nexsonid "node1000129"
pgloadind     pruning dups and overlapping name "Oxypolis occidentalis" nexsonid "node1000109"
pgloadind     pruning dups and overlapping name "Harperella nodosa" nexsonid "node1000050"
pgloadind     pruning dups and overlapping name "Harperella nodosa" nexsonid "node1000059"
pgloadind     pruning dups and overlapping name "Harperella nodosa" nexsonid "node1000058"
pgloadind     pruning dups and overlapping name "Tiedemannia filiformis" nexsonid "node1000079"
pgloadind     pruning dups and overlapping name "Oxypolis occidentalis" nexsonid "node1000108"
pgloadind     pruning dups and overlapping name "Harperella nodosa" nexsonid "node1000060"
pgloadind     pruning dups and overlapping name "Ptilimnium" nexsonid "node1000030"
pgloadind     pruning dups and overlapping name "Ptilimnium ahlesii" nexsonid "node1000035"
pgloadind     pruning dups and overlapping name "Oxypolis occidentalis" nexsonid "node1000103"
pgloadind     pruning dups and overlapping name "Harperella nodosa" nexsonid "node1000056"
pgloadind     pruning dups and overlapping name "Bifora americana" nexsonid "node1000096"
pgloadind     pruning dups and overlapping name "Ptilimnium costatum" nexsonid "node1000029"
pgloadind     pruning dups and overlapping name "Tiedemannia filiformis subsp. greenmannii" nexsonid "node1000078"
pgloadind     pruning dups and overlapping name "Tiedemannia canbyi" nexsonid "node1000067"
pgloadind     pruning dups and overlapping name "Harperella nodosa" nexsonid "node1000052"
pgloadind     pruning dups and overlapping name "Ptilimnium costatum" nexsonid "node1000026"
pgloadind     pruning dups and overlapping name "Tiedemannia filiformis" nexsonid "node1000077"
pgloadind     pruning dups and overlapping name "Tiedemannia filiformis" nexsonid "node1000084"
pgloadind     pruning dups and overlapping name "Oxypolis fendleri" nexsonid "node1000135"
pgloadind     pruning dups and overlapping name "Oxypolis occidentalis" nexsonid "node1000104"
pgloadind     pruning dups and overlapping name "Oxypolis occidentalis" nexsonid "node1000111"
pgloadind     pruning dups and overlapping name "Tiedemannia filiformis" nexsonid "node1000074"
pgloadind     pruning dups and overlapping name "Oxypolis rigidior" nexsonid "node1000124"
pgloadind     pruning dups and overlapping name "Oxypolis rigidior" nexsonid "node1000123"
pgloadind     pruning dups and overlapping name "Harperella nodosa" nexsonid "node1000057"
pgloadind     pruning dups and overlapping name "Ptilimnium nuttallii" nexsonid "node1000041"
pgloadind     pruning dups and overlapping name "Ptilimnium capillaceum" nexsonid "node1000038"
pgloadind     pruning dups and overlapping name "Tiedemannia filiformis subsp. greenmannii" nexsonid "node1000081"
pgloadind     pruning dups and overlapping name "Tiedemannia canbyi" nexsonid "node1000068"
pgloadind     pruning dups and overlapping name "Oxypolis fendleri" nexsonid "node1000137"
pgloadind     pruning dups and overlapping name "Oxypolis fendleri" nexsonid "node1000134"
pgloadind     pruning dups and overlapping name "Oxypolis ternata" nexsonid "node1000128"
pgloadind     pruning dups and overlapping name "Oxypolis rigidior" nexsonid "node1000122"
pgloadind   postpruning newick tree "((((((((Ptilimnium_ahlesii,Ptilimnium_capillaceum),Ptilimnium_costatum),Ptilimnium_nuttallii),(Limnosciadium_pinnatum,Daucosma_laciniata)),((Tiedemannia_filiformis,Tiedemannia_canbyi),Cynosciadium_digitatum),Harperella_nodosa),((Lilaeopsis_carolinensis,Lilaeopsis_mauritiana,Lilaeopsis_novae-zelandiae),Lilaeopsis_occidentalis)),(Neogoezia_minor,Trepocarpus_aethusae)),(((Oxypolis_ternata,Oxypolis_rigidior),Oxypolis_occidentalis),Oxypolis_fendleri))"
pgloadind   taxon mapping summary
pgloadind     taxon mapping OTT ID 482173 taxonomy "Ptilimnium ahlesii->Ptilimnium->Oenantheae->Apioideae->Apiaceae->Apiineae->Apiales->campanulids->asterids->Pentapetalae->Gunneridae->eudicotyledons->Mesangiospermae->Magnoliophyta->Spermatophyta->Euphyllophyta->Tracheophyta->Embryophyta->Streptophyta->Chloroplastida->Archaeplastida->Eukaryota->cellular organisms->life" nexsonid "node1000033"
pgloadind     taxon mapping OTT ID 888556 taxonomy "Ptilimnium capillaceum->Ptilimnium->Oenantheae->Apioideae->Apiaceae->Apiineae->Apiales->campanulids->asterids->Pentapetalae->Gunneridae->eudicotyledons->Mesangiospermae->Magnoliophyta->Spermatophyta->Euphyllophyta->Tracheophyta->Embryophyta->Streptophyta->Chloroplastida->Archaeplastida->Eukaryota->cellular organisms->life" nexsonid "node1000036"
pgloadind     taxon mapping OTT ID 3891406 taxonomy "Ptilimnium costatum->Ptilimnium->Oenantheae->Apioideae->Apiaceae->Apiineae->Apiales->campanulids->asterids->Pentapetalae->Gunneridae->eudicotyledons->Mesangiospermae->Magnoliophyta->Spermatophyta->Euphyllophyta->Tracheophyta->Embryophyta->Streptophyta->Chloroplastida->Archaeplastida->Eukaryota->cellular organisms->life" nexsonid "node1000023"
pgloadind     taxon mapping OTT ID 1087137 taxonomy "Ptilimnium nuttallii->Ptilimnium->Oenantheae->Apioideae->Apiaceae->Apiineae->Apiales->campanulids->asterids->Pentapetalae->Gunneridae->eudicotyledons->Mesangiospermae->Magnoliophyta->Spermatophyta->Euphyllophyta->Tracheophyta->Embryophyta->Streptophyta->Chloroplastida->Archaeplastida->Eukaryota->cellular organisms->life" nexsonid "node1000040"
pgloadind     taxon mapping OTT ID 781197 taxonomy "Limnosciadium pinnatum->Limnosciadium->Oenantheae->Apioideae->Apiaceae->Apiineae->Apiales->campanulids->asterids->Pentapetalae->Gunneridae->eudicotyledons->Mesangiospermae->Magnoliophyta->Spermatophyta->Euphyllophyta->Tracheophyta->Embryophyta->Streptophyta->Chloroplastida->Archaeplastida->Eukaryota->cellular organisms->life" nexsonid "node1000044"
pgloadind     taxon mapping OTT ID 736737 taxonomy "Daucosma laciniata->Daucosma->Oenantheae->Apioideae->Apiaceae->Apiineae->Apiales->campanulids->asterids->Pentapetalae->Gunneridae->eudicotyledons->Mesangiospermae->Magnoliophyta->Spermatophyta->Euphyllophyta->Tracheophyta->Embryophyta->Streptophyta->Chloroplastida->Archaeplastida->Eukaryota->cellular organisms->life" nexsonid "node1000045"
pgloadind     taxon mapping OTT ID 482175 taxonomy "Tiedemannia filiformis->Tiedemannia->Oenantheae->Apioideae->Apiaceae->Apiineae->Apiales->campanulids->asterids->Pentapetalae->Gunneridae->eudicotyledons->Mesangiospermae->Magnoliophyta->Spermatophyta->Euphyllophyta->Tracheophyta->Embryophyta->Streptophyta->Chloroplastida->Archaeplastida->Eukaryota->cellular organisms->life" nexsonid "node1000072"
pgloadind     taxon mapping OTT ID 482183 taxonomy "Tiedemannia canbyi->Tiedemannia->Oenantheae->Apioideae->Apiaceae->Apiineae->Apiales->campanulids->asterids->Pentapetalae->Gunneridae->eudicotyledons->Mesangiospermae->Magnoliophyta->Spermatophyta->Euphyllophyta->Tracheophyta->Embryophyta->Streptophyta->Chloroplastida->Archaeplastida->Eukaryota->cellular organisms->life" nexsonid "node1000066"
pgloadind     taxon mapping OTT ID 5174 taxonomy "Cynosciadium digitatum->Cynosciadium->Oenantheae->Apioideae->Apiaceae->Apiineae->Apiales->campanulids->asterids->Pentapetalae->Gunneridae->eudicotyledons->Mesangiospermae->Magnoliophyta->Spermatophyta->Euphyllophyta->Tracheophyta->Embryophyta->Streptophyta->Chloroplastida->Archaeplastida->Eukaryota->cellular organisms->life" nexsonid "node1000085"
pgloadind     taxon mapping OTT ID 482169 taxonomy "Harperella nodosa->Harperella->Oenantheae->Apioideae->Apiaceae->Apiineae->Apiales->campanulids->asterids->Pentapetalae->Gunneridae->eudicotyledons->Mesangiospermae->Magnoliophyta->Spermatophyta->Euphyllophyta->Tracheophyta->Embryophyta->Streptophyta->Chloroplastida->Archaeplastida->Eukaryota->cellular organisms->life" nexsonid "node1000049"
pgloadind     taxon mapping OTT ID 40283 taxonomy "Lilaeopsis carolinensis->Lilaeopsis->Oenantheae->Apioideae->Apiaceae->Apiineae->Apiales->campanulids->asterids->Pentapetalae->Gunneridae->eudicotyledons->Mesangiospermae->Magnoliophyta->Spermatophyta->Euphyllophyta->Tracheophyta->Embryophyta->Streptophyta->Chloroplastida->Archaeplastida->Eukaryota->cellular organisms->life" nexsonid "node1000088"
pgloadind     taxon mapping OTT ID 372116 taxonomy "Lilaeopsis mauritiana->Lilaeopsis->Oenantheae->Apioideae->Apiaceae->Apiineae->Apiales->campanulids->asterids->Pentapetalae->Gunneridae->eudicotyledons->Mesangiospermae->Magnoliophyta->Spermatophyta->Euphyllophyta->Tracheophyta->Embryophyta->Streptophyta->Chloroplastida->Archaeplastida->Eukaryota->cellular organisms->life" nexsonid "node1000089"
pgloadind     taxon mapping OTT ID 372118 taxonomy "Lilaeopsis novae-zelandiae->Lilaeopsis->Oenantheae->Apioideae->Apiaceae->Apiineae->Apiales->campanulids->asterids->Pentapetalae->Gunneridae->eudicotyledons->Mesangiospermae->Magnoliophyta->Spermatophyta->Euphyllophyta->Tracheophyta->Embryophyta->Streptophyta->Chloroplastida->Archaeplastida->Eukaryota->cellular organisms->life" nexsonid "node1000090"
pgloadind     taxon mapping OTT ID 781175 taxonomy "Lilaeopsis occidentalis->Lilaeopsis->Oenantheae->Apioideae->Apiaceae->Apiineae->Apiales->campanulids->asterids->Pentapetalae->Gunneridae->eudicotyledons->Mesangiospermae->Magnoliophyta->Spermatophyta->Euphyllophyta->Tracheophyta->Embryophyta->Streptophyta->Chloroplastida->Archaeplastida->Eukaryota->cellular organisms->life" nexsonid "node1000091"
pgloadind     taxon mapping OTT ID 367118 taxonomy "Neogoezia minor->Neogoezia->Oenantheae->Apioideae->Apiaceae->Apiineae->Apiales->campanulids->asterids->Pentapetalae->Gunneridae->eudicotyledons->Mesangiospermae->Magnoliophyta->Spermatophyta->Euphyllophyta->Tracheophyta->Embryophyta->Streptophyta->Chloroplastida->Archaeplastida->Eukaryota->cellular organisms->life" nexsonid "node1000093"
pgloadind     taxon mapping OTT ID 888555 taxonomy "Trepocarpus aethusae->Trepocarpus->Oenantheae->Apioideae->Apiaceae->Apiineae->Apiales->campanulids->asterids->Pentapetalae->Gunneridae->eudicotyledons->Mesangiospermae->Magnoliophyta->Spermatophyta->Euphyllophyta->Tracheophyta->Embryophyta->Streptophyta->Chloroplastida->Archaeplastida->Eukaryota->cellular organisms->life" nexsonid "node1000095"
pgloadind     taxon mapping OTT ID 482171 taxonomy "Oxypolis ternata->Oxypolis->Oenantheae->Apioideae->Apiaceae->Apiineae->Apiales->campanulids->asterids->Pentapetalae->Gunneridae->eudicotyledons->Mesangiospermae->Magnoliophyta->Spermatophyta->Euphyllophyta->Tracheophyta->Embryophyta->Streptophyta->Chloroplastida->Archaeplastida->Eukaryota->cellular organisms->life" nexsonid "node1000127"
pgloadind     taxon mapping OTT ID 984096 taxonomy "Oxypolis rigidior->Oxypolis->Oenantheae->Apioideae->Apiaceae->Apiineae->Apiales->campanulids->asterids->Pentapetalae->Gunneridae->eudicotyledons->Mesangiospermae->Magnoliophyta->Spermatophyta->Euphyllophyta->Tracheophyta->Embryophyta->Streptophyta->Chloroplastida->Archaeplastida->Eukaryota->cellular organisms->life" nexsonid "node1000118"
pgloadind     taxon mapping OTT ID 220555 taxonomy "Oxypolis occidentalis->Oxypolis->Oenantheae->Apioideae->Apiaceae->Apiineae->Apiales->campanulids->asterids->Pentapetalae->Gunneridae->eudicotyledons->Mesangiospermae->Magnoliophyta->Spermatophyta->Euphyllophyta->Tracheophyta->Embryophyta->Streptophyta->Chloroplastida->Archaeplastida->Eukaryota->cellular organisms->life" nexsonid "node1000102"
pgloadind     taxon mapping OTT ID 993799 taxonomy "Oxypolis fendleri->Oxypolis->Oenantheae->Apioideae->Apiaceae->Apiineae->Apiales->campanulids->asterids->Pentapetalae->Gunneridae->eudicotyledons->Mesangiospermae->Magnoliophyta->Spermatophyta->Euphyllophyta->Tracheophyta->Embryophyta->Streptophyta->Chloroplastida->Archaeplastida->Eukaryota->cellular organisms->life" nexsonid "node1000133"
done fixing name
pgloadind Finished with attempts to fix names
pgloadind   Checking for uniqueness of OTT IDs tree id "5874"
pgloadind   Adding tree to graph tree id "5874"
all trees have all taxa: false
	using bipartition technique
attempting to remap tips to deepest exemplified taxa
	Neogoezia minor was remapped to 'Neogoezia' (id=2640761)
	Harperella nodosa was remapped to 'Harperella' (id=2641091)
	Trepocarpus aethusae was remapped to 'Trepocarpus' (id=2641461)
	Cynosciadium digitatum was remapped to 'Cynosciadium' (id=2640757)
	Limnosciadium pinnatum was remapped to 'Limnosciadium' (id=2641139)
	Daucosma laciniata was remapped to 'Daucosma' (id=2641457)
this is the ROOT
placing root in index
Dealing with metadata property: id
Dealing with metadata property: ot:studyPublicationReference
Adding property 'ot:studyPublicationReference': Feist, M. A. E., & Downie, S. R. (2008). A phylogenetic study of Oxypolis and Ptilimnium (Apiaceae) based on nuclear rDNA ITS sequences. Systematic Botany, 33(2), 447-458.
Dealing with metadata property: ot:focalCladeOTTTaxonName
Adding property 'ot:focalCladeOTTTaxonName': Apiaceae
Dealing with metadata property: ot:studyYear
Adding property 'ot:studyYear': 2007
Dealing with metadata property: ot:inGroupClade
Adding property 'ot:inGroupClade': node1000014
Dealing with metadata property: ot:tag
Adding property 'ot:tag': ingroup added;
Dealing with metadata property: ot:curatorName
Adding property 'ot:curatorName': William Wysocki
Dealing with metadata property: ot:studyPublication
Adding property 'ot:studyPublication': http://dx.doi.org/10.1600/036364408784571509
Dealing with metadata property: ot:focalClade
Adding property 'ot:focalClade': 372831
Dealing with metadata property: ot:curatedType
Adding property 'ot:curatedType': Fig. 1
Dealing with metadata property: ot:studyId
Adding property 'ot:studyId': 74
Dealing with metadata property: ot:dataDeposit
Adding property 'ot:dataDeposit': http://purl.org/phylo/treebase/phylows/study/TB2:S1957
Committing nodes: 37
