pgloadind OTUs number 104
pgloadind Processing tree @id "1735"
pgloadind   tree info number nodes 105
pgloadind   tree info number edges 104
pgloadind   tree info ingroup "node480542"
pgloadind   Setting ingroup root node.
pgloadind   Ingested tree number of external nodes 49
pgloadind   property added ot:studyPublicationReference "Liao C., Downie S.R., He X., & Yu Y. 2012. Historical biogeography of the Angelica group (Apiaceaetribe Selineae) inferred from analyses of nrDNA and cpDNA sequences. Journal of Systematics and Evolution, 50(3): 206-217."
pgloadind   property added ot:studyPublication "http://dx.doi.org/10.1111/j.1759-6831.2012.00182.x"
pgloadind   property added ot:curatorName "bryan drew"
pgloadind   property added ot:dataDeposit "http://purl.org/phylo/treebase/phylows/study/TB2:S11565"
pgloadind   property added ot:studyId "900"
pgloadind   property added ot:studyYear "2012"
pgloadind   property added ot:inGroupClade "node480542"
pgloadind   property added ot:curatedType "Imported tree 0"
pgloadind Processing tree @id "1736"
pgloadind   tree info number nodes 191
pgloadind   tree info number edges 190
pgloadind   tree info ingroup "node480657"
pgloadind   Setting ingroup root node.
pgloadind   Ingested tree number of external nodes 87
pgloadind   property added ot:studyPublicationReference "Liao C., Downie S.R., He X., & Yu Y. 2012. Historical biogeography of the Angelica group (Apiaceaetribe Selineae) inferred from analyses of nrDNA and cpDNA sequences. Journal of Systematics and Evolution, 50(3): 206-217."
pgloadind   property added ot:studyPublication "http://dx.doi.org/10.1111/j.1759-6831.2012.00182.x"
pgloadind   property added ot:curatorName "bryan drew"
pgloadind   property added ot:dataDeposit "http://purl.org/phylo/treebase/phylows/study/TB2:S11565"
pgloadind   property added ot:studyId "900"
pgloadind   property added ot:studyYear "2012"
pgloadind   property added ot:inGroupClade "node480657"
pgloadind   property added ot:curatedType "TREE1"
pgloadind Processing tree @id "1737"
pgloadind   tree info number nodes 91
pgloadind   tree info number edges 90
pgloadind   tree info ingroup "node480836"
pgloadind   Setting ingroup root node.
pgloadind   Ingested tree number of external nodes 43
pgloadind   property added ot:studyPublicationReference "Liao C., Downie S.R., He X., & Yu Y. 2012. Historical biogeography of the Angelica group (Apiaceaetribe Selineae) inferred from analyses of nrDNA and cpDNA sequences. Journal of Systematics and Evolution, 50(3): 206-217."
pgloadind   property added ot:studyPublication "http://dx.doi.org/10.1111/j.1759-6831.2012.00182.x"
pgloadind   property added ot:curatorName "bryan drew"
pgloadind   property added ot:dataDeposit "http://purl.org/phylo/treebase/phylows/study/TB2:S11565"
pgloadind   property added ot:studyId "900"
pgloadind   property added ot:studyYear "2012"
pgloadind   property added ot:inGroupClade "node480836"
pgloadind   property added ot:curatedType "Imported tree 0"
loading a specific tree: 1737
skipping tree: 1735
skipping tree: 1736
pgloadind conducting TNRS on trees
pgloadind   name fixing on tree tree id "1737"
pgloadind   all nodes have ottIds
pgloadind     OTT ID reused in tree
pgloadind       duplicate name "Angelica polymorpha" nexsonid "node480876"
pgloadind       duplicate OTT ID 816005
pgloadind     OTT ID reused in tree
pgloadind       duplicate name "Angelica dahurica" nexsonid "node480888"
pgloadind       duplicate OTT ID 49588
pgloadind     OTT ID not in database (probably dubious)
pgloadind       dubious name "Heracleum xiaojinense" nexsonid "node480901"
pgloadind       dubious OTT ID 859510
pgloadind     pruning dups and overlapping name "Angelica dahurica" nexsonid "node480888"
pgloadind     pruning dups and overlapping name "Heracleum xiaojinense" nexsonid "node480901"
pgloadind     pruning dups and overlapping name "Angelica polymorpha" nexsonid "node480876"
pgloadind   postpruning newick tree "(Angelica_acutiloba,((Coelopleurum_saxatile,(Angelica_tsinlingensis,Ligusticum_angelicifolium)),((Archangelica_brevicaulis,Angelica_decurrens),((Angelica_keiskei,(Angelica_morii,Angelica_shikokiana)),(Glehnia_littoralis,((Angelica_decursiva,Angelica_gigas),(Angelica_cartilaginomarginata,((Angelica_sylvestris,((Ostericum_huadongense,(Angelica_amurensis,Angelica_czernaevia)),(Angelica_anomala,(((Angelica_biserrata,Angelica_fargesii),(Angelica_dabashanensis,Angelica_tianmuensis)),Angelica_polymorpha)))),(((Angelica_omeiensis,((Angelica_dielsii,Angelica_megaphylla),(Angelica_longipes,(Angelica_nitida,Angelica_apaensis)))),Angelica_dahurica),(Angelica_songpanensis,((Angelica_duclouxii,Angelica_likiangensis),((Angelica_kangdingensis,Angelica_longicaudata),((Angelica_laxifoliata,Angelica_valida),(Angelica_pseudoselinum,(Angelica_balangshanensis,Angelica_maowenensis)))))))))))))))"
pgloadind   taxon mapping summary
pgloadind     taxon mapping OTT ID 944552 taxonomy "Angelica acutiloba->Angelica->Selineae->apioid superclade->Apioideae->Apiaceae->Apiineae->Apiales->campanulids->asterids->Pentapetalae->Gunneridae->eudicotyledons->Mesangiospermae->Magnoliophyta->Spermatophyta->Euphyllophyta->Tracheophyta->Embryophyta->Streptophyta->Chloroplastida->Archaeplastida->Eukaryota->cellular organisms->life" nexsonid "node480837"
pgloadind     taxon mapping OTT ID 554422 taxonomy "Coelopleurum saxatile->Coelopleurum->Selineae->apioid superclade->Apioideae->Apiaceae->Apiineae->Apiales->campanulids->asterids->Pentapetalae->Gunneridae->eudicotyledons->Mesangiospermae->Magnoliophyta->Spermatophyta->Euphyllophyta->Tracheophyta->Embryophyta->Streptophyta->Chloroplastida->Archaeplastida->Eukaryota->cellular organisms->life" nexsonid "node480840"
pgloadind     taxon mapping OTT ID 106987 taxonomy "Angelica tsinlingensis->Angelica->Selineae->apioid superclade->Apioideae->Apiaceae->Apiineae->Apiales->campanulids->asterids->Pentapetalae->Gunneridae->eudicotyledons->Mesangiospermae->Magnoliophyta->Spermatophyta->Euphyllophyta->Tracheophyta->Embryophyta->Streptophyta->Chloroplastida->Archaeplastida->Eukaryota->cellular organisms->life" nexsonid "node480842"
pgloadind     taxon mapping OTT ID 726444 taxonomy "Ligusticum angelicifolium->Ligusticum->Selineae->apioid superclade->Apioideae->Apiaceae->Apiineae->Apiales->campanulids->asterids->Pentapetalae->Gunneridae->eudicotyledons->Mesangiospermae->Magnoliophyta->Spermatophyta->Euphyllophyta->Tracheophyta->Embryophyta->Streptophyta->Chloroplastida->Archaeplastida->Eukaryota->cellular organisms->life" nexsonid "node480843"
pgloadind     taxon mapping OTT ID 871931 taxonomy "Archangelica brevicaulis->Archangelica->Selineae->apioid superclade->Apioideae->Apiaceae->Apiineae->Apiales->campanulids->asterids->Pentapetalae->Gunneridae->eudicotyledons->Mesangiospermae->Magnoliophyta->Spermatophyta->Euphyllophyta->Tracheophyta->Embryophyta->Streptophyta->Chloroplastida->Archaeplastida->Eukaryota->cellular organisms->life" nexsonid "node480846"
pgloadind     taxon mapping OTT ID 956990 taxonomy "Angelica decurrens->Angelica->Selineae->apioid superclade->Apioideae->Apiaceae->Apiineae->Apiales->campanulids->asterids->Pentapetalae->Gunneridae->eudicotyledons->Mesangiospermae->Magnoliophyta->Spermatophyta->Euphyllophyta->Tracheophyta->Embryophyta->Streptophyta->Chloroplastida->Archaeplastida->Eukaryota->cellular organisms->life" nexsonid "node480847"
pgloadind     taxon mapping OTT ID 106979 taxonomy "Angelica keiskei->Angelica->Selineae->apioid superclade->Apioideae->Apiaceae->Apiineae->Apiales->campanulids->asterids->Pentapetalae->Gunneridae->eudicotyledons->Mesangiospermae->Magnoliophyta->Spermatophyta->Euphyllophyta->Tracheophyta->Embryophyta->Streptophyta->Chloroplastida->Archaeplastida->Eukaryota->cellular organisms->life" nexsonid "node480850"
pgloadind     taxon mapping OTT ID 106973 taxonomy "Angelica morii->Angelica->Selineae->apioid superclade->Apioideae->Apiaceae->Apiineae->Apiales->campanulids->asterids->Pentapetalae->Gunneridae->eudicotyledons->Mesangiospermae->Magnoliophyta->Spermatophyta->Euphyllophyta->Tracheophyta->Embryophyta->Streptophyta->Chloroplastida->Archaeplastida->Eukaryota->cellular organisms->life" nexsonid "node480852"
pgloadind     taxon mapping OTT ID 803057 taxonomy "Angelica shikokiana->Angelica->Selineae->apioid superclade->Apioideae->Apiaceae->Apiineae->Apiales->campanulids->asterids->Pentapetalae->Gunneridae->eudicotyledons->Mesangiospermae->Magnoliophyta->Spermatophyta->Euphyllophyta->Tracheophyta->Embryophyta->Streptophyta->Chloroplastida->Archaeplastida->Eukaryota->cellular organisms->life" nexsonid "node480853"
pgloadind     taxon mapping OTT ID 622365 taxonomy "Glehnia littoralis->Glehnia->Selineae->apioid superclade->Apioideae->Apiaceae->Apiineae->Apiales->campanulids->asterids->Pentapetalae->Gunneridae->eudicotyledons->Mesangiospermae->Magnoliophyta->Spermatophyta->Euphyllophyta->Tracheophyta->Embryophyta->Streptophyta->Chloroplastida->Archaeplastida->Eukaryota->cellular organisms->life" nexsonid "node480855"
pgloadind     taxon mapping OTT ID 367735 taxonomy "Angelica decursiva->Angelica->Selineae->apioid superclade->Apioideae->Apiaceae->Apiineae->Apiales->campanulids->asterids->Pentapetalae->Gunneridae->eudicotyledons->Mesangiospermae->Magnoliophyta->Spermatophyta->Euphyllophyta->Tracheophyta->Embryophyta->Streptophyta->Chloroplastida->Archaeplastida->Eukaryota->cellular organisms->life" nexsonid "node480858"
pgloadind     taxon mapping OTT ID 941676 taxonomy "Angelica gigas->Angelica->Selineae->apioid superclade->Apioideae->Apiaceae->Apiineae->Apiales->campanulids->asterids->Pentapetalae->Gunneridae->eudicotyledons->Mesangiospermae->Magnoliophyta->Spermatophyta->Euphyllophyta->Tracheophyta->Embryophyta->Streptophyta->Chloroplastida->Archaeplastida->Eukaryota->cellular organisms->life" nexsonid "node480859"
pgloadind     taxon mapping OTT ID 86927 taxonomy "Angelica cartilaginomarginata->Angelica->Selineae->apioid superclade->Apioideae->Apiaceae->Apiineae->Apiales->campanulids->asterids->Pentapetalae->Gunneridae->eudicotyledons->Mesangiospermae->Magnoliophyta->Spermatophyta->Euphyllophyta->Tracheophyta->Embryophyta->Streptophyta->Chloroplastida->Archaeplastida->Eukaryota->cellular organisms->life" nexsonid "node480861"
pgloadind     taxon mapping OTT ID 90342 taxonomy "Angelica sylvestris->Angelica->Selineae->apioid superclade->Apioideae->Apiaceae->Apiineae->Apiales->campanulids->asterids->Pentapetalae->Gunneridae->eudicotyledons->Mesangiospermae->Magnoliophyta->Spermatophyta->Euphyllophyta->Tracheophyta->Embryophyta->Streptophyta->Chloroplastida->Archaeplastida->Eukaryota->cellular organisms->life" nexsonid "node480864"
pgloadind     taxon mapping OTT ID 347439 taxonomy "Ostericum huadongense->Ostericum->Acronema clade->Apioideae->Apiaceae->Apiineae->Apiales->campanulids->asterids->Pentapetalae->Gunneridae->eudicotyledons->Mesangiospermae->Magnoliophyta->Spermatophyta->Euphyllophyta->Tracheophyta->Embryophyta->Streptophyta->Chloroplastida->Archaeplastida->Eukaryota->cellular organisms->life" nexsonid "node480867"
pgloadind     taxon mapping OTT ID 628505 taxonomy "Angelica amurensis->Angelica->Selineae->apioid superclade->Apioideae->Apiaceae->Apiineae->Apiales->campanulids->asterids->Pentapetalae->Gunneridae->eudicotyledons->Mesangiospermae->Magnoliophyta->Spermatophyta->Euphyllophyta->Tracheophyta->Embryophyta->Streptophyta->Chloroplastida->Archaeplastida->Eukaryota->cellular organisms->life" nexsonid "node480869"
pgloadind     taxon mapping OTT ID 554441 taxonomy "Angelica czernaevia->Angelica->Selineae->apioid superclade->Apioideae->Apiaceae->Apiineae->Apiales->campanulids->asterids->Pentapetalae->Gunneridae->eudicotyledons->Mesangiospermae->Magnoliophyta->Spermatophyta->Euphyllophyta->Tracheophyta->Embryophyta->Streptophyta->Chloroplastida->Archaeplastida->Eukaryota->cellular organisms->life" nexsonid "node480870"
pgloadind     taxon mapping OTT ID 628503 taxonomy "Angelica anomala->Angelica->Selineae->apioid superclade->Apioideae->Apiaceae->Apiineae->Apiales->campanulids->asterids->Pentapetalae->Gunneridae->eudicotyledons->Mesangiospermae->Magnoliophyta->Spermatophyta->Euphyllophyta->Tracheophyta->Embryophyta->Streptophyta->Chloroplastida->Archaeplastida->Eukaryota->cellular organisms->life" nexsonid "node480872"
pgloadind     taxon mapping OTT ID 1080895 taxonomy "Angelica biserrata->Angelica->Selineae->apioid superclade->Apioideae->Apiaceae->Apiineae->Apiales->campanulids->asterids->Pentapetalae->Gunneridae->eudicotyledons->Mesangiospermae->Magnoliophyta->Spermatophyta->Euphyllophyta->Tracheophyta->Embryophyta->Streptophyta->Chloroplastida->Archaeplastida->Eukaryota->cellular organisms->life" nexsonid "node480879"
pgloadind     taxon mapping OTT ID 499667 taxonomy "Angelica fargesii->Angelica->Selineae->apioid superclade->Apioideae->Apiaceae->Apiineae->Apiales->campanulids->asterids->Pentapetalae->Gunneridae->eudicotyledons->Mesangiospermae->Magnoliophyta->Spermatophyta->Euphyllophyta->Tracheophyta->Embryophyta->Streptophyta->Chloroplastida->Archaeplastida->Eukaryota->cellular organisms->life" nexsonid "node480880"
pgloadind     taxon mapping OTT ID 803052 taxonomy "Angelica dabashanensis->Angelica->Selineae->apioid superclade->Apioideae->Apiaceae->Apiineae->Apiales->campanulids->asterids->Pentapetalae->Gunneridae->eudicotyledons->Mesangiospermae->Magnoliophyta->Spermatophyta->Euphyllophyta->Tracheophyta->Embryophyta->Streptophyta->Chloroplastida->Archaeplastida->Eukaryota->cellular organisms->life" nexsonid "node480882"
pgloadind     taxon mapping OTT ID 554420 taxonomy "Angelica tianmuensis->Angelica->Selineae->apioid superclade->Apioideae->Apiaceae->Apiineae->Apiales->campanulids->asterids->Pentapetalae->Gunneridae->eudicotyledons->Mesangiospermae->Magnoliophyta->Spermatophyta->Euphyllophyta->Tracheophyta->Embryophyta->Streptophyta->Chloroplastida->Archaeplastida->Eukaryota->cellular organisms->life" nexsonid "node480883"
pgloadind     taxon mapping OTT ID 816005 taxonomy "Angelica polymorpha->Angelica->Selineae->apioid superclade->Apioideae->Apiaceae->Apiineae->Apiales->campanulids->asterids->Pentapetalae->Gunneridae->eudicotyledons->Mesangiospermae->Magnoliophyta->Spermatophyta->Euphyllophyta->Tracheophyta->Embryophyta->Streptophyta->Chloroplastida->Archaeplastida->Eukaryota->cellular organisms->life" nexsonid "node480875"
pgloadind     taxon mapping OTT ID 106977 taxonomy "Angelica omeiensis->Angelica->Selineae->apioid superclade->Apioideae->Apiaceae->Apiineae->Apiales->campanulids->asterids->Pentapetalae->Gunneridae->eudicotyledons->Mesangiospermae->Magnoliophyta->Spermatophyta->Euphyllophyta->Tracheophyta->Embryophyta->Streptophyta->Chloroplastida->Archaeplastida->Eukaryota->cellular organisms->life" nexsonid "node480890"
pgloadind     taxon mapping OTT ID 871929 taxonomy "Angelica dielsii->Angelica->Selineae->apioid superclade->Apioideae->Apiaceae->Apiineae->Apiales->campanulids->asterids->Pentapetalae->Gunneridae->eudicotyledons->Mesangiospermae->Magnoliophyta->Spermatophyta->Euphyllophyta->Tracheophyta->Embryophyta->Streptophyta->Chloroplastida->Archaeplastida->Eukaryota->cellular organisms->life" nexsonid "node480893"
pgloadind     taxon mapping OTT ID 106971 taxonomy "Angelica megaphylla->Angelica->Selineae->apioid superclade->Apioideae->Apiaceae->Apiineae->Apiales->campanulids->asterids->Pentapetalae->Gunneridae->eudicotyledons->Mesangiospermae->Magnoliophyta->Spermatophyta->Euphyllophyta->Tracheophyta->Embryophyta->Streptophyta->Chloroplastida->Archaeplastida->Eukaryota->cellular organisms->life" nexsonid "node480894"
pgloadind     taxon mapping OTT ID 803046 taxonomy "Angelica longipes->Angelica->Selineae->apioid superclade->Apioideae->Apiaceae->Apiineae->Apiales->campanulids->asterids->Pentapetalae->Gunneridae->eudicotyledons->Mesangiospermae->Magnoliophyta->Spermatophyta->Euphyllophyta->Tracheophyta->Embryophyta->Streptophyta->Chloroplastida->Archaeplastida->Eukaryota->cellular organisms->life" nexsonid "node480896"
pgloadind     taxon mapping OTT ID 106975 taxonomy "Angelica nitida->Angelica->Selineae->apioid superclade->Apioideae->Apiaceae->Apiineae->Apiales->campanulids->asterids->Pentapetalae->Gunneridae->eudicotyledons->Mesangiospermae->Magnoliophyta->Spermatophyta->Euphyllophyta->Tracheophyta->Embryophyta->Streptophyta->Chloroplastida->Archaeplastida->Eukaryota->cellular organisms->life" nexsonid "node480898"
pgloadind     taxon mapping OTT ID 628500 taxonomy "Angelica apaensis->Angelica->Selineae->apioid superclade->Apioideae->Apiaceae->Apiineae->Apiales->campanulids->asterids->Pentapetalae->Gunneridae->eudicotyledons->Mesangiospermae->Magnoliophyta->Spermatophyta->Euphyllophyta->Tracheophyta->Embryophyta->Streptophyta->Chloroplastida->Archaeplastida->Eukaryota->cellular organisms->life" nexsonid "node480900"
pgloadind     taxon mapping OTT ID 49588 taxonomy "Angelica dahurica->Angelica->Selineae->apioid superclade->Apioideae->Apiaceae->Apiineae->Apiales->campanulids->asterids->Pentapetalae->Gunneridae->eudicotyledons->Mesangiospermae->Magnoliophyta->Spermatophyta->Euphyllophyta->Tracheophyta->Embryophyta->Streptophyta->Chloroplastida->Archaeplastida->Eukaryota->cellular organisms->life" nexsonid "node480887"
pgloadind     taxon mapping OTT ID 347442 taxonomy "Angelica songpanensis->Angelica->Selineae->apioid superclade->Apioideae->Apiaceae->Apiineae->Apiales->campanulids->asterids->Pentapetalae->Gunneridae->eudicotyledons->Mesangiospermae->Magnoliophyta->Spermatophyta->Euphyllophyta->Tracheophyta->Embryophyta->Streptophyta->Chloroplastida->Archaeplastida->Eukaryota->cellular organisms->life" nexsonid "node480903"
pgloadind     taxon mapping OTT ID 871923 taxonomy "Angelica duclouxii->Angelica->Selineae->apioid superclade->Apioideae->Apiaceae->Apiineae->Apiales->campanulids->asterids->Pentapetalae->Gunneridae->eudicotyledons->Mesangiospermae->Magnoliophyta->Spermatophyta->Euphyllophyta->Tracheophyta->Embryophyta->Streptophyta->Chloroplastida->Archaeplastida->Eukaryota->cellular organisms->life" nexsonid "node480906"
pgloadind     taxon mapping OTT ID 106983 taxonomy "Angelica likiangensis->Angelica->Selineae->apioid superclade->Apioideae->Apiaceae->Apiineae->Apiales->campanulids->asterids->Pentapetalae->Gunneridae->eudicotyledons->Mesangiospermae->Magnoliophyta->Spermatophyta->Euphyllophyta->Tracheophyta->Embryophyta->Streptophyta->Chloroplastida->Archaeplastida->Eukaryota->cellular organisms->life" nexsonid "node480907"
pgloadind     taxon mapping OTT ID 628507 taxonomy "Angelica kangdingensis->Angelica->Selineae->apioid superclade->Apioideae->Apiaceae->Apiineae->Apiales->campanulids->asterids->Pentapetalae->Gunneridae->eudicotyledons->Mesangiospermae->Magnoliophyta->Spermatophyta->Euphyllophyta->Tracheophyta->Embryophyta->Streptophyta->Chloroplastida->Archaeplastida->Eukaryota->cellular organisms->life" nexsonid "node480910"
pgloadind     taxon mapping OTT ID 871921 taxonomy "Angelica longicaudata->Angelica->Selineae->apioid superclade->Apioideae->Apiaceae->Apiineae->Apiales->campanulids->asterids->Pentapetalae->Gunneridae->eudicotyledons->Mesangiospermae->Magnoliophyta->Spermatophyta->Euphyllophyta->Tracheophyta->Embryophyta->Streptophyta->Chloroplastida->Archaeplastida->Eukaryota->cellular organisms->life" nexsonid "node480911"
pgloadind     taxon mapping OTT ID 106981 taxonomy "Angelica laxifoliata->Angelica->Selineae->apioid superclade->Apioideae->Apiaceae->Apiineae->Apiales->campanulids->asterids->Pentapetalae->Gunneridae->eudicotyledons->Mesangiospermae->Magnoliophyta->Spermatophyta->Euphyllophyta->Tracheophyta->Embryophyta->Streptophyta->Chloroplastida->Archaeplastida->Eukaryota->cellular organisms->life" nexsonid "node480914"
pgloadind     taxon mapping OTT ID 680946 taxonomy "Angelica valida->Angelica->Selineae->apioid superclade->Apioideae->Apiaceae->Apiineae->Apiales->campanulids->asterids->Pentapetalae->Gunneridae->eudicotyledons->Mesangiospermae->Magnoliophyta->Spermatophyta->Euphyllophyta->Tracheophyta->Embryophyta->Streptophyta->Chloroplastida->Archaeplastida->Eukaryota->cellular organisms->life" nexsonid "node480915"
pgloadind     taxon mapping OTT ID 943028 taxonomy "Angelica pseudoselinum->Angelica->Selineae->apioid superclade->Apioideae->Apiaceae->Apiineae->Apiales->campanulids->asterids->Pentapetalae->Gunneridae->eudicotyledons->Mesangiospermae->Magnoliophyta->Spermatophyta->Euphyllophyta->Tracheophyta->Embryophyta->Streptophyta->Chloroplastida->Archaeplastida->Eukaryota->cellular organisms->life" nexsonid "node480917"
pgloadind     taxon mapping OTT ID 803041 taxonomy "Angelica balangshanensis->Angelica->Selineae->apioid superclade->Apioideae->Apiaceae->Apiineae->Apiales->campanulids->asterids->Pentapetalae->Gunneridae->eudicotyledons->Mesangiospermae->Magnoliophyta->Spermatophyta->Euphyllophyta->Tracheophyta->Embryophyta->Streptophyta->Chloroplastida->Archaeplastida->Eukaryota->cellular organisms->life" nexsonid "node480919"
pgloadind     taxon mapping OTT ID 106985 taxonomy "Angelica maowenensis->Angelica->Selineae->apioid superclade->Apioideae->Apiaceae->Apiineae->Apiales->campanulids->asterids->Pentapetalae->Gunneridae->eudicotyledons->Mesangiospermae->Magnoliophyta->Spermatophyta->Euphyllophyta->Tracheophyta->Embryophyta->Streptophyta->Chloroplastida->Archaeplastida->Eukaryota->cellular organisms->life" nexsonid "node480920"
done fixing name
pgloadind Finished with attempts to fix names
pgloadind   Checking for uniqueness of OTT IDs tree id "1737"
pgloadind   Adding tree to graph tree id "1737"
all trees have all taxa: false
	using bipartition technique
attempting to remap tips to deepest exemplified taxa
	Glehnia littoralis was remapped to 'Glehnia' (id=2644379)
	Ligusticum angelicifolium was remapped to 'Ligusticum' (id=2642945)
	Ostericum huadongense was remapped to 'Acronema clade' (id=2647689)
	Coelopleurum saxatile was remapped to 'Coelopleurum' (id=2644283)
	Archangelica brevicaulis was remapped to 'Archangelica' (id=2645407)
this is the ROOT
placing root in index
Dealing with metadata property: id
Dealing with metadata property: ot:studyPublicationReference
Adding property 'ot:studyPublicationReference': Liao C., Downie S.R., He X., & Yu Y. 2012. Historical biogeography of the Angelica group (Apiaceaetribe Selineae) inferred from analyses of nrDNA and cpDNA sequences. Journal of Systematics and Evolution, 50(3): 206-217.
Dealing with metadata property: ot:studyYear
Adding property 'ot:studyYear': 2012
Dealing with metadata property: ot:inGroupClade
Adding property 'ot:inGroupClade': node480836
Dealing with metadata property: ot:curatorName
Adding property 'ot:curatorName': bryan drew
Dealing with metadata property: ot:studyPublication
Adding property 'ot:studyPublication': http://dx.doi.org/10.1111/j.1759-6831.2012.00182.x
Dealing with metadata property: ot:curatedType
Adding property 'ot:curatedType': Imported tree 0
Dealing with metadata property: ot:studyId
Adding property 'ot:studyId': 900
Dealing with metadata property: ot:dataDeposit
Adding property 'ot:dataDeposit': http://purl.org/phylo/treebase/phylows/study/TB2:S11565
Committing nodes: 79
