pgloadind OTUs number 61
pgloadind Processing tree @id "1944"
pgloadind   tree info number nodes 103
pgloadind   tree info number edges 102
pgloadind   tree info ingroup "node503555"
pgloadind   Setting ingroup root node.
pgloadind   Ingested tree number of external nodes 60
pgloadind   property added ot:studyPublicationReference "Khan, S. A., Razafimandimbison, S. G., Bremer, B., & Liede-Schumann, S. (2008). Sabiceeae and Virectarieae (Rubiaceae, Ixoroideae): one or two tribes? New tribal and generic circumscriptions of Sabiceeae and biogeography of Sabicea sl. Taxon, 57(1), 7-23."
pgloadind   property added ot:curatorName "bryan drew"
pgloadind   property added ot:studyId "1002"
pgloadind   property added ot:studyYear "2008"
pgloadind   property added ot:focalClade "2730645"
pgloadind   property added ot:tag "ingroup added;"
pgloadind   property added ot:inGroupClade "node503555"
loading a specific tree: 1944
pgloadind conducting TNRS on trees
pgloadind   name fixing on tree tree id "1944"
pgloadind   all nodes have ottIds
pgloadind     OTT ID reused in tree
pgloadind       duplicate name "Sabicea villosa" nexsonid "node503616"
pgloadind       duplicate OTT ID 564164
pgloadind     pruning dups and overlapping name "Sabicea villosa" nexsonid "node503616"
pgloadind   postpruning newick tree "((Warszewiczia,(Ixora_coccinea,Canthium_coromandelicum)),(Hekistocarpa_minutiflora,(((Virectaria_procumbens,Virectaria_multiflora),Tamridaea_capsulifera),(Stipularia_elliptica,(((Pseudosabicea_becquetii,Pseudosabicea_arborea),((Pseudosabicea_medusula,Pseudosabicea_aurifodinae,Pseudosabicea_batesii),(Pseudosabicea_mildbraedii,Pseudosabicea_nobilis))),(Sabicea_xanthotricha,(Sabicea_dewevrei,Sabicea_ferruginea,(Sabicea_vogelii,Sabicea_harleyae),((Pseudosabicea_segregata,Pseudosabicea_proselyta),(Sabicea_diversifolia,Sabicea_seua)),(Sabicea_speciosa,Schizostigma_hirsutum),((Sabicea_najatrix,(Sabicea_discolor,(Sabicea_angolensis,(Sabicea_mexicana,((Sabicea_pyramidalis,Sabicea_villosa),Sabicea_mattogrossensis,Sabicea_velutina,Sabicea_cinerea,Sabicea_aspera,Sabicea_chocoana,Sabicea_cana,(Sabicea_panamensis,(Sabicea_burchellii,Sabicea_glabrescens)),(Sabicea_amazonensis,Sabicea_humilis))),(Sabicea_orientalis,Sabicea_venosa))),(Sabicea_johnstonii,(Sabicea_capitellata,Sabicea_ingrata)),(Sabicea_rosea,(Sabicea_thomensis,Sabicea_exellii))),Sabicea_efulenensis,Sabicea_gilletii,(Ecpoma_hierniana,Sabicea_brevipes),((Sabicea_dinklagei,Sabicea_caminata),(Sabicea_fulva,Sabicea_congensis))))))))))"
pgloadind   taxon mapping summary
pgloadind     taxon mapping OTT ID 558812 taxonomy "Warszewiczia->Rondeletieae->Cinchonoideae->Rubiaceae->Gentianales->lamiids->asterids->Pentapetalae->Gunneridae->eudicotyledons->Mesangiospermae->Magnoliophyta->Spermatophyta->Euphyllophyta->Tracheophyta->Embryophyta->Streptophytina->Streptophyta->Chloroplastida->Archaeplastida->Eukaryota->cellular organisms->life" nexsonid "node503557"
pgloadind     taxon mapping OTT ID 611963 taxonomy "Ixora coccinea->Ixora->Ixoreae->Ixoroideae->Rubiaceae->Gentianales->lamiids->asterids->Pentapetalae->Gunneridae->eudicotyledons->Mesangiospermae->Magnoliophyta->Spermatophyta->Euphyllophyta->Tracheophyta->Embryophyta->Streptophytina->Streptophyta->Chloroplastida->Archaeplastida->Eukaryota->cellular organisms->life" nexsonid "node503559"
pgloadind     taxon mapping OTT ID 952902 taxonomy "Canthium coromandelicum->Canthium->Vanguerieae->Ixoroideae->Rubiaceae->Gentianales->lamiids->asterids->Pentapetalae->Gunneridae->eudicotyledons->Mesangiospermae->Magnoliophyta->Spermatophyta->Euphyllophyta->Tracheophyta->Embryophyta->Streptophytina->Streptophyta->Chloroplastida->Archaeplastida->Eukaryota->cellular organisms->life" nexsonid "node503560"
pgloadind     taxon mapping OTT ID 793035 taxonomy "Hekistocarpa minutiflora->Hekistocarpa->Virectarieae->Rubioideae->Rubiaceae->Gentianales->lamiids->asterids->Pentapetalae->Gunneridae->eudicotyledons->Mesangiospermae->Magnoliophyta->Spermatophyta->Euphyllophyta->Tracheophyta->Embryophyta->Streptophytina->Streptophyta->Chloroplastida->Archaeplastida->Eukaryota->cellular organisms->life" nexsonid "node503562"
pgloadind     taxon mapping OTT ID 344040 taxonomy "Virectaria procumbens->Virectaria->Virectarieae->Rubioideae->Rubiaceae->Gentianales->lamiids->asterids->Pentapetalae->Gunneridae->eudicotyledons->Mesangiospermae->Magnoliophyta->Spermatophyta->Euphyllophyta->Tracheophyta->Embryophyta->Streptophytina->Streptophyta->Chloroplastida->Archaeplastida->Eukaryota->cellular organisms->life" nexsonid "node503566"
pgloadind     taxon mapping OTT ID 802560 taxonomy "Virectaria multiflora->Virectaria->Virectarieae->Rubioideae->Rubiaceae->Gentianales->lamiids->asterids->Pentapetalae->Gunneridae->eudicotyledons->Mesangiospermae->Magnoliophyta->Spermatophyta->Euphyllophyta->Tracheophyta->Embryophyta->Streptophytina->Streptophyta->Chloroplastida->Archaeplastida->Eukaryota->cellular organisms->life" nexsonid "node503567"
pgloadind     taxon mapping OTT ID 279084 taxonomy "Tamridaea capsulifera->Tamridaea->Sabiceeae->Ixoroideae->Rubiaceae->Gentianales->lamiids->asterids->Pentapetalae->Gunneridae->eudicotyledons->Mesangiospermae->Magnoliophyta->Spermatophyta->Euphyllophyta->Tracheophyta->Embryophyta->Streptophytina->Streptophyta->Chloroplastida->Archaeplastida->Eukaryota->cellular organisms->life" nexsonid "node503568"
pgloadind     taxon mapping OTT ID 910768 taxonomy "Stipularia elliptica->Stipularia->Sabiceeae->Ixoroideae->Rubiaceae->Gentianales->lamiids->asterids->Pentapetalae->Gunneridae->eudicotyledons->Mesangiospermae->Magnoliophyta->Spermatophyta->Euphyllophyta->Tracheophyta->Embryophyta->Streptophytina->Streptophyta->Chloroplastida->Archaeplastida->Eukaryota->cellular organisms->life" nexsonid "node503570"
pgloadind     taxon mapping OTT ID 9287 taxonomy "Pseudosabicea becquetii->Pseudosabicea->Sabiceeae->Ixoroideae->Rubiaceae->Gentianales->lamiids->asterids->Pentapetalae->Gunneridae->eudicotyledons->Mesangiospermae->Magnoliophyta->Spermatophyta->Euphyllophyta->Tracheophyta->Embryophyta->Streptophytina->Streptophyta->Chloroplastida->Archaeplastida->Eukaryota->cellular organisms->life" nexsonid "node503574"
pgloadind     taxon mapping OTT ID 279081 taxonomy "Pseudosabicea arborea->Pseudosabicea->Sabiceeae->Ixoroideae->Rubiaceae->Gentianales->lamiids->asterids->Pentapetalae->Gunneridae->eudicotyledons->Mesangiospermae->Magnoliophyta->Spermatophyta->Euphyllophyta->Tracheophyta->Embryophyta->Streptophytina->Streptophyta->Chloroplastida->Archaeplastida->Eukaryota->cellular organisms->life" nexsonid "node503575"
pgloadind     taxon mapping OTT ID 802553 taxonomy "Pseudosabicea medusula->Pseudosabicea->Sabiceeae->Ixoroideae->Rubiaceae->Gentianales->lamiids->asterids->Pentapetalae->Gunneridae->eudicotyledons->Mesangiospermae->Magnoliophyta->Spermatophyta->Euphyllophyta->Tracheophyta->Embryophyta->Streptophytina->Streptophyta->Chloroplastida->Archaeplastida->Eukaryota->cellular organisms->life" nexsonid "node503578"
pgloadind     taxon mapping OTT ID 802555 taxonomy "Pseudosabicea aurifodinae->Pseudosabicea->Sabiceeae->Ixoroideae->Rubiaceae->Gentianales->lamiids->asterids->Pentapetalae->Gunneridae->eudicotyledons->Mesangiospermae->Magnoliophyta->Spermatophyta->Euphyllophyta->Tracheophyta->Embryophyta->Streptophytina->Streptophyta->Chloroplastida->Archaeplastida->Eukaryota->cellular organisms->life" nexsonid "node503579"
pgloadind     taxon mapping OTT ID 802551 taxonomy "Pseudosabicea batesii->Pseudosabicea->Sabiceeae->Ixoroideae->Rubiaceae->Gentianales->lamiids->asterids->Pentapetalae->Gunneridae->eudicotyledons->Mesangiospermae->Magnoliophyta->Spermatophyta->Euphyllophyta->Tracheophyta->Embryophyta->Streptophytina->Streptophyta->Chloroplastida->Archaeplastida->Eukaryota->cellular organisms->life" nexsonid "node503580"
pgloadind     taxon mapping OTT ID 802549 taxonomy "Pseudosabicea mildbraedii->Pseudosabicea->Sabiceeae->Ixoroideae->Rubiaceae->Gentianales->lamiids->asterids->Pentapetalae->Gunneridae->eudicotyledons->Mesangiospermae->Magnoliophyta->Spermatophyta->Euphyllophyta->Tracheophyta->Embryophyta->Streptophytina->Streptophyta->Chloroplastida->Archaeplastida->Eukaryota->cellular organisms->life" nexsonid "node503582"
pgloadind     taxon mapping OTT ID 802547 taxonomy "Pseudosabicea nobilis->Pseudosabicea->Sabiceeae->Ixoroideae->Rubiaceae->Gentianales->lamiids->asterids->Pentapetalae->Gunneridae->eudicotyledons->Mesangiospermae->Magnoliophyta->Spermatophyta->Euphyllophyta->Tracheophyta->Embryophyta->Streptophytina->Streptophyta->Chloroplastida->Archaeplastida->Eukaryota->cellular organisms->life" nexsonid "node503583"
pgloadind     taxon mapping OTT ID 802557 taxonomy "Sabicea xanthotricha->Sabicea->Sabiceeae->Ixoroideae->Rubiaceae->Gentianales->lamiids->asterids->Pentapetalae->Gunneridae->eudicotyledons->Mesangiospermae->Magnoliophyta->Spermatophyta->Euphyllophyta->Tracheophyta->Embryophyta->Streptophytina->Streptophyta->Chloroplastida->Archaeplastida->Eukaryota->cellular organisms->life" nexsonid "node503585"
pgloadind     taxon mapping OTT ID 500130 taxonomy "Sabicea dewevrei->Sabicea->Sabiceeae->Ixoroideae->Rubiaceae->Gentianales->lamiids->asterids->Pentapetalae->Gunneridae->eudicotyledons->Mesangiospermae->Magnoliophyta->Spermatophyta->Euphyllophyta->Tracheophyta->Embryophyta->Streptophytina->Streptophyta->Chloroplastida->Archaeplastida->Eukaryota->cellular organisms->life" nexsonid "node503587"
pgloadind     taxon mapping OTT ID 1073524 taxonomy "Sabicea ferruginea->Sabicea->Sabiceeae->Ixoroideae->Rubiaceae->Gentianales->lamiids->asterids->Pentapetalae->Gunneridae->eudicotyledons->Mesangiospermae->Magnoliophyta->Spermatophyta->Euphyllophyta->Tracheophyta->Embryophyta->Streptophytina->Streptophyta->Chloroplastida->Archaeplastida->Eukaryota->cellular organisms->life" nexsonid "node503588"
pgloadind     taxon mapping OTT ID 328930 taxonomy "Sabicea vogelii->Sabicea->Sabiceeae->Ixoroideae->Rubiaceae->Gentianales->lamiids->asterids->Pentapetalae->Gunneridae->eudicotyledons->Mesangiospermae->Magnoliophyta->Spermatophyta->Euphyllophyta->Tracheophyta->Embryophyta->Streptophytina->Streptophyta->Chloroplastida->Archaeplastida->Eukaryota->cellular organisms->life" nexsonid "node503590"
pgloadind     taxon mapping OTT ID 853575 taxonomy "Sabicea harleyae->Sabicea->Sabiceeae->Ixoroideae->Rubiaceae->Gentianales->lamiids->asterids->Pentapetalae->Gunneridae->eudicotyledons->Mesangiospermae->Magnoliophyta->Spermatophyta->Euphyllophyta->Tracheophyta->Embryophyta->Streptophytina->Streptophyta->Chloroplastida->Archaeplastida->Eukaryota->cellular organisms->life" nexsonid "node503591"
pgloadind     taxon mapping OTT ID 802543 taxonomy "Pseudosabicea segregata->Pseudosabicea->Sabiceeae->Ixoroideae->Rubiaceae->Gentianales->lamiids->asterids->Pentapetalae->Gunneridae->eudicotyledons->Mesangiospermae->Magnoliophyta->Spermatophyta->Euphyllophyta->Tracheophyta->Embryophyta->Streptophytina->Streptophyta->Chloroplastida->Archaeplastida->Eukaryota->cellular organisms->life" nexsonid "node503594"
pgloadind     taxon mapping OTT ID 802545 taxonomy "Pseudosabicea proselyta->Pseudosabicea->Sabiceeae->Ixoroideae->Rubiaceae->Gentianales->lamiids->asterids->Pentapetalae->Gunneridae->eudicotyledons->Mesangiospermae->Magnoliophyta->Spermatophyta->Euphyllophyta->Tracheophyta->Embryophyta->Streptophytina->Streptophyta->Chloroplastida->Archaeplastida->Eukaryota->cellular organisms->life" nexsonid "node503595"
pgloadind     taxon mapping OTT ID 227011 taxonomy "Sabicea diversifolia->Sabicea->Sabiceeae->Ixoroideae->Rubiaceae->Gentianales->lamiids->asterids->Pentapetalae->Gunneridae->eudicotyledons->Mesangiospermae->Magnoliophyta->Spermatophyta->Euphyllophyta->Tracheophyta->Embryophyta->Streptophytina->Streptophyta->Chloroplastida->Archaeplastida->Eukaryota->cellular organisms->life" nexsonid "node503597"
pgloadind     taxon mapping OTT ID 328947 taxonomy "Sabicea seua->Sabicea->Sabiceeae->Ixoroideae->Rubiaceae->Gentianales->lamiids->asterids->Pentapetalae->Gunneridae->eudicotyledons->Mesangiospermae->Magnoliophyta->Spermatophyta->Euphyllophyta->Tracheophyta->Embryophyta->Streptophytina->Streptophyta->Chloroplastida->Archaeplastida->Eukaryota->cellular organisms->life" nexsonid "node503598"
pgloadind     taxon mapping OTT ID 328941 taxonomy "Sabicea speciosa->Sabicea->Sabiceeae->Ixoroideae->Rubiaceae->Gentianales->lamiids->asterids->Pentapetalae->Gunneridae->eudicotyledons->Mesangiospermae->Magnoliophyta->Spermatophyta->Euphyllophyta->Tracheophyta->Embryophyta->Streptophytina->Streptophyta->Chloroplastida->Archaeplastida->Eukaryota->cellular organisms->life" nexsonid "node503600"
pgloadind     taxon mapping OTT ID 441405 taxonomy "Schizostigma hirsutum->Schizostigma->Sabiceeae->Ixoroideae->Rubiaceae->Gentianales->lamiids->asterids->Pentapetalae->Gunneridae->eudicotyledons->Mesangiospermae->Magnoliophyta->Spermatophyta->Euphyllophyta->Tracheophyta->Embryophyta->Streptophytina->Streptophyta->Chloroplastida->Archaeplastida->Eukaryota->cellular organisms->life" nexsonid "node503601"
pgloadind     taxon mapping OTT ID 853557 taxonomy "Sabicea najatrix->Sabicea->Sabiceeae->Ixoroideae->Rubiaceae->Gentianales->lamiids->asterids->Pentapetalae->Gunneridae->eudicotyledons->Mesangiospermae->Magnoliophyta->Spermatophyta->Euphyllophyta->Tracheophyta->Embryophyta->Streptophytina->Streptophyta->Chloroplastida->Archaeplastida->Eukaryota->cellular organisms->life" nexsonid "node503604"
pgloadind     taxon mapping OTT ID 500134 taxonomy "Sabicea discolor->Sabicea->Sabiceeae->Ixoroideae->Rubiaceae->Gentianales->lamiids->asterids->Pentapetalae->Gunneridae->eudicotyledons->Mesangiospermae->Magnoliophyta->Spermatophyta->Euphyllophyta->Tracheophyta->Embryophyta->Streptophytina->Streptophyta->Chloroplastida->Archaeplastida->Eukaryota->cellular organisms->life" nexsonid "node503606"
pgloadind     taxon mapping OTT ID 1076694 taxonomy "Sabicea angolensis->Sabicea->Sabiceeae->Ixoroideae->Rubiaceae->Gentianales->lamiids->asterids->Pentapetalae->Gunneridae->eudicotyledons->Mesangiospermae->Magnoliophyta->Spermatophyta->Euphyllophyta->Tracheophyta->Embryophyta->Streptophytina->Streptophyta->Chloroplastida->Archaeplastida->Eukaryota->cellular organisms->life" nexsonid "node503608"
pgloadind     taxon mapping OTT ID 853565 taxonomy "Sabicea mexicana->Sabicea->Sabiceeae->Ixoroideae->Rubiaceae->Gentianales->lamiids->asterids->Pentapetalae->Gunneridae->eudicotyledons->Mesangiospermae->Magnoliophyta->Spermatophyta->Euphyllophyta->Tracheophyta->Embryophyta->Streptophytina->Streptophyta->Chloroplastida->Archaeplastida->Eukaryota->cellular organisms->life" nexsonid "node503610"
pgloadind     taxon mapping OTT ID 697496 taxonomy "Sabicea pyramidalis->Sabicea->Sabiceeae->Ixoroideae->Rubiaceae->Gentianales->lamiids->asterids->Pentapetalae->Gunneridae->eudicotyledons->Mesangiospermae->Magnoliophyta->Spermatophyta->Euphyllophyta->Tracheophyta->Embryophyta->Streptophytina->Streptophyta->Chloroplastida->Archaeplastida->Eukaryota->cellular organisms->life" nexsonid "node503613"
pgloadind     taxon mapping OTT ID 564164 taxonomy "Sabicea villosa->Sabicea->Sabiceeae->Ixoroideae->Rubiaceae->Gentianales->lamiids->asterids->Pentapetalae->Gunneridae->eudicotyledons->Mesangiospermae->Magnoliophyta->Spermatophyta->Euphyllophyta->Tracheophyta->Embryophyta->Streptophytina->Streptophyta->Chloroplastida->Archaeplastida->Eukaryota->cellular organisms->life" nexsonid "node503615"
pgloadind     taxon mapping OTT ID 853567 taxonomy "Sabicea mattogrossensis->Sabicea->Sabiceeae->Ixoroideae->Rubiaceae->Gentianales->lamiids->asterids->Pentapetalae->Gunneridae->eudicotyledons->Mesangiospermae->Magnoliophyta->Spermatophyta->Euphyllophyta->Tracheophyta->Embryophyta->Streptophytina->Streptophyta->Chloroplastida->Archaeplastida->Eukaryota->cellular organisms->life" nexsonid "node503617"
pgloadind     taxon mapping OTT ID 77498 taxonomy "Sabicea velutina->Sabicea->Sabiceeae->Ixoroideae->Rubiaceae->Gentianales->lamiids->asterids->Pentapetalae->Gunneridae->eudicotyledons->Mesangiospermae->Magnoliophyta->Spermatophyta->Euphyllophyta->Tracheophyta->Embryophyta->Streptophytina->Streptophyta->Chloroplastida->Archaeplastida->Eukaryota->cellular organisms->life" nexsonid "node503618"
pgloadind     taxon mapping OTT ID 500126 taxonomy "Sabicea cinerea->Sabicea->Sabiceeae->Ixoroideae->Rubiaceae->Gentianales->lamiids->asterids->Pentapetalae->Gunneridae->eudicotyledons->Mesangiospermae->Magnoliophyta->Spermatophyta->Euphyllophyta->Tracheophyta->Embryophyta->Streptophytina->Streptophyta->Chloroplastida->Archaeplastida->Eukaryota->cellular organisms->life" nexsonid "node503619"
pgloadind     taxon mapping OTT ID 294144 taxonomy "Sabicea aspera->Sabicea->Sabiceeae->Ixoroideae->Rubiaceae->Gentianales->lamiids->asterids->Pentapetalae->Gunneridae->eudicotyledons->Mesangiospermae->Magnoliophyta->Spermatophyta->Euphyllophyta->Tracheophyta->Embryophyta->Streptophytina->Streptophyta->Chloroplastida->Archaeplastida->Eukaryota->cellular organisms->life" nexsonid "node503620"
pgloadind     taxon mapping OTT ID 500128 taxonomy "Sabicea chocoana->Sabicea->Sabiceeae->Ixoroideae->Rubiaceae->Gentianales->lamiids->asterids->Pentapetalae->Gunneridae->eudicotyledons->Mesangiospermae->Magnoliophyta->Spermatophyta->Euphyllophyta->Tracheophyta->Embryophyta->Streptophytina->Streptophyta->Chloroplastida->Archaeplastida->Eukaryota->cellular organisms->life" nexsonid "node503621"
pgloadind     taxon mapping OTT ID 1076678 taxonomy "Sabicea cana->Sabicea->Sabiceeae->Ixoroideae->Rubiaceae->Gentianales->lamiids->asterids->Pentapetalae->Gunneridae->eudicotyledons->Mesangiospermae->Magnoliophyta->Spermatophyta->Euphyllophyta->Tracheophyta->Embryophyta->Streptophytina->Streptophyta->Chloroplastida->Archaeplastida->Eukaryota->cellular organisms->life" nexsonid "node503622"
pgloadind     taxon mapping OTT ID 328949 taxonomy "Sabicea panamensis->Sabicea->Sabiceeae->Ixoroideae->Rubiaceae->Gentianales->lamiids->asterids->Pentapetalae->Gunneridae->eudicotyledons->Mesangiospermae->Magnoliophyta->Spermatophyta->Euphyllophyta->Tracheophyta->Embryophyta->Streptophytina->Streptophyta->Chloroplastida->Archaeplastida->Eukaryota->cellular organisms->life" nexsonid "node503624"
pgloadind     taxon mapping OTT ID 3879789 taxonomy "Sabicea burchellii->Sabicea->Sabiceeae->Ixoroideae->Rubiaceae->Gentianales->lamiids->asterids->Pentapetalae->Gunneridae->eudicotyledons->Mesangiospermae->Magnoliophyta->Spermatophyta->Euphyllophyta->Tracheophyta->Embryophyta->Streptophytina->Streptophyta->Chloroplastida->Archaeplastida->Eukaryota->cellular organisms->life" nexsonid "node503626"
pgloadind     taxon mapping OTT ID 853569 taxonomy "Sabicea glabrescens->Sabicea->Sabiceeae->Ixoroideae->Rubiaceae->Gentianales->lamiids->asterids->Pentapetalae->Gunneridae->eudicotyledons->Mesangiospermae->Magnoliophyta->Spermatophyta->Euphyllophyta->Tracheophyta->Embryophyta->Streptophytina->Streptophyta->Chloroplastida->Archaeplastida->Eukaryota->cellular organisms->life" nexsonid "node503627"
pgloadind     taxon mapping OTT ID 1076696 taxonomy "Sabicea amazonensis->Sabicea->Sabiceeae->Ixoroideae->Rubiaceae->Gentianales->lamiids->asterids->Pentapetalae->Gunneridae->eudicotyledons->Mesangiospermae->Magnoliophyta->Spermatophyta->Euphyllophyta->Tracheophyta->Embryophyta->Streptophytina->Streptophyta->Chloroplastida->Archaeplastida->Eukaryota->cellular organisms->life" nexsonid "node503629"
pgloadind     taxon mapping OTT ID 853573 taxonomy "Sabicea humilis->Sabicea->Sabiceeae->Ixoroideae->Rubiaceae->Gentianales->lamiids->asterids->Pentapetalae->Gunneridae->eudicotyledons->Mesangiospermae->Magnoliophyta->Spermatophyta->Euphyllophyta->Tracheophyta->Embryophyta->Streptophytina->Streptophyta->Chloroplastida->Archaeplastida->Eukaryota->cellular organisms->life" nexsonid "node503630"
pgloadind     taxon mapping OTT ID 853555 taxonomy "Sabicea orientalis->Sabicea->Sabiceeae->Ixoroideae->Rubiaceae->Gentianales->lamiids->asterids->Pentapetalae->Gunneridae->eudicotyledons->Mesangiospermae->Magnoliophyta->Spermatophyta->Euphyllophyta->Tracheophyta->Embryophyta->Streptophytina->Streptophyta->Chloroplastida->Archaeplastida->Eukaryota->cellular organisms->life" nexsonid "node503632"
pgloadind     taxon mapping OTT ID 328928 taxonomy "Sabicea venosa->Sabicea->Sabiceeae->Ixoroideae->Rubiaceae->Gentianales->lamiids->asterids->Pentapetalae->Gunneridae->eudicotyledons->Mesangiospermae->Magnoliophyta->Spermatophyta->Euphyllophyta->Tracheophyta->Embryophyta->Streptophytina->Streptophyta->Chloroplastida->Archaeplastida->Eukaryota->cellular organisms->life" nexsonid "node503633"
pgloadind     taxon mapping OTT ID 427180 taxonomy "Sabicea johnstonii->Sabicea->Sabiceeae->Ixoroideae->Rubiaceae->Gentianales->lamiids->asterids->Pentapetalae->Gunneridae->eudicotyledons->Mesangiospermae->Magnoliophyta->Spermatophyta->Euphyllophyta->Tracheophyta->Embryophyta->Streptophytina->Streptophyta->Chloroplastida->Archaeplastida->Eukaryota->cellular organisms->life" nexsonid "node503635"
pgloadind     taxon mapping OTT ID 1076680 taxonomy "Sabicea capitellata->Sabicea->Sabiceeae->Ixoroideae->Rubiaceae->Gentianales->lamiids->asterids->Pentapetalae->Gunneridae->eudicotyledons->Mesangiospermae->Magnoliophyta->Spermatophyta->Euphyllophyta->Tracheophyta->Embryophyta->Streptophytina->Streptophyta->Chloroplastida->Archaeplastida->Eukaryota->cellular organisms->life" nexsonid "node503637"
pgloadind     taxon mapping OTT ID 720352 taxonomy "Sabicea ingrata->Sabicea->Sabiceeae->Ixoroideae->Rubiaceae->Gentianales->lamiids->asterids->Pentapetalae->Gunneridae->eudicotyledons->Mesangiospermae->Magnoliophyta->Spermatophyta->Euphyllophyta->Tracheophyta->Embryophyta->Streptophytina->Streptophyta->Chloroplastida->Archaeplastida->Eukaryota->cellular organisms->life" nexsonid "node503638"
pgloadind     taxon mapping OTT ID 328945 taxonomy "Sabicea rosea->Sabicea->Sabiceeae->Ixoroideae->Rubiaceae->Gentianales->lamiids->asterids->Pentapetalae->Gunneridae->eudicotyledons->Mesangiospermae->Magnoliophyta->Spermatophyta->Euphyllophyta->Tracheophyta->Embryophyta->Streptophytina->Streptophyta->Chloroplastida->Archaeplastida->Eukaryota->cellular organisms->life" nexsonid "node503640"
pgloadind     taxon mapping OTT ID 328943 taxonomy "Sabicea thomensis->Sabicea->Sabiceeae->Ixoroideae->Rubiaceae->Gentianales->lamiids->asterids->Pentapetalae->Gunneridae->eudicotyledons->Mesangiospermae->Magnoliophyta->Spermatophyta->Euphyllophyta->Tracheophyta->Embryophyta->Streptophytina->Streptophyta->Chloroplastida->Archaeplastida->Eukaryota->cellular organisms->life" nexsonid "node503642"
pgloadind     taxon mapping OTT ID 817689 taxonomy "Sabicea exellii->Sabicea->Sabiceeae->Ixoroideae->Rubiaceae->Gentianales->lamiids->asterids->Pentapetalae->Gunneridae->eudicotyledons->Mesangiospermae->Magnoliophyta->Spermatophyta->Euphyllophyta->Tracheophyta->Embryophyta->Streptophytina->Streptophyta->Chloroplastida->Archaeplastida->Eukaryota->cellular organisms->life" nexsonid "node503643"
pgloadind     taxon mapping OTT ID 500138 taxonomy "Sabicea efulenensis->Sabicea->Sabiceeae->Ixoroideae->Rubiaceae->Gentianales->lamiids->asterids->Pentapetalae->Gunneridae->eudicotyledons->Mesangiospermae->Magnoliophyta->Spermatophyta->Euphyllophyta->Tracheophyta->Embryophyta->Streptophytina->Streptophyta->Chloroplastida->Archaeplastida->Eukaryota->cellular organisms->life" nexsonid "node503644"
pgloadind     taxon mapping OTT ID 853571 taxonomy "Sabicea gilletii->Sabicea->Sabiceeae->Ixoroideae->Rubiaceae->Gentianales->lamiids->asterids->Pentapetalae->Gunneridae->eudicotyledons->Mesangiospermae->Magnoliophyta->Spermatophyta->Euphyllophyta->Tracheophyta->Embryophyta->Streptophytina->Streptophyta->Chloroplastida->Archaeplastida->Eukaryota->cellular organisms->life" nexsonid "node503645"
pgloadind     taxon mapping OTT ID 4725022 taxonomy "Sabicea hierniana->Sabicea->Sabiceeae->Ixoroideae->Rubiaceae->Gentianales->lamiids->asterids->Pentapetalae->Gunneridae->eudicotyledons->Mesangiospermae->Magnoliophyta->Spermatophyta->Euphyllophyta->Tracheophyta->Embryophyta->Streptophytina->Streptophyta->Chloroplastida->Archaeplastida->Eukaryota->cellular organisms->life" nexsonid "node503647"
pgloadind     taxon mapping OTT ID 1076690 taxonomy "Sabicea brevipes->Sabicea->Sabiceeae->Ixoroideae->Rubiaceae->Gentianales->lamiids->asterids->Pentapetalae->Gunneridae->eudicotyledons->Mesangiospermae->Magnoliophyta->Spermatophyta->Euphyllophyta->Tracheophyta->Embryophyta->Streptophytina->Streptophyta->Chloroplastida->Archaeplastida->Eukaryota->cellular organisms->life" nexsonid "node503648"
pgloadind     taxon mapping OTT ID 500136 taxonomy "Sabicea dinklagei->Sabicea->Sabiceeae->Ixoroideae->Rubiaceae->Gentianales->lamiids->asterids->Pentapetalae->Gunneridae->eudicotyledons->Mesangiospermae->Magnoliophyta->Spermatophyta->Euphyllophyta->Tracheophyta->Embryophyta->Streptophytina->Streptophyta->Chloroplastida->Archaeplastida->Eukaryota->cellular organisms->life" nexsonid "node503651"
pgloadind     taxon mapping OTT ID 1076692 taxonomy "Sabicea caminata->Sabicea->Sabiceeae->Ixoroideae->Rubiaceae->Gentianales->lamiids->asterids->Pentapetalae->Gunneridae->eudicotyledons->Mesangiospermae->Magnoliophyta->Spermatophyta->Euphyllophyta->Tracheophyta->Embryophyta->Streptophytina->Streptophyta->Chloroplastida->Archaeplastida->Eukaryota->cellular organisms->life" nexsonid "node503652"
pgloadind     taxon mapping OTT ID 817650 taxonomy "Sabicea fulva->Sabicea->Sabiceeae->Ixoroideae->Rubiaceae->Gentianales->lamiids->asterids->Pentapetalae->Gunneridae->eudicotyledons->Mesangiospermae->Magnoliophyta->Spermatophyta->Euphyllophyta->Tracheophyta->Embryophyta->Streptophytina->Streptophyta->Chloroplastida->Archaeplastida->Eukaryota->cellular organisms->life" nexsonid "node503654"
pgloadind     taxon mapping OTT ID 500132 taxonomy "Sabicea congensis->Sabicea->Sabiceeae->Ixoroideae->Rubiaceae->Gentianales->lamiids->asterids->Pentapetalae->Gunneridae->eudicotyledons->Mesangiospermae->Magnoliophyta->Spermatophyta->Euphyllophyta->Tracheophyta->Embryophyta->Streptophytina->Streptophyta->Chloroplastida->Archaeplastida->Eukaryota->cellular organisms->life" nexsonid "node503655"
done fixing name
pgloadind Finished with attempts to fix names
pgloadind   Checking for uniqueness of OTT IDs tree id "1944"
pgloadind   Adding tree to graph tree id "1944"
all trees have all taxa: false
	using bipartition technique
attempting to remap tips to deepest exemplified taxa
	Hekistocarpa minutiflora was remapped to 'Hekistocarpa' (id=2615202)
	Warszewiczia was remapped to 'Cinchonoideae' (id=2623955)
	Ixora coccinea was remapped to 'Ixoreae' (id=2631396)
	Canthium coromandelicum was remapped to 'Vanguerieae' (id=2628911)
	Tamridaea capsulifera was remapped to 'Tamridaea' (id=2628874)
	Stipularia elliptica was remapped to 'Stipularia' (id=2628862)
	Schizostigma hirsutum was remapped to 'Schizostigma' (id=2628870)
this is the ROOT
placing root in index
Dealing with metadata property: id
Dealing with metadata property: ot:studyPublicationReference
Adding property 'ot:studyPublicationReference': Khan, S. A., Razafimandimbison, S. G., Bremer, B., & Liede-Schumann, S. (2008). Sabiceeae and Virectarieae (Rubiaceae, Ixoroideae): one or two tribes? New tribal and generic circumscriptions of Sabiceeae and biogeography of Sabicea sl. Taxon, 57(1), 7-23.
Dealing with metadata property: ot:studyYear
Adding property 'ot:studyYear': 2008
Dealing with metadata property: ot:inGroupClade
Adding property 'ot:inGroupClade': node503555
Dealing with metadata property: ot:tag
Adding property 'ot:tag': ingroup added;
Dealing with metadata property: ot:curatorName
Adding property 'ot:curatorName': bryan drew
Dealing with metadata property: ot:focalClade
Adding property 'ot:focalClade': 2730645
Dealing with metadata property: ot:studyId
Adding property 'ot:studyId': 1002
Committing nodes: 99
{2607812}
2615225
2615231
2628619
2628622
2628638
2628644
2628648
2628650
2628652
2628654
2628656
2628658
2628664
2628666
2628668
2628673
2628675
2628677
2628679
2628681
2628685
2628689
2628698
2628706
2628708
2628710
2628712
2628714
2628716
2628718
2628720
2628722
2628725
2628727
2628730
2628735
2628739
2628742
2628746
2628748
2628750
2628752
2628783
2628880
2628883
2628890
2628894
2628897
2628899
2628901
2628904
2628906
2615202
2623955
2628862
	adding Node[2628862] Stipularia 385531 as compatible with Node[2628862]
		adding Relationship[8257399]
2628870
2628874
2628911
	adding Node[2628911] Vanguerieae 571840 as compatible with Node[2628911]
		adding Relationship[8257400]
2631396
	adding Node[2631396] Ixoreae 571844 as compatible with Node[2631396]
		adding Relationship[8257401]
[Node[3501524], Node[2628862], Node[3501489], Node[2628911], Node[2631396]]
	Node[3501524]
	Node[2628862]
		adding Relationship[8257402] from Node[2628862] to Node[3501524]
	Node[3501489]
	Node[2628911]
		adding Relationship[8257403] from Node[2628911] to Node[3501489]
	Node[2631396]
		adding Relationship[8257404] from Node[2631396] to Node[3501489]
