pgloadind OTUs number 38
pgloadind Processing tree @id "5736"
pgloadind   tree info number nodes 73
pgloadind   tree info number edges 72
pgloadind   Ingested tree number of external nodes 38
pgloadind   property added ot:studyPublicationReference "Jacobs, B., Huysmans, S., & Smets, E. (2010). Evolution and systematic value of fruit and seed characters in Adoxaceae (Dipsacales). Taxon, 59(3), 850-866."
pgloadind   property added ot:curatorName "William Wysocki"
pgloadind   property added ot:dataDeposit "http://purl.org/phylo/treebase/phylows/study/TB2:S10402"
pgloadind   property added ot:studyId "105"
pgloadind   property added ot:studyYear "2010"
pgloadind   property added ot:focalClade "1627092"
pgloadind   property added ot:focalCladeOTTTaxonName "Adoxaceae"
pgloadind   property added ot:curatedType "Strict"
pgloadind Processing tree @id "6340"
pgloadind   tree info number nodes 71
pgloadind   tree info number edges 70
pgloadind   tree info ingroup "node1104770"
pgloadind   Setting ingroup root node.
pgloadind   Ingested tree number of external nodes 25
pgloadind   property added ot:studyPublicationReference "Jacobs, B., Huysmans, S., & Smets, E. (2010). Evolution and systematic value of fruit and seed characters in Adoxaceae (Dipsacales). Taxon, 59(3), 850-866."
pgloadind   property added ot:curatorName "William Wysocki"
pgloadind   property added ot:dataDeposit "http://purl.org/phylo/treebase/phylows/study/TB2:S10402"
pgloadind   property added ot:studyId "105"
pgloadind   property added ot:studyYear "2010"
pgloadind   property added ot:focalClade "1627092"
pgloadind   property added ot:focalCladeOTTTaxonName "Adoxaceae"
pgloadind   property added ot:inGroupClade "node1104770"
pgloadind   property added ot:curatedType "BI con 50 majrule"
loading a specific tree: 6340
skipping tree: 5736
pgloadind conducting TNRS on trees
pgloadind   name fixing on tree tree id "6340"
pgloadind   all nodes have ottIds
pgloadind   postpruning newick tree "(((((Viburnum_plicatum,(Viburnum_odoratissimum,Viburnum_sieboldii)),Viburnum_lantanoides),Viburnum_clemensae),((Viburnum_lentago,Viburnum_prunifolium),(Viburnum_carlesii,(Viburnum_lantana,Viburnum_rhytidophyllum))),((Viburnum_davidii,Viburnum_tinus),((Viburnum_acerifolium,Viburnum_cylindricum,(Viburnum_dilatatum,Viburnum_lobophyllum)),Viburnum_opulus_var_sargentii))),(((Sambucus_australis,(Sambucus_racemosa,(Sambucus_canadensis,Sambucus_nigra))),Sambucus_ebulus),(Sinadoxa_corydalifolia,(Adoxa_moschatellina,Tetradoxa_omeiensis))))"
pgloadind   taxon mapping summary
pgloadind     taxon mapping OTT ID 1064635 taxonomy "Viburnum plicatum->Viburnum->Adoxaceae->Dipsacales->campanulids->asterids->Pentapetalae->Gunneridae->eudicotyledons->Mesangiospermae->Magnoliophyta->Spermatophyta->Euphyllophyta->Tracheophyta->Embryophyta->Streptophytina->Streptophyta->Chloroplastida->Archaeplastida->Eukaryota->cellular organisms->life" nexsonid "node1104775"
pgloadind     taxon mapping OTT ID 51729 taxonomy "Viburnum odoratissimum->Viburnum->Adoxaceae->Dipsacales->campanulids->asterids->Pentapetalae->Gunneridae->eudicotyledons->Mesangiospermae->Magnoliophyta->Spermatophyta->Euphyllophyta->Tracheophyta->Embryophyta->Streptophytina->Streptophyta->Chloroplastida->Archaeplastida->Eukaryota->cellular organisms->life" nexsonid "node1104777"
pgloadind     taxon mapping OTT ID 383302 taxonomy "Viburnum sieboldii->Viburnum->Adoxaceae->Dipsacales->campanulids->asterids->Pentapetalae->Gunneridae->eudicotyledons->Mesangiospermae->Magnoliophyta->Spermatophyta->Euphyllophyta->Tracheophyta->Embryophyta->Streptophytina->Streptophyta->Chloroplastida->Archaeplastida->Eukaryota->cellular organisms->life" nexsonid "node1104778"
pgloadind     taxon mapping OTT ID 572545 taxonomy "Viburnum lantanoides->Viburnum->Adoxaceae->Dipsacales->campanulids->asterids->Pentapetalae->Gunneridae->eudicotyledons->Mesangiospermae->Magnoliophyta->Spermatophyta->Euphyllophyta->Tracheophyta->Embryophyta->Streptophytina->Streptophyta->Chloroplastida->Archaeplastida->Eukaryota->cellular organisms->life" nexsonid "node1104779"
pgloadind     taxon mapping OTT ID 728493 taxonomy "Viburnum clemensae->Viburnum->Adoxaceae->Dipsacales->campanulids->asterids->Pentapetalae->Gunneridae->eudicotyledons->Mesangiospermae->Magnoliophyta->Spermatophyta->Euphyllophyta->Tracheophyta->Embryophyta->Streptophytina->Streptophyta->Chloroplastida->Archaeplastida->Eukaryota->cellular organisms->life" nexsonid "node1104780"
pgloadind     taxon mapping OTT ID 383298 taxonomy "Viburnum lentago->Viburnum->Adoxaceae->Dipsacales->campanulids->asterids->Pentapetalae->Gunneridae->eudicotyledons->Mesangiospermae->Magnoliophyta->Spermatophyta->Euphyllophyta->Tracheophyta->Embryophyta->Streptophytina->Streptophyta->Chloroplastida->Archaeplastida->Eukaryota->cellular organisms->life" nexsonid "node1104783"
pgloadind     taxon mapping OTT ID 51715 taxonomy "Viburnum prunifolium->Viburnum->Adoxaceae->Dipsacales->campanulids->asterids->Pentapetalae->Gunneridae->eudicotyledons->Mesangiospermae->Magnoliophyta->Spermatophyta->Euphyllophyta->Tracheophyta->Embryophyta->Streptophytina->Streptophyta->Chloroplastida->Archaeplastida->Eukaryota->cellular organisms->life" nexsonid "node1104784"
pgloadind     taxon mapping OTT ID 728485 taxonomy "Viburnum carlesii->Viburnum->Adoxaceae->Dipsacales->campanulids->asterids->Pentapetalae->Gunneridae->eudicotyledons->Mesangiospermae->Magnoliophyta->Spermatophyta->Euphyllophyta->Tracheophyta->Embryophyta->Streptophytina->Streptophyta->Chloroplastida->Archaeplastida->Eukaryota->cellular organisms->life" nexsonid "node1104786"
pgloadind     taxon mapping OTT ID 572547 taxonomy "Viburnum lantana->Viburnum->Adoxaceae->Dipsacales->campanulids->asterids->Pentapetalae->Gunneridae->eudicotyledons->Mesangiospermae->Magnoliophyta->Spermatophyta->Euphyllophyta->Tracheophyta->Embryophyta->Streptophytina->Streptophyta->Chloroplastida->Archaeplastida->Eukaryota->cellular organisms->life" nexsonid "node1104788"
pgloadind     taxon mapping OTT ID 979456 taxonomy "Viburnum rhytidophyllum->Viburnum->Adoxaceae->Dipsacales->campanulids->asterids->Pentapetalae->Gunneridae->eudicotyledons->Mesangiospermae->Magnoliophyta->Spermatophyta->Euphyllophyta->Tracheophyta->Embryophyta->Streptophytina->Streptophyta->Chloroplastida->Archaeplastida->Eukaryota->cellular organisms->life" nexsonid "node1104789"
pgloadind     taxon mapping OTT ID 124089 taxonomy "Viburnum davidii->Viburnum->Adoxaceae->Dipsacales->campanulids->asterids->Pentapetalae->Gunneridae->eudicotyledons->Mesangiospermae->Magnoliophyta->Spermatophyta->Euphyllophyta->Tracheophyta->Embryophyta->Streptophytina->Streptophyta->Chloroplastida->Archaeplastida->Eukaryota->cellular organisms->life" nexsonid "node1104792"
pgloadind     taxon mapping OTT ID 51742 taxonomy "Viburnum tinus->Viburnum->Adoxaceae->Dipsacales->campanulids->asterids->Pentapetalae->Gunneridae->eudicotyledons->Mesangiospermae->Magnoliophyta->Spermatophyta->Euphyllophyta->Tracheophyta->Embryophyta->Streptophytina->Streptophyta->Chloroplastida->Archaeplastida->Eukaryota->cellular organisms->life" nexsonid "node1104793"
pgloadind     taxon mapping OTT ID 1042145 taxonomy "Viburnum acerifolium->Viburnum->Adoxaceae->Dipsacales->campanulids->asterids->Pentapetalae->Gunneridae->eudicotyledons->Mesangiospermae->Magnoliophyta->Spermatophyta->Euphyllophyta->Tracheophyta->Embryophyta->Streptophytina->Streptophyta->Chloroplastida->Archaeplastida->Eukaryota->cellular organisms->life" nexsonid "node1104796"
pgloadind     taxon mapping OTT ID 205162 taxonomy "Viburnum cylindricum->Viburnum->Adoxaceae->Dipsacales->campanulids->asterids->Pentapetalae->Gunneridae->eudicotyledons->Mesangiospermae->Magnoliophyta->Spermatophyta->Euphyllophyta->Tracheophyta->Embryophyta->Streptophytina->Streptophyta->Chloroplastida->Archaeplastida->Eukaryota->cellular organisms->life" nexsonid "node1104797"
pgloadind     taxon mapping OTT ID 205155 taxonomy "Viburnum dilatatum->Viburnum->Adoxaceae->Dipsacales->campanulids->asterids->Pentapetalae->Gunneridae->eudicotyledons->Mesangiospermae->Magnoliophyta->Spermatophyta->Euphyllophyta->Tracheophyta->Embryophyta->Streptophytina->Streptophyta->Chloroplastida->Archaeplastida->Eukaryota->cellular organisms->life" nexsonid "node1104799"
pgloadind     taxon mapping OTT ID 572543 taxonomy "Viburnum lobophyllum->Viburnum->Adoxaceae->Dipsacales->campanulids->asterids->Pentapetalae->Gunneridae->eudicotyledons->Mesangiospermae->Magnoliophyta->Spermatophyta->Euphyllophyta->Tracheophyta->Embryophyta->Streptophytina->Streptophyta->Chloroplastida->Archaeplastida->Eukaryota->cellular organisms->life" nexsonid "node1104800"
pgloadind     taxon mapping OTT ID 51731 taxonomy "Viburnum opulus var. sargentii->Viburnum opulus->Viburnum->Adoxaceae->Dipsacales->campanulids->asterids->Pentapetalae->Gunneridae->eudicotyledons->Mesangiospermae->Magnoliophyta->Spermatophyta->Euphyllophyta->Tracheophyta->Embryophyta->Streptophytina->Streptophyta->Chloroplastida->Archaeplastida->Eukaryota->cellular organisms->life" nexsonid "node1104801"
pgloadind     taxon mapping OTT ID 142033 taxonomy "Sambucus australis->Sambucus->Adoxaceae->Dipsacales->campanulids->asterids->Pentapetalae->Gunneridae->eudicotyledons->Mesangiospermae->Magnoliophyta->Spermatophyta->Euphyllophyta->Tracheophyta->Embryophyta->Streptophytina->Streptophyta->Chloroplastida->Archaeplastida->Eukaryota->cellular organisms->life" nexsonid "node1104805"
pgloadind     taxon mapping OTT ID 1042133 taxonomy "Sambucus racemosa->Sambucus->Adoxaceae->Dipsacales->campanulids->asterids->Pentapetalae->Gunneridae->eudicotyledons->Mesangiospermae->Magnoliophyta->Spermatophyta->Euphyllophyta->Tracheophyta->Embryophyta->Streptophytina->Streptophyta->Chloroplastida->Archaeplastida->Eukaryota->cellular organisms->life" nexsonid "node1104807"
pgloadind     taxon mapping OTT ID 142026 taxonomy "Sambucus canadensis->Sambucus->Adoxaceae->Dipsacales->campanulids->asterids->Pentapetalae->Gunneridae->eudicotyledons->Mesangiospermae->Magnoliophyta->Spermatophyta->Euphyllophyta->Tracheophyta->Embryophyta->Streptophytina->Streptophyta->Chloroplastida->Archaeplastida->Eukaryota->cellular organisms->life" nexsonid "node1104809"
pgloadind     taxon mapping OTT ID 1042130 taxonomy "Sambucus nigra->Sambucus->Adoxaceae->Dipsacales->campanulids->asterids->Pentapetalae->Gunneridae->eudicotyledons->Mesangiospermae->Magnoliophyta->Spermatophyta->Euphyllophyta->Tracheophyta->Embryophyta->Streptophytina->Streptophyta->Chloroplastida->Archaeplastida->Eukaryota->cellular organisms->life" nexsonid "node1104810"
pgloadind     taxon mapping OTT ID 22350 taxonomy "Sambucus ebulus->Sambucus->Adoxaceae->Dipsacales->campanulids->asterids->Pentapetalae->Gunneridae->eudicotyledons->Mesangiospermae->Magnoliophyta->Spermatophyta->Euphyllophyta->Tracheophyta->Embryophyta->Streptophytina->Streptophyta->Chloroplastida->Archaeplastida->Eukaryota->cellular organisms->life" nexsonid "node1104811"
pgloadind     taxon mapping OTT ID 1093062 taxonomy "Sinadoxa corydalifolia->Sinadoxa->Adoxaceae->Dipsacales->campanulids->asterids->Pentapetalae->Gunneridae->eudicotyledons->Mesangiospermae->Magnoliophyta->Spermatophyta->Euphyllophyta->Tracheophyta->Embryophyta->Streptophytina->Streptophyta->Chloroplastida->Archaeplastida->Eukaryota->cellular organisms->life" nexsonid "node1104813"
pgloadind     taxon mapping OTT ID 1042115 taxonomy "Adoxa moschatellina->Adoxa->Adoxaceae->Dipsacales->campanulids->asterids->Pentapetalae->Gunneridae->eudicotyledons->Mesangiospermae->Magnoliophyta->Spermatophyta->Euphyllophyta->Tracheophyta->Embryophyta->Streptophytina->Streptophyta->Chloroplastida->Archaeplastida->Eukaryota->cellular organisms->life" nexsonid "node1104815"
pgloadind     taxon mapping OTT ID 330647 taxonomy "Tetradoxa omeiensis->Tetradoxa->Adoxaceae->Dipsacales->campanulids->asterids->Pentapetalae->Gunneridae->eudicotyledons->Mesangiospermae->Magnoliophyta->Spermatophyta->Euphyllophyta->Tracheophyta->Embryophyta->Streptophytina->Streptophyta->Chloroplastida->Archaeplastida->Eukaryota->cellular organisms->life" nexsonid "node1104816"
done fixing name
pgloadind Finished with attempts to fix names
pgloadind   Checking for uniqueness of OTT IDs tree id "6340"
pgloadind   Adding tree to graph tree id "6340"
all trees have all taxa: false
	using bipartition technique
attempting to remap tips to deepest exemplified taxa
	Tetradoxa omeiensis was remapped to 'Tetradoxa' (id=2562356)
	Sinadoxa corydalifolia was remapped to 'Sinadoxa' (id=2562359)
	Adoxa moschatellina was remapped to 'Adoxa' (id=2562361)
	Viburnum opulus var. sargentii was remapped to 'Viburnum opulus' (id=2562409)
this is the ROOT
placing root in index
Dealing with metadata property: id
Dealing with metadata property: ot:studyPublicationReference
Adding property 'ot:studyPublicationReference': Jacobs, B., Huysmans, S., & Smets, E. (2010). Evolution and systematic value of fruit and seed characters in Adoxaceae (Dipsacales). Taxon, 59(3), 850-866.
Dealing with metadata property: ot:focalCladeOTTTaxonName
Adding property 'ot:focalCladeOTTTaxonName': Adoxaceae
Dealing with metadata property: ot:studyYear
Adding property 'ot:studyYear': 2010
Dealing with metadata property: ot:inGroupClade
Adding property 'ot:inGroupClade': node1104770
Dealing with metadata property: ot:curatorName
Adding property 'ot:curatorName': William Wysocki
Dealing with metadata property: ot:focalClade
Adding property 'ot:focalClade': 1627092
Dealing with metadata property: ot:curatedType
Adding property 'ot:curatedType': BI con 50 majrule
Dealing with metadata property: ot:studyId
Adding property 'ot:studyId': 105
Dealing with metadata property: ot:dataDeposit
Adding property 'ot:dataDeposit': http://purl.org/phylo/treebase/phylows/study/TB2:S10402
Committing nodes: 47
{2562353}
2562385
2562401
2562406
2562428
2562441
2562448
2562472
2562476
2562481
2562506
2562508
2562512
2562541
2562543
2562593
2562601
2562634
2562639
2562643
2562664
2562666
2562356
2562359
2562361
	adding Node[2562361] Adoxa 757497 as compatible with Node[2562361]
		adding Relationship[8257270]
2562409
	adding Node[2562409] Viburnum opulus 117453 as compatible with Node[2562409]
		adding Relationship[8257271]
[Node[3501505], Node[2562361], Node[3501500], Node[2562409]]
	Node[3501505]
	Node[2562361]
		adding Relationship[8257272] from Node[2562361] to Node[3501505]
	Node[3501500]
	Node[2562409]
		adding Relationship[8257273] from Node[2562409] to Node[3501500]
