pgloadind OTUs number 98
pgloadind Processing tree @id "4124"
pgloadind   tree info number nodes 97
pgloadind   tree info number edges 96
pgloadind   Ingested tree number of external nodes 60
pgloadind   property added ot:studyPublicationReference "Zhang, M. L., Uhink, C. H., & Kadereit, J. W. (2007). Phylogeny and biogeography of Epimedium/Vancouveria (Berberidaceae): Western North American-East Asian disjunctions, the origin of European mountain plant taxa, and East Asian species diversity. Systematic botany, 32(1), 81-92."
pgloadind   property added ot:studyPublication "http://dx.doi.org/10.1600/036364407780360265"
pgloadind   property added ot:curatorName "William Wysocki"
pgloadind   property added ot:dataDeposit "http://purl.org/phylo/treebase/phylows/study/TB2:S1623"
pgloadind   property added ot:studyId "112"
pgloadind   property added ot:studyYear "2006"
pgloadind   property added ot:focalClade "1157978"
pgloadind   property added ot:focalCladeOTTTaxonName "Berberidaceae"
pgloadind   property added ot:tag "cpDNA & nrDNA"
pgloadind   property added ot:tag "ingroup added for Fig. 2"
pgloadind   property added ot:curatedType "Eudicots"
pgloadind Processing tree @id "4125"
pgloadind   tree info number nodes 34
pgloadind   tree info number edges 33
pgloadind   Ingested tree number of external nodes 18
pgloadind   property added ot:studyPublicationReference "Zhang, M. L., Uhink, C. H., & Kadereit, J. W. (2007). Phylogeny and biogeography of Epimedium/Vancouveria (Berberidaceae): Western North American-East Asian disjunctions, the origin of European mountain plant taxa, and East Asian species diversity. Systematic botany, 32(1), 81-92."
pgloadind   property added ot:studyPublication "http://dx.doi.org/10.1600/036364407780360265"
pgloadind   property added ot:curatorName "William Wysocki"
pgloadind   property added ot:dataDeposit "http://purl.org/phylo/treebase/phylows/study/TB2:S1623"
pgloadind   property added ot:studyId "112"
pgloadind   property added ot:studyYear "2006"
pgloadind   property added ot:focalClade "1157978"
pgloadind   property added ot:focalCladeOTTTaxonName "Berberidaceae"
pgloadind   property added ot:tag "cpDNA & nrDNA"
pgloadind   property added ot:tag "ingroup added for Fig. 2"
pgloadind   property added ot:curatedType "Berberidaceae"
pgloadind Processing tree @id "4126"
pgloadind   tree info number nodes 59
pgloadind   tree info number edges 58
pgloadind   tree info ingroup "node766407"
pgloadind   Setting ingroup root node.
pgloadind   Ingested tree number of external nodes 35
pgloadind   property added ot:studyPublicationReference "Zhang, M. L., Uhink, C. H., & Kadereit, J. W. (2007). Phylogeny and biogeography of Epimedium/Vancouveria (Berberidaceae): Western North American-East Asian disjunctions, the origin of European mountain plant taxa, and East Asian species diversity. Systematic botany, 32(1), 81-92."
pgloadind   property added ot:studyPublication "http://dx.doi.org/10.1600/036364407780360265"
pgloadind   property added ot:curatorName "William Wysocki"
pgloadind   property added ot:dataDeposit "http://purl.org/phylo/treebase/phylows/study/TB2:S1623"
pgloadind   property added ot:studyId "112"
pgloadind   property added ot:studyYear "2006"
pgloadind   property added ot:focalClade "1157978"
pgloadind   property added ot:focalCladeOTTTaxonName "Berberidaceae"
pgloadind   property added ot:tag "cpDNA & nrDNA"
pgloadind   property added ot:tag "ingroup added for Fig. 2"
pgloadind   property added ot:inGroupClade "node766407"
pgloadind   property added ot:curatedType "ML 3"
pgloadind Processing tree @id "4127"
pgloadind   tree info number nodes 58
pgloadind   tree info number edges 57
pgloadind   tree info ingroup "node766466"
pgloadind   Setting ingroup root node.
pgloadind   Ingested tree number of external nodes 35
pgloadind   property added ot:studyPublicationReference "Zhang, M. L., Uhink, C. H., & Kadereit, J. W. (2007). Phylogeny and biogeography of Epimedium/Vancouveria (Berberidaceae): Western North American-East Asian disjunctions, the origin of European mountain plant taxa, and East Asian species diversity. Systematic botany, 32(1), 81-92."
pgloadind   property added ot:studyPublication "http://dx.doi.org/10.1600/036364407780360265"
pgloadind   property added ot:curatorName "William Wysocki"
pgloadind   property added ot:dataDeposit "http://purl.org/phylo/treebase/phylows/study/TB2:S1623"
pgloadind   property added ot:studyId "112"
pgloadind   property added ot:studyYear "2006"
pgloadind   property added ot:focalClade "1157978"
pgloadind   property added ot:focalCladeOTTTaxonName "Berberidaceae"
pgloadind   property added ot:tag "cpDNA & nrDNA"
pgloadind   property added ot:tag "ingroup added for Fig. 2"
pgloadind   property added ot:inGroupClade "node766466"
pgloadind   property added ot:curatedType "ML 2"
pgloadind Processing tree @id "4128"
pgloadind   tree info number nodes 59
pgloadind   tree info number edges 58
pgloadind   tree info ingroup "node766524"
pgloadind   Setting ingroup root node.
pgloadind   Ingested tree number of external nodes 35
pgloadind   property added ot:studyPublicationReference "Zhang, M. L., Uhink, C. H., & Kadereit, J. W. (2007). Phylogeny and biogeography of Epimedium/Vancouveria (Berberidaceae): Western North American-East Asian disjunctions, the origin of European mountain plant taxa, and East Asian species diversity. Systematic botany, 32(1), 81-92."
pgloadind   property added ot:studyPublication "http://dx.doi.org/10.1600/036364407780360265"
pgloadind   property added ot:curatorName "William Wysocki"
pgloadind   property added ot:dataDeposit "http://purl.org/phylo/treebase/phylows/study/TB2:S1623"
pgloadind   property added ot:studyId "112"
pgloadind   property added ot:studyYear "2006"
pgloadind   property added ot:focalClade "1157978"
pgloadind   property added ot:focalCladeOTTTaxonName "Berberidaceae"
pgloadind   property added ot:tag "cpDNA & nrDNA"
pgloadind   property added ot:tag "ingroup added for Fig. 2"
pgloadind   property added ot:inGroupClade "node766524"
pgloadind   property added ot:curatedType "Fig. 2"
loading a specific tree: 4128
skipping tree: 4124
skipping tree: 4125
skipping tree: 4126
skipping tree: 4127
pgloadind conducting TNRS on trees
pgloadind   name fixing on tree tree id "4128"
pgloadind   all nodes have ottIds
pgloadind   postpruning newick tree "(((Epimedium_acuminatum,Epimedium_brachyrrhizum,Epimedium_brevicornu,(Epimedium_campanulatum,Epimedium_ecalcaratum,Epimedium_platypetalum),((((Epimedium_dolichostemon,Epimedium_fangii),(Epimedium_jianhense,Epimedium_wushanense),Epimedium_elachyphyllum),Epimedium_sagittatum),Epimedium_fargesii,Epimedium_franchetii),(Epimedium_elongatum,Epimedium_simplicifolium),Epimedium_epsteinii,(Epimedium_flavum,Epimedium_mikinorii,Epimedium_stellulatum),Epimedium_latisepalum,Epimedium_leptorrhizum,((Epimedium_membranaceum,Epimedium_pauciflorum),Epimedium_rhizomatosum),Epimedium_pubescens),(((Epimedium_alpinum,Epimedium_pubigerum),(Epimedium_diphyllum,Epimedium_grandiflorum,Epimedium_trifoliatobinatum),Epimedium_koreanum),(Epimedium_perralderianum,Epimedium_pinnatum))),Epimedium_elatum)"
pgloadind   taxon mapping summary
pgloadind     taxon mapping OTT ID 175152 taxonomy "Epimedium acuminatum->Epimedium->Berberidaceae->Ranunculales->stem eudicotyledons->eudicotyledons->Mesangiospermae->Magnoliophyta->Spermatophyta->Euphyllophyta->Tracheophyta->Embryophyta->Streptophytina->Streptophyta->Chloroplastida->Archaeplastida->Eukaryota->cellular organisms->life" nexsonid "node766527"
pgloadind     taxon mapping OTT ID 749535 taxonomy "Epimedium brachyrrhizum->Epimedium->Berberidaceae->Ranunculales->stem eudicotyledons->eudicotyledons->Mesangiospermae->Magnoliophyta->Spermatophyta->Euphyllophyta->Tracheophyta->Embryophyta->Streptophytina->Streptophyta->Chloroplastida->Archaeplastida->Eukaryota->cellular organisms->life" nexsonid "node766528"
pgloadind     taxon mapping OTT ID 175134 taxonomy "Epimedium brevicornu->Epimedium->Berberidaceae->Ranunculales->stem eudicotyledons->eudicotyledons->Mesangiospermae->Magnoliophyta->Spermatophyta->Euphyllophyta->Tracheophyta->Embryophyta->Streptophytina->Streptophyta->Chloroplastida->Archaeplastida->Eukaryota->cellular organisms->life" nexsonid "node766529"
pgloadind     taxon mapping OTT ID 719934 taxonomy "Epimedium campanulatum->Epimedium->Berberidaceae->Ranunculales->stem eudicotyledons->eudicotyledons->Mesangiospermae->Magnoliophyta->Spermatophyta->Euphyllophyta->Tracheophyta->Embryophyta->Streptophytina->Streptophyta->Chloroplastida->Archaeplastida->Eukaryota->cellular organisms->life" nexsonid "node766531"
pgloadind     taxon mapping OTT ID 196527 taxonomy "Epimedium ecalcaratum->Epimedium->Berberidaceae->Ranunculales->stem eudicotyledons->eudicotyledons->Mesangiospermae->Magnoliophyta->Spermatophyta->Euphyllophyta->Tracheophyta->Embryophyta->Streptophytina->Streptophyta->Chloroplastida->Archaeplastida->Eukaryota->cellular organisms->life" nexsonid "node766532"
pgloadind     taxon mapping OTT ID 668327 taxonomy "Epimedium platypetalum->Epimedium->Berberidaceae->Ranunculales->stem eudicotyledons->eudicotyledons->Mesangiospermae->Magnoliophyta->Spermatophyta->Euphyllophyta->Tracheophyta->Embryophyta->Streptophytina->Streptophyta->Chloroplastida->Archaeplastida->Eukaryota->cellular organisms->life" nexsonid "node766533"
pgloadind     taxon mapping OTT ID 175150 taxonomy "Epimedium dolichostemon->Epimedium->Berberidaceae->Ranunculales->stem eudicotyledons->eudicotyledons->Mesangiospermae->Magnoliophyta->Spermatophyta->Euphyllophyta->Tracheophyta->Embryophyta->Streptophytina->Streptophyta->Chloroplastida->Archaeplastida->Eukaryota->cellular organisms->life" nexsonid "node766538"
pgloadind     taxon mapping OTT ID 196533 taxonomy "Epimedium fangii->Epimedium->Berberidaceae->Ranunculales->stem eudicotyledons->eudicotyledons->Mesangiospermae->Magnoliophyta->Spermatophyta->Euphyllophyta->Tracheophyta->Embryophyta->Streptophytina->Streptophyta->Chloroplastida->Archaeplastida->Eukaryota->cellular organisms->life" nexsonid "node766539"
pgloadind     taxon mapping OTT ID 70042 taxonomy "Epimedium jianhense->Epimedium->Berberidaceae->Ranunculales->stem eudicotyledons->eudicotyledons->Mesangiospermae->Magnoliophyta->Spermatophyta->Euphyllophyta->Tracheophyta->Embryophyta->Streptophytina->Streptophyta->Chloroplastida->Archaeplastida->Eukaryota->cellular organisms->life" nexsonid "node766541"
pgloadind     taxon mapping OTT ID 175145 taxonomy "Epimedium wushanense->Epimedium->Berberidaceae->Ranunculales->stem eudicotyledons->eudicotyledons->Mesangiospermae->Magnoliophyta->Spermatophyta->Euphyllophyta->Tracheophyta->Embryophyta->Streptophytina->Streptophyta->Chloroplastida->Archaeplastida->Eukaryota->cellular organisms->life" nexsonid "node766542"
pgloadind     taxon mapping OTT ID 196529 taxonomy "Epimedium elachyphyllum->Epimedium->Berberidaceae->Ranunculales->stem eudicotyledons->eudicotyledons->Mesangiospermae->Magnoliophyta->Spermatophyta->Euphyllophyta->Tracheophyta->Embryophyta->Streptophytina->Streptophyta->Chloroplastida->Archaeplastida->Eukaryota->cellular organisms->life" nexsonid "node766543"
pgloadind     taxon mapping OTT ID 175143 taxonomy "Epimedium sagittatum->Epimedium->Berberidaceae->Ranunculales->stem eudicotyledons->eudicotyledons->Mesangiospermae->Magnoliophyta->Spermatophyta->Euphyllophyta->Tracheophyta->Embryophyta->Streptophytina->Streptophyta->Chloroplastida->Archaeplastida->Eukaryota->cellular organisms->life" nexsonid "node766544"
pgloadind     taxon mapping OTT ID 196535 taxonomy "Epimedium fargesii->Epimedium->Berberidaceae->Ranunculales->stem eudicotyledons->eudicotyledons->Mesangiospermae->Magnoliophyta->Spermatophyta->Euphyllophyta->Tracheophyta->Embryophyta->Streptophytina->Streptophyta->Chloroplastida->Archaeplastida->Eukaryota->cellular organisms->life" nexsonid "node766545"
pgloadind     taxon mapping OTT ID 749537 taxonomy "Epimedium franchetii->Epimedium->Berberidaceae->Ranunculales->stem eudicotyledons->eudicotyledons->Mesangiospermae->Magnoliophyta->Spermatophyta->Euphyllophyta->Tracheophyta->Embryophyta->Streptophytina->Streptophyta->Chloroplastida->Archaeplastida->Eukaryota->cellular organisms->life" nexsonid "node766546"
pgloadind     taxon mapping OTT ID 196525 taxonomy "Epimedium elongatum->Epimedium->Berberidaceae->Ranunculales->stem eudicotyledons->eudicotyledons->Mesangiospermae->Magnoliophyta->Spermatophyta->Euphyllophyta->Tracheophyta->Embryophyta->Streptophytina->Streptophyta->Chloroplastida->Archaeplastida->Eukaryota->cellular organisms->life" nexsonid "node766548"
pgloadind     taxon mapping OTT ID 175147 taxonomy "Epimedium simplicifolium->Epimedium->Berberidaceae->Ranunculales->stem eudicotyledons->eudicotyledons->Mesangiospermae->Magnoliophyta->Spermatophyta->Euphyllophyta->Tracheophyta->Embryophyta->Streptophytina->Streptophyta->Chloroplastida->Archaeplastida->Eukaryota->cellular organisms->life" nexsonid "node766549"
pgloadind     taxon mapping OTT ID 749531 taxonomy "Epimedium epsteinii->Epimedium->Berberidaceae->Ranunculales->stem eudicotyledons->eudicotyledons->Mesangiospermae->Magnoliophyta->Spermatophyta->Euphyllophyta->Tracheophyta->Embryophyta->Streptophytina->Streptophyta->Chloroplastida->Archaeplastida->Eukaryota->cellular organisms->life" nexsonid "node766550"
pgloadind     taxon mapping OTT ID 70040 taxonomy "Epimedium flavum->Epimedium->Berberidaceae->Ranunculales->stem eudicotyledons->eudicotyledons->Mesangiospermae->Magnoliophyta->Spermatophyta->Euphyllophyta->Tracheophyta->Embryophyta->Streptophytina->Streptophyta->Chloroplastida->Archaeplastida->Eukaryota->cellular organisms->life" nexsonid "node766552"
pgloadind     taxon mapping OTT ID 668319 taxonomy "Epimedium mikinorii->Epimedium->Berberidaceae->Ranunculales->stem eudicotyledons->eudicotyledons->Mesangiospermae->Magnoliophyta->Spermatophyta->Euphyllophyta->Tracheophyta->Embryophyta->Streptophytina->Streptophyta->Chloroplastida->Archaeplastida->Eukaryota->cellular organisms->life" nexsonid "node766553"
pgloadind     taxon mapping OTT ID 668325 taxonomy "Epimedium stellulatum->Epimedium->Berberidaceae->Ranunculales->stem eudicotyledons->eudicotyledons->Mesangiospermae->Magnoliophyta->Spermatophyta->Euphyllophyta->Tracheophyta->Embryophyta->Streptophytina->Streptophyta->Chloroplastida->Archaeplastida->Eukaryota->cellular organisms->life" nexsonid "node766554"
pgloadind     taxon mapping OTT ID 70062 taxonomy "Epimedium latisepalum->Epimedium->Berberidaceae->Ranunculales->stem eudicotyledons->eudicotyledons->Mesangiospermae->Magnoliophyta->Spermatophyta->Euphyllophyta->Tracheophyta->Embryophyta->Streptophytina->Streptophyta->Chloroplastida->Archaeplastida->Eukaryota->cellular organisms->life" nexsonid "node766555"
pgloadind     taxon mapping OTT ID 749527 taxonomy "Epimedium leptorrhizum->Epimedium->Berberidaceae->Ranunculales->stem eudicotyledons->eudicotyledons->Mesangiospermae->Magnoliophyta->Spermatophyta->Euphyllophyta->Tracheophyta->Embryophyta->Streptophytina->Streptophyta->Chloroplastida->Archaeplastida->Eukaryota->cellular organisms->life" nexsonid "node766556"
pgloadind     taxon mapping OTT ID 453448 taxonomy "Epimedium membranaceum->Epimedium->Berberidaceae->Ranunculales->stem eudicotyledons->eudicotyledons->Mesangiospermae->Magnoliophyta->Spermatophyta->Euphyllophyta->Tracheophyta->Embryophyta->Streptophytina->Streptophyta->Chloroplastida->Archaeplastida->Eukaryota->cellular organisms->life" nexsonid "node766559"
pgloadind     taxon mapping OTT ID 175141 taxonomy "Epimedium pauciflorum->Epimedium->Berberidaceae->Ranunculales->stem eudicotyledons->eudicotyledons->Mesangiospermae->Magnoliophyta->Spermatophyta->Euphyllophyta->Tracheophyta->Embryophyta->Streptophytina->Streptophyta->Chloroplastida->Archaeplastida->Eukaryota->cellular organisms->life" nexsonid "node766560"
pgloadind     taxon mapping OTT ID 749529 taxonomy "Epimedium rhizomatosum->Epimedium->Berberidaceae->Ranunculales->stem eudicotyledons->eudicotyledons->Mesangiospermae->Magnoliophyta->Spermatophyta->Euphyllophyta->Tracheophyta->Embryophyta->Streptophytina->Streptophyta->Chloroplastida->Archaeplastida->Eukaryota->cellular organisms->life" nexsonid "node766561"
pgloadind     taxon mapping OTT ID 501685 taxonomy "Epimedium pubescens->Epimedium->Berberidaceae->Ranunculales->stem eudicotyledons->eudicotyledons->Mesangiospermae->Magnoliophyta->Spermatophyta->Euphyllophyta->Tracheophyta->Embryophyta->Streptophytina->Streptophyta->Chloroplastida->Archaeplastida->Eukaryota->cellular organisms->life" nexsonid "node766562"
pgloadind     taxon mapping OTT ID 137462 taxonomy "Epimedium alpinum->Epimedium->Berberidaceae->Ranunculales->stem eudicotyledons->eudicotyledons->Mesangiospermae->Magnoliophyta->Spermatophyta->Euphyllophyta->Tracheophyta->Embryophyta->Streptophytina->Streptophyta->Chloroplastida->Archaeplastida->Eukaryota->cellular organisms->life" nexsonid "node766566"
pgloadind     taxon mapping OTT ID 749539 taxonomy "Epimedium pubigerum->Epimedium->Berberidaceae->Ranunculales->stem eudicotyledons->eudicotyledons->Mesangiospermae->Magnoliophyta->Spermatophyta->Euphyllophyta->Tracheophyta->Embryophyta->Streptophytina->Streptophyta->Chloroplastida->Archaeplastida->Eukaryota->cellular organisms->life" nexsonid "node766567"
pgloadind     taxon mapping OTT ID 749541 taxonomy "Epimedium diphyllum->Epimedium->Berberidaceae->Ranunculales->stem eudicotyledons->eudicotyledons->Mesangiospermae->Magnoliophyta->Spermatophyta->Euphyllophyta->Tracheophyta->Embryophyta->Streptophytina->Streptophyta->Chloroplastida->Archaeplastida->Eukaryota->cellular organisms->life" nexsonid "node766569"
pgloadind     taxon mapping OTT ID 655264 taxonomy "Epimedium grandiflorum->Epimedium->Berberidaceae->Ranunculales->stem eudicotyledons->eudicotyledons->Mesangiospermae->Magnoliophyta->Spermatophyta->Euphyllophyta->Tracheophyta->Embryophyta->Streptophytina->Streptophyta->Chloroplastida->Archaeplastida->Eukaryota->cellular organisms->life" nexsonid "node766570"
pgloadind     taxon mapping OTT ID 668323 taxonomy "Epimedium trifoliatobinatum->Epimedium->Berberidaceae->Ranunculales->stem eudicotyledons->eudicotyledons->Mesangiospermae->Magnoliophyta->Spermatophyta->Euphyllophyta->Tracheophyta->Embryophyta->Streptophytina->Streptophyta->Chloroplastida->Archaeplastida->Eukaryota->cellular organisms->life" nexsonid "node766571"
pgloadind     taxon mapping OTT ID 1096860 taxonomy "Epimedium koreanum->Epimedium->Berberidaceae->Ranunculales->stem eudicotyledons->eudicotyledons->Mesangiospermae->Magnoliophyta->Spermatophyta->Euphyllophyta->Tracheophyta->Embryophyta->Streptophytina->Streptophyta->Chloroplastida->Archaeplastida->Eukaryota->cellular organisms->life" nexsonid "node766572"
pgloadind     taxon mapping OTT ID 668314 taxonomy "Epimedium perralderianum->Epimedium->Berberidaceae->Ranunculales->stem eudicotyledons->eudicotyledons->Mesangiospermae->Magnoliophyta->Spermatophyta->Euphyllophyta->Tracheophyta->Embryophyta->Streptophytina->Streptophyta->Chloroplastida->Archaeplastida->Eukaryota->cellular organisms->life" nexsonid "node766574"
pgloadind     taxon mapping OTT ID 668312 taxonomy "Epimedium pinnatum->Epimedium->Berberidaceae->Ranunculales->stem eudicotyledons->eudicotyledons->Mesangiospermae->Magnoliophyta->Spermatophyta->Euphyllophyta->Tracheophyta->Embryophyta->Streptophytina->Streptophyta->Chloroplastida->Archaeplastida->Eukaryota->cellular organisms->life" nexsonid "node766575"
pgloadind     taxon mapping OTT ID 196523 taxonomy "Epimedium elatum->Epimedium->Berberidaceae->Ranunculales->stem eudicotyledons->eudicotyledons->Mesangiospermae->Magnoliophyta->Spermatophyta->Euphyllophyta->Tracheophyta->Embryophyta->Streptophytina->Streptophyta->Chloroplastida->Archaeplastida->Eukaryota->cellular organisms->life" nexsonid "node766576"
done fixing name
pgloadind Finished with attempts to fix names
pgloadind   Checking for uniqueness of OTT IDs tree id "4128"
pgloadind   Adding tree to graph tree id "4128"
all trees have all taxa: false
	using bipartition technique
attempting to remap tips to deepest exemplified taxa
this is the ROOT
placing root in index
Dealing with metadata property: id
Dealing with metadata property: ot:studyPublicationReference
Adding property 'ot:studyPublicationReference': Zhang, M. L., Uhink, C. H., & Kadereit, J. W. (2007). Phylogeny and biogeography of Epimedium/Vancouveria (Berberidaceae): Western North American-East Asian disjunctions, the origin of European mountain plant taxa, and East Asian species diversity. Systematic botany, 32(1), 81-92.
Dealing with metadata property: ot:focalCladeOTTTaxonName
Adding property 'ot:focalCladeOTTTaxonName': Berberidaceae
Dealing with metadata property: ot:studyYear
Adding property 'ot:studyYear': 2006
Dealing with metadata property: ot:inGroupClade
Adding property 'ot:inGroupClade': node766524
Dealing with metadata property: ot:tag
Adding property 'ot:tag': ingroup added for Fig. 2
Dealing with metadata property: ot:curatorName
Adding property 'ot:curatorName': William Wysocki
Dealing with metadata property: ot:studyPublication
Adding property 'ot:studyPublication': http://dx.doi.org/10.1600/036364407780360265
Dealing with metadata property: ot:focalClade
Adding property 'ot:focalClade': 1157978
Dealing with metadata property: ot:curatedType
Adding property 'ot:curatedType': Fig. 2
Dealing with metadata property: ot:studyId
Adding property 'ot:studyId': 112
Dealing with metadata property: ot:dataDeposit
Adding property 'ot:dataDeposit': http://purl.org/phylo/treebase/phylows/study/TB2:S1623
Committing nodes: 53
{2523162}
2523166
2523168
2523170
2523172
2523177
2523184
2523186
2523187
2523189
2523191
2523193
2523194
2523196
2523198
2523200
2523202
2523204
2523218
2523221
2523227
2523231
2523234
2523238
2523240
2523242
2523244
2523248
2523252
2523254
2523256
2523260
2523262
2523264
2523266
2523280
[]
