pgloadind OTUs number 46
pgloadind Processing tree @id "2521"
pgloadind   tree info number nodes 91
pgloadind   tree info number edges 90
pgloadind   tree info ingroup "node574555"
pgloadind   Setting ingroup root node.
pgloadind   Ingested tree number of external nodes 41
pgloadind   property added ot:studyPublicationReference "Shoup S., & Lewis L. 2003. Polyphyletic origin of parallel basal bodies in swimming cells of chlorophycean green algae (Chlorophyta). Journal of Phycology, 39: 789-796."
pgloadind   property added ot:studyPublication "http://dx.doi.org/10.1046/j.1529-8817.2003.03009.x"
pgloadind   property added ot:curatorName "bryan drew"
pgloadind   property added ot:dataDeposit "http://purl.org/phylo/treebase/phylows/study/TB2:S1077"
pgloadind   property added ot:studyId "1250"
pgloadind   property added ot:studyYear "2003"
pgloadind   property added ot:focalClade "913687"
pgloadind   property added ot:tag "ingroup added;"
pgloadind   property added ot:inGroupClade "node574555"
loading a specific tree: 2521
pgloadind conducting TNRS on trees
pgloadind   name fixing on tree tree id "2521"
pgloadind   all nodes have ottIds
pgloadind     OTT ID not in database (probably dubious)
pgloadind       dubious name "Chaetopeltis orbicularis" nexsonid "node574557"
pgloadind       dubious OTT ID 322041
pgloadind     OTT ID not in database (probably dubious)
pgloadind       dubious name "Hormotilopsis gelatinosa" nexsonid "node574560"
pgloadind       dubious OTT ID 828965
pgloadind     OTT ID not in database (probably dubious)
pgloadind       dubious name "Cylindrocapsa geminella" nexsonid "node574576"
pgloadind       dubious OTT ID 786146
pgloadind     OTT ID not in database (probably dubious)
pgloadind       dubious name "Trochiscia hystrix" nexsonid "node574577"
pgloadind       dubious OTT ID 889743
pgloadind     OTT ID not in database (probably dubious)
pgloadind       dubious name "Neochloris aquatica" nexsonid "node574589"
pgloadind       dubious OTT ID 129610
pgloadind     OTT ID not in database (probably dubious)
pgloadind       dubious name "Bracteacoccus minor" nexsonid "node574592"
pgloadind       dubious OTT ID 1086851
pgloadind     OTT ID not in database (probably dubious)
pgloadind       dubious name "Bracteacoccus giganteus" nexsonid "node574593"
pgloadind       dubious OTT ID 1086837
pgloadind     OTT ID not in database (probably dubious)
pgloadind       dubious name "Dictyochloris fragrans" nexsonid "node574602"
pgloadind       dubious OTT ID 502660
pgloadind     OTT ID not in database (probably dubious)
pgloadind       dubious name "Dictyochloris pulchra" nexsonid "node574603"
pgloadind       dubious OTT ID 502659
pgloadind     OTT ID not in database (probably dubious)
pgloadind       dubious name "Dictyochloris fragrans" nexsonid "node574604"
pgloadind       dubious OTT ID 502660
pgloadind     OTT ID not in database (probably dubious)
pgloadind       dubious name "Carteria crucifera" nexsonid "node574606"
pgloadind       dubious OTT ID 958297
pgloadind     OTT ID not in database (probably dubious)
pgloadind       dubious name "Spongiochloris spongiosa" nexsonid "node574613"
pgloadind       dubious OTT ID 560348
pgloadind     OTT ID not in database (probably dubious)
pgloadind       dubious name "Chlamydopodium vacuolatum" nexsonid "node574614"
pgloadind       dubious OTT ID 129606
pgloadind     OTT ID not in database (probably dubious)
pgloadind       dubious name "Tetraspora sp." nexsonid "node574626"
pgloadind       dubious OTT ID 896520
pgloadind     OTT ID not in database (probably dubious)
pgloadind       dubious name "Heterochlamydomonas lobata" nexsonid "node574629"
pgloadind       dubious OTT ID 818261
pgloadind     OTT ID not in database (probably dubious)
pgloadind       dubious name "Heterochlamydomonas inaequalis" nexsonid "node574631"
pgloadind       dubious OTT ID 1077837
pgloadind     OTT ID not in database (probably dubious)
pgloadind       dubious name "Heterochlamydomonas rugosa" nexsonid "node574632"
pgloadind       dubious OTT ID 818260
pgloadind     OTT ID not in database (probably dubious)
pgloadind       dubious name "Carteria radiosa" nexsonid "node574634"
pgloadind       dubious OTT ID 836082
pgloadind     OTT ID not in database (probably dubious)
pgloadind       dubious name "Carteria obtusa" nexsonid "node574635"
pgloadind       dubious OTT ID 765696
pgloadind     pruning dups and overlapping name "Bracteacoccus minor" nexsonid "node574592"
pgloadind     pruning dups and overlapping name "Heterochlamydomonas inaequalis" nexsonid "node574631"
pgloadind     pruning dups and overlapping name "Cylindrocapsa geminella" nexsonid "node574576"
pgloadind     pruning dups and overlapping name "Carteria crucifera" nexsonid "node574606"
pgloadind     pruning dups and overlapping name "Heterochlamydomonas rugosa" nexsonid "node574632"
pgloadind     pruning dups and overlapping name "Trochiscia hystrix" nexsonid "node574577"
pgloadind     pruning dups and overlapping name "Chlamydopodium vacuolatum" nexsonid "node574614"
pgloadind     pruning dups and overlapping name "Heterochlamydomonas lobata" nexsonid "node574629"
pgloadind     pruning dups and overlapping name "Tetraspora sp." nexsonid "node574626"
pgloadind     pruning dups and overlapping name "Chaetopeltis orbicularis" nexsonid "node574557"
pgloadind     pruning dups and overlapping name "Dictyochloris fragrans" nexsonid "node574604"
pgloadind     pruning dups and overlapping name "Dictyochloris fragrans" nexsonid "node574602"
pgloadind     pruning dups and overlapping name "Carteria radiosa" nexsonid "node574634"
pgloadind     pruning dups and overlapping name "Dictyochloris pulchra" nexsonid "node574603"
pgloadind     pruning dups and overlapping name "Bracteacoccus giganteus" nexsonid "node574593"
pgloadind     pruning dups and overlapping name "Neochloris aquatica" nexsonid "node574589"
pgloadind     pruning dups and overlapping name "Carteria obtusa" nexsonid "node574635"
pgloadind     pruning dups and overlapping name "Hormotilopsis gelatinosa" nexsonid "node574560"
pgloadind     pruning dups and overlapping name "Spongiochloris spongiosa" nexsonid "node574613"
pgloadind   postpruning newick tree "(((Bulbochaete_hiloensis,Oedogonium_cardiacum),(((((Sphaeroplea_robusta,Sphaeroplea_soleirolii_var_crassisepta),Atractomorpha_echinata),Ankyra_judayi),(((Ankistrodesmus_stipitatus,Ourococcus_multisporus),(Acutodesmus_obliquus,((Hydrodictyon_reticulatum,Pediastrum_duplex),Characiopodium_hindakii))),(Schroederia_setigera,Pseudoschroederia_antillarum))),(Lobochlamys_segnis,(((Chlamydomonas_moewusii,Chlamydomonas_noctigama),Haematococcus),(Chlamydomonas_baca,(Volvox_carteri,Chlamydomonas_reinhardtii)))))),Floydiella_terrestris)"
pgloadind   taxon mapping summary
pgloadind     taxon mapping OTT ID 197173 taxonomy "Bulbochaete rectangularis var. hiloensis->Bulbochaete rectangularis->Bulbochaete->Oedogoniaceae->Oedogoniales->Chlorophyceae->Chlorophyta->Chloroplastida->Archaeplastida->Eukaryota->cellular organisms->life" nexsonid "node574563"
pgloadind     taxon mapping OTT ID 197180 taxonomy "Oedogonium cardiacum->Oedogonium->Oedogoniaceae->Oedogoniales->Chlorophyceae->Chlorophyta->Chloroplastida->Archaeplastida->Eukaryota->cellular organisms->life" nexsonid "node574564"
pgloadind     taxon mapping OTT ID 816700 taxonomy "Sphaeroplea robusta->Sphaeroplea->Sphaeropleaceae->Sphaeropleales->Chlorophyceae->Chlorophyta->Chloroplastida->Archaeplastida->Eukaryota->cellular organisms->life" nexsonid "node574571"
pgloadind     taxon mapping OTT ID 374989 taxonomy "Sphaeroplea soleirolii var. crassisepta->Sphaeroplea soleirolii->Sphaeroplea->Sphaeropleaceae->Sphaeropleales->Chlorophyceae->Chlorophyta->Chloroplastida->Archaeplastida->Eukaryota->cellular organisms->life" nexsonid "node574572"
pgloadind     taxon mapping OTT ID 495273 taxonomy "Atractomorpha echinata->Atractomorpha->Sphaeropleaceae->Sphaeropleales->Chlorophyceae->Chlorophyta->Chloroplastida->Archaeplastida->Eukaryota->cellular organisms->life" nexsonid "node574573"
pgloadind     taxon mapping OTT ID 816737 taxonomy "Ankyra judayi->Ankyra->Sphaeropleaceae->Sphaeropleales->Chlorophyceae->Chlorophyta->Chloroplastida->Archaeplastida->Eukaryota->cellular organisms->life" nexsonid "node574574"
pgloadind     taxon mapping OTT ID 425621 taxonomy "Ankistrodesmus stipitatus->Ankistrodesmus->Selenastraceae->Sphaeropleales->Chlorophyceae->Chlorophyta->Chloroplastida->Archaeplastida->Eukaryota->cellular organisms->life" nexsonid "node574595"
pgloadind     taxon mapping OTT ID 362579 taxonomy "Ourococcus multisporus->Ourococcus->Sphaeropleaceae->Sphaeropleales->Chlorophyceae->Chlorophyta->Chloroplastida->Archaeplastida->Eukaryota->cellular organisms->life" nexsonid "node574596"
pgloadind     taxon mapping OTT ID 651329 taxonomy "Acutodesmus obliquus->Acutodesmus->Scenedesmaceae->Sphaeropleales->Chlorophyceae->Chlorophyta->Chloroplastida->Archaeplastida->Eukaryota->cellular organisms->life" nexsonid "node574583"
pgloadind     taxon mapping OTT ID 425631 taxonomy "Hydrodictyon reticulatum->Hydrodictyon->Hydrodictyaceae->Sphaeropleales->Chlorophyceae->Chlorophyta->Chloroplastida->Archaeplastida->Eukaryota->cellular organisms->life" nexsonid "node574586"
pgloadind     taxon mapping OTT ID 425627 taxonomy "Pediastrum duplex->Pediastrum->Hydrodictyaceae->Sphaeropleales->Chlorophyceae->Chlorophyta->Chloroplastida->Archaeplastida->Eukaryota->cellular organisms->life" nexsonid "node574587"
pgloadind     taxon mapping OTT ID 129598 taxonomy "Characiopodium hindakii->Characiopodium->Neochloridaceae->Sphaeropleales->Chlorophyceae->Chlorophyta->Chloroplastida->Archaeplastida->Eukaryota->cellular organisms->life" nexsonid "node574590"
pgloadind     taxon mapping OTT ID 362581 taxonomy "Schroederia setigera->Schroederia->Sphaeropleaceae->Sphaeropleales->Chlorophyceae->Chlorophyta->Chloroplastida->Archaeplastida->Eukaryota->cellular organisms->life" nexsonid "node574598"
pgloadind     taxon mapping OTT ID 132563 taxonomy "Pseudoschroederia antillarum->Pseudoschroederia->Sphaeropleaceae->Sphaeropleales->Chlorophyceae->Chlorophyta->Chloroplastida->Archaeplastida->Eukaryota->cellular organisms->life" nexsonid "node574599"
pgloadind     taxon mapping OTT ID 340080 taxonomy "Lobochlamys segnis->Lobochlamys->Chlamydomonadaceae->Chlamydomonadales->Chlorophyceae->Chlorophyta->Chloroplastida->Archaeplastida->Eukaryota->cellular organisms->life" nexsonid "node574608"
pgloadind     taxon mapping OTT ID 745293 taxonomy "Chlamydomonas moewusii->Chlamydomonas->Chlamydomonadaceae->Chlamydomonadales->Chlorophyceae->Chlorophyta->Chloroplastida->Archaeplastida->Eukaryota->cellular organisms->life" nexsonid "node574617"
pgloadind     taxon mapping OTT ID 934612 taxonomy "Chlamydomonas noctigama->Chlamydomonas->Chlamydomonadaceae->Chlamydomonadales->Chlorophyceae->Chlorophyta->Chloroplastida->Archaeplastida->Eukaryota->cellular organisms->life" nexsonid "node574618"
pgloadind     taxon mapping OTT ID 79303 taxonomy "Haematococcus->Haematococcaceae->Chlamydomonadales->Chlorophyceae->Chlorophyta->Chloroplastida->Archaeplastida->Eukaryota->cellular organisms->life" nexsonid "node574615"
pgloadind     taxon mapping OTT ID 934607 taxonomy "Chlamydomonas baca->Chlamydomonas->Chlamydomonadaceae->Chlamydomonadales->Chlorophyceae->Chlorophyta->Chloroplastida->Archaeplastida->Eukaryota->cellular organisms->life" nexsonid "node574627"
pgloadind     taxon mapping OTT ID 391120 taxonomy "Volvox carteri->Volvox->Volvocaceae->Chlamydomonadales->Chlorophyceae->Chlorophyta->Chloroplastida->Archaeplastida->Eukaryota->cellular organisms->life" nexsonid "node574624"
pgloadind     taxon mapping OTT ID 33153 taxonomy "Chlamydomonas reinhardtii->Chlamydomonas->Chlamydomonadaceae->Chlamydomonadales->Chlorophyceae->Chlorophyta->Chloroplastida->Archaeplastida->Eukaryota->cellular organisms->life" nexsonid "node574625"
pgloadind     taxon mapping OTT ID 311478 taxonomy "Floydiella terrestris->Floydiella->Chaetopeltidaceae->Chaetopeltidales->Chlorophyceae->Chlorophyta->Chloroplastida->Archaeplastida->Eukaryota->cellular organisms->life" nexsonid "node574559"
done fixing name
pgloadind Finished with attempts to fix names
pgloadind   Checking for uniqueness of OTT IDs tree id "2521"
pgloadind   Adding tree to graph tree id "2521"
all trees have all taxa: false
	using bipartition technique
attempting to remap tips to deepest exemplified taxa
	Volvox carteri was remapped to 'Volvocaceae' (id=3061084)
	Ankyra judayi was remapped to 'Ankyra' (id=3064289)
	Lobochlamys segnis was remapped to 'Lobochlamys' (id=3061930)
	Oedogonium cardiacum was remapped to 'Oedogonium' (id=3062771)
	Sphaeroplea soleirolii var. crassisepta was remapped to 'Sphaeroplea soleirolii' (id=3064283)
	Pediastrum duplex was remapped to 'Pediastrum' (id=3063143)
	Schroederia setigera was remapped to 'Schroederia' (id=3064189)
	Ourococcus multisporus was remapped to 'Ourococcus' (id=3064182)
	Hydrodictyon reticulatum was remapped to 'Hydrodictyon' (id=3063199)
	Characiopodium hindakii was remapped to 'Neochloridaceae' (id=3064304)
	Bulbochaete hiloensis was remapped to 'Bulbochaete' (id=3062715)
	Pseudoschroederia antillarum was remapped to 'Pseudoschroederia' (id=3064202)
	Atractomorpha echinata was remapped to 'Atractomorpha' (id=3064208)
	Ankistrodesmus stipitatus was remapped to 'Selenastraceae' (id=3063230)
	Floydiella terrestris was remapped to 'Chaetopeltidales' (id=3060640)
	Haematococcus was remapped to 'Haematococcaceae' (id=3061007)
	Acutodesmus obliquus was remapped to 'Scenedesmaceae' (id=3063448)
this is the ROOT
placing root in index
Dealing with metadata property: id
Dealing with metadata property: ot:studyPublicationReference
Adding property 'ot:studyPublicationReference': Shoup S., & Lewis L. 2003. Polyphyletic origin of parallel basal bodies in swimming cells of chlorophycean green algae (Chlorophyta). Journal of Phycology, 39: 789-796.
Dealing with metadata property: ot:studyYear
Adding property 'ot:studyYear': 2003
Dealing with metadata property: ot:inGroupClade
Adding property 'ot:inGroupClade': node574555
Dealing with metadata property: ot:tag
Adding property 'ot:tag': ingroup added;
Dealing with metadata property: ot:curatorName
Adding property 'ot:curatorName': bryan drew
Dealing with metadata property: ot:studyPublication
Adding property 'ot:studyPublication': http://dx.doi.org/10.1046/j.1529-8817.2003.03009.x
Dealing with metadata property: ot:focalClade
Adding property 'ot:focalClade': 913687
Dealing with metadata property: ot:studyId
Adding property 'ot:studyId': 1250
Dealing with metadata property: ot:dataDeposit
Adding property 'ot:dataDeposit': http://purl.org/phylo/treebase/phylows/study/TB2:S1077
Committing nodes: 43
{3060524}
3061237
3061450
3061499
3061502
3064282
3060640
	adding Node[3060640] Chaetopeltidales 311487 as compatible with Node[3060640]
		adding Relationship[8257268]
3061007
3061084
3061930
	adding Node[3061930] Lobochlamys 910837 as compatible with Node[3061930]
		adding Relationship[8257269]
3062715
	adding Node[3062715] Bulbochaete 720713 as compatible with Node[3062715]
		adding Relationship[8257270]
	adding Node[3062713] Oedogoniales 916752 as compatible with Node[3062714]
		adding Relationship[8257271]
3062771
	adding Node[3062771] Oedogonium 197177 as compatible with Node[3062771]
		adding Relationship[8257272]
3063143
3063199
	adding Node[3063199] Hydrodictyon 425629 as compatible with Node[3063199]
		adding Relationship[8257273]
3063230
	adding Node[3063230] Selenastraceae 441643 as compatible with Node[3063230]
		adding Relationship[8257274]
3063448
3064182
	adding Node[3064182] Ourococcus 362576 as compatible with Node[3064182]
		adding Relationship[8257275]
3064189
	adding Node[3064189] Schroederia 1076660 as compatible with Node[3064189]
		adding Relationship[8257276]
3064202
	adding Node[3064202] Pseudoschroederia 362580 as compatible with Node[3064202]
		adding Relationship[8257277]
3064208
	adding Node[3064208] Atractomorpha 495275 as compatible with Node[3064208]
		adding Relationship[8257278]
3064283
3064289
	adding Node[3064289] Ankyra 869742 as compatible with Node[3064289]
		adding Relationship[8257279]
3064304
	adding Node[3064304] Neochloridaceae 132568 as compatible with Node[3064304]
		adding Relationship[8257280]
[Node[3064182], Node[3064304], Node[3064189], Node[3064208], Node[3063065], Node[3501495], Node[3501492], Node[3061930], Node[3501490], Node[3064202], Node[3060651], Node[3062714], Node[3062715], Node[3501491], Node[3501489], Node[3062713], Node[3064289], Node[3501503], Node[3062771], Node[3060524], Node[3063230], Node[3060640], Node[3063199]]
	Node[3064182]
		adding Relationship[8257281] from Node[3064182] to Node[3501491]
	Node[3064304]
		adding Relationship[8257282] from Node[3064304] to Node[3501492]
	Node[3064189]
		adding Relationship[8257283] from Node[3064189] to Node[3501495]
	Node[3064208]
		adding Relationship[8257284] from Node[3064208] to Node[3501489]
	Node[3063065]
		adding Relationship[8257285] from Node[3063065] to Node[3501492]
	Node[3501495]
	Node[3501492]
	Node[3061930]
		adding Relationship[8257286] from Node[3061930] to Node[3060651]
	Node[3501490]
	Node[3064202]
		adding Relationship[8257287] from Node[3064202] to Node[3501495]
	Node[3060651]
		adding Relationship[8257288] from Node[3060651] to Node[3060524]
	Node[3062714]
		adding Relationship[8257289] from Node[3062714] to Node[3501503]
		adding Relationship[8257290] from Node[3062714] to Node[3062713]
	Node[3062715]
		adding Relationship[8257291] from Node[3062715] to Node[3062714]
	Node[3501491]
	Node[3501489]
		adding Relationship[8257292] from Node[3501489] to Node[3501490]
	Node[3062713]
		adding Relationship[8257293] from Node[3062713] to Node[3060524]
	Node[3064289]
		adding Relationship[8257294] from Node[3064289] to Node[3501490]
	Node[3501503]
		adding Relationship[8257295] from Node[3501503] to Node[3060524]
	Node[3062771]
		adding Relationship[8257296] from Node[3062771] to Node[3062714]
	Node[3060524]
	Node[3063230]
		adding Relationship[8257297] from Node[3063230] to Node[3501491]
	Node[3060640]
		adding Relationship[8257298] from Node[3060640] to Node[3060524]
	Node[3063199]
		adding Relationship[8257299] from Node[3063199] to Node[3063065]
