pgloadind OTUs number 37
pgloadind Processing tree @id "2711"
pgloadind   tree info number nodes 72
pgloadind   tree info number edges 71
pgloadind   tree info ingroup "node597795"
pgloadind   Setting ingroup root node.
pgloadind   Ingested tree number of external nodes 34
pgloadind   property added ot:studyPublicationReference "Pedersen, N., & Hedenäs, L. (2003). Phylogenetic investigations of a well supported clade within the acrocarpous moss family Bryaceae: evidence from seven chloroplast DNA sequences and morphology. Plant Systematics and Evolution, 240(1), 115-132."
pgloadind   property added ot:studyPublication "http://dx.doi.org/10.1007/s00606-003-0019-9"
pgloadind   property added ot:curatorName "bryan drew"
pgloadind   property added ot:dataDeposit "http://purl.org/phylo/treebase/phylows/study/TB2:S991"
pgloadind   property added ot:studyId "1359"
pgloadind   property added ot:studyYear "2003"
pgloadind   property added ot:focalClade "1650831"
pgloadind   property added ot:tag "ingroup added;"
pgloadind   property added ot:tag "cpDNA & morphology"
pgloadind   property added ot:inGroupClade "node597795"
loading a specific tree: 2711
pgloadind conducting TNRS on trees
pgloadind   name fixing on tree tree id "2711"
pgloadind   all nodes have ottIds
pgloadind   postpruning newick tree "((((((Acidodontium_ramicola,(Acidodontium_sprucei,Acidodontium_subrotundum)),(((Anomobryum_humillimum,Anomobryum_prostratum),Anomobryum_julaceum),(Haplodontium_megalocarpum,Haplodontium_reticulatum))),Bryum_cellulare),(Anomobryum_conicum,(((Brachymenium_acuminatum,(Brachymenium_preissianum,Bryum_caucasicum)),((((Bryum_kikuyuense,(Bryum_gemmiferum,Bryum_pachytheca)),Bryum_clavatum),((Bryum_bicolor,Bryum_caespiticium),Bryum_funkii)),Bryum_ruderale)),Bryum_argenteum))),(Bryum_alpinum,Bryum_coronatum)),(((((Bryum_algovicum,Bryum_pseudotriquetrum),(Bryum_lisae,Bryum_radiculosum)),Bryum_donianum),((Bryum_cyclophyllum,Bryum_meesioides),Plagiobryum_zierii)),(Bryum_capillare,Plagiobryum_orthothecium)))"
pgloadind   taxon mapping summary
pgloadind     taxon mapping OTT ID 1041343 taxonomy "Acidodontium ramicola->Acidodontium->Bryaceae->Bryales->Bryanae->Bryidae->Bryopsida->Bryophytina->Bryophyta->Embryophyta->Streptophytina->Streptophyta->Chloroplastida->Archaeplastida->Eukaryota->cellular organisms->life" nexsonid "node597801"
pgloadind     taxon mapping OTT ID 985853 taxonomy "Acidodontium sprucei->Acidodontium->Bryaceae->Bryales->Bryanae->Bryidae->Bryopsida->Bryophytina->Bryophyta->Embryophyta->Streptophytina->Streptophyta->Chloroplastida->Archaeplastida->Eukaryota->cellular organisms->life" nexsonid "node597803"
pgloadind     taxon mapping OTT ID 985847 taxonomy "Acidodontium subrotundum->Acidodontium->Bryaceae->Bryales->Bryanae->Bryidae->Bryopsida->Bryophytina->Bryophyta->Embryophyta->Streptophytina->Streptophyta->Chloroplastida->Archaeplastida->Eukaryota->cellular organisms->life" nexsonid "node597804"
pgloadind     taxon mapping OTT ID 358887 taxonomy "Anomobryum humillimum->Anomobryum->Bryaceae->Bryales->Bryanae->Bryidae->Bryopsida->Bryophytina->Bryophyta->Embryophyta->Streptophytina->Streptophyta->Chloroplastida->Archaeplastida->Eukaryota->cellular organisms->life" nexsonid "node597808"
pgloadind     taxon mapping OTT ID 358886 taxonomy "Anomobryum prostratum->Anomobryum->Bryaceae->Bryales->Bryanae->Bryidae->Bryopsida->Bryophytina->Bryophyta->Embryophyta->Streptophytina->Streptophyta->Chloroplastida->Archaeplastida->Eukaryota->cellular organisms->life" nexsonid "node597809"
pgloadind     taxon mapping OTT ID 414934 taxonomy "Anomobryum julaceum->Anomobryum->Bryaceae->Bryales->Bryanae->Bryidae->Bryopsida->Bryophytina->Bryophyta->Embryophyta->Streptophytina->Streptophyta->Chloroplastida->Archaeplastida->Eukaryota->cellular organisms->life" nexsonid "node597810"
pgloadind     taxon mapping OTT ID 1002622 taxonomy "Mielichhoferia megalocarpum->Mielichhoferia->Mniaceae->Bryales->Bryanae->Bryidae->Bryopsida->Bryophytina->Bryophyta->Embryophyta->Streptophytina->Streptophyta->Chloroplastida->Archaeplastida->Eukaryota->cellular organisms->life" nexsonid "node597812"
pgloadind     taxon mapping OTT ID 899849 taxonomy "Haplodontium reticulatum->Haplodontium->Mniaceae->Bryales->Bryanae->Bryidae->Bryopsida->Bryophytina->Bryophyta->Embryophyta->Streptophytina->Streptophyta->Chloroplastida->Archaeplastida->Eukaryota->cellular organisms->life" nexsonid "node597813"
pgloadind     taxon mapping OTT ID 409265 taxonomy "Bryum cellulare->Bryum->Bryaceae->Bryales->Bryanae->Bryidae->Bryopsida->Bryophytina->Bryophyta->Embryophyta->Streptophytina->Streptophyta->Chloroplastida->Archaeplastida->Eukaryota->cellular organisms->life" nexsonid "node597814"
pgloadind     taxon mapping OTT ID 1041322 taxonomy "Anomobryum conicum->Anomobryum->Bryaceae->Bryales->Bryanae->Bryidae->Bryopsida->Bryophytina->Bryophyta->Embryophyta->Streptophytina->Streptophyta->Chloroplastida->Archaeplastida->Eukaryota->cellular organisms->life" nexsonid "node597816"
pgloadind     taxon mapping OTT ID 985848 taxonomy "Bryum pungens->Bryum->Bryaceae->Bryales->Bryanae->Bryidae->Bryopsida->Bryophytina->Bryophyta->Embryophyta->Streptophytina->Streptophyta->Chloroplastida->Archaeplastida->Eukaryota->cellular organisms->life" nexsonid "node597820"
pgloadind     taxon mapping OTT ID 358876 taxonomy "Bryum preissianum->Bryum->Bryaceae->Bryales->Bryanae->Bryidae->Bryopsida->Bryophytina->Bryophyta->Embryophyta->Streptophytina->Streptophyta->Chloroplastida->Archaeplastida->Eukaryota->cellular organisms->life" nexsonid "node597822"
pgloadind     taxon mapping OTT ID 899873 taxonomy "Bryum caucasicum->Bryum->Bryaceae->Bryales->Bryanae->Bryidae->Bryopsida->Bryophytina->Bryophyta->Embryophyta->Streptophytina->Streptophyta->Chloroplastida->Archaeplastida->Eukaryota->cellular organisms->life" nexsonid "node597823"
pgloadind     taxon mapping OTT ID 358880 taxonomy "Bryum kikuyuense->Bryum->Bryaceae->Bryales->Bryanae->Bryidae->Bryopsida->Bryophytina->Bryophyta->Embryophyta->Streptophytina->Streptophyta->Chloroplastida->Archaeplastida->Eukaryota->cellular organisms->life" nexsonid "node597828"
pgloadind     taxon mapping OTT ID 358870 taxonomy "Bryum gemmiferum->Bryum->Bryaceae->Bryales->Bryanae->Bryidae->Bryopsida->Bryophytina->Bryophyta->Embryophyta->Streptophytina->Streptophyta->Chloroplastida->Archaeplastida->Eukaryota->cellular organisms->life" nexsonid "node597830"
pgloadind     taxon mapping OTT ID 374703 taxonomy "Bryum pachytheca->Bryum->Bryaceae->Bryales->Bryanae->Bryidae->Bryopsida->Bryophytina->Bryophyta->Embryophyta->Streptophytina->Streptophyta->Chloroplastida->Archaeplastida->Eukaryota->cellular organisms->life" nexsonid "node597831"
pgloadind     taxon mapping OTT ID 358874 taxonomy "Bryum clavatum->Bryum->Bryaceae->Bryales->Bryanae->Bryidae->Bryopsida->Bryophytina->Bryophyta->Embryophyta->Streptophytina->Streptophyta->Chloroplastida->Archaeplastida->Eukaryota->cellular organisms->life" nexsonid "node597832"
pgloadind     taxon mapping OTT ID 374717 taxonomy "Bryum bicolor->Bryum->Bryaceae->Bryales->Bryanae->Bryidae->Bryopsida->Bryophytina->Bryophyta->Embryophyta->Streptophytina->Streptophyta->Chloroplastida->Archaeplastida->Eukaryota->cellular organisms->life" nexsonid "node597835"
pgloadind     taxon mapping OTT ID 564060 taxonomy "Bryum caespiticium->Bryum->Bryaceae->Bryales->Bryanae->Bryidae->Bryopsida->Bryophytina->Bryophyta->Embryophyta->Streptophytina->Streptophyta->Chloroplastida->Archaeplastida->Eukaryota->cellular organisms->life" nexsonid "node597836"
pgloadind     taxon mapping OTT ID 409273 taxonomy "Bryum funckii->Bryum->Bryaceae->Bryales->Bryanae->Bryidae->Bryopsida->Bryophytina->Bryophyta->Embryophyta->Streptophytina->Streptophyta->Chloroplastida->Archaeplastida->Eukaryota->cellular organisms->life" nexsonid "node597837"
pgloadind     taxon mapping OTT ID 134296 taxonomy "Bryum ruderale->Bryum->Bryaceae->Bryales->Bryanae->Bryidae->Bryopsida->Bryophytina->Bryophyta->Embryophyta->Streptophytina->Streptophyta->Chloroplastida->Archaeplastida->Eukaryota->cellular organisms->life" nexsonid "node597838"
pgloadind     taxon mapping OTT ID 548802 taxonomy "Bryum argenteum->Bryum->Bryaceae->Bryales->Bryanae->Bryidae->Bryopsida->Bryophytina->Bryophyta->Embryophyta->Streptophytina->Streptophyta->Chloroplastida->Archaeplastida->Eukaryota->cellular organisms->life" nexsonid "node597839"
pgloadind     taxon mapping OTT ID 564062 taxonomy "Imbribryum alpinum->Imbribryum->Bryaceae->Bryales->Bryanae->Bryidae->Bryopsida->Bryophytina->Bryophyta->Embryophyta->Streptophytina->Streptophyta->Chloroplastida->Archaeplastida->Eukaryota->cellular organisms->life" nexsonid "node597841"
pgloadind     taxon mapping OTT ID 358872 taxonomy "Bryum coronatum->Bryum->Bryaceae->Bryales->Bryanae->Bryidae->Bryopsida->Bryophytina->Bryophyta->Embryophyta->Streptophytina->Streptophyta->Chloroplastida->Archaeplastida->Eukaryota->cellular organisms->life" nexsonid "node597842"
pgloadind     taxon mapping OTT ID 374707 taxonomy "Plagiobryum algovicum->Plagiobryum->Bryaceae->Bryales->Bryanae->Bryidae->Bryopsida->Bryophytina->Bryophyta->Embryophyta->Streptophytina->Streptophyta->Chloroplastida->Archaeplastida->Eukaryota->cellular organisms->life" nexsonid "node597848"
pgloadind     taxon mapping OTT ID 899857 taxonomy "Bryum pseudotriquetrum->Bryum->Bryaceae->Bryales->Bryanae->Bryidae->Bryopsida->Bryophytina->Bryophyta->Embryophyta->Streptophytina->Streptophyta->Chloroplastida->Archaeplastida->Eukaryota->cellular organisms->life" nexsonid "node597849"
pgloadind     taxon mapping OTT ID 374723 taxonomy "Plagiobryum lisae->Plagiobryum->Bryaceae->Bryales->Bryanae->Bryidae->Bryopsida->Bryophytina->Bryophyta->Embryophyta->Streptophytina->Streptophyta->Chloroplastida->Archaeplastida->Eukaryota->cellular organisms->life" nexsonid "node597851"
pgloadind     taxon mapping OTT ID 134294 taxonomy "Bryum radiculosum->Bryum->Bryaceae->Bryales->Bryanae->Bryidae->Bryopsida->Bryophytina->Bryophyta->Embryophyta->Streptophytina->Streptophyta->Chloroplastida->Archaeplastida->Eukaryota->cellular organisms->life" nexsonid "node597852"
pgloadind     taxon mapping OTT ID 564056 taxonomy "Plagiobryum donianum->Plagiobryum->Bryaceae->Bryales->Bryanae->Bryidae->Bryopsida->Bryophytina->Bryophyta->Embryophyta->Streptophytina->Streptophyta->Chloroplastida->Archaeplastida->Eukaryota->cellular organisms->life" nexsonid "node597853"
pgloadind     taxon mapping OTT ID 374719 taxonomy "Plagiobryum cyclophyllum->Plagiobryum->Bryaceae->Bryales->Bryanae->Bryidae->Bryopsida->Bryophytina->Bryophyta->Embryophyta->Streptophytina->Streptophyta->Chloroplastida->Archaeplastida->Eukaryota->cellular organisms->life" nexsonid "node597856"
pgloadind     taxon mapping OTT ID 374699 taxonomy "Plagiobryum meesioides->Plagiobryum->Bryaceae->Bryales->Bryanae->Bryidae->Bryopsida->Bryophytina->Bryophyta->Embryophyta->Streptophytina->Streptophyta->Chloroplastida->Archaeplastida->Eukaryota->cellular organisms->life" nexsonid "node597857"
pgloadind     taxon mapping OTT ID 1036220 taxonomy "Ptychostomum zieri->Ptychostomum->Bryaceae->Bryales->Bryanae->Bryidae->Bryopsida->Bryophytina->Bryophyta->Embryophyta->Streptophytina->Streptophyta->Chloroplastida->Archaeplastida->Eukaryota->cellular organisms->life" nexsonid "node597858"
pgloadind     taxon mapping OTT ID 366369 taxonomy "Rosulabryum capillare->Rosulabryum->Bryaceae->Bryales->Bryanae->Bryidae->Bryopsida->Bryophytina->Bryophyta->Embryophyta->Streptophytina->Streptophyta->Chloroplastida->Archaeplastida->Eukaryota->cellular organisms->life" nexsonid "node597860"
pgloadind     taxon mapping OTT ID 358866 taxonomy "Plagiobryum orthothecium->Plagiobryum->Bryaceae->Bryales->Bryanae->Bryidae->Bryopsida->Bryophytina->Bryophyta->Embryophyta->Streptophytina->Streptophyta->Chloroplastida->Archaeplastida->Eukaryota->cellular organisms->life" nexsonid "node597861"
done fixing name
pgloadind Finished with attempts to fix names
pgloadind   Checking for uniqueness of OTT IDs tree id "2711"
pgloadind   Adding tree to graph tree id "2711"
all trees have all taxa: false
	using bipartition technique
attempting to remap tips to deepest exemplified taxa
	Plagiobryum zierii was remapped to 'Ptychostomum' (id=3040826)
	Haplodontium megalocarpum was remapped to 'Mielichhoferia' (id=3039791)
	Bryum capillare was remapped to 'Rosulabryum' (id=3040115)
	Haplodontium reticulatum was remapped to 'Haplodontium' (id=3040003)
	Bryum alpinum was remapped to 'Imbribryum' (id=3040099)
this is the ROOT
placing root in index
Dealing with metadata property: id
Dealing with metadata property: ot:studyPublicationReference
Adding property 'ot:studyPublicationReference': Pedersen, N., & Hedenäs, L. (2003). Phylogenetic investigations of a well supported clade within the acrocarpous moss family Bryaceae: evidence from seven chloroplast DNA sequences and morphology. Plant Systematics and Evolution, 240(1), 115-132.
Dealing with metadata property: ot:studyYear
Adding property 'ot:studyYear': 2003
Dealing with metadata property: ot:inGroupClade
Adding property 'ot:inGroupClade': node597795
Dealing with metadata property: ot:tag
Adding property 'ot:tag': cpDNA & morphology
Dealing with metadata property: ot:curatorName
Adding property 'ot:curatorName': bryan drew
Dealing with metadata property: ot:studyPublication
Adding property 'ot:studyPublication': http://dx.doi.org/10.1007/s00606-003-0019-9
Dealing with metadata property: ot:focalClade
Adding property 'ot:focalClade': 1650831
Dealing with metadata property: ot:studyId
Adding property 'ot:studyId': 1359
Dealing with metadata property: ot:dataDeposit
Adding property 'ot:dataDeposit': http://purl.org/phylo/treebase/phylows/study/TB2:S991
Committing nodes: 67
{3039523}
3040146
3040150
3040154
3040160
3040167
3040175
3040199
3040200
3040207
3040208
3040273
3040275
3040277
3040279
3040283
3040289
3040293
3040306
3040310
3040319
3040329
3040332
3040334
3040340
3040348
3040356
3040852
3040854
3040857
3039791
	adding Node[3039791] Mielichhoferia 414932 as compatible with Node[3039791]
		adding Relationship[8257324]
3040003
	adding Node[3040003] Haplodontium 1010576 as compatible with Node[3040003]
		adding Relationship[8257325]
3040099
	adding Node[3040099] Imbribryum 196976 as compatible with Node[3040099]
		adding Relationship[8257326]
3040115
	adding Node[3040115] Rosulabryum 255872 as compatible with Node[3040115]
		adding Relationship[8257327]
3040826
	adding Node[3040826] Ptychostomum 909853 as compatible with Node[3040826]
		adding Relationship[8257328]
[Node[3501508], Node[3039791], Node[3040826], Node[3501515], Node[3040003], Node[3039524], Node[3501517], Node[3040099], Node[3040115]]
	Node[3501508]
	Node[3039791]
		adding Relationship[8257329] from Node[3039791] to Node[3039524]
	Node[3040826]
		adding Relationship[8257330] from Node[3040826] to Node[3501515]
	Node[3501515]
	Node[3040003]
		adding Relationship[8257331] from Node[3040003] to Node[3039524]
	Node[3039524]
	Node[3501517]
	Node[3040099]
		adding Relationship[8257332] from Node[3040099] to Node[3501508]
	Node[3040115]
		adding Relationship[8257333] from Node[3040115] to Node[3501517]
