pgloadind OTUs number 50
pgloadind Processing tree @id "2767"
pgloadind Tree tagged as deprecated. Ignoring. @id "2767"
pgloadind Processing tree @id "2768"
pgloadind Tree tagged as deprecated. Ignoring. @id "2768"
pgloadind Processing tree @id "5092"
pgloadind   tree info number nodes 77
pgloadind   tree info number edges 76
pgloadind   tree info ingroup "node881911"
pgloadind   Setting ingroup root node.
pgloadind   Ingested tree number of external nodes 35
pgloadind   property added ot:studyPublicationReference "Sherwood A., & Sheath R. 2003. Systematics of the Hildenbrandiales (Rhodophyta): gene sequence and morphometric analyses of global collections. Journal of Phycology, 39(2): 409-422."
pgloadind   property added ot:studyPublication "http://dx.doi.org/10.1046/j.1529-8817.2003.01050.x"
pgloadind   property added ot:curatorName "Jiabin Deng"
pgloadind   property added ot:dataDeposit "http://purl.org/phylo/treebase/phylows/study/TB2:S921"
pgloadind   property added ot:studyId "1386"
pgloadind   property added ot:studyYear "2003"
pgloadind   property added ot:focalClade "379383"
pgloadind   property added ot:tag "cpDNA & nrDNA & morphology"
pgloadind   property added ot:tag "ingroup added;"
pgloadind   property added ot:inGroupClade "node881911"
loading a specific tree: 5092
pgloadind conducting TNRS on trees
pgloadind   name fixing on tree tree id "5092"
pgloadind   all nodes have ottIds
pgloadind     OTT ID reused in tree
pgloadind       duplicate name "Hildenbrandia angolensis" nexsonid "node881915"
pgloadind       duplicate OTT ID 1012274
pgloadind     OTT ID reused in tree
pgloadind       duplicate name "Hildenbrandia rubra" nexsonid "node881920"
pgloadind       duplicate OTT ID 783458
pgloadind     OTT ID reused in tree
pgloadind       duplicate name "Hildenbrandia rubra" nexsonid "node881923"
pgloadind       duplicate OTT ID 783458
pgloadind     OTT ID reused in tree
pgloadind       duplicate name "Hildenbrandia rubra" nexsonid "node881924"
pgloadind       duplicate OTT ID 783458
pgloadind     OTT ID reused in tree
pgloadind       duplicate name "Hildenbrandia rubra" nexsonid "node881925"
pgloadind       duplicate OTT ID 783458
pgloadind     OTT ID reused in tree
pgloadind       duplicate name "Hildenbrandia rivularis" nexsonid "node881934"
pgloadind       duplicate OTT ID 513283
pgloadind     OTT ID reused in tree
pgloadind       duplicate name "Hildenbrandia rivularis" nexsonid "node881935"
pgloadind       duplicate OTT ID 513283
pgloadind     OTT ID reused in tree
pgloadind       duplicate name "Hildenbrandia rivularis" nexsonid "node881936"
pgloadind       duplicate OTT ID 513283
pgloadind     OTT ID reused in tree
pgloadind       duplicate name "Hildenbrandia angolensis" nexsonid "node881938"
pgloadind       duplicate OTT ID 1012274
pgloadind     OTT ID reused in tree
pgloadind       duplicate name "Hildenbrandia angolensis" nexsonid "node881939"
pgloadind       duplicate OTT ID 1012274
pgloadind     OTT ID reused in tree
pgloadind       duplicate name "Hildenbrandia angolensis" nexsonid "node881941"
pgloadind       duplicate OTT ID 1012274
pgloadind     OTT ID reused in tree
pgloadind       duplicate name "Hildenbrandia angolensis" nexsonid "node881942"
pgloadind       duplicate OTT ID 1012274
pgloadind     OTT ID reused in tree
pgloadind       duplicate name "Hildenbrandia angolensis" nexsonid "node881943"
pgloadind       duplicate OTT ID 1012274
pgloadind     OTT ID reused in tree
pgloadind       duplicate name "Hildenbrandia crouanii" nexsonid "node881948"
pgloadind       duplicate OTT ID 513284
pgloadind     OTT ID reused in tree
pgloadind       duplicate name "Hildenbrandia crouanii" nexsonid "node881949"
pgloadind       duplicate OTT ID 513284
pgloadind     OTT ID reused in tree
pgloadind       duplicate name "Hildenbrandia rubra" nexsonid "node881957"
pgloadind       duplicate OTT ID 783458
pgloadind     OTT ID reused in tree
pgloadind       duplicate name "Hildenbrandia lecannellieri" nexsonid "node881960"
pgloadind       duplicate OTT ID 281377
pgloadind     OTT ID reused in tree
pgloadind       duplicate name "Hildenbrandia rubra" nexsonid "node881964"
pgloadind       duplicate OTT ID 783458
pgloadind     OTT ID reused in tree
pgloadind       duplicate name "Hildenbrandia rubra" nexsonid "node881966"
pgloadind       duplicate OTT ID 783458
pgloadind     OTT ID reused in tree
pgloadind       duplicate name "Hildenbrandia rubra" nexsonid "node881968"
pgloadind       duplicate OTT ID 783458
pgloadind     OTT ID reused in tree
pgloadind       duplicate name "Hildenbrandia rubra" nexsonid "node881969"
pgloadind       duplicate OTT ID 783458
pgloadind     OTT ID reused in tree
pgloadind       duplicate name "Hildenbrandia rubra" nexsonid "node881970"
pgloadind       duplicate OTT ID 783458
pgloadind     OTT ID reused in tree
pgloadind       duplicate name "Hildenbrandia rubra" nexsonid "node881972"
pgloadind       duplicate OTT ID 783458
pgloadind     OTT ID reused in tree
pgloadind       duplicate name "Hildenbrandia rubra" nexsonid "node881973"
pgloadind       duplicate OTT ID 783458
pgloadind     OTT ID reused in tree
pgloadind       duplicate name "Hildenbrandia rubra" nexsonid "node881974"
pgloadind       duplicate OTT ID 783458
pgloadind     pruning dups and overlapping name "Hildenbrandia angolensis" nexsonid "node881941"
pgloadind     pruning dups and overlapping name "Hildenbrandia rivularis" nexsonid "node881934"
pgloadind     pruning dups and overlapping name "Hildenbrandia rubra" nexsonid "node881923"
pgloadind     pruning dups and overlapping name "Hildenbrandia rubra" nexsonid "node881974"
pgloadind     pruning dups and overlapping name "Hildenbrandia rubra" nexsonid "node881920"
pgloadind     pruning dups and overlapping name "Hildenbrandia angolensis" nexsonid "node881915"
pgloadind     pruning dups and overlapping name "Hildenbrandia rubra" nexsonid "node881924"
pgloadind     pruning dups and overlapping name "Hildenbrandia rubra" nexsonid "node881970"
pgloadind     pruning dups and overlapping name "Hildenbrandia angolensis" nexsonid "node881943"
pgloadind     pruning dups and overlapping name "Hildenbrandia angolensis" nexsonid "node881942"
pgloadind     pruning dups and overlapping name "Hildenbrandia rubra" nexsonid "node881957"
pgloadind     pruning dups and overlapping name "Hildenbrandia angolensis" nexsonid "node881938"
pgloadind     pruning dups and overlapping name "Hildenbrandia angolensis" nexsonid "node881939"
pgloadind     pruning dups and overlapping name "Hildenbrandia crouanii" nexsonid "node881948"
pgloadind     pruning dups and overlapping name "Hildenbrandia rubra" nexsonid "node881969"
pgloadind     pruning dups and overlapping name "Hildenbrandia rubra" nexsonid "node881972"
pgloadind     pruning dups and overlapping name "Hildenbrandia rubra" nexsonid "node881973"
pgloadind     pruning dups and overlapping name "Hildenbrandia rubra" nexsonid "node881966"
pgloadind     pruning dups and overlapping name "Hildenbrandia rivularis" nexsonid "node881936"
pgloadind     pruning dups and overlapping name "Hildenbrandia rivularis" nexsonid "node881935"
pgloadind     pruning dups and overlapping name "Hildenbrandia rubra" nexsonid "node881925"
pgloadind     pruning dups and overlapping name "Hildenbrandia crouanii" nexsonid "node881949"
pgloadind     pruning dups and overlapping name "Hildenbrandia rubra" nexsonid "node881968"
pgloadind     pruning dups and overlapping name "Hildenbrandia lecannellieri" nexsonid "node881960"
pgloadind     pruning dups and overlapping name "Hildenbrandia rubra" nexsonid "node881964"
pgloadind   postpruning newick tree "(Hildenbrandia_angolensis,((((Hildenbrandia_dawsonii,Hildenbrandia_patula),Hildenbrandia_rivularis),(Hildenbrandia_occidentalis,((Apophlaea_sinclairii,Apophlaea_lyallii),Hildenbrandia_lecannellieri))),(Hildenbrandia_crouanii,Hildenbrandia_rubra)))"
pgloadind   taxon mapping summary
pgloadind     taxon mapping OTT ID 1012274 taxonomy "Hildenbrandia angolensis->Hildenbrandia->Florideophycidae->Rhodophyceae->Archaeplastida->Eukaryota->cellular organisms->life" nexsonid "node881912"
pgloadind     taxon mapping OTT ID 805014 taxonomy "Hildenbrandia dawsonii->Hildenbrandia->Florideophycidae->Rhodophyceae->Archaeplastida->Eukaryota->cellular organisms->life" nexsonid "node881950"
pgloadind     taxon mapping OTT ID 805013 taxonomy "Hildenbrandia patula->Hildenbrandia->Florideophycidae->Rhodophyceae->Archaeplastida->Eukaryota->cellular organisms->life" nexsonid "node881946"
pgloadind     taxon mapping OTT ID 513283 taxonomy "Hildenbrandia rivularis->Hildenbrandia->Florideophycidae->Rhodophyceae->Archaeplastida->Eukaryota->cellular organisms->life" nexsonid "node881933"
pgloadind     taxon mapping OTT ID 1012273 taxonomy "Hildenbrandia occidentalis->Hildenbrandia->Florideophycidae->Rhodophyceae->Archaeplastida->Eukaryota->cellular organisms->life" nexsonid "node881952"
pgloadind     taxon mapping OTT ID 281376 taxonomy "Apophlaea sinclairii->Apophlaea->Florideophycidae->Rhodophyceae->Archaeplastida->Eukaryota->cellular organisms->life" nexsonid "node881976"
pgloadind     taxon mapping OTT ID 254943 taxonomy "Apophlaea lyallii->Apophlaea->Florideophycidae->Rhodophyceae->Archaeplastida->Eukaryota->cellular organisms->life" nexsonid "node881977"
pgloadind     taxon mapping OTT ID 281377 taxonomy "Hildenbrandia lecannellieri->Hildenbrandia->Florideophycidae->Rhodophyceae->Archaeplastida->Eukaryota->cellular organisms->life" nexsonid "node881959"
pgloadind     taxon mapping OTT ID 513284 taxonomy "Hildenbrandia crouanii->Hildenbrandia->Florideophycidae->Rhodophyceae->Archaeplastida->Eukaryota->cellular organisms->life" nexsonid "node881926"
pgloadind     taxon mapping OTT ID 783458 taxonomy "Hildenbrandia rubra->Hildenbrandia->Florideophycidae->Rhodophyceae->Archaeplastida->Eukaryota->cellular organisms->life" nexsonid "node881919"
done fixing name
pgloadind Finished with attempts to fix names
pgloadind   Checking for uniqueness of OTT IDs tree id "5092"
pgloadind   Adding tree to graph tree id "5092"
all trees have all taxa: false
	using bipartition technique
attempting to remap tips to deepest exemplified taxa
this is the ROOT
placing root in index
Dealing with metadata property: id
Dealing with metadata property: ot:studyPublicationReference
Adding property 'ot:studyPublicationReference': Sherwood A., & Sheath R. 2003. Systematics of the Hildenbrandiales (Rhodophyta): gene sequence and morphometric analyses of global collections. Journal of Phycology, 39(2): 409-422.
Dealing with metadata property: ot:studyYear
Adding property 'ot:studyYear': 2003
Dealing with metadata property: ot:inGroupClade
Adding property 'ot:inGroupClade': node881911
Dealing with metadata property: ot:tag
Adding property 'ot:tag': ingroup added;
Dealing with metadata property: ot:curatorName
Adding property 'ot:curatorName': Jiabin Deng
Dealing with metadata property: ot:studyPublication
Adding property 'ot:studyPublication': http://dx.doi.org/10.1046/j.1529-8817.2003.01050.x
Dealing with metadata property: ot:focalClade
Adding property 'ot:focalClade': 379383
Dealing with metadata property: ot:studyId
Adding property 'ot:studyId': 1386
Dealing with metadata property: ot:dataDeposit
Adding property 'ot:dataDeposit': http://purl.org/phylo/treebase/phylows/study/TB2:S921
Committing nodes: 19
{3069479}
3069484
3069485
3069486
3069494
3069495
3069496
3069499
3069500
3077429
3077431
[]
