pgloadind OTUs number 24
pgloadind Processing tree @id "2792"
pgloadind   tree info number nodes 45
pgloadind   tree info number edges 44
pgloadind   tree info ingroup "node605896"
pgloadind   Setting ingroup root node.
pgloadind   Ingested tree number of external nodes 21
pgloadind   property added ot:studyPublicationReference "Shinohara W. 2012. The use of matK in Ophioglossaceae Phylogeny and the determination of Mankyua chromosome number. Systematic Botany,"
pgloadind   property added ot:curatorName "Jiabin Deng"
pgloadind   property added ot:dataDeposit "http://purl.org/phylo/treebase/phylows/study/TB2:S13722"
pgloadind   property added ot:studyId "1390"
pgloadind   property added ot:studyYear "2012"
pgloadind   property added ot:focalClade "60436"
pgloadind   property added ot:focalCladeOTTTaxonName "Ophioglossaceae"
pgloadind   property added ot:inGroupClade "node605896"
pgloadind   property added ot:curatedType "PAUP 1"
pgloadind Processing tree @id "2793"
pgloadind   tree info number nodes 47
pgloadind   tree info number edges 46
pgloadind   Ingested tree number of external nodes 24
pgloadind   property added ot:studyPublicationReference "Shinohara W. 2012. The use of matK in Ophioglossaceae Phylogeny and the determination of Mankyua chromosome number. Systematic Botany,"
pgloadind   property added ot:curatorName "Jiabin Deng"
pgloadind   property added ot:dataDeposit "http://purl.org/phylo/treebase/phylows/study/TB2:S13722"
pgloadind   property added ot:studyId "1390"
pgloadind   property added ot:studyYear "2012"
pgloadind   property added ot:focalClade "60436"
pgloadind   property added ot:focalCladeOTTTaxonName "Ophioglossaceae"
pgloadind   property added ot:curatedType "PAUP 1"
pgloadind Processing tree @id "2794"
pgloadind   tree info number nodes 45
pgloadind   tree info number edges 44
pgloadind   tree info ingroup "node605988"
pgloadind   Setting ingroup root node.
pgloadind   Ingested tree number of external nodes 21
pgloadind   property added ot:studyPublicationReference "Shinohara W. 2012. The use of matK in Ophioglossaceae Phylogeny and the determination of Mankyua chromosome number. Systematic Botany,"
pgloadind   property added ot:curatorName "Jiabin Deng"
pgloadind   property added ot:dataDeposit "http://purl.org/phylo/treebase/phylows/study/TB2:S13722"
pgloadind   property added ot:studyId "1390"
pgloadind   property added ot:studyYear "2012"
pgloadind   property added ot:focalClade "60436"
pgloadind   property added ot:focalCladeOTTTaxonName "Ophioglossaceae"
pgloadind   property added ot:inGroupClade "node605988"
pgloadind   property added ot:curatedType "PAUP 1"
loading a specific tree: 2792
skipping tree: 2793
skipping tree: 2794
pgloadind conducting TNRS on trees
pgloadind   name fixing on tree tree id "2792"
pgloadind   all nodes have ottIds
pgloadind     OTT ID reused in tree
pgloadind       duplicate name "Helminthostachys zeylanica" nexsonid "node605915"
pgloadind       duplicate OTT ID 178177
pgloadind     OTT ID reused in tree
pgloadind       duplicate name "Ophioglossum pendulum" nexsonid "node605922"
pgloadind       duplicate OTT ID 733503
pgloadind     OTT ID reused in tree
pgloadind       duplicate name "Ophioglossum pendulum" nexsonid "node605924"
pgloadind       duplicate OTT ID 733503
pgloadind     OTT ID reused in tree
pgloadind       duplicate name "Ophioglossum reticulatum" nexsonid "node605936"
pgloadind       duplicate OTT ID 901720
pgloadind     pruning dups and overlapping name "Ophioglossum pendulum" nexsonid "node605922"
pgloadind     pruning dups and overlapping name "Ophioglossum reticulatum" nexsonid "node605936"
pgloadind     pruning dups and overlapping name "Ophioglossum pendulum" nexsonid "node605924"
pgloadind     pruning dups and overlapping name "Helminthostachys zeylanica" nexsonid "node605915"
pgloadind   postpruning newick tree "(Mankyua_chejuensis,((Botrychium_virginianum,(Botrychium_strictum,(Japanobotrychium_lanuginosum,((Botrychium_daucifolium,Botrychium_atrovirens),(Botrychium_nipponicum,Botrychium_dissectum))))),(((Ophioglossum_palmatum,(Ophioglossum_pendulum,Ophioglossum_falcatum)),(Ophioglossum_costatum,(Ophioglossum_petiolatum,(Ophioglossum_kawamurae,(Ophioglossum_vulgatum,Ophioglossum_reticulatum))))),Helminthostachys_zeylanica)))"
pgloadind   taxon mapping summary
pgloadind     taxon mapping OTT ID 932011 taxonomy "Mankyua chejuensis->Mankyua->Ophioglossaceae->Ophioglossales->Ophioglossopsida->Moniliformopses->Euphyllophyta->Tracheophyta->Embryophyta->Streptophytina->Streptophyta->Chloroplastida->Archaeplastida->Eukaryota->cellular organisms->life" nexsonid "node605897"
pgloadind     taxon mapping OTT ID 756444 taxonomy "Botrychium virginianum->Botrychium->Ophioglossaceae->Ophioglossales->Ophioglossopsida->Moniliformopses->Euphyllophyta->Tracheophyta->Embryophyta->Streptophytina->Streptophyta->Chloroplastida->Archaeplastida->Eukaryota->cellular organisms->life" nexsonid "node605900"
pgloadind     taxon mapping OTT ID 113198 taxonomy "Botrychium strictum->Botrychium->Ophioglossaceae->Ophioglossales->Ophioglossopsida->Moniliformopses->Euphyllophyta->Tracheophyta->Embryophyta->Streptophytina->Streptophyta->Chloroplastida->Archaeplastida->Eukaryota->cellular organisms->life" nexsonid "node605902"
pgloadind     taxon mapping OTT ID 441470 taxonomy "Japanobotrychium lanuginosum->Japanobotrychium->Ophioglossaceae->Ophioglossales->Ophioglossopsida->Moniliformopses->Euphyllophyta->Tracheophyta->Embryophyta->Streptophytina->Streptophyta->Chloroplastida->Archaeplastida->Eukaryota->cellular organisms->life" nexsonid "node605904"
pgloadind     taxon mapping OTT ID 980554 taxonomy "Botrychium daucifolium->Botrychium->Ophioglossaceae->Ophioglossales->Ophioglossopsida->Moniliformopses->Euphyllophyta->Tracheophyta->Embryophyta->Streptophytina->Streptophyta->Chloroplastida->Archaeplastida->Eukaryota->cellular organisms->life" nexsonid "node605907"
pgloadind     taxon mapping OTT ID 554044 taxonomy "Botrychium atrovirens->Botrychium->Ophioglossaceae->Ophioglossales->Ophioglossopsida->Moniliformopses->Euphyllophyta->Tracheophyta->Embryophyta->Streptophytina->Streptophyta->Chloroplastida->Archaeplastida->Eukaryota->cellular organisms->life" nexsonid "node605908"
pgloadind     taxon mapping OTT ID 606315 taxonomy "Botrychium nipponicum->Botrychium->Ophioglossaceae->Ophioglossales->Ophioglossopsida->Moniliformopses->Euphyllophyta->Tracheophyta->Embryophyta->Streptophytina->Streptophyta->Chloroplastida->Archaeplastida->Eukaryota->cellular organisms->life" nexsonid "node605910"
pgloadind     taxon mapping OTT ID 405385 taxonomy "Botrychium dissectum->Botrychium->Ophioglossaceae->Ophioglossales->Ophioglossopsida->Moniliformopses->Euphyllophyta->Tracheophyta->Embryophyta->Streptophytina->Streptophyta->Chloroplastida->Archaeplastida->Eukaryota->cellular organisms->life" nexsonid "node605911"
pgloadind     taxon mapping OTT ID 733462 taxonomy "Ophioglossum palmatum->Ophioglossum->Ophioglossaceae->Ophioglossales->Ophioglossopsida->Moniliformopses->Euphyllophyta->Tracheophyta->Embryophyta->Streptophytina->Streptophyta->Chloroplastida->Archaeplastida->Eukaryota->cellular organisms->life" nexsonid "node605918"
pgloadind     taxon mapping OTT ID 733503 taxonomy "Ophioglossum pendulum->Ophioglossum->Ophioglossaceae->Ophioglossales->Ophioglossopsida->Moniliformopses->Euphyllophyta->Tracheophyta->Embryophyta->Streptophytina->Streptophyta->Chloroplastida->Archaeplastida->Eukaryota->cellular organisms->life" nexsonid "node605921"
pgloadind     taxon mapping OTT ID 283126 taxonomy "Ophioglossum falcatum->Ophioglossum->Ophioglossaceae->Ophioglossales->Ophioglossopsida->Moniliformopses->Euphyllophyta->Tracheophyta->Embryophyta->Streptophytina->Streptophyta->Chloroplastida->Archaeplastida->Eukaryota->cellular organisms->life" nexsonid "node605925"
pgloadind     taxon mapping OTT ID 203762 taxonomy "Ophioglossum costatum->Ophioglossum->Ophioglossaceae->Ophioglossales->Ophioglossopsida->Moniliformopses->Euphyllophyta->Tracheophyta->Embryophyta->Streptophytina->Streptophyta->Chloroplastida->Archaeplastida->Eukaryota->cellular organisms->life" nexsonid "node605927"
pgloadind     taxon mapping OTT ID 79117 taxonomy "Ophioglossum petiolatum->Ophioglossum->Ophioglossaceae->Ophioglossales->Ophioglossopsida->Moniliformopses->Euphyllophyta->Tracheophyta->Embryophyta->Streptophytina->Streptophyta->Chloroplastida->Archaeplastida->Eukaryota->cellular organisms->life" nexsonid "node605929"
pgloadind     taxon mapping OTT ID 283117 taxonomy "Ophioglossum kawamurae->Ophioglossum->Ophioglossaceae->Ophioglossales->Ophioglossopsida->Moniliformopses->Euphyllophyta->Tracheophyta->Embryophyta->Streptophytina->Streptophyta->Chloroplastida->Archaeplastida->Eukaryota->cellular organisms->life" nexsonid "node605931"
pgloadind     taxon mapping OTT ID 499332 taxonomy "Ophioglossum vulgatum->Ophioglossum->Ophioglossaceae->Ophioglossales->Ophioglossopsida->Moniliformopses->Euphyllophyta->Tracheophyta->Embryophyta->Streptophytina->Streptophyta->Chloroplastida->Archaeplastida->Eukaryota->cellular organisms->life" nexsonid "node605933"
pgloadind     taxon mapping OTT ID 901720 taxonomy "Ophioglossum reticulatum->Ophioglossum->Ophioglossaceae->Ophioglossales->Ophioglossopsida->Moniliformopses->Euphyllophyta->Tracheophyta->Embryophyta->Streptophytina->Streptophyta->Chloroplastida->Archaeplastida->Eukaryota->cellular organisms->life" nexsonid "node605935"
pgloadind     taxon mapping OTT ID 178177 taxonomy "Helminthostachys zeylanica->Helminthostachys->Ophioglossaceae->Ophioglossales->Ophioglossopsida->Moniliformopses->Euphyllophyta->Tracheophyta->Embryophyta->Streptophytina->Streptophyta->Chloroplastida->Archaeplastida->Eukaryota->cellular organisms->life" nexsonid "node605914"
done fixing name
pgloadind Finished with attempts to fix names
pgloadind   Checking for uniqueness of OTT IDs tree id "2792"
pgloadind   Adding tree to graph tree id "2792"
all trees have all taxa: false
	using bipartition technique
attempting to remap tips to deepest exemplified taxa
	Mankyua chejuensis was remapped to 'Mankyua' (id=3034158)
	Helminthostachys zeylanica was remapped to 'Helminthostachys' (id=3034052)
	Japanobotrychium lanuginosum was remapped to 'Japanobotrychium' (id=3034057)
this is the ROOT
placing root in index
Dealing with metadata property: id
Dealing with metadata property: ot:studyPublicationReference
Adding property 'ot:studyPublicationReference': Shinohara W. 2012. The use of matK in Ophioglossaceae Phylogeny and the determination of Mankyua chromosome number. Systematic Botany,
Dealing with metadata property: ot:focalCladeOTTTaxonName
Adding property 'ot:focalCladeOTTTaxonName': Ophioglossaceae
Dealing with metadata property: ot:studyYear
Adding property 'ot:studyYear': 2012
Dealing with metadata property: ot:inGroupClade
Adding property 'ot:inGroupClade': node605896
Dealing with metadata property: ot:curatorName
Adding property 'ot:curatorName': Jiabin Deng
Dealing with metadata property: ot:focalClade
Adding property 'ot:focalClade': 60436
Dealing with metadata property: ot:curatedType
Adding property 'ot:curatedType': PAUP 1
Dealing with metadata property: ot:studyId
Adding property 'ot:studyId': 1390
Dealing with metadata property: ot:dataDeposit
Adding property 'ot:dataDeposit': http://purl.org/phylo/treebase/phylows/study/TB2:S13722
Committing nodes: 33
{3034001}
3034007
3034017
3034020
3034021
3034030
3034036
3034039
3034047
3034068
3034095
3034125
3034129
3034133
3034148
3034052
3034057
3034158
[]
