pgloadind OTUs number 46
pgloadind Processing tree @id "2838"
pgloadind   tree info number nodes 76
pgloadind   tree info number edges 75
pgloadind   tree info ingroup "node608930"
pgloadind   Setting ingroup root node.
pgloadind   Ingested tree number of external nodes 37
pgloadind   property added ot:studyPublicationReference "Bogler D., & Simpson B. 1996. Phylogeny of Agavaceae based on ITS rDNA sequence variation. American Journal of Botany, 83: 1225-1235."
pgloadind   property added ot:studyPublication "http://dx.doi.org/10.2307/2446206"
pgloadind   property added ot:curatorName "Jiabin Deng"
pgloadind   property added ot:dataDeposit "http://purl.org/phylo/treebase/phylows/study/TB2:S617"
pgloadind   property added ot:studyId "1417"
pgloadind   property added ot:studyYear "1996"
pgloadind   property added ot:focalClade "824549"
pgloadind   property added ot:tag "cpDNA & nrDNA"
pgloadind   property added ot:tag "ingroup added;"
pgloadind   property added ot:inGroupClade "node608930"
loading a specific tree: 2838
pgloadind conducting TNRS on trees
pgloadind   name fixing on tree tree id "2838"
pgloadind   all nodes have ottIds
pgloadind   postpruning newick tree "(((((((((Prochnyanthes_mexicana,Polianthes_pringlei,Polianthes_geminiflora),(Manfreda_scabra,Manfreda_virginica)),(Agave_attenuata,Agave_americana,Agave_lechuguilla)),(Agave_striata,Agave_dasylirioides)),((Beschorneria_yuccoides,Beschorneria_albiflora),Furcraea_pubescens)),((((Hesperaloe_parviflora,Hesperaloe_funifera),Hesperoyucca_whipplei),(Yucca_treculeana,Yucca_elata)),Camassia_scilloides)),Hosta_ventricosa),Cordyline_fruticosa),(((((Dasylirion_texanum,Dasylirion_wheeleri),(Dasylirion_longissimum,Dasylirion_berlandieri)),((Beaucarnea_purpusi,Beaucarnea_recurvata),Calibanus_hookerii)),((Nolina_lindheimeriana,Nolina_nelsonii),Nolina_parviflora)),((Maianthemum_racemosum,Liriope_muscari,(Sansevieria_trifasciata,Pleomele_marginata)),(Polygonatum,Aspidistra_elatior))))"
pgloadind   taxon mapping summary
pgloadind     taxon mapping OTT ID 1074227 taxonomy "Prochnyanthes mexicana->Prochnyanthes->Agavoideae->Asparagaceae->Asparagales->Petrosaviidae->Liliopsida->Mesangiospermae->Magnoliophyta->Spermatophyta->Euphyllophyta->Tracheophyta->Embryophyta->Streptophytina->Streptophyta->Chloroplastida->Archaeplastida->Eukaryota->cellular organisms->life" nexsonid "node608939"
pgloadind     taxon mapping OTT ID 1074213 taxonomy "Polianthes pringlei->Polianthes->Agavoideae->Asparagaceae->Asparagales->Petrosaviidae->Liliopsida->Mesangiospermae->Magnoliophyta->Spermatophyta->Euphyllophyta->Tracheophyta->Embryophyta->Streptophytina->Streptophyta->Chloroplastida->Archaeplastida->Eukaryota->cellular organisms->life" nexsonid "node608940"
pgloadind     taxon mapping OTT ID 548115 taxonomy "Polianthes geminiflora->Polianthes->Agavoideae->Asparagaceae->Asparagales->Petrosaviidae->Liliopsida->Mesangiospermae->Magnoliophyta->Spermatophyta->Euphyllophyta->Tracheophyta->Embryophyta->Streptophytina->Streptophyta->Chloroplastida->Archaeplastida->Eukaryota->cellular organisms->life" nexsonid "node608941"
pgloadind     taxon mapping OTT ID 1074205 taxonomy "Manfreda scabra->Manfreda->Agavoideae->Asparagaceae->Asparagales->Petrosaviidae->Liliopsida->Mesangiospermae->Magnoliophyta->Spermatophyta->Euphyllophyta->Tracheophyta->Embryophyta->Streptophytina->Streptophyta->Chloroplastida->Archaeplastida->Eukaryota->cellular organisms->life" nexsonid "node608943"
pgloadind     taxon mapping OTT ID 1074207 taxonomy "Manfreda virginica->Manfreda->Agavoideae->Asparagaceae->Asparagales->Petrosaviidae->Liliopsida->Mesangiospermae->Magnoliophyta->Spermatophyta->Euphyllophyta->Tracheophyta->Embryophyta->Streptophytina->Streptophyta->Chloroplastida->Archaeplastida->Eukaryota->cellular organisms->life" nexsonid "node608944"
pgloadind     taxon mapping OTT ID 447323 taxonomy "Agave attenuata->Agave->Agavoideae->Asparagaceae->Asparagales->Petrosaviidae->Liliopsida->Mesangiospermae->Magnoliophyta->Spermatophyta->Euphyllophyta->Tracheophyta->Embryophyta->Streptophytina->Streptophyta->Chloroplastida->Archaeplastida->Eukaryota->cellular organisms->life" nexsonid "node608946"
pgloadind     taxon mapping OTT ID 447325 taxonomy "Agave americana->Agave->Agavoideae->Asparagaceae->Asparagales->Petrosaviidae->Liliopsida->Mesangiospermae->Magnoliophyta->Spermatophyta->Euphyllophyta->Tracheophyta->Embryophyta->Streptophytina->Streptophyta->Chloroplastida->Archaeplastida->Eukaryota->cellular organisms->life" nexsonid "node608947"
pgloadind     taxon mapping OTT ID 447318 taxonomy "Agave lecheguilla->Agave->Agavoideae->Asparagaceae->Asparagales->Petrosaviidae->Liliopsida->Mesangiospermae->Magnoliophyta->Spermatophyta->Euphyllophyta->Tracheophyta->Embryophyta->Streptophytina->Streptophyta->Chloroplastida->Archaeplastida->Eukaryota->cellular organisms->life" nexsonid "node608948"
pgloadind     taxon mapping OTT ID 447316 taxonomy "Agave striata->Agave->Agavoideae->Asparagaceae->Asparagales->Petrosaviidae->Liliopsida->Mesangiospermae->Magnoliophyta->Spermatophyta->Euphyllophyta->Tracheophyta->Embryophyta->Streptophytina->Streptophyta->Chloroplastida->Archaeplastida->Eukaryota->cellular organisms->life" nexsonid "node608950"
pgloadind     taxon mapping OTT ID 447321 taxonomy "Agave dasylirioides->Agave->Agavoideae->Asparagaceae->Asparagales->Petrosaviidae->Liliopsida->Mesangiospermae->Magnoliophyta->Spermatophyta->Euphyllophyta->Tracheophyta->Embryophyta->Streptophytina->Streptophyta->Chloroplastida->Archaeplastida->Eukaryota->cellular organisms->life" nexsonid "node608951"
pgloadind     taxon mapping OTT ID 1023681 taxonomy "Beschorneria yuccoides->Beschorneria->Agavoideae->Asparagaceae->Asparagales->Petrosaviidae->Liliopsida->Mesangiospermae->Magnoliophyta->Spermatophyta->Euphyllophyta->Tracheophyta->Embryophyta->Streptophytina->Streptophyta->Chloroplastida->Archaeplastida->Eukaryota->cellular organisms->life" nexsonid "node608954"
pgloadind     taxon mapping OTT ID 447312 taxonomy "Beschorneria albiflora->Beschorneria->Agavoideae->Asparagaceae->Asparagales->Petrosaviidae->Liliopsida->Mesangiospermae->Magnoliophyta->Spermatophyta->Euphyllophyta->Tracheophyta->Embryophyta->Streptophytina->Streptophyta->Chloroplastida->Archaeplastida->Eukaryota->cellular organisms->life" nexsonid "node608955"
pgloadind     taxon mapping OTT ID 497836 taxonomy "Furcraea pubescens->Furcraea->Agavoideae->Asparagaceae->Asparagales->Petrosaviidae->Liliopsida->Mesangiospermae->Magnoliophyta->Spermatophyta->Euphyllophyta->Tracheophyta->Embryophyta->Streptophytina->Streptophyta->Chloroplastida->Archaeplastida->Eukaryota->cellular organisms->life" nexsonid "node608956"
pgloadind     taxon mapping OTT ID 1074219 taxonomy "Hesperaloe parviflora->Hesperaloe->Asphodeloideae->Xanthorrhoeaceae->Asparagales->Petrosaviidae->Liliopsida->Mesangiospermae->Magnoliophyta->Spermatophyta->Euphyllophyta->Tracheophyta->Embryophyta->Streptophytina->Streptophyta->Chloroplastida->Archaeplastida->Eukaryota->cellular organisms->life" nexsonid "node608961"
pgloadind     taxon mapping OTT ID 1074217 taxonomy "Hesperaloe funifera->Hesperaloe->Asphodeloideae->Xanthorrhoeaceae->Asparagales->Petrosaviidae->Liliopsida->Mesangiospermae->Magnoliophyta->Spermatophyta->Euphyllophyta->Tracheophyta->Embryophyta->Streptophytina->Streptophyta->Chloroplastida->Archaeplastida->Eukaryota->cellular organisms->life" nexsonid "node608962"
pgloadind     taxon mapping OTT ID 548098 taxonomy "Hesperoyucca whipplei->Hesperoyucca->Agavoideae->Asparagaceae->Asparagales->Petrosaviidae->Liliopsida->Mesangiospermae->Magnoliophyta->Spermatophyta->Euphyllophyta->Tracheophyta->Embryophyta->Streptophytina->Streptophyta->Chloroplastida->Archaeplastida->Eukaryota->cellular organisms->life" nexsonid "node608963"
pgloadind     taxon mapping OTT ID 548103 taxonomy "Yucca treculeana->Yucca->Agavoideae->Asparagaceae->Asparagales->Petrosaviidae->Liliopsida->Mesangiospermae->Magnoliophyta->Spermatophyta->Euphyllophyta->Tracheophyta->Embryophyta->Streptophytina->Streptophyta->Chloroplastida->Archaeplastida->Eukaryota->cellular organisms->life" nexsonid "node608965"
pgloadind     taxon mapping OTT ID 548106 taxonomy "Yucca elata->Yucca->Agavoideae->Asparagaceae->Asparagales->Petrosaviidae->Liliopsida->Mesangiospermae->Magnoliophyta->Spermatophyta->Euphyllophyta->Tracheophyta->Embryophyta->Streptophytina->Streptophyta->Chloroplastida->Archaeplastida->Eukaryota->cellular organisms->life" nexsonid "node608966"
pgloadind     taxon mapping OTT ID 1023692 taxonomy "Camassia scilloides->Camassia->Agavoideae->Asparagaceae->Asparagales->Petrosaviidae->Liliopsida->Mesangiospermae->Magnoliophyta->Spermatophyta->Euphyllophyta->Tracheophyta->Embryophyta->Streptophytina->Streptophyta->Chloroplastida->Archaeplastida->Eukaryota->cellular organisms->life" nexsonid "node608967"
pgloadind     taxon mapping OTT ID 1023689 taxonomy "Hosta ventricosa->Hosta->Agavoideae->Asparagaceae->Asparagales->Petrosaviidae->Liliopsida->Mesangiospermae->Magnoliophyta->Spermatophyta->Euphyllophyta->Tracheophyta->Embryophyta->Streptophytina->Streptophyta->Chloroplastida->Archaeplastida->Eukaryota->cellular organisms->life" nexsonid "node608968"
pgloadind     taxon mapping OTT ID 973384 taxonomy "Cordyline fruticosa->Cordyline->Lomandroideae->Asparagaceae->Asparagales->Petrosaviidae->Liliopsida->Mesangiospermae->Magnoliophyta->Spermatophyta->Euphyllophyta->Tracheophyta->Embryophyta->Streptophytina->Streptophyta->Chloroplastida->Archaeplastida->Eukaryota->cellular organisms->life" nexsonid "node608969"
pgloadind     taxon mapping OTT ID 973401 taxonomy "Dasylirion texanum->Dasylirion->Nolinoideae->Asparagaceae->Asparagales->Petrosaviidae->Liliopsida->Mesangiospermae->Magnoliophyta->Spermatophyta->Euphyllophyta->Tracheophyta->Embryophyta->Streptophytina->Streptophyta->Chloroplastida->Archaeplastida->Eukaryota->cellular organisms->life" nexsonid "node608975"
pgloadind     taxon mapping OTT ID 973397 taxonomy "Dasylirion wheeleri->Dasylirion->Nolinoideae->Asparagaceae->Asparagales->Petrosaviidae->Liliopsida->Mesangiospermae->Magnoliophyta->Spermatophyta->Euphyllophyta->Tracheophyta->Embryophyta->Streptophytina->Streptophyta->Chloroplastida->Archaeplastida->Eukaryota->cellular organisms->life" nexsonid "node608976"
pgloadind     taxon mapping OTT ID 973404 taxonomy "Dasylirion longissimum->Dasylirion->Nolinoideae->Asparagaceae->Asparagales->Petrosaviidae->Liliopsida->Mesangiospermae->Magnoliophyta->Spermatophyta->Euphyllophyta->Tracheophyta->Embryophyta->Streptophytina->Streptophyta->Chloroplastida->Archaeplastida->Eukaryota->cellular organisms->life" nexsonid "node608978"
pgloadind     taxon mapping OTT ID 973367 taxonomy "Dasylirion berlandieri->Dasylirion->Nolinoideae->Asparagaceae->Asparagales->Petrosaviidae->Liliopsida->Mesangiospermae->Magnoliophyta->Spermatophyta->Euphyllophyta->Tracheophyta->Embryophyta->Streptophytina->Streptophyta->Chloroplastida->Archaeplastida->Eukaryota->cellular organisms->life" nexsonid "node608979"
pgloadind     taxon mapping OTT ID 494864 taxonomy "Beaucarnea purpusii->Beaucarnea->Nolinoideae->Asparagaceae->Asparagales->Petrosaviidae->Liliopsida->Mesangiospermae->Magnoliophyta->Spermatophyta->Euphyllophyta->Tracheophyta->Embryophyta->Streptophytina->Streptophyta->Chloroplastida->Archaeplastida->Eukaryota->cellular organisms->life" nexsonid "node608982"
pgloadind     taxon mapping OTT ID 447303 taxonomy "Beaucarnea recurvata->Beaucarnea->Nolinoideae->Asparagaceae->Asparagales->Petrosaviidae->Liliopsida->Mesangiospermae->Magnoliophyta->Spermatophyta->Euphyllophyta->Tracheophyta->Embryophyta->Streptophytina->Streptophyta->Chloroplastida->Archaeplastida->Eukaryota->cellular organisms->life" nexsonid "node608983"
pgloadind     taxon mapping OTT ID 1023675 taxonomy "Calibanus hookeri->Calibanus->Nolinoideae->Asparagaceae->Asparagales->Petrosaviidae->Liliopsida->Mesangiospermae->Magnoliophyta->Spermatophyta->Euphyllophyta->Tracheophyta->Embryophyta->Streptophytina->Streptophyta->Chloroplastida->Archaeplastida->Eukaryota->cellular organisms->life" nexsonid "node608984"
pgloadind     taxon mapping OTT ID 497813 taxonomy "Nolina lindheimeriana->Nolina->Nolinoideae->Asparagaceae->Asparagales->Petrosaviidae->Liliopsida->Mesangiospermae->Magnoliophyta->Spermatophyta->Euphyllophyta->Tracheophyta->Embryophyta->Streptophytina->Streptophyta->Chloroplastida->Archaeplastida->Eukaryota->cellular organisms->life" nexsonid "node608987"
pgloadind     taxon mapping OTT ID 497822 taxonomy "Nolina nelsonii->Nolina->Nolinoideae->Asparagaceae->Asparagales->Petrosaviidae->Liliopsida->Mesangiospermae->Magnoliophyta->Spermatophyta->Euphyllophyta->Tracheophyta->Embryophyta->Streptophytina->Streptophyta->Chloroplastida->Archaeplastida->Eukaryota->cellular organisms->life" nexsonid "node608988"
pgloadind     taxon mapping OTT ID 497820 taxonomy "Nolina parviflora->Nolina->Nolinoideae->Asparagaceae->Asparagales->Petrosaviidae->Liliopsida->Mesangiospermae->Magnoliophyta->Spermatophyta->Euphyllophyta->Tracheophyta->Embryophyta->Streptophytina->Streptophyta->Chloroplastida->Archaeplastida->Eukaryota->cellular organisms->life" nexsonid "node608989"
pgloadind     taxon mapping OTT ID 497816 taxonomy "Maianthemum racemosum->Maianthemum->Nolinoideae->Asparagaceae->Asparagales->Petrosaviidae->Liliopsida->Mesangiospermae->Magnoliophyta->Spermatophyta->Euphyllophyta->Tracheophyta->Embryophyta->Streptophytina->Streptophyta->Chloroplastida->Archaeplastida->Eukaryota->cellular organisms->life" nexsonid "node608992"
pgloadind     taxon mapping OTT ID 1023700 taxonomy "Liriope muscari->Liriope->Nolinoideae->Asparagaceae->Asparagales->Petrosaviidae->Liliopsida->Mesangiospermae->Magnoliophyta->Spermatophyta->Euphyllophyta->Tracheophyta->Embryophyta->Streptophytina->Streptophyta->Chloroplastida->Archaeplastida->Eukaryota->cellular organisms->life" nexsonid "node608993"
pgloadind     taxon mapping OTT ID 497827 taxonomy "Sansevieria trifasciata->Sansevieria->Nolinoideae->Asparagaceae->Asparagales->Petrosaviidae->Liliopsida->Mesangiospermae->Magnoliophyta->Spermatophyta->Euphyllophyta->Tracheophyta->Embryophyta->Streptophytina->Streptophyta->Chloroplastida->Archaeplastida->Eukaryota->cellular organisms->life" nexsonid "node608995"
pgloadind     taxon mapping OTT ID 733286 taxonomy "Pleomele marginata->Pleomele->Nolinoideae->Asparagaceae->Asparagales->Petrosaviidae->Liliopsida->Mesangiospermae->Magnoliophyta->Spermatophyta->Euphyllophyta->Tracheophyta->Embryophyta->Streptophytina->Streptophyta->Chloroplastida->Archaeplastida->Eukaryota->cellular organisms->life" nexsonid "node608996"
pgloadind     taxon mapping OTT ID 20731 taxonomy "Polygonatum->Nolinoideae->Asparagaceae->Asparagales->Petrosaviidae->Liliopsida->Mesangiospermae->Magnoliophyta->Spermatophyta->Euphyllophyta->Tracheophyta->Embryophyta->Streptophytina->Streptophyta->Chloroplastida->Archaeplastida->Eukaryota->cellular organisms->life" nexsonid "node608998"
pgloadind     taxon mapping OTT ID 1023684 taxonomy "Aspidistra elatior->Aspidistra->Nolinoideae->Asparagaceae->Asparagales->Petrosaviidae->Liliopsida->Mesangiospermae->Magnoliophyta->Spermatophyta->Euphyllophyta->Tracheophyta->Embryophyta->Streptophytina->Streptophyta->Chloroplastida->Archaeplastida->Eukaryota->cellular organisms->life" nexsonid "node608999"
done fixing name
pgloadind Finished with attempts to fix names
pgloadind   Checking for uniqueness of OTT IDs tree id "2838"
pgloadind   Adding tree to graph tree id "2838"
all trees have all taxa: false
	using bipartition technique
attempting to remap tips to deepest exemplified taxa
	Hosta ventricosa was remapped to 'Hosta' (id=2942003)
	Liriope muscari was remapped to 'Liriope' (id=2940863)
	Prochnyanthes mexicana was remapped to 'Prochnyanthes' (id=2944092)
	Camassia scilloides was remapped to 'Camassia' (id=2943857)
	Pleomele marginata was remapped to 'Pleomele' (id=2939314)
	Cordyline fruticosa was remapped to 'Lomandroideae' (id=2940922)
	Sansevieria trifasciata was remapped to 'Sansevieria' (id=2939426)
	Aspidistra elatior was remapped to 'Aspidistra' (id=2940755)
	Maianthemum racemosum was remapped to 'Maianthemum' (id=2940048)
	Furcraea pubescens was remapped to 'Furcraea' (id=2942602)
	Calibanus hookerii was remapped to 'Calibanus' (id=2940744)
	Hesperoyucca whipplei was remapped to 'Hesperoyucca' (id=2943162)
this is the ROOT
placing root in index
Dealing with metadata property: id
Dealing with metadata property: ot:studyPublicationReference
Adding property 'ot:studyPublicationReference': Bogler D., & Simpson B. 1996. Phylogeny of Agavaceae based on ITS rDNA sequence variation. American Journal of Botany, 83: 1225-1235.
Dealing with metadata property: ot:studyYear
Adding property 'ot:studyYear': 1996
Dealing with metadata property: ot:inGroupClade
Adding property 'ot:inGroupClade': node608930
Dealing with metadata property: ot:tag
Adding property 'ot:tag': ingroup added;
Dealing with metadata property: ot:curatorName
Adding property 'ot:curatorName': Jiabin Deng
Dealing with metadata property: ot:studyPublication
Adding property 'ot:studyPublication': http://dx.doi.org/10.2307/2446206
Dealing with metadata property: ot:focalClade
Adding property 'ot:focalClade': 824549
Dealing with metadata property: ot:studyId
Adding property 'ot:studyId': 1417
Dealing with metadata property: ot:dataDeposit
Adding property 'ot:dataDeposit': http://purl.org/phylo/treebase/phylows/study/TB2:S617
Committing nodes: 70
{2938940}
2938964
2939276
2939288
2939349
2939356
2939363
2940672
2940673
2940676
2940678
2942176
2942178
2942181
2942185
2942192
2942589
2942592
2942763
2942780
2943939
2943952
2943991
2944006
3012948
	adding Node[3010758] Asphodeloideae 361645 as compatible with Node[3012944]
		adding Relationship[8257319]
	adding Node[3010753] Xanthorrhoeaceae 792011 as compatible with Node[3012944]
		adding Relationship[8257320]
3012953
2939314
	adding Node[2939314] Pleomele 452420 as compatible with Node[2939314]
		adding Relationship[8257321]
2939426
	adding Node[2939426] Sansevieria 643955 as compatible with Node[2939426]
		adding Relationship[8257322]
2940048
2940744
	adding Node[2940744] Calibanus 1023683 as compatible with Node[2940744]
		adding Relationship[8257323]
2940755
2940863
	adding Node[2940863] Liriope 1023697 as compatible with Node[2940863]
		adding Relationship[8257324]
2940922
	adding Node[2940922] Lomandroideae 361626 as compatible with Node[2940922]
		adding Relationship[8257325]
2942003
	adding Node[2942003] Hosta 35794 as compatible with Node[2942003]
		adding Relationship[8257326]
2942602
	adding Node[2942602] Furcraea 497838 as compatible with Node[2942602]
		adding Relationship[8257327]
2943162
	adding Node[2943162] Hesperoyucca 786709 as compatible with Node[2943162]
		adding Relationship[8257328]
2943857
	adding Node[2943857] Camassia 1023677 as compatible with Node[2943857]
		adding Relationship[8257329]
2944092
[Node[3501505], Node[3501509], Node[2940744], Node[2943162], Node[3501510], Node[2942602], Node[3501495], Node[2939426], Node[2943857], Node[3501502], Node[3010753], Node[3501501], Node[2939314], Node[2940922], Node[3501499], Node[2942003], Node[2940863], Node[3010758], Node[3501497]]
	Node[3501505]
	Node[3501509]
		adding Relationship[8257330] from Node[3501509] to Node[3501510]
	Node[2940744]
		adding Relationship[8257331] from Node[2940744] to Node[3501505]
	Node[2943162]
		adding Relationship[8257332] from Node[2943162] to Node[3501497]
	Node[3501510]
	Node[2942602]
		adding Relationship[8257333] from Node[2942602] to Node[3501495]
	Node[3501495]
	Node[2939426]
		adding Relationship[8257334] from Node[2939426] to Node[3501509]
	Node[2943857]
		adding Relationship[8257335] from Node[2943857] to Node[3501499]
	Node[3501502]
	Node[3010753]
	Node[3501501]
		adding Relationship[8257336] from Node[3501501] to Node[3501502]
	Node[2939314]
		adding Relationship[8257337] from Node[2939314] to Node[3501509]
	Node[2940922]
		adding Relationship[8257338] from Node[2940922] to Node[3501502]
	Node[3501499]
	Node[2942003]
		adding Relationship[8257339] from Node[2942003] to Node[3501501]
	Node[2940863]
		adding Relationship[8257340] from Node[2940863] to Node[3501510]
	Node[3010758]
		adding Relationship[8257341] from Node[3010758] to Node[3010753]
	Node[3501497]
