pgloadind OTUs number 38
pgloadind Processing tree @id "2922"
pgloadind   tree info number nodes 75
pgloadind   tree info number edges 74
pgloadind   tree info ingroup "node619086"
pgloadind   Setting ingroup root node.
pgloadind   Ingested tree number of external nodes 36
pgloadind   property added ot:studyPublicationReference "Boedeker, C., O’Kelly, C. J., Star, W., & Leliaert, F. (2012). MOLECULAR PHYLOGENY AND TAXONOMY OF THE AEGAGROPILA CLADE (CLADOPHORALES, ULVOPHYCEAE), INCLUDING THE DESCRIPTION OF AEGAGROPILOPSIS GEN. NOV. AND PSEUDOCLADOPHORA GEN. NOV. 1. Journal of Phycology."
pgloadind   property added ot:curatorName "bryan drew"
pgloadind   property added ot:studyId "1447"
pgloadind   property added ot:studyYear "2012"
pgloadind   property added ot:focalClade "1178202"
pgloadind   property added ot:focalCladeOTTTaxonName "Ulvophyceae"
pgloadind   property added ot:branchLengthMode "ot:substitutionCount"
pgloadind   property added ot:inGroupClade "node619086"
pgloadind   property added ot:curatedType "bi con 50 majrule"
pgloadind Processing tree @id "2923"
pgloadind   tree info number nodes 75
pgloadind   tree info number edges 74
pgloadind   tree info ingroup "node619162"
pgloadind   Setting ingroup root node.
pgloadind   Ingested tree number of external nodes 35
pgloadind   property added ot:studyPublicationReference "Boedeker, C., O’Kelly, C. J., Star, W., & Leliaert, F. (2012). MOLECULAR PHYLOGENY AND TAXONOMY OF THE AEGAGROPILA CLADE (CLADOPHORALES, ULVOPHYCEAE), INCLUDING THE DESCRIPTION OF AEGAGROPILOPSIS GEN. NOV. AND PSEUDOCLADOPHORA GEN. NOV. 1. Journal of Phycology."
pgloadind   property added ot:curatorName "bryan drew"
pgloadind   property added ot:studyId "1447"
pgloadind   property added ot:studyYear "2012"
pgloadind   property added ot:focalClade "1178202"
pgloadind   property added ot:focalCladeOTTTaxonName "Ulvophyceae"
pgloadind   property added ot:branchLengthMode "ot:substitutionCount"
pgloadind   property added ot:inGroupClade "node619162"
pgloadind   property added ot:curatedType "bi con 50 majrule"
loading a specific tree: 2923
skipping tree: 2922
pgloadind conducting TNRS on trees
pgloadind   name fixing on tree tree id "2923"
pgloadind   all nodes have ottIds
pgloadind     OTT ID reused in tree
pgloadind       duplicate name "Aegagropila linnaei" nexsonid "node619209"
pgloadind       duplicate OTT ID 296536
pgloadind     pruning dups and overlapping name "Aegagropila linnaei" nexsonid "node619209"
pgloadind   postpruning newick tree "(((((Anadyomene_stellata,(((Boodlea_composita,Struvea_elegans),(Dictyosphaeria_cavernosa,Valoniopsis_pachynema)),Valonia_aegagropila)),Cladophora_aokii),(Boergesenia_forbesii,Siphonocladus_tropicus)),((((Cladophora_feredayi,Cladophora_radiosa),Cladophora_pellucida),Cladophora_pygmaea),((Cladophora_albida,Cladophora_vagabunda),(Cladophora_rupestris,Chaetomorpha_crassa)))),((((((((Cladophora_sp_Tateyama,Aegagropilopsis_clavuligera),Aegagropilopsis_sterrocladia),Aegagropila_linnaei),(Pithophora_roettleri,Pithophora_cf_polymorpha_L0793291)),((Arnoldiella_conchophila,(Arnoldiella_kosterae,Basicladia_chelonum)),Basicladia_ramulosa)),Basicladia_okamurae),(((Wittrockiella_sp_CB-2012,Cladophorella_calcicola),Wittrockiella_salina),Wittrockiella_lyallii)),(Cladophora_conchopheria,Pseudocladophora_horii)))"
pgloadind   taxon mapping summary
pgloadind     taxon mapping OTT ID 376389 taxonomy "Anadyomene stellata->Anadyomene->Anadyomenaceae->Cladophorales->Ulvophyceae->Chlorophyta->Chloroplastida->Archaeplastida->Eukaryota->cellular organisms->life" nexsonid "node619167"
pgloadind     taxon mapping OTT ID 1012452 taxonomy "Boodlea composita->Boodlea->Siphonocladaceae->Cladophorales->Ulvophyceae->Chlorophyta->Chloroplastida->Archaeplastida->Eukaryota->cellular organisms->life" nexsonid "node619171"
pgloadind     taxon mapping OTT ID 426785 taxonomy "Struvea elegans->Struvea->Siphonocladaceae->Cladophorales->Ulvophyceae->Chlorophyta->Chloroplastida->Archaeplastida->Eukaryota->cellular organisms->life" nexsonid "node619172"
pgloadind     taxon mapping OTT ID 380777 taxonomy "Dictyosphaeria cavernosa->Dictyosphaeria->Siphonocladaceae->Cladophorales->Ulvophyceae->Chlorophyta->Chloroplastida->Archaeplastida->Eukaryota->cellular organisms->life" nexsonid "node619174"
pgloadind     taxon mapping OTT ID 380781 taxonomy "Valoniopsis pachynema->Valoniopsis->Valoniaceae->Cladophorales->Ulvophyceae->Chlorophyta->Chloroplastida->Archaeplastida->Eukaryota->cellular organisms->life" nexsonid "node619175"
pgloadind     taxon mapping OTT ID 531929 taxonomy "Valonia aegagropila->Valonia->Valoniaceae->Cladophorales->Ulvophyceae->Chlorophyta->Chloroplastida->Archaeplastida->Eukaryota->cellular organisms->life" nexsonid "node619176"
pgloadind     taxon mapping OTT ID 1006188 taxonomy "Cladophora aokii->Cladophora->Cladophoraceae->Cladophorales->Ulvophyceae->Chlorophyta->Chloroplastida->Archaeplastida->Eukaryota->cellular organisms->life" nexsonid "node619177"
pgloadind     taxon mapping OTT ID 1003950 taxonomy "Boergesenia forbesii->Boergesenia->Siphonocladaceae->Cladophorales->Ulvophyceae->Chlorophyta->Chloroplastida->Archaeplastida->Eukaryota->cellular organisms->life" nexsonid "node619179"
pgloadind     taxon mapping OTT ID 739609 taxonomy "Siphonocladus tropicus->Siphonocladus->Siphonocladaceae->Cladophorales->Ulvophyceae->Chlorophyta->Chloroplastida->Archaeplastida->Eukaryota->cellular organisms->life" nexsonid "node619180"
pgloadind     taxon mapping OTT ID 720928 taxonomy "Cladophora feredayi->Cladophora->Cladophoraceae->Cladophorales->Ulvophyceae->Chlorophyta->Chloroplastida->Archaeplastida->Eukaryota->cellular organisms->life" nexsonid "node619185"
pgloadind     taxon mapping OTT ID 43651 taxonomy "Cladophora radiosa->Cladophora->Cladophoraceae->Cladophorales->Ulvophyceae->Chlorophyta->Chloroplastida->Archaeplastida->Eukaryota->cellular organisms->life" nexsonid "node619186"
pgloadind     taxon mapping OTT ID 317090 taxonomy "Cladophora pellucida->Cladophora->Cladophoraceae->Cladophorales->Ulvophyceae->Chlorophyta->Chloroplastida->Archaeplastida->Eukaryota->cellular organisms->life" nexsonid "node619187"
pgloadind     taxon mapping OTT ID 720931 taxonomy "Cladophora pygmaea->Cladophora->Cladophoraceae->Cladophorales->Ulvophyceae->Chlorophyta->Chloroplastida->Archaeplastida->Eukaryota->cellular organisms->life" nexsonid "node619188"
pgloadind     taxon mapping OTT ID 891543 taxonomy "Cladophora albida->Cladophora->Cladophoraceae->Cladophorales->Ulvophyceae->Chlorophyta->Chloroplastida->Archaeplastida->Eukaryota->cellular organisms->life" nexsonid "node619191"
pgloadind     taxon mapping OTT ID 317078 taxonomy "Cladophora vagabunda->Cladophora->Cladophoraceae->Cladophorales->Ulvophyceae->Chlorophyta->Chloroplastida->Archaeplastida->Eukaryota->cellular organisms->life" nexsonid "node619192"
pgloadind     taxon mapping OTT ID 317088 taxonomy "Cladophora rupestris->Cladophora->Cladophoraceae->Cladophorales->Ulvophyceae->Chlorophyta->Chloroplastida->Archaeplastida->Eukaryota->cellular organisms->life" nexsonid "node619194"
pgloadind     taxon mapping OTT ID 296532 taxonomy "Chaetomorpha crassa->Chaetomorpha->Cladophoraceae->Cladophorales->Ulvophyceae->Chlorophyta->Chloroplastida->Archaeplastida->Eukaryota->cellular organisms->life" nexsonid "node619195"
pgloadind     taxon mapping OTT ID 296542 taxonomy "Cladophora sp. Tateyama->Cladophora->Cladophoraceae->Cladophorales->Ulvophyceae->Chlorophyta->Chloroplastida->Archaeplastida->Eukaryota->cellular organisms->life" nexsonid "node619204"
pgloadind     taxon mapping OTT ID 217847 taxonomy "Aegagropilopsis clavuligera->Aegagropilopsis->Cladophoraceae->Cladophorales->Ulvophyceae->Chlorophyta->Chloroplastida->Archaeplastida->Eukaryota->cellular organisms->life" nexsonid "node619205"
pgloadind     taxon mapping OTT ID 217851 taxonomy "Aegagropilopsis sterrocladia->Aegagropilopsis->Cladophoraceae->Cladophorales->Ulvophyceae->Chlorophyta->Chloroplastida->Archaeplastida->Eukaryota->cellular organisms->life" nexsonid "node619206"
pgloadind     taxon mapping OTT ID 296536 taxonomy "Aegagropila linnaei->Aegagropila->Cladophoraceae->Cladophorales->Ulvophyceae->Chlorophyta->Chloroplastida->Archaeplastida->Eukaryota->cellular organisms->life" nexsonid "node619208"
pgloadind     taxon mapping OTT ID 217844 taxonomy "Pithophora roettleri->Pithophora->Pithophoraceae->Cladophorales->Ulvophyceae->Chlorophyta->Chloroplastida->Archaeplastida->Eukaryota->cellular organisms->life" nexsonid "node619211"
pgloadind     taxon mapping OTT ID 1003625 taxonomy "Pithophora cf. polymorpha L0793291->Pithophora->Pithophoraceae->Cladophorales->Ulvophyceae->Chlorophyta->Chloroplastida->Archaeplastida->Eukaryota->cellular organisms->life" nexsonid "node619212"
pgloadind     taxon mapping OTT ID 922158 taxonomy "Arnoldiella conchophila->Arnoldiella->Pithophoraceae->Cladophorales->Ulvophyceae->Chlorophyta->Chloroplastida->Archaeplastida->Eukaryota->cellular organisms->life" nexsonid "node619215"
pgloadind     taxon mapping OTT ID 508681 taxonomy "Arnoldiella kosterae->Arnoldiella->Pithophoraceae->Cladophorales->Ulvophyceae->Chlorophyta->Chloroplastida->Archaeplastida->Eukaryota->cellular organisms->life" nexsonid "node619217"
pgloadind     taxon mapping OTT ID 4002765 taxonomy "Basicladia chelonum->Basicladia->Cladophoraceae->Cladophorales->Ulvophyceae->Chlorophyta->Chloroplastida->Archaeplastida->Eukaryota->cellular organisms->life" nexsonid "node619218"
pgloadind     taxon mapping OTT ID 4002764 taxonomy "Basicladia ramulosa->Basicladia->Cladophoraceae->Cladophorales->Ulvophyceae->Chlorophyta->Chloroplastida->Archaeplastida->Eukaryota->cellular organisms->life" nexsonid "node619219"
pgloadind     taxon mapping OTT ID 46541 taxonomy "Basicladia okamurae->Basicladia->Cladophoraceae->Cladophorales->Ulvophyceae->Chlorophyta->Chloroplastida->Archaeplastida->Eukaryota->cellular organisms->life" nexsonid "node619220"
pgloadind     taxon mapping OTT ID 133807 taxonomy "Wittrockiella sp. CB-2012->Wittrockiella->Pithophoraceae->Cladophorales->Ulvophyceae->Chlorophyta->Chloroplastida->Archaeplastida->Eukaryota->cellular organisms->life" nexsonid "node619224"
pgloadind     taxon mapping OTT ID 217840 taxonomy "Wittrockiella calcicola->Wittrockiella->Pithophoraceae->Cladophorales->Ulvophyceae->Chlorophyta->Chloroplastida->Archaeplastida->Eukaryota->cellular organisms->life" nexsonid "node619225"
pgloadind     taxon mapping OTT ID 4002721 taxonomy "Wittrockiella salina->Wittrockiella->Pithophoraceae->Cladophorales->Ulvophyceae->Chlorophyta->Chloroplastida->Archaeplastida->Eukaryota->cellular organisms->life" nexsonid "node619226"
pgloadind     taxon mapping OTT ID 871600 taxonomy "Wittrockiella lyallii->Wittrockiella->Pithophoraceae->Cladophorales->Ulvophyceae->Chlorophyta->Chloroplastida->Archaeplastida->Eukaryota->cellular organisms->life" nexsonid "node619227"
pgloadind     taxon mapping OTT ID 296526 taxonomy "Cladophora conchopheria->Cladophora->Cladophoraceae->Cladophorales->Ulvophyceae->Chlorophyta->Chloroplastida->Archaeplastida->Eukaryota->cellular organisms->life" nexsonid "node619229"
pgloadind     taxon mapping OTT ID 1034771 taxonomy "Pseudocladophora horii->Pseudocladophora->Cladophoraceae->Cladophorales->Ulvophyceae->Chlorophyta->Chloroplastida->Archaeplastida->Eukaryota->cellular organisms->life" nexsonid "node619230"
done fixing name
pgloadind Finished with attempts to fix names
pgloadind   Checking for uniqueness of OTT IDs tree id "2923"
pgloadind   Adding tree to graph tree id "2923"
all trees have all taxa: false
	using bipartition technique
attempting to remap tips to deepest exemplified taxa
	Anadyomene stellata was remapped to 'Anadyomenaceae' (id=3065377)
	Aegagropila linnaei was remapped to 'Aegagropila' (id=3065451)
	Boodlea composita was remapped to 'Boodlea' (id=3065271)
	Siphonocladus tropicus was remapped to 'Siphonocladus' (id=3065124)
	Pseudocladophora horii was remapped to 'Pseudocladophora' (id=3065663)
	Struvea elegans was remapped to 'Struvea' (id=3065187)
	Valoniopsis pachynema was remapped to 'Valoniopsis' (id=3065340)
	Chaetomorpha crassa was remapped to 'Chaetomorpha' (id=3065480)
	Dictyosphaeria cavernosa was remapped to 'Dictyosphaeria' (id=3065150)
	Valonia aegagropila was remapped to 'Valonia' (id=3065346)
	Boergesenia forbesii was remapped to 'Boergesenia' (id=3065309)
this is the ROOT
placing root in index
Dealing with metadata property: id
Dealing with metadata property: ot:studyPublicationReference
Adding property 'ot:studyPublicationReference': Boedeker, C., O’Kelly, C. J., Star, W., & Leliaert, F. (2012). MOLECULAR PHYLOGENY AND TAXONOMY OF THE AEGAGROPILA CLADE (CLADOPHORALES, ULVOPHYCEAE), INCLUDING THE DESCRIPTION OF AEGAGROPILOPSIS GEN. NOV. AND PSEUDOCLADOPHORA GEN. NOV. 1. Journal of Phycology.
Dealing with metadata property: ot:focalCladeOTTTaxonName
Adding property 'ot:focalCladeOTTTaxonName': Ulvophyceae
Dealing with metadata property: ot:studyYear
Adding property 'ot:studyYear': 2012
Dealing with metadata property: ot:inGroupClade
Adding property 'ot:inGroupClade': node619162
Dealing with metadata property: ot:branchLengthMode
Adding property 'ot:branchLengthMode': ot:substitutionCount
Dealing with metadata property: ot:curatorName
Adding property 'ot:curatorName': bryan drew
Dealing with metadata property: ot:focalClade
Adding property 'ot:focalClade': 1178202
Dealing with metadata property: ot:curatedType
Adding property 'ot:curatedType': bi con 50 majrule
Dealing with metadata property: ot:studyId
Adding property 'ot:studyId': 1447
Committing nodes: 67
{3065076}
3065079
3065080
3065082
3065085
3065088
3065093
3065097
3065100
3065667
3065669
3065673
3065744
3065745
3065746
3065815
3065831
3065864
3065865
3065896
3065945
3066213
3066220
3066221
3065124
	adding Node[3065124] Siphonocladus 317098 as compatible with Node[3065124]
		adding Relationship[8257329]
3065150
	adding Node[3065150] Dictyosphaeria 380779 as compatible with Node[3065150]
		adding Relationship[8257330]
3065187
	adding Node[3065187] Struvea 426790 as compatible with Node[3065187]
		adding Relationship[8257331]
3065271
	adding Node[3065271] Boodlea 1012455 as compatible with Node[3065271]
		adding Relationship[8257332]
3065309
	adding Node[3065309] Boergesenia 901439 as compatible with Node[3065309]
		adding Relationship[8257333]
3065340
	adding Node[3065340] Valoniopsis 380782 as compatible with Node[3065340]
		adding Relationship[8257334]
3065346
	adding Node[3065346] Valonia 739607 as compatible with Node[3065346]
		adding Relationship[8257335]
3065377
	adding Node[3065377] Anadyomenaceae 606768 as compatible with Node[3065377]
		adding Relationship[8257336]
3065451
	adding Node[3065451] Aegagropila 296540 as compatible with Node[3065451]
		adding Relationship[8257337]
3065480
	adding Node[3065480] Chaetomorpha 485484 as compatible with Node[3065480]
		adding Relationship[8257338]
3065663
[Node[3501507], Node[3065150], Node[3065271], Node[3065451], Node[3065480], Node[3065377], Node[3065346], Node[3065340], Node[3065309], Node[3501495], Node[3501492], Node[3501493], Node[3501490], Node[3501489], Node[3065124], Node[3065187], Node[3501501]]
	Node[3501507]
	Node[3065150]
		adding Relationship[8257339] from Node[3065150] to Node[3501490]
	Node[3065271]
		adding Relationship[8257340] from Node[3065271] to Node[3501489]
	Node[3065451]
		adding Relationship[8257341] from Node[3065451] to Node[3501507]
	Node[3065480]
		adding Relationship[8257342] from Node[3065480] to Node[3501501]
	Node[3065377]
		adding Relationship[8257343] from Node[3065377] to Node[3501493]
	Node[3065346]
		adding Relationship[8257344] from Node[3065346] to Node[3501492]
	Node[3065340]
		adding Relationship[8257345] from Node[3065340] to Node[3501490]
	Node[3065309]
		adding Relationship[8257346] from Node[3065309] to Node[3501495]
	Node[3501495]
	Node[3501492]
		adding Relationship[8257347] from Node[3501492] to Node[3501493]
	Node[3501493]
	Node[3501490]
	Node[3501489]
	Node[3065124]
		adding Relationship[8257348] from Node[3065124] to Node[3501495]
	Node[3065187]
		adding Relationship[8257349] from Node[3065187] to Node[3501489]
	Node[3501501]
