pgloadind OTUs number 103
pgloadind Processing tree @id "3199"
pgloadind   tree info number nodes 106
pgloadind   tree info number edges 105
pgloadind   Ingested tree number of external nodes 84
pgloadind   property added ot:studyPublicationReference "Alvarez I., Costa A., & Feliner G. 2008. Selecting single-copy nuclear genes for plant phylogenetics: A preliminary analysis for the Senecioneae (Asteraceae). Journal of Molecular Evolution, 66(3): 276-291."
pgloadind   property added ot:studyPublication "http://dx.doi.org/10.1007/s00239-008-9083-7"
pgloadind   property added ot:curatorName "Jiabin Deng"
pgloadind   property added ot:dataDeposit "http://purl.org/phylo/treebase/phylows/study/TB2:S1956"
pgloadind   property added ot:studyId "1584"
pgloadind   property added ot:studyYear "2008"
pgloadind   property added ot:focalClade "882718"
pgloadind   property added ot:tag "nrDNA"
pgloadind   property added ot:tag "ingroup added;"
pgloadind Processing tree @id "3200"
pgloadind   tree info number nodes 88
pgloadind   tree info number edges 87
pgloadind   tree info ingroup "node645193"
pgloadind   Setting ingroup root node.
pgloadind   Ingested tree number of external nodes 62
pgloadind   property added ot:studyPublicationReference "Alvarez I., Costa A., & Feliner G. 2008. Selecting single-copy nuclear genes for plant phylogenetics: A preliminary analysis for the Senecioneae (Asteraceae). Journal of Molecular Evolution, 66(3): 276-291."
pgloadind   property added ot:studyPublication "http://dx.doi.org/10.1007/s00239-008-9083-7"
pgloadind   property added ot:curatorName "Jiabin Deng"
pgloadind   property added ot:dataDeposit "http://purl.org/phylo/treebase/phylows/study/TB2:S1956"
pgloadind   property added ot:studyId "1584"
pgloadind   property added ot:studyYear "2008"
pgloadind   property added ot:focalClade "882718"
pgloadind   property added ot:tag "nrDNA"
pgloadind   property added ot:tag "ingroup added;"
pgloadind   property added ot:inGroupClade "node645193"
pgloadind Processing tree @id "3201"
pgloadind   tree info number nodes 161
pgloadind   tree info number edges 160
pgloadind   Ingested tree number of external nodes 81
pgloadind   property added ot:studyPublicationReference "Alvarez I., Costa A., & Feliner G. 2008. Selecting single-copy nuclear genes for plant phylogenetics: A preliminary analysis for the Senecioneae (Asteraceae). Journal of Molecular Evolution, 66(3): 276-291."
pgloadind   property added ot:studyPublication "http://dx.doi.org/10.1007/s00239-008-9083-7"
pgloadind   property added ot:curatorName "Jiabin Deng"
pgloadind   property added ot:dataDeposit "http://purl.org/phylo/treebase/phylows/study/TB2:S1956"
pgloadind   property added ot:studyId "1584"
pgloadind   property added ot:studyYear "2008"
pgloadind   property added ot:focalClade "882718"
pgloadind   property added ot:tag "nrDNA"
pgloadind   property added ot:tag "ingroup added;"
pgloadind Processing tree @id "3202"
pgloadind   tree info number nodes 39
pgloadind   tree info number edges 38
pgloadind   tree info ingroup "node645444"
pgloadind   Setting ingroup root node.
pgloadind   Ingested tree number of external nodes 26
pgloadind   property added ot:studyPublicationReference "Alvarez I., Costa A., & Feliner G. 2008. Selecting single-copy nuclear genes for plant phylogenetics: A preliminary analysis for the Senecioneae (Asteraceae). Journal of Molecular Evolution, 66(3): 276-291."
pgloadind   property added ot:studyPublication "http://dx.doi.org/10.1007/s00239-008-9083-7"
pgloadind   property added ot:curatorName "Jiabin Deng"
pgloadind   property added ot:dataDeposit "http://purl.org/phylo/treebase/phylows/study/TB2:S1956"
pgloadind   property added ot:studyId "1584"
pgloadind   property added ot:studyYear "2008"
pgloadind   property added ot:focalClade "882718"
pgloadind   property added ot:tag "nrDNA"
pgloadind   property added ot:tag "ingroup added;"
pgloadind   property added ot:inGroupClade "node645444"
pgloadind Processing tree @id "3203"
pgloadind   tree info number nodes 100
pgloadind   tree info number edges 99
pgloadind   Ingested tree number of external nodes 69
pgloadind   property added ot:studyPublicationReference "Alvarez I., Costa A., & Feliner G. 2008. Selecting single-copy nuclear genes for plant phylogenetics: A preliminary analysis for the Senecioneae (Asteraceae). Journal of Molecular Evolution, 66(3): 276-291."
pgloadind   property added ot:studyPublication "http://dx.doi.org/10.1007/s00239-008-9083-7"
pgloadind   property added ot:curatorName "Jiabin Deng"
pgloadind   property added ot:dataDeposit "http://purl.org/phylo/treebase/phylows/study/TB2:S1956"
pgloadind   property added ot:studyId "1584"
pgloadind   property added ot:studyYear "2008"
pgloadind   property added ot:focalClade "882718"
pgloadind   property added ot:tag "nrDNA"
pgloadind   property added ot:tag "ingroup added;"
loading a specific tree: 3202
skipping tree: 3199
skipping tree: 3200
skipping tree: 3201
skipping tree: 3203
pgloadind conducting TNRS on trees
pgloadind   name fixing on tree tree id "3202"
pgloadind   all nodes have ottIds
pgloadind     OTT ID reused in tree
pgloadind       duplicate name "Petasites fragrans" nexsonid "node645449"
pgloadind       duplicate OTT ID 926871
pgloadind     OTT ID reused in tree
pgloadind       duplicate name "Petasites fragrans" nexsonid "node645450"
pgloadind       duplicate OTT ID 926871
pgloadind     OTT ID reused in tree
pgloadind       duplicate name "Petasites fragrans" nexsonid "node645451"
pgloadind       duplicate OTT ID 926871
pgloadind     OTT ID reused in tree
pgloadind       duplicate name "Hertia cheirifolia" nexsonid "node645454"
pgloadind       duplicate OTT ID 737497
pgloadind     OTT ID reused in tree
pgloadind       duplicate name "Hertia cheirifolia" nexsonid "node645455"
pgloadind       duplicate OTT ID 737497
pgloadind     OTT ID reused in tree
pgloadind       duplicate name "Hertia cheirifolia" nexsonid "node645456"
pgloadind       duplicate OTT ID 737497
pgloadind     OTT ID reused in tree
pgloadind       duplicate name "Hertia cheirifolia" nexsonid "node645457"
pgloadind       duplicate OTT ID 737497
pgloadind     OTT ID reused in tree
pgloadind       duplicate name "Emilia sonchifolia" nexsonid "node645460"
pgloadind       duplicate OTT ID 487319
pgloadind     OTT ID reused in tree
pgloadind       duplicate name "Emilia sonchifolia" nexsonid "node645461"
pgloadind       duplicate OTT ID 487319
pgloadind     OTT ID reused in tree
pgloadind       duplicate name "Emilia sonchifolia" nexsonid "node645463"
pgloadind       duplicate OTT ID 487319
pgloadind     OTT ID reused in tree
pgloadind       duplicate name "Emilia sonchifolia" nexsonid "node645464"
pgloadind       duplicate OTT ID 487319
pgloadind     OTT ID reused in tree
pgloadind       duplicate name "Emilia sonchifolia" nexsonid "node645465"
pgloadind       duplicate OTT ID 487319
pgloadind     OTT ID reused in tree
pgloadind       duplicate name "Emilia sonchifolia" nexsonid "node645466"
pgloadind       duplicate OTT ID 487319
pgloadind     OTT ID reused in tree
pgloadind       duplicate name "Pericallis appendiculata" nexsonid "node645469"
pgloadind       duplicate OTT ID 812712
pgloadind     OTT ID reused in tree
pgloadind       duplicate name "Pericallis appendiculata" nexsonid "node645470"
pgloadind       duplicate OTT ID 812712
pgloadind     OTT ID reused in tree
pgloadind       duplicate name "Pericallis appendiculata" nexsonid "node645471"
pgloadind       duplicate OTT ID 812712
pgloadind     OTT ID reused in tree
pgloadind       duplicate name "Jacobaea maritima" nexsonid "node645474"
pgloadind       duplicate OTT ID 103092
pgloadind     OTT ID reused in tree
pgloadind       duplicate name "Jacobaea maritima" nexsonid "node645475"
pgloadind       duplicate OTT ID 103092
pgloadind     OTT ID reused in tree
pgloadind       duplicate name "Jacobaea maritima" nexsonid "node645476"
pgloadind       duplicate OTT ID 103092
pgloadind     OTT ID reused in tree
pgloadind       duplicate name "Jacobaea maritima" nexsonid "node645477"
pgloadind       duplicate OTT ID 103092
pgloadind     OTT ID reused in tree
pgloadind       duplicate name "Jacobaea maritima" nexsonid "node645478"
pgloadind       duplicate OTT ID 103092
pgloadind     pruning dups and overlapping name "Hertia cheirifolia" nexsonid "node645456"
pgloadind     pruning dups and overlapping name "Jacobaea maritima" nexsonid "node645474"
pgloadind     pruning dups and overlapping name "Hertia cheirifolia" nexsonid "node645457"
pgloadind     pruning dups and overlapping name "Emilia sonchifolia" nexsonid "node645463"
pgloadind     pruning dups and overlapping name "Emilia sonchifolia" nexsonid "node645465"
pgloadind     pruning dups and overlapping name "Pericallis appendiculata" nexsonid "node645471"
pgloadind     pruning dups and overlapping name "Jacobaea maritima" nexsonid "node645478"
pgloadind     pruning dups and overlapping name "Hertia cheirifolia" nexsonid "node645454"
pgloadind     pruning dups and overlapping name "Emilia sonchifolia" nexsonid "node645460"
pgloadind     pruning dups and overlapping name "Petasites fragrans" nexsonid "node645449"
pgloadind     pruning dups and overlapping name "Emilia sonchifolia" nexsonid "node645461"
pgloadind     pruning dups and overlapping name "Pericallis appendiculata" nexsonid "node645470"
pgloadind     pruning dups and overlapping name "Hertia cheirifolia" nexsonid "node645455"
pgloadind     pruning dups and overlapping name "Emilia sonchifolia" nexsonid "node645464"
pgloadind     pruning dups and overlapping name "Petasites fragrans" nexsonid "node645451"
pgloadind     pruning dups and overlapping name "Jacobaea maritima" nexsonid "node645476"
pgloadind     pruning dups and overlapping name "Petasites fragrans" nexsonid "node645450"
pgloadind     pruning dups and overlapping name "Jacobaea maritima" nexsonid "node645477"
pgloadind     pruning dups and overlapping name "Pericallis appendiculata" nexsonid "node645469"
pgloadind     pruning dups and overlapping name "Jacobaea maritima" nexsonid "node645475"
pgloadind     pruning dups and overlapping name "Emilia sonchifolia" nexsonid "node645466"
pgloadind   postpruning newick tree "(((Hertia_cheirifolia,Petasites_fragrans),Pericallis_appendiculata,Emilia_sonchifolia),Jacobaea_maritima)"
pgloadind   taxon mapping summary
pgloadind     taxon mapping OTT ID 737497 taxonomy "Hertia cheirifolia->Hertia->Othonninae->Senecioneae->Asteroideae->Asteraceae->Asterales->campanulids->asterids->Pentapetalae->Gunneridae->eudicotyledons->Mesangiospermae->Magnoliophyta->Spermatophyta->Euphyllophyta->Tracheophyta->Embryophyta->Streptophytina->Streptophyta->Chloroplastida->Archaeplastida->Eukaryota->cellular organisms->life" nexsonid "node645453"
pgloadind     taxon mapping OTT ID 926871 taxonomy "Petasites fragrans->Petasites->Tussilagininae->Senecioneae->Asteroideae->Asteraceae->Asterales->campanulids->asterids->Pentapetalae->Gunneridae->eudicotyledons->Mesangiospermae->Magnoliophyta->Spermatophyta->Euphyllophyta->Tracheophyta->Embryophyta->Streptophytina->Streptophyta->Chloroplastida->Archaeplastida->Eukaryota->cellular organisms->life" nexsonid "node645448"
pgloadind     taxon mapping OTT ID 812712 taxonomy "Pericallis appendiculata->Pericallis->Senecioninae->Senecioneae->Asteroideae->Asteraceae->Asterales->campanulids->asterids->Pentapetalae->Gunneridae->eudicotyledons->Mesangiospermae->Magnoliophyta->Spermatophyta->Euphyllophyta->Tracheophyta->Embryophyta->Streptophytina->Streptophyta->Chloroplastida->Archaeplastida->Eukaryota->cellular organisms->life" nexsonid "node645468"
pgloadind     taxon mapping OTT ID 487319 taxonomy "Emilia sonchifolia->Emilia->Senecioninae->Senecioneae->Asteroideae->Asteraceae->Asterales->campanulids->asterids->Pentapetalae->Gunneridae->eudicotyledons->Mesangiospermae->Magnoliophyta->Spermatophyta->Euphyllophyta->Tracheophyta->Embryophyta->Streptophytina->Streptophyta->Chloroplastida->Archaeplastida->Eukaryota->cellular organisms->life" nexsonid "node645459"
pgloadind     taxon mapping OTT ID 103092 taxonomy "Jacobaea maritima->Jacobaea->Senecioninae->Senecioneae->Asteroideae->Asteraceae->Asterales->campanulids->asterids->Pentapetalae->Gunneridae->eudicotyledons->Mesangiospermae->Magnoliophyta->Spermatophyta->Euphyllophyta->Tracheophyta->Embryophyta->Streptophytina->Streptophyta->Chloroplastida->Archaeplastida->Eukaryota->cellular organisms->life" nexsonid "node645473"
done fixing name
pgloadind Finished with attempts to fix names
pgloadind   Checking for uniqueness of OTT IDs tree id "3202"
pgloadind   Adding tree to graph tree id "3202"
all trees have all taxa: false
	using bipartition technique
attempting to remap tips to deepest exemplified taxa
	Jacobaea maritima was remapped to 'Jacobaea' (id=2585094)
	Pericallis appendiculata was remapped to 'Pericallis' (id=2584266)
	Petasites fragrans was remapped to 'Tussilagininae' (id=2586546)
	Emilia sonchifolia was remapped to 'Emilia' (id=2584429)
	Hertia cheirifolia was remapped to 'Othonninae' (id=2584129)
this is the ROOT
placing root in index
Dealing with metadata property: id
Dealing with metadata property: ot:studyPublicationReference
Adding property 'ot:studyPublicationReference': Alvarez I., Costa A., & Feliner G. 2008. Selecting single-copy nuclear genes for plant phylogenetics: A preliminary analysis for the Senecioneae (Asteraceae). Journal of Molecular Evolution, 66(3): 276-291.
Dealing with metadata property: ot:studyYear
Adding property 'ot:studyYear': 2008
Dealing with metadata property: ot:inGroupClade
Adding property 'ot:inGroupClade': node645444
Dealing with metadata property: ot:tag
Adding property 'ot:tag': ingroup added;
Dealing with metadata property: ot:curatorName
Adding property 'ot:curatorName': Jiabin Deng
Dealing with metadata property: ot:studyPublication
Adding property 'ot:studyPublication': http://dx.doi.org/10.1007/s00239-008-9083-7
Dealing with metadata property: ot:focalClade
Adding property 'ot:focalClade': 882718
Dealing with metadata property: ot:studyId
Adding property 'ot:studyId': 1584
Dealing with metadata property: ot:dataDeposit
Adding property 'ot:dataDeposit': http://purl.org/phylo/treebase/phylows/study/TB2:S1956
Committing nodes: 8
{2584128}
2584129
	adding Node[2584129] Othonninae 349481 as compatible with Node[2584129]
		adding Relationship[8257182]
2584266
	adding Node[2584266] Pericallis 18083 as compatible with Node[2584266]
		adding Relationship[8257183]
2584429
2585094
	adding Node[2585094] Jacobaea 480260 as compatible with Node[2585094]
		adding Relationship[8257184]
2586546
	adding Node[2586546] Tussilagininae 784012 as compatible with Node[2586546]
		adding Relationship[8257185]
[Node[2586546], Node[2585094], Node[3501490], Node[3501489], Node[2584266], Node[2584129], Node[2584128]]
	Node[2586546]
		adding Relationship[8257186] from Node[2586546] to Node[3501489]
		adding Relationship[8257187] from Node[2586546] to Node[2584128]
	Node[2585094]
		adding Relationship[8257188] from Node[2585094] to Node[2584128]
	Node[3501490]
		adding Relationship[8257189] from Node[3501490] to Node[2584128]
	Node[3501489]
		adding Relationship[8257190] from Node[3501489] to Node[3501490]
	Node[2584266]
		adding Relationship[8257191] from Node[2584266] to Node[3501490]
	Node[2584129]
		adding Relationship[8257192] from Node[2584129] to Node[3501489]
		adding Relationship[8257193] from Node[2584129] to Node[2584128]
	Node[2584128]
