pgloadind OTUs number 48
pgloadind Processing tree @id "4178"
pgloadind   tree info number nodes 92
pgloadind   tree info number edges 91
pgloadind   tree info ingroup "node777144"
pgloadind   Setting ingroup root node.
pgloadind   Ingested tree number of external nodes 30
pgloadind   property added ot:studyPublicationReference "Estes, D., & Small, R. L. (2008). Phylogenetic relationships of the monotypic genus Amphianthus (Plantaginaceae tribe Gratioleae) inferred from chloroplast DNA sequences. Systematic Botany, 33(1), 176-182."
pgloadind   property added ot:studyPublication "http://dx.doi.org/10.1600/036364408783887375"
pgloadind   property added ot:curatorName "bryan drew"
pgloadind   property added ot:dataDeposit "http://purl.org/phylo/treebase/phylows/study/TB2:S1803"
pgloadind   property added ot:studyId "2028"
pgloadind   property added ot:studyYear "2007"
pgloadind   property added ot:focalClade "2458559"
pgloadind   property added ot:focalCladeOTTTaxonName "Gratioleae"
pgloadind   property added ot:inGroupClade "node777144"
pgloadind   property added ot:curatedType "Fig. 1"
pgloadind Processing tree @id "4179"
pgloadind   tree info number nodes 15
pgloadind   tree info number edges 14
pgloadind   tree info ingroup "node777204"
pgloadind   Setting ingroup root node.
pgloadind   Ingested tree number of external nodes 7
pgloadind   property added ot:studyPublicationReference "Estes, D., & Small, R. L. (2008). Phylogenetic relationships of the monotypic genus Amphianthus (Plantaginaceae tribe Gratioleae) inferred from chloroplast DNA sequences. Systematic Botany, 33(1), 176-182."
pgloadind   property added ot:studyPublication "http://dx.doi.org/10.1600/036364408783887375"
pgloadind   property added ot:curatorName "bryan drew"
pgloadind   property added ot:dataDeposit "http://purl.org/phylo/treebase/phylows/study/TB2:S1803"
pgloadind   property added ot:studyId "2028"
pgloadind   property added ot:studyYear "2007"
pgloadind   property added ot:focalClade "2458559"
pgloadind   property added ot:focalCladeOTTTaxonName "Gratioleae"
pgloadind   property added ot:inGroupClade "node777204"
pgloadind   property added ot:curatedType "Fig. 2"
loading a specific tree: 4178
skipping tree: 4179
pgloadind conducting TNRS on trees
pgloadind   name fixing on tree tree id "4178"
pgloadind   all nodes have ottIds
pgloadind     OTT ID reused in tree
pgloadind       duplicate name "Scoparia dulcis" nexsonid "node777155"
pgloadind       duplicate OTT ID 1068307
pgloadind     OTT ID reused in tree
pgloadind       duplicate name "Amphianthus pusillus" nexsonid "node777183"
pgloadind       duplicate OTT ID 928934
pgloadind     OTT ID reused in tree
pgloadind       duplicate name "Amphianthus pusillus" nexsonid "node777184"
pgloadind       duplicate OTT ID 928934
pgloadind     OTT ID reused in tree
pgloadind       duplicate name "Stemodia glabra" nexsonid "node777196"
pgloadind       duplicate OTT ID 687096
pgloadind     pruning dups and overlapping name "Amphianthus pusillus" nexsonid "node777183"
pgloadind     pruning dups and overlapping name "Scoparia dulcis" nexsonid "node777155"
pgloadind     pruning dups and overlapping name "Stemodia glabra" nexsonid "node777196"
pgloadind     pruning dups and overlapping name "Amphianthus pusillus" nexsonid "node777184"
pgloadind   postpruning newick tree "(((Bacopa_monnieri,Bacopa_caroliniana),(((((Scoparia_hybrid_cultivar,Scoparia_plebeja),Scoparia_dulcis),(Leucospora_multifida,Stemodia_verticillata)),Stemodia_suffruticosa),(((Hydrotriche_hottoniiflora,(Limnophila_aromatica,Limnophila_sessiliflora)),((Gratiola_pilosa,Gratiola_hispida),((Gratiola_officinalis,Gratiola_virginiana),((Gratiola_neglecta,Amphianthus_pusillus),Gratiola_ebracteata)))),((Otacanthus_azureus,Achetaria_scutellarioides),(Stemodia_maritima,(Stemodia_schottii,Stemodia_glabra)))))),((Mecardonia_vandellioides,Mecardonia_flagellaris),Mecardonia_acuminata))"
pgloadind   taxon mapping summary
pgloadind     taxon mapping OTT ID 940306 taxonomy "Bacopa monnieri->Bacopa->Plantaginaceae->Core_Lamiales->Lamiales->lamiids->asterids->Pentapetalae->Gunneridae->eudicotyledons->Mesangiospermae->Magnoliophyta->Spermatophyta->Euphyllophyta->Tracheophyta->Embryophyta->Streptophytina->Streptophyta->Chloroplastida->Archaeplastida->Eukaryota->cellular organisms->life" nexsonid "node777147"
pgloadind     taxon mapping OTT ID 705520 taxonomy "Bacopa caroliniana->Bacopa->Plantaginaceae->Core_Lamiales->Lamiales->lamiids->asterids->Pentapetalae->Gunneridae->eudicotyledons->Mesangiospermae->Magnoliophyta->Spermatophyta->Euphyllophyta->Tracheophyta->Embryophyta->Streptophytina->Streptophyta->Chloroplastida->Archaeplastida->Eukaryota->cellular organisms->life" nexsonid "node777148"
pgloadind     taxon mapping OTT ID 1049664 taxonomy "Scoparia hybrid cultivar->Scoparia->Plantaginaceae->Core_Lamiales->Lamiales->lamiids->asterids->Pentapetalae->Gunneridae->eudicotyledons->Mesangiospermae->Magnoliophyta->Spermatophyta->Euphyllophyta->Tracheophyta->Embryophyta->Streptophytina->Streptophyta->Chloroplastida->Archaeplastida->Eukaryota->cellular organisms->life" nexsonid "node777157"
pgloadind     taxon mapping OTT ID 422588 taxonomy "Scoparia plebeja->Scoparia->Plantaginaceae->Core_Lamiales->Lamiales->lamiids->asterids->Pentapetalae->Gunneridae->eudicotyledons->Mesangiospermae->Magnoliophyta->Spermatophyta->Euphyllophyta->Tracheophyta->Embryophyta->Streptophytina->Streptophyta->Chloroplastida->Archaeplastida->Eukaryota->cellular organisms->life" nexsonid "node777158"
pgloadind     taxon mapping OTT ID 1068307 taxonomy "Scoparia dulcis->Scoparia->Plantaginaceae->Core_Lamiales->Lamiales->lamiids->asterids->Pentapetalae->Gunneridae->eudicotyledons->Mesangiospermae->Magnoliophyta->Spermatophyta->Euphyllophyta->Tracheophyta->Embryophyta->Streptophytina->Streptophyta->Chloroplastida->Archaeplastida->Eukaryota->cellular organisms->life" nexsonid "node777154"
pgloadind     taxon mapping OTT ID 422607 taxonomy "Leucospora multifida->Leucospora->Gratioleae->Plantaginaceae->Core_Lamiales->Lamiales->lamiids->asterids->Pentapetalae->Gunneridae->eudicotyledons->Mesangiospermae->Magnoliophyta->Spermatophyta->Euphyllophyta->Tracheophyta->Embryophyta->Streptophytina->Streptophyta->Chloroplastida->Archaeplastida->Eukaryota->cellular organisms->life" nexsonid "node777160"
pgloadind     taxon mapping OTT ID 999619 taxonomy "Stemodia verticillata->Stemodia->Plantaginaceae->Core_Lamiales->Lamiales->lamiids->asterids->Pentapetalae->Gunneridae->eudicotyledons->Mesangiospermae->Magnoliophyta->Spermatophyta->Euphyllophyta->Tracheophyta->Embryophyta->Streptophytina->Streptophyta->Chloroplastida->Archaeplastida->Eukaryota->cellular organisms->life" nexsonid "node777161"
pgloadind     taxon mapping OTT ID 999617 taxonomy "Stemodia suffruticosa->Stemodia->Plantaginaceae->Core_Lamiales->Lamiales->lamiids->asterids->Pentapetalae->Gunneridae->eudicotyledons->Mesangiospermae->Magnoliophyta->Spermatophyta->Euphyllophyta->Tracheophyta->Embryophyta->Streptophytina->Streptophyta->Chloroplastida->Archaeplastida->Eukaryota->cellular organisms->life" nexsonid "node777162"
pgloadind     taxon mapping OTT ID 422611 taxonomy "Hydrotriche hottoniiflora->Hydrotriche->Plantaginaceae->Core_Lamiales->Lamiales->lamiids->asterids->Pentapetalae->Gunneridae->eudicotyledons->Mesangiospermae->Magnoliophyta->Spermatophyta->Euphyllophyta->Tracheophyta->Embryophyta->Streptophytina->Streptophyta->Chloroplastida->Archaeplastida->Eukaryota->cellular organisms->life" nexsonid "node777166"
pgloadind     taxon mapping OTT ID 422603 taxonomy "Limnophila aromatica->Limnophila->Plantaginaceae->Core_Lamiales->Lamiales->lamiids->asterids->Pentapetalae->Gunneridae->eudicotyledons->Mesangiospermae->Magnoliophyta->Spermatophyta->Euphyllophyta->Tracheophyta->Embryophyta->Streptophytina->Streptophyta->Chloroplastida->Archaeplastida->Eukaryota->cellular organisms->life" nexsonid "node777168"
pgloadind     taxon mapping OTT ID 422598 taxonomy "Limnophila sessiliflora->Limnophila->Plantaginaceae->Core_Lamiales->Lamiales->lamiids->asterids->Pentapetalae->Gunneridae->eudicotyledons->Mesangiospermae->Magnoliophyta->Spermatophyta->Euphyllophyta->Tracheophyta->Embryophyta->Streptophytina->Streptophyta->Chloroplastida->Archaeplastida->Eukaryota->cellular organisms->life" nexsonid "node777169"
pgloadind     taxon mapping OTT ID 671548 taxonomy "Gratiola pilosa->Gratiola->Plantaginaceae->Core_Lamiales->Lamiales->lamiids->asterids->Pentapetalae->Gunneridae->eudicotyledons->Mesangiospermae->Magnoliophyta->Spermatophyta->Euphyllophyta->Tracheophyta->Embryophyta->Streptophytina->Streptophyta->Chloroplastida->Archaeplastida->Eukaryota->cellular organisms->life" nexsonid "node777172"
pgloadind     taxon mapping OTT ID 1049673 taxonomy "Gratiola hispida->Gratiola->Plantaginaceae->Core_Lamiales->Lamiales->lamiids->asterids->Pentapetalae->Gunneridae->eudicotyledons->Mesangiospermae->Magnoliophyta->Spermatophyta->Euphyllophyta->Tracheophyta->Embryophyta->Streptophytina->Streptophyta->Chloroplastida->Archaeplastida->Eukaryota->cellular organisms->life" nexsonid "node777173"
pgloadind     taxon mapping OTT ID 352702 taxonomy "Gratiola officinalis->Gratiola->Plantaginaceae->Core_Lamiales->Lamiales->lamiids->asterids->Pentapetalae->Gunneridae->eudicotyledons->Mesangiospermae->Magnoliophyta->Spermatophyta->Euphyllophyta->Tracheophyta->Embryophyta->Streptophytina->Streptophyta->Chloroplastida->Archaeplastida->Eukaryota->cellular organisms->life" nexsonid "node777176"
pgloadind     taxon mapping OTT ID 494238 taxonomy "Gratiola virginiana->Gratiola->Plantaginaceae->Core_Lamiales->Lamiales->lamiids->asterids->Pentapetalae->Gunneridae->eudicotyledons->Mesangiospermae->Magnoliophyta->Spermatophyta->Euphyllophyta->Tracheophyta->Embryophyta->Streptophytina->Streptophyta->Chloroplastida->Archaeplastida->Eukaryota->cellular organisms->life" nexsonid "node777177"
pgloadind     taxon mapping OTT ID 1070473 taxonomy "Gratiola neglecta->Gratiola->Plantaginaceae->Core_Lamiales->Lamiales->lamiids->asterids->Pentapetalae->Gunneridae->eudicotyledons->Mesangiospermae->Magnoliophyta->Spermatophyta->Euphyllophyta->Tracheophyta->Embryophyta->Streptophytina->Streptophyta->Chloroplastida->Archaeplastida->Eukaryota->cellular organisms->life" nexsonid "node777180"
pgloadind     taxon mapping OTT ID 928934 taxonomy "Amphianthus pusillus->Amphianthus->Gratioleae->Plantaginaceae->Core_Lamiales->Lamiales->lamiids->asterids->Pentapetalae->Gunneridae->eudicotyledons->Mesangiospermae->Magnoliophyta->Spermatophyta->Euphyllophyta->Tracheophyta->Embryophyta->Streptophytina->Streptophyta->Chloroplastida->Archaeplastida->Eukaryota->cellular organisms->life" nexsonid "node777182"
pgloadind     taxon mapping OTT ID 1049671 taxonomy "Gratiola ebracteata->Gratiola->Plantaginaceae->Core_Lamiales->Lamiales->lamiids->asterids->Pentapetalae->Gunneridae->eudicotyledons->Mesangiospermae->Magnoliophyta->Spermatophyta->Euphyllophyta->Tracheophyta->Embryophyta->Streptophytina->Streptophyta->Chloroplastida->Archaeplastida->Eukaryota->cellular organisms->life" nexsonid "node777185"
pgloadind     taxon mapping OTT ID 422591 taxonomy "Otacanthus azureus->Otacanthus->Plantaginaceae->Core_Lamiales->Lamiales->lamiids->asterids->Pentapetalae->Gunneridae->eudicotyledons->Mesangiospermae->Magnoliophyta->Spermatophyta->Euphyllophyta->Tracheophyta->Embryophyta->Streptophytina->Streptophyta->Chloroplastida->Archaeplastida->Eukaryota->cellular organisms->life" nexsonid "node777188"
pgloadind     taxon mapping OTT ID 1049661 taxonomy "Achetaria scutellarioides->Achetaria->Gratioleae->Plantaginaceae->Core_Lamiales->Lamiales->lamiids->asterids->Pentapetalae->Gunneridae->eudicotyledons->Mesangiospermae->Magnoliophyta->Spermatophyta->Euphyllophyta->Tracheophyta->Embryophyta->Streptophytina->Streptophyta->Chloroplastida->Archaeplastida->Eukaryota->cellular organisms->life" nexsonid "node777189"
pgloadind     taxon mapping OTT ID 999611 taxonomy "Stemodia maritima->Stemodia->Plantaginaceae->Core_Lamiales->Lamiales->lamiids->asterids->Pentapetalae->Gunneridae->eudicotyledons->Mesangiospermae->Magnoliophyta->Spermatophyta->Euphyllophyta->Tracheophyta->Embryophyta->Streptophytina->Streptophyta->Chloroplastida->Archaeplastida->Eukaryota->cellular organisms->life" nexsonid "node777191"
pgloadind     taxon mapping OTT ID 999614 taxonomy "Stemodia schottii->Stemodia->Plantaginaceae->Core_Lamiales->Lamiales->lamiids->asterids->Pentapetalae->Gunneridae->eudicotyledons->Mesangiospermae->Magnoliophyta->Spermatophyta->Euphyllophyta->Tracheophyta->Embryophyta->Streptophytina->Streptophyta->Chloroplastida->Archaeplastida->Eukaryota->cellular organisms->life" nexsonid "node777193"
pgloadind     taxon mapping OTT ID 687096 taxonomy "Stemodia glabra->Stemodia->Plantaginaceae->Core_Lamiales->Lamiales->lamiids->asterids->Pentapetalae->Gunneridae->eudicotyledons->Mesangiospermae->Magnoliophyta->Spermatophyta->Euphyllophyta->Tracheophyta->Embryophyta->Streptophytina->Streptophyta->Chloroplastida->Archaeplastida->Eukaryota->cellular organisms->life" nexsonid "node777195"
pgloadind     taxon mapping OTT ID 422593 taxonomy "Mecardonia vandellioides->Mecardonia->Plantaginaceae->Core_Lamiales->Lamiales->lamiids->asterids->Pentapetalae->Gunneridae->eudicotyledons->Mesangiospermae->Magnoliophyta->Spermatophyta->Euphyllophyta->Tracheophyta->Embryophyta->Streptophytina->Streptophyta->Chloroplastida->Archaeplastida->Eukaryota->cellular organisms->life" nexsonid "node777199"
pgloadind     taxon mapping OTT ID 673577 taxonomy "Mecardonia flagellaris->Mecardonia->Plantaginaceae->Core_Lamiales->Lamiales->lamiids->asterids->Pentapetalae->Gunneridae->eudicotyledons->Mesangiospermae->Magnoliophyta->Spermatophyta->Euphyllophyta->Tracheophyta->Embryophyta->Streptophytina->Streptophyta->Chloroplastida->Archaeplastida->Eukaryota->cellular organisms->life" nexsonid "node777200"
pgloadind     taxon mapping OTT ID 422595 taxonomy "Mecardonia acuminata->Mecardonia->Plantaginaceae->Core_Lamiales->Lamiales->lamiids->asterids->Pentapetalae->Gunneridae->eudicotyledons->Mesangiospermae->Magnoliophyta->Spermatophyta->Euphyllophyta->Tracheophyta->Embryophyta->Streptophytina->Streptophyta->Chloroplastida->Archaeplastida->Eukaryota->cellular organisms->life" nexsonid "node777201"
done fixing name
pgloadind Finished with attempts to fix names
pgloadind   Checking for uniqueness of OTT IDs tree id "4178"
pgloadind   Adding tree to graph tree id "4178"
all trees have all taxa: false
	using bipartition technique
attempting to remap tips to deepest exemplified taxa
	Amphianthus pusillus was remapped to 'Amphianthus' (id=2670804)
	Leucospora multifida was remapped to 'Leucospora' (id=2670796)
	Otacanthus azureus was remapped to 'Otacanthus' (id=2669420)
	Achetaria scutellarioides was remapped to 'Achetaria' (id=2670780)
	Hydrotriche hottoniiflora was remapped to 'Hydrotriche' (id=2669385)
this is the ROOT
placing root in index
Dealing with metadata property: id
Dealing with metadata property: ot:studyPublicationReference
Adding property 'ot:studyPublicationReference': Estes, D., & Small, R. L. (2008). Phylogenetic relationships of the monotypic genus Amphianthus (Plantaginaceae tribe Gratioleae) inferred from chloroplast DNA sequences. Systematic Botany, 33(1), 176-182.
Dealing with metadata property: ot:focalCladeOTTTaxonName
Adding property 'ot:focalCladeOTTTaxonName': Gratioleae
Dealing with metadata property: ot:studyYear
Adding property 'ot:studyYear': 2007
Dealing with metadata property: ot:inGroupClade
Adding property 'ot:inGroupClade': node777144
Dealing with metadata property: ot:curatorName
Adding property 'ot:curatorName': bryan drew
Dealing with metadata property: ot:studyPublication
Adding property 'ot:studyPublication': http://dx.doi.org/10.1600/036364408783887375
Dealing with metadata property: ot:focalClade
Adding property 'ot:focalClade': 2458559
Dealing with metadata property: ot:curatedType
Adding property 'ot:curatedType': Fig. 1
Dealing with metadata property: ot:studyId
Adding property 'ot:studyId': 2028
Dealing with metadata property: ot:dataDeposit
Adding property 'ot:dataDeposit': http://purl.org/phylo/treebase/phylows/study/TB2:S1803
Committing nodes: 51
{2669301}
2669318
2669323
2669342
2669346
2669348
2669358
2669360
2669368
2669374
2669375
2669377
2669400
2669402
2669435
2669438
2669441
2669444
2669446
2669459
2669462
2669463
2669385
2669420
	adding Node[2669420] Otacanthus 718614 as compatible with Node[2669420]
		adding Relationship[8257277]
2670780
2670796
2670804
	adding Node[2670804] Amphianthus 705530 as compatible with Node[2670804]
		adding Relationship[8257278]
[Node[2669420], Node[2670804], Node[3501501], Node[3501496]]
	Node[2669420]
		adding Relationship[8257279] from Node[2669420] to Node[3501501]
	Node[2670804]
		adding Relationship[8257280] from Node[2670804] to Node[3501496]
	Node[3501501]
	Node[3501496]
