pgloadind OTUs number 37
pgloadind Processing tree @id "5924"
pgloadind   tree info number nodes 65
pgloadind   tree info number edges 64
pgloadind   tree info ingroup "node1005767"
pgloadind   Setting ingroup root node.
pgloadind   Ingested tree number of external nodes 34
pgloadind   property added ot:studyPublicationReference "Engel J., & He, X-L. 2010. Studies on Lophocoleaceae. XIX. The systematic identity of Cyanolophocolea, an intriguing liverwort from New Zealand and Australia, based on morphological and molecular evidence. The Bryologist, 113(1): 149-163."
pgloadind   property added ot:studyPublication "http://dx.doi.org/10.1639/0007-2745-113.1.149"
pgloadind   property added ot:curatorName "bryan drew"
pgloadind   property added ot:dataDeposit "http://purl.org/phylo/treebase/phylows/study/TB2:S10122"
pgloadind   property added ot:studyId "2038"
pgloadind   property added ot:studyYear "2010"
pgloadind   property added ot:focalClade "2441558"
pgloadind   property added ot:tag "ingroup added;"
pgloadind   property added ot:inGroupClade "node1005767"
loading a specific tree: 5924
pgloadind conducting TNRS on trees
pgloadind   name fixing on tree tree id "5924"
pgloadind   all nodes have ottIds
pgloadind     OTT ID reused in tree
pgloadind       duplicate name "Cyanolophocolea echinella" nexsonid "node1005810"
pgloadind       duplicate OTT ID 416038
pgloadind     OTT ID reused in tree
pgloadind       duplicate name "Cyanolophocolea echinella" nexsonid "node1005811"
pgloadind       duplicate OTT ID 416038
pgloadind     OTT ID reused in tree
pgloadind       duplicate name "Cyanolophocolea echinella" nexsonid "node1005812"
pgloadind       duplicate OTT ID 416038
pgloadind     OTT ID reused in tree
pgloadind       duplicate name "Cyanolophocolea echinella" nexsonid "node1005813"
pgloadind       duplicate OTT ID 416038
pgloadind     OTT ID reused in tree
pgloadind       duplicate name "Cyanolophocolea echinella" nexsonid "node1005814"
pgloadind       duplicate OTT ID 416038
pgloadind     OTT ID reused in tree
pgloadind       duplicate name "Cyanolophocolea echinella" nexsonid "node1005815"
pgloadind       duplicate OTT ID 416038
pgloadind     OTT ID reused in tree
pgloadind       duplicate name "Cyanolophocolea echinella" nexsonid "node1005816"
pgloadind       duplicate OTT ID 416038
pgloadind     pruning dups and overlapping name "Cyanolophocolea echinella" nexsonid "node1005816"
pgloadind     pruning dups and overlapping name "Cyanolophocolea echinella" nexsonid "node1005815"
pgloadind     pruning dups and overlapping name "Cyanolophocolea echinella" nexsonid "node1005811"
pgloadind     pruning dups and overlapping name "Cyanolophocolea echinella" nexsonid "node1005810"
pgloadind     pruning dups and overlapping name "Cyanolophocolea echinella" nexsonid "node1005814"
pgloadind     pruning dups and overlapping name "Cyanolophocolea echinella" nexsonid "node1005812"
pgloadind     pruning dups and overlapping name "Cyanolophocolea echinella" nexsonid "node1005813"
pgloadind   postpruning newick tree "((((((Chiloscyphus_latifolius,(Chiloscyphus_cuspidatus,Chiloscyphus_novae-zeelandiae_var_grandistipulus)),Chiloscyphus_lentus),((Chiloscyphus_itoanus,(Chiloscyphus_minor,Chiloscyphus_profundus)),Chiloscyphus_semiteres)),(Chiloscyphus_pallescens,Chiloscyphus_polyanthos),(Clasmatocolea_ctenophylla,Clasmatocolea_humilis,(Clasmatocolea_obvoluta,Clasmatocolea_trachypus))),(((Chiloscyphus_helmsianus,Chiloscyphus_leucophyllus,Chiloscyphus_spiniferus),Chiloscyphus_japonicus),Chiloscyphus_martianus)),(((Heteroscyphus_argutus,Heteroscyphus_planus),Cyanolophocolea_echinella),((Heteroscyphus_coalitus,Heteroscyphus_zollingeri),((Heteroscyphus_aselliformis,Heteroscyphus_splendens),Heteroscyphus_inflatus))))"
pgloadind   taxon mapping summary
pgloadind     taxon mapping OTT ID 812071 taxonomy "Chiloscyphus latifolius->Chiloscyphus->Lophocoleaceae->Lophocoleineae->Jungermanniales->Jungermanniidae->Jungermanniopsida->Marchantiophyta->Embryophyta->Streptophytina->Streptophyta->Chloroplastida->Archaeplastida->Eukaryota->cellular organisms->life" nexsonid "node1005773"
pgloadind     taxon mapping OTT ID 1090400 taxonomy "Chiloscyphus cuspidatus->Chiloscyphus->Lophocoleaceae->Lophocoleineae->Jungermanniales->Jungermanniidae->Jungermanniopsida->Marchantiophyta->Embryophyta->Streptophytina->Streptophyta->Chloroplastida->Archaeplastida->Eukaryota->cellular organisms->life" nexsonid "node1005775"
pgloadind     taxon mapping OTT ID 449425 taxonomy "Chiloscyphus novae-zeelandiae var. grandistipulus->Chiloscyphus novae-zeelandiae->Chiloscyphus->Lophocoleaceae->Lophocoleineae->Jungermanniales->Jungermanniidae->Jungermanniopsida->Marchantiophyta->Embryophyta->Streptophytina->Streptophyta->Chloroplastida->Archaeplastida->Eukaryota->cellular organisms->life" nexsonid "node1005776"
pgloadind     taxon mapping OTT ID 449421 taxonomy "Chiloscyphus lentus->Chiloscyphus->Lophocoleaceae->Lophocoleineae->Jungermanniales->Jungermanniidae->Jungermanniopsida->Marchantiophyta->Embryophyta->Streptophytina->Streptophyta->Chloroplastida->Archaeplastida->Eukaryota->cellular organisms->life" nexsonid "node1005777"
pgloadind     taxon mapping OTT ID 812075 taxonomy "Chiloscyphus itoanus->Chiloscyphus->Lophocoleaceae->Lophocoleineae->Jungermanniales->Jungermanniidae->Jungermanniopsida->Marchantiophyta->Embryophyta->Streptophytina->Streptophyta->Chloroplastida->Archaeplastida->Eukaryota->cellular organisms->life" nexsonid "node1005780"
pgloadind     taxon mapping OTT ID 338147 taxonomy "Chiloscyphus minor->Chiloscyphus->Lophocoleaceae->Lophocoleineae->Jungermanniales->Jungermanniidae->Jungermanniopsida->Marchantiophyta->Embryophyta->Streptophytina->Streptophyta->Chloroplastida->Archaeplastida->Eukaryota->cellular organisms->life" nexsonid "node1005782"
pgloadind     taxon mapping OTT ID 862802 taxonomy "Chiloscyphus profundus->Chiloscyphus->Lophocoleaceae->Lophocoleineae->Jungermanniales->Jungermanniidae->Jungermanniopsida->Marchantiophyta->Embryophyta->Streptophytina->Streptophyta->Chloroplastida->Archaeplastida->Eukaryota->cellular organisms->life" nexsonid "node1005783"
pgloadind     taxon mapping OTT ID 931210 taxonomy "Chiloscyphus semiteres->Chiloscyphus->Lophocoleaceae->Lophocoleineae->Jungermanniales->Jungermanniidae->Jungermanniopsida->Marchantiophyta->Embryophyta->Streptophytina->Streptophyta->Chloroplastida->Archaeplastida->Eukaryota->cellular organisms->life" nexsonid "node1005784"
pgloadind     taxon mapping OTT ID 744348 taxonomy "Chiloscyphus pallescens->Chiloscyphus->Lophocoleaceae->Lophocoleineae->Jungermanniales->Jungermanniidae->Jungermanniopsida->Marchantiophyta->Embryophyta->Streptophytina->Streptophyta->Chloroplastida->Archaeplastida->Eukaryota->cellular organisms->life" nexsonid "node1005786"
pgloadind     taxon mapping OTT ID 663872 taxonomy "Chiloscyphus polyanthos->Chiloscyphus->Lophocoleaceae->Lophocoleineae->Jungermanniales->Jungermanniidae->Jungermanniopsida->Marchantiophyta->Embryophyta->Streptophytina->Streptophyta->Chloroplastida->Archaeplastida->Eukaryota->cellular organisms->life" nexsonid "node1005787"
pgloadind     taxon mapping OTT ID 449411 taxonomy "Clasmatocolea ctenophylla->Clasmatocolea->Lophocoleaceae->Lophocoleineae->Jungermanniales->Jungermanniidae->Jungermanniopsida->Marchantiophyta->Embryophyta->Streptophytina->Streptophyta->Chloroplastida->Archaeplastida->Eukaryota->cellular organisms->life" nexsonid "node1005789"
pgloadind     taxon mapping OTT ID 178112 taxonomy "Clasmatocolea humilis->Clasmatocolea->Lophocoleaceae->Lophocoleineae->Jungermanniales->Jungermanniidae->Jungermanniopsida->Marchantiophyta->Embryophyta->Streptophytina->Streptophyta->Chloroplastida->Archaeplastida->Eukaryota->cellular organisms->life" nexsonid "node1005790"
pgloadind     taxon mapping OTT ID 178118 taxonomy "Clasmatocolea obvoluta->Clasmatocolea->Lophocoleaceae->Lophocoleineae->Jungermanniales->Jungermanniidae->Jungermanniopsida->Marchantiophyta->Embryophyta->Streptophytina->Streptophyta->Chloroplastida->Archaeplastida->Eukaryota->cellular organisms->life" nexsonid "node1005792"
pgloadind     taxon mapping OTT ID 178095 taxonomy "Clasmatocolea trachypus->Clasmatocolea->Lophocoleaceae->Lophocoleineae->Jungermanniales->Jungermanniidae->Jungermanniopsida->Marchantiophyta->Embryophyta->Streptophytina->Streptophyta->Chloroplastida->Archaeplastida->Eukaryota->cellular organisms->life" nexsonid "node1005793"
pgloadind     taxon mapping OTT ID 449419 taxonomy "Chiloscyphus helmsianus->Chiloscyphus->Lophocoleaceae->Lophocoleineae->Jungermanniales->Jungermanniidae->Jungermanniopsida->Marchantiophyta->Embryophyta->Streptophytina->Streptophyta->Chloroplastida->Archaeplastida->Eukaryota->cellular organisms->life" nexsonid "node1005797"
pgloadind     taxon mapping OTT ID 449423 taxonomy "Chiloscyphus leucophyllus->Chiloscyphus->Lophocoleaceae->Lophocoleineae->Jungermanniales->Jungermanniidae->Jungermanniopsida->Marchantiophyta->Embryophyta->Streptophytina->Streptophyta->Chloroplastida->Archaeplastida->Eukaryota->cellular organisms->life" nexsonid "node1005798"
pgloadind     taxon mapping OTT ID 592446 taxonomy "Chiloscyphus spinifer->Chiloscyphus->Lophocoleaceae->Lophocoleineae->Jungermanniales->Jungermanniidae->Jungermanniopsida->Marchantiophyta->Embryophyta->Streptophytina->Streptophyta->Chloroplastida->Archaeplastida->Eukaryota->cellular organisms->life" nexsonid "node1005799"
pgloadind     taxon mapping OTT ID 812073 taxonomy "Chiloscyphus japonicus->Chiloscyphus->Lophocoleaceae->Lophocoleineae->Jungermanniales->Jungermanniidae->Jungermanniopsida->Marchantiophyta->Embryophyta->Streptophytina->Streptophyta->Chloroplastida->Archaeplastida->Eukaryota->cellular organisms->life" nexsonid "node1005800"
pgloadind     taxon mapping OTT ID 90391 taxonomy "Chiloscyphus martianus->Chiloscyphus->Lophocoleaceae->Lophocoleineae->Jungermanniales->Jungermanniidae->Jungermanniopsida->Marchantiophyta->Embryophyta->Streptophytina->Streptophyta->Chloroplastida->Archaeplastida->Eukaryota->cellular organisms->life" nexsonid "node1005801"
pgloadind     taxon mapping OTT ID 338143 taxonomy "Heteroscyphus argutus->Heteroscyphus->Lophocoleaceae->Lophocoleineae->Jungermanniales->Jungermanniidae->Jungermanniopsida->Marchantiophyta->Embryophyta->Streptophytina->Streptophyta->Chloroplastida->Archaeplastida->Eukaryota->cellular organisms->life" nexsonid "node1005805"
pgloadind     taxon mapping OTT ID 775458 taxonomy "Heteroscyphus planus->Heteroscyphus->Lophocoleaceae->Lophocoleineae->Jungermanniales->Jungermanniidae->Jungermanniopsida->Marchantiophyta->Embryophyta->Streptophytina->Streptophyta->Chloroplastida->Archaeplastida->Eukaryota->cellular organisms->life" nexsonid "node1005806"
pgloadind     taxon mapping OTT ID 416038 taxonomy "Cyanolophocolea echinella->Cyanolophocolea->Lophocoleaceae->Lophocoleineae->Jungermanniales->Jungermanniidae->Jungermanniopsida->Marchantiophyta->Embryophyta->Streptophytina->Streptophyta->Chloroplastida->Archaeplastida->Eukaryota->cellular organisms->life" nexsonid "node1005809"
pgloadind     taxon mapping OTT ID 338141 taxonomy "Heteroscyphus coalitus->Heteroscyphus->Lophocoleaceae->Lophocoleineae->Jungermanniales->Jungermanniidae->Jungermanniopsida->Marchantiophyta->Embryophyta->Streptophytina->Streptophyta->Chloroplastida->Archaeplastida->Eukaryota->cellular organisms->life" nexsonid "node1005819"
pgloadind     taxon mapping OTT ID 338159 taxonomy "Heteroscyphus zollingeri->Heteroscyphus->Lophocoleaceae->Lophocoleineae->Jungermanniales->Jungermanniidae->Jungermanniopsida->Marchantiophyta->Embryophyta->Streptophytina->Streptophyta->Chloroplastida->Archaeplastida->Eukaryota->cellular organisms->life" nexsonid "node1005820"
pgloadind     taxon mapping OTT ID 338145 taxonomy "Heteroscyphus aselliformis->Heteroscyphus->Lophocoleaceae->Lophocoleineae->Jungermanniales->Jungermanniidae->Jungermanniopsida->Marchantiophyta->Embryophyta->Streptophytina->Streptophyta->Chloroplastida->Archaeplastida->Eukaryota->cellular organisms->life" nexsonid "node1005823"
pgloadind     taxon mapping OTT ID 862798 taxonomy "Heteroscyphus splendens->Heteroscyphus->Lophocoleaceae->Lophocoleineae->Jungermanniales->Jungermanniidae->Jungermanniopsida->Marchantiophyta->Embryophyta->Streptophytina->Streptophyta->Chloroplastida->Archaeplastida->Eukaryota->cellular organisms->life" nexsonid "node1005824"
pgloadind     taxon mapping OTT ID 928218 taxonomy "Heteroscyphus inflatus->Heteroscyphus->Lophocoleaceae->Lophocoleineae->Jungermanniales->Jungermanniidae->Jungermanniopsida->Marchantiophyta->Embryophyta->Streptophytina->Streptophyta->Chloroplastida->Archaeplastida->Eukaryota->cellular organisms->life" nexsonid "node1005825"
done fixing name
pgloadind Finished with attempts to fix names
pgloadind   Checking for uniqueness of OTT IDs tree id "5924"
pgloadind   Adding tree to graph tree id "5924"
all trees have all taxa: false
	using bipartition technique
attempting to remap tips to deepest exemplified taxa
	Cyanolophocolea echinella was remapped to 'Cyanolophocolea' (id=3036160)
	Chiloscyphus novae-zeelandiae var. grandistipulus was remapped to 'Chiloscyphus novae-zeelandiae' (id=3036282)
this is the ROOT
placing root in index
Dealing with metadata property: id
Dealing with metadata property: ot:studyPublicationReference
Adding property 'ot:studyPublicationReference': Engel J., & He, X-L. 2010. Studies on Lophocoleaceae. XIX. The systematic identity of Cyanolophocolea, an intriguing liverwort from New Zealand and Australia, based on morphological and molecular evidence. The Bryologist, 113(1): 149-163.
Dealing with metadata property: ot:studyYear
Adding property 'ot:studyYear': 2010
Dealing with metadata property: ot:inGroupClade
Adding property 'ot:inGroupClade': node1005767
Dealing with metadata property: ot:tag
Adding property 'ot:tag': ingroup added;
Dealing with metadata property: ot:curatorName
Adding property 'ot:curatorName': bryan drew
Dealing with metadata property: ot:studyPublication
Adding property 'ot:studyPublication': http://dx.doi.org/10.1639/0007-2745-113.1.149
Dealing with metadata property: ot:focalClade
Adding property 'ot:focalClade': 2441558
Dealing with metadata property: ot:studyId
Adding property 'ot:studyId': 2038
Dealing with metadata property: ot:dataDeposit
Adding property 'ot:dataDeposit': http://purl.org/phylo/treebase/phylows/study/TB2:S10122
Committing nodes: 50
{3036105}
3036141
3036142
3036143
3036144
3036149
3036150
3036151
3036212
3036214
3036216
3036218
3036229
3036241
3036248
3036249
3036250
3036255
3036262
3036264
3036266
3036268
3036270
3036287
3036295
3036305
3036160
3036282
[]
