pgloadind OTUs number 24
pgloadind Processing tree @id "4559"
pgloadind   tree info number nodes 44
pgloadind   tree info number edges 43
pgloadind   tree info ingroup "node814790"
pgloadind   Setting ingroup root node.
pgloadind   Ingested tree number of external nodes 22
pgloadind   property added ot:studyPublicationReference "Li J., & Wang Y. 2007. Phylogenetic Reconstruction among Species of Chiritopsis and Chirita sect. Gibbosaccus (Gesneriaceae) based on nrDNA ITS and cpDNA trnL-F Sequences. Systematic Botany, 32(4)."
pgloadind   property added ot:studyPublication "http://dx.doi.org/10.1600/036364407783390764"
pgloadind   property added ot:curatorName "bryan drew"
pgloadind   property added ot:dataDeposit "http://purl.org/phylo/treebase/phylows/study/TB2:S1903"
pgloadind   property added ot:studyId "2163"
pgloadind   property added ot:studyYear "2007"
pgloadind   property added ot:focalClade "1296519"
pgloadind   property added ot:tag "ingroup added;"
pgloadind   property added ot:inGroupClade "node814790"
pgloadind Processing tree @id "4560"
pgloadind   tree info number nodes 47
pgloadind   tree info number edges 46
pgloadind   tree info ingroup "node814834"
pgloadind   Setting ingroup root node.
pgloadind   Ingested tree number of external nodes 22
pgloadind   property added ot:studyPublicationReference "Li J., & Wang Y. 2007. Phylogenetic Reconstruction among Species of Chiritopsis and Chirita sect. Gibbosaccus (Gesneriaceae) based on nrDNA ITS and cpDNA trnL-F Sequences. Systematic Botany, 32(4)."
pgloadind   property added ot:studyPublication "http://dx.doi.org/10.1600/036364407783390764"
pgloadind   property added ot:curatorName "bryan drew"
pgloadind   property added ot:dataDeposit "http://purl.org/phylo/treebase/phylows/study/TB2:S1903"
pgloadind   property added ot:studyId "2163"
pgloadind   property added ot:studyYear "2007"
pgloadind   property added ot:focalClade "1296519"
pgloadind   property added ot:tag "ingroup added;"
pgloadind   property added ot:inGroupClade "node814834"
pgloadind Processing tree @id "4561"
pgloadind   tree info number nodes 40
pgloadind   tree info number edges 39
pgloadind   tree info ingroup "node814881"
pgloadind   Setting ingroup root node.
pgloadind   Ingested tree number of external nodes 22
pgloadind   property added ot:studyPublicationReference "Li J., & Wang Y. 2007. Phylogenetic Reconstruction among Species of Chiritopsis and Chirita sect. Gibbosaccus (Gesneriaceae) based on nrDNA ITS and cpDNA trnL-F Sequences. Systematic Botany, 32(4)."
pgloadind   property added ot:studyPublication "http://dx.doi.org/10.1600/036364407783390764"
pgloadind   property added ot:curatorName "bryan drew"
pgloadind   property added ot:dataDeposit "http://purl.org/phylo/treebase/phylows/study/TB2:S1903"
pgloadind   property added ot:studyId "2163"
pgloadind   property added ot:studyYear "2007"
pgloadind   property added ot:focalClade "1296519"
pgloadind   property added ot:tag "ingroup added;"
pgloadind   property added ot:inGroupClade "node814881"
loading a specific tree: 4561
skipping tree: 4559
skipping tree: 4560
pgloadind conducting TNRS on trees
pgloadind   name fixing on tree tree id "4561"
pgloadind   all nodes have ottIds
pgloadind     OTT ID reused in tree
pgloadind       duplicate name "Chiritopsis" nexsonid "node814892"
pgloadind       duplicate OTT ID 1074795
pgloadind     pruning dups and overlapping name "Chiritopsis" nexsonid "node814892"
pgloadind   postpruning newick tree "((((Chiritopsis_glandulosa,Chiritopsis_repanda,Chiritopsis_bipinnatifida,Chiritopsis),((Chiritopsis_mollifolia,Chiritopsis_cordifolia),(Chirita_mollifolia,((Chirita_ophiopogoides,Chirita_spinulosa),Chirita_minutimaculata,Chirita_wentsaii),(Chirita_longgangensis,Chirita_linearifolia))),(Primulina_pteropoda,Chirita_heterotricha)),(Chirita_anachoreta,Chirita_urticaefolia,Chirita_pumila,Chirita_dielsii)),(Chirita_hamosa,Chirita))"
pgloadind   taxon mapping summary
pgloadind     taxon mapping OTT ID 500276 taxonomy "Primulina glandulosa->Primulina->Didymocarpeae->Cyrtandroideae->Gesneriaceae->Core_Lamiales->Lamiales->lamiids->asterids->Pentapetalae->Gunneridae->eudicotyledons->Mesangiospermae->Magnoliophyta->Spermatophyta->Euphyllophyta->Tracheophyta->Embryophyta->Streptophytina->Streptophyta->Chloroplastida->Archaeplastida->Eukaryota->cellular organisms->life" nexsonid "node814885"
pgloadind     taxon mapping OTT ID 1074805 taxonomy "Primulina repanda->Primulina->Didymocarpeae->Cyrtandroideae->Gesneriaceae->Core_Lamiales->Lamiales->lamiids->asterids->Pentapetalae->Gunneridae->eudicotyledons->Mesangiospermae->Magnoliophyta->Spermatophyta->Euphyllophyta->Tracheophyta->Embryophyta->Streptophytina->Streptophyta->Chloroplastida->Archaeplastida->Eukaryota->cellular organisms->life" nexsonid "node814886"
pgloadind     taxon mapping OTT ID 500282 taxonomy "Primulina bipinnatifida->Primulina->Didymocarpeae->Cyrtandroideae->Gesneriaceae->Core_Lamiales->Lamiales->lamiids->asterids->Pentapetalae->Gunneridae->eudicotyledons->Mesangiospermae->Magnoliophyta->Spermatophyta->Euphyllophyta->Tracheophyta->Embryophyta->Streptophytina->Streptophyta->Chloroplastida->Archaeplastida->Eukaryota->cellular organisms->life" nexsonid "node814887"
pgloadind     taxon mapping OTT ID 1074795 taxonomy "Chiritopsis->Didymocarpeae->Cyrtandroideae->Gesneriaceae->Core_Lamiales->Lamiales->lamiids->asterids->Pentapetalae->Gunneridae->eudicotyledons->Mesangiospermae->Magnoliophyta->Spermatophyta->Euphyllophyta->Tracheophyta->Embryophyta->Streptophytina->Streptophyta->Chloroplastida->Archaeplastida->Eukaryota->cellular organisms->life" nexsonid "node814888"
pgloadind     taxon mapping OTT ID 500288 taxonomy "Primulina mollifolia->Primulina->Didymocarpeae->Cyrtandroideae->Gesneriaceae->Core_Lamiales->Lamiales->lamiids->asterids->Pentapetalae->Gunneridae->eudicotyledons->Mesangiospermae->Magnoliophyta->Spermatophyta->Euphyllophyta->Tracheophyta->Embryophyta->Streptophytina->Streptophyta->Chloroplastida->Archaeplastida->Eukaryota->cellular organisms->life" nexsonid "node814894"
pgloadind     taxon mapping OTT ID 500292 taxonomy "Primulina cordifolia->Primulina->Didymocarpeae->Cyrtandroideae->Gesneriaceae->Core_Lamiales->Lamiales->lamiids->asterids->Pentapetalae->Gunneridae->eudicotyledons->Mesangiospermae->Magnoliophyta->Spermatophyta->Euphyllophyta->Tracheophyta->Embryophyta->Streptophytina->Streptophyta->Chloroplastida->Archaeplastida->Eukaryota->cellular organisms->life" nexsonid "node814893"
pgloadind     taxon mapping OTT ID 500265 taxonomy "Primulina weii->Primulina->Didymocarpeae->Cyrtandroideae->Gesneriaceae->Core_Lamiales->Lamiales->lamiids->asterids->Pentapetalae->Gunneridae->eudicotyledons->Mesangiospermae->Magnoliophyta->Spermatophyta->Euphyllophyta->Tracheophyta->Embryophyta->Streptophytina->Streptophyta->Chloroplastida->Archaeplastida->Eukaryota->cellular organisms->life" nexsonid "node814896"
pgloadind     taxon mapping OTT ID 1026178 taxonomy "Primulina ophiopogoides->Primulina->Didymocarpeae->Cyrtandroideae->Gesneriaceae->Core_Lamiales->Lamiales->lamiids->asterids->Pentapetalae->Gunneridae->eudicotyledons->Mesangiospermae->Magnoliophyta->Spermatophyta->Euphyllophyta->Tracheophyta->Embryophyta->Streptophytina->Streptophyta->Chloroplastida->Archaeplastida->Eukaryota->cellular organisms->life" nexsonid "node814899"
pgloadind     taxon mapping OTT ID 1026182 taxonomy "Primulina spinulosa->Primulina->Didymocarpeae->Cyrtandroideae->Gesneriaceae->Core_Lamiales->Lamiales->lamiids->asterids->Pentapetalae->Gunneridae->eudicotyledons->Mesangiospermae->Magnoliophyta->Spermatophyta->Euphyllophyta->Tracheophyta->Embryophyta->Streptophytina->Streptophyta->Chloroplastida->Archaeplastida->Eukaryota->cellular organisms->life" nexsonid "node814900"
pgloadind     taxon mapping OTT ID 665089 taxonomy "Primulina minutimaculata->Primulina->Didymocarpeae->Cyrtandroideae->Gesneriaceae->Core_Lamiales->Lamiales->lamiids->asterids->Pentapetalae->Gunneridae->eudicotyledons->Mesangiospermae->Magnoliophyta->Spermatophyta->Euphyllophyta->Tracheophyta->Embryophyta->Streptophytina->Streptophyta->Chloroplastida->Archaeplastida->Eukaryota->cellular organisms->life" nexsonid "node814901"
pgloadind     taxon mapping OTT ID 1026186 taxonomy "Primulina wentsaii->Primulina->Didymocarpeae->Cyrtandroideae->Gesneriaceae->Core_Lamiales->Lamiales->lamiids->asterids->Pentapetalae->Gunneridae->eudicotyledons->Mesangiospermae->Magnoliophyta->Spermatophyta->Euphyllophyta->Tracheophyta->Embryophyta->Streptophytina->Streptophyta->Chloroplastida->Archaeplastida->Eukaryota->cellular organisms->life" nexsonid "node814902"
pgloadind     taxon mapping OTT ID 1074797 taxonomy "Primulina longgangensis->Primulina->Didymocarpeae->Cyrtandroideae->Gesneriaceae->Core_Lamiales->Lamiales->lamiids->asterids->Pentapetalae->Gunneridae->eudicotyledons->Mesangiospermae->Magnoliophyta->Spermatophyta->Euphyllophyta->Tracheophyta->Embryophyta->Streptophytina->Streptophyta->Chloroplastida->Archaeplastida->Eukaryota->cellular organisms->life" nexsonid "node814904"
pgloadind     taxon mapping OTT ID 122520 taxonomy "Primulina linearifolia->Primulina->Didymocarpeae->Cyrtandroideae->Gesneriaceae->Core_Lamiales->Lamiales->lamiids->asterids->Pentapetalae->Gunneridae->eudicotyledons->Mesangiospermae->Magnoliophyta->Spermatophyta->Euphyllophyta->Tracheophyta->Embryophyta->Streptophytina->Streptophyta->Chloroplastida->Archaeplastida->Eukaryota->cellular organisms->life" nexsonid "node814905"
pgloadind     taxon mapping OTT ID 1026195 taxonomy "Primulina pteropoda->Primulina->Didymocarpeae->Cyrtandroideae->Gesneriaceae->Core_Lamiales->Lamiales->lamiids->asterids->Pentapetalae->Gunneridae->eudicotyledons->Mesangiospermae->Magnoliophyta->Spermatophyta->Euphyllophyta->Tracheophyta->Embryophyta->Streptophytina->Streptophyta->Chloroplastida->Archaeplastida->Eukaryota->cellular organisms->life" nexsonid "node814907"
pgloadind     taxon mapping OTT ID 1026199 taxonomy "Primulina heterotricha->Primulina->Didymocarpeae->Cyrtandroideae->Gesneriaceae->Core_Lamiales->Lamiales->lamiids->asterids->Pentapetalae->Gunneridae->eudicotyledons->Mesangiospermae->Magnoliophyta->Spermatophyta->Euphyllophyta->Tracheophyta->Embryophyta->Streptophytina->Streptophyta->Chloroplastida->Archaeplastida->Eukaryota->cellular organisms->life" nexsonid "node814908"
pgloadind     taxon mapping OTT ID 1026161 taxonomy "Henckelia anachoreta->Henckelia->Didymocarpeae->Cyrtandroideae->Gesneriaceae->Core_Lamiales->Lamiales->lamiids->asterids->Pentapetalae->Gunneridae->eudicotyledons->Mesangiospermae->Magnoliophyta->Spermatophyta->Euphyllophyta->Tracheophyta->Embryophyta->Streptophytina->Streptophyta->Chloroplastida->Archaeplastida->Eukaryota->cellular organisms->life" nexsonid "node814910"
pgloadind     taxon mapping OTT ID 665071 taxonomy "Henckelia urticifolia->Henckelia->Didymocarpeae->Cyrtandroideae->Gesneriaceae->Core_Lamiales->Lamiales->lamiids->asterids->Pentapetalae->Gunneridae->eudicotyledons->Mesangiospermae->Magnoliophyta->Spermatophyta->Euphyllophyta->Tracheophyta->Embryophyta->Streptophytina->Streptophyta->Chloroplastida->Archaeplastida->Eukaryota->cellular organisms->life" nexsonid "node814911"
pgloadind     taxon mapping OTT ID 129867 taxonomy "Henckelia pumila->Henckelia->Didymocarpeae->Cyrtandroideae->Gesneriaceae->Core_Lamiales->Lamiales->lamiids->asterids->Pentapetalae->Gunneridae->eudicotyledons->Mesangiospermae->Magnoliophyta->Spermatophyta->Euphyllophyta->Tracheophyta->Embryophyta->Streptophytina->Streptophyta->Chloroplastida->Archaeplastida->Eukaryota->cellular organisms->life" nexsonid "node814912"
pgloadind     taxon mapping OTT ID 129877 taxonomy "Henckelia dielsii->Henckelia->Didymocarpeae->Cyrtandroideae->Gesneriaceae->Core_Lamiales->Lamiales->lamiids->asterids->Pentapetalae->Gunneridae->eudicotyledons->Mesangiospermae->Magnoliophyta->Spermatophyta->Euphyllophyta->Tracheophyta->Embryophyta->Streptophytina->Streptophyta->Chloroplastida->Archaeplastida->Eukaryota->cellular organisms->life" nexsonid "node814913"
pgloadind     taxon mapping OTT ID 654854 taxonomy "Microchirita hamosa->Microchirita->Didymocarpeae->Cyrtandroideae->Gesneriaceae->Core_Lamiales->Lamiales->lamiids->asterids->Pentapetalae->Gunneridae->eudicotyledons->Mesangiospermae->Magnoliophyta->Spermatophyta->Euphyllophyta->Tracheophyta->Embryophyta->Streptophytina->Streptophyta->Chloroplastida->Archaeplastida->Eukaryota->cellular organisms->life" nexsonid "node814915"
pgloadind     taxon mapping OTT ID 520391 taxonomy "Chirita->Didymocarpeae->Cyrtandroideae->Gesneriaceae->Core_Lamiales->Lamiales->lamiids->asterids->Pentapetalae->Gunneridae->eudicotyledons->Mesangiospermae->Magnoliophyta->Spermatophyta->Euphyllophyta->Tracheophyta->Embryophyta->Streptophytina->Streptophyta->Chloroplastida->Archaeplastida->Eukaryota->cellular organisms->life" nexsonid "node814916"
done fixing name
pgloadind Finished with attempts to fix names
pgloadind   Checking for uniqueness of OTT IDs tree id "4561"
pgloadind   Adding tree to graph tree id "4561"
all trees have all taxa: false
	using bipartition technique
attempting to remap tips to deepest exemplified taxa
	Chirita hamosa was remapped to 'Microchirita' (id=2664363)
this is the ROOT
placing root in index
Dealing with metadata property: id
Dealing with metadata property: ot:studyPublicationReference
Adding property 'ot:studyPublicationReference': Li J., & Wang Y. 2007. Phylogenetic Reconstruction among Species of Chiritopsis and Chirita sect. Gibbosaccus (Gesneriaceae) based on nrDNA ITS and cpDNA trnL-F Sequences. Systematic Botany, 32(4).
Dealing with metadata property: ot:studyYear
Adding property 'ot:studyYear': 2007
Dealing with metadata property: ot:inGroupClade
Adding property 'ot:inGroupClade': node814881
Dealing with metadata property: ot:tag
Adding property 'ot:tag': ingroup added;
Dealing with metadata property: ot:curatorName
Adding property 'ot:curatorName': bryan drew
Dealing with metadata property: ot:studyPublication
Adding property 'ot:studyPublication': http://dx.doi.org/10.1600/036364407783390764
Dealing with metadata property: ot:focalClade
Adding property 'ot:focalClade': 1296519
Dealing with metadata property: ot:studyId
Adding property 'ot:studyId': 2163
Dealing with metadata property: ot:dataDeposit
Adding property 'ot:dataDeposit': http://purl.org/phylo/treebase/phylows/study/TB2:S1903
Committing nodes: 34
{2663277}
2663547
2663571
2663604
2663610
2664237
2664239
2664245
2664247
2664249
2664293
2664297
2664307
2664309
2664311
2664313
2664315
2664318
2664320
2664448
2665425
2664363
	adding Node[2664363] Microchirita 481112 as compatible with Node[2664363]
		adding Relationship[8257234]
[Node[2664363], Node[3501499]]
	Node[2664363]
		adding Relationship[8257235] from Node[2664363] to Node[3501499]
	Node[3501499]
