pgloadind OTUs number 120
pgloadind Processing tree @id "276"
pgloadind   tree info number nodes 232
pgloadind   tree info number edges 231
pgloadind   tree info ingroup "node191943"
pgloadind   Setting ingroup root node.
pgloadind   Ingested tree number of external nodes 114
pgloadind   property added ot:studyPublicationReference "Feodorova, T. A., Voznesenskaya, E. V., Edwards, G. E., & Roalson, E. H. (2010). Biogeographic patterns of diversification and the origins of C4 in Cleome (Cleomaceae). Systematic Botany, 35(4), 811-826."
pgloadind   property added ot:studyPublication "http://dx.doi.org/10.1600/036364410X539880"
pgloadind   property added ot:curatorName "bryan drew"
pgloadind   property added ot:dataDeposit "http://purl.org/phylo/treebase/phylows/study/TB2:S10343"
pgloadind   property added ot:studyId "321"
pgloadind   property added ot:studyYear "2010"
pgloadind   property added ot:focalClade "927232"
pgloadind   property added ot:tag "ingroup added;"
pgloadind   property added ot:inGroupClade "node191943"
loading a specific tree: 276
pgloadind conducting TNRS on trees
pgloadind   name fixing on tree tree id "276"
pgloadind     OTT ID missing name "Polanisia dodecandra trachysperma" nexsonid "node191960"
pgloadind     OTT ID missing name "Cleome aculeata cordobensis" nexsonid "node192127"
pgloadind     OTT ID missing name "Cleome spinosa longicarpa" nexsonid "node192144"
pgloadind     OTT ID missing name "Cleome spinosa spinosa" nexsonid "node192150"
{"names":["Cleome africana","Cleome coluteoides","Cleome violacea","Cleome violacea","Cleome violacea","Polanisia uniglandulosa","Polanisia dodecandra","Polanisia dodecandra trachysperma","Polanisia dodecandra","Cleomella brevipes","Cleomella plocasperma","Oxystylis lutea","Wislizenia refracta","Cleomella hillmanii","Cleome lutea","Cleome serrulata","Cleome serrulata","Cleome platycarpa","Cleome isomeris","Cleome isomeris","Cleome angustifolia","Cleome angustifolia","Cleome luederitziana","Cleome paradoxa","Cleome viscosa","Cleome viscosa","Cleome viscosa","Cleome cleomoides","Cleome cleomoides","Cleome microaustralica","Cleome microaustralica","Cleome sp. CANB 574200","Cleome uncifera","Cleome oxalidea","Cleome gynandra","Cleome gynandra","Cleome gynandra","Cleome gynandra","Cleome breyeri","Cleome oxyphylla","Cleome stricta","Cleome strigosa","Cleome macrophylla","Cleome maculata","Cleome hirta","Cleome hirta","Cleome hirta","Cleome monophylla","Cleome monophylla","Cleome ornithopodioides","Cleome monochroma","Cleome allamanii","Cleome briquetii","Cleome briquetii","Cleome usambarica","Cleome rutidosperma","Cleome elegantissima","Cleome schimperi","Dactylaena microphylla","Cleome stenophylla","Cleome tenuifolia","Cleome foliosa","Cleome foliosa","Cleome kalachariensis","Cleome linearifolia","Cleome lechleri","Cleome moritziana","Cleome pilosa","Podandrogyne chiriquensis","Podandrogyne macrophylla","Podandrogyne jamesonii","Cleome stylosa","Cleome arborea","Cleome arborea","Cleome gigantea","Cleome viridiflora","Cleome viridiflora","Cleome viridiflora","Cleome melanosperma","Cleome speciosa","Cleome paludosa","Cleome paludosa","Cleome rosea","Cleome siliculifera","Cleome siliculifera","Cleome sparsifolia","Cleome aculeata","Cleome afrospina","Cleome parviflora","Cleome torticarpa","Cleome aculeata","Cleome aculeata cordobensis","Cleome tucumanensis","Cleome tucumanensis","Cleome diffusa","Cleome microcarpa","Cleome boliviensis","Cleome hassleriana","Cleome hassleriana","Cleome hassleriana","Cleome spinosa longicarpa","Cleome titubans","Cleome werdermannii","Cleome pernambucensis","Cleome spinosa spinosa","Cleome spinosa","Cleome spinosa","Cleome trachycarpa","Cleome domingensis","Cleome fimbriata","Cleome quinquenervia","Cleome droserifolia","Cleome khorassanica","Cleome turkmena"]}
pgloadind   TNRS unmatched total number 4
pgloadind     pruning unmapped name "Cleome aculeata cordobensis" nexsonid "node192127"
pgloadind     pruning unmapped name "Cleome spinosa longicarpa" nexsonid "node192144"
pgloadind     pruning unmapped name "Polanisia dodecandra trachysperma" nexsonid "node191960"
pgloadind     pruning unmapped name "Cleome spinosa spinosa" nexsonid "node192150"
pgloadind     OTT ID reused in tree
pgloadind       duplicate name "Cleome violacea" nexsonid "node191951"
pgloadind       duplicate OTT ID 384869
pgloadind     OTT ID reused in tree
pgloadind       duplicate name "Cleome violacea" nexsonid "node191952"
pgloadind       duplicate OTT ID 384869
pgloadind     OTT ID reused in tree
pgloadind       duplicate name "Polanisia dodecandra" nexsonid "node191959"
pgloadind       duplicate OTT ID 711292
pgloadind     OTT ID not in database (probably dubious)
pgloadind       dubious name "Cleome lutea" nexsonid "node191976"
pgloadind       dubious OTT ID 682480
pgloadind     OTT ID not in database (probably dubious)
pgloadind       dubious name "Cleome serrulata" nexsonid "node191977"
pgloadind       dubious OTT ID 261465
pgloadind     OTT ID not in database (probably dubious)
pgloadind       dubious name "Cleome serrulata" nexsonid "node191980"
pgloadind       dubious OTT ID 261465
pgloadind     OTT ID reused in tree
pgloadind       duplicate name "Cleome isomeris" nexsonid "node191984"
pgloadind       duplicate OTT ID 241093
pgloadind     OTT ID reused in tree
pgloadind       duplicate name "Cleome angustifolia" nexsonid "node191989"
pgloadind       duplicate OTT ID 848422
pgloadind     OTT ID reused in tree
pgloadind       duplicate name "Cleome viscosa" nexsonid "node191997"
pgloadind       duplicate OTT ID 500051
pgloadind     OTT ID reused in tree
pgloadind       duplicate name "Cleome viscosa" nexsonid "node191998"
pgloadind       duplicate OTT ID 500051
pgloadind     OTT ID reused in tree
pgloadind       duplicate name "Cleome cleomoides" nexsonid "node192004"
pgloadind       duplicate OTT ID 273973
pgloadind     OTT ID reused in tree
pgloadind       duplicate name "Cleome microaustralica" nexsonid "node192006"
pgloadind       duplicate OTT ID 664927
pgloadind     OTT ID reused in tree
pgloadind       duplicate name "Cleome gynandra" nexsonid "node192016"
pgloadind       duplicate OTT ID 817214
pgloadind     OTT ID reused in tree
pgloadind       duplicate name "Cleome gynandra" nexsonid "node192017"
pgloadind       duplicate OTT ID 817214
pgloadind     OTT ID reused in tree
pgloadind       duplicate name "Cleome gynandra" nexsonid "node192018"
pgloadind       duplicate OTT ID 817214
pgloadind     OTT ID reused in tree
pgloadind       duplicate name "Cleome hirta" nexsonid "node192040"
pgloadind       duplicate OTT ID 273967
pgloadind     OTT ID reused in tree
pgloadind       duplicate name "Cleome hirta" nexsonid "node192041"
pgloadind       duplicate OTT ID 273967
pgloadind     OTT ID reused in tree
pgloadind       duplicate name "Cleome monophylla" nexsonid "node192045"
pgloadind       duplicate OTT ID 110683
pgloadind     OTT ID reused in tree
pgloadind       duplicate name "Cleome briquetii" nexsonid "node192056"
pgloadind       duplicate OTT ID 261459
pgloadind     OTT ID reused in tree
pgloadind       duplicate name "Cleome foliosa" nexsonid "node192070"
pgloadind       duplicate OTT ID 652886
pgloadind     OTT ID not in database (probably dubious)
pgloadind       dubious name "Cleome arborea" nexsonid "node192090"
pgloadind       dubious OTT ID 278667
pgloadind     OTT ID not in database (probably dubious)
pgloadind       dubious name "Cleome arborea" nexsonid "node192091"
pgloadind       dubious OTT ID 278667
pgloadind     OTT ID reused in tree
pgloadind       duplicate name "Cleome viridiflora" nexsonid "node192096"
pgloadind       duplicate OTT ID 110679
pgloadind     OTT ID reused in tree
pgloadind       duplicate name "Cleome viridiflora" nexsonid "node192097"
pgloadind       duplicate OTT ID 110679
pgloadind     OTT ID reused in tree
pgloadind       duplicate name "Cleome paludosa" nexsonid "node192105"
pgloadind       duplicate OTT ID 802246
pgloadind     OTT ID reused in tree
pgloadind       duplicate name "Cleome siliculifera" nexsonid "node192112"
pgloadind       duplicate OTT ID 142463
pgloadind     OTT ID not in database (probably dubious)
pgloadind       dubious name "Cleome sparsifolia" nexsonid "node192113"
pgloadind       dubious OTT ID 802255
pgloadind     OTT ID reused in tree
pgloadind       duplicate name "Cleome tucumanensis" nexsonid "node192130"
pgloadind       duplicate OTT ID 410785
pgloadind     OTT ID reused in tree
pgloadind       duplicate name "Cleome aculeata" nexsonid "node192126"
pgloadind       duplicate OTT ID 110670
pgloadind     OTT ID reused in tree
pgloadind       duplicate name "Cleome hassleriana" nexsonid "node192142"
pgloadind       duplicate OTT ID 1079368
pgloadind     OTT ID reused in tree
pgloadind       duplicate name "Cleome hassleriana" nexsonid "node192143"
pgloadind       duplicate OTT ID 1079368
pgloadind     OTT ID reused in tree
pgloadind       duplicate name "Cleome spinosa" nexsonid "node192152"
pgloadind       duplicate OTT ID 622460
pgloadind     pruning dups and overlapping name "Cleome microaustralica" nexsonid "node192006"
pgloadind     pruning dups and overlapping name "Cleome gynandra" nexsonid "node192018"
pgloadind     pruning dups and overlapping name "Cleome spinosa" nexsonid "node192152"
pgloadind     pruning dups and overlapping name "Cleome viscosa" nexsonid "node191997"
pgloadind     pruning dups and overlapping name "Cleome violacea" nexsonid "node191951"
pgloadind     pruning dups and overlapping name "Cleome monophylla" nexsonid "node192045"
pgloadind     pruning dups and overlapping name "Cleome briquetii" nexsonid "node192056"
pgloadind     pruning dups and overlapping name "Cleome viridiflora" nexsonid "node192096"
pgloadind     pruning dups and overlapping name "Cleome hassleriana" nexsonid "node192142"
pgloadind     pruning dups and overlapping name "Cleome viscosa" nexsonid "node191998"
pgloadind     pruning dups and overlapping name "Cleome lutea" nexsonid "node191976"
pgloadind     pruning dups and overlapping name "Cleome hirta" nexsonid "node192041"
pgloadind     pruning dups and overlapping name "Cleome angustifolia" nexsonid "node191989"
pgloadind     pruning dups and overlapping name "Cleome paludosa" nexsonid "node192105"
pgloadind     pruning dups and overlapping name "Cleome viridiflora" nexsonid "node192097"
pgloadind     pruning dups and overlapping name "Cleome violacea" nexsonid "node191952"
pgloadind     pruning dups and overlapping name "Cleome isomeris" nexsonid "node191984"
pgloadind     pruning dups and overlapping name "Polanisia dodecandra" nexsonid "node191959"
pgloadind     pruning dups and overlapping name "Cleome gynandra" nexsonid "node192017"
pgloadind     pruning dups and overlapping name "Cleome serrulata" nexsonid "node191980"
pgloadind     pruning dups and overlapping name "Cleome aculeata" nexsonid "node192126"
pgloadind     pruning dups and overlapping name "Cleome cleomoides" nexsonid "node192004"
pgloadind     pruning dups and overlapping name "Cleome serrulata" nexsonid "node191977"
pgloadind     pruning dups and overlapping name "Cleome sparsifolia" nexsonid "node192113"
pgloadind     pruning dups and overlapping name "Cleome tucumanensis" nexsonid "node192130"
pgloadind     pruning dups and overlapping name "Cleome hassleriana" nexsonid "node192143"
pgloadind     pruning dups and overlapping name "Cleome arborea" nexsonid "node192091"
pgloadind     pruning dups and overlapping name "Cleome arborea" nexsonid "node192090"
pgloadind     pruning dups and overlapping name "Cleome gynandra" nexsonid "node192016"
pgloadind     pruning dups and overlapping name "Cleome hirta" nexsonid "node192040"
pgloadind     pruning dups and overlapping name "Cleome foliosa" nexsonid "node192070"
pgloadind     pruning dups and overlapping name "Cleome siliculifera" nexsonid "node192112"
pgloadind   postpruning newick tree "((((Cleome_africana,Cleome_coluteoides),Cleome_violacea),(((Polanisia_uniglandulosa,Polanisia_dodecandra),(((((Cleomella_brevipes,Cleomella_plocasperma),(Oxystylis_lutea,Wislizenia_refracta)),(Cleomella_hillmanii,(Cleome_isomeris,Cleome_platycarpa))),((Cleome_luederitziana,Cleome_angustifolia),Cleome_paradoxa)),(((((Cleome_sp_CANB_574200,Cleome_uncifera),(Cleome_microaustralica,Cleome_cleomoides)),Cleome_viscosa),Cleome_oxalidea),(((((((Cleome_breyeri,Cleome_oxyphylla),((Cleome_stricta,Cleome_strigosa),(Cleome_macrophylla,Cleome_maculata))),((((Cleome_monophylla,Cleome_ornithopodioides),Cleome_hirta),Cleome_monochroma),((((Cleome_allamanii,(Cleome_usambarica,Cleome_briquetii)),Cleome_rutidosperma),Cleome_elegantissima),Cleome_schimperi))),(Dactylaena_microphylla,(Cleome_stenophylla,Cleome_tenuifolia))),((Cleome_foliosa,Cleome_kalachariensis),Cleome_linearifolia)),(((Cleome_lechleri,Cleome_moritziana),((Cleome_pilosa,((Podandrogyne_chiriquensis,Podandrogyne_macrophylla),Podandrogyne_jamesonii)),Cleome_stylosa)),((((Cleome_melanosperma,Cleome_speciosa),Cleome_paludosa),((Cleome_rosea,Cleome_siliculifera),(((((Cleome_aculeata,Cleome_afrospina),Cleome_parviflora),Cleome_torticarpa),((Cleome_diffusa,Cleome_microcarpa),Cleome_tucumanensis)),(((Cleome_boliviensis,(Cleome_titubans,Cleome_werdermannii,Cleome_hassleriana)),Cleome_trachycarpa,(Cleome_pernambucensis,Cleome_spinosa)),Cleome_domingensis)))),(Cleome_gigantea,Cleome_viridiflora)))),Cleome_gynandra)))),(Cleome_fimbriata,(Cleome_quinquenervia,Cleome_droserifolia)))),(Cleome_khorassanica,Cleome_turkmena))"
pgloadind   taxon mapping summary
pgloadind     taxon mapping OTT ID 848416 taxonomy "Cleome africana->Cleome->Cleomaceae->Brassicales->malvids->rosids->Pentapetalae->Gunneridae->eudicotyledons->Mesangiospermae->Magnoliophyta->Spermatophyta->Euphyllophyta->Tracheophyta->Embryophyta->Streptophytina->Streptophyta->Chloroplastida->Archaeplastida->Eukaryota->cellular organisms->life" nexsonid "node191947"
pgloadind     taxon mapping OTT ID 273971 taxonomy "Cleome coluteoides->Cleome->Cleomaceae->Brassicales->malvids->rosids->Pentapetalae->Gunneridae->eudicotyledons->Mesangiospermae->Magnoliophyta->Spermatophyta->Euphyllophyta->Tracheophyta->Embryophyta->Streptophytina->Streptophyta->Chloroplastida->Archaeplastida->Eukaryota->cellular organisms->life" nexsonid "node191948"
pgloadind     taxon mapping OTT ID 384869 taxonomy "Cleome violacea->Cleome->Cleomaceae->Brassicales->malvids->rosids->Pentapetalae->Gunneridae->eudicotyledons->Mesangiospermae->Magnoliophyta->Spermatophyta->Euphyllophyta->Tracheophyta->Embryophyta->Streptophytina->Streptophyta->Chloroplastida->Archaeplastida->Eukaryota->cellular organisms->life" nexsonid "node191950"
pgloadind     taxon mapping OTT ID 716656 taxonomy "Polanisia uniglandulosa->Polanisia->Cleomaceae->Brassicales->malvids->rosids->Pentapetalae->Gunneridae->eudicotyledons->Mesangiospermae->Magnoliophyta->Spermatophyta->Euphyllophyta->Tracheophyta->Embryophyta->Streptophytina->Streptophyta->Chloroplastida->Archaeplastida->Eukaryota->cellular organisms->life" nexsonid "node191956"
pgloadind     taxon mapping OTT ID 711292 taxonomy "Polanisia dodecandra->Polanisia->Cleomaceae->Brassicales->malvids->rosids->Pentapetalae->Gunneridae->eudicotyledons->Mesangiospermae->Magnoliophyta->Spermatophyta->Euphyllophyta->Tracheophyta->Embryophyta->Streptophytina->Streptophyta->Chloroplastida->Archaeplastida->Eukaryota->cellular organisms->life" nexsonid "node191961"
pgloadind     taxon mapping OTT ID 716662 taxonomy "Cleomella brevipes->Cleomella->Cleomaceae->Brassicales->malvids->rosids->Pentapetalae->Gunneridae->eudicotyledons->Mesangiospermae->Magnoliophyta->Spermatophyta->Euphyllophyta->Tracheophyta->Embryophyta->Streptophytina->Streptophyta->Chloroplastida->Archaeplastida->Eukaryota->cellular organisms->life" nexsonid "node191967"
pgloadind     taxon mapping OTT ID 716666 taxonomy "Cleomella plocasperma->Cleomella->Cleomaceae->Brassicales->malvids->rosids->Pentapetalae->Gunneridae->eudicotyledons->Mesangiospermae->Magnoliophyta->Spermatophyta->Euphyllophyta->Tracheophyta->Embryophyta->Streptophytina->Streptophyta->Chloroplastida->Archaeplastida->Eukaryota->cellular organisms->life" nexsonid "node191968"
pgloadind     taxon mapping OTT ID 736452 taxonomy "Oxystylis lutea->Oxystylis->Cleomaceae->Brassicales->malvids->rosids->Pentapetalae->Gunneridae->eudicotyledons->Mesangiospermae->Magnoliophyta->Spermatophyta->Euphyllophyta->Tracheophyta->Embryophyta->Streptophytina->Streptophyta->Chloroplastida->Archaeplastida->Eukaryota->cellular organisms->life" nexsonid "node191970"
pgloadind     taxon mapping OTT ID 736447 taxonomy "Wislizenia refracta->Wislizenia->Cleomaceae->Brassicales->malvids->rosids->Pentapetalae->Gunneridae->eudicotyledons->Mesangiospermae->Magnoliophyta->Spermatophyta->Euphyllophyta->Tracheophyta->Embryophyta->Streptophytina->Streptophyta->Chloroplastida->Archaeplastida->Eukaryota->cellular organisms->life" nexsonid "node191971"
pgloadind     taxon mapping OTT ID 716669 taxonomy "Cleomella hillmanii->Cleomella->Cleomaceae->Brassicales->malvids->rosids->Pentapetalae->Gunneridae->eudicotyledons->Mesangiospermae->Magnoliophyta->Spermatophyta->Euphyllophyta->Tracheophyta->Embryophyta->Streptophytina->Streptophyta->Chloroplastida->Archaeplastida->Eukaryota->cellular organisms->life" nexsonid "node191973"
pgloadind     taxon mapping OTT ID 241093 taxonomy "Peritoma arborea->Peritoma->Cleomaceae->Brassicales->malvids->rosids->Pentapetalae->Gunneridae->eudicotyledons->Mesangiospermae->Magnoliophyta->Spermatophyta->Euphyllophyta->Tracheophyta->Embryophyta->Streptophytina->Streptophyta->Chloroplastida->Archaeplastida->Eukaryota->cellular organisms->life" nexsonid "node191983"
pgloadind     taxon mapping OTT ID 142455 taxonomy "Peritoma platycarpa->Peritoma->Cleomaceae->Brassicales->malvids->rosids->Pentapetalae->Gunneridae->eudicotyledons->Mesangiospermae->Magnoliophyta->Spermatophyta->Euphyllophyta->Tracheophyta->Embryophyta->Streptophytina->Streptophyta->Chloroplastida->Archaeplastida->Eukaryota->cellular organisms->life" nexsonid "node191981"
pgloadind     taxon mapping OTT ID 664914 taxonomy "Cleome luederitziana->Cleome->Cleomaceae->Brassicales->malvids->rosids->Pentapetalae->Gunneridae->eudicotyledons->Mesangiospermae->Magnoliophyta->Spermatophyta->Euphyllophyta->Tracheophyta->Embryophyta->Streptophytina->Streptophyta->Chloroplastida->Archaeplastida->Eukaryota->cellular organisms->life" nexsonid "node191990"
pgloadind     taxon mapping OTT ID 848422 taxonomy "Cleome angustifolia->Cleome->Cleomaceae->Brassicales->malvids->rosids->Pentapetalae->Gunneridae->eudicotyledons->Mesangiospermae->Magnoliophyta->Spermatophyta->Euphyllophyta->Tracheophyta->Embryophyta->Streptophytina->Streptophyta->Chloroplastida->Archaeplastida->Eukaryota->cellular organisms->life" nexsonid "node191988"
pgloadind     taxon mapping OTT ID 142453 taxonomy "Cleome paradoxa->Cleome->Cleomaceae->Brassicales->malvids->rosids->Pentapetalae->Gunneridae->eudicotyledons->Mesangiospermae->Magnoliophyta->Spermatophyta->Euphyllophyta->Tracheophyta->Embryophyta->Streptophytina->Streptophyta->Chloroplastida->Archaeplastida->Eukaryota->cellular organisms->life" nexsonid "node191991"
pgloadind     taxon mapping OTT ID 844892 taxonomy "Cleome sp. CANB 574200->Cleome->Cleomaceae->Brassicales->malvids->rosids->Pentapetalae->Gunneridae->eudicotyledons->Mesangiospermae->Magnoliophyta->Spermatophyta->Euphyllophyta->Tracheophyta->Embryophyta->Streptophytina->Streptophyta->Chloroplastida->Archaeplastida->Eukaryota->cellular organisms->life" nexsonid "node192008"
pgloadind     taxon mapping OTT ID 716675 taxonomy "Cleome uncifera->Cleome->Cleomaceae->Brassicales->malvids->rosids->Pentapetalae->Gunneridae->eudicotyledons->Mesangiospermae->Magnoliophyta->Spermatophyta->Euphyllophyta->Tracheophyta->Embryophyta->Streptophytina->Streptophyta->Chloroplastida->Archaeplastida->Eukaryota->cellular organisms->life" nexsonid "node192009"
pgloadind     taxon mapping OTT ID 664927 taxonomy "Cleome microaustralica->Cleome->Cleomaceae->Brassicales->malvids->rosids->Pentapetalae->Gunneridae->eudicotyledons->Mesangiospermae->Magnoliophyta->Spermatophyta->Euphyllophyta->Tracheophyta->Embryophyta->Streptophytina->Streptophyta->Chloroplastida->Archaeplastida->Eukaryota->cellular organisms->life" nexsonid "node192005"
pgloadind     taxon mapping OTT ID 273973 taxonomy "Cleome cleomoides->Cleome->Cleomaceae->Brassicales->malvids->rosids->Pentapetalae->Gunneridae->eudicotyledons->Mesangiospermae->Magnoliophyta->Spermatophyta->Euphyllophyta->Tracheophyta->Embryophyta->Streptophytina->Streptophyta->Chloroplastida->Archaeplastida->Eukaryota->cellular organisms->life" nexsonid "node192003"
pgloadind     taxon mapping OTT ID 500051 taxonomy "Cleome viscosa->Cleome->Cleomaceae->Brassicales->malvids->rosids->Pentapetalae->Gunneridae->eudicotyledons->Mesangiospermae->Magnoliophyta->Spermatophyta->Euphyllophyta->Tracheophyta->Embryophyta->Streptophytina->Streptophyta->Chloroplastida->Archaeplastida->Eukaryota->cellular organisms->life" nexsonid "node191996"
pgloadind     taxon mapping OTT ID 142450 taxonomy "Cleome oxalidea->Cleome->Cleomaceae->Brassicales->malvids->rosids->Pentapetalae->Gunneridae->eudicotyledons->Mesangiospermae->Magnoliophyta->Spermatophyta->Euphyllophyta->Tracheophyta->Embryophyta->Streptophytina->Streptophyta->Chloroplastida->Archaeplastida->Eukaryota->cellular organisms->life" nexsonid "node192010"
pgloadind     taxon mapping OTT ID 848424 taxonomy "Cleome breyeri->Cleome->Cleomaceae->Brassicales->malvids->rosids->Pentapetalae->Gunneridae->eudicotyledons->Mesangiospermae->Magnoliophyta->Spermatophyta->Euphyllophyta->Tracheophyta->Embryophyta->Streptophytina->Streptophyta->Chloroplastida->Archaeplastida->Eukaryota->cellular organisms->life" nexsonid "node192025"
pgloadind     taxon mapping OTT ID 652890 taxonomy "Cleome oxyphylla->Cleome->Cleomaceae->Brassicales->malvids->rosids->Pentapetalae->Gunneridae->eudicotyledons->Mesangiospermae->Magnoliophyta->Spermatophyta->Euphyllophyta->Tracheophyta->Embryophyta->Streptophytina->Streptophyta->Chloroplastida->Archaeplastida->Eukaryota->cellular organisms->life" nexsonid "node192026"
pgloadind     taxon mapping OTT ID 959595 taxonomy "Cleome stricta->Cleome->Cleomaceae->Brassicales->malvids->rosids->Pentapetalae->Gunneridae->eudicotyledons->Mesangiospermae->Magnoliophyta->Spermatophyta->Euphyllophyta->Tracheophyta->Embryophyta->Streptophytina->Streptophyta->Chloroplastida->Archaeplastida->Eukaryota->cellular organisms->life" nexsonid "node192029"
pgloadind     taxon mapping OTT ID 959604 taxonomy "Cleome strigosa->Cleome->Cleomaceae->Brassicales->malvids->rosids->Pentapetalae->Gunneridae->eudicotyledons->Mesangiospermae->Magnoliophyta->Spermatophyta->Euphyllophyta->Tracheophyta->Embryophyta->Streptophytina->Streptophyta->Chloroplastida->Archaeplastida->Eukaryota->cellular organisms->life" nexsonid "node192030"
pgloadind     taxon mapping OTT ID 664912 taxonomy "Cleome macrophylla->Cleome->Cleomaceae->Brassicales->malvids->rosids->Pentapetalae->Gunneridae->eudicotyledons->Mesangiospermae->Magnoliophyta->Spermatophyta->Euphyllophyta->Tracheophyta->Embryophyta->Streptophytina->Streptophyta->Chloroplastida->Archaeplastida->Eukaryota->cellular organisms->life" nexsonid "node192032"
pgloadind     taxon mapping OTT ID 664909 taxonomy "Cleome maculata->Cleome->Cleomaceae->Brassicales->malvids->rosids->Pentapetalae->Gunneridae->eudicotyledons->Mesangiospermae->Magnoliophyta->Spermatophyta->Euphyllophyta->Tracheophyta->Embryophyta->Streptophytina->Streptophyta->Chloroplastida->Archaeplastida->Eukaryota->cellular organisms->life" nexsonid "node192033"
pgloadind     taxon mapping OTT ID 110683 taxonomy "Cleome monophylla->Cleome->Cleomaceae->Brassicales->malvids->rosids->Pentapetalae->Gunneridae->eudicotyledons->Mesangiospermae->Magnoliophyta->Spermatophyta->Euphyllophyta->Tracheophyta->Embryophyta->Streptophytina->Streptophyta->Chloroplastida->Archaeplastida->Eukaryota->cellular organisms->life" nexsonid "node192043"
pgloadind     taxon mapping OTT ID 652892 taxonomy "Cleome ornithopodioides->Cleome->Cleomaceae->Brassicales->malvids->rosids->Pentapetalae->Gunneridae->eudicotyledons->Mesangiospermae->Magnoliophyta->Spermatophyta->Euphyllophyta->Tracheophyta->Embryophyta->Streptophytina->Streptophyta->Chloroplastida->Archaeplastida->Eukaryota->cellular organisms->life" nexsonid "node192046"
pgloadind     taxon mapping OTT ID 273967 taxonomy "Cleome hirta->Cleome->Cleomaceae->Brassicales->malvids->rosids->Pentapetalae->Gunneridae->eudicotyledons->Mesangiospermae->Magnoliophyta->Spermatophyta->Euphyllophyta->Tracheophyta->Embryophyta->Streptophytina->Streptophyta->Chloroplastida->Archaeplastida->Eukaryota->cellular organisms->life" nexsonid "node192038"
pgloadind     taxon mapping OTT ID 664925 taxonomy "Cleome monochroma->Cleome->Cleomaceae->Brassicales->malvids->rosids->Pentapetalae->Gunneridae->eudicotyledons->Mesangiospermae->Magnoliophyta->Spermatophyta->Euphyllophyta->Tracheophyta->Embryophyta->Streptophytina->Streptophyta->Chloroplastida->Archaeplastida->Eukaryota->cellular organisms->life" nexsonid "node192047"
pgloadind     taxon mapping OTT ID 848411 taxonomy "Cleome allamanii->Cleome->Cleomaceae->Brassicales->malvids->rosids->Pentapetalae->Gunneridae->eudicotyledons->Mesangiospermae->Magnoliophyta->Spermatophyta->Euphyllophyta->Tracheophyta->Embryophyta->Streptophytina->Streptophyta->Chloroplastida->Archaeplastida->Eukaryota->cellular organisms->life" nexsonid "node192052"
pgloadind     taxon mapping OTT ID 716664 taxonomy "Cleome usambarica->Cleome->Cleomaceae->Brassicales->malvids->rosids->Pentapetalae->Gunneridae->eudicotyledons->Mesangiospermae->Magnoliophyta->Spermatophyta->Euphyllophyta->Tracheophyta->Embryophyta->Streptophytina->Streptophyta->Chloroplastida->Archaeplastida->Eukaryota->cellular organisms->life" nexsonid "node192057"
pgloadind     taxon mapping OTT ID 261459 taxonomy "Cleome briquetii->Cleome->Cleomaceae->Brassicales->malvids->rosids->Pentapetalae->Gunneridae->eudicotyledons->Mesangiospermae->Magnoliophyta->Spermatophyta->Euphyllophyta->Tracheophyta->Embryophyta->Streptophytina->Streptophyta->Chloroplastida->Archaeplastida->Eukaryota->cellular organisms->life" nexsonid "node192055"
pgloadind     taxon mapping OTT ID 817223 taxonomy "Cleome rutidosperma->Cleome->Cleomaceae->Brassicales->malvids->rosids->Pentapetalae->Gunneridae->eudicotyledons->Mesangiospermae->Magnoliophyta->Spermatophyta->Euphyllophyta->Tracheophyta->Embryophyta->Streptophytina->Streptophyta->Chloroplastida->Archaeplastida->Eukaryota->cellular organisms->life" nexsonid "node192058"
pgloadind     taxon mapping OTT ID 273977 taxonomy "Cleome elegantissima->Cleome->Cleomaceae->Brassicales->malvids->rosids->Pentapetalae->Gunneridae->eudicotyledons->Mesangiospermae->Magnoliophyta->Spermatophyta->Euphyllophyta->Tracheophyta->Embryophyta->Streptophytina->Streptophyta->Chloroplastida->Archaeplastida->Eukaryota->cellular organisms->life" nexsonid "node192059"
pgloadind     taxon mapping OTT ID 142461 taxonomy "Cleome schimperi->Cleome->Cleomaceae->Brassicales->malvids->rosids->Pentapetalae->Gunneridae->eudicotyledons->Mesangiospermae->Magnoliophyta->Spermatophyta->Euphyllophyta->Tracheophyta->Embryophyta->Streptophytina->Streptophyta->Chloroplastida->Archaeplastida->Eukaryota->cellular organisms->life" nexsonid "node192060"
pgloadind     taxon mapping OTT ID 652894 taxonomy "Dactylaena microphylla->Dactylaena->Capparaceae->Brassicales->malvids->rosids->Pentapetalae->Gunneridae->eudicotyledons->Mesangiospermae->Magnoliophyta->Spermatophyta->Euphyllophyta->Tracheophyta->Embryophyta->Streptophytina->Streptophyta->Chloroplastida->Archaeplastida->Eukaryota->cellular organisms->life" nexsonid "node192062"
pgloadind     taxon mapping OTT ID 261470 taxonomy "Cleome stenophylla->Cleome->Cleomaceae->Brassicales->malvids->rosids->Pentapetalae->Gunneridae->eudicotyledons->Mesangiospermae->Magnoliophyta->Spermatophyta->Euphyllophyta->Tracheophyta->Embryophyta->Streptophytina->Streptophyta->Chloroplastida->Archaeplastida->Eukaryota->cellular organisms->life" nexsonid "node192064"
pgloadind     taxon mapping OTT ID 716673 taxonomy "Cleome tenuifolia->Cleome->Cleomaceae->Brassicales->malvids->rosids->Pentapetalae->Gunneridae->eudicotyledons->Mesangiospermae->Magnoliophyta->Spermatophyta->Euphyllophyta->Tracheophyta->Embryophyta->Streptophytina->Streptophyta->Chloroplastida->Archaeplastida->Eukaryota->cellular organisms->life" nexsonid "node192065"
pgloadind     taxon mapping OTT ID 652886 taxonomy "Cleome foliosa->Cleome->Cleomaceae->Brassicales->malvids->rosids->Pentapetalae->Gunneridae->eudicotyledons->Mesangiospermae->Magnoliophyta->Spermatophyta->Euphyllophyta->Tracheophyta->Embryophyta->Streptophytina->Streptophyta->Chloroplastida->Archaeplastida->Eukaryota->cellular organisms->life" nexsonid "node192068"
pgloadind     taxon mapping OTT ID 664921 taxonomy "Cleome kalachariensis->Cleome->Cleomaceae->Brassicales->malvids->rosids->Pentapetalae->Gunneridae->eudicotyledons->Mesangiospermae->Magnoliophyta->Spermatophyta->Euphyllophyta->Tracheophyta->Embryophyta->Streptophytina->Streptophyta->Chloroplastida->Archaeplastida->Eukaryota->cellular organisms->life" nexsonid "node192071"
pgloadind     taxon mapping OTT ID 664917 taxonomy "Cleome linearifolia->Cleome->Cleomaceae->Brassicales->malvids->rosids->Pentapetalae->Gunneridae->eudicotyledons->Mesangiospermae->Magnoliophyta->Spermatophyta->Euphyllophyta->Tracheophyta->Embryophyta->Streptophytina->Streptophyta->Chloroplastida->Archaeplastida->Eukaryota->cellular organisms->life" nexsonid "node192072"
pgloadind     taxon mapping OTT ID 561846 taxonomy "Cleome lechleri->Cleome->Cleomaceae->Brassicales->malvids->rosids->Pentapetalae->Gunneridae->eudicotyledons->Mesangiospermae->Magnoliophyta->Spermatophyta->Euphyllophyta->Tracheophyta->Embryophyta->Streptophytina->Streptophyta->Chloroplastida->Archaeplastida->Eukaryota->cellular organisms->life" nexsonid "node192076"
pgloadind     taxon mapping OTT ID 802248 taxonomy "Cleome moritziana->Cleome->Cleomaceae->Brassicales->malvids->rosids->Pentapetalae->Gunneridae->eudicotyledons->Mesangiospermae->Magnoliophyta->Spermatophyta->Euphyllophyta->Tracheophyta->Embryophyta->Streptophytina->Streptophyta->Chloroplastida->Archaeplastida->Eukaryota->cellular organisms->life" nexsonid "node192077"
pgloadind     taxon mapping OTT ID 110681 taxonomy "Cleome pilosa->Cleome->Cleomaceae->Brassicales->malvids->rosids->Pentapetalae->Gunneridae->eudicotyledons->Mesangiospermae->Magnoliophyta->Spermatophyta->Euphyllophyta->Tracheophyta->Embryophyta->Streptophytina->Streptophyta->Chloroplastida->Archaeplastida->Eukaryota->cellular organisms->life" nexsonid "node192080"
pgloadind     taxon mapping OTT ID 736457 taxonomy "Podandrogyne chiriquensis->Podandrogyne->Cleomaceae->Brassicales->malvids->rosids->Pentapetalae->Gunneridae->eudicotyledons->Mesangiospermae->Magnoliophyta->Spermatophyta->Euphyllophyta->Tracheophyta->Embryophyta->Streptophytina->Streptophyta->Chloroplastida->Archaeplastida->Eukaryota->cellular organisms->life" nexsonid "node192083"
pgloadind     taxon mapping OTT ID 478462 taxonomy "Podandrogyne macrophylla->Podandrogyne->Cleomaceae->Brassicales->malvids->rosids->Pentapetalae->Gunneridae->eudicotyledons->Mesangiospermae->Magnoliophyta->Spermatophyta->Euphyllophyta->Tracheophyta->Embryophyta->Streptophytina->Streptophyta->Chloroplastida->Archaeplastida->Eukaryota->cellular organisms->life" nexsonid "node192084"
pgloadind     taxon mapping OTT ID 716660 taxonomy "Podandrogyne jamesonii->Podandrogyne->Cleomaceae->Brassicales->malvids->rosids->Pentapetalae->Gunneridae->eudicotyledons->Mesangiospermae->Magnoliophyta->Spermatophyta->Euphyllophyta->Tracheophyta->Embryophyta->Streptophytina->Streptophyta->Chloroplastida->Archaeplastida->Eukaryota->cellular organisms->life" nexsonid "node192085"
pgloadind     taxon mapping OTT ID 802259 taxonomy "Cleome stylosa->Cleome->Cleomaceae->Brassicales->malvids->rosids->Pentapetalae->Gunneridae->eudicotyledons->Mesangiospermae->Magnoliophyta->Spermatophyta->Euphyllophyta->Tracheophyta->Embryophyta->Streptophytina->Streptophyta->Chloroplastida->Archaeplastida->Eukaryota->cellular organisms->life" nexsonid "node192086"
pgloadind     taxon mapping OTT ID 664907 taxonomy "Cleome melanosperma->Cleome->Cleomaceae->Brassicales->malvids->rosids->Pentapetalae->Gunneridae->eudicotyledons->Mesangiospermae->Magnoliophyta->Spermatophyta->Euphyllophyta->Tracheophyta->Embryophyta->Streptophytina->Streptophyta->Chloroplastida->Archaeplastida->Eukaryota->cellular organisms->life" nexsonid "node192101"
pgloadind     taxon mapping OTT ID 802261 taxonomy "Cleome speciosa->Cleome->Cleomaceae->Brassicales->malvids->rosids->Pentapetalae->Gunneridae->eudicotyledons->Mesangiospermae->Magnoliophyta->Spermatophyta->Euphyllophyta->Tracheophyta->Embryophyta->Streptophytina->Streptophyta->Chloroplastida->Archaeplastida->Eukaryota->cellular organisms->life" nexsonid "node192102"
pgloadind     taxon mapping OTT ID 802246 taxonomy "Cleome paludosa->Cleome->Cleomaceae->Brassicales->malvids->rosids->Pentapetalae->Gunneridae->eudicotyledons->Mesangiospermae->Magnoliophyta->Spermatophyta->Euphyllophyta->Tracheophyta->Embryophyta->Streptophytina->Streptophyta->Chloroplastida->Archaeplastida->Eukaryota->cellular organisms->life" nexsonid "node192104"
pgloadind     taxon mapping OTT ID 802257 taxonomy "Cleome rosea->Cleome->Cleomaceae->Brassicales->malvids->rosids->Pentapetalae->Gunneridae->eudicotyledons->Mesangiospermae->Magnoliophyta->Spermatophyta->Euphyllophyta->Tracheophyta->Embryophyta->Streptophytina->Streptophyta->Chloroplastida->Archaeplastida->Eukaryota->cellular organisms->life" nexsonid "node192108"
pgloadind     taxon mapping OTT ID 142463 taxonomy "Cleome siliculifera->Cleome->Cleomaceae->Brassicales->malvids->rosids->Pentapetalae->Gunneridae->eudicotyledons->Mesangiospermae->Magnoliophyta->Spermatophyta->Euphyllophyta->Tracheophyta->Embryophyta->Streptophytina->Streptophyta->Chloroplastida->Archaeplastida->Eukaryota->cellular organisms->life" nexsonid "node192111"
pgloadind     taxon mapping OTT ID 110670 taxonomy "Cleome aculeata->Cleome->Cleomaceae->Brassicales->malvids->rosids->Pentapetalae->Gunneridae->eudicotyledons->Mesangiospermae->Magnoliophyta->Spermatophyta->Euphyllophyta->Tracheophyta->Embryophyta->Streptophytina->Streptophyta->Chloroplastida->Archaeplastida->Eukaryota->cellular organisms->life" nexsonid "node192119"
pgloadind     taxon mapping OTT ID 687473 taxonomy "Cleome afrospina->Cleome->Cleomaceae->Brassicales->malvids->rosids->Pentapetalae->Gunneridae->eudicotyledons->Mesangiospermae->Magnoliophyta->Spermatophyta->Euphyllophyta->Tracheophyta->Embryophyta->Streptophytina->Streptophyta->Chloroplastida->Archaeplastida->Eukaryota->cellular organisms->life" nexsonid "node192120"
pgloadind     taxon mapping OTT ID 802253 taxonomy "Cleome parviflora->Cleome->Cleomaceae->Brassicales->malvids->rosids->Pentapetalae->Gunneridae->eudicotyledons->Mesangiospermae->Magnoliophyta->Spermatophyta->Euphyllophyta->Tracheophyta->Embryophyta->Streptophytina->Streptophyta->Chloroplastida->Archaeplastida->Eukaryota->cellular organisms->life" nexsonid "node192121"
pgloadind     taxon mapping OTT ID 261463 taxonomy "Cleome torticarpa->Cleome->Cleomaceae->Brassicales->malvids->rosids->Pentapetalae->Gunneridae->eudicotyledons->Mesangiospermae->Magnoliophyta->Spermatophyta->Euphyllophyta->Tracheophyta->Embryophyta->Streptophytina->Streptophyta->Chloroplastida->Archaeplastida->Eukaryota->cellular organisms->life" nexsonid "node192122"
pgloadind     taxon mapping OTT ID 278671 taxonomy "Cleome diffusa->Cleome->Cleomaceae->Brassicales->malvids->rosids->Pentapetalae->Gunneridae->eudicotyledons->Mesangiospermae->Magnoliophyta->Spermatophyta->Euphyllophyta->Tracheophyta->Embryophyta->Streptophytina->Streptophyta->Chloroplastida->Archaeplastida->Eukaryota->cellular organisms->life" nexsonid "node192132"
pgloadind     taxon mapping OTT ID 561848 taxonomy "Cleome microcarpa->Cleome->Cleomaceae->Brassicales->malvids->rosids->Pentapetalae->Gunneridae->eudicotyledons->Mesangiospermae->Magnoliophyta->Spermatophyta->Euphyllophyta->Tracheophyta->Embryophyta->Streptophytina->Streptophyta->Chloroplastida->Archaeplastida->Eukaryota->cellular organisms->life" nexsonid "node192133"
pgloadind     taxon mapping OTT ID 410785 taxonomy "Cleome tucumanensis->Cleome->Cleomaceae->Brassicales->malvids->rosids->Pentapetalae->Gunneridae->eudicotyledons->Mesangiospermae->Magnoliophyta->Spermatophyta->Euphyllophyta->Tracheophyta->Embryophyta->Streptophytina->Streptophyta->Chloroplastida->Archaeplastida->Eukaryota->cellular organisms->life" nexsonid "node192129"
pgloadind     taxon mapping OTT ID 261457 taxonomy "Cleome boliviensis->Cleome->Cleomaceae->Brassicales->malvids->rosids->Pentapetalae->Gunneridae->eudicotyledons->Mesangiospermae->Magnoliophyta->Spermatophyta->Euphyllophyta->Tracheophyta->Embryophyta->Streptophytina->Streptophyta->Chloroplastida->Archaeplastida->Eukaryota->cellular organisms->life" nexsonid "node192137"
pgloadind     taxon mapping OTT ID 802267 taxonomy "Cleome titubans->Cleome->Cleomaceae->Brassicales->malvids->rosids->Pentapetalae->Gunneridae->eudicotyledons->Mesangiospermae->Magnoliophyta->Spermatophyta->Euphyllophyta->Tracheophyta->Embryophyta->Streptophytina->Streptophyta->Chloroplastida->Archaeplastida->Eukaryota->cellular organisms->life" nexsonid "node192145"
pgloadind     taxon mapping OTT ID 328678 taxonomy "Cleome werdermannii->Cleome->Cleomaceae->Brassicales->malvids->rosids->Pentapetalae->Gunneridae->eudicotyledons->Mesangiospermae->Magnoliophyta->Spermatophyta->Euphyllophyta->Tracheophyta->Embryophyta->Streptophytina->Streptophyta->Chloroplastida->Archaeplastida->Eukaryota->cellular organisms->life" nexsonid "node192146"
pgloadind     taxon mapping OTT ID 1079368 taxonomy "Cleome hassleriana->Cleome->Cleomaceae->Brassicales->malvids->rosids->Pentapetalae->Gunneridae->eudicotyledons->Mesangiospermae->Magnoliophyta->Spermatophyta->Euphyllophyta->Tracheophyta->Embryophyta->Streptophytina->Streptophyta->Chloroplastida->Archaeplastida->Eukaryota->cellular organisms->life" nexsonid "node192141"
pgloadind     taxon mapping OTT ID 716671 taxonomy "Cleome trachycarpa->Cleome->Cleomaceae->Brassicales->malvids->rosids->Pentapetalae->Gunneridae->eudicotyledons->Mesangiospermae->Magnoliophyta->Spermatophyta->Euphyllophyta->Tracheophyta->Embryophyta->Streptophytina->Streptophyta->Chloroplastida->Archaeplastida->Eukaryota->cellular organisms->life" nexsonid "node192153"
pgloadind     taxon mapping OTT ID 261456 taxonomy "Cleome pernambucensis->Cleome->Cleomaceae->Brassicales->malvids->rosids->Pentapetalae->Gunneridae->eudicotyledons->Mesangiospermae->Magnoliophyta->Spermatophyta->Euphyllophyta->Tracheophyta->Embryophyta->Streptophytina->Streptophyta->Chloroplastida->Archaeplastida->Eukaryota->cellular organisms->life" nexsonid "node192149"
pgloadind     taxon mapping OTT ID 622460 taxonomy "Cleome spinosa->Cleome->Cleomaceae->Brassicales->malvids->rosids->Pentapetalae->Gunneridae->eudicotyledons->Mesangiospermae->Magnoliophyta->Spermatophyta->Euphyllophyta->Tracheophyta->Embryophyta->Streptophytina->Streptophyta->Chloroplastida->Archaeplastida->Eukaryota->cellular organisms->life" nexsonid "node192151"
pgloadind     taxon mapping OTT ID 110668 taxonomy "Cleome domingensis->Cleome->Cleomaceae->Brassicales->malvids->rosids->Pentapetalae->Gunneridae->eudicotyledons->Mesangiospermae->Magnoliophyta->Spermatophyta->Euphyllophyta->Tracheophyta->Embryophyta->Streptophytina->Streptophyta->Chloroplastida->Archaeplastida->Eukaryota->cellular organisms->life" nexsonid "node192154"
pgloadind     taxon mapping OTT ID 273969 taxonomy "Cleome gigantea->Cleome->Cleomaceae->Brassicales->malvids->rosids->Pentapetalae->Gunneridae->eudicotyledons->Mesangiospermae->Magnoliophyta->Spermatophyta->Euphyllophyta->Tracheophyta->Embryophyta->Streptophytina->Streptophyta->Chloroplastida->Archaeplastida->Eukaryota->cellular organisms->life" nexsonid "node192094"
pgloadind     taxon mapping OTT ID 110679 taxonomy "Cleome viridiflora->Cleome->Cleomaceae->Brassicales->malvids->rosids->Pentapetalae->Gunneridae->eudicotyledons->Mesangiospermae->Magnoliophyta->Spermatophyta->Euphyllophyta->Tracheophyta->Embryophyta->Streptophytina->Streptophyta->Chloroplastida->Archaeplastida->Eukaryota->cellular organisms->life" nexsonid "node192095"
pgloadind     taxon mapping OTT ID 817214 taxonomy "Cleome gynandra->Cleome->Cleomaceae->Brassicales->malvids->rosids->Pentapetalae->Gunneridae->eudicotyledons->Mesangiospermae->Magnoliophyta->Spermatophyta->Euphyllophyta->Tracheophyta->Embryophyta->Streptophytina->Streptophyta->Chloroplastida->Archaeplastida->Eukaryota->cellular organisms->life" nexsonid "node192015"
pgloadind     taxon mapping OTT ID 273975 taxonomy "Cleome fimbriata->Cleome->Cleomaceae->Brassicales->malvids->rosids->Pentapetalae->Gunneridae->eudicotyledons->Mesangiospermae->Magnoliophyta->Spermatophyta->Euphyllophyta->Tracheophyta->Embryophyta->Streptophytina->Streptophyta->Chloroplastida->Archaeplastida->Eukaryota->cellular organisms->life" nexsonid "node192156"
pgloadind     taxon mapping OTT ID 142459 taxonomy "Cleome quinquenervia->Cleome->Cleomaceae->Brassicales->malvids->rosids->Pentapetalae->Gunneridae->eudicotyledons->Mesangiospermae->Magnoliophyta->Spermatophyta->Euphyllophyta->Tracheophyta->Embryophyta->Streptophytina->Streptophyta->Chloroplastida->Archaeplastida->Eukaryota->cellular organisms->life" nexsonid "node192158"
pgloadind     taxon mapping OTT ID 652888 taxonomy "Cleome droserifolia->Cleome->Cleomaceae->Brassicales->malvids->rosids->Pentapetalae->Gunneridae->eudicotyledons->Mesangiospermae->Magnoliophyta->Spermatophyta->Euphyllophyta->Tracheophyta->Embryophyta->Streptophytina->Streptophyta->Chloroplastida->Archaeplastida->Eukaryota->cellular organisms->life" nexsonid "node192159"
pgloadind     taxon mapping OTT ID 664919 taxonomy "Cleome khorassanica->Cleome->Cleomaceae->Brassicales->malvids->rosids->Pentapetalae->Gunneridae->eudicotyledons->Mesangiospermae->Magnoliophyta->Spermatophyta->Euphyllophyta->Tracheophyta->Embryophyta->Streptophytina->Streptophyta->Chloroplastida->Archaeplastida->Eukaryota->cellular organisms->life" nexsonid "node192161"
pgloadind     taxon mapping OTT ID 716677 taxonomy "Cleome turkmena->Cleome->Cleomaceae->Brassicales->malvids->rosids->Pentapetalae->Gunneridae->eudicotyledons->Mesangiospermae->Magnoliophyta->Spermatophyta->Euphyllophyta->Tracheophyta->Embryophyta->Streptophytina->Streptophyta->Chloroplastida->Archaeplastida->Eukaryota->cellular organisms->life" nexsonid "node192162"
done fixing name
pgloadind Finished with attempts to fix names
pgloadind   Checking for uniqueness of OTT IDs tree id "276"
pgloadind   Adding tree to graph tree id "276"
all trees have all taxa: false
	using bipartition technique
attempting to remap tips to deepest exemplified taxa
	Dactylaena microphylla was remapped to 'Capparaceae' (id=2698414)
	Oxystylis lutea was remapped to 'Oxystylis' (id=2698180)
	Wislizenia refracta was remapped to 'Wislizenia' (id=2698230)
this is the ROOT
placing root in index
Dealing with metadata property: id
Dealing with metadata property: ot:studyPublicationReference
Adding property 'ot:studyPublicationReference': Feodorova, T. A., Voznesenskaya, E. V., Edwards, G. E., & Roalson, E. H. (2010). Biogeographic patterns of diversification and the origins of C4 in Cleome (Cleomaceae). Systematic Botany, 35(4), 811-826.
Dealing with metadata property: ot:studyYear
Adding property 'ot:studyYear': 2010
Dealing with metadata property: ot:inGroupClade
Adding property 'ot:inGroupClade': node191943
Dealing with metadata property: ot:tag
Adding property 'ot:tag': ingroup added;
Dealing with metadata property: ot:curatorName
Adding property 'ot:curatorName': bryan drew
Dealing with metadata property: ot:studyPublication
Adding property 'ot:studyPublication': http://dx.doi.org/10.1600/036364410X539880
Dealing with metadata property: ot:focalClade
Adding property 'ot:focalClade': 927232
Dealing with metadata property: ot:studyId
Adding property 'ot:studyId': 321
Dealing with metadata property: ot:dataDeposit
Adding property 'ot:dataDeposit': http://purl.org/phylo/treebase/phylows/study/TB2:S10343
Committing nodes: 153
{2685785}
2698168
	adding Node[2698154] Cleomella 110676 as compatible with Node[3501491]
		adding Relationship[8257533]
2698169
2698174
2698189
2698194
2698204
2698206
2698246
2698247
2698249
2698258
2698260
2698266
2698268
2698270
2698274
2698275
2698276
2698277
2698278
2698279
2698280
2698282
2698284
2698286
2698287
2698288
2698289
2698290
2698291
2698300
2698305
2698307
2698308
2698310
2698312
2698323
2698325
2698327
2698332
2698335
2698337
2698339
2698342
2698343
2698344
2698346
2698348
2698349
2698350
2698351
2698352
2698353
2698354
2698355
2698356
2698361
2698362
2698363
2698365
2698370
2698372
2698374
2698376
2698380
2698382
2698392
2698395
2698396
2698398
2698399
2698400
2698401
2698402
2698403
2698180
2698230
	adding Node[2698230] Wislizenia 736455 as compatible with Node[2698230]
		adding Relationship[8257534]
2698414
	adding Node[2698414] Capparaceae 856347 as compatible with Node[2698414]
		adding Relationship[8257535]
[Node[3501520], Node[2698414], Node[2698230], Node[3501492], Node[3501493], Node[2698154]]
	Node[3501520]
	Node[2698414]
		adding Relationship[8257536] from Node[2698414] to Node[3501520]
	Node[2698230]
		adding Relationship[8257537] from Node[2698230] to Node[3501492]
	Node[3501492]
		adding Relationship[8257538] from Node[3501492] to Node[3501493]
	Node[3501493]
	Node[2698154]
