pgloadind OTUs number 107
pgloadind Processing tree @id "3861"
pgloadind   tree info number nodes 165
pgloadind   tree info number edges 164
pgloadind   tree info ingroup "node725626"
pgloadind   Warning: dealing with unknown property. Don't know what to do... property name "ot:ottTaxonName" nexsonid "node725617"
pgloadind   Warning: dealing with unknown property. Don't know what to do... property name "ot:ottTaxonName" nexsonid "node725621"
pgloadind   Warning: dealing with unknown property. Don't know what to do... property name "ot:ottTaxonName" nexsonid "node725622"
pgloadind   Warning: dealing with unknown property. Don't know what to do... property name "ot:ottTaxonName" nexsonid "node725624"
pgloadind   Setting ingroup root node.
pgloadind   Warning: dealing with unknown property. Don't know what to do... property name "ot:ottTaxonName" nexsonid "node725634"
pgloadind   Warning: dealing with unknown property. Don't know what to do... property name "ot:ottTaxonName" nexsonid "node725635"
pgloadind   Warning: dealing with unknown property. Don't know what to do... property name "ot:ottTaxonName" nexsonid "node725636"
pgloadind   Warning: dealing with unknown property. Don't know what to do... property name "ot:ottTaxonName" nexsonid "node725638"
pgloadind   Warning: dealing with unknown property. Don't know what to do... property name "ot:ottTaxonName" nexsonid "node725639"
pgloadind   Warning: dealing with unknown property. Don't know what to do... property name "ot:ottTaxonName" nexsonid "node725640"
pgloadind   Warning: dealing with unknown property. Don't know what to do... property name "ot:ottTaxonName" nexsonid "node725641"
pgloadind   Warning: dealing with unknown property. Don't know what to do... property name "ot:ottTaxonName" nexsonid "node725643"
pgloadind   Warning: dealing with unknown property. Don't know what to do... property name "ot:ottTaxonName" nexsonid "node725646"
pgloadind   Warning: dealing with unknown property. Don't know what to do... property name "ot:ottTaxonName" nexsonid "node725647"
pgloadind   Warning: dealing with unknown property. Don't know what to do... property name "ot:ottTaxonName" nexsonid "node725648"
pgloadind   Warning: dealing with unknown property. Don't know what to do... property name "ot:ottTaxonName" nexsonid "node725649"
pgloadind   Warning: dealing with unknown property. Don't know what to do... property name "ot:ottTaxonName" nexsonid "node725650"
pgloadind   Warning: dealing with unknown property. Don't know what to do... property name "ot:ottTaxonName" nexsonid "node725652"
pgloadind   Warning: dealing with unknown property. Don't know what to do... property name "ot:ottTaxonName" nexsonid "node725653"
pgloadind   Warning: dealing with unknown property. Don't know what to do... property name "ot:ottTaxonName" nexsonid "node725654"
pgloadind   Warning: dealing with unknown property. Don't know what to do... property name "ot:ottTaxonName" nexsonid "node725655"
pgloadind   Warning: dealing with unknown property. Don't know what to do... property name "ot:ottTaxonName" nexsonid "node725656"
pgloadind   Warning: dealing with unknown property. Don't know what to do... property name "ot:ottTaxonName" nexsonid "node725661"
pgloadind   Warning: dealing with unknown property. Don't know what to do... property name "ot:ottTaxonName" nexsonid "node725662"
pgloadind   Warning: dealing with unknown property. Don't know what to do... property name "ot:ottTaxonName" nexsonid "node725664"
pgloadind   Warning: dealing with unknown property. Don't know what to do... property name "ot:ottTaxonName" nexsonid "node725665"
pgloadind   Warning: dealing with unknown property. Don't know what to do... property name "ot:ottTaxonName" nexsonid "node725666"
pgloadind   Warning: dealing with unknown property. Don't know what to do... property name "ot:ottTaxonName" nexsonid "node725667"
pgloadind   Warning: dealing with unknown property. Don't know what to do... property name "ot:ottTaxonName" nexsonid "node725668"
pgloadind   Warning: dealing with unknown property. Don't know what to do... property name "ot:ottTaxonName" nexsonid "node725669"
pgloadind   Warning: dealing with unknown property. Don't know what to do... property name "ot:ottTaxonName" nexsonid "node725670"
pgloadind   Warning: dealing with unknown property. Don't know what to do... property name "ot:ottTaxonName" nexsonid "node725671"
pgloadind   Warning: dealing with unknown property. Don't know what to do... property name "ot:ottTaxonName" nexsonid "node725672"
pgloadind   Warning: dealing with unknown property. Don't know what to do... property name "ot:ottTaxonName" nexsonid "node725675"
pgloadind   Warning: dealing with unknown property. Don't know what to do... property name "ot:ottTaxonName" nexsonid "node725676"
pgloadind   Warning: dealing with unknown property. Don't know what to do... property name "ot:ottTaxonName" nexsonid "node725678"
pgloadind   Warning: dealing with unknown property. Don't know what to do... property name "ot:ottTaxonName" nexsonid "node725679"
pgloadind   Warning: dealing with unknown property. Don't know what to do... property name "ot:ottTaxonName" nexsonid "node725680"
pgloadind   Warning: dealing with unknown property. Don't know what to do... property name "ot:ottTaxonName" nexsonid "node725681"
pgloadind   Warning: dealing with unknown property. Don't know what to do... property name "ot:ottTaxonName" nexsonid "node725682"
pgloadind   Warning: dealing with unknown property. Don't know what to do... property name "ot:ottTaxonName" nexsonid "node725684"
pgloadind   Warning: dealing with unknown property. Don't know what to do... property name "ot:ottTaxonName" nexsonid "node725686"
pgloadind   Warning: dealing with unknown property. Don't know what to do... property name "ot:ottTaxonName" nexsonid "node725688"
pgloadind   Warning: dealing with unknown property. Don't know what to do... property name "ot:ottTaxonName" nexsonid "node725690"
pgloadind   Warning: dealing with unknown property. Don't know what to do... property name "ot:ottTaxonName" nexsonid "node725691"
pgloadind   Warning: dealing with unknown property. Don't know what to do... property name "ot:ottTaxonName" nexsonid "node725692"
pgloadind   Warning: dealing with unknown property. Don't know what to do... property name "ot:ottTaxonName" nexsonid "node725694"
pgloadind   Warning: dealing with unknown property. Don't know what to do... property name "ot:ottTaxonName" nexsonid "node725695"
pgloadind   Warning: dealing with unknown property. Don't know what to do... property name "ot:ottTaxonName" nexsonid "node725699"
pgloadind   Warning: dealing with unknown property. Don't know what to do... property name "ot:ottTaxonName" nexsonid "node725700"
pgloadind   Warning: dealing with unknown property. Don't know what to do... property name "ot:ottTaxonName" nexsonid "node725701"
pgloadind   Warning: dealing with unknown property. Don't know what to do... property name "ot:ottTaxonName" nexsonid "node725703"
pgloadind   Warning: dealing with unknown property. Don't know what to do... property name "ot:ottTaxonName" nexsonid "node725704"
pgloadind   Warning: dealing with unknown property. Don't know what to do... property name "ot:ottTaxonName" nexsonid "node725705"
pgloadind   Warning: dealing with unknown property. Don't know what to do... property name "ot:ottTaxonName" nexsonid "node725707"
pgloadind   Warning: dealing with unknown property. Don't know what to do... property name "ot:ottTaxonName" nexsonid "node725709"
pgloadind   Warning: dealing with unknown property. Don't know what to do... property name "ot:ottTaxonName" nexsonid "node725710"
pgloadind   Warning: dealing with unknown property. Don't know what to do... property name "ot:ottTaxonName" nexsonid "node725711"
pgloadind   Warning: dealing with unknown property. Don't know what to do... property name "ot:ottTaxonName" nexsonid "node725713"
pgloadind   Warning: dealing with unknown property. Don't know what to do... property name "ot:ottTaxonName" nexsonid "node725714"
pgloadind   Warning: dealing with unknown property. Don't know what to do... property name "ot:ottTaxonName" nexsonid "node725716"
pgloadind   Warning: dealing with unknown property. Don't know what to do... property name "ot:ottTaxonName" nexsonid "node725717"
pgloadind   Warning: dealing with unknown property. Don't know what to do... property name "ot:ottTaxonName" nexsonid "node725718"
pgloadind   Warning: dealing with unknown property. Don't know what to do... property name "ot:ottTaxonName" nexsonid "node725720"
pgloadind   Warning: dealing with unknown property. Don't know what to do... property name "ot:ottTaxonName" nexsonid "node725721"
pgloadind   Warning: dealing with unknown property. Don't know what to do... property name "ot:ottTaxonName" nexsonid "node725722"
pgloadind   Warning: dealing with unknown property. Don't know what to do... property name "ot:ottTaxonName" nexsonid "node725724"
pgloadind   Warning: dealing with unknown property. Don't know what to do... property name "ot:ottTaxonName" nexsonid "node725725"
pgloadind   Warning: dealing with unknown property. Don't know what to do... property name "ot:ottTaxonName" nexsonid "node725737"
pgloadind   Warning: dealing with unknown property. Don't know what to do... property name "ot:ottTaxonName" nexsonid "node725738"
pgloadind   Warning: dealing with unknown property. Don't know what to do... property name "ot:ottTaxonName" nexsonid "node725740"
pgloadind   Warning: dealing with unknown property. Don't know what to do... property name "ot:ottTaxonName" nexsonid "node725742"
pgloadind   Warning: dealing with unknown property. Don't know what to do... property name "ot:ottTaxonName" nexsonid "node725743"
pgloadind   Warning: dealing with unknown property. Don't know what to do... property name "ot:ottTaxonName" nexsonid "node725744"
pgloadind   Warning: dealing with unknown property. Don't know what to do... property name "ot:ottTaxonName" nexsonid "node725745"
pgloadind   Warning: dealing with unknown property. Don't know what to do... property name "ot:ottTaxonName" nexsonid "node725747"
pgloadind   Warning: dealing with unknown property. Don't know what to do... property name "ot:ottTaxonName" nexsonid "node725748"
pgloadind   Warning: dealing with unknown property. Don't know what to do... property name "ot:ottTaxonName" nexsonid "node725749"
pgloadind   Warning: dealing with unknown property. Don't know what to do... property name "ot:ottTaxonName" nexsonid "node725750"
pgloadind   Warning: dealing with unknown property. Don't know what to do... property name "ot:ottTaxonName" nexsonid "node725756"
pgloadind   Warning: dealing with unknown property. Don't know what to do... property name "ot:ottTaxonName" nexsonid "node725758"
pgloadind   Warning: dealing with unknown property. Don't know what to do... property name "ot:ottTaxonName" nexsonid "node725759"
pgloadind   Warning: dealing with unknown property. Don't know what to do... property name "ot:ottTaxonName" nexsonid "node725760"
pgloadind   Warning: dealing with unknown property. Don't know what to do... property name "ot:ottTaxonName" nexsonid "node725761"
pgloadind   Warning: dealing with unknown property. Don't know what to do... property name "ot:ottTaxonName" nexsonid "node725762"
pgloadind   Warning: dealing with unknown property. Don't know what to do... property name "ot:ottTaxonName" nexsonid "node725763"
pgloadind   Warning: dealing with unknown property. Don't know what to do... property name "ot:ottTaxonName" nexsonid "node725764"
pgloadind   Warning: dealing with unknown property. Don't know what to do... property name "ot:ottTaxonName" nexsonid "node725765"
pgloadind   Warning: dealing with unknown property. Don't know what to do... property name "ot:ottTaxonName" nexsonid "node725767"
pgloadind   Warning: dealing with unknown property. Don't know what to do... property name "ot:ottTaxonName" nexsonid "node725769"
pgloadind   Warning: dealing with unknown property. Don't know what to do... property name "ot:ottTaxonName" nexsonid "node725770"
pgloadind   Warning: dealing with unknown property. Don't know what to do... property name "ot:ottTaxonName" nexsonid "node725772"
pgloadind   Warning: dealing with unknown property. Don't know what to do... property name "ot:ottTaxonName" nexsonid "node725773"
pgloadind   Warning: dealing with unknown property. Don't know what to do... property name "ot:ottTaxonName" nexsonid "node725774"
pgloadind   Warning: dealing with unknown property. Don't know what to do... property name "ot:ottTaxonName" nexsonid "node725775"
pgloadind   Warning: dealing with unknown property. Don't know what to do... property name "ot:ottTaxonName" nexsonid "node725777"
pgloadind   Warning: dealing with unknown property. Don't know what to do... property name "ot:ottTaxonName" nexsonid "node725778"
pgloadind   Warning: dealing with unknown property. Don't know what to do... property name "ot:ottTaxonName" nexsonid "node725779"
pgloadind   Warning: dealing with unknown property. Don't know what to do... property name "ot:ottTaxonName" nexsonid "node725780"
pgloadind   Ingested tree number of external nodes 99
pgloadind   property added ot:studyPublicationReference "Wanntorp L., Kocyan A., & Renner S. 2006. Wax Plants Disentangled: A Phylogeny of Hoya (Asclepioideae, Apocynaceae) Inferred from Nuclear and Chloroplast Sequences. Molecular phylogenetics and evolution, 39(3), 722-733."
pgloadind   property added ot:studyPublication "http://dx.doi.org/10.1016/j.ympev.2006.01.022"
pgloadind   property added ot:curatorName "William Wysocki"
pgloadind   property added ot:dataDeposit "http://purl.org/phylo/treebase/phylows/study/TB2:S1476"
pgloadind   property added ot:studyId "43"
pgloadind   property added ot:studyYear "2006"
pgloadind   property added ot:focalClade "225992"
pgloadind   property added ot:focalCladeOTTTaxonName "Hoya"
pgloadind   property added ot:inGroupClade "node725626"
pgloadind   property added ot:curatedType "Fig. 4"
pgloadind Processing tree @id "3862"
pgloadind   tree info number nodes 69
pgloadind   tree info number edges 68
pgloadind   tree info ingroup "node725784"
pgloadind   Warning: dealing with unknown property. Don't know what to do... property name "ot:ottTaxonName" nexsonid "node725782"
pgloadind   Setting ingroup root node.
pgloadind   Warning: dealing with unknown property. Don't know what to do... property name "ot:ottTaxonName" nexsonid "node725789"
pgloadind   Warning: dealing with unknown property. Don't know what to do... property name "ot:ottTaxonName" nexsonid "node725790"
pgloadind   Warning: dealing with unknown property. Don't know what to do... property name "ot:ottTaxonName" nexsonid "node725791"
pgloadind   Warning: dealing with unknown property. Don't know what to do... property name "ot:ottTaxonName" nexsonid "node725793"
pgloadind   Warning: dealing with unknown property. Don't know what to do... property name "ot:ottTaxonName" nexsonid "node725794"
pgloadind   Warning: dealing with unknown property. Don't know what to do... property name "ot:ottTaxonName" nexsonid "node725796"
pgloadind   Warning: dealing with unknown property. Don't know what to do... property name "ot:ottTaxonName" nexsonid "node725797"
pgloadind   Warning: dealing with unknown property. Don't know what to do... property name "ot:ottTaxonName" nexsonid "node725798"
pgloadind   Warning: dealing with unknown property. Don't know what to do... property name "ot:ottTaxonName" nexsonid "node725800"
pgloadind   Warning: dealing with unknown property. Don't know what to do... property name "ot:ottTaxonName" nexsonid "node725801"
pgloadind   Warning: dealing with unknown property. Don't know what to do... property name "ot:ottTaxonName" nexsonid "node725802"
pgloadind   Warning: dealing with unknown property. Don't know what to do... property name "ot:ottTaxonName" nexsonid "node725803"
pgloadind   Warning: dealing with unknown property. Don't know what to do... property name "ot:ottTaxonName" nexsonid "node725804"
pgloadind   Warning: dealing with unknown property. Don't know what to do... property name "ot:ottTaxonName" nexsonid "node725807"
pgloadind   Warning: dealing with unknown property. Don't know what to do... property name "ot:ottTaxonName" nexsonid "node725808"
pgloadind   Warning: dealing with unknown property. Don't know what to do... property name "ot:ottTaxonName" nexsonid "node725810"
pgloadind   Warning: dealing with unknown property. Don't know what to do... property name "ot:ottTaxonName" nexsonid "node725811"
pgloadind   Warning: dealing with unknown property. Don't know what to do... property name "ot:ottTaxonName" nexsonid "node725814"
pgloadind   Warning: dealing with unknown property. Don't know what to do... property name "ot:ottTaxonName" nexsonid "node725815"
pgloadind   Warning: dealing with unknown property. Don't know what to do... property name "ot:ottTaxonName" nexsonid "node725817"
pgloadind   Warning: dealing with unknown property. Don't know what to do... property name "ot:ottTaxonName" nexsonid "node725818"
pgloadind   Warning: dealing with unknown property. Don't know what to do... property name "ot:ottTaxonName" nexsonid "node725819"
pgloadind   Warning: dealing with unknown property. Don't know what to do... property name "ot:ottTaxonName" nexsonid "node725820"
pgloadind   Warning: dealing with unknown property. Don't know what to do... property name "ot:ottTaxonName" nexsonid "node725821"
pgloadind   Warning: dealing with unknown property. Don't know what to do... property name "ot:ottTaxonName" nexsonid "node725825"
pgloadind   Warning: dealing with unknown property. Don't know what to do... property name "ot:ottTaxonName" nexsonid "node725827"
pgloadind   Warning: dealing with unknown property. Don't know what to do... property name "ot:ottTaxonName" nexsonid "node725828"
pgloadind   Warning: dealing with unknown property. Don't know what to do... property name "ot:ottTaxonName" nexsonid "node725830"
pgloadind   Warning: dealing with unknown property. Don't know what to do... property name "ot:ottTaxonName" nexsonid "node725831"
pgloadind   Warning: dealing with unknown property. Don't know what to do... property name "ot:ottTaxonName" nexsonid "node725832"
pgloadind   Warning: dealing with unknown property. Don't know what to do... property name "ot:ottTaxonName" nexsonid "node725833"
pgloadind   Warning: dealing with unknown property. Don't know what to do... property name "ot:ottTaxonName" nexsonid "node725834"
pgloadind   Warning: dealing with unknown property. Don't know what to do... property name "ot:ottTaxonName" nexsonid "node725835"
pgloadind   Warning: dealing with unknown property. Don't know what to do... property name "ot:ottTaxonName" nexsonid "node725841"
pgloadind   Warning: dealing with unknown property. Don't know what to do... property name "ot:ottTaxonName" nexsonid "node725844"
pgloadind   Warning: dealing with unknown property. Don't know what to do... property name "ot:ottTaxonName" nexsonid "node725845"
pgloadind   Warning: dealing with unknown property. Don't know what to do... property name "ot:ottTaxonName" nexsonid "node725846"
pgloadind   Warning: dealing with unknown property. Don't know what to do... property name "ot:ottTaxonName" nexsonid "node725847"
pgloadind   Warning: dealing with unknown property. Don't know what to do... property name "ot:ottTaxonName" nexsonid "node725848"
pgloadind   Warning: dealing with unknown property. Don't know what to do... property name "ot:ottTaxonName" nexsonid "node725849"
pgloadind   Ingested tree number of external nodes 42
pgloadind   property added ot:studyPublicationReference "Wanntorp L., Kocyan A., & Renner S. 2006. Wax Plants Disentangled: A Phylogeny of Hoya (Asclepioideae, Apocynaceae) Inferred from Nuclear and Chloroplast Sequences. Molecular phylogenetics and evolution, 39(3), 722-733."
pgloadind   property added ot:studyPublication "http://dx.doi.org/10.1016/j.ympev.2006.01.022"
pgloadind   property added ot:curatorName "William Wysocki"
pgloadind   property added ot:dataDeposit "http://purl.org/phylo/treebase/phylows/study/TB2:S1476"
pgloadind   property added ot:studyId "43"
pgloadind   property added ot:studyYear "2006"
pgloadind   property added ot:focalClade "225992"
pgloadind   property added ot:focalCladeOTTTaxonName "Hoya"
pgloadind   property added ot:inGroupClade "node725784"
pgloadind   property added ot:curatedType "Fig. 5"
loading a specific tree: 3862
skipping tree: 3861
pgloadind conducting TNRS on trees
pgloadind   name fixing on tree tree id "3862"
pgloadind     OTT ID missing name "Dischidia hirsuta 29" nexsonid "node725838"
pgloadind     OTT ID missing name "Dischidia bengaliensis" nexsonid "node725839"
pgloadind     OTT ID missing name "Dischidia astephana" nexsonid "node725840"
pgloadind   TNRS unmatched total number 0
pgloadind     TNRS resolved ottId OTT ID 795334 name "Dischidia astephana" searched on "Dischidia astephana" nexsonid "node725840"
pgloadind     pruning unmapped name "Dischidia hirsuta 29" nexsonid "node725838"
pgloadind     pruning unmapped name "Dischidia bengaliensis" nexsonid "node725839"
pgloadind     OTT ID reused in tree
pgloadind       duplicate name "Hoya australis" nexsonid "node725827"
pgloadind       duplicate OTT ID 178865
pgloadind     OTT ID not in database (probably dubious)
pgloadind       dubious name "Dischidia astephana" nexsonid "node725840"
pgloadind       dubious OTT ID 795334
pgloadind     overlapping tips
pgloadind       overlapping retained name "Hoya kentiana" nexsonid "node725789"
pgloadind       overlapping pruned name "Hoya" nexsonid "node725835"
pgloadind     pruning dups and overlapping name "Dischidia astephana" nexsonid "node725840"
pgloadind     pruning dups and overlapping name "Hoya australis" nexsonid "node725827"
pgloadind     pruning dups and overlapping name "Hoya" nexsonid "node725835"
pgloadind   postpruning newick tree "(((((Hoya_kentiana,Hoya_tsangii,Hoya_gracilis),(Hoya_heuschkeliana,Hoya_bilobata)),(Hoya_pseudolittoralis,Hoya_anulata)),Hoya_meliflua,(Hoya_pubicalyx,Hoya_carnosa),Hoya_retusa,Hoya_kerrii,Hoya_pauciflora,((Hoya_camphorifolia,Hoya_cf_incrassata_Chase_17136),(Hoya_darwinii,Hoya_mitrata)),((Hoya_curtisii,Hoya_spartioides),(Hoya_imbricata,Hoya_caudata),Hoya_lacunosa),Hoya_serpens,Micholitzia_obcordata),Hoya_edeni,((Hoya_affinis,Hoya_ariadna),Hoya_ciliata),Hoya_telosmoides,Hoya_multiflora,((Hoya_australis,Hoya_albiflora),(Hoya_hypolasia,Madangia_inflata),Hoya_macgillivrayi,Hoya_patella,Hoya_venusta))"
pgloadind   taxon mapping summary
pgloadind     taxon mapping OTT ID 629916 taxonomy "Hoya kentiana->Hoya->Marsdenieae->Asclepiadoideae->Apocynaceae->Gentianales->lamiids->asterids->Pentapetalae->Gunneridae->eudicotyledons->Mesangiospermae->Magnoliophyta->Spermatophyta->Euphyllophyta->Tracheophyta->Embryophyta->Streptophyta->Chloroplastida->Archaeplastida->Eukaryota->cellular organisms->life" nexsonid "node725789"
pgloadind     taxon mapping OTT ID 108316 taxonomy "Hoya tsangii->Hoya->Marsdenieae->Asclepiadoideae->Apocynaceae->Gentianales->lamiids->asterids->Pentapetalae->Gunneridae->eudicotyledons->Mesangiospermae->Magnoliophyta->Spermatophyta->Euphyllophyta->Tracheophyta->Embryophyta->Streptophyta->Chloroplastida->Archaeplastida->Eukaryota->cellular organisms->life" nexsonid "node725790"
pgloadind     taxon mapping OTT ID 159085 taxonomy "Hoya gracilis->Hoya->Marsdenieae->Asclepiadoideae->Apocynaceae->Gentianales->lamiids->asterids->Pentapetalae->Gunneridae->eudicotyledons->Mesangiospermae->Magnoliophyta->Spermatophyta->Euphyllophyta->Tracheophyta->Embryophyta->Streptophyta->Chloroplastida->Archaeplastida->Eukaryota->cellular organisms->life" nexsonid "node725791"
pgloadind     taxon mapping OTT ID 159079 taxonomy "Hoya heuschkeliana->Hoya->Marsdenieae->Asclepiadoideae->Apocynaceae->Gentianales->lamiids->asterids->Pentapetalae->Gunneridae->eudicotyledons->Mesangiospermae->Magnoliophyta->Spermatophyta->Euphyllophyta->Tracheophyta->Embryophyta->Streptophyta->Chloroplastida->Archaeplastida->Eukaryota->cellular organisms->life" nexsonid "node725793"
pgloadind     taxon mapping OTT ID 133190 taxonomy "Hoya bilobata->Hoya->Marsdenieae->Asclepiadoideae->Apocynaceae->Gentianales->lamiids->asterids->Pentapetalae->Gunneridae->eudicotyledons->Mesangiospermae->Magnoliophyta->Spermatophyta->Euphyllophyta->Tracheophyta->Embryophyta->Streptophyta->Chloroplastida->Archaeplastida->Eukaryota->cellular organisms->life" nexsonid "node725794"
pgloadind     taxon mapping OTT ID 629922 taxonomy "Hoya pseudolittoralis->Hoya->Marsdenieae->Asclepiadoideae->Apocynaceae->Gentianales->lamiids->asterids->Pentapetalae->Gunneridae->eudicotyledons->Mesangiospermae->Magnoliophyta->Spermatophyta->Euphyllophyta->Tracheophyta->Embryophyta->Streptophyta->Chloroplastida->Archaeplastida->Eukaryota->cellular organisms->life" nexsonid "node725796"
pgloadind     taxon mapping OTT ID 682482 taxonomy "Hoya anulata->Hoya->Marsdenieae->Asclepiadoideae->Apocynaceae->Gentianales->lamiids->asterids->Pentapetalae->Gunneridae->eudicotyledons->Mesangiospermae->Magnoliophyta->Spermatophyta->Euphyllophyta->Tracheophyta->Embryophyta->Streptophyta->Chloroplastida->Archaeplastida->Eukaryota->cellular organisms->life" nexsonid "node725797"
pgloadind     taxon mapping OTT ID 629909 taxonomy "Hoya meliflua->Hoya->Marsdenieae->Asclepiadoideae->Apocynaceae->Gentianales->lamiids->asterids->Pentapetalae->Gunneridae->eudicotyledons->Mesangiospermae->Magnoliophyta->Spermatophyta->Euphyllophyta->Tracheophyta->Embryophyta->Streptophyta->Chloroplastida->Archaeplastida->Eukaryota->cellular organisms->life" nexsonid "node725798"
pgloadind     taxon mapping OTT ID 629920 taxonomy "Hoya pubicalyx->Hoya->Marsdenieae->Asclepiadoideae->Apocynaceae->Gentianales->lamiids->asterids->Pentapetalae->Gunneridae->eudicotyledons->Mesangiospermae->Magnoliophyta->Spermatophyta->Euphyllophyta->Tracheophyta->Embryophyta->Streptophyta->Chloroplastida->Archaeplastida->Eukaryota->cellular organisms->life" nexsonid "node725800"
pgloadind     taxon mapping OTT ID 790018 taxonomy "Hoya carnosa->Hoya->Marsdenieae->Asclepiadoideae->Apocynaceae->Gentianales->lamiids->asterids->Pentapetalae->Gunneridae->eudicotyledons->Mesangiospermae->Magnoliophyta->Spermatophyta->Euphyllophyta->Tracheophyta->Embryophyta->Streptophyta->Chloroplastida->Archaeplastida->Eukaryota->cellular organisms->life" nexsonid "node725801"
pgloadind     taxon mapping OTT ID 108305 taxonomy "Hoya retusa->Hoya->Marsdenieae->Asclepiadoideae->Apocynaceae->Gentianales->lamiids->asterids->Pentapetalae->Gunneridae->eudicotyledons->Mesangiospermae->Magnoliophyta->Spermatophyta->Euphyllophyta->Tracheophyta->Embryophyta->Streptophyta->Chloroplastida->Archaeplastida->Eukaryota->cellular organisms->life" nexsonid "node725802"
pgloadind     taxon mapping OTT ID 635379 taxonomy "Hoya kerrii->Hoya->Marsdenieae->Asclepiadoideae->Apocynaceae->Gentianales->lamiids->asterids->Pentapetalae->Gunneridae->eudicotyledons->Mesangiospermae->Magnoliophyta->Spermatophyta->Euphyllophyta->Tracheophyta->Embryophyta->Streptophyta->Chloroplastida->Archaeplastida->Eukaryota->cellular organisms->life" nexsonid "node725803"
pgloadind     taxon mapping OTT ID 629903 taxonomy "Hoya pauciflora->Hoya->Marsdenieae->Asclepiadoideae->Apocynaceae->Gentianales->lamiids->asterids->Pentapetalae->Gunneridae->eudicotyledons->Mesangiospermae->Magnoliophyta->Spermatophyta->Euphyllophyta->Tracheophyta->Embryophyta->Streptophyta->Chloroplastida->Archaeplastida->Eukaryota->cellular organisms->life" nexsonid "node725804"
pgloadind     taxon mapping OTT ID 833317 taxonomy "Hoya camphorifolia->Hoya->Marsdenieae->Asclepiadoideae->Apocynaceae->Gentianales->lamiids->asterids->Pentapetalae->Gunneridae->eudicotyledons->Mesangiospermae->Magnoliophyta->Spermatophyta->Euphyllophyta->Tracheophyta->Embryophyta->Streptophyta->Chloroplastida->Archaeplastida->Eukaryota->cellular organisms->life" nexsonid "node725807"
pgloadind     taxon mapping OTT ID 159091 taxonomy "Hoya cf. incrassata Chase 17136->Hoya->Marsdenieae->Asclepiadoideae->Apocynaceae->Gentianales->lamiids->asterids->Pentapetalae->Gunneridae->eudicotyledons->Mesangiospermae->Magnoliophyta->Spermatophyta->Euphyllophyta->Tracheophyta->Embryophyta->Streptophyta->Chloroplastida->Archaeplastida->Eukaryota->cellular organisms->life" nexsonid "node725808"
pgloadind     taxon mapping OTT ID 159092 taxonomy "Hoya darwinii->Hoya->Marsdenieae->Asclepiadoideae->Apocynaceae->Gentianales->lamiids->asterids->Pentapetalae->Gunneridae->eudicotyledons->Mesangiospermae->Magnoliophyta->Spermatophyta->Euphyllophyta->Tracheophyta->Embryophyta->Streptophyta->Chloroplastida->Archaeplastida->Eukaryota->cellular organisms->life" nexsonid "node725810"
pgloadind     taxon mapping OTT ID 629907 taxonomy "Hoya mitrata->Hoya->Marsdenieae->Asclepiadoideae->Apocynaceae->Gentianales->lamiids->asterids->Pentapetalae->Gunneridae->eudicotyledons->Mesangiospermae->Magnoliophyta->Spermatophyta->Euphyllophyta->Tracheophyta->Embryophyta->Streptophyta->Chloroplastida->Archaeplastida->Eukaryota->cellular organisms->life" nexsonid "node725811"
pgloadind     taxon mapping OTT ID 655110 taxonomy "Hoya curtisii->Hoya->Marsdenieae->Asclepiadoideae->Apocynaceae->Gentianales->lamiids->asterids->Pentapetalae->Gunneridae->eudicotyledons->Mesangiospermae->Magnoliophyta->Spermatophyta->Euphyllophyta->Tracheophyta->Embryophyta->Streptophyta->Chloroplastida->Archaeplastida->Eukaryota->cellular organisms->life" nexsonid "node725814"
pgloadind     taxon mapping OTT ID 108312 taxonomy "Hoya spartioides->Hoya->Marsdenieae->Asclepiadoideae->Apocynaceae->Gentianales->lamiids->asterids->Pentapetalae->Gunneridae->eudicotyledons->Mesangiospermae->Magnoliophyta->Spermatophyta->Euphyllophyta->Tracheophyta->Embryophyta->Streptophyta->Chloroplastida->Archaeplastida->Eukaryota->cellular organisms->life" nexsonid "node725815"
pgloadind     taxon mapping OTT ID 629918 taxonomy "Hoya imbricata->Hoya->Marsdenieae->Asclepiadoideae->Apocynaceae->Gentianales->lamiids->asterids->Pentapetalae->Gunneridae->eudicotyledons->Mesangiospermae->Magnoliophyta->Spermatophyta->Euphyllophyta->Tracheophyta->Embryophyta->Streptophyta->Chloroplastida->Archaeplastida->Eukaryota->cellular organisms->life" nexsonid "node725817"
pgloadind     taxon mapping OTT ID 159096 taxonomy "Hoya caudata->Hoya->Marsdenieae->Asclepiadoideae->Apocynaceae->Gentianales->lamiids->asterids->Pentapetalae->Gunneridae->eudicotyledons->Mesangiospermae->Magnoliophyta->Spermatophyta->Euphyllophyta->Tracheophyta->Embryophyta->Streptophyta->Chloroplastida->Archaeplastida->Eukaryota->cellular organisms->life" nexsonid "node725818"
pgloadind     taxon mapping OTT ID 629914 taxonomy "Hoya lacunosa->Hoya->Marsdenieae->Asclepiadoideae->Apocynaceae->Gentianales->lamiids->asterids->Pentapetalae->Gunneridae->eudicotyledons->Mesangiospermae->Magnoliophyta->Spermatophyta->Euphyllophyta->Tracheophyta->Embryophyta->Streptophyta->Chloroplastida->Archaeplastida->Eukaryota->cellular organisms->life" nexsonid "node725819"
pgloadind     taxon mapping OTT ID 108308 taxonomy "Hoya serpens->Hoya->Marsdenieae->Asclepiadoideae->Apocynaceae->Gentianales->lamiids->asterids->Pentapetalae->Gunneridae->eudicotyledons->Mesangiospermae->Magnoliophyta->Spermatophyta->Euphyllophyta->Tracheophyta->Embryophyta->Streptophyta->Chloroplastida->Archaeplastida->Eukaryota->cellular organisms->life" nexsonid "node725820"
pgloadind     taxon mapping OTT ID 702174 taxonomy "Micholitzia obcordata->Micholitzia->Marsdenieae->Asclepiadoideae->Apocynaceae->Gentianales->lamiids->asterids->Pentapetalae->Gunneridae->eudicotyledons->Mesangiospermae->Magnoliophyta->Spermatophyta->Euphyllophyta->Tracheophyta->Embryophyta->Streptophyta->Chloroplastida->Archaeplastida->Eukaryota->cellular organisms->life" nexsonid "node725821"
pgloadind     taxon mapping OTT ID 159083 taxonomy "Hoya edeni->Hoya->Marsdenieae->Asclepiadoideae->Apocynaceae->Gentianales->lamiids->asterids->Pentapetalae->Gunneridae->eudicotyledons->Mesangiospermae->Magnoliophyta->Spermatophyta->Euphyllophyta->Tracheophyta->Embryophyta->Streptophyta->Chloroplastida->Archaeplastida->Eukaryota->cellular organisms->life" nexsonid "node725841"
pgloadind     taxon mapping OTT ID 795320 taxonomy "Hoya affinis->Hoya->Marsdenieae->Asclepiadoideae->Apocynaceae->Gentianales->lamiids->asterids->Pentapetalae->Gunneridae->eudicotyledons->Mesangiospermae->Magnoliophyta->Spermatophyta->Euphyllophyta->Tracheophyta->Embryophyta->Streptophyta->Chloroplastida->Archaeplastida->Eukaryota->cellular organisms->life" nexsonid "node725844"
pgloadind     taxon mapping OTT ID 159094 taxonomy "Hoya ariadna->Hoya->Marsdenieae->Asclepiadoideae->Apocynaceae->Gentianales->lamiids->asterids->Pentapetalae->Gunneridae->eudicotyledons->Mesangiospermae->Magnoliophyta->Spermatophyta->Euphyllophyta->Tracheophyta->Embryophyta->Streptophyta->Chloroplastida->Archaeplastida->Eukaryota->cellular organisms->life" nexsonid "node725845"
pgloadind     taxon mapping OTT ID 159089 taxonomy "Hoya ciliata->Hoya->Marsdenieae->Asclepiadoideae->Apocynaceae->Gentianales->lamiids->asterids->Pentapetalae->Gunneridae->eudicotyledons->Mesangiospermae->Magnoliophyta->Spermatophyta->Euphyllophyta->Tracheophyta->Embryophyta->Streptophyta->Chloroplastida->Archaeplastida->Eukaryota->cellular organisms->life" nexsonid "node725846"
pgloadind     taxon mapping OTT ID 108314 taxonomy "Hoya telosmoides->Hoya->Marsdenieae->Asclepiadoideae->Apocynaceae->Gentianales->lamiids->asterids->Pentapetalae->Gunneridae->eudicotyledons->Mesangiospermae->Magnoliophyta->Spermatophyta->Euphyllophyta->Tracheophyta->Embryophyta->Streptophyta->Chloroplastida->Archaeplastida->Eukaryota->cellular organisms->life" nexsonid "node725847"
pgloadind     taxon mapping OTT ID 1077066 taxonomy "Hoya multiflora->Hoya->Marsdenieae->Asclepiadoideae->Apocynaceae->Gentianales->lamiids->asterids->Pentapetalae->Gunneridae->eudicotyledons->Mesangiospermae->Magnoliophyta->Spermatophyta->Euphyllophyta->Tracheophyta->Embryophyta->Streptophyta->Chloroplastida->Archaeplastida->Eukaryota->cellular organisms->life" nexsonid "node725848"
pgloadind     taxon mapping OTT ID 178865 taxonomy "Hoya australis->Hoya->Marsdenieae->Asclepiadoideae->Apocynaceae->Gentianales->lamiids->asterids->Pentapetalae->Gunneridae->eudicotyledons->Mesangiospermae->Magnoliophyta->Spermatophyta->Euphyllophyta->Tracheophyta->Embryophyta->Streptophyta->Chloroplastida->Archaeplastida->Eukaryota->cellular organisms->life" nexsonid "node725825"
pgloadind     taxon mapping OTT ID 682484 taxonomy "Hoya albiflora->Hoya->Marsdenieae->Asclepiadoideae->Apocynaceae->Gentianales->lamiids->asterids->Pentapetalae->Gunneridae->eudicotyledons->Mesangiospermae->Magnoliophyta->Spermatophyta->Euphyllophyta->Tracheophyta->Embryophyta->Streptophyta->Chloroplastida->Archaeplastida->Eukaryota->cellular organisms->life" nexsonid "node725828"
pgloadind     taxon mapping OTT ID 159081 taxonomy "Hoya hypolasia->Hoya->Marsdenieae->Asclepiadoideae->Apocynaceae->Gentianales->lamiids->asterids->Pentapetalae->Gunneridae->eudicotyledons->Mesangiospermae->Magnoliophyta->Spermatophyta->Euphyllophyta->Tracheophyta->Embryophyta->Streptophyta->Chloroplastida->Archaeplastida->Eukaryota->cellular organisms->life" nexsonid "node725830"
pgloadind     taxon mapping OTT ID 108303 taxonomy "Madangia inflata->Madangia->Marsdenieae->Asclepiadoideae->Apocynaceae->Gentianales->lamiids->asterids->Pentapetalae->Gunneridae->eudicotyledons->Mesangiospermae->Magnoliophyta->Spermatophyta->Euphyllophyta->Tracheophyta->Embryophyta->Streptophyta->Chloroplastida->Archaeplastida->Eukaryota->cellular organisms->life" nexsonid "node725831"
pgloadind     taxon mapping OTT ID 629911 taxonomy "Hoya macgillivrayi->Hoya->Marsdenieae->Asclepiadoideae->Apocynaceae->Gentianales->lamiids->asterids->Pentapetalae->Gunneridae->eudicotyledons->Mesangiospermae->Magnoliophyta->Spermatophyta->Euphyllophyta->Tracheophyta->Embryophyta->Streptophyta->Chloroplastida->Archaeplastida->Eukaryota->cellular organisms->life" nexsonid "node725832"
pgloadind     taxon mapping OTT ID 629905 taxonomy "Hoya patella->Hoya->Marsdenieae->Asclepiadoideae->Apocynaceae->Gentianales->lamiids->asterids->Pentapetalae->Gunneridae->eudicotyledons->Mesangiospermae->Magnoliophyta->Spermatophyta->Euphyllophyta->Tracheophyta->Embryophyta->Streptophyta->Chloroplastida->Archaeplastida->Eukaryota->cellular organisms->life" nexsonid "node725833"
pgloadind     taxon mapping OTT ID 108318 taxonomy "Hoya venusta->Hoya->Marsdenieae->Asclepiadoideae->Apocynaceae->Gentianales->lamiids->asterids->Pentapetalae->Gunneridae->eudicotyledons->Mesangiospermae->Magnoliophyta->Spermatophyta->Euphyllophyta->Tracheophyta->Embryophyta->Streptophyta->Chloroplastida->Archaeplastida->Eukaryota->cellular organisms->life" nexsonid "node725834"
done fixing name
pgloadind Finished with attempts to fix names
pgloadind   Checking for uniqueness of OTT IDs tree id "3862"
pgloadind   Adding tree to graph tree id "3862"
all trees have all taxa: false
	using bipartition technique
attempting to remap tips to deepest exemplified taxa
	Madangia inflata was remapped to 'Madangia' (id=2636597)
	Micholitzia obcordata was remapped to 'Micholitzia' (id=2636832)
this is the ROOT
placing root in index
Dealing with metadata property: id
Dealing with metadata property: ot:studyPublicationReference
Adding property 'ot:studyPublicationReference': Wanntorp L., Kocyan A., & Renner S. 2006. Wax Plants Disentangled: A Phylogeny of Hoya (Asclepioideae, Apocynaceae) Inferred from Nuclear and Chloroplast Sequences. Molecular phylogenetics and evolution, 39(3), 722-733.
Dealing with metadata property: ot:focalCladeOTTTaxonName
Adding property 'ot:focalCladeOTTTaxonName': Hoya
Dealing with metadata property: ot:studyYear
Adding property 'ot:studyYear': 2006
Dealing with metadata property: ot:inGroupClade
Adding property 'ot:inGroupClade': node725784
Dealing with metadata property: ot:curatorName
Adding property 'ot:curatorName': William Wysocki
Dealing with metadata property: ot:studyPublication
Adding property 'ot:studyPublication': http://dx.doi.org/10.1016/j.ympev.2006.01.022
Dealing with metadata property: ot:focalClade
Adding property 'ot:focalClade': 225992
Dealing with metadata property: ot:curatedType
Adding property 'ot:curatedType': Fig. 5
Dealing with metadata property: ot:studyId
Adding property 'ot:studyId': 43
Dealing with metadata property: ot:dataDeposit
Adding property 'ot:dataDeposit': http://purl.org/phylo/treebase/phylows/study/TB2:S1476
Committing nodes: 56
