pgloadind OTUs number 22
pgloadind Processing tree @id "1271"
pgloadind   tree info number nodes 17
pgloadind   tree info number edges 16
pgloadind   tree info ingroup "node433955"
pgloadind   Setting ingroup root node.
pgloadind   Ingested tree number of external nodes 8
pgloadind   property added ot:studyPublicationReference "Wagstaff, S. J., & Hennion, F. 2007. Evolution and biogeography of Lyallia and Hectorella (Portulacaceae), geographically isolated sisters from the Southern Hemisphere. Antarc. Sci. 2007, 1-10."
pgloadind   property added ot:studyPublication "http://dx.doi.org/10.1017/S0954102007000648"
pgloadind   property added ot:curatorName "bryan drew"
pgloadind   property added ot:studyId "706"
pgloadind   property added ot:studyYear "2007"
pgloadind   property added ot:focalClade "2152064"
pgloadind   property added ot:focalCladeOTTTaxonName "Portulacaceae"
pgloadind   property added ot:inGroupClade "node433955"
pgloadind   property added ot:curatedType "MP"
pgloadind Processing tree @id "1272"
pgloadind   tree info number nodes 33
pgloadind   tree info number edges 32
pgloadind   tree info ingroup "node433972"
pgloadind   Setting ingroup root node.
pgloadind   Ingested tree number of external nodes 16
pgloadind   property added ot:studyPublicationReference "Wagstaff, S. J., & Hennion, F. 2007. Evolution and biogeography of Lyallia and Hectorella (Portulacaceae), geographically isolated sisters from the Southern Hemisphere. Antarc. Sci. 2007, 1-10."
pgloadind   property added ot:studyPublication "http://dx.doi.org/10.1017/S0954102007000648"
pgloadind   property added ot:curatorName "bryan drew"
pgloadind   property added ot:studyId "706"
pgloadind   property added ot:studyYear "2007"
pgloadind   property added ot:focalClade "2152064"
pgloadind   property added ot:focalCladeOTTTaxonName "Portulacaceae"
pgloadind   property added ot:branchLengthMode "ot:substitutionCount"
pgloadind   property added ot:inGroupClade "node433972"
pgloadind   property added ot:curatedType "ML"
loading a specific tree: 1272
skipping tree: 1271
pgloadind conducting TNRS on trees
pgloadind   name fixing on tree tree id "1272"
pgloadind   all nodes have ottIds
pgloadind   postpruning newick tree "(((Anacampseros_vulcanensis,Grahamia_bracteata),Portulaca_oleracea),(((Lyallia_kerguelensis,Hectorella_caespitosa),((((Claytonia_perfoliata,Claytonia_sibirica_var_sibirica),(Claytonia_lanceolata,Claytonia_virginica)),((Montia_racemosa,Montia_erythrophylla),(Montia_parvifolia,Montia_fontana))),(Lewisia_columbiana,Lewisia_rediviva))),Calandrinia_ciliata))"
pgloadind   taxon mapping summary
pgloadind     taxon mapping OTT ID 9799 taxonomy "Anacampseros vulcanensis->Anacampseros->Anacampserotaceae->Cactineae->Caryophyllales->Pentapetalae->Gunneridae->eudicotyledons->Mesangiospermae->Magnoliophyta->Spermatophyta->Euphyllophyta->Tracheophyta->Embryophyta->Streptophytina->Streptophyta->Chloroplastida->Archaeplastida->Eukaryota->cellular organisms->life" nexsonid "node433975"
pgloadind     taxon mapping OTT ID 433092 taxonomy "Grahamia bracteata->Grahamia->Anacampserotaceae->Cactineae->Caryophyllales->Pentapetalae->Gunneridae->eudicotyledons->Mesangiospermae->Magnoliophyta->Spermatophyta->Euphyllophyta->Tracheophyta->Embryophyta->Streptophytina->Streptophyta->Chloroplastida->Archaeplastida->Eukaryota->cellular organisms->life" nexsonid "node433976"
pgloadind     taxon mapping OTT ID 883494 taxonomy "Portulaca oleracea->Portulaca->Portulacaceae->Cactineae->Caryophyllales->Pentapetalae->Gunneridae->eudicotyledons->Mesangiospermae->Magnoliophyta->Spermatophyta->Euphyllophyta->Tracheophyta->Embryophyta->Streptophytina->Streptophyta->Chloroplastida->Archaeplastida->Eukaryota->cellular organisms->life" nexsonid "node433977"
pgloadind     taxon mapping OTT ID 529707 taxonomy "Lyallia kerguelensis->Lyallia->Montiaceae->Cactineae->Caryophyllales->Pentapetalae->Gunneridae->eudicotyledons->Mesangiospermae->Magnoliophyta->Spermatophyta->Euphyllophyta->Tracheophyta->Embryophyta->Streptophytina->Streptophyta->Chloroplastida->Archaeplastida->Eukaryota->cellular organisms->life" nexsonid "node433981"
pgloadind     taxon mapping OTT ID 274410 taxonomy "Hectorella caespitosa->Hectorella->Montiaceae->Cactineae->Caryophyllales->Pentapetalae->Gunneridae->eudicotyledons->Mesangiospermae->Magnoliophyta->Spermatophyta->Euphyllophyta->Tracheophyta->Embryophyta->Streptophytina->Streptophyta->Chloroplastida->Archaeplastida->Eukaryota->cellular organisms->life" nexsonid "node433982"
pgloadind     taxon mapping OTT ID 883489 taxonomy "Claytonia perfoliata->Claytonia->Montiaceae->Cactineae->Caryophyllales->Pentapetalae->Gunneridae->eudicotyledons->Mesangiospermae->Magnoliophyta->Spermatophyta->Euphyllophyta->Tracheophyta->Embryophyta->Streptophytina->Streptophyta->Chloroplastida->Archaeplastida->Eukaryota->cellular organisms->life" nexsonid "node433987"
pgloadind     taxon mapping OTT ID 420707 taxonomy "Claytonia sibirica var. sibirica->Claytonia sibirica->Claytonia->Montiaceae->Cactineae->Caryophyllales->Pentapetalae->Gunneridae->eudicotyledons->Mesangiospermae->Magnoliophyta->Spermatophyta->Euphyllophyta->Tracheophyta->Embryophyta->Streptophytina->Streptophyta->Chloroplastida->Archaeplastida->Eukaryota->cellular organisms->life" nexsonid "node433988"
pgloadind     taxon mapping OTT ID 183596 taxonomy "Claytonia lanceolata->Claytonia->Montiaceae->Cactineae->Caryophyllales->Pentapetalae->Gunneridae->eudicotyledons->Mesangiospermae->Magnoliophyta->Spermatophyta->Euphyllophyta->Tracheophyta->Embryophyta->Streptophytina->Streptophyta->Chloroplastida->Archaeplastida->Eukaryota->cellular organisms->life" nexsonid "node433990"
pgloadind     taxon mapping OTT ID 115791 taxonomy "Claytonia virginica->Claytonia->Montiaceae->Cactineae->Caryophyllales->Pentapetalae->Gunneridae->eudicotyledons->Mesangiospermae->Magnoliophyta->Spermatophyta->Euphyllophyta->Tracheophyta->Embryophyta->Streptophytina->Streptophyta->Chloroplastida->Archaeplastida->Eukaryota->cellular organisms->life" nexsonid "node433991"
pgloadind     taxon mapping OTT ID 370579 taxonomy "Montia racemosa->Montia->Montiaceae->Cactineae->Caryophyllales->Pentapetalae->Gunneridae->eudicotyledons->Mesangiospermae->Magnoliophyta->Spermatophyta->Euphyllophyta->Tracheophyta->Embryophyta->Streptophytina->Streptophyta->Chloroplastida->Archaeplastida->Eukaryota->cellular organisms->life" nexsonid "node433994"
pgloadind     taxon mapping OTT ID 895792 taxonomy "Montia erythrophylla->Montia->Montiaceae->Cactineae->Caryophyllales->Pentapetalae->Gunneridae->eudicotyledons->Mesangiospermae->Magnoliophyta->Spermatophyta->Euphyllophyta->Tracheophyta->Embryophyta->Streptophytina->Streptophyta->Chloroplastida->Archaeplastida->Eukaryota->cellular organisms->life" nexsonid "node433995"
pgloadind     taxon mapping OTT ID 753765 taxonomy "Montia parvifolia->Montia->Montiaceae->Cactineae->Caryophyllales->Pentapetalae->Gunneridae->eudicotyledons->Mesangiospermae->Magnoliophyta->Spermatophyta->Euphyllophyta->Tracheophyta->Embryophyta->Streptophytina->Streptophyta->Chloroplastida->Archaeplastida->Eukaryota->cellular organisms->life" nexsonid "node433997"
pgloadind     taxon mapping OTT ID 895786 taxonomy "Montia fontana->Montia->Montiaceae->Cactineae->Caryophyllales->Pentapetalae->Gunneridae->eudicotyledons->Mesangiospermae->Magnoliophyta->Spermatophyta->Euphyllophyta->Tracheophyta->Embryophyta->Streptophytina->Streptophyta->Chloroplastida->Archaeplastida->Eukaryota->cellular organisms->life" nexsonid "node433998"
pgloadind     taxon mapping OTT ID 995528 taxonomy "Lewisia columbiana->Lewisia->Montiaceae->Cactineae->Caryophyllales->Pentapetalae->Gunneridae->eudicotyledons->Mesangiospermae->Magnoliophyta->Spermatophyta->Euphyllophyta->Tracheophyta->Embryophyta->Streptophytina->Streptophyta->Chloroplastida->Archaeplastida->Eukaryota->cellular organisms->life" nexsonid "node434000"
pgloadind     taxon mapping OTT ID 670879 taxonomy "Lewisia rediviva->Lewisia->Montiaceae->Cactineae->Caryophyllales->Pentapetalae->Gunneridae->eudicotyledons->Mesangiospermae->Magnoliophyta->Spermatophyta->Euphyllophyta->Tracheophyta->Embryophyta->Streptophytina->Streptophyta->Chloroplastida->Archaeplastida->Eukaryota->cellular organisms->life" nexsonid "node434001"
pgloadind     taxon mapping OTT ID 883497 taxonomy "Calandrinia ciliata->Calandrinia->Montiaceae->Cactineae->Caryophyllales->Pentapetalae->Gunneridae->eudicotyledons->Mesangiospermae->Magnoliophyta->Spermatophyta->Euphyllophyta->Tracheophyta->Embryophyta->Streptophytina->Streptophyta->Chloroplastida->Archaeplastida->Eukaryota->cellular organisms->life" nexsonid "node434002"
done fixing name
pgloadind Finished with attempts to fix names
pgloadind   Checking for uniqueness of OTT IDs tree id "1272"
pgloadind   Adding tree to graph tree id "1272"
all trees have all taxa: false
	using bipartition technique
attempting to remap tips to deepest exemplified taxa
	Anacampseros vulcanensis was remapped to 'Anacampseros' (id=2529789)
	Lyallia kerguelensis was remapped to 'Lyallia' (id=2530020)
	Portulaca oleracea was remapped to 'Portulacaceae' (id=2527193)
	Calandrinia ciliata was remapped to 'Calandrinia' (id=2530234)
	Claytonia sibirica var. sibirica was remapped to 'Claytonia sibirica' (id=2530165)
	Hectorella caespitosa was remapped to 'Hectorella' (id=2529979)
	Grahamia bracteata was remapped to 'Grahamia' (id=2529860)
this is the ROOT
placing root in index
Dealing with metadata property: id
Dealing with metadata property: ot:studyPublicationReference
Adding property 'ot:studyPublicationReference': Wagstaff, S. J., & Hennion, F. 2007. Evolution and biogeography of Lyallia and Hectorella (Portulacaceae), geographically isolated sisters from the Southern Hemisphere. Antarc. Sci. 2007, 1-10.
Dealing with metadata property: ot:focalCladeOTTTaxonName
Adding property 'ot:focalCladeOTTTaxonName': Portulacaceae
Dealing with metadata property: ot:studyYear
Adding property 'ot:studyYear': 2007
Dealing with metadata property: ot:inGroupClade
Adding property 'ot:inGroupClade': node433972
Dealing with metadata property: ot:branchLengthMode
Adding property 'ot:branchLengthMode': ot:substitutionCount
Dealing with metadata property: ot:curatorName
Adding property 'ot:curatorName': bryan drew
Dealing with metadata property: ot:studyPublication
Adding property 'ot:studyPublication': http://dx.doi.org/10.1017/S0954102007000648
Dealing with metadata property: ot:focalClade
Adding property 'ot:focalClade': 2152064
Dealing with metadata property: ot:curatedType
Adding property 'ot:curatedType': ML
Dealing with metadata property: ot:studyId
Adding property 'ot:studyId': 706
Committing nodes: 31
{2527190}
2530076
2530093
2530116
2530129
2530157
2530205
2530223
2530351
2530372
2527193
2529789
	adding Node[2529789] Anacampseros 179626 as compatible with Node[2529789]
		adding Relationship[8257226]
2529860
	adding Node[2529860] Grahamia 433111 as compatible with Node[2529860]
		adding Relationship[8257227]
2529979
2530020
2530165
2530234
[Node[2529789], Node[2529788], Node[2529860]]
	Node[2529789]
		adding Relationship[8257228] from Node[2529789] to Node[2529788]
	Node[2529788]
	Node[2529860]
		adding Relationship[8257229] from Node[2529860] to Node[2529788]
