pgloadind OTUs number 132
pgloadind Processing tree @id "1302"
pgloadind   tree info number nodes 239
pgloadind   tree info number edges 238
pgloadind   tree info ingroup "node437706"
pgloadind   Setting ingroup root node.
pgloadind   Ingested tree number of external nodes 127
pgloadind   property added ot:studyPublicationReference "Xiang, X.-G., Li, D.-Z., Jin, W.-T., Zhou, H.-L., Li, J.-W., & Jin, X.-H. 2012. Phylogenetic placement of the enigmatic orchid genera Thaia and Tangtsinia: Evidence from molecular and morphological characters. Taxon 61: 45-54."
pgloadind   property added ot:curatorName "Jiabin Deng"
pgloadind   property added ot:studyId "726"
pgloadind   property added ot:studyYear "2012"
pgloadind   property added ot:focalClade "2040879"
pgloadind   property added ot:tag "cpDNA & nrDNA"
pgloadind   property added ot:tag "ingroup added;"
pgloadind   property added ot:inGroupClade "node437706"
loading a specific tree: 1302
pgloadind conducting TNRS on trees
pgloadind   name fixing on tree tree id "1302"
pgloadind   all nodes have ottIds
pgloadind     OTT ID not in database (probably dubious)
pgloadind       dubious name "Thaia saprophytica" nexsonid "node437729"
pgloadind       dubious OTT ID 970662
pgloadind     OTT ID not in database (probably dubious)
pgloadind       dubious name "Bulbophyllum lobbii" nexsonid "node437735"
pgloadind       dubious OTT ID 389402
pgloadind     OTT ID not in database (probably dubious)
pgloadind       dubious name "Cadetia taylori" nexsonid "node437737"
pgloadind       dubious OTT ID 609014
pgloadind     OTT ID not in database (probably dubious)
pgloadind       dubious name "Dendrobium fimbriatum" nexsonid "node437738"
pgloadind       dubious OTT ID 351050
pgloadind     OTT ID not in database (probably dubious)
pgloadind       dubious name "Earina autumnalis" nexsonid "node437744"
pgloadind       dubious OTT ID 478895
pgloadind     OTT ID not in database (probably dubious)
pgloadind       dubious name "Odontoglossum sanguineum" nexsonid "node437826"
pgloadind       dubious OTT ID 220110
pgloadind     OTT ID not in database (probably dubious)
pgloadind       dubious name "Calanthe discolor" nexsonid "node437929"
pgloadind       dubious OTT ID 809338
pgloadind     OTT ID not in database (probably dubious)
pgloadind       dubious name "Phaius minor" nexsonid "node437930"
pgloadind       dubious OTT ID 862852
pgloadind     OTT ID not in database (probably dubious)
pgloadind       dubious name "Acanthephippium mantinianum" nexsonid "node437932"
pgloadind       dubious OTT ID 209840
pgloadind     OTT ID not in database (probably dubious)
pgloadind       dubious name "Nephelaphyllum" nexsonid "node437933"
pgloadind       dubious OTT ID 980622
pgloadind     OTT ID not in database (probably dubious)
pgloadind       dubious name "Spathoglottis pacifica" nexsonid "node437934"
pgloadind       dubious OTT ID 292993
pgloadind     pruning dups and overlapping name "Dendrobium fimbriatum" nexsonid "node437738"
pgloadind     pruning dups and overlapping name "Thaia saprophytica" nexsonid "node437729"
pgloadind     pruning dups and overlapping name "Cadetia taylori" nexsonid "node437737"
pgloadind     pruning dups and overlapping name "Nephelaphyllum" nexsonid "node437933"
pgloadind     pruning dups and overlapping name "Earina autumnalis" nexsonid "node437744"
pgloadind     pruning dups and overlapping name "Acanthephippium mantinianum" nexsonid "node437932"
pgloadind     pruning dups and overlapping name "Phaius minor" nexsonid "node437930"
pgloadind     pruning dups and overlapping name "Bulbophyllum lobbii" nexsonid "node437735"
pgloadind     pruning dups and overlapping name "Spathoglottis pacifica" nexsonid "node437934"
pgloadind     pruning dups and overlapping name "Calanthe discolor" nexsonid "node437929"
pgloadind     pruning dups and overlapping name "Odontoglossum sanguineum" nexsonid "node437826"
pgloadind   postpruning newick tree "((Palmorchis_trilobulata,((Cephalanthera_damasonium,Tangtsinia_nanchuanica),(Epipactis_fageticola,(Listera_smallii,Neottia_nidus-avis)))),(Monophyllorchis,Tropidia,(Elleanthus,Sobralia_macrantha),((Nervilia_bicarinata,Xerorchis_amazonica),(((Calypso_bulbosa,Tipularia_discolor),Malaxis_spicata),(Aplectrum_hyemale,(((((Huntleya_heteroclita,((Lycomormium_squalidum,(Houlletia_sanderi,Stanhopea_ecornuta,(Acineta_chrysantha,Kegeliella_kupperi))),(Lycaste_cruenta,(Bifrenaria_harrisoniae,Rudolfiella)))),(((Caucaea_phalaenopsis,Otoglossum_harlingii,Vitekorchis_excavata,(Miltonia_regnellii,(Aspasia_lunata,Brassia_arcuigera,(Brachtia_andina,Mesospinidium_horichii),(Cischweinfia_dasyandra,(Oliveriana_brevilabia,Systeloglossum_acuminatum)))),(Rhynchostele_londesboroughiana,(Gomesa_gomezoides,(Plectrophora_cultrifolia,(Zelenkoa_onusta,(Capanemia_superflua,Solenidium_portillae),((Nohawilliamsia_orthostates,(Leochilus_inconspicuus,(((Comparettia_falcata,Ionopsis_minutiflora),(Hirtzia_benzingii,Pterostemma_antioquiense)),(Polyotidium_huebneri,Rodriguezia_batemanii,Sutrina_garayi,Trizeuxis_falcata,((Macradenia_rubescens,Schunkea_vierlingii,Seegeriella_pinifolia),(Macroclinium,Notylia_ecuadorensis,Warmingia_zamorana)))))),(Notyliopsis_beatricis,Tolumnia_calochila))))),Oncidium_harryanum)),(Rossioglossum_ampliatum,(((Phymatidium_falcifolium,(Zygostates_apiculata,(Chytroglossa_marileoniae,(Hintonella_mexicana,Ornithocephalus_dressleri)))),(Hofmeisterella_eumicroscopica,(Trichoceros_antennifer,(Stellilabium_pogonostalix_Rchb_f_Garay_Dunst_,Telipogon_obovatus)))),(Raycadenco_ecuadorensis,(Fernandezia_ionanthera,Pachyphyllum_crystallinum)))),(Lockhartia_micrantha,(Grandiphyllum_auriculum,(Saundersia_paniculata,Trichocentrum_lindenii)))),(Psychopsis_sanderae,(Helcia_brevis,Trichopilia_fragrans)))),(Galeandra_devoniana,(Catasetum_expansum,Dressleria))),(Cymbidium_eburneum,Thecostele_alata)),(Polystachya_pubescens,(((Aerangis_stelligera,Diaphananthe_rutila),(Aeranthes_ramosa,Angraecum_sesquipedale)),(Neofinetia_falcata,Phalaenopsis_aphrodite)))),(Arethusa_bulbosa,Arundina_graminifolia,(Bletilla_striata,Thunia_alba,(Glomera,(Coelogyne_cristata,Dendrochilum_cobbianum)))),(Coelia_macrostachya,(((Arpophyllum_giganteum,((Cattleya_dowiana,(Epidendrum_campestre,Meiracyllium_trinasutum)),(Prosthechea_abbreviata,Pseudolaelia_vellozicola))),(Dilomilis_montana,(Masdevallia_uniflora,Pleurothallis_ruscifolia))),(Bletia_catenulata,Chysis_bractescens))),(Phreatia,(Podochilus_cultratus,(Eria_ferruginea,Trichotosia_ferox))))))))"
pgloadind   taxon mapping summary
pgloadind     taxon mapping OTT ID 128530 taxonomy "Palmorchis trilobulata->Palmorchis->Neottieae->Epidendroideae->Orchidaceae->Asparagales->Petrosaviidae->Liliopsida->Mesangiospermae->Magnoliophyta->Spermatophyta->Euphyllophyta->Tracheophyta->Embryophyta->Streptophytina->Streptophyta->Chloroplastida->Archaeplastida->Eukaryota->cellular organisms->life" nexsonid "node437708"
pgloadind     taxon mapping OTT ID 915024 taxonomy "Cephalanthera damasonium->Cephalanthera->Neottieae->Epidendroideae->Orchidaceae->Asparagales->Petrosaviidae->Liliopsida->Mesangiospermae->Magnoliophyta->Spermatophyta->Euphyllophyta->Tracheophyta->Embryophyta->Streptophytina->Streptophyta->Chloroplastida->Archaeplastida->Eukaryota->cellular organisms->life" nexsonid "node437711"
pgloadind     taxon mapping OTT ID 1000716 taxonomy "Cephalanthera nanchuanica->Cephalanthera->Neottieae->Epidendroideae->Orchidaceae->Asparagales->Petrosaviidae->Liliopsida->Mesangiospermae->Magnoliophyta->Spermatophyta->Euphyllophyta->Tracheophyta->Embryophyta->Streptophytina->Streptophyta->Chloroplastida->Archaeplastida->Eukaryota->cellular organisms->life" nexsonid "node437712"
pgloadind     taxon mapping OTT ID 443494 taxonomy "Epipactis fageticola->Epipactis->Neottieae->Epidendroideae->Orchidaceae->Asparagales->Petrosaviidae->Liliopsida->Mesangiospermae->Magnoliophyta->Spermatophyta->Euphyllophyta->Tracheophyta->Embryophyta->Streptophytina->Streptophyta->Chloroplastida->Archaeplastida->Eukaryota->cellular organisms->life" nexsonid "node437714"
pgloadind     taxon mapping OTT ID 712365 taxonomy "Listera smallii->Listera->Neottieae->Epidendroideae->Orchidaceae->Asparagales->Petrosaviidae->Liliopsida->Mesangiospermae->Magnoliophyta->Spermatophyta->Euphyllophyta->Tracheophyta->Embryophyta->Streptophytina->Streptophyta->Chloroplastida->Archaeplastida->Eukaryota->cellular organisms->life" nexsonid "node437716"
pgloadind     taxon mapping OTT ID 875517 taxonomy "Neottia nidus-avis->Neottia->Neottieae->Epidendroideae->Orchidaceae->Asparagales->Petrosaviidae->Liliopsida->Mesangiospermae->Magnoliophyta->Spermatophyta->Euphyllophyta->Tracheophyta->Embryophyta->Streptophytina->Streptophyta->Chloroplastida->Archaeplastida->Eukaryota->cellular organisms->life" nexsonid "node437717"
pgloadind     taxon mapping OTT ID 699927 taxonomy "Monophyllorchis->Triphoreae->Epidendroideae->Orchidaceae->Asparagales->Petrosaviidae->Liliopsida->Mesangiospermae->Magnoliophyta->Spermatophyta->Euphyllophyta->Tracheophyta->Embryophyta->Streptophytina->Streptophyta->Chloroplastida->Archaeplastida->Eukaryota->cellular organisms->life" nexsonid "node437719"
pgloadind     taxon mapping OTT ID 699915 taxonomy "Tropidia->Tropidieae->Epidendroideae->Orchidaceae->Asparagales->Petrosaviidae->Liliopsida->Mesangiospermae->Magnoliophyta->Spermatophyta->Euphyllophyta->Tracheophyta->Embryophyta->Streptophytina->Streptophyta->Chloroplastida->Archaeplastida->Eukaryota->cellular organisms->life" nexsonid "node437720"
pgloadind     taxon mapping OTT ID 176733 taxonomy "Elleanthus->Sobralieae->Epidendroideae->Orchidaceae->Asparagales->Petrosaviidae->Liliopsida->Mesangiospermae->Magnoliophyta->Spermatophyta->Euphyllophyta->Tracheophyta->Embryophyta->Streptophytina->Streptophyta->Chloroplastida->Archaeplastida->Eukaryota->cellular organisms->life" nexsonid "node437722"
pgloadind     taxon mapping OTT ID 280970 taxonomy "Sobralia macrantha->Sobralia->Sobralieae->Epidendroideae->Orchidaceae->Asparagales->Petrosaviidae->Liliopsida->Mesangiospermae->Magnoliophyta->Spermatophyta->Euphyllophyta->Tracheophyta->Embryophyta->Streptophytina->Streptophyta->Chloroplastida->Archaeplastida->Eukaryota->cellular organisms->life" nexsonid "node437723"
pgloadind     taxon mapping OTT ID 753614 taxonomy "Nervilia bicarinata->Nervilia->Nervilieae->Epidendroideae->Orchidaceae->Asparagales->Petrosaviidae->Liliopsida->Mesangiospermae->Magnoliophyta->Spermatophyta->Euphyllophyta->Tracheophyta->Embryophyta->Streptophytina->Streptophyta->Chloroplastida->Archaeplastida->Eukaryota->cellular organisms->life" nexsonid "node437726"
pgloadind     taxon mapping OTT ID 855543 taxonomy "Xerorchis amazonica->Xerorchis->Nervilieae->Epidendroideae->Orchidaceae->Asparagales->Petrosaviidae->Liliopsida->Mesangiospermae->Magnoliophyta->Spermatophyta->Euphyllophyta->Tracheophyta->Embryophyta->Streptophytina->Streptophyta->Chloroplastida->Archaeplastida->Eukaryota->cellular organisms->life" nexsonid "node437727"
pgloadind     taxon mapping OTT ID 915007 taxonomy "Calypso bulbosa->Calypso->Calypsoae->Epidendroideae->Orchidaceae->Asparagales->Petrosaviidae->Liliopsida->Mesangiospermae->Magnoliophyta->Spermatophyta->Euphyllophyta->Tracheophyta->Embryophyta->Streptophytina->Streptophyta->Chloroplastida->Archaeplastida->Eukaryota->cellular organisms->life" nexsonid "node437740"
pgloadind     taxon mapping OTT ID 767475 taxonomy "Tipularia discolor->Tipularia->Calypsoae->Epidendroideae->Orchidaceae->Asparagales->Petrosaviidae->Liliopsida->Mesangiospermae->Magnoliophyta->Spermatophyta->Euphyllophyta->Tracheophyta->Embryophyta->Streptophytina->Streptophyta->Chloroplastida->Archaeplastida->Eukaryota->cellular organisms->life" nexsonid "node437741"
pgloadind     taxon mapping OTT ID 179403 taxonomy "Malaxis spicata->Malaxis->Malaxideae->Epidendroideae->Orchidaceae->Asparagales->Petrosaviidae->Liliopsida->Mesangiospermae->Magnoliophyta->Spermatophyta->Euphyllophyta->Tracheophyta->Embryophyta->Streptophytina->Streptophyta->Chloroplastida->Archaeplastida->Eukaryota->cellular organisms->life" nexsonid "node437733"
pgloadind     taxon mapping OTT ID 300576 taxonomy "Aplectrum hyemale->Aplectrum->Calypsoae->Epidendroideae->Orchidaceae->Asparagales->Petrosaviidae->Liliopsida->Mesangiospermae->Magnoliophyta->Spermatophyta->Euphyllophyta->Tracheophyta->Embryophyta->Streptophytina->Streptophyta->Chloroplastida->Archaeplastida->Eukaryota->cellular organisms->life" nexsonid "node437743"
pgloadind     taxon mapping OTT ID 188857 taxonomy "Huntleya heteroclita->Huntleya->Zygopetalinae->Maxillarieae->Epidendroideae->Orchidaceae->Asparagales->Petrosaviidae->Liliopsida->Mesangiospermae->Magnoliophyta->Spermatophyta->Euphyllophyta->Tracheophyta->Embryophyta->Streptophytina->Streptophyta->Chloroplastida->Archaeplastida->Eukaryota->cellular organisms->life" nexsonid "node437750"
pgloadind     taxon mapping OTT ID 712354 taxonomy "Lycomormium squalidum->Lycomormium->Coeliopsidinae->Maxillarieae->Epidendroideae->Orchidaceae->Asparagales->Petrosaviidae->Liliopsida->Mesangiospermae->Magnoliophyta->Spermatophyta->Euphyllophyta->Tracheophyta->Embryophyta->Streptophytina->Streptophyta->Chloroplastida->Archaeplastida->Eukaryota->cellular organisms->life" nexsonid "node437753"
pgloadind     taxon mapping OTT ID 188854 taxonomy "Houlletia sanderi->Houlletia->Stanhopeinae->Maxillarieae->Epidendroideae->Orchidaceae->Asparagales->Petrosaviidae->Liliopsida->Mesangiospermae->Magnoliophyta->Spermatophyta->Euphyllophyta->Tracheophyta->Embryophyta->Streptophytina->Streptophyta->Chloroplastida->Archaeplastida->Eukaryota->cellular organisms->life" nexsonid "node437755"
pgloadind     taxon mapping OTT ID 280968 taxonomy "Stanhopea ecornuta->Stanhopea->Stanhopeinae->Maxillarieae->Epidendroideae->Orchidaceae->Asparagales->Petrosaviidae->Liliopsida->Mesangiospermae->Magnoliophyta->Spermatophyta->Euphyllophyta->Tracheophyta->Embryophyta->Streptophytina->Streptophyta->Chloroplastida->Archaeplastida->Eukaryota->cellular organisms->life" nexsonid "node437756"
pgloadind     taxon mapping OTT ID 784146 taxonomy "Acineta chrysantha->Acineta->Stanhopeinae->Maxillarieae->Epidendroideae->Orchidaceae->Asparagales->Petrosaviidae->Liliopsida->Mesangiospermae->Magnoliophyta->Spermatophyta->Euphyllophyta->Tracheophyta->Embryophyta->Streptophytina->Streptophyta->Chloroplastida->Archaeplastida->Eukaryota->cellular organisms->life" nexsonid "node437758"
pgloadind     taxon mapping OTT ID 712371 taxonomy "Kegeliella kupperi->Kegeliella->Stanhopeinae->Maxillarieae->Epidendroideae->Orchidaceae->Asparagales->Petrosaviidae->Liliopsida->Mesangiospermae->Magnoliophyta->Spermatophyta->Euphyllophyta->Tracheophyta->Embryophyta->Streptophytina->Streptophyta->Chloroplastida->Archaeplastida->Eukaryota->cellular organisms->life" nexsonid "node437759"
pgloadind     taxon mapping OTT ID 712358 taxonomy "Lycaste cruenta->Lycaste->Lycastinae->Maxillarieae->Epidendroideae->Orchidaceae->Asparagales->Petrosaviidae->Liliopsida->Mesangiospermae->Magnoliophyta->Spermatophyta->Euphyllophyta->Tracheophyta->Embryophyta->Streptophytina->Streptophyta->Chloroplastida->Archaeplastida->Eukaryota->cellular organisms->life" nexsonid "node437761"
pgloadind     taxon mapping OTT ID 147330 taxonomy "Bifrenaria harrisoniae->Bifrenaria->Bifrenariinae->Maxillarieae->Epidendroideae->Orchidaceae->Asparagales->Petrosaviidae->Liliopsida->Mesangiospermae->Magnoliophyta->Spermatophyta->Euphyllophyta->Tracheophyta->Embryophyta->Streptophytina->Streptophyta->Chloroplastida->Archaeplastida->Eukaryota->cellular organisms->life" nexsonid "node437763"
pgloadind     taxon mapping OTT ID 207533 taxonomy "Rudolfiella->Bifrenariinae->Maxillarieae->Epidendroideae->Orchidaceae->Asparagales->Petrosaviidae->Liliopsida->Mesangiospermae->Magnoliophyta->Spermatophyta->Euphyllophyta->Tracheophyta->Embryophyta->Streptophytina->Streptophyta->Chloroplastida->Archaeplastida->Eukaryota->cellular organisms->life" nexsonid "node437764"
pgloadind     taxon mapping OTT ID 297906 taxonomy "Caucaea phalaenopsis->Caucaea->Oncidiinae->Maxillarieae->Epidendroideae->Orchidaceae->Asparagales->Petrosaviidae->Liliopsida->Mesangiospermae->Magnoliophyta->Spermatophyta->Euphyllophyta->Tracheophyta->Embryophyta->Streptophytina->Streptophyta->Chloroplastida->Archaeplastida->Eukaryota->cellular organisms->life" nexsonid "node437768"
pgloadind     taxon mapping OTT ID 672270 taxonomy "Otoglossum harlingii->Otoglossum->Oncidiinae->Maxillarieae->Epidendroideae->Orchidaceae->Asparagales->Petrosaviidae->Liliopsida->Mesangiospermae->Magnoliophyta->Spermatophyta->Euphyllophyta->Tracheophyta->Embryophyta->Streptophytina->Streptophyta->Chloroplastida->Archaeplastida->Eukaryota->cellular organisms->life" nexsonid "node437769"
pgloadind     taxon mapping OTT ID 137606 taxonomy "Vitekorchis excavata->Vitekorchis->Oncidiinae->Maxillarieae->Epidendroideae->Orchidaceae->Asparagales->Petrosaviidae->Liliopsida->Mesangiospermae->Magnoliophyta->Spermatophyta->Euphyllophyta->Tracheophyta->Embryophyta->Streptophytina->Streptophyta->Chloroplastida->Archaeplastida->Eukaryota->cellular organisms->life" nexsonid "node437770"
pgloadind     taxon mapping OTT ID 258560 taxonomy "Miltonia regnellii->Miltonia->Oncidiinae->Maxillarieae->Epidendroideae->Orchidaceae->Asparagales->Petrosaviidae->Liliopsida->Mesangiospermae->Magnoliophyta->Spermatophyta->Euphyllophyta->Tracheophyta->Embryophyta->Streptophytina->Streptophyta->Chloroplastida->Archaeplastida->Eukaryota->cellular organisms->life" nexsonid "node437772"
pgloadind     taxon mapping OTT ID 844962 taxonomy "Aspasia lunata->Aspasia->Oncidiinae->Maxillarieae->Epidendroideae->Orchidaceae->Asparagales->Petrosaviidae->Liliopsida->Mesangiospermae->Magnoliophyta->Spermatophyta->Euphyllophyta->Tracheophyta->Embryophyta->Streptophytina->Streptophyta->Chloroplastida->Archaeplastida->Eukaryota->cellular organisms->life" nexsonid "node437774"
pgloadind     taxon mapping OTT ID 658003 taxonomy "Brassia arcuigera->Brassia->Oncidiinae->Maxillarieae->Epidendroideae->Orchidaceae->Asparagales->Petrosaviidae->Liliopsida->Mesangiospermae->Magnoliophyta->Spermatophyta->Euphyllophyta->Tracheophyta->Embryophyta->Streptophytina->Streptophyta->Chloroplastida->Archaeplastida->Eukaryota->cellular organisms->life" nexsonid "node437775"
pgloadind     taxon mapping OTT ID 108857 taxonomy "Brachtia andina->Brachtia->Oncidiinae->Maxillarieae->Epidendroideae->Orchidaceae->Asparagales->Petrosaviidae->Liliopsida->Mesangiospermae->Magnoliophyta->Spermatophyta->Euphyllophyta->Tracheophyta->Embryophyta->Streptophytina->Streptophyta->Chloroplastida->Archaeplastida->Eukaryota->cellular organisms->life" nexsonid "node437777"
pgloadind     taxon mapping OTT ID 725061 taxonomy "Mesospinidium horichii->Mesospinidium->Oncidiinae->Maxillarieae->Epidendroideae->Orchidaceae->Asparagales->Petrosaviidae->Liliopsida->Mesangiospermae->Magnoliophyta->Spermatophyta->Euphyllophyta->Tracheophyta->Embryophyta->Streptophytina->Streptophyta->Chloroplastida->Archaeplastida->Eukaryota->cellular organisms->life" nexsonid "node437778"
pgloadind     taxon mapping OTT ID 657996 taxonomy "Cischweinfia dasyandra->Cischweinfia->Oncidiinae->Maxillarieae->Epidendroideae->Orchidaceae->Asparagales->Petrosaviidae->Liliopsida->Mesangiospermae->Magnoliophyta->Spermatophyta->Euphyllophyta->Tracheophyta->Embryophyta->Streptophytina->Streptophyta->Chloroplastida->Archaeplastida->Eukaryota->cellular organisms->life" nexsonid "node437780"
pgloadind     taxon mapping OTT ID 741025 taxonomy "Oliveriana brevilabia->Oliveriana->Oncidiinae->Maxillarieae->Epidendroideae->Orchidaceae->Asparagales->Petrosaviidae->Liliopsida->Mesangiospermae->Magnoliophyta->Spermatophyta->Euphyllophyta->Tracheophyta->Embryophyta->Streptophytina->Streptophyta->Chloroplastida->Archaeplastida->Eukaryota->cellular organisms->life" nexsonid "node437782"
pgloadind     taxon mapping OTT ID 130419 taxonomy "Systeloglossum acuminatum->Systeloglossum->Oncidiinae->Maxillarieae->Epidendroideae->Orchidaceae->Asparagales->Petrosaviidae->Liliopsida->Mesangiospermae->Magnoliophyta->Spermatophyta->Euphyllophyta->Tracheophyta->Embryophyta->Streptophytina->Streptophyta->Chloroplastida->Archaeplastida->Eukaryota->cellular organisms->life" nexsonid "node437783"
pgloadind     taxon mapping OTT ID 652205 taxonomy "Rhynchostele londesboroughiana->Rhynchostele->Oncidiinae->Maxillarieae->Epidendroideae->Orchidaceae->Asparagales->Petrosaviidae->Liliopsida->Mesangiospermae->Magnoliophyta->Spermatophyta->Euphyllophyta->Tracheophyta->Embryophyta->Streptophytina->Streptophyta->Chloroplastida->Archaeplastida->Eukaryota->cellular organisms->life" nexsonid "node437785"
pgloadind     taxon mapping OTT ID 652196 taxonomy "Gomesa gomezoides->Gomesa->Oncidiinae->Maxillarieae->Epidendroideae->Orchidaceae->Asparagales->Petrosaviidae->Liliopsida->Mesangiospermae->Magnoliophyta->Spermatophyta->Euphyllophyta->Tracheophyta->Embryophyta->Streptophytina->Streptophyta->Chloroplastida->Archaeplastida->Eukaryota->cellular organisms->life" nexsonid "node437787"
pgloadind     taxon mapping OTT ID 794806 taxonomy "Plectrophora cultrifolia->Plectrophora->Oncidiinae->Maxillarieae->Epidendroideae->Orchidaceae->Asparagales->Petrosaviidae->Liliopsida->Mesangiospermae->Magnoliophyta->Spermatophyta->Euphyllophyta->Tracheophyta->Embryophyta->Streptophytina->Streptophyta->Chloroplastida->Archaeplastida->Eukaryota->cellular organisms->life" nexsonid "node437789"
pgloadind     taxon mapping OTT ID 705098 taxonomy "Zelenkoa onusta->Zelenkoa->Oncidiinae->Maxillarieae->Epidendroideae->Orchidaceae->Asparagales->Petrosaviidae->Liliopsida->Mesangiospermae->Magnoliophyta->Spermatophyta->Euphyllophyta->Tracheophyta->Embryophyta->Streptophytina->Streptophyta->Chloroplastida->Archaeplastida->Eukaryota->cellular organisms->life" nexsonid "node437791"
pgloadind     taxon mapping OTT ID 108862 taxonomy "Capanemia superflua->Capanemia->Oncidiinae->Maxillarieae->Epidendroideae->Orchidaceae->Asparagales->Petrosaviidae->Liliopsida->Mesangiospermae->Magnoliophyta->Spermatophyta->Euphyllophyta->Tracheophyta->Embryophyta->Streptophytina->Streptophyta->Chloroplastida->Archaeplastida->Eukaryota->cellular organisms->life" nexsonid "node437793"
pgloadind     taxon mapping OTT ID 169434 taxonomy "Solenidium portillae->Solenidium->Oncidiinae->Maxillarieae->Epidendroideae->Orchidaceae->Asparagales->Petrosaviidae->Liliopsida->Mesangiospermae->Magnoliophyta->Spermatophyta->Euphyllophyta->Tracheophyta->Embryophyta->Streptophytina->Streptophyta->Chloroplastida->Archaeplastida->Eukaryota->cellular organisms->life" nexsonid "node437794"
pgloadind     taxon mapping OTT ID 963681 taxonomy "Nohawilliamsia orthostates->Nohawilliamsia->Oncidiinae->Maxillarieae->Epidendroideae->Orchidaceae->Asparagales->Petrosaviidae->Liliopsida->Mesangiospermae->Magnoliophyta->Spermatophyta->Euphyllophyta->Tracheophyta->Embryophyta->Streptophytina->Streptophyta->Chloroplastida->Archaeplastida->Eukaryota->cellular organisms->life" nexsonid "node437797"
pgloadind     taxon mapping OTT ID 387540 taxonomy "Leochilus inconspicuus->Leochilus->Oncidiinae->Maxillarieae->Epidendroideae->Orchidaceae->Asparagales->Petrosaviidae->Liliopsida->Mesangiospermae->Magnoliophyta->Spermatophyta->Euphyllophyta->Tracheophyta->Embryophyta->Streptophytina->Streptophyta->Chloroplastida->Archaeplastida->Eukaryota->cellular organisms->life" nexsonid "node437799"
pgloadind     taxon mapping OTT ID 464026 taxonomy "Comparettia falcata->Comparettia->Oncidiinae->Maxillarieae->Epidendroideae->Orchidaceae->Asparagales->Petrosaviidae->Liliopsida->Mesangiospermae->Magnoliophyta->Spermatophyta->Euphyllophyta->Tracheophyta->Embryophyta->Streptophytina->Streptophyta->Chloroplastida->Archaeplastida->Eukaryota->cellular organisms->life" nexsonid "node437803"
pgloadind     taxon mapping OTT ID 262029 taxonomy "Ionopsis minutiflora->Ionopsis->Oncidiinae->Maxillarieae->Epidendroideae->Orchidaceae->Asparagales->Petrosaviidae->Liliopsida->Mesangiospermae->Magnoliophyta->Spermatophyta->Euphyllophyta->Tracheophyta->Embryophyta->Streptophytina->Streptophyta->Chloroplastida->Archaeplastida->Eukaryota->cellular organisms->life" nexsonid "node437804"
pgloadind     taxon mapping OTT ID 387532 taxonomy "Hirtzia benzingii->Hirtzia->Oncidiinae->Maxillarieae->Epidendroideae->Orchidaceae->Asparagales->Petrosaviidae->Liliopsida->Mesangiospermae->Magnoliophyta->Spermatophyta->Euphyllophyta->Tracheophyta->Embryophyta->Streptophytina->Streptophyta->Chloroplastida->Archaeplastida->Eukaryota->cellular organisms->life" nexsonid "node437806"
pgloadind     taxon mapping OTT ID 794810 taxonomy "Pterostemma antioquiense->Pterostemma->Oncidiinae->Maxillarieae->Epidendroideae->Orchidaceae->Asparagales->Petrosaviidae->Liliopsida->Mesangiospermae->Magnoliophyta->Spermatophyta->Euphyllophyta->Tracheophyta->Embryophyta->Streptophytina->Streptophyta->Chloroplastida->Archaeplastida->Eukaryota->cellular organisms->life" nexsonid "node437807"
pgloadind     taxon mapping OTT ID 794799 taxonomy "Polyotidium huebneri->Polyotidium->Oncidiinae->Maxillarieae->Epidendroideae->Orchidaceae->Asparagales->Petrosaviidae->Liliopsida->Mesangiospermae->Magnoliophyta->Spermatophyta->Euphyllophyta->Tracheophyta->Embryophyta->Streptophytina->Streptophyta->Chloroplastida->Archaeplastida->Eukaryota->cellular organisms->life" nexsonid "node437809"
pgloadind     taxon mapping OTT ID 794813 taxonomy "Rodriguezia batemanii->Rodriguezia->Oncidiinae->Maxillarieae->Epidendroideae->Orchidaceae->Asparagales->Petrosaviidae->Liliopsida->Mesangiospermae->Magnoliophyta->Spermatophyta->Euphyllophyta->Tracheophyta->Embryophyta->Streptophytina->Streptophyta->Chloroplastida->Archaeplastida->Eukaryota->cellular organisms->life" nexsonid "node437810"
pgloadind     taxon mapping OTT ID 169430 taxonomy "Sutrina garayi->Sutrina->Oncidiinae->Maxillarieae->Epidendroideae->Orchidaceae->Asparagales->Petrosaviidae->Liliopsida->Mesangiospermae->Magnoliophyta->Spermatophyta->Euphyllophyta->Tracheophyta->Embryophyta->Streptophytina->Streptophyta->Chloroplastida->Archaeplastida->Eukaryota->cellular organisms->life" nexsonid "node437811"
pgloadind     taxon mapping OTT ID 201726 taxonomy "Trizeuxis falcata->Trizeuxis->Oncidiinae->Maxillarieae->Epidendroideae->Orchidaceae->Asparagales->Petrosaviidae->Liliopsida->Mesangiospermae->Magnoliophyta->Spermatophyta->Euphyllophyta->Tracheophyta->Embryophyta->Streptophytina->Streptophyta->Chloroplastida->Archaeplastida->Eukaryota->cellular organisms->life" nexsonid "node437812"
pgloadind     taxon mapping OTT ID 387530 taxonomy "Macradenia rubescens->Macradenia->Oncidiinae->Maxillarieae->Epidendroideae->Orchidaceae->Asparagales->Petrosaviidae->Liliopsida->Mesangiospermae->Magnoliophyta->Spermatophyta->Euphyllophyta->Tracheophyta->Embryophyta->Streptophytina->Streptophyta->Chloroplastida->Archaeplastida->Eukaryota->cellular organisms->life" nexsonid "node437815"
pgloadind     taxon mapping OTT ID 169422 taxonomy "Schunkea vierlingii->Schunkea->Oncidiinae->Maxillarieae->Epidendroideae->Orchidaceae->Asparagales->Petrosaviidae->Liliopsida->Mesangiospermae->Magnoliophyta->Spermatophyta->Euphyllophyta->Tracheophyta->Embryophyta->Streptophytina->Streptophyta->Chloroplastida->Archaeplastida->Eukaryota->cellular organisms->life" nexsonid "node437816"
pgloadind     taxon mapping OTT ID 791753 taxonomy "Seegeriella pinifolia->Seegeriella->Oncidiinae->Maxillarieae->Epidendroideae->Orchidaceae->Asparagales->Petrosaviidae->Liliopsida->Mesangiospermae->Magnoliophyta->Spermatophyta->Euphyllophyta->Tracheophyta->Embryophyta->Streptophytina->Streptophyta->Chloroplastida->Archaeplastida->Eukaryota->cellular organisms->life" nexsonid "node437817"
pgloadind     taxon mapping OTT ID 262009 taxonomy "Macroclinium->Oncidiinae->Maxillarieae->Epidendroideae->Orchidaceae->Asparagales->Petrosaviidae->Liliopsida->Mesangiospermae->Magnoliophyta->Spermatophyta->Euphyllophyta->Tracheophyta->Embryophyta->Streptophytina->Streptophyta->Chloroplastida->Archaeplastida->Eukaryota->cellular organisms->life" nexsonid "node437819"
pgloadind     taxon mapping OTT ID 963685 taxonomy "Notylia ecuadorensis->Notylia->Oncidiinae->Maxillarieae->Epidendroideae->Orchidaceae->Asparagales->Petrosaviidae->Liliopsida->Mesangiospermae->Magnoliophyta->Spermatophyta->Euphyllophyta->Tracheophyta->Embryophyta->Streptophytina->Streptophyta->Chloroplastida->Archaeplastida->Eukaryota->cellular organisms->life" nexsonid "node437820"
pgloadind     taxon mapping OTT ID 743774 taxonomy "Warmingia zamorana->Warmingia->Oncidiinae->Maxillarieae->Epidendroideae->Orchidaceae->Asparagales->Petrosaviidae->Liliopsida->Mesangiospermae->Magnoliophyta->Spermatophyta->Euphyllophyta->Tracheophyta->Embryophyta->Streptophytina->Streptophyta->Chloroplastida->Archaeplastida->Eukaryota->cellular organisms->life" nexsonid "node437821"
pgloadind     taxon mapping OTT ID 963696 taxonomy "Notyliopsis beatricis->Notyliopsis->Oncidiinae->Maxillarieae->Epidendroideae->Orchidaceae->Asparagales->Petrosaviidae->Liliopsida->Mesangiospermae->Magnoliophyta->Spermatophyta->Euphyllophyta->Tracheophyta->Embryophyta->Streptophytina->Streptophyta->Chloroplastida->Archaeplastida->Eukaryota->cellular organisms->life" nexsonid "node437823"
pgloadind     taxon mapping OTT ID 130423 taxonomy "Tolumnia calochila->Tolumnia->Oncidiinae->Maxillarieae->Epidendroideae->Orchidaceae->Asparagales->Petrosaviidae->Liliopsida->Mesangiospermae->Magnoliophyta->Spermatophyta->Euphyllophyta->Tracheophyta->Embryophyta->Streptophytina->Streptophyta->Chloroplastida->Archaeplastida->Eukaryota->cellular organisms->life" nexsonid "node437824"
pgloadind     taxon mapping OTT ID 340917 taxonomy "Oncidium harryanum->Oncidium->Oncidiinae->Maxillarieae->Epidendroideae->Orchidaceae->Asparagales->Petrosaviidae->Liliopsida->Mesangiospermae->Magnoliophyta->Spermatophyta->Euphyllophyta->Tracheophyta->Embryophyta->Streptophytina->Streptophyta->Chloroplastida->Archaeplastida->Eukaryota->cellular organisms->life" nexsonid "node437827"
pgloadind     taxon mapping OTT ID 258566 taxonomy "Rossioglossum ampliatum->Rossioglossum->Oncidiinae->Maxillarieae->Epidendroideae->Orchidaceae->Asparagales->Petrosaviidae->Liliopsida->Mesangiospermae->Magnoliophyta->Spermatophyta->Euphyllophyta->Tracheophyta->Embryophyta->Streptophytina->Streptophyta->Chloroplastida->Archaeplastida->Eukaryota->cellular organisms->life" nexsonid "node437829"
pgloadind     taxon mapping OTT ID 229018 taxonomy "Phymatidium falcifolium->Phymatidium->Oncidiinae->Maxillarieae->Epidendroideae->Orchidaceae->Asparagales->Petrosaviidae->Liliopsida->Mesangiospermae->Magnoliophyta->Spermatophyta->Euphyllophyta->Tracheophyta->Embryophyta->Streptophytina->Streptophyta->Chloroplastida->Archaeplastida->Eukaryota->cellular organisms->life" nexsonid "node437833"
pgloadind     taxon mapping OTT ID 743787 taxonomy "Zygostates apiculata->Zygostates->Oncidiinae->Maxillarieae->Epidendroideae->Orchidaceae->Asparagales->Petrosaviidae->Liliopsida->Mesangiospermae->Magnoliophyta->Spermatophyta->Euphyllophyta->Tracheophyta->Embryophyta->Streptophytina->Streptophyta->Chloroplastida->Archaeplastida->Eukaryota->cellular organisms->life" nexsonid "node437835"
pgloadind     taxon mapping OTT ID 954814 taxonomy "Chytroglossa marileoniae->Chytroglossa->Oncidiinae->Maxillarieae->Epidendroideae->Orchidaceae->Asparagales->Petrosaviidae->Liliopsida->Mesangiospermae->Magnoliophyta->Spermatophyta->Euphyllophyta->Tracheophyta->Embryophyta->Streptophytina->Streptophyta->Chloroplastida->Archaeplastida->Eukaryota->cellular organisms->life" nexsonid "node437837"
pgloadind     taxon mapping OTT ID 229025 taxonomy "Hintonella mexicana->Hintonella->Oncidiinae->Maxillarieae->Epidendroideae->Orchidaceae->Asparagales->Petrosaviidae->Liliopsida->Mesangiospermae->Magnoliophyta->Spermatophyta->Euphyllophyta->Tracheophyta->Embryophyta->Streptophytina->Streptophyta->Chloroplastida->Archaeplastida->Eukaryota->cellular organisms->life" nexsonid "node437839"
pgloadind     taxon mapping OTT ID 220115 taxonomy "Ornithocephalus dressleri->Ornithocephalus->Oncidiinae->Maxillarieae->Epidendroideae->Orchidaceae->Asparagales->Petrosaviidae->Liliopsida->Mesangiospermae->Magnoliophyta->Spermatophyta->Euphyllophyta->Tracheophyta->Embryophyta->Streptophytina->Streptophyta->Chloroplastida->Archaeplastida->Eukaryota->cellular organisms->life" nexsonid "node437840"
pgloadind     taxon mapping OTT ID 262020 taxonomy "Hofmeisterella eumicroscopica->Hofmeisterella->Oncidiinae->Maxillarieae->Epidendroideae->Orchidaceae->Asparagales->Petrosaviidae->Liliopsida->Mesangiospermae->Magnoliophyta->Spermatophyta->Euphyllophyta->Tracheophyta->Embryophyta->Streptophytina->Streptophyta->Chloroplastida->Archaeplastida->Eukaryota->cellular organisms->life" nexsonid "node437842"
pgloadind     taxon mapping OTT ID 705089 taxonomy "Trichoceros antennifer->Trichoceros->Oncidiinae->Maxillarieae->Epidendroideae->Orchidaceae->Asparagales->Petrosaviidae->Liliopsida->Mesangiospermae->Magnoliophyta->Spermatophyta->Euphyllophyta->Tracheophyta->Embryophyta->Streptophytina->Streptophyta->Chloroplastida->Archaeplastida->Eukaryota->cellular organisms->life" nexsonid "node437844"
pgloadind     taxon mapping OTT ID 280962 taxonomy "Telipogon pogonostalix->Telipogon->Oncidiinae->Maxillarieae->Epidendroideae->Orchidaceae->Asparagales->Petrosaviidae->Liliopsida->Mesangiospermae->Magnoliophyta->Spermatophyta->Euphyllophyta->Tracheophyta->Embryophyta->Streptophytina->Streptophyta->Chloroplastida->Archaeplastida->Eukaryota->cellular organisms->life" nexsonid "node437846"
pgloadind     taxon mapping OTT ID 169442 taxonomy "Telipogon obovatus->Telipogon->Oncidiinae->Maxillarieae->Epidendroideae->Orchidaceae->Asparagales->Petrosaviidae->Liliopsida->Mesangiospermae->Magnoliophyta->Spermatophyta->Euphyllophyta->Tracheophyta->Embryophyta->Streptophytina->Streptophyta->Chloroplastida->Archaeplastida->Eukaryota->cellular organisms->life" nexsonid "node437847"
pgloadind     taxon mapping OTT ID 104659 taxonomy "Raycadenco ecuadorensis->Raycadenco->Oncidiinae->Maxillarieae->Epidendroideae->Orchidaceae->Asparagales->Petrosaviidae->Liliopsida->Mesangiospermae->Magnoliophyta->Spermatophyta->Euphyllophyta->Tracheophyta->Embryophyta->Streptophytina->Streptophyta->Chloroplastida->Archaeplastida->Eukaryota->cellular organisms->life" nexsonid "node437849"
pgloadind     taxon mapping OTT ID 934121 taxonomy "Fernandezia ionanthera->Fernandezia->Oncidiinae->Maxillarieae->Epidendroideae->Orchidaceae->Asparagales->Petrosaviidae->Liliopsida->Mesangiospermae->Magnoliophyta->Spermatophyta->Euphyllophyta->Tracheophyta->Embryophyta->Streptophytina->Streptophyta->Chloroplastida->Archaeplastida->Eukaryota->cellular organisms->life" nexsonid "node437851"
pgloadind     taxon mapping OTT ID 214093 taxonomy "Pachyphyllum crystallinum->Pachyphyllum->Oncidiinae->Maxillarieae->Epidendroideae->Orchidaceae->Asparagales->Petrosaviidae->Liliopsida->Mesangiospermae->Magnoliophyta->Spermatophyta->Euphyllophyta->Tracheophyta->Embryophyta->Streptophytina->Streptophyta->Chloroplastida->Archaeplastida->Eukaryota->cellular organisms->life" nexsonid "node437852"
pgloadind     taxon mapping OTT ID 387556 taxonomy "Lockhartia micrantha->Lockhartia->Oncidiinae->Maxillarieae->Epidendroideae->Orchidaceae->Asparagales->Petrosaviidae->Liliopsida->Mesangiospermae->Magnoliophyta->Spermatophyta->Euphyllophyta->Tracheophyta->Embryophyta->Streptophytina->Streptophyta->Chloroplastida->Archaeplastida->Eukaryota->cellular organisms->life" nexsonid "node437854"
pgloadind     taxon mapping OTT ID 467432 taxonomy "Grandiphyllum auriculum->Grandiphyllum->Oncidiinae->Maxillarieae->Epidendroideae->Orchidaceae->Asparagales->Petrosaviidae->Liliopsida->Mesangiospermae->Magnoliophyta->Spermatophyta->Euphyllophyta->Tracheophyta->Embryophyta->Streptophytina->Streptophyta->Chloroplastida->Archaeplastida->Eukaryota->cellular organisms->life" nexsonid "node437856"
pgloadind     taxon mapping OTT ID 169426 taxonomy "Saundersia paniculata->Saundersia->Oncidiinae->Maxillarieae->Epidendroideae->Orchidaceae->Asparagales->Petrosaviidae->Liliopsida->Mesangiospermae->Magnoliophyta->Spermatophyta->Euphyllophyta->Tracheophyta->Embryophyta->Streptophytina->Streptophyta->Chloroplastida->Archaeplastida->Eukaryota->cellular organisms->life" nexsonid "node437858"
pgloadind     taxon mapping OTT ID 743779 taxonomy "Lophiaris lindenii->Lophiaris->Oncidiinae->Maxillarieae->Epidendroideae->Orchidaceae->Asparagales->Petrosaviidae->Liliopsida->Mesangiospermae->Magnoliophyta->Spermatophyta->Euphyllophyta->Tracheophyta->Embryophyta->Streptophytina->Streptophyta->Chloroplastida->Archaeplastida->Eukaryota->cellular organisms->life" nexsonid "node437859"
pgloadind     taxon mapping OTT ID 794815 taxonomy "Psychopsis sanderae->Psychopsis->Oncidiinae->Maxillarieae->Epidendroideae->Orchidaceae->Asparagales->Petrosaviidae->Liliopsida->Mesangiospermae->Magnoliophyta->Spermatophyta->Euphyllophyta->Tracheophyta->Embryophyta->Streptophytina->Streptophyta->Chloroplastida->Archaeplastida->Eukaryota->cellular organisms->life" nexsonid "node437861"
pgloadind     taxon mapping OTT ID 705093 taxonomy "Helcia brevis->Helcia->Oncidiinae->Maxillarieae->Epidendroideae->Orchidaceae->Asparagales->Petrosaviidae->Liliopsida->Mesangiospermae->Magnoliophyta->Spermatophyta->Euphyllophyta->Tracheophyta->Embryophyta->Streptophytina->Streptophyta->Chloroplastida->Archaeplastida->Eukaryota->cellular organisms->life" nexsonid "node437863"
pgloadind     taxon mapping OTT ID 743785 taxonomy "Trichopilia fragrans->Trichopilia->Oncidiinae->Maxillarieae->Epidendroideae->Orchidaceae->Asparagales->Petrosaviidae->Liliopsida->Mesangiospermae->Magnoliophyta->Spermatophyta->Euphyllophyta->Tracheophyta->Embryophyta->Streptophytina->Streptophyta->Chloroplastida->Archaeplastida->Eukaryota->cellular organisms->life" nexsonid "node437864"
pgloadind     taxon mapping OTT ID 762988 taxonomy "Galeandra devoniana->Galeandra->Catasetinae->Cymbidieae->Epidendroideae->Orchidaceae->Asparagales->Petrosaviidae->Liliopsida->Mesangiospermae->Magnoliophyta->Spermatophyta->Euphyllophyta->Tracheophyta->Embryophyta->Streptophytina->Streptophyta->Chloroplastida->Archaeplastida->Eukaryota->cellular organisms->life" nexsonid "node437866"
pgloadind     taxon mapping OTT ID 915003 taxonomy "Catasetum expansum->Catasetum->Catasetinae->Cymbidieae->Epidendroideae->Orchidaceae->Asparagales->Petrosaviidae->Liliopsida->Mesangiospermae->Magnoliophyta->Spermatophyta->Euphyllophyta->Tracheophyta->Embryophyta->Streptophytina->Streptophyta->Chloroplastida->Archaeplastida->Eukaryota->cellular organisms->life" nexsonid "node437868"
pgloadind     taxon mapping OTT ID 180766 taxonomy "Dressleria->Catasetinae->Cymbidieae->Epidendroideae->Orchidaceae->Asparagales->Petrosaviidae->Liliopsida->Mesangiospermae->Magnoliophyta->Spermatophyta->Euphyllophyta->Tracheophyta->Embryophyta->Streptophytina->Streptophyta->Chloroplastida->Archaeplastida->Eukaryota->cellular organisms->life" nexsonid "node437869"
pgloadind     taxon mapping OTT ID 1018621 taxonomy "Cymbidium eburneum->Cymbidium->Cymbidiinae->Cymbidieae->Epidendroideae->Orchidaceae->Asparagales->Petrosaviidae->Liliopsida->Mesangiospermae->Magnoliophyta->Spermatophyta->Euphyllophyta->Tracheophyta->Embryophyta->Streptophytina->Streptophyta->Chloroplastida->Archaeplastida->Eukaryota->cellular organisms->life" nexsonid "node437871"
pgloadind     taxon mapping OTT ID 850254 taxonomy "Thecostele alata->Thecostele->Eulophiinae->Cymbidieae->Epidendroideae->Orchidaceae->Asparagales->Petrosaviidae->Liliopsida->Mesangiospermae->Magnoliophyta->Spermatophyta->Euphyllophyta->Tracheophyta->Embryophyta->Streptophytina->Streptophyta->Chloroplastida->Archaeplastida->Eukaryota->cellular organisms->life" nexsonid "node437872"
pgloadind     taxon mapping OTT ID 702795 taxonomy "Polystachya pubescens->Polystachya->Polystachyinae->Vandeae->Epidendroideae->Orchidaceae->Asparagales->Petrosaviidae->Liliopsida->Mesangiospermae->Magnoliophyta->Spermatophyta->Euphyllophyta->Tracheophyta->Embryophyta->Streptophytina->Streptophyta->Chloroplastida->Archaeplastida->Eukaryota->cellular organisms->life" nexsonid "node437874"
pgloadind     taxon mapping OTT ID 3974795 taxonomy "Aerangis stelligera->Aerangis->Aerangidinae->Vandeae->Epidendroideae->Orchidaceae->Asparagales->Petrosaviidae->Liliopsida->Mesangiospermae->Magnoliophyta->Spermatophyta->Euphyllophyta->Tracheophyta->Embryophyta->Streptophytina->Streptophyta->Chloroplastida->Archaeplastida->Eukaryota->cellular organisms->life" nexsonid "node437878"
pgloadind     taxon mapping OTT ID 290216 taxonomy "Rhipidoglossum rutilum->Rhipidoglossum->Aerangidinae->Vandeae->Epidendroideae->Orchidaceae->Asparagales->Petrosaviidae->Liliopsida->Mesangiospermae->Magnoliophyta->Spermatophyta->Euphyllophyta->Tracheophyta->Embryophyta->Streptophytina->Streptophyta->Chloroplastida->Archaeplastida->Eukaryota->cellular organisms->life" nexsonid "node437879"
pgloadind     taxon mapping OTT ID 784159 taxonomy "Aeranthes ramosa->Aeranthes->Angraecinae->Vandeae->Epidendroideae->Orchidaceae->Asparagales->Petrosaviidae->Liliopsida->Mesangiospermae->Magnoliophyta->Spermatophyta->Euphyllophyta->Tracheophyta->Embryophyta->Streptophytina->Streptophyta->Chloroplastida->Archaeplastida->Eukaryota->cellular organisms->life" nexsonid "node437881"
pgloadind     taxon mapping OTT ID 784150 taxonomy "Angraecum sesquipedale->Angraecum->Angraecinae->Vandeae->Epidendroideae->Orchidaceae->Asparagales->Petrosaviidae->Liliopsida->Mesangiospermae->Magnoliophyta->Spermatophyta->Euphyllophyta->Tracheophyta->Embryophyta->Streptophytina->Streptophyta->Chloroplastida->Archaeplastida->Eukaryota->cellular organisms->life" nexsonid "node437882"
pgloadind     taxon mapping OTT ID 753604 taxonomy "Neofinetia falcata->Neofinetia->Aeridinae->Vandeae->Epidendroideae->Orchidaceae->Asparagales->Petrosaviidae->Liliopsida->Mesangiospermae->Magnoliophyta->Spermatophyta->Euphyllophyta->Tracheophyta->Embryophyta->Streptophytina->Streptophyta->Chloroplastida->Archaeplastida->Eukaryota->cellular organisms->life" nexsonid "node437884"
pgloadind     taxon mapping OTT ID 376677 taxonomy "Phalaenopsis aphrodite->Phalaenopsis->Aeridinae->Vandeae->Epidendroideae->Orchidaceae->Asparagales->Petrosaviidae->Liliopsida->Mesangiospermae->Magnoliophyta->Spermatophyta->Euphyllophyta->Tracheophyta->Embryophyta->Streptophytina->Streptophyta->Chloroplastida->Archaeplastida->Eukaryota->cellular organisms->life" nexsonid "node437885"
pgloadind     taxon mapping OTT ID 176762 taxonomy "Arethusa bulbosa->Arethusa->Arethusinae->Arethuseae->Epidendroideae->Orchidaceae->Asparagales->Petrosaviidae->Liliopsida->Mesangiospermae->Magnoliophyta->Spermatophyta->Euphyllophyta->Tracheophyta->Embryophyta->Streptophytina->Streptophyta->Chloroplastida->Archaeplastida->Eukaryota->cellular organisms->life" nexsonid "node437887"
pgloadind     taxon mapping OTT ID 389398 taxonomy "Arundina graminifolia->Arundina->Arethusinae->Arethuseae->Epidendroideae->Orchidaceae->Asparagales->Petrosaviidae->Liliopsida->Mesangiospermae->Magnoliophyta->Spermatophyta->Euphyllophyta->Tracheophyta->Embryophyta->Streptophytina->Streptophyta->Chloroplastida->Archaeplastida->Eukaryota->cellular organisms->life" nexsonid "node437888"
pgloadind     taxon mapping OTT ID 147334 taxonomy "Bletilla striata->Bletilla->Coelogyninae->Arethuseae->Epidendroideae->Orchidaceae->Asparagales->Petrosaviidae->Liliopsida->Mesangiospermae->Magnoliophyta->Spermatophyta->Euphyllophyta->Tracheophyta->Embryophyta->Streptophytina->Streptophyta->Chloroplastida->Archaeplastida->Eukaryota->cellular organisms->life" nexsonid "node437890"
pgloadind     taxon mapping OTT ID 530308 taxonomy "Thunia alba->Thunia->Coelogyninae->Arethuseae->Epidendroideae->Orchidaceae->Asparagales->Petrosaviidae->Liliopsida->Mesangiospermae->Magnoliophyta->Spermatophyta->Euphyllophyta->Tracheophyta->Embryophyta->Streptophytina->Streptophyta->Chloroplastida->Archaeplastida->Eukaryota->cellular organisms->life" nexsonid "node437891"
pgloadind     taxon mapping OTT ID 176728 taxonomy "Glomera->Coelogyninae->Arethuseae->Epidendroideae->Orchidaceae->Asparagales->Petrosaviidae->Liliopsida->Mesangiospermae->Magnoliophyta->Spermatophyta->Euphyllophyta->Tracheophyta->Embryophyta->Streptophytina->Streptophyta->Chloroplastida->Archaeplastida->Eukaryota->cellular organisms->life" nexsonid "node437893"
pgloadind     taxon mapping OTT ID 356312 taxonomy "Coelogyne cristata->Coelogyne->Coelogyninae->Arethuseae->Epidendroideae->Orchidaceae->Asparagales->Petrosaviidae->Liliopsida->Mesangiospermae->Magnoliophyta->Spermatophyta->Euphyllophyta->Tracheophyta->Embryophyta->Streptophytina->Streptophyta->Chloroplastida->Archaeplastida->Eukaryota->cellular organisms->life" nexsonid "node437895"
pgloadind     taxon mapping OTT ID 510032 taxonomy "Dendrochilum cobbianum->Dendrochilum->Coelogyninae->Arethuseae->Epidendroideae->Orchidaceae->Asparagales->Petrosaviidae->Liliopsida->Mesangiospermae->Magnoliophyta->Spermatophyta->Euphyllophyta->Tracheophyta->Embryophyta->Streptophytina->Streptophyta->Chloroplastida->Archaeplastida->Eukaryota->cellular organisms->life" nexsonid "node437896"
pgloadind     taxon mapping OTT ID 332216 taxonomy "Coelia macrostachya->Coelia->Coeliinae->Epidendreae->Epidendroideae->Orchidaceae->Asparagales->Petrosaviidae->Liliopsida->Mesangiospermae->Magnoliophyta->Spermatophyta->Euphyllophyta->Tracheophyta->Embryophyta->Streptophytina->Streptophyta->Chloroplastida->Archaeplastida->Eukaryota->cellular organisms->life" nexsonid "node437898"
pgloadind     taxon mapping OTT ID 8956 taxonomy "Arpophyllum giganteum->Arpophyllum->Laeliinae->Epidendreae->Epidendroideae->Orchidaceae->Asparagales->Petrosaviidae->Liliopsida->Mesangiospermae->Magnoliophyta->Spermatophyta->Euphyllophyta->Tracheophyta->Embryophyta->Streptophytina->Streptophyta->Chloroplastida->Archaeplastida->Eukaryota->cellular organisms->life" nexsonid "node437902"
pgloadind     taxon mapping OTT ID 915005 taxonomy "Cattleya dowiana->Cattleya->Laeliinae->Epidendreae->Epidendroideae->Orchidaceae->Asparagales->Petrosaviidae->Liliopsida->Mesangiospermae->Magnoliophyta->Spermatophyta->Euphyllophyta->Tracheophyta->Embryophyta->Streptophytina->Streptophyta->Chloroplastida->Archaeplastida->Eukaryota->cellular organisms->life" nexsonid "node437905"
pgloadind     taxon mapping OTT ID 845234 taxonomy "Epidendrum campestre->Epidendrum->Laeliinae->Epidendreae->Epidendroideae->Orchidaceae->Asparagales->Petrosaviidae->Liliopsida->Mesangiospermae->Magnoliophyta->Spermatophyta->Euphyllophyta->Tracheophyta->Embryophyta->Streptophytina->Streptophyta->Chloroplastida->Archaeplastida->Eukaryota->cellular organisms->life" nexsonid "node437907"
pgloadind     taxon mapping OTT ID 8944 taxonomy "Meiracyllium trinasutum->Meiracyllium->Laeliinae->Epidendreae->Epidendroideae->Orchidaceae->Asparagales->Petrosaviidae->Liliopsida->Mesangiospermae->Magnoliophyta->Spermatophyta->Euphyllophyta->Tracheophyta->Embryophyta->Streptophytina->Streptophyta->Chloroplastida->Archaeplastida->Eukaryota->cellular organisms->life" nexsonid "node437908"
pgloadind     taxon mapping OTT ID 14337 taxonomy "Prosthechea abbreviata->Prosthechea->Laeliinae->Epidendreae->Epidendroideae->Orchidaceae->Asparagales->Petrosaviidae->Liliopsida->Mesangiospermae->Magnoliophyta->Spermatophyta->Euphyllophyta->Tracheophyta->Embryophyta->Streptophytina->Streptophyta->Chloroplastida->Archaeplastida->Eukaryota->cellular organisms->life" nexsonid "node437910"
pgloadind     taxon mapping OTT ID 14334 taxonomy "Pseudolaelia vellozicola->Pseudolaelia->Laeliinae->Epidendreae->Epidendroideae->Orchidaceae->Asparagales->Petrosaviidae->Liliopsida->Mesangiospermae->Magnoliophyta->Spermatophyta->Euphyllophyta->Tracheophyta->Embryophyta->Streptophytina->Streptophyta->Chloroplastida->Archaeplastida->Eukaryota->cellular organisms->life" nexsonid "node437911"
pgloadind     taxon mapping OTT ID 862855 taxonomy "Dilomilis montana->Dilomilis->Pleurothallidinae->Epidendreae->Epidendroideae->Orchidaceae->Asparagales->Petrosaviidae->Liliopsida->Mesangiospermae->Magnoliophyta->Spermatophyta->Euphyllophyta->Tracheophyta->Embryophyta->Streptophytina->Streptophyta->Chloroplastida->Archaeplastida->Eukaryota->cellular organisms->life" nexsonid "node437913"
pgloadind     taxon mapping OTT ID 556684 taxonomy "Masdevallia uniflora->Masdevallia->Pleurothallidinae->Epidendreae->Epidendroideae->Orchidaceae->Asparagales->Petrosaviidae->Liliopsida->Mesangiospermae->Magnoliophyta->Spermatophyta->Euphyllophyta->Tracheophyta->Embryophyta->Streptophytina->Streptophyta->Chloroplastida->Archaeplastida->Eukaryota->cellular organisms->life" nexsonid "node437915"
pgloadind     taxon mapping OTT ID 5605 taxonomy "Pleurothallis ruscifolia->Pleurothallis->Pleurothallidinae->Epidendreae->Epidendroideae->Orchidaceae->Asparagales->Petrosaviidae->Liliopsida->Mesangiospermae->Magnoliophyta->Spermatophyta->Euphyllophyta->Tracheophyta->Embryophyta->Streptophytina->Streptophyta->Chloroplastida->Archaeplastida->Eukaryota->cellular organisms->life" nexsonid "node437916"
pgloadind     taxon mapping OTT ID 155560 taxonomy "Bletia catenulata->Bletia->Bletiinae->Epidendreae->Epidendroideae->Orchidaceae->Asparagales->Petrosaviidae->Liliopsida->Mesangiospermae->Magnoliophyta->Spermatophyta->Euphyllophyta->Tracheophyta->Embryophyta->Streptophytina->Streptophyta->Chloroplastida->Archaeplastida->Eukaryota->cellular organisms->life" nexsonid "node437918"
pgloadind     taxon mapping OTT ID 939304 taxonomy "Chysis bractescens->Chysis->Chysinae->Calypsoae->Epidendroideae->Orchidaceae->Asparagales->Petrosaviidae->Liliopsida->Mesangiospermae->Magnoliophyta->Spermatophyta->Euphyllophyta->Tracheophyta->Embryophyta->Streptophytina->Streptophyta->Chloroplastida->Archaeplastida->Eukaryota->cellular organisms->life" nexsonid "node437919"
pgloadind     taxon mapping OTT ID 699920 taxonomy "Phreatia->Podochileae->Epidendroideae->Orchidaceae->Asparagales->Petrosaviidae->Liliopsida->Mesangiospermae->Magnoliophyta->Spermatophyta->Euphyllophyta->Tracheophyta->Embryophyta->Streptophytina->Streptophyta->Chloroplastida->Archaeplastida->Eukaryota->cellular organisms->life" nexsonid "node437921"
pgloadind     taxon mapping OTT ID 702805 taxonomy "Podochilus cultratus->Podochilus->Podochilinae->Podochileae->Epidendroideae->Orchidaceae->Asparagales->Petrosaviidae->Liliopsida->Mesangiospermae->Magnoliophyta->Spermatophyta->Euphyllophyta->Tracheophyta->Embryophyta->Streptophytina->Streptophyta->Chloroplastida->Archaeplastida->Eukaryota->cellular organisms->life" nexsonid "node437923"
pgloadind     taxon mapping OTT ID 239544 taxonomy "Eria ferruginea->Eria->Eriinae->Podochileae->Epidendroideae->Orchidaceae->Asparagales->Petrosaviidae->Liliopsida->Mesangiospermae->Magnoliophyta->Spermatophyta->Euphyllophyta->Tracheophyta->Embryophyta->Streptophytina->Streptophyta->Chloroplastida->Archaeplastida->Eukaryota->cellular organisms->life" nexsonid "node437925"
pgloadind     taxon mapping OTT ID 855548 taxonomy "Trichotosia ferox->Trichotosia->Eriinae->Podochileae->Epidendroideae->Orchidaceae->Asparagales->Petrosaviidae->Liliopsida->Mesangiospermae->Magnoliophyta->Spermatophyta->Euphyllophyta->Tracheophyta->Embryophyta->Streptophytina->Streptophyta->Chloroplastida->Archaeplastida->Eukaryota->cellular organisms->life" nexsonid "node437926"
done fixing name
pgloadind Finished with attempts to fix names
pgloadind   Checking for uniqueness of OTT IDs tree id "1302"
pgloadind   Adding tree to graph tree id "1302"
all trees have all taxa: false
	using bipartition technique
attempting to remap tips to deepest exemplified taxa
	Monophyllorchis was remapped to 'Triphoreae' (id=2992596)
	Oncidium harryanum was remapped to 'Oncidium' (id=2971312)
	Comparettia falcata was remapped to 'Comparettia' (id=2970870)
	Grandiphyllum auriculum was remapped to 'Grandiphyllum' (id=2974686)
	Aerangis stelligera was remapped to 'Aerangis' (id=2985363)
	Oliveriana brevilabia was remapped to 'Oliveriana' (id=2974619)
	Cymbidium eburneum was remapped to 'Cymbidiinae' (id=2986420)
	Zelenkoa onusta was remapped to 'Zelenkoa' (id=2974615)
	Pleurothallis ruscifolia was remapped to 'Pleurothallis' (id=2961931)
	Schunkea vierlingii was remapped to 'Schunkea' (id=2972319)
	Nohawilliamsia orthostates was remapped to 'Nohawilliamsia' (id=2973102)
	Masdevallia uniflora was remapped to 'Masdevallia' (id=2960105)
	Epipactis fageticola was remapped to 'Epipactis' (id=2991967)
	Solenidium portillae was remapped to 'Solenidium' (id=2975001)
	Meiracyllium trinasutum was remapped to 'Meiracyllium' (id=2954657)
	Otoglossum harlingii was remapped to 'Otoglossum' (id=2973860)
	Stanhopea ecornuta was remapped to 'Stanhopea' (id=2969818)
	Miltonia regnellii was remapped to 'Miltonia' (id=2972444)
	Fernandezia ionanthera was remapped to 'Fernandezia' (id=2974945)
	Phymatidium falcifolium was remapped to 'Phymatidium' (id=2972408)
	Trichopilia fragrans was remapped to 'Trichopilia' (id=2970452)
	Dendrochilum cobbianum was remapped to 'Dendrochilum' (id=2967923)
	Nervilia bicarinata was remapped to 'Nervilia' (id=2991743)
	Coelia macrostachya was remapped to 'Coeliinae' (id=2954538)
	Caucaea phalaenopsis was remapped to 'Caucaea' (id=2974825)
	Epidendrum campestre was remapped to 'Epidendrum' (id=2956427)
	Sutrina garayi was remapped to 'Sutrina' (id=2972325)
	Warmingia zamorana was remapped to 'Warmingia' (id=2974650)
	Helcia brevis was remapped to 'Helcia' (id=2974511)
	Polystachya pubescens was remapped to 'Polystachyinae' (id=2985660)
	Polyotidium huebneri was remapped to 'Polyotidium' (id=2974683)
	Thecostele alata was remapped to 'Eulophiinae' (id=2986730)
	Prosthechea abbreviata was remapped to 'Prosthechea' (id=2954754)
	Neofinetia falcata was remapped to 'Neofinetia' (id=2982983)
	Bletilla striata was remapped to 'Bletilla' (id=2967880)
	Psychopsis sanderae was remapped to 'Psychopsis' (id=2972368)
	Xerorchis amazonica was remapped to 'Xerorchis' (id=2991925)
	Catasetum expansum was remapped to 'Catasetum' (id=2988277)
	Aplectrum hyemale was remapped to 'Aplectrum' (id=2986394)
	Pterostemma antioquiense was remapped to 'Pterostemma' (id=2973146)
	Aspasia lunata was remapped to 'Aspasia' (id=2974517)
	Houlletia sanderi was remapped to 'Houlletia' (id=2969722)
	Trizeuxis falcata was remapped to 'Trizeuxis' (id=2972359)
	Hirtzia benzingii was remapped to 'Hirtzia' (id=2973702)
	Macradenia rubescens was remapped to 'Macradenia' (id=2973705)
	Calypso bulbosa was remapped to 'Calypso' (id=2986402)
	Arethusa bulbosa was remapped to 'Arethusa' (id=2968581)
	Mesospinidium horichii was remapped to 'Mesospinidium' (id=2972429)
	Leochilus inconspicuus was remapped to 'Leochilus' (id=2974546)
	Tipularia discolor was remapped to 'Tipularia' (id=2986379)
	Chysis bractescens was remapped to 'Chysinae' (id=2986288)
	Bletia catenulata was remapped to 'Bletiinae' (id=2954371)
	Notylia ecuadorensis was remapped to 'Notylia' (id=2975061)
	Chytroglossa marileoniae was remapped to 'Chytroglossa' (id=2974994)
	Brassia arcuigera was remapped to 'Brassia' (id=2971197)
	Zygostates apiculata was remapped to 'Zygostates' (id=2973964)
	Aeranthes ramosa was remapped to 'Aeranthes' (id=2984465)
	Brachtia andina was remapped to 'Brachtia' (id=2974378)
	Notyliopsis beatricis was remapped to 'Notyliopsis' (id=2974999)
	Lycomormium squalidum was remapped to 'Coeliopsidinae' (id=2970389)
	Rossioglossum ampliatum was remapped to 'Rossioglossum' (id=2972332)
	Plectrophora cultrifolia was remapped to 'Plectrophora' (id=2972387)
	Coelogyne cristata was remapped to 'Coelogyne' (id=2967473)
	Eria ferruginea was remapped to 'Eria' (id=2978003)
	Podochilus cultratus was remapped to 'Podochilinae' (id=2977317)
	Galeandra devoniana was remapped to 'Galeandra' (id=2988171)
	Pachyphyllum crystallinum was remapped to 'Pachyphyllum' (id=2973755)
	Saundersia paniculata was remapped to 'Saundersia' (id=2972321)
	Sobralia macrantha was remapped to 'Sobralia' (id=2979635)
	Palmorchis trilobulata was remapped to 'Palmorchis' (id=2991931)
	Cischweinfia dasyandra was remapped to 'Cischweinfia' (id=2974485)
	Bifrenaria harrisoniae was remapped to 'Bifrenaria' (id=2970278)
	Hintonella mexicana was remapped to 'Hintonella' (id=2972405)
	Malaxis spicata was remapped to 'Malaxideae' (id=2988623)
	Dilomilis montana was remapped to 'Dilomilis' (id=2967047)
	Phalaenopsis aphrodite was remapped to 'Phalaenopsis' (id=2982122)
	Trichotosia ferox was remapped to 'Trichotosia' (id=2978815)
	Pseudolaelia vellozicola was remapped to 'Pseudolaelia' (id=2954732)
	Raycadenco ecuadorensis was remapped to 'Raycadenco' (id=2970829)
	Acineta chrysantha was remapped to 'Acineta' (id=2969969)
	Trichoceros antennifer was remapped to 'Trichoceros' (id=2974595)
	Listera smallii was remapped to 'Listera' (id=2992391)
	Gomesa gomezoides was remapped to 'Gomesa' (id=2972579)
	Lockhartia micrantha was remapped to 'Lockhartia' (id=2974880)
	Capanemia superflua was remapped to 'Capanemia' (id=2970832)
	Rodriguezia batemanii was remapped to 'Rodriguezia' (id=2974398)
	Arpophyllum giganteum was remapped to 'Arpophyllum' (id=2954725)
	Kegeliella kupperi was remapped to 'Kegeliella' (id=2969715)
	Cattleya dowiana was remapped to 'Cattleya' (id=2958329)
	Trichocentrum lindenii was remapped to 'Lophiaris' (id=2973724)
	Hofmeisterella eumicroscopica was remapped to 'Hofmeisterella' (id=2972576)
	Rhynchostele londesboroughiana was remapped to 'Rhynchostele' (id=2970744)
	Tropidia was remapped to 'Tropidieae' (id=2992818)
	Ionopsis minutiflora was remapped to 'Ionopsis' (id=2973825)
	Diaphananthe rutila was remapped to 'Rhipidoglossum' (id=2984535)
	Huntleya heteroclita was remapped to 'Zygopetalinae' (id=2968635)
	Lycaste cruenta was remapped to 'Lycastinae' (id=2976946)
	Tolumnia calochila was remapped to 'Tolumnia' (id=2971069)
	Systeloglossum acuminatum was remapped to 'Systeloglossum' (id=2971057)
	Neottia nidus-avis was remapped to 'Neottia' (id=2992202)
	Seegeriella pinifolia was remapped to 'Seegeriella' (id=2974680)
	Angraecum sesquipedale was remapped to 'Angraecum' (id=2983701)
	Ornithocephalus dressleri was remapped to 'Ornithocephalus' (id=2974734)
	Thunia alba was remapped to 'Thunia' (id=2968367)
	Arundina graminifolia was remapped to 'Arundina' (id=2968583)
	Vitekorchis excavata was remapped to 'Vitekorchis' (id=2974628)
this is the ROOT
placing root in index
Dealing with metadata property: id
Dealing with metadata property: ot:studyPublicationReference
Adding property 'ot:studyPublicationReference': Xiang, X.-G., Li, D.-Z., Jin, W.-T., Zhou, H.-L., Li, J.-W., & Jin, X.-H. 2012. Phylogenetic placement of the enigmatic orchid genera Thaia and Tangtsinia: Evidence from molecular and morphological characters. Taxon 61: 45-54.
Dealing with metadata property: ot:studyYear
Adding property 'ot:studyYear': 2012
Dealing with metadata property: ot:inGroupClade
Adding property 'ot:inGroupClade': node437706
Dealing with metadata property: ot:tag
Adding property 'ot:tag': ingroup added;
Dealing with metadata property: ot:curatorName
Adding property 'ot:curatorName': Jiabin Deng
Dealing with metadata property: ot:focalClade
Adding property 'ot:focalClade': 2040879
Dealing with metadata property: ot:studyId
Adding property 'ot:studyId': 726
Committing nodes: 210
{2954369}
2967127
2970250
2972504
2974046
2974073
2977637
2979392
2987962
2992513
2992530
2954371
	adding Node[2954371] Bletiinae 595045 as compatible with Node[2954371]
		adding Relationship[8257716]
2954538
	adding Node[2954538] Coeliinae 932538 as compatible with Node[2954538]
		adding Relationship[8257717]
2954657
	adding Node[2954657] Meiracyllium 8945 as compatible with Node[2954657]
		adding Relationship[8257718]
2954725
	adding Node[2954725] Arpophyllum 8958 as compatible with Node[2954725]
		adding Relationship[8257719]
2954732
	adding Node[2954732] Pseudolaelia 14336 as compatible with Node[2954732]
		adding Relationship[8257720]
2954754
	adding Node[2954754] Prosthechea 14338 as compatible with Node[2954754]
		adding Relationship[8257721]
2956427
	adding Node[2956427] Epidendrum 819057 as compatible with Node[2956427]
		adding Relationship[8257722]
2958329
2960105
	adding Node[2960105] Masdevallia 179411 as compatible with Node[2960105]
		adding Relationship[8257723]
2961931
	adding Node[2961931] Pleurothallis 315608 as compatible with Node[2961931]
		adding Relationship[8257724]
2967047
	adding Node[2967047] Dilomilis 862857 as compatible with Node[2967047]
		adding Relationship[8257725]
2967473
	adding Node[2967473] Coelogyne 244331 as compatible with Node[2967473]
		adding Relationship[8257726]
2967880
	adding Node[2967880] Bletilla 147335 as compatible with Node[2967880]
		adding Relationship[8257727]
2967923
	adding Node[2967923] Dendrochilum 163513 as compatible with Node[2967923]
		adding Relationship[8257728]
2968367
	adding Node[2968367] Thunia 530307 as compatible with Node[2968367]
		adding Relationship[8257729]
2968581
2968583
	adding Node[2968583] Arundina 389399 as compatible with Node[2968583]
		adding Relationship[8257730]
2968635
	adding Node[2968635] Zygopetalinae 456998 as compatible with Node[2968635]
		adding Relationship[8257731]
2969715
	adding Node[2969715] Kegeliella 188850 as compatible with Node[2969715]
		adding Relationship[8257732]
2969722
	adding Node[2969722] Houlletia 188863 as compatible with Node[2969722]
		adding Relationship[8257733]
2969818
	adding Node[2969818] Stanhopea 767484 as compatible with Node[2969818]
		adding Relationship[8257734]
2969969
	adding Node[2969969] Acineta 784148 as compatible with Node[2969969]
		adding Relationship[8257735]
2970278
	adding Node[2970278] Bifrenaria 147332 as compatible with Node[2970278]
		adding Relationship[8257736]
2970389
	adding Node[2970389] Coeliopsidinae 704516 as compatible with Node[2970389]
		adding Relationship[8257737]
2970452
	adding Node[2970452] Trichopilia 38221 as compatible with Node[2970452]
		adding Relationship[8257738]
2970744
	adding Node[2970744] Rhynchostele 78242 as compatible with Node[2970744]
		adding Relationship[8257739]
2970829
	adding Node[2970829] Raycadenco 202038 as compatible with Node[2970829]
		adding Relationship[8257740]
2970832
	adding Node[2970832] Capanemia 167070 as compatible with Node[2970832]
		adding Relationship[8257741]
2970870
	adding Node[2970870] Comparettia 645486 as compatible with Node[2970870]
		adding Relationship[8257742]
2971057
	adding Node[2971057] Systeloglossum 130415 as compatible with Node[2971057]
		adding Relationship[8257743]
2971069
	adding Node[2971069] Tolumnia 130418 as compatible with Node[2971069]
		adding Relationship[8257744]
2971197
	adding Node[2971197] Brassia 135816 as compatible with Node[2971197]
		adding Relationship[8257745]
2971312
	adding Node[2971312] Oncidium 137617 as compatible with Node[2971312]
		adding Relationship[8257746]
2972319
2972321
	adding Node[2972321] Saundersia 169428 as compatible with Node[2972321]
		adding Relationship[8257747]
2972325
	adding Node[2972325] Sutrina 169432 as compatible with Node[2972325]
		adding Relationship[8257748]
2972332
	adding Node[2972332] Rossioglossum 196361 as compatible with Node[2972332]
		adding Relationship[8257749]
2972359
2972368
	adding Node[2972368] Psychopsis 207538 as compatible with Node[2972368]
		adding Relationship[8257750]
2972387
	adding Node[2972387] Plectrophora 220088 as compatible with Node[2972387]
		adding Relationship[8257751]
2972405
2972408
	adding Node[2972408] Phymatidium 229029 as compatible with Node[2972408]
		adding Relationship[8257752]
2972429
	adding Node[2972429] Mesospinidium 258558 as compatible with Node[2972429]
		adding Relationship[8257753]
2972444
	adding Node[2972444] Miltonia 258562 as compatible with Node[2972444]
		adding Relationship[8257754]
2972576
2972579
	adding Node[2972579] Gomesa 262022 as compatible with Node[2972579]
		adding Relationship[8257755]
2973102
2973146
	adding Node[2973146] Pterostemma 340848 as compatible with Node[2973146]
		adding Relationship[8257756]
2973702
2973705
	adding Node[2973705] Macradenia 387554 as compatible with Node[2973705]
		adding Relationship[8257757]
2973724
	adding Node[2973724] Lophiaris 413560 as compatible with Node[2973724]
		adding Relationship[8257758]
2973755
	adding Node[2973755] Pachyphyllum 985150 as compatible with Node[2973755]
		adding Relationship[8257759]
2973825
	adding Node[2973825] Ionopsis 461325 as compatible with Node[2973825]
		adding Relationship[8257760]
2973860
	adding Node[2973860] Otoglossum 465797 as compatible with Node[2973860]
		adding Relationship[8257761]
2973964
	adding Node[2973964] Zygostates 529750 as compatible with Node[2973964]
		adding Relationship[8257762]
2974378
	adding Node[2974378] Brachtia 1002099 as compatible with Node[2974378]
		adding Relationship[8257763]
2974398
	adding Node[2974398] Rodriguezia 652207 as compatible with Node[2974398]
		adding Relationship[8257764]
2974485
	adding Node[2974485] Cischweinfia 657998 as compatible with Node[2974485]
		adding Relationship[8257765]
2974511
	adding Node[2974511] Helcia 668102 as compatible with Node[2974511]
		adding Relationship[8257766]
2974517
	adding Node[2974517] Aspasia 683190 as compatible with Node[2974517]
		adding Relationship[8257767]
2974546
	adding Node[2974546] Leochilus 689691 as compatible with Node[2974546]
		adding Relationship[8257768]
2974595
	adding Node[2974595] Trichoceros 705073 as compatible with Node[2974595]
		adding Relationship[8257769]
2974615
2974619
	adding Node[2974619] Oliveriana 741028 as compatible with Node[2974619]
		adding Relationship[8257770]
2974628
	adding Node[2974628] Vitekorchis 743770 as compatible with Node[2974628]
		adding Relationship[8257771]
2974650
	adding Node[2974650] Warmingia 743773 as compatible with Node[2974650]
		adding Relationship[8257772]
2974680
	adding Node[2974680] Seegeriella 791755 as compatible with Node[2974680]
		adding Relationship[8257773]
2974683
2974686
	adding Node[2974686] Grandiphyllum 812100 as compatible with Node[2974686]
		adding Relationship[8257774]
2974734
	adding Node[2974734] Ornithocephalus 833069 as compatible with Node[2974734]
		adding Relationship[8257775]
2974825
	adding Node[2974825] Caucaea 873005 as compatible with Node[2974825]
		adding Relationship[8257776]
2974880
	adding Node[2974880] Lockhartia 883217 as compatible with Node[2974880]
		adding Relationship[8257777]
2974945
	adding Node[2974945] Fernandezia 934127 as compatible with Node[2974945]
		adding Relationship[8257778]
2974994
	adding Node[2974994] Chytroglossa 954823 as compatible with Node[2974994]
		adding Relationship[8257779]
2974999
2975001
	adding Node[2975001] Solenidium 1006036 as compatible with Node[2975001]
		adding Relationship[8257780]
2975061
	adding Node[2975061] Notylia 785353 as compatible with Node[2975061]
		adding Relationship[8257781]
2976946
	adding Node[2976946] Lycastinae 932541 as compatible with Node[2976946]
		adding Relationship[8257782]
2977317
	adding Node[2977317] Podochilinae 55099 as compatible with Node[2977317]
		adding Relationship[8257783]
2978003
	adding Node[2978003] Eria 193316 as compatible with Node[2978003]
		adding Relationship[8257784]
2978815
	adding Node[2978815] Trichotosia 280966 as compatible with Node[2978815]
		adding Relationship[8257785]
2979635
	adding Node[2979635] Sobralia 244324 as compatible with Node[2979635]
		adding Relationship[8257786]
2982122
2982983
	adding Node[2982983] Neofinetia 753598 as compatible with Node[2982983]
		adding Relationship[8257787]
2983701
	adding Node[2983701] Angraecum 244338 as compatible with Node[2983701]
		adding Relationship[8257788]
2984465
	adding Node[2984465] Aeranthes 784140 as compatible with Node[2984465]
		adding Relationship[8257789]
2984535
	adding Node[2984535] Rhipidoglossum 75580 as compatible with Node[2984535]
		adding Relationship[8257790]
2985363
	adding Node[2985363] Aerangis 819069 as compatible with Node[2985363]
		adding Relationship[8257791]
2985660
	adding Node[2985660] Polystachyinae 932537 as compatible with Node[2985660]
		adding Relationship[8257792]
2986288
	adding Node[2986288] Chysinae 251634 as compatible with Node[2986288]
		adding Relationship[8257793]
2986379
	adding Node[2986379] Tipularia 767477 as compatible with Node[2986379]
		adding Relationship[8257794]
2986394
2986402
2986420
	adding Node[2986420] Cymbidiinae 106667 as compatible with Node[2986420]
		adding Relationship[8257795]
2986730
	adding Node[2986730] Eulophiinae 406686 as compatible with Node[2986730]
		adding Relationship[8257796]
2988171
	adding Node[2988171] Galeandra 177497 as compatible with Node[2988171]
		adding Relationship[8257797]
2988277
	adding Node[2988277] Catasetum 915009 as compatible with Node[2988277]
		adding Relationship[8257798]
2988623
	adding Node[2988623] Malaxideae 595054 as compatible with Node[2988623]
		adding Relationship[8257799]
2991743
	adding Node[2991743] Nervilia 753606 as compatible with Node[2991743]
		adding Relationship[8257800]
2991925
	adding Node[2991925] Xerorchis 855545 as compatible with Node[2991925]
		adding Relationship[8257801]
2991931
	adding Node[2991931] Palmorchis 128528 as compatible with Node[2991931]
		adding Relationship[8257802]
2991967
	adding Node[2991967] Epipactis 243186 as compatible with Node[2991967]
		adding Relationship[8257803]
2992202
	adding Node[2992202] Neottia 875532 as compatible with Node[2992202]
		adding Relationship[8257804]
2992391
	adding Node[2992391] Listera 909733 as compatible with Node[2992391]
		adding Relationship[8257805]
2992596
2992818
[Node[2973755], Node[2972387], Node[2971197], Node[2986730], Node[2984535], Node[2987954], Node[2984534], Node[2967047], Node[2954371], Node[2974825], Node[2972408], Node[2974485], Node[2973724], Node[2969722], Node[2973964], Node[2974511], Node[2969715], Node[2954657], Node[2988623], Node[2992391], Node[2969708], Node[2973705], Node[2975061], Node[2972368], Node[2970452], Node[2969969], Node[2974517], Node[2972321], Node[2986379], Node[2973146], Node[2979383], Node[2972325], Node[2972332], Node[2972579], Node[2979635], Node[2984465], Node[2967104], Node[2967105], Node[2976946], Node[2974546], Node[2954732], Node[2970744], Node[2954725], Node[2992202], Node[2974994], Node[2974734], Node[2970389], Node[2975001], Node[2986420], Node[3501539], Node[2974595], Node[2956427], Node[3501538], Node[2991707], Node[3501537], Node[3501541], Node[2967923], Node[2969818], Node[3501546], Node[2971312], Node[3501550], Node[3501548], Node[3501554], Node[2979870], Node[3501552], Node[2979871], Node[2973860], Node[2991967], Node[3501556], Node[3501557], Node[2983701], Node[2974619], Node[2974945], Node[2968635], Node[3501505], Node[3501504], Node[2968583], Node[2985363], Node[3501506], Node[2991743], Node[3501509], Node[3501508], Node[2974628], Node[3501511], Node[3501513], Node[2954538], Node[3501515], Node[2974398], Node[3501519], Node[3501518], Node[3501520], Node[2967880], Node[2977959], Node[3501521], Node[3501522], Node[2971069], Node[3501523], Node[2973825], Node[3501524], Node[2954754], Node[3501525], Node[2961931], Node[3501526], Node[2988277], Node[2985660], Node[3501529], Node[2974378], Node[2974650], Node[3501530], Node[2967473], Node[3501532], Node[3501533], Node[3501534], Node[2971057], Node[3501535], Node[2988171], Node[2978003], Node[2970832], Node[3501494], Node[3501495], Node[3501492], Node[3501493], Node[3501490], Node[2970278], Node[3501489], Node[2970829], Node[2974686], Node[3501502], Node[2983491], Node[3501503], Node[2978815], Node[3501500], Node[3501501], Node[3501498], Node[3501499], Node[3501496], Node[2974680], Node[2974880], Node[2972444], Node[2977317], Node[2960105], Node[2970870], Node[2986288], Node[2954612], Node[2959158], Node[2970246], Node[2972429], Node[2968367], Node[2991931], Node[2991930], Node[2991925], Node[2982983]]
	Node[2973755]
		adding Relationship[8257806] from Node[2973755] to Node[3501529]
	Node[2972387]
		adding Relationship[8257807] from Node[2972387] to Node[3501518]
	Node[2971197]
		adding Relationship[8257808] from Node[2971197] to Node[3501502]
	Node[2986730]
		adding Relationship[8257809] from Node[2986730] to Node[3501541]
	Node[2984535]
		adding Relationship[8257810] from Node[2984535] to Node[2984534]
	Node[2987954]
	Node[2984534]
		adding Relationship[8257811] from Node[2984534] to Node[2979870]
	Node[2967047]
		adding Relationship[8257812] from Node[2967047] to Node[2959158]
	Node[2954371]
		adding Relationship[8257813] from Node[2954371] to Node[3501554]
	Node[2974825]
		adding Relationship[8257814] from Node[2974825] to Node[3501521]
	Node[2972408]
		adding Relationship[8257815] from Node[2972408] to Node[3501525]
	Node[2974485]
		adding Relationship[8257816] from Node[2974485] to Node[3501501]
	Node[2973724]
		adding Relationship[8257817] from Node[2973724] to Node[3501533]
	Node[2969722]
		adding Relationship[8257818] from Node[2969722] to Node[2969708]
	Node[2973964]
		adding Relationship[8257819] from Node[2973964] to Node[3501524]
	Node[2974511]
		adding Relationship[8257820] from Node[2974511] to Node[3501537]
	Node[2969715]
		adding Relationship[8257821] from Node[2969715] to Node[3501494]
		adding Relationship[8257822] from Node[2969715] to Node[2969708]
	Node[2954657]
		adding Relationship[8257823] from Node[2954657] to Node[3501548]
		adding Relationship[8257824] from Node[2954657] to Node[2954612]
	Node[2988623]
		adding Relationship[8257825] from Node[2988623] to Node[3501493]
	Node[2992391]
		adding Relationship[8257826] from Node[2992391] to Node[3501489]
		adding Relationship[8257827] from Node[2992391] to Node[2991930]
	Node[2969708]
		adding Relationship[8257828] from Node[2969708] to Node[3501495]
	Node[2973705]
		adding Relationship[8257829] from Node[2973705] to Node[3501508]
	Node[2975061]
		adding Relationship[8257830] from Node[2975061] to Node[3501509]
	Node[2972368]
		adding Relationship[8257831] from Node[2972368] to Node[3501538]
	Node[2970452]
		adding Relationship[8257832] from Node[2970452] to Node[3501537]
	Node[2969969]
		adding Relationship[8257833] from Node[2969969] to Node[3501494]
		adding Relationship[8257834] from Node[2969969] to Node[2969708]
	Node[2974517]
		adding Relationship[8257835] from Node[2974517] to Node[3501502]
	Node[2972321]
		adding Relationship[8257836] from Node[2972321] to Node[3501533]
	Node[2986379]
		adding Relationship[8257837] from Node[2986379] to Node[3501492]
	Node[2973146]
		adding Relationship[8257838] from Node[2973146] to Node[3501506]
	Node[2979383]
	Node[2972325]
		adding Relationship[8257839] from Node[2972325] to Node[3501511]
	Node[2972332]
		adding Relationship[8257840] from Node[2972332] to Node[3501532]
	Node[2972579]
		adding Relationship[8257841] from Node[2972579] to Node[3501519]
	Node[2979635]
		adding Relationship[8257842] from Node[2979635] to Node[2979383]
	Node[2984465]
		adding Relationship[8257843] from Node[2984465] to Node[2983491]
	Node[2967104]
	Node[2967105]
		adding Relationship[8257844] from Node[2967105] to Node[2967104]
	Node[2976946]
		adding Relationship[8257845] from Node[2976946] to Node[3501496]
	Node[2974546]
		adding Relationship[8257846] from Node[2974546] to Node[3501513]
	Node[2954732]
		adding Relationship[8257847] from Node[2954732] to Node[3501550]
		adding Relationship[8257848] from Node[2954732] to Node[2954612]
	Node[2970744]
		adding Relationship[8257849] from Node[2970744] to Node[3501520]
	Node[2954725]
		adding Relationship[8257850] from Node[2954725] to Node[2954612]
	Node[2992202]
		adding Relationship[8257851] from Node[2992202] to Node[3501489]
		adding Relationship[8257852] from Node[2992202] to Node[2991930]
	Node[2974994]
		adding Relationship[8257853] from Node[2974994] to Node[3501523]
	Node[2974734]
		adding Relationship[8257854] from Node[2974734] to Node[3501522]
	Node[2970389]
		adding Relationship[8257855] from Node[2970389] to Node[3501495]
	Node[2975001]
		adding Relationship[8257856] from Node[2975001] to Node[3501504]
	Node[2986420]
		adding Relationship[8257857] from Node[2986420] to Node[3501541]
	Node[3501539]
		adding Relationship[8257858] from Node[3501539] to Node[2987954]
	Node[2974595]
		adding Relationship[8257859] from Node[2974595] to Node[3501526]
	Node[2956427]
		adding Relationship[8257860] from Node[2956427] to Node[3501548]
		adding Relationship[8257861] from Node[2956427] to Node[2954612]
	Node[3501538]
	Node[2991707]
	Node[3501537]
		adding Relationship[8257862] from Node[3501537] to Node[3501538]
	Node[3501541]
	Node[2967923]
		adding Relationship[8257863] from Node[2967923] to Node[3501546]
		adding Relationship[8257864] from Node[2967923] to Node[2967105]
	Node[2969818]
		adding Relationship[8257865] from Node[2969818] to Node[2969708]
	Node[3501546]
	Node[2971312]
		adding Relationship[8257866] from Node[2971312] to Node[3501520]
	Node[3501550]
	Node[3501548]
	Node[3501554]
	Node[2979870]
	Node[3501552]
		adding Relationship[8257867] from Node[3501552] to Node[2959158]
	Node[2979871]
		adding Relationship[8257868] from Node[2979871] to Node[2979870]
	Node[2973860]
		adding Relationship[8257869] from Node[2973860] to Node[3501521]
	Node[2991967]
		adding Relationship[8257870] from Node[2991967] to Node[3501490]
		adding Relationship[8257871] from Node[2991967] to Node[2991930]
	Node[3501556]
	Node[3501557]
	Node[2983701]
		adding Relationship[8257872] from Node[2983701] to Node[2983491]
	Node[2974619]
		adding Relationship[8257873] from Node[2974619] to Node[3501500]
	Node[2974945]
		adding Relationship[8257874] from Node[2974945] to Node[3501529]
	Node[2968635]
		adding Relationship[8257875] from Node[2968635] to Node[3501498]
	Node[3501505]
	Node[3501504]
	Node[2968583]
		adding Relationship[8257876] from Node[2968583] to Node[2967104]
	Node[2985363]
		adding Relationship[8257877] from Node[2985363] to Node[2984534]
	Node[3501506]
	Node[2991743]
		adding Relationship[8257878] from Node[2991743] to Node[2991707]
	Node[3501509]
	Node[3501508]
	Node[2974628]
		adding Relationship[8257879] from Node[2974628] to Node[3501521]
	Node[3501511]
	Node[3501513]
	Node[2954538]
		adding Relationship[8257880] from Node[2954538] to Node[3501556]
	Node[3501515]
	Node[2974398]
		adding Relationship[8257881] from Node[2974398] to Node[3501511]
	Node[3501519]
		adding Relationship[8257882] from Node[3501519] to Node[3501520]
	Node[3501518]
		adding Relationship[8257883] from Node[3501518] to Node[3501519]
	Node[3501520]
		adding Relationship[8257884] from Node[3501520] to Node[3501521]
	Node[2967880]
		adding Relationship[8257885] from Node[2967880] to Node[2967105]
	Node[2977959]
		adding Relationship[8257886] from Node[2977959] to Node[3501557]
	Node[3501521]
	Node[3501522]
		adding Relationship[8257887] from Node[3501522] to Node[3501523]
	Node[2971069]
		adding Relationship[8257888] from Node[2971069] to Node[3501515]
	Node[3501523]
		adding Relationship[8257889] from Node[3501523] to Node[3501524]
	Node[2973825]
		adding Relationship[8257890] from Node[2973825] to Node[3501505]
	Node[3501524]
		adding Relationship[8257891] from Node[3501524] to Node[3501525]
	Node[2954754]
		adding Relationship[8257892] from Node[2954754] to Node[3501550]
		adding Relationship[8257893] from Node[2954754] to Node[2954612]
	Node[3501525]
	Node[2961931]
		adding Relationship[8257894] from Node[2961931] to Node[3501552]
		adding Relationship[8257895] from Node[2961931] to Node[2959158]
	Node[3501526]
	Node[2988277]
		adding Relationship[8257896] from Node[2988277] to Node[3501539]
		adding Relationship[8257897] from Node[2988277] to Node[2987954]
	Node[2985660]
		adding Relationship[8257898] from Node[2985660] to Node[2979870]
	Node[3501529]
		adding Relationship[8257899] from Node[3501529] to Node[3501530]
	Node[2974378]
		adding Relationship[8257900] from Node[2974378] to Node[3501499]
	Node[2974650]
		adding Relationship[8257901] from Node[2974650] to Node[3501509]
	Node[3501530]
	Node[2967473]
		adding Relationship[8257902] from Node[2967473] to Node[3501546]
		adding Relationship[8257903] from Node[2967473] to Node[2967105]
	Node[3501532]
	Node[3501533]
		adding Relationship[8257904] from Node[3501533] to Node[3501534]
	Node[3501534]
		adding Relationship[8257905] from Node[3501534] to Node[3501535]
	Node[2971057]
		adding Relationship[8257906] from Node[2971057] to Node[3501500]
	Node[3501535]
	Node[2988171]
		adding Relationship[8257907] from Node[2988171] to Node[2987954]
	Node[2978003]
		adding Relationship[8257908] from Node[2978003] to Node[2977959]
	Node[2970832]
		adding Relationship[8257909] from Node[2970832] to Node[3501504]
	Node[3501494]
		adding Relationship[8257910] from Node[3501494] to Node[2969708]
	Node[3501495]
	Node[3501492]
		adding Relationship[8257911] from Node[3501492] to Node[3501493]
	Node[3501493]
	Node[3501490]
	Node[2970278]
		adding Relationship[8257912] from Node[2970278] to Node[2970246]
	Node[3501489]
		adding Relationship[8257913] from Node[3501489] to Node[3501490]
	Node[2970829]
		adding Relationship[8257914] from Node[2970829] to Node[3501530]
	Node[2974686]
		adding Relationship[8257915] from Node[2974686] to Node[3501534]
	Node[3501502]
		adding Relationship[8257916] from Node[3501502] to Node[3501503]
	Node[2983491]
		adding Relationship[8257917] from Node[2983491] to Node[2979870]
	Node[3501503]
		adding Relationship[8257918] from Node[3501503] to Node[3501521]
	Node[2978815]
		adding Relationship[8257919] from Node[2978815] to Node[2977959]
	Node[3501500]
		adding Relationship[8257920] from Node[3501500] to Node[3501501]
	Node[3501501]
		adding Relationship[8257921] from Node[3501501] to Node[3501502]
	Node[3501498]
	Node[3501499]
		adding Relationship[8257922] from Node[3501499] to Node[3501502]
	Node[3501496]
	Node[2974680]
		adding Relationship[8257923] from Node[2974680] to Node[3501508]
	Node[2974880]
		adding Relationship[8257924] from Node[2974880] to Node[3501535]
	Node[2972444]
		adding Relationship[8257925] from Node[2972444] to Node[3501503]
	Node[2977317]
		adding Relationship[8257926] from Node[2977317] to Node[3501557]
	Node[2960105]
		adding Relationship[8257927] from Node[2960105] to Node[3501552]
		adding Relationship[8257928] from Node[2960105] to Node[2959158]
	Node[2970870]
		adding Relationship[8257929] from Node[2970870] to Node[3501505]
	Node[2986288]
		adding Relationship[8257930] from Node[2986288] to Node[3501554]
	Node[2954612]
	Node[2959158]
	Node[2970246]
		adding Relationship[8257931] from Node[2970246] to Node[3501496]
	Node[2972429]
		adding Relationship[8257932] from Node[2972429] to Node[3501499]
	Node[2968367]
		adding Relationship[8257933] from Node[2968367] to Node[2967105]
	Node[2991931]
		adding Relationship[8257934] from Node[2991931] to Node[2991930]
	Node[2991930]
	Node[2991925]
		adding Relationship[8257935] from Node[2991925] to Node[2991707]
	Node[2982983]
		adding Relationship[8257936] from Node[2982983] to Node[2979871]
