pgloadind OTUs number 65
pgloadind Processing tree @id "1306"
pgloadind   tree info number nodes 57
pgloadind   tree info number edges 56
pgloadind   tree info ingroup "node438041"
pgloadind   Setting ingroup root node.
pgloadind   Ingested tree number of external nodes 27
pgloadind   property added ot:studyPublicationReference "Weigend M., Gottschling M., Selvi F., & Hilger H. 2010. Fossil and extant Western Hemisphere Boragineae, and the polyphyly of Trigonotideae Riedl (Boraginaceae: Boraginoideae). Systematic Botany, 35(2): 409-419."
pgloadind   property added ot:studyPublication "http://dx.doi.org/10.1600/036364410791638423"
pgloadind   property added ot:curatorName "bryan drew"
pgloadind   property added ot:dataDeposit "http://purl.org/phylo/treebase/phylows/study/TB2:S10140"
pgloadind   property added ot:studyId "728"
pgloadind   property added ot:studyYear "2010"
pgloadind   property added ot:inGroupClade "node438041"
pgloadind   property added ot:curatedType "ITS trnLF"
pgloadind Processing tree @id "1307"
pgloadind   tree info number nodes 121
pgloadind   tree info number edges 120
pgloadind   tree info ingroup "node438108"
pgloadind   Setting ingroup root node.
pgloadind   Ingested tree number of external nodes 54
pgloadind   property added ot:studyPublicationReference "Weigend M., Gottschling M., Selvi F., & Hilger H. 2010. Fossil and extant Western Hemisphere Boragineae, and the polyphyly of Trigonotideae Riedl (Boraginaceae: Boraginoideae). Systematic Botany, 35(2): 409-419."
pgloadind   property added ot:studyPublication "http://dx.doi.org/10.1600/036364410791638423"
pgloadind   property added ot:curatorName "bryan drew"
pgloadind   property added ot:dataDeposit "http://purl.org/phylo/treebase/phylows/study/TB2:S10140"
pgloadind   property added ot:studyId "728"
pgloadind   property added ot:studyYear "2010"
pgloadind   property added ot:inGroupClade "node438108"
pgloadind   property added ot:curatedType "trnLF"
loading a specific tree: 1307
skipping tree: 1306
pgloadind conducting TNRS on trees
pgloadind   name fixing on tree tree id "1307"
pgloadind     OTT ID missing name "Echium vulgare 2074" nexsonid "node438167"
pgloadind     OTT ID missing name "Echium vulgare 2063echvul" nexsonid "node438168"
pgloadind     OTT ID missing name "Mertensia viridis" nexsonid "node438209"
pgloadind   TNRS unmatched total number 2
170483 jade.tree.JadeNode@68acfc3
pgloadind     TNRS resolved ottId OTT ID 170483 name "Mertensia oblongifolia" searched on "Mertensia viridis"nexsonid "node438209"
pgloadind     pruning unmapped name "Echium vulgare 2074" nexsonid "node438167"
pgloadind     pruning unmapped name "Echium vulgare 2063echvul" nexsonid "node438168"
pgloadind     OTT ID not in database (probably dubious)
pgloadind       dubious name "Moritzia lindenii" nexsonid "node438112"
pgloadind       dubious OTT ID 353540
pgloadind     OTT ID not in database (probably dubious)
pgloadind       dubious name "Thaumatocaryon tetraquetrum" nexsonid "node438114"
pgloadind       dubious OTT ID 767088
pgloadind     OTT ID not in database (probably dubious)
pgloadind       dubious name "Thaumatocaryon dasyanthum" nexsonid "node438115"
pgloadind       dubious OTT ID 202200
pgloadind     OTT ID not in database (probably dubious)
pgloadind       dubious name "Trachystemon orientalis" nexsonid "node438118"
pgloadind       dubious OTT ID 1036105
pgloadind     OTT ID not in database (probably dubious)
pgloadind       dubious name "Anchusa crispa" nexsonid "node438124"
pgloadind       dubious OTT ID 797105
pgloadind     OTT ID not in database (probably dubious)
pgloadind       dubious name "Anchusa formosa" nexsonid "node438125"
pgloadind       dubious OTT ID 900604
pgloadind     OTT ID not in database (probably dubious)
pgloadind       dubious name "Cynoglottis chetikiana" nexsonid "node438126"
pgloadind       dubious OTT ID 957270
pgloadind     OTT ID not in database (probably dubious)
pgloadind       dubious name "Anchusa italica" nexsonid "node438127"
pgloadind       dubious OTT ID 294154
pgloadind     OTT ID not in database (probably dubious)
pgloadind       dubious name "Pentaglottis sempervirens" nexsonid "node438129"
pgloadind       dubious OTT ID 96135
pgloadind     OTT ID not in database (probably dubious)
pgloadind       dubious name "Symphytum bornmuelleri" nexsonid "node438131"
pgloadind       dubious OTT ID 353531
pgloadind     OTT ID not in database (probably dubious)
pgloadind       dubious name "Symphytum bulbosum" nexsonid "node438132"
pgloadind       dubious OTT ID 856389
pgloadind     OTT ID not in database (probably dubious)
pgloadind       dubious name "Borago officinalis" nexsonid "node438135"
pgloadind       dubious OTT ID 725935
pgloadind     OTT ID not in database (probably dubious)
pgloadind       dubious name "Borago pygmaea" nexsonid "node438136"
pgloadind       dubious OTT ID 163847
pgloadind     OTT ID not in database (probably dubious)
pgloadind       dubious name "Pulmonaria obscura" nexsonid "node438138"
pgloadind       dubious OTT ID 1036117
pgloadind     OTT ID not in database (probably dubious)
pgloadind       dubious name "Pulmonaria angustifolia" nexsonid "node438139"
pgloadind       dubious OTT ID 738417
pgloadind     OTT ID not in database (probably dubious)
pgloadind       dubious name "Brunnera orientalis" nexsonid "node438141"
pgloadind       dubious OTT ID 957266
pgloadind     OTT ID not in database (probably dubious)
pgloadind       dubious name "Brunnera sibirica" nexsonid "node438143"
pgloadind       dubious OTT ID 818422
pgloadind     OTT ID not in database (probably dubious)
pgloadind       dubious name "Brunnera macrophylla" nexsonid "node438144"
pgloadind       dubious OTT ID 637427
pgloadind     OTT ID not in database (probably dubious)
pgloadind       dubious name "Alkanna tinctoria" nexsonid "node438171"
pgloadind       dubious OTT ID 1046421
pgloadind     OTT ID not in database (probably dubious)
pgloadind       dubious name "Alkanna sieberi" nexsonid "node438172"
pgloadind       dubious OTT ID 563365
pgloadind     OTT ID not in database (probably dubious)
pgloadind       dubious name "Podonosma orientalis" nexsonid "node438173"
pgloadind       dubious OTT ID 432867
pgloadind     OTT ID not in database (probably dubious)
pgloadind       dubious name "Mairetis microsperma" nexsonid "node438151"
pgloadind       dubious OTT ID 958621
pgloadind     OTT ID not in database (probably dubious)
pgloadind       dubious name "Neatostema apulum" nexsonid "node438152"
pgloadind       dubious OTT ID 958612
pgloadind     OTT ID not in database (probably dubious)
pgloadind       dubious name "Cerinthe minor" nexsonid "node438154"
pgloadind       dubious OTT ID 98424
pgloadind     OTT ID not in database (probably dubious)
pgloadind       dubious name "Cerinthe major" nexsonid "node438155"
pgloadind       dubious OTT ID 1018203
pgloadind     OTT ID not in database (probably dubious)
pgloadind       dubious name "Onosma fruticosa" nexsonid "node438156"
pgloadind       dubious OTT ID 904163
pgloadind     OTT ID not in database (probably dubious)
pgloadind       dubious name "Buglossoides purpurocaerulea" nexsonid "node438158"
pgloadind       dubious OTT ID 428886
pgloadind     OTT ID not in database (probably dubious)
pgloadind       dubious name "Buglossoides arvensis" nexsonid "node438160"
pgloadind       dubious OTT ID 97419
pgloadind     OTT ID not in database (probably dubious)
pgloadind       dubious name "Glandora diffusa" nexsonid "node438162"
pgloadind       dubious OTT ID 441783
pgloadind     OTT ID not in database (probably dubious)
pgloadind       dubious name "Lithospermum officinale" nexsonid "node438164"
pgloadind       dubious OTT ID 382392
pgloadind     OTT ID not in database (probably dubious)
pgloadind       dubious name "Lithospermum gayanum" nexsonid "node438165"
pgloadind       dubious OTT ID 382398
pgloadind     OTT ID not in database (probably dubious)
pgloadind       dubious name "Caccinia strigosa" nexsonid "node438176"
pgloadind       dubious OTT ID 818426
pgloadind     OTT ID not in database (probably dubious)
pgloadind       dubious name "Trichodesma zeylanicum" nexsonid "node438177"
pgloadind       dubious OTT ID 767094
pgloadind     OTT ID not in database (probably dubious)
pgloadind       dubious name "Trigonotis guilielmi" nexsonid "node438182"
pgloadind       dubious OTT ID 580479
pgloadind     OTT ID not in database (probably dubious)
pgloadind       dubious name "Trigonotis formosana" nexsonid "node438183"
pgloadind       dubious OTT ID 767096
pgloadind     OTT ID not in database (probably dubious)
pgloadind       dubious name "Myosotis incrassata" nexsonid "node438186"
pgloadind       dubious OTT ID 236651
pgloadind     OTT ID not in database (probably dubious)
pgloadind       dubious name "Myosotis sparsiflora" nexsonid "node438187"
pgloadind       dubious OTT ID 243745
pgloadind     OTT ID not in database (probably dubious)
pgloadind       dubious name "Myosotis caespitosa" nexsonid "node438189"
pgloadind       dubious OTT ID 353537
pgloadind     OTT ID not in database (probably dubious)
pgloadind       dubious name "Myosotis stolonifera" nexsonid "node438190"
pgloadind       dubious OTT ID 243743
pgloadind     OTT ID not in database (probably dubious)
pgloadind       dubious name "Johnstonella parviflora" nexsonid "node438194"
pgloadind       dubious OTT ID 818428
pgloadind     OTT ID not in database (probably dubious)
pgloadind       dubious name "Cryptantha patagonica" nexsonid "node438195"
pgloadind       dubious OTT ID 818433
pgloadind     OTT ID not in database (probably dubious)
pgloadind       dubious name "Plagiobothrys humilis" nexsonid "node438198"
pgloadind       dubious OTT ID 243737
pgloadind     OTT ID not in database (probably dubious)
pgloadind       dubious name "Plagiobothrys arizonicus" nexsonid "node438199"
pgloadind       dubious OTT ID 243741
pgloadind     OTT ID not in database (probably dubious)
pgloadind       dubious name "Amsinckia calycina" nexsonid "node438200"
pgloadind       dubious OTT ID 294156
pgloadind     OTT ID not in database (probably dubious)
pgloadind       dubious name "Cynoglossum germanicum" nexsonid "node438203"
pgloadind       dubious OTT ID 818435
pgloadind     OTT ID not in database (probably dubious)
pgloadind       dubious name "Cynoglossum officinale" nexsonid "node438204"
pgloadind       dubious OTT ID 97431
pgloadind     OTT ID not in database (probably dubious)
pgloadind       dubious name "Bothriospermum tenellum" nexsonid "node438205"
pgloadind       dubious OTT ID 463689
pgloadind     OTT ID not in database (probably dubious)
pgloadind       dubious name "Mertensia maritima" nexsonid "node438208"
pgloadind       dubious OTT ID 664431
pgloadind     OTT ID not in database (probably dubious)
pgloadind       dubious name "Mertensia viridis" nexsonid "node438209"
pgloadind       dubious OTT ID 170483
pgloadind     OTT ID not in database (probably dubious)
pgloadind       dubious name "Eritrichium canum" nexsonid "node438211"
pgloadind       dubious OTT ID 818437
pgloadind     OTT ID not in database (probably dubious)
pgloadind       dubious name "Hackelia deflexa" nexsonid "node438213"
pgloadind       dubious OTT ID 818441
pgloadind     OTT ID not in database (probably dubious)
pgloadind       dubious name "Lappula squarrosa" nexsonid "node438214"
pgloadind       dubious OTT ID 399490
pgloadind     pruning dups and overlapping name "Trachystemon orientalis" nexsonid "node438118"
pgloadind     pruning dups and overlapping name "Myosotis sparsiflora" nexsonid "node438187"
pgloadind     pruning dups and overlapping name "Borago officinalis" nexsonid "node438135"
pgloadind     pruning dups and overlapping name "Pulmonaria obscura" nexsonid "node438138"
pgloadind     pruning dups and overlapping name "Symphytum bulbosum" nexsonid "node438132"
pgloadind     pruning dups and overlapping name "Buglossoides arvensis" nexsonid "node438160"
pgloadind     pruning dups and overlapping name "Amsinckia calycina" nexsonid "node438200"
pgloadind     pruning dups and overlapping name "Cynoglossum germanicum" nexsonid "node438203"
pgloadind     pruning dups and overlapping name "Moritzia lindenii" nexsonid "node438112"
pgloadind     pruning dups and overlapping name "Hackelia deflexa" nexsonid "node438213"
pgloadind     pruning dups and overlapping name "Johnstonella parviflora" nexsonid "node438194"
pgloadind     pruning dups and overlapping name "Cynoglottis chetikiana" nexsonid "node438126"
pgloadind     pruning dups and overlapping name "Pentaglottis sempervirens" nexsonid "node438129"
pgloadind     pruning dups and overlapping name "Cerinthe minor" nexsonid "node438154"
pgloadind     pruning dups and overlapping name "Glandora diffusa" nexsonid "node438162"
pgloadind     pruning dups and overlapping name "Thaumatocaryon dasyanthum" nexsonid "node438115"
pgloadind     pruning dups and overlapping name "Myosotis caespitosa" nexsonid "node438189"
pgloadind     pruning dups and overlapping name "Thaumatocaryon tetraquetrum" nexsonid "node438114"
pgloadind     pruning dups and overlapping name "Plagiobothrys humilis" nexsonid "node438198"
pgloadind     pruning dups and overlapping name "Alkanna sieberi" nexsonid "node438172"
pgloadind     pruning dups and overlapping name "Anchusa formosa" nexsonid "node438125"
pgloadind     pruning dups and overlapping name "Eritrichium canum" nexsonid "node438211"
pgloadind     pruning dups and overlapping name "Anchusa crispa" nexsonid "node438124"
pgloadind     pruning dups and overlapping name "Buglossoides purpurocaerulea" nexsonid "node438158"
pgloadind     pruning dups and overlapping name "Mertensia viridis" nexsonid "node438209"
pgloadind     pruning dups and overlapping name "Trigonotis guilielmi" nexsonid "node438182"
pgloadind     pruning dups and overlapping name "Myosotis stolonifera" nexsonid "node438190"
pgloadind     pruning dups and overlapping name "Pulmonaria angustifolia" nexsonid "node438139"
pgloadind     pruning dups and overlapping name "Brunnera sibirica" nexsonid "node438143"
pgloadind     pruning dups and overlapping name "Mairetis microsperma" nexsonid "node438151"
pgloadind     pruning dups and overlapping name "Brunnera macrophylla" nexsonid "node438144"
pgloadind     pruning dups and overlapping name "Symphytum bornmuelleri" nexsonid "node438131"
pgloadind     pruning dups and overlapping name "Trigonotis formosana" nexsonid "node438183"
pgloadind     pruning dups and overlapping name "Lappula squarrosa" nexsonid "node438214"
pgloadind     pruning dups and overlapping name "Lithospermum officinale" nexsonid "node438164"
pgloadind     pruning dups and overlapping name "Neatostema apulum" nexsonid "node438152"
pgloadind     pruning dups and overlapping name "Onosma fruticosa" nexsonid "node438156"
pgloadind     pruning dups and overlapping name "Mertensia maritima" nexsonid "node438208"
pgloadind     pruning dups and overlapping name "Myosotis incrassata" nexsonid "node438186"
pgloadind     pruning dups and overlapping name "Lithospermum gayanum" nexsonid "node438165"
pgloadind     pruning dups and overlapping name "Bothriospermum tenellum" nexsonid "node438205"
pgloadind     pruning dups and overlapping name "Cryptantha patagonica" nexsonid "node438195"
pgloadind     pruning dups and overlapping name "Cynoglossum officinale" nexsonid "node438204"
pgloadind     pruning dups and overlapping name "Borago pygmaea" nexsonid "node438136"
pgloadind     pruning dups and overlapping name "Trichodesma zeylanicum" nexsonid "node438177"
pgloadind     pruning dups and overlapping name "Caccinia strigosa" nexsonid "node438176"
pgloadind     pruning dups and overlapping name "Alkanna tinctoria" nexsonid "node438171"
pgloadind     pruning dups and overlapping name "Plagiobothrys arizonicus" nexsonid "node438199"
pgloadind     pruning dups and overlapping name "Brunnera orientalis" nexsonid "node438141"
pgloadind     pruning dups and overlapping name "Anchusa italica" nexsonid "node438127"
pgloadind     pruning dups and overlapping name "Podonosma orientalis" nexsonid "node438173"
pgloadind     pruning dups and overlapping name "Cerinthe major" nexsonid "node438155"
pgloadind       Error pruning leaf name "Cerinthe major"
done fixing name
