pgloadind OTUs number 122
pgloadind Processing tree @id "1751"
pgloadind   tree info number nodes 71
pgloadind   tree info number edges 70
pgloadind   tree info ingroup "node482537"
pgloadind   Setting ingroup root node.
pgloadind   Ingested tree number of external nodes 44
pgloadind   property added ot:studyPublicationReference "Moore, M. J., Tye, A., & Jansen, R. K. (2006). Patterns of long-distance dispersal in Tiquilia subg. Tiquilia (Boraginaceae): implications for the origins of amphitropical disjuncts and Galápagos Islands endemics. American Journal of Botany, 93(8), 1163-1177."
pgloadind   property added ot:studyPublication "http://dx.doi.org/10.3732/ajb.93.8.1163"
pgloadind   property added ot:curatorName "bryan drew"
pgloadind   property added ot:dataDeposit "http://purl.org/phylo/treebase/phylows/study/TB2:S1584"
pgloadind   property added ot:studyId "903"
pgloadind   property added ot:studyYear "2006"
pgloadind   property added ot:focalClade "2771491"
pgloadind   property added ot:focalCladeOTTTaxonName "Tiquilia"
pgloadind   property added ot:inGroupClade "node482537"
pgloadind   property added ot:curatedType "Fig. 4"
pgloadind Processing tree @id "1752"
pgloadind   tree info number nodes 36
pgloadind   tree info number edges 35
pgloadind   tree info ingroup "node482606"
pgloadind   Setting ingroup root node.
pgloadind   Ingested tree number of external nodes 21
pgloadind   property added ot:studyPublicationReference "Moore, M. J., Tye, A., & Jansen, R. K. (2006). Patterns of long-distance dispersal in Tiquilia subg. Tiquilia (Boraginaceae): implications for the origins of amphitropical disjuncts and Galápagos Islands endemics. American Journal of Botany, 93(8), 1163-1177."
pgloadind   property added ot:studyPublication "http://dx.doi.org/10.3732/ajb.93.8.1163"
pgloadind   property added ot:curatorName "bryan drew"
pgloadind   property added ot:dataDeposit "http://purl.org/phylo/treebase/phylows/study/TB2:S1584"
pgloadind   property added ot:studyId "903"
pgloadind   property added ot:studyYear "2006"
pgloadind   property added ot:focalClade "2771491"
pgloadind   property added ot:focalCladeOTTTaxonName "Tiquilia"
pgloadind   property added ot:inGroupClade "node482606"
pgloadind   property added ot:curatedType "Fig. 5"
pgloadind Processing tree @id "1753"
pgloadind   tree info number nodes 53
pgloadind   tree info number edges 52
pgloadind   tree info ingroup "node482648"
pgloadind   Setting ingroup root node.
pgloadind   Ingested tree number of external nodes 25
pgloadind   property added ot:studyPublicationReference "Moore, M. J., Tye, A., & Jansen, R. K. (2006). Patterns of long-distance dispersal in Tiquilia subg. Tiquilia (Boraginaceae): implications for the origins of amphitropical disjuncts and Galápagos Islands endemics. American Journal of Botany, 93(8), 1163-1177."
pgloadind   property added ot:studyPublication "http://dx.doi.org/10.3732/ajb.93.8.1163"
pgloadind   property added ot:curatorName "bryan drew"
pgloadind   property added ot:dataDeposit "http://purl.org/phylo/treebase/phylows/study/TB2:S1584"
pgloadind   property added ot:studyId "903"
pgloadind   property added ot:studyYear "2006"
pgloadind   property added ot:focalClade "2771491"
pgloadind   property added ot:focalCladeOTTTaxonName "Tiquilia"
pgloadind   property added ot:inGroupClade "node482648"
pgloadind   property added ot:curatedType "Fig. 3 top"
pgloadind Processing tree @id "1754"
pgloadind   tree info number nodes 52
pgloadind   tree info number edges 51
pgloadind   tree info ingroup "node482699"
pgloadind   Setting ingroup root node.
pgloadind   Ingested tree number of external nodes 25
pgloadind   property added ot:studyPublicationReference "Moore, M. J., Tye, A., & Jansen, R. K. (2006). Patterns of long-distance dispersal in Tiquilia subg. Tiquilia (Boraginaceae): implications for the origins of amphitropical disjuncts and Galápagos Islands endemics. American Journal of Botany, 93(8), 1163-1177."
pgloadind   property added ot:studyPublication "http://dx.doi.org/10.3732/ajb.93.8.1163"
pgloadind   property added ot:curatorName "bryan drew"
pgloadind   property added ot:dataDeposit "http://purl.org/phylo/treebase/phylows/study/TB2:S1584"
pgloadind   property added ot:studyId "903"
pgloadind   property added ot:studyYear "2006"
pgloadind   property added ot:focalClade "2771491"
pgloadind   property added ot:focalCladeOTTTaxonName "Tiquilia"
pgloadind   property added ot:inGroupClade "node482699"
pgloadind   property added ot:curatedType "Fig. 3 bottom"
pgloadind Processing tree @id "1755"
pgloadind   tree info number nodes 67
pgloadind   tree info number edges 66
pgloadind   tree info ingroup "node482749"
pgloadind   Setting ingroup root node.
pgloadind   Ingested tree number of external nodes 34
pgloadind   property added ot:studyPublicationReference "Moore, M. J., Tye, A., & Jansen, R. K. (2006). Patterns of long-distance dispersal in Tiquilia subg. Tiquilia (Boraginaceae): implications for the origins of amphitropical disjuncts and Galápagos Islands endemics. American Journal of Botany, 93(8), 1163-1177."
pgloadind   property added ot:studyPublication "http://dx.doi.org/10.3732/ajb.93.8.1163"
pgloadind   property added ot:curatorName "bryan drew"
pgloadind   property added ot:dataDeposit "http://purl.org/phylo/treebase/phylows/study/TB2:S1584"
pgloadind   property added ot:studyId "903"
pgloadind   property added ot:studyYear "2006"
pgloadind   property added ot:focalClade "2771491"
pgloadind   property added ot:focalCladeOTTTaxonName "Tiquilia"
pgloadind   property added ot:inGroupClade "node482749"
pgloadind   property added ot:curatedType "Fig. 7"
pgloadind Processing tree @id "1756"
pgloadind   tree info number nodes 31
pgloadind   tree info number edges 30
pgloadind   tree info ingroup "node482818"
pgloadind   Setting ingroup root node.
pgloadind   Ingested tree number of external nodes 14
pgloadind   property added ot:studyPublicationReference "Moore, M. J., Tye, A., & Jansen, R. K. (2006). Patterns of long-distance dispersal in Tiquilia subg. Tiquilia (Boraginaceae): implications for the origins of amphitropical disjuncts and Galápagos Islands endemics. American Journal of Botany, 93(8), 1163-1177."
pgloadind   property added ot:studyPublication "http://dx.doi.org/10.3732/ajb.93.8.1163"
pgloadind   property added ot:curatorName "bryan drew"
pgloadind   property added ot:dataDeposit "http://purl.org/phylo/treebase/phylows/study/TB2:S1584"
pgloadind   property added ot:studyId "903"
pgloadind   property added ot:studyYear "2006"
pgloadind   property added ot:focalClade "2771491"
pgloadind   property added ot:focalCladeOTTTaxonName "Tiquilia"
pgloadind   property added ot:inGroupClade "node482818"
pgloadind   property added ot:curatedType "Fig. 2"
pgloadind Processing tree @id "1757"
pgloadind   tree info number nodes 59
pgloadind   tree info number edges 58
pgloadind   tree info ingroup "node482845"
pgloadind   Setting ingroup root node.
pgloadind   Ingested tree number of external nodes 35
pgloadind   property added ot:studyPublicationReference "Moore, M. J., Tye, A., & Jansen, R. K. (2006). Patterns of long-distance dispersal in Tiquilia subg. Tiquilia (Boraginaceae): implications for the origins of amphitropical disjuncts and Galápagos Islands endemics. American Journal of Botany, 93(8), 1163-1177."
pgloadind   property added ot:studyPublication "http://dx.doi.org/10.3732/ajb.93.8.1163"
pgloadind   property added ot:curatorName "bryan drew"
pgloadind   property added ot:dataDeposit "http://purl.org/phylo/treebase/phylows/study/TB2:S1584"
pgloadind   property added ot:studyId "903"
pgloadind   property added ot:studyYear "2006"
pgloadind   property added ot:focalClade "2771491"
pgloadind   property added ot:focalCladeOTTTaxonName "Tiquilia"
pgloadind   property added ot:inGroupClade "node482845"
pgloadind   property added ot:curatedType "Fig. 6"
loading a specific tree: 1753
skipping tree: 1751
skipping tree: 1752
skipping tree: 1754
skipping tree: 1755
skipping tree: 1756
skipping tree: 1757
pgloadind conducting TNRS on trees
pgloadind   name fixing on tree tree id "1753"
pgloadind   all nodes have ottIds
pgloadind     OTT ID not in database (probably dubious)
pgloadind       dubious name "Tiquilia canescens" nexsonid "node482651"
pgloadind       dubious OTT ID 67538
pgloadind     OTT ID not in database (probably dubious)
pgloadind       dubious name "Tiquilia greggii" nexsonid "node482652"
pgloadind       dubious OTT ID 693301
pgloadind     OTT ID not in database (probably dubious)
pgloadind       dubious name "Tiquilia sp. 'Durango'" nexsonid "node482656"
pgloadind       dubious OTT ID 119197
pgloadind     OTT ID not in database (probably dubious)
pgloadind       dubious name "Tiquilia mexicana" nexsonid "node482657"
pgloadind       dubious OTT ID 693309
pgloadind     OTT ID not in database (probably dubious)
pgloadind       dubious name "Tiquilia turneri" nexsonid "node482660"
pgloadind       dubious OTT ID 119192
pgloadind     OTT ID not in database (probably dubious)
pgloadind       dubious name "Tiquilia gossypina" nexsonid "node482661"
pgloadind       dubious OTT ID 693305
pgloadind     OTT ID not in database (probably dubious)
pgloadind       dubious name "Tiquilia tuberculata" nexsonid "node482663"
pgloadind       dubious OTT ID 119194
pgloadind     OTT ID not in database (probably dubious)
pgloadind       dubious name "Tiquilia tuberculata" nexsonid "node482664"
pgloadind       dubious OTT ID 119194
pgloadind     OTT ID not in database (probably dubious)
pgloadind       dubious name "Tiquilia mexicana" nexsonid "node482665"
pgloadind       dubious OTT ID 693309
pgloadind     OTT ID not in database (probably dubious)
pgloadind       dubious name "Tiquilia gossypina" nexsonid "node482666"
pgloadind       dubious OTT ID 693305
pgloadind     OTT ID not in database (probably dubious)
pgloadind       dubious name "Tiquilia hispidissima" nexsonid "node482670"
pgloadind       dubious OTT ID 693303
pgloadind     OTT ID not in database (probably dubious)
pgloadind       dubious name "Tiquilia hispidissima" nexsonid "node482672"
pgloadind       dubious OTT ID 693303
pgloadind     OTT ID not in database (probably dubious)
pgloadind       dubious name "Tiquilia hispidissima" nexsonid "node482673"
pgloadind       dubious OTT ID 693303
pgloadind     OTT ID not in database (probably dubious)
pgloadind       dubious name "Tiquilia latior" nexsonid "node482675"
pgloadind       dubious OTT ID 693313
pgloadind     OTT ID not in database (probably dubious)
pgloadind       dubious name "Tiquilia latior" nexsonid "node482676"
pgloadind       dubious OTT ID 693313
pgloadind     OTT ID not in database (probably dubious)
pgloadind       dubious name "Tiquilia purpusii" nexsonid "node482677"
pgloadind       dubious OTT ID 119190
pgloadind     OTT ID not in database (probably dubious)
pgloadind       dubious name "Tiquilia plicata" nexsonid "node482680"
pgloadind       dubious OTT ID 381072
pgloadind     OTT ID not in database (probably dubious)
pgloadind       dubious name "Tiquilia paronychioides" nexsonid "node482683"
pgloadind       dubious OTT ID 693298
pgloadind     OTT ID not in database (probably dubious)
pgloadind       dubious name "Tiquilia cuspidata" nexsonid "node482684"
pgloadind       dubious OTT ID 67532
pgloadind     OTT ID not in database (probably dubious)
pgloadind       dubious name "Tiquilia darwinii" nexsonid "node482685"
pgloadind       dubious OTT ID 67546
pgloadind     OTT ID not in database (probably dubious)
pgloadind       dubious name "Tiquilia conspicua" nexsonid "node482689"
pgloadind       dubious OTT ID 67534
pgloadind     OTT ID not in database (probably dubious)
pgloadind       dubious name "Tiquilia elongata" nexsonid "node482690"
pgloadind       dubious OTT ID 67542
pgloadind     OTT ID not in database (probably dubious)
pgloadind       dubious name "Tiquilia palmeri" nexsonid "node482692"
pgloadind       dubious OTT ID 693296
pgloadind     OTT ID not in database (probably dubious)
pgloadind       dubious name "Tiquilia palmeri" nexsonid "node482693"
pgloadind       dubious OTT ID 693296
pgloadind     OTT ID not in database (probably dubious)
pgloadind       dubious name "Tiquilia nuttallii" nexsonid "node482694"
pgloadind       dubious OTT ID 502417
pgloadind     pruning dups and overlapping name "Tiquilia elongata" nexsonid "node482690"
pgloadind     pruning dups and overlapping name "Tiquilia hispidissima" nexsonid "node482672"
pgloadind     pruning dups and overlapping name "Tiquilia sp. 'Durango'" nexsonid "node482656"
pgloadind     pruning dups and overlapping name "Tiquilia mexicana" nexsonid "node482657"
pgloadind     pruning dups and overlapping name "Tiquilia conspicua" nexsonid "node482689"
pgloadind     pruning dups and overlapping name "Tiquilia hispidissima" nexsonid "node482673"
pgloadind     pruning dups and overlapping name "Tiquilia gossypina" nexsonid "node482661"
pgloadind     pruning dups and overlapping name "Tiquilia hispidissima" nexsonid "node482670"
pgloadind     pruning dups and overlapping name "Tiquilia darwinii" nexsonid "node482685"
pgloadind     pruning dups and overlapping name "Tiquilia gossypina" nexsonid "node482666"
pgloadind     pruning dups and overlapping name "Tiquilia turneri" nexsonid "node482660"
pgloadind     pruning dups and overlapping name "Tiquilia paronychioides" nexsonid "node482683"
pgloadind     pruning dups and overlapping name "Tiquilia nuttallii" nexsonid "node482694"
pgloadind     pruning dups and overlapping name "Tiquilia mexicana" nexsonid "node482665"
pgloadind     pruning dups and overlapping name "Tiquilia tuberculata" nexsonid "node482664"
pgloadind     pruning dups and overlapping name "Tiquilia latior" nexsonid "node482676"
pgloadind     pruning dups and overlapping name "Tiquilia tuberculata" nexsonid "node482663"
pgloadind     pruning dups and overlapping name "Tiquilia latior" nexsonid "node482675"
pgloadind     pruning dups and overlapping name "Tiquilia cuspidata" nexsonid "node482684"
pgloadind     pruning dups and overlapping name "Tiquilia palmeri" nexsonid "node482692"
pgloadind     pruning dups and overlapping name "Tiquilia canescens" nexsonid "node482651"
pgloadind     pruning dups and overlapping name "Tiquilia greggii" nexsonid "node482652"
pgloadind     pruning dups and overlapping name "Tiquilia plicata" nexsonid "node482680"
pgloadind     pruning dups and overlapping name "Tiquilia purpusii" nexsonid "node482677"
pgloadind     pruning dups and overlapping name "Tiquilia palmeri" nexsonid "node482693"
pgloadind       Error pruning leaf name "Tiquilia palmeri"
done fixing name
