pgloadind OTUs number 328
pgloadind Processing tree @id "1763"
pgloadind   tree info number nodes 55
pgloadind   tree info number edges 54
pgloadind   tree info ingroup "node484187"
pgloadind   Setting ingroup root node.
pgloadind   Ingested tree number of external nodes 46
pgloadind   property added ot:studyPublicationReference "Moore, M. J., & Jansen, R. K. (2007). Origins and biogeography of gypsophily in the Chihuahuan Desert plant group Tiquilia Subg. Eddya (Boraginaceae). Systematic botany, 32(2), 392-414."
pgloadind   property added ot:studyPublication "http://dx.doi.org/10.1600/036364407781179680"
pgloadind   property added ot:curatorName "bryan drew"
pgloadind   property added ot:dataDeposit "http://purl.org/phylo/treebase/phylows/study/TB2:S1662"
pgloadind   property added ot:studyId "905"
pgloadind   property added ot:studyYear "2006"
pgloadind   property added ot:focalClade "675104"
pgloadind   property added ot:tag "ingroup added;"
pgloadind   property added ot:inGroupClade "node484187"
pgloadind Processing tree @id "1764"
pgloadind   tree info number nodes 20
pgloadind   tree info number edges 19
pgloadind   Ingested tree number of external nodes 11
pgloadind   property added ot:studyPublicationReference "Moore, M. J., & Jansen, R. K. (2007). Origins and biogeography of gypsophily in the Chihuahuan Desert plant group Tiquilia Subg. Eddya (Boraginaceae). Systematic botany, 32(2), 392-414."
pgloadind   property added ot:studyPublication "http://dx.doi.org/10.1600/036364407781179680"
pgloadind   property added ot:curatorName "bryan drew"
pgloadind   property added ot:dataDeposit "http://purl.org/phylo/treebase/phylows/study/TB2:S1662"
pgloadind   property added ot:studyId "905"
pgloadind   property added ot:studyYear "2006"
pgloadind   property added ot:focalClade "675104"
pgloadind   property added ot:tag "ingroup added;"
pgloadind Processing tree @id "1765"
pgloadind   tree info number nodes 218
pgloadind   tree info number edges 217
pgloadind   Ingested tree number of external nodes 126
pgloadind   property added ot:studyPublicationReference "Moore, M. J., & Jansen, R. K. (2007). Origins and biogeography of gypsophily in the Chihuahuan Desert plant group Tiquilia Subg. Eddya (Boraginaceae). Systematic botany, 32(2), 392-414."
pgloadind   property added ot:studyPublication "http://dx.doi.org/10.1600/036364407781179680"
pgloadind   property added ot:curatorName "bryan drew"
pgloadind   property added ot:dataDeposit "http://purl.org/phylo/treebase/phylows/study/TB2:S1662"
pgloadind   property added ot:studyId "905"
pgloadind   property added ot:studyYear "2006"
pgloadind   property added ot:focalClade "675104"
pgloadind   property added ot:tag "ingroup added;"
pgloadind Processing tree @id "1766"
pgloadind   tree info number nodes 119
pgloadind   tree info number edges 118
pgloadind   tree info ingroup "node484480"
pgloadind   Setting ingroup root node.
pgloadind   Ingested tree number of external nodes 76
pgloadind   property added ot:studyPublicationReference "Moore, M. J., & Jansen, R. K. (2007). Origins and biogeography of gypsophily in the Chihuahuan Desert plant group Tiquilia Subg. Eddya (Boraginaceae). Systematic botany, 32(2), 392-414."
pgloadind   property added ot:studyPublication "http://dx.doi.org/10.1600/036364407781179680"
pgloadind   property added ot:curatorName "bryan drew"
pgloadind   property added ot:dataDeposit "http://purl.org/phylo/treebase/phylows/study/TB2:S1662"
pgloadind   property added ot:studyId "905"
pgloadind   property added ot:studyYear "2006"
pgloadind   property added ot:focalClade "675104"
pgloadind   property added ot:tag "ingroup added;"
pgloadind   property added ot:inGroupClade "node484480"
pgloadind Processing tree @id "1767"
pgloadind   tree info number nodes 140
pgloadind   tree info number edges 139
pgloadind   tree info ingroup "node484598"
pgloadind   Setting ingroup root node.
pgloadind   Ingested tree number of external nodes 77
pgloadind   property added ot:studyPublicationReference "Moore, M. J., & Jansen, R. K. (2007). Origins and biogeography of gypsophily in the Chihuahuan Desert plant group Tiquilia Subg. Eddya (Boraginaceae). Systematic botany, 32(2), 392-414."
pgloadind   property added ot:studyPublication "http://dx.doi.org/10.1600/036364407781179680"
pgloadind   property added ot:curatorName "bryan drew"
pgloadind   property added ot:dataDeposit "http://purl.org/phylo/treebase/phylows/study/TB2:S1662"
pgloadind   property added ot:studyId "905"
pgloadind   property added ot:studyYear "2006"
pgloadind   property added ot:focalClade "675104"
pgloadind   property added ot:tag "ingroup added;"
pgloadind   property added ot:inGroupClade "node484598"
pgloadind Processing tree @id "1768"
pgloadind   tree info number nodes 55
pgloadind   tree info number edges 54
pgloadind   tree info ingroup "node484743"
pgloadind   Setting ingroup root node.
pgloadind   Ingested tree number of external nodes 25
pgloadind   property added ot:studyPublicationReference "Moore, M. J., & Jansen, R. K. (2007). Origins and biogeography of gypsophily in the Chihuahuan Desert plant group Tiquilia Subg. Eddya (Boraginaceae). Systematic botany, 32(2), 392-414."
pgloadind   property added ot:studyPublication "http://dx.doi.org/10.1600/036364407781179680"
pgloadind   property added ot:curatorName "bryan drew"
pgloadind   property added ot:dataDeposit "http://purl.org/phylo/treebase/phylows/study/TB2:S1662"
pgloadind   property added ot:studyId "905"
pgloadind   property added ot:studyYear "2006"
pgloadind   property added ot:focalClade "675104"
pgloadind   property added ot:tag "ingroup added;"
pgloadind   property added ot:inGroupClade "node484743"
pgloadind Processing tree @id "1769"
pgloadind   tree info number nodes 111
pgloadind   tree info number edges 110
pgloadind   Ingested tree number of external nodes 64
pgloadind   property added ot:studyPublicationReference "Moore, M. J., & Jansen, R. K. (2007). Origins and biogeography of gypsophily in the Chihuahuan Desert plant group Tiquilia Subg. Eddya (Boraginaceae). Systematic botany, 32(2), 392-414."
pgloadind   property added ot:studyPublication "http://dx.doi.org/10.1600/036364407781179680"
pgloadind   property added ot:curatorName "bryan drew"
pgloadind   property added ot:dataDeposit "http://purl.org/phylo/treebase/phylows/study/TB2:S1662"
pgloadind   property added ot:studyId "905"
pgloadind   property added ot:studyYear "2006"
pgloadind   property added ot:focalClade "675104"
pgloadind   property added ot:tag "ingroup added;"
pgloadind Processing tree @id "1770"
pgloadind   tree info number nodes 58
pgloadind   tree info number edges 57
pgloadind   tree info ingroup "node484905"
pgloadind   Setting ingroup root node.
pgloadind   Ingested tree number of external nodes 45
pgloadind   property added ot:studyPublicationReference "Moore, M. J., & Jansen, R. K. (2007). Origins and biogeography of gypsophily in the Chihuahuan Desert plant group Tiquilia Subg. Eddya (Boraginaceae). Systematic botany, 32(2), 392-414."
pgloadind   property added ot:studyPublication "http://dx.doi.org/10.1600/036364407781179680"
pgloadind   property added ot:curatorName "bryan drew"
pgloadind   property added ot:dataDeposit "http://purl.org/phylo/treebase/phylows/study/TB2:S1662"
pgloadind   property added ot:studyId "905"
pgloadind   property added ot:studyYear "2006"
pgloadind   property added ot:focalClade "675104"
pgloadind   property added ot:tag "ingroup added;"
pgloadind   property added ot:inGroupClade "node484905"
loading a specific tree: 1768
skipping tree: 1763
skipping tree: 1764
skipping tree: 1765
skipping tree: 1766
skipping tree: 1767
skipping tree: 1769
skipping tree: 1770
pgloadind conducting TNRS on trees
pgloadind   name fixing on tree tree id "1768"
pgloadind   all nodes have ottIds
pgloadind     OTT ID not in database (probably dubious)
pgloadind       dubious name "Tiquilia canescens" nexsonid "node484746"
pgloadind       dubious OTT ID 67538
pgloadind     OTT ID not in database (probably dubious)
pgloadind       dubious name "Tiquilia greggii" nexsonid "node484747"
pgloadind       dubious OTT ID 693301
pgloadind     OTT ID not in database (probably dubious)
pgloadind       dubious name "Tiquilia sp. 'Durango'" nexsonid "node484751"
pgloadind       dubious OTT ID 119197
pgloadind     OTT ID not in database (probably dubious)
pgloadind       dubious name "Tiquilia turneri" nexsonid "node484754"
pgloadind       dubious OTT ID 119192
pgloadind     OTT ID not in database (probably dubious)
pgloadind       dubious name "Tiquilia gossypina" nexsonid "node484755"
pgloadind       dubious OTT ID 693305
pgloadind     OTT ID not in database (probably dubious)
pgloadind       dubious name "Tiquilia tuberculata" nexsonid "node484758"
pgloadind       dubious OTT ID 119194
pgloadind     OTT ID not in database (probably dubious)
pgloadind       dubious name "Tiquilia tuberculata" nexsonid "node484759"
pgloadind       dubious OTT ID 119194
pgloadind     OTT ID not in database (probably dubious)
pgloadind       dubious name "Tiquilia mexicana" nexsonid "node484761"
pgloadind       dubious OTT ID 693309
pgloadind     OTT ID not in database (probably dubious)
pgloadind       dubious name "Tiquilia gossypina" nexsonid "node484762"
pgloadind       dubious OTT ID 693305
pgloadind     OTT ID not in database (probably dubious)
pgloadind       dubious name "Tiquilia mexicana" nexsonid "node484763"
pgloadind       dubious OTT ID 693309
pgloadind     OTT ID not in database (probably dubious)
pgloadind       dubious name "Tiquilia hispidissima" nexsonid "node484767"
pgloadind       dubious OTT ID 693303
pgloadind     OTT ID not in database (probably dubious)
pgloadind       dubious name "Tiquilia hispidissima" nexsonid "node484769"
pgloadind       dubious OTT ID 693303
pgloadind     OTT ID not in database (probably dubious)
pgloadind       dubious name "Tiquilia hispidissima" nexsonid "node484770"
pgloadind       dubious OTT ID 693303
pgloadind     OTT ID not in database (probably dubious)
pgloadind       dubious name "Tiquilia latior" nexsonid "node484772"
pgloadind       dubious OTT ID 693313
pgloadind     OTT ID not in database (probably dubious)
pgloadind       dubious name "Tiquilia latior" nexsonid "node484773"
pgloadind       dubious OTT ID 693313
pgloadind     OTT ID not in database (probably dubious)
pgloadind       dubious name "Tiquilia purpusii" nexsonid "node484774"
pgloadind       dubious OTT ID 119190
pgloadind     OTT ID not in database (probably dubious)
pgloadind       dubious name "Tiquilia plicata" nexsonid "node484777"
pgloadind       dubious OTT ID 381072
pgloadind     OTT ID not in database (probably dubious)
pgloadind       dubious name "Tiquilia paronychioides" nexsonid "node484780"
pgloadind       dubious OTT ID 693298
pgloadind     OTT ID not in database (probably dubious)
pgloadind       dubious name "Tiquilia darwinii" nexsonid "node484781"
pgloadind       dubious OTT ID 67546
pgloadind     OTT ID not in database (probably dubious)
pgloadind       dubious name "Tiquilia cuspidata" nexsonid "node484782"
pgloadind       dubious OTT ID 67532
pgloadind     OTT ID not in database (probably dubious)
pgloadind       dubious name "Tiquilia conspicua" nexsonid "node484786"
pgloadind       dubious OTT ID 67534
pgloadind     OTT ID not in database (probably dubious)
pgloadind       dubious name "Tiquilia elongata" nexsonid "node484787"
pgloadind       dubious OTT ID 67542
pgloadind     OTT ID not in database (probably dubious)
pgloadind       dubious name "Tiquilia palmeri" nexsonid "node484789"
pgloadind       dubious OTT ID 693296
pgloadind     OTT ID not in database (probably dubious)
pgloadind       dubious name "Tiquilia palmeri" nexsonid "node484790"
pgloadind       dubious OTT ID 693296
pgloadind     OTT ID not in database (probably dubious)
pgloadind       dubious name "Tiquilia nuttallii" nexsonid "node484791"
pgloadind       dubious OTT ID 502417
pgloadind     pruning dups and overlapping name "Tiquilia hispidissima" nexsonid "node484769"
pgloadind     pruning dups and overlapping name "Tiquilia greggii" nexsonid "node484747"
pgloadind     pruning dups and overlapping name "Tiquilia darwinii" nexsonid "node484781"
pgloadind     pruning dups and overlapping name "Tiquilia hispidissima" nexsonid "node484767"
pgloadind     pruning dups and overlapping name "Tiquilia nuttallii" nexsonid "node484791"
pgloadind     pruning dups and overlapping name "Tiquilia sp. 'Durango'" nexsonid "node484751"
pgloadind     pruning dups and overlapping name "Tiquilia elongata" nexsonid "node484787"
pgloadind     pruning dups and overlapping name "Tiquilia canescens" nexsonid "node484746"
pgloadind     pruning dups and overlapping name "Tiquilia conspicua" nexsonid "node484786"
pgloadind     pruning dups and overlapping name "Tiquilia mexicana" nexsonid "node484763"
pgloadind     pruning dups and overlapping name "Tiquilia mexicana" nexsonid "node484761"
pgloadind     pruning dups and overlapping name "Tiquilia latior" nexsonid "node484773"
pgloadind     pruning dups and overlapping name "Tiquilia palmeri" nexsonid "node484790"
pgloadind     pruning dups and overlapping name "Tiquilia gossypina" nexsonid "node484755"
pgloadind     pruning dups and overlapping name "Tiquilia cuspidata" nexsonid "node484782"
pgloadind     pruning dups and overlapping name "Tiquilia turneri" nexsonid "node484754"
pgloadind     pruning dups and overlapping name "Tiquilia hispidissima" nexsonid "node484770"
pgloadind     pruning dups and overlapping name "Tiquilia gossypina" nexsonid "node484762"
pgloadind     pruning dups and overlapping name "Tiquilia paronychioides" nexsonid "node484780"
pgloadind     pruning dups and overlapping name "Tiquilia palmeri" nexsonid "node484789"
pgloadind     pruning dups and overlapping name "Tiquilia purpusii" nexsonid "node484774"
pgloadind     pruning dups and overlapping name "Tiquilia plicata" nexsonid "node484777"
pgloadind     pruning dups and overlapping name "Tiquilia tuberculata" nexsonid "node484759"
pgloadind     pruning dups and overlapping name "Tiquilia tuberculata" nexsonid "node484758"
pgloadind     pruning dups and overlapping name "Tiquilia latior" nexsonid "node484772"
pgloadind       Error pruning leaf name "Tiquilia latior"
done fixing name
