pgloadind OTUs number 14
pgloadind Processing tree @id "2406"
pgloadind   tree info number nodes 21
pgloadind   tree info number edges 20
pgloadind   Ingested tree number of external nodes 14
pgloadind   property added ot:studyPublicationReference "Goes-Neto, Aristoteles, Clarice Loguercio-Leite, and Rosa T. Guerrero. "Molecular phylogeny of tropical Hymenochaetales (Basidiomycota)." Mycotaxon 84 (2002): 337-354."
pgloadind   property added ot:curatorName "Romina Gazis"
pgloadind   property added ot:studyId "1191"
pgloadind   property added ot:studyYear "2002"
pgloadind   property added ot:focalClade "193965"
pgloadind   property added ot:focalCladeOTTTaxonName "Hymenochaetales"
pgloadind   property added ot:curatedType "MP, LSU"
pgloadind Processing tree @id "5507"
pgloadind   tree info number nodes 22
pgloadind   tree info number edges 21
pgloadind   tree info ingroup "node950145"
pgloadind   Setting ingroup root node.
pgloadind   Ingested tree number of external nodes 13
pgloadind   property added ot:studyPublicationReference "Goes-Neto, Aristoteles, Clarice Loguercio-Leite, and Rosa T. Guerrero. "Molecular phylogeny of tropical Hymenochaetales (Basidiomycota)." Mycotaxon 84 (2002): 337-354."
pgloadind   property added ot:curatorName "Romina Gazis"
pgloadind   property added ot:studyId "1191"
pgloadind   property added ot:studyYear "2002"
pgloadind   property added ot:focalClade "193965"
pgloadind   property added ot:focalCladeOTTTaxonName "Hymenochaetales"
pgloadind   property added ot:inGroupClade "node950145"
pgloadind   property added ot:curatedType "MP, LSU (rooted)"
loading a specific tree: 5507
skipping tree: 2406
pgloadind conducting TNRS on trees
pgloadind   name fixing on tree tree id "5507"
pgloadind     OTT ID missing name "Phellinus melleoporus" nexsonid "node950160"
pgloadind   TNRS unmatched total number 0
pgloadind     TNRS resolved ottId OTT ID 150930 name "Phellinus melleoporus" searched on "Phellinus melleoporus" nexsonid "node950160"
pgloadind   postpruning newick tree "((((((Inonotus_luteoumbrinus,Phellinus_rimosus),Phylloporia_pectinata),Phellinus_grenadensis),(Phellinus_gilvus,Phellinus_palmicola),Fomes_extensus,Hymenochaete_rheicolor,Phellinus_melleoporus,Phellinus_membranaceus,Phellinus_apiahynus),Trichaptum_byssogenum),Coriolopsis_caperata)"
pgloadind   taxon mapping summary
pgloadind     taxon mapping OTT ID 5300282 taxonomy "Inonotus luteoumbrinus->Inonotus->Hymenochaetaceae->Hymenochaetales->Agaricomycetes->Agaricomycotina->Basidiomycota->Dikarya->Fungi->Nucletmycea->Opisthokonta->Eukaryota->cellular organisms->life" nexsonid "node950151"
pgloadind     taxon mapping OTT ID 150925 taxonomy "Phellinus rimosus->Phellinus->Hymenochaetaceae->Hymenochaetales->Agaricomycetes->Agaricomycotina->Basidiomycota->Dikarya->Fungi->Nucletmycea->Opisthokonta->Eukaryota->cellular organisms->life" nexsonid "node950152"
pgloadind     taxon mapping OTT ID 863926 taxonomy "Phylloporia pectinata->Phylloporia->Hymenochaetaceae->Hymenochaetales->Agaricomycetes->Agaricomycotina->Basidiomycota->Dikarya->Fungi->Nucletmycea->Opisthokonta->Eukaryota->cellular organisms->life" nexsonid "node950153"
pgloadind     taxon mapping OTT ID 150929 taxonomy "Phellinus grenadensis->Phellinus->Hymenochaetaceae->Hymenochaetales->Agaricomycetes->Agaricomycotina->Basidiomycota->Dikarya->Fungi->Nucletmycea->Opisthokonta->Eukaryota->cellular organisms->life" nexsonid "node950154"
pgloadind     taxon mapping OTT ID 994523 taxonomy "Phellinus gilvus->Phellinus->Hymenochaetaceae->Hymenochaetales->Agaricomycetes->Agaricomycotina->Basidiomycota->Dikarya->Fungi->Nucletmycea->Opisthokonta->Eukaryota->cellular organisms->life" nexsonid "node950156"
pgloadind     taxon mapping OTT ID 150928 taxonomy "Phellinus palmicola->Phellinus->Hymenochaetaceae->Hymenochaetales->Agaricomycetes->Agaricomycotina->Basidiomycota->Dikarya->Fungi->Nucletmycea->Opisthokonta->Eukaryota->cellular organisms->life" nexsonid "node950157"
pgloadind     taxon mapping OTT ID 5299775 taxonomy "Fomes extensus->Fomes->Polyporaceae->Polyporales->Agaricomycetes->Agaricomycotina->Basidiomycota->Dikarya->Fungi->Nucletmycea->Opisthokonta->Eukaryota->cellular organisms->life" nexsonid "node950158"
pgloadind     taxon mapping OTT ID 110345 taxonomy "Hymenochaete rheicolor->Hymenochaete->Hymenochaetaceae->Hymenochaetales->Agaricomycetes->Agaricomycotina->Basidiomycota->Dikarya->Fungi->Nucletmycea->Opisthokonta->Eukaryota->cellular organisms->life" nexsonid "node950159"
pgloadind     taxon mapping OTT ID 150930 taxonomy "Phellinus melleoporus->Phellinus->Hymenochaetaceae->Hymenochaetales->Agaricomycetes->Agaricomycotina->Basidiomycota->Dikarya->Fungi->Nucletmycea->Opisthokonta->Eukaryota->cellular organisms->life" nexsonid "node950160"
pgloadind     taxon mapping OTT ID 150927 taxonomy "Phellinus membranaceus->Phellinus->Hymenochaetaceae->Hymenochaetales->Agaricomycetes->Agaricomycotina->Basidiomycota->Dikarya->Fungi->Nucletmycea->Opisthokonta->Eukaryota->cellular organisms->life" nexsonid "node950161"
pgloadind     taxon mapping OTT ID 1049539 taxonomy "Phellinus apiahynus->Phellinus->Hymenochaetaceae->Hymenochaetales->Agaricomycetes->Agaricomycotina->Basidiomycota->Dikarya->Fungi->Nucletmycea->Opisthokonta->Eukaryota->cellular organisms->life" nexsonid "node950162"
pgloadind     taxon mapping OTT ID 725495 taxonomy "Trichaptum byssogenum->Trichaptum->Hymenochaetales->Agaricomycetes->Agaricomycotina->Basidiomycota->Dikarya->Fungi->Nucletmycea->Opisthokonta->Eukaryota->cellular organisms->life" nexsonid "node950163"
pgloadind     taxon mapping OTT ID 725491 taxonomy "Coriolopsis caperata->Coriolopsis->Polyporaceae->Polyporales->Agaricomycetes->Agaricomycotina->Basidiomycota->Dikarya->Fungi->Nucletmycea->Opisthokonta->Eukaryota->cellular organisms->life" nexsonid "node950164"
done fixing name
pgloadind Finished with attempts to fix names
pgloadind   Checking for uniqueness of OTT IDs tree id "5507"
pgloadind   Adding tree to graph tree id "5507"
all trees have all taxa: false
	using bipartition technique
attempting to remap tips to deepest exemplified taxa
	Coriolopsis caperata was remapped to 'Coriolopsis' (id=275688)
	Fomes extensus was remapped to 'Fomes' (id=271189)
	Hymenochaete rheicolor was remapped to 'Hymenochaete' (id=285006)
	Phylloporia pectinata was remapped to 'Phylloporia' (id=284094)
	Inonotus luteoumbrinus was remapped to 'Inonotus' (id=282528)
	Trichaptum byssogenum was remapped to 'Trichaptum' (id=282195)
this is the ROOT
placing root in index
Dealing with metadata property: id
Dealing with metadata property: ot:studyPublicationReference
Adding property 'ot:studyPublicationReference': Goes-Neto, Aristoteles, Clarice Loguercio-Leite, and Rosa T. Guerrero. "Molecular phylogeny of tropical Hymenochaetales (Basidiomycota)." Mycotaxon 84 (2002): 337-354.
Dealing with metadata property: ot:focalCladeOTTTaxonName
Adding property 'ot:focalCladeOTTTaxonName': Hymenochaetales
Dealing with metadata property: ot:studyYear
Adding property 'ot:studyYear': 2002
Dealing with metadata property: ot:inGroupClade
Adding property 'ot:inGroupClade': node950145
Dealing with metadata property: ot:curatorName
Adding property 'ot:curatorName': Romina Gazis
Dealing with metadata property: ot:focalClade
Adding property 'ot:focalClade': 193965
Dealing with metadata property: ot:curatedType
Adding property 'ot:curatedType': MP, LSU (rooted)
Dealing with metadata property: ot:studyId
Adding property 'ot:studyId': 1191
Committing nodes: 20
