pgloadind OTUs number 105
pgloadind Processing tree @id "119"
pgloadind   tree info number nodes 207
pgloadind   tree info number edges 206
pgloadind   tree info ingroup "node163226"
pgloadind   Setting ingroup root node.
pgloadind   Ingested tree number of external nodes 102
pgloadind   property added ot:studyPublicationReference "Garcia-Sandoval, R., Wang, Z., Binder, M., & Hibbett, D. S. (2011). Molecular phylogenetics of the Gloeophyllales and relative ages of clades of Agaricomycotina producing a brown rot. Mycologia, 103(3), 510-24. doi:10.3852/10-209"
pgloadind   property added ot:studyPublication "http://dx.doi.org/10.3852/10-209"
pgloadind   property added ot:curatorName "Romina Gazis"
pgloadind   property added ot:dataDeposit "http://purl.org/phylo/treebase/phylows/study/TB2:S10711"
pgloadind   property added ot:studyId "243"
pgloadind   property added ot:studyYear "2011"
pgloadind   property added ot:focalClade "1012685"
pgloadind   property added ot:focalCladeOTTTaxonName "Agaricomycetes"
pgloadind   property added ot:branchLengthMode "ot:substitutionCount"
pgloadind   property added ot:inGroupClade "node163226"
pgloadind   property added ot:curatedType "ML, RPB2 + ATP6 + EF-1 + LSU + SSU + 5.8S"
pgloadind Processing tree @id "120"
pgloadind   tree info number nodes 205
pgloadind   tree info number edges 204
pgloadind   tree info ingroup "node163433"
pgloadind   Setting ingroup root node.
pgloadind   Ingested tree number of external nodes 102
pgloadind   property added ot:studyPublicationReference "Garcia-Sandoval, R., Wang, Z., Binder, M., & Hibbett, D. S. (2011). Molecular phylogenetics of the Gloeophyllales and relative ages of clades of Agaricomycotina producing a brown rot. Mycologia, 103(3), 510-24. doi:10.3852/10-209"
pgloadind   property added ot:studyPublication "http://dx.doi.org/10.3852/10-209"
pgloadind   property added ot:curatorName "Romina Gazis"
pgloadind   property added ot:dataDeposit "http://purl.org/phylo/treebase/phylows/study/TB2:S10711"
pgloadind   property added ot:studyId "243"
pgloadind   property added ot:studyYear "2011"
pgloadind   property added ot:focalClade "1012685"
pgloadind   property added ot:focalCladeOTTTaxonName "Agaricomycetes"
pgloadind   property added ot:inGroupClade "node163433"
pgloadind   property added ot:curatedType "Suppl_Gloeophyllales_MrBayes_AA_and_rDNA"
pgloadind Processing tree @id "121"
pgloadind   tree info number nodes 205
pgloadind   tree info number edges 204
pgloadind   tree info ingroup "node163638"
pgloadind   Setting ingroup root node.
pgloadind   Ingested tree number of external nodes 102
pgloadind   property added ot:studyPublicationReference "Garcia-Sandoval, R., Wang, Z., Binder, M., & Hibbett, D. S. (2011). Molecular phylogenetics of the Gloeophyllales and relative ages of clades of Agaricomycotina producing a brown rot. Mycologia, 103(3), 510-24. doi:10.3852/10-209"
pgloadind   property added ot:studyPublication "http://dx.doi.org/10.3852/10-209"
pgloadind   property added ot:curatorName "Romina Gazis"
pgloadind   property added ot:dataDeposit "http://purl.org/phylo/treebase/phylows/study/TB2:S10711"
pgloadind   property added ot:studyId "243"
pgloadind   property added ot:studyYear "2011"
pgloadind   property added ot:focalClade "1012685"
pgloadind   property added ot:focalCladeOTTTaxonName "Agaricomycetes"
pgloadind   property added ot:branchLengthMode "ot:substitutionCount"
pgloadind   property added ot:inGroupClade "node163638"
pgloadind   property added ot:curatedType "Fig 4. Gloeophyllales_BEAST_AA_and_rDNA"
pgloadind Processing tree @id "122"
pgloadind   tree info number nodes 204
pgloadind   tree info number edges 203
pgloadind   tree info ingroup "node163843"
pgloadind   Setting ingroup root node.
pgloadind   Ingested tree number of external nodes 102
pgloadind   property added ot:studyPublicationReference "Garcia-Sandoval, R., Wang, Z., Binder, M., & Hibbett, D. S. (2011). Molecular phylogenetics of the Gloeophyllales and relative ages of clades of Agaricomycotina producing a brown rot. Mycologia, 103(3), 510-24. doi:10.3852/10-209"
pgloadind   property added ot:studyPublication "http://dx.doi.org/10.3852/10-209"
pgloadind   property added ot:curatorName "Romina Gazis"
pgloadind   property added ot:dataDeposit "http://purl.org/phylo/treebase/phylows/study/TB2:S10711"
pgloadind   property added ot:studyId "243"
pgloadind   property added ot:studyYear "2011"
pgloadind   property added ot:focalClade "1012685"
pgloadind   property added ot:focalCladeOTTTaxonName "Agaricomycetes"
pgloadind   property added ot:inGroupClade "node163843"
pgloadind   property added ot:curatedType "Suppl_Gloeophyllales_MrBayes_nrDNA"
loading a specific tree: 120
skipping tree: 119
skipping tree: 121
skipping tree: 122
pgloadind conducting TNRS on trees
pgloadind   name fixing on tree tree id "120"
pgloadind     OTT ID missing name "Albatrellus higanensis" nexsonid "node163567"
pgloadind     OTT ID missing name "Ganoderma tsugae" nexsonid "node163622"
pgloadind     OTT ID missing name "Cotylidia sp" nexsonid "node163463"
pgloadind     OTT ID missing name "Hydnum albomagnum" nexsonid "node163449"
pgloadind   TNRS unmatched total number 1
pgloadind     TNRS resolved ottId OTT ID 908430 name "Ganoderma tsugae" searched on "Ganoderma tsugae" nexsonid "node163622"
pgloadind     TNRS resolved ottId OTT ID 494110 name "Hydnum albomagnum" searched on "Hydnum albomagnum" nexsonid "node163449"
pgloadind     TNRS resolved ottId OTT ID 920961 name "Albatrellus higanensis" searched on "Albatrellus higanensis" nexsonid "node163567"
pgloadind     pruning unmapped name "Cotylidia sp" nexsonid "node163463"
pgloadind     OTT ID reused in tree
pgloadind       duplicate name "Gloeophyllum odoratum" nexsonid "node163535"
pgloadind       duplicate OTT ID 900586
pgloadind     OTT ID reused in tree
pgloadind       duplicate name "Neolentinus lepideus" nexsonid "node163557"
pgloadind       duplicate OTT ID 982765
pgloadind     overlapping tips
pgloadind       overlapping retained name "Pycnoporus cinnabarinus" nexsonid "node163613"
pgloadind       overlapping pruned name "Pycnoporus" nexsonid "node163614"
pgloadind     overlapping tips
pgloadind       overlapping retained name "Dacrymyces chrysospermus" nexsonid "node163441"
pgloadind       overlapping pruned name "Dacrymyces" nexsonid "node163442"
pgloadind     pruning dups and overlapping name "Gloeophyllum odoratum" nexsonid "node163535"
pgloadind     pruning dups and overlapping name "Neolentinus lepideus" nexsonid "node163557"
pgloadind     pruning dups and overlapping name "Pycnoporus" nexsonid "node163614"
pgloadind     pruning dups and overlapping name "Dacrymyces" nexsonid "node163442"
pgloadind   postpruning newick tree "((((((((((((Agaricus_bisporus,Coprinopsis_cinerea),Laccaria_bicolor),((Entoloma_prunuloides,Entoloma_strictius),(Hypsizygus_ulmarius,Ossicaulis_lignatilis))),(Schizophyllum_commune,Henningsomyces_candidus),Phyllotopsis),((Clavulinopsis_laeticolor,Clavaria_zollingeri),Hygrocybe_conica)),((((Hygrophoropsis_aurantiaca,Boletinellus_merulioides),Serpula_himantioides),Suillus_pictus),Coniophora_arida)),((((Echinodontium_tinctorium,(Peniophora_nuda,Scytinostroma_alutum)),((Lactarius_deceptivus,Lactarius_lignyotus),Russula_compacta)),Hericium_coralloides),((Bondarzewia_mesenterica,Heterobasidion_annosum),Stereum_hirsutum))),((((((Phanerodontia_chrysosporium,Ceriporia_purpurea),((Climacodon_septentrionalis,Phlebia_radiata),Sarcodontia_pachyodon)),(Albatrellus_higanensis,Meripilus_giganteus)),((((((Antrodia_carbonica,Rhodonia_placenta),((Piptoporus_betulinus,Fomitopsis_pinicola),Polyporus_udus)),(Postia_rennyi,Tyromyces_lacteus)),((Grifola_frondosa,Pycnoporellus_fulgens),((Laetiporus_sulphureus,Phaeolus_schweinitzii),(Sparassis_spathulata,Sparassis_crispa)))),Auriporia_aurea),((((((Polyporus_arcularius,Lentinus_tigrinus),Coriolopsis_gallica),((Polyporus_melanopus,Polyporus_varius),Polyporus_squamosus)),((Ganoderma_tsugae,Cryptoporus_volvatus),Donkioporia_expansa)),Dentocorticium_sulphurellum),((Funalia_polyzona,Lenzites_betulina,Pycnoporus_cinnabarinus),Trametes_versicolor)))),((Hydnellum_geogenium,Sarcodon_imbricatus),Polyozellus_multiplex)),((((Chaetoderma_luna,Veluticeps_berkeleyi),Veluticeps_abietina),((Gloeophyllum_carbonarium,(Gloeophyllum_mexicanum,(Gloeophyllum_odoratum,Gloeophyllum_protractum))),((((Gloeophyllum_subferrugineum,Gloeophyllum_trabeum),Gloeophyllum_striatum),Gloeophyllum_sepiarium),(((Neolentinus_kauffmanii,Neolentinus_adhaerens),(Veluticeps_fimbriata,Neolentinus_lepideus)),Heliocybe_sulcata)))),Boreostereum_radiatum))),(((Fomitiporia_mediterranea,Coltricia_perennis),Hyphodontia_alutaria),(Punctularia_strigosozonata,Vuilleminia_comedens))),Gautieria_otthii),(((Hydnum_repandum,Hydnum_albomagnum),Clavulina),Cantharellus_cibarius)),(((Guepiniopsis_buccina,Dacrymyces_chrysospermus),Dacryopinax_spathularia),Calocera_cornea))"
pgloadind   taxon mapping summary
pgloadind     taxon mapping OTT ID 737449 taxonomy "Agaricus bisporus->Agaricus->Agaricaceae->Agaricales->Agaricomycetidae->Agaricomycetes->Agaricomycotina->Basidiomycota->Dikarya->Fungi->Nucletmycea->Opisthokonta->Eukaryota->cellular organisms->life" nexsonid "node163511"
pgloadind     taxon mapping OTT ID 737441 taxonomy "Coprinopsis cinerea->Coprinopsis->Psathyrellaceae->Agaricales->Agaricomycetidae->Agaricomycetes->Agaricomycotina->Basidiomycota->Dikarya->Fungi->Nucletmycea->Opisthokonta->Eukaryota->cellular organisms->life" nexsonid "node163512"
pgloadind     taxon mapping OTT ID 985685 taxonomy "Laccaria bicolor->Laccaria->Hydnangiaceae->Agaricales->Agaricomycetidae->Agaricomycetes->Agaricomycotina->Basidiomycota->Dikarya->Fungi->Nucletmycea->Opisthokonta->Eukaryota->cellular organisms->life" nexsonid "node163509"
pgloadind     taxon mapping OTT ID 494108 taxonomy "Entoloma prunuloides->Entoloma->Entolomataceae->Agaricales->Agaricomycetidae->Agaricomycetes->Agaricomycotina->Basidiomycota->Dikarya->Fungi->Nucletmycea->Opisthokonta->Eukaryota->cellular organisms->life" nexsonid "node163515"
pgloadind     taxon mapping OTT ID 438744 taxonomy "Entoloma strictius->Entoloma->Entolomataceae->Agaricales->Agaricomycetidae->Agaricomycetes->Agaricomycotina->Basidiomycota->Dikarya->Fungi->Nucletmycea->Opisthokonta->Eukaryota->cellular organisms->life" nexsonid "node163516"
pgloadind     taxon mapping OTT ID 518861 taxonomy "Hypsizygus ulmarius->Hypsizygus->Lyophyllaceae->Agaricales->Agaricomycetidae->Agaricomycetes->Agaricomycotina->Basidiomycota->Dikarya->Fungi->Nucletmycea->Opisthokonta->Eukaryota->cellular organisms->life" nexsonid "node163518"
pgloadind     taxon mapping OTT ID 343967 taxonomy "Ossicaulis lignatilis->Ossicaulis->Lyophyllaceae->Agaricales->Agaricomycetidae->Agaricomycetes->Agaricomycotina->Basidiomycota->Dikarya->Fungi->Nucletmycea->Opisthokonta->Eukaryota->cellular organisms->life" nexsonid "node163519"
pgloadind     taxon mapping OTT ID 8357 taxonomy "Schizophyllum commune->Schizophyllum->Schizophyllaceae->Agaricales->Agaricomycetidae->Agaricomycetes->Agaricomycotina->Basidiomycota->Dikarya->Fungi->Nucletmycea->Opisthokonta->Eukaryota->cellular organisms->life" nexsonid "node163506"
pgloadind     taxon mapping OTT ID 1066798 taxonomy "Henningsomyces candidus->Henningsomyces->Marasmiaceae->Agaricales->Agaricomycetidae->Agaricomycetes->Agaricomycotina->Basidiomycota->Dikarya->Fungi->Nucletmycea->Opisthokonta->Eukaryota->cellular organisms->life" nexsonid "node163505"
pgloadind     taxon mapping OTT ID 487011 taxonomy "Phyllotopsis->Tricholomataceae->Agaricales->Agaricomycetidae->Agaricomycetes->Agaricomycotina->Basidiomycota->Dikarya->Fungi->Nucletmycea->Opisthokonta->Eukaryota->cellular organisms->life" nexsonid "node163503"
pgloadind     taxon mapping OTT ID 1036234 taxonomy "Clavulinopsis laeticolor->Clavulinopsis->Clavariaceae->Agaricales->Agaricomycetidae->Agaricomycetes->Agaricomycotina->Basidiomycota->Dikarya->Fungi->Nucletmycea->Opisthokonta->Eukaryota->cellular organisms->life" nexsonid "node163501"
pgloadind     taxon mapping OTT ID 1050361 taxonomy "Clavaria zollingeri->Clavaria->Clavariaceae->Agaricales->Agaricomycetidae->Agaricomycetes->Agaricomycotina->Basidiomycota->Dikarya->Fungi->Nucletmycea->Opisthokonta->Eukaryota->cellular organisms->life" nexsonid "node163500"
pgloadind     taxon mapping OTT ID 1040966 taxonomy "Hygrocybe conica->Hygrocybe->Hygrophoraceae->Agaricales->Agaricomycetidae->Agaricomycetes->Agaricomycotina->Basidiomycota->Dikarya->Fungi->Nucletmycea->Opisthokonta->Eukaryota->cellular organisms->life" nexsonid "node163498"
pgloadind     taxon mapping OTT ID 600646 taxonomy "Hygrophoropsis aurantiaca->Hygrophoropsis->Hygrophoropsidaceae->Coniophorineae->Boletales->Agaricomycetidae->Agaricomycetes->Agaricomycotina->Basidiomycota->Dikarya->Fungi->Nucletmycea->Opisthokonta->Eukaryota->cellular organisms->life" nexsonid "node163495"
pgloadind     taxon mapping OTT ID 854141 taxonomy "Boletinellus merulioides->Boletinellus->Boletinellaceae->Sclerodermatineae->Boletales->Agaricomycetidae->Agaricomycetes->Agaricomycotina->Basidiomycota->Dikarya->Fungi->Nucletmycea->Opisthokonta->Eukaryota->cellular organisms->life" nexsonid "node163494"
pgloadind     taxon mapping OTT ID 955080 taxonomy "Serpula himantioides->Serpula->Serpulaceae->Coniophorineae->Boletales->Agaricomycetidae->Agaricomycetes->Agaricomycotina->Basidiomycota->Dikarya->Fungi->Nucletmycea->Opisthokonta->Eukaryota->cellular organisms->life" nexsonid "node163492"
pgloadind     taxon mapping OTT ID 793740 taxonomy "Suillus pictus->Suillus->Suillaceae->Suillineae->Boletales->Agaricomycetidae->Agaricomycetes->Agaricomycotina->Basidiomycota->Dikarya->Fungi->Nucletmycea->Opisthokonta->Eukaryota->cellular organisms->life" nexsonid "node163490"
pgloadind     taxon mapping OTT ID 429071 taxonomy "Coniophora arida->Coniophora->Coniophoraceae->Coniophorineae->Boletales->Agaricomycetidae->Agaricomycetes->Agaricomycotina->Basidiomycota->Dikarya->Fungi->Nucletmycea->Opisthokonta->Eukaryota->cellular organisms->life" nexsonid "node163488"
pgloadind     taxon mapping OTT ID 926807 taxonomy "Echinodontium tinctorium->Echinodontium->Echinodontiaceae->Russulales->Agaricomycetes->Agaricomycotina->Basidiomycota->Dikarya->Fungi->Nucletmycea->Opisthokonta->Eukaryota->cellular organisms->life" nexsonid "node163477"
pgloadind     taxon mapping OTT ID 468071 taxonomy "Peniophora nuda->Peniophora->Peniophoraceae->Russulales->Agaricomycetes->Agaricomycotina->Basidiomycota->Dikarya->Fungi->Nucletmycea->Opisthokonta->Eukaryota->cellular organisms->life" nexsonid "node163479"
pgloadind     taxon mapping OTT ID 989771 taxonomy "Scytinostroma alutum->Scytinostroma->Lachnocladiaceae->Russulales->Agaricomycetes->Agaricomycotina->Basidiomycota->Dikarya->Fungi->Nucletmycea->Opisthokonta->Eukaryota->cellular organisms->life" nexsonid "node163480"
pgloadind     taxon mapping OTT ID 966186 taxonomy "Lactarius deceptivus->Lactarius->Russulaceae->Russulales->Agaricomycetes->Agaricomycotina->Basidiomycota->Dikarya->Fungi->Nucletmycea->Opisthokonta->Eukaryota->cellular organisms->life" nexsonid "node163484"
pgloadind     taxon mapping OTT ID 912858 taxonomy "Lactarius lignyotus->Lactarius->Russulaceae->Russulales->Agaricomycetes->Agaricomycotina->Basidiomycota->Dikarya->Fungi->Nucletmycea->Opisthokonta->Eukaryota->cellular organisms->life" nexsonid "node163485"
pgloadind     taxon mapping OTT ID 943203 taxonomy "Russula compacta->Russula->Russulaceae->Russulales->Agaricomycetes->Agaricomycotina->Basidiomycota->Dikarya->Fungi->Nucletmycea->Opisthokonta->Eukaryota->cellular organisms->life" nexsonid "node163482"
pgloadind     taxon mapping OTT ID 159293 taxonomy "Hericium coralloides->Hericium->Hericiaceae->Russulales->Agaricomycetes->Agaricomycotina->Basidiomycota->Dikarya->Fungi->Nucletmycea->Opisthokonta->Eukaryota->cellular organisms->life" nexsonid "node163474"
pgloadind     taxon mapping OTT ID 842317 taxonomy "Bondarzewia mesenterica->Bondarzewia->Bondarzewiaceae->Russulales->Agaricomycetes->Agaricomycotina->Basidiomycota->Dikarya->Fungi->Nucletmycea->Opisthokonta->Eukaryota->cellular organisms->life" nexsonid "node163471"
pgloadind     taxon mapping OTT ID 1072058 taxonomy "Heterobasidion annosum->Heterobasidion annosum species complex->Heterobasidion->Bondarzewiaceae->Russulales->Agaricomycetes->Agaricomycotina->Basidiomycota->Dikarya->Fungi->Nucletmycea->Opisthokonta->Eukaryota->cellular organisms->life" nexsonid "node163472"
pgloadind     taxon mapping OTT ID 943200 taxonomy "Stereum hirsutum->Stereum->Stereaceae->Russulales->Agaricomycetes->Agaricomycotina->Basidiomycota->Dikarya->Fungi->Nucletmycea->Opisthokonta->Eukaryota->cellular organisms->life" nexsonid "node163469"
pgloadind     taxon mapping OTT ID 5299626 taxonomy "Phanerodontia chrysosporium->Phanerodontia->Phanerochaetaceae->Polyporales->Agaricomycetes->Agaricomycotina->Basidiomycota->Dikarya->Fungi->Nucletmycea->Opisthokonta->Eukaryota->cellular organisms->life" nexsonid "node163572"
pgloadind     taxon mapping OTT ID 569044 taxonomy "Ceriporia purpurea->Ceriporia->Phanerochaetaceae->Polyporales->Agaricomycetes->Agaricomycotina->Basidiomycota->Dikarya->Fungi->Nucletmycea->Opisthokonta->Eukaryota->cellular organisms->life" nexsonid "node163571"
pgloadind     taxon mapping OTT ID 284555 taxonomy "Climacodon septentrionalis->Climacodon->Phanerochaetaceae->Polyporales->Agaricomycetes->Agaricomycotina->Basidiomycota->Dikarya->Fungi->Nucletmycea->Opisthokonta->Eukaryota->cellular organisms->life" nexsonid "node163576"
pgloadind     taxon mapping OTT ID 633296 taxonomy "Phlebia radiata->Phlebia->Meruliaceae->Polyporales->Agaricomycetes->Agaricomycotina->Basidiomycota->Dikarya->Fungi->Nucletmycea->Opisthokonta->Eukaryota->cellular organisms->life" nexsonid "node163577"
pgloadind     taxon mapping OTT ID 5299677 taxonomy "Sarcodontia pachyodon->Sarcodontia->Meruliaceae->Polyporales->Agaricomycetes->Agaricomycotina->Basidiomycota->Dikarya->Fungi->Nucletmycea->Opisthokonta->Eukaryota->cellular organisms->life" nexsonid "node163574"
pgloadind     taxon mapping OTT ID 920961 taxonomy "Albatrellus higanensis->Albatrellus->Albatrellaceae->Russulales->Agaricomycetes->Agaricomycotina->Basidiomycota->Dikarya->Fungi->Nucletmycea->Opisthokonta->Eukaryota->cellular organisms->life" nexsonid "node163567"
pgloadind     taxon mapping OTT ID 926813 taxonomy "Meripilus giganteus->Meripilus->Meripilaceae->Polyporales->Agaricomycetes->Agaricomycotina->Basidiomycota->Dikarya->Fungi->Nucletmycea->Opisthokonta->Eukaryota->cellular organisms->life" nexsonid "node163568"
pgloadind     taxon mapping OTT ID 48322 taxonomy "Antrodia carbonica->Antrodia->Fomitopsidaceae->Polyporales->Agaricomycetes->Agaricomycotina->Basidiomycota->Dikarya->Fungi->Nucletmycea->Opisthokonta->Eukaryota->cellular organisms->life" nexsonid "node163599"
pgloadind     taxon mapping OTT ID 1069955 taxonomy "Rhodonia placenta->Rhodonia->Polyporaceae->Polyporales->Agaricomycetes->Agaricomycotina->Basidiomycota->Dikarya->Fungi->Nucletmycea->Opisthokonta->Eukaryota->cellular organisms->life" nexsonid "node163600"
pgloadind     taxon mapping OTT ID 1044747 taxonomy "Piptoporus betulinus->Piptoporus->Fomitopsidaceae->Polyporales->Agaricomycetes->Agaricomycotina->Basidiomycota->Dikarya->Fungi->Nucletmycea->Opisthokonta->Eukaryota->cellular organisms->life" nexsonid "node163605"
pgloadind     taxon mapping OTT ID 417422 taxonomy "Fomitopsis pinicola->Fomitopsis->Fomitopsidaceae->Polyporales->Agaricomycetes->Agaricomycotina->Basidiomycota->Dikarya->Fungi->Nucletmycea->Opisthokonta->Eukaryota->cellular organisms->life" nexsonid "node163604"
pgloadind     taxon mapping OTT ID 802578 taxonomy "Polyporus udus->Polyporus->Polyporaceae->Polyporales->Agaricomycetes->Agaricomycotina->Basidiomycota->Dikarya->Fungi->Nucletmycea->Opisthokonta->Eukaryota->cellular organisms->life" nexsonid "node163602"
pgloadind     taxon mapping OTT ID 1030427 taxonomy "Postia rennyi->Postia->Fomitopsidaceae->Polyporales->Agaricomycetes->Agaricomycotina->Basidiomycota->Dikarya->Fungi->Nucletmycea->Opisthokonta->Eukaryota->cellular organisms->life" nexsonid "node163595"
pgloadind     taxon mapping OTT ID 202375 taxonomy "Tyromyces lacteus->Tyromyces->Polyporaceae->Polyporales->Agaricomycetes->Agaricomycotina->Basidiomycota->Dikarya->Fungi->Nucletmycea->Opisthokonta->Eukaryota->cellular organisms->life" nexsonid "node163596"
pgloadind     taxon mapping OTT ID 868676 taxonomy "Grifola frondosa->Grifola->Meripilaceae->Polyporales->Agaricomycetes->Agaricomycotina->Basidiomycota->Dikarya->Fungi->Nucletmycea->Opisthokonta->Eukaryota->cellular organisms->life" nexsonid "node163584"
pgloadind     taxon mapping OTT ID 1051884 taxonomy "Pycnoporellus fulgens->Pycnoporellus->Fomitopsidaceae->Polyporales->Agaricomycetes->Agaricomycotina->Basidiomycota->Dikarya->Fungi->Nucletmycea->Opisthokonta->Eukaryota->cellular organisms->life" nexsonid "node163585"
pgloadind     taxon mapping OTT ID 343979 taxonomy "Laetiporus sulphureus->Laetiporus->Fomitopsidaceae->Polyporales->Agaricomycetes->Agaricomycotina->Basidiomycota->Dikarya->Fungi->Nucletmycea->Opisthokonta->Eukaryota->cellular organisms->life" nexsonid "node163588"
pgloadind     taxon mapping OTT ID 994531 taxonomy "Phaeolus schweinitzii->Phaeolus->Fomitopsidaceae->Polyporales->Agaricomycetes->Agaricomycotina->Basidiomycota->Dikarya->Fungi->Nucletmycea->Opisthokonta->Eukaryota->cellular organisms->life" nexsonid "node163589"
pgloadind     taxon mapping OTT ID 468068 taxonomy "Sparassis spathulata->Sparassis->Sparassidaceae->Polyporales->Agaricomycetes->Agaricomycotina->Basidiomycota->Dikarya->Fungi->Nucletmycea->Opisthokonta->Eukaryota->cellular organisms->life" nexsonid "node163592"
pgloadind     taxon mapping OTT ID 118235 taxonomy "Sparassis crispa->Sparassis->Sparassidaceae->Polyporales->Agaricomycetes->Agaricomycotina->Basidiomycota->Dikarya->Fungi->Nucletmycea->Opisthokonta->Eukaryota->cellular organisms->life" nexsonid "node163591"
pgloadind     taxon mapping OTT ID 562718 taxonomy "Auriporia aurea->Auriporia->Fomitopsidaceae->Polyporales->Agaricomycetes->Agaricomycotina->Basidiomycota->Dikarya->Fungi->Nucletmycea->Opisthokonta->Eukaryota->cellular organisms->life" nexsonid "node163580"
pgloadind     taxon mapping OTT ID 343966 taxonomy "Polyporus arcularius->Polyporus->Polyporaceae->Polyporales->Agaricomycetes->Agaricomycotina->Basidiomycota->Dikarya->Fungi->Nucletmycea->Opisthokonta->Eukaryota->cellular organisms->life" nexsonid "node163628"
pgloadind     taxon mapping OTT ID 685638 taxonomy "Lentinus tigrinus->Lentinus->Polyporaceae->Polyporales->Agaricomycetes->Agaricomycotina->Basidiomycota->Dikarya->Fungi->Nucletmycea->Opisthokonta->Eukaryota->cellular organisms->life" nexsonid "node163627"
pgloadind     taxon mapping OTT ID 241122 taxonomy "Coriolopsis gallica->Coriolopsis->Polyporaceae->Polyporales->Agaricomycetes->Agaricomycotina->Basidiomycota->Dikarya->Fungi->Nucletmycea->Opisthokonta->Eukaryota->cellular organisms->life" nexsonid "node163625"
pgloadind     taxon mapping OTT ID 417412 taxonomy "Polyporus melanopus->Polyporus->Polyporaceae->Polyporales->Agaricomycetes->Agaricomycotina->Basidiomycota->Dikarya->Fungi->Nucletmycea->Opisthokonta->Eukaryota->cellular organisms->life" nexsonid "node163632"
pgloadind     taxon mapping OTT ID 1044746 taxonomy "Polyporus varius->Polyporus->Polyporaceae->Polyporales->Agaricomycetes->Agaricomycotina->Basidiomycota->Dikarya->Fungi->Nucletmycea->Opisthokonta->Eukaryota->cellular organisms->life" nexsonid "node163633"
pgloadind     taxon mapping OTT ID 715746 taxonomy "Polyporus squamosus->Polyporus->Polyporaceae->Polyporales->Agaricomycetes->Agaricomycotina->Basidiomycota->Dikarya->Fungi->Nucletmycea->Opisthokonta->Eukaryota->cellular organisms->life" nexsonid "node163630"
pgloadind     taxon mapping OTT ID 908430 taxonomy "Ganoderma tsugae->Ganoderma->Ganodermataceae->Polyporales->Agaricomycetes->Agaricomycotina->Basidiomycota->Dikarya->Fungi->Nucletmycea->Opisthokonta->Eukaryota->cellular organisms->life" nexsonid "node163622"
pgloadind     taxon mapping OTT ID 1095618 taxonomy "Cryptoporus volvatus->Cryptoporus->Polyporaceae->Polyporales->Agaricomycetes->Agaricomycotina->Basidiomycota->Dikarya->Fungi->Nucletmycea->Opisthokonta->Eukaryota->cellular organisms->life" nexsonid "node163621"
pgloadind     taxon mapping OTT ID 93763 taxonomy "Donkioporia expansa->Donkioporia->Fomitopsidaceae->Polyporales->Agaricomycetes->Agaricomycotina->Basidiomycota->Dikarya->Fungi->Nucletmycea->Opisthokonta->Eukaryota->cellular organisms->life" nexsonid "node163619"
pgloadind     taxon mapping OTT ID 723274 taxonomy "Dentocorticium sulphurellum->Dentocorticium->Polyporaceae->Polyporales->Agaricomycetes->Agaricomycotina->Basidiomycota->Dikarya->Fungi->Nucletmycea->Opisthokonta->Eukaryota->cellular organisms->life" nexsonid "node163616"
pgloadind     taxon mapping OTT ID 950790 taxonomy "Funalia polyzona->Trametes->Polyporaceae->Polyporales->Agaricomycetes->Agaricomycotina->Basidiomycota->Dikarya->Fungi->Nucletmycea->Opisthokonta->Eukaryota->cellular organisms->life" nexsonid "node163610"
pgloadind     taxon mapping OTT ID 343984 taxonomy "Lenzites betulina->Lenzites->Polyporaceae->Polyporales->Agaricomycetes->Agaricomycotina->Basidiomycota->Dikarya->Fungi->Nucletmycea->Opisthokonta->Eukaryota->cellular organisms->life" nexsonid "node163611"
pgloadind     taxon mapping OTT ID 715747 taxonomy "Pycnoporus cinnabarinus->Pycnoporus->Polyporaceae->Polyporales->Agaricomycetes->Agaricomycotina->Basidiomycota->Dikarya->Fungi->Nucletmycea->Opisthokonta->Eukaryota->cellular organisms->life" nexsonid "node163613"
pgloadind     taxon mapping OTT ID 581141 taxonomy "Trametes versicolor->Trametes->Polyporaceae->Polyporales->Agaricomycetes->Agaricomycotina->Basidiomycota->Dikarya->Fungi->Nucletmycea->Opisthokonta->Eukaryota->cellular organisms->life" nexsonid "node163608"
pgloadind     taxon mapping OTT ID 1007554 taxonomy "Hydnellum geogenium->Hydnellum->Meruliaceae->Polyporales->Agaricomycetes->Agaricomycotina->Basidiomycota->Dikarya->Fungi->Nucletmycea->Opisthokonta->Eukaryota->cellular organisms->life" nexsonid "node163562"
pgloadind     taxon mapping OTT ID 788387 taxonomy "Sarcodon imbricatus->Sarcodon->Bankeraceae->Thelephorales->Agaricomycetes->Agaricomycotina->Basidiomycota->Dikarya->Fungi->Nucletmycea->Opisthokonta->Eukaryota->cellular organisms->life" nexsonid "node163563"
pgloadind     taxon mapping OTT ID 921861 taxonomy "Polyozellus multiplex->Polyozellus->Thelephoraceae->Thelephorales->Agaricomycetes->Agaricomycotina->Basidiomycota->Dikarya->Fungi->Nucletmycea->Opisthokonta->Eukaryota->cellular organisms->life" nexsonid "node163560"
pgloadind     taxon mapping OTT ID 905030 taxonomy "Chaetoderma luna->Chaetoderma->Stereaceae->Russulales->Agaricomycetes->Agaricomycotina->Basidiomycota->Dikarya->Fungi->Nucletmycea->Opisthokonta->Eukaryota->cellular organisms->life" nexsonid "node163527"
pgloadind     taxon mapping OTT ID 362539 taxonomy "Veluticeps berkeleyi->Veluticeps->Gloeophyllaceae->Gloeophyllales->Agaricomycetes->Agaricomycotina->Basidiomycota->Dikarya->Fungi->Nucletmycea->Opisthokonta->Eukaryota->cellular organisms->life" nexsonid "node163528"
pgloadind     taxon mapping OTT ID 757941 taxonomy "Veluticeps abietina->Veluticeps->Gloeophyllaceae->Gloeophyllales->Agaricomycetes->Agaricomycotina->Basidiomycota->Dikarya->Fungi->Nucletmycea->Opisthokonta->Eukaryota->cellular organisms->life" nexsonid "node163525"
pgloadind     taxon mapping OTT ID 802435 taxonomy "Gloeophyllum carbonarium->Gloeophyllum->Gloeophyllaceae->Gloeophyllales->Agaricomycetes->Agaricomycotina->Basidiomycota->Dikarya->Fungi->Nucletmycea->Opisthokonta->Eukaryota->cellular organisms->life" nexsonid "node163531"
pgloadind     taxon mapping OTT ID 183598 taxonomy "Gloeophyllum mexicanum->Gloeophyllum->Gloeophyllaceae->Gloeophyllales->Agaricomycetes->Agaricomycotina->Basidiomycota->Dikarya->Fungi->Nucletmycea->Opisthokonta->Eukaryota->cellular organisms->life" nexsonid "node163533"
pgloadind     taxon mapping OTT ID 900586 taxonomy "Gloeophyllum odoratum->Gloeophyllum->Gloeophyllaceae->Gloeophyllales->Agaricomycetes->Agaricomycotina->Basidiomycota->Dikarya->Fungi->Nucletmycea->Opisthokonta->Eukaryota->cellular organisms->life" nexsonid "node163537"
pgloadind     taxon mapping OTT ID 183602 taxonomy "Gloeophyllum protractum->Gloeophyllum->Gloeophyllaceae->Gloeophyllales->Agaricomycetes->Agaricomycotina->Basidiomycota->Dikarya->Fungi->Nucletmycea->Opisthokonta->Eukaryota->cellular organisms->life" nexsonid "node163538"
pgloadind     taxon mapping OTT ID 183610 taxonomy "Gloeophyllum subferrugineum->Gloeophyllum->Gloeophyllaceae->Gloeophyllales->Agaricomycetes->Agaricomycotina->Basidiomycota->Dikarya->Fungi->Nucletmycea->Opisthokonta->Eukaryota->cellular organisms->life" nexsonid "node163545"
pgloadind     taxon mapping OTT ID 493749 taxonomy "Gloeophyllum trabeum->Gloeophyllum->Gloeophyllaceae->Gloeophyllales->Agaricomycetes->Agaricomycotina->Basidiomycota->Dikarya->Fungi->Nucletmycea->Opisthokonta->Eukaryota->cellular organisms->life" nexsonid "node163546"
pgloadind     taxon mapping OTT ID 183600 taxonomy "Gloeophyllum striatum->Gloeophyllum->Gloeophyllaceae->Gloeophyllales->Agaricomycetes->Agaricomycotina->Basidiomycota->Dikarya->Fungi->Nucletmycea->Opisthokonta->Eukaryota->cellular organisms->life" nexsonid "node163543"
pgloadind     taxon mapping OTT ID 518288 taxonomy "Gloeophyllum sepiarium->Gloeophyllum->Gloeophyllaceae->Gloeophyllales->Agaricomycetes->Agaricomycotina->Basidiomycota->Dikarya->Fungi->Nucletmycea->Opisthokonta->Eukaryota->cellular organisms->life" nexsonid "node163541"
pgloadind     taxon mapping OTT ID 4099991 taxonomy "Neolentinus kauffmanii->Neolentinus->Polyporaceae->Polyporales->Agaricomycetes->Agaricomycotina->Basidiomycota->Dikarya->Fungi->Nucletmycea->Opisthokonta->Eukaryota->cellular organisms->life" nexsonid "node163552"
pgloadind     taxon mapping OTT ID 982764 taxonomy "Neolentinus adhaerens->Neolentinus->Polyporaceae->Polyporales->Agaricomycetes->Agaricomycotina->Basidiomycota->Dikarya->Fungi->Nucletmycea->Opisthokonta->Eukaryota->cellular organisms->life" nexsonid "node163551"
pgloadind     taxon mapping OTT ID 333717 taxonomy "Veluticeps fimbriata->Veluticeps->Gloeophyllaceae->Gloeophyllales->Agaricomycetes->Agaricomycotina->Basidiomycota->Dikarya->Fungi->Nucletmycea->Opisthokonta->Eukaryota->cellular organisms->life" nexsonid "node163554"
pgloadind     taxon mapping OTT ID 982765 taxonomy "Neolentinus lepideus->Neolentinus->Polyporaceae->Polyporales->Agaricomycetes->Agaricomycotina->Basidiomycota->Dikarya->Fungi->Nucletmycea->Opisthokonta->Eukaryota->cellular organisms->life" nexsonid "node163556"
pgloadind     taxon mapping OTT ID 685636 taxonomy "Heliocybe sulcata->Heliocybe->Polyporaceae->Polyporales->Agaricomycetes->Agaricomycotina->Basidiomycota->Dikarya->Fungi->Nucletmycea->Opisthokonta->Eukaryota->cellular organisms->life" nexsonid "node163548"
pgloadind     taxon mapping OTT ID 1016436 taxonomy "Boreostereum radiatum->Boreostereum->Gloeophyllaceae->Gloeophyllales->Agaricomycetes->Agaricomycotina->Basidiomycota->Dikarya->Fungi->Nucletmycea->Opisthokonta->Eukaryota->cellular organisms->life" nexsonid "node163522"
pgloadind     taxon mapping OTT ID 958306 taxonomy "Fomitiporia mediterranea->Phellinus->Hymenochaetaceae->Hymenochaetales->Agaricomycetes->Agaricomycotina->Basidiomycota->Dikarya->Fungi->Nucletmycea->Opisthokonta->Eukaryota->cellular organisms->life" nexsonid "node163461"
pgloadind     taxon mapping OTT ID 569041 taxonomy "Coltricia perennis->Coltricia->Hymenochaetaceae->Hymenochaetales->Agaricomycetes->Agaricomycotina->Basidiomycota->Dikarya->Fungi->Nucletmycea->Opisthokonta->Eukaryota->cellular organisms->life" nexsonid "node163460"
pgloadind     taxon mapping OTT ID 723272 taxonomy "Hyphodontia alutaria->Hyphodontia->Schizoporaceae->Hymenochaetales->Agaricomycetes->Agaricomycotina->Basidiomycota->Dikarya->Fungi->Nucletmycea->Opisthokonta->Eukaryota->cellular organisms->life" nexsonid "node163464"
pgloadind     taxon mapping OTT ID 7507 taxonomy "Punctularia strigosozonata->Punctularia->Corticiaceae->Corticiales->Agaricomycetes->Agaricomycotina->Basidiomycota->Dikarya->Fungi->Nucletmycea->Opisthokonta->Eukaryota->cellular organisms->life" nexsonid "node163456"
pgloadind     taxon mapping OTT ID 715822 taxonomy "Vuilleminia comedens->Vuilleminia->Corticiaceae->Corticiales->Agaricomycetes->Agaricomycotina->Basidiomycota->Dikarya->Fungi->Nucletmycea->Opisthokonta->Eukaryota->cellular organisms->life" nexsonid "node163457"
pgloadind     taxon mapping OTT ID 517654 taxonomy "Gautieria otthii->Gautieria->Gomphaceae->Gomphales->Phallomycetidae->Agaricomycetes->Agaricomycotina->Basidiomycota->Dikarya->Fungi->Nucletmycea->Opisthokonta->Eukaryota->cellular organisms->life" nexsonid "node163452"
pgloadind     taxon mapping OTT ID 160851 taxonomy "Hydnum repandum->Hydnum->Hydnaceae->Cantharellales->Agaricomycetes->Agaricomycotina->Basidiomycota->Dikarya->Fungi->Nucletmycea->Opisthokonta->Eukaryota->cellular organisms->life" nexsonid "node163450"
pgloadind     taxon mapping OTT ID 494110 taxonomy "Hydnum albomagnum->Hydnum->Hydnaceae->Cantharellales->Agaricomycetes->Agaricomycotina->Basidiomycota->Dikarya->Fungi->Nucletmycea->Opisthokonta->Eukaryota->cellular organisms->life" nexsonid "node163449"
pgloadind     taxon mapping OTT ID 160854 taxonomy "Clavulina->Clavulinaceae->Cantharellales->Agaricomycetes->Agaricomycotina->Basidiomycota->Dikarya->Fungi->Nucletmycea->Opisthokonta->Eukaryota->cellular organisms->life" nexsonid "node163447"
pgloadind     taxon mapping OTT ID 558116 taxonomy "Cantharellus cibarius->Cantharellus->Cantharellaceae->Cantharellales->Agaricomycetes->Agaricomycotina->Basidiomycota->Dikarya->Fungi->Nucletmycea->Opisthokonta->Eukaryota->cellular organisms->life" nexsonid "node163445"
pgloadind     taxon mapping OTT ID 172581 taxonomy "Guepiniopsis buccina->Guepiniopsis->Dacrymycetaceae->Dacrymycetales->Dacrymycetes->Agaricomycotina->Basidiomycota->Dikarya->Fungi->Nucletmycea->Opisthokonta->Eukaryota->cellular organisms->life" nexsonid "node163439"
pgloadind     taxon mapping OTT ID 985688 taxonomy "Dacrymyces chrysospermus->Dacrymyces->Dacrymycetaceae->Dacrymycetales->Dacrymycetes->Agaricomycotina->Basidiomycota->Dikarya->Fungi->Nucletmycea->Opisthokonta->Eukaryota->cellular organisms->life" nexsonid "node163441"
pgloadind     taxon mapping OTT ID 531309 taxonomy "Dacryopinax spathularia->Dacryopinax->Dacrymycetaceae->Dacrymycetales->Dacrymycetes->Agaricomycotina->Basidiomycota->Dikarya->Fungi->Nucletmycea->Opisthokonta->Eukaryota->cellular organisms->life" nexsonid "node163437"
pgloadind     taxon mapping OTT ID 985692 taxonomy "Calocera cornea->Calocera->Dacrymycetaceae->Dacrymycetales->Dacrymycetes->Agaricomycotina->Basidiomycota->Dikarya->Fungi->Nucletmycea->Opisthokonta->Eukaryota->cellular organisms->life" nexsonid "node163435"
done fixing name
pgloadind Finished with attempts to fix names
pgloadind   Checking for uniqueness of OTT IDs tree id "120"
pgloadind   Adding tree to graph tree id "120"
all trees have all taxa: false
	using bipartition technique
attempting to remap tips to deepest exemplified taxa
	Boreostereum radiatum was remapped to 'Boreostereum' (id=285658)
	Sarcodontia pachyodon was remapped to 'Sarcodontia' (id=269519)
	Clavaria zollingeri was remapped to 'Clavaria' (id=309830)
	Bondarzewia mesenterica was remapped to 'Bondarzewia' (id=258412)
	Guepiniopsis buccina was remapped to 'Guepiniopsis' (id=254547)
	Boletinellus merulioides was remapped to 'Sclerodermatineae' (id=296171)
	Grifola frondosa was remapped to 'Grifola' (id=265268)
	Tyromyces lacteus was remapped to 'Tyromyces' (id=275429)
	Hypsizygus ulmarius was remapped to 'Hypsizygus' (id=297727)
	Dentocorticium sulphurellum was remapped to 'Dentocorticium' (id=270860)
	Fomitiporia mediterranea was remapped to 'Phellinus' (id=282927)
	Scytinostroma alutum was remapped to 'Lachnocladiaceae' (id=258908)
	Henningsomyces candidus was remapped to 'Marasmiaceae' (id=318704)
	Coltricia perennis was remapped to 'Coltricia' (id=284388)
	Hyphodontia alutaria was remapped to 'Schizoporaceae' (id=281546)
	Auriporia aurea was remapped to 'Auriporia' (id=279083)
	Polyozellus multiplex was remapped to 'Thelephoraceae' (id=255533)
	Russula compacta was remapped to 'Russula' (id=259803)
	Postia rennyi was remapped to 'Postia' (id=279935)
	Echinodontium tinctorium was remapped to 'Echinodontiaceae' (id=258707)
	Ganoderma tsugae was remapped to 'Ganodermataceae' (id=266965)
	Coriolopsis gallica was remapped to 'Coriolopsis' (id=275688)
	Antrodia carbonica was remapped to 'Antrodia' (id=281053)
	Schizophyllum commune was remapped to 'Schizophyllaceae' (id=328898)
	Lenzites betulina was remapped to 'Lenzites' (id=272607)
	Laetiporus sulphureus was remapped to 'Laetiporus' (id=279598)
	Serpula himantioides was remapped to 'Serpulaceae' (id=295036)
	Pycnoporus cinnabarinus was remapped to 'Pycnoporus' (id=273773)
	Clavulina was remapped to 'Clavulinaceae' (id=289055)
	Sarcodon imbricatus was remapped to 'Bankeraceae' (id=255212)
	Meripilus giganteus was remapped to 'Meripilus' (id=265318)
	Chaetoderma luna was remapped to 'Chaetoderma' (id=264088)
	Gautieria otthii was remapped to 'Phallomycetidae' (id=350686)
	Coniophora arida was remapped to 'Coniophoraceae' (id=295160)
	Dacrymyces chrysospermus was remapped to 'Dacrymyces' (id=254587)
	Dacryopinax spathularia was remapped to 'Dacryopinax' (id=254766)
	Calocera cornea was remapped to 'Calocera' (id=254382)
	Hygrocybe conica was remapped to 'Hygrophoraceae' (id=317042)
	Vuilleminia comedens was remapped to 'Vuilleminia' (id=286777)
	Clavulinopsis laeticolor was remapped to 'Clavulinopsis' (id=310451)
	Punctularia strigosozonata was remapped to 'Punctularia' (id=286568)
	Climacodon septentrionalis was remapped to 'Climacodon' (id=266086)
	Peniophora nuda was remapped to 'Peniophoraceae' (id=259283)
	Piptoporus betulinus was remapped to 'Piptoporus' (id=279885)
	Heterobasidion annosum was remapped to 'Heterobasidion' (id=258435)
	Hygrophoropsis aurantiaca was remapped to 'Hygrophoropsidaceae' (id=294969)
	Coprinopsis cinerea was remapped to 'Psathyrellaceae' (id=343930)
	Fomitopsis pinicola was remapped to 'Fomitopsis' (id=280696)
	Stereum hirsutum was remapped to 'Stereum' (id=264133)
	Hericium coralloides was remapped to 'Hericiaceae' (id=258740)
	Laccaria bicolor was remapped to 'Hydnangiaceae' (id=316676)
	Phanerodontia chrysosporium was remapped to 'Phanerodontia' (id=266936)
	Albatrellus higanensis was remapped to 'Albatrellaceae' (id=264982)
	Cryptoporus volvatus was remapped to 'Cryptoporus' (id=274315)
	Phaeolus schweinitzii was remapped to 'Phaeolus' (id=280975)
	Hydnellum geogenium was remapped to 'Hydnellum' (id=268548)
	Lentinus tigrinus was remapped to 'Lentinus' (id=271885)
	Agaricus bisporus was remapped to 'Agaricaceae' (id=299024)
	Ceriporia purpurea was remapped to 'Ceriporia' (id=265811)
	Heliocybe sulcata was remapped to 'Heliocybe' (id=274082)
	Cantharellus cibarius was remapped to 'Cantharellaceae' (id=286958)
	Ossicaulis lignatilis was remapped to 'Ossicaulis' (id=297672)
	Phyllotopsis was remapped to 'Tricholomataceae' (id=334479)
	Rhodonia placenta was remapped to 'Rhodonia' (id=278630)
	Suillus pictus was remapped to 'Suillineae' (id=295313)
	Donkioporia expansa was remapped to 'Donkioporia' (id=280683)
	Pycnoporellus fulgens was remapped to 'Pycnoporellus' (id=280358)
	Phlebia radiata was remapped to 'Phlebia' (id=269073)
this is the ROOT
placing root in index
Dealing with metadata property: id
Dealing with metadata property: ot:studyPublicationReference
Adding property 'ot:studyPublicationReference': Garcia-Sandoval, R., Wang, Z., Binder, M., & Hibbett, D. S. (2011). Molecular phylogenetics of the Gloeophyllales and relative ages of clades of Agaricomycotina producing a brown rot. Mycologia, 103(3), 510-24. doi:10.3852/10-209
Dealing with metadata property: ot:focalCladeOTTTaxonName
Adding property 'ot:focalCladeOTTTaxonName': Agaricomycetes
Dealing with metadata property: ot:studyYear
Adding property 'ot:studyYear': 2011
Dealing with metadata property: ot:inGroupClade
Adding property 'ot:inGroupClade': node163433
Dealing with metadata property: ot:curatorName
Adding property 'ot:curatorName': Romina Gazis
Dealing with metadata property: ot:studyPublication
Adding property 'ot:studyPublication': http://dx.doi.org/10.3852/10-209
Dealing with metadata property: ot:focalClade
Adding property 'ot:focalClade': 1012685
Dealing with metadata property: ot:curatedType
Adding property 'ot:curatedType': Suppl_Gloeophyllales_MrBayes_AA_and_rDNA
Dealing with metadata property: ot:studyId
Adding property 'ot:studyId': 243
Dealing with metadata property: ot:dataDeposit
Adding property 'ot:dataDeposit': http://purl.org/phylo/treebase/phylows/study/TB2:S10711
Committing nodes: 191
	adding Node[281341] Sparassidaceae 468070 as compatible with Node[281344]
		adding Relationship[8416339]
		adding to root Relationship[8416340]
	adding Node[289319] Hydnaceae 160852 as compatible with Node[289535]
		adding Relationship[8416341]
		adding to root Relationship[8416342]
	adding Node[339836] Entolomataceae 438740 as compatible with Node[340132]
		adding Relationship[8416343]
		adding to root Relationship[8416344]
	adding Node[254380] Dacrymycetales 17233 as compatible with Node[254381]
		adding Relationship[8416345]
		adding to root Relationship[8416346]
	adding Node[254378] Dacrymycetes 5287468 as compatible with Node[254381]
		adding Relationship[8416347]
		adding to root Relationship[8416348]
	adding Node[285932] Corticiales 822503 as compatible with Node[285933]
		adding Relationship[8416349]
		adding to root Relationship[8416350]
		adding Relationship[8416351] from Node[254380] to Node[254378]
		adding Relationship[8416352] from Node[254378] to Node[251232]
