pgloadind OTUs number 50
pgloadind Processing tree @id "689"
pgloadind   tree info number nodes 59
pgloadind   tree info number edges 58
pgloadind   Ingested tree number of external nodes 30
pgloadind   property added ot:studyPublicationReference "Otalora M., Aragon G., Molina M., Martinez I., & Lutzoni F. 2010. Disentangling the Collema-Leptogium complex through a molecular phylogenetic study of the Collemataceae (Peltigerales, lichen-forming Ascomycota). Mycologia, 102(2): 279-290."
pgloadind   property added ot:studyPublication "http://dx.doi.org/10.3852/09-114"
pgloadind   property added ot:curatorName "Romina Gazis"
pgloadind   property added ot:dataDeposit "http://purl.org/phylo/treebase/phylows/study/TB2:S10079"
pgloadind   property added ot:studyId "501"
pgloadind   property added ot:studyYear "2010"
pgloadind   property added ot:focalClade "132429"
pgloadind   property added ot:focalCladeOTTTaxonName "Collemataceae"
pgloadind   property added ot:curatedType "BI, mtSSU + LSU"
pgloadind Processing tree @id "690"
pgloadind Tree tagged as deprecated. Ignoring. @id "690"
pgloadind Processing tree @id "5607"
pgloadind   tree info number nodes 59
pgloadind   tree info number edges 58
pgloadind   tree info ingroup "node967916"
pgloadind   Setting ingroup root node.
pgloadind   Ingested tree number of external nodes 29
pgloadind   property added ot:studyPublicationReference "Otalora M., Aragon G., Molina M., Martinez I., & Lutzoni F. 2010. Disentangling the Collema-Leptogium complex through a molecular phylogenetic study of the Collemataceae (Peltigerales, lichen-forming Ascomycota). Mycologia, 102(2): 279-290."
pgloadind   property added ot:studyPublication "http://dx.doi.org/10.3852/09-114"
pgloadind   property added ot:curatorName "Romina Gazis"
pgloadind   property added ot:dataDeposit "http://purl.org/phylo/treebase/phylows/study/TB2:S10079"
pgloadind   property added ot:studyId "501"
pgloadind   property added ot:studyYear "2010"
pgloadind   property added ot:focalClade "132429"
pgloadind   property added ot:focalCladeOTTTaxonName "Collemataceae"
pgloadind   property added ot:inGroupClade "node967916"
pgloadind   property added ot:curatedType "BI, mtSSU, + LSU (rooted)"
pgloadind Processing tree @id "5608"
pgloadind   tree info number nodes 66
pgloadind   tree info number edges 65
pgloadind   tree info ingroup "node967979"
pgloadind   Setting ingroup root node.
pgloadind   Ingested tree number of external nodes 35
pgloadind   property added ot:studyPublicationReference "Otalora M., Aragon G., Molina M., Martinez I., & Lutzoni F. 2010. Disentangling the Collema-Leptogium complex through a molecular phylogenetic study of the Collemataceae (Peltigerales, lichen-forming Ascomycota). Mycologia, 102(2): 279-290."
pgloadind   property added ot:studyPublication "http://dx.doi.org/10.3852/09-114"
pgloadind   property added ot:curatorName "Romina Gazis"
pgloadind   property added ot:dataDeposit "http://purl.org/phylo/treebase/phylows/study/TB2:S10079"
pgloadind   property added ot:studyId "501"
pgloadind   property added ot:studyYear "2010"
pgloadind   property added ot:focalClade "132429"
pgloadind   property added ot:focalCladeOTTTaxonName "Collemataceae"
pgloadind   property added ot:inGroupClade "node967979"
pgloadind   property added ot:curatedType "BI, mtSSU + LSU (rooted)"
loading a specific tree: 5608
skipping tree: 689
skipping tree: 5607
pgloadind conducting TNRS on trees
pgloadind   name fixing on tree tree id "5608"
pgloadind   all nodes have ottIds
pgloadind     OTT ID reused in tree
pgloadind       duplicate name "Collema fragrans" nexsonid "node967994"
pgloadind       duplicate OTT ID 694488
pgloadind     OTT ID reused in tree
pgloadind       duplicate name "Leptogium lichenoides" nexsonid "node967999"
pgloadind       duplicate OTT ID 572810
pgloadind     OTT ID reused in tree
pgloadind       duplicate name "Collema tenax" nexsonid "node968011"
pgloadind       duplicate OTT ID 694491
pgloadind     OTT ID reused in tree
pgloadind       duplicate name "Collema tenax" nexsonid "node968012"
pgloadind       duplicate OTT ID 694491
pgloadind     OTT ID reused in tree
pgloadind       duplicate name "Leptogium phyllocarpum" nexsonid "node968021"
pgloadind       duplicate OTT ID 1018029
pgloadind     OTT ID reused in tree
pgloadind       duplicate name "Leptogium cyanescens" nexsonid "node968025"
pgloadind       duplicate OTT ID 494788
pgloadind     pruning dups and overlapping name "Leptogium lichenoides" nexsonid "node967999"
pgloadind     pruning dups and overlapping name "Collema tenax" nexsonid "node968011"
pgloadind     pruning dups and overlapping name "Collema fragrans" nexsonid "node967994"
pgloadind     pruning dups and overlapping name "Leptogium cyanescens" nexsonid "node968025"
pgloadind     pruning dups and overlapping name "Collema tenax" nexsonid "node968012"
pgloadind     pruning dups and overlapping name "Leptogium phyllocarpum" nexsonid "node968021"
pgloadind   postpruning newick tree "((((Leptogium_turgidum,Leptogium_schraderi),(((Leptogium_tenuissimum,(Leptogium_subaridum,Leptogium_magnussonii)),(Collema_fragrans,Collema_conglomeratum,Leptogium_microphylloides)),Leptogium_lichenoides)),((Collema_undulatum,Collema_fragile,Collema_polycarpon,Collema_auriforme),Collema_cristatum)),(((Leptogium_furfuraceum,Leptogium_pseudofurfuraceum),((Leptogium_austroamericanum,Leptogium_phyllocarpum),Leptogium_arsenei,Leptogium_corticola,Leptogium_brebissonii,Leptogium_cyanescens),(((Collema_curtisporum,Collema_nigrescens),Collema_furfuraceum),Collema_flaccidum),(Leptogium_saturninum,Leptogium_burnetiae)),Collema_tenax))"
pgloadind   taxon mapping summary
pgloadind     taxon mapping OTT ID 948386 taxonomy "Leptogium turgidum->Leptogium->Collemataceae->Collematineae->Peltigerales->Lecanoromycetidae->Lecanoromycetes->Leotiomyceta->Pezizomycotina->saccharomyceta->Ascomycota->Dikarya->Fungi->Nucletmycea->Opisthokonta->Eukaryota->cellular organisms->life" nexsonid "node967983"
pgloadind     taxon mapping OTT ID 1018031 taxonomy "Leptogium schraderi->Leptogium->Collemataceae->Collematineae->Peltigerales->Lecanoromycetidae->Lecanoromycetes->Leotiomyceta->Pezizomycotina->saccharomyceta->Ascomycota->Dikarya->Fungi->Nucletmycea->Opisthokonta->Eukaryota->cellular organisms->life" nexsonid "node967984"
pgloadind     taxon mapping OTT ID 948387 taxonomy "Leptogium tenuissimum->Leptogium->Collemataceae->Collematineae->Peltigerales->Lecanoromycetidae->Lecanoromycetes->Leotiomyceta->Pezizomycotina->saccharomyceta->Ascomycota->Dikarya->Fungi->Nucletmycea->Opisthokonta->Eukaryota->cellular organisms->life" nexsonid "node967988"
pgloadind     taxon mapping OTT ID 866515 taxonomy "Leptogium subaridum->Leptogium->Collemataceae->Collematineae->Peltigerales->Lecanoromycetidae->Lecanoromycetes->Leotiomyceta->Pezizomycotina->saccharomyceta->Ascomycota->Dikarya->Fungi->Nucletmycea->Opisthokonta->Eukaryota->cellular organisms->life" nexsonid "node967990"
pgloadind     taxon mapping OTT ID 171646 taxonomy "Leptogium magnussonii->Leptogium->Collemataceae->Collematineae->Peltigerales->Lecanoromycetidae->Lecanoromycetes->Leotiomyceta->Pezizomycotina->saccharomyceta->Ascomycota->Dikarya->Fungi->Nucletmycea->Opisthokonta->Eukaryota->cellular organisms->life" nexsonid "node967991"
pgloadind     taxon mapping OTT ID 694488 taxonomy "Collema fragrans->Collema->Collemataceae->Collematineae->Peltigerales->Lecanoromycetidae->Lecanoromycetes->Leotiomyceta->Pezizomycotina->saccharomyceta->Ascomycota->Dikarya->Fungi->Nucletmycea->Opisthokonta->Eukaryota->cellular organisms->life" nexsonid "node967993"
pgloadind     taxon mapping OTT ID 694483 taxonomy "Collema conglomeratum->Collema->Collemataceae->Collematineae->Peltigerales->Lecanoromycetidae->Lecanoromycetes->Leotiomyceta->Pezizomycotina->saccharomyceta->Ascomycota->Dikarya->Fungi->Nucletmycea->Opisthokonta->Eukaryota->cellular organisms->life" nexsonid "node967995"
pgloadind     taxon mapping OTT ID 171639 taxonomy "Leptogium microphylloides->Leptogium->Collemataceae->Collematineae->Peltigerales->Lecanoromycetidae->Lecanoromycetes->Leotiomyceta->Pezizomycotina->saccharomyceta->Ascomycota->Dikarya->Fungi->Nucletmycea->Opisthokonta->Eukaryota->cellular organisms->life" nexsonid "node967996"
pgloadind     taxon mapping OTT ID 572810 taxonomy "Leptogium lichenoides->Leptogium->Collemataceae->Collematineae->Peltigerales->Lecanoromycetidae->Lecanoromycetes->Leotiomyceta->Pezizomycotina->saccharomyceta->Ascomycota->Dikarya->Fungi->Nucletmycea->Opisthokonta->Eukaryota->cellular organisms->life" nexsonid "node967998"
pgloadind     taxon mapping OTT ID 1068878 taxonomy "Collema undulatum->Collema->Collemataceae->Collematineae->Peltigerales->Lecanoromycetidae->Lecanoromycetes->Leotiomyceta->Pezizomycotina->saccharomyceta->Ascomycota->Dikarya->Fungi->Nucletmycea->Opisthokonta->Eukaryota->cellular organisms->life" nexsonid "node968002"
pgloadind     taxon mapping OTT ID 694485 taxonomy "Collema fragile->Collema->Collemataceae->Collematineae->Peltigerales->Lecanoromycetidae->Lecanoromycetes->Leotiomyceta->Pezizomycotina->saccharomyceta->Ascomycota->Dikarya->Fungi->Nucletmycea->Opisthokonta->Eukaryota->cellular organisms->life" nexsonid "node968003"
pgloadind     taxon mapping OTT ID 694492 taxonomy "Collema polycarpon->Collema->Collemataceae->Collematineae->Peltigerales->Lecanoromycetidae->Lecanoromycetes->Leotiomyceta->Pezizomycotina->saccharomyceta->Ascomycota->Dikarya->Fungi->Nucletmycea->Opisthokonta->Eukaryota->cellular organisms->life" nexsonid "node968004"
pgloadind     taxon mapping OTT ID 120328 taxonomy "Collema auriforme->Collema->Collemataceae->Collematineae->Peltigerales->Lecanoromycetidae->Lecanoromycetes->Leotiomyceta->Pezizomycotina->saccharomyceta->Ascomycota->Dikarya->Fungi->Nucletmycea->Opisthokonta->Eukaryota->cellular organisms->life" nexsonid "node968005"
pgloadind     taxon mapping OTT ID 376241 taxonomy "Collema cristatum->Collema->Collemataceae->Collematineae->Peltigerales->Lecanoromycetidae->Lecanoromycetes->Leotiomyceta->Pezizomycotina->saccharomyceta->Ascomycota->Dikarya->Fungi->Nucletmycea->Opisthokonta->Eukaryota->cellular organisms->life" nexsonid "node968006"
pgloadind     taxon mapping OTT ID 171645 taxonomy "Leptogium furfuraceum->Leptogium->Collemataceae->Collematineae->Peltigerales->Lecanoromycetidae->Lecanoromycetes->Leotiomyceta->Pezizomycotina->saccharomyceta->Ascomycota->Dikarya->Fungi->Nucletmycea->Opisthokonta->Eukaryota->cellular organisms->life" nexsonid "node968015"
pgloadind     taxon mapping OTT ID 171647 taxonomy "Leptogium pseudofurfuraceum->Leptogium->Collemataceae->Collematineae->Peltigerales->Lecanoromycetidae->Lecanoromycetes->Leotiomyceta->Pezizomycotina->saccharomyceta->Ascomycota->Dikarya->Fungi->Nucletmycea->Opisthokonta->Eukaryota->cellular organisms->life" nexsonid "node968016"
pgloadind     taxon mapping OTT ID 171638 taxonomy "Leptogium austroamericanum->Leptogium->Collemataceae->Collematineae->Peltigerales->Lecanoromycetidae->Lecanoromycetes->Leotiomyceta->Pezizomycotina->saccharomyceta->Ascomycota->Dikarya->Fungi->Nucletmycea->Opisthokonta->Eukaryota->cellular organisms->life" nexsonid "node968022"
pgloadind     taxon mapping OTT ID 1018029 taxonomy "Leptogium phyllocarpum->Leptogium->Collemataceae->Collematineae->Peltigerales->Lecanoromycetidae->Lecanoromycetes->Leotiomyceta->Pezizomycotina->saccharomyceta->Ascomycota->Dikarya->Fungi->Nucletmycea->Opisthokonta->Eukaryota->cellular organisms->life" nexsonid "node968020"
pgloadind     taxon mapping OTT ID 171637 taxonomy "Leptogium arsenei->Leptogium->Collemataceae->Collematineae->Peltigerales->Lecanoromycetidae->Lecanoromycetes->Leotiomyceta->Pezizomycotina->saccharomyceta->Ascomycota->Dikarya->Fungi->Nucletmycea->Opisthokonta->Eukaryota->cellular organisms->life" nexsonid "node968026"
pgloadind     taxon mapping OTT ID 171636 taxonomy "Leptogium corticola->Leptogium->Collemataceae->Collematineae->Peltigerales->Lecanoromycetidae->Lecanoromycetes->Leotiomyceta->Pezizomycotina->saccharomyceta->Ascomycota->Dikarya->Fungi->Nucletmycea->Opisthokonta->Eukaryota->cellular organisms->life" nexsonid "node968027"
pgloadind     taxon mapping OTT ID 797397 taxonomy "Leptogium brebissonii->Leptogium->Collemataceae->Collematineae->Peltigerales->Lecanoromycetidae->Lecanoromycetes->Leotiomyceta->Pezizomycotina->saccharomyceta->Ascomycota->Dikarya->Fungi->Nucletmycea->Opisthokonta->Eukaryota->cellular organisms->life" nexsonid "node968028"
pgloadind     taxon mapping OTT ID 494788 taxonomy "Leptogium cyanescens->Leptogium->Collemataceae->Collematineae->Peltigerales->Lecanoromycetidae->Lecanoromycetes->Leotiomyceta->Pezizomycotina->saccharomyceta->Ascomycota->Dikarya->Fungi->Nucletmycea->Opisthokonta->Eukaryota->cellular organisms->life" nexsonid "node968024"
pgloadind     taxon mapping OTT ID 694486 taxonomy "Collema curtisporum->Collema->Collemataceae->Collematineae->Peltigerales->Lecanoromycetidae->Lecanoromycetes->Leotiomyceta->Pezizomycotina->saccharomyceta->Ascomycota->Dikarya->Fungi->Nucletmycea->Opisthokonta->Eukaryota->cellular organisms->life" nexsonid "node968032"
pgloadind     taxon mapping OTT ID 694489 taxonomy "Collema nigrescens->Collema->Collemataceae->Collematineae->Peltigerales->Lecanoromycetidae->Lecanoromycetes->Leotiomyceta->Pezizomycotina->saccharomyceta->Ascomycota->Dikarya->Fungi->Nucletmycea->Opisthokonta->Eukaryota->cellular organisms->life" nexsonid "node968033"
pgloadind     taxon mapping OTT ID 572807 taxonomy "Collema furfuraceum->Collema->Collemataceae->Collematineae->Peltigerales->Lecanoromycetidae->Lecanoromycetes->Leotiomyceta->Pezizomycotina->saccharomyceta->Ascomycota->Dikarya->Fungi->Nucletmycea->Opisthokonta->Eukaryota->cellular organisms->life" nexsonid "node968034"
pgloadind     taxon mapping OTT ID 680528 taxonomy "Collema flaccidum->Collema->Collemataceae->Collematineae->Peltigerales->Lecanoromycetidae->Lecanoromycetes->Leotiomyceta->Pezizomycotina->saccharomyceta->Ascomycota->Dikarya->Fungi->Nucletmycea->Opisthokonta->Eukaryota->cellular organisms->life" nexsonid "node968035"
pgloadind     taxon mapping OTT ID 572809 taxonomy "Leptogium saturninum->Leptogium->Collemataceae->Collematineae->Peltigerales->Lecanoromycetidae->Lecanoromycetes->Leotiomyceta->Pezizomycotina->saccharomyceta->Ascomycota->Dikarya->Fungi->Nucletmycea->Opisthokonta->Eukaryota->cellular organisms->life" nexsonid "node968037"
pgloadind     taxon mapping OTT ID 171634 taxonomy "Leptogium burnetiae->Leptogium->Collemataceae->Collematineae->Peltigerales->Lecanoromycetidae->Lecanoromycetes->Leotiomyceta->Pezizomycotina->saccharomyceta->Ascomycota->Dikarya->Fungi->Nucletmycea->Opisthokonta->Eukaryota->cellular organisms->life" nexsonid "node968038"
pgloadind     taxon mapping OTT ID 694491 taxonomy "Collema tenax->Collema->Collemataceae->Collematineae->Peltigerales->Lecanoromycetidae->Lecanoromycetes->Leotiomyceta->Pezizomycotina->saccharomyceta->Ascomycota->Dikarya->Fungi->Nucletmycea->Opisthokonta->Eukaryota->cellular organisms->life" nexsonid "node968010"
done fixing name
pgloadind Finished with attempts to fix names
pgloadind   Checking for uniqueness of OTT IDs tree id "5608"
pgloadind   Adding tree to graph tree id "5608"
all trees have all taxa: false
	using bipartition technique
attempting to remap tips to deepest exemplified taxa
this is the ROOT
placing root in index
Dealing with metadata property: id
Dealing with metadata property: ot:studyPublicationReference
Adding property 'ot:studyPublicationReference': Otalora M., Aragon G., Molina M., Martinez I., & Lutzoni F. 2010. Disentangling the Collema-Leptogium complex through a molecular phylogenetic study of the Collemataceae (Peltigerales, lichen-forming Ascomycota). Mycologia, 102(2): 279-290.
Dealing with metadata property: ot:focalCladeOTTTaxonName
Adding property 'ot:focalCladeOTTTaxonName': Collemataceae
Dealing with metadata property: ot:studyYear
Adding property 'ot:studyYear': 2010
Dealing with metadata property: ot:inGroupClade
Adding property 'ot:inGroupClade': node967979
Dealing with metadata property: ot:curatorName
Adding property 'ot:curatorName': Romina Gazis
Dealing with metadata property: ot:studyPublication
Adding property 'ot:studyPublication': http://dx.doi.org/10.3852/09-114
Dealing with metadata property: ot:focalClade
Adding property 'ot:focalClade': 132429
Dealing with metadata property: ot:curatedType
Adding property 'ot:curatedType': BI, mtSSU + LSU (rooted)
Dealing with metadata property: ot:studyId
Adding property 'ot:studyId': 501
Dealing with metadata property: ot:dataDeposit
Adding property 'ot:dataDeposit': http://purl.org/phylo/treebase/phylows/study/TB2:S10079
Committing nodes: 49
