pgloadind OTUs number 319
pgloadind Processing tree @id "787"
pgloadind   tree info number nodes 187
pgloadind   tree info number edges 186
pgloadind   tree info ingroup "node338161"
pgloadind   Setting ingroup root node.
pgloadind   Ingested tree number of external nodes 89
pgloadind   property added ot:studyPublicationReference "Vellinga E.C., Sysouphanthong P., & Hyde K.D. 2011. The family Agaricaceae: phylogenies and two new white-spored genera. Mycologia, 103(3): 494-509."
pgloadind   property added ot:studyPublication "http://dx.doi.org/10.3852/10-204"
pgloadind   property added ot:curatorName "Romina Gazis"
pgloadind   property added ot:dataDeposit "http://purl.org/phylo/treebase/phylows/study/TB2:S10631"
pgloadind   property added ot:studyId "539"
pgloadind   property added ot:studyYear "2011"
pgloadind   property added ot:focalClade "8360"
pgloadind   property added ot:focalCladeOTTTaxonName "Agaricaceae"
pgloadind   property added ot:inGroupClade "node338161"
pgloadind   property added ot:curatedType "ML, RPB2"
pgloadind Processing tree @id "788"
pgloadind   tree info number nodes 91
pgloadind   tree info number edges 90
pgloadind   tree info ingroup "node338353"
pgloadind   Setting ingroup root node.
pgloadind   Ingested tree number of external nodes 43
pgloadind   property added ot:studyPublicationReference "Vellinga E.C., Sysouphanthong P., & Hyde K.D. 2011. The family Agaricaceae: phylogenies and two new white-spored genera. Mycologia, 103(3): 494-509."
pgloadind   property added ot:studyPublication "http://dx.doi.org/10.3852/10-204"
pgloadind   property added ot:curatorName "Romina Gazis"
pgloadind   property added ot:dataDeposit "http://purl.org/phylo/treebase/phylows/study/TB2:S10631"
pgloadind   property added ot:studyId "539"
pgloadind   property added ot:studyYear "2011"
pgloadind   property added ot:focalClade "8360"
pgloadind   property added ot:focalCladeOTTTaxonName "Agaricaceae"
pgloadind   property added ot:inGroupClade "node338353"
pgloadind   property added ot:curatedType "ML, ITS"
pgloadind Processing tree @id "789"
pgloadind   tree info number nodes 213
pgloadind   tree info number edges 212
pgloadind   tree info ingroup "node338439"
pgloadind   Setting ingroup root node.
pgloadind   Ingested tree number of external nodes 105
pgloadind   property added ot:studyPublicationReference "Vellinga E.C., Sysouphanthong P., & Hyde K.D. 2011. The family Agaricaceae: phylogenies and two new white-spored genera. Mycologia, 103(3): 494-509."
pgloadind   property added ot:studyPublication "http://dx.doi.org/10.3852/10-204"
pgloadind   property added ot:curatorName "Romina Gazis"
pgloadind   property added ot:dataDeposit "http://purl.org/phylo/treebase/phylows/study/TB2:S10631"
pgloadind   property added ot:studyId "539"
pgloadind   property added ot:studyYear "2011"
pgloadind   property added ot:focalClade "8360"
pgloadind   property added ot:focalCladeOTTTaxonName "Agaricaceae"
pgloadind   property added ot:inGroupClade "node338439"
pgloadind   property added ot:curatedType "ML, EF-1"
pgloadind Processing tree @id "790"
pgloadind   tree info number nodes 143
pgloadind   tree info number edges 142
pgloadind   tree info ingroup "node338652"
pgloadind   Setting ingroup root node.
pgloadind   Ingested tree number of external nodes 69
pgloadind   property added ot:studyPublicationReference "Vellinga E.C., Sysouphanthong P., & Hyde K.D. 2011. The family Agaricaceae: phylogenies and two new white-spored genera. Mycologia, 103(3): 494-509."
pgloadind   property added ot:studyPublication "http://dx.doi.org/10.3852/10-204"
pgloadind   property added ot:curatorName "Romina Gazis"
pgloadind   property added ot:dataDeposit "http://purl.org/phylo/treebase/phylows/study/TB2:S10631"
pgloadind   property added ot:studyId "539"
pgloadind   property added ot:studyYear "2011"
pgloadind   property added ot:focalClade "8360"
pgloadind   property added ot:focalCladeOTTTaxonName "Agaricaceae"
pgloadind   property added ot:inGroupClade "node338652"
pgloadind   property added ot:curatedType "ML, LSU"
loading a specific tree: 787
skipping tree: 788
skipping tree: 789
skipping tree: 790
pgloadind conducting TNRS on trees
pgloadind   name fixing on tree tree id "787"
pgloadind     OTT ID missing name "Coniolepiota spongodes png012 HM488796" nexsonid "node338174"
pgloadind     OTT ID missing name "Coniolepiota spongodes ecv3898 HM488798" nexsonid "node338175"
pgloadind     OTT ID missing name "Coniolepiota spongodes ds06041 HM488799" nexsonid "node338176"
pgloadind   TNRS unmatched total number 3
pgloadind     pruning unmapped name "Coniolepiota spongodes ds06041 HM488799" nexsonid "node338176"
pgloadind     pruning unmapped name "Coniolepiota spongodes ecv3898 HM488798" nexsonid "node338175"
pgloadind     pruning unmapped name "Coniolepiota spongodes png012 HM488796" nexsonid "node338174"
pgloadind     OTT ID reused in tree
pgloadind       duplicate name "Agaricaceae" nexsonid "node338168"
pgloadind       duplicate OTT ID 8360
pgloadind     OTT ID reused in tree
pgloadind       duplicate name "Chlorophyllum olivieri" nexsonid "node338191"
pgloadind       duplicate OTT ID 949921
pgloadind     OTT ID reused in tree
pgloadind       duplicate name "Chlorophyllum brunneum" nexsonid "node338194"
pgloadind       duplicate OTT ID 949907
pgloadind     OTT ID reused in tree
pgloadind       duplicate name "Leucoagaricus flammeotinctoides" nexsonid "node338202"
pgloadind       duplicate OTT ID 793066
pgloadind     OTT ID reused in tree
pgloadind       duplicate name "Lepiota fuliginescens" nexsonid "node338214"
pgloadind       duplicate OTT ID 123916
pgloadind     OTT ID reused in tree
pgloadind       duplicate name "Lepiota fuliginescens" nexsonid "node338215"
pgloadind       duplicate OTT ID 123916
pgloadind     OTT ID reused in tree
pgloadind       duplicate name "Leucocoprinus badhamii" nexsonid "node338218"
pgloadind       duplicate OTT ID 5304368
pgloadind     OTT ID reused in tree
pgloadind       duplicate name "Leucoagaricus" nexsonid "node338227"
pgloadind       duplicate OTT ID 720807
pgloadind     OTT ID reused in tree
pgloadind       duplicate name "Leucoagaricus" nexsonid "node338229"
pgloadind       duplicate OTT ID 720807
pgloadind     OTT ID reused in tree
pgloadind       duplicate name "Leucoagaricus" nexsonid "node338231"
pgloadind       duplicate OTT ID 720807
pgloadind     OTT ID reused in tree
pgloadind       duplicate name "Lepiota" nexsonid "node338235"
pgloadind       duplicate OTT ID 294447
pgloadind     OTT ID reused in tree
pgloadind       duplicate name "Lepiota" nexsonid "node338236"
pgloadind       duplicate OTT ID 294447
pgloadind     OTT ID reused in tree
pgloadind       duplicate name "Leucocoprinus cepistipes" nexsonid "node338242"
pgloadind       duplicate OTT ID 734856
pgloadind     OTT ID reused in tree
pgloadind       duplicate name "Leucocoprinus cepistipes" nexsonid "node338243"
pgloadind       duplicate OTT ID 734856
pgloadind     OTT ID reused in tree
pgloadind       duplicate name "Leucocoprinus brebissonii" nexsonid "node338249"
pgloadind       duplicate OTT ID 663497
pgloadind     OTT ID reused in tree
pgloadind       duplicate name "Leucoagaricus" nexsonid "node338252"
pgloadind       duplicate OTT ID 720807
pgloadind     OTT ID reused in tree
pgloadind       duplicate name "Leucoagaricus" nexsonid "node338257"
pgloadind       duplicate OTT ID 720807
pgloadind     OTT ID reused in tree
pgloadind       duplicate name "Leucoagaricus" nexsonid "node338260"
pgloadind       duplicate OTT ID 720807
pgloadind     OTT ID reused in tree
pgloadind       duplicate name "Leucoagaricus" nexsonid "node338262"
pgloadind       duplicate OTT ID 720807
pgloadind     OTT ID reused in tree
pgloadind       duplicate name "Leucoagaricus" nexsonid "node338264"
pgloadind       duplicate OTT ID 720807
pgloadind     OTT ID reused in tree
pgloadind       duplicate name "Leucoagaricus" nexsonid "node338265"
pgloadind       duplicate OTT ID 720807
pgloadind     OTT ID reused in tree
pgloadind       duplicate name "Leucoagaricus" nexsonid "node338268"
pgloadind       duplicate OTT ID 720807
pgloadind     OTT ID reused in tree
pgloadind       duplicate name "Leucoagaricus" nexsonid "node338269"
pgloadind       duplicate OTT ID 720807
pgloadind     OTT ID reused in tree
pgloadind       duplicate name "Leucoagaricus" nexsonid "node338271"
pgloadind       duplicate OTT ID 720807
pgloadind     OTT ID reused in tree
pgloadind       duplicate name "Micropsalliota" nexsonid "node338280"
pgloadind       duplicate OTT ID 560782
pgloadind     OTT ID reused in tree
pgloadind       duplicate name "Lycoperdon" nexsonid "node338292"
pgloadind       duplicate OTT ID 558969
pgloadind     OTT ID reused in tree
pgloadind       duplicate name "Macrolepiota mastoidea" nexsonid "node338304"
pgloadind       duplicate OTT ID 141106
pgloadind     OTT ID reused in tree
pgloadind       duplicate name "Macrolepiota procera" nexsonid "node338311"
pgloadind       duplicate OTT ID 789177
pgloadind     OTT ID reused in tree
pgloadind       duplicate name "Macrolepiota" nexsonid "node338314"
pgloadind       duplicate OTT ID 484268
pgloadind     OTT ID reused in tree
pgloadind       duplicate name "Macrolepiota" nexsonid "node338315"
pgloadind       duplicate OTT ID 484268
pgloadind     OTT ID reused in tree
pgloadind       duplicate name "Macrolepiota" nexsonid "node338316"
pgloadind       duplicate OTT ID 484268
pgloadind     OTT ID reused in tree
pgloadind       duplicate name "Lepiota" nexsonid "node338332"
pgloadind       duplicate OTT ID 294447
pgloadind     OTT ID reused in tree
pgloadind       duplicate name "Tulostoma" nexsonid "node338337"
pgloadind       duplicate OTT ID 148744
pgloadind     overlapping tips
pgloadind       overlapping retained name "Heinemannomyces splendidissima" nexsonid "node338178"
pgloadind       overlapping pruned name "Agaricaceae" nexsonid "node338167"
pgloadind     overlapping tips
pgloadind       overlapping retained name "Heinemannomyces splendidissima" nexsonid "node338178"
pgloadind       overlapping pruned name "Agaricomycotina" nexsonid "node338177"
pgloadind     overlapping tips
pgloadind       overlapping retained name "Agaricus bisporus" nexsonid "node338182"
pgloadind       overlapping pruned name "Agaricus" nexsonid "node338185"
pgloadind     overlapping tips
pgloadind       overlapping retained name "Leucoagaricus flammeotinctoides" nexsonid "node338201"
pgloadind       overlapping pruned name "Leucoagaricus" nexsonid "node338220"
pgloadind     overlapping tips
pgloadind       overlapping retained name "Lepiota roseolivida" nexsonid "node338209"
pgloadind       overlapping pruned name "Lepiota" nexsonid "node338233"
pgloadind     overlapping tips
pgloadind       overlapping retained name "Lycoperdon dermoxanthum" nexsonid "node338285"
pgloadind       overlapping pruned name "Lycoperdon" nexsonid "node338288"
pgloadind     overlapping tips
pgloadind       overlapping retained name "Macrolepiota mastoidea" nexsonid "node338300"
pgloadind       overlapping pruned name "Macrolepiota" nexsonid "node338308"
pgloadind     pruning dups and overlapping name "Leucoagaricus" nexsonid "node338227"
pgloadind     pruning dups and overlapping name "Leucoagaricus" nexsonid "node338220"
pgloadind     pruning dups and overlapping name "Chlorophyllum olivieri" nexsonid "node338191"
pgloadind     pruning dups and overlapping name "Leucoagaricus" nexsonid "node338268"
pgloadind     pruning dups and overlapping name "Leucoagaricus" nexsonid "node338229"
pgloadind     pruning dups and overlapping name "Leucoagaricus" nexsonid "node338231"
pgloadind     pruning dups and overlapping name "Lepiota" nexsonid "node338236"
pgloadind     pruning dups and overlapping name "Lepiota fuliginescens" nexsonid "node338214"
pgloadind     pruning dups and overlapping name "Leucocoprinus cepistipes" nexsonid "node338242"
pgloadind     pruning dups and overlapping name "Lepiota" nexsonid "node338233"
pgloadind     pruning dups and overlapping name "Macrolepiota procera" nexsonid "node338311"
pgloadind     pruning dups and overlapping name "Leucoagaricus" nexsonid "node338264"
pgloadind     pruning dups and overlapping name "Agaricus" nexsonid "node338185"
pgloadind     pruning dups and overlapping name "Lepiota fuliginescens" nexsonid "node338215"
pgloadind     pruning dups and overlapping name "Leucocoprinus brebissonii" nexsonid "node338249"
pgloadind     pruning dups and overlapping name "Leucoagaricus" nexsonid "node338269"
pgloadind     pruning dups and overlapping name "Leucocoprinus cepistipes" nexsonid "node338243"
pgloadind     pruning dups and overlapping name "Macrolepiota" nexsonid "node338314"
pgloadind     pruning dups and overlapping name "Leucoagaricus" nexsonid "node338252"
pgloadind     pruning dups and overlapping name "Leucoagaricus" nexsonid "node338271"
pgloadind     pruning dups and overlapping name "Leucoagaricus" nexsonid "node338262"
pgloadind     pruning dups and overlapping name "Agaricaceae" nexsonid "node338167"
pgloadind     pruning dups and overlapping name "Macrolepiota mastoidea" nexsonid "node338304"
pgloadind     pruning dups and overlapping name "Leucoagaricus" nexsonid "node338260"
pgloadind     pruning dups and overlapping name "Lepiota" nexsonid "node338235"
pgloadind     pruning dups and overlapping name "Tulostoma" nexsonid "node338337"
pgloadind     pruning dups and overlapping name "Lycoperdon" nexsonid "node338292"
pgloadind     pruning dups and overlapping name "Leucocoprinus badhamii" nexsonid "node338218"
pgloadind     pruning dups and overlapping name "Leucoagaricus" nexsonid "node338265"
pgloadind     pruning dups and overlapping name "Lycoperdon" nexsonid "node338288"
pgloadind     pruning dups and overlapping name "Lepiota" nexsonid "node338332"
pgloadind     pruning dups and overlapping name "Leucoagaricus flammeotinctoides" nexsonid "node338202"
pgloadind     pruning dups and overlapping name "Macrolepiota" nexsonid "node338315"
pgloadind     pruning dups and overlapping name "Leucoagaricus" nexsonid "node338257"
pgloadind     pruning dups and overlapping name "Macrolepiota" nexsonid "node338316"
pgloadind     pruning dups and overlapping name "Agaricaceae" nexsonid "node338168"
pgloadind     pruning dups and overlapping name "Macrolepiota" nexsonid "node338308"
pgloadind     pruning dups and overlapping name "Agaricomycotina" nexsonid "node338177"
pgloadind     pruning dups and overlapping name "Micropsalliota" nexsonid "node338280"
pgloadind     pruning dups and overlapping name "Chlorophyllum brunneum" nexsonid "node338194"
pgloadind   postpruning newick tree "(((((Chlorophyllum_rachodes,(Chlorophyllum_olivieri,Chlorophyllum_brunneum)),((Clarkeinda_trachodes,(Agaricus_bisporus,Agaricus_rotalis)),Heinemannomyces_splendidissima)),((((((Leucoagaricus_erythrophaeus,Leucoagaricus_pardalotus),Leucoagaricus_flammeotinctoides),(Leucoagaricus_adelphicus,(Lepiota_roseolivida,(Lepiota_fuliginescens,Leucocoprinus_badhamii)))),(((Leucoagaricus_leucothites,Leucocoprinus_cepistipes),(Leucocoprinus_birnbaumii,Leucocoprinus_brebissonii)),(Leucoagaricus_croceovelutinus,Lepiota_castanescens))),(Lepiota_flammeotincta,(Leucoagaricus_rubroconfusus,Leucoagaricus_sublittoralis))),((Leucoagaricus_americanus,Lepiota_besseyi),(Leucoagaricus_meleagris,Micropsalliota)))),(((Lycoperdon_dermoxanthum,((Bovista_plumbea,Lycoperdon_pyriforme),Lycoperdon_perlatum)),(((((Macrolepiota_mastoidea,Macrolepiota_konradii),Macrolepiota_gracilenta),Macrolepiota_excoriata),Macrolepiota_procera),Macrolepiota_velosa)),Podaxis_pistillaris)),((((Cystolepiota,Melanophyllum_haematospermum),(Lepiota_fuscovinacea,(Lepiota_spheniscispora,Lepiota_magnispora))),Lepiota_pilodes),(Coprinus_comatus,Tulostoma)))"
pgloadind   taxon mapping summary
pgloadind     taxon mapping OTT ID 484264 taxonomy "Chlorophyllum rachodes->Chlorophyllum->Agaricaceae->Agaricales->Agaricomycetidae->Agaricomycetes->Agaricomycotina->Basidiomycota->Dikarya->Fungi->Nucletmycea->Opisthokonta->Eukaryota->cellular organisms->life" nexsonid "node338187"
pgloadind     taxon mapping OTT ID 949921 taxonomy "Chlorophyllum olivieri->Chlorophyllum->Agaricaceae->Agaricales->Agaricomycetidae->Agaricomycetes->Agaricomycotina->Basidiomycota->Dikarya->Fungi->Nucletmycea->Opisthokonta->Eukaryota->cellular organisms->life" nexsonid "node338190"
pgloadind     taxon mapping OTT ID 949907 taxonomy "Chlorophyllum brunneum->Chlorophyllum->Agaricaceae->Agaricales->Agaricomycetidae->Agaricomycetes->Agaricomycotina->Basidiomycota->Dikarya->Fungi->Nucletmycea->Opisthokonta->Eukaryota->cellular organisms->life" nexsonid "node338193"
pgloadind     taxon mapping OTT ID 785544 taxonomy "Clarkeinda trachodes->Clarkeinda->Agaricaceae->Agaricales->Agaricomycetidae->Agaricomycetes->Agaricomycotina->Basidiomycota->Dikarya->Fungi->Nucletmycea->Opisthokonta->Eukaryota->cellular organisms->life" nexsonid "node338180"
pgloadind     taxon mapping OTT ID 737449 taxonomy "Agaricus bisporus->Agaricus->Agaricaceae->Agaricales->Agaricomycetidae->Agaricomycetes->Agaricomycotina->Basidiomycota->Dikarya->Fungi->Nucletmycea->Opisthokonta->Eukaryota->cellular organisms->life" nexsonid "node338182"
pgloadind     taxon mapping OTT ID 548540 taxonomy "Agaricus rotalis->Agaricus->Agaricaceae->Agaricales->Agaricomycetidae->Agaricomycetes->Agaricomycotina->Basidiomycota->Dikarya->Fungi->Nucletmycea->Opisthokonta->Eukaryota->cellular organisms->life" nexsonid "node338184"
pgloadind     taxon mapping OTT ID 785542 taxonomy "Heinemannomyces splendidissima->Heinemannomyces->Agaricaceae->Agaricales->Agaricomycetidae->Agaricomycetes->Agaricomycotina->Basidiomycota->Dikarya->Fungi->Nucletmycea->Opisthokonta->Eukaryota->cellular organisms->life" nexsonid "node338178"
pgloadind     taxon mapping OTT ID 492162 taxonomy "Leucoagaricus erythrophaeus->Leucoagaricus->Agaricaceae->Agaricales->Agaricomycetidae->Agaricomycetes->Agaricomycotina->Basidiomycota->Dikarya->Fungi->Nucletmycea->Opisthokonta->Eukaryota->cellular organisms->life" nexsonid "node338204"
pgloadind     taxon mapping OTT ID 793062 taxonomy "Leucoagaricus pardalotus->Leucoagaricus->Agaricaceae->Agaricales->Agaricomycetidae->Agaricomycetes->Agaricomycotina->Basidiomycota->Dikarya->Fungi->Nucletmycea->Opisthokonta->Eukaryota->cellular organisms->life" nexsonid "node338205"
pgloadind     taxon mapping OTT ID 793066 taxonomy "Leucoagaricus flammeotinctoides->Leucoagaricus->Agaricaceae->Agaricales->Agaricomycetidae->Agaricomycetes->Agaricomycotina->Basidiomycota->Dikarya->Fungi->Nucletmycea->Opisthokonta->Eukaryota->cellular organisms->life" nexsonid "node338201"
pgloadind     taxon mapping OTT ID 793070 taxonomy "Leucoagaricus adelphicus->Leucoagaricus->Agaricaceae->Agaricales->Agaricomycetidae->Agaricomycetes->Agaricomycotina->Basidiomycota->Dikarya->Fungi->Nucletmycea->Opisthokonta->Eukaryota->cellular organisms->life" nexsonid "node338207"
pgloadind     taxon mapping OTT ID 558196 taxonomy "Lepiota roseolivida->Lepiota->Agaricaceae->Agaricales->Agaricomycetidae->Agaricomycetes->Agaricomycotina->Basidiomycota->Dikarya->Fungi->Nucletmycea->Opisthokonta->Eukaryota->cellular organisms->life" nexsonid "node338209"
pgloadind     taxon mapping OTT ID 123916 taxonomy "Lepiota fuliginescens->Lepiota->Agaricaceae->Agaricales->Agaricomycetidae->Agaricomycetes->Agaricomycotina->Basidiomycota->Dikarya->Fungi->Nucletmycea->Opisthokonta->Eukaryota->cellular organisms->life" nexsonid "node338212"
pgloadind     taxon mapping OTT ID 5304368 taxonomy "Leucocoprinus badhamii->Leucocoprinus->Agaricaceae->Agaricales->Agaricomycetidae->Agaricomycetes->Agaricomycotina->Basidiomycota->Dikarya->Fungi->Nucletmycea->Opisthokonta->Eukaryota->cellular organisms->life" nexsonid "node338217"
pgloadind     taxon mapping OTT ID 191811 taxonomy "Leucoagaricus leucothites->Leucoagaricus->Agaricaceae->Agaricales->Agaricomycetidae->Agaricomycetes->Agaricomycotina->Basidiomycota->Dikarya->Fungi->Nucletmycea->Opisthokonta->Eukaryota->cellular organisms->life" nexsonid "node338244"
pgloadind     taxon mapping OTT ID 734856 taxonomy "Leucocoprinus cepistipes->Leucocoprinus->Agaricaceae->Agaricales->Agaricomycetidae->Agaricomycetes->Agaricomycotina->Basidiomycota->Dikarya->Fungi->Nucletmycea->Opisthokonta->Eukaryota->cellular organisms->life" nexsonid "node338240"
pgloadind     taxon mapping OTT ID 163798 taxonomy "Leucocoprinus birnbaumii->Leucocoprinus->Agaricaceae->Agaricales->Agaricomycetidae->Agaricomycetes->Agaricomycotina->Basidiomycota->Dikarya->Fungi->Nucletmycea->Opisthokonta->Eukaryota->cellular organisms->life" nexsonid "node338246"
pgloadind     taxon mapping OTT ID 663497 taxonomy "Leucocoprinus brebissonii->Leucocoprinus->Agaricaceae->Agaricales->Agaricomycetidae->Agaricomycetes->Agaricomycotina->Basidiomycota->Dikarya->Fungi->Nucletmycea->Opisthokonta->Eukaryota->cellular organisms->life" nexsonid "node338248"
pgloadind     taxon mapping OTT ID 191816 taxonomy "Leucoagaricus croceovelutinus->Leucoagaricus->Agaricaceae->Agaricales->Agaricomycetidae->Agaricomycetes->Agaricomycotina->Basidiomycota->Dikarya->Fungi->Nucletmycea->Opisthokonta->Eukaryota->cellular organisms->life" nexsonid "node338224"
pgloadind     taxon mapping OTT ID 775889 taxonomy "Lepiota castanescens->Lepiota->Agaricaceae->Agaricales->Agaricomycetidae->Agaricomycetes->Agaricomycotina->Basidiomycota->Dikarya->Fungi->Nucletmycea->Opisthokonta->Eukaryota->cellular organisms->life" nexsonid "node338225"
pgloadind     taxon mapping OTT ID 738358 taxonomy "Lepiota flammeotincta->Lepiota->Agaricaceae->Agaricales->Agaricomycetidae->Agaricomycetes->Agaricomycotina->Basidiomycota->Dikarya->Fungi->Nucletmycea->Opisthokonta->Eukaryota->cellular organisms->life" nexsonid "node338272"
pgloadind     taxon mapping OTT ID 865641 taxonomy "Leucoagaricus rubroconfusus->Leucoagaricus->Agaricaceae->Agaricales->Agaricomycetidae->Agaricomycetes->Agaricomycotina->Basidiomycota->Dikarya->Fungi->Nucletmycea->Opisthokonta->Eukaryota->cellular organisms->life" nexsonid "node338261"
pgloadind     taxon mapping OTT ID 715163 taxonomy "Leucoagaricus sublittoralis->Leucoagaricus->Agaricaceae->Agaricales->Agaricomycetidae->Agaricomycetes->Agaricomycotina->Basidiomycota->Dikarya->Fungi->Nucletmycea->Opisthokonta->Eukaryota->cellular organisms->life" nexsonid "node338259"
pgloadind     taxon mapping OTT ID 163806 taxonomy "Leucoagaricus americanus->Leucoagaricus->Agaricaceae->Agaricales->Agaricomycetidae->Agaricomycetes->Agaricomycotina->Basidiomycota->Dikarya->Fungi->Nucletmycea->Opisthokonta->Eukaryota->cellular organisms->life" nexsonid "node338275"
pgloadind     taxon mapping OTT ID 785556 taxonomy "Lepiota besseyi->Lepiota->Agaricaceae->Agaricales->Agaricomycetidae->Agaricomycetes->Agaricomycotina->Basidiomycota->Dikarya->Fungi->Nucletmycea->Opisthokonta->Eukaryota->cellular organisms->life" nexsonid "node338276"
pgloadind     taxon mapping OTT ID 191821 taxonomy "Leucoagaricus meleagris->Leucoagaricus->Agaricaceae->Agaricales->Agaricomycetidae->Agaricomycetes->Agaricomycotina->Basidiomycota->Dikarya->Fungi->Nucletmycea->Opisthokonta->Eukaryota->cellular organisms->life" nexsonid "node338281"
pgloadind     taxon mapping OTT ID 560782 taxonomy "Micropsalliota->Agaricaceae->Agaricales->Agaricomycetidae->Agaricomycetes->Agaricomycotina->Basidiomycota->Dikarya->Fungi->Nucletmycea->Opisthokonta->Eukaryota->cellular organisms->life" nexsonid "node338279"
pgloadind     taxon mapping OTT ID 443837 taxonomy "Lycoperdon dermoxanthum->Lycoperdon->Agaricaceae->Agaricales->Agaricomycetidae->Agaricomycetes->Agaricomycotina->Basidiomycota->Dikarya->Fungi->Nucletmycea->Opisthokonta->Eukaryota->cellular organisms->life" nexsonid "node338285"
pgloadind     taxon mapping OTT ID 932607 taxonomy "Bovista plumbea->Bovista->Agaricaceae->Agaricales->Agaricomycetidae->Agaricomycetes->Agaricomycotina->Basidiomycota->Dikarya->Fungi->Nucletmycea->Opisthokonta->Eukaryota->cellular organisms->life" nexsonid "node338294"
pgloadind     taxon mapping OTT ID 558966 taxonomy "Lycoperdon pyriforme->Lycoperdon->Agaricaceae->Agaricales->Agaricomycetidae->Agaricomycetes->Agaricomycotina->Basidiomycota->Dikarya->Fungi->Nucletmycea->Opisthokonta->Eukaryota->cellular organisms->life" nexsonid "node338293"
pgloadind     taxon mapping OTT ID 397715 taxonomy "Lycoperdon perlatum->Lycoperdon->Agaricaceae->Agaricales->Agaricomycetidae->Agaricomycetes->Agaricomycotina->Basidiomycota->Dikarya->Fungi->Nucletmycea->Opisthokonta->Eukaryota->cellular organisms->life" nexsonid "node338289"
pgloadind     taxon mapping OTT ID 141106 taxonomy "Macrolepiota mastoidea->Macrolepiota->Agaricaceae->Agaricales->Agaricomycetidae->Agaricomycetes->Agaricomycotina->Basidiomycota->Dikarya->Fungi->Nucletmycea->Opisthokonta->Eukaryota->cellular organisms->life" nexsonid "node338300"
pgloadind     taxon mapping OTT ID 1045724 taxonomy "Macrolepiota konradii->Macrolepiota->Agaricaceae->Agaricales->Agaricomycetidae->Agaricomycetes->Agaricomycotina->Basidiomycota->Dikarya->Fungi->Nucletmycea->Opisthokonta->Eukaryota->cellular organisms->life" nexsonid "node338301"
pgloadind     taxon mapping OTT ID 332962 taxonomy "Macrolepiota gracilenta->Macrolepiota->Agaricaceae->Agaricales->Agaricomycetidae->Agaricomycetes->Agaricomycotina->Basidiomycota->Dikarya->Fungi->Nucletmycea->Opisthokonta->Eukaryota->cellular organisms->life" nexsonid "node338303"
pgloadind     taxon mapping OTT ID 789184 taxonomy "Macrolepiota excoriata->Macrolepiota->Agaricaceae->Agaricales->Agaricomycetidae->Agaricomycetes->Agaricomycotina->Basidiomycota->Dikarya->Fungi->Nucletmycea->Opisthokonta->Eukaryota->cellular organisms->life" nexsonid "node338305"
pgloadind     taxon mapping OTT ID 789177 taxonomy "Macrolepiota procera->Macrolepiota->Agaricaceae->Agaricales->Agaricomycetidae->Agaricomycetes->Agaricomycotina->Basidiomycota->Dikarya->Fungi->Nucletmycea->Opisthokonta->Eukaryota->cellular organisms->life" nexsonid "node338310"
pgloadind     taxon mapping OTT ID 715248 taxonomy "Macrolepiota velosa->Macrolepiota->Agaricaceae->Agaricales->Agaricomycetidae->Agaricomycetes->Agaricomycotina->Basidiomycota->Dikarya->Fungi->Nucletmycea->Opisthokonta->Eukaryota->cellular organisms->life" nexsonid "node338317"
pgloadind     taxon mapping OTT ID 214581 taxonomy "Podaxis pistillaris->Podaxis->Agaricaceae->Agaricales->Agaricomycetidae->Agaricomycetes->Agaricomycotina->Basidiomycota->Dikarya->Fungi->Nucletmycea->Opisthokonta->Eukaryota->cellular organisms->life" nexsonid "node338318"
pgloadind     taxon mapping OTT ID 738363 taxonomy "Cystolepiota->Agaricaceae->Agaricales->Agaricomycetidae->Agaricomycetes->Agaricomycotina->Basidiomycota->Dikarya->Fungi->Nucletmycea->Opisthokonta->Eukaryota->cellular organisms->life" nexsonid "node338323"
pgloadind     taxon mapping OTT ID 10779 taxonomy "Melanophyllum haematospermum->Melanophyllum->Agaricaceae->Agaricales->Agaricomycetidae->Agaricomycetes->Agaricomycotina->Basidiomycota->Dikarya->Fungi->Nucletmycea->Opisthokonta->Eukaryota->cellular organisms->life" nexsonid "node338324"
pgloadind     taxon mapping OTT ID 880473 taxonomy "Lepiota fuscovinacea->Lepiota->Agaricaceae->Agaricales->Agaricomycetidae->Agaricomycetes->Agaricomycotina->Basidiomycota->Dikarya->Fungi->Nucletmycea->Opisthokonta->Eukaryota->cellular organisms->life" nexsonid "node338326"
pgloadind     taxon mapping OTT ID 355927 taxonomy "Lepiota spheniscispora->Lepiota->Agaricaceae->Agaricales->Agaricomycetidae->Agaricomycetes->Agaricomycotina->Basidiomycota->Dikarya->Fungi->Nucletmycea->Opisthokonta->Eukaryota->cellular organisms->life" nexsonid "node338328"
pgloadind     taxon mapping OTT ID 355928 taxonomy "Lepiota magnispora->Lepiota->Agaricaceae->Agaricales->Agaricomycetidae->Agaricomycetes->Agaricomycotina->Basidiomycota->Dikarya->Fungi->Nucletmycea->Opisthokonta->Eukaryota->cellular organisms->life" nexsonid "node338329"
pgloadind     taxon mapping OTT ID 228033 taxonomy "Lepiota pilodes->Lepiota->Agaricaceae->Agaricales->Agaricomycetidae->Agaricomycetes->Agaricomycotina->Basidiomycota->Dikarya->Fungi->Nucletmycea->Opisthokonta->Eukaryota->cellular organisms->life" nexsonid "node338331"
pgloadind     taxon mapping OTT ID 789172 taxonomy "Coprinus comatus->Coprinus->Agaricaceae->Agaricales->Agaricomycetidae->Agaricomycetes->Agaricomycotina->Basidiomycota->Dikarya->Fungi->Nucletmycea->Opisthokonta->Eukaryota->cellular organisms->life" nexsonid "node338334"
pgloadind     taxon mapping OTT ID 148744 taxonomy "Tulostoma->Agaricaceae->Agaricales->Agaricomycetidae->Agaricomycetes->Agaricomycotina->Basidiomycota->Dikarya->Fungi->Nucletmycea->Opisthokonta->Eukaryota->cellular organisms->life" nexsonid "node338336"
done fixing name
pgloadind Finished with attempts to fix names
pgloadind   Checking for uniqueness of OTT IDs tree id "787"
pgloadind   Adding tree to graph tree id "787"
all trees have all taxa: false
	using bipartition technique
attempting to remap tips to deepest exemplified taxa
	Podaxis pistillaris was remapped to 'Podaxis' (id=307477)
	Heinemannomyces splendidissima was remapped to 'Heinemannomyces' (id=306357)
	Bovista plumbea was remapped to 'Bovista' (id=300319)
	Melanophyllum haematospermum was remapped to 'Melanophyllum' (id=308307)
	Coprinus comatus was remapped to 'Coprinus' (id=299126)
	Clarkeinda trachodes was remapped to 'Clarkeinda' (id=299107)
this is the ROOT
placing root in index
Dealing with metadata property: id
Dealing with metadata property: ot:studyPublicationReference
Adding property 'ot:studyPublicationReference': Vellinga E.C., Sysouphanthong P., & Hyde K.D. 2011. The family Agaricaceae: phylogenies and two new white-spored genera. Mycologia, 103(3): 494-509.
Dealing with metadata property: ot:focalCladeOTTTaxonName
Adding property 'ot:focalCladeOTTTaxonName': Agaricaceae
Dealing with metadata property: ot:studyYear
Adding property 'ot:studyYear': 2011
Dealing with metadata property: ot:inGroupClade
Adding property 'ot:inGroupClade': node338161
Dealing with metadata property: ot:curatorName
Adding property 'ot:curatorName': Romina Gazis
Dealing with metadata property: ot:studyPublication
Adding property 'ot:studyPublication': http://dx.doi.org/10.3852/10-204
Dealing with metadata property: ot:focalClade
Adding property 'ot:focalClade': 8360
Dealing with metadata property: ot:curatedType
Adding property 'ot:curatedType': ML, RPB2
Dealing with metadata property: ot:studyId
Adding property 'ot:studyId': 539
Dealing with metadata property: ot:dataDeposit
Adding property 'ot:dataDeposit': http://purl.org/phylo/treebase/phylows/study/TB2:S10631
Committing nodes: 91
