pgloadind OTUs number 85
pgloadind Processing tree @id "1368"
pgloadind   tree info number nodes 155
pgloadind   tree info number edges 154
pgloadind   tree info ingroup "node445216"
pgloadind   Setting ingroup root node.
pgloadind   Ingested tree number of external nodes 70
pgloadind   property added ot:studyPublicationReference "Hansen K., Lobuglio K., & Pfister D. 2005. Evolutionary relationships of the cup-fungus genus Peziza and Pezizaceae inferred from multiple nuclear genes: RPB2, Beta-tubulin, and LSU rDNA. Molecular Phylogenetics and Evolution, Volume 36, Issue 1, July 2005, Pages 1–23"
pgloadind   property added ot:studyPublication "http://dx.doi.org/10.1016/j.ympev.2005.03.010"
pgloadind   property added ot:curatorName "Romina Gazis"
pgloadind   property added ot:dataDeposit "http://purl.org/phylo/treebase/phylows/study/TB2:S1307"
pgloadind   property added ot:studyId "748"
pgloadind   property added ot:studyYear "2005"
pgloadind   property added ot:focalClade "880965"
pgloadind   property added ot:focalCladeOTTTaxonName "Pezizaceae"
pgloadind   property added ot:inGroupClade "node445216"
pgloadind   property added ot:curatedType "MP, LSU"
pgloadind Processing tree @id "1369"
pgloadind   tree info number nodes 135
pgloadind   tree info number edges 134
pgloadind   tree info ingroup "node445370"
pgloadind   Setting ingroup root node.
pgloadind   Ingested tree number of external nodes 54
pgloadind   property added ot:studyPublicationReference "Hansen K., Lobuglio K., & Pfister D. 2005. Evolutionary relationships of the cup-fungus genus Peziza and Pezizaceae inferred from multiple nuclear genes: RPB2, Beta-tubulin, and LSU rDNA. Molecular Phylogenetics and Evolution, Volume 36, Issue 1, July 2005, Pages 1–23"
pgloadind   property added ot:studyPublication "http://dx.doi.org/10.1016/j.ympev.2005.03.010"
pgloadind   property added ot:curatorName "Romina Gazis"
pgloadind   property added ot:dataDeposit "http://purl.org/phylo/treebase/phylows/study/TB2:S1307"
pgloadind   property added ot:studyId "748"
pgloadind   property added ot:studyYear "2005"
pgloadind   property added ot:focalClade "880965"
pgloadind   property added ot:focalCladeOTTTaxonName "Pezizaceae"
pgloadind   property added ot:inGroupClade "node445370"
pgloadind   property added ot:curatedType "MP, RPB2"
pgloadind Processing tree @id "1370"
pgloadind   tree info number nodes 139
pgloadind   tree info number edges 138
pgloadind   tree info ingroup "node445492"
pgloadind   Setting ingroup root node.
pgloadind   Ingested tree number of external nodes 69
pgloadind   property added ot:studyPublicationReference "Hansen K., Lobuglio K., & Pfister D. 2005. Evolutionary relationships of the cup-fungus genus Peziza and Pezizaceae inferred from multiple nuclear genes: RPB2, Beta-tubulin, and LSU rDNA. Molecular Phylogenetics and Evolution, Volume 36, Issue 1, July 2005, Pages 1–23"
pgloadind   property added ot:studyPublication "http://dx.doi.org/10.1016/j.ympev.2005.03.010"
pgloadind   property added ot:curatorName "Romina Gazis"
pgloadind   property added ot:dataDeposit "http://purl.org/phylo/treebase/phylows/study/TB2:S1307"
pgloadind   property added ot:studyId "748"
pgloadind   property added ot:studyYear "2005"
pgloadind   property added ot:focalClade "880965"
pgloadind   property added ot:focalCladeOTTTaxonName "Pezizaceae"
pgloadind   property added ot:inGroupClade "node445492"
pgloadind   property added ot:curatedType "MP, b-tubulin"
pgloadind Processing tree @id "1371"
pgloadind   tree info number nodes 157
pgloadind   tree info number edges 156
pgloadind   tree info ingroup "node445632"
pgloadind   Setting ingroup root node.
pgloadind   Ingested tree number of external nodes 75
pgloadind   property added ot:studyPublicationReference "Hansen K., Lobuglio K., & Pfister D. 2005. Evolutionary relationships of the cup-fungus genus Peziza and Pezizaceae inferred from multiple nuclear genes: RPB2, Beta-tubulin, and LSU rDNA. Molecular Phylogenetics and Evolution, Volume 36, Issue 1, July 2005, Pages 1–23"
pgloadind   property added ot:studyPublication "http://dx.doi.org/10.1016/j.ympev.2005.03.010"
pgloadind   property added ot:curatorName "Romina Gazis"
pgloadind   property added ot:dataDeposit "http://purl.org/phylo/treebase/phylows/study/TB2:S1307"
pgloadind   property added ot:studyId "748"
pgloadind   property added ot:studyYear "2005"
pgloadind   property added ot:focalClade "880965"
pgloadind   property added ot:focalCladeOTTTaxonName "Pezizaceae"
pgloadind   property added ot:inGroupClade "node445632"
pgloadind   property added ot:tag "MP"
pgloadind   property added ot:curatedType "MP, LSU + RPB2 + b-tubulin"
loading a specific tree: 1371
skipping tree: 1368
skipping tree: 1369
skipping tree: 1370
pgloadind conducting TNRS on trees
pgloadind   name fixing on tree tree id "1371"
pgloadind     OTT ID missing name "Scabropezia flavovirens" nexsonid "node445661"
pgloadind     OTT ID missing name "Peziza whitei" nexsonid "node445701"
pgloadind     OTT ID missing name "Plicaria trachycarpa" nexsonid "node445706"
pgloadind     OTT ID missing name "Pachyella babingtonii 1" nexsonid "node445757"
pgloadind     OTT ID missing name "Pachyella babingtonii 2" nexsonid "node445758"
pgloadind     OTT ID missing name "Pachyella punctispora" nexsonid "node445760"
pgloadind   TNRS unmatched total number 0
pgloadind     TNRS resolved ottId OTT ID 977500 name "Peziza whitei" searched on "Peziza whitei" nexsonid "node445701"
pgloadind     TNRS resolved ottId OTT ID 293165 name "Scabropezia flavovirens" searched on "Scabropezia flavovirens" nexsonid "node445661"
pgloadind     TNRS resolved ottId OTT ID 136781 name "Plicaria trachycarpa" searched on "Plicaria trachycarpa" nexsonid "node445706"
pgloadind     TNRS resolved ottId OTT ID 35637 name "Pachyella punctispora" searched on "Pachyella punctispora" nexsonid "node445760"
pgloadind     pruning unmapped name "Pachyella babingtonii 2" nexsonid "node445758"
pgloadind     pruning unmapped name "Pachyella babingtonii 1" nexsonid "node445757"
pgloadind     OTT ID reused in tree
pgloadind       duplicate name "Iodowynnea auriformis" nexsonid "node445671"
pgloadind       duplicate OTT ID 608802
pgloadind     OTT ID reused in tree
pgloadind       duplicate name "Peziza phyllogena" nexsonid "node445711"
pgloadind       duplicate OTT ID 713546
pgloadind     OTT ID reused in tree
pgloadind       duplicate name "Peziza subisabellina" nexsonid "node445717"
pgloadind       duplicate OTT ID 925818
pgloadind     OTT ID reused in tree
pgloadind       duplicate name "Oedocephalum" nexsonid "node445724"
pgloadind       duplicate OTT ID 1014713
pgloadind     OTT ID reused in tree
pgloadind       duplicate name "Peziza varia" nexsonid "node445735"
pgloadind       duplicate OTT ID 643967
pgloadind     OTT ID reused in tree
pgloadind       duplicate name "Peziza varia" nexsonid "node445736"
pgloadind       duplicate OTT ID 643967
pgloadind     OTT ID reused in tree
pgloadind       duplicate name "Marcelleina persoonii" nexsonid "node445773"
pgloadind       duplicate OTT ID 608799
pgloadind     OTT ID reused in tree
pgloadind       duplicate name "Peziza gerardii" nexsonid "node445778"
pgloadind       duplicate OTT ID 1083013
pgloadind     OTT ID reused in tree
pgloadind       duplicate name "Peziza gerardii" nexsonid "node445779"
pgloadind       duplicate OTT ID 1083013
pgloadind     OTT ID reused in tree
pgloadind       duplicate name "Peziza gerardii" nexsonid "node445780"
pgloadind       duplicate OTT ID 1083013
pgloadind     pruning dups and overlapping name "Peziza gerardii" nexsonid "node445778"
pgloadind     pruning dups and overlapping name "Marcelleina persoonii" nexsonid "node445773"
pgloadind     pruning dups and overlapping name "Peziza gerardii" nexsonid "node445779"
pgloadind     pruning dups and overlapping name "Peziza varia" nexsonid "node445736"
pgloadind     pruning dups and overlapping name "Peziza subisabellina" nexsonid "node445717"
pgloadind     pruning dups and overlapping name "Iodowynnea auriformis" nexsonid "node445671"
pgloadind     pruning dups and overlapping name "Peziza gerardii" nexsonid "node445780"
pgloadind     pruning dups and overlapping name "Peziza varia" nexsonid "node445735"
pgloadind     pruning dups and overlapping name "Oedocephalum" nexsonid "node445724"
pgloadind     pruning dups and overlapping name "Peziza phyllogena" nexsonid "node445711"
pgloadind   postpruning newick tree "((Morchella_elata,((Thelebolus_terrestris,Melastiza_contorta),((Otidea_onotica,Peziza_cochleata),(Smardaea_amethystina,Smardaea_reticulosperma)))),(((Iodophanus_hyperboreus,Iodophanus_carneus),((((((((((Scabropezia_flavovirens,Pachyphloeus_citrinus),Amylascus_tasmanicus),(Oedocephalum,(Peziza_obtusapiculata,Peziza_polaripapulata))),Iodowynnea_auriformis),Peziza_retrocurvata),((Peziza_succosa,Peziza_succosella),Peziza_michelii)),(((((((Peziza_depressa,Peziza_limnaea),Peziza_badiofusca),((Peziza_saniosa,Peziza_ellipsospora),((Terfezia_arenaria,Terfezia_boudieri),Terfezia_claveryi))),(Tirmania_pinoyi,Tirmania_nivea)),Ruhlandiella_berolinensis),Peziza_whitei),((((Plicaria_trachycarpa,Plicaria_carbonaria),Hapsidomyces_venezuelensis),Peziza_phyllogena),((Peziza_bananincola,Peziza_subisabellina),Peziza_apiculata)))),((Peziza_natrophila,Peziza_quelepidotia),((Peziza_vesiculosa,(((Peziza_echinospora,Peziza_varia),Peziza_arvernensis),Peziza_ampliata)),(((Peziza_ampelina,Peziza_howsei),(Peziza_subviolacea,Peziza_lobulata)),Peziza_aurata)))),(Sarcosphaera_coronaria,Hydnotryopsis)),((Pachyella_punctispora,(((Pachyella_adnata,Pachyella_clypeata),Pachyella_violaceonigra),Pachyella_habrospora)),(Boudiera_tracheia,Boudiera_dennisii)))),((Marcelleina_pseudoanthracina,Marcelleina_persoonii),Peziza_gerardii)))"
pgloadind   taxon mapping summary
pgloadind     taxon mapping OTT ID 339440 taxonomy "Morchella elata->Morchella elata clade->Morchella->Morchellaceae->Pezizales->Pezizomycetidae->Pezizomycetes->Pezizomycotina->saccharomyceta->Ascomycota->Dikarya->Fungi->Nucletmycea->Opisthokonta->Eukaryota->cellular organisms->life" nexsonid "node445634"
pgloadind     taxon mapping OTT ID 1041038 taxonomy "Thelebolus terrestris->Thelebolus->Thelebolaceae->Thelebolales->Leotiomycetes->Sordariomyceta->Leotiomyceta->Pezizomycotina->saccharomyceta->Ascomycota->Dikarya->Fungi->Nucletmycea->Opisthokonta->Eukaryota->cellular organisms->life" nexsonid "node445637"
pgloadind     taxon mapping OTT ID 181983 taxonomy "Melastiza contorta->Melastiza->Pyronemataceae->Pezizales->Pezizomycetidae->Pezizomycetes->Pezizomycotina->saccharomyceta->Ascomycota->Dikarya->Fungi->Nucletmycea->Opisthokonta->Eukaryota->cellular organisms->life" nexsonid "node445638"
pgloadind     taxon mapping OTT ID 454763 taxonomy "Otidea onotica->Otidea->Pyronemataceae->Pezizales->Pezizomycetidae->Pezizomycetes->Pezizomycotina->saccharomyceta->Ascomycota->Dikarya->Fungi->Nucletmycea->Opisthokonta->Eukaryota->cellular organisms->life" nexsonid "node445641"
pgloadind     taxon mapping OTT ID 5303243 taxonomy "Peziza cochleata->Peziza->Pyronemataceae->Pezizales->Pezizomycetidae->Pezizomycetes->Pezizomycotina->saccharomyceta->Ascomycota->Dikarya->Fungi->Nucletmycea->Opisthokonta->Eukaryota->cellular organisms->life" nexsonid "node445642"
pgloadind     taxon mapping OTT ID 35643 taxonomy "Smardaea amethystina->Smardaea->Pyronemataceae->Pezizales->Pezizomycetidae->Pezizomycetes->Pezizomycotina->saccharomyceta->Ascomycota->Dikarya->Fungi->Nucletmycea->Opisthokonta->Eukaryota->cellular organisms->life" nexsonid "node445644"
pgloadind     taxon mapping OTT ID 136762 taxonomy "Smardaea reticulosperma->Smardaea->Pyronemataceae->Pezizales->Pezizomycetidae->Pezizomycetes->Pezizomycotina->saccharomyceta->Ascomycota->Dikarya->Fungi->Nucletmycea->Opisthokonta->Eukaryota->cellular organisms->life" nexsonid "node445645"
pgloadind     taxon mapping OTT ID 181977 taxonomy "Iodophanus hyperboreus->Iodophanus->Pezizaceae->Pezizales->Pezizomycetidae->Pezizomycetes->Pezizomycotina->saccharomyceta->Ascomycota->Dikarya->Fungi->Nucletmycea->Opisthokonta->Eukaryota->cellular organisms->life" nexsonid "node445649"
pgloadind     taxon mapping OTT ID 537739 taxonomy "Iodophanus carneus->Iodophanus->Pezizaceae->Pezizales->Pezizomycetidae->Pezizomycetes->Pezizomycotina->saccharomyceta->Ascomycota->Dikarya->Fungi->Nucletmycea->Opisthokonta->Eukaryota->cellular organisms->life" nexsonid "node445650"
pgloadind     taxon mapping OTT ID 293165 taxonomy "Scabropezia flavovirens->Scabropezia->Pezizaceae->Pezizales->Pezizomycetidae->Pezizomycetes->Pezizomycotina->saccharomyceta->Ascomycota->Dikarya->Fungi->Nucletmycea->Opisthokonta->Eukaryota->cellular organisms->life" nexsonid "node445661"
pgloadind     taxon mapping OTT ID 839093 taxonomy "Pachyphloeus citrinus->Pachyphloeus->Pezizaceae->Pezizales->Pezizomycetidae->Pezizomycetes->Pezizomycotina->saccharomyceta->Ascomycota->Dikarya->Fungi->Nucletmycea->Opisthokonta->Eukaryota->cellular organisms->life" nexsonid "node445662"
pgloadind     taxon mapping OTT ID 35645 taxonomy "Amylascus tasmanicus->Amylascus->Pezizaceae->Pezizales->Pezizomycetidae->Pezizomycetes->Pezizomycotina->saccharomyceta->Ascomycota->Dikarya->Fungi->Nucletmycea->Opisthokonta->Eukaryota->cellular organisms->life" nexsonid "node445663"
pgloadind     taxon mapping OTT ID 1014713 taxonomy "Oedocephalum->Pezizales->Pezizomycetidae->Pezizomycetes->Pezizomycotina->saccharomyceta->Ascomycota->Dikarya->Fungi->Nucletmycea->Opisthokonta->Eukaryota->cellular organisms->life" nexsonid "node445665"
pgloadind     taxon mapping OTT ID 181989 taxonomy "Peziza obtusapiculata->Peziza->Pyronemataceae->Pezizales->Pezizomycetidae->Pezizomycetes->Pezizomycotina->saccharomyceta->Ascomycota->Dikarya->Fungi->Nucletmycea->Opisthokonta->Eukaryota->cellular organisms->life" nexsonid "node445667"
pgloadind     taxon mapping OTT ID 713543 taxonomy "Peziza polaripapulata->Peziza->Pyronemataceae->Pezizales->Pezizomycetidae->Pezizomycetes->Pezizomycotina->saccharomyceta->Ascomycota->Dikarya->Fungi->Nucletmycea->Opisthokonta->Eukaryota->cellular organisms->life" nexsonid "node445668"
pgloadind     taxon mapping OTT ID 608802 taxonomy "Iodowynnea auriformis->Iodowynnea->Pezizaceae->Pezizales->Pezizomycetidae->Pezizomycetes->Pezizomycotina->saccharomyceta->Ascomycota->Dikarya->Fungi->Nucletmycea->Opisthokonta->Eukaryota->cellular organisms->life" nexsonid "node445670"
pgloadind     taxon mapping OTT ID 713544 taxonomy "Peziza retrocurvata->Peziza->Pyronemataceae->Pezizales->Pezizomycetidae->Pezizomycetes->Pezizomycotina->saccharomyceta->Ascomycota->Dikarya->Fungi->Nucletmycea->Opisthokonta->Eukaryota->cellular organisms->life" nexsonid "node445672"
pgloadind     taxon mapping OTT ID 602186 taxonomy "Peziza succosa->Peziza->Pyronemataceae->Pezizales->Pezizomycetidae->Pezizomycetes->Pezizomycotina->saccharomyceta->Ascomycota->Dikarya->Fungi->Nucletmycea->Opisthokonta->Eukaryota->cellular organisms->life" nexsonid "node445675"
pgloadind     taxon mapping OTT ID 977495 taxonomy "Peziza succosella->Peziza->Pyronemataceae->Pezizales->Pezizomycetidae->Pezizomycetes->Pezizomycotina->saccharomyceta->Ascomycota->Dikarya->Fungi->Nucletmycea->Opisthokonta->Eukaryota->cellular organisms->life" nexsonid "node445676"
pgloadind     taxon mapping OTT ID 1083016 taxonomy "Peziza michelii->Peziza->Pyronemataceae->Pezizales->Pezizomycetidae->Pezizomycetes->Pezizomycotina->saccharomyceta->Ascomycota->Dikarya->Fungi->Nucletmycea->Opisthokonta->Eukaryota->cellular organisms->life" nexsonid "node445677"
pgloadind     taxon mapping OTT ID 556526 taxonomy "Peziza depressa->Peziza->Pyronemataceae->Pezizales->Pezizomycetidae->Pezizomycetes->Pezizomycotina->saccharomyceta->Ascomycota->Dikarya->Fungi->Nucletmycea->Opisthokonta->Eukaryota->cellular organisms->life" nexsonid "node445685"
pgloadind     taxon mapping OTT ID 1083018 taxonomy "Peziza limnaea->Peziza->Pyronemataceae->Pezizales->Pezizomycetidae->Pezizomycetes->Pezizomycotina->saccharomyceta->Ascomycota->Dikarya->Fungi->Nucletmycea->Opisthokonta->Eukaryota->cellular organisms->life" nexsonid "node445686"
pgloadind     taxon mapping OTT ID 556523 taxonomy "Peziza badiofusca->Peziza->Pyronemataceae->Pezizales->Pezizomycetidae->Pezizomycetes->Pezizomycotina->saccharomyceta->Ascomycota->Dikarya->Fungi->Nucletmycea->Opisthokonta->Eukaryota->cellular organisms->life" nexsonid "node445687"
pgloadind     taxon mapping OTT ID 713541 taxonomy "Peziza saniosa->Peziza->Pyronemataceae->Pezizales->Pezizomycetidae->Pezizomycetes->Pezizomycotina->saccharomyceta->Ascomycota->Dikarya->Fungi->Nucletmycea->Opisthokonta->Eukaryota->cellular organisms->life" nexsonid "node445690"
pgloadind     taxon mapping OTT ID 556532 taxonomy "Peziza ellipsospora->Peziza->Pyronemataceae->Pezizales->Pezizomycetidae->Pezizomycetes->Pezizomycotina->saccharomyceta->Ascomycota->Dikarya->Fungi->Nucletmycea->Opisthokonta->Eukaryota->cellular organisms->life" nexsonid "node445691"
pgloadind     taxon mapping OTT ID 839097 taxonomy "Terfezia arenaria->Terfezia->Pezizaceae->Pezizales->Pezizomycetidae->Pezizomycetes->Pezizomycotina->saccharomyceta->Ascomycota->Dikarya->Fungi->Nucletmycea->Opisthokonta->Eukaryota->cellular organisms->life" nexsonid "node445694"
pgloadind     taxon mapping OTT ID 1018705 taxonomy "Terfezia boudieri->Terfezia->Pezizaceae->Pezizales->Pezizomycetidae->Pezizomycetes->Pezizomycotina->saccharomyceta->Ascomycota->Dikarya->Fungi->Nucletmycea->Opisthokonta->Eukaryota->cellular organisms->life" nexsonid "node445695"
pgloadind     taxon mapping OTT ID 214024 taxonomy "Terfezia claveryi->Terfezia->Pezizaceae->Pezizales->Pezizomycetidae->Pezizomycetes->Pezizomycotina->saccharomyceta->Ascomycota->Dikarya->Fungi->Nucletmycea->Opisthokonta->Eukaryota->cellular organisms->life" nexsonid "node445696"
pgloadind     taxon mapping OTT ID 492768 taxonomy "Tirmania pinoyi->Tirmania->Pezizaceae->Pezizales->Pezizomycetidae->Pezizomycetes->Pezizomycotina->saccharomyceta->Ascomycota->Dikarya->Fungi->Nucletmycea->Opisthokonta->Eukaryota->cellular organisms->life" nexsonid "node445698"
pgloadind     taxon mapping OTT ID 492800 taxonomy "Tirmania nivea->Tirmania->Pezizaceae->Pezizales->Pezizomycetidae->Pezizomycetes->Pezizomycotina->saccharomyceta->Ascomycota->Dikarya->Fungi->Nucletmycea->Opisthokonta->Eukaryota->cellular organisms->life" nexsonid "node445699"
pgloadind     taxon mapping OTT ID 139260 taxonomy "Ruhlandiella berolinensis->Ruhlandiella->Pezizaceae->Pezizales->Pezizomycetidae->Pezizomycetes->Pezizomycotina->saccharomyceta->Ascomycota->Dikarya->Fungi->Nucletmycea->Opisthokonta->Eukaryota->cellular organisms->life" nexsonid "node445700"
pgloadind     taxon mapping OTT ID 977500 taxonomy "Peziza whitei->Peziza->Pyronemataceae->Pezizales->Pezizomycetidae->Pezizomycetes->Pezizomycotina->saccharomyceta->Ascomycota->Dikarya->Fungi->Nucletmycea->Opisthokonta->Eukaryota->cellular organisms->life" nexsonid "node445701"
pgloadind     taxon mapping OTT ID 136781 taxonomy "Plicaria trachycarpa->Plicaria->Pezizaceae->Pezizales->Pezizomycetidae->Pezizomycetes->Pezizomycotina->saccharomyceta->Ascomycota->Dikarya->Fungi->Nucletmycea->Opisthokonta->Eukaryota->cellular organisms->life" nexsonid "node445706"
pgloadind     taxon mapping OTT ID 686511 taxonomy "Plicaria carbonaria->Plicaria->Pezizaceae->Pezizales->Pezizomycetidae->Pezizomycetes->Pezizomycotina->saccharomyceta->Ascomycota->Dikarya->Fungi->Nucletmycea->Opisthokonta->Eukaryota->cellular organisms->life" nexsonid "node445707"
pgloadind     taxon mapping OTT ID 181978 taxonomy "Hapsidomyces venezuelensis->Hapsidomyces->Pezizaceae->Pezizales->Pezizomycetidae->Pezizomycetes->Pezizomycotina->saccharomyceta->Ascomycota->Dikarya->Fungi->Nucletmycea->Opisthokonta->Eukaryota->cellular organisms->life" nexsonid "node445708"
pgloadind     taxon mapping OTT ID 713546 taxonomy "Peziza phyllogena->Peziza->Pyronemataceae->Pezizales->Pezizomycetidae->Pezizomycetes->Pezizomycotina->saccharomyceta->Ascomycota->Dikarya->Fungi->Nucletmycea->Opisthokonta->Eukaryota->cellular organisms->life" nexsonid "node445710"
pgloadind     taxon mapping OTT ID 556524 taxonomy "Peziza bananincola->Peziza->Pyronemataceae->Pezizales->Pezizomycetidae->Pezizomycetes->Pezizomycotina->saccharomyceta->Ascomycota->Dikarya->Fungi->Nucletmycea->Opisthokonta->Eukaryota->cellular organisms->life" nexsonid "node445714"
pgloadind     taxon mapping OTT ID 925818 taxonomy "Peziza subisabellina->Peziza->Pyronemataceae->Pezizales->Pezizomycetidae->Pezizomycetes->Pezizomycotina->saccharomyceta->Ascomycota->Dikarya->Fungi->Nucletmycea->Opisthokonta->Eukaryota->cellular organisms->life" nexsonid "node445716"
pgloadind     taxon mapping OTT ID 556522 taxonomy "Peziza apiculata->Peziza->Pyronemataceae->Pezizales->Pezizomycetidae->Pezizomycetes->Pezizomycotina->saccharomyceta->Ascomycota->Dikarya->Fungi->Nucletmycea->Opisthokonta->Eukaryota->cellular organisms->life" nexsonid "node445718"
pgloadind     taxon mapping OTT ID 1083021 taxonomy "Peziza natrophila->Peziza->Pyronemataceae->Pezizales->Pezizomycetidae->Pezizomycetes->Pezizomycotina->saccharomyceta->Ascomycota->Dikarya->Fungi->Nucletmycea->Opisthokonta->Eukaryota->cellular organisms->life" nexsonid "node445721"
pgloadind     taxon mapping OTT ID 953354 taxonomy "Peziza quelepidotia->Peziza->Pyronemataceae->Pezizales->Pezizomycetidae->Pezizomycetes->Pezizomycotina->saccharomyceta->Ascomycota->Dikarya->Fungi->Nucletmycea->Opisthokonta->Eukaryota->cellular organisms->life" nexsonid "node445722"
pgloadind     taxon mapping OTT ID 602199 taxonomy "Peziza vesiculosa->Peziza->Pyronemataceae->Pezizales->Pezizomycetidae->Pezizomycetes->Pezizomycotina->saccharomyceta->Ascomycota->Dikarya->Fungi->Nucletmycea->Opisthokonta->Eukaryota->cellular organisms->life" nexsonid "node445727"
pgloadind     taxon mapping OTT ID 454760 taxonomy "Peziza echinospora->Peziza->Pyronemataceae->Pezizales->Pezizomycetidae->Pezizomycetes->Pezizomycotina->saccharomyceta->Ascomycota->Dikarya->Fungi->Nucletmycea->Opisthokonta->Eukaryota->cellular organisms->life" nexsonid "node445731"
pgloadind     taxon mapping OTT ID 643967 taxonomy "Peziza varia->Peziza->Pyronemataceae->Pezizales->Pezizomycetidae->Pezizomycetes->Pezizomycotina->saccharomyceta->Ascomycota->Dikarya->Fungi->Nucletmycea->Opisthokonta->Eukaryota->cellular organisms->life" nexsonid "node445734"
pgloadind     taxon mapping OTT ID 901641 taxonomy "Peziza arvernensis->Peziza->Pyronemataceae->Pezizales->Pezizomycetidae->Pezizomycetes->Pezizomycotina->saccharomyceta->Ascomycota->Dikarya->Fungi->Nucletmycea->Opisthokonta->Eukaryota->cellular organisms->life" nexsonid "node445737"
pgloadind     taxon mapping OTT ID 556530 taxonomy "Peziza ampliata->Peziza->Pyronemataceae->Pezizales->Pezizomycetidae->Pezizomycetes->Pezizomycotina->saccharomyceta->Ascomycota->Dikarya->Fungi->Nucletmycea->Opisthokonta->Eukaryota->cellular organisms->life" nexsonid "node445738"
pgloadind     taxon mapping OTT ID 556529 taxonomy "Peziza ampelina->Peziza->Pyronemataceae->Pezizales->Pezizomycetidae->Pezizomycetes->Pezizomycotina->saccharomyceta->Ascomycota->Dikarya->Fungi->Nucletmycea->Opisthokonta->Eukaryota->cellular organisms->life" nexsonid "node445742"
pgloadind     taxon mapping OTT ID 1083019 taxonomy "Peziza howsei->Peziza->Pyronemataceae->Pezizales->Pezizomycetidae->Pezizomycetes->Pezizomycotina->saccharomyceta->Ascomycota->Dikarya->Fungi->Nucletmycea->Opisthokonta->Eukaryota->cellular organisms->life" nexsonid "node445743"
pgloadind     taxon mapping OTT ID 977443 taxonomy "Peziza subviolacea->Peziza->Pyronemataceae->Pezizales->Pezizomycetidae->Pezizomycetes->Pezizomycotina->saccharomyceta->Ascomycota->Dikarya->Fungi->Nucletmycea->Opisthokonta->Eukaryota->cellular organisms->life" nexsonid "node445745"
pgloadind     taxon mapping OTT ID 181991 taxonomy "Peziza lobulata->Peziza->Pyronemataceae->Pezizales->Pezizomycetidae->Pezizomycetes->Pezizomycotina->saccharomyceta->Ascomycota->Dikarya->Fungi->Nucletmycea->Opisthokonta->Eukaryota->cellular organisms->life" nexsonid "node445746"
pgloadind     taxon mapping OTT ID 5303249 taxonomy "Peziza aurata->Peziza->Pyronemataceae->Pezizales->Pezizomycetidae->Pezizomycetes->Pezizomycotina->saccharomyceta->Ascomycota->Dikarya->Fungi->Nucletmycea->Opisthokonta->Eukaryota->cellular organisms->life" nexsonid "node445747"
pgloadind     taxon mapping OTT ID 1059771 taxonomy "Sarcosphaera coronaria->Sarcosphaera->Pezizaceae->Pezizales->Pezizomycetidae->Pezizomycetes->Pezizomycotina->saccharomyceta->Ascomycota->Dikarya->Fungi->Nucletmycea->Opisthokonta->Eukaryota->cellular organisms->life" nexsonid "node445749"
pgloadind     taxon mapping OTT ID 35648 taxonomy "Hydnotryopsis->Pezizaceae->Pezizales->Pezizomycetidae->Pezizomycetes->Pezizomycotina->saccharomyceta->Ascomycota->Dikarya->Fungi->Nucletmycea->Opisthokonta->Eukaryota->cellular organisms->life" nexsonid "node445750"
pgloadind     taxon mapping OTT ID 35637 taxonomy "Pachyella punctispora->Pachyella->Pezizaceae->Pezizales->Pezizomycetidae->Pezizomycetes->Pezizomycotina->saccharomyceta->Ascomycota->Dikarya->Fungi->Nucletmycea->Opisthokonta->Eukaryota->cellular organisms->life" nexsonid "node445760"
pgloadind     taxon mapping OTT ID 181980 taxonomy "Pachyella adnata->Pachyella->Pezizaceae->Pezizales->Pezizomycetidae->Pezizomycetes->Pezizomycotina->saccharomyceta->Ascomycota->Dikarya->Fungi->Nucletmycea->Opisthokonta->Eukaryota->cellular organisms->life" nexsonid "node445764"
pgloadind     taxon mapping OTT ID 710782 taxonomy "Pachyella clypeata->Pachyella->Pezizaceae->Pezizales->Pezizomycetidae->Pezizomycetes->Pezizomycotina->saccharomyceta->Ascomycota->Dikarya->Fungi->Nucletmycea->Opisthokonta->Eukaryota->cellular organisms->life" nexsonid "node445765"
pgloadind     taxon mapping OTT ID 556527 taxonomy "Pachyella violaceonigra->Pachyella->Pezizaceae->Pezizales->Pezizomycetidae->Pezizomycetes->Pezizomycotina->saccharomyceta->Ascomycota->Dikarya->Fungi->Nucletmycea->Opisthokonta->Eukaryota->cellular organisms->life" nexsonid "node445766"
pgloadind     taxon mapping OTT ID 181979 taxonomy "Pachyella habrospora->Pachyella->Pezizaceae->Pezizales->Pezizomycetidae->Pezizomycetes->Pezizomycotina->saccharomyceta->Ascomycota->Dikarya->Fungi->Nucletmycea->Opisthokonta->Eukaryota->cellular organisms->life" nexsonid "node445767"
pgloadind     taxon mapping OTT ID 181985 taxonomy "Boudiera tracheia->Boudiera->Pezizaceae->Pezizales->Pezizomycetidae->Pezizomycetes->Pezizomycotina->saccharomyceta->Ascomycota->Dikarya->Fungi->Nucletmycea->Opisthokonta->Eukaryota->cellular organisms->life" nexsonid "node445754"
pgloadind     taxon mapping OTT ID 35644 taxonomy "Boudiera dennisii->Boudiera->Pezizaceae->Pezizales->Pezizomycetidae->Pezizomycetes->Pezizomycotina->saccharomyceta->Ascomycota->Dikarya->Fungi->Nucletmycea->Opisthokonta->Eukaryota->cellular organisms->life" nexsonid "node445755"
pgloadind     taxon mapping OTT ID 181981 taxonomy "Marcelleina pseudoanthracina->Marcelleina->Pezizaceae->Pezizales->Pezizomycetidae->Pezizomycetes->Pezizomycotina->saccharomyceta->Ascomycota->Dikarya->Fungi->Nucletmycea->Opisthokonta->Eukaryota->cellular organisms->life" nexsonid "node445770"
pgloadind     taxon mapping OTT ID 608799 taxonomy "Marcelleina persoonii->Marcelleina->Pezizaceae->Pezizales->Pezizomycetidae->Pezizomycetes->Pezizomycotina->saccharomyceta->Ascomycota->Dikarya->Fungi->Nucletmycea->Opisthokonta->Eukaryota->cellular organisms->life" nexsonid "node445772"
pgloadind     taxon mapping OTT ID 1083013 taxonomy "Peziza gerardii->Peziza->Pyronemataceae->Pezizales->Pezizomycetidae->Pezizomycetes->Pezizomycotina->saccharomyceta->Ascomycota->Dikarya->Fungi->Nucletmycea->Opisthokonta->Eukaryota->cellular organisms->life" nexsonid "node445776"
done fixing name
pgloadind Finished with attempts to fix names
pgloadind   Checking for uniqueness of OTT IDs tree id "1371"
pgloadind   Adding tree to graph tree id "1371"
all trees have all taxa: false
	using bipartition technique
attempting to remap tips to deepest exemplified taxa
	Sarcosphaera coronaria was remapped to 'Sarcosphaera' (id=236439)
	Ruhlandiella berolinensis was remapped to 'Ruhlandiella' (id=236428)
	Scabropezia flavovirens was remapped to 'Scabropezia' (id=236603)
	Hapsidomyces venezuelensis was remapped to 'Hapsidomyces' (id=235994)
	Pachyphloeus citrinus was remapped to 'Pachyphloeus' (id=236377)
	Thelebolus terrestris was remapped to 'Leotiomyceta' (id=834)
	Melastiza contorta was remapped to 'Melastiza' (id=240020)
	Otidea onotica was remapped to 'Otidea' (id=240373)
	Iodowynnea auriformis was remapped to 'Iodowynnea' (id=236005)
	Morchella elata was remapped to 'Morchellaceae' (id=235525)
	Amylascus tasmanicus was remapped to 'Amylascus' (id=236186)
this is the ROOT
placing root in index
Dealing with metadata property: id
Dealing with metadata property: ot:studyPublicationReference
Adding property 'ot:studyPublicationReference': Hansen K., Lobuglio K., & Pfister D. 2005. Evolutionary relationships of the cup-fungus genus Peziza and Pezizaceae inferred from multiple nuclear genes: RPB2, Beta-tubulin, and LSU rDNA. Molecular Phylogenetics and Evolution, Volume 36, Issue 1, July 2005, Pages 1–23
Dealing with metadata property: ot:focalCladeOTTTaxonName
Adding property 'ot:focalCladeOTTTaxonName': Pezizaceae
Dealing with metadata property: ot:studyYear
Adding property 'ot:studyYear': 2005
Dealing with metadata property: ot:inGroupClade
Adding property 'ot:inGroupClade': node445632
Dealing with metadata property: ot:tag
Adding property 'ot:tag': MP
Dealing with metadata property: ot:curatorName
Adding property 'ot:curatorName': Romina Gazis
Dealing with metadata property: ot:studyPublication
Adding property 'ot:studyPublication': http://dx.doi.org/10.1016/j.ympev.2005.03.010
Dealing with metadata property: ot:focalClade
Adding property 'ot:focalClade': 880965
Dealing with metadata property: ot:curatedType
Adding property 'ot:curatedType': MP, LSU + RPB2 + b-tubulin
Dealing with metadata property: ot:studyId
Adding property 'ot:studyId': 748
Dealing with metadata property: ot:dataDeposit
Adding property 'ot:dataDeposit': http://purl.org/phylo/treebase/phylows/study/TB2:S1307
Committing nodes: 125
