pgloadind OTUs number 99
pgloadind Processing tree @id "1373"
pgloadind   tree info number nodes 165
pgloadind   tree info number edges 164
pgloadind   tree info ingroup "node445988"
pgloadind   Setting ingroup root node.
pgloadind   Ingested tree number of external nodes 18
pgloadind   property added ot:studyPublicationReference "Fischer, W. M., & Palmer, J. D. (2005). Evidence from small-subunit ribosomal RNA sequences for a fungal origin of Microsporidia. Molecular phylogenetics and evolution, 36(3), 606-622."
pgloadind   property added ot:studyPublication "http://dx.doi.org/10.1016/j.ympev.2005.03.031"
pgloadind   property added ot:curatorName "Romina Gazis"
pgloadind   property added ot:dataDeposit "http://purl.org/phylo/treebase/phylows/study/TB2:S1373"
pgloadind   property added ot:studyId "750"
pgloadind   property added ot:studyYear "2005"
pgloadind   property added ot:focalClade "16113"
pgloadind   property added ot:focalCladeOTTTaxonName "Microsporidia"
pgloadind   property added ot:inGroupClade "node445988"
pgloadind   property added ot:curatedType "ML, SSU"
pgloadind Processing tree @id "1374"
pgloadind   tree info number nodes 165
pgloadind   tree info number edges 164
pgloadind   Ingested tree number of external nodes 83
pgloadind   property added ot:studyPublicationReference "Fischer, W. M., & Palmer, J. D. (2005). Evidence from small-subunit ribosomal RNA sequences for a fungal origin of Microsporidia. Molecular phylogenetics and evolution, 36(3), 606-622."
pgloadind   property added ot:studyPublication "http://dx.doi.org/10.1016/j.ympev.2005.03.031"
pgloadind   property added ot:curatorName "Romina Gazis"
pgloadind   property added ot:dataDeposit "http://purl.org/phylo/treebase/phylows/study/TB2:S1373"
pgloadind   property added ot:studyId "750"
pgloadind   property added ot:studyYear "2005"
pgloadind   property added ot:focalClade "16113"
pgloadind   property added ot:focalCladeOTTTaxonName "Microsporidia"
pgloadind   property added ot:curatedType "ML, SSU"
pgloadind Processing tree @id "1375"
pgloadind   tree info number nodes 81
pgloadind   tree info number edges 80
pgloadind   tree info ingroup "node446336"
pgloadind   Setting ingroup root node.
pgloadind   Ingested tree number of external nodes 10
pgloadind   property added ot:studyPublicationReference "Fischer, W. M., & Palmer, J. D. (2005). Evidence from small-subunit ribosomal RNA sequences for a fungal origin of Microsporidia. Molecular phylogenetics and evolution, 36(3), 606-622."
pgloadind   property added ot:studyPublication "http://dx.doi.org/10.1016/j.ympev.2005.03.031"
pgloadind   property added ot:curatorName "Romina Gazis"
pgloadind   property added ot:dataDeposit "http://purl.org/phylo/treebase/phylows/study/TB2:S1373"
pgloadind   property added ot:studyId "750"
pgloadind   property added ot:studyYear "2005"
pgloadind   property added ot:focalClade "16113"
pgloadind   property added ot:focalCladeOTTTaxonName "Microsporidia"
pgloadind   property added ot:inGroupClade "node446336"
pgloadind   property added ot:curatedType "ML, SSU"
pgloadind Processing tree @id "1376"
pgloadind   tree info number nodes 81
pgloadind   tree info number edges 80
pgloadind   tree info ingroup "node446417"
pgloadind   Setting ingroup root node.
pgloadind   Ingested tree number of external nodes 10
pgloadind   property added ot:studyPublicationReference "Fischer, W. M., & Palmer, J. D. (2005). Evidence from small-subunit ribosomal RNA sequences for a fungal origin of Microsporidia. Molecular phylogenetics and evolution, 36(3), 606-622."
pgloadind   property added ot:studyPublication "http://dx.doi.org/10.1016/j.ympev.2005.03.031"
pgloadind   property added ot:curatorName "Romina Gazis"
pgloadind   property added ot:dataDeposit "http://purl.org/phylo/treebase/phylows/study/TB2:S1373"
pgloadind   property added ot:studyId "750"
pgloadind   property added ot:studyYear "2005"
pgloadind   property added ot:focalClade "16113"
pgloadind   property added ot:focalCladeOTTTaxonName "Microsporidia"
pgloadind   property added ot:inGroupClade "node446417"
pgloadind   property added ot:curatedType "ML, SSU"
loading a specific tree: 1375
skipping tree: 1373
skipping tree: 1374
skipping tree: 1376
pgloadind conducting TNRS on trees
pgloadind   name fixing on tree tree id "1375"
pgloadind   all nodes have ottIds
pgloadind   postpruning newick tree "((Diaphanoeca_grandis,Acanthocorbis_unguiculata),(Blastocladiella_emersonii,(Gigaspora_margarita,((Bulleromyces_albus,Cryptococcus_neoformans),(Schizosaccharomyces_pombe,(Saccharomyces_cerevisiae,(Aureobasidium_pullulans,Aspergillus_fumigatus)))))))"
pgloadind   taxon mapping summary
pgloadind     taxon mapping OTT ID 726085 taxonomy "Diaphanoeca grandis->Diaphanoeca->Stephanoecidae->Acanthoecida->Choanomonada->Holozoa->Opisthokonta->Eukaryota->cellular organisms->life" nexsonid "node446338"
pgloadind     taxon mapping OTT ID 1021177 taxonomy "Acanthocorbis unguiculata->Acanthocorbis->Stephanoecidae->Acanthoecida->Choanomonada->Holozoa->Opisthokonta->Eukaryota->cellular organisms->life" nexsonid "node446339"
pgloadind     taxon mapping OTT ID 263372 taxonomy "Blastocladiella emersonii->Blastocladiella->Blastocladiaceae->Blastocladiales->Blastocladiomycota->Fungi->Nucletmycea->Opisthokonta->Eukaryota->cellular organisms->life" nexsonid "node446341"
pgloadind     taxon mapping OTT ID 837853 taxonomy "Gigaspora margarita->Gigaspora->Gigasporaceae->Diversisporales->Glomeromycetes->Glomeromycota->Fungi->Nucletmycea->Opisthokonta->Eukaryota->cellular organisms->life" nexsonid "node446343"
pgloadind     taxon mapping OTT ID 565603 taxonomy "Bulleromyces albus->Bulleromyces->Tremellaceae->Tremellales->Tremellomycetes->Agaricomycotina->Basidiomycota->Dikarya->Fungi->Nucletmycea->Opisthokonta->Eukaryota->cellular organisms->life" nexsonid "node446346"
pgloadind     taxon mapping OTT ID 634633 taxonomy "Cryptococcus neoformans->Cryptococcus->Tremellaceae->Tremellales->Tremellomycetes->Agaricomycotina->Basidiomycota->Dikarya->Fungi->Nucletmycea->Opisthokonta->Eukaryota->cellular organisms->life" nexsonid "node446347"
pgloadind     taxon mapping OTT ID 990004 taxonomy "Schizosaccharomyces pombe->Schizosaccharomyces->Schizosaccharomycetaceae->Schizosaccharomycetales->Schizosaccaromycetes->Taphrinomycotina->Ascomycota->Dikarya->Fungi->Nucletmycea->Opisthokonta->Eukaryota->cellular organisms->life" nexsonid "node446349"
pgloadind     taxon mapping OTT ID 908549 taxonomy "Saccharomyces cerevisiae->Saccharomyces->Saccharomycetaceae->Saccharomycetales->Saccharomycetidae->Saccharomycetes->Saccharomycotina->saccharomyceta->Ascomycota->Dikarya->Fungi->Nucletmycea->Opisthokonta->Eukaryota->cellular organisms->life" nexsonid "node446351"
pgloadind     taxon mapping OTT ID 1041477 taxonomy "Aureobasidium pullulans->Aureobasidium->mitosporic Dothioraceae->Dothioraceae->Dothideales->Dothideomycetidae->Dothideomycetes->Dothideomyceta->Leotiomyceta->Pezizomycotina->saccharomyceta->Ascomycota->Dikarya->Fungi->Nucletmycea->Opisthokonta->Eukaryota->cellular organisms->life" nexsonid "node446353"
pgloadind     taxon mapping OTT ID 278828 taxonomy "Aspergillus fumigatus->Aspergillus->Trichocomaceae->Eurotiales->Eurotiomycetidae->Eurotiomycetes->Leotiomyceta->Pezizomycotina->saccharomyceta->Ascomycota->Dikarya->Fungi->Nucletmycea->Opisthokonta->Eukaryota->cellular organisms->life" nexsonid "node446354"
done fixing name
pgloadind Finished with attempts to fix names
pgloadind   Checking for uniqueness of OTT IDs tree id "1375"
pgloadind   Adding tree to graph tree id "1375"
all trees have all taxa: false
	using bipartition technique
attempting to remap tips to deepest exemplified taxa
	Cryptococcus neoformans was remapped to 'Cryptococcus' (id=252333)
	Aureobasidium pullulans was remapped to 'Dothideomyceta' (id=104313)
	Bulleromyces albus was remapped to 'Bulleromyces' (id=251723)
	Gigaspora margarita was remapped to 'Glomeromycota' (id=376962)
	Saccharomyces cerevisiae was remapped to 'Saccharomycotina' (id=243209)
	Aspergillus fumigatus was remapped to 'Eurotiomycetes' (id=87158)
	Schizosaccharomyces pombe was remapped to 'Taphrinomycotina' (id=234)
	Acanthocorbis unguiculata was remapped to 'Acanthocorbis' (id=2599690)
	Blastocladiella emersonii was remapped to 'Blastocladiomycota' (id=381918)
	Diaphanoeca grandis was remapped to 'Diaphanoeca' (id=2599672)
this is the ROOT
placing root in index
Dealing with metadata property: id
Dealing with metadata property: ot:studyPublicationReference
Adding property 'ot:studyPublicationReference': Fischer, W. M., & Palmer, J. D. (2005). Evidence from small-subunit ribosomal RNA sequences for a fungal origin of Microsporidia. Molecular phylogenetics and evolution, 36(3), 606-622.
Dealing with metadata property: ot:focalCladeOTTTaxonName
Adding property 'ot:focalCladeOTTTaxonName': Microsporidia
Dealing with metadata property: ot:studyYear
Adding property 'ot:studyYear': 2005
Dealing with metadata property: ot:inGroupClade
Adding property 'ot:inGroupClade': node446336
Dealing with metadata property: ot:curatorName
Adding property 'ot:curatorName': Romina Gazis
Dealing with metadata property: ot:studyPublication
Adding property 'ot:studyPublication': http://dx.doi.org/10.1016/j.ympev.2005.03.031
Dealing with metadata property: ot:focalClade
Adding property 'ot:focalClade': 16113
Dealing with metadata property: ot:curatedType
Adding property 'ot:curatedType': ML, SSU
Dealing with metadata property: ot:studyId
Adding property 'ot:studyId': 750
Dealing with metadata property: ot:dataDeposit
Adding property 'ot:dataDeposit': http://purl.org/phylo/treebase/phylows/study/TB2:S1373
Committing nodes: 19
	adding Node[227] Nucletmycea 5246132 as compatible with Node[228]
		adding Relationship[8415884]
		adding to root Relationship[8415885]
	adding Node[832] Pezizomycotina 971709 as compatible with Node[834]
		adding Relationship[8415886]
		adding to root Relationship[8415887]
	adding Node[251638] Tremellales 183800 as compatible with Node[251702]
		adding Relationship[8415888]
		adding to root Relationship[8415889]
	adding Node[251234] Tremellomycetes 1012689 as compatible with Node[251702]
		adding Relationship[8415890]
		adding to root Relationship[8415891]
	adding Node[251232] Agaricomycotina 633300 as compatible with Node[251702]
		adding Relationship[8415892]
		adding to root Relationship[8415893]
	adding Node[251230] Basidiomycota 634628 as compatible with Node[251702]
		adding Relationship[8415894]
		adding to root Relationship[8415895]
	adding Node[2599634] Acanthoecida 5247660 as compatible with Node[2599654]
		adding Relationship[8415896]
		adding to root Relationship[8415897]
	adding Node[2599547] Choanomonada 5246832 as compatible with Node[2599654]
		adding Relationship[8415898]
		adding to root Relationship[8415899]
	adding Node[386974] Holozoa 5246131 as compatible with Node[2599654]
		adding Relationship[8415900]
		adding to root Relationship[8415901]
		adding Relationship[8415902] from Node[251234] to Node[251232]
		adding Relationship[8415903] from Node[2599634] to Node[2599547]
		adding Relationship[8415904] from Node[251232] to Node[251230]
		adding Relationship[8415905] from Node[832] to Node[831]
		adding Relationship[8415906] from Node[386974] to Node[224]
		adding Relationship[8415907] from Node[2599547] to Node[386974]
		adding Relationship[8415908] from Node[251638] to Node[251234]
		adding Relationship[8415909] from Node[227] to Node[224]
		adding Relationship[8415910] from Node[251230] to Node[230]
