pgloadind OTUs number 198
pgloadind Processing tree @id "1490"
pgloadind   tree info number nodes 388
pgloadind   tree info number edges 387
pgloadind   Ingested tree number of external nodes 198
pgloadind   property added ot:studyPublicationReference "Perry B., Hansen K., & Pfister D. 2007. A phylogenetic overview of the family Pyronemataceae (Ascomycota, Pezizales). Mycological Research, (5): 549-571."
pgloadind   property added ot:studyPublication "http://dx.doi.org/10.1016/j.mycres.2007.03.014"
pgloadind   property added ot:curatorName "Romina Gazis"
pgloadind   property added ot:dataDeposit "http://purl.org/phylo/treebase/phylows/study/TB2:S1809"
pgloadind   property added ot:studyId "791"
pgloadind   property added ot:studyYear "2007"
pgloadind   property added ot:focalClade "620530"
pgloadind   property added ot:focalCladeOTTTaxonName "Pyronemataceae"
pgloadind   property added ot:curatedType "ML, LSU"
pgloadind Processing tree @id "1491"
pgloadind   tree info number nodes 361
pgloadind   tree info number edges 360
pgloadind   Ingested tree number of external nodes 198
pgloadind   property added ot:studyPublicationReference "Perry B., Hansen K., & Pfister D. 2007. A phylogenetic overview of the family Pyronemataceae (Ascomycota, Pezizales). Mycological Research, (5): 549-571."
pgloadind   property added ot:studyPublication "http://dx.doi.org/10.1016/j.mycres.2007.03.014"
pgloadind   property added ot:curatorName "Romina Gazis"
pgloadind   property added ot:dataDeposit "http://purl.org/phylo/treebase/phylows/study/TB2:S1809"
pgloadind   property added ot:studyId "791"
pgloadind   property added ot:studyYear "2007"
pgloadind   property added ot:focalClade "620530"
pgloadind   property added ot:focalCladeOTTTaxonName "Pyronemataceae"
pgloadind   property added ot:curatedType "BI, LSU"
pgloadind Processing tree @id "5657"
pgloadind   tree info number nodes 388
pgloadind   tree info number edges 387
pgloadind   tree info ingroup "node975747"
pgloadind   Setting ingroup root node.
pgloadind   Ingested tree number of external nodes 196
pgloadind   property added ot:studyPublicationReference "Perry B., Hansen K., & Pfister D. 2007. A phylogenetic overview of the family Pyronemataceae (Ascomycota, Pezizales). Mycological Research, (5): 549-571."
pgloadind   property added ot:studyPublication "http://dx.doi.org/10.1016/j.mycres.2007.03.014"
pgloadind   property added ot:curatorName "Romina Gazis"
pgloadind   property added ot:dataDeposit "http://purl.org/phylo/treebase/phylows/study/TB2:S1809"
pgloadind   property added ot:studyId "791"
pgloadind   property added ot:studyYear "2007"
pgloadind   property added ot:focalClade "620530"
pgloadind   property added ot:focalCladeOTTTaxonName "Pyronemataceae"
pgloadind   property added ot:inGroupClade "node975747"
pgloadind   property added ot:tag "Choose me"
pgloadind   property added ot:curatedType "ML, LSU (rooted)"
pgloadind Processing tree @id "5658"
pgloadind   tree info number nodes 361
pgloadind   tree info number edges 360
pgloadind   tree info ingroup "node976135"
pgloadind   Setting ingroup root node.
pgloadind   Ingested tree number of external nodes 196
pgloadind   property added ot:studyPublicationReference "Perry B., Hansen K., & Pfister D. 2007. A phylogenetic overview of the family Pyronemataceae (Ascomycota, Pezizales). Mycological Research, (5): 549-571."
pgloadind   property added ot:studyPublication "http://dx.doi.org/10.1016/j.mycres.2007.03.014"
pgloadind   property added ot:curatorName "Romina Gazis"
pgloadind   property added ot:dataDeposit "http://purl.org/phylo/treebase/phylows/study/TB2:S1809"
pgloadind   property added ot:studyId "791"
pgloadind   property added ot:studyYear "2007"
pgloadind   property added ot:focalClade "620530"
pgloadind   property added ot:focalCladeOTTTaxonName "Pyronemataceae"
pgloadind   property added ot:inGroupClade "node976135"
pgloadind   property added ot:curatedType "BI, LSU (rooted)"
loading a specific tree: 5658
skipping tree: 1490
skipping tree: 1491
skipping tree: 5657
pgloadind conducting TNRS on trees
pgloadind   name fixing on tree tree id "5658"
pgloadind     OTT ID missing name "Pachyella babingtonii" nexsonid "node976140"
pgloadind     OTT ID missing name "Discina macrospora" nexsonid "node976156"
pgloadind     OTT ID missing name "Pustularia patavina" nexsonid "node976273"
pgloadind     OTT ID missing name "Coprobia sp." nexsonid "node976289"
pgloadind     OTT ID missing name "Lamprospora cf.ascoboloides" nexsonid "node976337"
pgloadind     OTT ID missing name "Pseudombrophila guldeniae" nexsonid "node976459"
pgloadind     OTT ID missing name "Pulvinula ovalispora1" nexsonid "node976463"
pgloadind     OTT ID missing name "Pulvinula ovalispora2" nexsonid "node976464"
pgloadind     OTT ID missing name "Desmazierella acicola" nexsonid "node976470"
pgloadind     OTT ID missing name "Wolfina aurantiopsis" nexsonid "node976472"
pgloadind   TNRS unmatched total number 3
pgloadind     TNRS resolved ottId OTT ID 886417 name "Pseudombrophila guldeniae" searched on "Pseudombrophila guldeniae" nexsonid "node976459"
pgloadind     TNRS resolved ottId OTT ID 363496 name "Coprobia" searched on "Coprobia sp." nexsonid "node976289"
pgloadind     TNRS resolved ottId OTT ID 35638 name "Pachyella babingtonii" searched on "Pachyella babingtonii" nexsonid "node976140"
pgloadind     pruning unmapped name "Wolfina aurantiopsis" nexsonid "node976472"
pgloadind     pruning unmapped name "Discina macrospora" nexsonid "node976156"
pgloadind     pruning unmapped name "Desmazierella acicola" nexsonid "node976470"
pgloadind     pruning unmapped name "Pulvinula ovalispora1" nexsonid "node976463"
pgloadind     pruning unmapped name "Pustularia patavina" nexsonid "node976273"
pgloadind     pruning unmapped name "Pulvinula ovalispora2" nexsonid "node976464"
pgloadind     pruning unmapped name "Lamprospora cf.ascoboloides" nexsonid "node976337"
pgloadind     OTT ID reused in tree
pgloadind       duplicate name "Melastiza cornubiensis" nexsonid "node976186"
pgloadind       duplicate OTT ID 703321
pgloadind     OTT ID reused in tree
pgloadind       duplicate name "Sphaerosporella brunnea" nexsonid "node976203"
pgloadind       duplicate OTT ID 369777
pgloadind     OTT ID reused in tree
pgloadind       duplicate name "Sphaerosporella brunnea" nexsonid "node976204"
pgloadind       duplicate OTT ID 369777
pgloadind     OTT ID reused in tree
pgloadind       duplicate name "Trichophaea abundans" nexsonid "node976207"
pgloadind       duplicate OTT ID 804897
pgloadind     OTT ID reused in tree
pgloadind       duplicate name "Trichophaea woolhopeia" nexsonid "node976211"
pgloadind       duplicate OTT ID 323266
pgloadind     OTT ID reused in tree
pgloadind       duplicate name "Trichophaea woolhopeia" nexsonid "node976212"
pgloadind       duplicate OTT ID 323266
pgloadind     OTT ID reused in tree
pgloadind       duplicate name "Scutellinia trechispora" nexsonid "node976231"
pgloadind       duplicate OTT ID 276203
pgloadind     OTT ID reused in tree
pgloadind       duplicate name "Scutellinia" nexsonid "node976240"
pgloadind       duplicate OTT ID 285201
pgloadind     OTT ID reused in tree
pgloadind       duplicate name "Ramsbottomia asperior" nexsonid "node976244"
pgloadind       duplicate OTT ID 941804
pgloadind     OTT ID reused in tree
pgloadind       duplicate name "Miladina lecithina" nexsonid "node976248"
pgloadind       duplicate OTT ID 703319
pgloadind     OTT ID reused in tree
pgloadind       duplicate name "Geopora cooperi" nexsonid "node976263"
pgloadind       duplicate OTT ID 364170
pgloadind     OTT ID reused in tree
pgloadind       duplicate name "Geopora cooperi" nexsonid "node976264"
pgloadind       duplicate OTT ID 364170
pgloadind     OTT ID reused in tree
pgloadind       duplicate name "Geopora" nexsonid "node976267"
pgloadind       duplicate OTT ID 364161
pgloadind     OTT ID reused in tree
pgloadind       duplicate name "Pezizales" nexsonid "node976268"
pgloadind       duplicate OTT ID 880969
pgloadind     OTT ID reused in tree
pgloadind       duplicate name "Tricharina gilva" nexsonid "node976277"
pgloadind       duplicate OTT ID 163543
pgloadind     OTT ID reused in tree
pgloadind       duplicate name "Tricharina" nexsonid "node976278"
pgloadind       duplicate OTT ID 163546
pgloadind     OTT ID reused in tree
pgloadind       duplicate name "Pezizales" nexsonid "node976308"
pgloadind       duplicate OTT ID 880969
pgloadind     OTT ID reused in tree
pgloadind       duplicate name "Pezizales" nexsonid "node976311"
pgloadind       duplicate OTT ID 880969
pgloadind     OTT ID reused in tree
pgloadind       duplicate name "Pyronemataceae" nexsonid "node976316"
pgloadind       duplicate OTT ID 620530
pgloadind     OTT ID reused in tree
pgloadind       duplicate name "Trichophaea hybrida" nexsonid "node976322"
pgloadind       duplicate OTT ID 757870
pgloadind     OTT ID reused in tree
pgloadind       duplicate name "Trichophaea hybrida" nexsonid "node976323"
pgloadind       duplicate OTT ID 757870
pgloadind     OTT ID reused in tree
pgloadind       duplicate name "Lamprospora" nexsonid "node976344"
pgloadind       duplicate OTT ID 682406
pgloadind     OTT ID reused in tree
pgloadind       duplicate name "Octospora" nexsonid "node976365"
pgloadind       duplicate OTT ID 682412
pgloadind     OTT ID reused in tree
pgloadind       duplicate name "Pyronemataceae" nexsonid "node976376"
pgloadind       duplicate OTT ID 620530
pgloadind     OTT ID reused in tree
pgloadind       duplicate name "Pyronemataceae" nexsonid "node976377"
pgloadind       duplicate OTT ID 620530
pgloadind     OTT ID reused in tree
pgloadind       duplicate name "Pezizales" nexsonid "node976387"
pgloadind       duplicate OTT ID 880969
pgloadind     OTT ID reused in tree
pgloadind       duplicate name "Pezizales" nexsonid "node976389"
pgloadind       duplicate OTT ID 880969
pgloadind     OTT ID reused in tree
pgloadind       duplicate name "Pezizales" nexsonid "node976390"
pgloadind       duplicate OTT ID 880969
pgloadind     OTT ID reused in tree
pgloadind       duplicate name "Pulvinula convexella" nexsonid "node976432"
pgloadind       duplicate OTT ID 920415
pgloadind     overlapping tips
pgloadind       overlapping retained name "Amylascus tasmanicus" nexsonid "node976139"
pgloadind       overlapping pruned name "Pezizales" nexsonid "node976161"
pgloadind     overlapping tips
pgloadind       overlapping retained name "Peziza varia" nexsonid "node976141"
pgloadind       overlapping pruned name "Pyronemataceae" nexsonid "node976274"
pgloadind     overlapping tips
pgloadind       overlapping retained name "Anthracobia macrocystis" nexsonid "node976190"
pgloadind       overlapping pruned name "Anthracobia" nexsonid "node976193"
pgloadind     overlapping tips
pgloadind       overlapping retained name "Scutellinia barlae" nexsonid "node976227"
pgloadind       overlapping pruned name "Scutellinia" nexsonid "node976236"
pgloadind     overlapping tips
pgloadind       overlapping retained name "Ramsbottomia asperior" nexsonid "node976243"
pgloadind       overlapping pruned name "Ramsbottomia" nexsonid "node976245"
pgloadind     overlapping tips
pgloadind       overlapping retained name "Geopora arenicola" nexsonid "node976255"
pgloadind       overlapping pruned name "Geopora" nexsonid "node976256"
pgloadind     overlapping tips
pgloadind       overlapping retained name "Tricharina ochroleuca" nexsonid "node976270"
pgloadind       overlapping pruned name "Tricharina" nexsonid "node976271"
pgloadind     overlapping tips
pgloadind       overlapping retained name "Genabea cerebriformis" nexsonid "node976299"
pgloadind       overlapping pruned name "Genea" nexsonid "node976304"
pgloadind     overlapping tips
pgloadind       overlapping retained name "Wilcoxina mikolae" nexsonid "node976325"
pgloadind       overlapping pruned name "Wilcoxina" nexsonid "node976326"
pgloadind     overlapping tips
pgloadind       overlapping retained name "Lamprospora dictydiola" nexsonid "node976341"
pgloadind       overlapping pruned name "Lamprospora" nexsonid "node976338"
pgloadind     overlapping tips
pgloadind       overlapping retained name "Octospora phagospora" nexsonid "node976348"
pgloadind       overlapping pruned name "Octospora" nexsonid "node976362"
pgloadind     overlapping tips
pgloadind       overlapping retained name "Otidea alutacea" nexsonid "node976393"
pgloadind       overlapping pruned name "Otidea" nexsonid "node976401"
pgloadind     overlapping tips
pgloadind       overlapping retained name "Geopyxis carbonaria" nexsonid "node976438"
pgloadind       overlapping pruned name "Geopyxis" nexsonid "node976442"
pgloadind     pruning dups and overlapping name "Octospora" nexsonid "node976362"
pgloadind     pruning dups and overlapping name "Geopora" nexsonid "node976256"
pgloadind     pruning dups and overlapping name "Pezizales" nexsonid "node976161"
pgloadind     pruning dups and overlapping name "Melastiza cornubiensis" nexsonid "node976186"
pgloadind     pruning dups and overlapping name "Pezizales" nexsonid "node976308"
pgloadind     pruning dups and overlapping name "Scutellinia trechispora" nexsonid "node976231"
pgloadind     pruning dups and overlapping name "Pezizales" nexsonid "node976389"
pgloadind     pruning dups and overlapping name "Pyronemataceae" nexsonid "node976376"
pgloadind     pruning dups and overlapping name "Wilcoxina" nexsonid "node976326"
pgloadind     pruning dups and overlapping name "Geopora cooperi" nexsonid "node976264"
pgloadind     pruning dups and overlapping name "Lamprospora" nexsonid "node976338"
pgloadind     pruning dups and overlapping name "Pyronemataceae" nexsonid "node976274"
pgloadind     pruning dups and overlapping name "Sphaerosporella brunnea" nexsonid "node976204"
pgloadind     pruning dups and overlapping name "Ramsbottomia asperior" nexsonid "node976244"
pgloadind     pruning dups and overlapping name "Geopora cooperi" nexsonid "node976263"
pgloadind     pruning dups and overlapping name "Pezizales" nexsonid "node976387"
pgloadind     pruning dups and overlapping name "Trichophaea woolhopeia" nexsonid "node976212"
pgloadind     pruning dups and overlapping name "Sphaerosporella brunnea" nexsonid "node976203"
pgloadind     pruning dups and overlapping name "Pyronemataceae" nexsonid "node976377"
pgloadind     pruning dups and overlapping name "Pezizales" nexsonid "node976311"
pgloadind     pruning dups and overlapping name "Octospora" nexsonid "node976365"
pgloadind     pruning dups and overlapping name "Tricharina gilva" nexsonid "node976277"
pgloadind     pruning dups and overlapping name "Lamprospora" nexsonid "node976344"
pgloadind     pruning dups and overlapping name "Scutellinia" nexsonid "node976240"
pgloadind     pruning dups and overlapping name "Tricharina" nexsonid "node976271"
pgloadind     pruning dups and overlapping name "Trichophaea abundans" nexsonid "node976207"
pgloadind     pruning dups and overlapping name "Ramsbottomia" nexsonid "node976245"
pgloadind     pruning dups and overlapping name "Miladina lecithina" nexsonid "node976248"
pgloadind     pruning dups and overlapping name "Geopora" nexsonid "node976267"
pgloadind     pruning dups and overlapping name "Trichophaea woolhopeia" nexsonid "node976211"
pgloadind     pruning dups and overlapping name "Scutellinia" nexsonid "node976236"
pgloadind     pruning dups and overlapping name "Otidea" nexsonid "node976401"
pgloadind     pruning dups and overlapping name "Trichophaea hybrida" nexsonid "node976322"
pgloadind     pruning dups and overlapping name "Pezizales" nexsonid "node976390"
pgloadind     pruning dups and overlapping name "Pyronemataceae" nexsonid "node976316"
pgloadind     pruning dups and overlapping name "Tricharina" nexsonid "node976278"
pgloadind     pruning dups and overlapping name "Geopyxis" nexsonid "node976442"
pgloadind     pruning dups and overlapping name "Pulvinula convexella" nexsonid "node976432"
pgloadind     pruning dups and overlapping name "Pezizales" nexsonid "node976268"
pgloadind     pruning dups and overlapping name "Trichophaea hybrida" nexsonid "node976323"
pgloadind     pruning dups and overlapping name "Genea" nexsonid "node976304"
pgloadind     pruning dups and overlapping name "Anthracobia" nexsonid "node976193"
pgloadind   postpruning newick tree "((((Amylascus_tasmanicus,Pachyella_babingtonii),Peziza_varia),Marcelleina_tuberculispora),Ascobolus_lineolatus,((((Barssia_oregonensis,Helvella_lacunosa),((Choiromyces_venosus,Stephensia_varia),Tuber_gibbosum)),(Gyromitra_esculenta,(Morchella_elata,Verpa_conica,Hydnotrya_cerebriformis))),Caloscypha_fulgens,Rhizina_undulata,((Psilopezia_deligata,Psilopezia_juruensis),(((((Acervus_epispartius,Acervus_flavidus),(((((Aleuria_aurantia,Aleuria_bicucullata),Melastiza_cornubiensis),(((Anthracobia_macrocystis,Anthracobia_tristis),(((Anthracobia_subatra,Trichophaea_saccata,Trichophaea_minuta),Sphaerosporella_brunnea),Trichophaea_abundans,Trichophaea_woolhopeia)),(((((Cheilymenia_fimicola,((Scutellinia_blumenaviensis,((((Scutellinia_barlae,Scutellinia_hyperborea),Scutellinia_trechispora),Scutellinia_subhirtella),(Scutellinia_pennsylvanica,Scutellinia_scutellata))),Peziza_geneospora)),Kotlabaea_deformis),Ramsbottomia_asperior),Miladina_lecithina),((Tricharina_ochroleuca,((Geopora_cervina,Geopora_arenicola),(Geopora_clausa,Geopora_cooperi),Geopora_pellita)),Tricharina_gilva))),(((Thelebolus_terrestris,Cheilymenia_stercorea),Cheilymenia_theleboloides),Scutellinia_crucipila,(Cheilymenia_vitellina,(Coprobia_sp_,Cheilymenia_granulata)),(Humaria_velenovskyi,Spooneromyces_laeticolor)),(((((Genabea_cerebriformis,((Genea_arenaria,(Genea_harknessii,Genea_verrucosa)),Humaria_hemisphaerica),Gilkeya_compacta,Parascutellinia_carneosanguinea),Lasiobolidium_spirale),Trichophaea_hemisphaerioides),(Wilcoxina_rehmii,Wilcoxina_mikolae,Trichophaea_hybrida)),(Trichophaeopsis_bicuspis,Trichophaeopsis_tetraspora)),(((((Lamprospora_dictydiola,Lamprospora_crouanii),Moravecia_hvaleri),((Neottiella_aphanodictyon,Octospora_phagospora),Octospora_hygrohypnophila)),Octospora_lilacina),(((Leucoscypha_leucotricha,Rhodoscypha_ovilla),Rhodotarzetta_rosea),((Neottiella_albocincta,Neottiella_rutilans),(Octospora_rubens,Octospora_leucoloma)))),(Melastiza_contorta,Pseudaleuria_quinaultiana),Melastiza_flavorubens,(Pyronema_omphalodes,Pyronema_domesticum),Paratrichophaea_boudieri),((Sowerbyella_rhenana,Sowerbyella_radiculata),Sowerbyella_imperialis)),Aleurina_imaii),Arpinia_inops,(Otidea_alutacea,((((Peziza_cochleata,Otidea_leporina),Otidea_rainierensis),Otidea_onotica),Flavoscypha_cantharella)),Warcupia_terrestris),((Smardaea_reticulosperma,Smardaea_amethystina),(Jafnea_fusicarpa,Pyropyxis_rubra))),(((((Ascodesmis_nigricans,Eleutherascus_lectardii,Eleutherascus_peruvianus),(Lasiobolus_ciliatus,Lasiobolus_cuniculi)),((Lazuardia_lobata,Pulvinula_globifera),(Pulvinula_archeri,Pulvinula_convexella))),(Stephensia_shanorii,((Tarzetta_catinus,Tarzetta_spurcata),(Tarzetta_gaillardiana,Tarzetta_pusilla)),(((Geopyxis_carbonaria,Geopyxis_vulcanalis),Stephensia_bombycina),Paurocotylis_pila))),(Lasiobolidium_orbiculoides,((Orbicula_parietina,Pseudombrophila_theioleuca),(Pseudombrophila_merdaria,Pseudombrophila_guldeniae))))),((((Donadinia,Plectania_nannfeldtii),Urnula_craterium),Pseudoplectania_nigrella),(Neournula_pouchetii,Chorioactis_geaster)),((Cookeina_tricholoma,Microstoma_floccosum),(Nanoscypha_tetraspora,Phillipsia_crispata,(Pseudopithyella_minuscula,Sarcoscypha_coccinea))),Glaziella_aurantiaca,Strobiloscypha_keliae,Boubovia_luteola))))"
pgloadind   taxon mapping summary
pgloadind     taxon mapping OTT ID 35645 taxonomy "Amylascus tasmanicus->Amylascus->Pezizaceae->Pezizales->Pezizomycetidae->Pezizomycetes->Pezizomycotina->saccharomyceta->Ascomycota->Dikarya->Fungi->Nucletmycea->Opisthokonta->Eukaryota->cellular organisms->life" nexsonid "node976139"
pgloadind     taxon mapping OTT ID 35638 taxonomy "Pachyella babingtonii->Pachyella->Pezizaceae->Pezizales->Pezizomycetidae->Pezizomycetes->Pezizomycotina->saccharomyceta->Ascomycota->Dikarya->Fungi->Nucletmycea->Opisthokonta->Eukaryota->cellular organisms->life" nexsonid "node976140"
pgloadind     taxon mapping OTT ID 643967 taxonomy "Peziza varia->Peziza->Pyronemataceae->Pezizales->Pezizomycetidae->Pezizomycetes->Pezizomycotina->saccharomyceta->Ascomycota->Dikarya->Fungi->Nucletmycea->Opisthokonta->Eukaryota->cellular organisms->life" nexsonid "node976141"
pgloadind     taxon mapping OTT ID 139262 taxonomy "Marcelleina tuberculispora->Marcelleina->Pezizaceae->Pezizales->Pezizomycetidae->Pezizomycetes->Pezizomycotina->saccharomyceta->Ascomycota->Dikarya->Fungi->Nucletmycea->Opisthokonta->Eukaryota->cellular organisms->life" nexsonid "node976142"
pgloadind     taxon mapping OTT ID 864072 taxonomy "Ascobolus lineolatus->Ascobolus->Ascobolaceae->Pezizales->Pezizomycetidae->Pezizomycetes->Pezizomycotina->saccharomyceta->Ascomycota->Dikarya->Fungi->Nucletmycea->Opisthokonta->Eukaryota->cellular organisms->life" nexsonid "node976143"
pgloadind     taxon mapping OTT ID 528348 taxonomy "Barssia oregonensis->Barssia->Helvellaceae->Pezizales->Pezizomycetidae->Pezizomycetes->Pezizomycotina->saccharomyceta->Ascomycota->Dikarya->Fungi->Nucletmycea->Opisthokonta->Eukaryota->cellular organisms->life" nexsonid "node976148"
pgloadind     taxon mapping OTT ID 6917 taxonomy "Helvella lacunosa->Helvella->Helvellaceae->Pezizales->Pezizomycetidae->Pezizomycetes->Pezizomycotina->saccharomyceta->Ascomycota->Dikarya->Fungi->Nucletmycea->Opisthokonta->Eukaryota->cellular organisms->life" nexsonid "node976149"
pgloadind     taxon mapping OTT ID 953360 taxonomy "Choiromyces venosus->Choiromyces->Tuberaceae->Pezizales->Pezizomycetidae->Pezizomycetes->Pezizomycotina->saccharomyceta->Ascomycota->Dikarya->Fungi->Nucletmycea->Opisthokonta->Eukaryota->cellular organisms->life" nexsonid "node976152"
pgloadind     taxon mapping OTT ID 5303536 taxonomy "Stephensia varia->Stephensia->Pyronemataceae->Pezizales->Pezizomycetidae->Pezizomycetes->Pezizomycotina->saccharomyceta->Ascomycota->Dikarya->Fungi->Nucletmycea->Opisthokonta->Eukaryota->cellular organisms->life" nexsonid "node976153"
pgloadind     taxon mapping OTT ID 528343 taxonomy "Tuber gibbosum->Tuber->Tuberaceae->Pezizales->Pezizomycetidae->Pezizomycetes->Pezizomycotina->saccharomyceta->Ascomycota->Dikarya->Fungi->Nucletmycea->Opisthokonta->Eukaryota->cellular organisms->life" nexsonid "node976154"
pgloadind     taxon mapping OTT ID 806598 taxonomy "Gyromitra esculenta->Gyromitra->Discinaceae->Pezizales->Pezizomycetidae->Pezizomycetes->Pezizomycotina->saccharomyceta->Ascomycota->Dikarya->Fungi->Nucletmycea->Opisthokonta->Eukaryota->cellular organisms->life" nexsonid "node976157"
pgloadind     taxon mapping OTT ID 339440 taxonomy "Morchella elata->Morchella elata clade->Morchella->Morchellaceae->Pezizales->Pezizomycetidae->Pezizomycetes->Pezizomycotina->saccharomyceta->Ascomycota->Dikarya->Fungi->Nucletmycea->Opisthokonta->Eukaryota->cellular organisms->life" nexsonid "node976162"
pgloadind     taxon mapping OTT ID 1054387 taxonomy "Verpa conica->Verpa->Morchellaceae->Pezizales->Pezizomycetidae->Pezizomycetes->Pezizomycotina->saccharomyceta->Ascomycota->Dikarya->Fungi->Nucletmycea->Opisthokonta->Eukaryota->cellular organisms->life" nexsonid "node976163"
pgloadind     taxon mapping OTT ID 682955 taxonomy "Hydnotrya cerebriformis->Hydnotrya->Discinaceae->Pezizales->Pezizomycetidae->Pezizomycetes->Pezizomycotina->saccharomyceta->Ascomycota->Dikarya->Fungi->Nucletmycea->Opisthokonta->Eukaryota->cellular organisms->life" nexsonid "node976160"
pgloadind     taxon mapping OTT ID 16906 taxonomy "Caloscypha fulgens->Caloscypha->Caloscyphaceae->Pezizales->Pezizomycetidae->Pezizomycetes->Pezizomycotina->saccharomyceta->Ascomycota->Dikarya->Fungi->Nucletmycea->Opisthokonta->Eukaryota->cellular organisms->life" nexsonid "node976164"
pgloadind     taxon mapping OTT ID 953355 taxonomy "Rhizina undulata->Rhizina->Rhizinaceae->Pezizales->Pezizomycetidae->Pezizomycetes->Pezizomycotina->saccharomyceta->Ascomycota->Dikarya->Fungi->Nucletmycea->Opisthokonta->Eukaryota->cellular organisms->life" nexsonid "node976165"
pgloadind     taxon mapping OTT ID 879418 taxonomy "Psilopezia deligata->Psilopezia->Pezizales->Pezizomycetidae->Pezizomycetes->Pezizomycotina->saccharomyceta->Ascomycota->Dikarya->Fungi->Nucletmycea->Opisthokonta->Eukaryota->cellular organisms->life" nexsonid "node976168"
pgloadind     taxon mapping OTT ID 179928 taxonomy "Psilopezia juruensis->Psilopezia->Pezizales->Pezizomycetidae->Pezizomycetes->Pezizomycotina->saccharomyceta->Ascomycota->Dikarya->Fungi->Nucletmycea->Opisthokonta->Eukaryota->cellular organisms->life" nexsonid "node976169"
pgloadind     taxon mapping OTT ID 844357 taxonomy "Acervus epispartius->Acervus->Pyronemataceae->Pezizales->Pezizomycetidae->Pezizomycetes->Pezizomycotina->saccharomyceta->Ascomycota->Dikarya->Fungi->Nucletmycea->Opisthokonta->Eukaryota->cellular organisms->life" nexsonid "node976175"
pgloadind     taxon mapping OTT ID 844356 taxonomy "Acervus flavidus->Acervus->Pyronemataceae->Pezizales->Pezizomycetidae->Pezizomycetes->Pezizomycotina->saccharomyceta->Ascomycota->Dikarya->Fungi->Nucletmycea->Opisthokonta->Eukaryota->cellular organisms->life" nexsonid "node976176"
pgloadind     taxon mapping OTT ID 880971 taxonomy "Aleuria aurantia->Aleuria->Pyronemataceae->Pezizales->Pezizomycetidae->Pezizomycetes->Pezizomycotina->saccharomyceta->Ascomycota->Dikarya->Fungi->Nucletmycea->Opisthokonta->Eukaryota->cellular organisms->life" nexsonid "node976182"
pgloadind     taxon mapping OTT ID 844355 taxonomy "Aleuria bicucullata->Aleuria->Pyronemataceae->Pezizales->Pezizomycetidae->Pezizomycetes->Pezizomycotina->saccharomyceta->Ascomycota->Dikarya->Fungi->Nucletmycea->Opisthokonta->Eukaryota->cellular organisms->life" nexsonid "node976183"
pgloadind     taxon mapping OTT ID 703321 taxonomy "Melastiza cornubiensis->Melastiza->Pyronemataceae->Pezizales->Pezizomycetidae->Pezizomycetes->Pezizomycotina->saccharomyceta->Ascomycota->Dikarya->Fungi->Nucletmycea->Opisthokonta->Eukaryota->cellular organisms->life" nexsonid "node976185"
pgloadind     taxon mapping OTT ID 844360 taxonomy "Anthracobia macrocystis->Anthracobia->Pyronemataceae->Pezizales->Pezizomycetidae->Pezizomycetes->Pezizomycotina->saccharomyceta->Ascomycota->Dikarya->Fungi->Nucletmycea->Opisthokonta->Eukaryota->cellular organisms->life" nexsonid "node976190"
pgloadind     taxon mapping OTT ID 320126 taxonomy "Anthracobia tristis->Anthracobia->Pyronemataceae->Pezizales->Pezizomycetidae->Pezizomycetes->Pezizomycotina->saccharomyceta->Ascomycota->Dikarya->Fungi->Nucletmycea->Opisthokonta->Eukaryota->cellular organisms->life" nexsonid "node976192"
pgloadind     taxon mapping OTT ID 320125 taxonomy "Anthracobia subatra->Anthracobia->Pyronemataceae->Pezizales->Pezizomycetidae->Pezizomycetes->Pezizomycotina->saccharomyceta->Ascomycota->Dikarya->Fungi->Nucletmycea->Opisthokonta->Eukaryota->cellular organisms->life" nexsonid "node976197"
pgloadind     taxon mapping OTT ID 587378 taxonomy "Trichophaea saccata->Trichophaea->Pyronemataceae->Pezizales->Pezizomycetidae->Pezizomycetes->Pezizomycotina->saccharomyceta->Ascomycota->Dikarya->Fungi->Nucletmycea->Opisthokonta->Eukaryota->cellular organisms->life" nexsonid "node976198"
pgloadind     taxon mapping OTT ID 804907 taxonomy "Trichophaea minuta->Trichophaea->Pyronemataceae->Pezizales->Pezizomycetidae->Pezizomycetes->Pezizomycotina->saccharomyceta->Ascomycota->Dikarya->Fungi->Nucletmycea->Opisthokonta->Eukaryota->cellular organisms->life" nexsonid "node976199"
pgloadind     taxon mapping OTT ID 369777 taxonomy "Sphaerosporella brunnea->Sphaerosporella->Pyronemataceae->Pezizales->Pezizomycetidae->Pezizomycetes->Pezizomycotina->saccharomyceta->Ascomycota->Dikarya->Fungi->Nucletmycea->Opisthokonta->Eukaryota->cellular organisms->life" nexsonid "node976201"
pgloadind     taxon mapping OTT ID 804897 taxonomy "Trichophaea abundans->Trichophaea->Pyronemataceae->Pezizales->Pezizomycetidae->Pezizomycetes->Pezizomycotina->saccharomyceta->Ascomycota->Dikarya->Fungi->Nucletmycea->Opisthokonta->Eukaryota->cellular organisms->life" nexsonid "node976206"
pgloadind     taxon mapping OTT ID 323266 taxonomy "Trichophaea woolhopeia->Trichophaea->Pyronemataceae->Pezizales->Pezizomycetidae->Pezizomycetes->Pezizomycotina->saccharomyceta->Ascomycota->Dikarya->Fungi->Nucletmycea->Opisthokonta->Eukaryota->cellular organisms->life" nexsonid "node976210"
pgloadind     taxon mapping OTT ID 320122 taxonomy "Cheilymenia fimicola->Cheilymenia->Pyronemataceae->Pezizales->Pezizomycetidae->Pezizomycetes->Pezizomycotina->saccharomyceta->Ascomycota->Dikarya->Fungi->Nucletmycea->Opisthokonta->Eukaryota->cellular organisms->life" nexsonid "node976219"
pgloadind     taxon mapping OTT ID 123481 taxonomy "Scutellinia blumenaviensis->Scutellinia->Pyronemataceae->Pezizales->Pezizomycetidae->Pezizomycetes->Pezizomycotina->saccharomyceta->Ascomycota->Dikarya->Fungi->Nucletmycea->Opisthokonta->Eukaryota->cellular organisms->life" nexsonid "node976237"
pgloadind     taxon mapping OTT ID 941842 taxonomy "Scutellinia barlae->Scutellinia->Pyronemataceae->Pezizales->Pezizomycetidae->Pezizomycetes->Pezizomycotina->saccharomyceta->Ascomycota->Dikarya->Fungi->Nucletmycea->Opisthokonta->Eukaryota->cellular organisms->life" nexsonid "node976227"
pgloadind     taxon mapping OTT ID 230937 taxonomy "Scutellinia hyperborea->Scutellinia->Pyronemataceae->Pezizales->Pezizomycetidae->Pezizomycetes->Pezizomycotina->saccharomyceta->Ascomycota->Dikarya->Fungi->Nucletmycea->Opisthokonta->Eukaryota->cellular organisms->life" nexsonid "node976228"
pgloadind     taxon mapping OTT ID 276203 taxonomy "Scutellinia trechispora->Scutellinia->Pyronemataceae->Pezizales->Pezizomycetidae->Pezizomycetes->Pezizomycotina->saccharomyceta->Ascomycota->Dikarya->Fungi->Nucletmycea->Opisthokonta->Eukaryota->cellular organisms->life" nexsonid "node976230"
pgloadind     taxon mapping OTT ID 291954 taxonomy "Scutellinia subhirtella->Scutellinia->Pyronemataceae->Pezizales->Pezizomycetidae->Pezizomycetes->Pezizomycotina->saccharomyceta->Ascomycota->Dikarya->Fungi->Nucletmycea->Opisthokonta->Eukaryota->cellular organisms->life" nexsonid "node976232"
pgloadind     taxon mapping OTT ID 230934 taxonomy "Scutellinia pennsylvanica->Scutellinia->Pyronemataceae->Pezizales->Pezizomycetidae->Pezizomycetes->Pezizomycotina->saccharomyceta->Ascomycota->Dikarya->Fungi->Nucletmycea->Opisthokonta->Eukaryota->cellular organisms->life" nexsonid "node976234"
pgloadind     taxon mapping OTT ID 285202 taxonomy "Scutellinia scutellata->Scutellinia->Pyronemataceae->Pezizales->Pezizomycetidae->Pezizomycetes->Pezizomycotina->saccharomyceta->Ascomycota->Dikarya->Fungi->Nucletmycea->Opisthokonta->Eukaryota->cellular organisms->life" nexsonid "node976235"
pgloadind     taxon mapping OTT ID 623160 taxonomy "Peziza geneospora->Peziza->Pyronemataceae->Pezizales->Pezizomycetidae->Pezizomycetes->Pezizomycotina->saccharomyceta->Ascomycota->Dikarya->Fungi->Nucletmycea->Opisthokonta->Eukaryota->cellular organisms->life" nexsonid "node976238"
pgloadind     taxon mapping OTT ID 269888 taxonomy "Kotlabaea deformis->Kotlabaea->Pyronemataceae->Pezizales->Pezizomycetidae->Pezizomycetes->Pezizomycotina->saccharomyceta->Ascomycota->Dikarya->Fungi->Nucletmycea->Opisthokonta->Eukaryota->cellular organisms->life" nexsonid "node976239"
pgloadind     taxon mapping OTT ID 941804 taxonomy "Ramsbottomia asperior->Ramsbottomia->Pyronemataceae->Pezizales->Pezizomycetidae->Pezizomycetes->Pezizomycotina->saccharomyceta->Ascomycota->Dikarya->Fungi->Nucletmycea->Opisthokonta->Eukaryota->cellular organisms->life" nexsonid "node976243"
pgloadind     taxon mapping OTT ID 703319 taxonomy "Miladina lecithina->Miladina->Pyronemataceae->Pezizales->Pezizomycetidae->Pezizomycetes->Pezizomycotina->saccharomyceta->Ascomycota->Dikarya->Fungi->Nucletmycea->Opisthokonta->Eukaryota->cellular organisms->life" nexsonid "node976247"
pgloadind     taxon mapping OTT ID 163541 taxonomy "Tricharina ochroleuca->Tricharina->Pyronemataceae->Pezizales->Pezizomycetidae->Pezizomycetes->Pezizomycotina->saccharomyceta->Ascomycota->Dikarya->Fungi->Nucletmycea->Opisthokonta->Eukaryota->cellular organisms->life" nexsonid "node976270"
pgloadind     taxon mapping OTT ID 239676 taxonomy "Geopora cervina->Geopora->Pyronemataceae->Pezizales->Pezizomycetidae->Pezizomycetes->Pezizomycotina->saccharomyceta->Ascomycota->Dikarya->Fungi->Nucletmycea->Opisthokonta->Eukaryota->cellular organisms->life" nexsonid "node976257"
pgloadind     taxon mapping OTT ID 356928 taxonomy "Geopora arenicola->Geopora->Pyronemataceae->Pezizales->Pezizomycetidae->Pezizomycetes->Pezizomycotina->saccharomyceta->Ascomycota->Dikarya->Fungi->Nucletmycea->Opisthokonta->Eukaryota->cellular organisms->life" nexsonid "node976255"
pgloadind     taxon mapping OTT ID 793401 taxonomy "Geopora clausa->Geopora->Pyronemataceae->Pezizales->Pezizomycetidae->Pezizomycetes->Pezizomycotina->saccharomyceta->Ascomycota->Dikarya->Fungi->Nucletmycea->Opisthokonta->Eukaryota->cellular organisms->life" nexsonid "node976259"
pgloadind     taxon mapping OTT ID 364170 taxonomy "Geopora cooperi->Geopora->Pyronemataceae->Pezizales->Pezizomycetidae->Pezizomycetes->Pezizomycotina->saccharomyceta->Ascomycota->Dikarya->Fungi->Nucletmycea->Opisthokonta->Eukaryota->cellular organisms->life" nexsonid "node976262"
pgloadind     taxon mapping OTT ID 793407 taxonomy "Geopora pellita->Geopora->Pyronemataceae->Pezizales->Pezizomycetidae->Pezizomycetes->Pezizomycotina->saccharomyceta->Ascomycota->Dikarya->Fungi->Nucletmycea->Opisthokonta->Eukaryota->cellular organisms->life" nexsonid "node976265"
pgloadind     taxon mapping OTT ID 163543 taxonomy "Tricharina gilva->Tricharina->Pyronemataceae->Pezizales->Pezizomycetidae->Pezizomycetes->Pezizomycotina->saccharomyceta->Ascomycota->Dikarya->Fungi->Nucletmycea->Opisthokonta->Eukaryota->cellular organisms->life" nexsonid "node976276"
pgloadind     taxon mapping OTT ID 1041038 taxonomy "Thelebolus terrestris->Thelebolus->Thelebolaceae->Thelebolales->Leotiomycetes->Sordariomyceta->Leotiomyceta->Pezizomycotina->saccharomyceta->Ascomycota->Dikarya->Fungi->Nucletmycea->Opisthokonta->Eukaryota->cellular organisms->life" nexsonid "node976282"
pgloadind     taxon mapping OTT ID 16902 taxonomy "Cheilymenia stercorea->Cheilymenia->Pyronemataceae->Pezizales->Pezizomycetidae->Pezizomycetes->Pezizomycotina->saccharomyceta->Ascomycota->Dikarya->Fungi->Nucletmycea->Opisthokonta->Eukaryota->cellular organisms->life" nexsonid "node976283"
pgloadind     taxon mapping OTT ID 320123 taxonomy "Cheilymenia theleboloides->Cheilymenia->Pyronemataceae->Pezizales->Pezizomycetidae->Pezizomycetes->Pezizomycotina->saccharomyceta->Ascomycota->Dikarya->Fungi->Nucletmycea->Opisthokonta->Eukaryota->cellular organisms->life" nexsonid "node976284"
pgloadind     taxon mapping OTT ID 3793645 taxonomy "Scutellinia crucipila->Scutellinia->Pyronemataceae->Pezizales->Pezizomycetidae->Pezizomycetes->Pezizomycotina->saccharomyceta->Ascomycota->Dikarya->Fungi->Nucletmycea->Opisthokonta->Eukaryota->cellular organisms->life" nexsonid "node976285"
pgloadind     taxon mapping OTT ID 320128 taxonomy "Cheilymenia vitellina->Cheilymenia->Pyronemataceae->Pezizales->Pezizomycetidae->Pezizomycetes->Pezizomycotina->saccharomyceta->Ascomycota->Dikarya->Fungi->Nucletmycea->Opisthokonta->Eukaryota->cellular organisms->life" nexsonid "node976287"
pgloadind     taxon mapping OTT ID 363496 taxonomy "Coprobia->Pyronemataceae->Pezizales->Pezizomycetidae->Pezizomycetes->Pezizomycotina->saccharomyceta->Ascomycota->Dikarya->Fungi->Nucletmycea->Opisthokonta->Eukaryota->cellular organisms->life" nexsonid "node976289"
pgloadind     taxon mapping OTT ID 3793519 taxonomy "Cheilymenia granulata->Cheilymenia->Pyronemataceae->Pezizales->Pezizomycetidae->Pezizomycetes->Pezizomycotina->saccharomyceta->Ascomycota->Dikarya->Fungi->Nucletmycea->Opisthokonta->Eukaryota->cellular organisms->life" nexsonid "node976290"
pgloadind     taxon mapping OTT ID 269890 taxonomy "Humaria velenovskyi->Humaria->Pyronemataceae->Pezizales->Pezizomycetidae->Pezizomycetes->Pezizomycotina->saccharomyceta->Ascomycota->Dikarya->Fungi->Nucletmycea->Opisthokonta->Eukaryota->cellular organisms->life" nexsonid "node976292"
pgloadind     taxon mapping OTT ID 804904 taxonomy "Spooneromyces laeticolor->Spooneromyces->Pyronemataceae->Pezizales->Pezizomycetidae->Pezizomycetes->Pezizomycotina->saccharomyceta->Ascomycota->Dikarya->Fungi->Nucletmycea->Opisthokonta->Eukaryota->cellular organisms->life" nexsonid "node976293"
pgloadind     taxon mapping OTT ID 893767 taxonomy "Genabea cerebriformis->Genea->Pyronemataceae->Pezizales->Pezizomycetidae->Pezizomycetes->Pezizomycotina->saccharomyceta->Ascomycota->Dikarya->Fungi->Nucletmycea->Opisthokonta->Eukaryota->cellular organisms->life" nexsonid "node976299"
pgloadind     taxon mapping OTT ID 756768 taxonomy "Genea arenaria->Genea->Pyronemataceae->Pezizales->Pezizomycetidae->Pezizomycetes->Pezizomycotina->saccharomyceta->Ascomycota->Dikarya->Fungi->Nucletmycea->Opisthokonta->Eukaryota->cellular organisms->life" nexsonid "node976302"
pgloadind     taxon mapping OTT ID 256218 taxonomy "Genea harknessii->Genea->Pyronemataceae->Pezizales->Pezizomycetidae->Pezizomycetes->Pezizomycotina->saccharomyceta->Ascomycota->Dikarya->Fungi->Nucletmycea->Opisthokonta->Eukaryota->cellular organisms->life" nexsonid "node976306"
pgloadind     taxon mapping OTT ID 869437 taxonomy "Genea verrucosa->Genea->Pyronemataceae->Pezizales->Pezizomycetidae->Pezizomycetes->Pezizomycotina->saccharomyceta->Ascomycota->Dikarya->Fungi->Nucletmycea->Opisthokonta->Eukaryota->cellular organisms->life" nexsonid "node976307"
pgloadind     taxon mapping OTT ID 939763 taxonomy "Humaria hemisphaerica->Humaria->Pyronemataceae->Pezizales->Pezizomycetidae->Pezizomycetes->Pezizomycotina->saccharomyceta->Ascomycota->Dikarya->Fungi->Nucletmycea->Opisthokonta->Eukaryota->cellular organisms->life" nexsonid "node976310"
pgloadind     taxon mapping OTT ID 939765 taxonomy "Gilkeya compacta->Gilkeya->Pyronemataceae->Pezizales->Pezizomycetidae->Pezizomycetes->Pezizomycotina->saccharomyceta->Ascomycota->Dikarya->Fungi->Nucletmycea->Opisthokonta->Eukaryota->cellular organisms->life" nexsonid "node976312"
pgloadind     taxon mapping OTT ID 1067424 taxonomy "Parascutellinia carneosanguinea->Parascutellinia->Pyronemataceae->Pezizales->Pezizomycetidae->Pezizomycetes->Pezizomycotina->saccharomyceta->Ascomycota->Dikarya->Fungi->Nucletmycea->Opisthokonta->Eukaryota->cellular organisms->life" nexsonid "node976313"
pgloadind     taxon mapping OTT ID 269882 taxonomy "Lasiobolidium spirale->Lasiobolidium->Pyronemataceae->Pezizales->Pezizomycetidae->Pezizomycetes->Pezizomycotina->saccharomyceta->Ascomycota->Dikarya->Fungi->Nucletmycea->Opisthokonta->Eukaryota->cellular organisms->life" nexsonid "node976315"
pgloadind     taxon mapping OTT ID 281260 taxonomy "Trichophaea hemisphaerioides->Trichophaea->Pyronemataceae->Pezizales->Pezizomycetidae->Pezizomycetes->Pezizomycotina->saccharomyceta->Ascomycota->Dikarya->Fungi->Nucletmycea->Opisthokonta->Eukaryota->cellular organisms->life" nexsonid "node976317"
pgloadind     taxon mapping OTT ID 530468 taxonomy "Wilcoxina rehmii->Wilcoxina->Pyronemataceae->Pezizales->Pezizomycetidae->Pezizomycetes->Pezizomycotina->saccharomyceta->Ascomycota->Dikarya->Fungi->Nucletmycea->Opisthokonta->Eukaryota->cellular organisms->life" nexsonid "node976327"
pgloadind     taxon mapping OTT ID 163537 taxonomy "Wilcoxina mikolae->Wilcoxina->Pyronemataceae->Pezizales->Pezizomycetidae->Pezizomycetes->Pezizomycotina->saccharomyceta->Ascomycota->Dikarya->Fungi->Nucletmycea->Opisthokonta->Eukaryota->cellular organisms->life" nexsonid "node976325"
pgloadind     taxon mapping OTT ID 757870 taxonomy "Trichophaea hybrida->Trichophaea->Pyronemataceae->Pezizales->Pezizomycetidae->Pezizomycetes->Pezizomycotina->saccharomyceta->Ascomycota->Dikarya->Fungi->Nucletmycea->Opisthokonta->Eukaryota->cellular organisms->life" nexsonid "node976321"
pgloadind     taxon mapping OTT ID 757858 taxonomy "Trichophaeopsis bicuspis->Trichophaeopsis->Pyronemataceae->Pezizales->Pezizomycetidae->Pezizomycetes->Pezizomycotina->saccharomyceta->Ascomycota->Dikarya->Fungi->Nucletmycea->Opisthokonta->Eukaryota->cellular organisms->life" nexsonid "node976329"
pgloadind     taxon mapping OTT ID 281261 taxonomy "Trichophaeopsis tetraspora->Trichophaeopsis->Pyronemataceae->Pezizales->Pezizomycetidae->Pezizomycetes->Pezizomycotina->saccharomyceta->Ascomycota->Dikarya->Fungi->Nucletmycea->Opisthokonta->Eukaryota->cellular organisms->life" nexsonid "node976330"
pgloadind     taxon mapping OTT ID 269886 taxonomy "Lamprospora dictydiola->Lamprospora->Pyronemataceae->Pezizales->Pezizomycetidae->Pezizomycetes->Pezizomycotina->saccharomyceta->Ascomycota->Dikarya->Fungi->Nucletmycea->Opisthokonta->Eukaryota->cellular organisms->life" nexsonid "node976341"
pgloadind     taxon mapping OTT ID 5303440 taxonomy "Lamprospora crouanii->Lamprospora->Pyronemataceae->Pezizales->Pezizomycetidae->Pezizomycetes->Pezizomycotina->saccharomyceta->Ascomycota->Dikarya->Fungi->Nucletmycea->Opisthokonta->Eukaryota->cellular organisms->life" nexsonid "node976343"
pgloadind     taxon mapping OTT ID 703326 taxonomy "Moravecia hvaleri->Moravecia->Pyronemataceae->Pezizales->Pezizomycetidae->Pezizomycetes->Pezizomycotina->saccharomyceta->Ascomycota->Dikarya->Fungi->Nucletmycea->Opisthokonta->Eukaryota->cellular organisms->life" nexsonid "node976339"
pgloadind     taxon mapping OTT ID 703324 taxonomy "Neottiella aphanodictyon->Neottiella->Pyronemataceae->Pezizales->Pezizomycetidae->Pezizomycetes->Pezizomycotina->saccharomyceta->Ascomycota->Dikarya->Fungi->Nucletmycea->Opisthokonta->Eukaryota->cellular organisms->life" nexsonid "node976347"
pgloadind     taxon mapping OTT ID 179930 taxonomy "Octospora phagospora->Octospora->Pyronemataceae->Pezizales->Pezizomycetidae->Pezizomycetes->Pezizomycotina->saccharomyceta->Ascomycota->Dikarya->Fungi->Nucletmycea->Opisthokonta->Eukaryota->cellular organisms->life" nexsonid "node976348"
pgloadind     taxon mapping OTT ID 703316 taxonomy "Octospora hygrohypnophila->Octospora->Pyronemataceae->Pezizales->Pezizomycetidae->Pezizomycetes->Pezizomycotina->saccharomyceta->Ascomycota->Dikarya->Fungi->Nucletmycea->Opisthokonta->Eukaryota->cellular organisms->life" nexsonid "node976349"
pgloadind     taxon mapping OTT ID 1067427 taxonomy "Octospora lilacina->Octospora->Pyronemataceae->Pezizales->Pezizomycetidae->Pezizomycetes->Pezizomycotina->saccharomyceta->Ascomycota->Dikarya->Fungi->Nucletmycea->Opisthokonta->Eukaryota->cellular organisms->life" nexsonid "node976350"
pgloadind     taxon mapping OTT ID 703322 taxonomy "Leucoscypha leucotricha->Leucoscypha->Pyronemataceae->Pezizales->Pezizomycetidae->Pezizomycetes->Pezizomycotina->saccharomyceta->Ascomycota->Dikarya->Fungi->Nucletmycea->Opisthokonta->Eukaryota->cellular organisms->life" nexsonid "node976354"
pgloadind     taxon mapping OTT ID 754029 taxonomy "Rhodoscypha ovilla->Rhodoscypha->Pyronemataceae->Pezizales->Pezizomycetidae->Pezizomycetes->Pezizomycotina->saccharomyceta->Ascomycota->Dikarya->Fungi->Nucletmycea->Opisthokonta->Eukaryota->cellular organisms->life" nexsonid "node976355"
pgloadind     taxon mapping OTT ID 754028 taxonomy "Rhodotarzetta rosea->Rhodotarzetta->Pyronemataceae->Pezizales->Pezizomycetidae->Pezizomycetes->Pezizomycotina->saccharomyceta->Ascomycota->Dikarya->Fungi->Nucletmycea->Opisthokonta->Eukaryota->cellular organisms->life" nexsonid "node976356"
pgloadind     taxon mapping OTT ID 703325 taxonomy "Neottiella albocincta->Neottiella->Pyronemataceae->Pezizales->Pezizomycetidae->Pezizomycetes->Pezizomycotina->saccharomyceta->Ascomycota->Dikarya->Fungi->Nucletmycea->Opisthokonta->Eukaryota->cellular organisms->life" nexsonid "node976359"
pgloadind     taxon mapping OTT ID 794856 taxonomy "Neottiella rutilans->Neottiella->Pyronemataceae->Pezizales->Pezizomycetidae->Pezizomycetes->Pezizomycotina->saccharomyceta->Ascomycota->Dikarya->Fungi->Nucletmycea->Opisthokonta->Eukaryota->cellular organisms->life" nexsonid "node976360"
pgloadind     taxon mapping OTT ID 179931 taxonomy "Octospora rubens->Octospora->Pyronemataceae->Pezizales->Pezizomycetidae->Pezizomycetes->Pezizomycotina->saccharomyceta->Ascomycota->Dikarya->Fungi->Nucletmycea->Opisthokonta->Eukaryota->cellular organisms->life" nexsonid "node976366"
pgloadind     taxon mapping OTT ID 703315 taxonomy "Octospora leucoloma->Octospora->Pyronemataceae->Pezizales->Pezizomycetidae->Pezizomycetes->Pezizomycotina->saccharomyceta->Ascomycota->Dikarya->Fungi->Nucletmycea->Opisthokonta->Eukaryota->cellular organisms->life" nexsonid "node976364"
pgloadind     taxon mapping OTT ID 181983 taxonomy "Melastiza contorta->Melastiza->Pyronemataceae->Pezizales->Pezizomycetidae->Pezizomycetes->Pezizomycotina->saccharomyceta->Ascomycota->Dikarya->Fungi->Nucletmycea->Opisthokonta->Eukaryota->cellular organisms->life" nexsonid "node976368"
pgloadind     taxon mapping OTT ID 195804 taxonomy "Pseudaleuria quinaultiana->Pseudaleuria->Pyronemataceae->Pezizales->Pezizomycetidae->Pezizomycetes->Pezizomycotina->saccharomyceta->Ascomycota->Dikarya->Fungi->Nucletmycea->Opisthokonta->Eukaryota->cellular organisms->life" nexsonid "node976369"
pgloadind     taxon mapping OTT ID 703320 taxonomy "Melastiza flavorubens->Melastiza->Pyronemataceae->Pezizales->Pezizomycetidae->Pezizomycetes->Pezizomycotina->saccharomyceta->Ascomycota->Dikarya->Fungi->Nucletmycea->Opisthokonta->Eukaryota->cellular organisms->life" nexsonid "node976370"
pgloadind     taxon mapping OTT ID 323729 taxonomy "Pyronema omphalodes->Pyronema->Pyronemataceae->Pezizales->Pezizomycetidae->Pezizomycetes->Pezizomycotina->saccharomyceta->Ascomycota->Dikarya->Fungi->Nucletmycea->Opisthokonta->Eukaryota->cellular organisms->life" nexsonid "node976372"
pgloadind     taxon mapping OTT ID 833553 taxonomy "Pyronema domesticum->Pyronema->Pyronemataceae->Pezizales->Pezizomycetidae->Pezizomycetes->Pezizomycotina->saccharomyceta->Ascomycota->Dikarya->Fungi->Nucletmycea->Opisthokonta->Eukaryota->cellular organisms->life" nexsonid "node976373"
pgloadind     taxon mapping OTT ID 4084073 taxonomy "Paratrichophaea boudieri->Paratrichophaea->Pyronemataceae->Pezizales->Pezizomycetidae->Pezizomycetes->Pezizomycotina->saccharomyceta->Ascomycota->Dikarya->Fungi->Nucletmycea->Opisthokonta->Eukaryota->cellular organisms->life" nexsonid "node976378"
pgloadind     taxon mapping OTT ID 225149 taxonomy "Sowerbyella rhenana->Sowerbyella->Pyronemataceae->Pezizales->Pezizomycetidae->Pezizomycetes->Pezizomycotina->saccharomyceta->Ascomycota->Dikarya->Fungi->Nucletmycea->Opisthokonta->Eukaryota->cellular organisms->life" nexsonid "node976381"
pgloadind     taxon mapping OTT ID 230938 taxonomy "Sowerbyella radiculata->Sowerbyella->Pyronemataceae->Pezizales->Pezizomycetidae->Pezizomycetes->Pezizomycotina->saccharomyceta->Ascomycota->Dikarya->Fungi->Nucletmycea->Opisthokonta->Eukaryota->cellular organisms->life" nexsonid "node976382"
pgloadind     taxon mapping OTT ID 230941 taxonomy "Sowerbyella imperialis->Sowerbyella->Pyronemataceae->Pezizales->Pezizomycetidae->Pezizomycetes->Pezizomycotina->saccharomyceta->Ascomycota->Dikarya->Fungi->Nucletmycea->Opisthokonta->Eukaryota->cellular organisms->life" nexsonid "node976383"
pgloadind     taxon mapping OTT ID 608804 taxonomy "Aleurina imaii->Aleurina->Pyronemataceae->Pezizales->Pezizomycetidae->Pezizomycetes->Pezizomycotina->saccharomyceta->Ascomycota->Dikarya->Fungi->Nucletmycea->Opisthokonta->Eukaryota->cellular organisms->life" nexsonid "node976386"
pgloadind     taxon mapping OTT ID 320127 taxonomy "Arpinia inops->Arpinia->Pyronemataceae->Pezizales->Pezizomycetidae->Pezizomycetes->Pezizomycotina->saccharomyceta->Ascomycota->Dikarya->Fungi->Nucletmycea->Opisthokonta->Eukaryota->cellular organisms->life" nexsonid "node976391"
pgloadind     taxon mapping OTT ID 740994 taxonomy "Otidea alutacea->Otidea->Pyronemataceae->Pezizales->Pezizomycetidae->Pezizomycetes->Pezizomycotina->saccharomyceta->Ascomycota->Dikarya->Fungi->Nucletmycea->Opisthokonta->Eukaryota->cellular organisms->life" nexsonid "node976393"
pgloadind     taxon mapping OTT ID 5303243 taxonomy "Peziza cochleata->Peziza->Pyronemataceae->Pezizales->Pezizomycetidae->Pezizomycetes->Pezizomycotina->saccharomyceta->Ascomycota->Dikarya->Fungi->Nucletmycea->Opisthokonta->Eukaryota->cellular organisms->life" nexsonid "node976398"
pgloadind     taxon mapping OTT ID 537737 taxonomy "Otidea leporina->Otidea->Pyronemataceae->Pezizales->Pezizomycetidae->Pezizomycetes->Pezizomycotina->saccharomyceta->Ascomycota->Dikarya->Fungi->Nucletmycea->Opisthokonta->Eukaryota->cellular organisms->life" nexsonid "node976400"
pgloadind     taxon mapping OTT ID 633896 taxonomy "Otidea rainierensis->Otidea->Pyronemataceae->Pezizales->Pezizomycetidae->Pezizomycetes->Pezizomycotina->saccharomyceta->Ascomycota->Dikarya->Fungi->Nucletmycea->Opisthokonta->Eukaryota->cellular organisms->life" nexsonid "node976402"
pgloadind     taxon mapping OTT ID 454763 taxonomy "Otidea onotica->Otidea->Pyronemataceae->Pezizales->Pezizomycetidae->Pezizomycetes->Pezizomycotina->saccharomyceta->Ascomycota->Dikarya->Fungi->Nucletmycea->Opisthokonta->Eukaryota->cellular organisms->life" nexsonid "node976403"
pgloadind     taxon mapping OTT ID 5303477 taxonomy "Flavoscypha cantharella->Otidea->Pyronemataceae->Pezizales->Pezizomycetidae->Pezizomycetes->Pezizomycotina->saccharomyceta->Ascomycota->Dikarya->Fungi->Nucletmycea->Opisthokonta->Eukaryota->cellular organisms->life" nexsonid "node976404"
pgloadind     taxon mapping OTT ID 281263 taxonomy "Warcupia terrestris->Warcupia->Pyronemataceae->Pezizales->Pezizomycetidae->Pezizomycetes->Pezizomycotina->saccharomyceta->Ascomycota->Dikarya->Fungi->Nucletmycea->Opisthokonta->Eukaryota->cellular organisms->life" nexsonid "node976405"
pgloadind     taxon mapping OTT ID 136762 taxonomy "Smardaea reticulosperma->Smardaea->Pyronemataceae->Pezizales->Pezizomycetidae->Pezizomycetes->Pezizomycotina->saccharomyceta->Ascomycota->Dikarya->Fungi->Nucletmycea->Opisthokonta->Eukaryota->cellular organisms->life" nexsonid "node976408"
pgloadind     taxon mapping OTT ID 35643 taxonomy "Smardaea amethystina->Smardaea->Pyronemataceae->Pezizales->Pezizomycetidae->Pezizomycetes->Pezizomycotina->saccharomyceta->Ascomycota->Dikarya->Fungi->Nucletmycea->Opisthokonta->Eukaryota->cellular organisms->life" nexsonid "node976409"
pgloadind     taxon mapping OTT ID 269891 taxonomy "Jafnea fusicarpa->Jafnea->Pyronemataceae->Pezizales->Pezizomycetidae->Pezizomycetes->Pezizomycotina->saccharomyceta->Ascomycota->Dikarya->Fungi->Nucletmycea->Opisthokonta->Eukaryota->cellular organisms->life" nexsonid "node976411"
pgloadind     taxon mapping OTT ID 123456 taxonomy "Pyropyxis rubra->Pyropyxis->Pyronemataceae->Pezizales->Pezizomycetidae->Pezizomycetes->Pezizomycotina->saccharomyceta->Ascomycota->Dikarya->Fungi->Nucletmycea->Opisthokonta->Eukaryota->cellular organisms->life" nexsonid "node976412"
pgloadind     taxon mapping OTT ID 377463 taxonomy "Ascodesmis nigricans->Ascodesmis->Ascodesmidaceae->Pezizales->Pezizomycetidae->Pezizomycetes->Pezizomycotina->saccharomyceta->Ascomycota->Dikarya->Fungi->Nucletmycea->Opisthokonta->Eukaryota->cellular organisms->life" nexsonid "node976418"
pgloadind     taxon mapping OTT ID 1071527 taxonomy "Eleutherascus lectardii->Eleutherascus->Ascodesmidaceae->Pezizales->Pezizomycetidae->Pezizomycetes->Pezizomycotina->saccharomyceta->Ascomycota->Dikarya->Fungi->Nucletmycea->Opisthokonta->Eukaryota->cellular organisms->life" nexsonid "node976419"
pgloadind     taxon mapping OTT ID 518137 taxonomy "Eleutherascus peruvianus->Eleutherascus->Ascodesmidaceae->Pezizales->Pezizomycetidae->Pezizomycetes->Pezizomycotina->saccharomyceta->Ascomycota->Dikarya->Fungi->Nucletmycea->Opisthokonta->Eukaryota->cellular organisms->life" nexsonid "node976420"
pgloadind     taxon mapping OTT ID 796903 taxonomy "Lasiobolus ciliatus->Lasiobolus->Ascodesmidaceae->Pezizales->Pezizomycetidae->Pezizomycetes->Pezizomycotina->saccharomyceta->Ascomycota->Dikarya->Fungi->Nucletmycea->Opisthokonta->Eukaryota->cellular organisms->life" nexsonid "node976422"
pgloadind     taxon mapping OTT ID 377437 taxonomy "Lasiobolus cuniculi->Lasiobolus->Ascodesmidaceae->Pezizales->Pezizomycetidae->Pezizomycetes->Pezizomycotina->saccharomyceta->Ascomycota->Dikarya->Fungi->Nucletmycea->Opisthokonta->Eukaryota->cellular organisms->life" nexsonid "node976423"
pgloadind     taxon mapping OTT ID 4084040 taxonomy "Lazuardia lobata->Lazuardia->Pyronemataceae->Pezizales->Pezizomycetidae->Pezizomycetes->Pezizomycotina->saccharomyceta->Ascomycota->Dikarya->Fungi->Nucletmycea->Opisthokonta->Eukaryota->cellular organisms->life" nexsonid "node976426"
pgloadind     taxon mapping OTT ID 179906 taxonomy "Pulvinula globifera->Pulvinula->Pezizales->Pezizomycetidae->Pezizomycetes->Pezizomycotina->saccharomyceta->Ascomycota->Dikarya->Fungi->Nucletmycea->Opisthokonta->Eukaryota->cellular organisms->life" nexsonid "node976427"
pgloadind     taxon mapping OTT ID 1059773 taxonomy "Pulvinula archeri->Pulvinula->Pezizales->Pezizomycetidae->Pezizomycetes->Pezizomycotina->saccharomyceta->Ascomycota->Dikarya->Fungi->Nucletmycea->Opisthokonta->Eukaryota->cellular organisms->life" nexsonid "node976429"
pgloadind     taxon mapping OTT ID 920415 taxonomy "Pulvinula convexella->Pulvinula->Pezizales->Pezizomycetidae->Pezizomycetes->Pezizomycotina->saccharomyceta->Ascomycota->Dikarya->Fungi->Nucletmycea->Opisthokonta->Eukaryota->cellular organisms->life" nexsonid "node976431"
pgloadind     taxon mapping OTT ID 804902 taxonomy "Stephensia shanorii->Stephensia->Pyronemataceae->Pezizales->Pezizomycetidae->Pezizomycetes->Pezizomycotina->saccharomyceta->Ascomycota->Dikarya->Fungi->Nucletmycea->Opisthokonta->Eukaryota->cellular organisms->life" nexsonid "node976443"
pgloadind     taxon mapping OTT ID 478567 taxonomy "Tarzetta catinus->Tarzetta->Pyronemataceae->Pezizales->Pezizomycetidae->Pezizomycetes->Pezizomycotina->saccharomyceta->Ascomycota->Dikarya->Fungi->Nucletmycea->Opisthokonta->Eukaryota->cellular organisms->life" nexsonid "node976446"
pgloadind     taxon mapping OTT ID 804900 taxonomy "Tarzetta spurcata->Tarzetta->Pyronemataceae->Pezizales->Pezizomycetidae->Pezizomycetes->Pezizomycotina->saccharomyceta->Ascomycota->Dikarya->Fungi->Nucletmycea->Opisthokonta->Eukaryota->cellular organisms->life" nexsonid "node976447"
pgloadind     taxon mapping OTT ID 804901 taxonomy "Tarzetta gaillardiana->Tarzetta->Pyronemataceae->Pezizales->Pezizomycetidae->Pezizomycetes->Pezizomycotina->saccharomyceta->Ascomycota->Dikarya->Fungi->Nucletmycea->Opisthokonta->Eukaryota->cellular organisms->life" nexsonid "node976449"
pgloadind     taxon mapping OTT ID 920412 taxonomy "Tarzetta pusilla->Tarzetta->Pyronemataceae->Pezizales->Pezizomycetidae->Pezizomycetes->Pezizomycotina->saccharomyceta->Ascomycota->Dikarya->Fungi->Nucletmycea->Opisthokonta->Eukaryota->cellular organisms->life" nexsonid "node976450"
pgloadind     taxon mapping OTT ID 533525 taxonomy "Geopyxis carbonaria->Geopyxis->Pyronemataceae->Pezizales->Pezizomycetidae->Pezizomycetes->Pezizomycotina->saccharomyceta->Ascomycota->Dikarya->Fungi->Nucletmycea->Opisthokonta->Eukaryota->cellular organisms->life" nexsonid "node976438"
pgloadind     taxon mapping OTT ID 793395 taxonomy "Geopyxis vulcanalis->Geopyxis->Pyronemataceae->Pezizales->Pezizomycetidae->Pezizomycetes->Pezizomycotina->saccharomyceta->Ascomycota->Dikarya->Fungi->Nucletmycea->Opisthokonta->Eukaryota->cellular organisms->life" nexsonid "node976439"
pgloadind     taxon mapping OTT ID 804903 taxonomy "Stephensia bombycina->Stephensia->Pyronemataceae->Pezizales->Pezizomycetidae->Pezizomycetes->Pezizomycotina->saccharomyceta->Ascomycota->Dikarya->Fungi->Nucletmycea->Opisthokonta->Eukaryota->cellular organisms->life" nexsonid "node976440"
pgloadind     taxon mapping OTT ID 602202 taxonomy "Paurocotylis pila->Paurocotylis->Pyronemataceae->Pezizales->Pezizomycetidae->Pezizomycetes->Pezizomycotina->saccharomyceta->Ascomycota->Dikarya->Fungi->Nucletmycea->Opisthokonta->Eukaryota->cellular organisms->life" nexsonid "node976441"
pgloadind     taxon mapping OTT ID 1071526 taxonomy "Lasiobolidium orbiculoides->Lasiobolidium->Pyronemataceae->Pezizales->Pezizomycetidae->Pezizomycetes->Pezizomycotina->saccharomyceta->Ascomycota->Dikarya->Fungi->Nucletmycea->Opisthokonta->Eukaryota->cellular organisms->life" nexsonid "node976452"
pgloadind     taxon mapping OTT ID 920418 taxonomy "Orbicula parietina->Orbicula->Pyronemataceae->Pezizales->Pezizomycetidae->Pezizomycetes->Pezizomycotina->saccharomyceta->Ascomycota->Dikarya->Fungi->Nucletmycea->Opisthokonta->Eukaryota->cellular organisms->life" nexsonid "node976455"
pgloadind     taxon mapping OTT ID 920417 taxonomy "Pseudombrophila theioleuca->Pseudombrophila->Pyronemataceae->Pezizales->Pezizomycetidae->Pezizomycetes->Pezizomycotina->saccharomyceta->Ascomycota->Dikarya->Fungi->Nucletmycea->Opisthokonta->Eukaryota->cellular organisms->life" nexsonid "node976456"
pgloadind     taxon mapping OTT ID 886418 taxonomy "Pseudombrophila merdaria->Pseudombrophila->Pyronemataceae->Pezizales->Pezizomycetidae->Pezizomycetes->Pezizomycotina->saccharomyceta->Ascomycota->Dikarya->Fungi->Nucletmycea->Opisthokonta->Eukaryota->cellular organisms->life" nexsonid "node976458"
pgloadind     taxon mapping OTT ID 886417 taxonomy "Pseudombrophila guldeniae->Pseudombrophila->Pyronemataceae->Pezizales->Pezizomycetidae->Pezizomycetes->Pezizomycotina->saccharomyceta->Ascomycota->Dikarya->Fungi->Nucletmycea->Opisthokonta->Eukaryota->cellular organisms->life" nexsonid "node976459"
pgloadind     taxon mapping OTT ID 807468 taxonomy "Donadinia->Sarcosomataceae->Pezizales->Pezizomycetidae->Pezizomycetes->Pezizomycotina->saccharomyceta->Ascomycota->Dikarya->Fungi->Nucletmycea->Opisthokonta->Eukaryota->cellular organisms->life" nexsonid "node976476"
pgloadind     taxon mapping OTT ID 1096183 taxonomy "Plectania nannfeldtii->Plectania->Sarcosomataceae->Pezizales->Pezizomycetidae->Pezizomycetes->Pezizomycotina->saccharomyceta->Ascomycota->Dikarya->Fungi->Nucletmycea->Opisthokonta->Eukaryota->cellular organisms->life" nexsonid "node976477"
pgloadind     taxon mapping OTT ID 283843 taxonomy "Urnula craterium->Urnula->Sarcosomataceae->Pezizales->Pezizomycetidae->Pezizomycetes->Pezizomycotina->saccharomyceta->Ascomycota->Dikarya->Fungi->Nucletmycea->Opisthokonta->Eukaryota->cellular organisms->life" nexsonid "node976478"
pgloadind     taxon mapping OTT ID 283845 taxonomy "Pseudoplectania nigrella->Pseudoplectania->Sarcosomataceae->Pezizales->Pezizomycetidae->Pezizomycetes->Pezizomycotina->saccharomyceta->Ascomycota->Dikarya->Fungi->Nucletmycea->Opisthokonta->Eukaryota->cellular organisms->life" nexsonid "node976479"
pgloadind     taxon mapping OTT ID 283841 taxonomy "Neournula pouchetii->Neournula->Chorioactidaceae->Pezizales->Pezizomycetidae->Pezizomycetes->Pezizomycotina->saccharomyceta->Ascomycota->Dikarya->Fungi->Nucletmycea->Opisthokonta->Eukaryota->cellular organisms->life" nexsonid "node976471"
pgloadind     taxon mapping OTT ID 283848 taxonomy "Chorioactis geaster->Chorioactis->Chorioactidaceae->Pezizales->Pezizomycetidae->Pezizomycetes->Pezizomycotina->saccharomyceta->Ascomycota->Dikarya->Fungi->Nucletmycea->Opisthokonta->Eukaryota->cellular organisms->life" nexsonid "node976469"
pgloadind     taxon mapping OTT ID 980746 taxonomy "Cookeina tricholoma->Cookeina->Sarcoscyphaceae->Pezizales->Pezizomycetidae->Pezizomycetes->Pezizomycotina->saccharomyceta->Ascomycota->Dikarya->Fungi->Nucletmycea->Opisthokonta->Eukaryota->cellular organisms->life" nexsonid "node976482"
pgloadind     taxon mapping OTT ID 454766 taxonomy "Microstoma floccosum->Microstoma->Sarcoscyphaceae->Pezizales->Pezizomycetidae->Pezizomycetes->Pezizomycotina->saccharomyceta->Ascomycota->Dikarya->Fungi->Nucletmycea->Opisthokonta->Eukaryota->cellular organisms->life" nexsonid "node976483"
pgloadind     taxon mapping OTT ID 454764 taxonomy "Nanoscypha tetraspora->Nanoscypha->Sarcoscyphaceae->Pezizales->Pezizomycetidae->Pezizomycetes->Pezizomycotina->saccharomyceta->Ascomycota->Dikarya->Fungi->Nucletmycea->Opisthokonta->Eukaryota->cellular organisms->life" nexsonid "node976485"
pgloadind     taxon mapping OTT ID 904665 taxonomy "Phillipsia crispata->Phillipsia->Sarcoscyphaceae->Pezizales->Pezizomycetidae->Pezizomycetes->Pezizomycotina->saccharomyceta->Ascomycota->Dikarya->Fungi->Nucletmycea->Opisthokonta->Eukaryota->cellular organisms->life" nexsonid "node976486"
pgloadind     taxon mapping OTT ID 454755 taxonomy "Pseudopithyella minuscula->Pseudopithyella->Sarcoscyphaceae->Pezizales->Pezizomycetidae->Pezizomycetes->Pezizomycotina->saccharomyceta->Ascomycota->Dikarya->Fungi->Nucletmycea->Opisthokonta->Eukaryota->cellular organisms->life" nexsonid "node976488"
pgloadind     taxon mapping OTT ID 538620 taxonomy "Sarcoscypha coccinea->Sarcoscypha->Sarcoscyphaceae->Pezizales->Pezizomycetidae->Pezizomycetes->Pezizomycotina->saccharomyceta->Ascomycota->Dikarya->Fungi->Nucletmycea->Opisthokonta->Eukaryota->cellular organisms->life" nexsonid "node976489"
pgloadind     taxon mapping OTT ID 786231 taxonomy "Glaziella aurantiaca->Glaziella->Glaziellaceae->Pezizales->Pezizomycetidae->Pezizomycetes->Pezizomycotina->saccharomyceta->Ascomycota->Dikarya->Fungi->Nucletmycea->Opisthokonta->Eukaryota->cellular organisms->life" nexsonid "node976490"
pgloadind     taxon mapping OTT ID 64971 taxonomy "Strobiloscypha keliae->Strobiloscypha->Pezizales->Pezizomycetidae->Pezizomycetes->Pezizomycotina->saccharomyceta->Ascomycota->Dikarya->Fungi->Nucletmycea->Opisthokonta->Eukaryota->cellular organisms->life" nexsonid "node976491"
pgloadind     taxon mapping OTT ID 320120 taxonomy "Boubovia luteola->Boubovia->Pezizales->Pezizomycetidae->Pezizomycetes->Pezizomycotina->saccharomyceta->Ascomycota->Dikarya->Fungi->Nucletmycea->Opisthokonta->Eukaryota->cellular organisms->life" nexsonid "node976461"
done fixing name
pgloadind Finished with attempts to fix names
pgloadind   Checking for uniqueness of OTT IDs tree id "5658"
pgloadind   Adding tree to graph tree id "5658"
all trees have all taxa: false
	using bipartition technique
attempting to remap tips to deepest exemplified taxa
	Ramsbottomia asperior was remapped to 'Ramsbottomia' (id=240661)
	Rhodotarzetta rosea was remapped to 'Rhodotarzetta' (id=240679)
	Gyromitra esculenta was remapped to 'Gyromitra' (id=234788)
	Pyropyxis rubra was remapped to 'Pyropyxis' (id=237313)
	Paratrichophaea boudieri was remapped to 'Paratrichophaea' (id=237304)
	Arpinia inops was remapped to 'Arpinia' (id=239138)
	Pseudaleuria quinaultiana was remapped to 'Pseudaleuria' (id=237259)
	Rhodoscypha ovilla was remapped to 'Rhodoscypha' (id=240672)
	Leucoscypha leucotricha was remapped to 'Leucoscypha' (id=239994)
	Tuber gibbosum was remapped to 'Tuber' (id=241590)
	Moravecia hvaleri was remapped to 'Moravecia' (id=237241)
	Sphaerosporella brunnea was remapped to 'Sphaerosporella' (id=241174)
	Hydnotrya cerebriformis was remapped to 'Hydnotrya' (id=234879)
	Verpa conica was remapped to 'Verpa' (id=235903)
	Strobiloscypha keliae was remapped to 'Strobiloscypha' (id=242554)
	Pachyella babingtonii was remapped to 'Pachyella' (id=236323)
	Phillipsia crispata was remapped to 'Phillipsia' (id=236669)
	Spooneromyces laeticolor was remapped to 'Spooneromyces' (id=237269)
	Pseudopithyella minuscula was remapped to 'Pseudopithyella' (id=236825)
	Morchella elata was remapped to 'Morchella' (id=235536)
	Parascutellinia carneosanguinea was remapped to 'Parascutellinia' (id=240495)
	Pseudoplectania nigrella was remapped to 'Pseudoplectania' (id=237121)
	Neournula pouchetii was remapped to 'Neournula' (id=243186)
	Choiromyces venosus was remapped to 'Choiromyces' (id=242114)
	Chorioactis geaster was remapped to 'Chorioactis' (id=243180)
	Rhizina undulata was remapped to 'Rhizinaceae' (id=241538)
	Thelebolus terrestris was remapped to 'Leotiomyceta' (id=834)
	Glaziella aurantiaca was remapped to 'Glaziellaceae' (id=242187)
	Microstoma floccosum was remapped to 'Microstoma' (id=236697)
	Barssia oregonensis was remapped to 'Barssia' (id=234979)
	Marcelleina tuberculispora was remapped to 'Marcelleina' (id=236283)
	Boubovia luteola was remapped to 'Boubovia' (id=242221)
	Kotlabaea deformis was remapped to 'Kotlabaea' (id=239804)
	Jafnea fusicarpa was remapped to 'Jafnea' (id=239793)
	Amylascus tasmanicus was remapped to 'Amylascus' (id=236186)
	Ascobolus lineolatus was remapped to 'Ascobolaceae' (id=234222)
	Lazuardia lobata was remapped to 'Lazuardia' (id=237247)
	Helvella lacunosa was remapped to 'Helvella' (id=234990)
	Aleurina imaii was remapped to 'Aleurina' (id=237316)
	Nanoscypha tetraspora was remapped to 'Nanoscypha' (id=236788)
	Sarcoscypha coccinea was remapped to 'Sarcoscypha' (id=236830)
	Caloscypha fulgens was remapped to 'Caloscyphaceae' (id=242200)
	Plectania nannfeldtii was remapped to 'Plectania' (id=237048)
	Gilkeya compacta was remapped to 'Gilkeya' (id=237382)
	Ascodesmis nigricans was remapped to 'Ascodesmis' (id=234708)
	Orbicula parietina was remapped to 'Orbicula' (id=240350)
	Miladina lecithina was remapped to 'Miladina' (id=240051)
	Urnula craterium was remapped to 'Urnula' (id=237170)
	Cookeina tricholoma was remapped to 'Cookeina' (id=236739)
	Warcupia terrestris was remapped to 'Warcupia' (id=241387)
	Paurocotylis pila was remapped to 'Paurocotylis' (id=240507)
this is the ROOT
placing root in index
Dealing with metadata property: id
Dealing with metadata property: ot:studyPublicationReference
Adding property 'ot:studyPublicationReference': Perry B., Hansen K., & Pfister D. 2007. A phylogenetic overview of the family Pyronemataceae (Ascomycota, Pezizales). Mycological Research, (5): 549-571.
Dealing with metadata property: ot:focalCladeOTTTaxonName
Adding property 'ot:focalCladeOTTTaxonName': Pyronemataceae
Dealing with metadata property: ot:studyYear
Adding property 'ot:studyYear': 2007
Dealing with metadata property: ot:inGroupClade
Adding property 'ot:inGroupClade': node976135
Dealing with metadata property: ot:curatorName
Adding property 'ot:curatorName': Romina Gazis
Dealing with metadata property: ot:studyPublication
Adding property 'ot:studyPublication': http://dx.doi.org/10.1016/j.mycres.2007.03.014
Dealing with metadata property: ot:focalClade
Adding property 'ot:focalClade': 620530
Dealing with metadata property: ot:curatedType
Adding property 'ot:curatedType': BI, LSU (rooted)
Dealing with metadata property: ot:studyId
Adding property 'ot:studyId': 791
Dealing with metadata property: ot:dataDeposit
Adding property 'ot:dataDeposit': http://purl.org/phylo/treebase/phylows/study/TB2:S1809
Committing nodes: 264
