pgloadind OTUs number 77
pgloadind Processing tree @id "1585"
pgloadind   tree info number nodes 139
pgloadind   tree info number edges 138
pgloadind   tree info ingroup "node466219"
pgloadind   Setting ingroup root node.
pgloadind   Ingested tree number of external nodes 45
pgloadind   property added ot:studyPublicationReference "Porter T.M., Martin W., James T.Y., Longcore J.E., Gleason F.H., Adler P.H., Letcher P.M., & Vilgalys R. 2011. Molecular phylogeny of the Blastocladiomycota (Fungi) based on nuclear ribosomal DNA. Fungal Biology, 115 (4-5): 381-392."
pgloadind   property added ot:studyPublication "http://dx.doi.org/10.1016/j.funbio.2011.02.004"
pgloadind   property added ot:curatorName "Romina Gazis"
pgloadind   property added ot:dataDeposit "http://purl.org/phylo/treebase/phylows/study/TB2:S11216"
pgloadind   property added ot:studyId "827"
pgloadind   property added ot:studyYear "2011"
pgloadind   property added ot:focalClade "989769"
pgloadind   property added ot:focalCladeOTTTaxonName "Blastocladiomycota"
pgloadind   property added ot:inGroupClade "node466219"
pgloadind   property added ot:curatedType "BI, SSU + 5.8S + LSU"
pgloadind Processing tree @id "1586"
pgloadind   tree info number nodes 37
pgloadind   tree info number edges 36
pgloadind   tree info ingroup "node466356"
pgloadind   Setting ingroup root node.
pgloadind   Ingested tree number of external nodes 16
pgloadind   property added ot:studyPublicationReference "Porter T.M., Martin W., James T.Y., Longcore J.E., Gleason F.H., Adler P.H., Letcher P.M., & Vilgalys R. 2011. Molecular phylogeny of the Blastocladiomycota (Fungi) based on nuclear ribosomal DNA. Fungal Biology, 115 (4-5): 381-392."
pgloadind   property added ot:studyPublication "http://dx.doi.org/10.1016/j.funbio.2011.02.004"
pgloadind   property added ot:curatorName "Romina Gazis"
pgloadind   property added ot:dataDeposit "http://purl.org/phylo/treebase/phylows/study/TB2:S11216"
pgloadind   property added ot:studyId "827"
pgloadind   property added ot:studyYear "2011"
pgloadind   property added ot:focalClade "989769"
pgloadind   property added ot:focalCladeOTTTaxonName "Blastocladiomycota"
pgloadind   property added ot:inGroupClade "node466356"
pgloadind   property added ot:curatedType "BI, SSU + 5.8S + LSU"
pgloadind Processing tree @id "1587"
pgloadind   tree info number nodes 15
pgloadind   tree info number edges 14
pgloadind   tree info ingroup "node466392"
pgloadind   Setting ingroup root node.
pgloadind   Ingested tree number of external nodes 7
pgloadind   property added ot:studyPublicationReference "Porter T.M., Martin W., James T.Y., Longcore J.E., Gleason F.H., Adler P.H., Letcher P.M., & Vilgalys R. 2011. Molecular phylogeny of the Blastocladiomycota (Fungi) based on nuclear ribosomal DNA. Fungal Biology, 115 (4-5): 381-392."
pgloadind   property added ot:studyPublication "http://dx.doi.org/10.1016/j.funbio.2011.02.004"
pgloadind   property added ot:curatorName "Romina Gazis"
pgloadind   property added ot:dataDeposit "http://purl.org/phylo/treebase/phylows/study/TB2:S11216"
pgloadind   property added ot:studyId "827"
pgloadind   property added ot:studyYear "2011"
pgloadind   property added ot:focalClade "989769"
pgloadind   property added ot:focalCladeOTTTaxonName "Blastocladiomycota"
pgloadind   property added ot:inGroupClade "node466392"
pgloadind   property added ot:curatedType "BI, SSU"
loading a specific tree: 1587
skipping tree: 1585
skipping tree: 1586
pgloadind conducting TNRS on trees
pgloadind   name fixing on tree tree id "1587"
pgloadind     OTT ID missing name "Urophlyctis trifolii" nexsonid "node466401"
pgloadind     OTT ID missing name "Urophlyctis pulposa ex Atriplex" nexsonid "node466403"
pgloadind     OTT ID missing name "Urophlyctis pulposa ex Chenopodium" nexsonid "node466404"
pgloadind   TNRS unmatched total number 2
pgloadind     TNRS resolved ottId OTT ID 173313 name "Physoderma trifolii" searched on "Urophlyctis trifolii" nexsonid "node466401"
pgloadind     pruning unmapped name "Urophlyctis pulposa ex Atriplex" nexsonid "node466403"
pgloadind     pruning unmapped name "Urophlyctis pulposa ex Chenopodium" nexsonid "node466404"
pgloadind   postpruning newick tree "((Physoderma_maculare,(Physoderma_maydis,(Physoderma_dulichii,Physoderma_lycopi))),Urophlyctis_trifolii)"
pgloadind   taxon mapping summary
pgloadind     taxon mapping OTT ID 513359 taxonomy "Physoderma maculare->Physoderma->Physodermataceae->Blastocladiales->Blastocladiomycota->Fungi->Nucletmycea->Opisthokonta->Eukaryota->cellular organisms->life" nexsonid "node466394"
pgloadind     taxon mapping OTT ID 260279 taxonomy "Physoderma maydis->Physoderma->Physodermataceae->Blastocladiales->Blastocladiomycota->Fungi->Nucletmycea->Opisthokonta->Eukaryota->cellular organisms->life" nexsonid "node466396"
pgloadind     taxon mapping OTT ID 665431 taxonomy "Physoderma dulichii->Physoderma->Physodermataceae->Blastocladiales->Blastocladiomycota->Fungi->Nucletmycea->Opisthokonta->Eukaryota->cellular organisms->life" nexsonid "node466398"
pgloadind     taxon mapping OTT ID 173321 taxonomy "Physoderma lycopi->Physoderma->Physodermataceae->Blastocladiales->Blastocladiomycota->Fungi->Nucletmycea->Opisthokonta->Eukaryota->cellular organisms->life" nexsonid "node466399"
pgloadind     taxon mapping OTT ID 173313 taxonomy "Physoderma trifolii->Physoderma->Physodermataceae->Blastocladiales->Blastocladiomycota->Fungi->Nucletmycea->Opisthokonta->Eukaryota->cellular organisms->life" nexsonid "node466401"
done fixing name
pgloadind Finished with attempts to fix names
pgloadind   Checking for uniqueness of OTT IDs tree id "1587"
pgloadind   Adding tree to graph tree id "1587"
all trees have all taxa: false
	using bipartition technique
attempting to remap tips to deepest exemplified taxa
this is the ROOT
placing root in index
Dealing with metadata property: id
Dealing with metadata property: ot:studyPublicationReference
Adding property 'ot:studyPublicationReference': Porter T.M., Martin W., James T.Y., Longcore J.E., Gleason F.H., Adler P.H., Letcher P.M., & Vilgalys R. 2011. Molecular phylogeny of the Blastocladiomycota (Fungi) based on nuclear ribosomal DNA. Fungal Biology, 115 (4-5): 381-392.
Dealing with metadata property: ot:focalCladeOTTTaxonName
Adding property 'ot:focalCladeOTTTaxonName': Blastocladiomycota
Dealing with metadata property: ot:studyYear
Adding property 'ot:studyYear': 2011
Dealing with metadata property: ot:inGroupClade
Adding property 'ot:inGroupClade': node466392
Dealing with metadata property: ot:curatorName
Adding property 'ot:curatorName': Romina Gazis
Dealing with metadata property: ot:studyPublication
Adding property 'ot:studyPublication': http://dx.doi.org/10.1016/j.funbio.2011.02.004
Dealing with metadata property: ot:focalClade
Adding property 'ot:focalClade': 989769
Dealing with metadata property: ot:curatedType
Adding property 'ot:curatedType': BI, SSU
Dealing with metadata property: ot:studyId
Adding property 'ot:studyId': 827
Dealing with metadata property: ot:dataDeposit
Adding property 'ot:dataDeposit': http://purl.org/phylo/treebase/phylows/study/TB2:S11216
Committing nodes: 9
