pgloadind OTUs number 73
pgloadind Processing tree @id "1690"
pgloadind   tree info number nodes 123
pgloadind   tree info number edges 122
pgloadind   Ingested tree number of external nodes 62
pgloadind   property added ot:studyPublicationReference "Eberhardt U. 2002. Molecular kinship analyses of the agaricoid Russulaceae: correspondence with mycorrhizal anatomy and sporocarp features in the genus Russula. Mycological Progress, 1(2): 201-223."
pgloadind   property added ot:studyPublication "http://dx.doi.org/10.1007/s11557-006-0019-6"
pgloadind   property added ot:curatorName "Romina Gazis"
pgloadind   property added ot:dataDeposit "http://purl.org/phylo/treebase/phylows/study/TB2:S840"
pgloadind   property added ot:studyId "877"
pgloadind   property added ot:studyYear "2002"
pgloadind   property added ot:focalClade "611411"
pgloadind   property added ot:focalCladeOTTTaxonName "Russula"
pgloadind   property added ot:curatedType "ML, LSU"
pgloadind Processing tree @id "1691"
pgloadind   tree info number nodes 114
pgloadind   tree info number edges 113
pgloadind   tree info ingroup "node477342"
pgloadind   Setting ingroup root node.
pgloadind   Ingested tree number of external nodes 61
pgloadind   property added ot:studyPublicationReference "Eberhardt U. 2002. Molecular kinship analyses of the agaricoid Russulaceae: correspondence with mycorrhizal anatomy and sporocarp features in the genus Russula. Mycological Progress, 1(2): 201-223."
pgloadind   property added ot:studyPublication "http://dx.doi.org/10.1007/s11557-006-0019-6"
pgloadind   property added ot:curatorName "Romina Gazis"
pgloadind   property added ot:dataDeposit "http://purl.org/phylo/treebase/phylows/study/TB2:S840"
pgloadind   property added ot:studyId "877"
pgloadind   property added ot:studyYear "2002"
pgloadind   property added ot:focalClade "611411"
pgloadind   property added ot:focalCladeOTTTaxonName "Russula"
pgloadind   property added ot:inGroupClade "node477342"
pgloadind   property added ot:curatedType "MP, LSU"
pgloadind Processing tree @id "1692"
pgloadind   tree info number nodes 113
pgloadind   tree info number edges 112
pgloadind   tree info ingroup "node477456"
pgloadind   Setting ingroup root node.
pgloadind   Ingested tree number of external nodes 61
pgloadind   property added ot:studyPublicationReference "Eberhardt U. 2002. Molecular kinship analyses of the agaricoid Russulaceae: correspondence with mycorrhizal anatomy and sporocarp features in the genus Russula. Mycological Progress, 1(2): 201-223."
pgloadind   property added ot:studyPublication "http://dx.doi.org/10.1007/s11557-006-0019-6"
pgloadind   property added ot:curatorName "Romina Gazis"
pgloadind   property added ot:dataDeposit "http://purl.org/phylo/treebase/phylows/study/TB2:S840"
pgloadind   property added ot:studyId "877"
pgloadind   property added ot:studyYear "2002"
pgloadind   property added ot:focalClade "611411"
pgloadind   property added ot:focalCladeOTTTaxonName "Russula"
pgloadind   property added ot:inGroupClade "node477456"
pgloadind   property added ot:curatedType "NJ, LSU"
pgloadind Processing tree @id "1693"
pgloadind Tree tagged as deprecated. Ignoring. @id "1693"
pgloadind Processing tree @id "1694"
pgloadind   tree info number nodes 51
pgloadind   tree info number edges 50
pgloadind   Ingested tree number of external nodes 26
pgloadind   property added ot:studyPublicationReference "Eberhardt U. 2002. Molecular kinship analyses of the agaricoid Russulaceae: correspondence with mycorrhizal anatomy and sporocarp features in the genus Russula. Mycological Progress, 1(2): 201-223."
pgloadind   property added ot:studyPublication "http://dx.doi.org/10.1007/s11557-006-0019-6"
pgloadind   property added ot:curatorName "Romina Gazis"
pgloadind   property added ot:dataDeposit "http://purl.org/phylo/treebase/phylows/study/TB2:S840"
pgloadind   property added ot:studyId "877"
pgloadind   property added ot:studyYear "2002"
pgloadind   property added ot:focalClade "611411"
pgloadind   property added ot:focalCladeOTTTaxonName "Russula"
pgloadind   property added ot:curatedType "ML, ITS (unrooted)"
pgloadind Processing tree @id "5506"
pgloadind   tree info number nodes 123
pgloadind   tree info number edges 122
pgloadind   tree info ingroup "node950022"
pgloadind   Setting ingroup root node.
pgloadind   Ingested tree number of external nodes 61
pgloadind   property added ot:studyPublicationReference "Eberhardt U. 2002. Molecular kinship analyses of the agaricoid Russulaceae: correspondence with mycorrhizal anatomy and sporocarp features in the genus Russula. Mycological Progress, 1(2): 201-223."
pgloadind   property added ot:studyPublication "http://dx.doi.org/10.1007/s11557-006-0019-6"
pgloadind   property added ot:curatorName "Romina Gazis"
pgloadind   property added ot:dataDeposit "http://purl.org/phylo/treebase/phylows/study/TB2:S840"
pgloadind   property added ot:studyId "877"
pgloadind   property added ot:studyYear "2002"
pgloadind   property added ot:focalClade "611411"
pgloadind   property added ot:focalCladeOTTTaxonName "Russula"
pgloadind   property added ot:inGroupClade "node950022"
pgloadind   property added ot:tag "Choose me"
pgloadind   property added ot:curatedType "ML, LSU (rooted)"
pgloadind Processing tree @id "5719"
pgloadind   tree info number nodes 23
pgloadind   tree info number edges 22
pgloadind   tree info ingroup "node982209"
pgloadind   Setting ingroup root node.
pgloadind   Ingested tree number of external nodes 12
pgloadind   property added ot:studyPublicationReference "Eberhardt U. 2002. Molecular kinship analyses of the agaricoid Russulaceae: correspondence with mycorrhizal anatomy and sporocarp features in the genus Russula. Mycological Progress, 1(2): 201-223."
pgloadind   property added ot:studyPublication "http://dx.doi.org/10.1007/s11557-006-0019-6"
pgloadind   property added ot:curatorName "Romina Gazis"
pgloadind   property added ot:dataDeposit "http://purl.org/phylo/treebase/phylows/study/TB2:S840"
pgloadind   property added ot:studyId "877"
pgloadind   property added ot:studyYear "2002"
pgloadind   property added ot:focalClade "611411"
pgloadind   property added ot:focalCladeOTTTaxonName "Russula"
pgloadind   property added ot:inGroupClade "node982209"
pgloadind   property added ot:curatedType "ML, ITS (mid-rooted)"
pgloadind Processing tree @id "5720"
pgloadind   tree info number nodes 51
pgloadind   tree info number edges 50
pgloadind   tree info ingroup "node982232"
pgloadind   Setting ingroup root node.
pgloadind   Ingested tree number of external nodes 26
pgloadind   property added ot:studyPublicationReference "Eberhardt U. 2002. Molecular kinship analyses of the agaricoid Russulaceae: correspondence with mycorrhizal anatomy and sporocarp features in the genus Russula. Mycological Progress, 1(2): 201-223."
pgloadind   property added ot:studyPublication "http://dx.doi.org/10.1007/s11557-006-0019-6"
pgloadind   property added ot:curatorName "Romina Gazis"
pgloadind   property added ot:dataDeposit "http://purl.org/phylo/treebase/phylows/study/TB2:S840"
pgloadind   property added ot:studyId "877"
pgloadind   property added ot:studyYear "2002"
pgloadind   property added ot:focalClade "611411"
pgloadind   property added ot:focalCladeOTTTaxonName "Russula"
pgloadind   property added ot:inGroupClade "node982232"
pgloadind   property added ot:curatedType "ML, ITS (mid-rooted)"
loading a specific tree: 5506
skipping tree: 1690
skipping tree: 1691
skipping tree: 1692
skipping tree: 1694
skipping tree: 5719
skipping tree: 5720
pgloadind conducting TNRS on trees
pgloadind   name fixing on tree tree id "5506"
pgloadind   all nodes have ottIds
pgloadind     OTT ID reused in tree
pgloadind       duplicate name "Lactarius piperatus" nexsonid "node950084"
pgloadind       duplicate OTT ID 1065735
pgloadind     overlapping tips
pgloadind       overlapping retained name "Russula earlei" nexsonid "node950023"
pgloadind       overlapping pruned name "Russula" nexsonid "node950095"
pgloadind     overlapping tips
pgloadind       overlapping retained name "Lactarius helvus" nexsonid "node950031"
pgloadind       overlapping pruned name "Lactarius" nexsonid "node950046"
pgloadind     pruning dups and overlapping name "Russula" nexsonid "node950095"
pgloadind     pruning dups and overlapping name "Lactarius" nexsonid "node950046"
pgloadind     pruning dups and overlapping name "Lactarius piperatus" nexsonid "node950084"
pgloadind   postpruning newick tree "(Russula_earlei,(((((((Lactarius_helvus,Lactarius_pallidus),((((((Lactarius_subsericatus,Lactarius_sphagneti),Lactarius_badiosanguineus),Lactarius_subdulcis),Lactarius_blennius),(((((Lactarius_circellatus,Lactarius_uvidus),Lactarius_necator),((Lactarius_scrobiculatus,Lactarius_pubescens),Lactarius_torminosus)),Lactarius_spinosulus),((Lactarius_salmonicolor,Lactarius_quieticolor),(Lactarius_porninsis,Lactarius_deterrimus)))),Lactarius_lilacinus)),(Lactarius_tabidus,(Lactarius_camphoratus,Lactarius_corrugis))),Lactarius_lignyotus),(((Lactarius_fuliginosus,Lactarius_ruginosus),Lactarius_vellereus),(Lactarius_volemus,Lactarius_piperatus))),((Russula_nigricans,Russula_densifolia),(((((Russula_firmula,(Russula_caerulea,Russula_decolorans)),Russula_veternosa),Russula_rosea),(((((Russula_sardonia,Russula_fellea),Russula_queletii),((Russula_solaris,(Russula_nobilis,Russula_exalbicans)),((Russula_ochroleuca,Russula_atropurpurea),(Russula_olivacea,(Russula_cavipes,Russula_puellaris))))),Russula_raoultii),Russula_emetica)),(((Russula_compacta,(Russula_amoenolens,Russula_foetens)),(Russula_virescens,(Russula_vesca,Russula_heterophylla))),Russula_cyanoxantha)))),(Russula_delica,Russula_chloroides)))"
pgloadind   taxon mapping summary
pgloadind     taxon mapping OTT ID 1065742 taxonomy "Russula earlei->Russula->Russulaceae->Russulales->Agaricomycetes->Agaricomycotina->Basidiomycota->Dikarya->Fungi->Nucletmycea->Opisthokonta->Eukaryota->cellular organisms->life" nexsonid "node950023"
pgloadind     taxon mapping OTT ID 912861 taxonomy "Lactarius helvus->Lactarius->Russulaceae->Russulales->Agaricomycetes->Agaricomycotina->Basidiomycota->Dikarya->Fungi->Nucletmycea->Opisthokonta->Eukaryota->cellular organisms->life" nexsonid "node950031"
pgloadind     taxon mapping OTT ID 186672 taxonomy "Lactarius pallidus->Lactarius->Russulaceae->Russulales->Agaricomycetes->Agaricomycotina->Basidiomycota->Dikarya->Fungi->Nucletmycea->Opisthokonta->Eukaryota->cellular organisms->life" nexsonid "node950032"
pgloadind     taxon mapping OTT ID 561235 taxonomy "Lactarius subsericatus->Lactarius->Russulaceae->Russulales->Agaricomycetes->Agaricomycotina->Basidiomycota->Dikarya->Fungi->Nucletmycea->Opisthokonta->Eukaryota->cellular organisms->life" nexsonid "node950039"
pgloadind     taxon mapping OTT ID 186676 taxonomy "Lactarius sphagneti->Lactarius->Russulaceae->Russulales->Agaricomycetes->Agaricomycotina->Basidiomycota->Dikarya->Fungi->Nucletmycea->Opisthokonta->Eukaryota->cellular organisms->life" nexsonid "node950040"
pgloadind     taxon mapping OTT ID 912864 taxonomy "Lactarius badiosanguineus->Lactarius->Russulaceae->Russulales->Agaricomycetes->Agaricomycotina->Basidiomycota->Dikarya->Fungi->Nucletmycea->Opisthokonta->Eukaryota->cellular organisms->life" nexsonid "node950041"
pgloadind     taxon mapping OTT ID 389956 taxonomy "Lactarius subdulcis->Lactarius->Russulaceae->Russulales->Agaricomycetes->Agaricomycotina->Basidiomycota->Dikarya->Fungi->Nucletmycea->Opisthokonta->Eukaryota->cellular organisms->life" nexsonid "node950042"
pgloadind     taxon mapping OTT ID 912865 taxonomy "Lactarius blennius->Lactarius->Russulaceae->Russulales->Agaricomycetes->Agaricomycotina->Basidiomycota->Dikarya->Fungi->Nucletmycea->Opisthokonta->Eukaryota->cellular organisms->life" nexsonid "node950043"
pgloadind     taxon mapping OTT ID 912863 taxonomy "Lactarius circellatus->Lactarius->Russulaceae->Russulales->Agaricomycetes->Agaricomycotina->Basidiomycota->Dikarya->Fungi->Nucletmycea->Opisthokonta->Eukaryota->cellular organisms->life" nexsonid "node950058"
pgloadind     taxon mapping OTT ID 186662 taxonomy "Lactarius uvidus->Lactarius->Russulaceae->Russulales->Agaricomycetes->Agaricomycotina->Basidiomycota->Dikarya->Fungi->Nucletmycea->Opisthokonta->Eukaryota->cellular organisms->life" nexsonid "node950059"
pgloadind     taxon mapping OTT ID 186673 taxonomy "Lactarius necator->Lactarius->Russulaceae->Russulales->Agaricomycetes->Agaricomycotina->Basidiomycota->Dikarya->Fungi->Nucletmycea->Opisthokonta->Eukaryota->cellular organisms->life" nexsonid "node950060"
pgloadind     taxon mapping OTT ID 561237 taxonomy "Lactarius scrobiculatus->Lactarius->Russulaceae->Russulales->Agaricomycetes->Agaricomycotina->Basidiomycota->Dikarya->Fungi->Nucletmycea->Opisthokonta->Eukaryota->cellular organisms->life" nexsonid "node950063"
pgloadind     taxon mapping OTT ID 186669 taxonomy "Lactarius pubescens->Lactarius->Russulaceae->Russulales->Agaricomycetes->Agaricomycotina->Basidiomycota->Dikarya->Fungi->Nucletmycea->Opisthokonta->Eukaryota->cellular organisms->life" nexsonid "node950064"
pgloadind     taxon mapping OTT ID 748475 taxonomy "Lactarius torminosus->Lactarius->Russulaceae->Russulales->Agaricomycetes->Agaricomycotina->Basidiomycota->Dikarya->Fungi->Nucletmycea->Opisthokonta->Eukaryota->cellular organisms->life" nexsonid "node950065"
pgloadind     taxon mapping OTT ID 186675 taxonomy "Lactarius spinosulus->Lactarius->Russulaceae->Russulales->Agaricomycetes->Agaricomycotina->Basidiomycota->Dikarya->Fungi->Nucletmycea->Opisthokonta->Eukaryota->cellular organisms->life" nexsonid "node950066"
pgloadind     taxon mapping OTT ID 561236 taxonomy "Lactarius salmonicolor->Lactarius->Russulaceae->Russulales->Agaricomycetes->Agaricomycotina->Basidiomycota->Dikarya->Fungi->Nucletmycea->Opisthokonta->Eukaryota->cellular organisms->life" nexsonid "node950049"
pgloadind     taxon mapping OTT ID 40243 taxonomy "Lactarius quieticolor->Lactarius->Russulaceae->Russulales->Agaricomycetes->Agaricomycotina->Basidiomycota->Dikarya->Fungi->Nucletmycea->Opisthokonta->Eukaryota->cellular organisms->life" nexsonid "node950050"
pgloadind     taxon mapping OTT ID 186670 taxonomy "Lactarius porninsis->Lactarius->Russulaceae->Russulales->Agaricomycetes->Agaricomycotina->Basidiomycota->Dikarya->Fungi->Nucletmycea->Opisthokonta->Eukaryota->cellular organisms->life" nexsonid "node950052"
pgloadind     taxon mapping OTT ID 558125 taxonomy "Lactarius deterrimus->Lactarius->Russulaceae->Russulales->Agaricomycetes->Agaricomycotina->Basidiomycota->Dikarya->Fungi->Nucletmycea->Opisthokonta->Eukaryota->cellular organisms->life" nexsonid "node950053"
pgloadind     taxon mapping OTT ID 912859 taxonomy "Lactarius lilacinus->Lactarius->Russulaceae->Russulales->Agaricomycetes->Agaricomycotina->Basidiomycota->Dikarya->Fungi->Nucletmycea->Opisthokonta->Eukaryota->cellular organisms->life" nexsonid "node950067"
pgloadind     taxon mapping OTT ID 186674 taxonomy "Lactarius tabidus->Lactarius->Russulaceae->Russulales->Agaricomycetes->Agaricomycotina->Basidiomycota->Dikarya->Fungi->Nucletmycea->Opisthokonta->Eukaryota->cellular organisms->life" nexsonid "node950069"
pgloadind     taxon mapping OTT ID 912862 taxonomy "Lactarius camphoratus->Lactarius->Russulaceae->Russulales->Agaricomycetes->Agaricomycotina->Basidiomycota->Dikarya->Fungi->Nucletmycea->Opisthokonta->Eukaryota->cellular organisms->life" nexsonid "node950071"
pgloadind     taxon mapping OTT ID 959446 taxonomy "Lactarius corrugis->Lactarius->Russulaceae->Russulales->Agaricomycetes->Agaricomycotina->Basidiomycota->Dikarya->Fungi->Nucletmycea->Opisthokonta->Eukaryota->cellular organisms->life" nexsonid "node950072"
pgloadind     taxon mapping OTT ID 912858 taxonomy "Lactarius lignyotus->Lactarius->Russulaceae->Russulales->Agaricomycetes->Agaricomycotina->Basidiomycota->Dikarya->Fungi->Nucletmycea->Opisthokonta->Eukaryota->cellular organisms->life" nexsonid "node950073"
pgloadind     taxon mapping OTT ID 912860 taxonomy "Lactarius fuliginosus->Lactarius->Russulaceae->Russulales->Agaricomycetes->Agaricomycotina->Basidiomycota->Dikarya->Fungi->Nucletmycea->Opisthokonta->Eukaryota->cellular organisms->life" nexsonid "node950077"
pgloadind     taxon mapping OTT ID 271372 taxonomy "Lactarius ruginosus->Lactarius->Russulaceae->Russulales->Agaricomycetes->Agaricomycotina->Basidiomycota->Dikarya->Fungi->Nucletmycea->Opisthokonta->Eukaryota->cellular organisms->life" nexsonid "node950078"
pgloadind     taxon mapping OTT ID 760939 taxonomy "Lactarius vellereus->Lactarius->Russulaceae->Russulales->Agaricomycetes->Agaricomycotina->Basidiomycota->Dikarya->Fungi->Nucletmycea->Opisthokonta->Eukaryota->cellular organisms->life" nexsonid "node950079"
pgloadind     taxon mapping OTT ID 1065739 taxonomy "Lactarius volemus->Lactarius->Russulaceae->Russulales->Agaricomycetes->Agaricomycotina->Basidiomycota->Dikarya->Fungi->Nucletmycea->Opisthokonta->Eukaryota->cellular organisms->life" nexsonid "node950081"
pgloadind     taxon mapping OTT ID 1065735 taxonomy "Lactarius piperatus->Lactarius->Russulaceae->Russulales->Agaricomycetes->Agaricomycotina->Basidiomycota->Dikarya->Fungi->Nucletmycea->Opisthokonta->Eukaryota->cellular organisms->life" nexsonid "node950083"
pgloadind     taxon mapping OTT ID 237550 taxonomy "Russula nigricans->Russula->Russulaceae->Russulales->Agaricomycetes->Agaricomycotina->Basidiomycota->Dikarya->Fungi->Nucletmycea->Opisthokonta->Eukaryota->cellular organisms->life" nexsonid "node950087"
pgloadind     taxon mapping OTT ID 760938 taxonomy "Russula densifolia->Russula->Russulaceae->Russulales->Agaricomycetes->Agaricomycotina->Basidiomycota->Dikarya->Fungi->Nucletmycea->Opisthokonta->Eukaryota->cellular organisms->life" nexsonid "node950088"
pgloadind     taxon mapping OTT ID 237545 taxonomy "Russula firmula->Russula->Russulaceae->Russulales->Agaricomycetes->Agaricomycotina->Basidiomycota->Dikarya->Fungi->Nucletmycea->Opisthokonta->Eukaryota->cellular organisms->life" nexsonid "node950099"
pgloadind     taxon mapping OTT ID 760942 taxonomy "Russula caerulea->Russula->Russulaceae->Russulales->Agaricomycetes->Agaricomycotina->Basidiomycota->Dikarya->Fungi->Nucletmycea->Opisthokonta->Eukaryota->cellular organisms->life" nexsonid "node950097"
pgloadind     taxon mapping OTT ID 760937 taxonomy "Russula decolorans->Russula->Russulaceae->Russulales->Agaricomycetes->Agaricomycotina->Basidiomycota->Dikarya->Fungi->Nucletmycea->Opisthokonta->Eukaryota->cellular organisms->life" nexsonid "node950098"
pgloadind     taxon mapping OTT ID 812089 taxonomy "Russula veternosa->Russula->Russulaceae->Russulales->Agaricomycetes->Agaricomycotina->Basidiomycota->Dikarya->Fungi->Nucletmycea->Opisthokonta->Eukaryota->cellular organisms->life" nexsonid "node950100"
pgloadind     taxon mapping OTT ID 489992 taxonomy "Russula rosea->Russula->Russulaceae->Russulales->Agaricomycetes->Agaricomycotina->Basidiomycota->Dikarya->Fungi->Nucletmycea->Opisthokonta->Eukaryota->cellular organisms->life" nexsonid "node950101"
pgloadind     taxon mapping OTT ID 812090 taxonomy "Russula sardonia->Russula->Russulaceae->Russulales->Agaricomycetes->Agaricomycotina->Basidiomycota->Dikarya->Fungi->Nucletmycea->Opisthokonta->Eukaryota->cellular organisms->life" nexsonid "node950107"
pgloadind     taxon mapping OTT ID 237546 taxonomy "Russula fellea->Russula->Russulaceae->Russulales->Agaricomycetes->Agaricomycotina->Basidiomycota->Dikarya->Fungi->Nucletmycea->Opisthokonta->Eukaryota->cellular organisms->life" nexsonid "node950108"
pgloadind     taxon mapping OTT ID 237554 taxonomy "Russula queletii->Russula->Russulaceae->Russulales->Agaricomycetes->Agaricomycotina->Basidiomycota->Dikarya->Fungi->Nucletmycea->Opisthokonta->Eukaryota->cellular organisms->life" nexsonid "node950109"
pgloadind     taxon mapping OTT ID 812091 taxonomy "Russula solaris->Russula->Russulaceae->Russulales->Agaricomycetes->Agaricomycotina->Basidiomycota->Dikarya->Fungi->Nucletmycea->Opisthokonta->Eukaryota->cellular organisms->life" nexsonid "node950112"
pgloadind     taxon mapping OTT ID 5299312 taxonomy "Russula nobilis->Russula->Russulaceae->Russulales->Agaricomycetes->Agaricomycotina->Basidiomycota->Dikarya->Fungi->Nucletmycea->Opisthokonta->Eukaryota->cellular organisms->life" nexsonid "node950114"
pgloadind     taxon mapping OTT ID 760930 taxonomy "Russula exalbicans->Russula->Russulaceae->Russulales->Agaricomycetes->Agaricomycotina->Basidiomycota->Dikarya->Fungi->Nucletmycea->Opisthokonta->Eukaryota->cellular organisms->life" nexsonid "node950115"
pgloadind     taxon mapping OTT ID 237549 taxonomy "Russula ochroleuca->Russula->Russulaceae->Russulales->Agaricomycetes->Agaricomycotina->Basidiomycota->Dikarya->Fungi->Nucletmycea->Opisthokonta->Eukaryota->cellular organisms->life" nexsonid "node950118"
pgloadind     taxon mapping OTT ID 760941 taxonomy "Russula atropurpurea->Russula->Russulaceae->Russulales->Agaricomycetes->Agaricomycotina->Basidiomycota->Dikarya->Fungi->Nucletmycea->Opisthokonta->Eukaryota->cellular organisms->life" nexsonid "node950119"
pgloadind     taxon mapping OTT ID 237552 taxonomy "Russula olivacea->Russula->Russulaceae->Russulales->Agaricomycetes->Agaricomycotina->Basidiomycota->Dikarya->Fungi->Nucletmycea->Opisthokonta->Eukaryota->cellular organisms->life" nexsonid "node950121"
pgloadind     taxon mapping OTT ID 760935 taxonomy "Russula cavipes->Russula->Russulaceae->Russulales->Agaricomycetes->Agaricomycotina->Basidiomycota->Dikarya->Fungi->Nucletmycea->Opisthokonta->Eukaryota->cellular organisms->life" nexsonid "node950123"
pgloadind     taxon mapping OTT ID 237551 taxonomy "Russula puellaris->Russula->Russulaceae->Russulales->Agaricomycetes->Agaricomycotina->Basidiomycota->Dikarya->Fungi->Nucletmycea->Opisthokonta->Eukaryota->cellular organisms->life" nexsonid "node950124"
pgloadind     taxon mapping OTT ID 237553 taxonomy "Russula raoultii->Russula->Russulaceae->Russulales->Agaricomycetes->Agaricomycotina->Basidiomycota->Dikarya->Fungi->Nucletmycea->Opisthokonta->Eukaryota->cellular organisms->life" nexsonid "node950125"
pgloadind     taxon mapping OTT ID 760929 taxonomy "Russula emetica->Russula->Russulaceae->Russulales->Agaricomycetes->Agaricomycotina->Basidiomycota->Dikarya->Fungi->Nucletmycea->Opisthokonta->Eukaryota->cellular organisms->life" nexsonid "node950126"
pgloadind     taxon mapping OTT ID 943203 taxonomy "Russula compacta->Russula->Russulaceae->Russulales->Agaricomycetes->Agaricomycotina->Basidiomycota->Dikarya->Fungi->Nucletmycea->Opisthokonta->Eukaryota->cellular organisms->life" nexsonid "node950130"
pgloadind     taxon mapping OTT ID 760940 taxonomy "Russula amoenolens->Russula->Russulaceae->Russulales->Agaricomycetes->Agaricomycotina->Basidiomycota->Dikarya->Fungi->Nucletmycea->Opisthokonta->Eukaryota->cellular organisms->life" nexsonid "node950132"
pgloadind     taxon mapping OTT ID 41734 taxonomy "Russula foetens->Russula->Russulaceae->Russulales->Agaricomycetes->Agaricomycotina->Basidiomycota->Dikarya->Fungi->Nucletmycea->Opisthokonta->Eukaryota->cellular organisms->life" nexsonid "node950133"
pgloadind     taxon mapping OTT ID 874949 taxonomy "Russula virescens->Russula->Russulaceae->Russulales->Agaricomycetes->Agaricomycotina->Basidiomycota->Dikarya->Fungi->Nucletmycea->Opisthokonta->Eukaryota->cellular organisms->life" nexsonid "node950135"
pgloadind     taxon mapping OTT ID 812088 taxonomy "Russula vesca->Russula->Russulaceae->Russulales->Agaricomycetes->Agaricomycotina->Basidiomycota->Dikarya->Fungi->Nucletmycea->Opisthokonta->Eukaryota->cellular organisms->life" nexsonid "node950137"
pgloadind     taxon mapping OTT ID 237548 taxonomy "Russula heterophylla->Russula->Russulaceae->Russulales->Agaricomycetes->Agaricomycotina->Basidiomycota->Dikarya->Fungi->Nucletmycea->Opisthokonta->Eukaryota->cellular organisms->life" nexsonid "node950138"
pgloadind     taxon mapping OTT ID 611410 taxonomy "Russula cyanoxantha->Russula->Russulaceae->Russulales->Agaricomycetes->Agaricomycotina->Basidiomycota->Dikarya->Fungi->Nucletmycea->Opisthokonta->Eukaryota->cellular organisms->life" nexsonid "node950139"
pgloadind     taxon mapping OTT ID 82940 taxonomy "Russula delica->Russula->Russulaceae->Russulales->Agaricomycetes->Agaricomycotina->Basidiomycota->Dikarya->Fungi->Nucletmycea->Opisthokonta->Eukaryota->cellular organisms->life" nexsonid "node950141"
pgloadind     taxon mapping OTT ID 760936 taxonomy "Russula chloroides->Russula->Russulaceae->Russulales->Agaricomycetes->Agaricomycotina->Basidiomycota->Dikarya->Fungi->Nucletmycea->Opisthokonta->Eukaryota->cellular organisms->life" nexsonid "node950142"
done fixing name
pgloadind Finished with attempts to fix names
pgloadind   Checking for uniqueness of OTT IDs tree id "5506"
pgloadind   Adding tree to graph tree id "5506"
all trees have all taxa: false
	using bipartition technique
attempting to remap tips to deepest exemplified taxa
this is the ROOT
placing root in index
Dealing with metadata property: id
Dealing with metadata property: ot:studyPublicationReference
Adding property 'ot:studyPublicationReference': Eberhardt U. 2002. Molecular kinship analyses of the agaricoid Russulaceae: correspondence with mycorrhizal anatomy and sporocarp features in the genus Russula. Mycological Progress, 1(2): 201-223.
Dealing with metadata property: ot:focalCladeOTTTaxonName
Adding property 'ot:focalCladeOTTTaxonName': Russula
Dealing with metadata property: ot:studyYear
Adding property 'ot:studyYear': 2002
Dealing with metadata property: ot:inGroupClade
Adding property 'ot:inGroupClade': node950022
Dealing with metadata property: ot:tag
Adding property 'ot:tag': Choose me
Dealing with metadata property: ot:curatorName
Adding property 'ot:curatorName': Romina Gazis
Dealing with metadata property: ot:studyPublication
Adding property 'ot:studyPublication': http://dx.doi.org/10.1007/s11557-006-0019-6
Dealing with metadata property: ot:focalClade
Adding property 'ot:focalClade': 611411
Dealing with metadata property: ot:curatedType
Adding property 'ot:curatedType': ML, LSU (rooted)
Dealing with metadata property: ot:studyId
Adding property 'ot:studyId': 877
Dealing with metadata property: ot:dataDeposit
Adding property 'ot:dataDeposit': http://purl.org/phylo/treebase/phylows/study/TB2:S840
Committing nodes: 115
